0.13, [DEBUG], logger, ROBOTS_CONFIG={'avg_speed': 0.15, 'battery_charge': 0.634952869577942, 'battery_discharge_rate': 0.00026000000000000003, 'id': 2, 'local_plan': [['navigation', ['IC Room 2', [[-19.0, 18.0, -1.57], [-19.0, 16.0], [-37.0, 16.0], [-37.0, 21.5], [-38.0, 21.5, 0.0]]], 'navto_room'], ['approach_person', ['nurse'], 'approach_nurse'], ['authenticate_person', ['nurse'], 'authenticate_nurse'], ['operate_drawer', ['open'], 'open_drawer_for_nurse'], ['send_message', ['nurse'], 'notify_nurse_of_open_drawer_for_nurse_completed'], ['wait_message', ['nurse'], 'wait_nurse_to_complete_deposit'], ['operate_drawer', ['close'], 'close_drawer_nurse'], ['navigation', ['Laboratory', [[-38.0, 21.5, 0.0], [-37.0, 21.5], [-37.0, 16.0], [-26.0, 16.0], [-26.0, 13.0, 1.57]]], 'navto_lab'], ['approach_robot', ['lab_arm'], 'approach_arm'], ['operate_drawer', ['open'], 'open_drawer_lab'], ['send_message', ['lab_arm'], 'notify_lab_arm_of_open_drawer_lab_completed'], ['wait_message', ['lab_arm'], 'wait_lab_arm_to_complete_pick_up_sample'], ['operate_drawer', ['close'], 'close_drawer_lab']], 'location': 'PC Room 6', 'name': 'r2', 'position': [-19.0, 18.0, -1.57], 'skills': ['approach_person', 'approach_robot', 'authenticate_person', 'navigation', 'operate_drawer']}, None, None
0.13, [DEBUG], logger, Simulation open, None, None
10.05, [INFO], robot2, {'y': 17.672, 'x': -19.102, 'yaw': -3.142}, None, None
10.05, [INFO], robot2, {'battery-level': '63.26'}, None, None
20.10, [INFO], robot2, {'y': 16.135, 'x': -20.13, 'yaw': 3.141}, None, None
20.10, [INFO], robot2, {'battery-level': '63.00'}, None, None
30.04, [INFO], robot2, {'y': 16.202, 'x': -22.223, 'yaw': 3.142}, None, None
30.04, [INFO], robot2, {'battery-level': '62.74'}, None, None
40.06, [INFO], robot2, {'y': 16.137, 'x': -24.335, 'yaw': 3.141}, None, None
40.06, [INFO], robot2, {'battery-level': '62.48'}, None, None
50.01, [INFO], robot2, {'y': 16.088, 'x': -26.428, 'yaw': -3.142}, None, None
50.01, [INFO], robot2, {'battery-level': '62.22'}, None, None
60.01, [INFO], robot2, {'battery-level': '61.96'}, None, None
60.01, [INFO], robot2, {'y': 16.184, 'x': -28.545, 'yaw': 3.142}, None, None
70.04, [INFO], robot2, {'battery-level': '61.70'}, None, None
70.04, [INFO], robot2, {'y': 16.162, 'x': -30.657, 'yaw': 3.142}, None, None
80.03, [INFO], robot2, {'battery-level': '61.44'}, None, None
80.03, [INFO], robot2, {'y': 15.857, 'x': -32.764, 'yaw': -3.142}, None, None
90.06, [INFO], robot2, {'battery-level': '61.18'}, None, None
90.06, [INFO], robot2, {'y': 15.361, 'x': -34.853, 'yaw': 3.142}, None, None
99.97, [INFO], robot2, {'y': 16.072, 'x': -36.668, 'yaw': -3.142}, None, None
100.07, [INFO], robot2, {'battery-level': '60.92'}, None, None
110.08, [INFO], robot2, {'battery-level': '60.66'}, None, None
110.08, [INFO], robot2, {'y': 18.177, 'x': -36.647, 'yaw': -3.142}, None, None
120.05, [INFO], robot2, {'battery-level': '60.40'}, None, None
120.05, [INFO], robot2, {'y': 20.288, 'x': -36.808, 'yaw': -3.142}, None, None
130.05, [INFO], robot2, {'y': 21.517, 'x': -37.945, 'yaw': 3.137}, None, None
130.05, [INFO], robot2, {'battery-level': '60.14'}, None, None
139.79, [info], nurse, sync, received-request, (status=sending-request)
139.79, [info], nurse, sync, request-sent, (status=waiting)
139.89, [info], nurse, sync, wait-message, (status=message-received)
140.08, [INFO], robot2, {'battery-level': '59.88'}, None, None
140.08, [INFO], robot2, {'y': 21.426, 'x': -38.145, 'yaw': -3.141}, None, None
150.04, [INFO], robot2, {'y': 20.259, 'x': -37.19, 'yaw': 3.141}, None, None
150.04, [INFO], robot2, {'battery-level': '59.62'}, None, None
160.01, [INFO], robot2, {'battery-level': '59.36'}, None, None
160.01, [INFO], robot2, {'y': 18.144, 'x': -37.153, 'yaw': 3.14}, None, None
170.09, [INFO], robot2, {'y': 16.024, 'x': -36.94, 'yaw': 3.141}, None, None
170.09, [INFO], robot2, {'battery-level': '59.10'}, None, None
180.01, [INFO], robot2, {'y': 15.445, 'x': -34.94, 'yaw': -3.142}, None, None
180.01, [INFO], robot2, {'battery-level': '58.84'}, None, None
189.93, [INFO], robot2, {'battery-level': '58.58'}, None, None
189.93, [INFO], robot2, {'y': 15.508, 'x': -32.829, 'yaw': -3.139}, None, None
200.08, [INFO], robot2, {'y': 15.562, 'x': -30.709, 'yaw': -3.142}, None, None
200.08, [INFO], robot2, {'battery-level': '58.32'}, None, None
210.09, [INFO], robot2, {'battery-level': '58.06'}, None, None
210.09, [INFO], robot2, {'y': 15.713, 'x': -28.596, 'yaw': 3.14}, None, None
220.03, [INFO], robot2, {'battery-level': '57.80'}, None, None
220.03, [INFO], robot2, {'y': 15.797, 'x': -26.495, 'yaw': 3.141}, None, None
230.04, [INFO], robot2, {'battery-level': '57.54'}, None, None
230.04, [INFO], robot2, {'y': 13.951, 'x': -25.754, 'yaw': 3.141}, None, None
240.07, [INFO], robot2, {'y': 12.864, 'x': -25.968, 'yaw': 3.142}, None, None
240.07, [INFO], robot2, {'battery-level': '57.28'}, None, None
246.12, [info], lab_arm, sync, wait-message, (status=message-received)
247.11, [WARN], robot2, SUCCESS, None, None
250.05, [INFO], robot2, {'battery-level': '57.02'}, None, None
250.05, [INFO], robot2, {'y': 12.862, 'x': -25.966, 'yaw': 3.142}, None, None
260.05, [INFO], robot2, {'battery-level': '56.76'}, None, None
260.05, [INFO], robot2, {'y': 12.862, 'x': -25.966, 'yaw': -3.142}, None, None
