0.00, [INFO], robot2, {'battery-level': '63.50'}, None, None
0.00, [DEBUG], logger, ROBOTS_CONFIG={'avg_speed': 0.15, 'battery_charge': 0.634952869577942, 'battery_discharge_rate': 0.00026000000000000003, 'id': 2, 'local_plan': [['navigation', ['IC Room 2', [[-19.0, 18.0, -1.57], [-19.0, 16.0], [-37.0, 16.0], [-37.0, 21.5], [-38.0, 21.5, 0.0]]], 'navto_room'], ['approach_person', ['nurse'], 'approach_nurse'], ['authenticate_person', ['nurse'], 'authenticate_nurse'], ['operate_drawer', ['open'], 'open_drawer_for_nurse'], ['send_message', ['nurse'], 'notify_nurse_of_open_drawer_for_nurse_completed'], ['wait_message', ['nurse'], 'wait_nurse_to_complete_deposit'], ['operate_drawer', ['close'], 'close_drawer_nurse'], ['navigation', ['Laboratory', [[-38.0, 21.5, 0.0], [-37.0, 21.5], [-37.0, 16.0], [-26.0, 16.0], [-26.0, 13.0, 1.57]]], 'navto_lab'], ['approach_robot', ['lab_arm'], 'approach_arm'], ['operate_drawer', ['open'], 'open_drawer_lab'], ['send_message', ['lab_arm'], 'notify_lab_arm_of_open_drawer_lab_completed'], ['wait_message', ['lab_arm'], 'wait_lab_arm_to_complete_pick_up_sample'], ['operate_drawer', ['close'], 'close_drawer_lab']], 'location': 'PC Room 6', 'name': 'r2', 'position': [-19.0, 18.0, -1.57], 'skills': ['approach_person', 'approach_robot', 'authenticate_person', 'navigation', 'operate_drawer']}, None, None
0.00, [DEBUG], logger, Simulation open, None, None
10.10, [INFO], robot2, {'y': 17.516, 'x': -19.176, 'yaw': -3.141}, None, None
10.10, [INFO], robot2, {'battery-level': '63.26'}, None, None
20.05, [INFO], robot2, {'y': 16.145, 'x': -20.224, 'yaw': -3.141}, None, None
20.05, [INFO], robot2, {'battery-level': '63.00'}, None, None
30.04, [INFO], robot2, {'battery-level': '62.74'}, None, None
30.04, [INFO], robot2, {'y': 16.113, 'x': -22.33, 'yaw': -3.142}, None, None
40.05, [INFO], robot2, {'battery-level': '62.48'}, None, None
40.05, [INFO], robot2, {'y': 16.049, 'x': -24.441, 'yaw': 3.141}, None, None
50.02, [INFO], robot2, {'battery-level': '62.22'}, None, None
50.02, [INFO], robot2, {'y': 16.034, 'x': -26.552, 'yaw': -3.141}, None, None
60.09, [INFO], robot2, {'y': 16.091, 'x': -28.67, 'yaw': -3.142}, None, None
60.09, [INFO], robot2, {'battery-level': '61.96'}, None, None
70.03, [INFO], robot2, {'y': 16.024, 'x': -30.766, 'yaw': -3.142}, None, None
70.03, [INFO], robot2, {'battery-level': '61.70'}, None, None
80.04, [INFO], robot2, {'y': 15.752, 'x': -32.886, 'yaw': 3.142}, None, None
80.04, [INFO], robot2, {'battery-level': '61.44'}, None, None
90.01, [INFO], robot2, {'y': 15.368, 'x': -34.974, 'yaw': -3.141}, None, None
90.01, [INFO], robot2, {'battery-level': '61.18'}, None, None
100.08, [INFO], robot2, {'y': 16.242, 'x': -36.621, 'yaw': -3.142}, None, None
100.08, [INFO], robot2, {'battery-level': '60.92'}, None, None
110.06, [INFO], robot2, {'y': 18.342, 'x': -36.642, 'yaw': -3.142}, None, None
110.06, [INFO], robot2, {'battery-level': '60.66'}, None, None
120.02, [INFO], robot2, {'y': 20.449, 'x': -36.873, 'yaw': 3.142}, None, None
120.02, [INFO], robot2, {'battery-level': '60.40'}, None, None
130.10, [INFO], robot2, {'battery-level': '60.14'}, None, None
130.10, [INFO], robot2, {'y': 21.528, 'x': -38.022, 'yaw': 3.14}, None, None
137.89, [info], nurse, sync, received-request, (status=sending-request)
137.89, [info], nurse, sync, request-sent, (status=waiting)
137.89, [info], nurse, sync, wait-message, (status=message-received)
140.05, [INFO], robot2, {'battery-level': '59.88'}, None, None
140.05, [INFO], robot2, {'y': 21.443, 'x': -37.911, 'yaw': 3.141}, None, None
150.02, [INFO], robot2, {'battery-level': '59.62'}, None, None
150.02, [INFO], robot2, {'y': 19.861, 'x': -37.147, 'yaw': 3.141}, None, None
160.02, [INFO], robot2, {'battery-level': '59.36'}, None, None
160.02, [INFO], robot2, {'y': 17.759, 'x': -37.069, 'yaw': 3.141}, None, None
170.07, [INFO], robot2, {'battery-level': '59.10'}, None, None
170.07, [INFO], robot2, {'y': 15.833, 'x': -36.6, 'yaw': 3.14}, None, None
180.07, [INFO], robot2, {'y': 15.42, 'x': -34.508, 'yaw': -3.141}, None, None
180.07, [INFO], robot2, {'battery-level': '58.84'}, None, None
190.01, [INFO], robot2, {'battery-level': '58.58'}, None, None
190.01, [INFO], robot2, {'y': 15.489, 'x': -32.393, 'yaw': 3.142}, None, None
200.05, [INFO], robot2, {'battery-level': '58.32'}, None, None
200.05, [INFO], robot2, {'y': 15.557, 'x': -30.28, 'yaw': -3.141}, None, None
210.03, [INFO], robot2, {'y': 15.719, 'x': -28.172, 'yaw': -3.142}, None, None
210.03, [INFO], robot2, {'battery-level': '58.06'}, None, None
220.05, [INFO], robot2, {'y': 15.603, 'x': -26.082, 'yaw': -3.142}, None, None
220.05, [INFO], robot2, {'battery-level': '57.80'}, None, None
230.00, [INFO], robot2, {'battery-level': '57.54'}, None, None
230.00, [INFO], robot2, {'y': 13.542, 'x': -25.719, 'yaw': 3.142}, None, None
240.08, [INFO], robot2, {'battery-level': '57.28'}, None, None
240.08, [INFO], robot2, {'y': 12.906, 'x': -25.952, 'yaw': -3.142}, None, None
247.30, [info], lab_arm, sync, wait-message, (status=message-received)
248.28, [WARN], robot2, SUCCESS, None, None
250.05, [INFO], robot2, {'y': 12.881, 'x': -26.004, 'yaw': -3.142}, None, None
250.05, [INFO], robot2, {'battery-level': '57.02'}, None, None
260.03, [INFO], robot2, {'battery-level': '56.76'}, None, None
260.03, [INFO], robot2, {'y': 12.879, 'x': -26.005, 'yaw': -3.142}, None, None
