0.18, [DEBUG], logger, ROBOTS_CONFIG={'avg_speed': 0.15, 'battery_charge': 0.23995139509475963, 'battery_discharge_rate': 0.0006600000000000001, 'id': 1, 'local_plan': [['navigation', ['PC Room 3', [[-39.44, 33.95, 0.0], [-37.0, 33.95], [-37.0, 16.0], [-28.5, 16.0], [-28.5, 18.0, -1.57]]], 'navto_room'], ['approach_person', ['nurse'], 'approach_nurse'], ['authenticate_person', ['nurse'], 'authenticate_nurse'], ['operate_drawer', ['open'], 'open_drawer_for_nurse'], ['send_message', ['nurse'], 'notify_nurse_of_open_drawer_for_nurse_completed'], ['wait_message', ['nurse'], 'wait_nurse_to_complete_deposit'], ['operate_drawer', ['close'], 'close_drawer_nurse'], ['navigation', ['Laboratory', [[-28.5, 18.0, -1.57], [-28.5, 16.0], [-26.0, 16.0], [-26.0, 13.0, 1.57]]], 'navto_lab'], ['approach_robot', ['lab_arm'], 'approach_arm'], ['operate_drawer', ['open'], 'open_drawer_lab'], ['send_message', ['lab_arm'], 'notify_lab_arm_of_open_drawer_lab_completed'], ['wait_message', ['lab_arm'], 'wait_lab_arm_to_complete_pick_up_sample'], ['operate_drawer', ['close'], 'close_drawer_lab']], 'location': 'IC Room 4', 'name': 'r1', 'position': [-39.44, 33.95, 0.0], 'skills': ['approach_person', 'approach_robot', 'navigation', 'operate_drawer']}, None, None
0.18, [DEBUG], logger, Simulation open, None, None
10.03, [INFO], robot1, {'battery-level': '23.40'}, None, None
10.03, [INFO], robot1, {'y': 33.95, 'x': -39.44, 'yaw': -3.142}, None, None
20.05, [INFO], robot1, {'y': 34.37, 'x': -38.545, 'yaw': 3.141}, None, None
20.05, [INFO], robot1, {'battery-level': '22.74'}, None, None
30.02, [INFO], robot1, {'battery-level': '22.08'}, None, None
30.02, [INFO], robot1, {'y': 33.666, 'x': -37.022, 'yaw': -3.142}, None, None
40.06, [INFO], robot1, {'battery-level': '21.42'}, None, None
40.06, [INFO], robot1, {'y': 31.546, 'x': -37.022, 'yaw': -3.142}, None, None
50.00, [INFO], robot1, {'battery-level': '20.76'}, None, None
50.00, [INFO], robot1, {'y': 29.455, 'x': -37.048, 'yaw': 3.141}, None, None
60.05, [INFO], robot1, {'battery-level': '20.10'}, None, None
60.05, [INFO], robot1, {'y': 27.327, 'x': -36.987, 'yaw': 3.141}, None, None
70.05, [INFO], robot1, {'y': 25.216, 'x': -36.995, 'yaw': 3.142}, None, None
70.05, [INFO], robot1, {'battery-level': '19.44'}, None, None
80.09, [INFO], robot1, {'y': 23.086, 'x': -37.033, 'yaw': 3.141}, None, None
80.09, [INFO], robot1, {'battery-level': '18.78'}, None, None
90.06, [INFO], robot1, {'battery-level': '18.12'}, None, None
90.06, [INFO], robot1, {'y': 20.98, 'x': -37.151, 'yaw': 3.141}, None, None
100.00, [INFO], robot1, {'y': 18.879, 'x': -37.1, 'yaw': -3.142}, None, None
100.00, [INFO], robot1, {'battery-level': '17.46'}, None, None
110.02, [INFO], robot1, {'y': 16.746, 'x': -37.062, 'yaw': 3.141}, None, None
110.02, [INFO], robot1, {'battery-level': '16.80'}, None, None
120.02, [INFO], robot1, {'battery-level': '16.14'}, None, None
120.02, [INFO], robot1, {'y': 15.66, 'x': -35.633, 'yaw': -3.142}, None, None
130.01, [INFO], robot1, {'battery-level': '15.48'}, None, None
130.01, [INFO], robot1, {'y': 15.396, 'x': -33.54, 'yaw': -3.141}, None, None
140.02, [INFO], robot1, {'y': 15.493, 'x': -31.414, 'yaw': -3.142}, None, None
140.02, [INFO], robot1, {'battery-level': '14.82'}, None, None
150.03, [INFO], robot1, {'battery-level': '14.16'}, None, None
150.03, [INFO], robot1, {'y': 15.736, 'x': -29.313, 'yaw': 3.142}, None, None
160.09, [INFO], robot1, {'battery-level': '13.50'}, None, None
160.09, [INFO], robot1, {'y': 17.457, 'x': -28.617, 'yaw': -3.141}, None, None
170.02, [INFO], robot1, {'battery-level': '12.84'}, None, None
170.02, [INFO], robot1, {'y': 17.986, 'x': -28.618, 'yaw': -3.141}, None, None
173.46, [WARN], robot1, NO-SKILL, authenticate_person, authenticate_nurse
