0.00, [DEBUG], logger, ROBOTS_CONFIG={'avg_speed': 0.15, 'battery_charge': 0.5408465660492595, 'battery_discharge_rate': 0.00038, 'id': 6, 'local_plan': [['navigation', ['IC Room 6', [[-32.88, 33.98, 3.14], [-37.0, 33.98], [-37.0, 18.93], [-33.9, 18.93, 3.14]]], 'navto_room'], ['approach_person', ['nurse'], 'approach_nurse'], ['authenticate_person', ['nurse'], 'authenticate_nurse'], ['operate_drawer', ['open'], 'open_drawer_for_nurse'], ['send_message', ['nurse'], 'notify_nurse_of_open_drawer_for_nurse_completed'], ['wait_message', ['nurse'], 'wait_nurse_to_complete_deposit'], ['operate_drawer', ['close'], 'close_drawer_nurse'], ['navigation', ['Laboratory', [[-33.9, 18.93, 3.14], [-37.0, 18.93], [-37.0, 16.0], [-26.0, 16.0], [-26.0, 13.0, 1.57]]], 'navto_lab'], ['approach_robot', ['lab_arm'], 'approach_arm'], ['operate_drawer', ['open'], 'open_drawer_lab'], ['send_message', ['lab_arm'], 'notify_lab_arm_of_open_drawer_lab_completed'], ['wait_message', ['lab_arm'], 'wait_lab_arm_to_complete_pick_up_sample'], ['operate_drawer', ['close'], 'close_drawer_lab']], 'location': 'IC Room 5', 'name': 'r6', 'position': [-32.88, 33.98, 3.14], 'skills': ['approach_person', 'approach_robot', 'authenticate_person', 'navigation', 'operate_drawer']}, None, None
0.00, [DEBUG], logger, Simulation open, None, None
10.05, [INFO], robot6, {'battery-level': '53.74'}, None, None
10.05, [INFO], robot6, {'y': 33.982, 'x': -32.881, 'yaw': -3.142}, None, None
20.01, [INFO], robot6, {'y': 34.557, 'x': -34.638, 'yaw': 3.141}, None, None
20.01, [INFO], robot6, {'battery-level': '53.36'}, None, None
30.04, [INFO], robot6, {'y': 34.198, 'x': -36.676, 'yaw': 3.139}, None, None
30.04, [INFO], robot6, {'battery-level': '52.98'}, None, None
40.04, [INFO], robot6, {'battery-level': '52.60'}, None, None
40.04, [INFO], robot6, {'y': 32.167, 'x': -36.872, 'yaw': -3.142}, None, None
50.09, [INFO], robot6, {'y': 30.054, 'x': -36.895, 'yaw': -3.142}, None, None
50.09, [INFO], robot6, {'battery-level': '52.22'}, None, None
60.04, [INFO], robot6, {'y': 27.958, 'x': -36.95, 'yaw': -3.141}, None, None
60.04, [INFO], robot6, {'battery-level': '51.84'}, None, None
70.05, [INFO], robot6, {'y': 25.845, 'x': -36.98, 'yaw': 3.142}, None, None
70.05, [INFO], robot6, {'battery-level': '51.46'}, None, None
80.09, [INFO], robot6, {'y': 23.73, 'x': -36.992, 'yaw': -3.142}, None, None
80.09, [INFO], robot6, {'battery-level': '51.08'}, None, None
90.07, [INFO], robot6, {'battery-level': '50.70'}, None, None
90.07, [INFO], robot6, {'y': 21.619, 'x': -37.132, 'yaw': 3.141}, None, None
100.02, [INFO], robot6, {'battery-level': '50.32'}, None, None
100.02, [INFO], robot6, {'y': 19.515, 'x': -37.059, 'yaw': -3.142}, None, None
110.07, [INFO], robot6, {'battery-level': '49.94'}, None, None
110.07, [INFO], robot6, {'y': 17.85, 'x': -35.822, 'yaw': 3.14}, None, None
120.05, [INFO], robot6, {'battery-level': '49.56'}, None, None
120.05, [INFO], robot6, {'y': 18.654, 'x': -34.127, 'yaw': -3.142}, None, None
129.43, [info], nurse, sync, received-request, (status=sending-request)
129.43, [info], nurse, sync, request-sent, (status=waiting)
129.43, [info], nurse, sync, wait-message, (status=message-received)
130.01, [INFO], robot6, {'battery-level': '49.18'}, None, None
130.01, [INFO], robot6, {'y': 18.994, 'x': -33.93, 'yaw': 3.14}, None, None
140.01, [INFO], robot6, {'y': 17.775, 'x': -35.286, 'yaw': -3.139}, None, None
140.01, [INFO], robot6, {'battery-level': '48.80'}, None, None
150.08, [INFO], robot6, {'y': 18.021, 'x': -36.219, 'yaw': -3.142}, None, None
150.08, [INFO], robot6, {'battery-level': '48.42'}, None, None
160.03, [INFO], robot6, {'y': 17.477, 'x': -37.048, 'yaw': -3.142}, None, None
160.03, [INFO], robot6, {'battery-level': '48.04'}, None, None
170.04, [INFO], robot6, {'y': 17.294, 'x': -36.947, 'yaw': -3.141}, None, None
170.04, [INFO], robot6, {'battery-level': '47.66'}, None, None
180.07, [INFO], robot6, {'battery-level': '47.28'}, None, None
180.07, [INFO], robot6, {'y': 17.324, 'x': -36.844, 'yaw': -3.141}, None, None
190.04, [INFO], robot6, {'battery-level': '46.90'}, None, None
190.04, [INFO], robot6, {'y': 17.436, 'x': -36.728, 'yaw': 3.142}, None, None
200.08, [INFO], robot6, {'y': 17.354, 'x': -37.241, 'yaw': -3.142}, None, None
200.08, [INFO], robot6, {'battery-level': '46.52'}, None, None
210.09, [INFO], robot6, {'y': 17.336, 'x': -36.76, 'yaw': 3.14}, None, None
210.09, [INFO], robot6, {'battery-level': '46.14'}, None, None
220.06, [INFO], robot6, {'battery-level': '45.76'}, None, None
220.06, [INFO], robot6, {'y': 17.412, 'x': -36.897, 'yaw': 3.14}, None, None
230.01, [INFO], robot6, {'y': 17.263, 'x': -37.106, 'yaw': -3.142}, None, None
230.01, [INFO], robot6, {'battery-level': '45.38'}, None, None
240.04, [INFO], robot6, {'battery-level': '45.00'}, None, None
240.04, [INFO], robot6, {'y': 17.464, 'x': -36.904, 'yaw': -3.141}, None, None
250.01, [INFO], robot6, {'battery-level': '44.62'}, None, None
250.01, [INFO], robot6, {'y': 17.372, 'x': -36.951, 'yaw': 3.142}, None, None
260.05, [INFO], robot6, {'battery-level': '44.24'}, None, None
260.05, [INFO], robot6, {'y': 17.226, 'x': -37.121, 'yaw': 3.142}, None, None
270.08, [INFO], robot6, {'battery-level': '43.86'}, None, None
270.08, [INFO], robot6, {'y': 17.41, 'x': -36.957, 'yaw': 3.141}, None, None
280.05, [INFO], robot6, {'battery-level': '43.48'}, None, None
280.05, [INFO], robot6, {'y': 17.403, 'x': -37.026, 'yaw': -3.142}, None, None
290.04, [INFO], robot6, {'battery-level': '43.10'}, None, None
290.04, [INFO], robot6, {'y': 17.361, 'x': -36.869, 'yaw': -3.141}, None, None
299.98, [INFO], robot6, {'battery-level': '42.72'}, None, None
299.98, [INFO], robot6, {'y': 17.265, 'x': -36.844, 'yaw': -3.142}, None, None
310.00, [INFO], robot6, {'y': 17.443, 'x': -37.015, 'yaw': 3.141}, None, None
310.00, [INFO], robot6, {'battery-level': '42.34'}, None, None
320.04, [INFO], robot6, {'y': 17.207, 'x': -37.04, 'yaw': 3.141}, None, None
320.04, [INFO], robot6, {'battery-level': '41.96'}, None, None
330.08, [INFO], robot6, {'y': 17.474, 'x': -36.855, 'yaw': -3.141}, None, None
330.08, [INFO], robot6, {'battery-level': '41.58'}, None, None
330.08, [WARN], robot6, SKILL-FAILURE, navigation, navto_lab
340.05, [INFO], robot6, {'battery-level': '41.20'}, None, None
340.05, [INFO], robot6, {'y': 17.473, 'x': -36.854, 'yaw': -3.142}, None, None
