0.00, [INFO], robot5, {'battery-level': '71.80'}, None, None
0.19, [DEBUG], logger, ROBOTS_CONFIG={'avg_speed': 0.15, 'battery_charge': 0.7179616530181877, 'battery_discharge_rate': 0.00076, 'id': 5, 'local_plan': [['navigation', ['IC Room 6', [[-13.5, 18.0, -1.57], [-13.5, 16.0], [-37.0, 16.0], [-37.0, 18.93], [-33.9, 18.93, 3.14]]], 'navto_room'], ['approach_person', ['nurse'], 'approach_nurse'], ['authenticate_person', ['nurse'], 'authenticate_nurse'], ['operate_drawer', ['open'], 'open_drawer_for_nurse'], ['send_message', ['nurse'], 'notify_nurse_of_open_drawer_for_nurse_completed'], ['wait_message', ['nurse'], 'wait_nurse_to_complete_deposit'], ['operate_drawer', ['close'], 'close_drawer_nurse'], ['navigation', ['Laboratory', [[-33.9, 18.93, 3.14], [-37.0, 18.93], [-37.0, 16.0], [-26.0, 16.0], [-26.0, 13.0, 1.57]]], 'navto_lab'], ['approach_robot', ['lab_arm'], 'approach_arm'], ['operate_drawer', ['open'], 'open_drawer_lab'], ['send_message', ['lab_arm'], 'notify_lab_arm_of_open_drawer_lab_completed'], ['wait_message', ['lab_arm'], 'wait_lab_arm_to_complete_pick_up_sample'], ['operate_drawer', ['close'], 'close_drawer_lab']], 'location': 'PC Room 7', 'name': 'r5', 'position': [-13.5, 18.0, -1.57], 'skills': ['approach_person', 'approach_robot', 'authenticate_person', 'navigation', 'operate_drawer']}, None, None
0.19, [DEBUG], logger, Simulation open, None, None
10.05, [INFO], robot5, {'y': 17.159, 'x': -13.506, 'yaw': -3.138}, None, None
10.05, [INFO], robot5, {'battery-level': '71.11'}, None, None
20.10, [INFO], robot5, {'battery-level': '70.35'}, None, None
20.10, [INFO], robot5, {'y': 16.011, 'x': -14.712, 'yaw': -3.141}, None, None
30.06, [INFO], robot5, {'y': 15.924, 'x': -16.814, 'yaw': 3.141}, None, None
30.06, [INFO], robot5, {'battery-level': '69.59'}, None, None
40.05, [INFO], robot5, {'y': 16.064, 'x': -18.906, 'yaw': -3.141}, None, None
40.05, [INFO], robot5, {'battery-level': '68.83'}, None, None
50.02, [INFO], robot5, {'battery-level': '68.07'}, None, None
50.02, [INFO], robot5, {'y': 16.206, 'x': -21.008, 'yaw': 3.141}, None, None
60.09, [INFO], robot5, {'battery-level': '67.31'}, None, None
60.09, [INFO], robot5, {'y': 16.155, 'x': -23.12, 'yaw': -3.142}, None, None
70.07, [INFO], robot5, {'battery-level': '66.55'}, None, None
70.07, [INFO], robot5, {'y': 16.148, 'x': -25.22, 'yaw': 3.14}, None, None
80.05, [INFO], robot5, {'y': 16.137, 'x': -27.335, 'yaw': -3.142}, None, None
80.05, [INFO], robot5, {'battery-level': '65.79'}, None, None
90.01, [INFO], robot5, {'y': 16.252, 'x': -29.43, 'yaw': 3.142}, None, None
90.01, [INFO], robot5, {'battery-level': '65.03'}, None, None
100.01, [INFO], robot5, {'y': 16.048, 'x': -31.54, 'yaw': 3.141}, None, None
100.01, [INFO], robot5, {'battery-level': '64.27'}, None, None
110.04, [INFO], robot5, {'y': 15.594, 'x': -33.637, 'yaw': 3.142}, None, None
110.04, [INFO], robot5, {'battery-level': '63.51'}, None, None
120.03, [INFO], robot5, {'y': 15.473, 'x': -35.745, 'yaw': -3.141}, None, None
120.03, [INFO], robot5, {'battery-level': '62.75'}, None, None
130.07, [INFO], robot5, {'battery-level': '61.99'}, None, None
130.07, [INFO], robot5, {'y': 16.872, 'x': -36.814, 'yaw': -3.142}, None, None
140.08, [INFO], robot5, {'y': 17.615, 'x': -36.812, 'yaw': -3.142}, None, None
140.08, [INFO], robot5, {'battery-level': '61.23'}, None, None
150.01, [INFO], robot5, {'battery-level': '60.47'}, None, None
150.01, [INFO], robot5, {'y': 17.738, 'x': -36.058, 'yaw': 3.138}, None, None
160.09, [INFO], robot5, {'battery-level': '59.71'}, None, None
160.09, [INFO], robot5, {'y': 17.979, 'x': -35.899, 'yaw': 3.141}, None, None
170.03, [INFO], robot5, {'y': 18.386, 'x': -35.693, 'yaw': -3.136}, None, None
170.03, [INFO], robot5, {'battery-level': '58.95'}, None, None
180.03, [INFO], robot5, {'y': 18.187, 'x': -35.615, 'yaw': -3.136}, None, None
180.03, [INFO], robot5, {'battery-level': '58.19'}, None, None
190.09, [INFO], robot5, {'y': 18.012, 'x': -35.443, 'yaw': -3.132}, None, None
190.09, [INFO], robot5, {'battery-level': '57.43'}, None, None
197.92, [WARN], robot5, SKILL-FAILURE, navigation, navto_room
200.04, [INFO], robot5, {'y': 18.001, 'x': -35.443, 'yaw': -3.142}, None, None
200.04, [INFO], robot5, {'battery-level': '56.67'}, None, None
