0.00, [DEBUG], nurse, NURSE_CONFIG={'location': 'IC Room 6', 'position': [-33.9, 18.93, 3.14]}, None, None
0.00, [INFO], robot6, {'battery-level': '54.08'}, None, None
0.00, [DEBUG], logger, ROBOTS_CONFIG={'avg_speed': 0.15, 'battery_charge': 0.5408465660492595, 'battery_discharge_rate': 0.00038, 'id': 6, 'local_plan': [['navigation', ['IC Room 6', [[-32.88, 33.98, 3.14], [-37.0, 33.98], [-37.0, 18.93], [-33.9, 18.93, 3.14]]], 'navto_room'], ['approach_person', ['nurse'], 'approach_nurse'], ['authenticate_person', ['nurse'], 'authenticate_nurse'], ['operate_drawer', ['open'], 'open_drawer_for_nurse'], ['send_message', ['nurse'], 'notify_nurse_of_open_drawer_for_nurse_completed'], ['wait_message', ['nurse'], 'wait_nurse_to_complete_deposit'], ['operate_drawer', ['close'], 'close_drawer_nurse'], ['navigation', ['Laboratory', [[-33.9, 18.93, 3.14], [-37.0, 18.93], [-37.0, 16.0], [-26.0, 16.0], [-26.0, 13.0, 1.57]]], 'navto_lab'], ['approach_robot', ['lab_arm'], 'approach_arm'], ['operate_drawer', ['open'], 'open_drawer_lab'], ['send_message', ['lab_arm'], 'notify_lab_arm_of_open_drawer_lab_completed'], ['wait_message', ['lab_arm'], 'wait_lab_arm_to_complete_pick_up_sample'], ['operate_drawer', ['close'], 'close_drawer_lab']], 'location': 'IC Room 5', 'name': 'r6', 'position': [-32.88, 33.98, 3.14], 'skills': ['approach_person', 'approach_robot', 'authenticate_person', 'navigation', 'operate_drawer']}, None, None
0.00, [DEBUG], logger, Simulation open, None, None
10.00, [INFO], robot6, {'y': 33.981, 'x': -32.893, 'yaw': -3.142}, None, None
10.00, [INFO], robot6, {'battery-level': '53.74'}, None, None
20.04, [INFO], robot6, {'battery-level': '53.36'}, None, None
20.04, [INFO], robot6, {'y': 34.502, 'x': -34.626, 'yaw': 3.137}, None, None
30.06, [INFO], robot6, {'y': 34.208, 'x': -36.674, 'yaw': 3.136}, None, None
30.06, [INFO], robot6, {'battery-level': '52.98'}, None, None
40.00, [INFO], robot6, {'y': 32.2, 'x': -36.851, 'yaw': -3.141}, None, None
40.00, [INFO], robot6, {'battery-level': '52.60'}, None, None
50.04, [INFO], robot6, {'battery-level': '52.22'}, None, None
50.04, [INFO], robot6, {'y': 30.087, 'x': -36.855, 'yaw': -3.141}, None, None
60.08, [INFO], robot6, {'battery-level': '51.84'}, None, None
60.08, [INFO], robot6, {'y': 27.979, 'x': -36.94, 'yaw': -3.142}, None, None
70.05, [INFO], robot6, {'battery-level': '51.46'}, None, None
70.05, [INFO], robot6, {'y': 25.87, 'x': -36.997, 'yaw': 3.142}, None, None
80.10, [INFO], robot6, {'y': 23.758, 'x': -36.987, 'yaw': 3.141}, None, None
80.10, [INFO], robot6, {'battery-level': '51.08'}, None, None
90.08, [INFO], robot6, {'y': 21.641, 'x': -37.162, 'yaw': 3.142}, None, None
90.08, [INFO], robot6, {'battery-level': '50.70'}, None, None
100.00, [INFO], robot6, {'y': 19.543, 'x': -37.048, 'yaw': 3.142}, None, None
100.00, [INFO], robot6, {'battery-level': '50.32'}, None, None
110.01, [INFO], robot6, {'battery-level': '49.94'}, None, None
110.01, [INFO], robot6, {'y': 17.859, 'x': -35.824, 'yaw': 3.141}, None, None
120.03, [INFO], robot6, {'battery-level': '49.56'}, None, None
120.03, [INFO], robot6, {'y': 18.665, 'x': -34.126, 'yaw': -3.142}, None, None
129.30, [info], nurse, sync, received-request, (status=sending-request)
129.30, [info], nurse, sync, request-sent, (status=waiting)
129.39, [info], nurse, sync, wait-message, (status=message-received)
130.07, [INFO], robot6, {'battery-level': '49.18'}, None, None
130.07, [INFO], robot6, {'y': 18.966, 'x': -33.93, 'yaw': 3.141}, None, None
140.05, [INFO], robot6, {'y': 17.767, 'x': -35.282, 'yaw': -3.138}, None, None
140.05, [INFO], robot6, {'battery-level': '48.80'}, None, None
150.08, [INFO], robot6, {'battery-level': '48.42'}, None, None
150.08, [INFO], robot6, {'y': 18.086, 'x': -36.222, 'yaw': -3.136}, None, None
160.04, [INFO], robot6, {'battery-level': '48.04'}, None, None
160.04, [INFO], robot6, {'y': 17.263, 'x': -37.019, 'yaw': 3.141}, None, None
170.05, [INFO], robot6, {'battery-level': '47.66'}, None, None
170.05, [INFO], robot6, {'y': 17.407, 'x': -36.887, 'yaw': -3.141}, None, None
180.05, [INFO], robot6, {'y': 17.234, 'x': -36.814, 'yaw': -3.142}, None, None
180.05, [INFO], robot6, {'battery-level': '47.28'}, None, None
190.06, [INFO], robot6, {'battery-level': '46.90'}, None, None
190.06, [INFO], robot6, {'y': 17.396, 'x': -36.826, 'yaw': -3.142}, None, None
200.01, [INFO], robot6, {'battery-level': '46.52'}, None, None
200.01, [INFO], robot6, {'y': 17.395, 'x': -36.827, 'yaw': 3.142}, None, None
210.02, [INFO], robot6, {'y': 17.394, 'x': -36.827, 'yaw': -3.142}, None, None
210.02, [INFO], robot6, {'battery-level': '46.14'}, None, None
220.02, [INFO], robot6, {'y': 17.394, 'x': -36.827, 'yaw': -3.142}, None, None
220.02, [INFO], robot6, {'battery-level': '45.76'}, None, None
230.06, [INFO], robot6, {'battery-level': '45.38'}, None, None
230.06, [INFO], robot6, {'y': 17.238, 'x': -37.05, 'yaw': 3.141}, None, None
240.01, [INFO], robot6, {'battery-level': '45.00'}, None, None
240.01, [INFO], robot6, {'y': 17.351, 'x': -36.902, 'yaw': 3.141}, None, None
250.06, [INFO], robot6, {'battery-level': '44.62'}, None, None
250.06, [INFO], robot6, {'y': 17.361, 'x': -36.848, 'yaw': -3.142}, None, None
260.04, [INFO], robot6, {'battery-level': '44.24'}, None, None
260.04, [INFO], robot6, {'y': 17.373, 'x': -36.888, 'yaw': -3.142}, None, None
270.08, [INFO], robot6, {'battery-level': '43.86'}, None, None
270.08, [INFO], robot6, {'y': 17.249, 'x': -37.061, 'yaw': -3.141}, None, None
280.03, [INFO], robot6, {'battery-level': '43.48'}, None, None
280.03, [INFO], robot6, {'y': 17.033, 'x': -37.086, 'yaw': 3.142}, None, None
290.08, [INFO], robot6, {'battery-level': '43.10'}, None, None
290.08, [INFO], robot6, {'y': 17.389, 'x': -37.038, 'yaw': -3.142}, None, None
300.03, [INFO], robot6, {'battery-level': '42.72'}, None, None
300.03, [INFO], robot6, {'y': 17.302, 'x': -37.057, 'yaw': 3.142}, None, None
310.04, [INFO], robot6, {'battery-level': '42.34'}, None, None
310.04, [INFO], robot6, {'y': 17.341, 'x': -36.943, 'yaw': 3.141}, None, None
320.07, [INFO], robot6, {'y': 17.424, 'x': -36.91, 'yaw': 3.142}, None, None
320.07, [INFO], robot6, {'battery-level': '41.96'}, None, None
321.62, [WARN], robot6, SKILL-FAILURE, navigation, navto_lab
330.01, [INFO], robot6, {'y': 17.432, 'x': -36.931, 'yaw': -3.142}, None, None
330.01, [INFO], robot6, {'battery-level': '41.58'}, None, None
340.09, [INFO], robot6, {'y': 17.432, 'x': -36.932, 'yaw': -3.142}, None, None
340.09, [INFO], robot6, {'battery-level': '41.20'}, None, None
