0.13, [DEBUG], logger, ROBOTS_CONFIG={'avg_speed': 0.15, 'battery_charge': 0.23995139509475963, 'battery_discharge_rate': 0.00068, 'id': 1, 'local_plan': [['navigation', ['IC Room 6', [[-11.5, 18.0, -1.57], [-11.5, 16.0], [-37.0, 16.0], [-37.0, 18.93], [-33.9, 18.93, 3.14]]], 'navto_room'], ['approach_person', ['nurse'], 'approach_nurse'], ['authenticate_person', ['nurse'], 'authenticate_nurse'], ['operate_drawer', ['open'], 'open_drawer_for_nurse'], ['send_message', ['nurse'], 'notify_nurse_of_open_drawer_for_nurse_completed'], ['wait_message', ['nurse'], 'wait_nurse_to_complete_deposit'], ['operate_drawer', ['close'], 'close_drawer_nurse'], ['navigation', ['Laboratory', [[-33.9, 18.93, 3.14], [-37.0, 18.93], [-37.0, 16.0], [-26.0, 16.0], [-26.0, 13.0, 1.57]]], 'navto_lab'], ['approach_robot', ['lab_arm'], 'approach_arm'], ['operate_drawer', ['open'], 'open_drawer_lab'], ['send_message', ['lab_arm'], 'notify_lab_arm_of_open_drawer_lab_completed'], ['wait_message', ['lab_arm'], 'wait_lab_arm_to_complete_pick_up_sample'], ['operate_drawer', ['close'], 'close_drawer_lab']], 'location': 'PC Room 8', 'name': 'r1', 'position': [-11.5, 18.0, -1.57], 'skills': ['approach_person', 'approach_robot', 'navigation', 'operate_drawer']}, None, None
0.13, [DEBUG], logger, Simulation open, None, None
10.04, [INFO], robot1, {'battery-level': '23.38'}, None, None
10.04, [INFO], robot1, {'y': 18.0, 'x': -11.5, 'yaw': 3.142}, None, None
20.01, [INFO], robot1, {'battery-level': '22.70'}, None, None
20.01, [INFO], robot1, {'y': 16.903, 'x': -11.732, 'yaw': 3.141}, None, None
30.07, [INFO], robot1, {'y': 16.115, 'x': -13.008, 'yaw': 3.141}, None, None
30.07, [INFO], robot1, {'battery-level': '22.02'}, None, None
40.08, [INFO], robot1, {'y': 16.257, 'x': -12.786, 'yaw': 3.14}, None, None
40.08, [INFO], robot1, {'battery-level': '21.34'}, None, None
50.01, [INFO], robot1, {'y': 16.189, 'x': -12.965, 'yaw': -3.141}, None, None
50.01, [INFO], robot1, {'battery-level': '20.66'}, None, None
60.08, [INFO], robot1, {'y': 16.102, 'x': -12.996, 'yaw': 3.141}, None, None
60.08, [INFO], robot1, {'battery-level': '19.98'}, None, None
70.07, [INFO], robot1, {'y': 16.218, 'x': -12.918, 'yaw': 3.142}, None, None
70.07, [INFO], robot1, {'battery-level': '19.30'}, None, None
80.03, [INFO], robot1, {'battery-level': '18.62'}, None, None
80.03, [INFO], robot1, {'y': 16.103, 'x': -12.953, 'yaw': 3.141}, None, None
90.08, [INFO], robot1, {'battery-level': '17.94'}, None, None
90.08, [INFO], robot1, {'y': 16.355, 'x': -12.955, 'yaw': 3.141}, None, None
100.02, [INFO], robot1, {'battery-level': '17.26'}, None, None
100.02, [INFO], robot1, {'y': 15.938, 'x': -13.066, 'yaw': 3.142}, None, None
110.00, [INFO], robot1, {'y': 16.001, 'x': -12.914, 'yaw': -3.142}, None, None
110.00, [INFO], robot1, {'battery-level': '16.58'}, None, None
120.09, [INFO], robot1, {'battery-level': '15.90'}, None, None
120.09, [INFO], robot1, {'y': 16.374, 'x': -13.033, 'yaw': -3.14}, None, None
130.02, [INFO], robot1, {'y': 16.176, 'x': -13.074, 'yaw': 3.141}, None, None
130.02, [INFO], robot1, {'battery-level': '15.22'}, None, None
140.07, [INFO], robot1, {'y': 16.16, 'x': -12.975, 'yaw': 3.141}, None, None
140.07, [INFO], robot1, {'battery-level': '14.54'}, None, None
150.08, [INFO], robot1, {'y': 16.352, 'x': -12.998, 'yaw': 3.141}, None, None
150.08, [INFO], robot1, {'battery-level': '13.86'}, None, None
160.10, [INFO], robot1, {'battery-level': '13.18'}, None, None
160.10, [INFO], robot1, {'y': 16.185, 'x': -13.067, 'yaw': -3.139}, None, None
166.02, [WARN], robot1, SKILL-FAILURE, navigation, navto_room
170.04, [INFO], robot1, {'battery-level': '12.50'}, None, None
170.04, [INFO], robot1, {'y': 16.289, 'x': -13.126, 'yaw': 3.142}, None, None
