0.00, [INFO], robot4, {'battery-level': '17.50'}, None, None
0.19, [DEBUG], logger, ROBOTS_CONFIG={'avg_speed': 0.15, 'battery_charge': 0.17496190705907763, 'battery_discharge_rate': 0.0006000000000000001, 'id': 4, 'local_plan': [['navigation', ['IC Room 6', [[-39.44, 33.95, 0.0], [-37.0, 33.95], [-37.0, 18.93], [-33.9, 18.93, 3.14]]], 'navto_room'], ['approach_person', ['nurse'], 'approach_nurse'], ['authenticate_person', ['nurse'], 'authenticate_nurse'], ['operate_drawer', ['open'], 'open_drawer_for_nurse'], ['send_message', ['nurse'], 'notify_nurse_of_open_drawer_for_nurse_completed'], ['wait_message', ['nurse'], 'wait_nurse_to_complete_deposit'], ['operate_drawer', ['close'], 'close_drawer_nurse'], ['navigation', ['Laboratory', [[-33.9, 18.93, 3.14], [-37.0, 18.93], [-37.0, 16.0], [-26.0, 16.0], [-26.0, 13.0, 1.57]]], 'navto_lab'], ['approach_robot', ['lab_arm'], 'approach_arm'], ['operate_drawer', ['open'], 'open_drawer_lab'], ['send_message', ['lab_arm'], 'notify_lab_arm_of_open_drawer_lab_completed'], ['wait_message', ['lab_arm'], 'wait_lab_arm_to_complete_pick_up_sample'], ['operate_drawer', ['close'], 'close_drawer_lab']], 'location': 'IC Room 4', 'name': 'r4', 'position': [-39.44, 33.95, 0.0], 'skills': ['approach_person', 'approach_robot', 'authenticate_person', 'navigation', 'operate_drawer']}, None, None
0.19, [DEBUG], logger, Simulation open, None, None
10.06, [INFO], robot4, {'y': 34.147, 'x': -38.885, 'yaw': 3.138}, None, None
10.06, [INFO], robot4, {'battery-level': '16.96'}, None, None
20.00, [INFO], robot4, {'battery-level': '16.36'}, None, None
20.00, [INFO], robot4, {'y': 34.046, 'x': -37.114, 'yaw': -3.14}, None, None
30.05, [INFO], robot4, {'battery-level': '15.76'}, None, None
30.05, [INFO], robot4, {'y': 31.936, 'x': -37.02, 'yaw': 3.14}, None, None
40.08, [INFO], robot4, {'y': 29.819, 'x': -37.049, 'yaw': 3.142}, None, None
40.08, [INFO], robot4, {'battery-level': '15.16'}, None, None
50.03, [INFO], robot4, {'battery-level': '14.56'}, None, None
50.03, [INFO], robot4, {'y': 27.712, 'x': -37.011, 'yaw': -3.142}, None, None
60.05, [INFO], robot4, {'battery-level': '13.96'}, None, None
60.05, [INFO], robot4, {'y': 25.601, 'x': -36.987, 'yaw': 3.142}, None, None
70.09, [INFO], robot4, {'battery-level': '13.36'}, None, None
70.09, [INFO], robot4, {'y': 23.478, 'x': -36.989, 'yaw': 3.141}, None, None
80.04, [INFO], robot4, {'y': 21.387, 'x': -37.133, 'yaw': 3.142}, None, None
80.04, [INFO], robot4, {'battery-level': '12.76'}, None, None
90.04, [INFO], robot4, {'battery-level': '12.16'}, None, None
90.04, [INFO], robot4, {'y': 19.277, 'x': -37.046, 'yaw': 3.136}, None, None
100.06, [INFO], robot4, {'y': 17.736, 'x': -35.637, 'yaw': 3.141}, None, None
100.06, [INFO], robot4, {'battery-level': '11.56'}, None, None
110.00, [INFO], robot4, {'battery-level': '10.96'}, None, None
110.00, [INFO], robot4, {'y': 18.744, 'x': -34.072, 'yaw': 3.142}, None, None
118.77, [info], nurse, sync, received-request, (status=sending-request)
118.77, [info], nurse, sync, request-sent, (status=waiting)
118.86, [info], nurse, sync, wait-message, (status=message-received)
120.03, [INFO], robot4, {'y': 18.949, 'x': -33.942, 'yaw': 3.141}, None, None
120.03, [INFO], robot4, {'battery-level': '10.36'}, None, None
130.03, [INFO], robot4, {'y': 17.765, 'x': -35.432, 'yaw': 3.141}, None, None
130.03, [INFO], robot4, {'battery-level': '9.76'}, None, None
140.04, [INFO], robot4, {'battery-level': '9.16'}, None, None
140.04, [INFO], robot4, {'y': 17.991, 'x': -36.152, 'yaw': -3.136}, None, None
150.07, [INFO], robot4, {'y': 17.991, 'x': -36.152, 'yaw': -3.137}, None, None
150.07, [INFO], robot4, {'battery-level': '8.56'}, None, None
160.01, [INFO], robot4, {'battery-level': '7.96'}, None, None
160.01, [INFO], robot4, {'y': 17.378, 'x': -36.827, 'yaw': 3.142}, None, None
170.03, [INFO], robot4, {'battery-level': '7.36'}, None, None
170.03, [INFO], robot4, {'y': 17.515, 'x': -37.096, 'yaw': 3.142}, None, None
180.06, [INFO], robot4, {'battery-level': '6.76'}, None, None
180.06, [INFO], robot4, {'y': 17.293, 'x': -36.773, 'yaw': -3.142}, None, None
189.90, [INFO], robot4, {'y': 17.463, 'x': -37.034, 'yaw': -3.142}, None, None
190.00, [INFO], robot4, {'battery-level': '6.16'}, None, None
200.03, [INFO], robot4, {'y': 17.494, 'x': -36.833, 'yaw': 3.141}, None, None
200.03, [INFO], robot4, {'battery-level': '5.56'}, None, None
210.08, [WARN], robot4, LOWBATT, None, None
210.08, [WARN], None, end!, None, None
210.08, [INFO], robot4, {'y': 17.408, 'x': -36.806, 'yaw': -3.142}, None, None
220.09, [INFO], robot4, {'y': 17.34, 'x': -36.764, 'yaw': -3.141}, None, None
230.03, [INFO], robot4, {'y': 17.374, 'x': -36.813, 'yaw': 3.14}, None, None
