0.00, [DEBUG], nurse, NURSE_CONFIG={'location': 'IC Room 6', 'position': [-33.9, 18.93, 3.14]}, None, None
0.19, [DEBUG], logger, ROBOTS_CONFIG={'avg_speed': 0.15, 'battery_charge': 0.634952869577942, 'battery_discharge_rate': 0.00054, 'id': 2, 'local_plan': [['navigation', ['IC Room 6', [[-19.0, 18.0, -1.57], [-19.0, 16.0], [-37.0, 16.0], [-37.0, 18.93], [-33.9, 18.93, 3.14]]], 'navto_room'], ['approach_person', ['nurse'], 'approach_nurse'], ['authenticate_person', ['nurse'], 'authenticate_nurse'], ['operate_drawer', ['open'], 'open_drawer_for_nurse'], ['send_message', ['nurse'], 'notify_nurse_of_open_drawer_for_nurse_completed'], ['wait_message', ['nurse'], 'wait_nurse_to_complete_deposit'], ['operate_drawer', ['close'], 'close_drawer_nurse'], ['navigation', ['Laboratory', [[-33.9, 18.93, 3.14], [-37.0, 18.93], [-37.0, 16.0], [-26.0, 16.0], [-26.0, 13.0, 1.57]]], 'navto_lab'], ['approach_robot', ['lab_arm'], 'approach_arm'], ['operate_drawer', ['open'], 'open_drawer_lab'], ['send_message', ['lab_arm'], 'notify_lab_arm_of_open_drawer_lab_completed'], ['wait_message', ['lab_arm'], 'wait_lab_arm_to_complete_pick_up_sample'], ['operate_drawer', ['close'], 'close_drawer_lab']], 'location': 'PC Room 6', 'name': 'r2', 'position': [-19.0, 18.0, -1.57], 'skills': ['approach_person', 'approach_robot', 'authenticate_person', 'navigation', 'operate_drawer']}, None, None
0.19, [DEBUG], logger, Simulation open, None, None
10.02, [INFO], robot2, {'y': 17.609, 'x': -19.146, 'yaw': 3.141}, None, None
10.02, [INFO], robot2, {'battery-level': '63.01'}, None, None
20.07, [INFO], robot2, {'battery-level': '62.47'}, None, None
20.07, [INFO], robot2, {'y': 16.257, 'x': -20.14, 'yaw': -3.139}, None, None
30.01, [INFO], robot2, {'y': 16.268, 'x': -22.248, 'yaw': -3.141}, None, None
30.01, [INFO], robot2, {'battery-level': '61.93'}, None, None
40.09, [INFO], robot2, {'y': 16.134, 'x': -24.37, 'yaw': 3.141}, None, None
40.09, [INFO], robot2, {'battery-level': '61.39'}, None, None
50.09, [INFO], robot2, {'battery-level': '60.85'}, None, None
50.09, [INFO], robot2, {'y': 16.055, 'x': -26.484, 'yaw': 3.141}, None, None
60.05, [INFO], robot2, {'battery-level': '60.31'}, None, None
60.05, [INFO], robot2, {'y': 16.131, 'x': -28.578, 'yaw': 3.142}, None, None
70.02, [INFO], robot2, {'battery-level': '59.77'}, None, None
70.02, [INFO], robot2, {'y': 16.043, 'x': -30.69, 'yaw': 3.142}, None, None
80.05, [INFO], robot2, {'battery-level': '59.23'}, None, None
80.05, [INFO], robot2, {'y': 15.775, 'x': -32.813, 'yaw': -3.141}, None, None
90.07, [INFO], robot2, {'battery-level': '58.69'}, None, None
90.07, [INFO], robot2, {'y': 15.36, 'x': -34.907, 'yaw': 3.142}, None, None
100.00, [INFO], robot2, {'battery-level': '58.15'}, None, None
100.00, [INFO], robot2, {'y': 16.113, 'x': -36.724, 'yaw': 3.141}, None, None
110.05, [INFO], robot2, {'battery-level': '57.61'}, None, None
110.05, [INFO], robot2, {'y': 17.555, 'x': -36.764, 'yaw': -3.141}, None, None
120.04, [INFO], robot2, {'y': 17.656, 'x': -36.743, 'yaw': 3.142}, None, None
120.04, [INFO], robot2, {'battery-level': '57.07'}, None, None
130.07, [INFO], robot2, {'battery-level': '56.53'}, None, None
130.07, [INFO], robot2, {'y': 17.823, 'x': -35.891, 'yaw': -3.141}, None, None
140.07, [INFO], robot2, {'battery-level': '55.99'}, None, None
140.07, [INFO], robot2, {'y': 18.205, 'x': -35.797, 'yaw': 3.141}, None, None
150.03, [INFO], robot2, {'battery-level': '55.45'}, None, None
150.03, [INFO], robot2, {'y': 18.268, 'x': -35.736, 'yaw': -3.142}, None, None
160.08, [INFO], robot2, {'battery-level': '54.91'}, None, None
160.08, [INFO], robot2, {'y': 18.272, 'x': -35.732, 'yaw': -3.142}, None, None
170.02, [INFO], robot2, {'battery-level': '54.37'}, None, None
170.02, [INFO], robot2, {'y': 18.271, 'x': -35.724, 'yaw': -3.142}, None, None
180.07, [INFO], robot2, {'y': 18.268, 'x': -35.71, 'yaw': -3.142}, None, None
180.07, [INFO], robot2, {'battery-level': '53.83'}, None, None
190.02, [INFO], robot2, {'battery-level': '53.29'}, None, None
190.02, [INFO], robot2, {'y': 18.264, 'x': -35.699, 'yaw': 3.141}, None, None
200.05, [INFO], robot2, {'battery-level': '52.75'}, None, None
200.05, [INFO], robot2, {'y': 18.237, 'x': -35.994, 'yaw': 3.141}, None, None
206.86, [WARN], robot2, SKILL-FAILURE, navigation, navto_room
