0.00, [DEBUG], nurse, NURSE_CONFIG={'location': 'IC Room 2', 'position': [-38.0, 21.5, 0.0]}, None, None
0.00, [DEBUG], logger, ROBOTS_CONFIG={'avg_speed': 0.15, 'battery_charge': 0.23995139509475963, 'battery_discharge_rate': 0.00068, 'id': 1, 'local_plan': [['navigation', ['IC Room 2', [[-27.23, 18.0, -1.57], [-27.23, 16.0], [-37.0, 16.0], [-37.0, 21.5], [-38.0, 21.5, 0.0]]], 'navto_room'], ['approach_person', ['nurse'], 'approach_nurse'], ['authenticate_person', ['nurse'], 'authenticate_nurse'], ['operate_drawer', ['open'], 'open_drawer_for_nurse'], ['send_message', ['nurse'], 'notify_nurse_of_open_drawer_for_nurse_completed'], ['wait_message', ['nurse'], 'wait_nurse_to_complete_deposit'], ['operate_drawer', ['close'], 'close_drawer_nurse'], ['navigation', ['Laboratory', [[-38.0, 21.5, 0.0], [-37.0, 21.5], [-37.0, 16.0], [-26.0, 16.0], [-26.0, 13.0, 1.57]]], 'navto_lab'], ['approach_robot', ['lab_arm'], 'approach_arm'], ['operate_drawer', ['open'], 'open_drawer_lab'], ['send_message', ['lab_arm'], 'notify_lab_arm_of_open_drawer_lab_completed'], ['wait_message', ['lab_arm'], 'wait_lab_arm_to_complete_pick_up_sample'], ['operate_drawer', ['close'], 'close_drawer_lab']], 'location': 'PC Room 4', 'name': 'r1', 'position': [-27.23, 18.0, -1.57], 'skills': ['approach_person', 'approach_robot', 'navigation', 'operate_drawer']}, None, None
0.00, [DEBUG], logger, Simulation open, None, None
10.09, [INFO], robot1, {'battery-level': '23.38'}, None, None
10.09, [INFO], robot1, {'y': 18.0, 'x': -27.23, 'yaw': -3.142}, None, None
20.06, [INFO], robot1, {'y': 17.389, 'x': -27.135, 'yaw': 3.142}, None, None
20.06, [INFO], robot1, {'battery-level': '22.70'}, None, None
30.02, [INFO], robot1, {'y': 16.094, 'x': -28.022, 'yaw': -3.139}, None, None
30.02, [INFO], robot1, {'battery-level': '22.02'}, None, None
40.06, [INFO], robot1, {'y': 16.027, 'x': -30.152, 'yaw': 3.139}, None, None
40.06, [INFO], robot1, {'battery-level': '21.34'}, None, None
50.03, [INFO], robot1, {'battery-level': '20.66'}, None, None
50.03, [INFO], robot1, {'y': 15.856, 'x': -32.256, 'yaw': 3.142}, None, None
60.03, [INFO], robot1, {'y': 15.445, 'x': -34.357, 'yaw': 3.142}, None, None
60.03, [INFO], robot1, {'battery-level': '19.98'}, None, None
70.05, [INFO], robot1, {'y': 15.692, 'x': -36.456, 'yaw': 3.142}, None, None
70.05, [INFO], robot1, {'battery-level': '19.30'}, None, None
80.07, [INFO], robot1, {'battery-level': '18.62'}, None, None
80.07, [INFO], robot1, {'y': 17.67, 'x': -36.661, 'yaw': -3.142}, None, None
90.04, [INFO], robot1, {'y': 19.781, 'x': -36.786, 'yaw': 3.141}, None, None
90.04, [INFO], robot1, {'battery-level': '17.94'}, None, None
99.97, [INFO], robot1, {'y': 21.556, 'x': -37.582, 'yaw': 3.141}, None, None
100.06, [INFO], robot1, {'battery-level': '17.26'}, None, None
110.03, [INFO], robot1, {'y': 21.437, 'x': -38.101, 'yaw': 3.141}, None, None
110.03, [INFO], robot1, {'battery-level': '16.58'}, None, None
113.12, [WARN], robot1, NO-SKILL, authenticate_person, authenticate_nurse
120.04, [INFO], robot1, {'battery-level': '15.90'}, None, None
120.04, [INFO], robot1, {'y': 21.436, 'x': -38.099, 'yaw': 3.142}, None, None
