0.00, [DEBUG], logger, ROBOTS_CONFIG={'avg_speed': 0.15, 'battery_charge': 0.17496190705907763, 'battery_discharge_rate': 0.00026000000000000003, 'id': 4, 'local_plan': [['navigation', ['IC Room 2', [[-32.88, 33.98, 3.14], [-37.0, 33.98], [-37.0, 21.5], [-38.0, 21.5, 0.0]]], 'navto_room'], ['approach_person', ['nurse'], 'approach_nurse'], ['authenticate_person', ['nurse'], 'authenticate_nurse'], ['operate_drawer', ['open'], 'open_drawer_for_nurse'], ['send_message', ['nurse'], 'notify_nurse_of_open_drawer_for_nurse_completed'], ['wait_message', ['nurse'], 'wait_nurse_to_complete_deposit'], ['operate_drawer', ['close'], 'close_drawer_nurse'], ['navigation', ['Laboratory', [[-38.0, 21.5, 0.0], [-37.0, 21.5], [-37.0, 16.0], [-26.0, 16.0], [-26.0, 13.0, 1.57]]], 'navto_lab'], ['approach_robot', ['lab_arm'], 'approach_arm'], ['operate_drawer', ['open'], 'open_drawer_lab'], ['send_message', ['lab_arm'], 'notify_lab_arm_of_open_drawer_lab_completed'], ['wait_message', ['lab_arm'], 'wait_lab_arm_to_complete_pick_up_sample'], ['operate_drawer', ['close'], 'close_drawer_lab']], 'location': 'IC Room 5', 'name': 'r4', 'position': [-32.88, 33.98, 3.14], 'skills': ['approach_person', 'approach_robot', 'authenticate_person', 'navigation', 'operate_drawer']}, None, None
0.00, [DEBUG], logger, Simulation open, None, None
10.05, [INFO], robot4, {'battery-level': '17.26'}, None, None
10.05, [INFO], robot4, {'y': 33.982, 'x': -32.879, 'yaw': -3.141}, None, None
20.09, [INFO], robot4, {'y': 34.577, 'x': -34.676, 'yaw': 3.141}, None, None
20.09, [INFO], robot4, {'battery-level': '17.00'}, None, None
30.04, [INFO], robot4, {'y': 34.158, 'x': -36.682, 'yaw': 3.141}, None, None
30.04, [INFO], robot4, {'battery-level': '16.74'}, None, None
40.03, [INFO], robot4, {'battery-level': '16.48'}, None, None
40.03, [INFO], robot4, {'y': 32.1, 'x': -36.803, 'yaw': -3.141}, None, None
50.06, [INFO], robot4, {'battery-level': '16.22'}, None, None
50.06, [INFO], robot4, {'y': 29.984, 'x': -36.838, 'yaw': -3.142}, None, None
60.02, [INFO], robot4, {'y': 27.879, 'x': -36.895, 'yaw': 3.141}, None, None
60.02, [INFO], robot4, {'battery-level': '15.96'}, None, None
70.07, [INFO], robot4, {'y': 25.745, 'x': -36.94, 'yaw': -3.142}, None, None
70.07, [INFO], robot4, {'battery-level': '15.70'}, None, None
80.04, [INFO], robot4, {'y': 23.629, 'x': -37.027, 'yaw': 3.14}, None, None
80.04, [INFO], robot4, {'battery-level': '15.44'}, None, None
90.08, [INFO], robot4, {'y': 21.509, 'x': -37.195, 'yaw': -3.142}, None, None
90.08, [INFO], robot4, {'battery-level': '15.18'}, None, None
100.05, [INFO], robot4, {'y': 21.354, 'x': -38.06, 'yaw': -3.136}, None, None
100.05, [INFO], robot4, {'battery-level': '14.92'}, None, None
110.08, [INFO], robot4, {'y': 21.473, 'x': -38.079, 'yaw': 3.141}, None, None
110.08, [INFO], robot4, {'battery-level': '14.66'}, None, None
120.06, [INFO], robot4, {'battery-level': '14.40'}, None, None
120.06, [INFO], robot4, {'y': 21.313, 'x': -38.292, 'yaw': 3.142}, None, None
125.94, [info], nurse, sync, received-request, (status=sending-request)
125.94, [info], nurse, sync, request-sent, (status=waiting)
125.94, [info], nurse, sync, wait-message, (status=message-received)
130.03, [INFO], robot4, {'battery-level': '14.14'}, None, None
130.03, [INFO], robot4, {'y': 21.479, 'x': -37.523, 'yaw': -3.141}, None, None
140.07, [INFO], robot4, {'battery-level': '13.88'}, None, None
140.07, [INFO], robot4, {'y': 19.484, 'x': -37.156, 'yaw': 3.138}, None, None
150.02, [INFO], robot4, {'battery-level': '13.62'}, None, None
150.02, [INFO], robot4, {'y': 17.392, 'x': -37.089, 'yaw': 3.141}, None, None
160.00, [INFO], robot4, {'y': 15.809, 'x': -36.236, 'yaw': 3.142}, None, None
160.00, [INFO], robot4, {'battery-level': '13.36'}, None, None
170.07, [INFO], robot4, {'y': 15.374, 'x': -34.133, 'yaw': -3.141}, None, None
170.07, [INFO], robot4, {'battery-level': '13.10'}, None, None
180.02, [INFO], robot4, {'y': 15.538, 'x': -32.021, 'yaw': -3.141}, None, None
180.02, [INFO], robot4, {'battery-level': '12.84'}, None, None
190.06, [INFO], robot4, {'y': 15.604, 'x': -29.898, 'yaw': 3.142}, None, None
190.06, [INFO], robot4, {'battery-level': '12.58'}, None, None
200.09, [INFO], robot4, {'battery-level': '12.32'}, None, None
200.09, [INFO], robot4, {'y': 15.739, 'x': -27.778, 'yaw': 3.139}, None, None
210.05, [INFO], robot4, {'battery-level': '12.06'}, None, None
210.05, [INFO], robot4, {'y': 15.269, 'x': -25.92, 'yaw': 3.142}, None, None
220.01, [INFO], robot4, {'battery-level': '11.80'}, None, None
220.01, [INFO], robot4, {'y': 13.18, 'x': -25.774, 'yaw': 3.141}, None, None
229.85, [info], lab_arm, sync, wait-message, (status=message-received)
230.03, [INFO], robot4, {'y': 12.905, 'x': -25.952, 'yaw': -3.141}, None, None
230.03, [INFO], robot4, {'battery-level': '11.54'}, None, None
230.79, [WARN], robot4, SUCCESS, None, None
240.03, [INFO], robot4, {'y': 12.904, 'x': -25.951, 'yaw': -3.142}, None, None
240.03, [INFO], robot4, {'battery-level': '11.28'}, None, None
250.02, [INFO], robot4, {'y': 12.904, 'x': -25.951, 'yaw': -3.142}, None, None
250.02, [INFO], robot4, {'battery-level': '11.02'}, None, None
