0.00, [DEBUG], nurse, NURSE_CONFIG={'location': 'PC Room 3', 'position': [-28.5, 18.0, -1.57]}, None, None
0.00, [INFO], robot5, {'battery-level': '71.80'}, None, None
0.00, [DEBUG], logger, ROBOTS_CONFIG={'avg_speed': 0.15, 'battery_charge': 0.7179616530181877, 'battery_discharge_rate': 0.00042, 'id': 5, 'local_plan': [['navigation', ['PC Room 3', [[-33.9, 18.93, 3.14], [-37.0, 18.93], [-37.0, 16.0], [-28.5, 16.0], [-28.5, 18.0, -1.57]]], 'navto_room'], ['approach_person', ['nurse'], 'approach_nurse'], ['authenticate_person', ['nurse'], 'authenticate_nurse'], ['operate_drawer', ['open'], 'open_drawer_for_nurse'], ['send_message', ['nurse'], 'notify_nurse_of_open_drawer_for_nurse_completed'], ['wait_message', ['nurse'], 'wait_nurse_to_complete_deposit'], ['operate_drawer', ['close'], 'close_drawer_nurse'], ['navigation', ['Laboratory', [[-28.5, 18.0, -1.57], [-28.5, 16.0], [-26.0, 16.0], [-26.0, 13.0, 1.57]]], 'navto_lab'], ['approach_robot', ['lab_arm'], 'approach_arm'], ['operate_drawer', ['open'], 'open_drawer_lab'], ['send_message', ['lab_arm'], 'notify_lab_arm_of_open_drawer_lab_completed'], ['wait_message', ['lab_arm'], 'wait_lab_arm_to_complete_pick_up_sample'], ['operate_drawer', ['close'], 'close_drawer_lab']], 'location': 'IC Room 6', 'name': 'r5', 'position': [-33.9, 18.93, 3.14], 'skills': ['approach_person', 'authenticate_person', 'navigation', 'operate_drawer']}, None, None
0.00, [DEBUG], logger, Simulation open, None, None
10.02, [INFO], robot5, {'battery-level': '71.42'}, None, None
10.02, [INFO], robot5, {'y': 18.834, 'x': -34.14, 'yaw': -3.142}, None, None
20.02, [INFO], robot5, {'battery-level': '71.00'}, None, None
20.02, [INFO], robot5, {'y': 17.787, 'x': -35.752, 'yaw': 3.139}, None, None
30.01, [INFO], robot5, {'battery-level': '70.58'}, None, None
30.01, [INFO], robot5, {'y': 18.058, 'x': -36.195, 'yaw': -3.142}, None, None
40.04, [INFO], robot5, {'battery-level': '70.16'}, None, None
40.04, [INFO], robot5, {'y': 18.05, 'x': -36.881, 'yaw': 3.142}, None, None
50.03, [INFO], robot5, {'y': 17.352, 'x': -37.094, 'yaw': 3.141}, None, None
50.03, [INFO], robot5, {'battery-level': '69.74'}, None, None
60.05, [INFO], robot5, {'y': 17.327, 'x': -36.932, 'yaw': 3.14}, None, None
60.05, [INFO], robot5, {'battery-level': '69.32'}, None, None
70.02, [INFO], robot5, {'y': 17.616, 'x': -37.125, 'yaw': 3.142}, None, None
70.02, [INFO], robot5, {'battery-level': '68.90'}, None, None
80.04, [INFO], robot5, {'battery-level': '68.48'}, None, None
80.04, [INFO], robot5, {'y': 17.388, 'x': -36.904, 'yaw': -3.142}, None, None
90.06, [INFO], robot5, {'battery-level': '68.06'}, None, None
90.06, [INFO], robot5, {'y': 17.41, 'x': -36.905, 'yaw': 3.14}, None, None
100.05, [INFO], robot5, {'battery-level': '67.64'}, None, None
100.05, [INFO], robot5, {'y': 17.49, 'x': -36.94, 'yaw': -3.141}, None, None
110.02, [INFO], robot5, {'battery-level': '67.22'}, None, None
110.02, [INFO], robot5, {'y': 17.284, 'x': -37.122, 'yaw': -3.141}, None, None
120.09, [INFO], robot5, {'y': 17.376, 'x': -36.954, 'yaw': 3.141}, None, None
120.09, [INFO], robot5, {'battery-level': '66.80'}, None, None
130.05, [INFO], robot5, {'y': 17.453, 'x': -36.81, 'yaw': 3.142}, None, None
130.05, [INFO], robot5, {'battery-level': '66.38'}, None, None
140.02, [INFO], robot5, {'y': 17.424, 'x': -37.054, 'yaw': 3.142}, None, None
140.02, [INFO], robot5, {'battery-level': '65.96'}, None, None
150.09, [INFO], robot5, {'battery-level': '65.54'}, None, None
150.09, [INFO], robot5, {'y': 17.318, 'x': -36.876, 'yaw': 3.141}, None, None
160.08, [INFO], robot5, {'y': 17.194, 'x': -37.111, 'yaw': 3.142}, None, None
160.08, [INFO], robot5, {'battery-level': '65.12'}, None, None
169.90, [INFO], robot5, {'battery-level': '64.70'}, None, None
170.00, [INFO], robot5, {'y': 17.405, 'x': -36.963, 'yaw': 3.141}, None, None
180.02, [INFO], robot5, {'y': 17.21, 'x': -37.045, 'yaw': 3.142}, None, None
180.02, [INFO], robot5, {'battery-level': '64.28'}, None, None
187.41, [WARN], robot5, SKILL-FAILURE, navigation, navto_room
190.05, [INFO], robot5, {'y': 17.372, 'x': -36.935, 'yaw': 3.142}, None, None
190.05, [INFO], robot5, {'battery-level': '63.86'}, None, None
200.02, [INFO], robot5, {'battery-level': '63.44'}, None, None
200.02, [INFO], robot5, {'y': 17.372, 'x': -36.935, 'yaw': 3.142}, None, None
