0.00, [DEBUG], nurse, NURSE_CONFIG={'location': 'PC Room 3', 'position': [-28.5, 18.0, -1.57]}, None, None
0.00, [DEBUG], logger, ROBOTS_CONFIG={'avg_speed': 0.15, 'battery_charge': 0.634952869577942, 'battery_discharge_rate': 0.0006000000000000001, 'id': 2, 'local_plan': [['navigation', ['PC Room 3', [[-21.0, 18.0, -1.57], [-21.0, 16.0], [-28.5, 16.0], [-28.5, 18.0, -1.57]]], 'navto_room'], ['approach_person', ['nurse'], 'approach_nurse'], ['authenticate_person', ['nurse'], 'authenticate_nurse'], ['operate_drawer', ['open'], 'open_drawer_for_nurse'], ['send_message', ['nurse'], 'notify_nurse_of_open_drawer_for_nurse_completed'], ['wait_message', ['nurse'], 'wait_nurse_to_complete_deposit'], ['operate_drawer', ['close'], 'close_drawer_nurse'], ['navigation', ['Laboratory', [[-28.5, 18.0, -1.57], [-28.5, 16.0], [-26.0, 16.0], [-26.0, 13.0, 1.57]]], 'navto_lab'], ['approach_robot', ['lab_arm'], 'approach_arm'], ['operate_drawer', ['open'], 'open_drawer_lab'], ['send_message', ['lab_arm'], 'notify_lab_arm_of_open_drawer_lab_completed'], ['wait_message', ['lab_arm'], 'wait_lab_arm_to_complete_pick_up_sample'], ['operate_drawer', ['close'], 'close_drawer_lab']], 'location': 'PC Room 5', 'name': 'r2', 'position': [-21.0, 18.0, -1.57], 'skills': ['approach_person', 'approach_robot', 'authenticate_person', 'navigation', 'operate_drawer']}, None, None
0.00, [DEBUG], logger, Simulation open, None, None
10.03, [INFO], robot2, {'battery-level': '62.96'}, None, None
10.03, [INFO], robot2, {'y': 17.664, 'x': -20.981, 'yaw': 3.142}, None, None
20.10, [INFO], robot2, {'y': 16.014, 'x': -21.666, 'yaw': 3.141}, None, None
20.10, [INFO], robot2, {'battery-level': '62.36'}, None, None
30.02, [INFO], robot2, {'battery-level': '61.76'}, None, None
30.02, [INFO], robot2, {'y': 15.957, 'x': -23.765, 'yaw': 3.141}, None, None
40.01, [INFO], robot2, {'battery-level': '61.16'}, None, None
40.01, [INFO], robot2, {'y': 15.902, 'x': -25.866, 'yaw': 3.141}, None, None
50.06, [INFO], robot2, {'y': 15.939, 'x': -27.985, 'yaw': -3.141}, None, None
50.06, [INFO], robot2, {'battery-level': '60.56'}, None, None
60.04, [INFO], robot2, {'battery-level': '59.96'}, None, None
60.04, [INFO], robot2, {'y': 17.75, 'x': -28.582, 'yaw': -3.142}, None, None
70.01, [INFO], robot2, {'y': 18.014, 'x': -28.59, 'yaw': 3.142}, None, None
70.01, [INFO], robot2, {'battery-level': '59.36'}, None, None
72.16, [info], nurse, sync, received-request, (status=sending-request)
72.16, [info], nurse, sync, request-sent, (status=waiting)
72.16, [info], nurse, sync, wait-message, (status=message-received)
79.92, [INFO], robot2, {'y': 16.636, 'x': -28.739, 'yaw': -3.142}, None, None
80.02, [INFO], robot2, {'battery-level': '58.76'}, None, None
90.03, [INFO], robot2, {'y': 16.145, 'x': -27.032, 'yaw': -3.14}, None, None
90.03, [INFO], robot2, {'battery-level': '58.16'}, None, None
100.08, [INFO], robot2, {'battery-level': '57.56'}, None, None
100.08, [INFO], robot2, {'y': 14.751, 'x': -25.874, 'yaw': 3.142}, None, None
110.03, [INFO], robot2, {'y': 12.983, 'x': -25.913, 'yaw': -3.142}, None, None
110.03, [INFO], robot2, {'battery-level': '56.96'}, None, None
116.65, [info], lab_arm, sync, wait-message, (status=message-received)
117.63, [WARN], robot2, SUCCESS, None, None
120.08, [INFO], robot2, {'y': 12.92, 'x': -25.951, 'yaw': 3.142}, None, None
120.08, [INFO], robot2, {'battery-level': '56.36'}, None, None
