0.00, [DEBUG], nurse, NURSE_CONFIG={'location': 'IC Room 6', 'position': [-33.9, 18.93, 3.14]}, None, None
0.00, [INFO], robot4, {'battery-level': '17.50'}, None, None
0.00, [DEBUG], logger, ROBOTS_CONFIG={'avg_speed': 0.15, 'battery_charge': 0.17496190705907763, 'battery_discharge_rate': 0.00026000000000000003, 'id': 4, 'local_plan': [['navigation', ['IC Room 6', [[-39.44, 33.95, 0.0], [-37.0, 33.95], [-37.0, 18.93], [-33.9, 18.93, 3.14]]], 'navto_room'], ['approach_person', ['nurse'], 'approach_nurse'], ['authenticate_person', ['nurse'], 'authenticate_nurse'], ['operate_drawer', ['open'], 'open_drawer_for_nurse'], ['send_message', ['nurse'], 'notify_nurse_of_open_drawer_for_nurse_completed'], ['wait_message', ['nurse'], 'wait_nurse_to_complete_deposit'], ['operate_drawer', ['close'], 'close_drawer_nurse'], ['navigation', ['Laboratory', [[-33.9, 18.93, 3.14], [-37.0, 18.93], [-37.0, 16.0], [-26.0, 16.0], [-26.0, 13.0, 1.57]]], 'navto_lab'], ['approach_robot', ['lab_arm'], 'approach_arm'], ['operate_drawer', ['open'], 'open_drawer_lab'], ['send_message', ['lab_arm'], 'notify_lab_arm_of_open_drawer_lab_completed'], ['wait_message', ['lab_arm'], 'wait_lab_arm_to_complete_pick_up_sample'], ['operate_drawer', ['close'], 'close_drawer_lab']], 'location': 'IC Room 4', 'name': 'r4', 'position': [-39.44, 33.95, 0.0], 'skills': ['approach_person', 'approach_robot', 'authenticate_person', 'navigation', 'operate_drawer']}, None, None
0.00, [DEBUG], logger, Simulation open, None, None
10.06, [INFO], robot4, {'battery-level': '17.26'}, None, None
10.06, [INFO], robot4, {'y': 34.085, 'x': -38.99, 'yaw': -3.142}, None, None
20.03, [INFO], robot4, {'battery-level': '17.00'}, None, None
20.03, [INFO], robot4, {'y': 34.163, 'x': -37.191, 'yaw': 3.141}, None, None
30.01, [INFO], robot4, {'y': 32.071, 'x': -37.083, 'yaw': 3.141}, None, None
30.01, [INFO], robot4, {'battery-level': '16.74'}, None, None
40.07, [INFO], robot4, {'battery-level': '16.48'}, None, None
40.07, [INFO], robot4, {'y': 29.948, 'x': -37.039, 'yaw': 3.14}, None, None
50.01, [INFO], robot4, {'battery-level': '16.22'}, None, None
50.01, [INFO], robot4, {'y': 27.841, 'x': -36.997, 'yaw': 3.141}, None, None
60.06, [INFO], robot4, {'y': 25.715, 'x': -37.003, 'yaw': -3.142}, None, None
60.06, [INFO], robot4, {'battery-level': '15.96'}, None, None
70.02, [INFO], robot4, {'battery-level': '15.70'}, None, None
70.02, [INFO], robot4, {'y': 23.616, 'x': -36.988, 'yaw': 3.142}, None, None
80.07, [INFO], robot4, {'battery-level': '15.44'}, None, None
80.07, [INFO], robot4, {'y': 21.507, 'x': -37.122, 'yaw': 3.142}, None, None
90.03, [INFO], robot4, {'battery-level': '15.18'}, None, None
90.03, [INFO], robot4, {'y': 19.414, 'x': -37.036, 'yaw': 3.14}, None, None
100.08, [INFO], robot4, {'battery-level': '14.92'}, None, None
100.08, [INFO], robot4, {'y': 17.748, 'x': -35.821, 'yaw': -3.141}, None, None
110.03, [INFO], robot4, {'y': 18.591, 'x': -34.177, 'yaw': 3.142}, None, None
110.03, [INFO], robot4, {'battery-level': '14.66'}, None, None
118.92, [info], nurse, sync, received-request, (status=sending-request)
118.92, [info], nurse, sync, request-sent, (status=waiting)
119.02, [info], nurse, sync, wait-message, (status=message-received)
120.08, [INFO], robot4, {'battery-level': '14.40'}, None, None
120.08, [INFO], robot4, {'y': 18.978, 'x': -33.952, 'yaw': 3.141}, None, None
130.03, [INFO], robot4, {'battery-level': '14.14'}, None, None
130.03, [INFO], robot4, {'y': 17.785, 'x': -35.459, 'yaw': 3.142}, None, None
140.08, [INFO], robot4, {'y': 18.123, 'x': -36.578, 'yaw': 3.141}, None, None
140.08, [INFO], robot4, {'battery-level': '13.88'}, None, None
150.04, [INFO], robot4, {'battery-level': '13.62'}, None, None
150.04, [INFO], robot4, {'y': 17.347, 'x': -36.761, 'yaw': 3.142}, None, None
160.00, [INFO], robot4, {'battery-level': '13.36'}, None, None
160.00, [INFO], robot4, {'y': 17.188, 'x': -36.764, 'yaw': -3.141}, None, None
170.03, [INFO], robot4, {'battery-level': '13.10'}, None, None
170.03, [INFO], robot4, {'y': 17.393, 'x': -36.978, 'yaw': -3.142}, None, None
180.00, [INFO], robot4, {'y': 17.277, 'x': -37.145, 'yaw': 3.141}, None, None
180.00, [INFO], robot4, {'battery-level': '12.84'}, None, None
190.01, [INFO], robot4, {'y': 17.253, 'x': -37.106, 'yaw': -3.142}, None, None
190.01, [INFO], robot4, {'battery-level': '12.58'}, None, None
200.05, [INFO], robot4, {'y': 17.32, 'x': -36.807, 'yaw': -3.142}, None, None
200.05, [INFO], robot4, {'battery-level': '12.32'}, None, None
210.07, [INFO], robot4, {'y': 17.317, 'x': -36.971, 'yaw': -3.141}, None, None
210.07, [INFO], robot4, {'battery-level': '12.06'}, None, None
220.08, [INFO], robot4, {'battery-level': '11.80'}, None, None
220.08, [INFO], robot4, {'y': 17.498, 'x': -36.908, 'yaw': -3.142}, None, None
230.01, [INFO], robot4, {'battery-level': '11.54'}, None, None
230.01, [INFO], robot4, {'y': 17.155, 'x': -36.861, 'yaw': 3.141}, None, None
240.06, [INFO], robot4, {'y': 17.444, 'x': -37.051, 'yaw': 3.142}, None, None
240.06, [INFO], robot4, {'battery-level': '11.28'}, None, None
250.03, [INFO], robot4, {'y': 17.284, 'x': -36.862, 'yaw': -3.141}, None, None
250.03, [INFO], robot4, {'battery-level': '11.02'}, None, None
260.01, [INFO], robot4, {'battery-level': '10.76'}, None, None
260.01, [INFO], robot4, {'y': 17.388, 'x': -37.021, 'yaw': -3.141}, None, None
270.06, [INFO], robot4, {'battery-level': '10.50'}, None, None
270.06, [INFO], robot4, {'y': 17.385, 'x': -36.851, 'yaw': -3.142}, None, None
280.02, [INFO], robot4, {'battery-level': '10.24'}, None, None
280.02, [INFO], robot4, {'y': 17.503, 'x': -36.899, 'yaw': 3.141}, None, None
290.07, [INFO], robot4, {'y': 17.309, 'x': -37.018, 'yaw': 3.141}, None, None
290.07, [INFO], robot4, {'battery-level': '9.98'}, None, None
300.02, [INFO], robot4, {'y': 17.308, 'x': -36.819, 'yaw': 3.142}, None, None
300.02, [INFO], robot4, {'battery-level': '9.72'}, None, None
309.29, [WARN], robot4, SKILL-FAILURE, navigation, navto_lab
310.01, [INFO], robot4, {'battery-level': '9.46'}, None, None
310.01, [INFO], robot4, {'y': 17.182, 'x': -36.868, 'yaw': 3.142}, None, None
320.05, [INFO], robot4, {'battery-level': '9.20'}, None, None
320.05, [INFO], robot4, {'y': 17.182, 'x': -36.868, 'yaw': 3.142}, None, None
