0.12, [DEBUG], logger, ROBOTS_CONFIG={'avg_speed': 0.15, 'battery_charge': 0.17496190705907763, 'battery_discharge_rate': 0.00026000000000000003, 'id': 4, 'local_plan': [['navigation', ['IC Room 6', [[-39.44, 33.95, 0.0], [-37.0, 33.95], [-37.0, 18.93], [-33.9, 18.93, 3.14]]], 'navto_room'], ['approach_person', ['nurse'], 'approach_nurse'], ['authenticate_person', ['nurse'], 'authenticate_nurse'], ['operate_drawer', ['open'], 'open_drawer_for_nurse'], ['send_message', ['nurse'], 'notify_nurse_of_open_drawer_for_nurse_completed'], ['wait_message', ['nurse'], 'wait_nurse_to_complete_deposit'], ['operate_drawer', ['close'], 'close_drawer_nurse'], ['navigation', ['Laboratory', [[-33.9, 18.93, 3.14], [-37.0, 18.93], [-37.0, 16.0], [-26.0, 16.0], [-26.0, 13.0, 1.57]]], 'navto_lab'], ['approach_robot', ['lab_arm'], 'approach_arm'], ['operate_drawer', ['open'], 'open_drawer_lab'], ['send_message', ['lab_arm'], 'notify_lab_arm_of_open_drawer_lab_completed'], ['wait_message', ['lab_arm'], 'wait_lab_arm_to_complete_pick_up_sample'], ['operate_drawer', ['close'], 'close_drawer_lab']], 'location': 'IC Room 4', 'name': 'r4', 'position': [-39.44, 33.95, 0.0], 'skills': ['approach_person', 'approach_robot', 'authenticate_person', 'navigation', 'operate_drawer']}, None, None
0.12, [DEBUG], logger, Simulation open, None, None
10.02, [INFO], robot4, {'battery-level': '17.26'}, None, None
10.02, [INFO], robot4, {'y': 34.267, 'x': -38.704, 'yaw': -3.142}, None, None
20.09, [INFO], robot4, {'y': 33.808, 'x': -37.053, 'yaw': 3.142}, None, None
20.09, [INFO], robot4, {'battery-level': '17.00'}, None, None
30.08, [INFO], robot4, {'y': 31.7, 'x': -36.984, 'yaw': 3.141}, None, None
30.08, [INFO], robot4, {'battery-level': '16.74'}, None, None
40.03, [INFO], robot4, {'battery-level': '16.48'}, None, None
40.03, [INFO], robot4, {'y': 29.601, 'x': -36.992, 'yaw': 3.141}, None, None
50.09, [INFO], robot4, {'y': 27.477, 'x': -36.999, 'yaw': 3.141}, None, None
50.09, [INFO], robot4, {'battery-level': '16.22'}, None, None
60.06, [INFO], robot4, {'battery-level': '15.96'}, None, None
60.06, [INFO], robot4, {'y': 25.366, 'x': -37.046, 'yaw': -3.142}, None, None
70.09, [INFO], robot4, {'y': 23.258, 'x': -37.0, 'yaw': 3.141}, None, None
70.09, [INFO], robot4, {'battery-level': '15.70'}, None, None
80.06, [INFO], robot4, {'y': 21.147, 'x': -37.088, 'yaw': 3.142}, None, None
80.06, [INFO], robot4, {'battery-level': '15.44'}, None, None
90.03, [INFO], robot4, {'y': 19.035, 'x': -36.953, 'yaw': 3.141}, None, None
90.03, [INFO], robot4, {'battery-level': '15.18'}, None, None
100.00, [INFO], robot4, {'battery-level': '14.92'}, None, None
100.00, [INFO], robot4, {'y': 17.653, 'x': -35.385, 'yaw': -3.14}, None, None
110.06, [INFO], robot4, {'battery-level': '14.66'}, None, None
110.06, [INFO], robot4, {'y': 18.845, 'x': -33.961, 'yaw': 3.142}, None, None
116.79, [info], nurse, sync, received-request, (status=sending-request)
116.79, [info], nurse, sync, request-sent, (status=waiting)
116.79, [info], nurse, sync, wait-message, (status=message-received)
120.02, [INFO], robot4, {'battery-level': '14.40'}, None, None
120.02, [INFO], robot4, {'y': 18.766, 'x': -34.263, 'yaw': 3.142}, None, None
130.07, [INFO], robot4, {'battery-level': '14.14'}, None, None
130.07, [INFO], robot4, {'y': 17.846, 'x': -35.883, 'yaw': 3.142}, None, None
140.03, [INFO], robot4, {'y': 17.326, 'x': -37.068, 'yaw': 3.142}, None, None
140.03, [INFO], robot4, {'battery-level': '13.88'}, None, None
150.06, [INFO], robot4, {'battery-level': '13.62'}, None, None
150.06, [INFO], robot4, {'y': 17.367, 'x': -37.031, 'yaw': 3.141}, None, None
160.02, [INFO], robot4, {'y': 17.273, 'x': -36.828, 'yaw': 3.141}, None, None
160.02, [INFO], robot4, {'battery-level': '13.36'}, None, None
170.09, [INFO], robot4, {'battery-level': '13.10'}, None, None
170.09, [INFO], robot4, {'y': 17.267, 'x': -36.924, 'yaw': 3.141}, None, None
180.05, [INFO], robot4, {'battery-level': '12.84'}, None, None
180.05, [INFO], robot4, {'y': 17.512, 'x': -36.935, 'yaw': 3.141}, None, None
190.03, [INFO], robot4, {'y': 17.446, 'x': -36.905, 'yaw': 3.141}, None, None
190.03, [INFO], robot4, {'battery-level': '12.58'}, None, None
200.07, [INFO], robot4, {'battery-level': '12.32'}, None, None
200.07, [INFO], robot4, {'y': 17.44, 'x': -36.869, 'yaw': 3.142}, None, None
210.05, [INFO], robot4, {'y': 17.289, 'x': -37.011, 'yaw': -3.141}, None, None
210.05, [INFO], robot4, {'battery-level': '12.06'}, None, None
220.03, [INFO], robot4, {'y': 17.421, 'x': -37.106, 'yaw': 3.14}, None, None
220.03, [INFO], robot4, {'battery-level': '11.80'}, None, None
230.08, [INFO], robot4, {'battery-level': '11.54'}, None, None
230.08, [INFO], robot4, {'y': 17.349, 'x': -36.841, 'yaw': -3.142}, None, None
240.04, [INFO], robot4, {'battery-level': '11.28'}, None, None
240.04, [INFO], robot4, {'y': 17.438, 'x': -37.033, 'yaw': -3.142}, None, None
250.03, [INFO], robot4, {'battery-level': '11.02'}, None, None
250.03, [INFO], robot4, {'y': 17.291, 'x': -36.84, 'yaw': -3.141}, None, None
260.07, [INFO], robot4, {'battery-level': '10.76'}, None, None
260.07, [INFO], robot4, {'y': 17.438, 'x': -37.035, 'yaw': 3.14}, None, None
270.10, [INFO], robot4, {'battery-level': '10.50'}, None, None
270.10, [INFO], robot4, {'y': 17.308, 'x': -36.802, 'yaw': 3.142}, None, None
280.06, [INFO], robot4, {'y': 17.398, 'x': -36.982, 'yaw': 3.142}, None, None
280.06, [INFO], robot4, {'battery-level': '10.24'}, None, None
290.02, [INFO], robot4, {'battery-level': '9.98'}, None, None
290.02, [INFO], robot4, {'y': 17.293, 'x': -36.882, 'yaw': -3.141}, None, None
300.09, [INFO], robot4, {'y': 17.411, 'x': -37.011, 'yaw': -3.141}, None, None
300.09, [INFO], robot4, {'battery-level': '9.72'}, None, None
307.17, [WARN], robot4, SKILL-FAILURE, navigation, navto_lab
310.08, [INFO], robot4, {'y': 17.375, 'x': -36.887, 'yaw': 3.142}, None, None
310.08, [INFO], robot4, {'battery-level': '9.46'}, None, None
