0.00, [DEBUG], nurse, NURSE_CONFIG={'location': 'IC Room 2', 'position': [-38.0, 21.5, 0.0]}, None, None
0.13, [DEBUG], logger, ROBOTS_CONFIG={'avg_speed': 0.15, 'battery_charge': 0.5408465660492595, 'battery_discharge_rate': 0.0005200000000000001, 'id': 6, 'local_plan': [['navigation', ['IC Room 2', [[-33.9, 18.93, 3.14], [-37.0, 18.93], [-37.0, 21.5], [-38.0, 21.5, 0.0]]], 'navto_room'], ['approach_person', ['nurse'], 'approach_nurse'], ['authenticate_person', ['nurse'], 'authenticate_nurse'], ['operate_drawer', ['open'], 'open_drawer_for_nurse'], ['send_message', ['nurse'], 'notify_nurse_of_open_drawer_for_nurse_completed'], ['wait_message', ['nurse'], 'wait_nurse_to_complete_deposit'], ['operate_drawer', ['close'], 'close_drawer_nurse'], ['navigation', ['Laboratory', [[-38.0, 21.5, 0.0], [-37.0, 21.5], [-37.0, 16.0], [-26.0, 16.0], [-26.0, 13.0, 1.57]]], 'navto_lab'], ['approach_robot', ['lab_arm'], 'approach_arm'], ['operate_drawer', ['open'], 'open_drawer_lab'], ['send_message', ['lab_arm'], 'notify_lab_arm_of_open_drawer_lab_completed'], ['wait_message', ['lab_arm'], 'wait_lab_arm_to_complete_pick_up_sample'], ['operate_drawer', ['close'], 'close_drawer_lab']], 'location': 'IC Room 6', 'name': 'r6', 'position': [-33.9, 18.93, 3.14], 'skills': ['approach_person', 'approach_robot', 'authenticate_person', 'navigation', 'operate_drawer']}, None, None
0.13, [DEBUG], logger, Simulation open, None, None
10.04, [INFO], robot6, {'battery-level': '53.62'}, None, None
10.04, [INFO], robot6, {'y': 18.624, 'x': -34.293, 'yaw': 3.142}, None, None
20.08, [INFO], robot6, {'y': 17.899, 'x': -35.985, 'yaw': 3.141}, None, None
20.08, [INFO], robot6, {'battery-level': '53.10'}, None, None
30.05, [INFO], robot6, {'y': 19.658, 'x': -36.913, 'yaw': 3.141}, None, None
30.05, [INFO], robot6, {'battery-level': '52.58'}, None, None
40.00, [INFO], robot6, {'battery-level': '52.06'}, None, None
40.00, [INFO], robot6, {'y': 21.479, 'x': -37.526, 'yaw': -3.141}, None, None
50.05, [INFO], robot6, {'battery-level': '51.54'}, None, None
50.05, [INFO], robot6, {'y': 21.463, 'x': -38.049, 'yaw': -3.141}, None, None
58.84, [info], nurse, sync, received-request, (status=sending-request)
58.84, [info], nurse, sync, request-sent, (status=waiting)
58.84, [info], nurse, sync, wait-message, (status=message-received)
60.00, [INFO], robot6, {'battery-level': '51.02'}, None, None
60.00, [INFO], robot6, {'y': 21.425, 'x': -38.116, 'yaw': -3.14}, None, None
70.02, [INFO], robot6, {'y': 20.043, 'x': -37.187, 'yaw': -3.138}, None, None
70.02, [INFO], robot6, {'battery-level': '50.50'}, None, None
80.03, [INFO], robot6, {'battery-level': '49.98'}, None, None
80.03, [INFO], robot6, {'y': 17.934, 'x': -37.152, 'yaw': 3.14}, None, None
90.07, [INFO], robot6, {'y': 15.919, 'x': -36.744, 'yaw': 3.141}, None, None
90.07, [INFO], robot6, {'battery-level': '49.46'}, None, None
100.04, [INFO], robot6, {'battery-level': '48.94'}, None, None
100.04, [INFO], robot6, {'y': 15.426, 'x': -34.664, 'yaw': -3.141}, None, None
110.02, [INFO], robot6, {'y': 15.523, 'x': -32.545, 'yaw': 3.141}, None, None
110.02, [INFO], robot6, {'battery-level': '48.42'}, None, None
120.07, [INFO], robot6, {'battery-level': '47.90'}, None, None
120.07, [INFO], robot6, {'y': 15.619, 'x': -30.429, 'yaw': -3.138}, None, None
130.01, [INFO], robot6, {'battery-level': '47.38'}, None, None
130.01, [INFO], robot6, {'y': 15.777, 'x': -28.321, 'yaw': 3.142}, None, None
140.05, [INFO], robot6, {'y': 15.667, 'x': -26.224, 'yaw': -3.141}, None, None
140.05, [INFO], robot6, {'battery-level': '46.86'}, None, None
150.07, [INFO], robot6, {'battery-level': '46.34'}, None, None
150.07, [INFO], robot6, {'y': 13.622, 'x': -25.715, 'yaw': 3.142}, None, None
160.00, [INFO], robot6, {'battery-level': '45.82'}, None, None
160.00, [INFO], robot6, {'y': 12.901, 'x': -25.959, 'yaw': -3.142}, None, None
162.69, [info], lab_arm, sync, wait-message, (status=message-received)
163.64, [WARN], robot6, SUCCESS, None, None
170.07, [INFO], robot6, {'y': 12.9, 'x': -25.958, 'yaw': -3.142}, None, None
170.07, [INFO], robot6, {'battery-level': '45.30'}, None, None
