0.00, [INFO], robot5, {'battery-level': '71.80'}, None, None
0.00, [DEBUG], logger, ROBOTS_CONFIG={'avg_speed': 0.15, 'battery_charge': 0.7179616530181877, 'battery_discharge_rate': 0.00042, 'id': 5, 'local_plan': [['navigation', ['PC Room 3', [[-33.9, 18.93, 3.14], [-37.0, 18.93], [-37.0, 16.0], [-28.5, 16.0], [-28.5, 18.0, -1.57]]], 'navto_room'], ['approach_person', ['nurse'], 'approach_nurse'], ['authenticate_person', ['nurse'], 'authenticate_nurse'], ['operate_drawer', ['open'], 'open_drawer_for_nurse'], ['send_message', ['nurse'], 'notify_nurse_of_open_drawer_for_nurse_completed'], ['wait_message', ['nurse'], 'wait_nurse_to_complete_deposit'], ['operate_drawer', ['close'], 'close_drawer_nurse'], ['navigation', ['Laboratory', [[-28.5, 18.0, -1.57], [-28.5, 16.0], [-26.0, 16.0], [-26.0, 13.0, 1.57]]], 'navto_lab'], ['approach_robot', ['lab_arm'], 'approach_arm'], ['operate_drawer', ['open'], 'open_drawer_lab'], ['send_message', ['lab_arm'], 'notify_lab_arm_of_open_drawer_lab_completed'], ['wait_message', ['lab_arm'], 'wait_lab_arm_to_complete_pick_up_sample'], ['operate_drawer', ['close'], 'close_drawer_lab']], 'location': 'IC Room 6', 'name': 'r5', 'position': [-33.9, 18.93, 3.14], 'skills': ['approach_person', 'approach_robot', 'authenticate_person', 'navigation', 'operate_drawer']}, None, None
0.00, [DEBUG], logger, Simulation open, None, None
10.06, [INFO], robot5, {'battery-level': '71.42'}, None, None
10.06, [INFO], robot5, {'y': 18.933, 'x': -33.9, 'yaw': -3.141}, None, None
20.07, [INFO], robot5, {'battery-level': '71.00'}, None, None
20.07, [INFO], robot5, {'y': 17.729, 'x': -35.446, 'yaw': 3.141}, None, None
30.01, [INFO], robot5, {'battery-level': '70.58'}, None, None
30.01, [INFO], robot5, {'y': 18.181, 'x': -36.505, 'yaw': 3.141}, None, None
40.03, [INFO], robot5, {'y': 17.461, 'x': -36.882, 'yaw': -3.142}, None, None
40.03, [INFO], robot5, {'battery-level': '70.16'}, None, None
50.04, [INFO], robot5, {'battery-level': '69.74'}, None, None
50.04, [INFO], robot5, {'y': 17.253, 'x': -36.937, 'yaw': -3.141}, None, None
60.05, [INFO], robot5, {'battery-level': '69.32'}, None, None
60.05, [INFO], robot5, {'y': 17.217, 'x': -36.793, 'yaw': 3.14}, None, None
69.99, [INFO], robot5, {'y': 17.391, 'x': -37.049, 'yaw': -3.141}, None, None
70.08, [INFO], robot5, {'battery-level': '68.90'}, None, None
80.02, [INFO], robot5, {'y': 17.344, 'x': -36.838, 'yaw': 3.141}, None, None
80.02, [INFO], robot5, {'battery-level': '68.48'}, None, None
90.10, [INFO], robot5, {'battery-level': '68.06'}, None, None
90.10, [INFO], robot5, {'y': 17.428, 'x': -36.933, 'yaw': 3.142}, None, None
100.09, [INFO], robot5, {'battery-level': '67.64'}, None, None
100.09, [INFO], robot5, {'y': 17.295, 'x': -36.725, 'yaw': -3.141}, None, None
109.91, [INFO], robot5, {'y': 17.414, 'x': -36.854, 'yaw': -3.141}, None, None
110.01, [INFO], robot5, {'battery-level': '67.22'}, None, None
120.03, [INFO], robot5, {'battery-level': '66.80'}, None, None
120.03, [INFO], robot5, {'y': 17.271, 'x': -36.804, 'yaw': 3.141}, None, None
130.00, [INFO], robot5, {'y': 17.237, 'x': -36.853, 'yaw': 3.141}, None, None
130.00, [INFO], robot5, {'battery-level': '66.38'}, None, None
140.06, [INFO], robot5, {'y': 17.11, 'x': -36.967, 'yaw': 3.141}, None, None
140.06, [INFO], robot5, {'battery-level': '65.96'}, None, None
150.08, [INFO], robot5, {'battery-level': '65.54'}, None, None
150.08, [INFO], robot5, {'y': 17.379, 'x': -36.913, 'yaw': 3.141}, None, None
151.13, [WARN], robot5, SKILL-FAILURE, navigation, navto_room
160.03, [INFO], robot5, {'battery-level': '65.12'}, None, None
160.03, [INFO], robot5, {'y': 17.385, 'x': -36.888, 'yaw': -3.142}, None, None
170.00, [INFO], robot5, {'battery-level': '64.70'}, None, None
170.00, [INFO], robot5, {'y': 17.385, 'x': -36.888, 'yaw': 3.142}, None, None
