0.00, [DEBUG], nurse, NURSE_CONFIG={'location': 'IC Room 6', 'position': [-33.9, 18.93, 3.14]}, None, None
0.00, [INFO], robot4, {'battery-level': '17.50'}, None, None
0.16, [DEBUG], logger, ROBOTS_CONFIG={'avg_speed': 0.15, 'battery_charge': 0.17496190705907763, 'battery_discharge_rate': 0.00026000000000000003, 'id': 4, 'local_plan': [['navigation', ['IC Room 6', [[-39.44, 33.95, 0.0], [-37.0, 33.95], [-37.0, 18.93], [-33.9, 18.93, 3.14]]], 'navto_room'], ['approach_person', ['nurse'], 'approach_nurse'], ['authenticate_person', ['nurse'], 'authenticate_nurse'], ['operate_drawer', ['open'], 'open_drawer_for_nurse'], ['send_message', ['nurse'], 'notify_nurse_of_open_drawer_for_nurse_completed'], ['wait_message', ['nurse'], 'wait_nurse_to_complete_deposit'], ['operate_drawer', ['close'], 'close_drawer_nurse'], ['navigation', ['Laboratory', [[-33.9, 18.93, 3.14], [-37.0, 18.93], [-37.0, 16.0], [-26.0, 16.0], [-26.0, 13.0, 1.57]]], 'navto_lab'], ['approach_robot', ['lab_arm'], 'approach_arm'], ['operate_drawer', ['open'], 'open_drawer_lab'], ['send_message', ['lab_arm'], 'notify_lab_arm_of_open_drawer_lab_completed'], ['wait_message', ['lab_arm'], 'wait_lab_arm_to_complete_pick_up_sample'], ['operate_drawer', ['close'], 'close_drawer_lab']], 'location': 'IC Room 4', 'name': 'r4', 'position': [-39.44, 33.95, 0.0], 'skills': ['approach_person', 'approach_robot', 'authenticate_person', 'navigation', 'operate_drawer']}, None, None
0.16, [DEBUG], logger, Simulation open, None, None
10.05, [INFO], robot4, {'battery-level': '17.26'}, None, None
10.05, [INFO], robot4, {'y': 34.191, 'x': -38.816, 'yaw': 3.141}, None, None
20.07, [INFO], robot4, {'battery-level': '17.00'}, None, None
20.07, [INFO], robot4, {'y': 33.956, 'x': -37.082, 'yaw': 3.141}, None, None
30.03, [INFO], robot4, {'battery-level': '16.74'}, None, None
30.03, [INFO], robot4, {'y': 31.85, 'x': -37.047, 'yaw': 3.141}, None, None
40.03, [INFO], robot4, {'battery-level': '16.48'}, None, None
40.03, [INFO], robot4, {'y': 29.735, 'x': -37.017, 'yaw': 3.141}, None, None
50.05, [INFO], robot4, {'battery-level': '16.22'}, None, None
50.05, [INFO], robot4, {'y': 27.608, 'x': -37.007, 'yaw': 3.141}, None, None
60.01, [INFO], robot4, {'battery-level': '15.96'}, None, None
60.01, [INFO], robot4, {'y': 25.505, 'x': -37.02, 'yaw': 3.142}, None, None
70.03, [INFO], robot4, {'battery-level': '15.70'}, None, None
70.03, [INFO], robot4, {'y': 23.391, 'x': -36.998, 'yaw': -3.141}, None, None
79.94, [INFO], robot4, {'y': 21.284, 'x': -37.133, 'yaw': -3.142}, None, None
80.04, [INFO], robot4, {'battery-level': '15.44'}, None, None
90.05, [INFO], robot4, {'y': 19.178, 'x': -37.008, 'yaw': 3.137}, None, None
90.05, [INFO], robot4, {'battery-level': '15.18'}, None, None
100.01, [INFO], robot4, {'y': 17.734, 'x': -35.476, 'yaw': 3.139}, None, None
100.01, [INFO], robot4, {'battery-level': '14.92'}, None, None
110.03, [INFO], robot4, {'y': 18.857, 'x': -34.002, 'yaw': -3.142}, None, None
110.03, [INFO], robot4, {'battery-level': '14.66'}, None, None
116.57, [info], nurse, sync, received-request, (status=sending-request)
116.57, [info], nurse, sync, request-sent, (status=waiting)
116.57, [info], nurse, sync, wait-message, (status=message-received)
120.05, [INFO], robot4, {'battery-level': '14.40'}, None, None
120.05, [INFO], robot4, {'y': 18.753, 'x': -34.314, 'yaw': 3.141}, None, None
130.03, [INFO], robot4, {'battery-level': '14.14'}, None, None
130.03, [INFO], robot4, {'y': 17.89, 'x': -35.942, 'yaw': 3.14}, None, None
140.05, [INFO], robot4, {'battery-level': '13.88'}, None, None
140.05, [INFO], robot4, {'y': 17.287, 'x': -37.033, 'yaw': -3.142}, None, None
150.06, [INFO], robot4, {'y': 17.335, 'x': -37.01, 'yaw': 3.141}, None, None
150.06, [INFO], robot4, {'battery-level': '13.62'}, None, None
160.03, [INFO], robot4, {'battery-level': '13.36'}, None, None
160.03, [INFO], robot4, {'y': 17.475, 'x': -37.068, 'yaw': -3.141}, None, None
170.07, [INFO], robot4, {'y': 17.298, 'x': -37.162, 'yaw': 3.141}, None, None
170.07, [INFO], robot4, {'battery-level': '13.10'}, None, None
180.08, [INFO], robot4, {'y': 17.451, 'x': -36.924, 'yaw': -3.141}, None, None
180.08, [INFO], robot4, {'battery-level': '12.84'}, None, None
190.09, [INFO], robot4, {'y': 17.232, 'x': -37.167, 'yaw': 3.141}, None, None
190.09, [INFO], robot4, {'battery-level': '12.58'}, None, None
200.03, [INFO], robot4, {'y': 17.559, 'x': -36.742, 'yaw': 3.141}, None, None
200.03, [INFO], robot4, {'battery-level': '12.32'}, None, None
210.05, [INFO], robot4, {'battery-level': '12.06'}, None, None
210.05, [INFO], robot4, {'y': 17.333, 'x': -36.827, 'yaw': 3.142}, None, None
220.01, [INFO], robot4, {'battery-level': '11.80'}, None, None
220.01, [INFO], robot4, {'y': 17.269, 'x': -37.136, 'yaw': 3.141}, None, None
230.02, [INFO], robot4, {'battery-level': '11.54'}, None, None
230.02, [INFO], robot4, {'y': 17.442, 'x': -36.861, 'yaw': -3.141}, None, None
240.02, [INFO], robot4, {'battery-level': '11.28'}, None, None
240.02, [INFO], robot4, {'y': 17.414, 'x': -36.922, 'yaw': -3.141}, None, None
250.07, [INFO], robot4, {'battery-level': '11.02'}, None, None
250.07, [INFO], robot4, {'y': 17.425, 'x': -36.91, 'yaw': -3.142}, None, None
260.09, [INFO], robot4, {'battery-level': '10.76'}, None, None
260.09, [INFO], robot4, {'y': 17.24, 'x': -37.091, 'yaw': 3.141}, None, None
270.01, [INFO], robot4, {'battery-level': '10.50'}, None, None
270.01, [INFO], robot4, {'y': 17.394, 'x': -36.904, 'yaw': 3.141}, None, None
280.01, [INFO], robot4, {'y': 17.368, 'x': -36.861, 'yaw': -3.142}, None, None
280.01, [INFO], robot4, {'battery-level': '10.24'}, None, None
290.04, [INFO], robot4, {'battery-level': '9.98'}, None, None
290.04, [INFO], robot4, {'y': 17.369, 'x': -36.908, 'yaw': -3.141}, None, None
300.05, [INFO], robot4, {'y': 17.285, 'x': -37.004, 'yaw': 3.142}, None, None
300.05, [INFO], robot4, {'battery-level': '9.72'}, None, None
302.77, [WARN], robot4, SKILL-FAILURE, navigation, navto_lab
310.07, [INFO], robot4, {'battery-level': '9.46'}, None, None
310.07, [INFO], robot4, {'y': 17.397, 'x': -36.888, 'yaw': -3.142}, None, None
320.06, [INFO], robot4, {'y': 17.397, 'x': -36.888, 'yaw': -3.142}, None, None
320.06, [INFO], robot4, {'battery-level': '9.20'}, None, None
