0.00, [INFO], robot2, {'battery-level': '63.50'}, None, None
0.00, [DEBUG], logger, ROBOTS_CONFIG={'avg_speed': 0.15, 'battery_charge': 0.634952869577942, 'battery_discharge_rate': 0.0006000000000000001, 'id': 2, 'local_plan': [['navigation', ['IC Room 6', [[-19.0, 18.0, -1.57], [-19.0, 16.0], [-37.0, 16.0], [-37.0, 18.93], [-33.9, 18.93, 3.14]]], 'navto_room'], ['approach_person', ['nurse'], 'approach_nurse'], ['authenticate_person', ['nurse'], 'authenticate_nurse'], ['operate_drawer', ['open'], 'open_drawer_for_nurse'], ['send_message', ['nurse'], 'notify_nurse_of_open_drawer_for_nurse_completed'], ['wait_message', ['nurse'], 'wait_nurse_to_complete_deposit'], ['operate_drawer', ['close'], 'close_drawer_nurse'], ['navigation', ['Laboratory', [[-33.9, 18.93, 3.14], [-37.0, 18.93], [-37.0, 16.0], [-26.0, 16.0], [-26.0, 13.0, 1.57]]], 'navto_lab'], ['approach_robot', ['lab_arm'], 'approach_arm'], ['operate_drawer', ['open'], 'open_drawer_lab'], ['send_message', ['lab_arm'], 'notify_lab_arm_of_open_drawer_lab_completed'], ['wait_message', ['lab_arm'], 'wait_lab_arm_to_complete_pick_up_sample'], ['operate_drawer', ['close'], 'close_drawer_lab']], 'location': 'PC Room 6', 'name': 'r2', 'position': [-19.0, 18.0, -1.57], 'skills': ['approach_person', 'approach_robot', 'authenticate_person', 'navigation', 'operate_drawer']}, None, None
0.00, [DEBUG], logger, Simulation open, None, None
10.07, [INFO], robot2, {'battery-level': '62.96'}, None, None
10.07, [INFO], robot2, {'y': 17.49, 'x': -19.169, 'yaw': 3.141}, None, None
20.05, [INFO], robot2, {'battery-level': '62.36'}, None, None
20.05, [INFO], robot2, {'y': 16.17, 'x': -20.272, 'yaw': -3.142}, None, None
30.01, [INFO], robot2, {'y': 16.128, 'x': -22.371, 'yaw': -3.141}, None, None
30.01, [INFO], robot2, {'battery-level': '61.76'}, None, None
40.08, [INFO], robot2, {'battery-level': '61.16'}, None, None
40.08, [INFO], robot2, {'y': 16.09, 'x': -24.494, 'yaw': -3.141}, None, None
50.04, [INFO], robot2, {'battery-level': '60.56'}, None, None
50.04, [INFO], robot2, {'y': 16.039, 'x': -26.601, 'yaw': 3.14}, None, None
60.03, [INFO], robot2, {'battery-level': '59.96'}, None, None
60.03, [INFO], robot2, {'y': 16.139, 'x': -28.709, 'yaw': -3.142}, None, None
70.01, [INFO], robot2, {'y': 16.1, 'x': -30.81, 'yaw': 3.142}, None, None
70.01, [INFO], robot2, {'battery-level': '59.36'}, None, None
80.08, [INFO], robot2, {'y': 15.794, 'x': -32.93, 'yaw': 3.141}, None, None
80.08, [INFO], robot2, {'battery-level': '58.76'}, None, None
90.00, [INFO], robot2, {'battery-level': '58.16'}, None, None
90.00, [INFO], robot2, {'y': 15.384, 'x': -34.994, 'yaw': -3.142}, None, None
100.03, [INFO], robot2, {'battery-level': '57.56'}, None, None
100.03, [INFO], robot2, {'y': 16.119, 'x': -36.898, 'yaw': -3.142}, None, None
110.00, [INFO], robot2, {'y': 17.651, 'x': -36.855, 'yaw': -3.141}, None, None
110.00, [INFO], robot2, {'battery-level': '56.96'}, None, None
120.09, [INFO], robot2, {'battery-level': '56.36'}, None, None
120.09, [INFO], robot2, {'y': 17.75, 'x': -36.821, 'yaw': -3.142}, None, None
130.05, [INFO], robot2, {'y': 17.743, 'x': -36.81, 'yaw': 3.141}, None, None
130.05, [INFO], robot2, {'battery-level': '55.76'}, None, None
140.04, [INFO], robot2, {'battery-level': '55.16'}, None, None
140.04, [INFO], robot2, {'y': 17.699, 'x': -36.778, 'yaw': 3.141}, None, None
150.07, [INFO], robot2, {'battery-level': '54.56'}, None, None
150.07, [INFO], robot2, {'y': 17.699, 'x': -36.778, 'yaw': -3.142}, None, None
160.03, [INFO], robot2, {'battery-level': '53.96'}, None, None
160.03, [INFO], robot2, {'y': 17.696, 'x': -36.779, 'yaw': -3.142}, None, None
170.09, [INFO], robot2, {'y': 17.72, 'x': -35.948, 'yaw': -3.142}, None, None
170.09, [INFO], robot2, {'battery-level': '53.36'}, None, None
180.04, [INFO], robot2, {'y': 17.727, 'x': -35.951, 'yaw': -3.142}, None, None
180.04, [INFO], robot2, {'battery-level': '52.76'}, None, None
190.02, [INFO], robot2, {'battery-level': '52.16'}, None, None
190.02, [INFO], robot2, {'y': 17.722, 'x': -35.978, 'yaw': -3.142}, None, None
200.08, [INFO], robot2, {'y': 17.733, 'x': -35.988, 'yaw': -3.142}, None, None
200.08, [INFO], robot2, {'battery-level': '51.56'}, None, None
210.08, [INFO], robot2, {'y': 17.733, 'x': -35.988, 'yaw': 3.142}, None, None
210.08, [INFO], robot2, {'battery-level': '50.96'}, None, None
220.09, [INFO], robot2, {'battery-level': '50.36'}, None, None
220.09, [INFO], robot2, {'y': 17.732, 'x': -35.988, 'yaw': -3.142}, None, None
230.04, [INFO], robot2, {'y': 17.732, 'x': -36.001, 'yaw': 3.141}, None, None
230.04, [INFO], robot2, {'battery-level': '49.76'}, None, None
240.09, [INFO], robot2, {'battery-level': '49.16'}, None, None
240.09, [INFO], robot2, {'y': 17.878, 'x': -35.982, 'yaw': -3.142}, None, None
249.67, [WARN], robot2, SKILL-FAILURE, navigation, navto_room
250.05, [INFO], robot2, {'battery-level': '48.56'}, None, None
250.05, [INFO], robot2, {'y': 18.175, 'x': -35.65, 'yaw': -3.141}, None, None
260.05, [INFO], robot2, {'y': 18.175, 'x': -35.65, 'yaw': -3.142}, None, None
260.05, [INFO], robot2, {'battery-level': '47.96'}, None, None
