0.00, [DEBUG], nurse, NURSE_CONFIG={'location': 'IC Room 2', 'position': [-38.0, 21.5, 0.0]}, None, None
0.00, [DEBUG], logger, ROBOTS_CONFIG={'avg_speed': 0.15, 'battery_charge': 0.5408465660492595, 'battery_discharge_rate': 0.0005200000000000001, 'id': 6, 'local_plan': [['navigation', ['IC Room 2', [[-33.9, 18.93, 3.14], [-37.0, 18.93], [-37.0, 21.5], [-38.0, 21.5, 0.0]]], 'navto_room'], ['approach_person', ['nurse'], 'approach_nurse'], ['authenticate_person', ['nurse'], 'authenticate_nurse'], ['operate_drawer', ['open'], 'open_drawer_for_nurse'], ['send_message', ['nurse'], 'notify_nurse_of_open_drawer_for_nurse_completed'], ['wait_message', ['nurse'], 'wait_nurse_to_complete_deposit'], ['operate_drawer', ['close'], 'close_drawer_nurse'], ['navigation', ['Laboratory', [[-38.0, 21.5, 0.0], [-37.0, 21.5], [-37.0, 16.0], [-26.0, 16.0], [-26.0, 13.0, 1.57]]], 'navto_lab'], ['approach_robot', ['lab_arm'], 'approach_arm'], ['operate_drawer', ['open'], 'open_drawer_lab'], ['send_message', ['lab_arm'], 'notify_lab_arm_of_open_drawer_lab_completed'], ['wait_message', ['lab_arm'], 'wait_lab_arm_to_complete_pick_up_sample'], ['operate_drawer', ['close'], 'close_drawer_lab']], 'location': 'IC Room 6', 'name': 'r6', 'position': [-33.9, 18.93, 3.14], 'skills': ['approach_person', 'approach_robot', 'authenticate_person', 'navigation', 'operate_drawer']}, None, None
0.00, [DEBUG], logger, Simulation open, None, None
10.09, [INFO], robot6, {'y': 18.527, 'x': -34.331, 'yaw': 3.142}, None, None
10.09, [INFO], robot6, {'battery-level': '53.62'}, None, None
20.01, [INFO], robot6, {'y': 17.948, 'x': -36.059, 'yaw': 3.141}, None, None
20.01, [INFO], robot6, {'battery-level': '53.10'}, None, None
30.04, [INFO], robot6, {'battery-level': '52.58'}, None, None
30.04, [INFO], robot6, {'y': 19.733, 'x': -36.913, 'yaw': -3.137}, None, None
40.08, [INFO], robot6, {'y': 21.505, 'x': -37.643, 'yaw': 3.142}, None, None
40.08, [INFO], robot6, {'battery-level': '52.06'}, None, None
50.01, [INFO], robot6, {'battery-level': '51.54'}, None, None
50.01, [INFO], robot6, {'y': 21.449, 'x': -38.096, 'yaw': -3.142}, None, None
57.41, [info], nurse, sync, received-request, (status=sending-request)
57.41, [info], nurse, sync, request-sent, (status=waiting)
57.50, [info], nurse, sync, wait-message, (status=message-received)
60.08, [INFO], robot6, {'y': 21.35, 'x': -37.792, 'yaw': 3.142}, None, None
60.08, [INFO], robot6, {'battery-level': '51.02'}, None, None
70.00, [INFO], robot6, {'y': 19.592, 'x': -37.189, 'yaw': 3.139}, None, None
70.00, [INFO], robot6, {'battery-level': '50.50'}, None, None
80.08, [INFO], robot6, {'battery-level': '49.98'}, None, None
80.08, [INFO], robot6, {'y': 17.458, 'x': -37.115, 'yaw': 3.14}, None, None
90.03, [INFO], robot6, {'y': 15.97, 'x': -36.141, 'yaw': -3.142}, None, None
90.03, [INFO], robot6, {'battery-level': '49.46'}, None, None
100.04, [INFO], robot6, {'battery-level': '48.94'}, None, None
100.04, [INFO], robot6, {'y': 15.388, 'x': -34.086, 'yaw': -3.141}, None, None
110.05, [INFO], robot6, {'y': 15.545, 'x': -31.97, 'yaw': -3.141}, None, None
110.05, [INFO], robot6, {'battery-level': '48.42'}, None, None
120.02, [INFO], robot6, {'y': 15.655, 'x': -29.859, 'yaw': 3.142}, None, None
120.02, [INFO], robot6, {'battery-level': '47.90'}, None, None
130.01, [INFO], robot6, {'y': 15.834, 'x': -27.748, 'yaw': 3.139}, None, None
130.01, [INFO], robot6, {'battery-level': '47.38'}, None, None
140.00, [INFO], robot6, {'battery-level': '46.86'}, None, None
140.00, [INFO], robot6, {'y': 15.243, 'x': -25.942, 'yaw': 3.141}, None, None
150.00, [INFO], robot6, {'battery-level': '46.34'}, None, None
150.00, [INFO], robot6, {'y': 13.149, 'x': -25.826, 'yaw': 3.142}, None, None
160.09, [INFO], robot6, {'y': 12.912, 'x': -25.966, 'yaw': -3.142}, None, None
160.09, [INFO], robot6, {'battery-level': '45.82'}, None, None
162.11, [info], lab_arm, sync, wait-message, (status=message-received)
163.08, [WARN], robot6, SUCCESS, None, None
170.07, [INFO], robot6, {'battery-level': '45.30'}, None, None
170.07, [INFO], robot6, {'y': 12.91, 'x': -25.964, 'yaw': -3.142}, None, None
