0.00, [INFO], robot2, {'battery-level': '63.50'}, None, None
0.18, [DEBUG], logger, ROBOTS_CONFIG={'avg_speed': 0.15, 'battery_charge': 0.634952869577942, 'battery_discharge_rate': 0.00054, 'id': 2, 'local_plan': [['navigation', ['IC Room 2', [[-19.0, 18.0, -1.57], [-19.0, 16.0], [-37.0, 16.0], [-37.0, 21.5], [-38.0, 21.5, 0.0]]], 'navto_room'], ['approach_person', ['nurse'], 'approach_nurse'], ['authenticate_person', ['nurse'], 'authenticate_nurse'], ['operate_drawer', ['open'], 'open_drawer_for_nurse'], ['send_message', ['nurse'], 'notify_nurse_of_open_drawer_for_nurse_completed'], ['wait_message', ['nurse'], 'wait_nurse_to_complete_deposit'], ['operate_drawer', ['close'], 'close_drawer_nurse'], ['navigation', ['Laboratory', [[-38.0, 21.5, 0.0], [-37.0, 21.5], [-37.0, 16.0], [-26.0, 16.0], [-26.0, 13.0, 1.57]]], 'navto_lab'], ['approach_robot', ['lab_arm'], 'approach_arm'], ['operate_drawer', ['open'], 'open_drawer_lab'], ['send_message', ['lab_arm'], 'notify_lab_arm_of_open_drawer_lab_completed'], ['wait_message', ['lab_arm'], 'wait_lab_arm_to_complete_pick_up_sample'], ['operate_drawer', ['close'], 'close_drawer_lab']], 'location': 'PC Room 6', 'name': 'r2', 'position': [-19.0, 18.0, -1.57], 'skills': ['approach_person', 'approach_robot', 'authenticate_person', 'navigation', 'operate_drawer']}, None, None
0.18, [DEBUG], logger, Simulation open, None, None
10.04, [INFO], robot2, {'battery-level': '63.01'}, None, None
10.04, [INFO], robot2, {'y': 17.506, 'x': -19.167, 'yaw': 3.141}, None, None
20.02, [INFO], robot2, {'battery-level': '62.47'}, None, None
20.02, [INFO], robot2, {'y': 16.173, 'x': -20.173, 'yaw': 3.141}, None, None
30.03, [INFO], robot2, {'battery-level': '61.93'}, None, None
30.03, [INFO], robot2, {'y': 16.169, 'x': -22.291, 'yaw': 3.142}, None, None
40.08, [INFO], robot2, {'battery-level': '61.39'}, None, None
40.08, [INFO], robot2, {'y': 16.089, 'x': -24.414, 'yaw': 3.141}, None, None
50.04, [INFO], robot2, {'battery-level': '60.85'}, None, None
50.04, [INFO], robot2, {'y': 16.043, 'x': -26.514, 'yaw': -3.14}, None, None
60.08, [INFO], robot2, {'y': 16.139, 'x': -28.63, 'yaw': -3.142}, None, None
60.08, [INFO], robot2, {'battery-level': '60.31'}, None, None
70.00, [INFO], robot2, {'battery-level': '59.77'}, None, None
70.00, [INFO], robot2, {'y': 16.092, 'x': -30.737, 'yaw': 3.142}, None, None
80.06, [INFO], robot2, {'battery-level': '59.23'}, None, None
80.06, [INFO], robot2, {'y': 15.813, 'x': -32.858, 'yaw': 3.142}, None, None
90.07, [INFO], robot2, {'battery-level': '58.69'}, None, None
90.07, [INFO], robot2, {'y': 15.348, 'x': -34.941, 'yaw': 3.14}, None, None
100.04, [INFO], robot2, {'battery-level': '58.15'}, None, None
100.04, [INFO], robot2, {'y': 16.218, 'x': -36.527, 'yaw': -3.141}, None, None
110.03, [INFO], robot2, {'battery-level': '57.61'}, None, None
110.03, [INFO], robot2, {'y': 18.326, 'x': -36.601, 'yaw': -3.142}, None, None
120.01, [INFO], robot2, {'battery-level': '57.07'}, None, None
120.01, [INFO], robot2, {'y': 20.434, 'x': -36.812, 'yaw': 3.141}, None, None
130.04, [INFO], robot2, {'battery-level': '56.53'}, None, None
130.04, [INFO], robot2, {'y': 21.525, 'x': -37.946, 'yaw': 3.141}, None, None
140.10, [INFO], robot2, {'battery-level': '55.99'}, None, None
140.10, [INFO], robot2, {'y': 21.434, 'x': -38.07, 'yaw': 3.136}, None, None
145.03, [info], nurse, sync, received-request, (status=sending-request)
145.03, [info], nurse, sync, request-sent, (status=waiting)
145.03, [info], nurse, sync, wait-message, (status=message-received)
150.02, [INFO], robot2, {'battery-level': '55.45'}, None, None
150.02, [INFO], robot2, {'y': 21.322, 'x': -37.297, 'yaw': -3.141}, None, None
160.04, [INFO], robot2, {'y': 19.22, 'x': -37.14, 'yaw': 3.142}, None, None
160.04, [INFO], robot2, {'battery-level': '54.91'}, None, None
170.01, [INFO], robot2, {'y': 17.11, 'x': -37.044, 'yaw': 3.14}, None, None
170.01, [INFO], robot2, {'battery-level': '54.37'}, None, None
180.02, [INFO], robot2, {'battery-level': '53.83'}, None, None
180.02, [INFO], robot2, {'y': 15.815, 'x': -35.739, 'yaw': 3.141}, None, None
190.03, [INFO], robot2, {'battery-level': '53.29'}, None, None
190.03, [INFO], robot2, {'y': 15.39, 'x': -33.667, 'yaw': 3.142}, None, None
200.00, [INFO], robot2, {'battery-level': '52.75'}, None, None
200.00, [INFO], robot2, {'y': 15.467, 'x': -31.551, 'yaw': 3.142}, None, None
210.05, [INFO], robot2, {'battery-level': '52.21'}, None, None
210.05, [INFO], robot2, {'y': 15.659, 'x': -29.429, 'yaw': -3.142}, None, None
220.05, [INFO], robot2, {'battery-level': '51.67'}, None, None
220.05, [INFO], robot2, {'y': 15.711, 'x': -27.326, 'yaw': -3.142}, None, None
230.01, [INFO], robot2, {'battery-level': '51.13'}, None, None
230.01, [INFO], robot2, {'y': 14.665, 'x': -25.818, 'yaw': 3.142}, None, None
240.04, [INFO], robot2, {'battery-level': '50.59'}, None, None
240.04, [INFO], robot2, {'y': 12.948, 'x': -25.916, 'yaw': -3.142}, None, None
248.94, [info], lab_arm, sync, wait-message, (status=message-received)
249.91, [WARN], robot2, SUCCESS, None, None
250.01, [INFO], robot2, {'y': 12.893, 'x': -25.951, 'yaw': 3.141}, None, None
250.01, [INFO], robot2, {'battery-level': '50.05'}, None, None
260.01, [INFO], robot2, {'battery-level': '49.51'}, None, None
260.01, [INFO], robot2, {'y': 12.894, 'x': -25.951, 'yaw': -3.142}, None, None
