0.00, [INFO], robot2, {'battery-level': '83.45'}, None, None
0.00, [DEBUG], logger, ROBOTS_CONFIG={'avg_speed': 0.15, 'battery_charge': 0.8344531419634984, 'battery_discharge_rate': 0.00054, 'id': 2, 'local_plan': [['navigation', ['PC Room 3', [[-21.0, 18.0, -1.57], [-21.0, 16.0], [-28.5, 16.0], [-28.5, 18.0, -1.57]]], 'navto_room'], ['approach_person', ['nurse'], 'approach_nurse'], ['authenticate_person', ['nurse'], 'authenticate_nurse'], ['operate_drawer', ['open'], 'open_drawer_for_nurse'], ['send_message', ['nurse'], 'notify_nurse_of_open_drawer_for_nurse_completed'], ['wait_message', ['nurse'], 'wait_nurse_to_complete_deposit'], ['operate_drawer', ['close'], 'close_drawer_nurse'], ['navigation', ['Laboratory', [[-28.5, 18.0, -1.57], [-28.5, 16.0], [-26.0, 16.0], [-26.0, 13.0, 1.57]]], 'navto_lab'], ['approach_robot', ['lab_arm'], 'approach_arm'], ['operate_drawer', ['open'], 'open_drawer_lab'], ['send_message', ['lab_arm'], 'notify_lab_arm_of_open_drawer_lab_completed'], ['wait_message', ['lab_arm'], 'wait_lab_arm_to_complete_pick_up_sample'], ['operate_drawer', ['close'], 'close_drawer_lab']], 'location': 'PC Room 5', 'name': 'r2', 'position': [-21.0, 18.0, -1.57], 'skills': ['approach_person', 'approach_robot', 'authenticate_person', 'navigation', 'operate_drawer']}, None, None
0.00, [DEBUG], logger, Simulation open, None, None
9.93, [INFO], robot2, {'battery-level': '82.96'}, None, None
10.03, [INFO], robot2, {'y': 17.519, 'x': -20.963, 'yaw': 3.142}, None, None
20.03, [INFO], robot2, {'battery-level': '82.42'}, None, None
20.03, [INFO], robot2, {'y': 16.093, 'x': -21.773, 'yaw': -3.141}, None, None
29.93, [INFO], robot2, {'y': 15.995, 'x': -23.879, 'yaw': 3.141}, None, None
30.02, [INFO], robot2, {'battery-level': '81.88'}, None, None
40.09, [INFO], robot2, {'battery-level': '81.34'}, None, None
40.09, [INFO], robot2, {'y': 16.022, 'x': -25.993, 'yaw': 3.139}, None, None
50.03, [INFO], robot2, {'y': 16.084, 'x': -28.087, 'yaw': -3.141}, None, None
50.03, [INFO], robot2, {'battery-level': '80.80'}, None, None
60.01, [INFO], robot2, {'y': 17.84, 'x': -28.565, 'yaw': 3.142}, None, None
60.01, [INFO], robot2, {'battery-level': '80.26'}, None, None
67.37, [info], nurse, sync, received-request, (status=sending-request)
67.37, [info], nurse, sync, request-sent, (status=waiting)
67.37, [info], nurse, sync, wait-message, (status=message-received)
70.10, [INFO], robot2, {'y': 17.632, 'x': -28.594, 'yaw': 3.142}, None, None
70.10, [INFO], robot2, {'battery-level': '79.72'}, None, None
80.06, [INFO], robot2, {'battery-level': '79.18'}, None, None
80.06, [INFO], robot2, {'y': 16.044, 'x': -27.999, 'yaw': -3.141}, None, None
90.05, [INFO], robot2, {'battery-level': '78.64'}, None, None
90.05, [INFO], robot2, {'y': 15.469, 'x': -26.205, 'yaw': 3.142}, None, None
100.02, [INFO], robot2, {'y': 13.447, 'x': -25.663, 'yaw': -3.142}, None, None
100.02, [INFO], robot2, {'battery-level': '78.10'}, None, None
110.08, [INFO], robot2, {'battery-level': '77.56'}, None, None
110.08, [INFO], robot2, {'y': 12.911, 'x': -25.93, 'yaw': -3.142}, None, None
120.05, [INFO], robot2, {'battery-level': '77.02'}, None, None
120.05, [INFO], robot2, {'y': 12.877, 'x': -26.008, 'yaw': -3.142}, None, None
122.01, [info], lab_arm, sync, wait-message, (status=message-received)
122.99, [WARN], robot2, SUCCESS, None, None
130.03, [INFO], robot2, {'y': 12.881, 'x': -26.006, 'yaw': -3.142}, None, None
130.03, [INFO], robot2, {'battery-level': '76.48'}, None, None
140.08, [INFO], robot2, {'y': 12.881, 'x': -26.006, 'yaw': -3.142}, None, None
140.08, [INFO], robot2, {'battery-level': '75.94'}, None, None
150.06, [INFO], robot2, {'battery-level': '75.40'}, None, None
150.06, [INFO], robot2, {'y': 12.882, 'x': -26.006, 'yaw': -3.142}, None, None
