0.00, [DEBUG], nurse, NURSE_CONFIG={'location': 'IC Room 6', 'position': [-33.9, 18.93, 3.14]}, None, None
0.13, [DEBUG], logger, ROBOTS_CONFIG={'avg_speed': 0.15, 'battery_charge': 0.462681764358839, 'battery_discharge_rate': 0.00036, 'id': 3, 'local_plan': [['navigation', ['IC Room 6', [[-38.0, 21.5, 0.0], [-37.0, 21.5], [-37.0, 18.93], [-33.9, 18.93, 3.14]]], 'navto_room'], ['approach_person', ['nurse'], 'approach_nurse'], ['authenticate_person', ['nurse'], 'authenticate_nurse'], ['operate_drawer', ['open'], 'open_drawer_for_nurse'], ['send_message', ['nurse'], 'notify_nurse_of_open_drawer_for_nurse_completed'], ['wait_message', ['nurse'], 'wait_nurse_to_complete_deposit'], ['operate_drawer', ['close'], 'close_drawer_nurse'], ['navigation', ['Laboratory', [[-33.9, 18.93, 3.14], [-37.0, 18.93], [-37.0, 16.0], [-26.0, 16.0], [-26.0, 13.0, 1.57]]], 'navto_lab'], ['approach_robot', ['lab_arm'], 'approach_arm'], ['operate_drawer', ['open'], 'open_drawer_lab'], ['send_message', ['lab_arm'], 'notify_lab_arm_of_open_drawer_lab_completed'], ['wait_message', ['lab_arm'], 'wait_lab_arm_to_complete_pick_up_sample'], ['operate_drawer', ['close'], 'close_drawer_lab']], 'location': 'IC Room 2', 'name': 'r3', 'position': [-38.0, 21.5, 0.0], 'skills': ['approach_person', 'approach_robot', 'authenticate_person', 'navigation', 'operate_drawer']}, None, None
0.13, [DEBUG], logger, Simulation open, None, None
10.02, [INFO], robot3, {'battery-level': '45.94'}, None, None
20.01, [INFO], robot3, {'battery-level': '45.58'}, None, None
30.08, [INFO], robot3, {'battery-level': '45.22'}, None, None
40.06, [INFO], robot3, {'battery-level': '44.86'}, None, None
50.02, [INFO], robot3, {'battery-level': '44.50'}, None, None
60.00, [INFO], robot3, {'battery-level': '44.14'}, None, None
70.09, [INFO], robot3, {'battery-level': '43.78'}, None, None
80.05, [INFO], robot3, {'battery-level': '43.42'}, None, None
90.05, [INFO], robot3, {'battery-level': '43.06'}, None, None
100.03, [INFO], robot3, {'battery-level': '42.70'}, None, None
110.01, [INFO], robot3, {'battery-level': '42.34'}, None, None
120.08, [INFO], robot3, {'battery-level': '41.98'}, None, None
130.08, [INFO], robot3, {'battery-level': '41.62'}, None, None
140.01, [INFO], robot3, {'battery-level': '41.26'}, None, None
150.08, [INFO], robot3, {'battery-level': '40.90'}, None, None
160.07, [INFO], robot3, {'battery-level': '40.54'}, None, None
170.04, [INFO], robot3, {'battery-level': '40.18'}, None, None
180.04, [INFO], robot3, {'battery-level': '39.82'}, None, None
190.01, [INFO], robot3, {'battery-level': '39.46'}, None, None
200.08, [INFO], robot3, {'battery-level': '39.10'}, None, None
210.08, [INFO], robot3, {'battery-level': '38.74'}, None, None
220.06, [INFO], robot3, {'battery-level': '38.38'}, None, None
230.00, [INFO], robot3, {'battery-level': '38.02'}, None, None
240.04, [INFO], robot3, {'battery-level': '37.66'}, None, None
250.01, [INFO], robot3, {'battery-level': '37.30'}, None, None
260.07, [INFO], robot3, {'battery-level': '36.94'}, None, None
270.04, [INFO], robot3, {'battery-level': '36.58'}, None, None
280.05, [INFO], robot3, {'battery-level': '36.22'}, None, None
290.04, [INFO], robot3, {'battery-level': '35.86'}, None, None
300.02, [INFO], robot3, {'battery-level': '35.50'}, None, None
310.09, [INFO], robot3, {'battery-level': '35.14'}, None, None
320.06, [INFO], robot3, {'battery-level': '34.78'}, None, None
330.03, [INFO], robot3, {'battery-level': '34.42'}, None, None
340.01, [INFO], robot3, {'battery-level': '34.06'}, None, None
350.01, [INFO], robot3, {'battery-level': '33.70'}, None, None
360.00, [INFO], robot3, {'battery-level': '33.34'}, None, None
370.09, [INFO], robot3, {'battery-level': '32.98'}, None, None
380.09, [INFO], robot3, {'battery-level': '32.62'}, None, None
390.10, [INFO], robot3, {'battery-level': '32.26'}, None, None
400.09, [INFO], robot3, {'battery-level': '31.90'}, None, None
410.06, [INFO], robot3, {'battery-level': '31.54'}, None, None
420.03, [INFO], robot3, {'battery-level': '31.18'}, None, None
430.03, [INFO], robot3, {'battery-level': '30.82'}, None, None
440.03, [INFO], robot3, {'battery-level': '30.46'}, None, None
450.05, [INFO], robot3, {'battery-level': '30.10'}, None, None
460.02, [INFO], robot3, {'battery-level': '29.74'}, None, None
470.01, [INFO], robot3, {'battery-level': '29.38'}, None, None
480.01, [INFO], robot3, {'battery-level': '29.02'}, None, None
490.01, [INFO], robot3, {'battery-level': '28.66'}, None, None
500.09, [INFO], robot3, {'battery-level': '28.30'}, None, None
510.00, [INFO], robot3, {'battery-level': '27.94'}, None, None
520.09, [INFO], robot3, {'battery-level': '27.58'}, None, None
530.08, [INFO], robot3, {'battery-level': '27.22'}, None, None
540.06, [INFO], robot3, {'battery-level': '26.86'}, None, None
550.02, [INFO], robot3, {'battery-level': '26.50'}, None, None
560.08, [INFO], robot3, {'battery-level': '26.14'}, None, None
570.03, [INFO], robot3, {'battery-level': '25.78'}, None, None
580.09, [INFO], robot3, {'battery-level': '25.42'}, None, None
590.07, [INFO], robot3, {'battery-level': '25.06'}, None, None
600.00, [INFO], robot3, {'battery-level': '24.70'}, None, None
610.09, [INFO], robot3, {'battery-level': '24.34'}, None, None
620.07, [INFO], robot3, {'battery-level': '23.98'}, None, None
630.07, [INFO], robot3, {'battery-level': '23.62'}, None, None
640.04, [INFO], robot3, {'battery-level': '23.26'}, None, None
650.01, [INFO], robot3, {'battery-level': '22.90'}, None, None
660.00, [INFO], robot3, {'battery-level': '22.54'}, None, None
670.08, [INFO], robot3, {'battery-level': '22.18'}, None, None
680.03, [INFO], robot3, {'battery-level': '21.82'}, None, None
690.03, [INFO], robot3, {'battery-level': '21.46'}, None, None
700.03, [INFO], robot3, {'battery-level': '21.10'}, None, None
710.03, [INFO], robot3, {'battery-level': '20.74'}, None, None
720.03, [INFO], robot3, {'battery-level': '20.38'}, None, None
730.03, [INFO], robot3, {'battery-level': '20.02'}, None, None
740.04, [INFO], robot3, {'battery-level': '19.66'}, None, None
750.04, [INFO], robot3, {'battery-level': '19.30'}, None, None
760.03, [INFO], robot3, {'battery-level': '18.94'}, None, None
770.03, [INFO], robot3, {'battery-level': '18.58'}, None, None
780.00, [INFO], robot3, {'battery-level': '18.22'}, None, None
790.07, [INFO], robot3, {'battery-level': '17.86'}, None, None
800.03, [INFO], robot3, {'battery-level': '17.50'}, None, None
810.10, [INFO], robot3, {'battery-level': '17.14'}, None, None
820.09, [INFO], robot3, {'battery-level': '16.78'}, None, None
830.02, [INFO], robot3, {'battery-level': '16.42'}, None, None
840.09, [INFO], robot3, {'battery-level': '16.06'}, None, None
850.08, [INFO], robot3, {'battery-level': '15.70'}, None, None
860.09, [INFO], robot3, {'battery-level': '15.34'}, None, None

[WARN], logger, TIMEOUT, None, None
