0.00, [DEBUG], nurse, NURSE_CONFIG={'location': 'IC Room 2', 'position': [-38.0, 21.5, 0.0]}, None, None
0.00, [INFO], robot6, {'battery-level': '50.80'}, None, None
0.00, [DEBUG], logger, ROBOTS_CONFIG={'avg_speed': 0.15, 'battery_charge': 0.5080169438370433, 'battery_discharge_rate': 0.00072, 'id': 6, 'local_plan': [['navigation', ['IC Room 2', [[-33.9, 18.93, 3.14], [-37.0, 18.93], [-37.0, 21.5], [-38.0, 21.5, 0.0]]], 'navto_room'], ['approach_person', ['nurse'], 'approach_nurse'], ['authenticate_person', ['nurse'], 'authenticate_nurse'], ['operate_drawer', ['open'], 'open_drawer_for_nurse'], ['send_message', ['nurse'], 'notify_nurse_of_open_drawer_for_nurse_completed'], ['wait_message', ['nurse'], 'wait_nurse_to_complete_deposit'], ['operate_drawer', ['close'], 'close_drawer_nurse'], ['navigation', ['Laboratory', [[-38.0, 21.5, 0.0], [-37.0, 21.5], [-37.0, 16.0], [-26.0, 16.0], [-26.0, 13.0, 1.57]]], 'navto_lab'], ['approach_robot', ['lab_arm'], 'approach_arm'], ['operate_drawer', ['open'], 'open_drawer_lab'], ['send_message', ['lab_arm'], 'notify_lab_arm_of_open_drawer_lab_completed'], ['wait_message', ['lab_arm'], 'wait_lab_arm_to_complete_pick_up_sample'], ['operate_drawer', ['close'], 'close_drawer_lab']], 'location': 'IC Room 6', 'name': 'r6', 'position': [-33.9, 18.93, 3.14], 'skills': ['approach_person', 'approach_robot', 'authenticate_person', 'navigation', 'operate_drawer']}, None, None
0.00, [DEBUG], logger, Simulation open, None, None
10.06, [INFO], robot6, {'battery-level': '50.15'}, None, None
10.06, [INFO], robot6, {'y': 18.502, 'x': -34.345, 'yaw': 3.141}, None, None
20.02, [INFO], robot6, {'battery-level': '49.43'}, None, None
20.02, [INFO], robot6, {'y': 17.961, 'x': -36.094, 'yaw': 3.141}, None, None
30.03, [INFO], robot6, {'battery-level': '48.71'}, None, None
30.03, [INFO], robot6, {'y': 19.796, 'x': -36.877, 'yaw': 3.141}, None, None
40.06, [INFO], robot6, {'battery-level': '47.99'}, None, None
40.06, [INFO], robot6, {'y': 21.553, 'x': -37.64, 'yaw': 3.141}, None, None
50.10, [INFO], robot6, {'battery-level': '47.27'}, None, None
50.10, [INFO], robot6, {'y': 21.438, 'x': -38.062, 'yaw': 3.136}, None, None
53.18, [info], nurse, sync, received-request, (status=sending-request)
53.18, [info], nurse, sync, request-sent, (status=waiting)
53.27, [info], nurse, sync, wait-message, (status=message-received)
60.03, [INFO], robot6, {'y': 20.957, 'x': -37.18, 'yaw': 3.141}, None, None
60.03, [INFO], robot6, {'battery-level': '46.55'}, None, None
70.02, [INFO], robot6, {'battery-level': '45.83'}, None, None
70.02, [INFO], robot6, {'y': 18.841, 'x': -37.065, 'yaw': 3.142}, None, None
80.03, [INFO], robot6, {'y': 16.711, 'x': -37.038, 'yaw': 3.141}, None, None
80.03, [INFO], robot6, {'battery-level': '45.11'}, None, None
90.02, [INFO], robot6, {'battery-level': '44.39'}, None, None
90.02, [INFO], robot6, {'y': 15.662, 'x': -35.336, 'yaw': 3.142}, None, None
100.02, [INFO], robot6, {'battery-level': '43.67'}, None, None
100.02, [INFO], robot6, {'y': 15.455, 'x': -33.249, 'yaw': 3.14}, None, None
110.07, [INFO], robot6, {'battery-level': '42.95'}, None, None
110.07, [INFO], robot6, {'y': 15.526, 'x': -31.12, 'yaw': 3.141}, None, None
120.08, [INFO], robot6, {'y': 15.655, 'x': -29.002, 'yaw': 3.14}, None, None
120.08, [INFO], robot6, {'battery-level': '42.23'}, None, None
130.09, [INFO], robot6, {'y': 15.735, 'x': -26.909, 'yaw': 3.141}, None, None
130.09, [INFO], robot6, {'battery-level': '41.51'}, None, None
140.03, [INFO], robot6, {'y': 14.422, 'x': -25.699, 'yaw': -3.142}, None, None
140.03, [INFO], robot6, {'battery-level': '40.79'}, None, None
150.04, [INFO], robot6, {'battery-level': '40.07'}, None, None
150.04, [INFO], robot6, {'y': 12.904, 'x': -25.943, 'yaw': 3.142}, None, None
155.52, [info], lab_arm, sync, wait-message, (status=message-received)
156.49, [WARN], robot6, SUCCESS, None, None
160.00, [INFO], robot6, {'battery-level': '39.35'}, None, None
160.00, [INFO], robot6, {'y': 12.879, 'x': -25.956, 'yaw': 3.142}, None, None
170.04, [INFO], robot6, {'y': 12.879, 'x': -25.956, 'yaw': -3.142}, None, None
170.04, [INFO], robot6, {'battery-level': '38.63'}, None, None
