0.00, [INFO], robot4, {'battery-level': '65.21'}, None, None
0.19, [DEBUG], logger, ROBOTS_CONFIG={'avg_speed': 0.15, 'battery_charge': 0.6520875066754872, 'battery_discharge_rate': 0.0006000000000000001, 'id': 4, 'local_plan': [['navigation', ['IC Room 2', [[-32.88, 33.98, 3.14], [-37.0, 33.98], [-37.0, 21.5], [-38.0, 21.5, 0.0]]], 'navto_room'], ['approach_person', ['nurse'], 'approach_nurse'], ['authenticate_person', ['nurse'], 'authenticate_nurse'], ['operate_drawer', ['open'], 'open_drawer_for_nurse'], ['send_message', ['nurse'], 'notify_nurse_of_open_drawer_for_nurse_completed'], ['wait_message', ['nurse'], 'wait_nurse_to_complete_deposit'], ['operate_drawer', ['close'], 'close_drawer_nurse'], ['navigation', ['Laboratory', [[-38.0, 21.5, 0.0], [-37.0, 21.5], [-37.0, 16.0], [-26.0, 16.0], [-26.0, 13.0, 1.57]]], 'navto_lab'], ['approach_robot', ['lab_arm'], 'approach_arm'], ['operate_drawer', ['open'], 'open_drawer_lab'], ['send_message', ['lab_arm'], 'notify_lab_arm_of_open_drawer_lab_completed'], ['wait_message', ['lab_arm'], 'wait_lab_arm_to_complete_pick_up_sample'], ['operate_drawer', ['close'], 'close_drawer_lab']], 'location': 'IC Room 5', 'name': 'r4', 'position': [-32.88, 33.98, 3.14], 'skills': ['approach_person', 'approach_robot', 'authenticate_person', 'navigation', 'operate_drawer']}, None, None
0.19, [DEBUG], logger, Simulation open, None, None
10.05, [INFO], robot4, {'y': 34.169, 'x': -33.405, 'yaw': 3.142}, None, None
10.05, [INFO], robot4, {'battery-level': '64.67'}, None, None
20.02, [INFO], robot4, {'battery-level': '64.07'}, None, None
20.02, [INFO], robot4, {'y': 34.681, 'x': -35.434, 'yaw': 3.137}, None, None
29.96, [INFO], robot4, {'battery-level': '63.47'}, None, None
30.05, [INFO], robot4, {'y': 33.474, 'x': -36.994, 'yaw': -3.142}, None, None
40.09, [INFO], robot4, {'battery-level': '62.87'}, None, None
40.09, [INFO], robot4, {'y': 31.357, 'x': -36.939, 'yaw': -3.142}, None, None
50.01, [INFO], robot4, {'y': 29.266, 'x': -36.964, 'yaw': -3.141}, None, None
50.01, [INFO], robot4, {'battery-level': '62.27'}, None, None
60.07, [INFO], robot4, {'battery-level': '61.67'}, None, None
60.07, [INFO], robot4, {'y': 27.15, 'x': -36.943, 'yaw': 3.142}, None, None
70.08, [INFO], robot4, {'battery-level': '61.07'}, None, None
70.08, [INFO], robot4, {'y': 25.046, 'x': -36.957, 'yaw': 3.142}, None, None
80.01, [INFO], robot4, {'y': 22.941, 'x': -37.012, 'yaw': 3.141}, None, None
80.01, [INFO], robot4, {'battery-level': '60.47'}, None, None
90.00, [INFO], robot4, {'battery-level': '59.87'}, None, None
90.00, [INFO], robot4, {'y': 21.369, 'x': -37.795, 'yaw': -3.142}, None, None
100.01, [INFO], robot4, {'battery-level': '59.27'}, None, None
100.01, [INFO], robot4, {'y': 21.43, 'x': -38.055, 'yaw': 3.141}, None, None
110.05, [INFO], robot4, {'battery-level': '58.67'}, None, None
110.05, [INFO], robot4, {'y': 21.424, 'x': -38.096, 'yaw': 3.141}, None, None
111.69, [info], nurse, sync, received-request, (status=sending-request)
111.69, [info], nurse, sync, request-sent, (status=waiting)
111.69, [info], nurse, sync, wait-message, (status=message-received)
120.08, [INFO], robot4, {'battery-level': '58.07'}, None, None
120.08, [INFO], robot4, {'y': 20.649, 'x': -37.229, 'yaw': -3.142}, None, None
130.03, [INFO], robot4, {'battery-level': '57.47'}, None, None
130.03, [INFO], robot4, {'y': 18.543, 'x': -37.113, 'yaw': 3.141}, None, None
140.07, [INFO], robot4, {'battery-level': '56.87'}, None, None
140.07, [INFO], robot4, {'y': 16.427, 'x': -37.014, 'yaw': -3.142}, None, None
150.02, [INFO], robot4, {'battery-level': '56.27'}, None, None
150.02, [INFO], robot4, {'y': 15.533, 'x': -35.301, 'yaw': -3.142}, None, None
160.06, [INFO], robot4, {'battery-level': '55.67'}, None, None
160.06, [INFO], robot4, {'y': 15.469, 'x': -33.19, 'yaw': 3.137}, None, None
170.01, [INFO], robot4, {'battery-level': '55.07'}, None, None
170.01, [INFO], robot4, {'y': 15.51, 'x': -31.092, 'yaw': 3.141}, None, None
180.01, [INFO], robot4, {'battery-level': '54.47'}, None, None
180.01, [INFO], robot4, {'y': 15.676, 'x': -28.968, 'yaw': -3.141}, None, None
190.06, [INFO], robot4, {'battery-level': '53.87'}, None, None
190.06, [INFO], robot4, {'y': 15.76, 'x': -26.857, 'yaw': 3.142}, None, None
200.09, [INFO], robot4, {'y': 14.285, 'x': -25.739, 'yaw': 3.139}, None, None
200.09, [INFO], robot4, {'battery-level': '53.27'}, None, None
210.01, [INFO], robot4, {'battery-level': '52.67'}, None, None
210.01, [INFO], robot4, {'y': 12.877, 'x': -25.946, 'yaw': -3.142}, None, None
214.25, [info], lab_arm, sync, wait-message, (status=message-received)
215.21, [WARN], robot4, SUCCESS, None, None
220.01, [INFO], robot4, {'battery-level': '52.07'}, None, None
220.01, [INFO], robot4, {'y': 12.877, 'x': -25.945, 'yaw': 3.142}, None, None
230.04, [INFO], robot4, {'battery-level': '51.47'}, None, None
230.04, [INFO], robot4, {'y': 12.877, 'x': -25.945, 'yaw': 3.142}, None, None
