0.13, [DEBUG], logger, ROBOTS_CONFIG={'avg_speed': 0.15, 'battery_charge': 0.5914703710515797, 'battery_discharge_rate': 0.00048000000000000007, 'id': 1, 'local_plan': [['navigation', ['PC Room 3', [[-39.44, 33.95, 0.0], [-37.0, 33.95], [-37.0, 16.0], [-28.5, 16.0], [-28.5, 18.0, -1.57]]], 'navto_room'], ['approach_person', ['nurse'], 'approach_nurse'], ['authenticate_person', ['nurse'], 'authenticate_nurse'], ['operate_drawer', ['open'], 'open_drawer_for_nurse'], ['send_message', ['nurse'], 'notify_nurse_of_open_drawer_for_nurse_completed'], ['wait_message', ['nurse'], 'wait_nurse_to_complete_deposit'], ['operate_drawer', ['close'], 'close_drawer_nurse'], ['navigation', ['Laboratory', [[-28.5, 18.0, -1.57], [-28.5, 16.0], [-26.0, 16.0], [-26.0, 13.0, 1.57]]], 'navto_lab'], ['approach_robot', ['lab_arm'], 'approach_arm'], ['operate_drawer', ['open'], 'open_drawer_lab'], ['send_message', ['lab_arm'], 'notify_lab_arm_of_open_drawer_lab_completed'], ['wait_message', ['lab_arm'], 'wait_lab_arm_to_complete_pick_up_sample'], ['operate_drawer', ['close'], 'close_drawer_lab']], 'location': 'IC Room 4', 'name': 'r1', 'position': [-39.44, 33.95, 0.0], 'skills': ['approach_person', 'approach_robot', 'authenticate_person', 'navigation', 'operate_drawer']}, None, None
0.13, [DEBUG], logger, Simulation open, None, None
10.08, [INFO], robot1, {'battery-level': '58.72'}, None, None
10.08, [INFO], robot1, {'y': 33.95, 'x': -39.44, 'yaw': -3.142}, None, None
20.05, [INFO], robot1, {'battery-level': '58.24'}, None, None
20.05, [INFO], robot1, {'y': 34.365, 'x': -38.548, 'yaw': 3.141}, None, None
30.09, [INFO], robot1, {'battery-level': '57.76'}, None, None
30.09, [INFO], robot1, {'y': 33.705, 'x': -37.022, 'yaw': 3.142}, None, None
40.03, [INFO], robot1, {'battery-level': '57.28'}, None, None
40.03, [INFO], robot1, {'y': 31.607, 'x': -37.047, 'yaw': -3.142}, None, None
50.06, [INFO], robot1, {'battery-level': '56.80'}, None, None
50.06, [INFO], robot1, {'y': 29.493, 'x': -37.038, 'yaw': -3.141}, None, None
60.05, [INFO], robot1, {'y': 27.378, 'x': -37.002, 'yaw': 3.141}, None, None
60.05, [INFO], robot1, {'battery-level': '56.32'}, None, None
70.06, [INFO], robot1, {'battery-level': '55.84'}, None, None
70.06, [INFO], robot1, {'y': 25.255, 'x': -37.048, 'yaw': 3.142}, None, None
80.09, [INFO], robot1, {'battery-level': '55.36'}, None, None
80.09, [INFO], robot1, {'y': 23.138, 'x': -37.039, 'yaw': 3.14}, None, None
90.03, [INFO], robot1, {'battery-level': '54.88'}, None, None
90.03, [INFO], robot1, {'y': 21.028, 'x': -37.127, 'yaw': -3.137}, None, None
100.00, [INFO], robot1, {'y': 18.923, 'x': -37.045, 'yaw': -3.142}, None, None
100.00, [INFO], robot1, {'battery-level': '54.40'}, None, None
110.04, [INFO], robot1, {'y': 16.796, 'x': -36.99, 'yaw': 3.141}, None, None
110.04, [INFO], robot1, {'battery-level': '53.92'}, None, None
120.04, [INFO], robot1, {'battery-level': '53.44'}, None, None
120.04, [INFO], robot1, {'y': 15.644, 'x': -35.619, 'yaw': -3.141}, None, None
130.04, [INFO], robot1, {'battery-level': '52.96'}, None, None
130.04, [INFO], robot1, {'y': 15.391, 'x': -33.52, 'yaw': -3.141}, None, None
140.07, [INFO], robot1, {'battery-level': '52.48'}, None, None
140.07, [INFO], robot1, {'y': 15.554, 'x': -31.4, 'yaw': -3.141}, None, None
150.03, [INFO], robot1, {'battery-level': '52.00'}, None, None
150.03, [INFO], robot1, {'y': 15.687, 'x': -29.306, 'yaw': 3.141}, None, None
160.08, [INFO], robot1, {'battery-level': '51.52'}, None, None
160.08, [INFO], robot1, {'y': 17.36, 'x': -28.583, 'yaw': -3.142}, None, None
170.01, [INFO], robot1, {'battery-level': '51.04'}, None, None
170.01, [INFO], robot1, {'y': 17.979, 'x': -28.576, 'yaw': -3.142}, None, None
177.04, [info], nurse, sync, received-request, (status=sending-request)
177.04, [info], nurse, sync, request-sent, (status=waiting)
177.04, [info], nurse, sync, wait-message, (status=message-received)
180.03, [INFO], robot1, {'y': 17.617, 'x': -28.719, 'yaw': 3.141}, None, None
180.03, [INFO], robot1, {'battery-level': '50.56'}, None, None
189.96, [INFO], robot1, {'y': 16.037, 'x': -28.057, 'yaw': -3.141}, None, None
190.06, [INFO], robot1, {'battery-level': '50.08'}, None, None
200.09, [INFO], robot1, {'y': 15.621, 'x': -26.092, 'yaw': 3.142}, None, None
200.09, [INFO], robot1, {'battery-level': '49.60'}, None, None
210.03, [INFO], robot1, {'y': 13.547, 'x': -25.739, 'yaw': 3.141}, None, None
210.03, [INFO], robot1, {'battery-level': '49.12'}, None, None
220.04, [INFO], robot1, {'battery-level': '48.64'}, None, None
220.04, [INFO], robot1, {'y': 12.879, 'x': -25.959, 'yaw': 3.142}, None, None
221.01, [info], lab_arm, sync, wait-message, (status=message-received)
221.99, [WARN], robot1, SUCCESS, None, None
230.03, [INFO], robot1, {'battery-level': '48.16'}, None, None
230.03, [INFO], robot1, {'y': 12.877, 'x': -25.957, 'yaw': -3.142}, None, None
