0.00, [DEBUG], nurse, NURSE_CONFIG={'location': 'IC Room 6', 'position': [-33.9, 18.93, 3.14]}, None, None
0.00, [INFO], robot4, {'battery-level': '65.21'}, None, None
0.00, [DEBUG], logger, ROBOTS_CONFIG={'avg_speed': 0.15, 'battery_charge': 0.6520875066754872, 'battery_discharge_rate': 0.0005600000000000001, 'id': 4, 'local_plan': [['navigation', ['IC Room 6', [[-39.44, 33.95, 0.0], [-37.0, 33.95], [-37.0, 18.93], [-33.9, 18.93, 3.14]]], 'navto_room'], ['approach_person', ['nurse'], 'approach_nurse'], ['authenticate_person', ['nurse'], 'authenticate_nurse'], ['operate_drawer', ['open'], 'open_drawer_for_nurse'], ['send_message', ['nurse'], 'notify_nurse_of_open_drawer_for_nurse_completed'], ['wait_message', ['nurse'], 'wait_nurse_to_complete_deposit'], ['operate_drawer', ['close'], 'close_drawer_nurse'], ['navigation', ['Laboratory', [[-33.9, 18.93, 3.14], [-37.0, 18.93], [-37.0, 16.0], [-26.0, 16.0], [-26.0, 13.0, 1.57]]], 'navto_lab'], ['approach_robot', ['lab_arm'], 'approach_arm'], ['operate_drawer', ['open'], 'open_drawer_lab'], ['send_message', ['lab_arm'], 'notify_lab_arm_of_open_drawer_lab_completed'], ['wait_message', ['lab_arm'], 'wait_lab_arm_to_complete_pick_up_sample'], ['operate_drawer', ['close'], 'close_drawer_lab']], 'location': 'IC Room 4', 'name': 'r4', 'position': [-39.44, 33.95, 0.0], 'skills': ['approach_person', 'approach_robot', 'authenticate_person', 'navigation', 'operate_drawer']}, None, None
0.00, [DEBUG], logger, Simulation open, None, None
10.08, [INFO], robot4, {'y': 34.191, 'x': -38.811, 'yaw': 3.141}, None, None
10.08, [INFO], robot4, {'battery-level': '64.70'}, None, None
20.09, [INFO], robot4, {'battery-level': '64.14'}, None, None
20.09, [INFO], robot4, {'y': 33.976, 'x': -37.077, 'yaw': 3.141}, None, None
30.01, [INFO], robot4, {'battery-level': '63.58'}, None, None
30.01, [INFO], robot4, {'y': 31.902, 'x': -36.988, 'yaw': 3.14}, None, None
40.02, [INFO], robot4, {'battery-level': '63.02'}, None, None
40.02, [INFO], robot4, {'y': 29.786, 'x': -36.989, 'yaw': 3.14}, None, None
50.07, [INFO], robot4, {'y': 27.672, 'x': -37.0, 'yaw': 3.14}, None, None
50.07, [INFO], robot4, {'battery-level': '62.46'}, None, None
60.02, [INFO], robot4, {'battery-level': '61.90'}, None, None
60.02, [INFO], robot4, {'y': 25.572, 'x': -37.043, 'yaw': -3.142}, None, None
70.06, [INFO], robot4, {'battery-level': '61.34'}, None, None
70.06, [INFO], robot4, {'y': 23.458, 'x': -37.01, 'yaw': 3.141}, None, None
80.06, [INFO], robot4, {'y': 21.344, 'x': -37.118, 'yaw': 3.142}, None, None
80.06, [INFO], robot4, {'battery-level': '60.78'}, None, None
90.00, [INFO], robot4, {'battery-level': '60.22'}, None, None
90.00, [INFO], robot4, {'y': 19.241, 'x': -36.994, 'yaw': 3.141}, None, None
100.09, [INFO], robot4, {'battery-level': '59.66'}, None, None
100.09, [INFO], robot4, {'y': 17.765, 'x': -35.45, 'yaw': -3.139}, None, None
110.10, [INFO], robot4, {'battery-level': '59.10'}, None, None
110.10, [INFO], robot4, {'y': 18.849, 'x': -33.981, 'yaw': -3.142}, None, None
120.05, [INFO], robot4, {'y': 18.99, 'x': -33.925, 'yaw': 3.142}, None, None
120.05, [INFO], robot4, {'battery-level': '58.54'}, None, None
126.71, [info], nurse, sync, received-request, (status=sending-request)
126.71, [info], nurse, sync, request-sent, (status=waiting)
126.71, [info], nurse, sync, wait-message, (status=message-received)
130.00, [INFO], robot4, {'battery-level': '57.98'}, None, None
130.00, [INFO], robot4, {'y': 18.731, 'x': -34.202, 'yaw': 3.141}, None, None
140.05, [INFO], robot4, {'battery-level': '57.42'}, None, None
140.05, [INFO], robot4, {'y': 17.846, 'x': -35.905, 'yaw': 3.141}, None, None
150.02, [INFO], robot4, {'y': 18.019, 'x': -36.202, 'yaw': 3.141}, None, None
150.02, [INFO], robot4, {'battery-level': '56.86'}, None, None
160.07, [INFO], robot4, {'battery-level': '56.30'}, None, None
160.07, [INFO], robot4, {'y': 18.019, 'x': -36.202, 'yaw': -3.136}, None, None
170.01, [INFO], robot4, {'battery-level': '55.74'}, None, None
170.01, [INFO], robot4, {'y': 17.275, 'x': -36.966, 'yaw': -3.141}, None, None
180.03, [INFO], robot4, {'battery-level': '55.18'}, None, None
180.03, [INFO], robot4, {'y': 17.279, 'x': -36.738, 'yaw': -3.142}, None, None
190.07, [INFO], robot4, {'battery-level': '54.62'}, None, None
190.07, [INFO], robot4, {'y': 17.27, 'x': -36.807, 'yaw': -3.142}, None, None
200.03, [INFO], robot4, {'battery-level': '54.06'}, None, None
200.03, [INFO], robot4, {'y': 17.269, 'x': -36.817, 'yaw': 3.142}, None, None
210.06, [INFO], robot4, {'battery-level': '53.50'}, None, None
210.06, [INFO], robot4, {'y': 17.41, 'x': -37.09, 'yaw': 3.141}, None, None
220.09, [INFO], robot4, {'battery-level': '52.94'}, None, None
220.09, [INFO], robot4, {'y': 17.633, 'x': -36.909, 'yaw': -3.142}, None, None
230.03, [INFO], robot4, {'y': 17.325, 'x': -36.881, 'yaw': 3.142}, None, None
230.03, [INFO], robot4, {'battery-level': '52.38'}, None, None
240.07, [INFO], robot4, {'battery-level': '51.82'}, None, None
240.07, [INFO], robot4, {'y': 17.42, 'x': -37.024, 'yaw': -3.141}, None, None
250.00, [INFO], robot4, {'battery-level': '51.26'}, None, None
250.00, [INFO], robot4, {'y': 17.276, 'x': -36.825, 'yaw': 3.141}, None, None
260.06, [INFO], robot4, {'battery-level': '50.70'}, None, None
260.06, [INFO], robot4, {'y': 17.373, 'x': -37.039, 'yaw': 3.142}, None, None
270.02, [INFO], robot4, {'battery-level': '50.14'}, None, None
270.02, [INFO], robot4, {'y': 17.39, 'x': -36.965, 'yaw': -3.142}, None, None
280.07, [INFO], robot4, {'battery-level': '49.58'}, None, None
280.07, [INFO], robot4, {'y': 17.388, 'x': -36.966, 'yaw': 3.142}, None, None
290.05, [INFO], robot4, {'battery-level': '49.02'}, None, None
290.05, [INFO], robot4, {'y': 17.388, 'x': -36.966, 'yaw': 3.142}, None, None
300.02, [INFO], robot4, {'y': 17.387, 'x': -36.966, 'yaw': 3.142}, None, None
300.02, [INFO], robot4, {'battery-level': '48.46'}, None, None
310.05, [INFO], robot4, {'battery-level': '47.90'}, None, None
310.05, [INFO], robot4, {'y': 17.387, 'x': -36.966, 'yaw': -3.142}, None, None
310.35, [WARN], robot4, SKILL-FAILURE, navigation, navto_lab
320.02, [INFO], robot4, {'battery-level': '47.34'}, None, None
320.02, [INFO], robot4, {'y': 17.386, 'x': -36.966, 'yaw': -3.142}, None, None
