0.00, [INFO], robot5, {'battery-level': '28.18'}, None, None
0.00, [DEBUG], logger, ROBOTS_CONFIG={'avg_speed': 0.15, 'battery_charge': 0.2817995261312799, 'battery_discharge_rate': 0.00076, 'id': 5, 'local_plan': [['navigation', ['IC Room 6', [[-13.5, 18.0, -1.57], [-13.5, 16.0], [-37.0, 16.0], [-37.0, 18.93], [-33.9, 18.93, 3.14]]], 'navto_room'], ['approach_person', ['nurse'], 'approach_nurse'], ['authenticate_person', ['nurse'], 'authenticate_nurse'], ['operate_drawer', ['open'], 'open_drawer_for_nurse'], ['send_message', ['nurse'], 'notify_nurse_of_open_drawer_for_nurse_completed'], ['wait_message', ['nurse'], 'wait_nurse_to_complete_deposit'], ['operate_drawer', ['close'], 'close_drawer_nurse'], ['navigation', ['Laboratory', [[-33.9, 18.93, 3.14], [-37.0, 18.93], [-37.0, 16.0], [-26.0, 16.0], [-26.0, 13.0, 1.57]]], 'navto_lab'], ['approach_robot', ['lab_arm'], 'approach_arm'], ['operate_drawer', ['open'], 'open_drawer_lab'], ['send_message', ['lab_arm'], 'notify_lab_arm_of_open_drawer_lab_completed'], ['wait_message', ['lab_arm'], 'wait_lab_arm_to_complete_pick_up_sample'], ['operate_drawer', ['close'], 'close_drawer_lab']], 'location': 'PC Room 7', 'name': 'r5', 'position': [-13.5, 18.0, -1.57], 'skills': ['approach_person', 'authenticate_person', 'navigation', 'operate_drawer']}, None, None
0.00, [DEBUG], logger, Simulation open, None, None
10.10, [INFO], robot5, {'battery-level': '27.50'}, None, None
10.10, [INFO], robot5, {'y': 17.045, 'x': -13.499, 'yaw': 3.141}, None, None
20.07, [INFO], robot5, {'battery-level': '26.74'}, None, None
20.07, [INFO], robot5, {'y': 15.96, 'x': -14.791, 'yaw': -3.141}, None, None
30.05, [INFO], robot5, {'battery-level': '25.98'}, None, None
30.05, [INFO], robot5, {'y': 15.825, 'x': -16.893, 'yaw': 3.141}, None, None
40.02, [INFO], robot5, {'battery-level': '25.22'}, None, None
40.02, [INFO], robot5, {'y': 15.918, 'x': -18.993, 'yaw': 3.142}, None, None
50.05, [INFO], robot5, {'y': 16.094, 'x': -21.107, 'yaw': 3.142}, None, None
50.05, [INFO], robot5, {'battery-level': '24.46'}, None, None
60.02, [INFO], robot5, {'battery-level': '23.70'}, None, None
60.02, [INFO], robot5, {'y': 16.004, 'x': -23.215, 'yaw': 3.142}, None, None
70.02, [INFO], robot5, {'battery-level': '22.94'}, None, None
70.02, [INFO], robot5, {'y': 15.977, 'x': -25.314, 'yaw': 3.14}, None, None
80.07, [INFO], robot5, {'battery-level': '22.18'}, None, None
80.07, [INFO], robot5, {'y': 15.951, 'x': -27.449, 'yaw': 3.142}, None, None
90.06, [INFO], robot5, {'battery-level': '21.42'}, None, None
90.06, [INFO], robot5, {'y': 16.016, 'x': -29.555, 'yaw': -3.142}, None, None
100.07, [INFO], robot5, {'y': 15.903, 'x': -31.672, 'yaw': 3.141}, None, None
100.07, [INFO], robot5, {'battery-level': '20.66'}, None, None
110.02, [INFO], robot5, {'y': 15.56, 'x': -33.754, 'yaw': 3.142}, None, None
110.02, [INFO], robot5, {'battery-level': '19.90'}, None, None
120.09, [INFO], robot5, {'battery-level': '19.14'}, None, None
120.09, [INFO], robot5, {'y': 15.522, 'x': -35.871, 'yaw': -3.141}, None, None
130.05, [INFO], robot5, {'battery-level': '18.38'}, None, None
130.05, [INFO], robot5, {'y': 17.012, 'x': -36.818, 'yaw': -3.141}, None, None
140.07, [INFO], robot5, {'y': 17.592, 'x': -36.817, 'yaw': 3.141}, None, None
140.07, [INFO], robot5, {'battery-level': '17.62'}, None, None
150.01, [INFO], robot5, {'y': 17.735, 'x': -36.702, 'yaw': 3.141}, None, None
150.01, [INFO], robot5, {'battery-level': '16.86'}, None, None
160.05, [INFO], robot5, {'battery-level': '16.10'}, None, None
160.05, [INFO], robot5, {'y': 17.973, 'x': -35.76, 'yaw': 3.141}, None, None
170.06, [INFO], robot5, {'y': 18.2, 'x': -35.834, 'yaw': -3.142}, None, None
170.06, [INFO], robot5, {'battery-level': '15.34'}, None, None
180.06, [INFO], robot5, {'y': 18.2, 'x': -35.799, 'yaw': -3.142}, None, None
180.06, [INFO], robot5, {'battery-level': '14.58'}, None, None
190.09, [INFO], robot5, {'y': 18.199, 'x': -35.799, 'yaw': -3.142}, None, None
190.09, [INFO], robot5, {'battery-level': '13.82'}, None, None
200.02, [INFO], robot5, {'y': 18.201, 'x': -35.776, 'yaw': 3.141}, None, None
200.02, [INFO], robot5, {'battery-level': '13.06'}, None, None
210.00, [INFO], robot5, {'y': 17.925, 'x': -35.763, 'yaw': -3.142}, None, None
210.00, [INFO], robot5, {'battery-level': '12.30'}, None, None
220.06, [INFO], robot5, {'battery-level': '11.54'}, None, None
220.06, [INFO], robot5, {'y': 18.088, 'x': -35.754, 'yaw': -3.141}, None, None
230.00, [INFO], robot5, {'battery-level': '10.78'}, None, None
230.00, [INFO], robot5, {'y': 18.298, 'x': -35.747, 'yaw': -3.142}, None, None
240.03, [INFO], robot5, {'battery-level': '10.02'}, None, None
240.03, [INFO], robot5, {'y': 18.298, 'x': -35.747, 'yaw': -3.142}, None, None
250.02, [INFO], robot5, {'y': 18.3, 'x': -35.691, 'yaw': 3.142}, None, None
250.02, [INFO], robot5, {'battery-level': '9.26'}, None, None
255.36, [WARN], robot5, SKILL-FAILURE, navigation, navto_room
260.08, [INFO], robot5, {'battery-level': '8.50'}, None, None
260.08, [INFO], robot5, {'y': 18.213, 'x': -35.702, 'yaw': -3.136}, None, None
