0.00, [INFO], robot4, {'battery-level': '65.21'}, None, None
0.12, [DEBUG], logger, ROBOTS_CONFIG={'avg_speed': 0.15, 'battery_charge': 0.6520875066754872, 'battery_discharge_rate': 0.0005600000000000001, 'id': 4, 'local_plan': [['navigation', ['IC Room 2', [[-32.88, 33.98, 3.14], [-37.0, 33.98], [-37.0, 21.5], [-38.0, 21.5, 0.0]]], 'navto_room'], ['approach_person', ['nurse'], 'approach_nurse'], ['authenticate_person', ['nurse'], 'authenticate_nurse'], ['operate_drawer', ['open'], 'open_drawer_for_nurse'], ['send_message', ['nurse'], 'notify_nurse_of_open_drawer_for_nurse_completed'], ['wait_message', ['nurse'], 'wait_nurse_to_complete_deposit'], ['operate_drawer', ['close'], 'close_drawer_nurse'], ['navigation', ['Laboratory', [[-38.0, 21.5, 0.0], [-37.0, 21.5], [-37.0, 16.0], [-26.0, 16.0], [-26.0, 13.0, 1.57]]], 'navto_lab'], ['approach_robot', ['lab_arm'], 'approach_arm'], ['operate_drawer', ['open'], 'open_drawer_lab'], ['send_message', ['lab_arm'], 'notify_lab_arm_of_open_drawer_lab_completed'], ['wait_message', ['lab_arm'], 'wait_lab_arm_to_complete_pick_up_sample'], ['operate_drawer', ['close'], 'close_drawer_lab']], 'location': 'IC Room 5', 'name': 'r4', 'position': [-32.88, 33.98, 3.14], 'skills': ['approach_person', 'approach_robot', 'authenticate_person', 'navigation', 'operate_drawer']}, None, None
0.12, [DEBUG], logger, Simulation open, None, None
10.09, [INFO], robot4, {'battery-level': '64.70'}, None, None
10.09, [INFO], robot4, {'y': 33.976, 'x': -32.883, 'yaw': 3.141}, None, None
20.09, [INFO], robot4, {'battery-level': '64.14'}, None, None
20.09, [INFO], robot4, {'y': 34.605, 'x': -34.804, 'yaw': 3.142}, None, None
30.01, [INFO], robot4, {'battery-level': '63.58'}, None, None
30.01, [INFO], robot4, {'y': 34.087, 'x': -36.79, 'yaw': 3.141}, None, None
40.02, [INFO], robot4, {'y': 31.992, 'x': -36.891, 'yaw': -3.142}, None, None
40.02, [INFO], robot4, {'battery-level': '63.02'}, None, None
50.01, [INFO], robot4, {'y': 29.879, 'x': -36.946, 'yaw': -3.142}, None, None
50.01, [INFO], robot4, {'battery-level': '62.46'}, None, None
60.02, [INFO], robot4, {'battery-level': '61.90'}, None, None
60.02, [INFO], robot4, {'y': 27.762, 'x': -37.002, 'yaw': -3.141}, None, None
70.00, [INFO], robot4, {'battery-level': '61.34'}, None, None
70.00, [INFO], robot4, {'y': 25.657, 'x': -37.046, 'yaw': 3.142}, None, None
80.01, [INFO], robot4, {'y': 23.543, 'x': -36.986, 'yaw': 3.141}, None, None
80.01, [INFO], robot4, {'battery-level': '60.78'}, None, None
90.02, [INFO], robot4, {'y': 21.432, 'x': -37.112, 'yaw': -3.141}, None, None
90.02, [INFO], robot4, {'battery-level': '60.22'}, None, None
100.01, [INFO], robot4, {'battery-level': '59.66'}, None, None
100.01, [INFO], robot4, {'y': 21.244, 'x': -38.044, 'yaw': -3.141}, None, None
110.02, [INFO], robot4, {'battery-level': '59.10'}, None, None
110.02, [INFO], robot4, {'y': 21.378, 'x': -38.092, 'yaw': -3.142}, None, None
120.02, [INFO], robot4, {'y': 21.378, 'x': -38.092, 'yaw': -3.142}, None, None
120.02, [INFO], robot4, {'battery-level': '58.54'}, None, None
130.01, [INFO], robot4, {'y': 21.378, 'x': -38.092, 'yaw': -3.142}, None, None
130.01, [INFO], robot4, {'battery-level': '57.98'}, None, None
140.00, [INFO], robot4, {'y': 21.378, 'x': -38.092, 'yaw': -3.142}, None, None
140.00, [INFO], robot4, {'battery-level': '57.42'}, None, None
150.00, [INFO], robot4, {'battery-level': '56.86'}, None, None
150.00, [INFO], robot4, {'y': 21.378, 'x': -38.092, 'yaw': -3.142}, None, None
160.00, [INFO], robot4, {'battery-level': '56.30'}, None, None
160.00, [INFO], robot4, {'y': 21.378, 'x': -38.092, 'yaw': -3.142}, None, None
170.01, [INFO], robot4, {'battery-level': '55.74'}, None, None
170.01, [INFO], robot4, {'y': 21.378, 'x': -38.092, 'yaw': -3.142}, None, None
180.02, [INFO], robot4, {'y': 21.378, 'x': -38.092, 'yaw': -3.142}, None, None
180.02, [INFO], robot4, {'battery-level': '55.18'}, None, None
190.02, [INFO], robot4, {'y': 21.378, 'x': -38.092, 'yaw': 3.142}, None, None
190.02, [INFO], robot4, {'battery-level': '54.62'}, None, None
200.01, [INFO], robot4, {'y': 21.378, 'x': -38.092, 'yaw': 3.142}, None, None
200.01, [INFO], robot4, {'battery-level': '54.06'}, None, None
210.00, [INFO], robot4, {'battery-level': '53.50'}, None, None
210.00, [INFO], robot4, {'y': 21.378, 'x': -38.092, 'yaw': -3.142}, None, None
220.01, [INFO], robot4, {'y': 21.378, 'x': -38.092, 'yaw': -3.142}, None, None
220.01, [INFO], robot4, {'battery-level': '52.94'}, None, None
230.09, [INFO], robot4, {'y': 21.378, 'x': -38.092, 'yaw': -3.142}, None, None
230.09, [INFO], robot4, {'battery-level': '52.38'}, None, None
240.09, [INFO], robot4, {'battery-level': '51.82'}, None, None
240.09, [INFO], robot4, {'y': 21.378, 'x': -38.092, 'yaw': -3.142}, None, None
250.00, [INFO], robot4, {'battery-level': '51.26'}, None, None
250.00, [INFO], robot4, {'y': 21.378, 'x': -38.092, 'yaw': -3.142}, None, None
260.01, [INFO], robot4, {'battery-level': '50.70'}, None, None
260.01, [INFO], robot4, {'y': 21.378, 'x': -38.092, 'yaw': 3.142}, None, None
270.02, [INFO], robot4, {'battery-level': '50.14'}, None, None
270.02, [INFO], robot4, {'y': 21.378, 'x': -38.092, 'yaw': 3.142}, None, None
280.04, [INFO], robot4, {'y': 21.378, 'x': -38.092, 'yaw': -3.142}, None, None
280.04, [INFO], robot4, {'battery-level': '49.58'}, None, None
290.06, [INFO], robot4, {'battery-level': '49.02'}, None, None
290.06, [INFO], robot4, {'y': 21.378, 'x': -38.092, 'yaw': -3.142}, None, None
300.09, [INFO], robot4, {'battery-level': '48.46'}, None, None
300.09, [INFO], robot4, {'y': 21.378, 'x': -38.092, 'yaw': 3.142}, None, None
310.00, [INFO], robot4, {'y': 21.378, 'x': -38.092, 'yaw': -3.142}, None, None
310.00, [INFO], robot4, {'battery-level': '47.90'}, None, None
320.02, [INFO], robot4, {'y': 21.378, 'x': -38.092, 'yaw': -3.142}, None, None
320.02, [INFO], robot4, {'battery-level': '47.34'}, None, None
330.01, [INFO], robot4, {'battery-level': '46.78'}, None, None
330.01, [INFO], robot4, {'y': 21.378, 'x': -38.092, 'yaw': 3.142}, None, None
340.03, [INFO], robot4, {'battery-level': '46.22'}, None, None
340.03, [INFO], robot4, {'y': 21.378, 'x': -38.093, 'yaw': 3.142}, None, None
350.05, [INFO], robot4, {'battery-level': '45.66'}, None, None
350.05, [INFO], robot4, {'y': 21.378, 'x': -38.093, 'yaw': 3.142}, None, None
360.07, [INFO], robot4, {'y': 21.378, 'x': -38.093, 'yaw': 3.142}, None, None
360.07, [INFO], robot4, {'battery-level': '45.10'}, None, None
370.07, [INFO], robot4, {'y': 21.378, 'x': -38.093, 'yaw': -3.142}, None, None
370.07, [INFO], robot4, {'battery-level': '44.54'}, None, None
380.07, [INFO], robot4, {'battery-level': '43.98'}, None, None
380.07, [INFO], robot4, {'y': 21.378, 'x': -38.093, 'yaw': 3.142}, None, None
390.06, [INFO], robot4, {'battery-level': '43.42'}, None, None
390.06, [INFO], robot4, {'y': 21.378, 'x': -38.093, 'yaw': 3.142}, None, None
400.06, [INFO], robot4, {'y': 21.378, 'x': -38.093, 'yaw': -3.142}, None, None
400.06, [INFO], robot4, {'battery-level': '42.86'}, None, None
410.06, [INFO], robot4, {'battery-level': '42.30'}, None, None
410.06, [INFO], robot4, {'y': 21.378, 'x': -38.093, 'yaw': -3.142}, None, None
420.07, [INFO], robot4, {'y': 21.378, 'x': -38.093, 'yaw': -3.142}, None, None
420.07, [INFO], robot4, {'battery-level': '41.74'}, None, None
430.07, [INFO], robot4, {'battery-level': '41.18'}, None, None
430.07, [INFO], robot4, {'y': 21.378, 'x': -38.093, 'yaw': 3.142}, None, None
440.07, [INFO], robot4, {'y': 21.378, 'x': -38.093, 'yaw': 3.142}, None, None
440.07, [INFO], robot4, {'battery-level': '40.62'}, None, None
450.06, [INFO], robot4, {'battery-level': '40.06'}, None, None
450.06, [INFO], robot4, {'y': 21.378, 'x': -38.093, 'yaw': -3.142}, None, None
460.07, [INFO], robot4, {'battery-level': '39.50'}, None, None
460.07, [INFO], robot4, {'y': 21.378, 'x': -38.093, 'yaw': -3.142}, None, None
470.07, [INFO], robot4, {'y': 21.378, 'x': -38.093, 'yaw': 3.142}, None, None
470.07, [INFO], robot4, {'battery-level': '38.94'}, None, None
480.08, [INFO], robot4, {'battery-level': '38.38'}, None, None
480.08, [INFO], robot4, {'y': 21.378, 'x': -38.093, 'yaw': 3.142}, None, None
490.08, [INFO], robot4, {'battery-level': '37.82'}, None, None
490.08, [INFO], robot4, {'y': 21.378, 'x': -38.093, 'yaw': -3.142}, None, None
500.09, [INFO], robot4, {'battery-level': '37.26'}, None, None
500.09, [INFO], robot4, {'y': 21.378, 'x': -38.093, 'yaw': 3.142}, None, None
510.08, [INFO], robot4, {'battery-level': '36.70'}, None, None
510.08, [INFO], robot4, {'y': 21.378, 'x': -38.093, 'yaw': 3.142}, None, None
520.00, [INFO], robot4, {'y': 21.378, 'x': -38.093, 'yaw': -3.142}, None, None
520.00, [INFO], robot4, {'battery-level': '36.14'}, None, None
530.09, [INFO], robot4, {'y': 21.378, 'x': -38.093, 'yaw': -3.142}, None, None
530.09, [INFO], robot4, {'battery-level': '35.58'}, None, None
540.07, [INFO], robot4, {'y': 21.378, 'x': -38.093, 'yaw': -3.142}, None, None
540.07, [INFO], robot4, {'battery-level': '35.02'}, None, None
550.08, [INFO], robot4, {'y': 21.378, 'x': -38.093, 'yaw': -3.142}, None, None
550.08, [INFO], robot4, {'battery-level': '34.46'}, None, None
560.08, [INFO], robot4, {'y': 21.378, 'x': -38.093, 'yaw': -3.142}, None, None
560.08, [INFO], robot4, {'battery-level': '33.90'}, None, None
570.07, [INFO], robot4, {'battery-level': '33.34'}, None, None
570.07, [INFO], robot4, {'y': 21.378, 'x': -38.093, 'yaw': -3.142}, None, None
580.08, [INFO], robot4, {'battery-level': '32.78'}, None, None
580.08, [INFO], robot4, {'y': 21.378, 'x': -38.093, 'yaw': -3.142}, None, None
590.07, [INFO], robot4, {'battery-level': '32.22'}, None, None
590.07, [INFO], robot4, {'y': 21.378, 'x': -38.093, 'yaw': -3.142}, None, None
600.06, [INFO], robot4, {'battery-level': '31.66'}, None, None
600.06, [INFO], robot4, {'y': 21.378, 'x': -38.093, 'yaw': 3.142}, None, None
610.06, [INFO], robot4, {'battery-level': '31.10'}, None, None
610.06, [INFO], robot4, {'y': 21.378, 'x': -38.093, 'yaw': 3.142}, None, None
620.07, [INFO], robot4, {'y': 21.378, 'x': -38.093, 'yaw': -3.142}, None, None
620.07, [INFO], robot4, {'battery-level': '30.54'}, None, None
630.07, [INFO], robot4, {'battery-level': '29.98'}, None, None
630.07, [INFO], robot4, {'y': 21.378, 'x': -38.093, 'yaw': -3.142}, None, None
640.06, [INFO], robot4, {'battery-level': '29.42'}, None, None
640.06, [INFO], robot4, {'y': 21.378, 'x': -38.093, 'yaw': 3.142}, None, None
650.07, [INFO], robot4, {'battery-level': '28.86'}, None, None
650.07, [INFO], robot4, {'y': 21.378, 'x': -38.093, 'yaw': -3.142}, None, None
660.08, [INFO], robot4, {'battery-level': '28.30'}, None, None
660.08, [INFO], robot4, {'y': 21.378, 'x': -38.093, 'yaw': 3.142}, None, None
670.08, [INFO], robot4, {'battery-level': '27.74'}, None, None
670.08, [INFO], robot4, {'y': 21.378, 'x': -38.093, 'yaw': 3.142}, None, None
680.07, [INFO], robot4, {'battery-level': '27.18'}, None, None
680.07, [INFO], robot4, {'y': 21.378, 'x': -38.094, 'yaw': -3.142}, None, None
690.07, [INFO], robot4, {'battery-level': '26.62'}, None, None
690.07, [INFO], robot4, {'y': 21.378, 'x': -38.094, 'yaw': -3.142}, None, None
700.07, [INFO], robot4, {'battery-level': '26.06'}, None, None
700.07, [INFO], robot4, {'y': 21.378, 'x': -38.094, 'yaw': -3.142}, None, None
710.05, [INFO], robot4, {'y': 21.378, 'x': -38.094, 'yaw': -3.142}, None, None
710.05, [INFO], robot4, {'battery-level': '25.50'}, None, None
720.05, [INFO], robot4, {'y': 21.378, 'x': -38.094, 'yaw': 3.142}, None, None
720.05, [INFO], robot4, {'battery-level': '24.94'}, None, None
730.04, [INFO], robot4, {'battery-level': '24.38'}, None, None
730.04, [INFO], robot4, {'y': 21.378, 'x': -38.094, 'yaw': -3.142}, None, None
740.04, [INFO], robot4, {'battery-level': '23.82'}, None, None
740.04, [INFO], robot4, {'y': 21.378, 'x': -38.094, 'yaw': -3.142}, None, None
750.05, [INFO], robot4, {'battery-level': '23.26'}, None, None
750.05, [INFO], robot4, {'y': 21.378, 'x': -38.094, 'yaw': -3.142}, None, None
760.05, [INFO], robot4, {'battery-level': '22.70'}, None, None
760.05, [INFO], robot4, {'y': 21.378, 'x': -38.094, 'yaw': -3.142}, None, None
770.06, [INFO], robot4, {'y': 21.378, 'x': -38.094, 'yaw': -3.142}, None, None
770.06, [INFO], robot4, {'battery-level': '22.14'}, None, None
780.05, [INFO], robot4, {'battery-level': '21.58'}, None, None
780.05, [INFO], robot4, {'y': 21.378, 'x': -38.094, 'yaw': 3.142}, None, None
790.06, [INFO], robot4, {'battery-level': '21.02'}, None, None
790.06, [INFO], robot4, {'y': 21.378, 'x': -38.094, 'yaw': -3.142}, None, None
800.06, [INFO], robot4, {'y': 21.378, 'x': -38.094, 'yaw': -3.142}, None, None
800.06, [INFO], robot4, {'battery-level': '20.46'}, None, None
810.04, [INFO], robot4, {'battery-level': '19.90'}, None, None
810.04, [INFO], robot4, {'y': 21.378, 'x': -38.094, 'yaw': -3.142}, None, None
820.04, [INFO], robot4, {'battery-level': '19.34'}, None, None
820.04, [INFO], robot4, {'y': 21.378, 'x': -38.094, 'yaw': -3.142}, None, None

[WARN], logger, TIMEOUT, None, None
