0.00, [INFO], robot2, {'battery-level': '83.45'}, None, None
0.00, [DEBUG], logger, ROBOTS_CONFIG={'avg_speed': 0.15, 'battery_charge': 0.8344531419634984, 'battery_discharge_rate': 0.00026000000000000003, 'id': 2, 'local_plan': [['navigation', ['IC Room 2', [[-19.0, 18.0, -1.57], [-19.0, 16.0], [-37.0, 16.0], [-37.0, 21.5], [-38.0, 21.5, 0.0]]], 'navto_room'], ['approach_person', ['nurse'], 'approach_nurse'], ['authenticate_person', ['nurse'], 'authenticate_nurse'], ['operate_drawer', ['open'], 'open_drawer_for_nurse'], ['send_message', ['nurse'], 'notify_nurse_of_open_drawer_for_nurse_completed'], ['wait_message', ['nurse'], 'wait_nurse_to_complete_deposit'], ['operate_drawer', ['close'], 'close_drawer_nurse'], ['navigation', ['Laboratory', [[-38.0, 21.5, 0.0], [-37.0, 21.5], [-37.0, 16.0], [-26.0, 16.0], [-26.0, 13.0, 1.57]]], 'navto_lab'], ['approach_robot', ['lab_arm'], 'approach_arm'], ['operate_drawer', ['open'], 'open_drawer_lab'], ['send_message', ['lab_arm'], 'notify_lab_arm_of_open_drawer_lab_completed'], ['wait_message', ['lab_arm'], 'wait_lab_arm_to_complete_pick_up_sample'], ['operate_drawer', ['close'], 'close_drawer_lab']], 'location': 'PC Room 6', 'name': 'r2', 'position': [-19.0, 18.0, -1.57], 'skills': ['approach_person', 'approach_robot', 'authenticate_person', 'navigation', 'operate_drawer']}, None, None
0.00, [DEBUG], logger, Simulation open, None, None
10.01, [INFO], robot2, {'battery-level': '83.21'}, None, None
10.01, [INFO], robot2, {'y': 17.668, 'x': -19.109, 'yaw': 3.14}, None, None
20.06, [INFO], robot2, {'y': 16.122, 'x': -20.11, 'yaw': 3.141}, None, None
20.06, [INFO], robot2, {'battery-level': '82.95'}, None, None
30.06, [INFO], robot2, {'battery-level': '82.69'}, None, None
30.06, [INFO], robot2, {'y': 16.128, 'x': -22.224, 'yaw': 3.142}, None, None
40.02, [INFO], robot2, {'y': 16.101, 'x': -24.329, 'yaw': 3.14}, None, None
40.02, [INFO], robot2, {'battery-level': '82.43'}, None, None
50.00, [INFO], robot2, {'battery-level': '82.17'}, None, None
50.00, [INFO], robot2, {'y': 16.045, 'x': -26.428, 'yaw': 3.142}, None, None
60.04, [INFO], robot2, {'battery-level': '81.91'}, None, None
60.04, [INFO], robot2, {'y': 16.136, 'x': -28.541, 'yaw': 3.142}, None, None
70.07, [INFO], robot2, {'battery-level': '81.65'}, None, None
70.07, [INFO], robot2, {'y': 16.048, 'x': -30.663, 'yaw': 3.142}, None, None
80.02, [INFO], robot2, {'y': 15.847, 'x': -32.778, 'yaw': -3.142}, None, None
80.02, [INFO], robot2, {'battery-level': '81.39'}, None, None
90.09, [INFO], robot2, {'y': 15.383, 'x': -34.873, 'yaw': -3.142}, None, None
90.09, [INFO], robot2, {'battery-level': '81.13'}, None, None
100.06, [INFO], robot2, {'battery-level': '80.87'}, None, None
100.06, [INFO], robot2, {'y': 16.059, 'x': -36.646, 'yaw': -3.142}, None, None
110.06, [INFO], robot2, {'y': 18.164, 'x': -36.6, 'yaw': -3.141}, None, None
110.06, [INFO], robot2, {'battery-level': '80.61'}, None, None
120.09, [INFO], robot2, {'y': 20.281, 'x': -36.811, 'yaw': -3.142}, None, None
120.09, [INFO], robot2, {'battery-level': '80.35'}, None, None
130.08, [INFO], robot2, {'y': 21.493, 'x': -37.988, 'yaw': -3.141}, None, None
130.08, [INFO], robot2, {'battery-level': '80.09'}, None, None
136.72, [info], nurse, sync, received-request, (status=sending-request)
136.72, [info], nurse, sync, request-sent, (status=waiting)
136.82, [info], nurse, sync, wait-message, (status=message-received)
140.03, [INFO], robot2, {'battery-level': '79.83'}, None, None
140.03, [INFO], robot2, {'y': 21.467, 'x': -37.648, 'yaw': 3.142}, None, None
150.02, [INFO], robot2, {'y': 19.631, 'x': -37.159, 'yaw': 3.142}, None, None
150.02, [INFO], robot2, {'battery-level': '79.57'}, None, None
160.09, [INFO], robot2, {'y': 17.508, 'x': -37.109, 'yaw': 3.142}, None, None
160.09, [INFO], robot2, {'battery-level': '79.31'}, None, None
170.06, [INFO], robot2, {'battery-level': '79.05'}, None, None
170.06, [INFO], robot2, {'y': 15.796, 'x': -36.373, 'yaw': 3.141}, None, None
180.09, [INFO], robot2, {'y': 15.382, 'x': -34.27, 'yaw': -3.142}, None, None
180.09, [INFO], robot2, {'battery-level': '78.79'}, None, None
190.01, [INFO], robot2, {'battery-level': '78.53'}, None, None
190.01, [INFO], robot2, {'y': 15.508, 'x': -32.173, 'yaw': 3.142}, None, None
200.05, [INFO], robot2, {'y': 15.676, 'x': -30.056, 'yaw': 3.141}, None, None
200.05, [INFO], robot2, {'battery-level': '78.27'}, None, None
210.08, [INFO], robot2, {'y': 15.858, 'x': -27.943, 'yaw': 3.141}, None, None
210.08, [INFO], robot2, {'battery-level': '78.01'}, None, None
220.07, [INFO], robot2, {'y': 15.437, 'x': -25.996, 'yaw': 3.142}, None, None
220.07, [INFO], robot2, {'battery-level': '77.75'}, None, None
230.03, [INFO], robot2, {'battery-level': '77.49'}, None, None
230.03, [INFO], robot2, {'y': 13.359, 'x': -25.742, 'yaw': -3.142}, None, None
240.06, [INFO], robot2, {'battery-level': '77.23'}, None, None
240.06, [INFO], robot2, {'y': 12.9, 'x': -25.964, 'yaw': 3.142}, None, None
241.23, [info], lab_arm, sync, wait-message, (status=message-received)
242.20, [WARN], robot2, SUCCESS, None, None
250.05, [INFO], robot2, {'y': 12.897, 'x': -25.963, 'yaw': -3.142}, None, None
250.05, [INFO], robot2, {'battery-level': '76.97'}, None, None
260.04, [INFO], robot2, {'battery-level': '76.71'}, None, None
260.04, [INFO], robot2, {'y': 12.897, 'x': -25.963, 'yaw': 3.142}, None, None
