0.00, [INFO], robot2, {'battery-level': '83.45'}, None, None
0.00, [DEBUG], logger, ROBOTS_CONFIG={'avg_speed': 0.15, 'battery_charge': 0.8344531419634984, 'battery_discharge_rate': 0.00026000000000000003, 'id': 2, 'local_plan': [['navigation', ['PC Room 3', [[-21.0, 18.0, -1.57], [-21.0, 16.0], [-28.5, 16.0], [-28.5, 18.0, -1.57]]], 'navto_room'], ['approach_person', ['nurse'], 'approach_nurse'], ['authenticate_person', ['nurse'], 'authenticate_nurse'], ['operate_drawer', ['open'], 'open_drawer_for_nurse'], ['send_message', ['nurse'], 'notify_nurse_of_open_drawer_for_nurse_completed'], ['wait_message', ['nurse'], 'wait_nurse_to_complete_deposit'], ['operate_drawer', ['close'], 'close_drawer_nurse'], ['navigation', ['Laboratory', [[-28.5, 18.0, -1.57], [-28.5, 16.0], [-26.0, 16.0], [-26.0, 13.0, 1.57]]], 'navto_lab'], ['approach_robot', ['lab_arm'], 'approach_arm'], ['operate_drawer', ['open'], 'open_drawer_lab'], ['send_message', ['lab_arm'], 'notify_lab_arm_of_open_drawer_lab_completed'], ['wait_message', ['lab_arm'], 'wait_lab_arm_to_complete_pick_up_sample'], ['operate_drawer', ['close'], 'close_drawer_lab']], 'location': 'PC Room 5', 'name': 'r2', 'position': [-21.0, 18.0, -1.57], 'skills': ['approach_person', 'approach_robot', 'authenticate_person', 'navigation', 'operate_drawer']}, None, None
0.00, [DEBUG], logger, Simulation open, None, None
10.03, [INFO], robot2, {'battery-level': '83.21'}, None, None
10.03, [INFO], robot2, {'y': 17.621, 'x': -20.975, 'yaw': -3.142}, None, None
20.04, [INFO], robot2, {'battery-level': '82.95'}, None, None
20.04, [INFO], robot2, {'y': 16.05, 'x': -21.662, 'yaw': 3.142}, None, None
30.07, [INFO], robot2, {'y': 16.024, 'x': -23.779, 'yaw': 3.142}, None, None
30.07, [INFO], robot2, {'battery-level': '82.69'}, None, None
40.07, [INFO], robot2, {'battery-level': '82.43'}, None, None
40.07, [INFO], robot2, {'y': 15.986, 'x': -25.885, 'yaw': 3.141}, None, None
50.08, [INFO], robot2, {'y': 15.991, 'x': -27.992, 'yaw': -3.14}, None, None
50.08, [INFO], robot2, {'battery-level': '82.17'}, None, None
60.08, [INFO], robot2, {'y': 17.776, 'x': -28.63, 'yaw': 3.142}, None, None
60.08, [INFO], robot2, {'battery-level': '81.91'}, None, None
70.04, [INFO], robot2, {'battery-level': '81.65'}, None, None
70.04, [INFO], robot2, {'y': 17.953, 'x': -28.637, 'yaw': 3.141}, None, None
77.29, [info], nurse, sync, received-request, (status=sending-request)
77.29, [info], nurse, sync, request-sent, (status=waiting)
77.29, [info], nurse, sync, wait-message, (status=message-received)
80.05, [INFO], robot2, {'battery-level': '81.39'}, None, None
80.05, [INFO], robot2, {'y': 17.685, 'x': -28.663, 'yaw': -3.141}, None, None
90.01, [INFO], robot2, {'battery-level': '81.13'}, None, None
90.01, [INFO], robot2, {'y': 16.064, 'x': -28.139, 'yaw': 3.141}, None, None
100.03, [INFO], robot2, {'y': 15.823, 'x': -26.105, 'yaw': -3.141}, None, None
100.03, [INFO], robot2, {'battery-level': '80.87'}, None, None
110.04, [INFO], robot2, {'battery-level': '80.61'}, None, None
110.04, [INFO], robot2, {'y': 13.741, 'x': -25.709, 'yaw': 3.142}, None, None
120.00, [INFO], robot2, {'battery-level': '80.35'}, None, None
120.00, [INFO], robot2, {'y': 12.914, 'x': -25.932, 'yaw': 3.141}, None, None
122.03, [info], lab_arm, sync, wait-message, (status=message-received)
123.01, [WARN], robot2, SUCCESS, None, None
130.04, [INFO], robot2, {'y': 12.913, 'x': -25.936, 'yaw': -3.142}, None, None
130.04, [INFO], robot2, {'battery-level': '80.09'}, None, None
140.10, [INFO], robot2, {'battery-level': '79.83'}, None, None
140.10, [INFO], robot2, {'y': 12.913, 'x': -25.936, 'yaw': -3.142}, None, None
150.07, [INFO], robot2, {'battery-level': '79.57'}, None, None
150.07, [INFO], robot2, {'y': 12.913, 'x': -25.936, 'yaw': -3.142}, None, None
