0.00, [DEBUG], nurse, NURSE_CONFIG={'location': 'IC Room 2', 'position': [-38.0, 21.5, 0.0]}, None, None
0.20, [DEBUG], logger, ROBOTS_CONFIG={'avg_speed': 0.15, 'battery_charge': 0.5914703710515797, 'battery_discharge_rate': 0.0006600000000000001, 'id': 1, 'local_plan': [['navigation', ['IC Room 2', [[-27.23, 18.0, -1.57], [-27.23, 16.0], [-37.0, 16.0], [-37.0, 21.5], [-38.0, 21.5, 0.0]]], 'navto_room'], ['approach_person', ['nurse'], 'approach_nurse'], ['authenticate_person', ['nurse'], 'authenticate_nurse'], ['operate_drawer', ['open'], 'open_drawer_for_nurse'], ['send_message', ['nurse'], 'notify_nurse_of_open_drawer_for_nurse_completed'], ['wait_message', ['nurse'], 'wait_nurse_to_complete_deposit'], ['operate_drawer', ['close'], 'close_drawer_nurse'], ['navigation', ['Laboratory', [[-38.0, 21.5, 0.0], [-37.0, 21.5], [-37.0, 16.0], [-26.0, 16.0], [-26.0, 13.0, 1.57]]], 'navto_lab'], ['approach_robot', ['lab_arm'], 'approach_arm'], ['operate_drawer', ['open'], 'open_drawer_lab'], ['send_message', ['lab_arm'], 'notify_lab_arm_of_open_drawer_lab_completed'], ['wait_message', ['lab_arm'], 'wait_lab_arm_to_complete_pick_up_sample'], ['operate_drawer', ['close'], 'close_drawer_lab']], 'location': 'PC Room 4', 'name': 'r1', 'position': [-27.23, 18.0, -1.57], 'skills': ['approach_person', 'approach_robot', 'authenticate_person', 'navigation']}, None, None
0.20, [DEBUG], logger, Simulation open, None, None
10.00, [INFO], robot1, {'y': 18.0, 'x': -27.23, 'yaw': -3.142}, None, None
10.00, [INFO], robot1, {'battery-level': '58.55'}, None, None
20.01, [INFO], robot1, {'battery-level': '57.89'}, None, None
20.01, [INFO], robot1, {'y': 16.482, 'x': -27.095, 'yaw': -3.142}, None, None
30.01, [INFO], robot1, {'battery-level': '57.23'}, None, None
30.01, [INFO], robot1, {'y': 16.213, 'x': -28.992, 'yaw': -3.141}, None, None
40.08, [INFO], robot1, {'battery-level': '56.57'}, None, None
40.08, [INFO], robot1, {'y': 16.109, 'x': -31.124, 'yaw': -3.141}, None, None
50.08, [INFO], robot1, {'y': 15.702, 'x': -33.23, 'yaw': 3.138}, None, None
50.08, [INFO], robot1, {'battery-level': '55.91'}, None, None
60.01, [INFO], robot1, {'battery-level': '55.25'}, None, None
60.01, [INFO], robot1, {'y': 15.46, 'x': -35.306, 'yaw': -3.141}, None, None
70.06, [INFO], robot1, {'y': 16.559, 'x': -36.581, 'yaw': -3.142}, None, None
70.06, [INFO], robot1, {'battery-level': '54.59'}, None, None
80.07, [INFO], robot1, {'y': 18.664, 'x': -36.697, 'yaw': -3.141}, None, None
80.07, [INFO], robot1, {'battery-level': '53.93'}, None, None
90.03, [INFO], robot1, {'battery-level': '53.27'}, None, None
90.03, [INFO], robot1, {'y': 20.776, 'x': -36.852, 'yaw': 3.141}, None, None
100.02, [INFO], robot1, {'battery-level': '52.61'}, None, None
100.02, [INFO], robot1, {'y': 21.458, 'x': -38.054, 'yaw': 3.141}, None, None
104.62, [info], nurse, sync, received-request, (status=sending-request)
104.62, [info], nurse, sync, request-sent, (status=waiting)
104.62, [WARN], robot1, NO-SKILL, operate_drawer, open_drawer_for_nurse
