0.00, [DEBUG], logger, ROBOTS_CONFIG={'avg_speed': 0.15, 'battery_charge': 0.5080169438370433, 'battery_discharge_rate': 0.00038, 'id': 6, 'local_plan': [['navigation', ['PC Room 3', [[-27.23, 18.0, -1.57], [-27.23, 16.0], [-28.5, 16.0], [-28.5, 18.0, -1.57]]], 'navto_room'], ['approach_person', ['nurse'], 'approach_nurse'], ['authenticate_person', ['nurse'], 'authenticate_nurse'], ['operate_drawer', ['open'], 'open_drawer_for_nurse'], ['send_message', ['nurse'], 'notify_nurse_of_open_drawer_for_nurse_completed'], ['wait_message', ['nurse'], 'wait_nurse_to_complete_deposit'], ['operate_drawer', ['close'], 'close_drawer_nurse'], ['navigation', ['Laboratory', [[-28.5, 18.0, -1.57], [-28.5, 16.0], [-26.0, 16.0], [-26.0, 13.0, 1.57]]], 'navto_lab'], ['approach_robot', ['lab_arm'], 'approach_arm'], ['operate_drawer', ['open'], 'open_drawer_lab'], ['send_message', ['lab_arm'], 'notify_lab_arm_of_open_drawer_lab_completed'], ['wait_message', ['lab_arm'], 'wait_lab_arm_to_complete_pick_up_sample'], ['operate_drawer', ['close'], 'close_drawer_lab']], 'location': 'PC Room 4', 'name': 'r6', 'position': [-27.23, 18.0, -1.57], 'skills': ['approach_person', 'approach_robot', 'authenticate_person', 'navigation', 'operate_drawer']}, None, None
0.00, [DEBUG], logger, Simulation open, None, None
10.07, [INFO], robot6, {'battery-level': '50.46'}, None, None
10.07, [INFO], robot6, {'y': 17.382, 'x': -27.13, 'yaw': 3.142}, None, None
20.07, [INFO], robot6, {'battery-level': '50.08'}, None, None
20.07, [INFO], robot6, {'y': 16.527, 'x': -28.081, 'yaw': -3.141}, None, None
30.09, [INFO], robot6, {'battery-level': '49.70'}, None, None
30.09, [INFO], robot6, {'y': 17.475, 'x': -28.633, 'yaw': -3.141}, None, None
40.02, [INFO], robot6, {'battery-level': '49.32'}, None, None
40.02, [INFO], robot6, {'y': 17.517, 'x': -28.817, 'yaw': -3.141}, None, None
50.05, [INFO], robot6, {'battery-level': '48.94'}, None, None
50.05, [INFO], robot6, {'y': 17.334, 'x': -28.884, 'yaw': 3.14}, None, None
60.06, [INFO], robot6, {'battery-level': '48.56'}, None, None
60.06, [INFO], robot6, {'y': 17.513, 'x': -28.515, 'yaw': 3.14}, None, None
70.08, [INFO], robot6, {'battery-level': '48.18'}, None, None
70.08, [INFO], robot6, {'y': 17.564, 'x': -28.54, 'yaw': 3.141}, None, None
80.06, [INFO], robot6, {'battery-level': '47.80'}, None, None
80.06, [INFO], robot6, {'y': 17.525, 'x': -28.525, 'yaw': 3.141}, None, None
90.04, [INFO], robot6, {'battery-level': '47.42'}, None, None
90.04, [INFO], robot6, {'y': 17.415, 'x': -28.777, 'yaw': 3.14}, None, None
100.08, [INFO], robot6, {'y': 17.264, 'x': -28.477, 'yaw': -3.142}, None, None
100.08, [INFO], robot6, {'battery-level': '47.04'}, None, None
110.07, [INFO], robot6, {'battery-level': '46.66'}, None, None
110.07, [INFO], robot6, {'y': 17.575, 'x': -28.519, 'yaw': 3.141}, None, None
120.09, [INFO], robot6, {'battery-level': '46.28'}, None, None
120.09, [INFO], robot6, {'y': 17.35, 'x': -28.816, 'yaw': -3.141}, None, None
130.01, [INFO], robot6, {'y': 17.336, 'x': -28.674, 'yaw': 3.141}, None, None
130.01, [INFO], robot6, {'battery-level': '45.90'}, None, None
140.08, [INFO], robot6, {'battery-level': '45.52'}, None, None
140.08, [INFO], robot6, {'y': 17.581, 'x': -28.511, 'yaw': 3.141}, None, None
150.02, [INFO], robot6, {'battery-level': '45.14'}, None, None
150.02, [INFO], robot6, {'y': 17.355, 'x': -28.844, 'yaw': -3.142}, None, None
160.01, [INFO], robot6, {'y': 17.547, 'x': -28.492, 'yaw': 3.142}, None, None
160.01, [INFO], robot6, {'battery-level': '44.76'}, None, None
164.34, [WARN], robot6, SKILL-FAILURE, navigation, navto_room
170.04, [INFO], robot6, {'battery-level': '44.38'}, None, None
170.04, [INFO], robot6, {'y': 17.28, 'x': -28.851, 'yaw': -3.142}, None, None
