0.00, [DEBUG], nurse, NURSE_CONFIG={'location': 'IC Room 6', 'position': [-33.9, 18.93, 3.14]}, None, None
0.00, [INFO], robot4, {'battery-level': '65.21'}, None, None
0.19, [DEBUG], logger, ROBOTS_CONFIG={'avg_speed': 0.15, 'battery_charge': 0.6520875066754872, 'battery_discharge_rate': 0.00026000000000000003, 'id': 4, 'local_plan': [['navigation', ['IC Room 6', [[-39.44, 33.95, 0.0], [-37.0, 33.95], [-37.0, 18.93], [-33.9, 18.93, 3.14]]], 'navto_room'], ['approach_person', ['nurse'], 'approach_nurse'], ['authenticate_person', ['nurse'], 'authenticate_nurse'], ['operate_drawer', ['open'], 'open_drawer_for_nurse'], ['send_message', ['nurse'], 'notify_nurse_of_open_drawer_for_nurse_completed'], ['wait_message', ['nurse'], 'wait_nurse_to_complete_deposit'], ['operate_drawer', ['close'], 'close_drawer_nurse'], ['navigation', ['Laboratory', [[-33.9, 18.93, 3.14], [-37.0, 18.93], [-37.0, 16.0], [-26.0, 16.0], [-26.0, 13.0, 1.57]]], 'navto_lab'], ['approach_robot', ['lab_arm'], 'approach_arm'], ['operate_drawer', ['open'], 'open_drawer_lab'], ['send_message', ['lab_arm'], 'notify_lab_arm_of_open_drawer_lab_completed'], ['wait_message', ['lab_arm'], 'wait_lab_arm_to_complete_pick_up_sample'], ['operate_drawer', ['close'], 'close_drawer_lab']], 'location': 'IC Room 4', 'name': 'r4', 'position': [-39.44, 33.95, 0.0], 'skills': ['approach_person', 'approach_robot', 'authenticate_person', 'navigation', 'operate_drawer']}, None, None
0.19, [DEBUG], logger, Simulation open, None, None
10.03, [INFO], robot4, {'battery-level': '64.97'}, None, None
10.03, [INFO], robot4, {'y': 34.307, 'x': -38.711, 'yaw': -3.139}, None, None
20.01, [INFO], robot4, {'battery-level': '64.71'}, None, None
20.01, [INFO], robot4, {'y': 33.839, 'x': -37.043, 'yaw': -3.142}, None, None
30.01, [INFO], robot4, {'battery-level': '64.45'}, None, None
30.01, [INFO], robot4, {'y': 31.737, 'x': -37.037, 'yaw': 3.141}, None, None
40.01, [INFO], robot4, {'y': 29.616, 'x': -37.048, 'yaw': -3.142}, None, None
40.01, [INFO], robot4, {'battery-level': '64.19'}, None, None
50.09, [INFO], robot4, {'y': 27.479, 'x': -37.005, 'yaw': 3.136}, None, None
50.09, [INFO], robot4, {'battery-level': '63.93'}, None, None
60.04, [INFO], robot4, {'battery-level': '63.67'}, None, None
60.04, [INFO], robot4, {'y': 25.366, 'x': -37.029, 'yaw': 3.142}, None, None
70.01, [INFO], robot4, {'y': 23.258, 'x': -37.038, 'yaw': -3.142}, None, None
70.01, [INFO], robot4, {'battery-level': '63.41'}, None, None
80.09, [INFO], robot4, {'battery-level': '63.15'}, None, None
80.09, [INFO], robot4, {'y': 21.136, 'x': -37.14, 'yaw': 3.142}, None, None
90.06, [INFO], robot4, {'battery-level': '62.89'}, None, None
90.06, [INFO], robot4, {'y': 19.023, 'x': -37.03, 'yaw': 3.14}, None, None
100.01, [INFO], robot4, {'y': 17.793, 'x': -35.336, 'yaw': -3.14}, None, None
100.01, [INFO], robot4, {'battery-level': '62.63'}, None, None
110.05, [INFO], robot4, {'battery-level': '62.37'}, None, None
110.05, [INFO], robot4, {'y': 18.911, 'x': -33.972, 'yaw': -3.142}, None, None
116.04, [info], nurse, sync, received-request, (status=sending-request)
116.04, [info], nurse, sync, request-sent, (status=waiting)
116.04, [info], nurse, sync, wait-message, (status=message-received)
120.02, [INFO], robot4, {'y': 18.651, 'x': -34.34, 'yaw': 3.142}, None, None
120.02, [INFO], robot4, {'battery-level': '62.11'}, None, None
130.08, [INFO], robot4, {'battery-level': '61.85'}, None, None
130.08, [INFO], robot4, {'y': 17.92, 'x': -35.981, 'yaw': 3.14}, None, None
140.05, [INFO], robot4, {'battery-level': '61.59'}, None, None
140.05, [INFO], robot4, {'y': 18.236, 'x': -36.438, 'yaw': -3.14}, None, None
150.03, [INFO], robot4, {'y': 17.512, 'x': -36.811, 'yaw': 3.141}, None, None
150.03, [INFO], robot4, {'battery-level': '61.33'}, None, None
160.00, [INFO], robot4, {'y': 17.284, 'x': -36.815, 'yaw': 3.141}, None, None
160.00, [INFO], robot4, {'battery-level': '61.07'}, None, None
170.06, [INFO], robot4, {'y': 17.347, 'x': -37.072, 'yaw': 3.142}, None, None
170.06, [INFO], robot4, {'battery-level': '60.81'}, None, None
180.01, [INFO], robot4, {'battery-level': '60.55'}, None, None
180.01, [INFO], robot4, {'y': 17.355, 'x': -36.923, 'yaw': 3.14}, None, None
190.07, [INFO], robot4, {'y': 17.375, 'x': -36.913, 'yaw': 3.141}, None, None
190.07, [INFO], robot4, {'battery-level': '60.29'}, None, None
200.04, [INFO], robot4, {'battery-level': '60.03'}, None, None
200.04, [INFO], robot4, {'y': 17.306, 'x': -37.082, 'yaw': 3.141}, None, None
210.02, [INFO], robot4, {'battery-level': '59.77'}, None, None
210.02, [INFO], robot4, {'y': 17.435, 'x': -37.043, 'yaw': -3.142}, None, None
220.08, [INFO], robot4, {'y': 17.609, 'x': -36.894, 'yaw': 3.142}, None, None
220.08, [INFO], robot4, {'battery-level': '59.51'}, None, None
230.06, [INFO], robot4, {'battery-level': '59.25'}, None, None
230.06, [INFO], robot4, {'y': 17.168, 'x': -36.813, 'yaw': 3.142}, None, None
240.03, [INFO], robot4, {'battery-level': '58.99'}, None, None
240.03, [INFO], robot4, {'y': 17.476, 'x': -37.048, 'yaw': 3.141}, None, None
250.02, [INFO], robot4, {'battery-level': '58.73'}, None, None
250.02, [INFO], robot4, {'y': 17.302, 'x': -36.955, 'yaw': 3.142}, None, None
260.08, [INFO], robot4, {'y': 17.464, 'x': -37.118, 'yaw': -3.142}, None, None
260.08, [INFO], robot4, {'battery-level': '58.47'}, None, None
270.06, [INFO], robot4, {'battery-level': '58.21'}, None, None
270.06, [INFO], robot4, {'y': 17.282, 'x': -36.803, 'yaw': -3.141}, None, None
280.02, [INFO], robot4, {'battery-level': '57.95'}, None, None
280.02, [INFO], robot4, {'y': 17.371, 'x': -37.055, 'yaw': -3.141}, None, None
290.06, [INFO], robot4, {'y': 17.285, 'x': -36.933, 'yaw': -3.142}, None, None
290.06, [INFO], robot4, {'battery-level': '57.69'}, None, None
300.09, [INFO], robot4, {'y': 17.406, 'x': -36.966, 'yaw': -3.141}, None, None
300.09, [INFO], robot4, {'battery-level': '57.43'}, None, None
309.85, [WARN], robot4, SKILL-FAILURE, navigation, navto_lab
310.04, [INFO], robot4, {'y': 17.242, 'x': -36.878, 'yaw': 3.142}, None, None
310.04, [INFO], robot4, {'battery-level': '57.17'}, None, None
