0.00, [DEBUG], logger, ROBOTS_CONFIG={'avg_speed': 0.15, 'battery_charge': 0.2817995261312799, 'battery_discharge_rate': 0.00042, 'id': 5, 'local_plan': [['navigation', ['IC Room 6', [[-13.5, 18.0, -1.57], [-13.5, 16.0], [-37.0, 16.0], [-37.0, 18.93], [-33.9, 18.93, 3.14]]], 'navto_room'], ['approach_person', ['nurse'], 'approach_nurse'], ['authenticate_person', ['nurse'], 'authenticate_nurse'], ['operate_drawer', ['open'], 'open_drawer_for_nurse'], ['send_message', ['nurse'], 'notify_nurse_of_open_drawer_for_nurse_completed'], ['wait_message', ['nurse'], 'wait_nurse_to_complete_deposit'], ['operate_drawer', ['close'], 'close_drawer_nurse'], ['navigation', ['Laboratory', [[-33.9, 18.93, 3.14], [-37.0, 18.93], [-37.0, 16.0], [-26.0, 16.0], [-26.0, 13.0, 1.57]]], 'navto_lab'], ['approach_robot', ['lab_arm'], 'approach_arm'], ['operate_drawer', ['open'], 'open_drawer_lab'], ['send_message', ['lab_arm'], 'notify_lab_arm_of_open_drawer_lab_completed'], ['wait_message', ['lab_arm'], 'wait_lab_arm_to_complete_pick_up_sample'], ['operate_drawer', ['close'], 'close_drawer_lab']], 'location': 'PC Room 7', 'name': 'r5', 'position': [-13.5, 18.0, -1.57], 'skills': ['approach_person', 'authenticate_person', 'navigation', 'operate_drawer']}, None, None
0.00, [DEBUG], logger, Simulation open, None, None
10.02, [INFO], robot5, {'battery-level': '27.80'}, None, None
10.02, [INFO], robot5, {'y': 17.122, 'x': -13.491, 'yaw': -3.141}, None, None
20.09, [INFO], robot5, {'y': 15.994, 'x': -14.716, 'yaw': 3.142}, None, None
20.09, [INFO], robot5, {'battery-level': '27.38'}, None, None
30.04, [INFO], robot5, {'y': 15.931, 'x': -16.819, 'yaw': 3.141}, None, None
30.04, [INFO], robot5, {'battery-level': '26.96'}, None, None
40.09, [INFO], robot5, {'battery-level': '26.54'}, None, None
40.09, [INFO], robot5, {'y': 16.005, 'x': -18.936, 'yaw': 3.142}, None, None
50.08, [INFO], robot5, {'battery-level': '26.12'}, None, None
50.08, [INFO], robot5, {'y': 16.143, 'x': -21.045, 'yaw': -3.142}, None, None
60.00, [INFO], robot5, {'y': 16.066, 'x': -23.147, 'yaw': -3.142}, None, None
60.00, [INFO], robot5, {'battery-level': '25.70'}, None, None
70.04, [INFO], robot5, {'y': 16.002, 'x': -25.265, 'yaw': 3.141}, None, None
70.04, [INFO], robot5, {'battery-level': '25.28'}, None, None
80.02, [INFO], robot5, {'battery-level': '24.86'}, None, None
80.02, [INFO], robot5, {'y': 15.988, 'x': -27.358, 'yaw': -3.142}, None, None
90.04, [INFO], robot5, {'y': 16.085, 'x': -29.475, 'yaw': 3.142}, None, None
90.04, [INFO], robot5, {'battery-level': '24.44'}, None, None
100.05, [INFO], robot5, {'y': 15.942, 'x': -31.588, 'yaw': 3.142}, None, None
100.05, [INFO], robot5, {'battery-level': '24.02'}, None, None
110.01, [INFO], robot5, {'y': 15.622, 'x': -33.691, 'yaw': 3.141}, None, None
110.01, [INFO], robot5, {'battery-level': '23.60'}, None, None
119.96, [INFO], robot5, {'y': 15.513, 'x': -35.795, 'yaw': -3.141}, None, None
120.06, [INFO], robot5, {'battery-level': '23.18'}, None, None
130.08, [INFO], robot5, {'y': 16.892, 'x': -36.839, 'yaw': -3.142}, None, None
130.08, [INFO], robot5, {'battery-level': '22.76'}, None, None
140.02, [INFO], robot5, {'y': 17.598, 'x': -36.853, 'yaw': 3.142}, None, None
140.02, [INFO], robot5, {'battery-level': '22.34'}, None, None
149.98, [INFO], robot5, {'battery-level': '21.92'}, None, None
150.07, [INFO], robot5, {'y': 17.696, 'x': -36.845, 'yaw': -3.142}, None, None
160.07, [INFO], robot5, {'battery-level': '21.50'}, None, None
160.07, [INFO], robot5, {'y': 17.684, 'x': -36.762, 'yaw': 3.142}, None, None
170.07, [INFO], robot5, {'battery-level': '21.08'}, None, None
170.07, [INFO], robot5, {'y': 17.696, 'x': -35.909, 'yaw': -3.14}, None, None
180.03, [INFO], robot5, {'y': 17.954, 'x': -35.989, 'yaw': 3.136}, None, None
180.03, [INFO], robot5, {'battery-level': '20.66'}, None, None
190.01, [INFO], robot5, {'battery-level': '20.24'}, None, None
190.01, [INFO], robot5, {'y': 18.142, 'x': -35.662, 'yaw': -3.141}, None, None
200.04, [INFO], robot5, {'y': 18.113, 'x': -35.548, 'yaw': -3.02}, None, None
200.04, [INFO], robot5, {'battery-level': '19.82'}, None, None
210.05, [INFO], robot5, {'y': 17.989, 'x': -35.419, 'yaw': -3.142}, None, None
210.05, [INFO], robot5, {'battery-level': '19.40'}, None, None
212.66, [WARN], robot5, SKILL-FAILURE, navigation, navto_room
220.03, [INFO], robot5, {'y': 17.989, 'x': -35.419, 'yaw': 3.142}, None, None
220.03, [INFO], robot5, {'battery-level': '18.98'}, None, None
230.02, [INFO], robot5, {'battery-level': '18.56'}, None, None
230.02, [INFO], robot5, {'y': 17.989, 'x': -35.419, 'yaw': -3.142}, None, None
