0.00, [INFO], robot4, {'battery-level': '65.21'}, None, None
0.13, [DEBUG], logger, ROBOTS_CONFIG={'avg_speed': 0.15, 'battery_charge': 0.6520875066754872, 'battery_discharge_rate': 0.00026000000000000003, 'id': 4, 'local_plan': [['navigation', ['IC Room 2', [[-32.88, 33.98, 3.14], [-37.0, 33.98], [-37.0, 21.5], [-38.0, 21.5, 0.0]]], 'navto_room'], ['approach_person', ['nurse'], 'approach_nurse'], ['authenticate_person', ['nurse'], 'authenticate_nurse'], ['operate_drawer', ['open'], 'open_drawer_for_nurse'], ['send_message', ['nurse'], 'notify_nurse_of_open_drawer_for_nurse_completed'], ['wait_message', ['nurse'], 'wait_nurse_to_complete_deposit'], ['operate_drawer', ['close'], 'close_drawer_nurse'], ['navigation', ['Laboratory', [[-38.0, 21.5, 0.0], [-37.0, 21.5], [-37.0, 16.0], [-26.0, 16.0], [-26.0, 13.0, 1.57]]], 'navto_lab'], ['approach_robot', ['lab_arm'], 'approach_arm'], ['operate_drawer', ['open'], 'open_drawer_lab'], ['send_message', ['lab_arm'], 'notify_lab_arm_of_open_drawer_lab_completed'], ['wait_message', ['lab_arm'], 'wait_lab_arm_to_complete_pick_up_sample'], ['operate_drawer', ['close'], 'close_drawer_lab']], 'location': 'IC Room 5', 'name': 'r4', 'position': [-32.88, 33.98, 3.14], 'skills': ['approach_person', 'approach_robot', 'authenticate_person', 'navigation', 'operate_drawer']}, None, None
0.13, [DEBUG], logger, Simulation open, None, None
10.00, [INFO], robot4, {'y': 34.217, 'x': -33.487, 'yaw': -3.141}, None, None
10.00, [INFO], robot4, {'battery-level': '64.97'}, None, None
20.10, [INFO], robot4, {'battery-level': '64.71'}, None, None
20.10, [INFO], robot4, {'y': 34.709, 'x': -35.556, 'yaw': 3.141}, None, None
30.00, [INFO], robot4, {'battery-level': '64.45'}, None, None
30.00, [INFO], robot4, {'y': 33.4, 'x': -36.961, 'yaw': 3.141}, None, None
40.01, [INFO], robot4, {'battery-level': '64.19'}, None, None
40.01, [INFO], robot4, {'y': 31.294, 'x': -36.918, 'yaw': -3.141}, None, None
50.02, [INFO], robot4, {'battery-level': '63.93'}, None, None
50.02, [INFO], robot4, {'y': 29.186, 'x': -36.891, 'yaw': -3.142}, None, None
60.03, [INFO], robot4, {'y': 27.081, 'x': -36.915, 'yaw': 3.141}, None, None
60.03, [INFO], robot4, {'battery-level': '63.67'}, None, None
70.04, [INFO], robot4, {'y': 24.951, 'x': -36.984, 'yaw': 3.141}, None, None
70.04, [INFO], robot4, {'battery-level': '63.41'}, None, None
80.05, [INFO], robot4, {'y': 22.829, 'x': -37.024, 'yaw': 3.141}, None, None
80.05, [INFO], robot4, {'battery-level': '63.15'}, None, None
90.08, [INFO], robot4, {'battery-level': '62.89'}, None, None
90.08, [INFO], robot4, {'y': 21.255, 'x': -37.805, 'yaw': -3.142}, None, None
98.52, [info], nurse, sync, received-request, (status=sending-request)
98.52, [info], nurse, sync, request-sent, (status=waiting)
98.52, [info], nurse, sync, wait-message, (status=message-received)
100.06, [INFO], robot4, {'y': 21.266, 'x': -37.966, 'yaw': 3.141}, None, None
100.06, [INFO], robot4, {'battery-level': '62.63'}, None, None
110.01, [INFO], robot4, {'battery-level': '62.37'}, None, None
110.01, [INFO], robot4, {'y': 19.715, 'x': -37.117, 'yaw': 3.142}, None, None
120.05, [INFO], robot4, {'y': 17.6, 'x': -37.04, 'yaw': 3.14}, None, None
120.05, [INFO], robot4, {'battery-level': '62.11'}, None, None
130.09, [INFO], robot4, {'y': 15.945, 'x': -36.297, 'yaw': 3.141}, None, None
130.09, [INFO], robot4, {'battery-level': '61.85'}, None, None
140.03, [INFO], robot4, {'y': 15.374, 'x': -34.263, 'yaw': -3.142}, None, None
140.03, [INFO], robot4, {'battery-level': '61.59'}, None, None
150.03, [INFO], robot4, {'y': 15.546, 'x': -32.151, 'yaw': -3.141}, None, None
150.03, [INFO], robot4, {'battery-level': '61.33'}, None, None
159.96, [INFO], robot4, {'battery-level': '61.07'}, None, None
160.06, [INFO], robot4, {'y': 15.63, 'x': -30.028, 'yaw': 3.141}, None, None
170.00, [INFO], robot4, {'battery-level': '60.81'}, None, None
170.00, [INFO], robot4, {'y': 15.756, 'x': -27.936, 'yaw': -3.141}, None, None
180.03, [INFO], robot4, {'battery-level': '60.55'}, None, None
180.03, [INFO], robot4, {'y': 15.431, 'x': -25.952, 'yaw': 3.142}, None, None
190.01, [INFO], robot4, {'battery-level': '60.29'}, None, None
190.01, [INFO], robot4, {'y': 13.344, 'x': -25.743, 'yaw': 3.142}, None, None
200.03, [INFO], robot4, {'y': 12.901, 'x': -25.963, 'yaw': 3.142}, None, None
200.03, [INFO], robot4, {'battery-level': '60.03'}, None, None
200.70, [info], lab_arm, sync, wait-message, (status=message-received)
201.67, [WARN], robot4, SUCCESS, None, None
