0.00, [DEBUG], nurse, NURSE_CONFIG={'location': 'IC Room 2', 'position': [-38.0, 21.5, 0.0]}, None, None
0.00, [DEBUG], logger, ROBOTS_CONFIG={'avg_speed': 0.15, 'battery_charge': 0.2817995261312799, 'battery_discharge_rate': 0.00042, 'id': 5, 'local_plan': [['navigation', ['IC Room 2', [[-11.5, 18.0, -1.57], [-11.5, 16.0], [-37.0, 16.0], [-37.0, 21.5], [-38.0, 21.5, 0.0]]], 'navto_room'], ['approach_person', ['nurse'], 'approach_nurse'], ['authenticate_person', ['nurse'], 'authenticate_nurse'], ['operate_drawer', ['open'], 'open_drawer_for_nurse'], ['send_message', ['nurse'], 'notify_nurse_of_open_drawer_for_nurse_completed'], ['wait_message', ['nurse'], 'wait_nurse_to_complete_deposit'], ['operate_drawer', ['close'], 'close_drawer_nurse'], ['navigation', ['Laboratory', [[-38.0, 21.5, 0.0], [-37.0, 21.5], [-37.0, 16.0], [-26.0, 16.0], [-26.0, 13.0, 1.57]]], 'navto_lab'], ['approach_robot', ['lab_arm'], 'approach_arm'], ['operate_drawer', ['open'], 'open_drawer_lab'], ['send_message', ['lab_arm'], 'notify_lab_arm_of_open_drawer_lab_completed'], ['wait_message', ['lab_arm'], 'wait_lab_arm_to_complete_pick_up_sample'], ['operate_drawer', ['close'], 'close_drawer_lab']], 'location': 'PC Room 8', 'name': 'r5', 'position': [-11.5, 18.0, -1.57], 'skills': ['approach_person', 'authenticate_person', 'navigation', 'operate_drawer']}, None, None
0.00, [DEBUG], logger, Simulation open, None, None
10.00, [INFO], robot5, {'battery-level': '27.80'}, None, None
10.00, [INFO], robot5, {'y': 17.683, 'x': -11.558, 'yaw': 3.142}, None, None
20.01, [INFO], robot5, {'y': 16.244, 'x': -12.701, 'yaw': 3.14}, None, None
20.01, [INFO], robot5, {'battery-level': '27.38'}, None, None
30.02, [INFO], robot5, {'y': 16.256, 'x': -13.168, 'yaw': -3.142}, None, None
30.02, [INFO], robot5, {'battery-level': '26.96'}, None, None
40.04, [INFO], robot5, {'battery-level': '26.54'}, None, None
40.04, [INFO], robot5, {'y': 16.174, 'x': -13.005, 'yaw': 3.141}, None, None
50.05, [INFO], robot5, {'battery-level': '26.12'}, None, None
50.05, [INFO], robot5, {'y': 16.014, 'x': -13.081, 'yaw': 3.142}, None, None
60.02, [INFO], robot5, {'battery-level': '25.70'}, None, None
60.02, [INFO], robot5, {'y': 16.076, 'x': -12.844, 'yaw': 3.141}, None, None
70.04, [INFO], robot5, {'battery-level': '25.28'}, None, None
70.04, [INFO], robot5, {'y': 16.114, 'x': -13.031, 'yaw': 3.141}, None, None
80.09, [INFO], robot5, {'battery-level': '24.86'}, None, None
80.09, [INFO], robot5, {'y': 16.222, 'x': -12.849, 'yaw': 3.141}, None, None
90.04, [INFO], robot5, {'battery-level': '24.44'}, None, None
90.04, [INFO], robot5, {'y': 16.357, 'x': -13.067, 'yaw': 3.142}, None, None
100.01, [INFO], robot5, {'y': 16.131, 'x': -12.954, 'yaw': -3.142}, None, None
100.01, [INFO], robot5, {'battery-level': '24.02'}, None, None
110.03, [INFO], robot5, {'battery-level': '23.60'}, None, None
110.03, [INFO], robot5, {'y': 16.369, 'x': -12.977, 'yaw': -3.141}, None, None
120.07, [INFO], robot5, {'y': 16.086, 'x': -13.025, 'yaw': 3.141}, None, None
120.07, [INFO], robot5, {'battery-level': '23.18'}, None, None
130.03, [INFO], robot5, {'battery-level': '22.76'}, None, None
130.03, [INFO], robot5, {'y': 16.092, 'x': -12.851, 'yaw': 3.141}, None, None
140.01, [INFO], robot5, {'battery-level': '22.34'}, None, None
140.01, [INFO], robot5, {'y': 16.369, 'x': -13.159, 'yaw': -3.14}, None, None
150.02, [INFO], robot5, {'battery-level': '21.92'}, None, None
150.02, [INFO], robot5, {'y': 16.307, 'x': -13.111, 'yaw': 3.141}, None, None
160.01, [INFO], robot5, {'battery-level': '21.50'}, None, None
160.01, [INFO], robot5, {'y': 16.255, 'x': -12.893, 'yaw': -3.141}, None, None
170.07, [INFO], robot5, {'battery-level': '21.08'}, None, None
170.07, [INFO], robot5, {'y': 16.055, 'x': -13.043, 'yaw': 3.142}, None, None
170.26, [WARN], robot5, SKILL-FAILURE, navigation, navto_room
