0.13, [DEBUG], logger, ROBOTS_CONFIG={'avg_speed': 0.15, 'battery_charge': 0.462681764358839, 'battery_discharge_rate': 0.0004, 'id': 3, 'local_plan': [['navigation', ['IC Room 6', [[-38.0, 21.5, 0.0], [-37.0, 21.5], [-37.0, 18.93], [-33.9, 18.93, 3.14]]], 'navto_room'], ['approach_person', ['nurse'], 'approach_nurse'], ['authenticate_person', ['nurse'], 'authenticate_nurse'], ['operate_drawer', ['open'], 'open_drawer_for_nurse'], ['send_message', ['nurse'], 'notify_nurse_of_open_drawer_for_nurse_completed'], ['wait_message', ['nurse'], 'wait_nurse_to_complete_deposit'], ['operate_drawer', ['close'], 'close_drawer_nurse'], ['navigation', ['Laboratory', [[-33.9, 18.93, 3.14], [-37.0, 18.93], [-37.0, 16.0], [-26.0, 16.0], [-26.0, 13.0, 1.57]]], 'navto_lab'], ['approach_robot', ['lab_arm'], 'approach_arm'], ['operate_drawer', ['open'], 'open_drawer_lab'], ['send_message', ['lab_arm'], 'notify_lab_arm_of_open_drawer_lab_completed'], ['wait_message', ['lab_arm'], 'wait_lab_arm_to_complete_pick_up_sample'], ['operate_drawer', ['close'], 'close_drawer_lab']], 'location': 'IC Room 2', 'name': 'r3', 'position': [-38.0, 21.5, 0.0], 'skills': ['approach_person', 'approach_robot', 'authenticate_person', 'navigation', 'operate_drawer']}, None, None
0.13, [DEBUG], logger, Simulation open, None, None
10.08, [INFO], robot3, {'battery-level': '45.91'}, None, None
10.08, [INFO], robot3, {'y': 21.5, 'x': -38.0, 'yaw': -3.142}, None, None
20.00, [INFO], robot3, {'y': 21.143, 'x': -37.272, 'yaw': -3.142}, None, None
20.00, [INFO], robot3, {'battery-level': '45.51'}, None, None
30.02, [INFO], robot3, {'y': 19.028, 'x': -36.989, 'yaw': 3.141}, None, None
30.02, [INFO], robot3, {'battery-level': '45.11'}, None, None
40.03, [INFO], robot3, {'y': 17.711, 'x': -35.349, 'yaw': -3.139}, None, None
40.03, [INFO], robot3, {'battery-level': '44.71'}, None, None
50.05, [INFO], robot3, {'battery-level': '44.31'}, None, None
50.05, [INFO], robot3, {'y': 18.904, 'x': -33.969, 'yaw': -3.142}, None, None
56.11, [info], nurse, sync, received-request, (status=sending-request)
56.11, [info], nurse, sync, request-sent, (status=waiting)
56.11, [info], nurse, sync, wait-message, (status=message-received)
60.07, [INFO], robot3, {'battery-level': '43.91'}, None, None
60.07, [INFO], robot3, {'y': 18.614, 'x': -34.341, 'yaw': 3.14}, None, None
70.06, [INFO], robot3, {'battery-level': '43.51'}, None, None
70.06, [INFO], robot3, {'y': 17.92, 'x': -35.99, 'yaw': -3.142}, None, None
80.04, [INFO], robot3, {'battery-level': '43.11'}, None, None
80.04, [INFO], robot3, {'y': 17.333, 'x': -37.018, 'yaw': -3.141}, None, None
90.05, [INFO], robot3, {'battery-level': '42.71'}, None, None
90.05, [INFO], robot3, {'y': 17.312, 'x': -36.994, 'yaw': -3.141}, None, None
100.08, [INFO], robot3, {'y': 17.242, 'x': -37.113, 'yaw': -3.142}, None, None
100.08, [INFO], robot3, {'battery-level': '42.31'}, None, None
110.07, [INFO], robot3, {'battery-level': '41.91'}, None, None
110.07, [INFO], robot3, {'y': 17.26, 'x': -36.999, 'yaw': -3.141}, None, None
120.09, [INFO], robot3, {'y': 17.406, 'x': -36.862, 'yaw': 3.141}, None, None
120.09, [INFO], robot3, {'battery-level': '41.51'}, None, None
130.02, [INFO], robot3, {'y': 17.146, 'x': -37.278, 'yaw': 3.142}, None, None
130.02, [INFO], robot3, {'battery-level': '41.11'}, None, None
140.06, [INFO], robot3, {'y': 17.419, 'x': -37.042, 'yaw': 3.141}, None, None
140.06, [INFO], robot3, {'battery-level': '40.71'}, None, None
150.06, [INFO], robot3, {'battery-level': '40.31'}, None, None
150.06, [INFO], robot3, {'y': 17.234, 'x': -36.809, 'yaw': 3.141}, None, None
160.05, [INFO], robot3, {'battery-level': '39.91'}, None, None
160.05, [INFO], robot3, {'y': 17.333, 'x': -37.021, 'yaw': -3.141}, None, None
170.03, [INFO], robot3, {'battery-level': '39.51'}, None, None
170.03, [INFO], robot3, {'y': 17.159, 'x': -36.828, 'yaw': 3.141}, None, None
180.04, [INFO], robot3, {'y': 17.481, 'x': -37.022, 'yaw': -3.142}, None, None
180.04, [INFO], robot3, {'battery-level': '39.11'}, None, None
190.03, [INFO], robot3, {'battery-level': '38.71'}, None, None
190.03, [INFO], robot3, {'y': 17.31, 'x': -36.809, 'yaw': -3.141}, None, None
200.04, [INFO], robot3, {'battery-level': '38.31'}, None, None
200.04, [INFO], robot3, {'y': 17.303, 'x': -37.038, 'yaw': -3.141}, None, None
210.04, [INFO], robot3, {'battery-level': '37.91'}, None, None
210.04, [INFO], robot3, {'y': 17.32, 'x': -36.975, 'yaw': 3.14}, None, None
220.02, [INFO], robot3, {'battery-level': '37.51'}, None, None
220.02, [INFO], robot3, {'y': 17.194, 'x': -36.905, 'yaw': 3.142}, None, None
230.04, [INFO], robot3, {'battery-level': '37.11'}, None, None
230.04, [INFO], robot3, {'y': 17.342, 'x': -36.977, 'yaw': 3.142}, None, None
240.03, [INFO], robot3, {'battery-level': '36.71'}, None, None
240.03, [INFO], robot3, {'y': 17.327, 'x': -36.869, 'yaw': 3.141}, None, None
246.72, [WARN], robot3, SKILL-FAILURE, navigation, navto_lab
250.03, [INFO], robot3, {'y': 17.462, 'x': -36.851, 'yaw': -3.142}, None, None
250.03, [INFO], robot3, {'battery-level': '36.31'}, None, None
