0.00, [INFO], robot3, {'battery-level': '46.27'}, None, None
0.00, [DEBUG], nurse, NURSE_CONFIG={'location': 'IC Room 6', 'position': [-33.9, 18.93, 3.14]}, None, None
0.19, [DEBUG], logger, ROBOTS_CONFIG={'avg_speed': 0.15, 'battery_charge': 0.462681764358839, 'battery_discharge_rate': 0.0004, 'id': 3, 'local_plan': [['navigation', ['IC Room 6', [[-38.0, 21.5, 0.0], [-37.0, 21.5], [-37.0, 18.93], [-33.9, 18.93, 3.14]]], 'navto_room'], ['approach_person', ['nurse'], 'approach_nurse'], ['authenticate_person', ['nurse'], 'authenticate_nurse'], ['operate_drawer', ['open'], 'open_drawer_for_nurse'], ['send_message', ['nurse'], 'notify_nurse_of_open_drawer_for_nurse_completed'], ['wait_message', ['nurse'], 'wait_nurse_to_complete_deposit'], ['operate_drawer', ['close'], 'close_drawer_nurse'], ['navigation', ['Laboratory', [[-33.9, 18.93, 3.14], [-37.0, 18.93], [-37.0, 16.0], [-26.0, 16.0], [-26.0, 13.0, 1.57]]], 'navto_lab'], ['approach_robot', ['lab_arm'], 'approach_arm'], ['operate_drawer', ['open'], 'open_drawer_lab'], ['send_message', ['lab_arm'], 'notify_lab_arm_of_open_drawer_lab_completed'], ['wait_message', ['lab_arm'], 'wait_lab_arm_to_complete_pick_up_sample'], ['operate_drawer', ['close'], 'close_drawer_lab']], 'location': 'IC Room 2', 'name': 'r3', 'position': [-38.0, 21.5, 0.0], 'skills': ['approach_person', 'approach_robot', 'authenticate_person', 'navigation', 'operate_drawer']}, None, None
0.19, [DEBUG], logger, Simulation open, None, None
10.05, [INFO], robot3, {'battery-level': '45.91'}, None, None
10.05, [INFO], robot3, {'y': 21.421, 'x': -37.226, 'yaw': -3.141}, None, None
20.07, [INFO], robot3, {'battery-level': '45.51'}, None, None
20.07, [INFO], robot3, {'y': 19.311, 'x': -37.053, 'yaw': 3.141}, None, None
30.05, [INFO], robot3, {'battery-level': '45.11'}, None, None
30.05, [INFO], robot3, {'y': 17.85, 'x': -35.528, 'yaw': 3.14}, None, None
40.00, [INFO], robot3, {'y': 18.843, 'x': -33.998, 'yaw': 3.142}, None, None
40.00, [INFO], robot3, {'battery-level': '44.71'}, None, None
49.28, [info], nurse, sync, received-request, (status=sending-request)
49.28, [info], nurse, sync, request-sent, (status=waiting)
49.28, [info], nurse, sync, wait-message, (status=message-received)
50.02, [INFO], robot3, {'y': 18.947, 'x': -33.906, 'yaw': 3.141}, None, None
50.02, [INFO], robot3, {'battery-level': '44.31'}, None, None
60.02, [INFO], robot3, {'battery-level': '43.91'}, None, None
60.02, [INFO], robot3, {'y': 17.774, 'x': -35.401, 'yaw': 3.138}, None, None
70.05, [INFO], robot3, {'battery-level': '43.51'}, None, None
70.05, [INFO], robot3, {'y': 17.981, 'x': -36.159, 'yaw': -3.136}, None, None
80.08, [INFO], robot3, {'battery-level': '43.11'}, None, None
80.08, [INFO], robot3, {'y': 17.311, 'x': -37.042, 'yaw': 3.141}, None, None
90.02, [INFO], robot3, {'y': 17.279, 'x': -37.07, 'yaw': -3.142}, None, None
90.02, [INFO], robot3, {'battery-level': '42.71'}, None, None
100.02, [INFO], robot3, {'battery-level': '42.31'}, None, None
100.02, [INFO], robot3, {'y': 17.459, 'x': -37.023, 'yaw': 3.142}, None, None
110.08, [INFO], robot3, {'y': 17.283, 'x': -36.849, 'yaw': 3.141}, None, None
110.08, [INFO], robot3, {'battery-level': '41.91'}, None, None
120.08, [INFO], robot3, {'battery-level': '41.51'}, None, None
120.08, [INFO], robot3, {'y': 17.263, 'x': -36.788, 'yaw': 3.141}, None, None
130.06, [INFO], robot3, {'battery-level': '41.11'}, None, None
130.06, [INFO], robot3, {'y': 17.296, 'x': -36.942, 'yaw': -3.141}, None, None
140.01, [INFO], robot3, {'battery-level': '40.71'}, None, None
140.01, [INFO], robot3, {'y': 17.544, 'x': -36.882, 'yaw': 3.142}, None, None
150.00, [INFO], robot3, {'y': 17.403, 'x': -36.801, 'yaw': -3.141}, None, None
150.00, [INFO], robot3, {'battery-level': '40.31'}, None, None
160.01, [INFO], robot3, {'y': 17.415, 'x': -37.014, 'yaw': 3.141}, None, None
160.01, [INFO], robot3, {'battery-level': '39.91'}, None, None
170.00, [INFO], robot3, {'y': 17.434, 'x': -37.044, 'yaw': 3.142}, None, None
170.00, [INFO], robot3, {'battery-level': '39.51'}, None, None
180.07, [INFO], robot3, {'y': 17.461, 'x': -36.933, 'yaw': 3.142}, None, None
180.07, [INFO], robot3, {'battery-level': '39.11'}, None, None
190.04, [INFO], robot3, {'battery-level': '38.71'}, None, None
190.04, [INFO], robot3, {'y': 17.471, 'x': -36.94, 'yaw': -3.141}, None, None
200.07, [INFO], robot3, {'battery-level': '38.31'}, None, None
200.07, [INFO], robot3, {'y': 17.262, 'x': -36.906, 'yaw': -3.141}, None, None
210.06, [INFO], robot3, {'battery-level': '37.91'}, None, None
210.06, [INFO], robot3, {'y': 17.385, 'x': -36.996, 'yaw': -3.142}, None, None
220.04, [INFO], robot3, {'battery-level': '37.51'}, None, None
220.04, [INFO], robot3, {'y': 17.441, 'x': -36.996, 'yaw': 3.141}, None, None
230.03, [INFO], robot3, {'battery-level': '37.11'}, None, None
230.03, [INFO], robot3, {'y': 17.26, 'x': -36.867, 'yaw': 3.14}, None, None
231.68, [WARN], robot3, SKILL-FAILURE, navigation, navto_lab
240.07, [INFO], robot3, {'y': 17.329, 'x': -37.023, 'yaw': 3.142}, None, None
240.07, [INFO], robot3, {'battery-level': '36.71'}, None, None
