0.00, [INFO], robot5, {'battery-level': '71.80'}, None, None
0.13, [DEBUG], logger, ROBOTS_CONFIG={'avg_speed': 0.15, 'battery_charge': 0.7179616530181877, 'battery_discharge_rate': 0.0002, 'id': 5, 'local_plan': [['navigation', ['IC Room 6', [[-13.5, 18.0, -1.57], [-13.5, 16.0], [-37.0, 16.0], [-37.0, 18.93], [-33.9, 18.93, 3.14]]], 'navto_room'], ['approach_person', ['nurse'], 'approach_nurse'], ['authenticate_person', ['nurse'], 'authenticate_nurse'], ['operate_drawer', ['open'], 'open_drawer_for_nurse'], ['send_message', ['nurse'], 'notify_nurse_of_open_drawer_for_nurse_completed'], ['wait_message', ['nurse'], 'wait_nurse_to_complete_deposit'], ['operate_drawer', ['close'], 'close_drawer_nurse'], ['navigation', ['Laboratory', [[-33.9, 18.93, 3.14], [-37.0, 18.93], [-37.0, 16.0], [-26.0, 16.0], [-26.0, 13.0, 1.57]]], 'navto_lab'], ['approach_robot', ['lab_arm'], 'approach_arm'], ['operate_drawer', ['open'], 'open_drawer_lab'], ['send_message', ['lab_arm'], 'notify_lab_arm_of_open_drawer_lab_completed'], ['wait_message', ['lab_arm'], 'wait_lab_arm_to_complete_pick_up_sample'], ['operate_drawer', ['close'], 'close_drawer_lab']], 'location': 'PC Room 7', 'name': 'r5', 'position': [-13.5, 18.0, -1.57], 'skills': ['approach_person', 'approach_robot', 'authenticate_person', 'navigation', 'operate_drawer']}, None, None
0.13, [DEBUG], logger, Simulation open, None, None
10.02, [INFO], robot5, {'y': 17.415, 'x': -13.502, 'yaw': 3.142}, None, None
10.02, [INFO], robot5, {'battery-level': '71.62'}, None, None
20.02, [INFO], robot5, {'y': 16.012, 'x': -14.424, 'yaw': -3.142}, None, None
20.02, [INFO], robot5, {'battery-level': '71.42'}, None, None
30.05, [INFO], robot5, {'battery-level': '71.22'}, None, None
30.05, [INFO], robot5, {'y': 15.895, 'x': -16.541, 'yaw': 3.14}, None, None
40.08, [INFO], robot5, {'battery-level': '71.02'}, None, None
40.08, [INFO], robot5, {'y': 15.96, 'x': -18.667, 'yaw': 3.141}, None, None
50.03, [INFO], robot5, {'battery-level': '70.82'}, None, None
50.03, [INFO], robot5, {'y': 16.13, 'x': -20.75, 'yaw': 3.142}, None, None
60.06, [INFO], robot5, {'y': 16.011, 'x': -22.869, 'yaw': -3.142}, None, None
60.06, [INFO], robot5, {'battery-level': '70.62'}, None, None
70.00, [INFO], robot5, {'battery-level': '70.42'}, None, None
70.00, [INFO], robot5, {'y': 15.998, 'x': -24.978, 'yaw': 3.14}, None, None
80.09, [INFO], robot5, {'battery-level': '70.22'}, None, None
80.09, [INFO], robot5, {'y': 15.954, 'x': -27.1, 'yaw': 3.141}, None, None
90.07, [INFO], robot5, {'y': 16.051, 'x': -29.199, 'yaw': 3.142}, None, None
90.07, [INFO], robot5, {'battery-level': '70.02'}, None, None
100.08, [INFO], robot5, {'battery-level': '69.82'}, None, None
100.08, [INFO], robot5, {'y': 15.959, 'x': -31.306, 'yaw': 3.141}, None, None
110.06, [INFO], robot5, {'battery-level': '69.62'}, None, None
110.06, [INFO], robot5, {'y': 15.652, 'x': -33.406, 'yaw': 3.141}, None, None
120.08, [INFO], robot5, {'y': 15.487, 'x': -35.508, 'yaw': -3.141}, None, None
120.08, [INFO], robot5, {'battery-level': '69.42'}, None, None
130.00, [INFO], robot5, {'y': 16.693, 'x': -36.789, 'yaw': 3.142}, None, None
130.00, [INFO], robot5, {'battery-level': '69.22'}, None, None
140.03, [INFO], robot5, {'battery-level': '69.02'}, None, None
140.03, [INFO], robot5, {'y': 17.617, 'x': -36.804, 'yaw': -3.142}, None, None
150.01, [INFO], robot5, {'battery-level': '68.82'}, None, None
150.01, [INFO], robot5, {'y': 17.75, 'x': -36.777, 'yaw': 3.142}, None, None
160.02, [INFO], robot5, {'battery-level': '68.62'}, None, None
160.02, [INFO], robot5, {'y': 18.009, 'x': -35.755, 'yaw': -3.141}, None, None
170.09, [INFO], robot5, {'y': 18.265, 'x': -35.703, 'yaw': 3.141}, None, None
170.09, [INFO], robot5, {'battery-level': '68.42'}, None, None
180.03, [INFO], robot5, {'battery-level': '68.22'}, None, None
180.03, [INFO], robot5, {'y': 18.263, 'x': -35.691, 'yaw': -3.141}, None, None
190.02, [INFO], robot5, {'y': 18.526, 'x': -35.647, 'yaw': 3.142}, None, None
190.02, [INFO], robot5, {'battery-level': '68.02'}, None, None
196.23, [WARN], robot5, SKILL-FAILURE, navigation, navto_room
200.00, [INFO], robot5, {'battery-level': '67.82'}, None, None
200.00, [INFO], robot5, {'y': 18.567, 'x': -35.634, 'yaw': -3.136}, None, None
