0.00, [DEBUG], nurse, NURSE_CONFIG={'location': 'IC Room 2', 'position': [-38.0, 21.5, 0.0]}, None, None
0.19, [DEBUG], logger, ROBOTS_CONFIG={'avg_speed': 0.15, 'battery_charge': 0.462681764358839, 'battery_discharge_rate': 0.0004, 'id': 3, 'local_plan': [['navigation', ['IC Room 2', [[-13.5, 18.0, -1.57], [-13.5, 16.0], [-37.0, 16.0], [-37.0, 21.5], [-38.0, 21.5, 0.0]]], 'navto_room'], ['approach_person', ['nurse'], 'approach_nurse'], ['authenticate_person', ['nurse'], 'authenticate_nurse'], ['operate_drawer', ['open'], 'open_drawer_for_nurse'], ['send_message', ['nurse'], 'notify_nurse_of_open_drawer_for_nurse_completed'], ['wait_message', ['nurse'], 'wait_nurse_to_complete_deposit'], ['operate_drawer', ['close'], 'close_drawer_nurse'], ['navigation', ['Laboratory', [[-38.0, 21.5, 0.0], [-37.0, 21.5], [-37.0, 16.0], [-26.0, 16.0], [-26.0, 13.0, 1.57]]], 'navto_lab'], ['approach_robot', ['lab_arm'], 'approach_arm'], ['operate_drawer', ['open'], 'open_drawer_lab'], ['send_message', ['lab_arm'], 'notify_lab_arm_of_open_drawer_lab_completed'], ['wait_message', ['lab_arm'], 'wait_lab_arm_to_complete_pick_up_sample'], ['operate_drawer', ['close'], 'close_drawer_lab']], 'location': 'PC Room 7', 'name': 'r3', 'position': [-13.5, 18.0, -1.57], 'skills': ['approach_person', 'approach_robot', 'authenticate_person', 'navigation', 'operate_drawer']}, None, None
0.19, [DEBUG], logger, Simulation open, None, None
10.06, [INFO], robot3, {'battery-level': '45.91'}, None, None
10.06, [INFO], robot3, {'y': 17.166, 'x': -13.501, 'yaw': -3.139}, None, None
20.05, [INFO], robot3, {'y': 16.035, 'x': -14.724, 'yaw': -3.142}, None, None
20.05, [INFO], robot3, {'battery-level': '45.51'}, None, None
30.04, [INFO], robot3, {'battery-level': '45.11'}, None, None
30.04, [INFO], robot3, {'y': 15.987, 'x': -16.833, 'yaw': 3.141}, None, None
40.03, [INFO], robot3, {'battery-level': '44.71'}, None, None
40.03, [INFO], robot3, {'y': 16.055, 'x': -18.928, 'yaw': 3.141}, None, None
50.03, [INFO], robot3, {'battery-level': '44.31'}, None, None
50.03, [INFO], robot3, {'y': 16.186, 'x': -21.05, 'yaw': 3.141}, None, None
60.06, [INFO], robot3, {'y': 16.143, 'x': -23.156, 'yaw': -3.142}, None, None
60.06, [INFO], robot3, {'battery-level': '43.91'}, None, None
70.05, [INFO], robot3, {'y': 16.138, 'x': -25.264, 'yaw': 3.14}, None, None
70.05, [INFO], robot3, {'battery-level': '43.51'}, None, None
80.04, [INFO], robot3, {'y': 16.163, 'x': -27.364, 'yaw': -3.142}, None, None
80.04, [INFO], robot3, {'battery-level': '43.11'}, None, None
90.03, [INFO], robot3, {'battery-level': '42.71'}, None, None
90.03, [INFO], robot3, {'y': 16.227, 'x': -29.475, 'yaw': 3.142}, None, None
100.03, [INFO], robot3, {'battery-level': '42.31'}, None, None
100.03, [INFO], robot3, {'y': 16.051, 'x': -31.583, 'yaw': -3.142}, None, None
110.01, [INFO], robot3, {'y': 15.588, 'x': -33.672, 'yaw': 3.141}, None, None
110.01, [INFO], robot3, {'battery-level': '41.91'}, None, None
120.09, [INFO], robot3, {'y': 15.556, 'x': -35.784, 'yaw': -3.141}, None, None
120.09, [INFO], robot3, {'battery-level': '41.51'}, None, None
130.08, [INFO], robot3, {'y': 17.049, 'x': -36.545, 'yaw': -3.141}, None, None
130.08, [INFO], robot3, {'battery-level': '41.11'}, None, None
140.09, [INFO], robot3, {'y': 19.163, 'x': -36.68, 'yaw': 3.141}, None, None
140.09, [INFO], robot3, {'battery-level': '40.71'}, None, None
150.09, [INFO], robot3, {'y': 21.218, 'x': -37.1, 'yaw': 3.142}, None, None
150.09, [INFO], robot3, {'battery-level': '40.31'}, None, None
160.01, [INFO], robot3, {'battery-level': '39.91'}, None, None
160.01, [INFO], robot3, {'y': 21.474, 'x': -38.097, 'yaw': -3.141}, None, None
165.15, [info], nurse, sync, received-request, (status=sending-request)
165.15, [info], nurse, sync, request-sent, (status=waiting)
165.15, [info], nurse, sync, wait-message, (status=message-received)
170.02, [INFO], robot3, {'y': 21.309, 'x': -37.336, 'yaw': -3.142}, None, None
170.02, [INFO], robot3, {'battery-level': '39.51'}, None, None
180.04, [INFO], robot3, {'battery-level': '39.11'}, None, None
180.04, [INFO], robot3, {'y': 19.229, 'x': -37.192, 'yaw': -3.142}, None, None
190.04, [INFO], robot3, {'y': 17.113, 'x': -37.098, 'yaw': 3.14}, None, None
190.04, [INFO], robot3, {'battery-level': '38.71'}, None, None
200.03, [INFO], robot3, {'y': 15.785, 'x': -35.915, 'yaw': -3.139}, None, None
200.03, [INFO], robot3, {'battery-level': '38.31'}, None, None
210.05, [INFO], robot3, {'y': 15.41, 'x': -33.823, 'yaw': 3.141}, None, None
210.05, [INFO], robot3, {'battery-level': '37.91'}, None, None
220.06, [INFO], robot3, {'y': 15.552, 'x': -31.709, 'yaw': 3.141}, None, None
220.06, [INFO], robot3, {'battery-level': '37.51'}, None, None
230.05, [INFO], robot3, {'battery-level': '37.11'}, None, None
230.05, [INFO], robot3, {'y': 15.658, 'x': -29.6, 'yaw': 3.142}, None, None
240.06, [INFO], robot3, {'battery-level': '36.71'}, None, None
240.06, [INFO], robot3, {'y': 15.753, 'x': -27.479, 'yaw': 3.142}, None, None
250.05, [INFO], robot3, {'y': 15.007, 'x': -25.851, 'yaw': 3.141}, None, None
250.05, [INFO], robot3, {'battery-level': '36.31'}, None, None
260.06, [INFO], robot3, {'y': 13.055, 'x': -25.893, 'yaw': -3.142}, None, None
260.06, [INFO], robot3, {'battery-level': '35.91'}, None, None
270.07, [INFO], robot3, {'y': 12.948, 'x': -25.953, 'yaw': 3.141}, None, None
270.07, [INFO], robot3, {'battery-level': '35.51'}, None, None
271.17, [info], lab_arm, sync, wait-message, (status=message-received)
272.09, [WARN], robot3, SUCCESS, None, None
280.02, [INFO], robot3, {'y': 12.949, 'x': -25.953, 'yaw': -3.142}, None, None
280.02, [INFO], robot3, {'battery-level': '35.11'}, None, None
