0.00, [DEBUG], nurse, NURSE_CONFIG={'location': 'IC Room 2', 'position': [-38.0, 21.5, 0.0]}, None, None
0.13, [DEBUG], logger, ROBOTS_CONFIG={'avg_speed': 0.15, 'battery_charge': 0.5080169438370433, 'battery_discharge_rate': 0.0005200000000000001, 'id': 6, 'local_plan': [['navigation', ['IC Room 2', [[-33.9, 18.93, 3.14], [-37.0, 18.93], [-37.0, 21.5], [-38.0, 21.5, 0.0]]], 'navto_room'], ['approach_person', ['nurse'], 'approach_nurse'], ['authenticate_person', ['nurse'], 'authenticate_nurse'], ['operate_drawer', ['open'], 'open_drawer_for_nurse'], ['send_message', ['nurse'], 'notify_nurse_of_open_drawer_for_nurse_completed'], ['wait_message', ['nurse'], 'wait_nurse_to_complete_deposit'], ['operate_drawer', ['close'], 'close_drawer_nurse'], ['navigation', ['Laboratory', [[-38.0, 21.5, 0.0], [-37.0, 21.5], [-37.0, 16.0], [-26.0, 16.0], [-26.0, 13.0, 1.57]]], 'navto_lab'], ['approach_robot', ['lab_arm'], 'approach_arm'], ['operate_drawer', ['open'], 'open_drawer_lab'], ['send_message', ['lab_arm'], 'notify_lab_arm_of_open_drawer_lab_completed'], ['wait_message', ['lab_arm'], 'wait_lab_arm_to_complete_pick_up_sample'], ['operate_drawer', ['close'], 'close_drawer_lab']], 'location': 'IC Room 6', 'name': 'r6', 'position': [-33.9, 18.93, 3.14], 'skills': ['approach_person', 'approach_robot', 'authenticate_person', 'navigation', 'operate_drawer']}, None, None
0.13, [DEBUG], logger, Simulation open, None, None
10.08, [INFO], robot6, {'battery-level': '50.33'}, None, None
10.08, [INFO], robot6, {'y': 18.682, 'x': -34.258, 'yaw': -3.142}, None, None
20.01, [INFO], robot6, {'battery-level': '49.81'}, None, None
20.01, [INFO], robot6, {'y': 17.886, 'x': -35.93, 'yaw': 3.141}, None, None
30.05, [INFO], robot6, {'y': 19.672, 'x': -36.799, 'yaw': 3.141}, None, None
30.05, [INFO], robot6, {'battery-level': '49.29'}, None, None
40.01, [INFO], robot6, {'battery-level': '48.77'}, None, None
40.01, [INFO], robot6, {'y': 21.524, 'x': -37.483, 'yaw': 3.14}, None, None
49.99, [info], nurse, sync, received-request, (status=sending-request)
49.99, [info], nurse, sync, request-sent, (status=waiting)
49.99, [info], nurse, sync, wait-message, (status=message-received)
50.08, [INFO], robot6, {'battery-level': '48.25'}, None, None
50.08, [INFO], robot6, {'y': 21.511, 'x': -38.109, 'yaw': 3.142}, None, None
60.03, [INFO], robot6, {'y': 20.337, 'x': -37.251, 'yaw': 3.141}, None, None
60.03, [INFO], robot6, {'battery-level': '47.73'}, None, None
70.06, [INFO], robot6, {'y': 18.215, 'x': -37.197, 'yaw': 3.141}, None, None
70.06, [INFO], robot6, {'battery-level': '47.21'}, None, None
80.03, [INFO], robot6, {'y': 16.142, 'x': -36.948, 'yaw': 3.141}, None, None
80.03, [INFO], robot6, {'battery-level': '46.69'}, None, None
90.06, [INFO], robot6, {'y': 15.449, 'x': -34.907, 'yaw': -3.141}, None, None
90.06, [INFO], robot6, {'battery-level': '46.17'}, None, None
100.03, [INFO], robot6, {'y': 15.473, 'x': -32.801, 'yaw': 3.141}, None, None
100.03, [INFO], robot6, {'battery-level': '45.65'}, None, None
110.02, [INFO], robot6, {'battery-level': '45.13'}, None, None
110.02, [INFO], robot6, {'y': 15.487, 'x': -30.684, 'yaw': -3.141}, None, None
120.01, [INFO], robot6, {'battery-level': '44.61'}, None, None
120.01, [INFO], robot6, {'y': 15.79, 'x': -28.578, 'yaw': -3.142}, None, None
130.00, [INFO], robot6, {'battery-level': '44.09'}, None, None
130.00, [INFO], robot6, {'y': 15.821, 'x': -26.471, 'yaw': 3.139}, None, None
140.06, [INFO], robot6, {'battery-level': '43.57'}, None, None
140.06, [INFO], robot6, {'y': 13.911, 'x': -25.764, 'yaw': 3.142}, None, None
150.03, [INFO], robot6, {'battery-level': '43.05'}, None, None
150.03, [INFO], robot6, {'y': 12.915, 'x': -25.946, 'yaw': -3.142}, None, None
152.68, [info], lab_arm, sync, wait-message, (status=message-received)
153.58, [WARN], robot6, SUCCESS, None, None
160.09, [INFO], robot6, {'battery-level': '42.53'}, None, None
160.09, [INFO], robot6, {'y': 12.912, 'x': -25.944, 'yaw': 3.142}, None, None
