0.00, [DEBUG], nurse, NURSE_CONFIG={'location': 'IC Room 6', 'position': [-33.9, 18.93, 3.14]}, None, None
0.14, [DEBUG], logger, ROBOTS_CONFIG={'avg_speed': 0.15, 'battery_charge': 0.5080169438370433, 'battery_discharge_rate': 0.0005200000000000001, 'id': 6, 'local_plan': [['navigation', ['IC Room 6', [[-32.88, 33.98, 3.14], [-37.0, 33.98], [-37.0, 18.93], [-33.9, 18.93, 3.14]]], 'navto_room'], ['approach_person', ['nurse'], 'approach_nurse'], ['authenticate_person', ['nurse'], 'authenticate_nurse'], ['operate_drawer', ['open'], 'open_drawer_for_nurse'], ['send_message', ['nurse'], 'notify_nurse_of_open_drawer_for_nurse_completed'], ['wait_message', ['nurse'], 'wait_nurse_to_complete_deposit'], ['operate_drawer', ['close'], 'close_drawer_nurse'], ['navigation', ['Laboratory', [[-33.9, 18.93, 3.14], [-37.0, 18.93], [-37.0, 16.0], [-26.0, 16.0], [-26.0, 13.0, 1.57]]], 'navto_lab'], ['approach_robot', ['lab_arm'], 'approach_arm'], ['operate_drawer', ['open'], 'open_drawer_lab'], ['send_message', ['lab_arm'], 'notify_lab_arm_of_open_drawer_lab_completed'], ['wait_message', ['lab_arm'], 'wait_lab_arm_to_complete_pick_up_sample'], ['operate_drawer', ['close'], 'close_drawer_lab']], 'location': 'IC Room 5', 'name': 'r6', 'position': [-32.88, 33.98, 3.14], 'skills': ['approach_person', 'approach_robot', 'authenticate_person', 'navigation', 'operate_drawer']}, None, None
0.14, [DEBUG], logger, Simulation open, None, None
10.04, [INFO], robot6, {'battery-level': '50.33'}, None, None
10.04, [INFO], robot6, {'y': 34.299, 'x': -33.641, 'yaw': 3.141}, None, None
20.04, [INFO], robot6, {'y': 34.643, 'x': -35.716, 'yaw': -3.139}, None, None
20.04, [INFO], robot6, {'battery-level': '49.81'}, None, None
30.08, [INFO], robot6, {'battery-level': '49.29'}, None, None
30.08, [INFO], robot6, {'y': 33.163, 'x': -36.843, 'yaw': -3.142}, None, None
40.02, [INFO], robot6, {'y': 31.063, 'x': -36.854, 'yaw': -3.142}, None, None
40.02, [INFO], robot6, {'battery-level': '48.77'}, None, None
50.06, [INFO], robot6, {'battery-level': '48.25'}, None, None
50.06, [INFO], robot6, {'y': 28.959, 'x': -36.898, 'yaw': -3.142}, None, None
60.03, [INFO], robot6, {'y': 26.865, 'x': -36.9, 'yaw': 3.141}, None, None
60.03, [INFO], robot6, {'battery-level': '47.73'}, None, None
70.06, [INFO], robot6, {'battery-level': '47.21'}, None, None
70.06, [INFO], robot6, {'y': 24.75, 'x': -36.968, 'yaw': 3.14}, None, None
80.04, [INFO], robot6, {'battery-level': '46.69'}, None, None
80.04, [INFO], robot6, {'y': 22.65, 'x': -37.018, 'yaw': 3.141}, None, None
90.07, [INFO], robot6, {'y': 20.537, 'x': -37.076, 'yaw': 3.141}, None, None
90.07, [INFO], robot6, {'battery-level': '46.17'}, None, None
100.04, [INFO], robot6, {'battery-level': '45.65'}, None, None
100.04, [INFO], robot6, {'y': 18.553, 'x': -36.546, 'yaw': 3.142}, None, None
110.03, [INFO], robot6, {'y': 17.73, 'x': -34.799, 'yaw': 3.142}, None, None
110.03, [INFO], robot6, {'battery-level': '45.13'}, None, None
120.07, [INFO], robot6, {'battery-level': '44.61'}, None, None
120.07, [INFO], robot6, {'y': 18.936, 'x': -33.945, 'yaw': 3.142}, None, None
126.05, [info], nurse, sync, received-request, (status=sending-request)
126.05, [info], nurse, sync, request-sent, (status=waiting)
126.05, [info], nurse, sync, wait-message, (status=message-received)
130.02, [INFO], robot6, {'y': 18.622, 'x': -34.354, 'yaw': 3.141}, None, None
130.02, [INFO], robot6, {'battery-level': '44.09'}, None, None
140.05, [INFO], robot6, {'battery-level': '43.57'}, None, None
140.05, [INFO], robot6, {'y': 17.903, 'x': -36.012, 'yaw': 3.142}, None, None
150.09, [INFO], robot6, {'y': 17.717, 'x': -37.025, 'yaw': -3.142}, None, None
150.09, [INFO], robot6, {'battery-level': '43.05'}, None, None
160.01, [INFO], robot6, {'battery-level': '42.53'}, None, None
160.01, [INFO], robot6, {'y': 17.149, 'x': -37.098, 'yaw': 3.141}, None, None
170.05, [INFO], robot6, {'y': 17.396, 'x': -36.878, 'yaw': 3.141}, None, None
170.05, [INFO], robot6, {'battery-level': '42.01'}, None, None
180.00, [INFO], robot6, {'y': 17.416, 'x': -36.8, 'yaw': 3.141}, None, None
180.00, [INFO], robot6, {'battery-level': '41.49'}, None, None
190.04, [INFO], robot6, {'y': 17.17, 'x': -36.906, 'yaw': -3.141}, None, None
190.04, [INFO], robot6, {'battery-level': '40.97'}, None, None
200.01, [INFO], robot6, {'y': 17.362, 'x': -37.092, 'yaw': -3.142}, None, None
200.01, [INFO], robot6, {'battery-level': '40.45'}, None, None
210.03, [INFO], robot6, {'y': 17.26, 'x': -36.868, 'yaw': -3.142}, None, None
210.03, [INFO], robot6, {'battery-level': '39.93'}, None, None
220.05, [INFO], robot6, {'battery-level': '39.41'}, None, None
220.05, [INFO], robot6, {'y': 17.408, 'x': -37.068, 'yaw': 3.141}, None, None
230.03, [INFO], robot6, {'y': 17.409, 'x': -37.021, 'yaw': 3.141}, None, None
230.03, [INFO], robot6, {'battery-level': '38.89'}, None, None
240.04, [INFO], robot6, {'battery-level': '38.37'}, None, None
240.04, [INFO], robot6, {'y': 17.241, 'x': -36.841, 'yaw': 3.142}, None, None
250.04, [INFO], robot6, {'battery-level': '37.85'}, None, None
250.04, [INFO], robot6, {'y': 17.298, 'x': -37.079, 'yaw': 3.141}, None, None
260.05, [INFO], robot6, {'y': 17.44, 'x': -37.073, 'yaw': 3.141}, None, None
260.05, [INFO], robot6, {'battery-level': '37.33'}, None, None
270.06, [INFO], robot6, {'battery-level': '36.81'}, None, None
270.06, [INFO], robot6, {'y': 17.359, 'x': -36.955, 'yaw': 3.141}, None, None
280.07, [INFO], robot6, {'battery-level': '36.29'}, None, None
280.07, [INFO], robot6, {'y': 17.48, 'x': -37.001, 'yaw': -3.141}, None, None
290.02, [INFO], robot6, {'y': 17.269, 'x': -36.845, 'yaw': -3.142}, None, None
290.02, [INFO], robot6, {'battery-level': '35.77'}, None, None
300.04, [INFO], robot6, {'y': 17.394, 'x': -36.863, 'yaw': 3.141}, None, None
300.04, [INFO], robot6, {'battery-level': '35.25'}, None, None
310.08, [INFO], robot6, {'battery-level': '34.73'}, None, None
310.08, [INFO], robot6, {'y': 17.326, 'x': -36.735, 'yaw': -3.141}, None, None
315.97, [WARN], robot6, SKILL-FAILURE, navigation, navto_lab
320.02, [INFO], robot6, {'y': 17.441, 'x': -36.966, 'yaw': -3.142}, None, None
320.02, [INFO], robot6, {'battery-level': '34.21'}, None, None
