0.00, [DEBUG], nurse, NURSE_CONFIG={'location': 'IC Room 6', 'position': [-33.9, 18.93, 3.14]}, None, None
0.12, [DEBUG], logger, ROBOTS_CONFIG={'avg_speed': 0.15, 'battery_charge': 0.462681764358839, 'battery_discharge_rate': 0.0004, 'id': 3, 'local_plan': [['navigation', ['IC Room 6', [[-38.0, 21.5, 0.0], [-37.0, 21.5], [-37.0, 18.93], [-33.9, 18.93, 3.14]]], 'navto_room'], ['approach_person', ['nurse'], 'approach_nurse'], ['authenticate_person', ['nurse'], 'authenticate_nurse'], ['operate_drawer', ['open'], 'open_drawer_for_nurse'], ['send_message', ['nurse'], 'notify_nurse_of_open_drawer_for_nurse_completed'], ['wait_message', ['nurse'], 'wait_nurse_to_complete_deposit'], ['operate_drawer', ['close'], 'close_drawer_nurse'], ['navigation', ['Laboratory', [[-33.9, 18.93, 3.14], [-37.0, 18.93], [-37.0, 16.0], [-26.0, 16.0], [-26.0, 13.0, 1.57]]], 'navto_lab'], ['approach_robot', ['lab_arm'], 'approach_arm'], ['operate_drawer', ['open'], 'open_drawer_lab'], ['send_message', ['lab_arm'], 'notify_lab_arm_of_open_drawer_lab_completed'], ['wait_message', ['lab_arm'], 'wait_lab_arm_to_complete_pick_up_sample'], ['operate_drawer', ['close'], 'close_drawer_lab']], 'location': 'IC Room 2', 'name': 'r3', 'position': [-38.0, 21.5, 0.0], 'skills': ['approach_person', 'approach_robot', 'authenticate_person', 'navigation', 'operate_drawer']}, None, None
0.12, [DEBUG], logger, Simulation open, None, None
10.09, [INFO], robot3, {'battery-level': '45.91'}, None, None
10.09, [INFO], robot3, {'y': 21.505, 'x': -38.004, 'yaw': -3.141}, None, None
20.05, [INFO], robot3, {'battery-level': '45.51'}, None, None
20.05, [INFO], robot3, {'y': 20.284, 'x': -37.243, 'yaw': 3.141}, None, None
30.07, [INFO], robot3, {'y': 18.378, 'x': -36.445, 'yaw': 3.141}, None, None
30.07, [INFO], robot3, {'battery-level': '45.11'}, None, None
40.04, [INFO], robot3, {'battery-level': '44.71'}, None, None
40.04, [INFO], robot3, {'y': 17.994, 'x': -34.581, 'yaw': 3.139}, None, None
50.02, [INFO], robot3, {'y': 19.0, 'x': -33.879, 'yaw': -3.142}, None, None
50.02, [INFO], robot3, {'battery-level': '44.31'}, None, None
53.22, [info], nurse, sync, received-request, (status=sending-request)
53.22, [info], nurse, sync, request-sent, (status=waiting)
53.22, [info], nurse, sync, wait-message, (status=message-received)
60.06, [INFO], robot3, {'battery-level': '43.91'}, None, None
60.06, [INFO], robot3, {'y': 18.105, 'x': -34.541, 'yaw': 3.14}, None, None
70.09, [INFO], robot3, {'battery-level': '43.51'}, None, None
70.09, [INFO], robot3, {'y': 18.064, 'x': -36.253, 'yaw': 3.141}, None, None
80.06, [INFO], robot3, {'battery-level': '43.11'}, None, None
80.06, [INFO], robot3, {'y': 17.366, 'x': -36.782, 'yaw': 3.141}, None, None
90.03, [INFO], robot3, {'y': 17.47, 'x': -36.991, 'yaw': 3.141}, None, None
90.03, [INFO], robot3, {'battery-level': '42.71'}, None, None
100.00, [INFO], robot3, {'battery-level': '42.31'}, None, None
100.00, [INFO], robot3, {'y': 17.439, 'x': -36.902, 'yaw': 3.141}, None, None
110.06, [INFO], robot3, {'battery-level': '41.91'}, None, None
110.06, [INFO], robot3, {'y': 17.17, 'x': -36.815, 'yaw': -3.141}, None, None
120.01, [INFO], robot3, {'battery-level': '41.51'}, None, None
120.01, [INFO], robot3, {'y': 17.3, 'x': -37.029, 'yaw': -3.142}, None, None
130.01, [INFO], robot3, {'battery-level': '41.11'}, None, None
130.01, [INFO], robot3, {'y': 17.165, 'x': -37.036, 'yaw': 3.142}, None, None
140.06, [INFO], robot3, {'y': 17.399, 'x': -37.125, 'yaw': -3.141}, None, None
140.06, [INFO], robot3, {'battery-level': '40.71'}, None, None
150.04, [INFO], robot3, {'battery-level': '40.31'}, None, None
150.04, [INFO], robot3, {'y': 17.321, 'x': -36.838, 'yaw': 3.142}, None, None
160.00, [INFO], robot3, {'y': 17.272, 'x': -36.993, 'yaw': 3.141}, None, None
160.00, [INFO], robot3, {'battery-level': '39.91'}, None, None
169.98, [INFO], robot3, {'y': 17.225, 'x': -37.094, 'yaw': 3.141}, None, None
170.08, [INFO], robot3, {'battery-level': '39.51'}, None, None
180.06, [INFO], robot3, {'battery-level': '39.11'}, None, None
180.06, [INFO], robot3, {'y': 17.405, 'x': -36.878, 'yaw': 3.14}, None, None
190.03, [INFO], robot3, {'y': 17.29, 'x': -36.792, 'yaw': -3.141}, None, None
190.03, [INFO], robot3, {'battery-level': '38.71'}, None, None
200.09, [INFO], robot3, {'battery-level': '38.31'}, None, None
200.09, [INFO], robot3, {'y': 17.396, 'x': -37.0, 'yaw': -3.141}, None, None
210.07, [INFO], robot3, {'y': 17.357, 'x': -36.881, 'yaw': -3.142}, None, None
210.07, [INFO], robot3, {'battery-level': '37.91'}, None, None
220.05, [INFO], robot3, {'battery-level': '37.51'}, None, None
220.05, [INFO], robot3, {'y': 17.414, 'x': -36.687, 'yaw': 3.142}, None, None
230.00, [INFO], robot3, {'battery-level': '37.11'}, None, None
230.00, [INFO], robot3, {'y': 17.327, 'x': -37.054, 'yaw': -3.141}, None, None
240.06, [INFO], robot3, {'battery-level': '36.71'}, None, None
240.06, [INFO], robot3, {'y': 17.413, 'x': -36.88, 'yaw': 3.141}, None, None
247.73, [WARN], robot3, SKILL-FAILURE, navigation, navto_lab
250.01, [INFO], robot3, {'battery-level': '36.31'}, None, None
250.01, [INFO], robot3, {'y': 17.484, 'x': -36.894, 'yaw': 3.142}, None, None
