0.00, [DEBUG], nurse, NURSE_CONFIG={'location': 'IC Room 2', 'position': [-38.0, 21.5, 0.0]}, None, None
0.00, [INFO], robot6, {'battery-level': '50.80'}, None, None
0.00, [DEBUG], logger, ROBOTS_CONFIG={'avg_speed': 0.15, 'battery_charge': 0.5080169438370433, 'battery_discharge_rate': 0.0005200000000000001, 'id': 6, 'local_plan': [['navigation', ['IC Room 2', [[-33.9, 18.93, 3.14], [-37.0, 18.93], [-37.0, 21.5], [-38.0, 21.5, 0.0]]], 'navto_room'], ['approach_person', ['nurse'], 'approach_nurse'], ['authenticate_person', ['nurse'], 'authenticate_nurse'], ['operate_drawer', ['open'], 'open_drawer_for_nurse'], ['send_message', ['nurse'], 'notify_nurse_of_open_drawer_for_nurse_completed'], ['wait_message', ['nurse'], 'wait_nurse_to_complete_deposit'], ['operate_drawer', ['close'], 'close_drawer_nurse'], ['navigation', ['Laboratory', [[-38.0, 21.5, 0.0], [-37.0, 21.5], [-37.0, 16.0], [-26.0, 16.0], [-26.0, 13.0, 1.57]]], 'navto_lab'], ['approach_robot', ['lab_arm'], 'approach_arm'], ['operate_drawer', ['open'], 'open_drawer_lab'], ['send_message', ['lab_arm'], 'notify_lab_arm_of_open_drawer_lab_completed'], ['wait_message', ['lab_arm'], 'wait_lab_arm_to_complete_pick_up_sample'], ['operate_drawer', ['close'], 'close_drawer_lab']], 'location': 'IC Room 6', 'name': 'r6', 'position': [-33.9, 18.93, 3.14], 'skills': ['approach_person', 'approach_robot', 'authenticate_person', 'navigation', 'operate_drawer']}, None, None
0.00, [DEBUG], logger, Simulation open, None, None
10.06, [INFO], robot6, {'y': 18.439, 'x': -34.347, 'yaw': 3.142}, None, None
10.06, [INFO], robot6, {'battery-level': '50.33'}, None, None
20.09, [INFO], robot6, {'y': 17.994, 'x': -36.154, 'yaw': 3.142}, None, None
20.09, [INFO], robot6, {'battery-level': '49.81'}, None, None
30.04, [INFO], robot6, {'battery-level': '49.29'}, None, None
30.04, [INFO], robot6, {'y': 19.816, 'x': -36.909, 'yaw': 3.141}, None, None
40.08, [INFO], robot6, {'y': 21.517, 'x': -37.734, 'yaw': -3.142}, None, None
40.08, [INFO], robot6, {'battery-level': '48.77'}, None, None
50.03, [INFO], robot6, {'y': 21.443, 'x': -38.089, 'yaw': -3.142}, None, None
50.03, [INFO], robot6, {'battery-level': '48.25'}, None, None
51.57, [info], nurse, sync, received-request, (status=sending-request)
51.57, [info], nurse, sync, request-sent, (status=waiting)
51.57, [info], nurse, sync, wait-message, (status=message-received)
60.06, [INFO], robot6, {'y': 20.591, 'x': -37.206, 'yaw': 3.142}, None, None
60.06, [INFO], robot6, {'battery-level': '47.73'}, None, None
70.08, [INFO], robot6, {'battery-level': '47.21'}, None, None
70.08, [INFO], robot6, {'y': 18.476, 'x': -37.119, 'yaw': 3.141}, None, None
80.01, [INFO], robot6, {'battery-level': '46.69'}, None, None
80.01, [INFO], robot6, {'y': 16.372, 'x': -37.051, 'yaw': 3.141}, None, None
90.05, [INFO], robot6, {'y': 15.512, 'x': -35.309, 'yaw': 3.14}, None, None
90.05, [INFO], robot6, {'battery-level': '46.17'}, None, None
100.10, [INFO], robot6, {'battery-level': '45.65'}, None, None
100.10, [INFO], robot6, {'y': 15.411, 'x': -33.186, 'yaw': -3.141}, None, None
110.04, [INFO], robot6, {'battery-level': '45.13'}, None, None
110.04, [INFO], robot6, {'y': 15.541, 'x': -31.073, 'yaw': -3.141}, None, None
120.05, [INFO], robot6, {'battery-level': '44.61'}, None, None
120.05, [INFO], robot6, {'y': 15.687, 'x': -28.939, 'yaw': -3.142}, None, None
130.06, [INFO], robot6, {'y': 15.851, 'x': -26.83, 'yaw': -3.142}, None, None
130.06, [INFO], robot6, {'battery-level': '44.09'}, None, None
140.08, [INFO], robot6, {'battery-level': '43.57'}, None, None
140.08, [INFO], robot6, {'y': 14.329, 'x': -25.742, 'yaw': -3.141}, None, None
150.06, [INFO], robot6, {'battery-level': '43.05'}, None, None
150.06, [INFO], robot6, {'y': 12.916, 'x': -25.951, 'yaw': -3.142}, None, None
154.49, [info], lab_arm, sync, wait-message, (status=message-received)
155.45, [WARN], robot6, SUCCESS, None, None
160.04, [INFO], robot6, {'battery-level': '42.53'}, None, None
160.04, [INFO], robot6, {'y': 12.911, 'x': -25.951, 'yaw': 3.142}, None, None
