0.00, [DEBUG], nurse, NURSE_CONFIG={'location': 'IC Room 6', 'position': [-33.9, 18.93, 3.14]}, None, None
0.00, [INFO], robot4, {'battery-level': '48.63'}, None, None
0.12, [DEBUG], logger, ROBOTS_CONFIG={'avg_speed': 0.15, 'battery_charge': 0.4863040833267539, 'battery_discharge_rate': 0.0006000000000000001, 'id': 4, 'local_plan': [['navigation', ['IC Room 6', [[-39.44, 33.95, 0.0], [-37.0, 33.95], [-37.0, 18.93], [-33.9, 18.93, 3.14]]], 'navto_room'], ['approach_person', ['nurse'], 'approach_nurse'], ['authenticate_person', ['nurse'], 'authenticate_nurse'], ['operate_drawer', ['open'], 'open_drawer_for_nurse'], ['send_message', ['nurse'], 'notify_nurse_of_open_drawer_for_nurse_completed'], ['wait_message', ['nurse'], 'wait_nurse_to_complete_deposit'], ['operate_drawer', ['close'], 'close_drawer_nurse'], ['navigation', ['Laboratory', [[-33.9, 18.93, 3.14], [-37.0, 18.93], [-37.0, 16.0], [-26.0, 16.0], [-26.0, 13.0, 1.57]]], 'navto_lab'], ['approach_robot', ['lab_arm'], 'approach_arm'], ['operate_drawer', ['open'], 'open_drawer_lab'], ['send_message', ['lab_arm'], 'notify_lab_arm_of_open_drawer_lab_completed'], ['wait_message', ['lab_arm'], 'wait_lab_arm_to_complete_pick_up_sample'], ['operate_drawer', ['close'], 'close_drawer_lab']], 'location': 'IC Room 4', 'name': 'r4', 'position': [-39.44, 33.95, 0.0], 'skills': ['approach_person', 'approach_robot', 'authenticate_person', 'navigation', 'operate_drawer']}, None, None
0.12, [DEBUG], logger, Simulation open, None, None
10.06, [INFO], robot4, {'battery-level': '48.09'}, None, None
10.06, [INFO], robot4, {'y': 34.226, 'x': -38.768, 'yaw': 3.141}, None, None
20.02, [INFO], robot4, {'battery-level': '47.49'}, None, None
20.02, [INFO], robot4, {'y': 33.949, 'x': -37.093, 'yaw': 3.142}, None, None
30.08, [INFO], robot4, {'y': 31.829, 'x': -37.047, 'yaw': 3.14}, None, None
30.08, [INFO], robot4, {'battery-level': '46.89'}, None, None
40.08, [INFO], robot4, {'y': 29.716, 'x': -37.016, 'yaw': 3.141}, None, None
40.08, [INFO], robot4, {'battery-level': '46.29'}, None, None
50.08, [INFO], robot4, {'battery-level': '45.69'}, None, None
50.08, [INFO], robot4, {'y': 27.592, 'x': -36.992, 'yaw': 3.136}, None, None
60.03, [INFO], robot4, {'battery-level': '45.09'}, None, None
60.03, [INFO], robot4, {'y': 25.492, 'x': -37.041, 'yaw': 3.142}, None, None
70.01, [INFO], robot4, {'y': 23.393, 'x': -37.02, 'yaw': 3.14}, None, None
70.01, [INFO], robot4, {'battery-level': '44.49'}, None, None
80.07, [INFO], robot4, {'battery-level': '43.89'}, None, None
80.07, [INFO], robot4, {'y': 21.277, 'x': -37.149, 'yaw': -3.142}, None, None
90.08, [INFO], robot4, {'y': 19.159, 'x': -37.056, 'yaw': 3.14}, None, None
90.08, [INFO], robot4, {'battery-level': '43.29'}, None, None
100.02, [INFO], robot4, {'y': 17.741, 'x': -35.499, 'yaw': 3.138}, None, None
100.02, [INFO], robot4, {'battery-level': '42.69'}, None, None
110.01, [INFO], robot4, {'y': 18.828, 'x': -34.017, 'yaw': -3.142}, None, None
110.01, [INFO], robot4, {'battery-level': '42.09'}, None, None
120.00, [info], nurse, sync, received-request, (status=sending-request)
120.00, [info], nurse, sync, request-sent, (status=waiting)
120.00, [info], nurse, sync, wait-message, (status=message-received)
120.08, [INFO], robot4, {'battery-level': '41.49'}, None, None
120.08, [INFO], robot4, {'y': 18.957, 'x': -33.931, 'yaw': -3.142}, None, None
130.04, [INFO], robot4, {'battery-level': '40.89'}, None, None
130.04, [INFO], robot4, {'y': 17.786, 'x': -35.215, 'yaw': 3.141}, None, None
140.01, [INFO], robot4, {'battery-level': '40.29'}, None, None
140.01, [INFO], robot4, {'y': 18.118, 'x': -36.338, 'yaw': -3.139}, None, None
150.09, [INFO], robot4, {'y': 17.446, 'x': -36.901, 'yaw': -3.142}, None, None
150.09, [INFO], robot4, {'battery-level': '39.69'}, None, None
160.07, [INFO], robot4, {'y': 17.265, 'x': -36.852, 'yaw': 3.142}, None, None
160.07, [INFO], robot4, {'battery-level': '39.09'}, None, None
170.05, [INFO], robot4, {'y': 17.365, 'x': -36.723, 'yaw': -3.141}, None, None
170.05, [INFO], robot4, {'battery-level': '38.49'}, None, None
180.03, [INFO], robot4, {'y': 17.278, 'x': -36.761, 'yaw': 3.141}, None, None
180.03, [INFO], robot4, {'battery-level': '37.89'}, None, None
190.02, [INFO], robot4, {'y': 17.256, 'x': -36.991, 'yaw': 3.142}, None, None
190.02, [INFO], robot4, {'battery-level': '37.29'}, None, None
200.07, [INFO], robot4, {'y': 17.24, 'x': -36.871, 'yaw': 3.142}, None, None
200.07, [INFO], robot4, {'battery-level': '36.69'}, None, None
210.02, [INFO], robot4, {'y': 17.512, 'x': -37.035, 'yaw': 3.142}, None, None
210.02, [INFO], robot4, {'battery-level': '36.09'}, None, None
220.06, [INFO], robot4, {'y': 17.173, 'x': -36.622, 'yaw': -3.142}, None, None
220.06, [INFO], robot4, {'battery-level': '35.49'}, None, None
230.09, [INFO], robot4, {'battery-level': '34.89'}, None, None
230.09, [INFO], robot4, {'y': 17.457, 'x': -36.887, 'yaw': 3.141}, None, None
240.06, [INFO], robot4, {'battery-level': '34.29'}, None, None
240.06, [INFO], robot4, {'y': 17.242, 'x': -37.113, 'yaw': -3.141}, None, None
250.07, [INFO], robot4, {'battery-level': '33.69'}, None, None
250.07, [INFO], robot4, {'y': 17.211, 'x': -37.084, 'yaw': -3.141}, None, None
260.02, [INFO], robot4, {'y': 17.497, 'x': -36.851, 'yaw': 3.141}, None, None
260.02, [INFO], robot4, {'battery-level': '33.09'}, None, None
270.07, [INFO], robot4, {'battery-level': '32.49'}, None, None
270.07, [INFO], robot4, {'y': 17.408, 'x': -36.956, 'yaw': 3.14}, None, None
280.03, [INFO], robot4, {'y': 17.276, 'x': -37.06, 'yaw': 3.142}, None, None
280.03, [INFO], robot4, {'battery-level': '31.89'}, None, None
290.07, [INFO], robot4, {'battery-level': '31.29'}, None, None
290.07, [INFO], robot4, {'y': 17.428, 'x': -36.91, 'yaw': 3.141}, None, None
300.02, [INFO], robot4, {'battery-level': '30.69'}, None, None
300.02, [INFO], robot4, {'y': 17.348, 'x': -36.932, 'yaw': 3.14}, None, None
310.09, [INFO], robot4, {'y': 17.233, 'x': -36.786, 'yaw': -3.141}, None, None
310.09, [INFO], robot4, {'battery-level': '30.09'}, None, None
314.58, [WARN], robot4, SKILL-FAILURE, navigation, navto_lab
320.08, [INFO], robot4, {'battery-level': '29.49'}, None, None
320.08, [INFO], robot4, {'y': 17.359, 'x': -36.865, 'yaw': 3.142}, None, None
