0.00, [DEBUG], nurse, NURSE_CONFIG={'location': 'IC Room 2', 'position': [-38.0, 21.5, 0.0]}, None, None
0.00, [INFO], robot4, {'battery-level': '48.63'}, None, None
0.13, [DEBUG], logger, ROBOTS_CONFIG={'avg_speed': 0.15, 'battery_charge': 0.4863040833267539, 'battery_discharge_rate': 0.0006000000000000001, 'id': 4, 'local_plan': [['navigation', ['IC Room 2', [[-32.88, 33.98, 3.14], [-37.0, 33.98], [-37.0, 21.5], [-38.0, 21.5, 0.0]]], 'navto_room'], ['approach_person', ['nurse'], 'approach_nurse'], ['authenticate_person', ['nurse'], 'authenticate_nurse'], ['operate_drawer', ['open'], 'open_drawer_for_nurse'], ['send_message', ['nurse'], 'notify_nurse_of_open_drawer_for_nurse_completed'], ['wait_message', ['nurse'], 'wait_nurse_to_complete_deposit'], ['operate_drawer', ['close'], 'close_drawer_nurse'], ['navigation', ['Laboratory', [[-38.0, 21.5, 0.0], [-37.0, 21.5], [-37.0, 16.0], [-26.0, 16.0], [-26.0, 13.0, 1.57]]], 'navto_lab'], ['approach_robot', ['lab_arm'], 'approach_arm'], ['operate_drawer', ['open'], 'open_drawer_lab'], ['send_message', ['lab_arm'], 'notify_lab_arm_of_open_drawer_lab_completed'], ['wait_message', ['lab_arm'], 'wait_lab_arm_to_complete_pick_up_sample'], ['operate_drawer', ['close'], 'close_drawer_lab']], 'location': 'IC Room 5', 'name': 'r4', 'position': [-32.88, 33.98, 3.14], 'skills': ['approach_person', 'approach_robot', 'authenticate_person', 'navigation', 'operate_drawer']}, None, None
0.13, [DEBUG], logger, Simulation open, None, None
10.04, [INFO], robot4, {'battery-level': '48.09'}, None, None
10.04, [INFO], robot4, {'y': 34.174, 'x': -33.408, 'yaw': 3.142}, None, None
20.09, [INFO], robot4, {'battery-level': '47.49'}, None, None
20.09, [INFO], robot4, {'y': 34.683, 'x': -35.447, 'yaw': 3.137}, None, None
30.03, [INFO], robot4, {'y': 33.474, 'x': -37.0, 'yaw': 3.14}, None, None
30.03, [INFO], robot4, {'battery-level': '46.89'}, None, None
40.00, [INFO], robot4, {'battery-level': '46.29'}, None, None
40.00, [INFO], robot4, {'y': 31.364, 'x': -36.959, 'yaw': -3.141}, None, None
50.06, [INFO], robot4, {'battery-level': '45.69'}, None, None
50.06, [INFO], robot4, {'y': 29.244, 'x': -36.998, 'yaw': -3.141}, None, None
60.02, [INFO], robot4, {'battery-level': '45.09'}, None, None
60.02, [INFO], robot4, {'y': 27.143, 'x': -36.987, 'yaw': -3.142}, None, None
70.07, [INFO], robot4, {'battery-level': '44.49'}, None, None
70.07, [INFO], robot4, {'y': 25.018, 'x': -37.037, 'yaw': 3.142}, None, None
80.09, [INFO], robot4, {'y': 22.9, 'x': -37.057, 'yaw': -3.141}, None, None
80.09, [INFO], robot4, {'battery-level': '43.89'}, None, None
90.05, [INFO], robot4, {'y': 21.328, 'x': -37.822, 'yaw': 3.142}, None, None
90.05, [INFO], robot4, {'battery-level': '43.29'}, None, None
100.09, [INFO], robot4, {'battery-level': '42.69'}, None, None
100.09, [INFO], robot4, {'y': 21.425, 'x': -38.034, 'yaw': 3.141}, None, None
107.06, [info], nurse, sync, received-request, (status=sending-request)
107.06, [info], nurse, sync, request-sent, (status=waiting)
107.06, [info], nurse, sync, wait-message, (status=message-received)
110.05, [INFO], robot4, {'battery-level': '42.09'}, None, None
110.05, [INFO], robot4, {'y': 21.441, 'x': -37.701, 'yaw': -3.142}, None, None
120.09, [INFO], robot4, {'y': 19.627, 'x': -37.152, 'yaw': 3.142}, None, None
120.09, [INFO], robot4, {'battery-level': '41.49'}, None, None
130.04, [INFO], robot4, {'y': 17.529, 'x': -37.109, 'yaw': 3.141}, None, None
130.04, [INFO], robot4, {'battery-level': '40.89'}, None, None
140.06, [INFO], robot4, {'battery-level': '40.29'}, None, None
140.06, [INFO], robot4, {'y': 15.802, 'x': -36.398, 'yaw': 3.142}, None, None
150.09, [INFO], robot4, {'battery-level': '39.69'}, None, None
150.09, [INFO], robot4, {'y': 15.358, 'x': -34.312, 'yaw': -3.141}, None, None
160.04, [INFO], robot4, {'y': 15.486, 'x': -32.199, 'yaw': 3.142}, None, None
160.04, [INFO], robot4, {'battery-level': '39.09'}, None, None
170.09, [INFO], robot4, {'y': 15.581, 'x': -30.065, 'yaw': 3.141}, None, None
170.09, [INFO], robot4, {'battery-level': '38.49'}, None, None
180.09, [INFO], robot4, {'y': 15.745, 'x': -27.962, 'yaw': 3.141}, None, None
180.09, [INFO], robot4, {'battery-level': '37.89'}, None, None
190.09, [INFO], robot4, {'y': 15.375, 'x': -26.058, 'yaw': 3.142}, None, None
190.09, [INFO], robot4, {'battery-level': '37.29'}, None, None
200.09, [INFO], robot4, {'y': 13.286, 'x': -25.745, 'yaw': -3.142}, None, None
200.09, [INFO], robot4, {'battery-level': '36.69'}, None, None
210.09, [INFO], robot4, {'y': 12.945, 'x': -25.957, 'yaw': -3.141}, None, None
210.09, [INFO], robot4, {'battery-level': '36.09'}, None, None
211.05, [info], lab_arm, sync, wait-message, (status=message-received)
211.92, [WARN], robot4, SUCCESS, None, None
