0.00, [DEBUG], nurse, NURSE_CONFIG={'location': 'IC Room 2', 'position': [-38.0, 21.5, 0.0]}, None, None
0.20, [DEBUG], logger, ROBOTS_CONFIG={'avg_speed': 0.15, 'battery_charge': 0.7232396784987936, 'battery_discharge_rate': 0.00036, 'id': 3, 'local_plan': [['navigation', ['IC Room 2', [[-13.5, 18.0, -1.57], [-13.5, 16.0], [-37.0, 16.0], [-37.0, 21.5], [-38.0, 21.5, 0.0]]], 'navto_room'], ['approach_person', ['nurse'], 'approach_nurse'], ['authenticate_person', ['nurse'], 'authenticate_nurse'], ['operate_drawer', ['open'], 'open_drawer_for_nurse'], ['send_message', ['nurse'], 'notify_nurse_of_open_drawer_for_nurse_completed'], ['wait_message', ['nurse'], 'wait_nurse_to_complete_deposit'], ['operate_drawer', ['close'], 'close_drawer_nurse'], ['navigation', ['Laboratory', [[-38.0, 21.5, 0.0], [-37.0, 21.5], [-37.0, 16.0], [-26.0, 16.0], [-26.0, 13.0, 1.57]]], 'navto_lab'], ['approach_robot', ['lab_arm'], 'approach_arm'], ['operate_drawer', ['open'], 'open_drawer_lab'], ['send_message', ['lab_arm'], 'notify_lab_arm_of_open_drawer_lab_completed'], ['wait_message', ['lab_arm'], 'wait_lab_arm_to_complete_pick_up_sample'], ['operate_drawer', ['close'], 'close_drawer_lab']], 'location': 'PC Room 7', 'name': 'r3', 'position': [-13.5, 18.0, -1.57], 'skills': ['approach_person', 'approach_robot', 'navigation', 'operate_drawer']}, None, None
0.20, [DEBUG], logger, Simulation open, None, None
10.02, [INFO], robot3, {'battery-level': '72.00'}, None, None
10.02, [INFO], robot3, {'y': 17.33, 'x': -13.497, 'yaw': -3.142}, None, None
20.03, [INFO], robot3, {'y': 16.09, 'x': -14.484, 'yaw': -3.142}, None, None
20.03, [INFO], robot3, {'battery-level': '71.64'}, None, None
30.05, [INFO], robot3, {'y': 16.033, 'x': -16.601, 'yaw': 3.141}, None, None
30.05, [INFO], robot3, {'battery-level': '71.28'}, None, None
40.06, [INFO], robot3, {'battery-level': '70.92'}, None, None
40.06, [INFO], robot3, {'y': 16.045, 'x': -18.716, 'yaw': -3.142}, None, None
50.05, [INFO], robot3, {'y': 16.197, 'x': -20.822, 'yaw': 3.142}, None, None
50.05, [INFO], robot3, {'battery-level': '70.56'}, None, None
60.06, [INFO], robot3, {'battery-level': '70.20'}, None, None
60.06, [INFO], robot3, {'y': 16.138, 'x': -22.945, 'yaw': 3.141}, None, None
70.08, [INFO], robot3, {'battery-level': '69.84'}, None, None
70.08, [INFO], robot3, {'y': 16.015, 'x': -25.059, 'yaw': 3.14}, None, None
80.09, [INFO], robot3, {'y': 16.011, 'x': -27.172, 'yaw': 3.141}, None, None
80.09, [INFO], robot3, {'battery-level': '69.48'}, None, None
90.02, [INFO], robot3, {'battery-level': '69.12'}, None, None
90.02, [INFO], robot3, {'y': 16.123, 'x': -29.26, 'yaw': 3.142}, None, None
100.02, [INFO], robot3, {'battery-level': '68.76'}, None, None
100.02, [INFO], robot3, {'y': 15.977, 'x': -31.373, 'yaw': 3.14}, None, None
110.05, [INFO], robot3, {'battery-level': '68.40'}, None, None
110.05, [INFO], robot3, {'y': 15.666, 'x': -33.473, 'yaw': 3.142}, None, None
120.06, [INFO], robot3, {'battery-level': '68.04'}, None, None
120.06, [INFO], robot3, {'y': 15.453, 'x': -35.558, 'yaw': 3.141}, None, None
130.05, [INFO], robot3, {'y': 16.746, 'x': -36.615, 'yaw': -3.141}, None, None
130.05, [INFO], robot3, {'battery-level': '67.68'}, None, None
140.09, [INFO], robot3, {'y': 18.852, 'x': -36.728, 'yaw': 3.141}, None, None
140.09, [INFO], robot3, {'battery-level': '67.32'}, None, None
150.07, [INFO], robot3, {'y': 20.947, 'x': -36.958, 'yaw': 3.141}, None, None
150.07, [INFO], robot3, {'battery-level': '66.96'}, None, None
160.01, [INFO], robot3, {'y': 21.502, 'x': -38.053, 'yaw': 3.141}, None, None
160.01, [INFO], robot3, {'battery-level': '66.60'}, None, None
170.02, [INFO], robot3, {'battery-level': '66.24'}, None, None
170.02, [INFO], robot3, {'y': 21.402, 'x': -38.084, 'yaw': 3.142}, None, None
176.61, [WARN], robot3, NO-SKILL, authenticate_person, authenticate_nurse
180.00, [INFO], robot3, {'y': 21.38, 'x': -38.082, 'yaw': 3.142}, None, None
180.00, [INFO], robot3, {'battery-level': '65.88'}, None, None
