0.00, [DEBUG], nurse, NURSE_CONFIG={'location': 'PC Room 3', 'position': [-28.5, 18.0, -1.57]}, None, None
0.19, [DEBUG], logger, ROBOTS_CONFIG={'avg_speed': 0.15, 'battery_charge': 0.4863040833267539, 'battery_discharge_rate': 0.0006000000000000001, 'id': 4, 'local_plan': [['navigation', ['PC Room 3', [[-13.5, 18.0, -1.57], [-13.5, 16.0], [-28.5, 16.0], [-28.5, 18.0, -1.57]]], 'navto_room'], ['approach_person', ['nurse'], 'approach_nurse'], ['authenticate_person', ['nurse'], 'authenticate_nurse'], ['operate_drawer', ['open'], 'open_drawer_for_nurse'], ['send_message', ['nurse'], 'notify_nurse_of_open_drawer_for_nurse_completed'], ['wait_message', ['nurse'], 'wait_nurse_to_complete_deposit'], ['operate_drawer', ['close'], 'close_drawer_nurse'], ['navigation', ['Laboratory', [[-28.5, 18.0, -1.57], [-28.5, 16.0], [-26.0, 16.0], [-26.0, 13.0, 1.57]]], 'navto_lab'], ['approach_robot', ['lab_arm'], 'approach_arm'], ['operate_drawer', ['open'], 'open_drawer_lab'], ['send_message', ['lab_arm'], 'notify_lab_arm_of_open_drawer_lab_completed'], ['wait_message', ['lab_arm'], 'wait_lab_arm_to_complete_pick_up_sample'], ['operate_drawer', ['close'], 'close_drawer_lab']], 'location': 'PC Room 7', 'name': 'r4', 'position': [-13.5, 18.0, -1.57], 'skills': ['approach_person', 'approach_robot', 'authenticate_person', 'navigation', 'operate_drawer']}, None, None
0.19, [DEBUG], logger, Simulation open, None, None
10.06, [INFO], robot4, {'battery-level': '48.09'}, None, None
10.06, [INFO], robot4, {'y': 17.989, 'x': -13.5, 'yaw': -3.141}, None, None
20.07, [INFO], robot4, {'battery-level': '47.49'}, None, None
20.07, [INFO], robot4, {'y': 16.213, 'x': -13.877, 'yaw': -3.142}, None, None
30.04, [INFO], robot4, {'battery-level': '46.89'}, None, None
30.04, [INFO], robot4, {'y': 16.093, 'x': -15.985, 'yaw': 3.141}, None, None
40.03, [INFO], robot4, {'y': 16.098, 'x': -18.093, 'yaw': 3.14}, None, None
40.03, [INFO], robot4, {'battery-level': '46.29'}, None, None
50.06, [INFO], robot4, {'y': 16.225, 'x': -20.201, 'yaw': 3.141}, None, None
50.06, [INFO], robot4, {'battery-level': '45.69'}, None, None
60.09, [INFO], robot4, {'battery-level': '45.09'}, None, None
60.09, [INFO], robot4, {'y': 16.231, 'x': -22.318, 'yaw': 3.141}, None, None
70.01, [INFO], robot4, {'y': 16.142, 'x': -24.408, 'yaw': 3.14}, None, None
70.01, [INFO], robot4, {'battery-level': '44.49'}, None, None
80.09, [INFO], robot4, {'y': 16.138, 'x': -26.529, 'yaw': -3.141}, None, None
80.09, [INFO], robot4, {'battery-level': '43.89'}, None, None
90.00, [INFO], robot4, {'battery-level': '43.29'}, None, None
90.00, [INFO], robot4, {'y': 16.394, 'x': -28.503, 'yaw': -3.142}, None, None
100.02, [INFO], robot4, {'y': 17.924, 'x': -28.562, 'yaw': -3.142}, None, None
100.02, [INFO], robot4, {'battery-level': '42.69'}, None, None
110.02, [INFO], robot4, {'y': 17.946, 'x': -28.62, 'yaw': -3.142}, None, None
110.02, [INFO], robot4, {'battery-level': '42.09'}, None, None
112.58, [info], nurse, sync, received-request, (status=sending-request)
112.58, [info], nurse, sync, request-sent, (status=waiting)
112.58, [info], nurse, sync, wait-message, (status=message-received)
120.09, [INFO], robot4, {'battery-level': '41.49'}, None, None
120.09, [INFO], robot4, {'y': 16.616, 'x': -28.717, 'yaw': -3.142}, None, None
130.01, [INFO], robot4, {'battery-level': '40.89'}, None, None
130.01, [INFO], robot4, {'y': 16.129, 'x': -27.026, 'yaw': -3.139}, None, None
140.04, [INFO], robot4, {'battery-level': '40.29'}, None, None
140.04, [INFO], robot4, {'y': 14.676, 'x': -25.852, 'yaw': 3.141}, None, None
150.06, [INFO], robot4, {'y': 12.952, 'x': -25.915, 'yaw': -3.142}, None, None
150.06, [INFO], robot4, {'battery-level': '39.69'}, None, None
156.39, [info], lab_arm, sync, wait-message, (status=message-received)
157.23, [WARN], robot4, SUCCESS, None, None
160.08, [INFO], robot4, {'battery-level': '39.09'}, None, None
160.08, [INFO], robot4, {'y': 12.91, 'x': -25.944, 'yaw': -3.142}, None, None
