0.00, [DEBUG], nurse, NURSE_CONFIG={'location': 'PC Room 3', 'position': [-28.5, 18.0, -1.57]}, None, None
0.00, [INFO], robot2, {'battery-level': '57.79'}, None, None
0.19, [DEBUG], logger, ROBOTS_CONFIG={'avg_speed': 0.15, 'battery_charge': 0.5779176354739738, 'battery_discharge_rate': 0.00054, 'id': 2, 'local_plan': [['navigation', ['PC Room 3', [[-21.0, 18.0, -1.57], [-21.0, 16.0], [-28.5, 16.0], [-28.5, 18.0, -1.57]]], 'navto_room'], ['approach_person', ['nurse'], 'approach_nurse'], ['authenticate_person', ['nurse'], 'authenticate_nurse'], ['operate_drawer', ['open'], 'open_drawer_for_nurse'], ['send_message', ['nurse'], 'notify_nurse_of_open_drawer_for_nurse_completed'], ['wait_message', ['nurse'], 'wait_nurse_to_complete_deposit'], ['operate_drawer', ['close'], 'close_drawer_nurse'], ['navigation', ['Laboratory', [[-28.5, 18.0, -1.57], [-28.5, 16.0], [-26.0, 16.0], [-26.0, 13.0, 1.57]]], 'navto_lab'], ['approach_robot', ['lab_arm'], 'approach_arm'], ['operate_drawer', ['open'], 'open_drawer_lab'], ['send_message', ['lab_arm'], 'notify_lab_arm_of_open_drawer_lab_completed'], ['wait_message', ['lab_arm'], 'wait_lab_arm_to_complete_pick_up_sample'], ['operate_drawer', ['close'], 'close_drawer_lab']], 'location': 'PC Room 5', 'name': 'r2', 'position': [-21.0, 18.0, -1.57], 'skills': ['approach_person', 'approach_robot', 'authenticate_person', 'navigation', 'operate_drawer']}, None, None
0.19, [DEBUG], logger, Simulation open, None, None
10.08, [INFO], robot2, {'y': 17.377, 'x': -20.944, 'yaw': 3.142}, None, None
10.08, [INFO], robot2, {'battery-level': '57.31'}, None, None
20.02, [INFO], robot2, {'battery-level': '56.77'}, None, None
20.02, [INFO], robot2, {'y': 16.033, 'x': -21.843, 'yaw': -3.141}, None, None
30.00, [INFO], robot2, {'battery-level': '56.23'}, None, None
30.00, [INFO], robot2, {'y': 15.974, 'x': -23.959, 'yaw': 3.141}, None, None
40.04, [INFO], robot2, {'battery-level': '55.69'}, None, None
40.04, [INFO], robot2, {'y': 15.94, 'x': -26.071, 'yaw': 3.141}, None, None
50.01, [INFO], robot2, {'y': 16.069, 'x': -28.151, 'yaw': -3.142}, None, None
50.01, [INFO], robot2, {'battery-level': '55.15'}, None, None
60.06, [INFO], robot2, {'battery-level': '54.61'}, None, None
60.06, [INFO], robot2, {'y': 17.892, 'x': -28.617, 'yaw': 3.142}, None, None
68.35, [info], nurse, sync, received-request, (status=sending-request)
68.35, [info], nurse, sync, request-sent, (status=waiting)
68.45, [info], nurse, sync, wait-message, (status=message-received)
70.01, [INFO], robot2, {'battery-level': '54.07'}, None, None
70.01, [INFO], robot2, {'y': 17.91, 'x': -28.619, 'yaw': 3.141}, None, None
80.08, [INFO], robot2, {'y': 16.005, 'x': -28.313, 'yaw': 3.141}, None, None
80.08, [INFO], robot2, {'battery-level': '53.53'}, None, None
90.07, [INFO], robot2, {'battery-level': '52.99'}, None, None
90.07, [INFO], robot2, {'y': 15.862, 'x': -26.218, 'yaw': 3.142}, None, None
100.03, [INFO], robot2, {'battery-level': '52.45'}, None, None
100.03, [INFO], robot2, {'y': 13.822, 'x': -25.758, 'yaw': 3.142}, None, None
110.07, [INFO], robot2, {'y': 12.914, 'x': -25.957, 'yaw': -3.142}, None, None
110.07, [INFO], robot2, {'battery-level': '51.91'}, None, None
112.22, [info], lab_arm, sync, wait-message, (status=message-received)
113.20, [WARN], robot2, SUCCESS, None, None
120.05, [INFO], robot2, {'y': 12.911, 'x': -25.955, 'yaw': -3.142}, None, None
120.05, [INFO], robot2, {'battery-level': '51.37'}, None, None
