0.00, [INFO], robot3, {'battery-level': '72.32'}, None, None
0.00, [DEBUG], nurse, NURSE_CONFIG={'location': 'IC Room 6', 'position': [-33.9, 18.93, 3.14]}, None, None
0.13, [DEBUG], logger, ROBOTS_CONFIG={'avg_speed': 0.15, 'battery_charge': 0.7232396784987936, 'battery_discharge_rate': 0.00036, 'id': 3, 'local_plan': [['navigation', ['IC Room 6', [[-38.0, 21.5, 0.0], [-37.0, 21.5], [-37.0, 18.93], [-33.9, 18.93, 3.14]]], 'navto_room'], ['approach_person', ['nurse'], 'approach_nurse'], ['authenticate_person', ['nurse'], 'authenticate_nurse'], ['operate_drawer', ['open'], 'open_drawer_for_nurse'], ['send_message', ['nurse'], 'notify_nurse_of_open_drawer_for_nurse_completed'], ['wait_message', ['nurse'], 'wait_nurse_to_complete_deposit'], ['operate_drawer', ['close'], 'close_drawer_nurse'], ['navigation', ['Laboratory', [[-33.9, 18.93, 3.14], [-37.0, 18.93], [-37.0, 16.0], [-26.0, 16.0], [-26.0, 13.0, 1.57]]], 'navto_lab'], ['approach_robot', ['lab_arm'], 'approach_arm'], ['operate_drawer', ['open'], 'open_drawer_lab'], ['send_message', ['lab_arm'], 'notify_lab_arm_of_open_drawer_lab_completed'], ['wait_message', ['lab_arm'], 'wait_lab_arm_to_complete_pick_up_sample'], ['operate_drawer', ['close'], 'close_drawer_lab']], 'location': 'IC Room 2', 'name': 'r3', 'position': [-38.0, 21.5, 0.0], 'skills': ['approach_person', 'approach_robot', 'authenticate_person', 'navigation', 'operate_drawer']}, None, None
0.13, [DEBUG], logger, Simulation open, None, None
10.06, [INFO], robot3, {'y': 21.421, 'x': -37.24, 'yaw': -3.141}, None, None
10.06, [INFO], robot3, {'battery-level': '72.00'}, None, None
20.03, [INFO], robot3, {'battery-level': '71.64'}, None, None
20.03, [INFO], robot3, {'y': 19.329, 'x': -37.111, 'yaw': -3.141}, None, None
30.00, [INFO], robot3, {'y': 17.821, 'x': -35.623, 'yaw': -3.142}, None, None
30.00, [INFO], robot3, {'battery-level': '71.28'}, None, None
40.07, [INFO], robot3, {'battery-level': '70.92'}, None, None
40.07, [INFO], robot3, {'y': 18.816, 'x': -34.049, 'yaw': 3.142}, None, None
48.05, [info], nurse, sync, received-request, (status=sending-request)
48.05, [info], nurse, sync, request-sent, (status=waiting)
48.05, [info], nurse, sync, wait-message, (status=message-received)
50.08, [INFO], robot3, {'y': 18.948, 'x': -34.095, 'yaw': 3.141}, None, None
50.08, [INFO], robot3, {'battery-level': '70.56'}, None, None
60.05, [INFO], robot3, {'y': 17.765, 'x': -35.636, 'yaw': 3.142}, None, None
60.05, [INFO], robot3, {'battery-level': '70.20'}, None, None
70.03, [INFO], robot3, {'battery-level': '69.84'}, None, None
70.03, [INFO], robot3, {'y': 18.009, 'x': -36.145, 'yaw': 3.142}, None, None
80.03, [INFO], robot3, {'y': 17.253, 'x': -36.991, 'yaw': 3.141}, None, None
80.03, [INFO], robot3, {'battery-level': '69.48'}, None, None
90.06, [INFO], robot3, {'y': 17.4, 'x': -36.872, 'yaw': -3.141}, None, None
90.06, [INFO], robot3, {'battery-level': '69.12'}, None, None
100.03, [INFO], robot3, {'battery-level': '68.76'}, None, None
100.03, [INFO], robot3, {'y': 17.363, 'x': -36.77, 'yaw': -3.141}, None, None
110.04, [INFO], robot3, {'y': 17.396, 'x': -36.921, 'yaw': 3.142}, None, None
110.04, [INFO], robot3, {'battery-level': '68.40'}, None, None
120.09, [INFO], robot3, {'battery-level': '68.04'}, None, None
120.09, [INFO], robot3, {'y': 17.395, 'x': -36.921, 'yaw': -3.142}, None, None
130.03, [INFO], robot3, {'battery-level': '67.68'}, None, None
130.03, [INFO], robot3, {'y': 17.394, 'x': -36.921, 'yaw': -3.142}, None, None
140.07, [INFO], robot3, {'y': 17.394, 'x': -36.921, 'yaw': 3.142}, None, None
140.07, [INFO], robot3, {'battery-level': '67.32'}, None, None
150.05, [INFO], robot3, {'y': 17.384, 'x': -36.953, 'yaw': 3.14}, None, None
150.05, [INFO], robot3, {'battery-level': '66.96'}, None, None
160.03, [INFO], robot3, {'battery-level': '66.60'}, None, None
160.03, [INFO], robot3, {'y': 17.323, 'x': -36.752, 'yaw': -3.142}, None, None
170.01, [INFO], robot3, {'y': 17.436, 'x': -36.646, 'yaw': 3.141}, None, None
170.01, [INFO], robot3, {'battery-level': '66.24'}, None, None
180.05, [INFO], robot3, {'battery-level': '65.88'}, None, None
180.05, [INFO], robot3, {'y': 17.182, 'x': -36.776, 'yaw': 3.142}, None, None
190.09, [INFO], robot3, {'y': 17.296, 'x': -37.047, 'yaw': 3.141}, None, None
190.09, [INFO], robot3, {'battery-level': '65.52'}, None, None
200.06, [INFO], robot3, {'battery-level': '65.16'}, None, None
200.06, [INFO], robot3, {'y': 17.336, 'x': -36.783, 'yaw': 3.142}, None, None
210.03, [INFO], robot3, {'y': 17.501, 'x': -36.889, 'yaw': -3.141}, None, None
210.03, [INFO], robot3, {'battery-level': '64.80'}, None, None
220.07, [INFO], robot3, {'y': 17.384, 'x': -36.955, 'yaw': 3.141}, None, None
220.07, [INFO], robot3, {'battery-level': '64.44'}, None, None
230.02, [INFO], robot3, {'battery-level': '64.08'}, None, None
230.02, [INFO], robot3, {'y': 17.265, 'x': -36.811, 'yaw': 3.142}, None, None
237.32, [WARN], robot3, SKILL-FAILURE, navigation, navto_lab
240.08, [INFO], robot3, {'y': 17.18, 'x': -36.839, 'yaw': 3.142}, None, None
240.08, [INFO], robot3, {'battery-level': '63.72'}, None, None
