0.00, [DEBUG], nurse, NURSE_CONFIG={'location': 'IC Room 2', 'position': [-38.0, 21.5, 0.0]}, None, None
0.00, [INFO], robot6, {'battery-level': '91.10'}, None, None
0.00, [DEBUG], logger, ROBOTS_CONFIG={'avg_speed': 0.15, 'battery_charge': 0.9109794326728246, 'battery_discharge_rate': 0.00072, 'id': 6, 'local_plan': [['navigation', ['IC Room 2', [[-33.9, 18.93, 3.14], [-37.0, 18.93], [-37.0, 21.5], [-38.0, 21.5, 0.0]]], 'navto_room'], ['approach_person', ['nurse'], 'approach_nurse'], ['authenticate_person', ['nurse'], 'authenticate_nurse'], ['operate_drawer', ['open'], 'open_drawer_for_nurse'], ['send_message', ['nurse'], 'notify_nurse_of_open_drawer_for_nurse_completed'], ['wait_message', ['nurse'], 'wait_nurse_to_complete_deposit'], ['operate_drawer', ['close'], 'close_drawer_nurse'], ['navigation', ['Laboratory', [[-38.0, 21.5, 0.0], [-37.0, 21.5], [-37.0, 16.0], [-26.0, 16.0], [-26.0, 13.0, 1.57]]], 'navto_lab'], ['approach_robot', ['lab_arm'], 'approach_arm'], ['operate_drawer', ['open'], 'open_drawer_lab'], ['send_message', ['lab_arm'], 'notify_lab_arm_of_open_drawer_lab_completed'], ['wait_message', ['lab_arm'], 'wait_lab_arm_to_complete_pick_up_sample'], ['operate_drawer', ['close'], 'close_drawer_lab']], 'location': 'IC Room 6', 'name': 'r6', 'position': [-33.9, 18.93, 3.14], 'skills': ['approach_person', 'approach_robot', 'authenticate_person', 'navigation', 'operate_drawer']}, None, None
0.00, [DEBUG], logger, Simulation open, None, None
10.05, [INFO], robot6, {'battery-level': '90.45'}, None, None
10.05, [INFO], robot6, {'y': 18.548, 'x': -34.326, 'yaw': 3.142}, None, None
20.06, [INFO], robot6, {'battery-level': '89.73'}, None, None
20.06, [INFO], robot6, {'y': 17.924, 'x': -36.054, 'yaw': 3.141}, None, None
30.02, [INFO], robot6, {'y': 19.715, 'x': -36.882, 'yaw': -3.137}, None, None
30.02, [INFO], robot6, {'battery-level': '89.01'}, None, None
40.06, [INFO], robot6, {'y': 21.534, 'x': -37.552, 'yaw': 3.141}, None, None
40.06, [INFO], robot6, {'battery-level': '88.29'}, None, None
50.05, [INFO], robot6, {'y': 21.537, 'x': -38.075, 'yaw': -3.141}, None, None
50.05, [INFO], robot6, {'battery-level': '87.57'}, None, None
58.31, [info], nurse, sync, received-request, (status=sending-request)
58.31, [info], nurse, sync, request-sent, (status=waiting)
58.31, [info], nurse, sync, wait-message, (status=message-received)
59.95, [INFO], robot6, {'y': 21.417, 'x': -38.019, 'yaw': -3.141}, None, None
60.05, [INFO], robot6, {'battery-level': '86.85'}, None, None
70.07, [INFO], robot6, {'battery-level': '86.13'}, None, None
70.07, [INFO], robot6, {'y': 19.95, 'x': -37.147, 'yaw': -3.14}, None, None
80.04, [INFO], robot6, {'battery-level': '85.41'}, None, None
80.04, [INFO], robot6, {'y': 17.835, 'x': -37.108, 'yaw': 3.141}, None, None
90.06, [INFO], robot6, {'battery-level': '84.69'}, None, None
90.06, [INFO], robot6, {'y': 15.869, 'x': -36.639, 'yaw': 3.14}, None, None
100.06, [INFO], robot6, {'battery-level': '83.97'}, None, None
100.06, [INFO], robot6, {'y': 15.355, 'x': -34.555, 'yaw': -3.142}, None, None
110.09, [INFO], robot6, {'battery-level': '83.25'}, None, None
110.09, [INFO], robot6, {'y': 15.511, 'x': -32.43, 'yaw': -3.141}, None, None
120.08, [INFO], robot6, {'y': 15.571, 'x': -30.313, 'yaw': 3.141}, None, None
120.08, [INFO], robot6, {'battery-level': '82.53'}, None, None
130.00, [INFO], robot6, {'battery-level': '81.81'}, None, None
130.00, [INFO], robot6, {'y': 15.774, 'x': -28.23, 'yaw': -3.142}, None, None
140.09, [INFO], robot6, {'y': 15.568, 'x': -26.157, 'yaw': -3.142}, None, None
140.09, [INFO], robot6, {'battery-level': '81.09'}, None, None
150.01, [INFO], robot6, {'battery-level': '80.37'}, None, None
150.01, [INFO], robot6, {'y': 13.523, 'x': -25.731, 'yaw': 3.142}, None, None
160.06, [INFO], robot6, {'battery-level': '79.65'}, None, None
160.06, [INFO], robot6, {'y': 12.912, 'x': -25.944, 'yaw': -3.142}, None, None
160.92, [info], lab_arm, sync, wait-message, (status=message-received)
161.89, [WARN], robot6, SUCCESS, None, None
170.04, [INFO], robot6, {'battery-level': '78.93'}, None, None
170.04, [INFO], robot6, {'y': 12.91, 'x': -25.943, 'yaw': -3.142}, None, None
