0.00, [DEBUG], nurse, NURSE_CONFIG={'location': 'IC Room 2', 'position': [-38.0, 21.5, 0.0]}, None, None
0.00, [INFO], robot4, {'battery-level': '48.63'}, None, None
0.00, [DEBUG], logger, ROBOTS_CONFIG={'avg_speed': 0.15, 'battery_charge': 0.4863040833267539, 'battery_discharge_rate': 0.0006000000000000001, 'id': 4, 'local_plan': [['navigation', ['IC Room 2', [[-32.88, 33.98, 3.14], [-37.0, 33.98], [-37.0, 21.5], [-38.0, 21.5, 0.0]]], 'navto_room'], ['approach_person', ['nurse'], 'approach_nurse'], ['authenticate_person', ['nurse'], 'authenticate_nurse'], ['operate_drawer', ['open'], 'open_drawer_for_nurse'], ['send_message', ['nurse'], 'notify_nurse_of_open_drawer_for_nurse_completed'], ['wait_message', ['nurse'], 'wait_nurse_to_complete_deposit'], ['operate_drawer', ['close'], 'close_drawer_nurse'], ['navigation', ['Laboratory', [[-38.0, 21.5, 0.0], [-37.0, 21.5], [-37.0, 16.0], [-26.0, 16.0], [-26.0, 13.0, 1.57]]], 'navto_lab'], ['approach_robot', ['lab_arm'], 'approach_arm'], ['operate_drawer', ['open'], 'open_drawer_lab'], ['send_message', ['lab_arm'], 'notify_lab_arm_of_open_drawer_lab_completed'], ['wait_message', ['lab_arm'], 'wait_lab_arm_to_complete_pick_up_sample'], ['operate_drawer', ['close'], 'close_drawer_lab']], 'location': 'IC Room 5', 'name': 'r4', 'position': [-32.88, 33.98, 3.14], 'skills': ['approach_person', 'approach_robot', 'authenticate_person', 'navigation', 'operate_drawer']}, None, None
0.00, [DEBUG], logger, Simulation open, None, None
10.05, [INFO], robot4, {'y': 34.12, 'x': -33.321, 'yaw': -3.142}, None, None
10.05, [INFO], robot4, {'battery-level': '48.09'}, None, None
20.01, [INFO], robot4, {'battery-level': '47.49'}, None, None
20.01, [INFO], robot4, {'y': 34.728, 'x': -35.329, 'yaw': 3.142}, None, None
30.09, [INFO], robot4, {'y': 33.622, 'x': -36.966, 'yaw': 3.142}, None, None
30.09, [INFO], robot4, {'battery-level': '46.89'}, None, None
40.07, [INFO], robot4, {'y': 31.506, 'x': -36.908, 'yaw': -3.141}, None, None
40.07, [INFO], robot4, {'battery-level': '46.29'}, None, None
50.06, [INFO], robot4, {'battery-level': '45.69'}, None, None
50.06, [INFO], robot4, {'y': 29.387, 'x': -36.921, 'yaw': -3.141}, None, None
60.04, [INFO], robot4, {'y': 27.287, 'x': -36.943, 'yaw': -3.142}, None, None
60.04, [INFO], robot4, {'battery-level': '45.09'}, None, None
70.08, [INFO], robot4, {'battery-level': '44.49'}, None, None
70.08, [INFO], robot4, {'y': 25.165, 'x': -36.939, 'yaw': 3.142}, None, None
80.03, [INFO], robot4, {'y': 23.056, 'x': -36.979, 'yaw': 3.141}, None, None
80.03, [INFO], robot4, {'battery-level': '43.89'}, None, None
90.01, [INFO], robot4, {'y': 21.429, 'x': -37.748, 'yaw': 3.141}, None, None
90.01, [INFO], robot4, {'battery-level': '43.29'}, None, None
100.08, [INFO], robot4, {'battery-level': '42.69'}, None, None
100.08, [INFO], robot4, {'y': 21.463, 'x': -38.071, 'yaw': 3.141}, None, None
110.05, [INFO], robot4, {'battery-level': '42.09'}, None, None
110.05, [INFO], robot4, {'y': 21.446, 'x': -38.114, 'yaw': -3.142}, None, None
116.61, [info], nurse, sync, received-request, (status=sending-request)
116.61, [info], nurse, sync, request-sent, (status=waiting)
116.61, [info], nurse, sync, wait-message, (status=message-received)
120.02, [INFO], robot4, {'battery-level': '41.49'}, None, None
120.02, [INFO], robot4, {'y': 21.501, 'x': -37.665, 'yaw': -3.142}, None, None
130.08, [INFO], robot4, {'battery-level': '40.89'}, None, None
130.08, [INFO], robot4, {'y': 19.625, 'x': -37.193, 'yaw': 3.136}, None, None
140.06, [INFO], robot4, {'y': 17.509, 'x': -37.096, 'yaw': 3.141}, None, None
140.06, [INFO], robot4, {'battery-level': '40.29'}, None, None
150.04, [INFO], robot4, {'y': 15.814, 'x': -36.333, 'yaw': 3.141}, None, None
150.04, [INFO], robot4, {'battery-level': '39.69'}, None, None
160.03, [INFO], robot4, {'y': 15.331, 'x': -34.258, 'yaw': -3.141}, None, None
160.03, [INFO], robot4, {'battery-level': '39.09'}, None, None
170.00, [INFO], robot4, {'y': 15.477, 'x': -32.144, 'yaw': 3.142}, None, None
170.00, [INFO], robot4, {'battery-level': '38.49'}, None, None
180.00, [INFO], robot4, {'battery-level': '37.89'}, None, None
180.00, [INFO], robot4, {'y': 15.571, 'x': -30.027, 'yaw': 3.142}, None, None
190.08, [INFO], robot4, {'battery-level': '37.29'}, None, None
190.08, [INFO], robot4, {'y': 15.772, 'x': -27.905, 'yaw': 3.14}, None, None
200.05, [INFO], robot4, {'y': 15.37, 'x': -25.976, 'yaw': 3.141}, None, None
200.05, [INFO], robot4, {'battery-level': '36.69'}, None, None
210.02, [INFO], robot4, {'y': 13.274, 'x': -25.763, 'yaw': 3.142}, None, None
210.02, [INFO], robot4, {'battery-level': '36.09'}, None, None
220.09, [INFO], robot4, {'battery-level': '35.49'}, None, None
220.09, [INFO], robot4, {'y': 12.884, 'x': -25.92, 'yaw': 3.142}, None, None
220.46, [info], lab_arm, sync, wait-message, (status=message-received)
221.41, [WARN], robot4, SUCCESS, None, None
230.00, [INFO], robot4, {'battery-level': '34.89'}, None, None
230.00, [INFO], robot4, {'y': 12.886, 'x': -25.919, 'yaw': -3.142}, None, None
