0.00, [DEBUG], nurse, NURSE_CONFIG={'location': 'IC Room 6', 'position': [-33.9, 18.93, 3.14]}, None, None
0.11, [DEBUG], logger, ROBOTS_CONFIG={'avg_speed': 0.15, 'battery_charge': 0.4863040833267539, 'battery_discharge_rate': 0.0005600000000000001, 'id': 4, 'local_plan': [['navigation', ['IC Room 6', [[-39.44, 33.95, 0.0], [-37.0, 33.95], [-37.0, 18.93], [-33.9, 18.93, 3.14]]], 'navto_room'], ['approach_person', ['nurse'], 'approach_nurse'], ['authenticate_person', ['nurse'], 'authenticate_nurse'], ['operate_drawer', ['open'], 'open_drawer_for_nurse'], ['send_message', ['nurse'], 'notify_nurse_of_open_drawer_for_nurse_completed'], ['wait_message', ['nurse'], 'wait_nurse_to_complete_deposit'], ['operate_drawer', ['close'], 'close_drawer_nurse'], ['navigation', ['Laboratory', [[-33.9, 18.93, 3.14], [-37.0, 18.93], [-37.0, 16.0], [-26.0, 16.0], [-26.0, 13.0, 1.57]]], 'navto_lab'], ['approach_robot', ['lab_arm'], 'approach_arm'], ['operate_drawer', ['open'], 'open_drawer_lab'], ['send_message', ['lab_arm'], 'notify_lab_arm_of_open_drawer_lab_completed'], ['wait_message', ['lab_arm'], 'wait_lab_arm_to_complete_pick_up_sample'], ['operate_drawer', ['close'], 'close_drawer_lab']], 'location': 'IC Room 4', 'name': 'r4', 'position': [-39.44, 33.95, 0.0], 'skills': ['approach_person', 'approach_robot', 'authenticate_person', 'navigation', 'operate_drawer']}, None, None
0.11, [DEBUG], logger, Simulation open, None, None
10.01, [INFO], robot4, {'y': 34.206, 'x': -38.796, 'yaw': 3.141}, None, None
10.01, [INFO], robot4, {'battery-level': '48.13'}, None, None
20.09, [INFO], robot4, {'y': 33.877, 'x': -37.085, 'yaw': 3.141}, None, None
20.09, [INFO], robot4, {'battery-level': '47.57'}, None, None
30.09, [INFO], robot4, {'battery-level': '47.01'}, None, None
30.09, [INFO], robot4, {'y': 31.765, 'x': -37.045, 'yaw': 3.141}, None, None
40.08, [INFO], robot4, {'battery-level': '46.45'}, None, None
40.08, [INFO], robot4, {'y': 29.637, 'x': -37.002, 'yaw': 3.141}, None, None
50.08, [INFO], robot4, {'battery-level': '45.89'}, None, None
50.08, [INFO], robot4, {'y': 27.513, 'x': -36.988, 'yaw': -3.142}, None, None
60.06, [INFO], robot4, {'battery-level': '45.33'}, None, None
60.06, [INFO], robot4, {'y': 25.4, 'x': -37.039, 'yaw': 3.142}, None, None
70.04, [INFO], robot4, {'y': 23.29, 'x': -36.99, 'yaw': 3.142}, None, None
70.04, [INFO], robot4, {'battery-level': '44.77'}, None, None
80.03, [INFO], robot4, {'y': 21.18, 'x': -37.141, 'yaw': -3.142}, None, None
80.03, [INFO], robot4, {'battery-level': '44.21'}, None, None
90.01, [INFO], robot4, {'y': 19.071, 'x': -37.04, 'yaw': 3.141}, None, None
90.01, [INFO], robot4, {'battery-level': '43.65'}, None, None
100.07, [INFO], robot4, {'battery-level': '43.09'}, None, None
100.07, [INFO], robot4, {'y': 17.715, 'x': -35.416, 'yaw': -3.141}, None, None
110.05, [INFO], robot4, {'y': 18.885, 'x': -34.006, 'yaw': -3.142}, None, None
110.05, [INFO], robot4, {'battery-level': '42.53'}, None, None
116.51, [info], nurse, sync, received-request, (status=sending-request)
116.51, [info], nurse, sync, request-sent, (status=waiting)
116.51, [info], nurse, sync, wait-message, (status=message-received)
120.03, [INFO], robot4, {'battery-level': '41.97'}, None, None
120.03, [INFO], robot4, {'y': 18.735, 'x': -34.309, 'yaw': 3.141}, None, None
130.00, [INFO], robot4, {'y': 17.81, 'x': -35.876, 'yaw': 3.142}, None, None
130.00, [INFO], robot4, {'battery-level': '41.41'}, None, None
140.07, [INFO], robot4, {'battery-level': '40.85'}, None, None
140.07, [INFO], robot4, {'y': 17.236, 'x': -37.01, 'yaw': 3.142}, None, None
150.04, [INFO], robot4, {'y': 17.405, 'x': -36.878, 'yaw': 3.141}, None, None
150.04, [INFO], robot4, {'battery-level': '40.29'}, None, None
160.02, [INFO], robot4, {'battery-level': '39.73'}, None, None
160.02, [INFO], robot4, {'y': 17.162, 'x': -36.796, 'yaw': -3.14}, None, None
170.07, [INFO], robot4, {'battery-level': '39.17'}, None, None
170.07, [INFO], robot4, {'y': 17.115, 'x': -37.065, 'yaw': -3.142}, None, None
180.03, [INFO], robot4, {'battery-level': '38.61'}, None, None
180.03, [INFO], robot4, {'y': 17.448, 'x': -37.076, 'yaw': -3.141}, None, None
190.01, [INFO], robot4, {'battery-level': '38.05'}, None, None
190.01, [INFO], robot4, {'y': 17.308, 'x': -36.832, 'yaw': 3.141}, None, None
200.09, [INFO], robot4, {'y': 17.336, 'x': -37.037, 'yaw': 3.141}, None, None
200.09, [INFO], robot4, {'battery-level': '37.49'}, None, None
210.07, [INFO], robot4, {'y': 17.267, 'x': -37.106, 'yaw': -3.142}, None, None
210.07, [INFO], robot4, {'battery-level': '36.93'}, None, None
220.05, [INFO], robot4, {'y': 17.167, 'x': -36.866, 'yaw': 3.142}, None, None
220.05, [INFO], robot4, {'battery-level': '36.37'}, None, None
230.02, [INFO], robot4, {'battery-level': '35.81'}, None, None
230.02, [INFO], robot4, {'y': 17.348, 'x': -37.029, 'yaw': 3.14}, None, None
240.00, [INFO], robot4, {'battery-level': '35.25'}, None, None
240.00, [INFO], robot4, {'y': 17.221, 'x': -36.85, 'yaw': -3.141}, None, None
250.07, [INFO], robot4, {'y': 17.424, 'x': -37.023, 'yaw': 3.141}, None, None
250.07, [INFO], robot4, {'battery-level': '34.69'}, None, None
260.05, [INFO], robot4, {'battery-level': '34.13'}, None, None
260.05, [INFO], robot4, {'y': 17.155, 'x': -36.855, 'yaw': 3.141}, None, None
270.02, [INFO], robot4, {'battery-level': '33.57'}, None, None
270.02, [INFO], robot4, {'y': 17.453, 'x': -37.06, 'yaw': 3.141}, None, None
280.07, [INFO], robot4, {'y': 17.367, 'x': -36.917, 'yaw': 3.142}, None, None
280.07, [INFO], robot4, {'battery-level': '33.01'}, None, None
290.06, [INFO], robot4, {'y': 17.527, 'x': -36.901, 'yaw': -3.142}, None, None
290.06, [INFO], robot4, {'battery-level': '32.45'}, None, None
300.05, [INFO], robot4, {'y': 17.263, 'x': -36.82, 'yaw': -3.141}, None, None
300.05, [INFO], robot4, {'battery-level': '31.89'}, None, None
303.09, [WARN], robot4, SKILL-FAILURE, navigation, navto_lab
310.08, [INFO], robot4, {'y': 17.307, 'x': -36.904, 'yaw': -3.142}, None, None
310.08, [INFO], robot4, {'battery-level': '31.33'}, None, None
