0.00, [DEBUG], nurse, NURSE_CONFIG={'location': 'IC Room 6', 'position': [-33.9, 18.93, 3.14]}, None, None
0.00, [INFO], robot1, {'battery-level': '30.20'}, None, None
0.12, [DEBUG], logger, ROBOTS_CONFIG={'avg_speed': 0.15, 'battery_charge': 0.3020349930380309, 'battery_discharge_rate': 0.0006600000000000001, 'id': 1, 'local_plan': [['navigation', ['IC Room 6', [[-11.5, 18.0, -1.57], [-11.5, 16.0], [-37.0, 16.0], [-37.0, 18.93], [-33.9, 18.93, 3.14]]], 'navto_room'], ['approach_person', ['nurse'], 'approach_nurse'], ['authenticate_person', ['nurse'], 'authenticate_nurse'], ['operate_drawer', ['open'], 'open_drawer_for_nurse'], ['send_message', ['nurse'], 'notify_nurse_of_open_drawer_for_nurse_completed'], ['wait_message', ['nurse'], 'wait_nurse_to_complete_deposit'], ['operate_drawer', ['close'], 'close_drawer_nurse'], ['navigation', ['Laboratory', [[-33.9, 18.93, 3.14], [-37.0, 18.93], [-37.0, 16.0], [-26.0, 16.0], [-26.0, 13.0, 1.57]]], 'navto_lab'], ['approach_robot', ['lab_arm'], 'approach_arm'], ['operate_drawer', ['open'], 'open_drawer_lab'], ['send_message', ['lab_arm'], 'notify_lab_arm_of_open_drawer_lab_completed'], ['wait_message', ['lab_arm'], 'wait_lab_arm_to_complete_pick_up_sample'], ['operate_drawer', ['close'], 'close_drawer_lab']], 'location': 'PC Room 8', 'name': 'r1', 'position': [-11.5, 18.0, -1.57], 'skills': ['approach_person', 'approach_robot', 'navigation', 'operate_drawer']}, None, None
0.12, [DEBUG], logger, Simulation open, None, None
10.04, [INFO], robot1, {'battery-level': '29.61'}, None, None
10.04, [INFO], robot1, {'y': 17.182, 'x': -11.702, 'yaw': 3.14}, None, None
20.04, [INFO], robot1, {'battery-level': '28.95'}, None, None
20.04, [INFO], robot1, {'y': 16.271, 'x': -13.172, 'yaw': 3.141}, None, None
30.04, [INFO], robot1, {'battery-level': '28.29'}, None, None
30.04, [INFO], robot1, {'y': 16.194, 'x': -15.287, 'yaw': 3.141}, None, None
40.05, [INFO], robot1, {'battery-level': '27.63'}, None, None
40.05, [INFO], robot1, {'y': 16.132, 'x': -17.399, 'yaw': 3.14}, None, None
50.05, [INFO], robot1, {'y': 16.233, 'x': -19.501, 'yaw': 3.142}, None, None
50.05, [INFO], robot1, {'battery-level': '26.97'}, None, None
60.06, [INFO], robot1, {'y': 16.304, 'x': -21.622, 'yaw': 3.142}, None, None
60.06, [INFO], robot1, {'battery-level': '26.31'}, None, None
70.05, [INFO], robot1, {'battery-level': '25.65'}, None, None
70.05, [INFO], robot1, {'y': 16.179, 'x': -23.721, 'yaw': 3.141}, None, None
80.06, [INFO], robot1, {'y': 16.139, 'x': -25.829, 'yaw': 3.141}, None, None
80.06, [INFO], robot1, {'battery-level': '24.99'}, None, None
90.06, [INFO], robot1, {'y': 16.173, 'x': -27.938, 'yaw': 3.141}, None, None
90.06, [INFO], robot1, {'battery-level': '24.33'}, None, None
100.06, [INFO], robot1, {'y': 16.245, 'x': -30.04, 'yaw': 3.141}, None, None
100.06, [INFO], robot1, {'battery-level': '23.67'}, None, None
110.06, [INFO], robot1, {'battery-level': '23.01'}, None, None
110.06, [INFO], robot1, {'y': 15.924, 'x': -32.143, 'yaw': 3.141}, None, None
120.05, [INFO], robot1, {'y': 15.454, 'x': -34.237, 'yaw': 3.142}, None, None
120.05, [INFO], robot1, {'battery-level': '22.35'}, None, None
130.07, [INFO], robot1, {'y': 15.637, 'x': -36.351, 'yaw': 3.142}, None, None
130.07, [INFO], robot1, {'battery-level': '21.69'}, None, None
140.09, [INFO], robot1, {'battery-level': '21.03'}, None, None
140.09, [INFO], robot1, {'y': 17.457, 'x': -36.827, 'yaw': -3.142}, None, None
150.00, [INFO], robot1, {'battery-level': '20.37'}, None, None
150.00, [INFO], robot1, {'y': 17.701, 'x': -36.776, 'yaw': 3.141}, None, None
160.03, [INFO], robot1, {'battery-level': '19.71'}, None, None
160.03, [INFO], robot1, {'y': 18.217, 'x': -35.672, 'yaw': 3.141}, None, None
170.03, [INFO], robot1, {'battery-level': '19.05'}, None, None
170.03, [INFO], robot1, {'y': 18.339, 'x': -35.713, 'yaw': 3.136}, None, None
180.01, [INFO], robot1, {'y': 18.473, 'x': -35.695, 'yaw': 3.142}, None, None
180.01, [INFO], robot1, {'battery-level': '18.39'}, None, None
190.07, [INFO], robot1, {'y': 18.501, 'x': -35.708, 'yaw': -3.142}, None, None
190.07, [INFO], robot1, {'battery-level': '17.73'}, None, None
191.07, [WARN], robot1, SKILL-FAILURE, navigation, navto_room
200.08, [INFO], robot1, {'battery-level': '17.07'}, None, None
200.08, [INFO], robot1, {'y': 18.501, 'x': -35.708, 'yaw': 3.142}, None, None
