0.00, [DEBUG], nurse, NURSE_CONFIG={'location': 'IC Room 2', 'position': [-38.0, 21.5, 0.0]}, None, None
0.19, [DEBUG], logger, ROBOTS_CONFIG={'avg_speed': 0.15, 'battery_charge': 0.4863040833267539, 'battery_discharge_rate': 0.0005600000000000001, 'id': 4, 'local_plan': [['navigation', ['IC Room 2', [[-32.88, 33.98, 3.14], [-37.0, 33.98], [-37.0, 21.5], [-38.0, 21.5, 0.0]]], 'navto_room'], ['approach_person', ['nurse'], 'approach_nurse'], ['authenticate_person', ['nurse'], 'authenticate_nurse'], ['operate_drawer', ['open'], 'open_drawer_for_nurse'], ['send_message', ['nurse'], 'notify_nurse_of_open_drawer_for_nurse_completed'], ['wait_message', ['nurse'], 'wait_nurse_to_complete_deposit'], ['operate_drawer', ['close'], 'close_drawer_nurse'], ['navigation', ['Laboratory', [[-38.0, 21.5, 0.0], [-37.0, 21.5], [-37.0, 16.0], [-26.0, 16.0], [-26.0, 13.0, 1.57]]], 'navto_lab'], ['approach_robot', ['lab_arm'], 'approach_arm'], ['operate_drawer', ['open'], 'open_drawer_lab'], ['send_message', ['lab_arm'], 'notify_lab_arm_of_open_drawer_lab_completed'], ['wait_message', ['lab_arm'], 'wait_lab_arm_to_complete_pick_up_sample'], ['operate_drawer', ['close'], 'close_drawer_lab']], 'location': 'IC Room 5', 'name': 'r4', 'position': [-32.88, 33.98, 3.14], 'skills': ['approach_person', 'approach_robot', 'authenticate_person', 'navigation', 'operate_drawer']}, None, None
0.19, [DEBUG], logger, Simulation open, None, None
10.08, [INFO], robot4, {'y': 34.07, 'x': -33.233, 'yaw': 3.142}, None, None
10.08, [INFO], robot4, {'battery-level': '48.13'}, None, None
20.08, [INFO], robot4, {'y': 34.784, 'x': -35.231, 'yaw': -3.141}, None, None
20.08, [INFO], robot4, {'battery-level': '47.57'}, None, None
30.01, [INFO], robot4, {'battery-level': '47.01'}, None, None
30.01, [INFO], robot4, {'y': 33.741, 'x': -36.96, 'yaw': 3.14}, None, None
40.05, [INFO], robot4, {'y': 31.63, 'x': -36.893, 'yaw': 3.142}, None, None
40.05, [INFO], robot4, {'battery-level': '46.45'}, None, None
50.10, [INFO], robot4, {'y': 29.514, 'x': -36.957, 'yaw': -3.142}, None, None
50.10, [INFO], robot4, {'battery-level': '45.89'}, None, None
60.06, [INFO], robot4, {'y': 27.42, 'x': -37.005, 'yaw': -3.142}, None, None
60.06, [INFO], robot4, {'battery-level': '45.33'}, None, None
70.10, [INFO], robot4, {'y': 25.293, 'x': -36.992, 'yaw': 3.142}, None, None
70.10, [INFO], robot4, {'battery-level': '44.77'}, None, None
80.03, [INFO], robot4, {'battery-level': '44.21'}, None, None
80.03, [INFO], robot4, {'y': 23.192, 'x': -37.015, 'yaw': 3.141}, None, None
90.09, [INFO], robot4, {'battery-level': '43.65'}, None, None
90.09, [INFO], robot4, {'y': 21.322, 'x': -37.604, 'yaw': 3.141}, None, None
100.04, [INFO], robot4, {'battery-level': '43.09'}, None, None
100.04, [INFO], robot4, {'y': 21.366, 'x': -38.067, 'yaw': -3.136}, None, None
110.04, [INFO], robot4, {'y': 21.478, 'x': -38.157, 'yaw': -3.142}, None, None
110.04, [INFO], robot4, {'battery-level': '42.53'}, None, None
116.71, [info], nurse, sync, received-request, (status=sending-request)
116.71, [info], nurse, sync, request-sent, (status=waiting)
116.80, [info], nurse, sync, wait-message, (status=message-received)
120.09, [INFO], robot4, {'y': 21.418, 'x': -37.665, 'yaw': -3.142}, None, None
120.09, [INFO], robot4, {'battery-level': '41.97'}, None, None
130.05, [INFO], robot4, {'battery-level': '41.41'}, None, None
130.05, [INFO], robot4, {'y': 19.616, 'x': -37.12, 'yaw': 3.142}, None, None
140.05, [INFO], robot4, {'battery-level': '40.85'}, None, None
140.05, [INFO], robot4, {'y': 17.5, 'x': -37.092, 'yaw': 3.14}, None, None
150.07, [INFO], robot4, {'battery-level': '40.29'}, None, None
150.07, [INFO], robot4, {'y': 15.799, 'x': -36.311, 'yaw': 3.141}, None, None
160.03, [INFO], robot4, {'y': 15.362, 'x': -34.237, 'yaw': -3.141}, None, None
160.03, [INFO], robot4, {'battery-level': '39.73'}, None, None
170.07, [INFO], robot4, {'battery-level': '39.17'}, None, None
170.07, [INFO], robot4, {'y': 15.508, 'x': -32.116, 'yaw': -3.142}, None, None
180.09, [INFO], robot4, {'y': 15.59, 'x': -29.992, 'yaw': 3.142}, None, None
180.09, [INFO], robot4, {'battery-level': '38.61'}, None, None
190.09, [INFO], robot4, {'battery-level': '38.05'}, None, None
190.09, [INFO], robot4, {'y': 15.72, 'x': -27.881, 'yaw': 3.141}, None, None
200.03, [INFO], robot4, {'battery-level': '37.49'}, None, None
200.03, [INFO], robot4, {'y': 15.306, 'x': -26.002, 'yaw': 3.141}, None, None
210.05, [INFO], robot4, {'battery-level': '36.93'}, None, None
210.05, [INFO], robot4, {'y': 13.208, 'x': -25.757, 'yaw': 3.142}, None, None
218.99, [info], lab_arm, sync, wait-message, (status=message-received)
219.95, [WARN], robot4, SUCCESS, None, None
220.04, [INFO], robot4, {'y': 12.869, 'x': -25.942, 'yaw': 3.141}, None, None
220.04, [INFO], robot4, {'battery-level': '36.37'}, None, None
230.06, [INFO], robot4, {'battery-level': '35.81'}, None, None
230.06, [INFO], robot4, {'y': 12.87, 'x': -25.942, 'yaw': -3.142}, None, None
