0.00, [DEBUG], nurse, NURSE_CONFIG={'location': 'IC Room 6', 'position': [-33.9, 18.93, 3.14]}, None, None
0.13, [DEBUG], logger, ROBOTS_CONFIG={'avg_speed': 0.15, 'battery_charge': 0.7232396784987936, 'battery_discharge_rate': 0.00064, 'id': 3, 'local_plan': [['navigation', ['IC Room 6', [[-38.0, 21.5, 0.0], [-37.0, 21.5], [-37.0, 18.93], [-33.9, 18.93, 3.14]]], 'navto_room'], ['approach_person', ['nurse'], 'approach_nurse'], ['authenticate_person', ['nurse'], 'authenticate_nurse'], ['operate_drawer', ['open'], 'open_drawer_for_nurse'], ['send_message', ['nurse'], 'notify_nurse_of_open_drawer_for_nurse_completed'], ['wait_message', ['nurse'], 'wait_nurse_to_complete_deposit'], ['operate_drawer', ['close'], 'close_drawer_nurse'], ['navigation', ['Laboratory', [[-33.9, 18.93, 3.14], [-37.0, 18.93], [-37.0, 16.0], [-26.0, 16.0], [-26.0, 13.0, 1.57]]], 'navto_lab'], ['approach_robot', ['lab_arm'], 'approach_arm'], ['operate_drawer', ['open'], 'open_drawer_lab'], ['send_message', ['lab_arm'], 'notify_lab_arm_of_open_drawer_lab_completed'], ['wait_message', ['lab_arm'], 'wait_lab_arm_to_complete_pick_up_sample'], ['operate_drawer', ['close'], 'close_drawer_lab']], 'location': 'IC Room 2', 'name': 'r3', 'position': [-38.0, 21.5, 0.0], 'skills': ['approach_person', 'approach_robot', 'authenticate_person', 'navigation', 'operate_drawer']}, None, None
0.13, [DEBUG], logger, Simulation open, None, None
10.01, [INFO], robot3, {'y': 21.534, 'x': -37.359, 'yaw': 3.141}, None, None
10.01, [INFO], robot3, {'battery-level': '71.75'}, None, None
20.07, [INFO], robot3, {'battery-level': '71.11'}, None, None
20.07, [INFO], robot3, {'y': 19.49, 'x': -37.09, 'yaw': 3.139}, None, None
30.04, [INFO], robot3, {'battery-level': '70.47'}, None, None
30.04, [INFO], robot3, {'y': 17.867, 'x': -35.759, 'yaw': -3.139}, None, None
40.00, [INFO], robot3, {'y': 18.696, 'x': -34.057, 'yaw': -3.142}, None, None
40.00, [INFO], robot3, {'battery-level': '69.83'}, None, None
48.06, [info], nurse, sync, received-request, (status=sending-request)
48.06, [info], nurse, sync, request-sent, (status=waiting)
48.06, [info], nurse, sync, wait-message, (status=message-received)
50.08, [INFO], robot3, {'battery-level': '69.19'}, None, None
50.08, [INFO], robot3, {'y': 18.954, 'x': -34.055, 'yaw': 3.141}, None, None
60.05, [INFO], robot3, {'y': 17.787, 'x': -35.605, 'yaw': -3.142}, None, None
60.05, [INFO], robot3, {'battery-level': '68.55'}, None, None
70.03, [INFO], robot3, {'y': 18.062, 'x': -36.192, 'yaw': 3.142}, None, None
70.03, [INFO], robot3, {'battery-level': '67.91'}, None, None
80.02, [INFO], robot3, {'y': 18.069, 'x': -36.201, 'yaw': -3.142}, None, None
80.02, [INFO], robot3, {'battery-level': '67.27'}, None, None
90.02, [INFO], robot3, {'battery-level': '66.63'}, None, None
90.02, [INFO], robot3, {'y': 17.369, 'x': -36.927, 'yaw': 3.141}, None, None
100.09, [INFO], robot3, {'battery-level': '65.99'}, None, None
100.09, [INFO], robot3, {'y': 17.265, 'x': -36.939, 'yaw': 3.141}, None, None
110.06, [INFO], robot3, {'battery-level': '65.35'}, None, None
110.06, [INFO], robot3, {'y': 17.528, 'x': -36.936, 'yaw': 3.141}, None, None
120.03, [INFO], robot3, {'battery-level': '64.71'}, None, None
120.03, [INFO], robot3, {'y': 17.425, 'x': -36.889, 'yaw': -3.142}, None, None
130.06, [INFO], robot3, {'y': 17.327, 'x': -37.082, 'yaw': 3.14}, None, None
130.06, [INFO], robot3, {'battery-level': '64.07'}, None, None
140.00, [INFO], robot3, {'battery-level': '63.43'}, None, None
140.00, [INFO], robot3, {'y': 17.391, 'x': -36.961, 'yaw': -3.142}, None, None
150.05, [INFO], robot3, {'battery-level': '62.79'}, None, None
150.05, [INFO], robot3, {'y': 17.252, 'x': -36.852, 'yaw': 3.142}, None, None
160.03, [INFO], robot3, {'battery-level': '62.15'}, None, None
160.03, [INFO], robot3, {'y': 17.349, 'x': -37.033, 'yaw': -3.142}, None, None
170.08, [INFO], robot3, {'battery-level': '61.51'}, None, None
170.08, [INFO], robot3, {'y': 17.45, 'x': -37.051, 'yaw': 3.141}, None, None
180.03, [INFO], robot3, {'battery-level': '60.87'}, None, None
180.03, [INFO], robot3, {'y': 17.347, 'x': -37.054, 'yaw': -3.142}, None, None
190.08, [INFO], robot3, {'battery-level': '60.23'}, None, None
190.08, [INFO], robot3, {'y': 17.234, 'x': -37.051, 'yaw': 3.141}, None, None
200.06, [INFO], robot3, {'y': 17.259, 'x': -36.953, 'yaw': 3.14}, None, None
200.06, [INFO], robot3, {'battery-level': '59.59'}, None, None
210.06, [INFO], robot3, {'battery-level': '58.95'}, None, None
210.06, [INFO], robot3, {'y': 17.197, 'x': -37.12, 'yaw': -3.142}, None, None
220.06, [INFO], robot3, {'y': 17.394, 'x': -36.934, 'yaw': -3.141}, None, None
220.06, [INFO], robot3, {'battery-level': '58.31'}, None, None
230.03, [INFO], robot3, {'battery-level': '57.67'}, None, None
230.03, [INFO], robot3, {'y': 17.231, 'x': -36.852, 'yaw': 3.141}, None, None
230.67, [WARN], robot3, SKILL-FAILURE, navigation, navto_lab
240.02, [INFO], robot3, {'battery-level': '57.03'}, None, None
240.02, [INFO], robot3, {'y': 17.228, 'x': -36.902, 'yaw': -3.142}, None, None
