0.00, [DEBUG], nurse, NURSE_CONFIG={'location': 'PC Room 3', 'position': [-28.5, 18.0, -1.57]}, None, None
0.00, [INFO], robot1, {'battery-level': '30.20'}, None, None
0.13, [DEBUG], logger, ROBOTS_CONFIG={'avg_speed': 0.15, 'battery_charge': 0.3020349930380309, 'battery_discharge_rate': 0.0006600000000000001, 'id': 1, 'local_plan': [['navigation', ['PC Room 3', [[-39.44, 33.95, 0.0], [-37.0, 33.95], [-37.0, 16.0], [-28.5, 16.0], [-28.5, 18.0, -1.57]]], 'navto_room'], ['approach_person', ['nurse'], 'approach_nurse'], ['authenticate_person', ['nurse'], 'authenticate_nurse'], ['operate_drawer', ['open'], 'open_drawer_for_nurse'], ['send_message', ['nurse'], 'notify_nurse_of_open_drawer_for_nurse_completed'], ['wait_message', ['nurse'], 'wait_nurse_to_complete_deposit'], ['operate_drawer', ['close'], 'close_drawer_nurse'], ['navigation', ['Laboratory', [[-28.5, 18.0, -1.57], [-28.5, 16.0], [-26.0, 16.0], [-26.0, 13.0, 1.57]]], 'navto_lab'], ['approach_robot', ['lab_arm'], 'approach_arm'], ['operate_drawer', ['open'], 'open_drawer_lab'], ['send_message', ['lab_arm'], 'notify_lab_arm_of_open_drawer_lab_completed'], ['wait_message', ['lab_arm'], 'wait_lab_arm_to_complete_pick_up_sample'], ['operate_drawer', ['close'], 'close_drawer_lab']], 'location': 'IC Room 4', 'name': 'r1', 'position': [-39.44, 33.95, 0.0], 'skills': ['approach_person', 'approach_robot', 'authenticate_person', 'navigation']}, None, None
0.13, [DEBUG], logger, Simulation open, None, None
10.05, [INFO], robot1, {'battery-level': '29.61'}, None, None
10.05, [INFO], robot1, {'y': 33.951, 'x': -39.427, 'yaw': 3.141}, None, None
20.05, [INFO], robot1, {'battery-level': '28.95'}, None, None
20.05, [INFO], robot1, {'y': 34.54, 'x': -37.816, 'yaw': 3.141}, None, None
30.03, [INFO], robot1, {'y': 32.844, 'x': -36.979, 'yaw': 3.141}, None, None
30.03, [INFO], robot1, {'battery-level': '28.29'}, None, None
40.02, [INFO], robot1, {'battery-level': '27.63'}, None, None
40.02, [INFO], robot1, {'y': 30.737, 'x': -37.001, 'yaw': 3.14}, None, None
50.06, [INFO], robot1, {'battery-level': '26.97'}, None, None
50.06, [INFO], robot1, {'y': 28.614, 'x': -37.023, 'yaw': 3.141}, None, None
60.04, [INFO], robot1, {'battery-level': '26.31'}, None, None
60.04, [INFO], robot1, {'y': 26.506, 'x': -37.032, 'yaw': 3.141}, None, None
70.09, [INFO], robot1, {'y': 24.397, 'x': -37.014, 'yaw': 3.141}, None, None
70.09, [INFO], robot1, {'battery-level': '25.65'}, None, None
80.03, [INFO], robot1, {'y': 22.286, 'x': -37.098, 'yaw': 3.141}, None, None
80.03, [INFO], robot1, {'battery-level': '24.99'}, None, None
90.06, [INFO], robot1, {'y': 20.173, 'x': -37.097, 'yaw': 3.141}, None, None
90.06, [INFO], robot1, {'battery-level': '24.33'}, None, None
100.08, [INFO], robot1, {'y': 18.048, 'x': -37.018, 'yaw': 3.141}, None, None
100.08, [INFO], robot1, {'battery-level': '23.67'}, None, None
110.05, [INFO], robot1, {'y': 16.016, 'x': -36.774, 'yaw': 3.141}, None, None
110.05, [INFO], robot1, {'battery-level': '23.01'}, None, None
120.00, [INFO], robot1, {'battery-level': '22.35'}, None, None
120.00, [INFO], robot1, {'y': 15.458, 'x': -34.714, 'yaw': 3.141}, None, None
130.08, [INFO], robot1, {'y': 15.492, 'x': -32.564, 'yaw': 3.141}, None, None
130.08, [INFO], robot1, {'battery-level': '21.69'}, None, None
140.05, [INFO], robot1, {'battery-level': '21.03'}, None, None
140.05, [INFO], robot1, {'y': 15.531, 'x': -30.455, 'yaw': 3.141}, None, None
150.02, [INFO], robot1, {'battery-level': '20.37'}, None, None
150.02, [INFO], robot1, {'y': 16.354, 'x': -28.635, 'yaw': 3.141}, None, None
160.00, [INFO], robot1, {'battery-level': '19.71'}, None, None
160.00, [INFO], robot1, {'y': 17.918, 'x': -28.586, 'yaw': -3.142}, None, None
170.02, [INFO], robot1, {'battery-level': '19.05'}, None, None
170.02, [INFO], robot1, {'y': 18.046, 'x': -28.597, 'yaw': 3.14}, None, None
173.30, [info], nurse, sync, received-request, (status=sending-request)
173.30, [info], nurse, sync, request-sent, (status=waiting)
173.30, [WARN], robot1, NO-SKILL, operate_drawer, open_drawer_for_nurse
