0.00, [DEBUG], nurse, NURSE_CONFIG={'location': 'PC Room 3', 'position': [-28.5, 18.0, -1.57]}, None, None
0.12, [DEBUG], logger, ROBOTS_CONFIG={'avg_speed': 0.15, 'battery_charge': 0.5408465660492595, 'battery_discharge_rate': 0.00072, 'id': 6, 'local_plan': [['navigation', ['PC Room 3', [[-27.23, 18.0, -1.57], [-27.23, 16.0], [-28.5, 16.0], [-28.5, 18.0, -1.57]]], 'navto_room'], ['approach_person', ['nurse'], 'approach_nurse'], ['authenticate_person', ['nurse'], 'authenticate_nurse'], ['operate_drawer', ['open'], 'open_drawer_for_nurse'], ['send_message', ['nurse'], 'notify_nurse_of_open_drawer_for_nurse_completed'], ['wait_message', ['nurse'], 'wait_nurse_to_complete_deposit'], ['operate_drawer', ['close'], 'close_drawer_nurse'], ['navigation', ['Laboratory', [[-28.5, 18.0, -1.57], [-28.5, 16.0], [-26.0, 16.0], [-26.0, 13.0, 1.57]]], 'navto_lab'], ['approach_robot', ['lab_arm'], 'approach_arm'], ['operate_drawer', ['open'], 'open_drawer_lab'], ['send_message', ['lab_arm'], 'notify_lab_arm_of_open_drawer_lab_completed'], ['wait_message', ['lab_arm'], 'wait_lab_arm_to_complete_pick_up_sample'], ['operate_drawer', ['close'], 'close_drawer_lab']], 'location': 'PC Room 4', 'name': 'r6', 'position': [-27.23, 18.0, -1.57], 'skills': ['approach_person', 'approach_robot', 'authenticate_person', 'navigation', 'operate_drawer']}, None, None
0.12, [DEBUG], logger, Simulation open, None, None
10.05, [INFO], robot6, {'y': 17.469, 'x': -27.297, 'yaw': 3.141}, None, None
10.05, [INFO], robot6, {'battery-level': '53.44'}, None, None
20.08, [INFO], robot6, {'battery-level': '52.72'}, None, None
20.08, [INFO], robot6, {'y': 16.676, 'x': -27.993, 'yaw': 3.139}, None, None
30.01, [INFO], robot6, {'battery-level': '52.00'}, None, None
30.01, [INFO], robot6, {'y': 17.368, 'x': -28.568, 'yaw': 3.142}, None, None
40.06, [INFO], robot6, {'battery-level': '51.28'}, None, None
40.06, [INFO], robot6, {'y': 17.611, 'x': -28.786, 'yaw': -3.142}, None, None
50.04, [INFO], robot6, {'y': 17.438, 'x': -28.821, 'yaw': 3.141}, None, None
50.04, [INFO], robot6, {'battery-level': '50.56'}, None, None
60.08, [INFO], robot6, {'y': 17.545, 'x': -28.478, 'yaw': 3.141}, None, None
60.08, [INFO], robot6, {'battery-level': '49.84'}, None, None
70.01, [INFO], robot6, {'battery-level': '49.12'}, None, None
70.01, [INFO], robot6, {'y': 17.568, 'x': -28.559, 'yaw': 3.142}, None, None
80.05, [INFO], robot6, {'battery-level': '48.40'}, None, None
80.05, [INFO], robot6, {'y': 17.538, 'x': -28.466, 'yaw': 3.141}, None, None
90.10, [INFO], robot6, {'battery-level': '47.68'}, None, None
90.10, [INFO], robot6, {'y': 17.402, 'x': -28.809, 'yaw': -3.141}, None, None
100.01, [INFO], robot6, {'y': 17.327, 'x': -28.368, 'yaw': -3.142}, None, None
100.01, [INFO], robot6, {'battery-level': '46.96'}, None, None
110.06, [INFO], robot6, {'y': 17.386, 'x': -28.585, 'yaw': 3.141}, None, None
110.06, [INFO], robot6, {'battery-level': '46.24'}, None, None
120.09, [INFO], robot6, {'battery-level': '45.52'}, None, None
120.09, [INFO], robot6, {'y': 17.504, 'x': -28.818, 'yaw': 3.142}, None, None
130.06, [INFO], robot6, {'y': 17.317, 'x': -28.553, 'yaw': -3.142}, None, None
130.06, [INFO], robot6, {'battery-level': '44.80'}, None, None
140.08, [INFO], robot6, {'y': 17.483, 'x': -28.815, 'yaw': -3.142}, None, None
140.08, [INFO], robot6, {'battery-level': '44.08'}, None, None
150.03, [INFO], robot6, {'battery-level': '43.36'}, None, None
150.03, [INFO], robot6, {'y': 17.505, 'x': -28.834, 'yaw': 3.14}, None, None
160.08, [INFO], robot6, {'battery-level': '42.64'}, None, None
160.08, [INFO], robot6, {'y': 17.294, 'x': -28.765, 'yaw': 3.141}, None, None
169.83, [WARN], robot6, SKILL-FAILURE, navigation, navto_room
170.01, [INFO], robot6, {'battery-level': '41.92'}, None, None
170.01, [INFO], robot6, {'y': 17.511, 'x': -28.509, 'yaw': -3.142}, None, None
