0.00, [DEBUG], nurse, NURSE_CONFIG={'location': 'IC Room 6', 'position': [-33.9, 18.93, 3.14]}, None, None
0.00, [INFO], robot1, {'battery-level': '30.20'}, None, None
0.13, [DEBUG], logger, ROBOTS_CONFIG={'avg_speed': 0.15, 'battery_charge': 0.3020349930380309, 'battery_discharge_rate': 0.0006600000000000001, 'id': 1, 'local_plan': [['navigation', ['IC Room 6', [[-11.5, 18.0, -1.57], [-11.5, 16.0], [-37.0, 16.0], [-37.0, 18.93], [-33.9, 18.93, 3.14]]], 'navto_room'], ['approach_person', ['nurse'], 'approach_nurse'], ['authenticate_person', ['nurse'], 'authenticate_nurse'], ['operate_drawer', ['open'], 'open_drawer_for_nurse'], ['send_message', ['nurse'], 'notify_nurse_of_open_drawer_for_nurse_completed'], ['wait_message', ['nurse'], 'wait_nurse_to_complete_deposit'], ['operate_drawer', ['close'], 'close_drawer_nurse'], ['navigation', ['Laboratory', [[-33.9, 18.93, 3.14], [-37.0, 18.93], [-37.0, 16.0], [-26.0, 16.0], [-26.0, 13.0, 1.57]]], 'navto_lab'], ['approach_robot', ['lab_arm'], 'approach_arm'], ['operate_drawer', ['open'], 'open_drawer_lab'], ['send_message', ['lab_arm'], 'notify_lab_arm_of_open_drawer_lab_completed'], ['wait_message', ['lab_arm'], 'wait_lab_arm_to_complete_pick_up_sample'], ['operate_drawer', ['close'], 'close_drawer_lab']], 'location': 'PC Room 8', 'name': 'r1', 'position': [-11.5, 18.0, -1.57], 'skills': ['approach_person', 'approach_robot', 'authenticate_person', 'navigation', 'operate_drawer']}, None, None
0.13, [DEBUG], logger, Simulation open, None, None
10.02, [INFO], robot1, {'battery-level': '29.61'}, None, None
10.02, [INFO], robot1, {'y': 17.324, 'x': -11.674, 'yaw': -3.141}, None, None
20.02, [INFO], robot1, {'battery-level': '28.95'}, None, None
20.02, [INFO], robot1, {'y': 16.298, 'x': -13.065, 'yaw': -3.14}, None, None
30.00, [INFO], robot1, {'y': 16.214, 'x': -15.172, 'yaw': 3.137}, None, None
30.00, [INFO], robot1, {'battery-level': '28.29'}, None, None
40.02, [INFO], robot1, {'battery-level': '27.63'}, None, None
40.02, [INFO], robot1, {'y': 16.145, 'x': -17.285, 'yaw': 3.141}, None, None
50.03, [INFO], robot1, {'battery-level': '26.97'}, None, None
50.03, [INFO], robot1, {'y': 16.236, 'x': -19.397, 'yaw': -3.142}, None, None
60.03, [INFO], robot1, {'y': 16.341, 'x': -21.497, 'yaw': 3.142}, None, None
60.03, [INFO], robot1, {'battery-level': '26.31'}, None, None
70.03, [INFO], robot1, {'y': 16.132, 'x': -23.606, 'yaw': 3.142}, None, None
70.03, [INFO], robot1, {'battery-level': '25.65'}, None, None
80.04, [INFO], robot1, {'y': 16.135, 'x': -25.707, 'yaw': 3.141}, None, None
80.04, [INFO], robot1, {'battery-level': '24.99'}, None, None
90.03, [INFO], robot1, {'y': 16.2, 'x': -27.807, 'yaw': -3.14}, None, None
90.03, [INFO], robot1, {'battery-level': '24.33'}, None, None
100.02, [INFO], robot1, {'y': 16.236, 'x': -29.907, 'yaw': 3.141}, None, None
100.02, [INFO], robot1, {'battery-level': '23.67'}, None, None
110.00, [INFO], robot1, {'battery-level': '23.01'}, None, None
110.00, [INFO], robot1, {'y': 15.951, 'x': -32.018, 'yaw': -3.141}, None, None
120.07, [INFO], robot1, {'battery-level': '22.35'}, None, None
120.07, [INFO], robot1, {'y': 15.478, 'x': -34.117, 'yaw': 3.141}, None, None
130.05, [INFO], robot1, {'battery-level': '21.69'}, None, None
130.05, [INFO], robot1, {'y': 15.581, 'x': -36.225, 'yaw': -3.141}, None, None
140.02, [INFO], robot1, {'y': 17.359, 'x': -36.751, 'yaw': -3.141}, None, None
140.02, [INFO], robot1, {'battery-level': '21.03'}, None, None
150.03, [INFO], robot1, {'y': 17.75, 'x': -36.728, 'yaw': 3.141}, None, None
150.03, [INFO], robot1, {'battery-level': '20.37'}, None, None
160.01, [INFO], robot1, {'battery-level': '19.71'}, None, None
160.01, [INFO], robot1, {'y': 18.205, 'x': -35.999, 'yaw': 3.141}, None, None
170.00, [INFO], robot1, {'y': 17.971, 'x': -35.817, 'yaw': 3.141}, None, None
170.00, [INFO], robot1, {'battery-level': '19.05'}, None, None
180.08, [INFO], robot1, {'battery-level': '18.39'}, None, None
180.08, [INFO], robot1, {'y': 18.243, 'x': -35.744, 'yaw': -3.142}, None, None
190.08, [INFO], robot1, {'battery-level': '17.73'}, None, None
190.08, [INFO], robot1, {'y': 18.243, 'x': -35.745, 'yaw': -3.142}, None, None
200.05, [INFO], robot1, {'y': 18.243, 'x': -35.745, 'yaw': 3.142}, None, None
200.05, [INFO], robot1, {'battery-level': '17.07'}, None, None
210.04, [INFO], robot1, {'battery-level': '16.41'}, None, None
210.04, [INFO], robot1, {'y': 18.243, 'x': -35.746, 'yaw': 3.142}, None, None
220.01, [INFO], robot1, {'battery-level': '15.75'}, None, None
220.01, [INFO], robot1, {'y': 18.313, 'x': -35.939, 'yaw': 3.141}, None, None
226.04, [WARN], robot1, SKILL-FAILURE, navigation, navto_room
230.06, [INFO], robot1, {'battery-level': '15.09'}, None, None
230.06, [INFO], robot1, {'y': 18.195, 'x': -35.638, 'yaw': -3.136}, None, None
