0.00, [DEBUG], nurse, NURSE_CONFIG={'location': 'IC Room 6', 'position': [-33.9, 18.93, 3.14]}, None, None
0.19, [DEBUG], logger, ROBOTS_CONFIG={'avg_speed': 0.15, 'battery_charge': 0.7232396784987936, 'battery_discharge_rate': 0.00064, 'id': 3, 'local_plan': [['navigation', ['IC Room 6', [[-38.0, 21.5, 0.0], [-37.0, 21.5], [-37.0, 18.93], [-33.9, 18.93, 3.14]]], 'navto_room'], ['approach_person', ['nurse'], 'approach_nurse'], ['authenticate_person', ['nurse'], 'authenticate_nurse'], ['operate_drawer', ['open'], 'open_drawer_for_nurse'], ['send_message', ['nurse'], 'notify_nurse_of_open_drawer_for_nurse_completed'], ['wait_message', ['nurse'], 'wait_nurse_to_complete_deposit'], ['operate_drawer', ['close'], 'close_drawer_nurse'], ['navigation', ['Laboratory', [[-33.9, 18.93, 3.14], [-37.0, 18.93], [-37.0, 16.0], [-26.0, 16.0], [-26.0, 13.0, 1.57]]], 'navto_lab'], ['approach_robot', ['lab_arm'], 'approach_arm'], ['operate_drawer', ['open'], 'open_drawer_lab'], ['send_message', ['lab_arm'], 'notify_lab_arm_of_open_drawer_lab_completed'], ['wait_message', ['lab_arm'], 'wait_lab_arm_to_complete_pick_up_sample'], ['operate_drawer', ['close'], 'close_drawer_lab']], 'location': 'IC Room 2', 'name': 'r3', 'position': [-38.0, 21.5, 0.0], 'skills': ['approach_person', 'approach_robot', 'authenticate_person', 'navigation', 'operate_drawer']}, None, None
0.19, [DEBUG], logger, Simulation open, None, None
10.04, [INFO], robot3, {'y': 21.395, 'x': -37.215, 'yaw': -3.141}, None, None
10.04, [INFO], robot3, {'battery-level': '71.75'}, None, None
20.00, [INFO], robot3, {'y': 19.285, 'x': -37.065, 'yaw': 3.138}, None, None
20.00, [INFO], robot3, {'battery-level': '71.11'}, None, None
30.08, [INFO], robot3, {'battery-level': '70.47'}, None, None
30.08, [INFO], robot3, {'y': 17.744, 'x': -35.584, 'yaw': 3.141}, None, None
40.02, [INFO], robot3, {'battery-level': '69.83'}, None, None
40.02, [INFO], robot3, {'y': 18.831, 'x': -34.033, 'yaw': -3.142}, None, None
50.09, [INFO], robot3, {'battery-level': '69.19'}, None, None
50.09, [INFO], robot3, {'y': 18.971, 'x': -33.943, 'yaw': -3.142}, None, None
51.83, [info], nurse, sync, received-request, (status=sending-request)
51.83, [info], nurse, sync, request-sent, (status=waiting)
51.83, [info], nurse, sync, wait-message, (status=message-received)
60.06, [INFO], robot3, {'battery-level': '68.55'}, None, None
60.06, [INFO], robot3, {'y': 17.898, 'x': -34.828, 'yaw': -3.142}, None, None
70.01, [INFO], robot3, {'battery-level': '67.91'}, None, None
70.01, [INFO], robot3, {'y': 18.084, 'x': -36.191, 'yaw': 3.142}, None, None
80.07, [INFO], robot3, {'y': 17.384, 'x': -37.028, 'yaw': 3.141}, None, None
80.07, [INFO], robot3, {'battery-level': '67.27'}, None, None
90.03, [INFO], robot3, {'battery-level': '66.63'}, None, None
90.03, [INFO], robot3, {'y': 17.488, 'x': -36.918, 'yaw': 3.141}, None, None
100.00, [INFO], robot3, {'y': 17.483, 'x': -36.919, 'yaw': 3.141}, None, None
100.00, [INFO], robot3, {'battery-level': '65.99'}, None, None
110.05, [INFO], robot3, {'battery-level': '65.35'}, None, None
110.05, [INFO], robot3, {'y': 17.277, 'x': -37.12, 'yaw': 3.141}, None, None
120.01, [INFO], robot3, {'battery-level': '64.71'}, None, None
120.01, [INFO], robot3, {'y': 17.352, 'x': -36.908, 'yaw': 3.141}, None, None
130.08, [INFO], robot3, {'y': 17.275, 'x': -37.114, 'yaw': -3.141}, None, None
130.08, [INFO], robot3, {'battery-level': '64.07'}, None, None
140.03, [INFO], robot3, {'battery-level': '63.43'}, None, None
140.03, [INFO], robot3, {'y': 17.455, 'x': -36.877, 'yaw': -3.141}, None, None
150.02, [INFO], robot3, {'y': 17.259, 'x': -36.97, 'yaw': 3.142}, None, None
150.02, [INFO], robot3, {'battery-level': '62.79'}, None, None
160.01, [INFO], robot3, {'battery-level': '62.15'}, None, None
160.01, [INFO], robot3, {'y': 17.29, 'x': -37.145, 'yaw': 3.141}, None, None
170.09, [INFO], robot3, {'y': 17.405, 'x': -36.898, 'yaw': 3.141}, None, None
170.09, [INFO], robot3, {'battery-level': '61.51'}, None, None
180.07, [INFO], robot3, {'battery-level': '60.87'}, None, None
180.07, [INFO], robot3, {'y': 17.419, 'x': -36.892, 'yaw': -3.141}, None, None
190.05, [INFO], robot3, {'battery-level': '60.23'}, None, None
190.05, [INFO], robot3, {'y': 17.285, 'x': -36.932, 'yaw': -3.141}, None, None
200.04, [INFO], robot3, {'battery-level': '59.59'}, None, None
200.04, [INFO], robot3, {'y': 17.552, 'x': -36.688, 'yaw': 3.142}, None, None
210.02, [INFO], robot3, {'y': 17.355, 'x': -37.061, 'yaw': 3.14}, None, None
210.02, [INFO], robot3, {'battery-level': '58.95'}, None, None
220.02, [INFO], robot3, {'battery-level': '58.31'}, None, None
220.02, [INFO], robot3, {'y': 17.243, 'x': -37.099, 'yaw': 3.142}, None, None
230.03, [INFO], robot3, {'y': 17.293, 'x': -37.1, 'yaw': 3.141}, None, None
230.03, [INFO], robot3, {'battery-level': '57.67'}, None, None
240.09, [INFO], robot3, {'y': 17.397, 'x': -37.006, 'yaw': 3.142}, None, None
240.09, [INFO], robot3, {'battery-level': '57.03'}, None, None
242.72, [WARN], robot3, SKILL-FAILURE, navigation, navto_lab
250.08, [INFO], robot3, {'battery-level': '56.39'}, None, None
250.08, [INFO], robot3, {'y': 17.27, 'x': -36.78, 'yaw': 3.142}, None, None
