0.20, [DEBUG], logger, ROBOTS_CONFIG={'avg_speed': 0.15, 'battery_charge': 0.9109794326728246, 'battery_discharge_rate': 0.00038, 'id': 6, 'local_plan': [['navigation', ['IC Room 2', [[-33.9, 18.93, 3.14], [-37.0, 18.93], [-37.0, 21.5], [-38.0, 21.5, 0.0]]], 'navto_room'], ['approach_person', ['nurse'], 'approach_nurse'], ['authenticate_person', ['nurse'], 'authenticate_nurse'], ['operate_drawer', ['open'], 'open_drawer_for_nurse'], ['send_message', ['nurse'], 'notify_nurse_of_open_drawer_for_nurse_completed'], ['wait_message', ['nurse'], 'wait_nurse_to_complete_deposit'], ['operate_drawer', ['close'], 'close_drawer_nurse'], ['navigation', ['Laboratory', [[-38.0, 21.5, 0.0], [-37.0, 21.5], [-37.0, 16.0], [-26.0, 16.0], [-26.0, 13.0, 1.57]]], 'navto_lab'], ['approach_robot', ['lab_arm'], 'approach_arm'], ['operate_drawer', ['open'], 'open_drawer_lab'], ['send_message', ['lab_arm'], 'notify_lab_arm_of_open_drawer_lab_completed'], ['wait_message', ['lab_arm'], 'wait_lab_arm_to_complete_pick_up_sample'], ['operate_drawer', ['close'], 'close_drawer_lab']], 'location': 'IC Room 6', 'name': 'r6', 'position': [-33.9, 18.93, 3.14], 'skills': ['approach_person', 'approach_robot', 'authenticate_person', 'navigation', 'operate_drawer']}, None, None
0.20, [DEBUG], logger, Simulation open, None, None
10.00, [INFO], robot6, {'battery-level': '90.76'}, None, None
10.00, [INFO], robot6, {'y': 18.656, 'x': -34.276, 'yaw': 3.142}, None, None
20.06, [INFO], robot6, {'y': 17.878, 'x': -35.986, 'yaw': 3.141}, None, None
20.06, [INFO], robot6, {'battery-level': '90.38'}, None, None
30.02, [INFO], robot6, {'battery-level': '90.00'}, None, None
30.02, [INFO], robot6, {'y': 19.645, 'x': -36.836, 'yaw': -3.136}, None, None
40.05, [INFO], robot6, {'y': 21.486, 'x': -37.549, 'yaw': -3.141}, None, None
40.05, [INFO], robot6, {'battery-level': '89.62'}, None, None
50.04, [INFO], robot6, {'y': 21.448, 'x': -38.09, 'yaw': -3.137}, None, None
50.04, [INFO], robot6, {'battery-level': '89.24'}, None, None
50.95, [info], nurse, sync, received-request, (status=sending-request)
50.95, [info], nurse, sync, request-sent, (status=waiting)
50.95, [info], nurse, sync, wait-message, (status=message-received)
60.02, [INFO], robot6, {'y': 20.498, 'x': -37.174, 'yaw': 3.141}, None, None
60.02, [INFO], robot6, {'battery-level': '88.86'}, None, None
70.00, [INFO], robot6, {'battery-level': '88.48'}, None, None
70.00, [INFO], robot6, {'y': 18.393, 'x': -37.128, 'yaw': 3.142}, None, None
80.08, [INFO], robot6, {'y': 16.265, 'x': -37.067, 'yaw': 3.14}, None, None
80.08, [INFO], robot6, {'battery-level': '88.10'}, None, None
90.06, [INFO], robot6, {'battery-level': '87.72'}, None, None
90.06, [INFO], robot6, {'y': 15.517, 'x': -35.095, 'yaw': -3.142}, None, None
100.06, [INFO], robot6, {'battery-level': '87.34'}, None, None
100.06, [INFO], robot6, {'y': 15.466, 'x': -32.994, 'yaw': -3.142}, None, None
110.04, [INFO], robot6, {'battery-level': '86.96'}, None, None
110.04, [INFO], robot6, {'y': 15.587, 'x': -30.873, 'yaw': -3.141}, None, None
120.04, [INFO], robot6, {'battery-level': '86.58'}, None, None
120.04, [INFO], robot6, {'y': 15.768, 'x': -28.764, 'yaw': 3.141}, None, None
130.00, [INFO], robot6, {'battery-level': '86.20'}, None, None
130.00, [INFO], robot6, {'y': 15.801, 'x': -26.659, 'yaw': -3.142}, None, None
140.06, [INFO], robot6, {'battery-level': '85.82'}, None, None
140.06, [INFO], robot6, {'y': 14.112, 'x': -25.766, 'yaw': 3.138}, None, None
150.00, [INFO], robot6, {'battery-level': '85.44'}, None, None
150.00, [INFO], robot6, {'y': 12.93, 'x': -25.95, 'yaw': -3.142}, None, None
153.19, [info], lab_arm, sync, wait-message, (status=message-received)
154.09, [WARN], robot6, SUCCESS, None, None
160.07, [INFO], robot6, {'y': 12.926, 'x': -25.948, 'yaw': 3.142}, None, None
160.07, [INFO], robot6, {'battery-level': '85.06'}, None, None
