0.00, [DEBUG], nurse, NURSE_CONFIG={'location': 'IC Room 6', 'position': [-33.9, 18.93, 3.14]}, None, None
0.00, [INFO], robot4, {'battery-level': '48.63'}, None, None
0.12, [DEBUG], logger, ROBOTS_CONFIG={'avg_speed': 0.15, 'battery_charge': 0.4863040833267539, 'battery_discharge_rate': 0.00026000000000000003, 'id': 4, 'local_plan': [['navigation', ['IC Room 6', [[-39.44, 33.95, 0.0], [-37.0, 33.95], [-37.0, 18.93], [-33.9, 18.93, 3.14]]], 'navto_room'], ['approach_person', ['nurse'], 'approach_nurse'], ['authenticate_person', ['nurse'], 'authenticate_nurse'], ['operate_drawer', ['open'], 'open_drawer_for_nurse'], ['send_message', ['nurse'], 'notify_nurse_of_open_drawer_for_nurse_completed'], ['wait_message', ['nurse'], 'wait_nurse_to_complete_deposit'], ['operate_drawer', ['close'], 'close_drawer_nurse'], ['navigation', ['Laboratory', [[-33.9, 18.93, 3.14], [-37.0, 18.93], [-37.0, 16.0], [-26.0, 16.0], [-26.0, 13.0, 1.57]]], 'navto_lab'], ['approach_robot', ['lab_arm'], 'approach_arm'], ['operate_drawer', ['open'], 'open_drawer_lab'], ['send_message', ['lab_arm'], 'notify_lab_arm_of_open_drawer_lab_completed'], ['wait_message', ['lab_arm'], 'wait_lab_arm_to_complete_pick_up_sample'], ['operate_drawer', ['close'], 'close_drawer_lab']], 'location': 'IC Room 4', 'name': 'r4', 'position': [-39.44, 33.95, 0.0], 'skills': ['approach_person', 'approach_robot', 'authenticate_person', 'navigation', 'operate_drawer']}, None, None
0.12, [DEBUG], logger, Simulation open, None, None
10.06, [INFO], robot4, {'y': 34.226, 'x': -38.77, 'yaw': 3.141}, None, None
10.06, [INFO], robot4, {'battery-level': '48.40'}, None, None
20.06, [INFO], robot4, {'battery-level': '48.14'}, None, None
20.06, [INFO], robot4, {'y': 33.918, 'x': -37.084, 'yaw': 3.142}, None, None
30.02, [INFO], robot4, {'battery-level': '47.88'}, None, None
30.02, [INFO], robot4, {'y': 31.817, 'x': -37.077, 'yaw': 3.14}, None, None
40.04, [INFO], robot4, {'battery-level': '47.62'}, None, None
40.04, [INFO], robot4, {'y': 29.693, 'x': -36.988, 'yaw': 3.141}, None, None
50.02, [INFO], robot4, {'battery-level': '47.36'}, None, None
50.02, [INFO], robot4, {'y': 27.588, 'x': -36.997, 'yaw': 3.136}, None, None
60.06, [INFO], robot4, {'battery-level': '47.10'}, None, None
60.06, [INFO], robot4, {'y': 25.465, 'x': -37.015, 'yaw': -3.142}, None, None
70.09, [INFO], robot4, {'battery-level': '46.84'}, None, None
70.09, [INFO], robot4, {'y': 23.351, 'x': -36.995, 'yaw': 3.141}, None, None
80.03, [INFO], robot4, {'y': 21.25, 'x': -37.095, 'yaw': 3.142}, None, None
80.03, [INFO], robot4, {'battery-level': '46.58'}, None, None
90.05, [INFO], robot4, {'battery-level': '46.32'}, None, None
90.05, [INFO], robot4, {'y': 19.128, 'x': -36.963, 'yaw': 3.136}, None, None
100.00, [INFO], robot4, {'y': 17.736, 'x': -35.426, 'yaw': -3.14}, None, None
100.00, [INFO], robot4, {'battery-level': '46.06'}, None, None
110.07, [INFO], robot4, {'battery-level': '45.80'}, None, None
110.07, [INFO], robot4, {'y': 18.864, 'x': -34.015, 'yaw': -3.142}, None, None
118.12, [info], nurse, sync, received-request, (status=sending-request)
118.12, [info], nurse, sync, request-sent, (status=waiting)
118.12, [info], nurse, sync, wait-message, (status=message-received)
120.03, [INFO], robot4, {'y': 18.948, 'x': -34.09, 'yaw': 3.141}, None, None
120.03, [INFO], robot4, {'battery-level': '45.54'}, None, None
130.08, [INFO], robot4, {'battery-level': '45.28'}, None, None
130.08, [INFO], robot4, {'y': 17.775, 'x': -35.687, 'yaw': -3.142}, None, None
140.04, [INFO], robot4, {'y': 18.154, 'x': -36.386, 'yaw': -3.138}, None, None
140.04, [INFO], robot4, {'battery-level': '45.02'}, None, None
150.08, [INFO], robot4, {'battery-level': '44.76'}, None, None
150.08, [INFO], robot4, {'y': 17.356, 'x': -36.879, 'yaw': -3.142}, None, None
160.03, [INFO], robot4, {'battery-level': '44.50'}, None, None
160.03, [INFO], robot4, {'y': 17.239, 'x': -36.968, 'yaw': 3.141}, None, None
170.07, [INFO], robot4, {'y': 17.405, 'x': -36.889, 'yaw': -3.141}, None, None
170.07, [INFO], robot4, {'battery-level': '44.24'}, None, None
180.01, [INFO], robot4, {'battery-level': '43.98'}, None, None
180.01, [INFO], robot4, {'y': 17.252, 'x': -36.893, 'yaw': -3.141}, None, None
190.00, [INFO], robot4, {'y': 17.355, 'x': -37.034, 'yaw': 3.141}, None, None
190.00, [INFO], robot4, {'battery-level': '43.72'}, None, None
200.06, [INFO], robot4, {'y': 17.395, 'x': -37.058, 'yaw': -3.142}, None, None
200.06, [INFO], robot4, {'battery-level': '43.46'}, None, None
210.04, [INFO], robot4, {'battery-level': '43.20'}, None, None
210.04, [INFO], robot4, {'y': 17.255, 'x': -36.841, 'yaw': -3.141}, None, None
220.03, [INFO], robot4, {'y': 17.262, 'x': -36.954, 'yaw': -3.142}, None, None
220.03, [INFO], robot4, {'battery-level': '42.94'}, None, None
230.02, [INFO], robot4, {'y': 17.221, 'x': -36.826, 'yaw': -3.141}, None, None
230.02, [INFO], robot4, {'battery-level': '42.68'}, None, None
240.09, [INFO], robot4, {'battery-level': '42.42'}, None, None
240.09, [INFO], robot4, {'y': 17.16, 'x': -37.058, 'yaw': 3.142}, None, None
250.03, [INFO], robot4, {'y': 17.338, 'x': -36.907, 'yaw': -3.142}, None, None
250.03, [INFO], robot4, {'battery-level': '42.16'}, None, None
260.00, [INFO], robot4, {'y': 17.335, 'x': -36.986, 'yaw': -3.141}, None, None
260.00, [INFO], robot4, {'battery-level': '41.90'}, None, None
270.07, [INFO], robot4, {'battery-level': '41.64'}, None, None
270.07, [INFO], robot4, {'y': 17.343, 'x': -37.015, 'yaw': 3.141}, None, None
280.04, [INFO], robot4, {'y': 17.199, 'x': -36.992, 'yaw': 3.141}, None, None
280.04, [INFO], robot4, {'battery-level': '41.38'}, None, None
290.01, [INFO], robot4, {'battery-level': '41.12'}, None, None
290.01, [INFO], robot4, {'y': 17.5, 'x': -36.811, 'yaw': 3.141}, None, None
300.05, [INFO], robot4, {'battery-level': '40.86'}, None, None
300.05, [INFO], robot4, {'y': 17.344, 'x': -37.075, 'yaw': 3.141}, None, None
308.17, [WARN], robot4, SKILL-FAILURE, navigation, navto_lab
310.09, [INFO], robot4, {'battery-level': '40.60'}, None, None
310.09, [INFO], robot4, {'y': 17.444, 'x': -36.917, 'yaw': -3.142}, None, None
