0.00, [DEBUG], nurse, NURSE_CONFIG={'location': 'IC Room 6', 'position': [-33.9, 18.93, 3.14]}, None, None
0.00, [DEBUG], logger, ROBOTS_CONFIG={'avg_speed': 0.15, 'battery_charge': 0.7258412726774711, 'battery_discharge_rate': 0.00042, 'id': 5, 'local_plan': [['navigation', ['IC Room 6', [[-13.5, 18.0, -1.57], [-13.5, 16.0], [-37.0, 16.0], [-37.0, 18.93], [-33.9, 18.93, 3.14]]], 'navto_room'], ['approach_person', ['nurse'], 'approach_nurse'], ['authenticate_person', ['nurse'], 'authenticate_nurse'], ['operate_drawer', ['open'], 'open_drawer_for_nurse'], ['send_message', ['nurse'], 'notify_nurse_of_open_drawer_for_nurse_completed'], ['wait_message', ['nurse'], 'wait_nurse_to_complete_deposit'], ['operate_drawer', ['close'], 'close_drawer_nurse'], ['navigation', ['Laboratory', [[-33.9, 18.93, 3.14], [-37.0, 18.93], [-37.0, 16.0], [-26.0, 16.0], [-26.0, 13.0, 1.57]]], 'navto_lab'], ['approach_robot', ['lab_arm'], 'approach_arm'], ['operate_drawer', ['open'], 'open_drawer_lab'], ['send_message', ['lab_arm'], 'notify_lab_arm_of_open_drawer_lab_completed'], ['wait_message', ['lab_arm'], 'wait_lab_arm_to_complete_pick_up_sample'], ['operate_drawer', ['close'], 'close_drawer_lab']], 'location': 'PC Room 7', 'name': 'r5', 'position': [-13.5, 18.0, -1.57], 'skills': ['approach_person', 'authenticate_person', 'navigation', 'operate_drawer']}, None, None
0.00, [DEBUG], logger, Simulation open, None, None
10.10, [INFO], robot5, {'battery-level': '72.21'}, None, None
10.10, [INFO], robot5, {'y': 17.6, 'x': -13.499, 'yaw': 3.142}, None, None
20.00, [INFO], robot5, {'battery-level': '71.79'}, None, None
20.00, [INFO], robot5, {'y': 15.991, 'x': -14.199, 'yaw': -3.141}, None, None
30.06, [INFO], robot5, {'y': 15.932, 'x': -16.322, 'yaw': 3.141}, None, None
30.06, [INFO], robot5, {'battery-level': '71.37'}, None, None
40.04, [INFO], robot5, {'battery-level': '70.95'}, None, None
40.04, [INFO], robot5, {'y': 15.989, 'x': -18.421, 'yaw': -3.139}, None, None
50.01, [INFO], robot5, {'battery-level': '70.53'}, None, None
50.01, [INFO], robot5, {'y': 16.121, 'x': -20.528, 'yaw': 3.137}, None, None
60.01, [INFO], robot5, {'battery-level': '70.11'}, None, None
60.01, [INFO], robot5, {'y': 16.085, 'x': -22.637, 'yaw': 3.141}, None, None
70.04, [INFO], robot5, {'battery-level': '69.69'}, None, None
70.04, [INFO], robot5, {'y': 16.042, 'x': -24.75, 'yaw': 3.141}, None, None
80.00, [INFO], robot5, {'battery-level': '69.27'}, None, None
80.00, [INFO], robot5, {'y': 16.043, 'x': -26.842, 'yaw': 3.142}, None, None
90.02, [INFO], robot5, {'battery-level': '68.85'}, None, None
90.02, [INFO], robot5, {'y': 16.142, 'x': -28.942, 'yaw': -3.141}, None, None
100.05, [INFO], robot5, {'battery-level': '68.43'}, None, None
100.05, [INFO], robot5, {'y': 16.021, 'x': -31.062, 'yaw': 3.141}, None, None
110.02, [INFO], robot5, {'battery-level': '68.01'}, None, None
110.02, [INFO], robot5, {'y': 15.736, 'x': -33.167, 'yaw': 3.142}, None, None
120.04, [INFO], robot5, {'y': 15.362, 'x': -35.246, 'yaw': 3.142}, None, None
120.04, [INFO], robot5, {'battery-level': '67.59'}, None, None
130.03, [INFO], robot5, {'battery-level': '67.17'}, None, None
130.03, [INFO], robot5, {'y': 16.335, 'x': -36.856, 'yaw': -3.142}, None, None
140.06, [INFO], robot5, {'y': 17.551, 'x': -36.862, 'yaw': -3.142}, None, None
140.06, [INFO], robot5, {'battery-level': '66.75'}, None, None
150.01, [INFO], robot5, {'battery-level': '66.33'}, None, None
150.01, [INFO], robot5, {'y': 17.551, 'x': -36.862, 'yaw': -3.142}, None, None
160.01, [INFO], robot5, {'battery-level': '65.91'}, None, None
160.01, [INFO], robot5, {'y': 17.629, 'x': -36.886, 'yaw': 3.141}, None, None
170.07, [INFO], robot5, {'battery-level': '65.49'}, None, None
170.07, [INFO], robot5, {'y': 17.65, 'x': -36.842, 'yaw': 3.141}, None, None
180.05, [INFO], robot5, {'battery-level': '65.07'}, None, None
180.05, [INFO], robot5, {'y': 17.65, 'x': -36.843, 'yaw': -3.142}, None, None
190.07, [INFO], robot5, {'y': 17.65, 'x': -36.843, 'yaw': 3.142}, None, None
190.07, [INFO], robot5, {'battery-level': '64.65'}, None, None
200.06, [INFO], robot5, {'y': 17.65, 'x': -36.843, 'yaw': 3.142}, None, None
200.06, [INFO], robot5, {'battery-level': '64.23'}, None, None
210.08, [INFO], robot5, {'y': 17.556, 'x': -37.102, 'yaw': 3.141}, None, None
210.08, [INFO], robot5, {'battery-level': '63.81'}, None, None
220.07, [INFO], robot5, {'battery-level': '63.39'}, None, None
220.07, [INFO], robot5, {'y': 17.701, 'x': -36.999, 'yaw': 3.141}, None, None
230.02, [INFO], robot5, {'battery-level': '62.97'}, None, None
230.02, [INFO], robot5, {'y': 17.701, 'x': -36.999, 'yaw': -3.142}, None, None
240.00, [INFO], robot5, {'y': 17.701, 'x': -37.0, 'yaw': 3.142}, None, None
240.00, [INFO], robot5, {'battery-level': '62.55'}, None, None
250.01, [INFO], robot5, {'y': 17.701, 'x': -37.0, 'yaw': -3.142}, None, None
250.01, [INFO], robot5, {'battery-level': '62.13'}, None, None
260.06, [INFO], robot5, {'battery-level': '61.71'}, None, None
260.06, [INFO], robot5, {'y': 17.72, 'x': -36.998, 'yaw': 3.142}, None, None
270.03, [INFO], robot5, {'battery-level': '61.29'}, None, None
270.03, [INFO], robot5, {'y': 17.72, 'x': -36.998, 'yaw': -3.142}, None, None
273.07, [WARN], robot5, SKILL-FAILURE, navigation, navto_room
280.00, [INFO], robot5, {'y': 17.719, 'x': -36.999, 'yaw': 3.142}, None, None
280.00, [INFO], robot5, {'battery-level': '60.87'}, None, None
