0.00, [INFO], robot3, {'battery-level': '72.32'}, None, None
0.00, [DEBUG], nurse, NURSE_CONFIG={'location': 'IC Room 2', 'position': [-38.0, 21.5, 0.0]}, None, None
0.00, [DEBUG], logger, ROBOTS_CONFIG={'avg_speed': 0.15, 'battery_charge': 0.7232396784987936, 'battery_discharge_rate': 0.0004, 'id': 3, 'local_plan': [['navigation', ['IC Room 2', [[-13.5, 18.0, -1.57], [-13.5, 16.0], [-37.0, 16.0], [-37.0, 21.5], [-38.0, 21.5, 0.0]]], 'navto_room'], ['approach_person', ['nurse'], 'approach_nurse'], ['authenticate_person', ['nurse'], 'authenticate_nurse'], ['operate_drawer', ['open'], 'open_drawer_for_nurse'], ['send_message', ['nurse'], 'notify_nurse_of_open_drawer_for_nurse_completed'], ['wait_message', ['nurse'], 'wait_nurse_to_complete_deposit'], ['operate_drawer', ['close'], 'close_drawer_nurse'], ['navigation', ['Laboratory', [[-38.0, 21.5, 0.0], [-37.0, 21.5], [-37.0, 16.0], [-26.0, 16.0], [-26.0, 13.0, 1.57]]], 'navto_lab'], ['approach_robot', ['lab_arm'], 'approach_arm'], ['operate_drawer', ['open'], 'open_drawer_lab'], ['send_message', ['lab_arm'], 'notify_lab_arm_of_open_drawer_lab_completed'], ['wait_message', ['lab_arm'], 'wait_lab_arm_to_complete_pick_up_sample'], ['operate_drawer', ['close'], 'close_drawer_lab']], 'location': 'PC Room 7', 'name': 'r3', 'position': [-13.5, 18.0, -1.57], 'skills': ['approach_person', 'approach_robot', 'navigation', 'operate_drawer']}, None, None
0.00, [DEBUG], logger, Simulation open, None, None
10.03, [INFO], robot3, {'battery-level': '71.96'}, None, None
10.03, [INFO], robot3, {'y': 17.071, 'x': -13.497, 'yaw': 3.139}, None, None
20.09, [INFO], robot3, {'y': 16.005, 'x': -14.835, 'yaw': 3.142}, None, None
20.09, [INFO], robot3, {'battery-level': '71.56'}, None, None
30.07, [INFO], robot3, {'y': 15.945, 'x': -16.937, 'yaw': 3.14}, None, None
30.07, [INFO], robot3, {'battery-level': '71.16'}, None, None
40.05, [INFO], robot3, {'y': 16.04, 'x': -19.045, 'yaw': 3.142}, None, None
40.05, [INFO], robot3, {'battery-level': '70.76'}, None, None
50.06, [INFO], robot3, {'battery-level': '70.36'}, None, None
50.06, [INFO], robot3, {'y': 16.193, 'x': -21.156, 'yaw': 3.142}, None, None
60.00, [INFO], robot3, {'battery-level': '69.96'}, None, None
60.00, [INFO], robot3, {'y': 16.133, 'x': -23.257, 'yaw': -3.142}, None, None
70.09, [INFO], robot3, {'battery-level': '69.56'}, None, None
70.09, [INFO], robot3, {'y': 16.087, 'x': -25.377, 'yaw': 3.14}, None, None
80.08, [INFO], robot3, {'battery-level': '69.16'}, None, None
80.08, [INFO], robot3, {'y': 16.089, 'x': -27.485, 'yaw': -3.142}, None, None
90.09, [INFO], robot3, {'battery-level': '68.76'}, None, None
90.09, [INFO], robot3, {'y': 16.149, 'x': -29.597, 'yaw': 3.142}, None, None
100.05, [INFO], robot3, {'battery-level': '68.36'}, None, None
100.05, [INFO], robot3, {'y': 15.963, 'x': -31.696, 'yaw': 3.142}, None, None
110.05, [INFO], robot3, {'y': 15.573, 'x': -33.787, 'yaw': 3.142}, None, None
110.05, [INFO], robot3, {'battery-level': '67.96'}, None, None
120.06, [INFO], robot3, {'battery-level': '67.56'}, None, None
120.06, [INFO], robot3, {'y': 15.563, 'x': -35.889, 'yaw': 3.141}, None, None
130.09, [INFO], robot3, {'battery-level': '67.16'}, None, None
130.09, [INFO], robot3, {'y': 17.158, 'x': -36.535, 'yaw': -3.141}, None, None
140.02, [INFO], robot3, {'y': 19.261, 'x': -36.705, 'yaw': 3.138}, None, None
140.02, [INFO], robot3, {'battery-level': '66.76'}, None, None
150.01, [INFO], robot3, {'battery-level': '66.36'}, None, None
150.01, [INFO], robot3, {'y': 21.278, 'x': -37.194, 'yaw': 3.141}, None, None
160.01, [INFO], robot3, {'battery-level': '65.96'}, None, None
160.01, [INFO], robot3, {'y': 21.394, 'x': -38.085, 'yaw': -3.141}, None, None
167.00, [WARN], robot3, NO-SKILL, authenticate_person, authenticate_nurse
170.03, [INFO], robot3, {'y': 21.371, 'x': -38.097, 'yaw': 3.142}, None, None
170.03, [INFO], robot3, {'battery-level': '65.56'}, None, None
