0.00, [DEBUG], nurse, NURSE_CONFIG={'location': 'PC Room 3', 'position': [-28.5, 18.0, -1.57]}, None, None
0.00, [DEBUG], logger, ROBOTS_CONFIG={'avg_speed': 0.15, 'battery_charge': 0.5779176354739738, 'battery_discharge_rate': 0.0006000000000000001, 'id': 2, 'local_plan': [['navigation', ['PC Room 3', [[-21.0, 18.0, -1.57], [-21.0, 16.0], [-28.5, 16.0], [-28.5, 18.0, -1.57]]], 'navto_room'], ['approach_person', ['nurse'], 'approach_nurse'], ['authenticate_person', ['nurse'], 'authenticate_nurse'], ['operate_drawer', ['open'], 'open_drawer_for_nurse'], ['send_message', ['nurse'], 'notify_nurse_of_open_drawer_for_nurse_completed'], ['wait_message', ['nurse'], 'wait_nurse_to_complete_deposit'], ['operate_drawer', ['close'], 'close_drawer_nurse'], ['navigation', ['Laboratory', [[-28.5, 18.0, -1.57], [-28.5, 16.0], [-26.0, 16.0], [-26.0, 13.0, 1.57]]], 'navto_lab'], ['approach_robot', ['lab_arm'], 'approach_arm'], ['operate_drawer', ['open'], 'open_drawer_lab'], ['send_message', ['lab_arm'], 'notify_lab_arm_of_open_drawer_lab_completed'], ['wait_message', ['lab_arm'], 'wait_lab_arm_to_complete_pick_up_sample'], ['operate_drawer', ['close'], 'close_drawer_lab']], 'location': 'PC Room 5', 'name': 'r2', 'position': [-21.0, 18.0, -1.57], 'skills': ['approach_person', 'approach_robot', 'authenticate_person', 'navigation', 'operate_drawer']}, None, None
0.00, [DEBUG], logger, Simulation open, None, None
10.01, [INFO], robot2, {'battery-level': '57.25'}, None, None
10.01, [INFO], robot2, {'y': 17.646, 'x': -20.978, 'yaw': 3.142}, None, None
20.07, [INFO], robot2, {'y': 16.029, 'x': -21.618, 'yaw': 3.142}, None, None
20.07, [INFO], robot2, {'battery-level': '56.65'}, None, None
30.06, [INFO], robot2, {'y': 15.992, 'x': -23.726, 'yaw': 3.142}, None, None
30.06, [INFO], robot2, {'battery-level': '56.05'}, None, None
40.08, [INFO], robot2, {'battery-level': '55.45'}, None, None
40.08, [INFO], robot2, {'y': 15.942, 'x': -25.847, 'yaw': 3.142}, None, None
50.01, [INFO], robot2, {'battery-level': '54.85'}, None, None
50.01, [INFO], robot2, {'y': 15.97, 'x': -27.935, 'yaw': 3.141}, None, None
60.07, [INFO], robot2, {'y': 17.686, 'x': -28.623, 'yaw': -3.142}, None, None
60.07, [INFO], robot2, {'battery-level': '54.25'}, None, None
70.02, [INFO], robot2, {'battery-level': '53.65'}, None, None
70.02, [INFO], robot2, {'y': 17.985, 'x': -28.574, 'yaw': 3.142}, None, None
73.82, [info], nurse, sync, received-request, (status=sending-request)
73.82, [info], nurse, sync, request-sent, (status=waiting)
73.82, [info], nurse, sync, wait-message, (status=message-received)
80.07, [INFO], robot2, {'battery-level': '53.05'}, None, None
80.07, [INFO], robot2, {'y': 16.936, 'x': -28.741, 'yaw': 3.139}, None, None
90.08, [INFO], robot2, {'battery-level': '52.45'}, None, None
90.08, [INFO], robot2, {'y': 16.143, 'x': -27.394, 'yaw': 3.142}, None, None
100.05, [INFO], robot2, {'battery-level': '51.85'}, None, None
100.05, [INFO], robot2, {'y': 15.118, 'x': -25.934, 'yaw': 3.142}, None, None
110.08, [INFO], robot2, {'battery-level': '51.25'}, None, None
110.08, [INFO], robot2, {'y': 13.086, 'x': -25.831, 'yaw': 3.142}, None, None
118.86, [info], lab_arm, sync, wait-message, (status=message-received)
119.84, [WARN], robot2, SUCCESS, None, None
120.01, [INFO], robot2, {'battery-level': '50.65'}, None, None
120.01, [INFO], robot2, {'y': 12.878, 'x': -25.922, 'yaw': 3.142}, None, None
