0.00, [DEBUG], nurse, NURSE_CONFIG={'location': 'PC Room 3', 'position': [-28.5, 18.0, -1.57]}, None, None
0.00, [INFO], robot2, {'battery-level': '57.79'}, None, None
0.19, [DEBUG], logger, ROBOTS_CONFIG={'avg_speed': 0.15, 'battery_charge': 0.5779176354739738, 'battery_discharge_rate': 0.0006000000000000001, 'id': 2, 'local_plan': [['navigation', ['PC Room 3', [[-21.0, 18.0, -1.57], [-21.0, 16.0], [-28.5, 16.0], [-28.5, 18.0, -1.57]]], 'navto_room'], ['approach_person', ['nurse'], 'approach_nurse'], ['authenticate_person', ['nurse'], 'authenticate_nurse'], ['operate_drawer', ['open'], 'open_drawer_for_nurse'], ['send_message', ['nurse'], 'notify_nurse_of_open_drawer_for_nurse_completed'], ['wait_message', ['nurse'], 'wait_nurse_to_complete_deposit'], ['operate_drawer', ['close'], 'close_drawer_nurse'], ['navigation', ['Laboratory', [[-28.5, 18.0, -1.57], [-28.5, 16.0], [-26.0, 16.0], [-26.0, 13.0, 1.57]]], 'navto_lab'], ['approach_robot', ['lab_arm'], 'approach_arm'], ['operate_drawer', ['open'], 'open_drawer_lab'], ['send_message', ['lab_arm'], 'notify_lab_arm_of_open_drawer_lab_completed'], ['wait_message', ['lab_arm'], 'wait_lab_arm_to_complete_pick_up_sample'], ['operate_drawer', ['close'], 'close_drawer_lab']], 'location': 'PC Room 5', 'name': 'r2', 'position': [-21.0, 18.0, -1.57], 'skills': ['approach_person', 'approach_robot', 'authenticate_person', 'navigation', 'operate_drawer']}, None, None
0.19, [DEBUG], logger, Simulation open, None, None
10.04, [INFO], robot2, {'battery-level': '57.25'}, None, None
10.04, [INFO], robot2, {'y': 17.452, 'x': -20.961, 'yaw': -3.141}, None, None
20.00, [INFO], robot2, {'battery-level': '56.65'}, None, None
20.00, [INFO], robot2, {'y': 16.029, 'x': -21.819, 'yaw': -3.141}, None, None
30.03, [INFO], robot2, {'battery-level': '56.05'}, None, None
30.03, [INFO], robot2, {'y': 15.999, 'x': -23.943, 'yaw': 3.141}, None, None
40.07, [INFO], robot2, {'y': 15.992, 'x': -26.064, 'yaw': 3.141}, None, None
40.07, [INFO], robot2, {'battery-level': '55.45'}, None, None
50.08, [INFO], robot2, {'y': 16.038, 'x': -28.175, 'yaw': -3.141}, None, None
50.08, [INFO], robot2, {'battery-level': '54.85'}, None, None
60.07, [INFO], robot2, {'y': 17.821, 'x': -28.611, 'yaw': 3.142}, None, None
60.07, [INFO], robot2, {'battery-level': '54.25'}, None, None
68.05, [info], nurse, sync, received-request, (status=sending-request)
68.05, [info], nurse, sync, request-sent, (status=waiting)
68.05, [info], nurse, sync, wait-message, (status=message-received)
70.02, [INFO], robot2, {'battery-level': '53.65'}, None, None
70.02, [INFO], robot2, {'y': 17.825, 'x': -28.561, 'yaw': 3.142}, None, None
80.05, [INFO], robot2, {'battery-level': '53.05'}, None, None
80.05, [INFO], robot2, {'y': 16.025, 'x': -28.17, 'yaw': -3.142}, None, None
90.04, [INFO], robot2, {'battery-level': '52.45'}, None, None
90.04, [INFO], robot2, {'y': 15.801, 'x': -26.12, 'yaw': 3.137}, None, None
100.08, [INFO], robot2, {'y': 13.715, 'x': -25.697, 'yaw': -3.142}, None, None
100.08, [INFO], robot2, {'battery-level': '51.85'}, None, None
110.03, [INFO], robot2, {'battery-level': '51.25'}, None, None
110.03, [INFO], robot2, {'y': 12.92, 'x': -25.937, 'yaw': -3.142}, None, None
111.01, [info], lab_arm, sync, wait-message, (status=message-received)
111.99, [WARN], robot2, SUCCESS, None, None
