0.00, [DEBUG], nurse, NURSE_CONFIG={'location': 'IC Room 6', 'position': [-33.9, 18.93, 3.14]}, None, None
0.00, [DEBUG], logger, ROBOTS_CONFIG={'avg_speed': 0.15, 'battery_charge': 0.7232396784987936, 'battery_discharge_rate': 0.0004, 'id': 3, 'local_plan': [['navigation', ['IC Room 6', [[-38.0, 21.5, 0.0], [-37.0, 21.5], [-37.0, 18.93], [-33.9, 18.93, 3.14]]], 'navto_room'], ['approach_person', ['nurse'], 'approach_nurse'], ['authenticate_person', ['nurse'], 'authenticate_nurse'], ['operate_drawer', ['open'], 'open_drawer_for_nurse'], ['send_message', ['nurse'], 'notify_nurse_of_open_drawer_for_nurse_completed'], ['wait_message', ['nurse'], 'wait_nurse_to_complete_deposit'], ['operate_drawer', ['close'], 'close_drawer_nurse'], ['navigation', ['Laboratory', [[-33.9, 18.93, 3.14], [-37.0, 18.93], [-37.0, 16.0], [-26.0, 16.0], [-26.0, 13.0, 1.57]]], 'navto_lab'], ['approach_robot', ['lab_arm'], 'approach_arm'], ['operate_drawer', ['open'], 'open_drawer_lab'], ['send_message', ['lab_arm'], 'notify_lab_arm_of_open_drawer_lab_completed'], ['wait_message', ['lab_arm'], 'wait_lab_arm_to_complete_pick_up_sample'], ['operate_drawer', ['close'], 'close_drawer_lab']], 'location': 'IC Room 2', 'name': 'r3', 'position': [-38.0, 21.5, 0.0], 'skills': ['approach_person', 'approach_robot', 'authenticate_person', 'navigation', 'operate_drawer']}, None, None
0.00, [DEBUG], logger, Simulation open, None, None
10.01, [INFO], robot3, {'y': 21.5, 'x': -37.998, 'yaw': -3.141}, None, None
10.01, [INFO], robot3, {'battery-level': '71.96'}, None, None
20.09, [INFO], robot3, {'y': 20.283, 'x': -37.212, 'yaw': 3.141}, None, None
20.09, [INFO], robot3, {'battery-level': '71.56'}, None, None
30.03, [INFO], robot3, {'y': 18.392, 'x': -36.349, 'yaw': -3.142}, None, None
30.03, [INFO], robot3, {'battery-level': '71.16'}, None, None
40.07, [INFO], robot3, {'y': 18.021, 'x': -34.542, 'yaw': 3.138}, None, None
40.07, [INFO], robot3, {'battery-level': '70.76'}, None, None
50.09, [INFO], robot3, {'battery-level': '70.36'}, None, None
50.09, [INFO], robot3, {'y': 18.934, 'x': -33.943, 'yaw': -3.142}, None, None
55.06, [info], nurse, sync, received-request, (status=sending-request)
55.06, [info], nurse, sync, request-sent, (status=waiting)
55.06, [info], nurse, sync, wait-message, (status=message-received)
60.02, [INFO], robot3, {'battery-level': '69.96'}, None, None
60.02, [INFO], robot3, {'y': 18.414, 'x': -34.411, 'yaw': 3.142}, None, None
70.02, [INFO], robot3, {'battery-level': '69.56'}, None, None
70.02, [INFO], robot3, {'y': 17.903, 'x': -36.009, 'yaw': 3.142}, None, None
80.03, [INFO], robot3, {'y': 17.951, 'x': -36.074, 'yaw': -3.142}, None, None
80.03, [INFO], robot3, {'battery-level': '69.16'}, None, None
90.05, [INFO], robot3, {'y': 17.967, 'x': -36.88, 'yaw': 3.141}, None, None
90.05, [INFO], robot3, {'battery-level': '68.76'}, None, None
100.07, [INFO], robot3, {'battery-level': '68.36'}, None, None
100.07, [INFO], robot3, {'y': 17.273, 'x': -37.021, 'yaw': -3.141}, None, None
110.02, [INFO], robot3, {'battery-level': '67.96'}, None, None
110.02, [INFO], robot3, {'y': 17.208, 'x': -36.832, 'yaw': 3.141}, None, None
120.06, [INFO], robot3, {'battery-level': '67.56'}, None, None
120.06, [INFO], robot3, {'y': 17.414, 'x': -37.043, 'yaw': -3.141}, None, None
129.91, [INFO], robot3, {'y': 17.19, 'x': -37.126, 'yaw': -3.142}, None, None
130.00, [INFO], robot3, {'battery-level': '67.16'}, None, None
140.02, [INFO], robot3, {'battery-level': '66.76'}, None, None
140.02, [INFO], robot3, {'y': 17.322, 'x': -36.791, 'yaw': 3.141}, None, None
150.04, [INFO], robot3, {'battery-level': '66.36'}, None, None
150.04, [INFO], robot3, {'y': 17.378, 'x': -36.875, 'yaw': 3.141}, None, None
160.04, [INFO], robot3, {'battery-level': '65.96'}, None, None
160.04, [INFO], robot3, {'y': 17.472, 'x': -36.9, 'yaw': 3.14}, None, None
170.06, [INFO], robot3, {'battery-level': '65.56'}, None, None
170.06, [INFO], robot3, {'y': 17.329, 'x': -37.143, 'yaw': 3.14}, None, None
180.01, [INFO], robot3, {'battery-level': '65.16'}, None, None
180.01, [INFO], robot3, {'y': 17.378, 'x': -36.988, 'yaw': 3.142}, None, None
190.02, [INFO], robot3, {'battery-level': '64.76'}, None, None
190.02, [INFO], robot3, {'y': 17.315, 'x': -37.051, 'yaw': 3.141}, None, None
200.08, [INFO], robot3, {'y': 17.357, 'x': -37.019, 'yaw': -3.141}, None, None
200.08, [INFO], robot3, {'battery-level': '64.36'}, None, None
210.00, [INFO], robot3, {'y': 17.314, 'x': -36.988, 'yaw': -3.141}, None, None
210.00, [INFO], robot3, {'battery-level': '63.96'}, None, None
220.00, [INFO], robot3, {'y': 17.401, 'x': -37.188, 'yaw': -3.142}, None, None
220.00, [INFO], robot3, {'battery-level': '63.56'}, None, None
230.09, [INFO], robot3, {'y': 17.334, 'x': -37.064, 'yaw': -3.142}, None, None
230.09, [INFO], robot3, {'battery-level': '63.16'}, None, None
240.01, [INFO], robot3, {'battery-level': '62.76'}, None, None
240.01, [INFO], robot3, {'y': 17.305, 'x': -36.856, 'yaw': -3.142}, None, None
250.08, [INFO], robot3, {'battery-level': '62.36'}, None, None
250.08, [INFO], robot3, {'y': 17.411, 'x': -37.031, 'yaw': -3.141}, None, None
260.06, [INFO], robot3, {'y': 17.274, 'x': -36.937, 'yaw': 3.14}, None, None
260.06, [INFO], robot3, {'battery-level': '61.96'}, None, None
265.57, [WARN], robot3, SKILL-FAILURE, navigation, navto_lab
270.08, [INFO], robot3, {'battery-level': '61.56'}, None, None
270.08, [INFO], robot3, {'y': 17.277, 'x': -36.786, 'yaw': -3.142}, None, None
