0.00, [DEBUG], nurse, NURSE_CONFIG={'location': 'IC Room 6', 'position': [-33.9, 18.93, 3.14]}, None, None
0.20, [DEBUG], logger, ROBOTS_CONFIG={'avg_speed': 0.15, 'battery_charge': 0.7232396784987936, 'battery_discharge_rate': 0.0004, 'id': 3, 'local_plan': [['navigation', ['IC Room 6', [[-38.0, 21.5, 0.0], [-37.0, 21.5], [-37.0, 18.93], [-33.9, 18.93, 3.14]]], 'navto_room'], ['approach_person', ['nurse'], 'approach_nurse'], ['authenticate_person', ['nurse'], 'authenticate_nurse'], ['operate_drawer', ['open'], 'open_drawer_for_nurse'], ['send_message', ['nurse'], 'notify_nurse_of_open_drawer_for_nurse_completed'], ['wait_message', ['nurse'], 'wait_nurse_to_complete_deposit'], ['operate_drawer', ['close'], 'close_drawer_nurse'], ['navigation', ['Laboratory', [[-33.9, 18.93, 3.14], [-37.0, 18.93], [-37.0, 16.0], [-26.0, 16.0], [-26.0, 13.0, 1.57]]], 'navto_lab'], ['approach_robot', ['lab_arm'], 'approach_arm'], ['operate_drawer', ['open'], 'open_drawer_lab'], ['send_message', ['lab_arm'], 'notify_lab_arm_of_open_drawer_lab_completed'], ['wait_message', ['lab_arm'], 'wait_lab_arm_to_complete_pick_up_sample'], ['operate_drawer', ['close'], 'close_drawer_lab']], 'location': 'IC Room 2', 'name': 'r3', 'position': [-38.0, 21.5, 0.0], 'skills': ['approach_person', 'approach_robot', 'authenticate_person', 'navigation', 'operate_drawer']}, None, None
0.20, [DEBUG], logger, Simulation open, None, None
10.04, [INFO], robot3, {'battery-level': '71.96'}, None, None
10.04, [INFO], robot3, {'y': 21.518, 'x': -37.318, 'yaw': 3.142}, None, None
20.01, [INFO], robot3, {'battery-level': '71.56'}, None, None
20.01, [INFO], robot3, {'y': 19.452, 'x': -37.087, 'yaw': 3.136}, None, None
30.09, [INFO], robot3, {'battery-level': '71.16'}, None, None
30.09, [INFO], robot3, {'y': 17.803, 'x': -35.738, 'yaw': -3.138}, None, None
40.01, [INFO], robot3, {'battery-level': '70.76'}, None, None
40.01, [INFO], robot3, {'y': 18.693, 'x': -34.111, 'yaw': 3.142}, None, None
49.55, [info], nurse, sync, received-request, (status=sending-request)
49.55, [info], nurse, sync, request-sent, (status=waiting)
49.55, [info], nurse, sync, wait-message, (status=message-received)
50.01, [INFO], robot3, {'battery-level': '70.36'}, None, None
50.01, [INFO], robot3, {'y': 18.953, 'x': -33.931, 'yaw': 3.14}, None, None
60.01, [INFO], robot3, {'y': 17.755, 'x': -35.322, 'yaw': 3.142}, None, None
60.01, [INFO], robot3, {'battery-level': '69.96'}, None, None
70.01, [INFO], robot3, {'y': 18.088, 'x': -36.227, 'yaw': -3.136}, None, None
70.01, [INFO], robot3, {'battery-level': '69.56'}, None, None
80.01, [INFO], robot3, {'y': 17.424, 'x': -36.953, 'yaw': 3.141}, None, None
80.01, [INFO], robot3, {'battery-level': '69.16'}, None, None
90.02, [INFO], robot3, {'battery-level': '68.76'}, None, None
90.02, [INFO], robot3, {'y': 17.323, 'x': -36.866, 'yaw': 3.141}, None, None
100.01, [INFO], robot3, {'battery-level': '68.36'}, None, None
100.01, [INFO], robot3, {'y': 17.304, 'x': -36.94, 'yaw': 3.141}, None, None
110.08, [INFO], robot3, {'y': 17.23, 'x': -36.96, 'yaw': -3.141}, None, None
110.08, [INFO], robot3, {'battery-level': '67.96'}, None, None
120.06, [INFO], robot3, {'y': 17.398, 'x': -37.02, 'yaw': 3.141}, None, None
120.06, [INFO], robot3, {'battery-level': '67.56'}, None, None
130.06, [INFO], robot3, {'y': 17.454, 'x': -37.057, 'yaw': 3.141}, None, None
130.06, [INFO], robot3, {'battery-level': '67.16'}, None, None
140.04, [INFO], robot3, {'y': 17.302, 'x': -36.833, 'yaw': -3.141}, None, None
140.04, [INFO], robot3, {'battery-level': '66.76'}, None, None
150.02, [INFO], robot3, {'y': 17.554, 'x': -37.184, 'yaw': 3.142}, None, None
150.02, [INFO], robot3, {'battery-level': '66.36'}, None, None
160.05, [INFO], robot3, {'battery-level': '65.96'}, None, None
160.05, [INFO], robot3, {'y': 17.413, 'x': -36.936, 'yaw': -3.142}, None, None
170.09, [INFO], robot3, {'y': 17.241, 'x': -36.96, 'yaw': -3.142}, None, None
170.09, [INFO], robot3, {'battery-level': '65.56'}, None, None
180.02, [INFO], robot3, {'battery-level': '65.16'}, None, None
180.02, [INFO], robot3, {'y': 17.367, 'x': -37.108, 'yaw': -3.141}, None, None
190.08, [INFO], robot3, {'y': 17.203, 'x': -36.812, 'yaw': -3.141}, None, None
190.08, [INFO], robot3, {'battery-level': '64.76'}, None, None
200.01, [INFO], robot3, {'y': 17.416, 'x': -37.006, 'yaw': -3.141}, None, None
200.01, [INFO], robot3, {'battery-level': '64.36'}, None, None
210.04, [INFO], robot3, {'y': 17.327, 'x': -36.829, 'yaw': 3.141}, None, None
210.04, [INFO], robot3, {'battery-level': '63.96'}, None, None
220.01, [INFO], robot3, {'battery-level': '63.56'}, None, None
220.01, [INFO], robot3, {'y': 17.366, 'x': -36.84, 'yaw': -3.142}, None, None
230.06, [INFO], robot3, {'battery-level': '63.16'}, None, None
230.06, [INFO], robot3, {'y': 17.224, 'x': -36.976, 'yaw': 3.141}, None, None
240.04, [INFO], robot3, {'y': 17.467, 'x': -36.952, 'yaw': -3.142}, None, None
240.04, [INFO], robot3, {'battery-level': '62.76'}, None, None
240.69, [WARN], robot3, SKILL-FAILURE, navigation, navto_lab
