0.19, [DEBUG], logger, ROBOTS_CONFIG={'avg_speed': 0.15, 'battery_charge': 0.3020349930380309, 'battery_discharge_rate': 0.00068, 'id': 1, 'local_plan': [['navigation', ['IC Room 2', [[-27.23, 18.0, -1.57], [-27.23, 16.0], [-37.0, 16.0], [-37.0, 21.5], [-38.0, 21.5, 0.0]]], 'navto_room'], ['approach_person', ['nurse'], 'approach_nurse'], ['authenticate_person', ['nurse'], 'authenticate_nurse'], ['operate_drawer', ['open'], 'open_drawer_for_nurse'], ['send_message', ['nurse'], 'notify_nurse_of_open_drawer_for_nurse_completed'], ['wait_message', ['nurse'], 'wait_nurse_to_complete_deposit'], ['operate_drawer', ['close'], 'close_drawer_nurse'], ['navigation', ['Laboratory', [[-38.0, 21.5, 0.0], [-37.0, 21.5], [-37.0, 16.0], [-26.0, 16.0], [-26.0, 13.0, 1.57]]], 'navto_lab'], ['approach_robot', ['lab_arm'], 'approach_arm'], ['operate_drawer', ['open'], 'open_drawer_lab'], ['send_message', ['lab_arm'], 'notify_lab_arm_of_open_drawer_lab_completed'], ['wait_message', ['lab_arm'], 'wait_lab_arm_to_complete_pick_up_sample'], ['operate_drawer', ['close'], 'close_drawer_lab']], 'location': 'PC Room 4', 'name': 'r1', 'position': [-27.23, 18.0, -1.57], 'skills': ['approach_person', 'approach_robot', 'authenticate_person', 'navigation']}, None, None
0.19, [DEBUG], logger, Simulation open, None, None
10.09, [INFO], robot1, {'battery-level': '29.59'}, None, None
10.09, [INFO], robot1, {'y': 17.213, 'x': -27.105, 'yaw': -3.142}, None, None
20.02, [INFO], robot1, {'y': 16.208, 'x': -28.259, 'yaw': 3.142}, None, None
20.02, [INFO], robot1, {'battery-level': '28.91'}, None, None
30.04, [INFO], robot1, {'y': 16.152, 'x': -30.372, 'yaw': 3.141}, None, None
30.04, [INFO], robot1, {'battery-level': '28.23'}, None, None
40.07, [INFO], robot1, {'battery-level': '27.55'}, None, None
40.07, [INFO], robot1, {'y': 15.88, 'x': -32.487, 'yaw': -3.141}, None, None
50.01, [INFO], robot1, {'battery-level': '26.87'}, None, None
50.01, [INFO], robot1, {'y': 15.365, 'x': -34.549, 'yaw': -3.141}, None, None
60.04, [INFO], robot1, {'y': 15.749, 'x': -36.63, 'yaw': -3.141}, None, None
60.04, [INFO], robot1, {'battery-level': '26.19'}, None, None
70.06, [INFO], robot1, {'battery-level': '25.51'}, None, None
70.06, [INFO], robot1, {'y': 17.854, 'x': -36.695, 'yaw': -3.142}, None, None
80.07, [INFO], robot1, {'battery-level': '24.83'}, None, None
80.07, [INFO], robot1, {'y': 19.965, 'x': -36.801, 'yaw': 3.137}, None, None
90.07, [INFO], robot1, {'battery-level': '24.15'}, None, None
90.07, [INFO], robot1, {'y': 21.413, 'x': -37.874, 'yaw': 3.142}, None, None
100.00, [INFO], robot1, {'y': 21.365, 'x': -38.136, 'yaw': 3.141}, None, None
100.00, [INFO], robot1, {'battery-level': '23.47'}, None, None
103.40, [info], nurse, sync, received-request, (status=sending-request)
103.40, [info], nurse, sync, request-sent, (status=waiting)
103.40, [WARN], robot1, NO-SKILL, operate_drawer, open_drawer_for_nurse
