0.00, [INFO], robot3, {'battery-level': '72.32'}, None, None
0.00, [DEBUG], nurse, NURSE_CONFIG={'location': 'IC Room 6', 'position': [-33.9, 18.93, 3.14]}, None, None
0.00, [DEBUG], logger, ROBOTS_CONFIG={'avg_speed': 0.15, 'battery_charge': 0.7232396784987936, 'battery_discharge_rate': 0.0004, 'id': 3, 'local_plan': [['navigation', ['IC Room 6', [[-38.0, 21.5, 0.0], [-37.0, 21.5], [-37.0, 18.93], [-33.9, 18.93, 3.14]]], 'navto_room'], ['approach_person', ['nurse'], 'approach_nurse'], ['authenticate_person', ['nurse'], 'authenticate_nurse'], ['operate_drawer', ['open'], 'open_drawer_for_nurse'], ['send_message', ['nurse'], 'notify_nurse_of_open_drawer_for_nurse_completed'], ['wait_message', ['nurse'], 'wait_nurse_to_complete_deposit'], ['operate_drawer', ['close'], 'close_drawer_nurse'], ['navigation', ['Laboratory', [[-33.9, 18.93, 3.14], [-37.0, 18.93], [-37.0, 16.0], [-26.0, 16.0], [-26.0, 13.0, 1.57]]], 'navto_lab'], ['approach_robot', ['lab_arm'], 'approach_arm'], ['operate_drawer', ['open'], 'open_drawer_lab'], ['send_message', ['lab_arm'], 'notify_lab_arm_of_open_drawer_lab_completed'], ['wait_message', ['lab_arm'], 'wait_lab_arm_to_complete_pick_up_sample'], ['operate_drawer', ['close'], 'close_drawer_lab']], 'location': 'IC Room 2', 'name': 'r3', 'position': [-38.0, 21.5, 0.0], 'skills': ['approach_person', 'approach_robot', 'authenticate_person', 'navigation', 'operate_drawer']}, None, None
0.00, [DEBUG], logger, Simulation open, None, None
10.01, [INFO], robot3, {'y': 21.462, 'x': -37.296, 'yaw': -3.141}, None, None
10.01, [INFO], robot3, {'battery-level': '71.96'}, None, None
20.08, [INFO], robot3, {'y': 19.367, 'x': -37.113, 'yaw': 3.138}, None, None
20.08, [INFO], robot3, {'battery-level': '71.56'}, None, None
30.07, [INFO], robot3, {'y': 17.784, 'x': -35.709, 'yaw': -3.139}, None, None
30.07, [INFO], robot3, {'battery-level': '71.16'}, None, None
40.07, [INFO], robot3, {'battery-level': '70.76'}, None, None
40.07, [INFO], robot3, {'y': 18.708, 'x': -34.088, 'yaw': -3.142}, None, None
49.69, [info], nurse, sync, received-request, (status=sending-request)
49.69, [info], nurse, sync, request-sent, (status=waiting)
49.69, [info], nurse, sync, wait-message, (status=message-received)
50.06, [INFO], robot3, {'battery-level': '70.36'}, None, None
50.06, [INFO], robot3, {'y': 18.953, 'x': -33.942, 'yaw': 3.141}, None, None
60.01, [INFO], robot3, {'battery-level': '69.96'}, None, None
60.01, [INFO], robot3, {'y': 17.76, 'x': -35.278, 'yaw': -3.138}, None, None
70.02, [INFO], robot3, {'battery-level': '69.56'}, None, None
70.02, [INFO], robot3, {'y': 17.785, 'x': -36.978, 'yaw': -3.142}, None, None
80.03, [INFO], robot3, {'y': 17.284, 'x': -37.076, 'yaw': 3.142}, None, None
80.03, [INFO], robot3, {'battery-level': '69.16'}, None, None
90.03, [INFO], robot3, {'battery-level': '68.76'}, None, None
90.03, [INFO], robot3, {'y': 17.42, 'x': -36.924, 'yaw': 3.14}, None, None
100.02, [INFO], robot3, {'battery-level': '68.36'}, None, None
100.02, [INFO], robot3, {'y': 17.359, 'x': -36.765, 'yaw': -3.142}, None, None
110.05, [INFO], robot3, {'battery-level': '67.96'}, None, None
110.05, [INFO], robot3, {'y': 17.46, 'x': -36.906, 'yaw': -3.141}, None, None
120.08, [INFO], robot3, {'y': 17.451, 'x': -36.873, 'yaw': -3.141}, None, None
120.08, [INFO], robot3, {'battery-level': '67.56'}, None, None
130.09, [INFO], robot3, {'y': 17.266, 'x': -37.056, 'yaw': 3.141}, None, None
130.09, [INFO], robot3, {'battery-level': '67.16'}, None, None
140.04, [INFO], robot3, {'battery-level': '66.76'}, None, None
140.04, [INFO], robot3, {'y': 17.143, 'x': -37.028, 'yaw': 3.141}, None, None
150.01, [INFO], robot3, {'battery-level': '66.36'}, None, None
150.01, [INFO], robot3, {'y': 17.396, 'x': -37.093, 'yaw': 3.141}, None, None
160.07, [INFO], robot3, {'y': 17.235, 'x': -37.073, 'yaw': -3.141}, None, None
160.07, [INFO], robot3, {'battery-level': '65.96'}, None, None
170.09, [INFO], robot3, {'battery-level': '65.56'}, None, None
170.09, [INFO], robot3, {'y': 17.462, 'x': -36.876, 'yaw': 3.141}, None, None
180.00, [INFO], robot3, {'battery-level': '65.16'}, None, None
180.00, [INFO], robot3, {'y': 17.352, 'x': -37.098, 'yaw': 3.141}, None, None
190.02, [INFO], robot3, {'y': 17.299, 'x': -36.951, 'yaw': 3.14}, None, None
190.02, [INFO], robot3, {'battery-level': '64.76'}, None, None
200.05, [INFO], robot3, {'battery-level': '64.36'}, None, None
200.05, [INFO], robot3, {'y': 17.307, 'x': -36.913, 'yaw': 3.141}, None, None
210.08, [INFO], robot3, {'y': 17.203, 'x': -37.036, 'yaw': -3.141}, None, None
210.08, [INFO], robot3, {'battery-level': '63.96'}, None, None
220.09, [INFO], robot3, {'battery-level': '63.56'}, None, None
220.09, [INFO], robot3, {'y': 17.269, 'x': -37.084, 'yaw': -3.141}, None, None
230.09, [INFO], robot3, {'battery-level': '63.16'}, None, None
230.09, [INFO], robot3, {'y': 17.347, 'x': -36.921, 'yaw': 3.141}, None, None
239.75, [WARN], robot3, SKILL-FAILURE, navigation, navto_lab
240.01, [INFO], robot3, {'battery-level': '62.76'}, None, None
240.01, [INFO], robot3, {'y': 17.359, 'x': -37.057, 'yaw': 3.141}, None, None
