0.10, [DEBUG], logger, ROBOTS_CONFIG={'avg_speed': 0.15, 'battery_charge': 0.7232396784987936, 'battery_discharge_rate': 0.0004, 'id': 3, 'local_plan': [['navigation', ['IC Room 6', [[-38.0, 21.5, 0.0], [-37.0, 21.5], [-37.0, 18.93], [-33.9, 18.93, 3.14]]], 'navto_room'], ['approach_person', ['nurse'], 'approach_nurse'], ['authenticate_person', ['nurse'], 'authenticate_nurse'], ['operate_drawer', ['open'], 'open_drawer_for_nurse'], ['send_message', ['nurse'], 'notify_nurse_of_open_drawer_for_nurse_completed'], ['wait_message', ['nurse'], 'wait_nurse_to_complete_deposit'], ['operate_drawer', ['close'], 'close_drawer_nurse'], ['navigation', ['Laboratory', [[-33.9, 18.93, 3.14], [-37.0, 18.93], [-37.0, 16.0], [-26.0, 16.0], [-26.0, 13.0, 1.57]]], 'navto_lab'], ['approach_robot', ['lab_arm'], 'approach_arm'], ['operate_drawer', ['open'], 'open_drawer_lab'], ['send_message', ['lab_arm'], 'notify_lab_arm_of_open_drawer_lab_completed'], ['wait_message', ['lab_arm'], 'wait_lab_arm_to_complete_pick_up_sample'], ['operate_drawer', ['close'], 'close_drawer_lab']], 'location': 'IC Room 2', 'name': 'r3', 'position': [-38.0, 21.5, 0.0], 'skills': ['approach_person', 'approach_robot', 'authenticate_person', 'navigation', 'operate_drawer']}, None, None
0.10, [DEBUG], logger, Simulation open, None, None
10.07, [INFO], robot3, {'battery-level': '71.96'}, None, None
10.07, [INFO], robot3, {'y': 21.487, 'x': -37.285, 'yaw': -3.141}, None, None
20.02, [INFO], robot3, {'y': 19.425, 'x': -37.095, 'yaw': 3.142}, None, None
20.02, [INFO], robot3, {'battery-level': '71.56'}, None, None
30.01, [INFO], robot3, {'y': 17.881, 'x': -35.643, 'yaw': 3.141}, None, None
30.01, [INFO], robot3, {'battery-level': '71.16'}, None, None
40.05, [INFO], robot3, {'y': 18.77, 'x': -34.03, 'yaw': 3.142}, None, None
40.05, [INFO], robot3, {'battery-level': '70.76'}, None, None
49.72, [info], nurse, sync, received-request, (status=sending-request)
49.72, [info], nurse, sync, request-sent, (status=waiting)
49.72, [info], nurse, sync, wait-message, (status=message-received)
50.00, [INFO], robot3, {'battery-level': '70.36'}, None, None
50.00, [INFO], robot3, {'y': 18.953, 'x': -33.93, 'yaw': -3.141}, None, None
60.04, [INFO], robot3, {'y': 17.822, 'x': -35.33, 'yaw': 3.141}, None, None
60.04, [INFO], robot3, {'battery-level': '69.96'}, None, None
70.06, [INFO], robot3, {'y': 17.722, 'x': -36.996, 'yaw': 3.142}, None, None
70.06, [INFO], robot3, {'battery-level': '69.56'}, None, None
80.09, [INFO], robot3, {'y': 17.404, 'x': -36.98, 'yaw': -3.141}, None, None
80.09, [INFO], robot3, {'battery-level': '69.16'}, None, None
90.03, [INFO], robot3, {'y': 17.22, 'x': -36.786, 'yaw': -3.142}, None, None
90.03, [INFO], robot3, {'battery-level': '68.76'}, None, None
100.05, [INFO], robot3, {'battery-level': '68.36'}, None, None
100.05, [INFO], robot3, {'y': 17.28, 'x': -37.038, 'yaw': -3.142}, None, None
110.05, [INFO], robot3, {'battery-level': '67.96'}, None, None
110.05, [INFO], robot3, {'y': 17.203, 'x': -36.973, 'yaw': 3.14}, None, None
120.08, [INFO], robot3, {'battery-level': '67.56'}, None, None
120.08, [INFO], robot3, {'y': 17.249, 'x': -36.796, 'yaw': 3.142}, None, None
130.03, [INFO], robot3, {'y': 17.416, 'x': -36.846, 'yaw': 3.141}, None, None
130.03, [INFO], robot3, {'battery-level': '67.16'}, None, None
140.06, [INFO], robot3, {'battery-level': '66.76'}, None, None
140.06, [INFO], robot3, {'y': 17.477, 'x': -36.897, 'yaw': 3.142}, None, None
150.07, [INFO], robot3, {'y': 17.475, 'x': -37.024, 'yaw': 3.141}, None, None
150.07, [INFO], robot3, {'battery-level': '66.36'}, None, None
160.03, [INFO], robot3, {'battery-level': '65.96'}, None, None
160.03, [INFO], robot3, {'y': 17.269, 'x': -37.047, 'yaw': 3.141}, None, None
170.03, [INFO], robot3, {'battery-level': '65.56'}, None, None
170.03, [INFO], robot3, {'y': 17.615, 'x': -36.684, 'yaw': 3.14}, None, None
180.06, [INFO], robot3, {'battery-level': '65.16'}, None, None
180.06, [INFO], robot3, {'y': 17.315, 'x': -36.751, 'yaw': -3.141}, None, None
190.07, [INFO], robot3, {'battery-level': '64.76'}, None, None
190.07, [INFO], robot3, {'y': 17.325, 'x': -36.91, 'yaw': -3.141}, None, None
200.08, [INFO], robot3, {'y': 17.441, 'x': -36.916, 'yaw': 3.142}, None, None
200.08, [INFO], robot3, {'battery-level': '64.36'}, None, None
210.07, [INFO], robot3, {'y': 17.302, 'x': -36.876, 'yaw': -3.141}, None, None
210.07, [INFO], robot3, {'battery-level': '63.96'}, None, None
220.08, [INFO], robot3, {'y': 17.495, 'x': -37.109, 'yaw': -3.142}, None, None
220.08, [INFO], robot3, {'battery-level': '63.56'}, None, None
230.08, [INFO], robot3, {'y': 17.306, 'x': -36.853, 'yaw': -3.141}, None, None
230.08, [INFO], robot3, {'battery-level': '63.16'}, None, None
235.67, [WARN], robot3, SKILL-FAILURE, navigation, navto_lab
240.09, [INFO], robot3, {'battery-level': '62.76'}, None, None
240.09, [INFO], robot3, {'y': 17.298, 'x': -36.811, 'yaw': -3.142}, None, None
