0.00, [INFO], robot4, {'battery-level': '17.50'}, None, None
0.00, [DEBUG], logger, ROBOTS_CONFIG={'avg_speed': 0.15, 'battery_charge': 0.17496190705907763, 'battery_discharge_rate': 0.0006000000000000001, 'id': 4, 'local_plan': [['navigation', ['IC Room 6', [[-39.44, 33.95, 0.0], [-37.0, 33.95], [-37.0, 18.93], [-33.9, 18.93, 3.14]]], 'navto_room'], ['approach_person', ['nurse'], 'approach_nurse'], ['authenticate_person', ['nurse'], 'authenticate_nurse'], ['operate_drawer', ['open'], 'open_drawer_for_nurse'], ['send_message', ['nurse'], 'notify_nurse_of_open_drawer_for_nurse_completed'], ['wait_message', ['nurse'], 'wait_nurse_to_complete_deposit'], ['operate_drawer', ['close'], 'close_drawer_nurse'], ['navigation', ['Laboratory', [[-33.9, 18.93, 3.14], [-37.0, 18.93], [-37.0, 16.0], [-26.0, 16.0], [-26.0, 13.0, 1.57]]], 'navto_lab'], ['approach_robot', ['lab_arm'], 'approach_arm'], ['operate_drawer', ['open'], 'open_drawer_lab'], ['send_message', ['lab_arm'], 'notify_lab_arm_of_open_drawer_lab_completed'], ['wait_message', ['lab_arm'], 'wait_lab_arm_to_complete_pick_up_sample'], ['operate_drawer', ['close'], 'close_drawer_lab']], 'location': 'IC Room 4', 'name': 'r4', 'position': [-39.44, 33.95, 0.0], 'skills': ['approach_person', 'approach_robot', 'authenticate_person', 'navigation', 'operate_drawer']}, None, None
0.00, [DEBUG], logger, Simulation open, None, None
10.01, [INFO], robot4, {'battery-level': '16.96'}, None, None
10.01, [INFO], robot4, {'y': 34.045, 'x': -39.074, 'yaw': 3.142}, None, None
20.00, [INFO], robot4, {'y': 34.185, 'x': -37.175, 'yaw': 3.141}, None, None
20.00, [INFO], robot4, {'battery-level': '16.36'}, None, None
30.00, [INFO], robot4, {'y': 32.092, 'x': -37.023, 'yaw': 3.141}, None, None
30.00, [INFO], robot4, {'battery-level': '15.76'}, None, None
40.05, [INFO], robot4, {'y': 29.977, 'x': -36.995, 'yaw': 3.141}, None, None
40.05, [INFO], robot4, {'battery-level': '15.16'}, None, None
50.03, [INFO], robot4, {'battery-level': '14.56'}, None, None
50.03, [INFO], robot4, {'y': 27.88, 'x': -36.994, 'yaw': 3.141}, None, None
60.05, [INFO], robot4, {'battery-level': '13.96'}, None, None
60.05, [INFO], robot4, {'y': 25.766, 'x': -36.99, 'yaw': -3.142}, None, None
70.00, [INFO], robot4, {'battery-level': '13.36'}, None, None
70.00, [INFO], robot4, {'y': 23.659, 'x': -37.026, 'yaw': 3.14}, None, None
80.08, [INFO], robot4, {'y': 21.527, 'x': -37.159, 'yaw': 3.142}, None, None
80.08, [INFO], robot4, {'battery-level': '12.76'}, None, None
90.02, [INFO], robot4, {'battery-level': '12.16'}, None, None
90.02, [INFO], robot4, {'y': 19.415, 'x': -37.096, 'yaw': -3.142}, None, None
100.04, [INFO], robot4, {'battery-level': '11.56'}, None, None
100.04, [INFO], robot4, {'y': 17.793, 'x': -35.761, 'yaw': 3.141}, None, None
110.03, [INFO], robot4, {'battery-level': '10.96'}, None, None
110.03, [INFO], robot4, {'y': 18.699, 'x': -34.101, 'yaw': -3.142}, None, None
120.09, [INFO], robot4, {'y': 18.939, 'x': -33.937, 'yaw': 3.141}, None, None
120.09, [INFO], robot4, {'battery-level': '10.36'}, None, None
130.07, [INFO], robot4, {'y': 18.939, 'x': -33.937, 'yaw': -3.142}, None, None
130.07, [INFO], robot4, {'battery-level': '9.76'}, None, None
140.09, [INFO], robot4, {'battery-level': '9.16'}, None, None
140.09, [INFO], robot4, {'y': 18.939, 'x': -33.937, 'yaw': -3.142}, None, None
150.10, [INFO], robot4, {'y': 18.939, 'x': -33.937, 'yaw': -3.142}, None, None
150.10, [INFO], robot4, {'battery-level': '8.56'}, None, None
160.09, [INFO], robot4, {'y': 18.939, 'x': -33.937, 'yaw': 3.142}, None, None
160.09, [INFO], robot4, {'battery-level': '7.96'}, None, None
170.06, [INFO], robot4, {'y': 18.939, 'x': -33.937, 'yaw': -3.142}, None, None
170.06, [INFO], robot4, {'battery-level': '7.36'}, None, None
180.03, [INFO], robot4, {'battery-level': '6.76'}, None, None
180.03, [INFO], robot4, {'y': 18.939, 'x': -33.937, 'yaw': -3.142}, None, None
190.01, [INFO], robot4, {'battery-level': '6.16'}, None, None
190.01, [INFO], robot4, {'y': 18.939, 'x': -33.937, 'yaw': 3.142}, None, None
200.05, [INFO], robot4, {'y': 18.939, 'x': -33.937, 'yaw': 3.142}, None, None
200.05, [INFO], robot4, {'battery-level': '5.56'}, None, None
210.01, [INFO], robot4, {'y': 18.939, 'x': -33.937, 'yaw': 3.142}, None, None
210.01, [WARN], robot4, LOWBATT, None, None
210.01, [WARN], None, end!, None, None
220.09, [INFO], robot4, {'y': 18.939, 'x': -33.937, 'yaw': -3.142}, None, None
230.06, [INFO], robot4, {'y': 18.939, 'x': -33.936, 'yaw': 3.142}, None, None
