0.00, [DEBUG], logger, ROBOTS_CONFIG={'avg_speed': 0.15, 'battery_charge': 0.5408465660492595, 'battery_discharge_rate': 0.00072, 'id': 6, 'local_plan': [['navigation', ['IC Room 6', [[-32.88, 33.98, 3.14], [-37.0, 33.98], [-37.0, 18.93], [-33.9, 18.93, 3.14]]], 'navto_room'], ['approach_person', ['nurse'], 'approach_nurse'], ['authenticate_person', ['nurse'], 'authenticate_nurse'], ['operate_drawer', ['open'], 'open_drawer_for_nurse'], ['send_message', ['nurse'], 'notify_nurse_of_open_drawer_for_nurse_completed'], ['wait_message', ['nurse'], 'wait_nurse_to_complete_deposit'], ['operate_drawer', ['close'], 'close_drawer_nurse'], ['navigation', ['Laboratory', [[-33.9, 18.93, 3.14], [-37.0, 18.93], [-37.0, 16.0], [-26.0, 16.0], [-26.0, 13.0, 1.57]]], 'navto_lab'], ['approach_robot', ['lab_arm'], 'approach_arm'], ['operate_drawer', ['open'], 'open_drawer_lab'], ['send_message', ['lab_arm'], 'notify_lab_arm_of_open_drawer_lab_completed'], ['wait_message', ['lab_arm'], 'wait_lab_arm_to_complete_pick_up_sample'], ['operate_drawer', ['close'], 'close_drawer_lab']], 'location': 'IC Room 5', 'name': 'r6', 'position': [-32.88, 33.98, 3.14], 'skills': ['approach_person', 'approach_robot', 'authenticate_person', 'navigation', 'operate_drawer']}, None, None
0.00, [DEBUG], logger, Simulation open, None, None
10.07, [INFO], robot6, {'battery-level': '53.44'}, None, None
10.07, [INFO], robot6, {'y': 34.217, 'x': -33.474, 'yaw': 3.142}, None, None
20.01, [INFO], robot6, {'y': 34.722, 'x': -35.499, 'yaw': 3.138}, None, None
20.01, [INFO], robot6, {'battery-level': '52.72'}, None, None
30.05, [INFO], robot6, {'y': 33.472, 'x': -37.018, 'yaw': 3.142}, None, None
30.05, [INFO], robot6, {'battery-level': '52.00'}, None, None
40.01, [INFO], robot6, {'y': 31.366, 'x': -36.94, 'yaw': -3.142}, None, None
40.01, [INFO], robot6, {'battery-level': '51.28'}, None, None
50.06, [INFO], robot6, {'y': 29.256, 'x': -36.95, 'yaw': -3.141}, None, None
50.06, [INFO], robot6, {'battery-level': '50.56'}, None, None
60.08, [INFO], robot6, {'y': 27.144, 'x': -36.998, 'yaw': 3.142}, None, None
60.08, [INFO], robot6, {'battery-level': '49.84'}, None, None
70.02, [INFO], robot6, {'y': 25.059, 'x': -36.993, 'yaw': 3.142}, None, None
70.02, [INFO], robot6, {'battery-level': '49.12'}, None, None
80.06, [INFO], robot6, {'y': 22.949, 'x': -37.043, 'yaw': 3.141}, None, None
80.06, [INFO], robot6, {'battery-level': '48.40'}, None, None
90.03, [INFO], robot6, {'battery-level': '47.68'}, None, None
90.03, [INFO], robot6, {'y': 20.851, 'x': -37.195, 'yaw': -3.142}, None, None
100.07, [INFO], robot6, {'y': 18.779, 'x': -36.841, 'yaw': 3.141}, None, None
100.07, [INFO], robot6, {'battery-level': '46.96'}, None, None
110.02, [INFO], robot6, {'y': 17.673, 'x': -35.11, 'yaw': -3.142}, None, None
110.02, [INFO], robot6, {'battery-level': '46.24'}, None, None
120.06, [INFO], robot6, {'battery-level': '45.52'}, None, None
120.06, [INFO], robot6, {'y': 18.906, 'x': -33.971, 'yaw': -3.142}, None, None
128.94, [info], nurse, sync, received-request, (status=sending-request)
128.94, [info], nurse, sync, request-sent, (status=waiting)
128.94, [info], nurse, sync, wait-message, (status=message-received)
130.09, [INFO], robot6, {'battery-level': '44.80'}, None, None
130.09, [INFO], robot6, {'y': 18.967, 'x': -33.952, 'yaw': 3.141}, None, None
140.04, [INFO], robot6, {'battery-level': '44.08'}, None, None
140.04, [INFO], robot6, {'y': 17.756, 'x': -35.467, 'yaw': -3.141}, None, None
150.00, [INFO], robot6, {'y': 17.973, 'x': -36.157, 'yaw': -3.136}, None, None
150.00, [INFO], robot6, {'battery-level': '43.36'}, None, None
160.04, [INFO], robot6, {'y': 17.973, 'x': -36.157, 'yaw': -3.136}, None, None
160.04, [INFO], robot6, {'battery-level': '42.64'}, None, None
170.05, [INFO], robot6, {'battery-level': '41.92'}, None, None
170.05, [INFO], robot6, {'y': 17.785, 'x': -36.525, 'yaw': 3.141}, None, None
180.00, [INFO], robot6, {'y': 17.372, 'x': -37.059, 'yaw': 3.141}, None, None
180.00, [INFO], robot6, {'battery-level': '41.20'}, None, None
190.09, [INFO], robot6, {'battery-level': '40.48'}, None, None
190.09, [INFO], robot6, {'y': 17.272, 'x': -36.943, 'yaw': 3.14}, None, None
200.03, [INFO], robot6, {'battery-level': '39.76'}, None, None
200.03, [INFO], robot6, {'y': 17.582, 'x': -36.786, 'yaw': -3.142}, None, None
210.06, [INFO], robot6, {'battery-level': '39.04'}, None, None
210.06, [INFO], robot6, {'y': 17.3, 'x': -37.13, 'yaw': 3.142}, None, None
220.08, [INFO], robot6, {'y': 17.397, 'x': -36.904, 'yaw': 3.14}, None, None
220.08, [INFO], robot6, {'battery-level': '38.32'}, None, None
230.00, [INFO], robot6, {'battery-level': '37.60'}, None, None
230.00, [INFO], robot6, {'y': 17.417, 'x': -37.045, 'yaw': 3.142}, None, None
240.08, [INFO], robot6, {'battery-level': '36.88'}, None, None
240.08, [INFO], robot6, {'y': 17.322, 'x': -36.817, 'yaw': -3.141}, None, None
250.05, [INFO], robot6, {'battery-level': '36.16'}, None, None
250.05, [INFO], robot6, {'y': 17.483, 'x': -36.863, 'yaw': 3.14}, None, None
260.09, [INFO], robot6, {'battery-level': '35.44'}, None, None
260.09, [INFO], robot6, {'y': 17.177, 'x': -37.033, 'yaw': 3.141}, None, None
270.09, [INFO], robot6, {'battery-level': '34.72'}, None, None
270.09, [INFO], robot6, {'y': 17.265, 'x': -37.077, 'yaw': 3.142}, None, None
280.03, [INFO], robot6, {'y': 17.289, 'x': -37.143, 'yaw': 3.14}, None, None
280.03, [INFO], robot6, {'battery-level': '34.00'}, None, None
290.00, [INFO], robot6, {'battery-level': '33.28'}, None, None
290.00, [INFO], robot6, {'y': 17.266, 'x': -36.96, 'yaw': 3.141}, None, None
300.05, [INFO], robot6, {'y': 17.435, 'x': -36.932, 'yaw': -3.142}, None, None
300.05, [INFO], robot6, {'battery-level': '32.56'}, None, None
310.07, [INFO], robot6, {'y': 17.503, 'x': -36.933, 'yaw': -3.142}, None, None
310.07, [INFO], robot6, {'battery-level': '31.84'}, None, None
318.24, [WARN], robot6, SKILL-FAILURE, navigation, navto_lab
320.01, [INFO], robot6, {'battery-level': '31.12'}, None, None
320.01, [INFO], robot6, {'y': 17.351, 'x': -36.798, 'yaw': 3.142}, None, None
