0.16, [DEBUG], logger, ROBOTS_CONFIG={'avg_speed': 0.15, 'battery_charge': 0.7232396784987936, 'battery_discharge_rate': 0.0004, 'id': 3, 'local_plan': [['navigation', ['IC Room 2', [[-13.5, 18.0, -1.57], [-13.5, 16.0], [-37.0, 16.0], [-37.0, 21.5], [-38.0, 21.5, 0.0]]], 'navto_room'], ['approach_person', ['nurse'], 'approach_nurse'], ['authenticate_person', ['nurse'], 'authenticate_nurse'], ['operate_drawer', ['open'], 'open_drawer_for_nurse'], ['send_message', ['nurse'], 'notify_nurse_of_open_drawer_for_nurse_completed'], ['wait_message', ['nurse'], 'wait_nurse_to_complete_deposit'], ['operate_drawer', ['close'], 'close_drawer_nurse'], ['navigation', ['Laboratory', [[-38.0, 21.5, 0.0], [-37.0, 21.5], [-37.0, 16.0], [-26.0, 16.0], [-26.0, 13.0, 1.57]]], 'navto_lab'], ['approach_robot', ['lab_arm'], 'approach_arm'], ['operate_drawer', ['open'], 'open_drawer_lab'], ['send_message', ['lab_arm'], 'notify_lab_arm_of_open_drawer_lab_completed'], ['wait_message', ['lab_arm'], 'wait_lab_arm_to_complete_pick_up_sample'], ['operate_drawer', ['close'], 'close_drawer_lab']], 'location': 'PC Room 7', 'name': 'r3', 'position': [-13.5, 18.0, -1.57], 'skills': ['approach_person', 'approach_robot', 'authenticate_person', 'navigation', 'operate_drawer']}, None, None
0.16, [DEBUG], logger, Simulation open, None, None
10.05, [INFO], robot3, {'battery-level': '71.96'}, None, None
10.05, [INFO], robot3, {'y': 17.343, 'x': -13.501, 'yaw': 3.142}, None, None
20.05, [INFO], robot3, {'y': 16.071, 'x': -14.535, 'yaw': 3.142}, None, None
20.05, [INFO], robot3, {'battery-level': '71.56'}, None, None
30.04, [INFO], robot3, {'battery-level': '71.16'}, None, None
30.04, [INFO], robot3, {'y': 15.992, 'x': -16.634, 'yaw': 3.14}, None, None
40.02, [INFO], robot3, {'y': 16.112, 'x': -18.741, 'yaw': -3.141}, None, None
40.02, [INFO], robot3, {'battery-level': '70.76'}, None, None
50.08, [INFO], robot3, {'y': 16.281, 'x': -20.858, 'yaw': 3.141}, None, None
50.08, [INFO], robot3, {'battery-level': '70.36'}, None, None
60.05, [INFO], robot3, {'battery-level': '69.96'}, None, None
60.05, [INFO], robot3, {'y': 16.188, 'x': -22.957, 'yaw': 3.142}, None, None
70.03, [INFO], robot3, {'battery-level': '69.56'}, None, None
70.03, [INFO], robot3, {'y': 16.15, 'x': -25.057, 'yaw': 3.141}, None, None
80.07, [INFO], robot3, {'y': 16.135, 'x': -27.177, 'yaw': 3.141}, None, None
80.07, [INFO], robot3, {'battery-level': '69.16'}, None, None
90.06, [INFO], robot3, {'y': 16.199, 'x': -29.279, 'yaw': 3.142}, None, None
90.06, [INFO], robot3, {'battery-level': '68.76'}, None, None
100.04, [INFO], robot3, {'battery-level': '68.36'}, None, None
100.04, [INFO], robot3, {'y': 16.081, 'x': -31.392, 'yaw': 3.14}, None, None
110.04, [INFO], robot3, {'battery-level': '67.96'}, None, None
110.04, [INFO], robot3, {'y': 15.645, 'x': -33.482, 'yaw': 3.142}, None, None
120.05, [INFO], robot3, {'y': 15.458, 'x': -35.575, 'yaw': -3.142}, None, None
120.05, [INFO], robot3, {'battery-level': '67.56'}, None, None
130.05, [INFO], robot3, {'battery-level': '67.16'}, None, None
130.05, [INFO], robot3, {'y': 16.637, 'x': -36.902, 'yaw': -3.142}, None, None
140.05, [INFO], robot3, {'battery-level': '66.76'}, None, None
140.05, [INFO], robot3, {'y': 18.743, 'x': -36.922, 'yaw': -3.142}, None, None
150.07, [INFO], robot3, {'battery-level': '66.36'}, None, None
150.07, [INFO], robot3, {'y': 20.853, 'x': -36.985, 'yaw': 3.136}, None, None
160.00, [INFO], robot3, {'battery-level': '65.96'}, None, None
160.00, [INFO], robot3, {'y': 21.511, 'x': -38.063, 'yaw': 3.142}, None, None
167.44, [info], nurse, sync, received-request, (status=sending-request)
167.44, [info], nurse, sync, request-sent, (status=waiting)
167.52, [info], nurse, sync, wait-message, (status=message-received)
170.00, [INFO], robot3, {'battery-level': '65.56'}, None, None
170.00, [INFO], robot3, {'y': 21.441, 'x': -37.775, 'yaw': 3.141}, None, None
180.08, [INFO], robot3, {'y': 19.739, 'x': -37.162, 'yaw': 3.142}, None, None
180.08, [INFO], robot3, {'battery-level': '65.16'}, None, None
190.03, [INFO], robot3, {'battery-level': '64.76'}, None, None
190.03, [INFO], robot3, {'y': 17.644, 'x': -37.099, 'yaw': -3.142}, None, None
200.03, [INFO], robot3, {'battery-level': '64.36'}, None, None
200.03, [INFO], robot3, {'y': 15.942, 'x': -36.362, 'yaw': -3.142}, None, None
210.04, [INFO], robot3, {'y': 15.337, 'x': -34.299, 'yaw': 3.142}, None, None
210.04, [INFO], robot3, {'battery-level': '63.96'}, None, None
220.04, [INFO], robot3, {'battery-level': '63.56'}, None, None
220.04, [INFO], robot3, {'y': 15.505, 'x': -32.173, 'yaw': -3.142}, None, None
230.06, [INFO], robot3, {'y': 15.552, 'x': -30.059, 'yaw': 3.141}, None, None
230.06, [INFO], robot3, {'battery-level': '63.16'}, None, None
240.07, [INFO], robot3, {'y': 15.774, 'x': -27.941, 'yaw': -3.141}, None, None
240.07, [INFO], robot3, {'battery-level': '62.76'}, None, None
250.08, [INFO], robot3, {'y': 15.227, 'x': -26.09, 'yaw': 3.142}, None, None
250.08, [INFO], robot3, {'battery-level': '62.36'}, None, None
260.06, [INFO], robot3, {'battery-level': '61.96'}, None, None
260.06, [INFO], robot3, {'y': 13.182, 'x': -25.784, 'yaw': 3.142}, None, None
270.06, [INFO], robot3, {'battery-level': '61.56'}, None, None
270.06, [INFO], robot3, {'y': 12.865, 'x': -26.005, 'yaw': 3.141}, None, None
273.10, [info], lab_arm, sync, wait-message, (status=message-received)
274.02, [WARN], robot3, SUCCESS, None, None
280.06, [INFO], robot3, {'y': 12.888, 'x': -25.938, 'yaw': -3.142}, None, None
280.06, [INFO], robot3, {'battery-level': '61.16'}, None, None
