0.00, [DEBUG], logger, ROBOTS_CONFIG={'avg_speed': 0.15, 'battery_charge': 0.5408465660492595, 'battery_discharge_rate': 0.00072, 'id': 6, 'local_plan': [['navigation', ['IC Room 2', [[-33.9, 18.93, 3.14], [-37.0, 18.93], [-37.0, 21.5], [-38.0, 21.5, 0.0]]], 'navto_room'], ['approach_person', ['nurse'], 'approach_nurse'], ['authenticate_person', ['nurse'], 'authenticate_nurse'], ['operate_drawer', ['open'], 'open_drawer_for_nurse'], ['send_message', ['nurse'], 'notify_nurse_of_open_drawer_for_nurse_completed'], ['wait_message', ['nurse'], 'wait_nurse_to_complete_deposit'], ['operate_drawer', ['close'], 'close_drawer_nurse'], ['navigation', ['Laboratory', [[-38.0, 21.5, 0.0], [-37.0, 21.5], [-37.0, 16.0], [-26.0, 16.0], [-26.0, 13.0, 1.57]]], 'navto_lab'], ['approach_robot', ['lab_arm'], 'approach_arm'], ['operate_drawer', ['open'], 'open_drawer_lab'], ['send_message', ['lab_arm'], 'notify_lab_arm_of_open_drawer_lab_completed'], ['wait_message', ['lab_arm'], 'wait_lab_arm_to_complete_pick_up_sample'], ['operate_drawer', ['close'], 'close_drawer_lab']], 'location': 'IC Room 6', 'name': 'r6', 'position': [-33.9, 18.93, 3.14], 'skills': ['approach_person', 'approach_robot', 'authenticate_person', 'navigation', 'operate_drawer']}, None, None
0.00, [DEBUG], logger, Simulation open, None, None
10.04, [INFO], robot6, {'battery-level': '53.44'}, None, None
10.04, [INFO], robot6, {'y': 18.814, 'x': -34.163, 'yaw': 3.141}, None, None
20.05, [INFO], robot6, {'battery-level': '52.72'}, None, None
20.05, [INFO], robot6, {'y': 17.821, 'x': -35.786, 'yaw': 3.137}, None, None
30.01, [INFO], robot6, {'y': 19.418, 'x': -36.922, 'yaw': 3.141}, None, None
30.01, [INFO], robot6, {'battery-level': '52.00'}, None, None
40.03, [INFO], robot6, {'battery-level': '51.28'}, None, None
40.03, [INFO], robot6, {'y': 21.43, 'x': -37.257, 'yaw': -3.142}, None, None
50.10, [INFO], robot6, {'y': 21.47, 'x': -38.077, 'yaw': 3.139}, None, None
50.10, [INFO], robot6, {'battery-level': '50.56'}, None, None
55.79, [info], nurse, sync, received-request, (status=sending-request)
55.79, [info], nurse, sync, request-sent, (status=waiting)
55.79, [info], nurse, sync, wait-message, (status=message-received)
60.05, [INFO], robot6, {'y': 21.351, 'x': -37.423, 'yaw': 3.141}, None, None
60.05, [INFO], robot6, {'battery-level': '49.84'}, None, None
70.03, [INFO], robot6, {'y': 19.321, 'x': -37.122, 'yaw': -3.141}, None, None
70.03, [INFO], robot6, {'battery-level': '49.12'}, None, None
80.08, [INFO], robot6, {'battery-level': '48.40'}, None, None
80.08, [INFO], robot6, {'y': 17.2, 'x': -37.098, 'yaw': 3.14}, None, None
90.10, [INFO], robot6, {'y': 15.785, 'x': -36.035, 'yaw': 3.14}, None, None
90.10, [INFO], robot6, {'battery-level': '47.68'}, None, None
100.05, [INFO], robot6, {'battery-level': '46.96'}, None, None
100.05, [INFO], robot6, {'y': 15.41, 'x': -33.958, 'yaw': 3.142}, None, None
110.05, [INFO], robot6, {'battery-level': '46.24'}, None, None
110.05, [INFO], robot6, {'y': 15.498, 'x': -31.832, 'yaw': -3.142}, None, None
120.08, [INFO], robot6, {'y': 15.612, 'x': -29.716, 'yaw': 3.142}, None, None
120.08, [INFO], robot6, {'battery-level': '45.52'}, None, None
130.09, [INFO], robot6, {'y': 15.697, 'x': -27.585, 'yaw': -3.142}, None, None
130.09, [INFO], robot6, {'battery-level': '44.80'}, None, None
140.09, [INFO], robot6, {'battery-level': '44.08'}, None, None
140.09, [INFO], robot6, {'y': 15.006, 'x': -25.91, 'yaw': 3.142}, None, None
150.03, [INFO], robot6, {'y': 13.012, 'x': -25.826, 'yaw': 3.142}, None, None
150.03, [INFO], robot6, {'battery-level': '43.36'}, None, None
158.49, [info], lab_arm, sync, wait-message, (status=message-received)
159.46, [WARN], robot6, SUCCESS, None, None
160.09, [INFO], robot6, {'y': 12.819, 'x': -25.923, 'yaw': 3.142}, None, None
160.09, [INFO], robot6, {'battery-level': '42.64'}, None, None
170.10, [INFO], robot6, {'y': 12.82, 'x': -25.923, 'yaw': -3.142}, None, None
170.10, [INFO], robot6, {'battery-level': '41.92'}, None, None
