0.00, [DEBUG], nurse, NURSE_CONFIG={'location': 'IC Room 2', 'position': [-38.0, 21.5, 0.0]}, None, None
0.00, [INFO], robot2, {'battery-level': '63.50'}, None, None
0.11, [DEBUG], logger, ROBOTS_CONFIG={'avg_speed': 0.15, 'battery_charge': 0.634952869577942, 'battery_discharge_rate': 0.00054, 'id': 2, 'local_plan': [['navigation', ['IC Room 2', [[-19.0, 18.0, -1.57], [-19.0, 16.0], [-37.0, 16.0], [-37.0, 21.5], [-38.0, 21.5, 0.0]]], 'navto_room'], ['approach_person', ['nurse'], 'approach_nurse'], ['authenticate_person', ['nurse'], 'authenticate_nurse'], ['operate_drawer', ['open'], 'open_drawer_for_nurse'], ['send_message', ['nurse'], 'notify_nurse_of_open_drawer_for_nurse_completed'], ['wait_message', ['nurse'], 'wait_nurse_to_complete_deposit'], ['operate_drawer', ['close'], 'close_drawer_nurse'], ['navigation', ['Laboratory', [[-38.0, 21.5, 0.0], [-37.0, 21.5], [-37.0, 16.0], [-26.0, 16.0], [-26.0, 13.0, 1.57]]], 'navto_lab'], ['approach_robot', ['lab_arm'], 'approach_arm'], ['operate_drawer', ['open'], 'open_drawer_lab'], ['send_message', ['lab_arm'], 'notify_lab_arm_of_open_drawer_lab_completed'], ['wait_message', ['lab_arm'], 'wait_lab_arm_to_complete_pick_up_sample'], ['operate_drawer', ['close'], 'close_drawer_lab']], 'location': 'PC Room 6', 'name': 'r2', 'position': [-19.0, 18.0, -1.57], 'skills': ['approach_person', 'approach_robot', 'authenticate_person', 'navigation', 'operate_drawer']}, None, None
0.11, [DEBUG], logger, Simulation open, None, None
10.09, [INFO], robot2, {'battery-level': '63.01'}, None, None
10.09, [INFO], robot2, {'y': 17.989, 'x': -18.999, 'yaw': 3.141}, None, None
20.02, [INFO], robot2, {'battery-level': '62.47'}, None, None
20.02, [INFO], robot2, {'y': 16.455, 'x': -19.397, 'yaw': -3.141}, None, None
30.01, [INFO], robot2, {'battery-level': '61.93'}, None, None
30.01, [INFO], robot2, {'y': 16.299, 'x': -21.371, 'yaw': 3.142}, None, None
40.05, [INFO], robot2, {'battery-level': '61.39'}, None, None
40.05, [INFO], robot2, {'y': 16.19, 'x': -23.486, 'yaw': 3.141}, None, None
50.04, [INFO], robot2, {'y': 16.108, 'x': -25.601, 'yaw': 3.14}, None, None
50.04, [INFO], robot2, {'battery-level': '60.85'}, None, None
60.08, [INFO], robot2, {'battery-level': '60.31'}, None, None
60.08, [INFO], robot2, {'y': 16.149, 'x': -27.724, 'yaw': -3.142}, None, None
70.02, [INFO], robot2, {'battery-level': '59.77'}, None, None
70.02, [INFO], robot2, {'y': 16.21, 'x': -29.82, 'yaw': 3.141}, None, None
80.09, [INFO], robot2, {'y': 16.003, 'x': -31.944, 'yaw': -3.142}, None, None
80.09, [INFO], robot2, {'battery-level': '59.23'}, None, None
90.07, [INFO], robot2, {'y': 15.5, 'x': -34.028, 'yaw': 3.141}, None, None
90.07, [INFO], robot2, {'battery-level': '58.69'}, None, None
100.02, [INFO], robot2, {'battery-level': '58.15'}, None, None
100.02, [INFO], robot2, {'y': 15.562, 'x': -36.116, 'yaw': -3.142}, None, None
110.08, [INFO], robot2, {'y': 17.223, 'x': -36.838, 'yaw': -3.142}, None, None
110.08, [INFO], robot2, {'battery-level': '57.61'}, None, None
120.04, [INFO], robot2, {'battery-level': '57.07'}, None, None
120.04, [INFO], robot2, {'y': 19.315, 'x': -36.896, 'yaw': 3.141}, None, None
130.07, [INFO], robot2, {'battery-level': '56.53'}, None, None
130.07, [INFO], robot2, {'y': 21.341, 'x': -37.25, 'yaw': 3.142}, None, None
140.04, [INFO], robot2, {'battery-level': '55.99'}, None, None
140.04, [INFO], robot2, {'y': 21.465, 'x': -38.078, 'yaw': 3.14}, None, None
147.09, [info], nurse, sync, received-request, (status=sending-request)
147.09, [info], nurse, sync, request-sent, (status=waiting)
147.19, [info], nurse, sync, wait-message, (status=message-received)
150.03, [INFO], robot2, {'y': 21.388, 'x': -37.742, 'yaw': -3.141}, None, None
150.03, [INFO], robot2, {'battery-level': '55.45'}, None, None
160.10, [INFO], robot2, {'y': 19.579, 'x': -37.175, 'yaw': 3.138}, None, None
160.10, [INFO], robot2, {'battery-level': '54.91'}, None, None
170.09, [INFO], robot2, {'y': 17.466, 'x': -37.103, 'yaw': 3.142}, None, None
170.09, [INFO], robot2, {'battery-level': '54.37'}, None, None
180.07, [INFO], robot2, {'battery-level': '53.83'}, None, None
180.07, [INFO], robot2, {'y': 15.936, 'x': -36.163, 'yaw': -3.142}, None, None
190.05, [INFO], robot2, {'y': 15.335, 'x': -34.136, 'yaw': -3.142}, None, None
190.05, [INFO], robot2, {'battery-level': '53.29'}, None, None
200.02, [INFO], robot2, {'battery-level': '52.75'}, None, None
200.02, [INFO], robot2, {'y': 15.543, 'x': -32.014, 'yaw': -3.141}, None, None
210.04, [INFO], robot2, {'y': 15.676, 'x': -29.9, 'yaw': 3.141}, None, None
210.04, [INFO], robot2, {'battery-level': '52.21'}, None, None
220.08, [INFO], robot2, {'battery-level': '51.67'}, None, None
220.08, [INFO], robot2, {'y': 15.831, 'x': -27.778, 'yaw': 3.14}, None, None
230.09, [INFO], robot2, {'battery-level': '51.13'}, None, None
230.09, [INFO], robot2, {'y': 15.092, 'x': -26.044, 'yaw': 3.142}, None, None
240.03, [INFO], robot2, {'battery-level': '50.59'}, None, None
240.03, [INFO], robot2, {'y': 13.088, 'x': -25.848, 'yaw': -3.142}, None, None
248.31, [info], lab_arm, sync, wait-message, (status=message-received)
249.29, [WARN], robot2, SUCCESS, None, None
250.04, [INFO], robot2, {'battery-level': '50.05'}, None, None
250.04, [INFO], robot2, {'y': 12.872, 'x': -25.987, 'yaw': -3.142}, None, None
260.03, [INFO], robot2, {'y': 12.872, 'x': -25.987, 'yaw': -3.142}, None, None
260.03, [INFO], robot2, {'battery-level': '49.51'}, None, None
