0.00, [DEBUG], logger, ROBOTS_CONFIG={'avg_speed': 0.15, 'battery_charge': 0.5408465660492595, 'battery_discharge_rate': 0.00072, 'id': 6, 'local_plan': [['navigation', ['PC Room 3', [[-27.23, 18.0, -1.57], [-27.23, 16.0], [-28.5, 16.0], [-28.5, 18.0, -1.57]]], 'navto_room'], ['approach_person', ['nurse'], 'approach_nurse'], ['authenticate_person', ['nurse'], 'authenticate_nurse'], ['operate_drawer', ['open'], 'open_drawer_for_nurse'], ['send_message', ['nurse'], 'notify_nurse_of_open_drawer_for_nurse_completed'], ['wait_message', ['nurse'], 'wait_nurse_to_complete_deposit'], ['operate_drawer', ['close'], 'close_drawer_nurse'], ['navigation', ['Laboratory', [[-28.5, 18.0, -1.57], [-28.5, 16.0], [-26.0, 16.0], [-26.0, 13.0, 1.57]]], 'navto_lab'], ['approach_robot', ['lab_arm'], 'approach_arm'], ['operate_drawer', ['open'], 'open_drawer_lab'], ['send_message', ['lab_arm'], 'notify_lab_arm_of_open_drawer_lab_completed'], ['wait_message', ['lab_arm'], 'wait_lab_arm_to_complete_pick_up_sample'], ['operate_drawer', ['close'], 'close_drawer_lab']], 'location': 'PC Room 4', 'name': 'r6', 'position': [-27.23, 18.0, -1.57], 'skills': ['approach_person', 'approach_robot', 'authenticate_person', 'navigation', 'operate_drawer']}, None, None
0.00, [DEBUG], logger, Simulation open, None, None
10.09, [INFO], robot6, {'battery-level': '53.44'}, None, None
10.09, [INFO], robot6, {'y': 18.135, 'x': -27.232, 'yaw': 3.141}, None, None
20.04, [INFO], robot6, {'y': 18.289, 'x': -27.238, 'yaw': -3.141}, None, None
20.04, [INFO], robot6, {'battery-level': '52.72'}, None, None
30.00, [INFO], robot6, {'y': 18.289, 'x': -27.237, 'yaw': -3.142}, None, None
30.00, [INFO], robot6, {'battery-level': '52.00'}, None, None
40.05, [INFO], robot6, {'battery-level': '51.28'}, None, None
40.05, [INFO], robot6, {'y': 18.289, 'x': -27.236, 'yaw': -3.142}, None, None
50.03, [INFO], robot6, {'y': 18.289, 'x': -27.236, 'yaw': 3.142}, None, None
50.03, [INFO], robot6, {'battery-level': '50.56'}, None, None
60.01, [INFO], robot6, {'battery-level': '49.84'}, None, None
60.01, [INFO], robot6, {'y': 18.289, 'x': -27.236, 'yaw': -3.142}, None, None
70.08, [INFO], robot6, {'y': 18.289, 'x': -27.236, 'yaw': -3.142}, None, None
70.08, [INFO], robot6, {'battery-level': '49.12'}, None, None
80.04, [INFO], robot6, {'battery-level': '48.40'}, None, None
80.04, [INFO], robot6, {'y': 18.289, 'x': -27.236, 'yaw': -3.142}, None, None
90.01, [INFO], robot6, {'battery-level': '47.68'}, None, None
90.01, [INFO], robot6, {'y': 18.289, 'x': -27.235, 'yaw': 3.142}, None, None
100.09, [INFO], robot6, {'y': 18.289, 'x': -27.235, 'yaw': -3.142}, None, None
100.09, [INFO], robot6, {'battery-level': '46.96'}, None, None
110.08, [INFO], robot6, {'y': 18.289, 'x': -27.235, 'yaw': 3.142}, None, None
110.08, [INFO], robot6, {'battery-level': '46.24'}, None, None
120.03, [INFO], robot6, {'y': 18.289, 'x': -27.235, 'yaw': -3.142}, None, None
120.03, [INFO], robot6, {'battery-level': '45.52'}, None, None
130.01, [INFO], robot6, {'y': 18.289, 'x': -27.235, 'yaw': 3.142}, None, None
130.01, [INFO], robot6, {'battery-level': '44.80'}, None, None
140.08, [INFO], robot6, {'y': 18.289, 'x': -27.236, 'yaw': -3.142}, None, None
140.08, [INFO], robot6, {'battery-level': '44.08'}, None, None
150.02, [INFO], robot6, {'battery-level': '43.36'}, None, None
150.02, [INFO], robot6, {'y': 18.289, 'x': -27.236, 'yaw': -3.142}, None, None
160.08, [INFO], robot6, {'y': 18.289, 'x': -27.236, 'yaw': 3.142}, None, None
160.08, [INFO], robot6, {'battery-level': '42.64'}, None, None
170.01, [INFO], robot6, {'battery-level': '41.92'}, None, None
170.01, [INFO], robot6, {'y': 18.289, 'x': -27.236, 'yaw': 3.142}, None, None
180.09, [INFO], robot6, {'battery-level': '41.20'}, None, None
180.09, [INFO], robot6, {'y': 18.289, 'x': -27.236, 'yaw': 3.142}, None, None
190.06, [INFO], robot6, {'battery-level': '40.48'}, None, None
190.06, [INFO], robot6, {'y': 18.289, 'x': -27.236, 'yaw': -3.142}, None, None
200.01, [INFO], robot6, {'y': 18.289, 'x': -27.236, 'yaw': -3.142}, None, None
200.01, [INFO], robot6, {'battery-level': '39.76'}, None, None
210.08, [INFO], robot6, {'y': 18.289, 'x': -27.236, 'yaw': 3.142}, None, None
210.08, [INFO], robot6, {'battery-level': '39.04'}, None, None
220.06, [INFO], robot6, {'battery-level': '38.32'}, None, None
220.06, [INFO], robot6, {'y': 18.289, 'x': -27.236, 'yaw': -3.142}, None, None
230.02, [INFO], robot6, {'battery-level': '37.60'}, None, None
230.02, [INFO], robot6, {'y': 18.289, 'x': -27.236, 'yaw': -3.142}, None, None
240.08, [INFO], robot6, {'y': 18.289, 'x': -27.236, 'yaw': 3.142}, None, None
240.08, [INFO], robot6, {'battery-level': '36.88'}, None, None
250.03, [INFO], robot6, {'battery-level': '36.16'}, None, None
250.03, [INFO], robot6, {'y': 18.289, 'x': -27.236, 'yaw': -3.142}, None, None
260.09, [INFO], robot6, {'battery-level': '35.44'}, None, None
260.09, [INFO], robot6, {'y': 18.289, 'x': -27.236, 'yaw': -3.142}, None, None
270.07, [INFO], robot6, {'y': 18.289, 'x': -27.236, 'yaw': -3.142}, None, None
270.07, [INFO], robot6, {'battery-level': '34.72'}, None, None
280.03, [INFO], robot6, {'battery-level': '34.00'}, None, None
280.03, [INFO], robot6, {'y': 18.289, 'x': -27.236, 'yaw': 3.142}, None, None
290.06, [INFO], robot6, {'battery-level': '33.28'}, None, None
290.06, [INFO], robot6, {'y': 18.289, 'x': -27.236, 'yaw': -3.142}, None, None
300.01, [INFO], robot6, {'battery-level': '32.56'}, None, None
300.01, [INFO], robot6, {'y': 18.289, 'x': -27.236, 'yaw': 3.142}, None, None
310.06, [INFO], robot6, {'y': 18.289, 'x': -27.236, 'yaw': 3.142}, None, None
310.06, [INFO], robot6, {'battery-level': '31.84'}, None, None
320.02, [INFO], robot6, {'y': 18.289, 'x': -27.236, 'yaw': -3.142}, None, None
320.02, [INFO], robot6, {'battery-level': '31.12'}, None, None
330.07, [INFO], robot6, {'battery-level': '30.40'}, None, None
330.07, [INFO], robot6, {'y': 18.289, 'x': -27.236, 'yaw': -3.142}, None, None
340.04, [INFO], robot6, {'y': 18.289, 'x': -27.236, 'yaw': 3.142}, None, None
340.04, [INFO], robot6, {'battery-level': '29.68'}, None, None
350.02, [INFO], robot6, {'y': 18.289, 'x': -27.236, 'yaw': -3.142}, None, None
350.02, [INFO], robot6, {'battery-level': '28.96'}, None, None
360.08, [INFO], robot6, {'battery-level': '28.24'}, None, None
360.08, [INFO], robot6, {'y': 18.289, 'x': -27.236, 'yaw': 3.142}, None, None
370.06, [INFO], robot6, {'battery-level': '27.52'}, None, None
370.06, [INFO], robot6, {'y': 18.289, 'x': -27.236, 'yaw': -3.142}, None, None
380.01, [INFO], robot6, {'battery-level': '26.80'}, None, None
380.01, [INFO], robot6, {'y': 18.289, 'x': -27.236, 'yaw': -3.142}, None, None
390.08, [INFO], robot6, {'battery-level': '26.08'}, None, None
390.08, [INFO], robot6, {'y': 18.289, 'x': -27.236, 'yaw': 3.142}, None, None
400.05, [INFO], robot6, {'y': 18.289, 'x': -27.236, 'yaw': -3.142}, None, None
400.05, [INFO], robot6, {'battery-level': '25.36'}, None, None
410.01, [INFO], robot6, {'y': 18.289, 'x': -27.236, 'yaw': 3.142}, None, None
410.01, [INFO], robot6, {'battery-level': '24.64'}, None, None
420.06, [INFO], robot6, {'y': 18.289, 'x': -27.236, 'yaw': 3.142}, None, None
420.06, [INFO], robot6, {'battery-level': '23.92'}, None, None
430.00, [INFO], robot6, {'battery-level': '23.20'}, None, None
430.00, [INFO], robot6, {'y': 18.289, 'x': -27.236, 'yaw': -3.142}, None, None
440.08, [INFO], robot6, {'battery-level': '22.48'}, None, None
440.08, [INFO], robot6, {'y': 18.289, 'x': -27.236, 'yaw': -3.142}, None, None
450.05, [INFO], robot6, {'y': 18.289, 'x': -27.236, 'yaw': 3.142}, None, None
450.05, [INFO], robot6, {'battery-level': '21.76'}, None, None
460.00, [INFO], robot6, {'battery-level': '21.04'}, None, None
460.00, [INFO], robot6, {'y': 18.289, 'x': -27.236, 'yaw': -3.142}, None, None
470.08, [INFO], robot6, {'battery-level': '20.32'}, None, None
470.08, [INFO], robot6, {'y': 18.289, 'x': -27.236, 'yaw': -3.142}, None, None
480.02, [INFO], robot6, {'y': 18.289, 'x': -27.237, 'yaw': -3.142}, None, None
480.02, [INFO], robot6, {'battery-level': '19.60'}, None, None
490.08, [INFO], robot6, {'battery-level': '18.88'}, None, None
490.08, [INFO], robot6, {'y': 18.289, 'x': -27.237, 'yaw': 3.142}, None, None
500.04, [INFO], robot6, {'y': 18.289, 'x': -27.237, 'yaw': -3.142}, None, None
500.04, [INFO], robot6, {'battery-level': '18.16'}, None, None
510.01, [INFO], robot6, {'battery-level': '17.44'}, None, None
510.01, [INFO], robot6, {'y': 18.289, 'x': -27.237, 'yaw': 3.142}, None, None
520.07, [INFO], robot6, {'battery-level': '16.72'}, None, None
520.07, [INFO], robot6, {'y': 18.289, 'x': -27.237, 'yaw': 3.142}, None, None
530.00, [INFO], robot6, {'y': 18.289, 'x': -27.237, 'yaw': 3.142}, None, None
530.00, [INFO], robot6, {'battery-level': '16.00'}, None, None
540.02, [INFO], robot6, {'battery-level': '15.28'}, None, None
540.02, [INFO], robot6, {'y': 18.289, 'x': -27.237, 'yaw': -3.142}, None, None
550.01, [INFO], robot6, {'y': 18.289, 'x': -27.237, 'yaw': 3.142}, None, None
550.01, [INFO], robot6, {'battery-level': '14.56'}, None, None
560.07, [INFO], robot6, {'y': 18.289, 'x': -27.237, 'yaw': -3.142}, None, None
560.07, [INFO], robot6, {'battery-level': '13.84'}, None, None
570.02, [INFO], robot6, {'battery-level': '13.12'}, None, None
570.02, [INFO], robot6, {'y': 18.289, 'x': -27.237, 'yaw': 3.142}, None, None
580.08, [INFO], robot6, {'y': 18.289, 'x': -27.237, 'yaw': 3.142}, None, None
580.08, [INFO], robot6, {'battery-level': '12.40'}, None, None
590.03, [INFO], robot6, {'y': 18.289, 'x': -27.237, 'yaw': -3.142}, None, None
590.03, [INFO], robot6, {'battery-level': '11.68'}, None, None
600.08, [INFO], robot6, {'y': 18.289, 'x': -27.237, 'yaw': -3.142}, None, None
600.08, [INFO], robot6, {'battery-level': '10.96'}, None, None
610.04, [INFO], robot6, {'y': 18.289, 'x': -27.237, 'yaw': 3.142}, None, None
610.04, [INFO], robot6, {'battery-level': '10.24'}, None, None
620.00, [INFO], robot6, {'y': 18.289, 'x': -27.237, 'yaw': -3.142}, None, None
620.00, [INFO], robot6, {'battery-level': '9.52'}, None, None
630.05, [INFO], robot6, {'battery-level': '8.80'}, None, None
630.05, [INFO], robot6, {'y': 18.289, 'x': -27.237, 'yaw': 3.142}, None, None
640.00, [INFO], robot6, {'battery-level': '8.08'}, None, None
640.00, [INFO], robot6, {'y': 18.289, 'x': -27.237, 'yaw': 3.142}, None, None
650.07, [INFO], robot6, {'y': 18.289, 'x': -27.237, 'yaw': -3.142}, None, None
650.07, [INFO], robot6, {'battery-level': '7.36'}, None, None
660.03, [INFO], robot6, {'y': 18.289, 'x': -27.237, 'yaw': 3.142}, None, None
660.03, [INFO], robot6, {'battery-level': '6.64'}, None, None
670.00, [INFO], robot6, {'y': 18.289, 'x': -27.237, 'yaw': 3.142}, None, None
670.00, [INFO], robot6, {'battery-level': '5.92'}, None, None
680.08, [INFO], robot6, {'y': 18.289, 'x': -27.237, 'yaw': -3.142}, None, None
680.08, [INFO], robot6, {'battery-level': '5.20'}, None, None
683.08, [WARN], robot6, LOWBATT, None, None
683.08, [WARN], None, end!, None, None
690.04, [INFO], robot6, {'y': 18.289, 'x': -27.237, 'yaw': -3.142}, None, None
