0.00, [INFO], robot2, {'battery-level': '63.50'}, None, None
0.18, [DEBUG], logger, ROBOTS_CONFIG={'avg_speed': 0.15, 'battery_charge': 0.634952869577942, 'battery_discharge_rate': 0.00026000000000000003, 'id': 2, 'local_plan': [['navigation', ['IC Room 2', [[-19.0, 18.0, -1.57], [-19.0, 16.0], [-37.0, 16.0], [-37.0, 21.5], [-38.0, 21.5, 0.0]]], 'navto_room'], ['approach_person', ['nurse'], 'approach_nurse'], ['authenticate_person', ['nurse'], 'authenticate_nurse'], ['operate_drawer', ['open'], 'open_drawer_for_nurse'], ['send_message', ['nurse'], 'notify_nurse_of_open_drawer_for_nurse_completed'], ['wait_message', ['nurse'], 'wait_nurse_to_complete_deposit'], ['operate_drawer', ['close'], 'close_drawer_nurse'], ['navigation', ['Laboratory', [[-38.0, 21.5, 0.0], [-37.0, 21.5], [-37.0, 16.0], [-26.0, 16.0], [-26.0, 13.0, 1.57]]], 'navto_lab'], ['approach_robot', ['lab_arm'], 'approach_arm'], ['operate_drawer', ['open'], 'open_drawer_lab'], ['send_message', ['lab_arm'], 'notify_lab_arm_of_open_drawer_lab_completed'], ['wait_message', ['lab_arm'], 'wait_lab_arm_to_complete_pick_up_sample'], ['operate_drawer', ['close'], 'close_drawer_lab']], 'location': 'PC Room 6', 'name': 'r2', 'position': [-19.0, 18.0, -1.57], 'skills': ['approach_person', 'approach_robot', 'authenticate_person', 'navigation', 'operate_drawer']}, None, None
0.18, [DEBUG], logger, Simulation open, None, None
10.01, [INFO], robot2, {'y': 17.694, 'x': -19.088, 'yaw': 3.142}, None, None
10.01, [INFO], robot2, {'battery-level': '63.26'}, None, None
20.07, [INFO], robot2, {'battery-level': '63.00'}, None, None
20.07, [INFO], robot2, {'y': 16.122, 'x': -20.045, 'yaw': -3.138}, None, None
30.03, [INFO], robot2, {'battery-level': '62.74'}, None, None
30.03, [INFO], robot2, {'y': 16.207, 'x': -22.162, 'yaw': 3.142}, None, None
40.00, [INFO], robot2, {'battery-level': '62.48'}, None, None
40.00, [INFO], robot2, {'y': 16.174, 'x': -24.258, 'yaw': 3.141}, None, None
50.08, [INFO], robot2, {'battery-level': '62.22'}, None, None
50.08, [INFO], robot2, {'y': 16.099, 'x': -26.389, 'yaw': 3.142}, None, None
60.05, [INFO], robot2, {'y': 16.157, 'x': -28.509, 'yaw': -3.142}, None, None
60.05, [INFO], robot2, {'battery-level': '61.96'}, None, None
69.92, [INFO], robot2, {'y': 16.149, 'x': -30.621, 'yaw': 3.142}, None, None
70.02, [INFO], robot2, {'battery-level': '61.70'}, None, None
80.08, [INFO], robot2, {'battery-level': '61.44'}, None, None
80.08, [INFO], robot2, {'y': 15.86, 'x': -32.754, 'yaw': -3.141}, None, None
90.01, [INFO], robot2, {'battery-level': '61.18'}, None, None
90.01, [INFO], robot2, {'y': 15.387, 'x': -34.824, 'yaw': -3.142}, None, None
100.03, [INFO], robot2, {'battery-level': '60.92'}, None, None
100.03, [INFO], robot2, {'y': 15.988, 'x': -36.735, 'yaw': 3.141}, None, None
110.04, [INFO], robot2, {'y': 18.12, 'x': -36.712, 'yaw': -3.142}, None, None
110.04, [INFO], robot2, {'battery-level': '60.66'}, None, None
120.05, [INFO], robot2, {'battery-level': '60.40'}, None, None
120.05, [INFO], robot2, {'y': 20.238, 'x': -36.83, 'yaw': 3.141}, None, None
130.00, [INFO], robot2, {'y': 21.504, 'x': -37.948, 'yaw': 3.141}, None, None
130.00, [INFO], robot2, {'battery-level': '60.14'}, None, None
138.95, [info], nurse, sync, received-request, (status=sending-request)
138.95, [info], nurse, sync, request-sent, (status=waiting)
138.95, [info], nurse, sync, wait-message, (status=message-received)
140.01, [INFO], robot2, {'battery-level': '59.88'}, None, None
140.01, [INFO], robot2, {'y': 21.437, 'x': -38.084, 'yaw': 3.141}, None, None
150.07, [INFO], robot2, {'y': 20.007, 'x': -37.166, 'yaw': -3.14}, None, None
150.07, [INFO], robot2, {'battery-level': '59.62'}, None, None
160.02, [INFO], robot2, {'battery-level': '59.36'}, None, None
160.02, [INFO], robot2, {'y': 17.902, 'x': -37.144, 'yaw': 3.141}, None, None
170.08, [INFO], robot2, {'battery-level': '59.10'}, None, None
170.08, [INFO], robot2, {'y': 16.085, 'x': -36.52, 'yaw': 3.141}, None, None
180.06, [INFO], robot2, {'y': 15.401, 'x': -34.492, 'yaw': -3.141}, None, None
180.06, [INFO], robot2, {'battery-level': '58.84'}, None, None
190.02, [INFO], robot2, {'y': 15.498, 'x': -32.381, 'yaw': 3.142}, None, None
190.02, [INFO], robot2, {'battery-level': '58.58'}, None, None
200.07, [INFO], robot2, {'battery-level': '58.32'}, None, None
200.07, [INFO], robot2, {'y': 15.613, 'x': -30.249, 'yaw': -3.142}, None, None
210.00, [INFO], robot2, {'battery-level': '58.06'}, None, None
210.00, [INFO], robot2, {'y': 15.721, 'x': -28.162, 'yaw': 3.142}, None, None
220.05, [INFO], robot2, {'battery-level': '57.80'}, None, None
220.05, [INFO], robot2, {'y': 15.441, 'x': -26.193, 'yaw': -3.142}, None, None
230.01, [INFO], robot2, {'battery-level': '57.54'}, None, None
230.01, [INFO], robot2, {'y': 13.397, 'x': -25.736, 'yaw': -3.142}, None, None
240.08, [INFO], robot2, {'battery-level': '57.28'}, None, None
240.08, [INFO], robot2, {'y': 12.904, 'x': -25.94, 'yaw': 3.142}, None, None
240.96, [info], lab_arm, sync, wait-message, (status=message-received)
241.94, [WARN], robot2, SUCCESS, None, None
250.02, [INFO], robot2, {'y': 12.902, 'x': -25.94, 'yaw': 3.142}, None, None
250.02, [INFO], robot2, {'battery-level': '57.02'}, None, None
260.09, [INFO], robot2, {'battery-level': '56.76'}, None, None
260.09, [INFO], robot2, {'y': 12.902, 'x': -25.94, 'yaw': -3.142}, None, None
