0.00, [INFO], robot2, {'battery-level': '63.50'}, None, None
0.00, [DEBUG], logger, ROBOTS_CONFIG={'avg_speed': 0.15, 'battery_charge': 0.634952869577942, 'battery_discharge_rate': 0.00026000000000000003, 'id': 2, 'local_plan': [['navigation', ['IC Room 2', [[-19.0, 18.0, -1.57], [-19.0, 16.0], [-37.0, 16.0], [-37.0, 21.5], [-38.0, 21.5, 0.0]]], 'navto_room'], ['approach_person', ['nurse'], 'approach_nurse'], ['authenticate_person', ['nurse'], 'authenticate_nurse'], ['operate_drawer', ['open'], 'open_drawer_for_nurse'], ['send_message', ['nurse'], 'notify_nurse_of_open_drawer_for_nurse_completed'], ['wait_message', ['nurse'], 'wait_nurse_to_complete_deposit'], ['operate_drawer', ['close'], 'close_drawer_nurse'], ['navigation', ['Laboratory', [[-38.0, 21.5, 0.0], [-37.0, 21.5], [-37.0, 16.0], [-26.0, 16.0], [-26.0, 13.0, 1.57]]], 'navto_lab'], ['approach_robot', ['lab_arm'], 'approach_arm'], ['operate_drawer', ['open'], 'open_drawer_lab'], ['send_message', ['lab_arm'], 'notify_lab_arm_of_open_drawer_lab_completed'], ['wait_message', ['lab_arm'], 'wait_lab_arm_to_complete_pick_up_sample'], ['operate_drawer', ['close'], 'close_drawer_lab']], 'location': 'PC Room 6', 'name': 'r2', 'position': [-19.0, 18.0, -1.57], 'skills': ['approach_person', 'approach_robot', 'authenticate_person', 'navigation', 'operate_drawer']}, None, None
0.00, [DEBUG], logger, Simulation open, None, None
10.06, [INFO], robot2, {'battery-level': '63.26'}, None, None
10.06, [INFO], robot2, {'y': 17.384, 'x': -19.219, 'yaw': -3.142}, None, None
20.09, [INFO], robot2, {'battery-level': '63.00'}, None, None
20.09, [INFO], robot2, {'y': 16.205, 'x': -20.326, 'yaw': 3.142}, None, None
30.02, [INFO], robot2, {'battery-level': '62.74'}, None, None
30.02, [INFO], robot2, {'y': 16.192, 'x': -22.428, 'yaw': 3.141}, None, None
40.03, [INFO], robot2, {'battery-level': '62.48'}, None, None
40.03, [INFO], robot2, {'y': 16.14, 'x': -24.534, 'yaw': 3.141}, None, None
50.06, [INFO], robot2, {'battery-level': '62.22'}, None, None
50.06, [INFO], robot2, {'y': 16.098, 'x': -26.65, 'yaw': 3.141}, None, None
60.09, [INFO], robot2, {'battery-level': '61.96'}, None, None
60.09, [INFO], robot2, {'y': 16.186, 'x': -28.776, 'yaw': 3.138}, None, None
70.05, [INFO], robot2, {'y': 16.139, 'x': -30.892, 'yaw': 3.142}, None, None
70.05, [INFO], robot2, {'battery-level': '61.70'}, None, None
80.09, [INFO], robot2, {'y': 15.803, 'x': -33.017, 'yaw': -3.141}, None, None
80.09, [INFO], robot2, {'battery-level': '61.44'}, None, None
89.93, [INFO], robot2, {'battery-level': '61.18'}, None, None
90.03, [INFO], robot2, {'y': 15.414, 'x': -35.087, 'yaw': -3.142}, None, None
100.09, [INFO], robot2, {'battery-level': '60.92'}, None, None
100.09, [INFO], robot2, {'y': 16.191, 'x': -36.908, 'yaw': -3.142}, None, None
110.08, [INFO], robot2, {'y': 18.3, 'x': -36.894, 'yaw': -3.142}, None, None
110.08, [INFO], robot2, {'battery-level': '60.66'}, None, None
120.02, [INFO], robot2, {'y': 20.4, 'x': -36.963, 'yaw': -3.14}, None, None
120.02, [INFO], robot2, {'battery-level': '60.40'}, None, None
130.05, [INFO], robot2, {'battery-level': '60.14'}, None, None
130.05, [INFO], robot2, {'y': 21.505, 'x': -38.034, 'yaw': 3.14}, None, None
140.08, [INFO], robot2, {'battery-level': '59.88'}, None, None
140.08, [INFO], robot2, {'y': 21.411, 'x': -38.079, 'yaw': 3.141}, None, None
140.66, [info], nurse, sync, received-request, (status=sending-request)
140.66, [info], nurse, sync, request-sent, (status=waiting)
140.66, [info], nurse, sync, wait-message, (status=message-received)
150.01, [INFO], robot2, {'battery-level': '59.62'}, None, None
150.01, [INFO], robot2, {'y': 20.334, 'x': -37.165, 'yaw': -3.137}, None, None
160.02, [INFO], robot2, {'y': 18.222, 'x': -37.122, 'yaw': 3.141}, None, None
160.02, [INFO], robot2, {'battery-level': '59.36'}, None, None
170.03, [INFO], robot2, {'battery-level': '59.10'}, None, None
170.03, [INFO], robot2, {'y': 16.189, 'x': -36.831, 'yaw': 3.141}, None, None
180.07, [INFO], robot2, {'y': 15.447, 'x': -34.809, 'yaw': -3.141}, None, None
180.07, [INFO], robot2, {'battery-level': '58.84'}, None, None
190.08, [INFO], robot2, {'battery-level': '58.58'}, None, None
190.08, [INFO], robot2, {'y': 15.495, 'x': -32.699, 'yaw': 3.141}, None, None
200.04, [INFO], robot2, {'y': 15.568, 'x': -30.599, 'yaw': 3.14}, None, None
200.04, [INFO], robot2, {'battery-level': '58.32'}, None, None
210.06, [INFO], robot2, {'battery-level': '58.06'}, None, None
210.06, [INFO], robot2, {'y': 15.681, 'x': -28.467, 'yaw': -3.139}, None, None
220.09, [INFO], robot2, {'battery-level': '57.80'}, None, None
220.09, [INFO], robot2, {'y': 15.743, 'x': -26.338, 'yaw': -3.141}, None, None
230.02, [INFO], robot2, {'battery-level': '57.54'}, None, None
230.02, [INFO], robot2, {'y': 13.844, 'x': -25.727, 'yaw': 3.142}, None, None
240.09, [INFO], robot2, {'battery-level': '57.28'}, None, None
240.09, [INFO], robot2, {'y': 12.863, 'x': -25.949, 'yaw': 3.142}, None, None
243.64, [info], lab_arm, sync, wait-message, (status=message-received)
244.60, [WARN], robot2, SUCCESS, None, None
250.04, [INFO], robot2, {'y': 12.867, 'x': -25.946, 'yaw': -3.142}, None, None
250.04, [INFO], robot2, {'battery-level': '57.02'}, None, None
260.09, [INFO], robot2, {'y': 12.868, 'x': -25.946, 'yaw': -3.142}, None, None
260.09, [INFO], robot2, {'battery-level': '56.76'}, None, None
