0.00, [DEBUG], logger, ROBOTS_CONFIG={'avg_speed': 0.15, 'battery_charge': 0.7179616530181877, 'battery_discharge_rate': 0.00076, 'id': 5, 'local_plan': [['navigation', ['IC Room 6', [[-13.5, 18.0, -1.57], [-13.5, 16.0], [-37.0, 16.0], [-37.0, 18.93], [-33.9, 18.93, 3.14]]], 'navto_room'], ['approach_person', ['nurse'], 'approach_nurse'], ['authenticate_person', ['nurse'], 'authenticate_nurse'], ['operate_drawer', ['open'], 'open_drawer_for_nurse'], ['send_message', ['nurse'], 'notify_nurse_of_open_drawer_for_nurse_completed'], ['wait_message', ['nurse'], 'wait_nurse_to_complete_deposit'], ['operate_drawer', ['close'], 'close_drawer_nurse'], ['navigation', ['Laboratory', [[-33.9, 18.93, 3.14], [-37.0, 18.93], [-37.0, 16.0], [-26.0, 16.0], [-26.0, 13.0, 1.57]]], 'navto_lab'], ['approach_robot', ['lab_arm'], 'approach_arm'], ['operate_drawer', ['open'], 'open_drawer_lab'], ['send_message', ['lab_arm'], 'notify_lab_arm_of_open_drawer_lab_completed'], ['wait_message', ['lab_arm'], 'wait_lab_arm_to_complete_pick_up_sample'], ['operate_drawer', ['close'], 'close_drawer_lab']], 'location': 'PC Room 7', 'name': 'r5', 'position': [-13.5, 18.0, -1.57], 'skills': ['approach_person', 'approach_robot', 'authenticate_person', 'navigation', 'operate_drawer']}, None, None
0.00, [DEBUG], logger, Simulation open, None, None
10.00, [INFO], robot5, {'battery-level': '71.11'}, None, None
10.00, [INFO], robot5, {'y': 17.665, 'x': -13.5, 'yaw': -3.142}, None, None
20.04, [INFO], robot5, {'battery-level': '70.35'}, None, None
20.04, [INFO], robot5, {'y': 16.016, 'x': -14.172, 'yaw': -3.139}, None, None
30.09, [INFO], robot5, {'battery-level': '69.59'}, None, None
30.09, [INFO], robot5, {'y': 15.946, 'x': -16.302, 'yaw': 3.141}, None, None
40.02, [INFO], robot5, {'y': 16.012, 'x': -18.401, 'yaw': -3.138}, None, None
40.02, [INFO], robot5, {'battery-level': '68.83'}, None, None
50.06, [INFO], robot5, {'battery-level': '68.07'}, None, None
50.06, [INFO], robot5, {'y': 16.127, 'x': -20.514, 'yaw': 3.138}, None, None
60.09, [INFO], robot5, {'y': 16.102, 'x': -22.635, 'yaw': 3.141}, None, None
60.09, [INFO], robot5, {'battery-level': '67.31'}, None, None
70.04, [INFO], robot5, {'battery-level': '66.55'}, None, None
70.04, [INFO], robot5, {'y': 16.054, 'x': -24.736, 'yaw': 3.141}, None, None
80.06, [INFO], robot5, {'y': 16.039, 'x': -26.851, 'yaw': 3.142}, None, None
80.06, [INFO], robot5, {'battery-level': '65.79'}, None, None
90.02, [INFO], robot5, {'y': 16.143, 'x': -28.942, 'yaw': -3.141}, None, None
90.02, [INFO], robot5, {'battery-level': '65.03'}, None, None
100.08, [INFO], robot5, {'battery-level': '64.27'}, None, None
100.08, [INFO], robot5, {'y': 16.074, 'x': -31.074, 'yaw': 3.141}, None, None
110.02, [INFO], robot5, {'battery-level': '63.51'}, None, None
110.02, [INFO], robot5, {'y': 15.718, 'x': -33.169, 'yaw': -3.142}, None, None
120.05, [INFO], robot5, {'battery-level': '62.75'}, None, None
120.05, [INFO], robot5, {'y': 15.408, 'x': -35.259, 'yaw': -3.141}, None, None
130.01, [INFO], robot5, {'y': 16.398, 'x': -36.746, 'yaw': -3.141}, None, None
130.01, [INFO], robot5, {'battery-level': '61.99'}, None, None
140.08, [INFO], robot5, {'y': 17.665, 'x': -36.8, 'yaw': 3.14}, None, None
140.08, [INFO], robot5, {'battery-level': '61.23'}, None, None
150.03, [INFO], robot5, {'battery-level': '60.47'}, None, None
150.03, [INFO], robot5, {'y': 17.69, 'x': -36.292, 'yaw': -3.142}, None, None
160.05, [INFO], robot5, {'y': 18.321, 'x': -35.662, 'yaw': -3.136}, None, None
160.05, [INFO], robot5, {'battery-level': '59.71'}, None, None
170.00, [INFO], robot5, {'y': 18.036, 'x': -35.569, 'yaw': -3.136}, None, None
170.00, [INFO], robot5, {'battery-level': '58.95'}, None, None
180.04, [INFO], robot5, {'y': 18.0, 'x': -35.423, 'yaw': -3.142}, None, None
180.04, [INFO], robot5, {'battery-level': '58.19'}, None, None
190.08, [INFO], robot5, {'y': 17.998, 'x': -35.342, 'yaw': 3.142}, None, None
190.08, [INFO], robot5, {'battery-level': '57.43'}, None, None
193.57, [WARN], robot5, SKILL-FAILURE, navigation, navto_room
200.08, [INFO], robot5, {'y': 17.998, 'x': -35.342, 'yaw': 3.142}, None, None
200.08, [INFO], robot5, {'battery-level': '56.67'}, None, None
