0.00, [DEBUG], logger, ROBOTS_CONFIG={'avg_speed': 0.15, 'battery_charge': 0.5408465660492595, 'battery_discharge_rate': 0.00038, 'id': 6, 'local_plan': [['navigation', ['IC Room 6', [[-32.88, 33.98, 3.14], [-37.0, 33.98], [-37.0, 18.93], [-33.9, 18.93, 3.14]]], 'navto_room'], ['approach_person', ['nurse'], 'approach_nurse'], ['authenticate_person', ['nurse'], 'authenticate_nurse'], ['operate_drawer', ['open'], 'open_drawer_for_nurse'], ['send_message', ['nurse'], 'notify_nurse_of_open_drawer_for_nurse_completed'], ['wait_message', ['nurse'], 'wait_nurse_to_complete_deposit'], ['operate_drawer', ['close'], 'close_drawer_nurse'], ['navigation', ['Laboratory', [[-33.9, 18.93, 3.14], [-37.0, 18.93], [-37.0, 16.0], [-26.0, 16.0], [-26.0, 13.0, 1.57]]], 'navto_lab'], ['approach_robot', ['lab_arm'], 'approach_arm'], ['operate_drawer', ['open'], 'open_drawer_lab'], ['send_message', ['lab_arm'], 'notify_lab_arm_of_open_drawer_lab_completed'], ['wait_message', ['lab_arm'], 'wait_lab_arm_to_complete_pick_up_sample'], ['operate_drawer', ['close'], 'close_drawer_lab']], 'location': 'IC Room 5', 'name': 'r6', 'position': [-32.88, 33.98, 3.14], 'skills': ['approach_person', 'approach_robot', 'authenticate_person', 'navigation', 'operate_drawer']}, None, None
0.00, [DEBUG], logger, Simulation open, None, None
10.05, [INFO], robot6, {'battery-level': '53.74'}, None, None
10.05, [INFO], robot6, {'y': 34.07, 'x': -33.228, 'yaw': 3.141}, None, None
20.02, [INFO], robot6, {'y': 34.689, 'x': -35.237, 'yaw': 3.141}, None, None
20.02, [INFO], robot6, {'battery-level': '53.36'}, None, None
30.04, [INFO], robot6, {'y': 33.675, 'x': -36.993, 'yaw': 3.141}, None, None
30.04, [INFO], robot6, {'battery-level': '52.98'}, None, None
40.07, [INFO], robot6, {'y': 31.551, 'x': -37.013, 'yaw': -3.141}, None, None
40.07, [INFO], robot6, {'battery-level': '52.60'}, None, None
50.10, [INFO], robot6, {'y': 29.44, 'x': -37.019, 'yaw': -3.142}, None, None
50.10, [INFO], robot6, {'battery-level': '52.22'}, None, None
60.03, [INFO], robot6, {'battery-level': '51.84'}, None, None
60.03, [INFO], robot6, {'y': 27.341, 'x': -36.959, 'yaw': 3.142}, None, None
70.07, [INFO], robot6, {'battery-level': '51.46'}, None, None
70.07, [INFO], robot6, {'y': 25.225, 'x': -37.025, 'yaw': 3.142}, None, None
80.02, [INFO], robot6, {'battery-level': '51.08'}, None, None
80.02, [INFO], robot6, {'y': 23.12, 'x': -37.029, 'yaw': 3.141}, None, None
90.06, [INFO], robot6, {'battery-level': '50.70'}, None, None
90.06, [INFO], robot6, {'y': 20.998, 'x': -37.115, 'yaw': -3.137}, None, None
100.09, [INFO], robot6, {'y': 18.877, 'x': -36.947, 'yaw': 3.141}, None, None
100.09, [INFO], robot6, {'battery-level': '50.32'}, None, None
110.03, [INFO], robot6, {'battery-level': '49.94'}, None, None
110.03, [INFO], robot6, {'y': 17.651, 'x': -35.3, 'yaw': 3.138}, None, None
120.05, [INFO], robot6, {'battery-level': '49.56'}, None, None
120.05, [INFO], robot6, {'y': 18.838, 'x': -33.989, 'yaw': 3.142}, None, None
127.65, [info], nurse, sync, received-request, (status=sending-request)
127.65, [info], nurse, sync, request-sent, (status=waiting)
127.65, [info], nurse, sync, wait-message, (status=message-received)
130.06, [INFO], robot6, {'battery-level': '49.18'}, None, None
130.06, [INFO], robot6, {'y': 18.868, 'x': -34.147, 'yaw': 3.142}, None, None
140.08, [INFO], robot6, {'y': 17.788, 'x': -35.745, 'yaw': 3.141}, None, None
140.08, [INFO], robot6, {'battery-level': '48.80'}, None, None
150.09, [INFO], robot6, {'y': 17.982, 'x': -36.154, 'yaw': -3.136}, None, None
150.09, [INFO], robot6, {'battery-level': '48.42'}, None, None
160.01, [INFO], robot6, {'battery-level': '48.04'}, None, None
160.01, [INFO], robot6, {'y': 17.982, 'x': -36.154, 'yaw': -3.136}, None, None
170.03, [INFO], robot6, {'battery-level': '47.66'}, None, None
170.03, [INFO], robot6, {'y': 17.282, 'x': -36.975, 'yaw': -3.141}, None, None
180.04, [INFO], robot6, {'y': 17.404, 'x': -36.809, 'yaw': 3.142}, None, None
180.04, [INFO], robot6, {'battery-level': '47.28'}, None, None
190.08, [INFO], robot6, {'y': 17.402, 'x': -36.808, 'yaw': 3.142}, None, None
190.08, [INFO], robot6, {'battery-level': '46.90'}, None, None
200.04, [INFO], robot6, {'battery-level': '46.52'}, None, None
200.04, [INFO], robot6, {'y': 17.401, 'x': -36.808, 'yaw': 3.142}, None, None
210.06, [INFO], robot6, {'battery-level': '46.14'}, None, None
210.06, [INFO], robot6, {'y': 17.4, 'x': -36.808, 'yaw': 3.142}, None, None
220.09, [INFO], robot6, {'y': 17.163, 'x': -36.798, 'yaw': -3.142}, None, None
220.09, [INFO], robot6, {'battery-level': '45.76'}, None, None
230.01, [INFO], robot6, {'y': 17.434, 'x': -36.92, 'yaw': 3.141}, None, None
230.01, [INFO], robot6, {'battery-level': '45.38'}, None, None
240.03, [INFO], robot6, {'y': 17.275, 'x': -36.777, 'yaw': 3.142}, None, None
240.03, [INFO], robot6, {'battery-level': '45.00'}, None, None
250.03, [INFO], robot6, {'battery-level': '44.62'}, None, None
250.03, [INFO], robot6, {'y': 17.26, 'x': -36.911, 'yaw': -3.141}, None, None
260.07, [INFO], robot6, {'battery-level': '44.24'}, None, None
260.07, [INFO], robot6, {'y': 17.395, 'x': -36.934, 'yaw': 3.14}, None, None
270.10, [INFO], robot6, {'battery-level': '43.86'}, None, None
270.10, [INFO], robot6, {'y': 17.443, 'x': -36.963, 'yaw': 3.14}, None, None
280.02, [INFO], robot6, {'battery-level': '43.48'}, None, None
280.02, [INFO], robot6, {'y': 17.269, 'x': -36.839, 'yaw': -3.142}, None, None
290.06, [INFO], robot6, {'battery-level': '43.10'}, None, None
290.06, [INFO], robot6, {'y': 17.298, 'x': -36.806, 'yaw': 3.142}, None, None
300.00, [INFO], robot6, {'y': 17.362, 'x': -37.012, 'yaw': -3.142}, None, None
300.00, [INFO], robot6, {'battery-level': '42.72'}, None, None
310.00, [INFO], robot6, {'battery-level': '42.34'}, None, None
310.00, [INFO], robot6, {'y': 17.376, 'x': -36.845, 'yaw': -3.142}, None, None
310.38, [WARN], robot6, SKILL-FAILURE, navigation, navto_lab
