0.00, [INFO], robot6, {'battery-level': '54.08'}, None, None
0.19, [DEBUG], logger, ROBOTS_CONFIG={'avg_speed': 0.15, 'battery_charge': 0.5408465660492595, 'battery_discharge_rate': 0.00038, 'id': 6, 'local_plan': [['navigation', ['IC Room 2', [[-33.9, 18.93, 3.14], [-37.0, 18.93], [-37.0, 21.5], [-38.0, 21.5, 0.0]]], 'navto_room'], ['approach_person', ['nurse'], 'approach_nurse'], ['authenticate_person', ['nurse'], 'authenticate_nurse'], ['operate_drawer', ['open'], 'open_drawer_for_nurse'], ['send_message', ['nurse'], 'notify_nurse_of_open_drawer_for_nurse_completed'], ['wait_message', ['nurse'], 'wait_nurse_to_complete_deposit'], ['operate_drawer', ['close'], 'close_drawer_nurse'], ['navigation', ['Laboratory', [[-38.0, 21.5, 0.0], [-37.0, 21.5], [-37.0, 16.0], [-26.0, 16.0], [-26.0, 13.0, 1.57]]], 'navto_lab'], ['approach_robot', ['lab_arm'], 'approach_arm'], ['operate_drawer', ['open'], 'open_drawer_lab'], ['send_message', ['lab_arm'], 'notify_lab_arm_of_open_drawer_lab_completed'], ['wait_message', ['lab_arm'], 'wait_lab_arm_to_complete_pick_up_sample'], ['operate_drawer', ['close'], 'close_drawer_lab']], 'location': 'IC Room 6', 'name': 'r6', 'position': [-33.9, 18.93, 3.14], 'skills': ['approach_person', 'approach_robot', 'authenticate_person', 'navigation', 'operate_drawer']}, None, None
0.19, [DEBUG], logger, Simulation open, None, None
10.08, [INFO], robot6, {'battery-level': '53.74'}, None, None
10.08, [INFO], robot6, {'y': 18.597, 'x': -34.295, 'yaw': 3.141}, None, None
20.08, [INFO], robot6, {'battery-level': '53.36'}, None, None
20.08, [INFO], robot6, {'y': 17.874, 'x': -36.019, 'yaw': -3.142}, None, None
30.02, [INFO], robot6, {'y': 19.643, 'x': -36.913, 'yaw': 3.141}, None, None
30.02, [INFO], robot6, {'battery-level': '52.98'}, None, None
40.01, [INFO], robot6, {'y': 21.474, 'x': -37.541, 'yaw': 3.141}, None, None
40.01, [INFO], robot6, {'battery-level': '52.60'}, None, None
50.03, [INFO], robot6, {'battery-level': '52.22'}, None, None
50.03, [INFO], robot6, {'y': 21.454, 'x': -38.088, 'yaw': -3.137}, None, None
50.71, [info], nurse, sync, received-request, (status=sending-request)
50.71, [info], nurse, sync, request-sent, (status=waiting)
50.71, [info], nurse, sync, wait-message, (status=message-received)
60.03, [INFO], robot6, {'battery-level': '51.84'}, None, None
60.03, [INFO], robot6, {'y': 20.415, 'x': -37.186, 'yaw': 3.142}, None, None
70.04, [INFO], robot6, {'battery-level': '51.46'}, None, None
70.04, [INFO], robot6, {'y': 18.299, 'x': -37.111, 'yaw': 3.14}, None, None
80.04, [INFO], robot6, {'battery-level': '51.08'}, None, None
80.04, [INFO], robot6, {'y': 16.258, 'x': -36.866, 'yaw': 3.142}, None, None
90.05, [INFO], robot6, {'y': 15.481, 'x': -34.86, 'yaw': -3.141}, None, None
90.05, [INFO], robot6, {'battery-level': '50.70'}, None, None
100.06, [INFO], robot6, {'y': 15.476, 'x': -32.746, 'yaw': -3.137}, None, None
100.06, [INFO], robot6, {'battery-level': '50.32'}, None, None
110.06, [INFO], robot6, {'battery-level': '49.94'}, None, None
110.06, [INFO], robot6, {'y': 15.584, 'x': -30.627, 'yaw': -3.141}, None, None
120.06, [INFO], robot6, {'battery-level': '49.56'}, None, None
120.06, [INFO], robot6, {'y': 15.75, 'x': -28.521, 'yaw': -3.141}, None, None
130.07, [INFO], robot6, {'y': 15.807, 'x': -26.406, 'yaw': -3.139}, None, None
130.07, [INFO], robot6, {'battery-level': '49.18'}, None, None
140.09, [INFO], robot6, {'battery-level': '48.80'}, None, None
140.09, [INFO], robot6, {'y': 13.915, 'x': -25.741, 'yaw': 3.142}, None, None
150.09, [INFO], robot6, {'y': 12.926, 'x': -25.979, 'yaw': -3.142}, None, None
150.09, [INFO], robot6, {'battery-level': '48.42'}, None, None
151.91, [info], lab_arm, sync, wait-message, (status=message-received)
152.88, [WARN], robot6, SUCCESS, None, None
160.04, [INFO], robot6, {'battery-level': '48.04'}, None, None
160.04, [INFO], robot6, {'y': 12.925, 'x': -25.977, 'yaw': -3.142}, None, None
170.04, [INFO], robot6, {'y': 12.924, 'x': -25.977, 'yaw': 3.142}, None, None
170.04, [INFO], robot6, {'battery-level': '47.66'}, None, None
