0.00, [INFO], robot6, {'battery-level': '54.08'}, None, None
0.13, [DEBUG], logger, ROBOTS_CONFIG={'avg_speed': 0.15, 'battery_charge': 0.5408465660492595, 'battery_discharge_rate': 0.00038, 'id': 6, 'local_plan': [['navigation', ['IC Room 2', [[-33.9, 18.93, 3.14], [-37.0, 18.93], [-37.0, 21.5], [-38.0, 21.5, 0.0]]], 'navto_room'], ['approach_person', ['nurse'], 'approach_nurse'], ['authenticate_person', ['nurse'], 'authenticate_nurse'], ['operate_drawer', ['open'], 'open_drawer_for_nurse'], ['send_message', ['nurse'], 'notify_nurse_of_open_drawer_for_nurse_completed'], ['wait_message', ['nurse'], 'wait_nurse_to_complete_deposit'], ['operate_drawer', ['close'], 'close_drawer_nurse'], ['navigation', ['Laboratory', [[-38.0, 21.5, 0.0], [-37.0, 21.5], [-37.0, 16.0], [-26.0, 16.0], [-26.0, 13.0, 1.57]]], 'navto_lab'], ['approach_robot', ['lab_arm'], 'approach_arm'], ['operate_drawer', ['open'], 'open_drawer_lab'], ['send_message', ['lab_arm'], 'notify_lab_arm_of_open_drawer_lab_completed'], ['wait_message', ['lab_arm'], 'wait_lab_arm_to_complete_pick_up_sample'], ['operate_drawer', ['close'], 'close_drawer_lab']], 'location': 'IC Room 6', 'name': 'r6', 'position': [-33.9, 18.93, 3.14], 'skills': ['approach_person', 'approach_robot', 'authenticate_person', 'navigation', 'operate_drawer']}, None, None
0.13, [DEBUG], logger, Simulation open, None, None
10.08, [INFO], robot6, {'battery-level': '53.74'}, None, None
10.08, [INFO], robot6, {'y': 18.543, 'x': -34.323, 'yaw': -3.142}, None, None
20.01, [INFO], robot6, {'y': 17.908, 'x': -36.047, 'yaw': -3.141}, None, None
20.01, [INFO], robot6, {'battery-level': '53.36'}, None, None
30.05, [INFO], robot6, {'battery-level': '52.98'}, None, None
30.05, [INFO], robot6, {'y': 19.704, 'x': -36.908, 'yaw': -3.141}, None, None
40.06, [INFO], robot6, {'battery-level': '52.60'}, None, None
40.06, [INFO], robot6, {'y': 21.541, 'x': -37.54, 'yaw': 3.141}, None, None
50.05, [INFO], robot6, {'battery-level': '52.22'}, None, None
50.05, [INFO], robot6, {'y': 21.458, 'x': -38.091, 'yaw': -3.142}, None, None
55.14, [info], nurse, sync, received-request, (status=sending-request)
55.14, [info], nurse, sync, request-sent, (status=waiting)
55.14, [info], nurse, sync, wait-message, (status=message-received)
60.05, [INFO], robot6, {'battery-level': '51.84'}, None, None
60.05, [INFO], robot6, {'y': 21.289, 'x': -37.344, 'yaw': -3.141}, None, None
70.05, [INFO], robot6, {'battery-level': '51.46'}, None, None
70.05, [INFO], robot6, {'y': 19.192, 'x': -37.115, 'yaw': 3.141}, None, None
80.06, [INFO], robot6, {'battery-level': '51.08'}, None, None
80.06, [INFO], robot6, {'y': 17.077, 'x': -37.089, 'yaw': 3.141}, None, None
90.01, [INFO], robot6, {'battery-level': '50.70'}, None, None
90.01, [INFO], robot6, {'y': 15.731, 'x': -35.961, 'yaw': -3.14}, None, None
100.06, [INFO], robot6, {'battery-level': '50.32'}, None, None
100.06, [INFO], robot6, {'y': 15.432, 'x': -33.846, 'yaw': -3.141}, None, None
110.01, [INFO], robot6, {'y': 15.569, 'x': -31.74, 'yaw': -3.142}, None, None
110.01, [INFO], robot6, {'battery-level': '49.94'}, None, None
120.02, [INFO], robot6, {'battery-level': '49.56'}, None, None
120.02, [INFO], robot6, {'y': 15.679, 'x': -29.626, 'yaw': -3.142}, None, None
129.94, [INFO], robot6, {'y': 15.803, 'x': -27.507, 'yaw': 3.142}, None, None
130.04, [INFO], robot6, {'battery-level': '49.18'}, None, None
140.07, [INFO], robot6, {'y': 14.956, 'x': -25.92, 'yaw': 3.141}, None, None
140.07, [INFO], robot6, {'battery-level': '48.80'}, None, None
150.09, [INFO], robot6, {'battery-level': '48.42'}, None, None
150.09, [INFO], robot6, {'y': 13.012, 'x': -25.897, 'yaw': -3.142}, None, None
160.09, [INFO], robot6, {'battery-level': '48.04'}, None, None
160.09, [INFO], robot6, {'y': 12.836, 'x': -26.033, 'yaw': 3.141}, None, None
165.74, [info], lab_arm, sync, wait-message, (status=message-received)
166.70, [WARN], robot6, SUCCESS, None, None
170.00, [INFO], robot6, {'battery-level': '47.66'}, None, None
170.00, [INFO], robot6, {'y': 12.812, 'x': -25.98, 'yaw': 3.142}, None, None
