0.00, [DEBUG], nurse, NURSE_CONFIG={'location': 'PC Room 3', 'position': [-28.5, 18.0, -1.57]}, None, None
0.00, [INFO], robot5, {'battery-level': '71.80'}, None, None
0.00, [DEBUG], logger, ROBOTS_CONFIG={'avg_speed': 0.15, 'battery_charge': 0.7179616530181877, 'battery_discharge_rate': 0.00076, 'id': 5, 'local_plan': [['navigation', ['PC Room 3', [[-33.9, 18.93, 3.14], [-37.0, 18.93], [-37.0, 16.0], [-28.5, 16.0], [-28.5, 18.0, -1.57]]], 'navto_room'], ['approach_person', ['nurse'], 'approach_nurse'], ['authenticate_person', ['nurse'], 'authenticate_nurse'], ['operate_drawer', ['open'], 'open_drawer_for_nurse'], ['send_message', ['nurse'], 'notify_nurse_of_open_drawer_for_nurse_completed'], ['wait_message', ['nurse'], 'wait_nurse_to_complete_deposit'], ['operate_drawer', ['close'], 'close_drawer_nurse'], ['navigation', ['Laboratory', [[-28.5, 18.0, -1.57], [-28.5, 16.0], [-26.0, 16.0], [-26.0, 13.0, 1.57]]], 'navto_lab'], ['approach_robot', ['lab_arm'], 'approach_arm'], ['operate_drawer', ['open'], 'open_drawer_lab'], ['send_message', ['lab_arm'], 'notify_lab_arm_of_open_drawer_lab_completed'], ['wait_message', ['lab_arm'], 'wait_lab_arm_to_complete_pick_up_sample'], ['operate_drawer', ['close'], 'close_drawer_lab']], 'location': 'IC Room 6', 'name': 'r5', 'position': [-33.9, 18.93, 3.14], 'skills': ['approach_person', 'approach_robot', 'authenticate_person', 'navigation', 'operate_drawer']}, None, None
0.00, [DEBUG], logger, Simulation open, None, None
10.03, [INFO], robot5, {'battery-level': '71.11'}, None, None
10.03, [INFO], robot5, {'y': 18.775, 'x': -34.195, 'yaw': 3.141}, None, None
20.07, [INFO], robot5, {'battery-level': '70.35'}, None, None
20.07, [INFO], robot5, {'y': 17.825, 'x': -35.855, 'yaw': -3.142}, None, None
30.00, [INFO], robot5, {'y': 17.76, 'x': -37.008, 'yaw': 3.141}, None, None
30.00, [INFO], robot5, {'battery-level': '69.59'}, None, None
40.02, [INFO], robot5, {'y': 17.243, 'x': -37.095, 'yaw': 3.141}, None, None
40.02, [INFO], robot5, {'battery-level': '68.83'}, None, None
50.05, [INFO], robot5, {'battery-level': '68.07'}, None, None
50.05, [INFO], robot5, {'y': 17.413, 'x': -36.951, 'yaw': 3.14}, None, None
60.09, [INFO], robot5, {'y': 17.467, 'x': -36.884, 'yaw': 3.142}, None, None
60.09, [INFO], robot5, {'battery-level': '67.31'}, None, None
70.05, [INFO], robot5, {'battery-level': '66.55'}, None, None
70.05, [INFO], robot5, {'y': 17.327, 'x': -37.072, 'yaw': 3.14}, None, None
80.05, [INFO], robot5, {'battery-level': '65.79'}, None, None
80.05, [INFO], robot5, {'y': 17.429, 'x': -36.852, 'yaw': -3.141}, None, None
90.01, [INFO], robot5, {'battery-level': '65.03'}, None, None
90.01, [INFO], robot5, {'y': 17.43, 'x': -36.851, 'yaw': -3.142}, None, None
100.06, [INFO], robot5, {'battery-level': '64.27'}, None, None
100.06, [INFO], robot5, {'y': 17.415, 'x': -36.859, 'yaw': -3.142}, None, None
110.08, [INFO], robot5, {'battery-level': '63.51'}, None, None
110.08, [INFO], robot5, {'y': 17.373, 'x': -37.087, 'yaw': 3.141}, None, None
120.03, [INFO], robot5, {'y': 17.296, 'x': -36.89, 'yaw': -3.141}, None, None
120.03, [INFO], robot5, {'battery-level': '62.75'}, None, None
130.08, [INFO], robot5, {'battery-level': '61.99'}, None, None
130.08, [INFO], robot5, {'y': 17.48, 'x': -36.992, 'yaw': -3.142}, None, None
140.00, [INFO], robot5, {'y': 17.253, 'x': -36.834, 'yaw': -3.142}, None, None
140.00, [INFO], robot5, {'battery-level': '61.23'}, None, None
150.01, [INFO], robot5, {'battery-level': '60.47'}, None, None
150.01, [INFO], robot5, {'y': 17.308, 'x': -36.954, 'yaw': -3.141}, None, None
160.09, [INFO], robot5, {'y': 17.272, 'x': -36.997, 'yaw': 3.141}, None, None
160.09, [INFO], robot5, {'battery-level': '59.71'}, None, None
170.06, [INFO], robot5, {'y': 17.324, 'x': -36.843, 'yaw': -3.141}, None, None
170.06, [INFO], robot5, {'battery-level': '58.95'}, None, None
170.52, [WARN], robot5, SKILL-FAILURE, navigation, navto_room
