0.00, [DEBUG], nurse, NURSE_CONFIG={'location': 'IC Room 6', 'position': [-33.9, 18.93, 3.14]}, None, None
0.00, [DEBUG], logger, ROBOTS_CONFIG={'avg_speed': 0.15, 'battery_charge': 0.5408465660492595, 'battery_discharge_rate': 0.00038, 'id': 6, 'local_plan': [['navigation', ['IC Room 6', [[-32.88, 33.98, 3.14], [-37.0, 33.98], [-37.0, 18.93], [-33.9, 18.93, 3.14]]], 'navto_room'], ['approach_person', ['nurse'], 'approach_nurse'], ['authenticate_person', ['nurse'], 'authenticate_nurse'], ['operate_drawer', ['open'], 'open_drawer_for_nurse'], ['send_message', ['nurse'], 'notify_nurse_of_open_drawer_for_nurse_completed'], ['wait_message', ['nurse'], 'wait_nurse_to_complete_deposit'], ['operate_drawer', ['close'], 'close_drawer_nurse'], ['navigation', ['Laboratory', [[-33.9, 18.93, 3.14], [-37.0, 18.93], [-37.0, 16.0], [-26.0, 16.0], [-26.0, 13.0, 1.57]]], 'navto_lab'], ['approach_robot', ['lab_arm'], 'approach_arm'], ['operate_drawer', ['open'], 'open_drawer_lab'], ['send_message', ['lab_arm'], 'notify_lab_arm_of_open_drawer_lab_completed'], ['wait_message', ['lab_arm'], 'wait_lab_arm_to_complete_pick_up_sample'], ['operate_drawer', ['close'], 'close_drawer_lab']], 'location': 'IC Room 5', 'name': 'r6', 'position': [-32.88, 33.98, 3.14], 'skills': ['approach_person', 'approach_robot', 'authenticate_person', 'navigation', 'operate_drawer']}, None, None
0.00, [DEBUG], logger, Simulation open, None, None
10.01, [INFO], robot6, {'y': 34.038, 'x': -33.157, 'yaw': -3.142}, None, None
10.01, [INFO], robot6, {'battery-level': '53.74'}, None, None
20.07, [INFO], robot6, {'battery-level': '53.36'}, None, None
20.07, [INFO], robot6, {'y': 34.717, 'x': -35.166, 'yaw': -3.142}, None, None
30.07, [INFO], robot6, {'battery-level': '52.98'}, None, None
30.07, [INFO], robot6, {'y': 33.747, 'x': -37.004, 'yaw': 3.142}, None, None
40.07, [INFO], robot6, {'battery-level': '52.60'}, None, None
40.07, [INFO], robot6, {'y': 31.642, 'x': -37.014, 'yaw': -3.141}, None, None
50.02, [INFO], robot6, {'y': 29.545, 'x': -37.026, 'yaw': -3.142}, None, None
50.02, [INFO], robot6, {'battery-level': '52.22'}, None, None
60.09, [INFO], robot6, {'battery-level': '51.84'}, None, None
60.09, [INFO], robot6, {'y': 27.429, 'x': -37.001, 'yaw': -3.141}, None, None
70.05, [INFO], robot6, {'y': 25.33, 'x': -36.991, 'yaw': 3.142}, None, None
70.05, [INFO], robot6, {'battery-level': '51.46'}, None, None
80.00, [INFO], robot6, {'y': 23.207, 'x': -37.02, 'yaw': -3.141}, None, None
80.09, [INFO], robot6, {'battery-level': '51.08'}, None, None
90.05, [INFO], robot6, {'battery-level': '50.70'}, None, None
90.05, [INFO], robot6, {'y': 21.102, 'x': -37.137, 'yaw': 3.142}, None, None
100.08, [INFO], robot6, {'battery-level': '50.32'}, None, None
100.08, [INFO], robot6, {'y': 18.98, 'x': -36.998, 'yaw': 3.141}, None, None
110.00, [INFO], robot6, {'y': 17.695, 'x': -35.372, 'yaw': -3.139}, None, None
110.00, [INFO], robot6, {'battery-level': '49.94'}, None, None
120.03, [INFO], robot6, {'battery-level': '49.56'}, None, None
120.03, [INFO], robot6, {'y': 18.868, 'x': -34.002, 'yaw': -3.142}, None, None
127.98, [info], nurse, sync, received-request, (status=sending-request)
127.98, [info], nurse, sync, request-sent, (status=waiting)
127.98, [info], nurse, sync, wait-message, (status=message-received)
130.00, [INFO], robot6, {'battery-level': '49.18'}, None, None
130.00, [INFO], robot6, {'y': 18.943, 'x': -34.091, 'yaw': 3.142}, None, None
140.05, [INFO], robot6, {'y': 17.745, 'x': -35.606, 'yaw': -3.141}, None, None
140.05, [INFO], robot6, {'battery-level': '48.80'}, None, None
150.06, [INFO], robot6, {'y': 17.937, 'x': -36.053, 'yaw': -3.142}, None, None
150.06, [INFO], robot6, {'battery-level': '48.42'}, None, None
160.01, [INFO], robot6, {'battery-level': '48.04'}, None, None
160.01, [INFO], robot6, {'y': 17.937, 'x': -36.053, 'yaw': -3.142}, None, None
170.04, [INFO], robot6, {'y': 17.818, 'x': -36.831, 'yaw': -3.142}, None, None
170.04, [INFO], robot6, {'battery-level': '47.66'}, None, None
180.04, [INFO], robot6, {'battery-level': '47.28'}, None, None
180.04, [INFO], robot6, {'y': 17.286, 'x': -37.123, 'yaw': 3.14}, None, None
190.07, [INFO], robot6, {'battery-level': '46.90'}, None, None
190.07, [INFO], robot6, {'y': 17.397, 'x': -36.927, 'yaw': -3.142}, None, None
200.07, [INFO], robot6, {'y': 17.298, 'x': -36.79, 'yaw': 3.142}, None, None
200.07, [INFO], robot6, {'battery-level': '46.52'}, None, None
210.07, [INFO], robot6, {'y': 17.332, 'x': -37.035, 'yaw': -3.141}, None, None
210.07, [INFO], robot6, {'battery-level': '46.14'}, None, None
220.08, [INFO], robot6, {'battery-level': '45.76'}, None, None
220.08, [INFO], robot6, {'y': 17.245, 'x': -36.99, 'yaw': 3.142}, None, None
230.02, [INFO], robot6, {'y': 17.454, 'x': -36.982, 'yaw': -3.142}, None, None
230.02, [INFO], robot6, {'battery-level': '45.38'}, None, None
240.06, [INFO], robot6, {'battery-level': '45.00'}, None, None
240.06, [INFO], robot6, {'y': 17.451, 'x': -36.983, 'yaw': -3.142}, None, None
250.09, [INFO], robot6, {'battery-level': '44.62'}, None, None
250.09, [INFO], robot6, {'y': 17.45, 'x': -36.983, 'yaw': 3.142}, None, None
260.10, [INFO], robot6, {'y': 17.449, 'x': -36.983, 'yaw': 3.142}, None, None
260.10, [INFO], robot6, {'battery-level': '44.24'}, None, None
270.02, [INFO], robot6, {'y': 17.252, 'x': -37.168, 'yaw': 3.141}, None, None
270.02, [INFO], robot6, {'battery-level': '43.86'}, None, None
280.05, [INFO], robot6, {'battery-level': '43.48'}, None, None
280.05, [INFO], robot6, {'y': 17.445, 'x': -36.873, 'yaw': 3.141}, None, None
290.06, [INFO], robot6, {'battery-level': '43.10'}, None, None
290.06, [INFO], robot6, {'y': 17.427, 'x': -36.843, 'yaw': -3.142}, None, None
300.06, [INFO], robot6, {'y': 17.429, 'x': -36.892, 'yaw': 3.141}, None, None
300.06, [INFO], robot6, {'battery-level': '42.72'}, None, None
310.02, [INFO], robot6, {'battery-level': '42.34'}, None, None
310.02, [INFO], robot6, {'y': 17.285, 'x': -37.127, 'yaw': 3.142}, None, None
312.91, [WARN], robot6, SKILL-FAILURE, navigation, navto_lab
