0.18, [DEBUG], logger, ROBOTS_CONFIG={'avg_speed': 0.15, 'battery_charge': 0.17496190705907763, 'battery_discharge_rate': 0.00026000000000000003, 'id': 4, 'local_plan': [['navigation', ['IC Room 6', [[-39.44, 33.95, 0.0], [-37.0, 33.95], [-37.0, 18.93], [-33.9, 18.93, 3.14]]], 'navto_room'], ['approach_person', ['nurse'], 'approach_nurse'], ['authenticate_person', ['nurse'], 'authenticate_nurse'], ['operate_drawer', ['open'], 'open_drawer_for_nurse'], ['send_message', ['nurse'], 'notify_nurse_of_open_drawer_for_nurse_completed'], ['wait_message', ['nurse'], 'wait_nurse_to_complete_deposit'], ['operate_drawer', ['close'], 'close_drawer_nurse'], ['navigation', ['Laboratory', [[-33.9, 18.93, 3.14], [-37.0, 18.93], [-37.0, 16.0], [-26.0, 16.0], [-26.0, 13.0, 1.57]]], 'navto_lab'], ['approach_robot', ['lab_arm'], 'approach_arm'], ['operate_drawer', ['open'], 'open_drawer_lab'], ['send_message', ['lab_arm'], 'notify_lab_arm_of_open_drawer_lab_completed'], ['wait_message', ['lab_arm'], 'wait_lab_arm_to_complete_pick_up_sample'], ['operate_drawer', ['close'], 'close_drawer_lab']], 'location': 'IC Room 4', 'name': 'r4', 'position': [-39.44, 33.95, 0.0], 'skills': ['approach_person', 'approach_robot', 'authenticate_person', 'navigation', 'operate_drawer']}, None, None
0.18, [DEBUG], logger, Simulation open, None, None
10.08, [INFO], robot4, {'battery-level': '17.26'}, None, None
10.08, [INFO], robot4, {'y': 34.173, 'x': -38.88, 'yaw': 3.139}, None, None
20.01, [INFO], robot4, {'y': 33.961, 'x': -37.11, 'yaw': 3.142}, None, None
20.01, [INFO], robot4, {'battery-level': '17.00'}, None, None
30.03, [INFO], robot4, {'battery-level': '16.74'}, None, None
30.03, [INFO], robot4, {'y': 31.851, 'x': -37.037, 'yaw': 3.141}, None, None
40.06, [INFO], robot4, {'y': 29.722, 'x': -37.037, 'yaw': 3.14}, None, None
40.06, [INFO], robot4, {'battery-level': '16.48'}, None, None
50.05, [INFO], robot4, {'battery-level': '16.22'}, None, None
50.05, [INFO], robot4, {'y': 27.596, 'x': -36.996, 'yaw': 3.136}, None, None
60.07, [INFO], robot4, {'battery-level': '15.96'}, None, None
60.07, [INFO], robot4, {'y': 25.48, 'x': -37.043, 'yaw': -3.142}, None, None
70.08, [INFO], robot4, {'y': 23.352, 'x': -36.996, 'yaw': 3.141}, None, None
70.08, [INFO], robot4, {'battery-level': '15.70'}, None, None
80.00, [INFO], robot4, {'battery-level': '15.44'}, None, None
80.00, [INFO], robot4, {'y': 21.273, 'x': -37.092, 'yaw': -3.142}, None, None
90.07, [INFO], robot4, {'battery-level': '15.18'}, None, None
90.07, [INFO], robot4, {'y': 19.129, 'x': -37.009, 'yaw': 3.141}, None, None
100.09, [INFO], robot4, {'battery-level': '14.92'}, None, None
100.09, [INFO], robot4, {'y': 17.675, 'x': -35.464, 'yaw': -3.142}, None, None
110.01, [INFO], robot4, {'battery-level': '14.66'}, None, None
110.01, [INFO], robot4, {'y': 18.817, 'x': -33.991, 'yaw': 3.142}, None, None
117.44, [info], nurse, sync, received-request, (status=sending-request)
117.44, [info], nurse, sync, request-sent, (status=waiting)
117.44, [info], nurse, sync, wait-message, (status=message-received)
119.94, [INFO], robot4, {'battery-level': '14.40'}, None, None
120.04, [INFO], robot4, {'y': 18.87, 'x': -34.168, 'yaw': -3.142}, None, None
130.06, [INFO], robot4, {'y': 17.814, 'x': -35.786, 'yaw': 3.137}, None, None
130.06, [INFO], robot4, {'battery-level': '14.14'}, None, None
140.07, [INFO], robot4, {'battery-level': '13.88'}, None, None
140.07, [INFO], robot4, {'y': 17.875, 'x': -37.012, 'yaw': 3.141}, None, None
150.00, [INFO], robot4, {'y': 17.244, 'x': -37.103, 'yaw': 3.141}, None, None
150.00, [INFO], robot4, {'battery-level': '13.62'}, None, None
160.08, [INFO], robot4, {'battery-level': '13.36'}, None, None
160.08, [INFO], robot4, {'y': 17.41, 'x': -36.908, 'yaw': 3.141}, None, None
170.03, [INFO], robot4, {'battery-level': '13.10'}, None, None
170.03, [INFO], robot4, {'y': 17.221, 'x': -37.102, 'yaw': 3.141}, None, None
180.06, [INFO], robot4, {'battery-level': '12.84'}, None, None
180.06, [INFO], robot4, {'y': 17.416, 'x': -36.991, 'yaw': 3.141}, None, None
190.07, [INFO], robot4, {'y': 17.347, 'x': -37.067, 'yaw': 3.142}, None, None
190.07, [INFO], robot4, {'battery-level': '12.58'}, None, None
200.09, [INFO], robot4, {'y': 17.283, 'x': -36.814, 'yaw': 3.141}, None, None
200.09, [INFO], robot4, {'battery-level': '12.32'}, None, None
210.01, [INFO], robot4, {'battery-level': '12.06'}, None, None
210.01, [INFO], robot4, {'y': 17.278, 'x': -36.955, 'yaw': 3.142}, None, None
220.01, [INFO], robot4, {'battery-level': '11.80'}, None, None
220.01, [INFO], robot4, {'y': 17.279, 'x': -37.024, 'yaw': 3.141}, None, None
230.04, [INFO], robot4, {'y': 17.207, 'x': -36.974, 'yaw': 3.14}, None, None
230.04, [INFO], robot4, {'battery-level': '11.54'}, None, None
240.07, [INFO], robot4, {'y': 17.369, 'x': -36.88, 'yaw': -3.141}, None, None
240.07, [INFO], robot4, {'battery-level': '11.28'}, None, None
250.00, [INFO], robot4, {'y': 17.282, 'x': -37.099, 'yaw': -3.141}, None, None
250.00, [INFO], robot4, {'battery-level': '11.02'}, None, None
260.03, [INFO], robot4, {'battery-level': '10.76'}, None, None
260.03, [INFO], robot4, {'y': 17.348, 'x': -36.977, 'yaw': 3.141}, None, None
270.03, [INFO], robot4, {'y': 17.229, 'x': -36.939, 'yaw': 3.142}, None, None
270.03, [INFO], robot4, {'battery-level': '10.50'}, None, None
280.05, [INFO], robot4, {'battery-level': '10.24'}, None, None
280.05, [INFO], robot4, {'y': 17.397, 'x': -37.081, 'yaw': -3.142}, None, None
290.04, [INFO], robot4, {'battery-level': '9.98'}, None, None
290.04, [INFO], robot4, {'y': 17.309, 'x': -36.908, 'yaw': -3.142}, None, None
300.08, [INFO], robot4, {'battery-level': '9.72'}, None, None
300.08, [INFO], robot4, {'y': 17.39, 'x': -36.881, 'yaw': -3.141}, None, None
306.25, [WARN], robot4, SKILL-FAILURE, navigation, navto_lab
310.03, [INFO], robot4, {'y': 17.446, 'x': -36.981, 'yaw': 3.142}, None, None
310.03, [INFO], robot4, {'battery-level': '9.46'}, None, None
320.02, [INFO], robot4, {'y': 17.445, 'x': -36.981, 'yaw': 3.142}, None, None
320.02, [INFO], robot4, {'battery-level': '9.20'}, None, None
