0.00, [INFO], robot1, {'battery-level': '24.00'}, None, None
0.11, [DEBUG], logger, ROBOTS_CONFIG={'avg_speed': 0.15, 'battery_charge': 0.23995139509475963, 'battery_discharge_rate': 0.00068, 'id': 1, 'local_plan': [['navigation', ['IC Room 6', [[-11.5, 18.0, -1.57], [-11.5, 16.0], [-37.0, 16.0], [-37.0, 18.93], [-33.9, 18.93, 3.14]]], 'navto_room'], ['approach_person', ['nurse'], 'approach_nurse'], ['authenticate_person', ['nurse'], 'authenticate_nurse'], ['operate_drawer', ['open'], 'open_drawer_for_nurse'], ['send_message', ['nurse'], 'notify_nurse_of_open_drawer_for_nurse_completed'], ['wait_message', ['nurse'], 'wait_nurse_to_complete_deposit'], ['operate_drawer', ['close'], 'close_drawer_nurse'], ['navigation', ['Laboratory', [[-33.9, 18.93, 3.14], [-37.0, 18.93], [-37.0, 16.0], [-26.0, 16.0], [-26.0, 13.0, 1.57]]], 'navto_lab'], ['approach_robot', ['lab_arm'], 'approach_arm'], ['operate_drawer', ['open'], 'open_drawer_lab'], ['send_message', ['lab_arm'], 'notify_lab_arm_of_open_drawer_lab_completed'], ['wait_message', ['lab_arm'], 'wait_lab_arm_to_complete_pick_up_sample'], ['operate_drawer', ['close'], 'close_drawer_lab']], 'location': 'PC Room 8', 'name': 'r1', 'position': [-11.5, 18.0, -1.57], 'skills': ['approach_person', 'approach_robot', 'navigation', 'operate_drawer']}, None, None
0.11, [DEBUG], logger, Simulation open, None, None
10.06, [INFO], robot1, {'battery-level': '23.38'}, None, None
10.06, [INFO], robot1, {'y': 18.0, 'x': -11.5, 'yaw': 3.142}, None, None
20.05, [INFO], robot1, {'battery-level': '22.70'}, None, None
20.05, [INFO], robot1, {'y': 17.681, 'x': -11.404, 'yaw': 3.141}, None, None
30.08, [INFO], robot1, {'y': 16.32, 'x': -12.701, 'yaw': -3.141}, None, None
30.08, [INFO], robot1, {'battery-level': '22.02'}, None, None
40.05, [INFO], robot1, {'battery-level': '21.34'}, None, None
40.05, [INFO], robot1, {'y': 16.267, 'x': -14.808, 'yaw': 3.141}, None, None
50.02, [INFO], robot1, {'battery-level': '20.66'}, None, None
50.02, [INFO], robot1, {'y': 16.18, 'x': -16.914, 'yaw': -3.141}, None, None
59.95, [INFO], robot1, {'battery-level': '19.98'}, None, None
60.05, [INFO], robot1, {'y': 16.291, 'x': -19.028, 'yaw': -3.142}, None, None
70.09, [INFO], robot1, {'battery-level': '19.30'}, None, None
70.09, [INFO], robot1, {'y': 16.414, 'x': -21.137, 'yaw': -3.138}, None, None
80.00, [INFO], robot1, {'battery-level': '18.62'}, None, None
80.00, [INFO], robot1, {'y': 16.208, 'x': -23.229, 'yaw': 3.141}, None, None
90.08, [INFO], robot1, {'y': 16.117, 'x': -25.355, 'yaw': 3.141}, None, None
90.08, [INFO], robot1, {'battery-level': '17.94'}, None, None
100.00, [INFO], robot1, {'battery-level': '17.26'}, None, None
100.00, [INFO], robot1, {'y': 16.141, 'x': -27.45, 'yaw': 3.142}, None, None
110.01, [INFO], robot1, {'y': 16.248, 'x': -29.549, 'yaw': 3.142}, None, None
110.01, [INFO], robot1, {'battery-level': '16.58'}, None, None
120.04, [INFO], robot1, {'y': 16.036, 'x': -31.67, 'yaw': 3.142}, None, None
120.04, [INFO], robot1, {'battery-level': '15.90'}, None, None
130.06, [INFO], robot1, {'y': 15.572, 'x': -33.761, 'yaw': 3.142}, None, None
130.06, [INFO], robot1, {'battery-level': '15.22'}, None, None
140.06, [INFO], robot1, {'battery-level': '14.54'}, None, None
140.06, [INFO], robot1, {'y': 15.552, 'x': -35.86, 'yaw': -3.141}, None, None
150.00, [INFO], robot1, {'battery-level': '13.86'}, None, None
150.00, [INFO], robot1, {'y': 17.134, 'x': -36.622, 'yaw': -3.141}, None, None
160.00, [INFO], robot1, {'y': 17.588, 'x': -36.657, 'yaw': 3.142}, None, None
160.00, [INFO], robot1, {'battery-level': '13.18'}, None, None
170.05, [INFO], robot1, {'battery-level': '12.50'}, None, None
170.05, [INFO], robot1, {'y': 18.008, 'x': -35.812, 'yaw': -3.141}, None, None
180.04, [INFO], robot1, {'y': 18.131, 'x': -35.653, 'yaw': -3.142}, None, None
180.04, [INFO], robot1, {'battery-level': '11.82'}, None, None
190.08, [INFO], robot1, {'y': 18.196, 'x': -35.76, 'yaw': 3.141}, None, None
190.08, [INFO], robot1, {'battery-level': '11.14'}, None, None
200.08, [INFO], robot1, {'y': 18.229, 'x': -35.701, 'yaw': -3.141}, None, None
200.08, [INFO], robot1, {'battery-level': '10.46'}, None, None
210.00, [INFO], robot1, {'battery-level': '9.78'}, None, None
210.00, [INFO], robot1, {'y': 18.303, 'x': -35.717, 'yaw': 3.141}, None, None
211.75, [WARN], robot1, SKILL-FAILURE, navigation, navto_room
220.10, [INFO], robot1, {'y': 18.276, 'x': -35.744, 'yaw': 3.142}, None, None
220.10, [INFO], robot1, {'battery-level': '9.10'}, None, None
230.07, [INFO], robot1, {'battery-level': '8.42'}, None, None
230.07, [INFO], robot1, {'y': 18.276, 'x': -35.744, 'yaw': -3.142}, None, None
