0.00, [DEBUG], logger, ROBOTS_CONFIG={'avg_speed': 0.15, 'battery_charge': 0.17496190705907763, 'battery_discharge_rate': 0.0006000000000000001, 'id': 4, 'local_plan': [['navigation', ['IC Room 6', [[-39.44, 33.95, 0.0], [-37.0, 33.95], [-37.0, 18.93], [-33.9, 18.93, 3.14]]], 'navto_room'], ['approach_person', ['nurse'], 'approach_nurse'], ['authenticate_person', ['nurse'], 'authenticate_nurse'], ['operate_drawer', ['open'], 'open_drawer_for_nurse'], ['send_message', ['nurse'], 'notify_nurse_of_open_drawer_for_nurse_completed'], ['wait_message', ['nurse'], 'wait_nurse_to_complete_deposit'], ['operate_drawer', ['close'], 'close_drawer_nurse'], ['navigation', ['Laboratory', [[-33.9, 18.93, 3.14], [-37.0, 18.93], [-37.0, 16.0], [-26.0, 16.0], [-26.0, 13.0, 1.57]]], 'navto_lab'], ['approach_robot', ['lab_arm'], 'approach_arm'], ['operate_drawer', ['open'], 'open_drawer_lab'], ['send_message', ['lab_arm'], 'notify_lab_arm_of_open_drawer_lab_completed'], ['wait_message', ['lab_arm'], 'wait_lab_arm_to_complete_pick_up_sample'], ['operate_drawer', ['close'], 'close_drawer_lab']], 'location': 'IC Room 4', 'name': 'r4', 'position': [-39.44, 33.95, 0.0], 'skills': ['approach_person', 'approach_robot', 'authenticate_person', 'navigation', 'operate_drawer']}, None, None
0.00, [DEBUG], logger, Simulation open, None, None
10.05, [INFO], robot4, {'battery-level': '16.96'}, None, None
10.05, [INFO], robot4, {'y': 34.316, 'x': -39.1, 'yaw': 3.141}, None, None
20.06, [INFO], robot4, {'battery-level': '16.36'}, None, None
20.06, [INFO], robot4, {'y': 34.111, 'x': -37.161, 'yaw': 3.142}, None, None
30.05, [INFO], robot4, {'battery-level': '15.76'}, None, None
30.05, [INFO], robot4, {'y': 32.023, 'x': -36.995, 'yaw': 3.14}, None, None
40.06, [INFO], robot4, {'y': 29.92, 'x': -37.065, 'yaw': 3.141}, None, None
40.06, [INFO], robot4, {'battery-level': '15.16'}, None, None
50.05, [INFO], robot4, {'battery-level': '14.56'}, None, None
50.05, [INFO], robot4, {'y': 27.814, 'x': -36.995, 'yaw': 3.141}, None, None
60.04, [INFO], robot4, {'y': 25.709, 'x': -36.999, 'yaw': 3.142}, None, None
60.04, [INFO], robot4, {'battery-level': '13.96'}, None, None
70.04, [INFO], robot4, {'y': 23.587, 'x': -37.013, 'yaw': 3.141}, None, None
70.04, [INFO], robot4, {'battery-level': '13.36'}, None, None
80.09, [INFO], robot4, {'y': 21.471, 'x': -37.14, 'yaw': -3.142}, None, None
80.09, [INFO], robot4, {'battery-level': '12.76'}, None, None
90.06, [INFO], robot4, {'battery-level': '12.16'}, None, None
90.06, [INFO], robot4, {'y': 19.36, 'x': -37.102, 'yaw': 3.137}, None, None
100.07, [INFO], robot4, {'battery-level': '11.56'}, None, None
100.07, [INFO], robot4, {'y': 17.812, 'x': -35.714, 'yaw': -3.141}, None, None
110.07, [INFO], robot4, {'battery-level': '10.96'}, None, None
110.07, [INFO], robot4, {'y': 18.706, 'x': -34.098, 'yaw': 3.142}, None, None
120.07, [INFO], robot4, {'battery-level': '10.36'}, None, None
120.07, [INFO], robot4, {'y': 18.902, 'x': -33.943, 'yaw': 3.142}, None, None
120.55, [info], nurse, sync, received-request, (status=sending-request)
120.55, [info], nurse, sync, request-sent, (status=waiting)
120.55, [info], nurse, sync, wait-message, (status=message-received)
130.09, [INFO], robot4, {'battery-level': '9.76'}, None, None
130.09, [INFO], robot4, {'y': 17.747, 'x': -35.11, 'yaw': -3.142}, None, None
140.08, [INFO], robot4, {'battery-level': '9.16'}, None, None
140.08, [INFO], robot4, {'y': 17.791, 'x': -36.959, 'yaw': 3.142}, None, None
150.02, [INFO], robot4, {'y': 17.16, 'x': -37.114, 'yaw': 3.142}, None, None
150.02, [INFO], robot4, {'battery-level': '8.56'}, None, None
160.01, [INFO], robot4, {'y': 17.333, 'x': -36.929, 'yaw': 3.14}, None, None
160.01, [INFO], robot4, {'battery-level': '7.96'}, None, None
170.09, [INFO], robot4, {'y': 17.299, 'x': -36.839, 'yaw': -3.141}, None, None
170.09, [INFO], robot4, {'battery-level': '7.36'}, None, None
180.07, [INFO], robot4, {'battery-level': '6.76'}, None, None
180.07, [INFO], robot4, {'y': 17.194, 'x': -37.01, 'yaw': -3.141}, None, None
190.08, [INFO], robot4, {'y': 17.245, 'x': -37.014, 'yaw': -3.142}, None, None
190.08, [INFO], robot4, {'battery-level': '6.16'}, None, None
200.07, [INFO], robot4, {'y': 17.198, 'x': -36.86, 'yaw': -3.141}, None, None
200.07, [INFO], robot4, {'battery-level': '5.56'}, None, None
210.03, [WARN], robot4, LOWBATT, None, None
210.03, [INFO], robot4, {'y': 17.368, 'x': -37.036, 'yaw': 3.141}, None, None
210.03, [WARN], None, end!, None, None
220.03, [INFO], robot4, {'y': 17.258, 'x': -36.825, 'yaw': -3.142}, None, None
230.06, [INFO], robot4, {'y': 17.473, 'x': -37.058, 'yaw': -3.141}, None, None
