0.00, [DEBUG], nurse, NURSE_CONFIG={'location': 'IC Room 2', 'position': [-38.0, 21.5, 0.0]}, None, None
0.13, [DEBUG], logger, ROBOTS_CONFIG={'avg_speed': 0.15, 'battery_charge': 0.17496190705907763, 'battery_discharge_rate': 0.00026000000000000003, 'id': 4, 'local_plan': [['navigation', ['IC Room 2', [[-32.88, 33.98, 3.14], [-37.0, 33.98], [-37.0, 21.5], [-38.0, 21.5, 0.0]]], 'navto_room'], ['approach_person', ['nurse'], 'approach_nurse'], ['authenticate_person', ['nurse'], 'authenticate_nurse'], ['operate_drawer', ['open'], 'open_drawer_for_nurse'], ['send_message', ['nurse'], 'notify_nurse_of_open_drawer_for_nurse_completed'], ['wait_message', ['nurse'], 'wait_nurse_to_complete_deposit'], ['operate_drawer', ['close'], 'close_drawer_nurse'], ['navigation', ['Laboratory', [[-38.0, 21.5, 0.0], [-37.0, 21.5], [-37.0, 16.0], [-26.0, 16.0], [-26.0, 13.0, 1.57]]], 'navto_lab'], ['approach_robot', ['lab_arm'], 'approach_arm'], ['operate_drawer', ['open'], 'open_drawer_lab'], ['send_message', ['lab_arm'], 'notify_lab_arm_of_open_drawer_lab_completed'], ['wait_message', ['lab_arm'], 'wait_lab_arm_to_complete_pick_up_sample'], ['operate_drawer', ['close'], 'close_drawer_lab']], 'location': 'IC Room 5', 'name': 'r4', 'position': [-32.88, 33.98, 3.14], 'skills': ['approach_person', 'approach_robot', 'authenticate_person', 'navigation', 'operate_drawer']}, None, None
0.13, [DEBUG], logger, Simulation open, None, None
10.09, [INFO], robot4, {'battery-level': '17.26'}, None, None
10.09, [INFO], robot4, {'y': 34.108, 'x': -33.302, 'yaw': -3.142}, None, None
20.05, [INFO], robot4, {'battery-level': '17.00'}, None, None
20.05, [INFO], robot4, {'y': 34.729, 'x': -35.316, 'yaw': 3.142}, None, None
30.04, [INFO], robot4, {'y': 33.611, 'x': -36.899, 'yaw': -3.142}, None, None
30.04, [INFO], robot4, {'battery-level': '16.74'}, None, None
40.01, [INFO], robot4, {'battery-level': '16.48'}, None, None
40.01, [INFO], robot4, {'y': 31.522, 'x': -36.823, 'yaw': 3.14}, None, None
50.09, [INFO], robot4, {'y': 29.387, 'x': -36.876, 'yaw': 3.14}, None, None
50.09, [INFO], robot4, {'battery-level': '16.22'}, None, None
60.07, [INFO], robot4, {'y': 27.282, 'x': -36.945, 'yaw': 3.142}, None, None
60.07, [INFO], robot4, {'battery-level': '15.96'}, None, None
70.05, [INFO], robot4, {'y': 25.17, 'x': -36.947, 'yaw': 3.142}, None, None
70.05, [INFO], robot4, {'battery-level': '15.70'}, None, None
80.03, [INFO], robot4, {'y': 23.068, 'x': -37.008, 'yaw': 3.14}, None, None
80.03, [INFO], robot4, {'battery-level': '15.44'}, None, None
90.08, [INFO], robot4, {'y': 21.213, 'x': -37.567, 'yaw': 3.141}, None, None
90.08, [INFO], robot4, {'battery-level': '15.18'}, None, None
100.05, [INFO], robot4, {'battery-level': '14.92'}, None, None
100.05, [INFO], robot4, {'y': 21.405, 'x': -38.084, 'yaw': -3.141}, None, None
105.36, [info], nurse, sync, received-request, (status=sending-request)
105.36, [info], nurse, sync, request-sent, (status=waiting)
105.36, [info], nurse, sync, wait-message, (status=message-received)
110.02, [INFO], robot4, {'battery-level': '14.66'}, None, None
110.02, [INFO], robot4, {'y': 21.46, 'x': -37.377, 'yaw': -3.138}, None, None
120.09, [INFO], robot4, {'y': 19.359, 'x': -37.126, 'yaw': 3.142}, None, None
120.09, [INFO], robot4, {'battery-level': '14.40'}, None, None
130.07, [INFO], robot4, {'y': 17.243, 'x': -37.092, 'yaw': 3.141}, None, None
130.07, [INFO], robot4, {'battery-level': '14.14'}, None, None
140.04, [INFO], robot4, {'battery-level': '13.88'}, None, None
140.04, [INFO], robot4, {'y': 15.865, 'x': -36.026, 'yaw': 3.141}, None, None
150.02, [INFO], robot4, {'battery-level': '13.62'}, None, None
150.02, [INFO], robot4, {'y': 15.379, 'x': -33.956, 'yaw': -3.142}, None, None
160.00, [INFO], robot4, {'battery-level': '13.36'}, None, None
160.00, [INFO], robot4, {'y': 15.513, 'x': -31.844, 'yaw': -3.141}, None, None
170.08, [INFO], robot4, {'y': 15.642, 'x': -29.708, 'yaw': 3.142}, None, None
170.08, [INFO], robot4, {'battery-level': '13.10'}, None, None
180.05, [INFO], robot4, {'y': 15.736, 'x': -27.609, 'yaw': -3.142}, None, None
180.05, [INFO], robot4, {'battery-level': '12.84'}, None, None
190.03, [INFO], robot4, {'y': 15.119, 'x': -25.874, 'yaw': 3.141}, None, None
190.03, [INFO], robot4, {'battery-level': '12.58'}, None, None
200.08, [INFO], robot4, {'battery-level': '12.32'}, None, None
200.08, [INFO], robot4, {'y': 13.095, 'x': -25.859, 'yaw': -3.142}, None, None
210.03, [INFO], robot4, {'battery-level': '12.06'}, None, None
210.03, [INFO], robot4, {'y': 12.885, 'x': -25.997, 'yaw': -3.141}, None, None
212.68, [info], lab_arm, sync, wait-message, (status=message-received)
213.63, [WARN], robot4, SUCCESS, None, None
220.01, [INFO], robot4, {'y': 12.887, 'x': -25.995, 'yaw': 3.142}, None, None
220.01, [INFO], robot4, {'battery-level': '11.80'}, None, None
230.09, [INFO], robot4, {'y': 12.887, 'x': -25.995, 'yaw': -3.142}, None, None
230.09, [INFO], robot4, {'battery-level': '11.54'}, None, None
