0.00, [DEBUG], nurse, NURSE_CONFIG={'location': 'IC Room 6', 'position': [-33.9, 18.93, 3.14]}, None, None
0.00, [DEBUG], logger, ROBOTS_CONFIG={'avg_speed': 0.15, 'battery_charge': 0.17496190705907763, 'battery_discharge_rate': 0.00026000000000000003, 'id': 4, 'local_plan': [['navigation', ['IC Room 6', [[-39.44, 33.95, 0.0], [-37.0, 33.95], [-37.0, 18.93], [-33.9, 18.93, 3.14]]], 'navto_room'], ['approach_person', ['nurse'], 'approach_nurse'], ['authenticate_person', ['nurse'], 'authenticate_nurse'], ['operate_drawer', ['open'], 'open_drawer_for_nurse'], ['send_message', ['nurse'], 'notify_nurse_of_open_drawer_for_nurse_completed'], ['wait_message', ['nurse'], 'wait_nurse_to_complete_deposit'], ['operate_drawer', ['close'], 'close_drawer_nurse'], ['navigation', ['Laboratory', [[-33.9, 18.93, 3.14], [-37.0, 18.93], [-37.0, 16.0], [-26.0, 16.0], [-26.0, 13.0, 1.57]]], 'navto_lab'], ['approach_robot', ['lab_arm'], 'approach_arm'], ['operate_drawer', ['open'], 'open_drawer_lab'], ['send_message', ['lab_arm'], 'notify_lab_arm_of_open_drawer_lab_completed'], ['wait_message', ['lab_arm'], 'wait_lab_arm_to_complete_pick_up_sample'], ['operate_drawer', ['close'], 'close_drawer_lab']], 'location': 'IC Room 4', 'name': 'r4', 'position': [-39.44, 33.95, 0.0], 'skills': ['approach_person', 'approach_robot', 'authenticate_person', 'navigation', 'operate_drawer']}, None, None
0.00, [DEBUG], logger, Simulation open, None, None
10.07, [INFO], robot4, {'battery-level': '17.26'}, None, None
10.07, [INFO], robot4, {'y': 33.901, 'x': -39.433, 'yaw': -3.142}, None, None
20.07, [INFO], robot4, {'battery-level': '17.00'}, None, None
20.07, [INFO], robot4, {'y': 34.259, 'x': -38.718, 'yaw': 3.141}, None, None
30.08, [INFO], robot4, {'y': 33.739, 'x': -37.068, 'yaw': -3.142}, None, None
30.08, [INFO], robot4, {'battery-level': '16.74'}, None, None
40.08, [INFO], robot4, {'y': 31.624, 'x': -37.043, 'yaw': 3.14}, None, None
40.08, [INFO], robot4, {'battery-level': '16.48'}, None, None
50.01, [INFO], robot4, {'battery-level': '16.22'}, None, None
50.01, [INFO], robot4, {'y': 29.501, 'x': -37.03, 'yaw': 3.14}, None, None
60.00, [INFO], robot4, {'y': 27.392, 'x': -36.987, 'yaw': 3.141}, None, None
60.00, [INFO], robot4, {'battery-level': '15.96'}, None, None
70.01, [INFO], robot4, {'battery-level': '15.70'}, None, None
70.01, [INFO], robot4, {'y': 25.272, 'x': -37.003, 'yaw': 3.142}, None, None
80.02, [INFO], robot4, {'battery-level': '15.44'}, None, None
80.02, [INFO], robot4, {'y': 23.163, 'x': -37.018, 'yaw': 3.141}, None, None
90.09, [INFO], robot4, {'battery-level': '15.18'}, None, None
90.09, [INFO], robot4, {'y': 21.033, 'x': -37.127, 'yaw': -3.136}, None, None
100.09, [INFO], robot4, {'battery-level': '14.92'}, None, None
100.09, [INFO], robot4, {'y': 18.908, 'x': -37.026, 'yaw': 3.142}, None, None
110.08, [INFO], robot4, {'y': 17.65, 'x': -35.343, 'yaw': -3.14}, None, None
110.08, [INFO], robot4, {'battery-level': '14.66'}, None, None
120.01, [INFO], robot4, {'y': 18.863, 'x': -34.016, 'yaw': 3.142}, None, None
120.01, [INFO], robot4, {'battery-level': '14.40'}, None, None
128.68, [info], nurse, sync, received-request, (status=sending-request)
128.68, [info], nurse, sync, request-sent, (status=waiting)
128.68, [info], nurse, sync, wait-message, (status=message-received)
130.02, [INFO], robot4, {'battery-level': '14.14'}, None, None
130.02, [INFO], robot4, {'y': 18.947, 'x': -33.983, 'yaw': 3.141}, None, None
140.02, [INFO], robot4, {'y': 17.772, 'x': -35.502, 'yaw': -3.141}, None, None
140.02, [INFO], robot4, {'battery-level': '13.88'}, None, None
150.03, [INFO], robot4, {'y': 18.019, 'x': -36.192, 'yaw': -3.14}, None, None
150.03, [INFO], robot4, {'battery-level': '13.62'}, None, None
160.05, [INFO], robot4, {'y': 17.732, 'x': -37.016, 'yaw': 3.141}, None, None
160.05, [INFO], robot4, {'battery-level': '13.36'}, None, None
170.06, [INFO], robot4, {'battery-level': '13.10'}, None, None
170.06, [INFO], robot4, {'y': 17.211, 'x': -37.13, 'yaw': 3.141}, None, None
180.05, [INFO], robot4, {'battery-level': '12.84'}, None, None
180.05, [INFO], robot4, {'y': 17.481, 'x': -36.882, 'yaw': 3.141}, None, None
190.07, [INFO], robot4, {'battery-level': '12.58'}, None, None
190.07, [INFO], robot4, {'y': 17.248, 'x': -37.111, 'yaw': 3.141}, None, None
200.07, [INFO], robot4, {'battery-level': '12.32'}, None, None
200.07, [INFO], robot4, {'y': 17.253, 'x': -36.912, 'yaw': 3.14}, None, None
210.06, [INFO], robot4, {'y': 17.252, 'x': -37.035, 'yaw': -3.141}, None, None
210.06, [INFO], robot4, {'battery-level': '12.06'}, None, None
220.04, [INFO], robot4, {'y': 17.387, 'x': -37.024, 'yaw': 3.141}, None, None
220.04, [INFO], robot4, {'battery-level': '11.80'}, None, None
230.03, [INFO], robot4, {'battery-level': '11.54'}, None, None
230.03, [INFO], robot4, {'y': 17.19, 'x': -37.025, 'yaw': 3.141}, None, None
240.02, [INFO], robot4, {'y': 17.264, 'x': -36.942, 'yaw': -3.141}, None, None
240.02, [INFO], robot4, {'battery-level': '11.28'}, None, None
250.03, [INFO], robot4, {'battery-level': '11.02'}, None, None
250.03, [INFO], robot4, {'y': 17.306, 'x': -37.038, 'yaw': 3.142}, None, None
260.01, [INFO], robot4, {'battery-level': '10.76'}, None, None
260.01, [INFO], robot4, {'y': 17.27, 'x': -36.845, 'yaw': 3.142}, None, None
270.02, [INFO], robot4, {'y': 17.4, 'x': -37.046, 'yaw': -3.142}, None, None
270.02, [INFO], robot4, {'battery-level': '10.50'}, None, None
280.00, [INFO], robot4, {'y': 17.276, 'x': -37.067, 'yaw': 3.141}, None, None
280.00, [INFO], robot4, {'battery-level': '10.24'}, None, None
290.02, [INFO], robot4, {'battery-level': '9.98'}, None, None
290.02, [INFO], robot4, {'y': 17.257, 'x': -37.034, 'yaw': 3.14}, None, None
300.03, [INFO], robot4, {'battery-level': '9.72'}, None, None
300.03, [INFO], robot4, {'y': 17.243, 'x': -37.054, 'yaw': 3.141}, None, None
310.06, [INFO], robot4, {'battery-level': '9.46'}, None, None
310.06, [INFO], robot4, {'y': 17.08, 'x': -36.91, 'yaw': -3.141}, None, None
319.87, [WARN], robot4, SKILL-FAILURE, navigation, navto_lab
320.05, [INFO], robot4, {'y': 17.482, 'x': -37.049, 'yaw': 3.142}, None, None
320.05, [INFO], robot4, {'battery-level': '9.20'}, None, None
