0.00, [DEBUG], nurse, NURSE_CONFIG={'location': 'IC Room 2', 'position': [-38.0, 21.5, 0.0]}, None, None
0.00, [DEBUG], logger, ROBOTS_CONFIG={'avg_speed': 0.15, 'battery_charge': 0.5408465660492595, 'battery_discharge_rate': 0.0005200000000000001, 'id': 6, 'local_plan': [['navigation', ['IC Room 2', [[-33.9, 18.93, 3.14], [-37.0, 18.93], [-37.0, 21.5], [-38.0, 21.5, 0.0]]], 'navto_room'], ['approach_person', ['nurse'], 'approach_nurse'], ['authenticate_person', ['nurse'], 'authenticate_nurse'], ['operate_drawer', ['open'], 'open_drawer_for_nurse'], ['send_message', ['nurse'], 'notify_nurse_of_open_drawer_for_nurse_completed'], ['wait_message', ['nurse'], 'wait_nurse_to_complete_deposit'], ['operate_drawer', ['close'], 'close_drawer_nurse'], ['navigation', ['Laboratory', [[-38.0, 21.5, 0.0], [-37.0, 21.5], [-37.0, 16.0], [-26.0, 16.0], [-26.0, 13.0, 1.57]]], 'navto_lab'], ['approach_robot', ['lab_arm'], 'approach_arm'], ['operate_drawer', ['open'], 'open_drawer_lab'], ['send_message', ['lab_arm'], 'notify_lab_arm_of_open_drawer_lab_completed'], ['wait_message', ['lab_arm'], 'wait_lab_arm_to_complete_pick_up_sample'], ['operate_drawer', ['close'], 'close_drawer_lab']], 'location': 'IC Room 6', 'name': 'r6', 'position': [-33.9, 18.93, 3.14], 'skills': ['approach_person', 'approach_robot', 'authenticate_person', 'navigation', 'operate_drawer']}, None, None
0.00, [DEBUG], logger, Simulation open, None, None
10.03, [INFO], robot6, {'y': 18.666, 'x': -34.261, 'yaw': 3.142}, None, None
10.03, [INFO], robot6, {'battery-level': '53.62'}, None, None
20.03, [INFO], robot6, {'y': 17.83, 'x': -35.946, 'yaw': 3.138}, None, None
20.03, [INFO], robot6, {'battery-level': '53.10'}, None, None
30.06, [INFO], robot6, {'y': 19.549, 'x': -36.934, 'yaw': 3.142}, None, None
30.06, [INFO], robot6, {'battery-level': '52.58'}, None, None
40.07, [INFO], robot6, {'battery-level': '52.06'}, None, None
40.07, [INFO], robot6, {'y': 21.48, 'x': -37.41, 'yaw': 3.136}, None, None
50.01, [INFO], robot6, {'y': 21.437, 'x': -38.12, 'yaw': 3.14}, None, None
50.01, [INFO], robot6, {'battery-level': '51.54'}, None, None
52.91, [info], nurse, sync, received-request, (status=sending-request)
52.91, [info], nurse, sync, request-sent, (status=waiting)
53.10, [info], nurse, sync, wait-message, (status=message-received)
60.02, [INFO], robot6, {'battery-level': '51.02'}, None, None
60.02, [INFO], robot6, {'y': 20.903, 'x': -37.216, 'yaw': -3.142}, None, None
70.09, [INFO], robot6, {'battery-level': '50.50'}, None, None
70.09, [INFO], robot6, {'y': 18.78, 'x': -37.106, 'yaw': -3.142}, None, None
80.09, [INFO], robot6, {'battery-level': '49.98'}, None, None
80.09, [INFO], robot6, {'y': 16.659, 'x': -37.037, 'yaw': 3.141}, None, None
90.03, [INFO], robot6, {'battery-level': '49.46'}, None, None
90.03, [INFO], robot6, {'y': 15.701, 'x': -35.266, 'yaw': -3.142}, None, None
99.96, [INFO], robot6, {'battery-level': '48.94'}, None, None
100.06, [INFO], robot6, {'y': 15.51, 'x': -33.171, 'yaw': 3.141}, None, None
110.07, [INFO], robot6, {'y': 15.581, 'x': -31.057, 'yaw': 3.14}, None, None
110.07, [INFO], robot6, {'battery-level': '48.42'}, None, None
120.05, [INFO], robot6, {'battery-level': '47.90'}, None, None
120.05, [INFO], robot6, {'y': 15.715, 'x': -28.958, 'yaw': 3.141}, None, None
130.03, [INFO], robot6, {'battery-level': '47.38'}, None, None
130.03, [INFO], robot6, {'y': 15.756, 'x': -26.848, 'yaw': 3.142}, None, None
140.02, [INFO], robot6, {'battery-level': '46.86'}, None, None
140.02, [INFO], robot6, {'y': 14.313, 'x': -25.742, 'yaw': 3.139}, None, None
150.00, [INFO], robot6, {'y': 12.916, 'x': -25.947, 'yaw': -3.142}, None, None
150.00, [INFO], robot6, {'battery-level': '46.34'}, None, None
155.09, [info], lab_arm, sync, wait-message, (status=message-received)
156.05, [WARN], robot6, SUCCESS, None, None
160.06, [INFO], robot6, {'y': 12.916, 'x': -25.956, 'yaw': -3.142}, None, None
160.06, [INFO], robot6, {'battery-level': '45.82'}, None, None
170.05, [INFO], robot6, {'y': 12.916, 'x': -25.956, 'yaw': 3.142}, None, None
170.05, [INFO], robot6, {'battery-level': '45.30'}, None, None
