0.00, [DEBUG], logger, ROBOTS_CONFIG={'avg_speed': 0.15, 'battery_charge': 0.7179616530181877, 'battery_discharge_rate': 0.00042, 'id': 5, 'local_plan': [['navigation', ['PC Room 3', [[-33.9, 18.93, 3.14], [-37.0, 18.93], [-37.0, 16.0], [-28.5, 16.0], [-28.5, 18.0, -1.57]]], 'navto_room'], ['approach_person', ['nurse'], 'approach_nurse'], ['authenticate_person', ['nurse'], 'authenticate_nurse'], ['operate_drawer', ['open'], 'open_drawer_for_nurse'], ['send_message', ['nurse'], 'notify_nurse_of_open_drawer_for_nurse_completed'], ['wait_message', ['nurse'], 'wait_nurse_to_complete_deposit'], ['operate_drawer', ['close'], 'close_drawer_nurse'], ['navigation', ['Laboratory', [[-28.5, 18.0, -1.57], [-28.5, 16.0], [-26.0, 16.0], [-26.0, 13.0, 1.57]]], 'navto_lab'], ['approach_robot', ['lab_arm'], 'approach_arm'], ['operate_drawer', ['open'], 'open_drawer_lab'], ['send_message', ['lab_arm'], 'notify_lab_arm_of_open_drawer_lab_completed'], ['wait_message', ['lab_arm'], 'wait_lab_arm_to_complete_pick_up_sample'], ['operate_drawer', ['close'], 'close_drawer_lab']], 'location': 'IC Room 6', 'name': 'r5', 'position': [-33.9, 18.93, 3.14], 'skills': ['approach_person', 'approach_robot', 'authenticate_person', 'navigation', 'operate_drawer']}, None, None
0.00, [DEBUG], logger, Simulation open, None, None
10.03, [INFO], robot5, {'y': 18.928, 'x': -33.902, 'yaw': 3.142}, None, None
10.03, [INFO], robot5, {'battery-level': '71.42'}, None, None
20.06, [INFO], robot5, {'y': 17.779, 'x': -35.312, 'yaw': -3.141}, None, None
20.06, [INFO], robot5, {'battery-level': '71.00'}, None, None
30.07, [INFO], robot5, {'battery-level': '70.58'}, None, None
30.07, [INFO], robot5, {'y': 18.113, 'x': -36.244, 'yaw': -3.136}, None, None
40.09, [INFO], robot5, {'y': 17.381, 'x': -37.042, 'yaw': -3.142}, None, None
40.09, [INFO], robot5, {'battery-level': '70.16'}, None, None
50.05, [INFO], robot5, {'battery-level': '69.74'}, None, None
50.05, [INFO], robot5, {'y': 17.473, 'x': -37.043, 'yaw': -3.141}, None, None
60.00, [INFO], robot5, {'y': 17.424, 'x': -36.896, 'yaw': -3.142}, None, None
60.00, [INFO], robot5, {'battery-level': '69.32'}, None, None
70.04, [INFO], robot5, {'y': 17.285, 'x': -36.778, 'yaw': -3.142}, None, None
70.04, [INFO], robot5, {'battery-level': '68.90'}, None, None
80.01, [INFO], robot5, {'battery-level': '68.48'}, None, None
80.01, [INFO], robot5, {'y': 17.394, 'x': -37.074, 'yaw': -3.141}, None, None
90.06, [INFO], robot5, {'y': 17.636, 'x': -37.124, 'yaw': 3.141}, None, None
90.06, [INFO], robot5, {'battery-level': '68.06'}, None, None
100.01, [INFO], robot5, {'battery-level': '67.64'}, None, None
100.01, [INFO], robot5, {'y': 17.285, 'x': -36.822, 'yaw': 3.142}, None, None
110.06, [INFO], robot5, {'battery-level': '67.22'}, None, None
110.06, [INFO], robot5, {'y': 17.31, 'x': -36.848, 'yaw': -3.141}, None, None
120.01, [INFO], robot5, {'y': 17.224, 'x': -36.99, 'yaw': 3.141}, None, None
120.01, [INFO], robot5, {'battery-level': '66.80'}, None, None
130.07, [INFO], robot5, {'battery-level': '66.38'}, None, None
130.07, [INFO], robot5, {'y': 17.351, 'x': -36.892, 'yaw': -3.141}, None, None
140.00, [INFO], robot5, {'y': 17.407, 'x': -36.873, 'yaw': 3.142}, None, None
140.00, [INFO], robot5, {'battery-level': '65.96'}, None, None
150.05, [INFO], robot5, {'y': 17.292, 'x': -36.779, 'yaw': 3.142}, None, None
150.05, [INFO], robot5, {'battery-level': '65.54'}, None, None
154.20, [WARN], robot5, SKILL-FAILURE, navigation, navto_room
160.07, [INFO], robot5, {'battery-level': '65.12'}, None, None
160.07, [INFO], robot5, {'y': 17.303, 'x': -36.76, 'yaw': -3.142}, None, None
170.06, [INFO], robot5, {'y': 17.303, 'x': -36.76, 'yaw': -3.142}, None, None
170.06, [INFO], robot5, {'battery-level': '64.70'}, None, None
