0.12, [DEBUG], logger, ROBOTS_CONFIG={'avg_speed': 0.15, 'battery_charge': 0.17496190705907763, 'battery_discharge_rate': 0.00026000000000000003, 'id': 4, 'local_plan': [['navigation', ['IC Room 6', [[-39.44, 33.95, 0.0], [-37.0, 33.95], [-37.0, 18.93], [-33.9, 18.93, 3.14]]], 'navto_room'], ['approach_person', ['nurse'], 'approach_nurse'], ['authenticate_person', ['nurse'], 'authenticate_nurse'], ['operate_drawer', ['open'], 'open_drawer_for_nurse'], ['send_message', ['nurse'], 'notify_nurse_of_open_drawer_for_nurse_completed'], ['wait_message', ['nurse'], 'wait_nurse_to_complete_deposit'], ['operate_drawer', ['close'], 'close_drawer_nurse'], ['navigation', ['Laboratory', [[-33.9, 18.93, 3.14], [-37.0, 18.93], [-37.0, 16.0], [-26.0, 16.0], [-26.0, 13.0, 1.57]]], 'navto_lab'], ['approach_robot', ['lab_arm'], 'approach_arm'], ['operate_drawer', ['open'], 'open_drawer_lab'], ['send_message', ['lab_arm'], 'notify_lab_arm_of_open_drawer_lab_completed'], ['wait_message', ['lab_arm'], 'wait_lab_arm_to_complete_pick_up_sample'], ['operate_drawer', ['close'], 'close_drawer_lab']], 'location': 'IC Room 4', 'name': 'r4', 'position': [-39.44, 33.95, 0.0], 'skills': ['approach_person', 'approach_robot', 'authenticate_person', 'navigation', 'operate_drawer']}, None, None
0.12, [DEBUG], logger, Simulation open, None, None
10.04, [INFO], robot4, {'battery-level': '17.26'}, None, None
10.04, [INFO], robot4, {'y': 34.164, 'x': -38.855, 'yaw': 3.138}, None, None
20.08, [INFO], robot4, {'battery-level': '17.00'}, None, None
20.08, [INFO], robot4, {'y': 34.018, 'x': -37.078, 'yaw': 3.139}, None, None
30.01, [INFO], robot4, {'battery-level': '16.74'}, None, None
30.01, [INFO], robot4, {'y': 31.929, 'x': -37.028, 'yaw': 3.141}, None, None
40.03, [INFO], robot4, {'battery-level': '16.48'}, None, None
40.03, [INFO], robot4, {'y': 29.807, 'x': -37.057, 'yaw': 3.141}, None, None
50.05, [INFO], robot4, {'y': 27.687, 'x': -37.0, 'yaw': 3.14}, None, None
50.05, [INFO], robot4, {'battery-level': '16.22'}, None, None
60.09, [INFO], robot4, {'y': 25.562, 'x': -37.035, 'yaw': 3.142}, None, None
60.09, [INFO], robot4, {'battery-level': '15.96'}, None, None
70.04, [INFO], robot4, {'battery-level': '15.70'}, None, None
70.04, [INFO], robot4, {'y': 23.47, 'x': -37.05, 'yaw': 3.141}, None, None
80.09, [INFO], robot4, {'battery-level': '15.44'}, None, None
80.09, [INFO], robot4, {'y': 21.35, 'x': -37.157, 'yaw': 3.142}, None, None
90.01, [INFO], robot4, {'battery-level': '15.18'}, None, None
90.01, [INFO], robot4, {'y': 19.247, 'x': -37.026, 'yaw': 3.139}, None, None
100.03, [INFO], robot4, {'battery-level': '14.92'}, None, None
100.03, [INFO], robot4, {'y': 17.679, 'x': -35.59, 'yaw': 3.141}, None, None
110.08, [INFO], robot4, {'battery-level': '14.66'}, None, None
110.08, [INFO], robot4, {'y': 18.796, 'x': -34.058, 'yaw': 3.142}, None, None
119.64, [info], nurse, sync, received-request, (status=sending-request)
119.64, [info], nurse, sync, request-sent, (status=waiting)
119.64, [info], nurse, sync, wait-message, (status=message-received)
120.03, [INFO], robot4, {'y': 18.944, 'x': -33.946, 'yaw': 3.141}, None, None
120.03, [INFO], robot4, {'battery-level': '14.40'}, None, None
130.06, [INFO], robot4, {'y': 17.78, 'x': -35.317, 'yaw': 3.142}, None, None
130.06, [INFO], robot4, {'battery-level': '14.14'}, None, None
140.05, [INFO], robot4, {'battery-level': '13.88'}, None, None
140.05, [INFO], robot4, {'y': 18.011, 'x': -36.181, 'yaw': -3.136}, None, None
150.06, [INFO], robot4, {'battery-level': '13.62'}, None, None
150.06, [INFO], robot4, {'y': 18.094, 'x': -36.809, 'yaw': 3.142}, None, None
160.08, [INFO], robot4, {'battery-level': '13.36'}, None, None
160.08, [INFO], robot4, {'y': 17.437, 'x': -37.067, 'yaw': 3.141}, None, None
170.01, [INFO], robot4, {'battery-level': '13.10'}, None, None
170.01, [INFO], robot4, {'y': 17.327, 'x': -37.009, 'yaw': 3.141}, None, None
179.98, [INFO], robot4, {'y': 17.397, 'x': -36.903, 'yaw': 3.141}, None, None
180.08, [INFO], robot4, {'battery-level': '12.84'}, None, None
190.02, [INFO], robot4, {'battery-level': '12.58'}, None, None
190.02, [INFO], robot4, {'y': 17.336, 'x': -36.922, 'yaw': 3.141}, None, None
200.06, [INFO], robot4, {'battery-level': '12.32'}, None, None
200.06, [INFO], robot4, {'y': 17.454, 'x': -36.779, 'yaw': 3.141}, None, None
210.09, [INFO], robot4, {'y': 17.263, 'x': -37.103, 'yaw': -3.142}, None, None
210.09, [INFO], robot4, {'battery-level': '12.06'}, None, None
220.02, [INFO], robot4, {'battery-level': '11.80'}, None, None
220.02, [INFO], robot4, {'y': 17.462, 'x': -36.833, 'yaw': 3.141}, None, None
230.02, [INFO], robot4, {'y': 17.526, 'x': -36.863, 'yaw': 3.14}, None, None
230.02, [INFO], robot4, {'battery-level': '11.54'}, None, None
240.03, [INFO], robot4, {'y': 17.201, 'x': -37.112, 'yaw': 3.141}, None, None
240.03, [INFO], robot4, {'battery-level': '11.28'}, None, None
250.06, [INFO], robot4, {'y': 17.299, 'x': -36.923, 'yaw': -3.141}, None, None
250.06, [INFO], robot4, {'battery-level': '11.02'}, None, None
260.07, [INFO], robot4, {'battery-level': '10.76'}, None, None
260.07, [INFO], robot4, {'y': 17.325, 'x': -36.836, 'yaw': -3.142}, None, None
270.07, [INFO], robot4, {'battery-level': '10.50'}, None, None
270.07, [INFO], robot4, {'y': 17.476, 'x': -36.881, 'yaw': 3.141}, None, None
280.00, [INFO], robot4, {'battery-level': '10.24'}, None, None
280.00, [INFO], robot4, {'y': 17.31, 'x': -36.741, 'yaw': -3.141}, None, None
290.03, [INFO], robot4, {'battery-level': '9.98'}, None, None
290.03, [INFO], robot4, {'y': 17.392, 'x': -36.919, 'yaw': -3.142}, None, None
300.05, [INFO], robot4, {'battery-level': '9.72'}, None, None
300.05, [INFO], robot4, {'y': 17.212, 'x': -36.994, 'yaw': 3.141}, None, None
310.00, [INFO], robot4, {'battery-level': '9.46'}, None, None
310.00, [INFO], robot4, {'y': 17.313, 'x': -36.86, 'yaw': -3.141}, None, None
315.51, [WARN], robot4, SKILL-FAILURE, navigation, navto_lab
