0.20, [DEBUG], logger, ROBOTS_CONFIG={'avg_speed': 0.15, 'battery_charge': 0.634952869577942, 'battery_discharge_rate': 0.0006000000000000001, 'id': 2, 'local_plan': [['navigation', ['IC Room 6', [[-19.0, 18.0, -1.57], [-19.0, 16.0], [-37.0, 16.0], [-37.0, 18.93], [-33.9, 18.93, 3.14]]], 'navto_room'], ['approach_person', ['nurse'], 'approach_nurse'], ['authenticate_person', ['nurse'], 'authenticate_nurse'], ['operate_drawer', ['open'], 'open_drawer_for_nurse'], ['send_message', ['nurse'], 'notify_nurse_of_open_drawer_for_nurse_completed'], ['wait_message', ['nurse'], 'wait_nurse_to_complete_deposit'], ['operate_drawer', ['close'], 'close_drawer_nurse'], ['navigation', ['Laboratory', [[-33.9, 18.93, 3.14], [-37.0, 18.93], [-37.0, 16.0], [-26.0, 16.0], [-26.0, 13.0, 1.57]]], 'navto_lab'], ['approach_robot', ['lab_arm'], 'approach_arm'], ['operate_drawer', ['open'], 'open_drawer_lab'], ['send_message', ['lab_arm'], 'notify_lab_arm_of_open_drawer_lab_completed'], ['wait_message', ['lab_arm'], 'wait_lab_arm_to_complete_pick_up_sample'], ['operate_drawer', ['close'], 'close_drawer_lab']], 'location': 'PC Room 6', 'name': 'r2', 'position': [-19.0, 18.0, -1.57], 'skills': ['approach_person', 'approach_robot', 'authenticate_person', 'navigation', 'operate_drawer']}, None, None
0.20, [DEBUG], logger, Simulation open, None, None
10.04, [INFO], robot2, {'battery-level': '62.96'}, None, None
10.04, [INFO], robot2, {'y': 18.139, 'x': -19.006, 'yaw': 3.141}, None, None
20.06, [INFO], robot2, {'battery-level': '62.36'}, None, None
20.06, [INFO], robot2, {'y': 17.046, 'x': -19.379, 'yaw': -3.139}, None, None
30.00, [INFO], robot2, {'y': 16.044, 'x': -20.591, 'yaw': 3.141}, None, None
30.00, [INFO], robot2, {'battery-level': '61.76'}, None, None
40.06, [INFO], robot2, {'battery-level': '61.16'}, None, None
40.06, [INFO], robot2, {'y': 16.002, 'x': -22.718, 'yaw': 3.141}, None, None
50.00, [INFO], robot2, {'y': 15.93, 'x': -24.821, 'yaw': 3.141}, None, None
50.00, [INFO], robot2, {'battery-level': '60.56'}, None, None
60.05, [INFO], robot2, {'y': 15.988, 'x': -26.929, 'yaw': -3.142}, None, None
60.05, [INFO], robot2, {'battery-level': '59.96'}, None, None
70.01, [INFO], robot2, {'battery-level': '59.36'}, None, None
70.01, [INFO], robot2, {'y': 16.096, 'x': -29.035, 'yaw': -3.142}, None, None
80.07, [INFO], robot2, {'y': 15.997, 'x': -31.179, 'yaw': 3.141}, None, None
80.07, [INFO], robot2, {'battery-level': '58.76'}, None, None
90.04, [INFO], robot2, {'battery-level': '58.16'}, None, None
90.04, [INFO], robot2, {'y': 15.713, 'x': -33.278, 'yaw': 3.137}, None, None
100.09, [INFO], robot2, {'battery-level': '57.56'}, None, None
100.09, [INFO], robot2, {'y': 15.498, 'x': -35.384, 'yaw': -3.142}, None, None
110.05, [INFO], robot2, {'battery-level': '56.96'}, None, None
110.05, [INFO], robot2, {'y': 16.65, 'x': -36.669, 'yaw': -3.142}, None, None
120.00, [INFO], robot2, {'battery-level': '56.36'}, None, None
120.00, [INFO], robot2, {'y': 17.555, 'x': -36.74, 'yaw': 3.142}, None, None
130.06, [INFO], robot2, {'battery-level': '55.76'}, None, None
130.06, [INFO], robot2, {'y': 17.774, 'x': -35.985, 'yaw': 3.139}, None, None
140.02, [INFO], robot2, {'battery-level': '55.16'}, None, None
140.02, [INFO], robot2, {'y': 18.015, 'x': -35.84, 'yaw': 3.142}, None, None
150.09, [INFO], robot2, {'battery-level': '54.56'}, None, None
150.09, [INFO], robot2, {'y': 18.189, 'x': -35.729, 'yaw': 3.141}, None, None
160.06, [INFO], robot2, {'battery-level': '53.96'}, None, None
160.06, [INFO], robot2, {'y': 18.271, 'x': -35.857, 'yaw': -3.141}, None, None
170.01, [INFO], robot2, {'y': 18.339, 'x': -35.679, 'yaw': -3.136}, None, None
170.01, [INFO], robot2, {'battery-level': '53.36'}, None, None
180.06, [INFO], robot2, {'battery-level': '52.76'}, None, None
180.06, [INFO], robot2, {'y': 18.042, 'x': -35.616, 'yaw': -3.136}, None, None
180.06, [WARN], robot2, SKILL-FAILURE, navigation, navto_room
190.03, [INFO], robot2, {'battery-level': '52.16'}, None, None
190.03, [INFO], robot2, {'y': 18.042, 'x': -35.617, 'yaw': -3.136}, None, None
200.00, [INFO], robot2, {'battery-level': '51.56'}, None, None
200.00, [INFO], robot2, {'y': 18.043, 'x': -35.617, 'yaw': -3.136}, None, None
