0.00, [DEBUG], nurse, NURSE_CONFIG={'location': 'IC Room 2', 'position': [-38.0, 21.5, 0.0]}, None, None
0.00, [INFO], robot6, {'battery-level': '54.08'}, None, None
0.00, [DEBUG], logger, ROBOTS_CONFIG={'avg_speed': 0.15, 'battery_charge': 0.5408465660492595, 'battery_discharge_rate': 0.0005200000000000001, 'id': 6, 'local_plan': [['navigation', ['IC Room 2', [[-33.9, 18.93, 3.14], [-37.0, 18.93], [-37.0, 21.5], [-38.0, 21.5, 0.0]]], 'navto_room'], ['approach_person', ['nurse'], 'approach_nurse'], ['authenticate_person', ['nurse'], 'authenticate_nurse'], ['operate_drawer', ['open'], 'open_drawer_for_nurse'], ['send_message', ['nurse'], 'notify_nurse_of_open_drawer_for_nurse_completed'], ['wait_message', ['nurse'], 'wait_nurse_to_complete_deposit'], ['operate_drawer', ['close'], 'close_drawer_nurse'], ['navigation', ['Laboratory', [[-38.0, 21.5, 0.0], [-37.0, 21.5], [-37.0, 16.0], [-26.0, 16.0], [-26.0, 13.0, 1.57]]], 'navto_lab'], ['approach_robot', ['lab_arm'], 'approach_arm'], ['operate_drawer', ['open'], 'open_drawer_lab'], ['send_message', ['lab_arm'], 'notify_lab_arm_of_open_drawer_lab_completed'], ['wait_message', ['lab_arm'], 'wait_lab_arm_to_complete_pick_up_sample'], ['operate_drawer', ['close'], 'close_drawer_lab']], 'location': 'IC Room 6', 'name': 'r6', 'position': [-33.9, 18.93, 3.14], 'skills': ['approach_person', 'approach_robot', 'authenticate_person', 'navigation', 'operate_drawer']}, None, None
0.00, [DEBUG], logger, Simulation open, None, None
10.03, [INFO], robot6, {'battery-level': '53.62'}, None, None
10.03, [INFO], robot6, {'y': 18.632, 'x': -34.279, 'yaw': 3.142}, None, None
20.01, [INFO], robot6, {'battery-level': '53.10'}, None, None
20.01, [INFO], robot6, {'y': 17.926, 'x': -35.99, 'yaw': 3.137}, None, None
30.03, [INFO], robot6, {'battery-level': '52.58'}, None, None
30.03, [INFO], robot6, {'y': 19.673, 'x': -36.944, 'yaw': 3.138}, None, None
40.03, [INFO], robot6, {'battery-level': '52.06'}, None, None
40.03, [INFO], robot6, {'y': 21.531, 'x': -37.501, 'yaw': -3.142}, None, None
49.85, [info], nurse, sync, received-request, (status=sending-request)
49.85, [info], nurse, sync, request-sent, (status=waiting)
49.85, [info], nurse, sync, wait-message, (status=message-received)
50.03, [INFO], robot6, {'battery-level': '51.54'}, None, None
50.03, [INFO], robot6, {'y': 21.473, 'x': -38.095, 'yaw': 3.141}, None, None
60.03, [INFO], robot6, {'battery-level': '51.02'}, None, None
60.03, [INFO], robot6, {'y': 20.276, 'x': -37.204, 'yaw': 3.141}, None, None
70.00, [INFO], robot6, {'y': 18.158, 'x': -37.11, 'yaw': 3.14}, None, None
70.00, [INFO], robot6, {'battery-level': '50.50'}, None, None
80.02, [INFO], robot6, {'y': 16.221, 'x': -36.667, 'yaw': 3.141}, None, None
80.02, [INFO], robot6, {'battery-level': '49.98'}, None, None
90.00, [INFO], robot6, {'battery-level': '49.46'}, None, None
90.00, [INFO], robot6, {'y': 15.424, 'x': -34.677, 'yaw': 3.142}, None, None
100.02, [INFO], robot6, {'battery-level': '48.94'}, None, None
100.02, [INFO], robot6, {'y': 15.53, 'x': -32.557, 'yaw': 3.142}, None, None
110.02, [INFO], robot6, {'y': 15.552, 'x': -30.456, 'yaw': -3.141}, None, None
110.02, [INFO], robot6, {'battery-level': '48.42'}, None, None
120.02, [INFO], robot6, {'y': 15.73, 'x': -28.345, 'yaw': 3.142}, None, None
120.02, [INFO], robot6, {'battery-level': '47.90'}, None, None
130.03, [INFO], robot6, {'y': 15.705, 'x': -26.222, 'yaw': -3.141}, None, None
130.03, [INFO], robot6, {'battery-level': '47.38'}, None, None
140.03, [INFO], robot6, {'battery-level': '46.86'}, None, None
140.03, [INFO], robot6, {'y': 13.721, 'x': -25.723, 'yaw': 3.142}, None, None
150.03, [INFO], robot6, {'battery-level': '46.34'}, None, None
150.03, [INFO], robot6, {'y': 12.898, 'x': -25.982, 'yaw': -3.142}, None, None
152.04, [info], lab_arm, sync, wait-message, (status=message-received)
153.00, [WARN], robot6, SUCCESS, None, None
160.08, [INFO], robot6, {'y': 12.895, 'x': -25.98, 'yaw': -3.142}, None, None
160.08, [INFO], robot6, {'battery-level': '45.82'}, None, None
170.09, [INFO], robot6, {'battery-level': '45.30'}, None, None
170.09, [INFO], robot6, {'y': 12.896, 'x': -25.98, 'yaw': -3.142}, None, None
