0.00, [DEBUG], nurse, NURSE_CONFIG={'location': 'IC Room 6', 'position': [-33.9, 18.93, 3.14]}, None, None
0.00, [INFO], robot1, {'battery-level': '59.15'}, None, None
0.00, [DEBUG], logger, ROBOTS_CONFIG={'avg_speed': 0.15, 'battery_charge': 0.5914703710515797, 'battery_discharge_rate': 0.00048000000000000007, 'id': 1, 'local_plan': [['navigation', ['IC Room 6', [[-11.5, 18.0, -1.57], [-11.5, 16.0], [-37.0, 16.0], [-37.0, 18.93], [-33.9, 18.93, 3.14]]], 'navto_room'], ['approach_person', ['nurse'], 'approach_nurse'], ['authenticate_person', ['nurse'], 'authenticate_nurse'], ['operate_drawer', ['open'], 'open_drawer_for_nurse'], ['send_message', ['nurse'], 'notify_nurse_of_open_drawer_for_nurse_completed'], ['wait_message', ['nurse'], 'wait_nurse_to_complete_deposit'], ['operate_drawer', ['close'], 'close_drawer_nurse'], ['navigation', ['Laboratory', [[-33.9, 18.93, 3.14], [-37.0, 18.93], [-37.0, 16.0], [-26.0, 16.0], [-26.0, 13.0, 1.57]]], 'navto_lab'], ['approach_robot', ['lab_arm'], 'approach_arm'], ['operate_drawer', ['open'], 'open_drawer_lab'], ['send_message', ['lab_arm'], 'notify_lab_arm_of_open_drawer_lab_completed'], ['wait_message', ['lab_arm'], 'wait_lab_arm_to_complete_pick_up_sample'], ['operate_drawer', ['close'], 'close_drawer_lab']], 'location': 'PC Room 8', 'name': 'r1', 'position': [-11.5, 18.0, -1.57], 'skills': ['approach_person', 'approach_robot', 'navigation', 'operate_drawer']}, None, None
0.00, [DEBUG], logger, Simulation open, None, None
10.00, [INFO], robot1, {'battery-level': '58.72'}, None, None
10.00, [INFO], robot1, {'y': 18.0, 'x': -11.5, 'yaw': -3.142}, None, None
20.03, [INFO], robot1, {'battery-level': '58.24'}, None, None
20.03, [INFO], robot1, {'y': 16.866, 'x': -11.732, 'yaw': 3.141}, None, None
30.06, [INFO], robot1, {'y': 16.119, 'x': -13.041, 'yaw': -3.141}, None, None
30.06, [INFO], robot1, {'battery-level': '57.76'}, None, None
40.05, [INFO], robot1, {'battery-level': '57.28'}, None, None
40.05, [INFO], robot1, {'y': 16.176, 'x': -12.766, 'yaw': 3.141}, None, None
50.06, [INFO], robot1, {'battery-level': '56.80'}, None, None
50.06, [INFO], robot1, {'y': 16.167, 'x': -12.955, 'yaw': 3.141}, None, None
60.03, [INFO], robot1, {'y': 16.191, 'x': -13.097, 'yaw': 3.141}, None, None
60.03, [INFO], robot1, {'battery-level': '56.32'}, None, None
70.01, [INFO], robot1, {'battery-level': '55.84'}, None, None
70.01, [INFO], robot1, {'y': 16.114, 'x': -12.836, 'yaw': 3.141}, None, None
80.04, [INFO], robot1, {'y': 16.007, 'x': -12.922, 'yaw': 3.141}, None, None
80.04, [INFO], robot1, {'battery-level': '55.36'}, None, None
90.08, [INFO], robot1, {'y': 16.347, 'x': -13.038, 'yaw': 3.139}, None, None
90.08, [INFO], robot1, {'battery-level': '54.88'}, None, None
100.02, [INFO], robot1, {'battery-level': '54.40'}, None, None
100.02, [INFO], robot1, {'y': 15.877, 'x': -13.049, 'yaw': -3.142}, None, None
110.06, [INFO], robot1, {'y': 16.117, 'x': -12.819, 'yaw': 3.141}, None, None
110.06, [INFO], robot1, {'battery-level': '53.92'}, None, None
120.04, [INFO], robot1, {'battery-level': '53.44'}, None, None
120.04, [INFO], robot1, {'y': 16.313, 'x': -13.087, 'yaw': 3.141}, None, None
130.01, [INFO], robot1, {'y': 16.116, 'x': -12.915, 'yaw': 3.141}, None, None
130.01, [INFO], robot1, {'battery-level': '52.96'}, None, None
140.00, [INFO], robot1, {'y': 16.389, 'x': -12.893, 'yaw': 3.14}, None, None
140.00, [INFO], robot1, {'battery-level': '52.48'}, None, None
150.01, [INFO], robot1, {'y': 16.141, 'x': -13.13, 'yaw': -3.141}, None, None
150.01, [INFO], robot1, {'battery-level': '52.00'}, None, None
160.01, [INFO], robot1, {'battery-level': '51.52'}, None, None
160.01, [INFO], robot1, {'y': 15.986, 'x': -12.817, 'yaw': 3.141}, None, None
170.06, [INFO], robot1, {'battery-level': '51.04'}, None, None
170.06, [INFO], robot1, {'y': 16.404, 'x': -13.008, 'yaw': -3.14}, None, None
174.15, [WARN], robot1, SKILL-FAILURE, navigation, navto_room
