0.00, [INFO], robot4, {'battery-level': '65.21'}, None, None
0.12, [DEBUG], logger, ROBOTS_CONFIG={'avg_speed': 0.15, 'battery_charge': 0.6520875066754872, 'battery_discharge_rate': 0.0006000000000000001, 'id': 4, 'local_plan': [['navigation', ['IC Room 6', [[-39.44, 33.95, 0.0], [-37.0, 33.95], [-37.0, 18.93], [-33.9, 18.93, 3.14]]], 'navto_room'], ['approach_person', ['nurse'], 'approach_nurse'], ['authenticate_person', ['nurse'], 'authenticate_nurse'], ['operate_drawer', ['open'], 'open_drawer_for_nurse'], ['send_message', ['nurse'], 'notify_nurse_of_open_drawer_for_nurse_completed'], ['wait_message', ['nurse'], 'wait_nurse_to_complete_deposit'], ['operate_drawer', ['close'], 'close_drawer_nurse'], ['navigation', ['Laboratory', [[-33.9, 18.93, 3.14], [-37.0, 18.93], [-37.0, 16.0], [-26.0, 16.0], [-26.0, 13.0, 1.57]]], 'navto_lab'], ['approach_robot', ['lab_arm'], 'approach_arm'], ['operate_drawer', ['open'], 'open_drawer_lab'], ['send_message', ['lab_arm'], 'notify_lab_arm_of_open_drawer_lab_completed'], ['wait_message', ['lab_arm'], 'wait_lab_arm_to_complete_pick_up_sample'], ['operate_drawer', ['close'], 'close_drawer_lab']], 'location': 'IC Room 4', 'name': 'r4', 'position': [-39.44, 33.95, 0.0], 'skills': ['approach_person', 'approach_robot', 'authenticate_person', 'navigation', 'operate_drawer']}, None, None
0.12, [DEBUG], logger, Simulation open, None, None
10.08, [INFO], robot4, {'battery-level': '64.67'}, None, None
10.08, [INFO], robot4, {'y': 34.032, 'x': -39.11, 'yaw': 3.141}, None, None
20.02, [INFO], robot4, {'y': 34.251, 'x': -37.2, 'yaw': 3.141}, None, None
20.02, [INFO], robot4, {'battery-level': '64.07'}, None, None
30.07, [INFO], robot4, {'y': 32.152, 'x': -37.012, 'yaw': 3.141}, None, None
30.07, [INFO], robot4, {'battery-level': '63.47'}, None, None
40.02, [INFO], robot4, {'battery-level': '62.87'}, None, None
40.02, [INFO], robot4, {'y': 30.041, 'x': -37.046, 'yaw': 3.141}, None, None
50.08, [INFO], robot4, {'battery-level': '62.27'}, None, None
50.08, [INFO], robot4, {'y': 27.918, 'x': -36.999, 'yaw': 3.141}, None, None
60.01, [INFO], robot4, {'battery-level': '61.67'}, None, None
60.01, [INFO], robot4, {'y': 25.816, 'x': -36.996, 'yaw': 3.142}, None, None
70.05, [INFO], robot4, {'y': 23.7, 'x': -37.013, 'yaw': 3.14}, None, None
70.05, [INFO], robot4, {'battery-level': '61.07'}, None, None
80.09, [INFO], robot4, {'battery-level': '60.47'}, None, None
80.09, [INFO], robot4, {'y': 21.593, 'x': -37.153, 'yaw': 3.141}, None, None
90.04, [INFO], robot4, {'y': 19.491, 'x': -37.087, 'yaw': 3.14}, None, None
90.04, [INFO], robot4, {'battery-level': '59.87'}, None, None
100.09, [INFO], robot4, {'battery-level': '59.27'}, None, None
100.09, [INFO], robot4, {'y': 17.795, 'x': -35.792, 'yaw': 3.141}, None, None
110.05, [INFO], robot4, {'battery-level': '58.67'}, None, None
110.05, [INFO], robot4, {'y': 18.645, 'x': -34.127, 'yaw': -3.142}, None, None
120.07, [INFO], robot4, {'y': 18.952, 'x': -33.896, 'yaw': -3.142}, None, None
120.07, [INFO], robot4, {'battery-level': '58.07'}, None, None
121.42, [info], nurse, sync, received-request, (status=sending-request)
121.42, [info], nurse, sync, request-sent, (status=waiting)
121.42, [info], nurse, sync, wait-message, (status=message-received)
130.01, [INFO], robot4, {'y': 17.905, 'x': -34.955, 'yaw': 3.141}, None, None
130.01, [INFO], robot4, {'battery-level': '57.47'}, None, None
140.05, [INFO], robot4, {'battery-level': '56.87'}, None, None
140.05, [INFO], robot4, {'y': 18.008, 'x': -36.804, 'yaw': 3.141}, None, None
150.01, [INFO], robot4, {'y': 17.422, 'x': -36.868, 'yaw': 3.141}, None, None
150.01, [INFO], robot4, {'battery-level': '56.27'}, None, None
160.00, [INFO], robot4, {'battery-level': '55.67'}, None, None
160.00, [INFO], robot4, {'y': 17.356, 'x': -37.057, 'yaw': -3.141}, None, None
170.06, [INFO], robot4, {'y': 17.506, 'x': -36.571, 'yaw': -3.141}, None, None
170.06, [INFO], robot4, {'battery-level': '55.07'}, None, None
180.08, [INFO], robot4, {'battery-level': '54.47'}, None, None
180.08, [INFO], robot4, {'y': 17.482, 'x': -36.925, 'yaw': -3.141}, None, None
190.04, [INFO], robot4, {'battery-level': '53.87'}, None, None
190.04, [INFO], robot4, {'y': 17.312, 'x': -36.73, 'yaw': 3.142}, None, None
200.08, [INFO], robot4, {'battery-level': '53.27'}, None, None
200.08, [INFO], robot4, {'y': 17.342, 'x': -36.955, 'yaw': 3.141}, None, None
210.05, [INFO], robot4, {'battery-level': '52.67'}, None, None
210.05, [INFO], robot4, {'y': 17.196, 'x': -36.78, 'yaw': 3.142}, None, None
220.08, [INFO], robot4, {'battery-level': '52.07'}, None, None
220.08, [INFO], robot4, {'y': 17.117, 'x': -36.765, 'yaw': -3.142}, None, None
230.09, [INFO], robot4, {'y': 17.423, 'x': -36.858, 'yaw': 3.14}, None, None
230.09, [INFO], robot4, {'battery-level': '51.47'}, None, None
240.01, [INFO], robot4, {'battery-level': '50.87'}, None, None
240.01, [INFO], robot4, {'y': 17.318, 'x': -37.077, 'yaw': 3.14}, None, None
250.04, [INFO], robot4, {'battery-level': '50.27'}, None, None
250.04, [INFO], robot4, {'y': 17.288, 'x': -36.972, 'yaw': 3.141}, None, None
260.07, [INFO], robot4, {'battery-level': '49.67'}, None, None
260.07, [INFO], robot4, {'y': 17.332, 'x': -36.861, 'yaw': 3.141}, None, None
270.08, [INFO], robot4, {'battery-level': '49.07'}, None, None
270.08, [INFO], robot4, {'y': 17.448, 'x': -36.968, 'yaw': 3.141}, None, None
280.02, [INFO], robot4, {'battery-level': '48.47'}, None, None
280.02, [INFO], robot4, {'y': 17.181, 'x': -37.043, 'yaw': 3.141}, None, None
290.07, [INFO], robot4, {'battery-level': '47.87'}, None, None
290.07, [INFO], robot4, {'y': 17.273, 'x': -37.04, 'yaw': 3.142}, None, None
300.07, [INFO], robot4, {'battery-level': '47.27'}, None, None
300.07, [INFO], robot4, {'y': 17.319, 'x': -36.832, 'yaw': -3.142}, None, None
307.50, [WARN], robot4, SKILL-FAILURE, navigation, navto_lab
310.05, [INFO], robot4, {'y': 17.276, 'x': -36.857, 'yaw': -3.142}, None, None
310.05, [INFO], robot4, {'battery-level': '46.67'}, None, None
320.02, [INFO], robot4, {'battery-level': '46.07'}, None, None
320.02, [INFO], robot4, {'y': 17.276, 'x': -36.857, 'yaw': 3.142}, None, None
