0.00, [DEBUG], nurse, NURSE_CONFIG={'location': 'IC Room 2', 'position': [-38.0, 21.5, 0.0]}, None, None
0.00, [DEBUG], logger, ROBOTS_CONFIG={'avg_speed': 0.15, 'battery_charge': 0.8344531419634984, 'battery_discharge_rate': 0.00054, 'id': 2, 'local_plan': [['navigation', ['IC Room 2', [[-19.0, 18.0, -1.57], [-19.0, 16.0], [-37.0, 16.0], [-37.0, 21.5], [-38.0, 21.5, 0.0]]], 'navto_room'], ['approach_person', ['nurse'], 'approach_nurse'], ['authenticate_person', ['nurse'], 'authenticate_nurse'], ['operate_drawer', ['open'], 'open_drawer_for_nurse'], ['send_message', ['nurse'], 'notify_nurse_of_open_drawer_for_nurse_completed'], ['wait_message', ['nurse'], 'wait_nurse_to_complete_deposit'], ['operate_drawer', ['close'], 'close_drawer_nurse'], ['navigation', ['Laboratory', [[-38.0, 21.5, 0.0], [-37.0, 21.5], [-37.0, 16.0], [-26.0, 16.0], [-26.0, 13.0, 1.57]]], 'navto_lab'], ['approach_robot', ['lab_arm'], 'approach_arm'], ['operate_drawer', ['open'], 'open_drawer_lab'], ['send_message', ['lab_arm'], 'notify_lab_arm_of_open_drawer_lab_completed'], ['wait_message', ['lab_arm'], 'wait_lab_arm_to_complete_pick_up_sample'], ['operate_drawer', ['close'], 'close_drawer_lab']], 'location': 'PC Room 6', 'name': 'r2', 'position': [-19.0, 18.0, -1.57], 'skills': ['approach_person', 'approach_robot', 'authenticate_person', 'navigation', 'operate_drawer']}, None, None
0.00, [DEBUG], logger, Simulation open, None, None
10.09, [INFO], robot2, {'battery-level': '82.96'}, None, None
10.09, [INFO], robot2, {'y': 17.669, 'x': -19.108, 'yaw': 3.141}, None, None
20.08, [INFO], robot2, {'battery-level': '82.42'}, None, None
20.08, [INFO], robot2, {'y': 16.118, 'x': -20.057, 'yaw': -3.141}, None, None
30.01, [INFO], robot2, {'y': 16.13, 'x': -22.152, 'yaw': 3.142}, None, None
30.01, [INFO], robot2, {'battery-level': '81.88'}, None, None
40.05, [INFO], robot2, {'battery-level': '81.34'}, None, None
40.05, [INFO], robot2, {'y': 16.097, 'x': -24.27, 'yaw': 3.14}, None, None
50.09, [INFO], robot2, {'battery-level': '80.80'}, None, None
50.09, [INFO], robot2, {'y': 16.068, 'x': -26.388, 'yaw': -3.142}, None, None
60.04, [INFO], robot2, {'y': 16.176, 'x': -28.478, 'yaw': -3.142}, None, None
60.04, [INFO], robot2, {'battery-level': '80.26'}, None, None
70.00, [INFO], robot2, {'battery-level': '79.72'}, None, None
70.00, [INFO], robot2, {'y': 16.131, 'x': -30.579, 'yaw': 3.142}, None, None
80.07, [INFO], robot2, {'battery-level': '79.18'}, None, None
80.07, [INFO], robot2, {'y': 15.818, 'x': -32.699, 'yaw': 3.142}, None, None
90.03, [INFO], robot2, {'y': 15.382, 'x': -34.779, 'yaw': -3.142}, None, None
90.03, [INFO], robot2, {'battery-level': '78.64'}, None, None
100.06, [INFO], robot2, {'battery-level': '78.10'}, None, None
100.06, [INFO], robot2, {'y': 15.99, 'x': -36.616, 'yaw': 3.142}, None, None
110.07, [INFO], robot2, {'battery-level': '77.56'}, None, None
110.07, [INFO], robot2, {'y': 18.107, 'x': -36.621, 'yaw': -3.142}, None, None
120.08, [INFO], robot2, {'y': 20.23, 'x': -36.816, 'yaw': 3.141}, None, None
120.08, [INFO], robot2, {'battery-level': '77.02'}, None, None
130.01, [INFO], robot2, {'battery-level': '76.48'}, None, None
130.01, [INFO], robot2, {'y': 21.51, 'x': -37.946, 'yaw': 3.142}, None, None
137.85, [info], nurse, sync, received-request, (status=sending-request)
137.85, [info], nurse, sync, request-sent, (status=waiting)
137.95, [info], nurse, sync, wait-message, (status=message-received)
140.01, [INFO], robot2, {'battery-level': '75.94'}, None, None
140.01, [INFO], robot2, {'y': 21.439, 'x': -37.897, 'yaw': -3.14}, None, None
150.08, [INFO], robot2, {'battery-level': '75.40'}, None, None
150.08, [INFO], robot2, {'y': 19.787, 'x': -37.194, 'yaw': 3.142}, None, None
160.04, [INFO], robot2, {'battery-level': '74.86'}, None, None
160.04, [INFO], robot2, {'y': 17.68, 'x': -37.093, 'yaw': 3.14}, None, None
170.01, [INFO], robot2, {'battery-level': '74.32'}, None, None
170.01, [INFO], robot2, {'y': 15.998, 'x': -36.335, 'yaw': 3.142}, None, None
180.06, [INFO], robot2, {'battery-level': '73.78'}, None, None
180.06, [INFO], robot2, {'y': 15.334, 'x': -34.283, 'yaw': -3.141}, None, None
189.95, [INFO], robot2, {'battery-level': '73.24'}, None, None
190.05, [INFO], robot2, {'y': 15.497, 'x': -32.165, 'yaw': 3.142}, None, None
200.02, [INFO], robot2, {'y': 15.609, 'x': -30.06, 'yaw': 3.141}, None, None
200.02, [INFO], robot2, {'battery-level': '72.70'}, None, None
210.07, [INFO], robot2, {'battery-level': '72.16'}, None, None
210.07, [INFO], robot2, {'y': 15.745, 'x': -27.937, 'yaw': -3.141}, None, None
220.07, [INFO], robot2, {'y': 15.3, 'x': -26.081, 'yaw': 3.142}, None, None
220.07, [INFO], robot2, {'battery-level': '71.62'}, None, None
230.03, [INFO], robot2, {'y': 13.235, 'x': -25.712, 'yaw': -3.142}, None, None
230.03, [INFO], robot2, {'battery-level': '71.08'}, None, None
239.30, [info], lab_arm, sync, wait-message, (status=message-received)
240.08, [INFO], robot2, {'battery-level': '70.54'}, None, None
240.08, [INFO], robot2, {'y': 12.902, 'x': -25.954, 'yaw': 3.141}, None, None
240.28, [WARN], robot2, SUCCESS, None, None
250.07, [INFO], robot2, {'y': 12.902, 'x': -25.954, 'yaw': 3.142}, None, None
250.07, [INFO], robot2, {'battery-level': '70.00'}, None, None
260.07, [INFO], robot2, {'y': 12.902, 'x': -25.954, 'yaw': 3.142}, None, None
260.07, [INFO], robot2, {'battery-level': '69.46'}, None, None
