0.00, [INFO], robot4, {'battery-level': '65.21'}, None, None
0.12, [DEBUG], logger, ROBOTS_CONFIG={'avg_speed': 0.15, 'battery_charge': 0.6520875066754872, 'battery_discharge_rate': 0.0006000000000000001, 'id': 4, 'local_plan': [['navigation', ['IC Room 2', [[-32.88, 33.98, 3.14], [-37.0, 33.98], [-37.0, 21.5], [-38.0, 21.5, 0.0]]], 'navto_room'], ['approach_person', ['nurse'], 'approach_nurse'], ['authenticate_person', ['nurse'], 'authenticate_nurse'], ['operate_drawer', ['open'], 'open_drawer_for_nurse'], ['send_message', ['nurse'], 'notify_nurse_of_open_drawer_for_nurse_completed'], ['wait_message', ['nurse'], 'wait_nurse_to_complete_deposit'], ['operate_drawer', ['close'], 'close_drawer_nurse'], ['navigation', ['Laboratory', [[-38.0, 21.5, 0.0], [-37.0, 21.5], [-37.0, 16.0], [-26.0, 16.0], [-26.0, 13.0, 1.57]]], 'navto_lab'], ['approach_robot', ['lab_arm'], 'approach_arm'], ['operate_drawer', ['open'], 'open_drawer_lab'], ['send_message', ['lab_arm'], 'notify_lab_arm_of_open_drawer_lab_completed'], ['wait_message', ['lab_arm'], 'wait_lab_arm_to_complete_pick_up_sample'], ['operate_drawer', ['close'], 'close_drawer_lab']], 'location': 'IC Room 5', 'name': 'r4', 'position': [-32.88, 33.98, 3.14], 'skills': ['approach_person', 'approach_robot', 'authenticate_person', 'navigation', 'operate_drawer']}, None, None
0.12, [DEBUG], logger, Simulation open, None, None
10.05, [INFO], robot4, {'battery-level': '64.67'}, None, None
10.05, [INFO], robot4, {'y': 34.13, 'x': -33.339, 'yaw': 3.142}, None, None
20.08, [INFO], robot4, {'battery-level': '64.07'}, None, None
20.08, [INFO], robot4, {'y': 34.641, 'x': -35.365, 'yaw': 3.142}, None, None
30.02, [INFO], robot4, {'battery-level': '63.47'}, None, None
30.02, [INFO], robot4, {'y': 33.499, 'x': -36.96, 'yaw': 3.142}, None, None
40.07, [INFO], robot4, {'y': 31.371, 'x': -36.867, 'yaw': -3.142}, None, None
40.07, [INFO], robot4, {'battery-level': '62.87'}, None, None
50.06, [INFO], robot4, {'battery-level': '62.27'}, None, None
50.06, [INFO], robot4, {'y': 29.266, 'x': -36.893, 'yaw': -3.142}, None, None
60.04, [INFO], robot4, {'battery-level': '61.67'}, None, None
60.04, [INFO], robot4, {'y': 27.169, 'x': -36.947, 'yaw': 3.142}, None, None
70.08, [INFO], robot4, {'y': 25.064, 'x': -37.03, 'yaw': 3.141}, None, None
70.08, [INFO], robot4, {'battery-level': '61.07'}, None, None
80.01, [INFO], robot4, {'y': 22.97, 'x': -37.077, 'yaw': 3.141}, None, None
80.01, [INFO], robot4, {'battery-level': '60.47'}, None, None
90.06, [INFO], robot4, {'y': 21.261, 'x': -37.741, 'yaw': -3.142}, None, None
90.06, [INFO], robot4, {'battery-level': '59.87'}, None, None
100.09, [INFO], robot4, {'battery-level': '59.27'}, None, None
100.09, [INFO], robot4, {'y': 21.384, 'x': -38.044, 'yaw': -3.137}, None, None
106.05, [info], nurse, sync, received-request, (status=sending-request)
106.05, [info], nurse, sync, request-sent, (status=waiting)
106.15, [info], nurse, sync, wait-message, (status=message-received)
110.08, [INFO], robot4, {'y': 21.491, 'x': -37.479, 'yaw': -3.141}, None, None
110.08, [INFO], robot4, {'battery-level': '58.67'}, None, None
120.08, [INFO], robot4, {'battery-level': '58.07'}, None, None
120.08, [INFO], robot4, {'y': 19.507, 'x': -37.187, 'yaw': 3.137}, None, None
130.07, [INFO], robot4, {'y': 17.384, 'x': -37.106, 'yaw': 3.14}, None, None
130.07, [INFO], robot4, {'battery-level': '57.47'}, None, None
140.00, [INFO], robot4, {'battery-level': '56.87'}, None, None
140.00, [INFO], robot4, {'y': 15.726, 'x': -36.334, 'yaw': 3.141}, None, None
150.04, [INFO], robot4, {'battery-level': '56.27'}, None, None
150.04, [INFO], robot4, {'y': 15.359, 'x': -34.223, 'yaw': -3.141}, None, None
160.05, [INFO], robot4, {'battery-level': '55.67'}, None, None
160.05, [INFO], robot4, {'y': 15.48, 'x': -32.1, 'yaw': -3.142}, None, None
170.08, [INFO], robot4, {'y': 15.621, 'x': -29.981, 'yaw': -3.142}, None, None
170.08, [INFO], robot4, {'battery-level': '55.07'}, None, None
180.02, [INFO], robot4, {'battery-level': '54.47'}, None, None
180.02, [INFO], robot4, {'y': 15.744, 'x': -27.885, 'yaw': 3.141}, None, None
190.04, [INFO], robot4, {'battery-level': '53.87'}, None, None
190.04, [INFO], robot4, {'y': 15.259, 'x': -26.065, 'yaw': 3.142}, None, None
200.07, [INFO], robot4, {'y': 13.194, 'x': -25.77, 'yaw': -3.142}, None, None
200.07, [INFO], robot4, {'battery-level': '53.27'}, None, None
210.08, [INFO], robot4, {'battery-level': '52.67'}, None, None
210.08, [INFO], robot4, {'y': 12.88, 'x': -26.034, 'yaw': -3.142}, None, None
215.95, [info], lab_arm, sync, wait-message, (status=message-received)
216.92, [WARN], robot4, SUCCESS, None, None
220.04, [INFO], robot4, {'y': 12.824, 'x': -25.945, 'yaw': 3.141}, None, None
220.04, [INFO], robot4, {'battery-level': '52.07'}, None, None
230.09, [INFO], robot4, {'battery-level': '51.47'}, None, None
230.09, [INFO], robot4, {'y': 12.824, 'x': -25.945, 'yaw': -3.142}, None, None
