0.00, [INFO], robot2, {'battery-level': '63.50'}, None, None
0.00, [DEBUG], logger, ROBOTS_CONFIG={'avg_speed': 0.15, 'battery_charge': 0.634952869577942, 'battery_discharge_rate': 0.00054, 'id': 2, 'local_plan': [['navigation', ['IC Room 2', [[-19.0, 18.0, -1.57], [-19.0, 16.0], [-37.0, 16.0], [-37.0, 21.5], [-38.0, 21.5, 0.0]]], 'navto_room'], ['approach_person', ['nurse'], 'approach_nurse'], ['authenticate_person', ['nurse'], 'authenticate_nurse'], ['operate_drawer', ['open'], 'open_drawer_for_nurse'], ['send_message', ['nurse'], 'notify_nurse_of_open_drawer_for_nurse_completed'], ['wait_message', ['nurse'], 'wait_nurse_to_complete_deposit'], ['operate_drawer', ['close'], 'close_drawer_nurse'], ['navigation', ['Laboratory', [[-38.0, 21.5, 0.0], [-37.0, 21.5], [-37.0, 16.0], [-26.0, 16.0], [-26.0, 13.0, 1.57]]], 'navto_lab'], ['approach_robot', ['lab_arm'], 'approach_arm'], ['operate_drawer', ['open'], 'open_drawer_lab'], ['send_message', ['lab_arm'], 'notify_lab_arm_of_open_drawer_lab_completed'], ['wait_message', ['lab_arm'], 'wait_lab_arm_to_complete_pick_up_sample'], ['operate_drawer', ['close'], 'close_drawer_lab']], 'location': 'PC Room 6', 'name': 'r2', 'position': [-19.0, 18.0, -1.57], 'skills': ['approach_person', 'approach_robot', 'authenticate_person', 'navigation', 'operate_drawer']}, None, None
0.00, [DEBUG], logger, Simulation open, None, None
10.07, [INFO], robot2, {'y': 18.001, 'x': -18.996, 'yaw': 3.141}, None, None
10.07, [INFO], robot2, {'battery-level': '63.01'}, None, None
20.09, [INFO], robot2, {'battery-level': '62.47'}, None, None
20.09, [INFO], robot2, {'y': 16.872, 'x': -19.394, 'yaw': 3.141}, None, None
30.02, [INFO], robot2, {'y': 16.298, 'x': -20.751, 'yaw': 3.14}, None, None
30.02, [INFO], robot2, {'battery-level': '61.93'}, None, None
39.93, [INFO], robot2, {'battery-level': '61.39'}, None, None
40.03, [INFO], robot2, {'y': 16.247, 'x': -22.865, 'yaw': 3.142}, None, None
50.06, [INFO], robot2, {'y': 16.122, 'x': -24.991, 'yaw': 3.141}, None, None
50.06, [INFO], robot2, {'battery-level': '60.85'}, None, None
60.06, [INFO], robot2, {'battery-level': '60.31'}, None, None
60.06, [INFO], robot2, {'y': 16.106, 'x': -27.103, 'yaw': 3.141}, None, None
70.06, [INFO], robot2, {'y': 16.198, 'x': -29.214, 'yaw': 3.142}, None, None
70.06, [INFO], robot2, {'battery-level': '59.77'}, None, None
80.05, [INFO], robot2, {'y': 16.078, 'x': -31.324, 'yaw': -3.142}, None, None
80.05, [INFO], robot2, {'battery-level': '59.23'}, None, None
90.08, [INFO], robot2, {'y': 15.637, 'x': -33.428, 'yaw': 3.141}, None, None
90.08, [INFO], robot2, {'battery-level': '58.69'}, None, None
100.07, [INFO], robot2, {'battery-level': '58.15'}, None, None
100.07, [INFO], robot2, {'y': 15.44, 'x': -35.515, 'yaw': -3.141}, None, None
110.06, [INFO], robot2, {'y': 16.656, 'x': -36.715, 'yaw': -3.142}, None, None
110.06, [INFO], robot2, {'battery-level': '57.61'}, None, None
120.01, [INFO], robot2, {'battery-level': '57.07'}, None, None
120.01, [INFO], robot2, {'y': 18.751, 'x': -36.782, 'yaw': -3.142}, None, None
130.09, [INFO], robot2, {'battery-level': '56.53'}, None, None
130.09, [INFO], robot2, {'y': 20.892, 'x': -36.958, 'yaw': -3.142}, None, None
140.01, [INFO], robot2, {'battery-level': '55.99'}, None, None
140.01, [INFO], robot2, {'y': 21.499, 'x': -38.096, 'yaw': 3.142}, None, None
150.03, [INFO], robot2, {'battery-level': '55.45'}, None, None
150.03, [INFO], robot2, {'y': 21.445, 'x': -38.122, 'yaw': 3.142}, None, None
151.10, [info], nurse, sync, received-request, (status=sending-request)
151.10, [info], nurse, sync, request-sent, (status=waiting)
151.10, [info], nurse, sync, wait-message, (status=message-received)
160.07, [INFO], robot2, {'battery-level': '54.91'}, None, None
160.07, [INFO], robot2, {'y': 20.502, 'x': -37.225, 'yaw': -3.142}, None, None
170.07, [INFO], robot2, {'battery-level': '54.37'}, None, None
170.07, [INFO], robot2, {'y': 18.392, 'x': -37.124, 'yaw': 3.141}, None, None
180.07, [INFO], robot2, {'y': 16.308, 'x': -36.968, 'yaw': 3.141}, None, None
180.07, [INFO], robot2, {'battery-level': '53.83'}, None, None
190.07, [INFO], robot2, {'battery-level': '53.29'}, None, None
190.07, [INFO], robot2, {'y': 15.545, 'x': -34.968, 'yaw': -3.141}, None, None
200.08, [INFO], robot2, {'battery-level': '52.75'}, None, None
200.08, [INFO], robot2, {'y': 15.567, 'x': -32.853, 'yaw': 3.141}, None, None
210.08, [INFO], robot2, {'battery-level': '52.21'}, None, None
210.08, [INFO], robot2, {'y': 15.558, 'x': -30.744, 'yaw': -3.141}, None, None
220.04, [INFO], robot2, {'battery-level': '51.67'}, None, None
220.04, [INFO], robot2, {'y': 15.764, 'x': -28.65, 'yaw': 3.137}, None, None
230.06, [INFO], robot2, {'y': 15.847, 'x': -26.529, 'yaw': 3.141}, None, None
230.06, [INFO], robot2, {'battery-level': '51.13'}, None, None
240.06, [INFO], robot2, {'battery-level': '50.59'}, None, None
240.06, [INFO], robot2, {'y': 14.101, 'x': -25.736, 'yaw': 3.138}, None, None
250.06, [INFO], robot2, {'y': 12.856, 'x': -25.942, 'yaw': 3.141}, None, None
250.06, [INFO], robot2, {'battery-level': '50.05'}, None, None
258.12, [info], lab_arm, sync, wait-message, (status=message-received)
259.09, [WARN], robot2, SUCCESS, None, None
260.02, [INFO], robot2, {'y': 12.868, 'x': -25.958, 'yaw': 3.141}, None, None
260.02, [INFO], robot2, {'battery-level': '49.51'}, None, None
