0.00, [DEBUG], nurse, NURSE_CONFIG={'location': 'PC Room 3', 'position': [-28.5, 18.0, -1.57]}, None, None
0.00, [DEBUG], logger, ROBOTS_CONFIG={'avg_speed': 0.15, 'battery_charge': 0.8344531419634984, 'battery_discharge_rate': 0.00054, 'id': 2, 'local_plan': [['navigation', ['PC Room 3', [[-21.0, 18.0, -1.57], [-21.0, 16.0], [-28.5, 16.0], [-28.5, 18.0, -1.57]]], 'navto_room'], ['approach_person', ['nurse'], 'approach_nurse'], ['authenticate_person', ['nurse'], 'authenticate_nurse'], ['operate_drawer', ['open'], 'open_drawer_for_nurse'], ['send_message', ['nurse'], 'notify_nurse_of_open_drawer_for_nurse_completed'], ['wait_message', ['nurse'], 'wait_nurse_to_complete_deposit'], ['operate_drawer', ['close'], 'close_drawer_nurse'], ['navigation', ['Laboratory', [[-28.5, 18.0, -1.57], [-28.5, 16.0], [-26.0, 16.0], [-26.0, 13.0, 1.57]]], 'navto_lab'], ['approach_robot', ['lab_arm'], 'approach_arm'], ['operate_drawer', ['open'], 'open_drawer_lab'], ['send_message', ['lab_arm'], 'notify_lab_arm_of_open_drawer_lab_completed'], ['wait_message', ['lab_arm'], 'wait_lab_arm_to_complete_pick_up_sample'], ['operate_drawer', ['close'], 'close_drawer_lab']], 'location': 'PC Room 5', 'name': 'r2', 'position': [-21.0, 18.0, -1.57], 'skills': ['approach_person', 'approach_robot', 'authenticate_person', 'navigation', 'operate_drawer']}, None, None
0.00, [DEBUG], logger, Simulation open, None, None
10.03, [INFO], robot2, {'y': 17.442, 'x': -20.96, 'yaw': 3.142}, None, None
10.03, [INFO], robot2, {'battery-level': '82.96'}, None, None
20.06, [INFO], robot2, {'battery-level': '82.42'}, None, None
20.06, [INFO], robot2, {'y': 16.025, 'x': -21.796, 'yaw': -3.141}, None, None
30.06, [INFO], robot2, {'y': 15.989, 'x': -23.902, 'yaw': 3.14}, None, None
30.06, [INFO], robot2, {'battery-level': '81.88'}, None, None
40.02, [INFO], robot2, {'y': 15.89, 'x': -25.991, 'yaw': 3.141}, None, None
40.02, [INFO], robot2, {'battery-level': '81.34'}, None, None
50.05, [INFO], robot2, {'battery-level': '80.80'}, None, None
50.05, [INFO], robot2, {'y': 16.007, 'x': -28.094, 'yaw': -3.141}, None, None
60.08, [INFO], robot2, {'battery-level': '80.26'}, None, None
60.08, [INFO], robot2, {'y': 17.834, 'x': -28.613, 'yaw': 3.142}, None, None
69.94, [info], nurse, sync, received-request, (status=sending-request)
69.94, [info], nurse, sync, request-sent, (status=waiting)
69.94, [info], nurse, sync, wait-message, (status=message-received)
70.03, [INFO], robot2, {'y': 17.987, 'x': -28.598, 'yaw': -3.142}, None, None
70.03, [INFO], robot2, {'battery-level': '79.72'}, None, None
80.07, [INFO], robot2, {'y': 16.141, 'x': -28.546, 'yaw': -3.142}, None, None
80.07, [INFO], robot2, {'battery-level': '79.18'}, None, None
90.08, [INFO], robot2, {'battery-level': '78.64'}, None, None
90.08, [INFO], robot2, {'y': 15.906, 'x': -26.462, 'yaw': 3.141}, None, None
100.08, [INFO], robot2, {'battery-level': '78.10'}, None, None
100.08, [INFO], robot2, {'y': 13.911, 'x': -25.773, 'yaw': 3.142}, None, None
110.09, [INFO], robot2, {'y': 12.884, 'x': -25.982, 'yaw': -3.142}, None, None
110.09, [INFO], robot2, {'battery-level': '77.56'}, None, None
112.36, [info], lab_arm, sync, wait-message, (status=message-received)
113.34, [WARN], robot2, SUCCESS, None, None
120.06, [INFO], robot2, {'battery-level': '77.02'}, None, None
120.06, [INFO], robot2, {'y': 12.882, 'x': -25.98, 'yaw': -3.142}, None, None
