0.00, [INFO], robot5, {'battery-level': '28.18'}, None, None
0.00, [DEBUG], logger, ROBOTS_CONFIG={'avg_speed': 0.15, 'battery_charge': 0.2817995261312799, 'battery_discharge_rate': 0.0002, 'id': 5, 'local_plan': [['navigation', ['IC Room 6', [[-13.5, 18.0, -1.57], [-13.5, 16.0], [-37.0, 16.0], [-37.0, 18.93], [-33.9, 18.93, 3.14]]], 'navto_room'], ['approach_person', ['nurse'], 'approach_nurse'], ['authenticate_person', ['nurse'], 'authenticate_nurse'], ['operate_drawer', ['open'], 'open_drawer_for_nurse'], ['send_message', ['nurse'], 'notify_nurse_of_open_drawer_for_nurse_completed'], ['wait_message', ['nurse'], 'wait_nurse_to_complete_deposit'], ['operate_drawer', ['close'], 'close_drawer_nurse'], ['navigation', ['Laboratory', [[-33.9, 18.93, 3.14], [-37.0, 18.93], [-37.0, 16.0], [-26.0, 16.0], [-26.0, 13.0, 1.57]]], 'navto_lab'], ['approach_robot', ['lab_arm'], 'approach_arm'], ['operate_drawer', ['open'], 'open_drawer_lab'], ['send_message', ['lab_arm'], 'notify_lab_arm_of_open_drawer_lab_completed'], ['wait_message', ['lab_arm'], 'wait_lab_arm_to_complete_pick_up_sample'], ['operate_drawer', ['close'], 'close_drawer_lab']], 'location': 'PC Room 7', 'name': 'r5', 'position': [-13.5, 18.0, -1.57], 'skills': ['approach_person', 'approach_robot', 'authenticate_person', 'navigation', 'operate_drawer']}, None, None
0.00, [DEBUG], logger, Simulation open, None, None
10.04, [INFO], robot5, {'battery-level': '28.00'}, None, None
10.04, [INFO], robot5, {'y': 17.993, 'x': -13.498, 'yaw': 3.141}, None, None
20.01, [INFO], robot5, {'battery-level': '27.80'}, None, None
20.01, [INFO], robot5, {'y': 17.109, 'x': -13.716, 'yaw': 3.138}, None, None
30.06, [INFO], robot5, {'y': 16.172, 'x': -15.025, 'yaw': 3.141}, None, None
30.06, [INFO], robot5, {'battery-level': '27.60'}, None, None
40.08, [INFO], robot5, {'battery-level': '27.40'}, None, None
40.08, [INFO], robot5, {'y': 16.107, 'x': -17.14, 'yaw': 3.141}, None, None
50.04, [INFO], robot5, {'y': 16.273, 'x': -19.243, 'yaw': 3.142}, None, None
50.04, [INFO], robot5, {'battery-level': '27.20'}, None, None
60.05, [INFO], robot5, {'y': 16.337, 'x': -21.359, 'yaw': 3.142}, None, None
60.05, [INFO], robot5, {'battery-level': '27.00'}, None, None
70.02, [INFO], robot5, {'battery-level': '26.80'}, None, None
70.02, [INFO], robot5, {'y': 16.123, 'x': -23.453, 'yaw': 3.141}, None, None
80.09, [INFO], robot5, {'battery-level': '26.60'}, None, None
80.09, [INFO], robot5, {'y': 16.05, 'x': -25.571, 'yaw': 3.14}, None, None
90.01, [INFO], robot5, {'y': 16.049, 'x': -27.664, 'yaw': 3.142}, None, None
90.01, [INFO], robot5, {'battery-level': '26.40'}, None, None
100.04, [INFO], robot5, {'y': 16.173, 'x': -29.773, 'yaw': 3.141}, None, None
100.04, [INFO], robot5, {'battery-level': '26.20'}, None, None
110.00, [INFO], robot5, {'battery-level': '26.00'}, None, None
110.00, [INFO], robot5, {'y': 15.949, 'x': -31.86, 'yaw': 3.141}, None, None
120.04, [INFO], robot5, {'battery-level': '25.80'}, None, None
120.04, [INFO], robot5, {'y': 15.549, 'x': -33.965, 'yaw': 3.142}, None, None
130.09, [INFO], robot5, {'battery-level': '25.60'}, None, None
130.09, [INFO], robot5, {'y': 15.554, 'x': -36.076, 'yaw': 3.141}, None, None
140.04, [INFO], robot5, {'battery-level': '25.40'}, None, None
140.04, [INFO], robot5, {'y': 17.169, 'x': -36.759, 'yaw': -3.141}, None, None
150.07, [INFO], robot5, {'battery-level': '25.20'}, None, None
150.07, [INFO], robot5, {'y': 17.681, 'x': -36.77, 'yaw': 3.141}, None, None
160.05, [INFO], robot5, {'battery-level': '25.00'}, None, None
160.05, [INFO], robot5, {'y': 17.702, 'x': -36.748, 'yaw': -3.142}, None, None
170.09, [INFO], robot5, {'battery-level': '24.80'}, None, None
170.09, [INFO], robot5, {'y': 17.702, 'x': -36.748, 'yaw': -3.142}, None, None
180.10, [INFO], robot5, {'battery-level': '24.60'}, None, None
180.10, [INFO], robot5, {'y': 17.702, 'x': -36.748, 'yaw': -3.142}, None, None
190.03, [INFO], robot5, {'battery-level': '24.40'}, None, None
190.03, [INFO], robot5, {'y': 17.68, 'x': -36.868, 'yaw': -3.142}, None, None
200.08, [INFO], robot5, {'battery-level': '24.20'}, None, None
200.08, [INFO], robot5, {'y': 17.654, 'x': -37.033, 'yaw': 3.142}, None, None
210.07, [INFO], robot5, {'battery-level': '24.00'}, None, None
210.07, [INFO], robot5, {'y': 17.692, 'x': -37.039, 'yaw': -3.142}, None, None
220.01, [INFO], robot5, {'battery-level': '23.80'}, None, None
220.01, [INFO], robot5, {'y': 17.702, 'x': -37.039, 'yaw': 3.142}, None, None
230.06, [INFO], robot5, {'battery-level': '23.60'}, None, None
230.06, [INFO], robot5, {'y': 17.701, 'x': -37.04, 'yaw': -3.142}, None, None
240.02, [INFO], robot5, {'battery-level': '23.40'}, None, None
240.02, [INFO], robot5, {'y': 17.697, 'x': -37.04, 'yaw': -3.141}, None, None
250.09, [INFO], robot5, {'battery-level': '23.20'}, None, None
250.09, [INFO], robot5, {'y': 17.699, 'x': -37.042, 'yaw': 3.142}, None, None
257.50, [WARN], robot5, SKILL-FAILURE, navigation, navto_room
260.03, [INFO], robot5, {'y': 17.698, 'x': -37.043, 'yaw': 3.142}, None, None
260.03, [INFO], robot5, {'battery-level': '23.00'}, None, None
