0.12, [DEBUG], logger, ROBOTS_CONFIG={'avg_speed': 0.15, 'battery_charge': 0.8344531419634984, 'battery_discharge_rate': 0.00054, 'id': 2, 'local_plan': [['navigation', ['IC Room 6', [[-19.0, 18.0, -1.57], [-19.0, 16.0], [-37.0, 16.0], [-37.0, 18.93], [-33.9, 18.93, 3.14]]], 'navto_room'], ['approach_person', ['nurse'], 'approach_nurse'], ['authenticate_person', ['nurse'], 'authenticate_nurse'], ['operate_drawer', ['open'], 'open_drawer_for_nurse'], ['send_message', ['nurse'], 'notify_nurse_of_open_drawer_for_nurse_completed'], ['wait_message', ['nurse'], 'wait_nurse_to_complete_deposit'], ['operate_drawer', ['close'], 'close_drawer_nurse'], ['navigation', ['Laboratory', [[-33.9, 18.93, 3.14], [-37.0, 18.93], [-37.0, 16.0], [-26.0, 16.0], [-26.0, 13.0, 1.57]]], 'navto_lab'], ['approach_robot', ['lab_arm'], 'approach_arm'], ['operate_drawer', ['open'], 'open_drawer_lab'], ['send_message', ['lab_arm'], 'notify_lab_arm_of_open_drawer_lab_completed'], ['wait_message', ['lab_arm'], 'wait_lab_arm_to_complete_pick_up_sample'], ['operate_drawer', ['close'], 'close_drawer_lab']], 'location': 'PC Room 6', 'name': 'r2', 'position': [-19.0, 18.0, -1.57], 'skills': ['approach_person', 'approach_robot', 'authenticate_person', 'navigation', 'operate_drawer']}, None, None
0.12, [DEBUG], logger, Simulation open, None, None
10.00, [INFO], robot2, {'battery-level': '82.96'}, None, None
10.00, [INFO], robot2, {'y': 17.479, 'x': -19.183, 'yaw': 3.141}, None, None
20.09, [INFO], robot2, {'battery-level': '82.42'}, None, None
20.09, [INFO], robot2, {'y': 16.205, 'x': -20.33, 'yaw': -3.142}, None, None
30.02, [INFO], robot2, {'y': 16.156, 'x': -22.435, 'yaw': 3.141}, None, None
30.02, [INFO], robot2, {'battery-level': '81.88'}, None, None
40.03, [INFO], robot2, {'y': 16.128, 'x': -24.535, 'yaw': 3.141}, None, None
40.03, [INFO], robot2, {'battery-level': '81.34'}, None, None
50.01, [INFO], robot2, {'battery-level': '80.80'}, None, None
50.01, [INFO], robot2, {'y': 16.103, 'x': -26.641, 'yaw': 3.141}, None, None
60.06, [INFO], robot2, {'y': 16.171, 'x': -28.757, 'yaw': 3.137}, None, None
60.06, [INFO], robot2, {'battery-level': '80.26'}, None, None
70.02, [INFO], robot2, {'y': 16.161, 'x': -30.865, 'yaw': 3.141}, None, None
70.02, [INFO], robot2, {'battery-level': '79.72'}, None, None
80.05, [INFO], robot2, {'battery-level': '79.18'}, None, None
80.05, [INFO], robot2, {'y': 15.83, 'x': -32.978, 'yaw': -3.142}, None, None
90.05, [INFO], robot2, {'battery-level': '78.64'}, None, None
90.05, [INFO], robot2, {'y': 15.36, 'x': -35.063, 'yaw': 3.141}, None, None
100.06, [INFO], robot2, {'battery-level': '78.10'}, None, None
100.06, [INFO], robot2, {'y': 16.302, 'x': -36.605, 'yaw': -3.141}, None, None
110.09, [INFO], robot2, {'y': 17.65, 'x': -36.669, 'yaw': 3.141}, None, None
110.09, [INFO], robot2, {'battery-level': '77.56'}, None, None
120.00, [INFO], robot2, {'battery-level': '77.02'}, None, None
120.00, [INFO], robot2, {'y': 17.806, 'x': -36.257, 'yaw': -3.142}, None, None
130.03, [INFO], robot2, {'battery-level': '76.48'}, None, None
130.03, [INFO], robot2, {'y': 18.206, 'x': -35.664, 'yaw': -3.136}, None, None
140.02, [INFO], robot2, {'y': 18.104, 'x': -35.526, 'yaw': -2.929}, None, None
140.02, [INFO], robot2, {'battery-level': '75.94'}, None, None
150.04, [INFO], robot2, {'battery-level': '75.40'}, None, None
150.04, [INFO], robot2, {'y': 17.991, 'x': -35.294, 'yaw': 3.141}, None, None
160.04, [INFO], robot2, {'battery-level': '74.86'}, None, None
160.04, [INFO], robot2, {'y': 18.014, 'x': -35.748, 'yaw': 3.141}, None, None
170.01, [INFO], robot2, {'y': 17.886, 'x': -35.946, 'yaw': 3.141}, None, None
170.01, [INFO], robot2, {'battery-level': '74.32'}, None, None
176.41, [WARN], robot2, SKILL-FAILURE, navigation, navto_room
