0.00, [INFO], robot4, {'battery-level': '65.21'}, None, None
0.11, [DEBUG], logger, ROBOTS_CONFIG={'avg_speed': 0.15, 'battery_charge': 0.6520875066754872, 'battery_discharge_rate': 0.0006000000000000001, 'id': 4, 'local_plan': [['navigation', ['IC Room 2', [[-32.88, 33.98, 3.14], [-37.0, 33.98], [-37.0, 21.5], [-38.0, 21.5, 0.0]]], 'navto_room'], ['approach_person', ['nurse'], 'approach_nurse'], ['authenticate_person', ['nurse'], 'authenticate_nurse'], ['operate_drawer', ['open'], 'open_drawer_for_nurse'], ['send_message', ['nurse'], 'notify_nurse_of_open_drawer_for_nurse_completed'], ['wait_message', ['nurse'], 'wait_nurse_to_complete_deposit'], ['operate_drawer', ['close'], 'close_drawer_nurse'], ['navigation', ['Laboratory', [[-38.0, 21.5, 0.0], [-37.0, 21.5], [-37.0, 16.0], [-26.0, 16.0], [-26.0, 13.0, 1.57]]], 'navto_lab'], ['approach_robot', ['lab_arm'], 'approach_arm'], ['operate_drawer', ['open'], 'open_drawer_lab'], ['send_message', ['lab_arm'], 'notify_lab_arm_of_open_drawer_lab_completed'], ['wait_message', ['lab_arm'], 'wait_lab_arm_to_complete_pick_up_sample'], ['operate_drawer', ['close'], 'close_drawer_lab']], 'location': 'IC Room 5', 'name': 'r4', 'position': [-32.88, 33.98, 3.14], 'skills': ['approach_person', 'approach_robot', 'authenticate_person', 'navigation', 'operate_drawer']}, None, None
0.11, [DEBUG], logger, Simulation open, None, None
10.04, [INFO], robot4, {'y': 34.169, 'x': -33.399, 'yaw': 3.141}, None, None
10.04, [INFO], robot4, {'battery-level': '64.67'}, None, None
20.06, [INFO], robot4, {'battery-level': '64.07'}, None, None
20.06, [INFO], robot4, {'y': 34.72, 'x': -35.445, 'yaw': 3.14}, None, None
30.09, [INFO], robot4, {'y': 33.473, 'x': -36.981, 'yaw': 3.142}, None, None
30.09, [INFO], robot4, {'battery-level': '63.47'}, None, None
40.00, [INFO], robot4, {'battery-level': '62.87'}, None, None
40.00, [INFO], robot4, {'y': 31.379, 'x': -36.976, 'yaw': -3.142}, None, None
50.05, [INFO], robot4, {'battery-level': '62.27'}, None, None
50.05, [INFO], robot4, {'y': 29.265, 'x': -37.007, 'yaw': -3.142}, None, None
60.07, [INFO], robot4, {'y': 27.148, 'x': -36.988, 'yaw': 3.142}, None, None
60.07, [INFO], robot4, {'battery-level': '61.67'}, None, None
70.00, [INFO], robot4, {'battery-level': '61.07'}, None, None
70.00, [INFO], robot4, {'y': 25.057, 'x': -36.999, 'yaw': 3.142}, None, None
80.01, [INFO], robot4, {'battery-level': '60.47'}, None, None
80.01, [INFO], robot4, {'y': 22.941, 'x': -37.034, 'yaw': 3.141}, None, None
90.00, [INFO], robot4, {'y': 21.28, 'x': -37.799, 'yaw': 3.141}, None, None
90.00, [INFO], robot4, {'battery-level': '59.87'}, None, None
100.03, [INFO], robot4, {'battery-level': '59.27'}, None, None
100.03, [INFO], robot4, {'y': 21.393, 'x': -38.106, 'yaw': 3.141}, None, None
101.87, [info], nurse, sync, received-request, (status=sending-request)
101.87, [info], nurse, sync, request-sent, (status=waiting)
101.87, [info], nurse, sync, wait-message, (status=message-received)
110.06, [INFO], robot4, {'y': 20.796, 'x': -37.219, 'yaw': 3.142}, None, None
110.06, [INFO], robot4, {'battery-level': '58.67'}, None, None
120.07, [INFO], robot4, {'battery-level': '58.07'}, None, None
120.07, [INFO], robot4, {'y': 18.682, 'x': -37.168, 'yaw': 3.141}, None, None
130.09, [INFO], robot4, {'y': 16.563, 'x': -37.074, 'yaw': 3.141}, None, None
130.09, [INFO], robot4, {'battery-level': '57.47'}, None, None
140.01, [INFO], robot4, {'y': 15.641, 'x': -35.433, 'yaw': -3.142}, None, None
140.01, [INFO], robot4, {'battery-level': '56.87'}, None, None
150.04, [INFO], robot4, {'battery-level': '56.27'}, None, None
150.04, [INFO], robot4, {'y': 15.49, 'x': -33.327, 'yaw': -3.141}, None, None
160.06, [INFO], robot4, {'battery-level': '55.67'}, None, None
160.06, [INFO], robot4, {'y': 15.487, 'x': -31.208, 'yaw': 3.142}, None, None
170.08, [INFO], robot4, {'y': 15.713, 'x': -29.097, 'yaw': 3.142}, None, None
170.08, [INFO], robot4, {'battery-level': '55.07'}, None, None
180.07, [INFO], robot4, {'y': 15.775, 'x': -26.973, 'yaw': -3.142}, None, None
180.07, [INFO], robot4, {'battery-level': '54.47'}, None, None
190.01, [INFO], robot4, {'y': 14.397, 'x': -25.754, 'yaw': 3.14}, None, None
190.01, [INFO], robot4, {'battery-level': '53.87'}, None, None
200.09, [INFO], robot4, {'y': 12.871, 'x': -25.932, 'yaw': 3.142}, None, None
200.09, [INFO], robot4, {'battery-level': '53.27'}, None, None
204.71, [info], lab_arm, sync, wait-message, (status=message-received)
205.68, [WARN], robot4, SUCCESS, None, None
210.06, [INFO], robot4, {'y': 12.869, 'x': -25.928, 'yaw': 3.142}, None, None
210.06, [INFO], robot4, {'battery-level': '52.67'}, None, None
220.09, [INFO], robot4, {'battery-level': '52.07'}, None, None
220.09, [INFO], robot4, {'y': 12.869, 'x': -25.928, 'yaw': -3.142}, None, None
230.05, [INFO], robot4, {'y': 12.87, 'x': -25.929, 'yaw': 3.142}, None, None
230.05, [INFO], robot4, {'battery-level': '51.47'}, None, None
