0.00, [INFO], robot1, {'battery-level': '59.15'}, None, None
0.00, [DEBUG], logger, ROBOTS_CONFIG={'avg_speed': 0.15, 'battery_charge': 0.5914703710515797, 'battery_discharge_rate': 0.00048000000000000007, 'id': 1, 'local_plan': [['navigation', ['PC Room 3', [[-39.44, 33.95, 0.0], [-37.0, 33.95], [-37.0, 16.0], [-28.5, 16.0], [-28.5, 18.0, -1.57]]], 'navto_room'], ['approach_person', ['nurse'], 'approach_nurse'], ['authenticate_person', ['nurse'], 'authenticate_nurse'], ['operate_drawer', ['open'], 'open_drawer_for_nurse'], ['send_message', ['nurse'], 'notify_nurse_of_open_drawer_for_nurse_completed'], ['wait_message', ['nurse'], 'wait_nurse_to_complete_deposit'], ['operate_drawer', ['close'], 'close_drawer_nurse'], ['navigation', ['Laboratory', [[-28.5, 18.0, -1.57], [-28.5, 16.0], [-26.0, 16.0], [-26.0, 13.0, 1.57]]], 'navto_lab'], ['approach_robot', ['lab_arm'], 'approach_arm'], ['operate_drawer', ['open'], 'open_drawer_lab'], ['send_message', ['lab_arm'], 'notify_lab_arm_of_open_drawer_lab_completed'], ['wait_message', ['lab_arm'], 'wait_lab_arm_to_complete_pick_up_sample'], ['operate_drawer', ['close'], 'close_drawer_lab']], 'location': 'IC Room 4', 'name': 'r1', 'position': [-39.44, 33.95, 0.0], 'skills': ['approach_person', 'approach_robot', 'authenticate_person', 'navigation', 'operate_drawer']}, None, None
0.00, [DEBUG], logger, Simulation open, None, None
10.04, [INFO], robot1, {'y': 33.95, 'x': -39.44, 'yaw': 3.142}, None, None
10.04, [INFO], robot1, {'battery-level': '58.72'}, None, None
20.06, [INFO], robot1, {'battery-level': '58.24'}, None, None
20.06, [INFO], robot1, {'y': 34.56, 'x': -38.165, 'yaw': 3.142}, None, None
30.02, [INFO], robot1, {'battery-level': '57.76'}, None, None
30.02, [INFO], robot1, {'y': 33.278, 'x': -37.025, 'yaw': -3.142}, None, None
40.06, [INFO], robot1, {'battery-level': '57.28'}, None, None
40.06, [INFO], robot1, {'y': 31.165, 'x': -37.048, 'yaw': 3.14}, None, None
50.01, [INFO], robot1, {'y': 29.065, 'x': -37.001, 'yaw': 3.141}, None, None
50.01, [INFO], robot1, {'battery-level': '56.80'}, None, None
60.05, [INFO], robot1, {'battery-level': '56.32'}, None, None
60.05, [INFO], robot1, {'y': 26.951, 'x': -36.992, 'yaw': 3.142}, None, None
70.06, [INFO], robot1, {'battery-level': '55.84'}, None, None
70.06, [INFO], robot1, {'y': 24.835, 'x': -37.006, 'yaw': 3.141}, None, None
80.03, [INFO], robot1, {'battery-level': '55.36'}, None, None
80.03, [INFO], robot1, {'y': 22.741, 'x': -37.031, 'yaw': 3.142}, None, None
90.04, [INFO], robot1, {'y': 20.636, 'x': -37.041, 'yaw': 3.142}, None, None
90.04, [INFO], robot1, {'battery-level': '54.88'}, None, None
100.09, [INFO], robot1, {'battery-level': '54.40'}, None, None
100.09, [INFO], robot1, {'y': 18.515, 'x': -36.966, 'yaw': 3.142}, None, None
110.09, [INFO], robot1, {'y': 16.409, 'x': -36.977, 'yaw': -3.142}, None, None
110.09, [INFO], robot1, {'battery-level': '53.92'}, None, None
120.01, [INFO], robot1, {'y': 15.519, 'x': -35.328, 'yaw': -3.142}, None, None
120.01, [INFO], robot1, {'battery-level': '53.44'}, None, None
130.01, [INFO], robot1, {'y': 15.416, 'x': -33.221, 'yaw': -3.141}, None, None
130.01, [INFO], robot1, {'battery-level': '52.96'}, None, None
140.02, [INFO], robot1, {'battery-level': '52.48'}, None, None
140.02, [INFO], robot1, {'y': 15.531, 'x': -31.092, 'yaw': -3.141}, None, None
150.09, [INFO], robot1, {'y': 15.826, 'x': -28.981, 'yaw': 3.14}, None, None
150.09, [INFO], robot1, {'battery-level': '52.00'}, None, None
160.04, [INFO], robot1, {'y': 17.754, 'x': -28.6, 'yaw': -3.142}, None, None
160.04, [INFO], robot1, {'battery-level': '51.52'}, None, None
170.08, [INFO], robot1, {'y': 18.046, 'x': -28.579, 'yaw': -3.142}, None, None
170.08, [INFO], robot1, {'battery-level': '51.04'}, None, None
172.61, [info], nurse, sync, received-request, (status=sending-request)
172.61, [info], nurse, sync, request-sent, (status=waiting)
172.61, [info], nurse, sync, wait-message, (status=message-received)
180.09, [INFO], robot1, {'y': 16.721, 'x': -28.751, 'yaw': -3.142}, None, None
180.09, [INFO], robot1, {'battery-level': '50.56'}, None, None
190.09, [INFO], robot1, {'battery-level': '50.08'}, None, None
190.09, [INFO], robot1, {'y': 16.123, 'x': -27.148, 'yaw': 3.142}, None, None
200.01, [INFO], robot1, {'y': 14.825, 'x': -25.863, 'yaw': 3.141}, None, None
200.01, [INFO], robot1, {'battery-level': '49.60'}, None, None
210.05, [INFO], robot1, {'battery-level': '49.12'}, None, None
210.05, [INFO], robot1, {'y': 12.968, 'x': -25.915, 'yaw': 3.142}, None, None
217.29, [info], lab_arm, sync, wait-message, (status=message-received)
218.26, [WARN], robot1, SUCCESS, None, None
220.06, [INFO], robot1, {'y': 12.899, 'x': -25.987, 'yaw': 3.142}, None, None
220.06, [INFO], robot1, {'battery-level': '48.64'}, None, None
230.09, [INFO], robot1, {'battery-level': '48.16'}, None, None
230.09, [INFO], robot1, {'y': 12.9, 'x': -25.987, 'yaw': 3.142}, None, None
