0.00, [DEBUG], nurse, NURSE_CONFIG={'location': 'IC Room 6', 'position': [-33.9, 18.93, 3.14]}, None, None
0.19, [DEBUG], logger, ROBOTS_CONFIG={'avg_speed': 0.15, 'battery_charge': 0.6520875066754872, 'battery_discharge_rate': 0.0005600000000000001, 'id': 4, 'local_plan': [['navigation', ['IC Room 6', [[-39.44, 33.95, 0.0], [-37.0, 33.95], [-37.0, 18.93], [-33.9, 18.93, 3.14]]], 'navto_room'], ['approach_person', ['nurse'], 'approach_nurse'], ['authenticate_person', ['nurse'], 'authenticate_nurse'], ['operate_drawer', ['open'], 'open_drawer_for_nurse'], ['send_message', ['nurse'], 'notify_nurse_of_open_drawer_for_nurse_completed'], ['wait_message', ['nurse'], 'wait_nurse_to_complete_deposit'], ['operate_drawer', ['close'], 'close_drawer_nurse'], ['navigation', ['Laboratory', [[-33.9, 18.93, 3.14], [-37.0, 18.93], [-37.0, 16.0], [-26.0, 16.0], [-26.0, 13.0, 1.57]]], 'navto_lab'], ['approach_robot', ['lab_arm'], 'approach_arm'], ['operate_drawer', ['open'], 'open_drawer_lab'], ['send_message', ['lab_arm'], 'notify_lab_arm_of_open_drawer_lab_completed'], ['wait_message', ['lab_arm'], 'wait_lab_arm_to_complete_pick_up_sample'], ['operate_drawer', ['close'], 'close_drawer_lab']], 'location': 'IC Room 4', 'name': 'r4', 'position': [-39.44, 33.95, 0.0], 'skills': ['approach_person', 'approach_robot', 'authenticate_person', 'navigation', 'operate_drawer']}, None, None
0.19, [DEBUG], logger, Simulation open, None, None
10.03, [INFO], robot4, {'y': 34.038, 'x': -39.083, 'yaw': 3.141}, None, None
10.03, [INFO], robot4, {'battery-level': '64.70'}, None, None
20.00, [INFO], robot4, {'battery-level': '64.14'}, None, None
20.00, [INFO], robot4, {'y': 34.236, 'x': -37.191, 'yaw': 3.141}, None, None
30.09, [INFO], robot4, {'battery-level': '63.58'}, None, None
30.09, [INFO], robot4, {'y': 32.122, 'x': -36.999, 'yaw': 3.141}, None, None
40.06, [INFO], robot4, {'battery-level': '63.02'}, None, None
40.06, [INFO], robot4, {'y': 30.014, 'x': -37.082, 'yaw': 3.14}, None, None
50.05, [INFO], robot4, {'y': 27.899, 'x': -37.014, 'yaw': 3.142}, None, None
50.05, [INFO], robot4, {'battery-level': '62.46'}, None, None
60.05, [INFO], robot4, {'y': 25.792, 'x': -37.037, 'yaw': 3.141}, None, None
60.05, [INFO], robot4, {'battery-level': '61.90'}, None, None
70.03, [INFO], robot4, {'battery-level': '61.34'}, None, None
70.03, [INFO], robot4, {'y': 23.687, 'x': -37.012, 'yaw': 3.14}, None, None
80.01, [INFO], robot4, {'battery-level': '60.78'}, None, None
80.01, [INFO], robot4, {'y': 21.586, 'x': -37.141, 'yaw': 3.142}, None, None
90.08, [INFO], robot4, {'y': 19.451, 'x': -37.082, 'yaw': 3.136}, None, None
90.08, [INFO], robot4, {'battery-level': '60.22'}, None, None
100.07, [INFO], robot4, {'battery-level': '59.66'}, None, None
100.07, [INFO], robot4, {'y': 17.787, 'x': -35.841, 'yaw': -3.141}, None, None
110.02, [INFO], robot4, {'y': 18.598, 'x': -34.173, 'yaw': 3.142}, None, None
110.02, [INFO], robot4, {'battery-level': '59.10'}, None, None
119.81, [info], nurse, sync, received-request, (status=sending-request)
119.81, [info], nurse, sync, request-sent, (status=waiting)
119.91, [info], nurse, sync, wait-message, (status=message-received)
120.00, [INFO], robot4, {'battery-level': '58.54'}, None, None
120.00, [INFO], robot4, {'y': 18.968, 'x': -33.91, 'yaw': -3.141}, None, None
130.07, [INFO], robot4, {'battery-level': '57.98'}, None, None
130.07, [INFO], robot4, {'y': 17.79, 'x': -35.229, 'yaw': -3.142}, None, None
140.06, [INFO], robot4, {'battery-level': '57.42'}, None, None
140.06, [INFO], robot4, {'y': 18.021, 'x': -36.116, 'yaw': 3.141}, None, None
150.03, [INFO], robot4, {'battery-level': '56.86'}, None, None
150.03, [INFO], robot4, {'y': 17.328, 'x': -37.098, 'yaw': -3.141}, None, None
160.01, [INFO], robot4, {'battery-level': '56.30'}, None, None
160.01, [INFO], robot4, {'y': 17.509, 'x': -37.057, 'yaw': -3.142}, None, None
170.01, [INFO], robot4, {'battery-level': '55.74'}, None, None
170.01, [INFO], robot4, {'y': 17.402, 'x': -37.004, 'yaw': -3.141}, None, None
179.91, [INFO], robot4, {'y': 17.278, 'x': -36.819, 'yaw': -3.141}, None, None
180.01, [INFO], robot4, {'battery-level': '55.18'}, None, None
190.06, [INFO], robot4, {'battery-level': '54.62'}, None, None
190.06, [INFO], robot4, {'y': 17.321, 'x': -36.995, 'yaw': 3.142}, None, None
200.07, [INFO], robot4, {'y': 17.276, 'x': -36.789, 'yaw': 3.141}, None, None
200.07, [INFO], robot4, {'battery-level': '54.06'}, None, None
210.05, [INFO], robot4, {'y': 17.573, 'x': -36.877, 'yaw': 3.141}, None, None
210.05, [INFO], robot4, {'battery-level': '53.50'}, None, None
220.06, [INFO], robot4, {'battery-level': '52.94'}, None, None
220.06, [INFO], robot4, {'y': 17.311, 'x': -36.958, 'yaw': 3.142}, None, None
230.04, [INFO], robot4, {'battery-level': '52.38'}, None, None
230.04, [INFO], robot4, {'y': 17.296, 'x': -36.802, 'yaw': -3.142}, None, None
240.03, [INFO], robot4, {'battery-level': '51.82'}, None, None
240.03, [INFO], robot4, {'y': 17.375, 'x': -36.791, 'yaw': -3.142}, None, None
250.02, [INFO], robot4, {'battery-level': '51.26'}, None, None
250.02, [INFO], robot4, {'y': 17.19, 'x': -37.032, 'yaw': -3.142}, None, None
260.01, [INFO], robot4, {'y': 17.42, 'x': -36.897, 'yaw': 3.141}, None, None
260.01, [INFO], robot4, {'battery-level': '50.70'}, None, None
270.00, [INFO], robot4, {'y': 17.358, 'x': -36.865, 'yaw': -3.141}, None, None
270.00, [INFO], robot4, {'battery-level': '50.14'}, None, None
280.08, [INFO], robot4, {'battery-level': '49.58'}, None, None
280.08, [INFO], robot4, {'y': 17.441, 'x': -36.931, 'yaw': 3.14}, None, None
290.09, [INFO], robot4, {'y': 17.489, 'x': -36.866, 'yaw': 3.141}, None, None
290.09, [INFO], robot4, {'battery-level': '49.02'}, None, None
300.07, [INFO], robot4, {'y': 17.428, 'x': -37.041, 'yaw': 3.141}, None, None
300.07, [INFO], robot4, {'battery-level': '48.46'}, None, None
310.06, [INFO], robot4, {'y': 17.386, 'x': -37.041, 'yaw': -3.141}, None, None
310.06, [INFO], robot4, {'battery-level': '47.90'}, None, None
311.59, [WARN], robot4, SKILL-FAILURE, navigation, navto_lab
