0.12, [DEBUG], logger, ROBOTS_CONFIG={'avg_speed': 0.15, 'battery_charge': 0.6520875066754872, 'battery_discharge_rate': 0.0005600000000000001, 'id': 4, 'local_plan': [['navigation', ['IC Room 2', [[-32.88, 33.98, 3.14], [-37.0, 33.98], [-37.0, 21.5], [-38.0, 21.5, 0.0]]], 'navto_room'], ['approach_person', ['nurse'], 'approach_nurse'], ['authenticate_person', ['nurse'], 'authenticate_nurse'], ['operate_drawer', ['open'], 'open_drawer_for_nurse'], ['send_message', ['nurse'], 'notify_nurse_of_open_drawer_for_nurse_completed'], ['wait_message', ['nurse'], 'wait_nurse_to_complete_deposit'], ['operate_drawer', ['close'], 'close_drawer_nurse'], ['navigation', ['Laboratory', [[-38.0, 21.5, 0.0], [-37.0, 21.5], [-37.0, 16.0], [-26.0, 16.0], [-26.0, 13.0, 1.57]]], 'navto_lab'], ['approach_robot', ['lab_arm'], 'approach_arm'], ['operate_drawer', ['open'], 'open_drawer_lab'], ['send_message', ['lab_arm'], 'notify_lab_arm_of_open_drawer_lab_completed'], ['wait_message', ['lab_arm'], 'wait_lab_arm_to_complete_pick_up_sample'], ['operate_drawer', ['close'], 'close_drawer_lab']], 'location': 'IC Room 5', 'name': 'r4', 'position': [-32.88, 33.98, 3.14], 'skills': ['approach_person', 'approach_robot', 'authenticate_person', 'navigation', 'operate_drawer']}, None, None
0.12, [DEBUG], logger, Simulation open, None, None
10.00, [INFO], robot4, {'y': 34.2, 'x': -33.448, 'yaw': 3.142}, None, None
10.00, [INFO], robot4, {'battery-level': '64.70'}, None, None
20.06, [INFO], robot4, {'battery-level': '64.14'}, None, None
20.06, [INFO], robot4, {'y': 34.727, 'x': -35.493, 'yaw': 3.138}, None, None
30.01, [INFO], robot4, {'y': 33.479, 'x': -36.963, 'yaw': 3.142}, None, None
30.01, [INFO], robot4, {'battery-level': '63.58'}, None, None
40.04, [INFO], robot4, {'battery-level': '63.02'}, None, None
40.04, [INFO], robot4, {'y': 31.345, 'x': -36.956, 'yaw': -3.142}, None, None
50.09, [INFO], robot4, {'y': 29.229, 'x': -36.959, 'yaw': -3.141}, None, None
50.09, [INFO], robot4, {'battery-level': '62.46'}, None, None
60.05, [INFO], robot4, {'battery-level': '61.90'}, None, None
60.05, [INFO], robot4, {'y': 27.122, 'x': -36.959, 'yaw': 3.142}, None, None
70.01, [INFO], robot4, {'battery-level': '61.34'}, None, None
70.01, [INFO], robot4, {'y': 25.015, 'x': -37.018, 'yaw': 3.142}, None, None
80.06, [INFO], robot4, {'battery-level': '60.78'}, None, None
80.06, [INFO], robot4, {'y': 22.89, 'x': -37.07, 'yaw': 3.141}, None, None
90.08, [INFO], robot4, {'battery-level': '60.22'}, None, None
90.08, [INFO], robot4, {'y': 21.396, 'x': -37.895, 'yaw': -3.141}, None, None
97.30, [info], nurse, sync, received-request, (status=sending-request)
97.30, [info], nurse, sync, request-sent, (status=waiting)
97.30, [info], nurse, sync, wait-message, (status=message-received)
100.05, [INFO], robot4, {'battery-level': '59.66'}, None, None
100.05, [INFO], robot4, {'y': 21.385, 'x': -37.719, 'yaw': 3.141}, None, None
110.04, [INFO], robot4, {'battery-level': '59.10'}, None, None
110.04, [INFO], robot4, {'y': 19.64, 'x': -37.156, 'yaw': -3.142}, None, None
120.06, [INFO], robot4, {'battery-level': '58.54'}, None, None
120.06, [INFO], robot4, {'y': 17.525, 'x': -37.126, 'yaw': 3.141}, None, None
130.01, [INFO], robot4, {'battery-level': '57.98'}, None, None
130.01, [INFO], robot4, {'y': 15.811, 'x': -36.385, 'yaw': 3.14}, None, None
140.03, [INFO], robot4, {'battery-level': '57.42'}, None, None
140.03, [INFO], robot4, {'y': 15.379, 'x': -34.291, 'yaw': -3.142}, None, None
150.04, [INFO], robot4, {'battery-level': '56.86'}, None, None
150.04, [INFO], robot4, {'y': 15.469, 'x': -32.166, 'yaw': 3.142}, None, None
160.05, [INFO], robot4, {'y': 15.58, 'x': -30.059, 'yaw': 3.141}, None, None
160.05, [INFO], robot4, {'battery-level': '56.30'}, None, None
170.03, [INFO], robot4, {'battery-level': '55.74'}, None, None
170.03, [INFO], robot4, {'y': 15.755, 'x': -27.952, 'yaw': 3.141}, None, None
180.02, [INFO], robot4, {'y': 15.445, 'x': -25.974, 'yaw': 3.142}, None, None
180.02, [INFO], robot4, {'battery-level': '55.18'}, None, None
190.09, [INFO], robot4, {'battery-level': '54.62'}, None, None
190.09, [INFO], robot4, {'y': 13.332, 'x': -25.739, 'yaw': -3.142}, None, None
200.00, [INFO], robot4, {'y': 12.843, 'x': -25.967, 'yaw': 3.142}, None, None
200.00, [INFO], robot4, {'battery-level': '54.06'}, None, None
200.56, [info], lab_arm, sync, wait-message, (status=message-received)
201.51, [WARN], robot4, SUCCESS, None, None
