0.00, [DEBUG], logger, ROBOTS_CONFIG={'avg_speed': 0.15, 'battery_charge': 0.2817995261312799, 'battery_discharge_rate': 0.00076, 'id': 5, 'local_plan': [['navigation', ['PC Room 3', [[-33.9, 18.93, 3.14], [-37.0, 18.93], [-37.0, 16.0], [-28.5, 16.0], [-28.5, 18.0, -1.57]]], 'navto_room'], ['approach_person', ['nurse'], 'approach_nurse'], ['authenticate_person', ['nurse'], 'authenticate_nurse'], ['operate_drawer', ['open'], 'open_drawer_for_nurse'], ['send_message', ['nurse'], 'notify_nurse_of_open_drawer_for_nurse_completed'], ['wait_message', ['nurse'], 'wait_nurse_to_complete_deposit'], ['operate_drawer', ['close'], 'close_drawer_nurse'], ['navigation', ['Laboratory', [[-28.5, 18.0, -1.57], [-28.5, 16.0], [-26.0, 16.0], [-26.0, 13.0, 1.57]]], 'navto_lab'], ['approach_robot', ['lab_arm'], 'approach_arm'], ['operate_drawer', ['open'], 'open_drawer_lab'], ['send_message', ['lab_arm'], 'notify_lab_arm_of_open_drawer_lab_completed'], ['wait_message', ['lab_arm'], 'wait_lab_arm_to_complete_pick_up_sample'], ['operate_drawer', ['close'], 'close_drawer_lab']], 'location': 'IC Room 6', 'name': 'r5', 'position': [-33.9, 18.93, 3.14], 'skills': ['approach_person', 'authenticate_person', 'navigation', 'operate_drawer']}, None, None
0.00, [DEBUG], logger, Simulation open, None, None
10.03, [INFO], robot5, {'battery-level': '27.50'}, None, None
10.03, [INFO], robot5, {'y': 18.778, 'x': -34.19, 'yaw': 3.141}, None, None
20.08, [INFO], robot5, {'y': 17.862, 'x': -35.829, 'yaw': 3.14}, None, None
20.08, [INFO], robot5, {'battery-level': '26.74'}, None, None
30.03, [INFO], robot5, {'battery-level': '25.98'}, None, None
30.03, [INFO], robot5, {'y': 17.668, 'x': -37.043, 'yaw': 3.142}, None, None
40.08, [INFO], robot5, {'battery-level': '25.22'}, None, None
40.08, [INFO], robot5, {'y': 17.329, 'x': -37.072, 'yaw': 3.142}, None, None
50.03, [INFO], robot5, {'y': 17.391, 'x': -36.871, 'yaw': -3.141}, None, None
50.03, [INFO], robot5, {'battery-level': '24.46'}, None, None
60.00, [INFO], robot5, {'y': 17.173, 'x': -37.08, 'yaw': -3.141}, None, None
60.00, [INFO], robot5, {'battery-level': '23.70'}, None, None
70.05, [INFO], robot5, {'battery-level': '22.94'}, None, None
70.05, [INFO], robot5, {'y': 17.498, 'x': -37.14, 'yaw': 3.14}, None, None
80.07, [INFO], robot5, {'battery-level': '22.18'}, None, None
80.07, [INFO], robot5, {'y': 17.255, 'x': -36.865, 'yaw': 3.141}, None, None
89.92, [INFO], robot5, {'battery-level': '21.42'}, None, None
90.02, [INFO], robot5, {'y': 17.439, 'x': -37.06, 'yaw': -3.142}, None, None
100.05, [INFO], robot5, {'battery-level': '20.66'}, None, None
100.05, [INFO], robot5, {'y': 17.326, 'x': -36.835, 'yaw': 3.142}, None, None
110.06, [INFO], robot5, {'battery-level': '19.90'}, None, None
110.06, [INFO], robot5, {'y': 17.474, 'x': -37.007, 'yaw': 3.142}, None, None
120.08, [INFO], robot5, {'battery-level': '19.14'}, None, None
120.08, [INFO], robot5, {'y': 17.285, 'x': -36.801, 'yaw': -3.142}, None, None
130.06, [INFO], robot5, {'battery-level': '18.38'}, None, None
130.06, [INFO], robot5, {'y': 17.339, 'x': -36.945, 'yaw': -3.142}, None, None
140.01, [INFO], robot5, {'battery-level': '17.62'}, None, None
140.01, [INFO], robot5, {'y': 17.27, 'x': -37.034, 'yaw': -3.142}, None, None
150.04, [INFO], robot5, {'y': 17.385, 'x': -36.908, 'yaw': 3.141}, None, None
150.04, [INFO], robot5, {'battery-level': '16.86'}, None, None
160.03, [INFO], robot5, {'y': 17.391, 'x': -36.924, 'yaw': 3.142}, None, None
160.03, [INFO], robot5, {'battery-level': '16.10'}, None, None
170.06, [INFO], robot5, {'y': 17.205, 'x': -36.79, 'yaw': 3.141}, None, None
170.06, [INFO], robot5, {'battery-level': '15.34'}, None, None
170.06, [WARN], robot5, SKILL-FAILURE, navigation, navto_room
