0.00, [INFO], robot5, {'battery-level': '28.18'}, None, None
0.14, [DEBUG], logger, ROBOTS_CONFIG={'avg_speed': 0.15, 'battery_charge': 0.2817995261312799, 'battery_discharge_rate': 0.00076, 'id': 5, 'local_plan': [['navigation', ['IC Room 6', [[-13.5, 18.0, -1.57], [-13.5, 16.0], [-37.0, 16.0], [-37.0, 18.93], [-33.9, 18.93, 3.14]]], 'navto_room'], ['approach_person', ['nurse'], 'approach_nurse'], ['authenticate_person', ['nurse'], 'authenticate_nurse'], ['operate_drawer', ['open'], 'open_drawer_for_nurse'], ['send_message', ['nurse'], 'notify_nurse_of_open_drawer_for_nurse_completed'], ['wait_message', ['nurse'], 'wait_nurse_to_complete_deposit'], ['operate_drawer', ['close'], 'close_drawer_nurse'], ['navigation', ['Laboratory', [[-33.9, 18.93, 3.14], [-37.0, 18.93], [-37.0, 16.0], [-26.0, 16.0], [-26.0, 13.0, 1.57]]], 'navto_lab'], ['approach_robot', ['lab_arm'], 'approach_arm'], ['operate_drawer', ['open'], 'open_drawer_lab'], ['send_message', ['lab_arm'], 'notify_lab_arm_of_open_drawer_lab_completed'], ['wait_message', ['lab_arm'], 'wait_lab_arm_to_complete_pick_up_sample'], ['operate_drawer', ['close'], 'close_drawer_lab']], 'location': 'PC Room 7', 'name': 'r5', 'position': [-13.5, 18.0, -1.57], 'skills': ['approach_person', 'approach_robot', 'authenticate_person', 'navigation', 'operate_drawer']}, None, None
0.14, [DEBUG], logger, Simulation open, None, None
10.05, [INFO], robot5, {'battery-level': '27.50'}, None, None
10.05, [INFO], robot5, {'y': 17.641, 'x': -13.499, 'yaw': 3.142}, None, None
20.09, [INFO], robot5, {'battery-level': '26.74'}, None, None
20.09, [INFO], robot5, {'y': 15.977, 'x': -14.209, 'yaw': 3.141}, None, None
30.06, [INFO], robot5, {'y': 15.842, 'x': -16.315, 'yaw': 3.14}, None, None
30.06, [INFO], robot5, {'battery-level': '25.98'}, None, None
40.01, [INFO], robot5, {'y': 15.888, 'x': -18.415, 'yaw': 3.141}, None, None
40.01, [INFO], robot5, {'battery-level': '25.22'}, None, None
50.04, [INFO], robot5, {'battery-level': '24.46'}, None, None
50.04, [INFO], robot5, {'y': 16.1, 'x': -20.523, 'yaw': 3.138}, None, None
60.01, [INFO], robot5, {'battery-level': '23.70'}, None, None
60.01, [INFO], robot5, {'y': 16.026, 'x': -22.63, 'yaw': 3.141}, None, None
70.06, [INFO], robot5, {'battery-level': '22.94'}, None, None
70.06, [INFO], robot5, {'y': 15.973, 'x': -24.754, 'yaw': 3.141}, None, None
80.08, [INFO], robot5, {'battery-level': '22.18'}, None, None
80.08, [INFO], robot5, {'y': 15.922, 'x': -26.857, 'yaw': 3.142}, None, None
90.03, [INFO], robot5, {'y': 16.036, 'x': -28.958, 'yaw': 3.141}, None, None
90.03, [INFO], robot5, {'battery-level': '21.42'}, None, None
100.09, [INFO], robot5, {'battery-level': '20.66'}, None, None
100.09, [INFO], robot5, {'y': 15.986, 'x': -31.087, 'yaw': 3.14}, None, None
110.03, [INFO], robot5, {'y': 15.708, 'x': -33.18, 'yaw': 3.141}, None, None
110.03, [INFO], robot5, {'battery-level': '19.90'}, None, None
120.00, [INFO], robot5, {'y': 15.434, 'x': -35.273, 'yaw': 3.141}, None, None
120.00, [INFO], robot5, {'battery-level': '19.14'}, None, None
130.06, [INFO], robot5, {'y': 16.383, 'x': -36.79, 'yaw': -3.141}, None, None
130.06, [INFO], robot5, {'battery-level': '18.38'}, None, None
140.00, [INFO], robot5, {'y': 17.552, 'x': -36.716, 'yaw': 3.141}, None, None
140.00, [INFO], robot5, {'battery-level': '17.62'}, None, None
150.06, [INFO], robot5, {'battery-level': '16.86'}, None, None
150.06, [INFO], robot5, {'y': 17.956, 'x': -35.899, 'yaw': 3.141}, None, None
160.09, [INFO], robot5, {'y': 18.322, 'x': -35.73, 'yaw': -3.136}, None, None
160.09, [INFO], robot5, {'battery-level': '16.10'}, None, None
170.04, [INFO], robot5, {'battery-level': '15.34'}, None, None
170.04, [INFO], robot5, {'y': 18.318, 'x': -35.731, 'yaw': -3.141}, None, None
180.09, [INFO], robot5, {'y': 18.371, 'x': -35.692, 'yaw': -3.136}, None, None
180.09, [INFO], robot5, {'battery-level': '14.58'}, None, None
190.03, [INFO], robot5, {'battery-level': '13.82'}, None, None
190.03, [INFO], robot5, {'y': 18.347, 'x': -35.709, 'yaw': -3.136}, None, None
200.04, [INFO], robot5, {'battery-level': '13.06'}, None, None
200.04, [INFO], robot5, {'y': 18.071, 'x': -35.578, 'yaw': -3.142}, None, None
210.00, [INFO], robot5, {'battery-level': '12.30'}, None, None
210.00, [INFO], robot5, {'y': 17.798, 'x': -35.804, 'yaw': -3.142}, None, None
220.04, [INFO], robot5, {'y': 18.322, 'x': -35.729, 'yaw': 3.141}, None, None
220.04, [INFO], robot5, {'battery-level': '11.54'}, None, None
224.76, [WARN], robot5, SKILL-FAILURE, navigation, navto_room
230.07, [INFO], robot5, {'battery-level': '10.78'}, None, None
230.07, [INFO], robot5, {'y': 18.316, 'x': -35.731, 'yaw': 3.142}, None, None
