0.00, [DEBUG], nurse, NURSE_CONFIG={'location': 'IC Room 2', 'position': [-38.0, 21.5, 0.0]}, None, None
0.13, [DEBUG], logger, ROBOTS_CONFIG={'avg_speed': 0.15, 'battery_charge': 0.5914703710515797, 'battery_discharge_rate': 0.0006600000000000001, 'id': 1, 'local_plan': [['navigation', ['IC Room 2', [[-27.23, 18.0, -1.57], [-27.23, 16.0], [-37.0, 16.0], [-37.0, 21.5], [-38.0, 21.5, 0.0]]], 'navto_room'], ['approach_person', ['nurse'], 'approach_nurse'], ['authenticate_person', ['nurse'], 'authenticate_nurse'], ['operate_drawer', ['open'], 'open_drawer_for_nurse'], ['send_message', ['nurse'], 'notify_nurse_of_open_drawer_for_nurse_completed'], ['wait_message', ['nurse'], 'wait_nurse_to_complete_deposit'], ['operate_drawer', ['close'], 'close_drawer_nurse'], ['navigation', ['Laboratory', [[-38.0, 21.5, 0.0], [-37.0, 21.5], [-37.0, 16.0], [-26.0, 16.0], [-26.0, 13.0, 1.57]]], 'navto_lab'], ['approach_robot', ['lab_arm'], 'approach_arm'], ['operate_drawer', ['open'], 'open_drawer_lab'], ['send_message', ['lab_arm'], 'notify_lab_arm_of_open_drawer_lab_completed'], ['wait_message', ['lab_arm'], 'wait_lab_arm_to_complete_pick_up_sample'], ['operate_drawer', ['close'], 'close_drawer_lab']], 'location': 'PC Room 4', 'name': 'r1', 'position': [-27.23, 18.0, -1.57], 'skills': ['approach_person', 'approach_robot', 'authenticate_person', 'navigation']}, None, None
0.13, [DEBUG], logger, Simulation open, None, None
10.06, [INFO], robot1, {'battery-level': '58.55'}, None, None
10.06, [INFO], robot1, {'y': 18.0, 'x': -27.23, 'yaw': -3.142}, None, None
20.05, [INFO], robot1, {'battery-level': '57.89'}, None, None
20.05, [INFO], robot1, {'y': 16.894, 'x': -27.085, 'yaw': 3.139}, None, None
30.08, [INFO], robot1, {'y': 16.103, 'x': -28.574, 'yaw': 3.142}, None, None
30.08, [INFO], robot1, {'battery-level': '57.23'}, None, None
40.07, [INFO], robot1, {'y': 15.989, 'x': -30.691, 'yaw': -3.142}, None, None
40.07, [INFO], robot1, {'battery-level': '56.57'}, None, None
50.09, [INFO], robot1, {'y': 15.826, 'x': -32.804, 'yaw': -3.142}, None, None
50.09, [INFO], robot1, {'battery-level': '55.91'}, None, None
60.09, [INFO], robot1, {'y': 15.351, 'x': -34.897, 'yaw': 3.142}, None, None
60.09, [INFO], robot1, {'battery-level': '55.25'}, None, None
70.03, [INFO], robot1, {'battery-level': '54.59'}, None, None
70.03, [INFO], robot1, {'y': 16.053, 'x': -36.678, 'yaw': 3.142}, None, None
80.01, [INFO], robot1, {'battery-level': '53.93'}, None, None
80.01, [INFO], robot1, {'y': 18.168, 'x': -36.613, 'yaw': -3.141}, None, None
90.01, [INFO], robot1, {'battery-level': '53.27'}, None, None
90.01, [INFO], robot1, {'y': 20.283, 'x': -36.812, 'yaw': -3.142}, None, None
100.03, [INFO], robot1, {'y': 21.546, 'x': -37.932, 'yaw': -3.141}, None, None
100.03, [INFO], robot1, {'battery-level': '52.61'}, None, None
109.09, [info], nurse, sync, received-request, (status=sending-request)
109.09, [info], nurse, sync, request-sent, (status=waiting)
109.09, [WARN], robot1, NO-SKILL, operate_drawer, open_drawer_for_nurse
110.00, [INFO], robot1, {'battery-level': '51.95'}, None, None
110.00, [INFO], robot1, {'y': 21.474, 'x': -38.087, 'yaw': -3.137}, None, None
