0.00, [INFO], robot6, {'battery-level': '50.80'}, None, None
0.00, [DEBUG], logger, ROBOTS_CONFIG={'avg_speed': 0.15, 'battery_charge': 0.5080169438370433, 'battery_discharge_rate': 0.00038, 'id': 6, 'local_plan': [['navigation', ['IC Room 2', [[-33.9, 18.93, 3.14], [-37.0, 18.93], [-37.0, 21.5], [-38.0, 21.5, 0.0]]], 'navto_room'], ['approach_person', ['nurse'], 'approach_nurse'], ['authenticate_person', ['nurse'], 'authenticate_nurse'], ['operate_drawer', ['open'], 'open_drawer_for_nurse'], ['send_message', ['nurse'], 'notify_nurse_of_open_drawer_for_nurse_completed'], ['wait_message', ['nurse'], 'wait_nurse_to_complete_deposit'], ['operate_drawer', ['close'], 'close_drawer_nurse'], ['navigation', ['Laboratory', [[-38.0, 21.5, 0.0], [-37.0, 21.5], [-37.0, 16.0], [-26.0, 16.0], [-26.0, 13.0, 1.57]]], 'navto_lab'], ['approach_robot', ['lab_arm'], 'approach_arm'], ['operate_drawer', ['open'], 'open_drawer_lab'], ['send_message', ['lab_arm'], 'notify_lab_arm_of_open_drawer_lab_completed'], ['wait_message', ['lab_arm'], 'wait_lab_arm_to_complete_pick_up_sample'], ['operate_drawer', ['close'], 'close_drawer_lab']], 'location': 'IC Room 6', 'name': 'r6', 'position': [-33.9, 18.93, 3.14], 'skills': ['approach_person', 'approach_robot', 'authenticate_person', 'navigation', 'operate_drawer']}, None, None
0.00, [DEBUG], logger, Simulation open, None, None
10.02, [INFO], robot6, {'battery-level': '50.46'}, None, None
10.02, [INFO], robot6, {'y': 18.561, 'x': -34.308, 'yaw': 3.142}, None, None
20.08, [INFO], robot6, {'y': 17.91, 'x': -36.054, 'yaw': 3.141}, None, None
20.08, [INFO], robot6, {'battery-level': '50.08'}, None, None
30.05, [INFO], robot6, {'y': 19.674, 'x': -36.933, 'yaw': 3.141}, None, None
30.05, [INFO], robot6, {'battery-level': '49.70'}, None, None
40.06, [INFO], robot6, {'battery-level': '49.32'}, None, None
40.06, [INFO], robot6, {'y': 21.46, 'x': -37.597, 'yaw': 3.142}, None, None
50.07, [INFO], robot6, {'battery-level': '48.94'}, None, None
50.07, [INFO], robot6, {'y': 21.424, 'x': -38.084, 'yaw': -3.142}, None, None
52.64, [info], nurse, sync, received-request, (status=sending-request)
52.64, [info], nurse, sync, request-sent, (status=waiting)
52.64, [info], nurse, sync, wait-message, (status=message-received)
60.09, [INFO], robot6, {'y': 20.822, 'x': -37.188, 'yaw': -3.142}, None, None
60.09, [INFO], robot6, {'battery-level': '48.56'}, None, None
70.08, [INFO], robot6, {'battery-level': '48.18'}, None, None
70.08, [INFO], robot6, {'y': 18.707, 'x': -37.088, 'yaw': 3.142}, None, None
80.03, [INFO], robot6, {'battery-level': '47.80'}, None, None
80.03, [INFO], robot6, {'y': 16.595, 'x': -37.038, 'yaw': 3.141}, None, None
90.01, [INFO], robot6, {'battery-level': '47.42'}, None, None
90.01, [INFO], robot6, {'y': 15.631, 'x': -35.48, 'yaw': 3.141}, None, None
100.02, [INFO], robot6, {'battery-level': '47.04'}, None, None
100.02, [INFO], robot6, {'y': 15.385, 'x': -33.373, 'yaw': -3.141}, None, None
110.08, [INFO], robot6, {'battery-level': '46.66'}, None, None
110.08, [INFO], robot6, {'y': 15.49, 'x': -31.244, 'yaw': -3.141}, None, None
120.08, [INFO], robot6, {'y': 15.689, 'x': -29.141, 'yaw': 3.141}, None, None
120.08, [INFO], robot6, {'battery-level': '46.28'}, None, None
130.06, [INFO], robot6, {'y': 15.77, 'x': -27.044, 'yaw': 3.14}, None, None
130.06, [INFO], robot6, {'battery-level': '45.90'}, None, None
140.05, [INFO], robot6, {'battery-level': '45.52'}, None, None
140.05, [INFO], robot6, {'y': 14.463, 'x': -25.765, 'yaw': -3.142}, None, None
150.02, [INFO], robot6, {'y': 12.921, 'x': -25.954, 'yaw': 3.142}, None, None
150.02, [INFO], robot6, {'battery-level': '45.14'}, None, None
155.20, [info], lab_arm, sync, wait-message, (status=message-received)
156.16, [WARN], robot6, SUCCESS, None, None
160.02, [INFO], robot6, {'battery-level': '44.76'}, None, None
160.02, [INFO], robot6, {'y': 12.911, 'x': -25.955, 'yaw': -3.142}, None, None
170.02, [INFO], robot6, {'y': 12.911, 'x': -25.955, 'yaw': 3.142}, None, None
170.02, [INFO], robot6, {'battery-level': '44.38'}, None, None
