0.00, [DEBUG], nurse, NURSE_CONFIG={'location': 'IC Room 6', 'position': [-33.9, 18.93, 3.14]}, None, None
0.00, [INFO], robot5, {'battery-level': '28.18'}, None, None
0.00, [DEBUG], logger, ROBOTS_CONFIG={'avg_speed': 0.15, 'battery_charge': 0.2817995261312799, 'battery_discharge_rate': 0.00042, 'id': 5, 'local_plan': [['navigation', ['IC Room 6', [[-13.5, 18.0, -1.57], [-13.5, 16.0], [-37.0, 16.0], [-37.0, 18.93], [-33.9, 18.93, 3.14]]], 'navto_room'], ['approach_person', ['nurse'], 'approach_nurse'], ['authenticate_person', ['nurse'], 'authenticate_nurse'], ['operate_drawer', ['open'], 'open_drawer_for_nurse'], ['send_message', ['nurse'], 'notify_nurse_of_open_drawer_for_nurse_completed'], ['wait_message', ['nurse'], 'wait_nurse_to_complete_deposit'], ['operate_drawer', ['close'], 'close_drawer_nurse'], ['navigation', ['Laboratory', [[-33.9, 18.93, 3.14], [-37.0, 18.93], [-37.0, 16.0], [-26.0, 16.0], [-26.0, 13.0, 1.57]]], 'navto_lab'], ['approach_robot', ['lab_arm'], 'approach_arm'], ['operate_drawer', ['open'], 'open_drawer_lab'], ['send_message', ['lab_arm'], 'notify_lab_arm_of_open_drawer_lab_completed'], ['wait_message', ['lab_arm'], 'wait_lab_arm_to_complete_pick_up_sample'], ['operate_drawer', ['close'], 'close_drawer_lab']], 'location': 'PC Room 7', 'name': 'r5', 'position': [-13.5, 18.0, -1.57], 'skills': ['approach_person', 'authenticate_person', 'navigation', 'operate_drawer']}, None, None
0.00, [DEBUG], logger, Simulation open, None, None
10.07, [INFO], robot5, {'y': 17.41, 'x': -13.501, 'yaw': -3.142}, None, None
10.07, [INFO], robot5, {'battery-level': '27.80'}, None, None
20.09, [INFO], robot5, {'y': 16.033, 'x': -14.462, 'yaw': -3.142}, None, None
20.09, [INFO], robot5, {'battery-level': '27.38'}, None, None
30.02, [INFO], robot5, {'battery-level': '26.96'}, None, None
30.02, [INFO], robot5, {'y': 15.892, 'x': -16.555, 'yaw': 3.141}, None, None
40.04, [INFO], robot5, {'y': 15.947, 'x': -18.685, 'yaw': 3.142}, None, None
40.04, [INFO], robot5, {'battery-level': '26.54'}, None, None
50.07, [INFO], robot5, {'y': 16.093, 'x': -20.791, 'yaw': -3.138}, None, None
50.07, [INFO], robot5, {'battery-level': '26.12'}, None, None
60.00, [INFO], robot5, {'y': 16.062, 'x': -22.889, 'yaw': 3.141}, None, None
60.00, [INFO], robot5, {'battery-level': '25.70'}, None, None
70.09, [INFO], robot5, {'y': 16.044, 'x': -25.012, 'yaw': 3.142}, None, None
70.09, [INFO], robot5, {'battery-level': '25.28'}, None, None
80.10, [INFO], robot5, {'y': 16.036, 'x': -27.123, 'yaw': 3.138}, None, None
80.10, [INFO], robot5, {'battery-level': '24.86'}, None, None
90.03, [INFO], robot5, {'battery-level': '24.44'}, None, None
90.03, [INFO], robot5, {'y': 16.146, 'x': -29.213, 'yaw': 3.142}, None, None
100.06, [INFO], robot5, {'y': 16.051, 'x': -31.335, 'yaw': 3.14}, None, None
100.06, [INFO], robot5, {'battery-level': '24.02'}, None, None
110.00, [INFO], robot5, {'battery-level': '23.60'}, None, None
110.00, [INFO], robot5, {'y': 15.632, 'x': -33.41, 'yaw': -3.142}, None, None
120.02, [INFO], robot5, {'battery-level': '23.18'}, None, None
120.02, [INFO], robot5, {'y': 15.532, 'x': -35.521, 'yaw': 3.142}, None, None
130.06, [INFO], robot5, {'y': 16.701, 'x': -36.774, 'yaw': -3.142}, None, None
130.06, [INFO], robot5, {'battery-level': '22.76'}, None, None
140.09, [INFO], robot5, {'y': 17.653, 'x': -36.83, 'yaw': 3.141}, None, None
140.09, [INFO], robot5, {'battery-level': '22.34'}, None, None
150.03, [INFO], robot5, {'y': 17.667, 'x': -36.822, 'yaw': -3.142}, None, None
150.03, [INFO], robot5, {'battery-level': '21.92'}, None, None
160.05, [INFO], robot5, {'battery-level': '21.50'}, None, None
160.05, [INFO], robot5, {'y': 17.701, 'x': -36.814, 'yaw': 3.14}, None, None
170.07, [INFO], robot5, {'battery-level': '21.08'}, None, None
170.07, [INFO], robot5, {'y': 17.699, 'x': -36.813, 'yaw': -3.142}, None, None
180.01, [INFO], robot5, {'battery-level': '20.66'}, None, None
180.01, [INFO], robot5, {'y': 17.699, 'x': -36.813, 'yaw': 3.142}, None, None
190.03, [INFO], robot5, {'battery-level': '20.24'}, None, None
190.03, [INFO], robot5, {'y': 17.699, 'x': -36.813, 'yaw': 3.142}, None, None
200.06, [INFO], robot5, {'y': 17.699, 'x': -36.813, 'yaw': -3.142}, None, None
200.06, [INFO], robot5, {'battery-level': '19.82'}, None, None
210.07, [INFO], robot5, {'battery-level': '19.40'}, None, None
210.07, [INFO], robot5, {'y': 17.817, 'x': -37.082, 'yaw': 3.141}, None, None
220.10, [INFO], robot5, {'battery-level': '18.98'}, None, None
220.10, [INFO], robot5, {'y': 17.799, 'x': -37.081, 'yaw': -3.142}, None, None
230.01, [INFO], robot5, {'battery-level': '18.56'}, None, None
230.01, [INFO], robot5, {'y': 17.799, 'x': -37.081, 'yaw': 3.142}, None, None
240.03, [INFO], robot5, {'battery-level': '18.14'}, None, None
240.03, [INFO], robot5, {'y': 17.8, 'x': -37.081, 'yaw': 3.142}, None, None
250.07, [INFO], robot5, {'y': 17.789, 'x': -37.078, 'yaw': 3.141}, None, None
250.07, [INFO], robot5, {'battery-level': '17.72'}, None, None
260.00, [INFO], robot5, {'battery-level': '17.30'}, None, None
260.00, [INFO], robot5, {'y': 17.753, 'x': -37.054, 'yaw': -3.142}, None, None
270.03, [INFO], robot5, {'y': 17.748, 'x': -37.053, 'yaw': 3.141}, None, None
270.03, [INFO], robot5, {'battery-level': '16.88'}, None, None
271.57, [WARN], robot5, SKILL-FAILURE, navigation, navto_room
280.07, [INFO], robot5, {'battery-level': '16.46'}, None, None
280.07, [INFO], robot5, {'y': 17.748, 'x': -37.053, 'yaw': -3.142}, None, None
290.01, [INFO], robot5, {'y': 17.748, 'x': -37.053, 'yaw': 3.142}, None, None
290.01, [INFO], robot5, {'battery-level': '16.04'}, None, None
