0.00, [DEBUG], logger, ROBOTS_CONFIG={'avg_speed': 0.15, 'battery_charge': 0.6520875066754872, 'battery_discharge_rate': 0.00026000000000000003, 'id': 4, 'local_plan': [['navigation', ['IC Room 2', [[-32.88, 33.98, 3.14], [-37.0, 33.98], [-37.0, 21.5], [-38.0, 21.5, 0.0]]], 'navto_room'], ['approach_person', ['nurse'], 'approach_nurse'], ['authenticate_person', ['nurse'], 'authenticate_nurse'], ['operate_drawer', ['open'], 'open_drawer_for_nurse'], ['send_message', ['nurse'], 'notify_nurse_of_open_drawer_for_nurse_completed'], ['wait_message', ['nurse'], 'wait_nurse_to_complete_deposit'], ['operate_drawer', ['close'], 'close_drawer_nurse'], ['navigation', ['Laboratory', [[-38.0, 21.5, 0.0], [-37.0, 21.5], [-37.0, 16.0], [-26.0, 16.0], [-26.0, 13.0, 1.57]]], 'navto_lab'], ['approach_robot', ['lab_arm'], 'approach_arm'], ['operate_drawer', ['open'], 'open_drawer_lab'], ['send_message', ['lab_arm'], 'notify_lab_arm_of_open_drawer_lab_completed'], ['wait_message', ['lab_arm'], 'wait_lab_arm_to_complete_pick_up_sample'], ['operate_drawer', ['close'], 'close_drawer_lab']], 'location': 'IC Room 5', 'name': 'r4', 'position': [-32.88, 33.98, 3.14], 'skills': ['approach_person', 'approach_robot', 'authenticate_person', 'navigation', 'operate_drawer']}, None, None
0.00, [DEBUG], logger, Simulation open, None, None
10.07, [INFO], robot4, {'battery-level': '64.97'}, None, None
10.07, [INFO], robot4, {'y': 34.221, 'x': -33.491, 'yaw': 3.141}, None, None
20.10, [INFO], robot4, {'y': 34.695, 'x': -35.554, 'yaw': 3.141}, None, None
20.10, [INFO], robot4, {'battery-level': '64.71'}, None, None
30.01, [INFO], robot4, {'battery-level': '64.45'}, None, None
30.01, [INFO], robot4, {'y': 33.419, 'x': -36.991, 'yaw': -3.142}, None, None
40.02, [INFO], robot4, {'battery-level': '64.19'}, None, None
40.02, [INFO], robot4, {'y': 31.322, 'x': -36.976, 'yaw': -3.142}, None, None
50.02, [INFO], robot4, {'battery-level': '63.93'}, None, None
50.02, [INFO], robot4, {'y': 29.211, 'x': -37.027, 'yaw': -3.142}, None, None
60.03, [INFO], robot4, {'battery-level': '63.67'}, None, None
60.03, [INFO], robot4, {'y': 27.098, 'x': -36.989, 'yaw': -3.142}, None, None
70.03, [INFO], robot4, {'battery-level': '63.41'}, None, None
70.03, [INFO], robot4, {'y': 24.987, 'x': -37.031, 'yaw': -3.142}, None, None
80.05, [INFO], robot4, {'battery-level': '63.15'}, None, None
80.05, [INFO], robot4, {'y': 22.86, 'x': -37.105, 'yaw': -3.142}, None, None
90.04, [INFO], robot4, {'y': 21.258, 'x': -37.872, 'yaw': 3.142}, None, None
90.04, [INFO], robot4, {'battery-level': '62.89'}, None, None
100.09, [INFO], robot4, {'battery-level': '62.63'}, None, None
100.09, [INFO], robot4, {'y': 21.403, 'x': -38.066, 'yaw': -3.141}, None, None
103.54, [info], nurse, sync, received-request, (status=sending-request)
103.54, [info], nurse, sync, request-sent, (status=waiting)
103.54, [info], nurse, sync, wait-message, (status=message-received)
110.09, [INFO], robot4, {'battery-level': '62.37'}, None, None
110.09, [INFO], robot4, {'y': 21.058, 'x': -37.201, 'yaw': 3.142}, None, None
120.10, [INFO], robot4, {'battery-level': '62.11'}, None, None
120.10, [INFO], robot4, {'y': 18.935, 'x': -37.14, 'yaw': -3.142}, None, None
130.08, [INFO], robot4, {'battery-level': '61.85'}, None, None
130.08, [INFO], robot4, {'y': 16.821, 'x': -37.105, 'yaw': 3.141}, None, None
140.09, [INFO], robot4, {'y': 15.689, 'x': -35.697, 'yaw': 3.141}, None, None
140.09, [INFO], robot4, {'battery-level': '61.59'}, None, None
150.09, [INFO], robot4, {'battery-level': '61.33'}, None, None
150.09, [INFO], robot4, {'y': 15.437, 'x': -33.607, 'yaw': -3.142}, None, None
160.05, [INFO], robot4, {'y': 15.556, 'x': -31.491, 'yaw': -3.141}, None, None
160.05, [INFO], robot4, {'battery-level': '61.07'}, None, None
170.10, [INFO], robot4, {'battery-level': '60.81'}, None, None
170.10, [INFO], robot4, {'y': 15.69, 'x': -29.377, 'yaw': 3.141}, None, None
180.06, [INFO], robot4, {'y': 15.809, 'x': -27.273, 'yaw': -3.142}, None, None
180.06, [INFO], robot4, {'battery-level': '60.55'}, None, None
190.01, [INFO], robot4, {'battery-level': '60.29'}, None, None
190.01, [INFO], robot4, {'y': 14.669, 'x': -25.814, 'yaw': 3.142}, None, None
200.01, [INFO], robot4, {'y': 12.951, 'x': -25.913, 'yaw': -3.142}, None, None
200.01, [INFO], robot4, {'battery-level': '60.03'}, None, None
207.51, [info], lab_arm, sync, wait-message, (status=message-received)
208.47, [WARN], robot4, SUCCESS, None, None
210.04, [INFO], robot4, {'y': 12.894, 'x': -25.957, 'yaw': -3.142}, None, None
210.04, [INFO], robot4, {'battery-level': '59.77'}, None, None
220.03, [INFO], robot4, {'y': 12.894, 'x': -25.957, 'yaw': -3.142}, None, None
220.03, [INFO], robot4, {'battery-level': '59.51'}, None, None
230.06, [INFO], robot4, {'battery-level': '59.25'}, None, None
230.06, [INFO], robot4, {'y': 12.894, 'x': -25.957, 'yaw': -3.142}, None, None
