0.00, [INFO], robot5, {'battery-level': '28.18'}, None, None
0.00, [DEBUG], logger, ROBOTS_CONFIG={'avg_speed': 0.15, 'battery_charge': 0.2817995261312799, 'battery_discharge_rate': 0.00042, 'id': 5, 'local_plan': [['navigation', ['IC Room 2', [[-11.5, 18.0, -1.57], [-11.5, 16.0], [-37.0, 16.0], [-37.0, 21.5], [-38.0, 21.5, 0.0]]], 'navto_room'], ['approach_person', ['nurse'], 'approach_nurse'], ['authenticate_person', ['nurse'], 'authenticate_nurse'], ['operate_drawer', ['open'], 'open_drawer_for_nurse'], ['send_message', ['nurse'], 'notify_nurse_of_open_drawer_for_nurse_completed'], ['wait_message', ['nurse'], 'wait_nurse_to_complete_deposit'], ['operate_drawer', ['close'], 'close_drawer_nurse'], ['navigation', ['Laboratory', [[-38.0, 21.5, 0.0], [-37.0, 21.5], [-37.0, 16.0], [-26.0, 16.0], [-26.0, 13.0, 1.57]]], 'navto_lab'], ['approach_robot', ['lab_arm'], 'approach_arm'], ['operate_drawer', ['open'], 'open_drawer_lab'], ['send_message', ['lab_arm'], 'notify_lab_arm_of_open_drawer_lab_completed'], ['wait_message', ['lab_arm'], 'wait_lab_arm_to_complete_pick_up_sample'], ['operate_drawer', ['close'], 'close_drawer_lab']], 'location': 'PC Room 8', 'name': 'r5', 'position': [-11.5, 18.0, -1.57], 'skills': ['approach_person', 'authenticate_person', 'navigation', 'operate_drawer']}, None, None
0.00, [DEBUG], logger, Simulation open, None, None
10.04, [INFO], robot5, {'battery-level': '27.80'}, None, None
10.04, [INFO], robot5, {'y': 17.368, 'x': -11.654, 'yaw': 3.141}, None, None
20.03, [INFO], robot5, {'battery-level': '27.38'}, None, None
20.03, [INFO], robot5, {'y': 16.263, 'x': -13.023, 'yaw': 3.141}, None, None
30.04, [INFO], robot5, {'battery-level': '26.96'}, None, None
30.04, [INFO], robot5, {'y': 16.084, 'x': -13.02, 'yaw': 3.141}, None, None
40.07, [INFO], robot5, {'battery-level': '26.54'}, None, None
40.07, [INFO], robot5, {'y': 16.17, 'x': -12.906, 'yaw': -3.141}, None, None
50.07, [INFO], robot5, {'battery-level': '26.12'}, None, None
50.07, [INFO], robot5, {'y': 16.16, 'x': -13.081, 'yaw': 3.139}, None, None
60.01, [INFO], robot5, {'battery-level': '25.70'}, None, None
60.01, [INFO], robot5, {'y': 16.254, 'x': -12.938, 'yaw': -3.141}, None, None
70.03, [INFO], robot5, {'battery-level': '25.28'}, None, None
70.03, [INFO], robot5, {'y': 15.995, 'x': -12.906, 'yaw': 3.141}, None, None
80.04, [INFO], robot5, {'y': 16.36, 'x': -12.988, 'yaw': -3.137}, None, None
80.04, [INFO], robot5, {'battery-level': '24.86'}, None, None
90.06, [INFO], robot5, {'y': 16.394, 'x': -12.918, 'yaw': 3.141}, None, None
90.06, [INFO], robot5, {'battery-level': '24.44'}, None, None
100.06, [INFO], robot5, {'battery-level': '24.02'}, None, None
100.06, [INFO], robot5, {'y': 16.165, 'x': -12.849, 'yaw': 3.14}, None, None
110.05, [INFO], robot5, {'battery-level': '23.60'}, None, None
110.05, [INFO], robot5, {'y': 16.364, 'x': -12.994, 'yaw': 3.141}, None, None
120.06, [INFO], robot5, {'battery-level': '23.18'}, None, None
120.06, [INFO], robot5, {'y': 16.042, 'x': -12.888, 'yaw': 3.141}, None, None
130.07, [INFO], robot5, {'battery-level': '22.76'}, None, None
130.07, [INFO], robot5, {'y': 16.33, 'x': -12.989, 'yaw': -3.141}, None, None
140.09, [INFO], robot5, {'y': 16.137, 'x': -12.96, 'yaw': 3.141}, None, None
140.09, [INFO], robot5, {'battery-level': '22.34'}, None, None
150.01, [INFO], robot5, {'battery-level': '21.92'}, None, None
150.01, [INFO], robot5, {'y': 16.342, 'x': -13.05, 'yaw': 3.141}, None, None
158.46, [WARN], robot5, SKILL-FAILURE, navigation, navto_room
160.03, [INFO], robot5, {'y': 16.162, 'x': -13.01, 'yaw': 3.142}, None, None
160.03, [INFO], robot5, {'battery-level': '21.50'}, None, None
170.09, [INFO], robot5, {'y': 16.163, 'x': -13.01, 'yaw': 3.142}, None, None
170.09, [INFO], robot5, {'battery-level': '21.08'}, None, None
