0.00, [DEBUG], nurse, NURSE_CONFIG={'location': 'PC Room 3', 'position': [-28.5, 18.0, -1.57]}, None, None
0.00, [INFO], robot2, {'battery-level': '83.45'}, None, None
0.11, [DEBUG], logger, ROBOTS_CONFIG={'avg_speed': 0.15, 'battery_charge': 0.8344531419634984, 'battery_discharge_rate': 0.0006000000000000001, 'id': 2, 'local_plan': [['navigation', ['PC Room 3', [[-21.0, 18.0, -1.57], [-21.0, 16.0], [-28.5, 16.0], [-28.5, 18.0, -1.57]]], 'navto_room'], ['approach_person', ['nurse'], 'approach_nurse'], ['authenticate_person', ['nurse'], 'authenticate_nurse'], ['operate_drawer', ['open'], 'open_drawer_for_nurse'], ['send_message', ['nurse'], 'notify_nurse_of_open_drawer_for_nurse_completed'], ['wait_message', ['nurse'], 'wait_nurse_to_complete_deposit'], ['operate_drawer', ['close'], 'close_drawer_nurse'], ['navigation', ['Laboratory', [[-28.5, 18.0, -1.57], [-28.5, 16.0], [-26.0, 16.0], [-26.0, 13.0, 1.57]]], 'navto_lab'], ['approach_robot', ['lab_arm'], 'approach_arm'], ['operate_drawer', ['open'], 'open_drawer_lab'], ['send_message', ['lab_arm'], 'notify_lab_arm_of_open_drawer_lab_completed'], ['wait_message', ['lab_arm'], 'wait_lab_arm_to_complete_pick_up_sample'], ['operate_drawer', ['close'], 'close_drawer_lab']], 'location': 'PC Room 5', 'name': 'r2', 'position': [-21.0, 18.0, -1.57], 'skills': ['approach_person', 'approach_robot', 'authenticate_person', 'navigation', 'operate_drawer']}, None, None
0.11, [DEBUG], logger, Simulation open, None, None
10.06, [INFO], robot2, {'battery-level': '82.91'}, None, None
10.06, [INFO], robot2, {'y': 17.571, 'x': -20.971, 'yaw': 3.142}, None, None
20.01, [INFO], robot2, {'battery-level': '82.31'}, None, None
20.01, [INFO], robot2, {'y': 16.051, 'x': -21.723, 'yaw': -3.142}, None, None
30.09, [INFO], robot2, {'battery-level': '81.71'}, None, None
30.09, [INFO], robot2, {'y': 16.011, 'x': -23.845, 'yaw': -3.142}, None, None
40.04, [INFO], robot2, {'y': 15.987, 'x': -25.942, 'yaw': 3.141}, None, None
40.04, [INFO], robot2, {'battery-level': '81.11'}, None, None
50.02, [INFO], robot2, {'y': 16.042, 'x': -28.044, 'yaw': -3.138}, None, None
50.02, [INFO], robot2, {'battery-level': '80.51'}, None, None
60.07, [INFO], robot2, {'battery-level': '79.91'}, None, None
60.07, [INFO], robot2, {'y': 17.816, 'x': -28.618, 'yaw': 3.141}, None, None
68.71, [info], nurse, sync, received-request, (status=sending-request)
68.71, [info], nurse, sync, request-sent, (status=waiting)
68.71, [info], nurse, sync, wait-message, (status=message-received)
70.08, [INFO], robot2, {'battery-level': '79.31'}, None, None
70.08, [INFO], robot2, {'y': 17.918, 'x': -28.57, 'yaw': 3.141}, None, None
80.08, [INFO], robot2, {'battery-level': '78.71'}, None, None
80.08, [INFO], robot2, {'y': 16.016, 'x': -28.282, 'yaw': 3.142}, None, None
90.06, [INFO], robot2, {'y': 15.699, 'x': -26.302, 'yaw': -3.141}, None, None
90.06, [INFO], robot2, {'battery-level': '78.11'}, None, None
100.01, [INFO], robot2, {'battery-level': '77.51'}, None, None
100.01, [INFO], robot2, {'y': 13.676, 'x': -25.724, 'yaw': -3.142}, None, None
110.08, [INFO], robot2, {'battery-level': '76.91'}, None, None
110.08, [INFO], robot2, {'y': 12.863, 'x': -25.948, 'yaw': -3.142}, None, None
111.55, [info], lab_arm, sync, wait-message, (status=message-received)
112.52, [WARN], robot2, SUCCESS, None, None
120.04, [INFO], robot2, {'battery-level': '76.31'}, None, None
120.04, [INFO], robot2, {'y': 12.861, 'x': -25.947, 'yaw': -3.142}, None, None
