0.13, [DEBUG], logger, ROBOTS_CONFIG={'avg_speed': 0.15, 'battery_charge': 0.462681764358839, 'battery_discharge_rate': 0.0004, 'id': 3, 'local_plan': [['navigation', ['IC Room 6', [[-38.0, 21.5, 0.0], [-37.0, 21.5], [-37.0, 18.93], [-33.9, 18.93, 3.14]]], 'navto_room'], ['approach_person', ['nurse'], 'approach_nurse'], ['authenticate_person', ['nurse'], 'authenticate_nurse'], ['operate_drawer', ['open'], 'open_drawer_for_nurse'], ['send_message', ['nurse'], 'notify_nurse_of_open_drawer_for_nurse_completed'], ['wait_message', ['nurse'], 'wait_nurse_to_complete_deposit'], ['operate_drawer', ['close'], 'close_drawer_nurse'], ['navigation', ['Laboratory', [[-33.9, 18.93, 3.14], [-37.0, 18.93], [-37.0, 16.0], [-26.0, 16.0], [-26.0, 13.0, 1.57]]], 'navto_lab'], ['approach_robot', ['lab_arm'], 'approach_arm'], ['operate_drawer', ['open'], 'open_drawer_lab'], ['send_message', ['lab_arm'], 'notify_lab_arm_of_open_drawer_lab_completed'], ['wait_message', ['lab_arm'], 'wait_lab_arm_to_complete_pick_up_sample'], ['operate_drawer', ['close'], 'close_drawer_lab']], 'location': 'IC Room 2', 'name': 'r3', 'position': [-38.0, 21.5, 0.0], 'skills': ['approach_person', 'approach_robot', 'authenticate_person', 'navigation', 'operate_drawer']}, None, None
0.13, [DEBUG], logger, Simulation open, None, None
10.08, [INFO], robot3, {'battery-level': '45.91'}, None, None
10.08, [INFO], robot3, {'y': 21.54, 'x': -37.347, 'yaw': 3.141}, None, None
20.09, [INFO], robot3, {'battery-level': '45.51'}, None, None
20.09, [INFO], robot3, {'y': 19.503, 'x': -37.075, 'yaw': 3.142}, None, None
30.01, [INFO], robot3, {'battery-level': '45.11'}, None, None
30.01, [INFO], robot3, {'y': 17.895, 'x': -35.717, 'yaw': 3.141}, None, None
40.01, [INFO], robot3, {'battery-level': '44.71'}, None, None
40.01, [INFO], robot3, {'y': 18.77, 'x': -34.069, 'yaw': 3.142}, None, None
49.64, [info], nurse, sync, received-request, (status=sending-request)
49.64, [info], nurse, sync, request-sent, (status=waiting)
49.73, [info], nurse, sync, wait-message, (status=message-received)
50.01, [INFO], robot3, {'battery-level': '44.31'}, None, None
50.01, [INFO], robot3, {'y': 19.004, 'x': -33.96, 'yaw': 3.141}, None, None
60.00, [INFO], robot3, {'battery-level': '43.91'}, None, None
60.00, [INFO], robot3, {'y': 17.779, 'x': -35.287, 'yaw': -3.139}, None, None
70.08, [INFO], robot3, {'y': 17.696, 'x': -37.015, 'yaw': 3.141}, None, None
70.08, [INFO], robot3, {'battery-level': '43.51'}, None, None
80.05, [INFO], robot3, {'y': 17.251, 'x': -37.149, 'yaw': 3.142}, None, None
80.05, [INFO], robot3, {'battery-level': '43.11'}, None, None
90.05, [INFO], robot3, {'y': 17.234, 'x': -36.985, 'yaw': 3.14}, None, None
90.05, [INFO], robot3, {'battery-level': '42.71'}, None, None
100.02, [INFO], robot3, {'battery-level': '42.31'}, None, None
100.02, [INFO], robot3, {'y': 17.317, 'x': -37.108, 'yaw': 3.141}, None, None
110.09, [INFO], robot3, {'y': 17.271, 'x': -37.114, 'yaw': 3.141}, None, None
110.09, [INFO], robot3, {'battery-level': '41.91'}, None, None
120.06, [INFO], robot3, {'battery-level': '41.51'}, None, None
120.06, [INFO], robot3, {'y': 17.528, 'x': -36.947, 'yaw': 3.141}, None, None
130.05, [INFO], robot3, {'y': 17.374, 'x': -36.936, 'yaw': 3.141}, None, None
130.05, [INFO], robot3, {'battery-level': '41.11'}, None, None
140.03, [INFO], robot3, {'battery-level': '40.71'}, None, None
140.03, [INFO], robot3, {'y': 17.276, 'x': -36.734, 'yaw': -3.142}, None, None
150.05, [INFO], robot3, {'y': 17.314, 'x': -36.981, 'yaw': -3.142}, None, None
150.05, [INFO], robot3, {'battery-level': '40.31'}, None, None
160.02, [INFO], robot3, {'battery-level': '39.91'}, None, None
160.02, [INFO], robot3, {'y': 17.398, 'x': -36.84, 'yaw': -3.141}, None, None
170.04, [INFO], robot3, {'y': 17.371, 'x': -36.916, 'yaw': 3.141}, None, None
170.04, [INFO], robot3, {'battery-level': '39.51'}, None, None
180.07, [INFO], robot3, {'battery-level': '39.11'}, None, None
180.07, [INFO], robot3, {'y': 17.446, 'x': -36.915, 'yaw': 3.142}, None, None
190.09, [INFO], robot3, {'y': 17.282, 'x': -37.078, 'yaw': 3.141}, None, None
190.09, [INFO], robot3, {'battery-level': '38.71'}, None, None
200.09, [INFO], robot3, {'y': 17.353, 'x': -36.994, 'yaw': 3.141}, None, None
200.09, [INFO], robot3, {'battery-level': '38.31'}, None, None
210.06, [INFO], robot3, {'battery-level': '37.91'}, None, None
210.06, [INFO], robot3, {'y': 17.453, 'x': -36.928, 'yaw': -3.142}, None, None
220.03, [INFO], robot3, {'battery-level': '37.51'}, None, None
220.03, [INFO], robot3, {'y': 17.374, 'x': -36.762, 'yaw': 3.141}, None, None
230.03, [INFO], robot3, {'battery-level': '37.11'}, None, None
230.03, [INFO], robot3, {'y': 17.438, 'x': -36.948, 'yaw': 3.141}, None, None
234.34, [WARN], robot3, SKILL-FAILURE, navigation, navto_lab
240.05, [INFO], robot3, {'battery-level': '36.71'}, None, None
240.05, [INFO], robot3, {'y': 17.34, 'x': -36.94, 'yaw': 3.142}, None, None
