0.20, [DEBUG], logger, ROBOTS_CONFIG={'avg_speed': 0.15, 'battery_charge': 0.462681764358839, 'battery_discharge_rate': 0.0004, 'id': 3, 'local_plan': [['navigation', ['IC Room 6', [[-38.0, 21.5, 0.0], [-37.0, 21.5], [-37.0, 18.93], [-33.9, 18.93, 3.14]]], 'navto_room'], ['approach_person', ['nurse'], 'approach_nurse'], ['authenticate_person', ['nurse'], 'authenticate_nurse'], ['operate_drawer', ['open'], 'open_drawer_for_nurse'], ['send_message', ['nurse'], 'notify_nurse_of_open_drawer_for_nurse_completed'], ['wait_message', ['nurse'], 'wait_nurse_to_complete_deposit'], ['operate_drawer', ['close'], 'close_drawer_nurse'], ['navigation', ['Laboratory', [[-33.9, 18.93, 3.14], [-37.0, 18.93], [-37.0, 16.0], [-26.0, 16.0], [-26.0, 13.0, 1.57]]], 'navto_lab'], ['approach_robot', ['lab_arm'], 'approach_arm'], ['operate_drawer', ['open'], 'open_drawer_lab'], ['send_message', ['lab_arm'], 'notify_lab_arm_of_open_drawer_lab_completed'], ['wait_message', ['lab_arm'], 'wait_lab_arm_to_complete_pick_up_sample'], ['operate_drawer', ['close'], 'close_drawer_lab']], 'location': 'IC Room 2', 'name': 'r3', 'position': [-38.0, 21.5, 0.0], 'skills': ['approach_person', 'approach_robot', 'authenticate_person', 'navigation', 'operate_drawer']}, None, None
0.20, [DEBUG], logger, Simulation open, None, None
10.00, [INFO], robot3, {'y': 21.5, 'x': -38.0, 'yaw': 3.142}, None, None
10.00, [INFO], robot3, {'battery-level': '45.91'}, None, None
20.05, [INFO], robot3, {'battery-level': '45.51'}, None, None
20.05, [INFO], robot3, {'y': 21.272, 'x': -37.143, 'yaw': 3.141}, None, None
30.09, [INFO], robot3, {'y': 19.144, 'x': -37.023, 'yaw': 3.141}, None, None
30.09, [INFO], robot3, {'battery-level': '45.11'}, None, None
40.06, [INFO], robot3, {'y': 17.742, 'x': -35.435, 'yaw': -3.139}, None, None
40.06, [INFO], robot3, {'battery-level': '44.71'}, None, None
50.07, [INFO], robot3, {'battery-level': '44.31'}, None, None
50.07, [INFO], robot3, {'y': 18.855, 'x': -34.003, 'yaw': 3.142}, None, None
58.78, [info], nurse, sync, received-request, (status=sending-request)
58.78, [info], nurse, sync, request-sent, (status=waiting)
58.78, [info], nurse, sync, wait-message, (status=message-received)
60.07, [INFO], robot3, {'battery-level': '43.91'}, None, None
60.07, [INFO], robot3, {'y': 18.95, 'x': -33.955, 'yaw': 3.141}, None, None
70.07, [INFO], robot3, {'battery-level': '43.51'}, None, None
70.07, [INFO], robot3, {'y': 17.758, 'x': -35.488, 'yaw': 3.141}, None, None
80.05, [INFO], robot3, {'y': 17.675, 'x': -37.023, 'yaw': 3.142}, None, None
80.05, [INFO], robot3, {'battery-level': '43.11'}, None, None
90.04, [INFO], robot3, {'y': 17.295, 'x': -36.878, 'yaw': -3.141}, None, None
90.04, [INFO], robot3, {'battery-level': '42.71'}, None, None
100.01, [INFO], robot3, {'battery-level': '42.31'}, None, None
100.01, [INFO], robot3, {'y': 17.556, 'x': -36.931, 'yaw': -3.141}, None, None
110.03, [INFO], robot3, {'battery-level': '41.91'}, None, None
110.03, [INFO], robot3, {'y': 17.275, 'x': -37.053, 'yaw': -3.141}, None, None
120.03, [INFO], robot3, {'y': 17.352, 'x': -36.87, 'yaw': -3.142}, None, None
120.03, [INFO], robot3, {'battery-level': '41.51'}, None, None
130.04, [INFO], robot3, {'battery-level': '41.11'}, None, None
130.04, [INFO], robot3, {'y': 17.338, 'x': -36.936, 'yaw': -3.141}, None, None
140.06, [INFO], robot3, {'y': 17.177, 'x': -37.023, 'yaw': 3.141}, None, None
140.06, [INFO], robot3, {'battery-level': '40.71'}, None, None
150.09, [INFO], robot3, {'battery-level': '40.31'}, None, None
150.09, [INFO], robot3, {'y': 17.408, 'x': -36.884, 'yaw': 3.142}, None, None
160.01, [INFO], robot3, {'battery-level': '39.91'}, None, None
160.01, [INFO], robot3, {'y': 17.367, 'x': -36.941, 'yaw': 3.141}, None, None
170.02, [INFO], robot3, {'battery-level': '39.51'}, None, None
170.02, [INFO], robot3, {'y': 17.138, 'x': -37.055, 'yaw': 3.141}, None, None
180.09, [INFO], robot3, {'battery-level': '39.11'}, None, None
180.09, [INFO], robot3, {'y': 17.491, 'x': -36.868, 'yaw': 3.142}, None, None
190.08, [INFO], robot3, {'battery-level': '38.71'}, None, None
190.08, [INFO], robot3, {'y': 17.323, 'x': -37.123, 'yaw': 3.141}, None, None
200.08, [INFO], robot3, {'battery-level': '38.31'}, None, None
200.08, [INFO], robot3, {'y': 17.371, 'x': -37.059, 'yaw': 3.141}, None, None
210.02, [INFO], robot3, {'battery-level': '37.91'}, None, None
210.02, [INFO], robot3, {'y': 17.301, 'x': -36.906, 'yaw': 3.141}, None, None
220.03, [INFO], robot3, {'battery-level': '37.51'}, None, None
220.03, [INFO], robot3, {'y': 17.314, 'x': -36.831, 'yaw': -3.141}, None, None
230.08, [INFO], robot3, {'y': 17.17, 'x': -37.024, 'yaw': 3.141}, None, None
230.08, [INFO], robot3, {'battery-level': '37.11'}, None, None
240.06, [INFO], robot3, {'y': 17.364, 'x': -36.872, 'yaw': 3.142}, None, None
240.06, [INFO], robot3, {'battery-level': '36.71'}, None, None
244.81, [WARN], robot3, SKILL-FAILURE, navigation, navto_lab
250.05, [INFO], robot3, {'battery-level': '36.31'}, None, None
250.05, [INFO], robot3, {'y': 17.25, 'x': -36.914, 'yaw': -3.142}, None, None
