0.00, [INFO], robot5, {'battery-level': '71.80'}, None, None
0.00, [DEBUG], logger, ROBOTS_CONFIG={'avg_speed': 0.15, 'battery_charge': 0.7179616530181877, 'battery_discharge_rate': 0.0002, 'id': 5, 'local_plan': [['navigation', ['IC Room 6', [[-13.5, 18.0, -1.57], [-13.5, 16.0], [-37.0, 16.0], [-37.0, 18.93], [-33.9, 18.93, 3.14]]], 'navto_room'], ['approach_person', ['nurse'], 'approach_nurse'], ['authenticate_person', ['nurse'], 'authenticate_nurse'], ['operate_drawer', ['open'], 'open_drawer_for_nurse'], ['send_message', ['nurse'], 'notify_nurse_of_open_drawer_for_nurse_completed'], ['wait_message', ['nurse'], 'wait_nurse_to_complete_deposit'], ['operate_drawer', ['close'], 'close_drawer_nurse'], ['navigation', ['Laboratory', [[-33.9, 18.93, 3.14], [-37.0, 18.93], [-37.0, 16.0], [-26.0, 16.0], [-26.0, 13.0, 1.57]]], 'navto_lab'], ['approach_robot', ['lab_arm'], 'approach_arm'], ['operate_drawer', ['open'], 'open_drawer_lab'], ['send_message', ['lab_arm'], 'notify_lab_arm_of_open_drawer_lab_completed'], ['wait_message', ['lab_arm'], 'wait_lab_arm_to_complete_pick_up_sample'], ['operate_drawer', ['close'], 'close_drawer_lab']], 'location': 'PC Room 7', 'name': 'r5', 'position': [-13.5, 18.0, -1.57], 'skills': ['approach_person', 'approach_robot', 'authenticate_person', 'navigation', 'operate_drawer']}, None, None
0.00, [DEBUG], logger, Simulation open, None, None
10.03, [INFO], robot5, {'battery-level': '71.62'}, None, None
10.03, [INFO], robot5, {'y': 17.526, 'x': -13.499, 'yaw': -3.142}, None, None
20.08, [INFO], robot5, {'battery-level': '71.42'}, None, None
20.08, [INFO], robot5, {'y': 15.982, 'x': -14.279, 'yaw': -3.141}, None, None
30.04, [INFO], robot5, {'battery-level': '71.22'}, None, None
30.04, [INFO], robot5, {'y': 15.844, 'x': -16.386, 'yaw': 3.141}, None, None
40.06, [INFO], robot5, {'battery-level': '71.02'}, None, None
40.06, [INFO], robot5, {'y': 15.862, 'x': -18.502, 'yaw': 3.141}, None, None
50.01, [INFO], robot5, {'battery-level': '70.82'}, None, None
50.01, [INFO], robot5, {'y': 16.004, 'x': -20.601, 'yaw': 3.142}, None, None
60.03, [INFO], robot5, {'y': 15.977, 'x': -22.721, 'yaw': 3.141}, None, None
60.03, [INFO], robot5, {'battery-level': '70.62'}, None, None
70.09, [INFO], robot5, {'battery-level': '70.42'}, None, None
70.09, [INFO], robot5, {'y': 15.972, 'x': -24.834, 'yaw': 3.141}, None, None
80.09, [INFO], robot5, {'y': 15.917, 'x': -26.955, 'yaw': -3.142}, None, None
80.09, [INFO], robot5, {'battery-level': '70.22'}, None, None
90.02, [INFO], robot5, {'battery-level': '70.02'}, None, None
90.02, [INFO], robot5, {'y': 16.051, 'x': -29.065, 'yaw': 3.142}, None, None
100.05, [INFO], robot5, {'battery-level': '69.82'}, None, None
100.05, [INFO], robot5, {'y': 15.915, 'x': -31.179, 'yaw': 3.14}, None, None
110.03, [INFO], robot5, {'battery-level': '69.62'}, None, None
110.03, [INFO], robot5, {'y': 15.671, 'x': -33.274, 'yaw': 3.141}, None, None
120.02, [INFO], robot5, {'y': 15.45, 'x': -35.384, 'yaw': -3.142}, None, None
120.02, [INFO], robot5, {'battery-level': '69.42'}, None, None
130.08, [INFO], robot5, {'y': 16.511, 'x': -36.854, 'yaw': -3.141}, None, None
130.08, [INFO], robot5, {'battery-level': '69.22'}, None, None
140.00, [INFO], robot5, {'y': 17.752, 'x': -36.836, 'yaw': 3.141}, None, None
140.00, [INFO], robot5, {'battery-level': '69.02'}, None, None
150.01, [INFO], robot5, {'battery-level': '68.82'}, None, None
150.01, [INFO], robot5, {'y': 17.75, 'x': -36.838, 'yaw': 3.141}, None, None
160.03, [INFO], robot5, {'y': 17.757, 'x': -36.835, 'yaw': -3.142}, None, None
160.03, [INFO], robot5, {'battery-level': '68.62'}, None, None
170.03, [INFO], robot5, {'battery-level': '68.42'}, None, None
170.03, [INFO], robot5, {'y': 17.856, 'x': -36.099, 'yaw': 3.141}, None, None
180.06, [INFO], robot5, {'battery-level': '68.22'}, None, None
180.06, [INFO], robot5, {'y': 18.356, 'x': -35.626, 'yaw': -3.136}, None, None
190.06, [INFO], robot5, {'y': 18.122, 'x': -35.767, 'yaw': 3.142}, None, None
190.06, [INFO], robot5, {'battery-level': '68.02'}, None, None
200.09, [INFO], robot5, {'battery-level': '67.82'}, None, None
200.09, [INFO], robot5, {'y': 18.236, 'x': -35.749, 'yaw': -3.142}, None, None
210.02, [INFO], robot5, {'y': 18.236, 'x': -35.75, 'yaw': 3.142}, None, None
210.02, [INFO], robot5, {'battery-level': '67.62'}, None, None
220.07, [INFO], robot5, {'y': 18.236, 'x': -35.75, 'yaw': 3.142}, None, None
220.07, [INFO], robot5, {'battery-level': '67.42'}, None, None
230.08, [INFO], robot5, {'y': 18.236, 'x': -35.75, 'yaw': 3.142}, None, None
230.08, [INFO], robot5, {'battery-level': '67.22'}, None, None
240.00, [INFO], robot5, {'y': 18.307, 'x': -35.72, 'yaw': 3.136}, None, None
240.00, [INFO], robot5, {'battery-level': '67.02'}, None, None
250.05, [INFO], robot5, {'battery-level': '66.82'}, None, None
250.05, [INFO], robot5, {'y': 18.306, 'x': -35.719, 'yaw': 3.136}, None, None
254.89, [WARN], robot5, SKILL-FAILURE, navigation, navto_room
260.07, [INFO], robot5, {'y': 18.306, 'x': -35.719, 'yaw': 3.136}, None, None
260.07, [INFO], robot5, {'battery-level': '66.62'}, None, None
