0.00, [DEBUG], logger, ROBOTS_CONFIG={'avg_speed': 0.15, 'battery_charge': 0.5408465660492595, 'battery_discharge_rate': 0.00072, 'id': 6, 'local_plan': [['navigation', ['IC Room 6', [[-32.88, 33.98, 3.14], [-37.0, 33.98], [-37.0, 18.93], [-33.9, 18.93, 3.14]]], 'navto_room'], ['approach_person', ['nurse'], 'approach_nurse'], ['authenticate_person', ['nurse'], 'authenticate_nurse'], ['operate_drawer', ['open'], 'open_drawer_for_nurse'], ['send_message', ['nurse'], 'notify_nurse_of_open_drawer_for_nurse_completed'], ['wait_message', ['nurse'], 'wait_nurse_to_complete_deposit'], ['operate_drawer', ['close'], 'close_drawer_nurse'], ['navigation', ['Laboratory', [[-33.9, 18.93, 3.14], [-37.0, 18.93], [-37.0, 16.0], [-26.0, 16.0], [-26.0, 13.0, 1.57]]], 'navto_lab'], ['approach_robot', ['lab_arm'], 'approach_arm'], ['operate_drawer', ['open'], 'open_drawer_lab'], ['send_message', ['lab_arm'], 'notify_lab_arm_of_open_drawer_lab_completed'], ['wait_message', ['lab_arm'], 'wait_lab_arm_to_complete_pick_up_sample'], ['operate_drawer', ['close'], 'close_drawer_lab']], 'location': 'IC Room 5', 'name': 'r6', 'position': [-32.88, 33.98, 3.14], 'skills': ['approach_person', 'approach_robot', 'authenticate_person', 'navigation', 'operate_drawer']}, None, None
0.00, [DEBUG], logger, Simulation open, None, None
10.08, [INFO], robot6, {'battery-level': '53.44'}, None, None
10.08, [INFO], robot6, {'y': 34.34, 'x': -33.733, 'yaw': 3.142}, None, None
20.00, [INFO], robot6, {'battery-level': '52.72'}, None, None
20.00, [INFO], robot6, {'y': 34.641, 'x': -35.788, 'yaw': 3.141}, None, None
30.02, [INFO], robot6, {'y': 33.125, 'x': -36.918, 'yaw': -3.142}, None, None
30.02, [INFO], robot6, {'battery-level': '52.00'}, None, None
40.01, [INFO], robot6, {'y': 31.008, 'x': -36.945, 'yaw': -3.142}, None, None
40.01, [INFO], robot6, {'battery-level': '51.28'}, None, None
50.04, [INFO], robot6, {'battery-level': '50.56'}, None, None
50.04, [INFO], robot6, {'y': 28.893, 'x': -36.937, 'yaw': -3.142}, None, None
60.06, [INFO], robot6, {'y': 26.781, 'x': -36.944, 'yaw': -3.142}, None, None
60.06, [INFO], robot6, {'battery-level': '49.84'}, None, None
70.09, [INFO], robot6, {'battery-level': '49.12'}, None, None
70.09, [INFO], robot6, {'y': 24.659, 'x': -36.993, 'yaw': 3.141}, None, None
80.06, [INFO], robot6, {'y': 22.543, 'x': -37.044, 'yaw': 3.141}, None, None
80.06, [INFO], robot6, {'battery-level': '48.40'}, None, None
90.07, [INFO], robot6, {'battery-level': '47.68'}, None, None
90.07, [INFO], robot6, {'y': 20.435, 'x': -37.166, 'yaw': 3.142}, None, None
100.08, [INFO], robot6, {'y': 18.494, 'x': -36.559, 'yaw': -3.141}, None, None
100.08, [INFO], robot6, {'battery-level': '46.96'}, None, None
110.04, [INFO], robot6, {'y': 17.761, 'x': -34.736, 'yaw': 3.142}, None, None
110.04, [INFO], robot6, {'battery-level': '46.24'}, None, None
120.00, [INFO], robot6, {'y': 18.971, 'x': -33.901, 'yaw': -3.142}, None, None
120.00, [INFO], robot6, {'battery-level': '45.52'}, None, None
124.34, [info], nurse, sync, received-request, (status=sending-request)
124.34, [info], nurse, sync, request-sent, (status=waiting)
124.34, [info], nurse, sync, wait-message, (status=message-received)
130.01, [INFO], robot6, {'y': 18.307, 'x': -34.429, 'yaw': 3.142}, None, None
130.01, [INFO], robot6, {'battery-level': '44.80'}, None, None
140.00, [INFO], robot6, {'battery-level': '44.08'}, None, None
140.00, [INFO], robot6, {'y': 17.968, 'x': -36.112, 'yaw': -3.142}, None, None
150.09, [INFO], robot6, {'y': 17.371, 'x': -37.048, 'yaw': 3.142}, None, None
150.09, [INFO], robot6, {'battery-level': '43.36'}, None, None
160.08, [INFO], robot6, {'battery-level': '42.64'}, None, None
160.08, [INFO], robot6, {'y': 17.301, 'x': -36.936, 'yaw': -3.141}, None, None
170.09, [INFO], robot6, {'battery-level': '41.92'}, None, None
170.09, [INFO], robot6, {'y': 17.462, 'x': -36.934, 'yaw': -3.141}, None, None
180.02, [INFO], robot6, {'y': 17.276, 'x': -37.007, 'yaw': 3.141}, None, None
180.02, [INFO], robot6, {'battery-level': '41.20'}, None, None
190.02, [INFO], robot6, {'battery-level': '40.48'}, None, None
190.02, [INFO], robot6, {'y': 17.41, 'x': -36.971, 'yaw': 3.141}, None, None
200.01, [INFO], robot6, {'y': 17.41, 'x': -36.971, 'yaw': 3.142}, None, None
200.01, [INFO], robot6, {'battery-level': '39.76'}, None, None
210.08, [INFO], robot6, {'battery-level': '39.04'}, None, None
210.08, [INFO], robot6, {'y': 17.411, 'x': -36.971, 'yaw': -3.142}, None, None
220.04, [INFO], robot6, {'battery-level': '38.32'}, None, None
220.04, [INFO], robot6, {'y': 17.339, 'x': -36.981, 'yaw': 3.142}, None, None
230.05, [INFO], robot6, {'battery-level': '37.60'}, None, None
230.05, [INFO], robot6, {'y': 17.311, 'x': -36.881, 'yaw': -3.141}, None, None
240.05, [INFO], robot6, {'y': 17.518, 'x': -36.866, 'yaw': 3.141}, None, None
240.05, [INFO], robot6, {'battery-level': '36.88'}, None, None
250.07, [INFO], robot6, {'battery-level': '36.16'}, None, None
250.07, [INFO], robot6, {'y': 17.326, 'x': -36.771, 'yaw': -3.141}, None, None
260.08, [INFO], robot6, {'y': 17.344, 'x': -37.007, 'yaw': 3.141}, None, None
260.08, [INFO], robot6, {'battery-level': '35.44'}, None, None
270.00, [INFO], robot6, {'battery-level': '34.72'}, None, None
270.00, [INFO], robot6, {'y': 17.375, 'x': -37.1, 'yaw': -3.141}, None, None
280.02, [INFO], robot6, {'battery-level': '34.00'}, None, None
280.02, [INFO], robot6, {'y': 17.373, 'x': -36.98, 'yaw': 3.141}, None, None
290.01, [INFO], robot6, {'battery-level': '33.28'}, None, None
290.01, [INFO], robot6, {'y': 17.303, 'x': -37.02, 'yaw': 3.141}, None, None
300.03, [INFO], robot6, {'battery-level': '32.56'}, None, None
300.03, [INFO], robot6, {'y': 17.401, 'x': -37.008, 'yaw': 3.141}, None, None
310.05, [INFO], robot6, {'battery-level': '31.84'}, None, None
310.05, [INFO], robot6, {'y': 17.199, 'x': -37.035, 'yaw': 3.141}, None, None
313.52, [WARN], robot6, SKILL-FAILURE, navigation, navto_lab
