0.00, [INFO], robot3, {'battery-level': '46.27'}, None, None
0.00, [DEBUG], nurse, NURSE_CONFIG={'location': 'IC Room 2', 'position': [-38.0, 21.5, 0.0]}, None, None
0.12, [DEBUG], logger, ROBOTS_CONFIG={'avg_speed': 0.15, 'battery_charge': 0.462681764358839, 'battery_discharge_rate': 0.0004, 'id': 3, 'local_plan': [['navigation', ['IC Room 2', [[-13.5, 18.0, -1.57], [-13.5, 16.0], [-37.0, 16.0], [-37.0, 21.5], [-38.0, 21.5, 0.0]]], 'navto_room'], ['approach_person', ['nurse'], 'approach_nurse'], ['authenticate_person', ['nurse'], 'authenticate_nurse'], ['operate_drawer', ['open'], 'open_drawer_for_nurse'], ['send_message', ['nurse'], 'notify_nurse_of_open_drawer_for_nurse_completed'], ['wait_message', ['nurse'], 'wait_nurse_to_complete_deposit'], ['operate_drawer', ['close'], 'close_drawer_nurse'], ['navigation', ['Laboratory', [[-38.0, 21.5, 0.0], [-37.0, 21.5], [-37.0, 16.0], [-26.0, 16.0], [-26.0, 13.0, 1.57]]], 'navto_lab'], ['approach_robot', ['lab_arm'], 'approach_arm'], ['operate_drawer', ['open'], 'open_drawer_lab'], ['send_message', ['lab_arm'], 'notify_lab_arm_of_open_drawer_lab_completed'], ['wait_message', ['lab_arm'], 'wait_lab_arm_to_complete_pick_up_sample'], ['operate_drawer', ['close'], 'close_drawer_lab']], 'location': 'PC Room 7', 'name': 'r3', 'position': [-13.5, 18.0, -1.57], 'skills': ['approach_person', 'approach_robot', 'authenticate_person', 'navigation', 'operate_drawer']}, None, None
0.12, [DEBUG], logger, Simulation open, None, None
10.03, [INFO], robot3, {'battery-level': '45.91'}, None, None
10.03, [INFO], robot3, {'y': 17.471, 'x': -13.495, 'yaw': 3.142}, None, None
20.02, [INFO], robot3, {'battery-level': '45.51'}, None, None
20.02, [INFO], robot3, {'y': 16.062, 'x': -14.423, 'yaw': 3.142}, None, None
30.04, [INFO], robot3, {'battery-level': '45.11'}, None, None
30.04, [INFO], robot3, {'y': 15.976, 'x': -16.552, 'yaw': -3.142}, None, None
40.02, [INFO], robot3, {'y': 16.027, 'x': -18.651, 'yaw': -3.142}, None, None
40.02, [INFO], robot3, {'battery-level': '44.71'}, None, None
50.02, [INFO], robot3, {'battery-level': '44.31'}, None, None
50.02, [INFO], robot3, {'y': 16.198, 'x': -20.757, 'yaw': 3.141}, None, None
60.05, [INFO], robot3, {'y': 16.15, 'x': -22.878, 'yaw': -3.141}, None, None
60.05, [INFO], robot3, {'battery-level': '43.91'}, None, None
70.07, [INFO], robot3, {'y': 16.107, 'x': -24.998, 'yaw': -3.142}, None, None
70.07, [INFO], robot3, {'battery-level': '43.51'}, None, None
80.09, [INFO], robot3, {'y': 16.057, 'x': -27.114, 'yaw': 3.138}, None, None
80.09, [INFO], robot3, {'battery-level': '43.11'}, None, None
90.01, [INFO], robot3, {'battery-level': '42.71'}, None, None
90.01, [INFO], robot3, {'y': 16.2, 'x': -29.21, 'yaw': -3.142}, None, None
100.02, [INFO], robot3, {'y': 16.113, 'x': -31.318, 'yaw': -3.141}, None, None
100.02, [INFO], robot3, {'battery-level': '42.31'}, None, None
110.05, [INFO], robot3, {'y': 15.692, 'x': -33.425, 'yaw': 3.141}, None, None
110.05, [INFO], robot3, {'battery-level': '41.91'}, None, None
120.06, [INFO], robot3, {'y': 15.465, 'x': -35.508, 'yaw': -3.141}, None, None
120.06, [INFO], robot3, {'battery-level': '41.51'}, None, None
130.07, [INFO], robot3, {'battery-level': '41.11'}, None, None
130.07, [INFO], robot3, {'y': 16.743, 'x': -36.6, 'yaw': -3.142}, None, None
140.00, [INFO], robot3, {'y': 18.847, 'x': -36.678, 'yaw': -3.136}, None, None
140.00, [INFO], robot3, {'battery-level': '40.71'}, None, None
150.04, [INFO], robot3, {'battery-level': '40.31'}, None, None
150.04, [INFO], robot3, {'y': 20.965, 'x': -36.89, 'yaw': 3.142}, None, None
160.05, [INFO], robot3, {'battery-level': '39.91'}, None, None
160.05, [INFO], robot3, {'y': 21.503, 'x': -38.106, 'yaw': 3.142}, None, None
170.08, [INFO], robot3, {'battery-level': '39.51'}, None, None
170.08, [INFO], robot3, {'y': 21.426, 'x': -38.072, 'yaw': 3.141}, None, None
175.96, [info], nurse, sync, received-request, (status=sending-request)
175.96, [info], nurse, sync, request-sent, (status=waiting)
175.96, [info], nurse, sync, wait-message, (status=message-received)
180.00, [INFO], robot3, {'battery-level': '39.11'}, None, None
180.00, [INFO], robot3, {'y': 21.359, 'x': -37.442, 'yaw': 3.142}, None, None
190.08, [INFO], robot3, {'battery-level': '38.71'}, None, None
190.08, [INFO], robot3, {'y': 19.337, 'x': -37.142, 'yaw': -3.142}, None, None
200.06, [INFO], robot3, {'battery-level': '38.31'}, None, None
200.06, [INFO], robot3, {'y': 17.236, 'x': -37.091, 'yaw': 3.141}, None, None
210.00, [INFO], robot3, {'y': 15.833, 'x': -36.033, 'yaw': -3.141}, None, None
210.00, [INFO], robot3, {'battery-level': '37.91'}, None, None
220.04, [INFO], robot3, {'y': 15.34, 'x': -33.956, 'yaw': -3.141}, None, None
220.04, [INFO], robot3, {'battery-level': '37.51'}, None, None
230.06, [INFO], robot3, {'battery-level': '37.11'}, None, None
230.06, [INFO], robot3, {'y': 15.499, 'x': -31.824, 'yaw': -3.141}, None, None
240.08, [INFO], robot3, {'battery-level': '36.71'}, None, None
240.08, [INFO], robot3, {'y': 15.67, 'x': -29.705, 'yaw': 3.141}, None, None
250.07, [INFO], robot3, {'y': 15.806, 'x': -27.602, 'yaw': 3.141}, None, None
250.07, [INFO], robot3, {'battery-level': '36.31'}, None, None
260.01, [INFO], robot3, {'battery-level': '35.91'}, None, None
260.01, [INFO], robot3, {'y': 14.958, 'x': -25.944, 'yaw': 3.142}, None, None
270.09, [INFO], robot3, {'y': 13.047, 'x': -25.909, 'yaw': 3.142}, None, None
270.09, [INFO], robot3, {'battery-level': '35.51'}, None, None
277.35, [info], lab_arm, sync, wait-message, (status=message-received)
278.28, [WARN], robot3, SUCCESS, None, None
280.09, [INFO], robot3, {'y': 12.96, 'x': -25.986, 'yaw': -3.142}, None, None
280.09, [INFO], robot3, {'battery-level': '35.11'}, None, None
