0.00, [INFO], robot6, {'battery-level': '50.80'}, None, None
0.19, [DEBUG], logger, ROBOTS_CONFIG={'avg_speed': 0.15, 'battery_charge': 0.5080169438370433, 'battery_discharge_rate': 0.0005200000000000001, 'id': 6, 'local_plan': [['navigation', ['PC Room 3', [[-27.23, 18.0, -1.57], [-27.23, 16.0], [-28.5, 16.0], [-28.5, 18.0, -1.57]]], 'navto_room'], ['approach_person', ['nurse'], 'approach_nurse'], ['authenticate_person', ['nurse'], 'authenticate_nurse'], ['operate_drawer', ['open'], 'open_drawer_for_nurse'], ['send_message', ['nurse'], 'notify_nurse_of_open_drawer_for_nurse_completed'], ['wait_message', ['nurse'], 'wait_nurse_to_complete_deposit'], ['operate_drawer', ['close'], 'close_drawer_nurse'], ['navigation', ['Laboratory', [[-28.5, 18.0, -1.57], [-28.5, 16.0], [-26.0, 16.0], [-26.0, 13.0, 1.57]]], 'navto_lab'], ['approach_robot', ['lab_arm'], 'approach_arm'], ['operate_drawer', ['open'], 'open_drawer_lab'], ['send_message', ['lab_arm'], 'notify_lab_arm_of_open_drawer_lab_completed'], ['wait_message', ['lab_arm'], 'wait_lab_arm_to_complete_pick_up_sample'], ['operate_drawer', ['close'], 'close_drawer_lab']], 'location': 'PC Room 4', 'name': 'r6', 'position': [-27.23, 18.0, -1.57], 'skills': ['approach_person', 'approach_robot', 'authenticate_person', 'navigation', 'operate_drawer']}, None, None
0.19, [DEBUG], logger, Simulation open, None, None
10.05, [INFO], robot6, {'battery-level': '50.33'}, None, None
10.05, [INFO], robot6, {'y': 17.671, 'x': -27.18, 'yaw': 3.142}, None, None
20.05, [INFO], robot6, {'battery-level': '49.81'}, None, None
20.05, [INFO], robot6, {'y': 16.398, 'x': -27.781, 'yaw': 3.142}, None, None
30.02, [INFO], robot6, {'y': 17.78, 'x': -28.642, 'yaw': -3.141}, None, None
30.02, [INFO], robot6, {'battery-level': '49.29'}, None, None
40.06, [INFO], robot6, {'y': 17.937, 'x': -28.581, 'yaw': -3.142}, None, None
40.06, [INFO], robot6, {'battery-level': '48.77'}, None, None
48.47, [info], nurse, sync, received-request, (status=sending-request)
48.47, [info], nurse, sync, request-sent, (status=waiting)
48.47, [info], nurse, sync, wait-message, (status=message-received)
50.02, [INFO], robot6, {'battery-level': '48.25'}, None, None
50.02, [INFO], robot6, {'y': 17.935, 'x': -28.622, 'yaw': 3.141}, None, None
60.03, [INFO], robot6, {'battery-level': '47.73'}, None, None
60.03, [INFO], robot6, {'y': 16.017, 'x': -28.293, 'yaw': 3.141}, None, None
70.08, [INFO], robot6, {'battery-level': '47.21'}, None, None
70.08, [INFO], robot6, {'y': 15.887, 'x': -26.211, 'yaw': -3.142}, None, None
80.02, [INFO], robot6, {'y': 13.849, 'x': -25.756, 'yaw': -3.142}, None, None
80.02, [INFO], robot6, {'battery-level': '46.69'}, None, None
90.04, [INFO], robot6, {'y': 12.878, 'x': -25.959, 'yaw': -3.142}, None, None
90.04, [INFO], robot6, {'battery-level': '46.17'}, None, None
92.36, [info], lab_arm, sync, wait-message, (status=message-received)
93.33, [WARN], robot6, SUCCESS, None, None
100.03, [INFO], robot6, {'y': 12.875, 'x': -25.957, 'yaw': -3.142}, None, None
100.03, [INFO], robot6, {'battery-level': '45.65'}, None, None
110.08, [INFO], robot6, {'battery-level': '45.13'}, None, None
110.08, [INFO], robot6, {'y': 12.875, 'x': -25.957, 'yaw': 3.142}, None, None
