0.00, [DEBUG], nurse, NURSE_CONFIG={'location': 'IC Room 6', 'position': [-33.9, 18.93, 3.14]}, None, None
0.13, [DEBUG], logger, ROBOTS_CONFIG={'avg_speed': 0.15, 'battery_charge': 0.5080169438370433, 'battery_discharge_rate': 0.0005200000000000001, 'id': 6, 'local_plan': [['navigation', ['IC Room 6', [[-32.88, 33.98, 3.14], [-37.0, 33.98], [-37.0, 18.93], [-33.9, 18.93, 3.14]]], 'navto_room'], ['approach_person', ['nurse'], 'approach_nurse'], ['authenticate_person', ['nurse'], 'authenticate_nurse'], ['operate_drawer', ['open'], 'open_drawer_for_nurse'], ['send_message', ['nurse'], 'notify_nurse_of_open_drawer_for_nurse_completed'], ['wait_message', ['nurse'], 'wait_nurse_to_complete_deposit'], ['operate_drawer', ['close'], 'close_drawer_nurse'], ['navigation', ['Laboratory', [[-33.9, 18.93, 3.14], [-37.0, 18.93], [-37.0, 16.0], [-26.0, 16.0], [-26.0, 13.0, 1.57]]], 'navto_lab'], ['approach_robot', ['lab_arm'], 'approach_arm'], ['operate_drawer', ['open'], 'open_drawer_lab'], ['send_message', ['lab_arm'], 'notify_lab_arm_of_open_drawer_lab_completed'], ['wait_message', ['lab_arm'], 'wait_lab_arm_to_complete_pick_up_sample'], ['operate_drawer', ['close'], 'close_drawer_lab']], 'location': 'IC Room 5', 'name': 'r6', 'position': [-32.88, 33.98, 3.14], 'skills': ['approach_person', 'approach_robot', 'authenticate_person', 'navigation', 'operate_drawer']}, None, None
0.13, [DEBUG], logger, Simulation open, None, None
10.05, [INFO], robot6, {'battery-level': '50.33'}, None, None
10.05, [INFO], robot6, {'y': 34.189, 'x': -33.439, 'yaw': 3.142}, None, None
20.06, [INFO], robot6, {'battery-level': '49.81'}, None, None
20.06, [INFO], robot6, {'y': 34.688, 'x': -35.481, 'yaw': 3.139}, None, None
30.07, [INFO], robot6, {'battery-level': '49.29'}, None, None
30.07, [INFO], robot6, {'y': 33.462, 'x': -36.997, 'yaw': 3.141}, None, None
40.08, [INFO], robot6, {'battery-level': '48.77'}, None, None
40.08, [INFO], robot6, {'y': 31.344, 'x': -36.888, 'yaw': -3.141}, None, None
50.00, [INFO], robot6, {'battery-level': '48.25'}, None, None
50.00, [INFO], robot6, {'y': 29.258, 'x': -36.911, 'yaw': -3.141}, None, None
60.02, [INFO], robot6, {'battery-level': '47.73'}, None, None
60.02, [INFO], robot6, {'y': 27.158, 'x': -36.889, 'yaw': 3.141}, None, None
69.94, [INFO], robot6, {'battery-level': '47.21'}, None, None
70.03, [INFO], robot6, {'y': 25.042, 'x': -36.937, 'yaw': 3.142}, None, None
80.08, [INFO], robot6, {'battery-level': '46.69'}, None, None
80.08, [INFO], robot6, {'y': 22.921, 'x': -37.037, 'yaw': 3.141}, None, None
90.01, [INFO], robot6, {'battery-level': '46.17'}, None, None
90.01, [INFO], robot6, {'y': 20.819, 'x': -37.166, 'yaw': -3.142}, None, None
100.09, [INFO], robot6, {'battery-level': '45.65'}, None, None
100.09, [INFO], robot6, {'y': 18.743, 'x': -36.774, 'yaw': 3.141}, None, None
110.03, [INFO], robot6, {'y': 17.764, 'x': -34.974, 'yaw': 3.142}, None, None
110.03, [INFO], robot6, {'battery-level': '45.13'}, None, None
120.07, [INFO], robot6, {'y': 18.93, 'x': -33.903, 'yaw': -3.142}, None, None
120.07, [INFO], robot6, {'battery-level': '44.61'}, None, None
125.37, [info], nurse, sync, received-request, (status=sending-request)
125.37, [info], nurse, sync, request-sent, (status=waiting)
125.47, [info], nurse, sync, wait-message, (status=message-received)
130.09, [INFO], robot6, {'y': 18.485, 'x': -34.328, 'yaw': 3.142}, None, None
130.09, [INFO], robot6, {'battery-level': '44.09'}, None, None
140.06, [INFO], robot6, {'battery-level': '43.57'}, None, None
140.06, [INFO], robot6, {'y': 17.936, 'x': -35.973, 'yaw': 3.136}, None, None
150.08, [INFO], robot6, {'y': 17.988, 'x': -36.056, 'yaw': 3.142}, None, None
150.08, [INFO], robot6, {'battery-level': '43.05'}, None, None
160.03, [INFO], robot6, {'battery-level': '42.53'}, None, None
160.03, [INFO], robot6, {'y': 17.988, 'x': -36.056, 'yaw': -3.142}, None, None
170.05, [INFO], robot6, {'y': 17.342, 'x': -36.981, 'yaw': 3.141}, None, None
170.05, [INFO], robot6, {'battery-level': '42.01'}, None, None
180.08, [INFO], robot6, {'y': 17.166, 'x': -36.844, 'yaw': 3.142}, None, None
180.08, [INFO], robot6, {'battery-level': '41.49'}, None, None
190.02, [INFO], robot6, {'battery-level': '40.97'}, None, None
190.02, [INFO], robot6, {'y': 17.209, 'x': -36.929, 'yaw': 3.142}, None, None
200.07, [INFO], robot6, {'y': 17.308, 'x': -37.037, 'yaw': -3.142}, None, None
200.07, [INFO], robot6, {'battery-level': '40.45'}, None, None
210.08, [INFO], robot6, {'battery-level': '39.93'}, None, None
210.08, [INFO], robot6, {'y': 17.316, 'x': -36.824, 'yaw': -3.141}, None, None
220.04, [INFO], robot6, {'battery-level': '39.41'}, None, None
220.04, [INFO], robot6, {'y': 17.199, 'x': -36.656, 'yaw': -3.142}, None, None
230.05, [INFO], robot6, {'y': 17.458, 'x': -36.907, 'yaw': 3.141}, None, None
230.05, [INFO], robot6, {'battery-level': '38.89'}, None, None
240.06, [INFO], robot6, {'battery-level': '38.37'}, None, None
240.06, [INFO], robot6, {'y': 17.35, 'x': -36.79, 'yaw': -3.141}, None, None
250.07, [INFO], robot6, {'y': 17.296, 'x': -37.083, 'yaw': 3.141}, None, None
250.07, [INFO], robot6, {'battery-level': '37.85'}, None, None
260.10, [INFO], robot6, {'battery-level': '37.33'}, None, None
260.10, [INFO], robot6, {'y': 17.255, 'x': -37.044, 'yaw': 3.14}, None, None
270.02, [INFO], robot6, {'battery-level': '36.81'}, None, None
270.02, [INFO], robot6, {'y': 17.191, 'x': -37.094, 'yaw': 3.142}, None, None
280.06, [INFO], robot6, {'battery-level': '36.29'}, None, None
280.06, [INFO], robot6, {'y': 17.408, 'x': -36.843, 'yaw': -3.142}, None, None
290.07, [INFO], robot6, {'battery-level': '35.77'}, None, None
290.07, [INFO], robot6, {'y': 17.236, 'x': -37.089, 'yaw': 3.14}, None, None
300.01, [INFO], robot6, {'y': 17.286, 'x': -37.074, 'yaw': 3.14}, None, None
300.01, [INFO], robot6, {'battery-level': '35.25'}, None, None
308.86, [WARN], robot6, SKILL-FAILURE, navigation, navto_lab
310.08, [INFO], robot6, {'battery-level': '34.73'}, None, None
310.08, [INFO], robot6, {'y': 17.215, 'x': -36.91, 'yaw': -3.141}, None, None
320.04, [INFO], robot6, {'battery-level': '34.21'}, None, None
320.04, [INFO], robot6, {'y': 17.215, 'x': -36.911, 'yaw': 3.142}, None, None
