0.00, [DEBUG], nurse, NURSE_CONFIG={'location': 'IC Room 2', 'position': [-38.0, 21.5, 0.0]}, None, None
1.07, [INFO], robot6, {'battery-level': '50.80'}, None, None
10.02, [INFO], robot6, {'y': 18.93, 'x': -33.9, 'yaw': -3.142}, None, None
10.02, [INFO], robot6, {'battery-level': '50.33'}, None, None
20.05, [INFO], robot6, {'battery-level': '49.81'}, None, None
20.05, [INFO], robot6, {'y': 17.89, 'x': -34.723, 'yaw': 3.141}, None, None
30.09, [INFO], robot6, {'battery-level': '49.29'}, None, None
30.09, [INFO], robot6, {'y': 18.434, 'x': -36.63, 'yaw': -3.141}, None, None
40.02, [INFO], robot6, {'y': 20.508, 'x': -36.859, 'yaw': 3.142}, None, None
40.02, [INFO], robot6, {'battery-level': '48.77'}, None, None
50.08, [INFO], robot6, {'battery-level': '48.25'}, None, None
50.08, [INFO], robot6, {'y': 21.486, 'x': -38.032, 'yaw': 3.141}, None, None
58.11, [info], nurse, sync, received-request, (status=sending-request)
58.11, [info], nurse, sync, request-sent, (status=waiting)
58.11, [info], nurse, sync, wait-message, (status=message-received)
60.05, [INFO], robot6, {'battery-level': '47.73'}, None, None
60.05, [INFO], robot6, {'y': 21.428, 'x': -37.91, 'yaw': 3.141}, None, None
70.02, [INFO], robot6, {'battery-level': '47.21'}, None, None
70.02, [INFO], robot6, {'y': 19.829, 'x': -37.168, 'yaw': 3.141}, None, None
80.04, [INFO], robot6, {'battery-level': '46.69'}, None, None
80.04, [INFO], robot6, {'y': 17.707, 'x': -37.128, 'yaw': 3.14}, None, None
90.07, [INFO], robot6, {'y': 15.875, 'x': -36.521, 'yaw': 3.14}, None, None
90.07, [INFO], robot6, {'battery-level': '46.17'}, None, None
100.05, [INFO], robot6, {'y': 15.335, 'x': -34.457, 'yaw': -3.142}, None, None
100.05, [INFO], robot6, {'battery-level': '45.65'}, None, None
110.03, [INFO], robot6, {'battery-level': '45.13'}, None, None
110.03, [INFO], robot6, {'y': 15.515, 'x': -32.334, 'yaw': 3.142}, None, None
119.93, [INFO], robot6, {'y': 15.595, 'x': -30.221, 'yaw': 3.142}, None, None
120.02, [INFO], robot6, {'battery-level': '44.61'}, None, None
130.09, [INFO], robot6, {'y': 15.774, 'x': -28.093, 'yaw': -3.142}, None, None
130.09, [INFO], robot6, {'battery-level': '44.09'}, None, None
140.06, [INFO], robot6, {'y': 15.453, 'x': -26.15, 'yaw': -3.142}, None, None
140.06, [INFO], robot6, {'battery-level': '43.57'}, None, None
150.01, [INFO], robot6, {'battery-level': '43.05'}, None, None
150.01, [INFO], robot6, {'y': 13.402, 'x': -25.682, 'yaw': -3.142}, None, None
160.05, [INFO], robot6, {'battery-level': '42.53'}, None, None
160.05, [INFO], robot6, {'y': 12.882, 'x': -25.918, 'yaw': -3.142}, None, None
161.34, [info], lab_arm, sync, wait-message, (status=message-received)
162.27, [WARN], robot6, SUCCESS, None, None
