0.00, [INFO], robot3, {'battery-level': '46.27'}, None, None
0.00, [DEBUG], nurse, NURSE_CONFIG={'location': 'PC Room 3', 'position': [-28.5, 18.0, -1.57]}, None, None
0.13, [DEBUG], logger, ROBOTS_CONFIG={'avg_speed': 0.15, 'battery_charge': 0.462681764358839, 'battery_discharge_rate': 0.0004, 'id': 3, 'local_plan': [['navigation', ['PC Room 3', [[-38.0, 21.5, 0.0], [-37.0, 21.5], [-37.0, 16.0], [-28.5, 16.0], [-28.5, 18.0, -1.57]]], 'navto_room'], ['approach_person', ['nurse'], 'approach_nurse'], ['authenticate_person', ['nurse'], 'authenticate_nurse'], ['operate_drawer', ['open'], 'open_drawer_for_nurse'], ['send_message', ['nurse'], 'notify_nurse_of_open_drawer_for_nurse_completed'], ['wait_message', ['nurse'], 'wait_nurse_to_complete_deposit'], ['operate_drawer', ['close'], 'close_drawer_nurse'], ['navigation', ['Laboratory', [[-28.5, 18.0, -1.57], [-28.5, 16.0], [-26.0, 16.0], [-26.0, 13.0, 1.57]]], 'navto_lab'], ['approach_robot', ['lab_arm'], 'approach_arm'], ['operate_drawer', ['open'], 'open_drawer_lab'], ['send_message', ['lab_arm'], 'notify_lab_arm_of_open_drawer_lab_completed'], ['wait_message', ['lab_arm'], 'wait_lab_arm_to_complete_pick_up_sample'], ['operate_drawer', ['close'], 'close_drawer_lab']], 'location': 'IC Room 2', 'name': 'r3', 'position': [-38.0, 21.5, 0.0], 'skills': ['approach_person', 'approach_robot', 'authenticate_person', 'navigation', 'operate_drawer']}, None, None
0.13, [DEBUG], logger, Simulation open, None, None
10.07, [INFO], robot3, {'battery-level': '45.91'}, None, None
10.07, [INFO], robot3, {'y': 21.549, 'x': -37.526, 'yaw': 3.141}, None, None
20.03, [INFO], robot3, {'y': 19.687, 'x': -37.151, 'yaw': 3.142}, None, None
20.03, [INFO], robot3, {'battery-level': '45.51'}, None, None
30.07, [INFO], robot3, {'y': 17.555, 'x': -37.1, 'yaw': -3.141}, None, None
30.07, [INFO], robot3, {'battery-level': '45.11'}, None, None
40.06, [INFO], robot3, {'y': 15.968, 'x': -36.246, 'yaw': 3.142}, None, None
40.06, [INFO], robot3, {'battery-level': '44.71'}, None, None
50.05, [INFO], robot3, {'y': 15.357, 'x': -34.207, 'yaw': 3.142}, None, None
50.05, [INFO], robot3, {'battery-level': '44.31'}, None, None
60.03, [INFO], robot3, {'battery-level': '43.91'}, None, None
60.03, [INFO], robot3, {'y': 15.573, 'x': -32.084, 'yaw': -3.141}, None, None
70.00, [INFO], robot3, {'battery-level': '43.51'}, None, None
70.00, [INFO], robot3, {'y': 15.639, 'x': -29.984, 'yaw': 3.141}, None, None
80.00, [INFO], robot3, {'battery-level': '43.11'}, None, None
80.00, [INFO], robot3, {'y': 16.781, 'x': -28.592, 'yaw': -3.142}, None, None
90.08, [INFO], robot3, {'battery-level': '42.71'}, None, None
90.08, [INFO], robot3, {'y': 17.929, 'x': -28.58, 'yaw': -3.142}, None, None
93.73, [info], nurse, sync, received-request, (status=sending-request)
93.73, [info], nurse, sync, request-sent, (status=waiting)
93.73, [info], nurse, sync, wait-message, (status=message-received)
100.02, [INFO], robot3, {'battery-level': '42.31'}, None, None
100.02, [INFO], robot3, {'y': 16.851, 'x': -28.68, 'yaw': -3.141}, None, None
110.02, [INFO], robot3, {'battery-level': '41.91'}, None, None
110.02, [INFO], robot3, {'y': 16.038, 'x': -27.208, 'yaw': 3.142}, None, None
120.02, [INFO], robot3, {'battery-level': '41.51'}, None, None
120.02, [INFO], robot3, {'y': 14.849, 'x': -25.845, 'yaw': 3.141}, None, None
130.08, [INFO], robot3, {'y': 12.985, 'x': -25.901, 'yaw': -3.142}, None, None
130.08, [INFO], robot3, {'battery-level': '41.11'}, None, None
138.58, [info], lab_arm, sync, wait-message, (status=message-received)
139.51, [WARN], robot3, SUCCESS, None, None
140.04, [INFO], robot3, {'y': 12.897, 'x': -25.961, 'yaw': -3.142}, None, None
140.04, [INFO], robot3, {'battery-level': '40.71'}, None, None
