0.00, [DEBUG], nurse, NURSE_CONFIG={'location': 'IC Room 6', 'position': [-33.9, 18.93, 3.14]}, None, None
0.00, [INFO], robot2, {'battery-level': '57.79'}, None, None
0.12, [DEBUG], logger, ROBOTS_CONFIG={'avg_speed': 0.15, 'battery_charge': 0.5779176354739738, 'battery_discharge_rate': 0.00054, 'id': 2, 'local_plan': [['navigation', ['IC Room 6', [[-19.0, 18.0, -1.57], [-19.0, 16.0], [-37.0, 16.0], [-37.0, 18.93], [-33.9, 18.93, 3.14]]], 'navto_room'], ['approach_person', ['nurse'], 'approach_nurse'], ['authenticate_person', ['nurse'], 'authenticate_nurse'], ['operate_drawer', ['open'], 'open_drawer_for_nurse'], ['send_message', ['nurse'], 'notify_nurse_of_open_drawer_for_nurse_completed'], ['wait_message', ['nurse'], 'wait_nurse_to_complete_deposit'], ['operate_drawer', ['close'], 'close_drawer_nurse'], ['navigation', ['Laboratory', [[-33.9, 18.93, 3.14], [-37.0, 18.93], [-37.0, 16.0], [-26.0, 16.0], [-26.0, 13.0, 1.57]]], 'navto_lab'], ['approach_robot', ['lab_arm'], 'approach_arm'], ['operate_drawer', ['open'], 'open_drawer_lab'], ['send_message', ['lab_arm'], 'notify_lab_arm_of_open_drawer_lab_completed'], ['wait_message', ['lab_arm'], 'wait_lab_arm_to_complete_pick_up_sample'], ['operate_drawer', ['close'], 'close_drawer_lab']], 'location': 'PC Room 6', 'name': 'r2', 'position': [-19.0, 18.0, -1.57], 'skills': ['approach_person', 'approach_robot', 'authenticate_person', 'navigation', 'operate_drawer']}, None, None
0.12, [DEBUG], logger, Simulation open, None, None
10.05, [INFO], robot2, {'y': 17.659, 'x': -19.109, 'yaw': 3.14}, None, None
10.05, [INFO], robot2, {'battery-level': '57.31'}, None, None
20.05, [INFO], robot2, {'battery-level': '56.77'}, None, None
20.05, [INFO], robot2, {'y': 16.136, 'x': -20.066, 'yaw': -3.14}, None, None
30.01, [INFO], robot2, {'battery-level': '56.23'}, None, None
30.01, [INFO], robot2, {'y': 16.208, 'x': -22.172, 'yaw': 3.141}, None, None
40.02, [INFO], robot2, {'y': 16.144, 'x': -24.286, 'yaw': 3.14}, None, None
40.02, [INFO], robot2, {'battery-level': '55.69'}, None, None
49.98, [INFO], robot2, {'battery-level': '55.15'}, None, None
50.08, [INFO], robot2, {'y': 16.094, 'x': -26.401, 'yaw': 3.142}, None, None
60.01, [INFO], robot2, {'y': 16.199, 'x': -28.494, 'yaw': -3.141}, None, None
60.01, [INFO], robot2, {'battery-level': '54.61'}, None, None
70.03, [INFO], robot2, {'y': 16.162, 'x': -30.616, 'yaw': 3.14}, None, None
70.03, [INFO], robot2, {'battery-level': '54.07'}, None, None
80.04, [INFO], robot2, {'battery-level': '53.53'}, None, None
80.04, [INFO], robot2, {'y': 15.828, 'x': -32.715, 'yaw': -3.142}, None, None
90.07, [INFO], robot2, {'battery-level': '52.99'}, None, None
90.07, [INFO], robot2, {'y': 15.386, 'x': -34.808, 'yaw': 3.142}, None, None
100.02, [INFO], robot2, {'y': 15.873, 'x': -36.838, 'yaw': 3.142}, None, None
100.02, [INFO], robot2, {'battery-level': '52.45'}, None, None
110.04, [INFO], robot2, {'battery-level': '51.91'}, None, None
110.04, [INFO], robot2, {'y': 17.593, 'x': -36.901, 'yaw': -3.141}, None, None
120.06, [INFO], robot2, {'y': 17.74, 'x': -36.894, 'yaw': -3.142}, None, None
120.06, [INFO], robot2, {'battery-level': '51.37'}, None, None
130.04, [INFO], robot2, {'battery-level': '50.83'}, None, None
130.04, [INFO], robot2, {'y': 17.746, 'x': -36.886, 'yaw': -3.141}, None, None
140.09, [INFO], robot2, {'battery-level': '50.29'}, None, None
140.09, [INFO], robot2, {'y': 17.741, 'x': -36.877, 'yaw': -3.142}, None, None
150.07, [INFO], robot2, {'battery-level': '49.75'}, None, None
150.07, [INFO], robot2, {'y': 17.741, 'x': -36.877, 'yaw': 3.142}, None, None
160.02, [INFO], robot2, {'battery-level': '49.21'}, None, None
160.02, [INFO], robot2, {'y': 17.741, 'x': -36.877, 'yaw': 3.142}, None, None
170.05, [INFO], robot2, {'battery-level': '48.67'}, None, None
170.05, [INFO], robot2, {'y': 17.741, 'x': -36.877, 'yaw': 3.142}, None, None
180.01, [INFO], robot2, {'battery-level': '48.13'}, None, None
180.01, [INFO], robot2, {'y': 17.793, 'x': -37.032, 'yaw': -3.142}, None, None
190.04, [INFO], robot2, {'battery-level': '47.59'}, None, None
190.04, [INFO], robot2, {'y': 17.809, 'x': -37.125, 'yaw': 3.141}, None, None
200.05, [INFO], robot2, {'battery-level': '47.05'}, None, None
200.05, [INFO], robot2, {'y': 17.799, 'x': -37.09, 'yaw': 3.142}, None, None
210.09, [INFO], robot2, {'battery-level': '46.51'}, None, None
210.09, [INFO], robot2, {'y': 17.8, 'x': -37.071, 'yaw': 3.142}, None, None
220.03, [INFO], robot2, {'battery-level': '45.97'}, None, None
220.03, [INFO], robot2, {'y': 17.777, 'x': -37.085, 'yaw': -3.142}, None, None
230.02, [INFO], robot2, {'y': 17.785, 'x': -37.048, 'yaw': -3.141}, None, None
230.02, [INFO], robot2, {'battery-level': '45.43'}, None, None
240.04, [INFO], robot2, {'battery-level': '44.89'}, None, None
240.04, [INFO], robot2, {'y': 17.786, 'x': -37.036, 'yaw': -3.142}, None, None
246.74, [WARN], robot2, SKILL-FAILURE, navigation, navto_room
250.05, [INFO], robot2, {'battery-level': '44.35'}, None, None
250.05, [INFO], robot2, {'y': 17.786, 'x': -37.036, 'yaw': 3.142}, None, None
