0.00, [DEBUG], nurse, NURSE_CONFIG={'location': 'IC Room 6', 'position': [-33.9, 18.93, 3.14]}, None, None
0.00, [INFO], robot4, {'battery-level': '48.63'}, None, None
0.00, [DEBUG], logger, ROBOTS_CONFIG={'avg_speed': 0.15, 'battery_charge': 0.4863040833267539, 'battery_discharge_rate': 0.0006000000000000001, 'id': 4, 'local_plan': [['navigation', ['IC Room 6', [[-39.44, 33.95, 0.0], [-37.0, 33.95], [-37.0, 18.93], [-33.9, 18.93, 3.14]]], 'navto_room'], ['approach_person', ['nurse'], 'approach_nurse'], ['authenticate_person', ['nurse'], 'authenticate_nurse'], ['operate_drawer', ['open'], 'open_drawer_for_nurse'], ['send_message', ['nurse'], 'notify_nurse_of_open_drawer_for_nurse_completed'], ['wait_message', ['nurse'], 'wait_nurse_to_complete_deposit'], ['operate_drawer', ['close'], 'close_drawer_nurse'], ['navigation', ['Laboratory', [[-33.9, 18.93, 3.14], [-37.0, 18.93], [-37.0, 16.0], [-26.0, 16.0], [-26.0, 13.0, 1.57]]], 'navto_lab'], ['approach_robot', ['lab_arm'], 'approach_arm'], ['operate_drawer', ['open'], 'open_drawer_lab'], ['send_message', ['lab_arm'], 'notify_lab_arm_of_open_drawer_lab_completed'], ['wait_message', ['lab_arm'], 'wait_lab_arm_to_complete_pick_up_sample'], ['operate_drawer', ['close'], 'close_drawer_lab']], 'location': 'IC Room 4', 'name': 'r4', 'position': [-39.44, 33.95, 0.0], 'skills': ['approach_person', 'approach_robot', 'authenticate_person', 'navigation', 'operate_drawer']}, None, None
0.00, [DEBUG], logger, Simulation open, None, None
10.04, [INFO], robot4, {'battery-level': '48.09'}, None, None
10.04, [INFO], robot4, {'y': 34.206, 'x': -38.796, 'yaw': 3.141}, None, None
20.02, [INFO], robot4, {'y': 33.962, 'x': -37.059, 'yaw': 3.141}, None, None
20.02, [INFO], robot4, {'battery-level': '47.49'}, None, None
30.01, [INFO], robot4, {'y': 31.858, 'x': -37.049, 'yaw': 3.141}, None, None
30.01, [INFO], robot4, {'battery-level': '46.89'}, None, None
40.01, [INFO], robot4, {'battery-level': '46.29'}, None, None
40.01, [INFO], robot4, {'y': 29.743, 'x': -37.047, 'yaw': 3.141}, None, None
50.08, [INFO], robot4, {'y': 27.616, 'x': -36.997, 'yaw': 3.139}, None, None
50.08, [INFO], robot4, {'battery-level': '45.69'}, None, None
60.07, [INFO], robot4, {'y': 25.501, 'x': -36.994, 'yaw': 3.142}, None, None
60.07, [INFO], robot4, {'battery-level': '45.09'}, None, None
70.06, [INFO], robot4, {'battery-level': '44.49'}, None, None
70.06, [INFO], robot4, {'y': 23.389, 'x': -37.032, 'yaw': 3.141}, None, None
80.05, [INFO], robot4, {'battery-level': '43.89'}, None, None
80.05, [INFO], robot4, {'y': 21.285, 'x': -37.147, 'yaw': -3.142}, None, None
90.05, [INFO], robot4, {'battery-level': '43.29'}, None, None
90.05, [INFO], robot4, {'y': 19.16, 'x': -37.079, 'yaw': 3.141}, None, None
100.04, [INFO], robot4, {'battery-level': '42.69'}, None, None
100.04, [INFO], robot4, {'y': 17.745, 'x': -35.518, 'yaw': 3.139}, None, None
110.04, [INFO], robot4, {'battery-level': '42.09'}, None, None
110.04, [INFO], robot4, {'y': 18.796, 'x': -34.02, 'yaw': -3.142}, None, None
117.83, [info], nurse, sync, received-request, (status=sending-request)
117.83, [info], nurse, sync, request-sent, (status=waiting)
117.83, [info], nurse, sync, wait-message, (status=message-received)
120.02, [INFO], robot4, {'y': 18.918, 'x': -34.109, 'yaw': 3.141}, None, None
120.02, [INFO], robot4, {'battery-level': '41.49'}, None, None
130.07, [INFO], robot4, {'battery-level': '40.89'}, None, None
130.07, [INFO], robot4, {'y': 17.791, 'x': -35.721, 'yaw': -3.141}, None, None
140.02, [INFO], robot4, {'battery-level': '40.29'}, None, None
140.02, [INFO], robot4, {'y': 18.119, 'x': -36.701, 'yaw': -3.142}, None, None
150.07, [INFO], robot4, {'battery-level': '39.69'}, None, None
150.07, [INFO], robot4, {'y': 17.4, 'x': -36.894, 'yaw': -3.141}, None, None
160.04, [INFO], robot4, {'battery-level': '39.09'}, None, None
160.04, [INFO], robot4, {'y': 17.152, 'x': -37.075, 'yaw': 3.141}, None, None
170.01, [INFO], robot4, {'y': 17.225, 'x': -36.887, 'yaw': 3.14}, None, None
170.01, [INFO], robot4, {'battery-level': '38.49'}, None, None
180.07, [INFO], robot4, {'y': 17.357, 'x': -36.924, 'yaw': -3.141}, None, None
180.07, [INFO], robot4, {'battery-level': '37.89'}, None, None
190.06, [INFO], robot4, {'battery-level': '37.29'}, None, None
190.06, [INFO], robot4, {'y': 17.351, 'x': -36.877, 'yaw': -3.142}, None, None
200.04, [INFO], robot4, {'y': 17.357, 'x': -37.098, 'yaw': 3.141}, None, None
200.04, [INFO], robot4, {'battery-level': '36.69'}, None, None
210.01, [INFO], robot4, {'y': 17.112, 'x': -37.129, 'yaw': 3.142}, None, None
210.01, [INFO], robot4, {'battery-level': '36.09'}, None, None
220.02, [INFO], robot4, {'battery-level': '35.49'}, None, None
220.02, [INFO], robot4, {'y': 17.048, 'x': -36.929, 'yaw': 3.141}, None, None
230.01, [INFO], robot4, {'y': 17.439, 'x': -37.005, 'yaw': 3.141}, None, None
230.01, [INFO], robot4, {'battery-level': '34.89'}, None, None
240.02, [INFO], robot4, {'y': 17.232, 'x': -36.792, 'yaw': -3.142}, None, None
240.02, [INFO], robot4, {'battery-level': '34.29'}, None, None
250.00, [INFO], robot4, {'battery-level': '33.69'}, None, None
250.00, [INFO], robot4, {'y': 17.34, 'x': -36.96, 'yaw': 3.142}, None, None
260.08, [INFO], robot4, {'battery-level': '33.09'}, None, None
260.08, [INFO], robot4, {'y': 17.34, 'x': -36.96, 'yaw': 3.142}, None, None
270.07, [INFO], robot4, {'y': 17.369, 'x': -36.927, 'yaw': 3.142}, None, None
270.07, [INFO], robot4, {'battery-level': '32.49'}, None, None
280.06, [INFO], robot4, {'y': 17.213, 'x': -37.128, 'yaw': 3.141}, None, None
280.06, [INFO], robot4, {'battery-level': '31.89'}, None, None
290.04, [INFO], robot4, {'battery-level': '31.29'}, None, None
290.04, [INFO], robot4, {'y': 17.363, 'x': -36.929, 'yaw': 3.142}, None, None
300.03, [INFO], robot4, {'battery-level': '30.69'}, None, None
300.03, [INFO], robot4, {'y': 17.309, 'x': -36.971, 'yaw': -3.142}, None, None
308.67, [WARN], robot4, SKILL-FAILURE, navigation, navto_lab
310.06, [INFO], robot4, {'battery-level': '30.09'}, None, None
310.06, [INFO], robot4, {'y': 17.33, 'x': -37.083, 'yaw': -3.142}, None, None
