0.00, [DEBUG], nurse, NURSE_CONFIG={'location': 'PC Room 3', 'position': [-28.5, 18.0, -1.57]}, None, None
0.12, [DEBUG], logger, ROBOTS_CONFIG={'avg_speed': 0.15, 'battery_charge': 0.4863040833267539, 'battery_discharge_rate': 0.0006000000000000001, 'id': 4, 'local_plan': [['navigation', ['PC Room 3', [[-13.5, 18.0, -1.57], [-13.5, 16.0], [-28.5, 16.0], [-28.5, 18.0, -1.57]]], 'navto_room'], ['approach_person', ['nurse'], 'approach_nurse'], ['authenticate_person', ['nurse'], 'authenticate_nurse'], ['operate_drawer', ['open'], 'open_drawer_for_nurse'], ['send_message', ['nurse'], 'notify_nurse_of_open_drawer_for_nurse_completed'], ['wait_message', ['nurse'], 'wait_nurse_to_complete_deposit'], ['operate_drawer', ['close'], 'close_drawer_nurse'], ['navigation', ['Laboratory', [[-28.5, 18.0, -1.57], [-28.5, 16.0], [-26.0, 16.0], [-26.0, 13.0, 1.57]]], 'navto_lab'], ['approach_robot', ['lab_arm'], 'approach_arm'], ['operate_drawer', ['open'], 'open_drawer_lab'], ['send_message', ['lab_arm'], 'notify_lab_arm_of_open_drawer_lab_completed'], ['wait_message', ['lab_arm'], 'wait_lab_arm_to_complete_pick_up_sample'], ['operate_drawer', ['close'], 'close_drawer_lab']], 'location': 'PC Room 7', 'name': 'r4', 'position': [-13.5, 18.0, -1.57], 'skills': ['approach_person', 'approach_robot', 'authenticate_person', 'navigation', 'operate_drawer']}, None, None
0.12, [DEBUG], logger, Simulation open, None, None
10.01, [INFO], robot4, {'battery-level': '48.09'}, None, None
10.01, [INFO], robot4, {'y': 17.158, 'x': -13.499, 'yaw': -3.138}, None, None
20.02, [INFO], robot4, {'y': 16.054, 'x': -14.744, 'yaw': 3.142}, None, None
20.02, [INFO], robot4, {'battery-level': '47.49'}, None, None
30.01, [INFO], robot4, {'battery-level': '46.89'}, None, None
30.01, [INFO], robot4, {'y': 16.043, 'x': -16.849, 'yaw': 3.14}, None, None
40.01, [INFO], robot4, {'battery-level': '46.29'}, None, None
40.01, [INFO], robot4, {'y': 16.138, 'x': -18.958, 'yaw': 3.141}, None, None
50.03, [INFO], robot4, {'battery-level': '45.69'}, None, None
50.03, [INFO], robot4, {'y': 16.274, 'x': -21.068, 'yaw': 3.141}, None, None
60.06, [INFO], robot4, {'battery-level': '45.09'}, None, None
60.06, [INFO], robot4, {'y': 16.196, 'x': -23.194, 'yaw': 3.142}, None, None
70.08, [INFO], robot4, {'battery-level': '44.49'}, None, None
70.08, [INFO], robot4, {'y': 16.147, 'x': -25.301, 'yaw': 3.141}, None, None
80.02, [INFO], robot4, {'battery-level': '43.89'}, None, None
80.02, [INFO], robot4, {'y': 16.144, 'x': -27.393, 'yaw': -3.142}, None, None
90.08, [INFO], robot4, {'battery-level': '43.29'}, None, None
90.08, [INFO], robot4, {'y': 17.364, 'x': -28.637, 'yaw': 3.142}, None, None
100.02, [INFO], robot4, {'battery-level': '42.69'}, None, None
100.02, [INFO], robot4, {'y': 17.961, 'x': -28.613, 'yaw': -3.142}, None, None
106.71, [info], nurse, sync, received-request, (status=sending-request)
106.71, [info], nurse, sync, request-sent, (status=waiting)
106.71, [info], nurse, sync, wait-message, (status=message-received)
110.01, [INFO], robot4, {'battery-level': '42.09'}, None, None
110.01, [INFO], robot4, {'y': 17.522, 'x': -28.68, 'yaw': 3.142}, None, None
120.08, [INFO], robot4, {'y': 16.123, 'x': -27.839, 'yaw': 3.141}, None, None
120.08, [INFO], robot4, {'battery-level': '41.49'}, None, None
130.05, [INFO], robot4, {'battery-level': '40.89'}, None, None
130.05, [INFO], robot4, {'y': 15.53, 'x': -26.069, 'yaw': 3.142}, None, None
140.03, [INFO], robot4, {'battery-level': '40.29'}, None, None
140.03, [INFO], robot4, {'y': 13.444, 'x': -25.697, 'yaw': 3.141}, None, None
149.99, [info], lab_arm, sync, wait-message, (status=message-received)
150.08, [INFO], robot4, {'y': 12.882, 'x': -25.936, 'yaw': -3.141}, None, None
150.08, [INFO], robot4, {'battery-level': '39.69'}, None, None
150.90, [WARN], robot4, SUCCESS, None, None
160.09, [INFO], robot4, {'y': 12.881, 'x': -25.936, 'yaw': -3.142}, None, None
160.09, [INFO], robot4, {'battery-level': '39.09'}, None, None
