0.00, [DEBUG], nurse, NURSE_CONFIG={'location': 'PC Room 3', 'position': [-28.5, 18.0, -1.57]}, None, None
0.00, [INFO], robot2, {'battery-level': '57.79'}, None, None
0.00, [DEBUG], logger, ROBOTS_CONFIG={'avg_speed': 0.15, 'battery_charge': 0.5779176354739738, 'battery_discharge_rate': 0.00054, 'id': 2, 'local_plan': [['navigation', ['PC Room 3', [[-21.0, 18.0, -1.57], [-21.0, 16.0], [-28.5, 16.0], [-28.5, 18.0, -1.57]]], 'navto_room'], ['approach_person', ['nurse'], 'approach_nurse'], ['authenticate_person', ['nurse'], 'authenticate_nurse'], ['operate_drawer', ['open'], 'open_drawer_for_nurse'], ['send_message', ['nurse'], 'notify_nurse_of_open_drawer_for_nurse_completed'], ['wait_message', ['nurse'], 'wait_nurse_to_complete_deposit'], ['operate_drawer', ['close'], 'close_drawer_nurse'], ['navigation', ['Laboratory', [[-28.5, 18.0, -1.57], [-28.5, 16.0], [-26.0, 16.0], [-26.0, 13.0, 1.57]]], 'navto_lab'], ['approach_robot', ['lab_arm'], 'approach_arm'], ['operate_drawer', ['open'], 'open_drawer_lab'], ['send_message', ['lab_arm'], 'notify_lab_arm_of_open_drawer_lab_completed'], ['wait_message', ['lab_arm'], 'wait_lab_arm_to_complete_pick_up_sample'], ['operate_drawer', ['close'], 'close_drawer_lab']], 'location': 'PC Room 5', 'name': 'r2', 'position': [-21.0, 18.0, -1.57], 'skills': ['approach_person', 'approach_robot', 'authenticate_person', 'navigation', 'operate_drawer']}, None, None
0.00, [DEBUG], logger, Simulation open, None, None
10.04, [INFO], robot2, {'y': 17.664, 'x': -20.976, 'yaw': 3.142}, None, None
10.04, [INFO], robot2, {'battery-level': '57.31'}, None, None
20.02, [INFO], robot2, {'y': 16.041, 'x': -21.592, 'yaw': -3.141}, None, None
20.02, [INFO], robot2, {'battery-level': '56.77'}, None, None
30.06, [INFO], robot2, {'battery-level': '56.23'}, None, None
30.06, [INFO], robot2, {'y': 16.04, 'x': -23.726, 'yaw': 3.141}, None, None
40.06, [INFO], robot2, {'battery-level': '55.69'}, None, None
40.06, [INFO], robot2, {'y': 15.987, 'x': -25.843, 'yaw': 3.14}, None, None
50.06, [INFO], robot2, {'battery-level': '55.15'}, None, None
50.06, [INFO], robot2, {'y': 15.972, 'x': -27.974, 'yaw': 3.139}, None, None
60.06, [INFO], robot2, {'y': 17.723, 'x': -28.627, 'yaw': -3.142}, None, None
60.06, [INFO], robot2, {'battery-level': '54.61'}, None, None
70.08, [INFO], robot2, {'battery-level': '54.07'}, None, None
70.08, [INFO], robot2, {'y': 17.989, 'x': -28.635, 'yaw': 3.142}, None, None
75.53, [info], nurse, sync, received-request, (status=sending-request)
75.53, [info], nurse, sync, request-sent, (status=waiting)
75.53, [info], nurse, sync, wait-message, (status=message-received)
80.01, [INFO], robot2, {'battery-level': '53.53'}, None, None
80.01, [INFO], robot2, {'y': 17.329, 'x': -28.66, 'yaw': -3.141}, None, None
90.08, [INFO], robot2, {'y': 16.056, 'x': -27.652, 'yaw': -3.142}, None, None
90.08, [INFO], robot2, {'battery-level': '52.99'}, None, None
100.08, [INFO], robot2, {'y': 15.276, 'x': -25.977, 'yaw': 3.14}, None, None
100.08, [INFO], robot2, {'battery-level': '52.45'}, None, None
110.08, [INFO], robot2, {'battery-level': '51.91'}, None, None
110.08, [INFO], robot2, {'y': 13.177, 'x': -25.783, 'yaw': -3.142}, None, None
120.02, [INFO], robot2, {'battery-level': '51.37'}, None, None
120.02, [INFO], robot2, {'y': 12.877, 'x': -26.012, 'yaw': -3.142}, None, None
123.14, [info], lab_arm, sync, wait-message, (status=message-received)
124.12, [WARN], robot2, SUCCESS, None, None
130.08, [INFO], robot2, {'battery-level': '50.83'}, None, None
130.08, [INFO], robot2, {'y': 12.877, 'x': -26.012, 'yaw': 3.142}, None, None
