0.00, [DEBUG], nurse, NURSE_CONFIG={'location': 'IC Room 6', 'position': [-33.9, 18.93, 3.14]}, None, None
0.00, [DEBUG], logger, ROBOTS_CONFIG={'avg_speed': 0.15, 'battery_charge': 0.7232396784987936, 'battery_discharge_rate': 0.00036, 'id': 3, 'local_plan': [['navigation', ['IC Room 6', [[-38.0, 21.5, 0.0], [-37.0, 21.5], [-37.0, 18.93], [-33.9, 18.93, 3.14]]], 'navto_room'], ['approach_person', ['nurse'], 'approach_nurse'], ['authenticate_person', ['nurse'], 'authenticate_nurse'], ['operate_drawer', ['open'], 'open_drawer_for_nurse'], ['send_message', ['nurse'], 'notify_nurse_of_open_drawer_for_nurse_completed'], ['wait_message', ['nurse'], 'wait_nurse_to_complete_deposit'], ['operate_drawer', ['close'], 'close_drawer_nurse'], ['navigation', ['Laboratory', [[-33.9, 18.93, 3.14], [-37.0, 18.93], [-37.0, 16.0], [-26.0, 16.0], [-26.0, 13.0, 1.57]]], 'navto_lab'], ['approach_robot', ['lab_arm'], 'approach_arm'], ['operate_drawer', ['open'], 'open_drawer_lab'], ['send_message', ['lab_arm'], 'notify_lab_arm_of_open_drawer_lab_completed'], ['wait_message', ['lab_arm'], 'wait_lab_arm_to_complete_pick_up_sample'], ['operate_drawer', ['close'], 'close_drawer_lab']], 'location': 'IC Room 2', 'name': 'r3', 'position': [-38.0, 21.5, 0.0], 'skills': ['approach_person', 'approach_robot', 'authenticate_person', 'navigation', 'operate_drawer']}, None, None
0.00, [DEBUG], logger, Simulation open, None, None
10.05, [INFO], robot3, {'battery-level': '72.00'}, None, None
10.05, [INFO], robot3, {'y': 21.428, 'x': -37.22, 'yaw': -3.141}, None, None
20.04, [INFO], robot3, {'y': 19.324, 'x': -37.085, 'yaw': 3.137}, None, None
20.04, [INFO], robot3, {'battery-level': '71.64'}, None, None
30.02, [INFO], robot3, {'battery-level': '71.28'}, None, None
30.02, [INFO], robot3, {'y': 17.766, 'x': -35.638, 'yaw': 3.141}, None, None
40.08, [INFO], robot3, {'y': 18.805, 'x': -34.064, 'yaw': -3.142}, None, None
40.08, [INFO], robot3, {'battery-level': '70.92'}, None, None
48.05, [info], nurse, sync, received-request, (status=sending-request)
48.05, [info], nurse, sync, request-sent, (status=waiting)
48.05, [info], nurse, sync, wait-message, (status=message-received)
50.06, [INFO], robot3, {'y': 18.961, 'x': -34.115, 'yaw': -3.142}, None, None
50.06, [INFO], robot3, {'battery-level': '70.56'}, None, None
60.07, [INFO], robot3, {'y': 17.779, 'x': -35.632, 'yaw': -3.142}, None, None
60.07, [INFO], robot3, {'battery-level': '70.20'}, None, None
70.08, [INFO], robot3, {'y': 17.428, 'x': -37.053, 'yaw': 3.14}, None, None
70.08, [INFO], robot3, {'battery-level': '69.84'}, None, None
80.06, [INFO], robot3, {'battery-level': '69.48'}, None, None
80.06, [INFO], robot3, {'y': 17.247, 'x': -37.009, 'yaw': 3.141}, None, None
90.08, [INFO], robot3, {'y': 17.333, 'x': -36.828, 'yaw': -3.141}, None, None
90.08, [INFO], robot3, {'battery-level': '69.12'}, None, None
100.09, [INFO], robot3, {'battery-level': '68.76'}, None, None
100.09, [INFO], robot3, {'y': 17.27, 'x': -37.087, 'yaw': 3.142}, None, None
110.04, [INFO], robot3, {'y': 17.407, 'x': -36.891, 'yaw': 3.141}, None, None
110.04, [INFO], robot3, {'battery-level': '68.40'}, None, None
120.03, [INFO], robot3, {'y': 17.233, 'x': -37.09, 'yaw': 3.142}, None, None
120.03, [INFO], robot3, {'battery-level': '68.04'}, None, None
130.02, [INFO], robot3, {'y': 17.336, 'x': -36.876, 'yaw': 3.141}, None, None
130.02, [INFO], robot3, {'battery-level': '67.68'}, None, None
140.05, [INFO], robot3, {'battery-level': '67.32'}, None, None
140.05, [INFO], robot3, {'y': 17.334, 'x': -36.876, 'yaw': -3.142}, None, None
150.07, [INFO], robot3, {'battery-level': '66.96'}, None, None
150.07, [INFO], robot3, {'y': 17.303, 'x': -37.119, 'yaw': 3.141}, None, None
160.06, [INFO], robot3, {'battery-level': '66.60'}, None, None
160.06, [INFO], robot3, {'y': 17.326, 'x': -36.972, 'yaw': -3.141}, None, None
170.07, [INFO], robot3, {'battery-level': '66.24'}, None, None
170.07, [INFO], robot3, {'y': 17.219, 'x': -36.837, 'yaw': 3.141}, None, None
180.08, [INFO], robot3, {'y': 17.394, 'x': -36.967, 'yaw': -3.141}, None, None
180.08, [INFO], robot3, {'battery-level': '65.88'}, None, None
190.09, [INFO], robot3, {'battery-level': '65.52'}, None, None
190.09, [INFO], robot3, {'y': 17.272, 'x': -37.005, 'yaw': 3.141}, None, None
200.03, [INFO], robot3, {'battery-level': '65.16'}, None, None
200.03, [INFO], robot3, {'y': 17.401, 'x': -36.891, 'yaw': -3.141}, None, None
210.04, [INFO], robot3, {'battery-level': '64.80'}, None, None
210.04, [INFO], robot3, {'y': 17.269, 'x': -36.763, 'yaw': -3.141}, None, None
220.03, [INFO], robot3, {'battery-level': '64.44'}, None, None
220.03, [INFO], robot3, {'y': 17.342, 'x': -36.824, 'yaw': -3.141}, None, None
230.02, [INFO], robot3, {'battery-level': '64.08'}, None, None
230.02, [INFO], robot3, {'y': 17.518, 'x': -36.846, 'yaw': 3.141}, None, None
234.60, [WARN], robot3, SKILL-FAILURE, navigation, navto_lab
240.04, [INFO], robot3, {'y': 17.205, 'x': -37.1, 'yaw': -3.142}, None, None
240.04, [INFO], robot3, {'battery-level': '63.72'}, None, None
