0.00, [DEBUG], nurse, NURSE_CONFIG={'location': 'IC Room 2', 'position': [-38.0, 21.5, 0.0]}, None, None
0.00, [INFO], robot6, {'battery-level': '54.08'}, None, None
0.00, [DEBUG], logger, ROBOTS_CONFIG={'avg_speed': 0.15, 'battery_charge': 0.5408465660492595, 'battery_discharge_rate': 0.00072, 'id': 6, 'local_plan': [['navigation', ['IC Room 2', [[-33.9, 18.93, 3.14], [-37.0, 18.93], [-37.0, 21.5], [-38.0, 21.5, 0.0]]], 'navto_room'], ['approach_person', ['nurse'], 'approach_nurse'], ['authenticate_person', ['nurse'], 'authenticate_nurse'], ['operate_drawer', ['open'], 'open_drawer_for_nurse'], ['send_message', ['nurse'], 'notify_nurse_of_open_drawer_for_nurse_completed'], ['wait_message', ['nurse'], 'wait_nurse_to_complete_deposit'], ['operate_drawer', ['close'], 'close_drawer_nurse'], ['navigation', ['Laboratory', [[-38.0, 21.5, 0.0], [-37.0, 21.5], [-37.0, 16.0], [-26.0, 16.0], [-26.0, 13.0, 1.57]]], 'navto_lab'], ['approach_robot', ['lab_arm'], 'approach_arm'], ['operate_drawer', ['open'], 'open_drawer_lab'], ['send_message', ['lab_arm'], 'notify_lab_arm_of_open_drawer_lab_completed'], ['wait_message', ['lab_arm'], 'wait_lab_arm_to_complete_pick_up_sample'], ['operate_drawer', ['close'], 'close_drawer_lab']], 'location': 'IC Room 6', 'name': 'r6', 'position': [-33.9, 18.93, 3.14], 'skills': ['approach_person', 'approach_robot', 'authenticate_person', 'navigation', 'operate_drawer']}, None, None
0.00, [DEBUG], logger, Simulation open, None, None
10.07, [INFO], robot6, {'battery-level': '53.44'}, None, None
10.07, [INFO], robot6, {'y': 18.23, 'x': -34.471, 'yaw': 3.141}, None, None
20.04, [INFO], robot6, {'battery-level': '52.72'}, None, None
20.04, [INFO], robot6, {'y': 18.185, 'x': -36.342, 'yaw': 3.141}, None, None
30.07, [INFO], robot6, {'y': 20.18, 'x': -36.829, 'yaw': -3.141}, None, None
30.07, [INFO], robot6, {'battery-level': '52.00'}, None, None
40.08, [INFO], robot6, {'battery-level': '51.28'}, None, None
40.08, [INFO], robot6, {'y': 21.503, 'x': -37.935, 'yaw': -3.139}, None, None
47.98, [info], nurse, sync, received-request, (status=sending-request)
47.98, [info], nurse, sync, request-sent, (status=waiting)
47.98, [info], nurse, sync, wait-message, (status=message-received)
50.01, [INFO], robot6, {'y': 21.438, 'x': -37.92, 'yaw': 3.138}, None, None
50.01, [INFO], robot6, {'battery-level': '50.56'}, None, None
60.02, [INFO], robot6, {'battery-level': '49.84'}, None, None
60.02, [INFO], robot6, {'y': 19.848, 'x': -37.193, 'yaw': 3.142}, None, None
70.00, [INFO], robot6, {'y': 17.743, 'x': -37.095, 'yaw': 3.141}, None, None
70.00, [INFO], robot6, {'battery-level': '49.12'}, None, None
80.01, [INFO], robot6, {'y': 16.088, 'x': -36.267, 'yaw': -3.142}, None, None
80.01, [INFO], robot6, {'battery-level': '48.40'}, None, None
90.02, [INFO], robot6, {'battery-level': '47.68'}, None, None
90.02, [INFO], robot6, {'y': 15.382, 'x': -34.237, 'yaw': 3.142}, None, None
100.04, [INFO], robot6, {'battery-level': '46.96'}, None, None
100.04, [INFO], robot6, {'y': 15.533, 'x': -32.114, 'yaw': -3.142}, None, None
110.03, [INFO], robot6, {'battery-level': '46.24'}, None, None
110.03, [INFO], robot6, {'y': 15.633, 'x': -30.002, 'yaw': 3.141}, None, None
120.07, [INFO], robot6, {'y': 15.774, 'x': -27.888, 'yaw': -3.141}, None, None
120.07, [INFO], robot6, {'battery-level': '45.52'}, None, None
130.06, [INFO], robot6, {'y': 15.334, 'x': -25.951, 'yaw': 3.142}, None, None
130.06, [INFO], robot6, {'battery-level': '44.80'}, None, None
140.05, [INFO], robot6, {'y': 13.242, 'x': -25.763, 'yaw': 3.142}, None, None
140.05, [INFO], robot6, {'battery-level': '44.08'}, None, None
150.06, [INFO], robot6, {'battery-level': '43.36'}, None, None
150.06, [INFO], robot6, {'y': 12.873, 'x': -25.987, 'yaw': -3.142}, None, None
151.22, [info], lab_arm, sync, wait-message, (status=message-received)
152.18, [WARN], robot6, SUCCESS, None, None
160.01, [INFO], robot6, {'battery-level': '42.64'}, None, None
160.01, [INFO], robot6, {'y': 12.872, 'x': -25.986, 'yaw': 3.141}, None, None
170.06, [INFO], robot6, {'battery-level': '41.92'}, None, None
170.06, [INFO], robot6, {'y': 12.872, 'x': -25.986, 'yaw': 3.142}, None, None
