0.00, [DEBUG], nurse, NURSE_CONFIG={'location': 'IC Room 6', 'position': [-33.9, 18.93, 3.14]}, None, None
0.12, [DEBUG], logger, ROBOTS_CONFIG={'avg_speed': 0.15, 'battery_charge': 0.7232396784987936, 'battery_discharge_rate': 0.00036, 'id': 3, 'local_plan': [['navigation', ['IC Room 6', [[-38.0, 21.5, 0.0], [-37.0, 21.5], [-37.0, 18.93], [-33.9, 18.93, 3.14]]], 'navto_room'], ['approach_person', ['nurse'], 'approach_nurse'], ['authenticate_person', ['nurse'], 'authenticate_nurse'], ['operate_drawer', ['open'], 'open_drawer_for_nurse'], ['send_message', ['nurse'], 'notify_nurse_of_open_drawer_for_nurse_completed'], ['wait_message', ['nurse'], 'wait_nurse_to_complete_deposit'], ['operate_drawer', ['close'], 'close_drawer_nurse'], ['navigation', ['Laboratory', [[-33.9, 18.93, 3.14], [-37.0, 18.93], [-37.0, 16.0], [-26.0, 16.0], [-26.0, 13.0, 1.57]]], 'navto_lab'], ['approach_robot', ['lab_arm'], 'approach_arm'], ['operate_drawer', ['open'], 'open_drawer_lab'], ['send_message', ['lab_arm'], 'notify_lab_arm_of_open_drawer_lab_completed'], ['wait_message', ['lab_arm'], 'wait_lab_arm_to_complete_pick_up_sample'], ['operate_drawer', ['close'], 'close_drawer_lab']], 'location': 'IC Room 2', 'name': 'r3', 'position': [-38.0, 21.5, 0.0], 'skills': ['approach_person', 'approach_robot', 'authenticate_person', 'navigation', 'operate_drawer']}, None, None
0.12, [DEBUG], logger, Simulation open, None, None
10.08, [INFO], robot3, {'battery-level': '72.00'}, None, None
10.08, [INFO], robot3, {'y': 21.422, 'x': -37.214, 'yaw': -3.142}, None, None
20.09, [INFO], robot3, {'battery-level': '71.64'}, None, None
20.09, [INFO], robot3, {'y': 19.309, 'x': -37.071, 'yaw': 3.136}, None, None
30.01, [INFO], robot3, {'battery-level': '71.28'}, None, None
30.01, [INFO], robot3, {'y': 17.824, 'x': -35.574, 'yaw': 3.142}, None, None
40.03, [INFO], robot3, {'y': 18.834, 'x': -34.037, 'yaw': -3.142}, None, None
40.03, [INFO], robot3, {'battery-level': '70.92'}, None, None
49.14, [info], nurse, sync, received-request, (status=sending-request)
49.14, [info], nurse, sync, request-sent, (status=waiting)
49.14, [info], nurse, sync, wait-message, (status=message-received)
50.07, [INFO], robot3, {'y': 18.995, 'x': -33.943, 'yaw': 3.141}, None, None
50.07, [INFO], robot3, {'battery-level': '70.56'}, None, None
60.09, [INFO], robot3, {'battery-level': '70.20'}, None, None
60.09, [INFO], robot3, {'y': 17.775, 'x': -35.386, 'yaw': 3.138}, None, None
70.04, [INFO], robot3, {'battery-level': '69.84'}, None, None
70.04, [INFO], robot3, {'y': 18.077, 'x': -36.52, 'yaw': 3.141}, None, None
80.08, [INFO], robot3, {'y': 17.321, 'x': -36.8, 'yaw': -3.141}, None, None
80.08, [INFO], robot3, {'battery-level': '69.48'}, None, None
90.09, [INFO], robot3, {'y': 17.376, 'x': -36.891, 'yaw': 3.141}, None, None
90.09, [INFO], robot3, {'battery-level': '69.12'}, None, None
100.00, [INFO], robot3, {'battery-level': '68.76'}, None, None
100.00, [INFO], robot3, {'y': 17.258, 'x': -36.866, 'yaw': -3.142}, None, None
110.02, [INFO], robot3, {'battery-level': '68.40'}, None, None
110.02, [INFO], robot3, {'y': 17.228, 'x': -36.897, 'yaw': -3.141}, None, None
120.04, [INFO], robot3, {'y': 17.343, 'x': -37.012, 'yaw': 3.142}, None, None
120.04, [INFO], robot3, {'battery-level': '68.04'}, None, None
130.08, [INFO], robot3, {'battery-level': '67.68'}, None, None
130.08, [INFO], robot3, {'y': 17.372, 'x': -37.018, 'yaw': 3.141}, None, None
140.03, [INFO], robot3, {'battery-level': '67.32'}, None, None
140.03, [INFO], robot3, {'y': 17.242, 'x': -36.807, 'yaw': -3.141}, None, None
150.00, [INFO], robot3, {'battery-level': '66.96'}, None, None
150.00, [INFO], robot3, {'y': 17.321, 'x': -36.945, 'yaw': 3.141}, None, None
160.04, [INFO], robot3, {'y': 17.179, 'x': -37.084, 'yaw': -3.141}, None, None
160.04, [INFO], robot3, {'battery-level': '66.60'}, None, None
170.09, [INFO], robot3, {'y': 17.407, 'x': -36.866, 'yaw': 3.14}, None, None
170.09, [INFO], robot3, {'battery-level': '66.24'}, None, None
180.08, [INFO], robot3, {'y': 17.22, 'x': -36.771, 'yaw': -3.141}, None, None
180.08, [INFO], robot3, {'battery-level': '65.88'}, None, None
190.07, [INFO], robot3, {'battery-level': '65.52'}, None, None
190.07, [INFO], robot3, {'y': 17.411, 'x': -37.057, 'yaw': -3.141}, None, None
200.01, [INFO], robot3, {'y': 17.321, 'x': -36.943, 'yaw': -3.141}, None, None
200.01, [INFO], robot3, {'battery-level': '65.16'}, None, None
210.05, [INFO], robot3, {'battery-level': '64.80'}, None, None
210.05, [INFO], robot3, {'y': 17.558, 'x': -37.034, 'yaw': 3.142}, None, None
220.07, [INFO], robot3, {'battery-level': '64.44'}, None, None
220.07, [INFO], robot3, {'y': 17.365, 'x': -36.962, 'yaw': -3.142}, None, None
230.06, [INFO], robot3, {'y': 17.237, 'x': -37.075, 'yaw': -3.142}, None, None
230.06, [INFO], robot3, {'battery-level': '64.08'}, None, None
237.95, [WARN], robot3, SKILL-FAILURE, navigation, navto_lab
240.05, [INFO], robot3, {'battery-level': '63.72'}, None, None
240.05, [INFO], robot3, {'y': 17.127, 'x': -37.041, 'yaw': -3.141}, None, None
