0.00, [DEBUG], nurse, NURSE_CONFIG={'location': 'IC Room 6', 'position': [-33.9, 18.93, 3.14]}, None, None
0.00, [DEBUG], logger, ROBOTS_CONFIG={'avg_speed': 0.15, 'battery_charge': 0.7232396784987936, 'battery_discharge_rate': 0.00036, 'id': 3, 'local_plan': [['navigation', ['IC Room 6', [[-38.0, 21.5, 0.0], [-37.0, 21.5], [-37.0, 18.93], [-33.9, 18.93, 3.14]]], 'navto_room'], ['approach_person', ['nurse'], 'approach_nurse'], ['authenticate_person', ['nurse'], 'authenticate_nurse'], ['operate_drawer', ['open'], 'open_drawer_for_nurse'], ['send_message', ['nurse'], 'notify_nurse_of_open_drawer_for_nurse_completed'], ['wait_message', ['nurse'], 'wait_nurse_to_complete_deposit'], ['operate_drawer', ['close'], 'close_drawer_nurse'], ['navigation', ['Laboratory', [[-33.9, 18.93, 3.14], [-37.0, 18.93], [-37.0, 16.0], [-26.0, 16.0], [-26.0, 13.0, 1.57]]], 'navto_lab'], ['approach_robot', ['lab_arm'], 'approach_arm'], ['operate_drawer', ['open'], 'open_drawer_lab'], ['send_message', ['lab_arm'], 'notify_lab_arm_of_open_drawer_lab_completed'], ['wait_message', ['lab_arm'], 'wait_lab_arm_to_complete_pick_up_sample'], ['operate_drawer', ['close'], 'close_drawer_lab']], 'location': 'IC Room 2', 'name': 'r3', 'position': [-38.0, 21.5, 0.0], 'skills': ['approach_person', 'approach_robot', 'authenticate_person', 'navigation', 'operate_drawer']}, None, None
0.00, [DEBUG], logger, Simulation open, None, None
10.05, [INFO], robot3, {'y': 21.499, 'x': -37.287, 'yaw': -3.141}, None, None
10.05, [INFO], robot3, {'battery-level': '72.00'}, None, None
20.04, [INFO], robot3, {'battery-level': '71.64'}, None, None
20.04, [INFO], robot3, {'y': 19.43, 'x': -37.057, 'yaw': 3.138}, None, None
30.03, [INFO], robot3, {'battery-level': '71.28'}, None, None
30.03, [INFO], robot3, {'y': 17.829, 'x': -35.664, 'yaw': 3.141}, None, None
40.00, [INFO], robot3, {'y': 18.755, 'x': -34.04, 'yaw': -3.142}, None, None
40.00, [INFO], robot3, {'battery-level': '70.92'}, None, None
47.58, [info], nurse, sync, received-request, (status=sending-request)
47.58, [info], nurse, sync, request-sent, (status=waiting)
47.58, [info], nurse, sync, wait-message, (status=message-received)
50.05, [INFO], robot3, {'battery-level': '70.56'}, None, None
50.05, [INFO], robot3, {'y': 18.868, 'x': -34.148, 'yaw': 3.141}, None, None
60.08, [INFO], robot3, {'y': 17.811, 'x': -35.731, 'yaw': -3.141}, None, None
60.08, [INFO], robot3, {'battery-level': '70.20'}, None, None
70.02, [INFO], robot3, {'battery-level': '69.84'}, None, None
70.02, [INFO], robot3, {'y': 17.299, 'x': -37.012, 'yaw': 3.14}, None, None
80.08, [INFO], robot3, {'battery-level': '69.48'}, None, None
80.08, [INFO], robot3, {'y': 17.352, 'x': -36.897, 'yaw': 3.141}, None, None
90.06, [INFO], robot3, {'battery-level': '69.12'}, None, None
90.06, [INFO], robot3, {'y': 17.464, 'x': -36.915, 'yaw': 3.142}, None, None
100.02, [INFO], robot3, {'battery-level': '68.76'}, None, None
100.02, [INFO], robot3, {'y': 17.459, 'x': -36.922, 'yaw': 3.141}, None, None
110.08, [INFO], robot3, {'battery-level': '68.40'}, None, None
110.08, [INFO], robot3, {'y': 17.185, 'x': -37.093, 'yaw': 3.142}, None, None
120.06, [INFO], robot3, {'y': 17.124, 'x': -36.801, 'yaw': -3.142}, None, None
120.06, [INFO], robot3, {'battery-level': '68.04'}, None, None
130.05, [INFO], robot3, {'y': 17.432, 'x': -37.082, 'yaw': -3.142}, None, None
130.05, [INFO], robot3, {'battery-level': '67.68'}, None, None
140.03, [INFO], robot3, {'battery-level': '67.32'}, None, None
140.03, [INFO], robot3, {'y': 17.374, 'x': -37.126, 'yaw': 3.142}, None, None
150.08, [INFO], robot3, {'battery-level': '66.96'}, None, None
150.08, [INFO], robot3, {'y': 17.199, 'x': -36.885, 'yaw': -3.141}, None, None
160.03, [INFO], robot3, {'y': 17.375, 'x': -37.038, 'yaw': 3.142}, None, None
160.03, [INFO], robot3, {'battery-level': '66.60'}, None, None
170.07, [INFO], robot3, {'y': 17.351, 'x': -36.871, 'yaw': 3.142}, None, None
170.07, [INFO], robot3, {'battery-level': '66.24'}, None, None
180.09, [INFO], robot3, {'battery-level': '65.88'}, None, None
180.09, [INFO], robot3, {'y': 17.287, 'x': -36.996, 'yaw': -3.142}, None, None
190.04, [INFO], robot3, {'y': 17.22, 'x': -36.85, 'yaw': 3.141}, None, None
190.04, [INFO], robot3, {'battery-level': '65.52'}, None, None
200.02, [INFO], robot3, {'y': 17.465, 'x': -36.884, 'yaw': 3.14}, None, None
200.02, [INFO], robot3, {'battery-level': '65.16'}, None, None
210.01, [INFO], robot3, {'battery-level': '64.80'}, None, None
210.01, [INFO], robot3, {'y': 17.496, 'x': -37.026, 'yaw': -3.142}, None, None
220.05, [INFO], robot3, {'y': 17.464, 'x': -36.924, 'yaw': 3.141}, None, None
220.05, [INFO], robot3, {'battery-level': '64.44'}, None, None
230.01, [INFO], robot3, {'battery-level': '64.08'}, None, None
230.01, [INFO], robot3, {'y': 17.448, 'x': -36.916, 'yaw': 3.142}, None, None
233.68, [WARN], robot3, SKILL-FAILURE, navigation, navto_lab
240.01, [INFO], robot3, {'y': 17.455, 'x': -36.915, 'yaw': 3.142}, None, None
240.01, [INFO], robot3, {'battery-level': '63.72'}, None, None
