0.00, [DEBUG], nurse, NURSE_CONFIG={'location': 'IC Room 2', 'position': [-38.0, 21.5, 0.0]}, None, None
0.00, [INFO], robot4, {'battery-level': '48.63'}, None, None
0.00, [DEBUG], logger, ROBOTS_CONFIG={'avg_speed': 0.15, 'battery_charge': 0.4863040833267539, 'battery_discharge_rate': 0.0006000000000000001, 'id': 4, 'local_plan': [['navigation', ['IC Room 2', [[-32.88, 33.98, 3.14], [-37.0, 33.98], [-37.0, 21.5], [-38.0, 21.5, 0.0]]], 'navto_room'], ['approach_person', ['nurse'], 'approach_nurse'], ['authenticate_person', ['nurse'], 'authenticate_nurse'], ['operate_drawer', ['open'], 'open_drawer_for_nurse'], ['send_message', ['nurse'], 'notify_nurse_of_open_drawer_for_nurse_completed'], ['wait_message', ['nurse'], 'wait_nurse_to_complete_deposit'], ['operate_drawer', ['close'], 'close_drawer_nurse'], ['navigation', ['Laboratory', [[-38.0, 21.5, 0.0], [-37.0, 21.5], [-37.0, 16.0], [-26.0, 16.0], [-26.0, 13.0, 1.57]]], 'navto_lab'], ['approach_robot', ['lab_arm'], 'approach_arm'], ['operate_drawer', ['open'], 'open_drawer_lab'], ['send_message', ['lab_arm'], 'notify_lab_arm_of_open_drawer_lab_completed'], ['wait_message', ['lab_arm'], 'wait_lab_arm_to_complete_pick_up_sample'], ['operate_drawer', ['close'], 'close_drawer_lab']], 'location': 'IC Room 5', 'name': 'r4', 'position': [-32.88, 33.98, 3.14], 'skills': ['approach_person', 'approach_robot', 'authenticate_person', 'navigation', 'operate_drawer']}, None, None
0.00, [DEBUG], logger, Simulation open, None, None
10.08, [INFO], robot4, {'battery-level': '48.09'}, None, None
10.08, [INFO], robot4, {'y': 34.289, 'x': -33.629, 'yaw': -3.142}, None, None
20.00, [INFO], robot4, {'y': 34.711, 'x': -35.676, 'yaw': 3.138}, None, None
20.00, [INFO], robot4, {'battery-level': '47.49'}, None, None
30.09, [INFO], robot4, {'battery-level': '46.89'}, None, None
30.09, [INFO], robot4, {'y': 33.233, 'x': -36.795, 'yaw': -3.141}, None, None
40.09, [INFO], robot4, {'battery-level': '46.29'}, None, None
40.09, [INFO], robot4, {'y': 31.127, 'x': -36.823, 'yaw': -3.141}, None, None
50.01, [INFO], robot4, {'y': 29.04, 'x': -36.854, 'yaw': -3.142}, None, None
50.01, [INFO], robot4, {'battery-level': '45.69'}, None, None
60.09, [INFO], robot4, {'battery-level': '45.09'}, None, None
60.09, [INFO], robot4, {'y': 26.909, 'x': -36.838, 'yaw': -3.137}, None, None
70.06, [INFO], robot4, {'y': 24.81, 'x': -36.889, 'yaw': 3.142}, None, None
70.06, [INFO], robot4, {'battery-level': '44.49'}, None, None
80.05, [INFO], robot4, {'y': 22.706, 'x': -36.982, 'yaw': -3.141}, None, None
80.05, [INFO], robot4, {'battery-level': '43.89'}, None, None
90.03, [INFO], robot4, {'y': 21.338, 'x': -37.969, 'yaw': 3.137}, None, None
90.03, [INFO], robot4, {'battery-level': '43.29'}, None, None
100.01, [INFO], robot4, {'y': 21.391, 'x': -38.118, 'yaw': 3.141}, None, None
100.01, [INFO], robot4, {'battery-level': '42.69'}, None, None
102.76, [info], nurse, sync, received-request, (status=sending-request)
102.76, [info], nurse, sync, request-sent, (status=waiting)
102.76, [info], nurse, sync, wait-message, (status=message-received)
110.06, [INFO], robot4, {'y': 20.96, 'x': -37.21, 'yaw': 3.142}, None, None
110.06, [INFO], robot4, {'battery-level': '42.09'}, None, None
120.04, [INFO], robot4, {'y': 18.847, 'x': -37.122, 'yaw': 3.142}, None, None
120.04, [INFO], robot4, {'battery-level': '41.49'}, None, None
130.00, [INFO], robot4, {'battery-level': '40.89'}, None, None
130.00, [INFO], robot4, {'y': 16.735, 'x': -37.023, 'yaw': 3.141}, None, None
140.02, [INFO], robot4, {'battery-level': '40.29'}, None, None
140.02, [INFO], robot4, {'y': 15.639, 'x': -35.408, 'yaw': 3.142}, None, None
150.02, [INFO], robot4, {'y': 15.433, 'x': -33.314, 'yaw': -3.141}, None, None
150.02, [INFO], robot4, {'battery-level': '39.69'}, None, None
160.01, [INFO], robot4, {'battery-level': '39.09'}, None, None
160.01, [INFO], robot4, {'y': 15.444, 'x': -31.206, 'yaw': 3.142}, None, None
170.01, [INFO], robot4, {'battery-level': '38.49'}, None, None
170.01, [INFO], robot4, {'y': 15.727, 'x': -29.098, 'yaw': -3.141}, None, None
180.08, [INFO], robot4, {'y': 15.794, 'x': -26.966, 'yaw': -3.141}, None, None
180.08, [INFO], robot4, {'battery-level': '37.89'}, None, None
190.04, [INFO], robot4, {'battery-level': '37.29'}, None, None
190.04, [INFO], robot4, {'y': 14.447, 'x': -25.744, 'yaw': 3.14}, None, None
200.09, [INFO], robot4, {'battery-level': '36.69'}, None, None
200.09, [INFO], robot4, {'y': 12.93, 'x': -25.99, 'yaw': 3.142}, None, None
203.99, [info], lab_arm, sync, wait-message, (status=message-received)
204.90, [WARN], robot4, SUCCESS, None, None
210.03, [INFO], robot4, {'y': 12.925, 'x': -25.986, 'yaw': -3.142}, None, None
210.03, [INFO], robot4, {'battery-level': '36.09'}, None, None
