0.00, [DEBUG], nurse, NURSE_CONFIG={'location': 'PC Room 3', 'position': [-28.5, 18.0, -1.57]}, None, None
0.13, [DEBUG], logger, ROBOTS_CONFIG={'avg_speed': 0.15, 'battery_charge': 0.9109794326728246, 'battery_discharge_rate': 0.00072, 'id': 6, 'local_plan': [['navigation', ['PC Room 3', [[-27.23, 18.0, -1.57], [-27.23, 16.0], [-28.5, 16.0], [-28.5, 18.0, -1.57]]], 'navto_room'], ['approach_person', ['nurse'], 'approach_nurse'], ['authenticate_person', ['nurse'], 'authenticate_nurse'], ['operate_drawer', ['open'], 'open_drawer_for_nurse'], ['send_message', ['nurse'], 'notify_nurse_of_open_drawer_for_nurse_completed'], ['wait_message', ['nurse'], 'wait_nurse_to_complete_deposit'], ['operate_drawer', ['close'], 'close_drawer_nurse'], ['navigation', ['Laboratory', [[-28.5, 18.0, -1.57], [-28.5, 16.0], [-26.0, 16.0], [-26.0, 13.0, 1.57]]], 'navto_lab'], ['approach_robot', ['lab_arm'], 'approach_arm'], ['operate_drawer', ['open'], 'open_drawer_lab'], ['send_message', ['lab_arm'], 'notify_lab_arm_of_open_drawer_lab_completed'], ['wait_message', ['lab_arm'], 'wait_lab_arm_to_complete_pick_up_sample'], ['operate_drawer', ['close'], 'close_drawer_lab']], 'location': 'PC Room 4', 'name': 'r6', 'position': [-27.23, 18.0, -1.57], 'skills': ['approach_person', 'approach_robot', 'authenticate_person', 'navigation', 'operate_drawer']}, None, None
0.13, [DEBUG], logger, Simulation open, None, None
10.08, [INFO], robot6, {'battery-level': '90.45'}, None, None
10.08, [INFO], robot6, {'y': 17.476, 'x': -27.15, 'yaw': -3.141}, None, None
20.05, [INFO], robot6, {'battery-level': '89.73'}, None, None
20.05, [INFO], robot6, {'y': 16.232, 'x': -27.969, 'yaw': 3.142}, None, None
30.01, [INFO], robot6, {'battery-level': '89.01'}, None, None
30.01, [INFO], robot6, {'y': 17.826, 'x': -28.597, 'yaw': -3.141}, None, None
37.61, [info], nurse, sync, received-request, (status=sending-request)
37.61, [info], nurse, sync, request-sent, (status=waiting)
37.70, [info], nurse, sync, wait-message, (status=message-received)
40.07, [INFO], robot6, {'battery-level': '88.29'}, None, None
40.07, [INFO], robot6, {'y': 17.687, 'x': -28.574, 'yaw': 3.141}, None, None
50.06, [INFO], robot6, {'battery-level': '87.57'}, None, None
50.06, [INFO], robot6, {'y': 16.089, 'x': -28.076, 'yaw': -3.142}, None, None
60.05, [INFO], robot6, {'battery-level': '86.85'}, None, None
60.05, [INFO], robot6, {'y': 15.706, 'x': -26.122, 'yaw': 3.142}, None, None
70.03, [INFO], robot6, {'y': 13.629, 'x': -25.716, 'yaw': 3.142}, None, None
70.03, [INFO], robot6, {'battery-level': '86.13'}, None, None
80.09, [INFO], robot6, {'y': 12.895, 'x': -25.949, 'yaw': -3.142}, None, None
80.09, [INFO], robot6, {'battery-level': '85.41'}, None, None
82.27, [info], lab_arm, sync, wait-message, (status=message-received)
83.19, [WARN], robot6, SUCCESS, None, None
90.07, [INFO], robot6, {'y': 12.893, 'x': -25.947, 'yaw': 3.142}, None, None
90.07, [INFO], robot6, {'battery-level': '84.69'}, None, None
