0.00, [DEBUG], nurse, NURSE_CONFIG={'location': 'IC Room 6', 'position': [-33.9, 18.93, 3.14]}, None, None
0.00, [INFO], robot1, {'battery-level': '30.20'}, None, None
0.13, [DEBUG], logger, ROBOTS_CONFIG={'avg_speed': 0.15, 'battery_charge': 0.3020349930380309, 'battery_discharge_rate': 0.0006600000000000001, 'id': 1, 'local_plan': [['navigation', ['IC Room 6', [[-11.5, 18.0, -1.57], [-11.5, 16.0], [-37.0, 16.0], [-37.0, 18.93], [-33.9, 18.93, 3.14]]], 'navto_room'], ['approach_person', ['nurse'], 'approach_nurse'], ['authenticate_person', ['nurse'], 'authenticate_nurse'], ['operate_drawer', ['open'], 'open_drawer_for_nurse'], ['send_message', ['nurse'], 'notify_nurse_of_open_drawer_for_nurse_completed'], ['wait_message', ['nurse'], 'wait_nurse_to_complete_deposit'], ['operate_drawer', ['close'], 'close_drawer_nurse'], ['navigation', ['Laboratory', [[-33.9, 18.93, 3.14], [-37.0, 18.93], [-37.0, 16.0], [-26.0, 16.0], [-26.0, 13.0, 1.57]]], 'navto_lab'], ['approach_robot', ['lab_arm'], 'approach_arm'], ['operate_drawer', ['open'], 'open_drawer_lab'], ['send_message', ['lab_arm'], 'notify_lab_arm_of_open_drawer_lab_completed'], ['wait_message', ['lab_arm'], 'wait_lab_arm_to_complete_pick_up_sample'], ['operate_drawer', ['close'], 'close_drawer_lab']], 'location': 'PC Room 8', 'name': 'r1', 'position': [-11.5, 18.0, -1.57], 'skills': ['approach_person', 'approach_robot', 'navigation', 'operate_drawer']}, None, None
0.13, [DEBUG], logger, Simulation open, None, None
10.01, [INFO], robot1, {'y': 18.0, 'x': -11.5, 'yaw': 3.142}, None, None
10.01, [INFO], robot1, {'battery-level': '29.61'}, None, None
20.02, [INFO], robot1, {'battery-level': '28.95'}, None, None
20.02, [INFO], robot1, {'y': 17.091, 'x': -11.718, 'yaw': -3.14}, None, None
30.08, [INFO], robot1, {'battery-level': '28.29'}, None, None
30.08, [INFO], robot1, {'y': 16.245, 'x': -13.286, 'yaw': -3.138}, None, None
40.04, [INFO], robot1, {'battery-level': '27.63'}, None, None
40.04, [INFO], robot1, {'y': 16.144, 'x': -15.385, 'yaw': 3.141}, None, None
50.09, [INFO], robot1, {'battery-level': '26.97'}, None, None
50.09, [INFO], robot1, {'y': 16.054, 'x': -17.506, 'yaw': 3.141}, None, None
60.04, [INFO], robot1, {'y': 16.156, 'x': -19.61, 'yaw': 3.138}, None, None
60.04, [INFO], robot1, {'battery-level': '26.31'}, None, None
70.09, [INFO], robot1, {'battery-level': '25.65'}, None, None
70.09, [INFO], robot1, {'y': 16.249, 'x': -21.722, 'yaw': -3.142}, None, None
80.03, [INFO], robot1, {'battery-level': '24.99'}, None, None
80.03, [INFO], robot1, {'y': 16.157, 'x': -23.814, 'yaw': 3.14}, None, None
90.09, [INFO], robot1, {'battery-level': '24.33'}, None, None
90.09, [INFO], robot1, {'y': 16.139, 'x': -25.929, 'yaw': 3.141}, None, None
100.03, [INFO], robot1, {'battery-level': '23.67'}, None, None
100.03, [INFO], robot1, {'y': 16.155, 'x': -28.027, 'yaw': -3.14}, None, None
110.09, [INFO], robot1, {'y': 16.151, 'x': -30.15, 'yaw': 3.141}, None, None
110.09, [INFO], robot1, {'battery-level': '23.01'}, None, None
120.05, [INFO], robot1, {'battery-level': '22.35'}, None, None
120.05, [INFO], robot1, {'y': 15.892, 'x': -32.252, 'yaw': 3.141}, None, None
130.02, [INFO], robot1, {'battery-level': '21.69'}, None, None
130.02, [INFO], robot1, {'y': 15.386, 'x': -34.332, 'yaw': -3.142}, None, None
140.05, [INFO], robot1, {'y': 15.618, 'x': -36.445, 'yaw': 3.142}, None, None
140.05, [INFO], robot1, {'battery-level': '21.03'}, None, None
150.09, [INFO], robot1, {'battery-level': '20.37'}, None, None
150.09, [INFO], robot1, {'y': 17.448, 'x': -36.908, 'yaw': 3.142}, None, None
160.05, [INFO], robot1, {'y': 17.704, 'x': -36.869, 'yaw': 3.141}, None, None
160.05, [INFO], robot1, {'battery-level': '19.71'}, None, None
170.09, [INFO], robot1, {'y': 17.744, 'x': -36.824, 'yaw': 3.142}, None, None
170.09, [INFO], robot1, {'battery-level': '19.05'}, None, None
180.06, [INFO], robot1, {'y': 17.905, 'x': -35.766, 'yaw': 3.141}, None, None
180.06, [INFO], robot1, {'battery-level': '18.39'}, None, None
190.03, [INFO], robot1, {'y': 18.194, 'x': -35.782, 'yaw': -3.142}, None, None
190.03, [INFO], robot1, {'battery-level': '17.73'}, None, None
200.07, [INFO], robot1, {'battery-level': '17.07'}, None, None
200.07, [INFO], robot1, {'y': 18.248, 'x': -35.733, 'yaw': 3.141}, None, None
210.01, [INFO], robot1, {'y': 18.365, 'x': -35.692, 'yaw': -3.137}, None, None
210.01, [INFO], robot1, {'battery-level': '16.41'}, None, None
220.07, [INFO], robot1, {'y': 18.075, 'x': -35.58, 'yaw': 3.142}, None, None
220.07, [INFO], robot1, {'battery-level': '15.75'}, None, None
230.00, [INFO], robot1, {'y': 17.943, 'x': -35.726, 'yaw': 3.14}, None, None
230.00, [INFO], robot1, {'battery-level': '15.09'}, None, None
237.15, [WARN], robot1, SKILL-FAILURE, navigation, navto_room
240.07, [INFO], robot1, {'battery-level': '14.43'}, None, None
240.07, [INFO], robot1, {'y': 18.177, 'x': -35.641, 'yaw': 3.141}, None, None
250.04, [INFO], robot1, {'battery-level': '13.77'}, None, None
250.04, [INFO], robot1, {'y': 18.178, 'x': -35.641, 'yaw': 3.141}, None, None
