0.00, [DEBUG], nurse, NURSE_CONFIG={'location': 'IC Room 6', 'position': [-33.9, 18.93, 3.14]}, None, None
0.49, [INFO], robot4, {'battery-level': '48.63'}, None, None
10.01, [INFO], robot4, {'battery-level': '48.13'}, None, None
10.01, [INFO], robot4, {'y': 34.02, 'x': -39.124, 'yaw': 3.142}, None, None
20.05, [INFO], robot4, {'y': 34.311, 'x': -37.199, 'yaw': 3.141}, None, None
20.05, [INFO], robot4, {'battery-level': '47.57'}, None, None
30.05, [INFO], robot4, {'battery-level': '47.01'}, None, None
30.05, [INFO], robot4, {'y': 32.228, 'x': -36.998, 'yaw': 3.141}, None, None
40.09, [INFO], robot4, {'battery-level': '46.45'}, None, None
40.09, [INFO], robot4, {'y': 30.107, 'x': -37.04, 'yaw': 3.141}, None, None
50.00, [INFO], robot4, {'y': 28.022, 'x': -36.995, 'yaw': 3.14}, None, None
50.00, [INFO], robot4, {'battery-level': '45.89'}, None, None
60.03, [INFO], robot4, {'y': 25.907, 'x': -37.009, 'yaw': 3.142}, None, None
60.03, [INFO], robot4, {'battery-level': '45.33'}, None, None
70.04, [INFO], robot4, {'battery-level': '44.77'}, None, None
70.04, [INFO], robot4, {'y': 23.786, 'x': -37.019, 'yaw': 3.141}, None, None
80.04, [INFO], robot4, {'battery-level': '44.21'}, None, None
80.04, [INFO], robot4, {'y': 21.679, 'x': -37.12, 'yaw': -3.142}, None, None
90.07, [INFO], robot4, {'battery-level': '43.65'}, None, None
90.07, [INFO], robot4, {'y': 19.552, 'x': -37.058, 'yaw': 3.142}, None, None
100.08, [INFO], robot4, {'y': 17.8, 'x': -35.882, 'yaw': -3.138}, None, None
100.08, [INFO], robot4, {'battery-level': '43.09'}, None, None
110.08, [INFO], robot4, {'battery-level': '42.53'}, None, None
110.08, [INFO], robot4, {'y': 18.581, 'x': -34.175, 'yaw': -3.142}, None, None
120.04, [INFO], robot4, {'y': 18.946, 'x': -33.904, 'yaw': 3.142}, None, None
120.04, [INFO], robot4, {'battery-level': '41.97'}, None, None
120.04, [info], nurse, sync, received-request, (status=sending-request)
120.04, [info], nurse, sync, request-sent, (status=waiting)
120.04, [info], nurse, sync, wait-message, (status=message-received)
130.09, [INFO], robot4, {'y': 17.785, 'x': -35.207, 'yaw': -3.142}, None, None
130.09, [INFO], robot4, {'battery-level': '41.41'}, None, None
140.03, [INFO], robot4, {'battery-level': '40.85'}, None, None
140.03, [INFO], robot4, {'y': 18.124, 'x': -36.5, 'yaw': 3.14}, None, None
150.08, [INFO], robot4, {'battery-level': '40.29'}, None, None
150.08, [INFO], robot4, {'y': 17.423, 'x': -36.883, 'yaw': -3.141}, None, None
160.00, [INFO], robot4, {'y': 17.149, 'x': -37.122, 'yaw': 3.141}, None, None
160.00, [INFO], robot4, {'battery-level': '39.73'}, None, None
170.00, [INFO], robot4, {'y': 17.284, 'x': -37.037, 'yaw': 3.14}, None, None
170.00, [INFO], robot4, {'battery-level': '39.17'}, None, None
180.03, [INFO], robot4, {'y': 17.305, 'x': -37.036, 'yaw': 3.142}, None, None
180.03, [INFO], robot4, {'battery-level': '38.61'}, None, None
190.04, [INFO], robot4, {'y': 17.536, 'x': -36.793, 'yaw': 3.142}, None, None
190.04, [INFO], robot4, {'battery-level': '38.05'}, None, None
200.09, [INFO], robot4, {'y': 17.399, 'x': -36.91, 'yaw': -3.142}, None, None
200.09, [INFO], robot4, {'battery-level': '37.49'}, None, None
210.01, [INFO], robot4, {'y': 17.317, 'x': -36.842, 'yaw': 3.142}, None, None
210.01, [INFO], robot4, {'battery-level': '36.93'}, None, None
220.08, [INFO], robot4, {'battery-level': '36.37'}, None, None
220.08, [INFO], robot4, {'y': 17.128, 'x': -36.601, 'yaw': 3.14}, None, None
230.03, [INFO], robot4, {'battery-level': '35.81'}, None, None
230.03, [INFO], robot4, {'y': 17.428, 'x': -36.897, 'yaw': 3.141}, None, None
240.06, [INFO], robot4, {'y': 17.277, 'x': -37.083, 'yaw': -3.141}, None, None
240.06, [INFO], robot4, {'battery-level': '35.25'}, None, None
250.03, [INFO], robot4, {'battery-level': '34.69'}, None, None
250.03, [INFO], robot4, {'y': 17.259, 'x': -36.904, 'yaw': 3.14}, None, None
260.00, [INFO], robot4, {'y': 17.492, 'x': -36.901, 'yaw': -3.142}, None, None
260.00, [INFO], robot4, {'battery-level': '34.13'}, None, None
270.03, [INFO], robot4, {'y': 17.48, 'x': -36.978, 'yaw': 3.142}, None, None
270.03, [INFO], robot4, {'battery-level': '33.57'}, None, None
280.05, [INFO], robot4, {'y': 17.256, 'x': -36.887, 'yaw': -3.142}, None, None
280.05, [INFO], robot4, {'battery-level': '33.01'}, None, None
290.09, [INFO], robot4, {'y': 17.212, 'x': -36.956, 'yaw': 3.142}, None, None
290.09, [INFO], robot4, {'battery-level': '32.45'}, None, None
300.08, [INFO], robot4, {'y': 17.426, 'x': -37.074, 'yaw': -3.141}, None, None
300.08, [INFO], robot4, {'battery-level': '31.89'}, None, None
310.08, [INFO], robot4, {'battery-level': '31.33'}, None, None
310.08, [INFO], robot4, {'y': 17.234, 'x': -36.82, 'yaw': -3.141}, None, None
311.63, [WARN], robot4, SKILL-FAILURE, navigation, navto_lab
320.08, [INFO], robot4, {'battery-level': '30.77'}, None, None
320.08, [INFO], robot4, {'y': 17.162, 'x': -36.871, 'yaw': 3.142}, None, None
