0.00, [DEBUG], nurse, NURSE_CONFIG={'location': 'IC Room 2', 'position': [-38.0, 21.5, 0.0]}, None, None
0.00, [INFO], robot4, {'battery-level': '48.63'}, None, None
0.12, [DEBUG], logger, ROBOTS_CONFIG={'avg_speed': 0.15, 'battery_charge': 0.4863040833267539, 'battery_discharge_rate': 0.0005600000000000001, 'id': 4, 'local_plan': [['navigation', ['IC Room 2', [[-32.88, 33.98, 3.14], [-37.0, 33.98], [-37.0, 21.5], [-38.0, 21.5, 0.0]]], 'navto_room'], ['approach_person', ['nurse'], 'approach_nurse'], ['authenticate_person', ['nurse'], 'authenticate_nurse'], ['operate_drawer', ['open'], 'open_drawer_for_nurse'], ['send_message', ['nurse'], 'notify_nurse_of_open_drawer_for_nurse_completed'], ['wait_message', ['nurse'], 'wait_nurse_to_complete_deposit'], ['operate_drawer', ['close'], 'close_drawer_nurse'], ['navigation', ['Laboratory', [[-38.0, 21.5, 0.0], [-37.0, 21.5], [-37.0, 16.0], [-26.0, 16.0], [-26.0, 13.0, 1.57]]], 'navto_lab'], ['approach_robot', ['lab_arm'], 'approach_arm'], ['operate_drawer', ['open'], 'open_drawer_lab'], ['send_message', ['lab_arm'], 'notify_lab_arm_of_open_drawer_lab_completed'], ['wait_message', ['lab_arm'], 'wait_lab_arm_to_complete_pick_up_sample'], ['operate_drawer', ['close'], 'close_drawer_lab']], 'location': 'IC Room 5', 'name': 'r4', 'position': [-32.88, 33.98, 3.14], 'skills': ['approach_person', 'approach_robot', 'authenticate_person', 'navigation', 'operate_drawer']}, None, None
0.12, [DEBUG], logger, Simulation open, None, None
10.08, [INFO], robot4, {'y': 34.064, 'x': -33.217, 'yaw': 3.141}, None, None
10.08, [INFO], robot4, {'battery-level': '48.13'}, None, None
20.04, [INFO], robot4, {'y': 34.712, 'x': -35.229, 'yaw': 3.142}, None, None
20.04, [INFO], robot4, {'battery-level': '47.57'}, None, None
30.01, [INFO], robot4, {'y': 33.714, 'x': -36.987, 'yaw': 3.141}, None, None
30.01, [INFO], robot4, {'battery-level': '47.01'}, None, None
40.01, [INFO], robot4, {'battery-level': '46.45'}, None, None
40.01, [INFO], robot4, {'y': 31.617, 'x': -36.943, 'yaw': -3.142}, None, None
50.07, [INFO], robot4, {'y': 29.482, 'x': -37.004, 'yaw': -3.142}, None, None
50.07, [INFO], robot4, {'battery-level': '45.89'}, None, None
60.01, [INFO], robot4, {'battery-level': '45.33'}, None, None
60.01, [INFO], robot4, {'y': 27.372, 'x': -37.006, 'yaw': 3.141}, None, None
70.06, [INFO], robot4, {'y': 25.237, 'x': -37.012, 'yaw': 3.142}, None, None
70.06, [INFO], robot4, {'battery-level': '44.77'}, None, None
80.03, [INFO], robot4, {'battery-level': '44.21'}, None, None
80.03, [INFO], robot4, {'y': 23.133, 'x': -37.03, 'yaw': 3.14}, None, None
90.07, [INFO], robot4, {'battery-level': '43.65'}, None, None
90.07, [INFO], robot4, {'y': 21.409, 'x': -37.717, 'yaw': 3.141}, None, None
100.03, [INFO], robot4, {'y': 21.338, 'x': -38.082, 'yaw': 3.141}, None, None
100.03, [INFO], robot4, {'battery-level': '43.09'}, None, None
107.24, [info], nurse, sync, received-request, (status=sending-request)
107.24, [info], nurse, sync, request-sent, (status=waiting)
107.24, [info], nurse, sync, wait-message, (status=message-received)
110.08, [INFO], robot4, {'battery-level': '42.53'}, None, None
110.08, [INFO], robot4, {'y': 21.491, 'x': -37.819, 'yaw': -3.141}, None, None
120.01, [INFO], robot4, {'y': 19.858, 'x': -37.13, 'yaw': 3.141}, None, None
120.01, [INFO], robot4, {'battery-level': '41.97'}, None, None
130.03, [INFO], robot4, {'y': 17.74, 'x': -37.147, 'yaw': 3.141}, None, None
130.03, [INFO], robot4, {'battery-level': '41.41'}, None, None
140.09, [INFO], robot4, {'battery-level': '40.85'}, None, None
140.09, [INFO], robot4, {'y': 15.892, 'x': -36.505, 'yaw': 3.141}, None, None
150.03, [INFO], robot4, {'battery-level': '40.29'}, None, None
150.03, [INFO], robot4, {'y': 15.378, 'x': -34.432, 'yaw': -3.141}, None, None
160.09, [INFO], robot4, {'battery-level': '39.73'}, None, None
160.09, [INFO], robot4, {'y': 15.456, 'x': -32.306, 'yaw': -3.142}, None, None
170.05, [INFO], robot4, {'battery-level': '39.17'}, None, None
170.05, [INFO], robot4, {'y': 15.561, 'x': -30.195, 'yaw': 3.137}, None, None
180.09, [INFO], robot4, {'y': 15.755, 'x': -28.067, 'yaw': 3.142}, None, None
180.09, [INFO], robot4, {'battery-level': '38.61'}, None, None
190.06, [INFO], robot4, {'y': 15.565, 'x': -26.011, 'yaw': 3.14}, None, None
190.06, [INFO], robot4, {'battery-level': '38.05'}, None, None
200.03, [INFO], robot4, {'y': 13.491, 'x': -25.738, 'yaw': -3.142}, None, None
200.03, [INFO], robot4, {'battery-level': '37.49'}, None, None
210.07, [INFO], robot4, {'battery-level': '36.93'}, None, None
210.07, [INFO], robot4, {'y': 12.961, 'x': -25.963, 'yaw': 3.141}, None, None
218.42, [info], lab_arm, sync, wait-message, (status=message-received)
219.36, [WARN], robot4, SUCCESS, None, None
220.07, [INFO], robot4, {'battery-level': '36.37'}, None, None
220.07, [INFO], robot4, {'y': 12.859, 'x': -25.976, 'yaw': 3.142}, None, None
230.09, [INFO], robot4, {'y': 12.859, 'x': -25.976, 'yaw': 3.142}, None, None
230.09, [INFO], robot4, {'battery-level': '35.81'}, None, None
