9.93, [INFO], robot2, {'y': 18.0, 'x': -21.0, 'yaw': 3.142}, None, None
10.01, [INFO], robot2, {'battery-level': '57.56'}, None, None
20.05, [INFO], robot2, {'y': 16.808, 'x': -20.898, 'yaw': 3.141}, None, None
20.05, [INFO], robot2, {'battery-level': '57.30'}, None, None
30.02, [INFO], robot2, {'battery-level': '57.04'}, None, None
30.02, [INFO], robot2, {'y': 16.106, 'x': -22.523, 'yaw': 3.141}, None, None
40.02, [INFO], robot2, {'y': 16.087, 'x': -24.629, 'yaw': 3.141}, None, None
40.02, [INFO], robot2, {'battery-level': '56.78'}, None, None
50.07, [INFO], robot2, {'y': 16.053, 'x': -26.748, 'yaw': -3.142}, None, None
50.07, [INFO], robot2, {'battery-level': '56.52'}, None, None
60.08, [INFO], robot2, {'y': 16.665, 'x': -28.529, 'yaw': -3.142}, None, None
60.08, [INFO], robot2, {'battery-level': '56.26'}, None, None
70.00, [INFO], robot2, {'battery-level': '56.00'}, None, None
70.00, [INFO], robot2, {'y': 17.938, 'x': -28.528, 'yaw': 3.141}, None, None
73.29, [info], nurse, sync, received-request, (status=sending-request)
73.29, [info], nurse, sync, request-sent, (status=waiting)
73.29, [info], nurse, sync, wait-message, (status=message-received)
80.06, [INFO], robot2, {'y': 16.75, 'x': -28.642, 'yaw': 3.142}, None, None
80.06, [INFO], robot2, {'battery-level': '55.74'}, None, None
90.07, [INFO], robot2, {'battery-level': '55.48'}, None, None
90.07, [INFO], robot2, {'y': 16.103, 'x': -27.029, 'yaw': -3.138}, None, None
100.07, [INFO], robot2, {'y': 14.726, 'x': -25.873, 'yaw': 3.142}, None, None
100.07, [INFO], robot2, {'battery-level': '55.22'}, None, None
110.00, [INFO], robot2, {'battery-level': '54.96'}, None, None
110.00, [INFO], robot2, {'y': 12.968, 'x': -25.915, 'yaw': 3.142}, None, None
118.16, [info], lab_arm, sync, wait-message, (status=message-received)
119.08, [WARN], robot2, SUCCESS, None, None
120.07, [INFO], robot2, {'battery-level': '54.70'}, None, None
120.07, [INFO], robot2, {'y': 12.919, 'x': -25.949, 'yaw': 3.142}, None, None
