0.00, [DEBUG], nurse, NURSE_CONFIG={'location': 'PC Room 3', 'position': [-28.5, 18.0, -1.57]}, None, None
0.00, [INFO], robot4, {'battery-level': '48.63'}, None, None
10.02, [INFO], robot4, {'y': 18.0, 'x': -13.5, 'yaw': 3.142}, None, None
10.02, [INFO], robot4, {'battery-level': '48.13'}, None, None
20.06, [INFO], robot4, {'y': 16.673, 'x': -13.499, 'yaw': -3.142}, None, None
20.06, [INFO], robot4, {'battery-level': '47.57'}, None, None
30.07, [INFO], robot4, {'battery-level': '47.01'}, None, None
30.07, [INFO], robot4, {'y': 16.042, 'x': -15.18, 'yaw': 3.141}, None, None
40.00, [INFO], robot4, {'battery-level': '46.45'}, None, None
40.00, [INFO], robot4, {'y': 15.986, 'x': -17.273, 'yaw': 3.141}, None, None
50.04, [INFO], robot4, {'battery-level': '45.89'}, None, None
50.04, [INFO], robot4, {'y': 16.124, 'x': -19.402, 'yaw': 3.142}, None, None
60.03, [INFO], robot4, {'y': 16.206, 'x': -21.519, 'yaw': 3.142}, None, None
60.03, [INFO], robot4, {'battery-level': '45.33'}, None, None
70.05, [INFO], robot4, {'battery-level': '44.77'}, None, None
70.05, [INFO], robot4, {'y': 16.117, 'x': -23.649, 'yaw': 3.141}, None, None
80.05, [INFO], robot4, {'battery-level': '44.21'}, None, None
80.05, [INFO], robot4, {'y': 16.095, 'x': -25.765, 'yaw': 3.141}, None, None
90.00, [INFO], robot4, {'battery-level': '43.65'}, None, None
90.00, [INFO], robot4, {'y': 16.084, 'x': -27.867, 'yaw': 3.141}, None, None
100.02, [INFO], robot4, {'battery-level': '43.09'}, None, None
100.02, [INFO], robot4, {'y': 17.736, 'x': -28.621, 'yaw': 3.142}, None, None
110.01, [INFO], robot4, {'battery-level': '42.53'}, None, None
110.01, [INFO], robot4, {'y': 17.942, 'x': -28.576, 'yaw': 3.142}, None, None
120.04, [INFO], robot4, {'battery-level': '41.97'}, None, None
120.04, [INFO], robot4, {'y': 18.044, 'x': -28.606, 'yaw': -3.142}, None, None
122.62, [info], nurse, sync, received-request, (status=sending-request)
122.62, [info], nurse, sync, request-sent, (status=waiting)
122.70, [info], nurse, sync, wait-message, (status=message-received)
130.03, [INFO], robot4, {'battery-level': '41.41'}, None, None
130.03, [INFO], robot4, {'y': 16.68, 'x': -28.722, 'yaw': -3.142}, None, None
140.04, [INFO], robot4, {'battery-level': '40.85'}, None, None
140.04, [INFO], robot4, {'y': 16.207, 'x': -26.862, 'yaw': 3.141}, None, None
150.02, [INFO], robot4, {'battery-level': '40.29'}, None, None
150.02, [INFO], robot4, {'y': 14.555, 'x': -25.826, 'yaw': -3.142}, None, None
160.07, [INFO], robot4, {'battery-level': '39.73'}, None, None
160.07, [INFO], robot4, {'y': 12.932, 'x': -25.934, 'yaw': -3.142}, None, None
170.01, [INFO], robot4, {'y': 12.85, 'x': -25.99, 'yaw': 3.142}, None, None
170.01, [INFO], robot4, {'battery-level': '39.17'}, None, None
173.89, [info], lab_arm, sync, wait-message, (status=message-received)
174.70, [WARN], robot4, SUCCESS, None, None
180.07, [INFO], robot4, {'battery-level': '38.61'}, None, None
180.07, [INFO], robot4, {'y': 12.854, 'x': -25.986, 'yaw': -3.142}, None, None
