0.00, [INFO], robot3, {'battery-level': '72.32'}, None, None
0.00, [DEBUG], nurse, NURSE_CONFIG={'location': 'IC Room 6', 'position': [-33.9, 18.93, 3.14]}, None, None
0.13, [DEBUG], logger, ROBOTS_CONFIG={'avg_speed': 0.15, 'battery_charge': 0.7232396784987936, 'battery_discharge_rate': 0.00064, 'id': 3, 'local_plan': [['navigation', ['IC Room 6', [[-38.0, 21.5, 0.0], [-37.0, 21.5], [-37.0, 18.93], [-33.9, 18.93, 3.14]]], 'navto_room'], ['approach_person', ['nurse'], 'approach_nurse'], ['authenticate_person', ['nurse'], 'authenticate_nurse'], ['operate_drawer', ['open'], 'open_drawer_for_nurse'], ['send_message', ['nurse'], 'notify_nurse_of_open_drawer_for_nurse_completed'], ['wait_message', ['nurse'], 'wait_nurse_to_complete_deposit'], ['operate_drawer', ['close'], 'close_drawer_nurse'], ['navigation', ['Laboratory', [[-33.9, 18.93, 3.14], [-37.0, 18.93], [-37.0, 16.0], [-26.0, 16.0], [-26.0, 13.0, 1.57]]], 'navto_lab'], ['approach_robot', ['lab_arm'], 'approach_arm'], ['operate_drawer', ['open'], 'open_drawer_lab'], ['send_message', ['lab_arm'], 'notify_lab_arm_of_open_drawer_lab_completed'], ['wait_message', ['lab_arm'], 'wait_lab_arm_to_complete_pick_up_sample'], ['operate_drawer', ['close'], 'close_drawer_lab']], 'location': 'IC Room 2', 'name': 'r3', 'position': [-38.0, 21.5, 0.0], 'skills': ['approach_person', 'approach_robot', 'authenticate_person', 'navigation', 'operate_drawer']}, None, None
0.13, [DEBUG], logger, Simulation open, None, None
10.09, [INFO], robot3, {'y': 21.543, 'x': -37.461, 'yaw': -3.137}, None, None
10.09, [INFO], robot3, {'battery-level': '71.75'}, None, None
20.03, [INFO], robot3, {'battery-level': '71.11'}, None, None
20.03, [INFO], robot3, {'y': 19.598, 'x': -37.091, 'yaw': 3.142}, None, None
30.05, [INFO], robot3, {'y': 17.888, 'x': -35.859, 'yaw': 3.141}, None, None
30.05, [INFO], robot3, {'battery-level': '70.47'}, None, None
40.06, [INFO], robot3, {'battery-level': '69.83'}, None, None
40.06, [INFO], robot3, {'y': 18.655, 'x': -34.128, 'yaw': 3.142}, None, None
50.01, [INFO], robot3, {'y': 18.969, 'x': -33.936, 'yaw': 3.142}, None, None
50.01, [INFO], robot3, {'battery-level': '69.19'}, None, None
50.37, [info], nurse, sync, received-request, (status=sending-request)
50.37, [info], nurse, sync, request-sent, (status=waiting)
50.37, [info], nurse, sync, wait-message, (status=message-received)
60.05, [INFO], robot3, {'battery-level': '68.55'}, None, None
60.05, [INFO], robot3, {'y': 17.806, 'x': -35.151, 'yaw': -3.142}, None, None
70.08, [INFO], robot3, {'battery-level': '67.91'}, None, None
70.08, [INFO], robot3, {'y': 17.857, 'x': -36.91, 'yaw': 3.141}, None, None
80.08, [INFO], robot3, {'battery-level': '67.27'}, None, None
80.08, [INFO], robot3, {'y': 17.312, 'x': -37.1, 'yaw': 3.142}, None, None
90.08, [INFO], robot3, {'battery-level': '66.63'}, None, None
90.08, [INFO], robot3, {'y': 17.464, 'x': -37.03, 'yaw': -3.141}, None, None
100.05, [INFO], robot3, {'battery-level': '65.99'}, None, None
100.05, [INFO], robot3, {'y': 17.387, 'x': -37.082, 'yaw': 3.141}, None, None
110.04, [INFO], robot3, {'battery-level': '65.35'}, None, None
110.04, [INFO], robot3, {'y': 17.279, 'x': -36.99, 'yaw': -3.141}, None, None
120.04, [INFO], robot3, {'y': 17.327, 'x': -37.04, 'yaw': -3.142}, None, None
120.04, [INFO], robot3, {'battery-level': '64.71'}, None, None
130.03, [INFO], robot3, {'y': 17.295, 'x': -36.783, 'yaw': -3.141}, None, None
130.03, [INFO], robot3, {'battery-level': '64.07'}, None, None
140.07, [INFO], robot3, {'y': 17.387, 'x': -36.973, 'yaw': -3.141}, None, None
140.07, [INFO], robot3, {'battery-level': '63.43'}, None, None
150.01, [INFO], robot3, {'battery-level': '62.79'}, None, None
150.01, [INFO], robot3, {'y': 17.431, 'x': -37.006, 'yaw': -3.142}, None, None
160.07, [INFO], robot3, {'y': 17.239, 'x': -36.815, 'yaw': 3.141}, None, None
160.07, [INFO], robot3, {'battery-level': '62.15'}, None, None
170.05, [INFO], robot3, {'y': 17.396, 'x': -37.004, 'yaw': -3.142}, None, None
170.05, [INFO], robot3, {'battery-level': '61.51'}, None, None
180.04, [INFO], robot3, {'battery-level': '60.87'}, None, None
180.04, [INFO], robot3, {'y': 17.218, 'x': -36.822, 'yaw': -3.142}, None, None
190.01, [INFO], robot3, {'y': 17.291, 'x': -36.911, 'yaw': 3.142}, None, None
190.01, [INFO], robot3, {'battery-level': '60.23'}, None, None
200.01, [INFO], robot3, {'y': 17.246, 'x': -37.003, 'yaw': 3.14}, None, None
200.01, [INFO], robot3, {'battery-level': '59.59'}, None, None
210.03, [INFO], robot3, {'y': 17.455, 'x': -36.914, 'yaw': 3.142}, None, None
210.03, [INFO], robot3, {'battery-level': '58.95'}, None, None
220.03, [INFO], robot3, {'battery-level': '58.31'}, None, None
220.03, [INFO], robot3, {'y': 17.365, 'x': -36.997, 'yaw': -3.142}, None, None
230.03, [INFO], robot3, {'battery-level': '57.67'}, None, None
230.03, [INFO], robot3, {'y': 17.363, 'x': -36.953, 'yaw': 3.142}, None, None
235.86, [WARN], robot3, SKILL-FAILURE, navigation, navto_lab
240.06, [INFO], robot3, {'battery-level': '57.03'}, None, None
240.06, [INFO], robot3, {'y': 17.293, 'x': -36.927, 'yaw': 3.142}, None, None
