0.00, [DEBUG], nurse, NURSE_CONFIG={'location': 'IC Room 6', 'position': [-33.9, 18.93, 3.14]}, None, None
0.00, [INFO], robot5, {'battery-level': '72.58'}, None, None
0.12, [DEBUG], logger, ROBOTS_CONFIG={'avg_speed': 0.15, 'battery_charge': 0.7258412726774711, 'battery_discharge_rate': 0.00076, 'id': 5, 'local_plan': [['navigation', ['IC Room 6', [[-13.5, 18.0, -1.57], [-13.5, 16.0], [-37.0, 16.0], [-37.0, 18.93], [-33.9, 18.93, 3.14]]], 'navto_room'], ['approach_person', ['nurse'], 'approach_nurse'], ['authenticate_person', ['nurse'], 'authenticate_nurse'], ['operate_drawer', ['open'], 'open_drawer_for_nurse'], ['send_message', ['nurse'], 'notify_nurse_of_open_drawer_for_nurse_completed'], ['wait_message', ['nurse'], 'wait_nurse_to_complete_deposit'], ['operate_drawer', ['close'], 'close_drawer_nurse'], ['navigation', ['Laboratory', [[-33.9, 18.93, 3.14], [-37.0, 18.93], [-37.0, 16.0], [-26.0, 16.0], [-26.0, 13.0, 1.57]]], 'navto_lab'], ['approach_robot', ['lab_arm'], 'approach_arm'], ['operate_drawer', ['open'], 'open_drawer_lab'], ['send_message', ['lab_arm'], 'notify_lab_arm_of_open_drawer_lab_completed'], ['wait_message', ['lab_arm'], 'wait_lab_arm_to_complete_pick_up_sample'], ['operate_drawer', ['close'], 'close_drawer_lab']], 'location': 'PC Room 7', 'name': 'r5', 'position': [-13.5, 18.0, -1.57], 'skills': ['approach_person', 'approach_robot', 'authenticate_person', 'navigation', 'operate_drawer']}, None, None
0.12, [DEBUG], logger, Simulation open, None, None
10.09, [INFO], robot5, {'y': 17.212, 'x': -13.498, 'yaw': -3.142}, None, None
10.09, [INFO], robot5, {'battery-level': '71.90'}, None, None
20.08, [INFO], robot5, {'battery-level': '71.14'}, None, None
20.08, [INFO], robot5, {'y': 16.04, 'x': -14.698, 'yaw': -3.142}, None, None
30.02, [INFO], robot5, {'y': 15.938, 'x': -16.786, 'yaw': 3.14}, None, None
30.02, [INFO], robot5, {'battery-level': '70.38'}, None, None
40.05, [INFO], robot5, {'battery-level': '69.62'}, None, None
40.05, [INFO], robot5, {'y': 16.044, 'x': -18.9, 'yaw': -3.141}, None, None
50.07, [INFO], robot5, {'battery-level': '68.86'}, None, None
50.07, [INFO], robot5, {'y': 16.192, 'x': -21.001, 'yaw': 3.141}, None, None
60.04, [INFO], robot5, {'battery-level': '68.10'}, None, None
60.04, [INFO], robot5, {'y': 16.177, 'x': -23.113, 'yaw': 3.142}, None, None
70.03, [INFO], robot5, {'battery-level': '67.34'}, None, None
70.03, [INFO], robot5, {'y': 16.143, 'x': -25.22, 'yaw': 3.14}, None, None
80.04, [INFO], robot5, {'battery-level': '66.58'}, None, None
80.04, [INFO], robot5, {'y': 16.137, 'x': -27.331, 'yaw': 3.142}, None, None
90.03, [INFO], robot5, {'battery-level': '65.82'}, None, None
90.03, [INFO], robot5, {'y': 16.229, 'x': -29.438, 'yaw': 3.142}, None, None
100.07, [INFO], robot5, {'battery-level': '65.06'}, None, None
100.07, [INFO], robot5, {'y': 16.099, 'x': -31.558, 'yaw': 3.141}, None, None
110.06, [INFO], robot5, {'battery-level': '64.30'}, None, None
110.06, [INFO], robot5, {'y': 15.619, 'x': -33.651, 'yaw': 3.141}, None, None
120.05, [INFO], robot5, {'battery-level': '63.54'}, None, None
120.05, [INFO], robot5, {'y': 15.557, 'x': -35.74, 'yaw': -3.141}, None, None
130.05, [INFO], robot5, {'battery-level': '62.78'}, None, None
130.05, [INFO], robot5, {'y': 17.05, 'x': -36.639, 'yaw': -3.142}, None, None
140.02, [INFO], robot5, {'battery-level': '62.02'}, None, None
140.02, [INFO], robot5, {'y': 17.821, 'x': -36.533, 'yaw': -3.142}, None, None
150.06, [INFO], robot5, {'battery-level': '61.26'}, None, None
150.06, [INFO], robot5, {'y': 17.993, 'x': -35.822, 'yaw': 3.141}, None, None
160.01, [INFO], robot5, {'battery-level': '60.50'}, None, None
160.01, [INFO], robot5, {'y': 17.902, 'x': -36.016, 'yaw': 3.142}, None, None
170.06, [INFO], robot5, {'y': 17.931, 'x': -36.039, 'yaw': -3.142}, None, None
170.06, [INFO], robot5, {'battery-level': '59.74'}, None, None
180.00, [INFO], robot5, {'battery-level': '58.98'}, None, None
180.00, [INFO], robot5, {'y': 17.933, 'x': -36.04, 'yaw': -3.142}, None, None
190.07, [INFO], robot5, {'battery-level': '58.22'}, None, None
190.07, [INFO], robot5, {'y': 17.947, 'x': -36.051, 'yaw': -3.142}, None, None
200.01, [INFO], robot5, {'battery-level': '57.46'}, None, None
200.01, [INFO], robot5, {'y': 18.121, 'x': -35.712, 'yaw': -3.141}, None, None
210.04, [INFO], robot5, {'battery-level': '56.70'}, None, None
210.04, [INFO], robot5, {'y': 17.99, 'x': -35.957, 'yaw': 3.14}, None, None
220.00, [INFO], robot5, {'y': 17.891, 'x': -35.987, 'yaw': 3.142}, None, None
220.00, [INFO], robot5, {'battery-level': '55.94'}, None, None
230.02, [INFO], robot5, {'y': 18.114, 'x': -35.718, 'yaw': 3.141}, None, None
230.02, [INFO], robot5, {'battery-level': '55.18'}, None, None
240.04, [INFO], robot5, {'battery-level': '54.42'}, None, None
240.04, [INFO], robot5, {'y': 18.374, 'x': -35.696, 'yaw': -3.136}, None, None
250.06, [INFO], robot5, {'battery-level': '53.66'}, None, None
250.06, [INFO], robot5, {'y': 18.402, 'x': -35.704, 'yaw': -3.136}, None, None
260.06, [INFO], robot5, {'y': 18.37, 'x': -35.713, 'yaw': -3.137}, None, None
260.06, [INFO], robot5, {'battery-level': '52.90'}, None, None
266.49, [WARN], robot5, SKILL-FAILURE, navigation, navto_room
270.04, [INFO], robot5, {'y': 18.295, 'x': -35.615, 'yaw': -3.14}, None, None
270.04, [INFO], robot5, {'battery-level': '52.14'}, None, None
