0.00, [DEBUG], nurse, NURSE_CONFIG={'location': 'IC Room 2', 'position': [-38.0, 21.5, 0.0]}, None, None
0.00, [INFO], robot6, {'battery-level': '91.10'}, None, None
0.12, [DEBUG], logger, ROBOTS_CONFIG={'avg_speed': 0.15, 'battery_charge': 0.9109794326728246, 'battery_discharge_rate': 0.00038, 'id': 6, 'local_plan': [['navigation', ['IC Room 2', [[-33.9, 18.93, 3.14], [-37.0, 18.93], [-37.0, 21.5], [-38.0, 21.5, 0.0]]], 'navto_room'], ['approach_person', ['nurse'], 'approach_nurse'], ['authenticate_person', ['nurse'], 'authenticate_nurse'], ['operate_drawer', ['open'], 'open_drawer_for_nurse'], ['send_message', ['nurse'], 'notify_nurse_of_open_drawer_for_nurse_completed'], ['wait_message', ['nurse'], 'wait_nurse_to_complete_deposit'], ['operate_drawer', ['close'], 'close_drawer_nurse'], ['navigation', ['Laboratory', [[-38.0, 21.5, 0.0], [-37.0, 21.5], [-37.0, 16.0], [-26.0, 16.0], [-26.0, 13.0, 1.57]]], 'navto_lab'], ['approach_robot', ['lab_arm'], 'approach_arm'], ['operate_drawer', ['open'], 'open_drawer_lab'], ['send_message', ['lab_arm'], 'notify_lab_arm_of_open_drawer_lab_completed'], ['wait_message', ['lab_arm'], 'wait_lab_arm_to_complete_pick_up_sample'], ['operate_drawer', ['close'], 'close_drawer_lab']], 'location': 'IC Room 6', 'name': 'r6', 'position': [-33.9, 18.93, 3.14], 'skills': ['approach_person', 'approach_robot', 'authenticate_person', 'navigation', 'operate_drawer']}, None, None
0.12, [DEBUG], logger, Simulation open, None, None
10.06, [INFO], robot6, {'battery-level': '90.76'}, None, None
10.06, [INFO], robot6, {'y': 18.281, 'x': -34.419, 'yaw': -3.142}, None, None
20.02, [INFO], robot6, {'battery-level': '90.38'}, None, None
20.02, [INFO], robot6, {'y': 18.065, 'x': -36.259, 'yaw': 3.141}, None, None
30.07, [INFO], robot6, {'battery-level': '90.00'}, None, None
30.07, [INFO], robot6, {'y': 20.022, 'x': -36.87, 'yaw': 3.138}, None, None
40.04, [INFO], robot6, {'battery-level': '89.62'}, None, None
40.04, [INFO], robot6, {'y': 21.623, 'x': -37.789, 'yaw': 3.141}, None, None
50.01, [INFO], robot6, {'battery-level': '89.24'}, None, None
50.01, [INFO], robot6, {'y': 21.447, 'x': -38.093, 'yaw': -3.141}, None, None
54.77, [info], nurse, sync, received-request, (status=sending-request)
54.77, [info], nurse, sync, request-sent, (status=waiting)
54.87, [info], nurse, sync, wait-message, (status=message-received)
60.03, [INFO], robot6, {'battery-level': '88.86'}, None, None
60.03, [INFO], robot6, {'y': 21.211, 'x': -37.295, 'yaw': -3.142}, None, None
70.03, [INFO], robot6, {'battery-level': '88.48'}, None, None
70.03, [INFO], robot6, {'y': 19.105, 'x': -37.155, 'yaw': 3.141}, None, None
80.09, [INFO], robot6, {'battery-level': '88.10'}, None, None
80.09, [INFO], robot6, {'y': 16.985, 'x': -37.095, 'yaw': 3.14}, None, None
90.03, [INFO], robot6, {'y': 15.698, 'x': -35.809, 'yaw': 3.141}, None, None
90.03, [INFO], robot6, {'battery-level': '87.72'}, None, None
100.07, [INFO], robot6, {'y': 15.423, 'x': -33.711, 'yaw': -3.141}, None, None
100.07, [INFO], robot6, {'battery-level': '87.34'}, None, None
110.04, [INFO], robot6, {'y': 15.475, 'x': -31.607, 'yaw': -3.141}, None, None
110.04, [INFO], robot6, {'battery-level': '86.96'}, None, None
120.00, [INFO], robot6, {'battery-level': '86.58'}, None, None
120.00, [INFO], robot6, {'y': 15.687, 'x': -29.498, 'yaw': -3.142}, None, None
130.07, [INFO], robot6, {'y': 15.756, 'x': -27.368, 'yaw': 3.142}, None, None
130.07, [INFO], robot6, {'battery-level': '86.20'}, None, None
140.06, [INFO], robot6, {'battery-level': '85.82'}, None, None
140.06, [INFO], robot6, {'y': 14.665, 'x': -25.918, 'yaw': -3.142}, None, None
150.01, [INFO], robot6, {'battery-level': '85.44'}, None, None
150.01, [INFO], robot6, {'y': 12.952, 'x': -25.923, 'yaw': 3.141}, None, None
157.51, [info], lab_arm, sync, wait-message, (status=message-received)
158.43, [WARN], robot6, SUCCESS, None, None
160.06, [INFO], robot6, {'y': 12.901, 'x': -25.953, 'yaw': 3.142}, None, None
160.06, [INFO], robot6, {'battery-level': '85.06'}, None, None
