0.00, [DEBUG], nurse, NURSE_CONFIG={'location': 'IC Room 2', 'position': [-38.0, 21.5, 0.0]}, None, None
0.00, [INFO], robot5, {'battery-level': '72.58'}, None, None
0.00, [DEBUG], logger, ROBOTS_CONFIG={'avg_speed': 0.15, 'battery_charge': 0.7258412726774711, 'battery_discharge_rate': 0.00076, 'id': 5, 'local_plan': [['navigation', ['IC Room 2', [[-11.5, 18.0, -1.57], [-11.5, 16.0], [-37.0, 16.0], [-37.0, 21.5], [-38.0, 21.5, 0.0]]], 'navto_room'], ['approach_person', ['nurse'], 'approach_nurse'], ['authenticate_person', ['nurse'], 'authenticate_nurse'], ['operate_drawer', ['open'], 'open_drawer_for_nurse'], ['send_message', ['nurse'], 'notify_nurse_of_open_drawer_for_nurse_completed'], ['wait_message', ['nurse'], 'wait_nurse_to_complete_deposit'], ['operate_drawer', ['close'], 'close_drawer_nurse'], ['navigation', ['Laboratory', [[-38.0, 21.5, 0.0], [-37.0, 21.5], [-37.0, 16.0], [-26.0, 16.0], [-26.0, 13.0, 1.57]]], 'navto_lab'], ['approach_robot', ['lab_arm'], 'approach_arm'], ['operate_drawer', ['open'], 'open_drawer_lab'], ['send_message', ['lab_arm'], 'notify_lab_arm_of_open_drawer_lab_completed'], ['wait_message', ['lab_arm'], 'wait_lab_arm_to_complete_pick_up_sample'], ['operate_drawer', ['close'], 'close_drawer_lab']], 'location': 'PC Room 8', 'name': 'r5', 'position': [-11.5, 18.0, -1.57], 'skills': ['approach_person', 'approach_robot', 'authenticate_person', 'navigation', 'operate_drawer']}, None, None
0.00, [DEBUG], logger, Simulation open, None, None
10.02, [INFO], robot5, {'battery-level': '71.90'}, None, None
10.02, [INFO], robot5, {'y': 17.626, 'x': -11.574, 'yaw': -3.141}, None, None
20.03, [INFO], robot5, {'battery-level': '71.14'}, None, None
20.03, [INFO], robot5, {'y': 16.253, 'x': -12.756, 'yaw': 3.142}, None, None
30.02, [INFO], robot5, {'battery-level': '70.38'}, None, None
30.02, [INFO], robot5, {'y': 16.264, 'x': -13.167, 'yaw': -3.141}, None, None
40.09, [INFO], robot5, {'y': 16.171, 'x': -12.955, 'yaw': 3.142}, None, None
40.09, [INFO], robot5, {'battery-level': '69.62'}, None, None
50.07, [INFO], robot5, {'y': 16.29, 'x': -12.889, 'yaw': 3.141}, None, None
50.07, [INFO], robot5, {'battery-level': '68.86'}, None, None
60.05, [INFO], robot5, {'battery-level': '68.10'}, None, None
60.05, [INFO], robot5, {'y': 16.219, 'x': -13.018, 'yaw': -3.139}, None, None
70.09, [INFO], robot5, {'battery-level': '67.34'}, None, None
70.09, [INFO], robot5, {'y': 16.388, 'x': -13.077, 'yaw': -3.142}, None, None
80.02, [INFO], robot5, {'y': 16.068, 'x': -12.964, 'yaw': -3.141}, None, None
80.02, [INFO], robot5, {'battery-level': '66.58'}, None, None
90.09, [INFO], robot5, {'y': 16.118, 'x': -12.965, 'yaw': -3.142}, None, None
90.09, [INFO], robot5, {'battery-level': '65.82'}, None, None
100.08, [INFO], robot5, {'y': 16.273, 'x': -12.994, 'yaw': -3.141}, None, None
100.08, [INFO], robot5, {'battery-level': '65.06'}, None, None
110.06, [INFO], robot5, {'battery-level': '64.30'}, None, None
110.06, [INFO], robot5, {'y': 16.137, 'x': -12.986, 'yaw': 3.141}, None, None
120.01, [INFO], robot5, {'battery-level': '63.54'}, None, None
120.01, [INFO], robot5, {'y': 16.203, 'x': -12.834, 'yaw': 3.141}, None, None
130.03, [INFO], robot5, {'battery-level': '62.78'}, None, None
130.03, [INFO], robot5, {'y': 16.317, 'x': -13.032, 'yaw': 3.141}, None, None
140.00, [INFO], robot5, {'battery-level': '62.02'}, None, None
140.00, [INFO], robot5, {'y': 16.269, 'x': -12.953, 'yaw': 3.141}, None, None
150.00, [INFO], robot5, {'battery-level': '61.26'}, None, None
150.00, [INFO], robot5, {'y': 16.372, 'x': -13.025, 'yaw': 3.141}, None, None
160.07, [INFO], robot5, {'battery-level': '60.50'}, None, None
160.07, [INFO], robot5, {'y': 15.985, 'x': -12.886, 'yaw': 3.141}, None, None
165.91, [WARN], robot5, SKILL-FAILURE, navigation, navto_room
170.02, [INFO], robot5, {'battery-level': '59.74'}, None, None
170.02, [INFO], robot5, {'y': 16.132, 'x': -13.054, 'yaw': 3.142}, None, None
