0.00, [INFO], robot3, {'battery-level': '72.32'}, None, None
0.19, [DEBUG], logger, ROBOTS_CONFIG={'avg_speed': 0.15, 'battery_charge': 0.7232396784987936, 'battery_discharge_rate': 0.00064, 'id': 3, 'local_plan': [['navigation', ['IC Room 6', [[-38.0, 21.5, 0.0], [-37.0, 21.5], [-37.0, 18.93], [-33.9, 18.93, 3.14]]], 'navto_room'], ['approach_person', ['nurse'], 'approach_nurse'], ['authenticate_person', ['nurse'], 'authenticate_nurse'], ['operate_drawer', ['open'], 'open_drawer_for_nurse'], ['send_message', ['nurse'], 'notify_nurse_of_open_drawer_for_nurse_completed'], ['wait_message', ['nurse'], 'wait_nurse_to_complete_deposit'], ['operate_drawer', ['close'], 'close_drawer_nurse'], ['navigation', ['Laboratory', [[-33.9, 18.93, 3.14], [-37.0, 18.93], [-37.0, 16.0], [-26.0, 16.0], [-26.0, 13.0, 1.57]]], 'navto_lab'], ['approach_robot', ['lab_arm'], 'approach_arm'], ['operate_drawer', ['open'], 'open_drawer_lab'], ['send_message', ['lab_arm'], 'notify_lab_arm_of_open_drawer_lab_completed'], ['wait_message', ['lab_arm'], 'wait_lab_arm_to_complete_pick_up_sample'], ['operate_drawer', ['close'], 'close_drawer_lab']], 'location': 'IC Room 2', 'name': 'r3', 'position': [-38.0, 21.5, 0.0], 'skills': ['approach_person', 'approach_robot', 'authenticate_person', 'navigation', 'operate_drawer']}, None, None
0.19, [DEBUG], logger, Simulation open, None, None
10.08, [INFO], robot3, {'battery-level': '71.75'}, None, None
10.08, [INFO], robot3, {'y': 21.5, 'x': -38.0, 'yaw': -3.142}, None, None
20.02, [INFO], robot3, {'battery-level': '71.11'}, None, None
20.02, [INFO], robot3, {'y': 20.747, 'x': -37.117, 'yaw': -3.142}, None, None
30.05, [INFO], robot3, {'battery-level': '70.47'}, None, None
30.05, [INFO], robot3, {'y': 18.736, 'x': -36.627, 'yaw': 3.137}, None, None
40.09, [INFO], robot3, {'y': 17.764, 'x': -34.894, 'yaw': 3.142}, None, None
40.09, [INFO], robot3, {'battery-level': '69.83'}, None, None
50.05, [INFO], robot3, {'y': 18.932, 'x': -33.936, 'yaw': -3.142}, None, None
50.05, [INFO], robot3, {'battery-level': '69.19'}, None, None
55.79, [info], nurse, sync, received-request, (status=sending-request)
55.79, [info], nurse, sync, request-sent, (status=waiting)
55.79, [info], nurse, sync, wait-message, (status=message-received)
60.05, [INFO], robot3, {'battery-level': '68.55'}, None, None
60.05, [INFO], robot3, {'y': 18.552, 'x': -34.372, 'yaw': 3.142}, None, None
70.08, [INFO], robot3, {'battery-level': '67.91'}, None, None
70.08, [INFO], robot3, {'y': 17.981, 'x': -36.102, 'yaw': -3.142}, None, None
80.06, [INFO], robot3, {'battery-level': '67.27'}, None, None
80.06, [INFO], robot3, {'y': 18.014, 'x': -36.151, 'yaw': -3.142}, None, None
90.05, [INFO], robot3, {'y': 18.014, 'x': -36.151, 'yaw': 3.141}, None, None
90.05, [INFO], robot3, {'battery-level': '66.63'}, None, None
100.07, [INFO], robot3, {'y': 17.345, 'x': -36.807, 'yaw': 3.14}, None, None
100.07, [INFO], robot3, {'battery-level': '65.99'}, None, None
110.08, [INFO], robot3, {'battery-level': '65.35'}, None, None
110.08, [INFO], robot3, {'y': 17.398, 'x': -36.893, 'yaw': 3.14}, None, None
120.07, [INFO], robot3, {'battery-level': '64.71'}, None, None
120.07, [INFO], robot3, {'y': 17.422, 'x': -36.87, 'yaw': -3.142}, None, None
130.07, [INFO], robot3, {'y': 17.463, 'x': -36.978, 'yaw': 3.141}, None, None
130.07, [INFO], robot3, {'battery-level': '64.07'}, None, None
140.08, [INFO], robot3, {'battery-level': '63.43'}, None, None
140.08, [INFO], robot3, {'y': 17.203, 'x': -37.096, 'yaw': 3.142}, None, None
150.03, [INFO], robot3, {'battery-level': '62.79'}, None, None
150.03, [INFO], robot3, {'y': 17.249, 'x': -37.082, 'yaw': -3.141}, None, None
160.07, [INFO], robot3, {'battery-level': '62.15'}, None, None
160.07, [INFO], robot3, {'y': 17.123, 'x': -36.876, 'yaw': -3.142}, None, None
170.01, [INFO], robot3, {'y': 17.435, 'x': -37.035, 'yaw': -3.142}, None, None
170.01, [INFO], robot3, {'battery-level': '61.51'}, None, None
180.04, [INFO], robot3, {'y': 17.255, 'x': -36.875, 'yaw': 3.14}, None, None
180.04, [INFO], robot3, {'battery-level': '60.87'}, None, None
190.08, [INFO], robot3, {'battery-level': '60.23'}, None, None
190.08, [INFO], robot3, {'y': 17.491, 'x': -37.069, 'yaw': 3.142}, None, None
200.03, [INFO], robot3, {'y': 17.431, 'x': -36.932, 'yaw': 3.142}, None, None
200.03, [INFO], robot3, {'battery-level': '59.59'}, None, None
210.01, [INFO], robot3, {'y': 17.283, 'x': -36.818, 'yaw': -3.141}, None, None
210.01, [INFO], robot3, {'battery-level': '58.95'}, None, None
220.06, [INFO], robot3, {'battery-level': '58.31'}, None, None
220.06, [INFO], robot3, {'y': 17.212, 'x': -36.796, 'yaw': -3.142}, None, None
230.07, [INFO], robot3, {'y': 17.157, 'x': -37.013, 'yaw': 3.141}, None, None
230.07, [INFO], robot3, {'battery-level': '57.67'}, None, None
237.27, [WARN], robot3, SKILL-FAILURE, navigation, navto_lab
240.07, [INFO], robot3, {'battery-level': '57.03'}, None, None
240.07, [INFO], robot3, {'y': 17.246, 'x': -36.972, 'yaw': -3.142}, None, None
