0.00, [DEBUG], nurse, NURSE_CONFIG={'location': 'IC Room 2', 'position': [-38.0, 21.5, 0.0]}, None, None
0.19, [DEBUG], logger, ROBOTS_CONFIG={'avg_speed': 0.15, 'battery_charge': 0.7258412726774711, 'battery_discharge_rate': 0.00076, 'id': 5, 'local_plan': [['navigation', ['IC Room 2', [[-11.5, 18.0, -1.57], [-11.5, 16.0], [-37.0, 16.0], [-37.0, 21.5], [-38.0, 21.5, 0.0]]], 'navto_room'], ['approach_person', ['nurse'], 'approach_nurse'], ['authenticate_person', ['nurse'], 'authenticate_nurse'], ['operate_drawer', ['open'], 'open_drawer_for_nurse'], ['send_message', ['nurse'], 'notify_nurse_of_open_drawer_for_nurse_completed'], ['wait_message', ['nurse'], 'wait_nurse_to_complete_deposit'], ['operate_drawer', ['close'], 'close_drawer_nurse'], ['navigation', ['Laboratory', [[-38.0, 21.5, 0.0], [-37.0, 21.5], [-37.0, 16.0], [-26.0, 16.0], [-26.0, 13.0, 1.57]]], 'navto_lab'], ['approach_robot', ['lab_arm'], 'approach_arm'], ['operate_drawer', ['open'], 'open_drawer_lab'], ['send_message', ['lab_arm'], 'notify_lab_arm_of_open_drawer_lab_completed'], ['wait_message', ['lab_arm'], 'wait_lab_arm_to_complete_pick_up_sample'], ['operate_drawer', ['close'], 'close_drawer_lab']], 'location': 'PC Room 8', 'name': 'r5', 'position': [-11.5, 18.0, -1.57], 'skills': ['approach_person', 'approach_robot', 'authenticate_person', 'navigation', 'operate_drawer']}, None, None
0.19, [DEBUG], logger, Simulation open, None, None
10.04, [INFO], robot5, {'y': 18.0, 'x': -11.5, 'yaw': -3.142}, None, None
10.04, [INFO], robot5, {'battery-level': '71.90'}, None, None
20.00, [INFO], robot5, {'battery-level': '71.14'}, None, None
20.00, [INFO], robot5, {'y': 16.51, 'x': -11.861, 'yaw': 3.139}, None, None
30.03, [INFO], robot5, {'battery-level': '70.38'}, None, None
30.03, [INFO], robot5, {'y': 16.283, 'x': -13.918, 'yaw': 3.142}, None, None
40.02, [INFO], robot5, {'y': 16.159, 'x': -16.034, 'yaw': 3.142}, None, None
40.02, [INFO], robot5, {'battery-level': '69.62'}, None, None
50.06, [INFO], robot5, {'battery-level': '68.86'}, None, None
50.06, [INFO], robot5, {'y': 16.147, 'x': -18.173, 'yaw': 3.141}, None, None
60.05, [INFO], robot5, {'battery-level': '68.10'}, None, None
60.05, [INFO], robot5, {'y': 16.287, 'x': -20.279, 'yaw': 3.141}, None, None
70.05, [INFO], robot5, {'y': 16.279, 'x': -22.387, 'yaw': 3.142}, None, None
70.05, [INFO], robot5, {'battery-level': '67.34'}, None, None
80.01, [INFO], robot5, {'battery-level': '66.58'}, None, None
80.01, [INFO], robot5, {'y': 16.139, 'x': -24.479, 'yaw': 3.141}, None, None
90.03, [INFO], robot5, {'y': 16.144, 'x': -26.593, 'yaw': 3.14}, None, None
90.03, [INFO], robot5, {'battery-level': '65.82'}, None, None
100.03, [INFO], robot5, {'y': 16.213, 'x': -28.7, 'yaw': 3.142}, None, None
100.03, [INFO], robot5, {'battery-level': '65.06'}, None, None
110.05, [INFO], robot5, {'y': 16.12, 'x': -30.818, 'yaw': -3.142}, None, None
110.05, [INFO], robot5, {'battery-level': '64.30'}, None, None
120.04, [INFO], robot5, {'battery-level': '63.54'}, None, None
120.04, [INFO], robot5, {'y': 15.763, 'x': -32.915, 'yaw': -3.141}, None, None
130.07, [INFO], robot5, {'battery-level': '62.78'}, None, None
130.07, [INFO], robot5, {'y': 15.422, 'x': -35.02, 'yaw': -3.141}, None, None
140.03, [INFO], robot5, {'battery-level': '62.02'}, None, None
140.03, [INFO], robot5, {'y': 16.156, 'x': -36.833, 'yaw': 3.142}, None, None
150.00, [INFO], robot5, {'battery-level': '61.26'}, None, None
150.00, [INFO], robot5, {'y': 18.251, 'x': -36.743, 'yaw': -3.142}, None, None
160.00, [INFO], robot5, {'y': 20.369, 'x': -36.855, 'yaw': 3.141}, None, None
160.00, [INFO], robot5, {'battery-level': '60.50'}, None, None
170.00, [INFO], robot5, {'battery-level': '59.74'}, None, None
170.00, [INFO], robot5, {'y': 21.514, 'x': -37.975, 'yaw': 3.14}, None, None
180.04, [INFO], robot5, {'battery-level': '58.98'}, None, None
180.04, [INFO], robot5, {'y': 21.454, 'x': -38.046, 'yaw': -3.142}, None, None
180.39, [info], nurse, sync, received-request, (status=sending-request)
180.39, [info], nurse, sync, request-sent, (status=waiting)
180.39, [info], nurse, sync, wait-message, (status=message-received)
190.03, [INFO], robot5, {'battery-level': '58.22'}, None, None
190.03, [INFO], robot5, {'y': 20.314, 'x': -37.175, 'yaw': -3.138}, None, None
200.05, [INFO], robot5, {'battery-level': '57.46'}, None, None
200.05, [INFO], robot5, {'y': 18.193, 'x': -37.098, 'yaw': 3.141}, None, None
210.07, [INFO], robot5, {'battery-level': '56.70'}, None, None
210.07, [INFO], robot5, {'y': 16.179, 'x': -36.792, 'yaw': 3.141}, None, None
220.00, [INFO], robot5, {'y': 15.473, 'x': -34.782, 'yaw': 3.142}, None, None
220.00, [INFO], robot5, {'battery-level': '55.94'}, None, None
230.06, [INFO], robot5, {'y': 15.46, 'x': -32.636, 'yaw': 3.141}, None, None
230.06, [INFO], robot5, {'battery-level': '55.18'}, None, None
240.04, [INFO], robot5, {'battery-level': '54.42'}, None, None
240.04, [INFO], robot5, {'y': 15.566, 'x': -30.525, 'yaw': 3.141}, None, None
250.04, [INFO], robot5, {'battery-level': '53.66'}, None, None
250.04, [INFO], robot5, {'y': 15.71, 'x': -28.428, 'yaw': -3.141}, None, None
260.02, [INFO], robot5, {'battery-level': '52.90'}, None, None
260.02, [INFO], robot5, {'y': 15.689, 'x': -26.345, 'yaw': -3.137}, None, None
270.07, [INFO], robot5, {'battery-level': '52.14'}, None, None
270.07, [INFO], robot5, {'y': 13.643, 'x': -25.765, 'yaw': 3.141}, None, None
280.08, [INFO], robot5, {'y': 12.917, 'x': -25.962, 'yaw': -3.142}, None, None
280.08, [INFO], robot5, {'battery-level': '51.38'}, None, None
281.38, [info], lab_arm, sync, wait-message, (status=message-received)
282.27, [WARN], robot5, SUCCESS, None, None
290.07, [INFO], robot5, {'battery-level': '50.62'}, None, None
290.07, [INFO], robot5, {'y': 12.915, 'x': -25.96, 'yaw': -3.142}, None, None
