0.00, [INFO], robot6, {'battery-level': '91.10'}, None, None
0.18, [DEBUG], logger, ROBOTS_CONFIG={'avg_speed': 0.15, 'battery_charge': 0.9109794326728246, 'battery_discharge_rate': 0.00038, 'id': 6, 'local_plan': [['navigation', ['IC Room 2', [[-33.9, 18.93, 3.14], [-37.0, 18.93], [-37.0, 21.5], [-38.0, 21.5, 0.0]]], 'navto_room'], ['approach_person', ['nurse'], 'approach_nurse'], ['authenticate_person', ['nurse'], 'authenticate_nurse'], ['operate_drawer', ['open'], 'open_drawer_for_nurse'], ['send_message', ['nurse'], 'notify_nurse_of_open_drawer_for_nurse_completed'], ['wait_message', ['nurse'], 'wait_nurse_to_complete_deposit'], ['operate_drawer', ['close'], 'close_drawer_nurse'], ['navigation', ['Laboratory', [[-38.0, 21.5, 0.0], [-37.0, 21.5], [-37.0, 16.0], [-26.0, 16.0], [-26.0, 13.0, 1.57]]], 'navto_lab'], ['approach_robot', ['lab_arm'], 'approach_arm'], ['operate_drawer', ['open'], 'open_drawer_lab'], ['send_message', ['lab_arm'], 'notify_lab_arm_of_open_drawer_lab_completed'], ['wait_message', ['lab_arm'], 'wait_lab_arm_to_complete_pick_up_sample'], ['operate_drawer', ['close'], 'close_drawer_lab']], 'location': 'IC Room 6', 'name': 'r6', 'position': [-33.9, 18.93, 3.14], 'skills': ['approach_person', 'approach_robot', 'authenticate_person', 'navigation', 'operate_drawer']}, None, None
0.18, [DEBUG], logger, Simulation open, None, None
10.01, [INFO], robot6, {'battery-level': '90.76'}, None, None
10.01, [INFO], robot6, {'y': 18.93, 'x': -33.9, 'yaw': 3.142}, None, None
20.05, [INFO], robot6, {'y': 18.705, 'x': -33.944, 'yaw': -3.141}, None, None
20.05, [INFO], robot6, {'battery-level': '90.38'}, None, None
30.02, [INFO], robot6, {'battery-level': '90.00'}, None, None
30.02, [INFO], robot6, {'y': 17.762, 'x': -35.707, 'yaw': -3.141}, None, None
40.00, [INFO], robot6, {'y': 19.365, 'x': -36.841, 'yaw': 3.142}, None, None
40.00, [INFO], robot6, {'battery-level': '89.62'}, None, None
50.07, [INFO], robot6, {'battery-level': '89.24'}, None, None
50.07, [INFO], robot6, {'y': 21.421, 'x': -37.22, 'yaw': 3.142}, None, None
60.02, [INFO], robot6, {'y': 21.472, 'x': -38.083, 'yaw': -3.141}, None, None
60.02, [INFO], robot6, {'battery-level': '88.86'}, None, None
65.51, [info], nurse, sync, received-request, (status=sending-request)
65.51, [info], nurse, sync, request-sent, (status=waiting)
65.60, [info], nurse, sync, wait-message, (status=message-received)
70.08, [INFO], robot6, {'battery-level': '88.48'}, None, None
70.08, [INFO], robot6, {'y': 21.307, 'x': -37.366, 'yaw': -3.141}, None, None
80.00, [INFO], robot6, {'battery-level': '88.10'}, None, None
80.00, [INFO], robot6, {'y': 19.251, 'x': -37.168, 'yaw': 3.142}, None, None
90.03, [INFO], robot6, {'battery-level': '87.72'}, None, None
90.03, [INFO], robot6, {'y': 17.126, 'x': -37.089, 'yaw': 3.141}, None, None
100.07, [INFO], robot6, {'battery-level': '87.34'}, None, None
100.07, [INFO], robot6, {'y': 15.82, 'x': -35.84, 'yaw': 3.138}, None, None
110.02, [INFO], robot6, {'battery-level': '86.96'}, None, None
110.02, [INFO], robot6, {'y': 15.378, 'x': -33.764, 'yaw': 3.142}, None, None
120.05, [INFO], robot6, {'battery-level': '86.58'}, None, None
120.05, [INFO], robot6, {'y': 15.568, 'x': -31.637, 'yaw': 3.141}, None, None
130.01, [INFO], robot6, {'y': 15.672, 'x': -29.539, 'yaw': 3.141}, None, None
130.01, [INFO], robot6, {'battery-level': '86.20'}, None, None
140.06, [INFO], robot6, {'battery-level': '85.82'}, None, None
140.06, [INFO], robot6, {'y': 15.716, 'x': -27.422, 'yaw': -3.142}, None, None
150.03, [INFO], robot6, {'battery-level': '85.44'}, None, None
150.03, [INFO], robot6, {'y': 14.73, 'x': -25.886, 'yaw': 3.141}, None, None
160.06, [INFO], robot6, {'battery-level': '85.06'}, None, None
160.06, [INFO], robot6, {'y': 12.924, 'x': -25.909, 'yaw': 3.141}, None, None
168.26, [info], lab_arm, sync, wait-message, (status=message-received)
169.19, [WARN], robot6, SUCCESS, None, None
170.00, [INFO], robot6, {'y': 12.852, 'x': -25.955, 'yaw': -3.142}, None, None
170.00, [INFO], robot6, {'battery-level': '84.68'}, None, None
