10.03, [INFO], robot4, {'battery-level': '48.40'}, None, None
10.03, [INFO], robot4, {'y': 33.964, 'x': -39.287, 'yaw': 3.141}, None, None
20.03, [INFO], robot4, {'battery-level': '48.14'}, None, None
20.03, [INFO], robot4, {'y': 34.393, 'x': -37.337, 'yaw': -3.142}, None, None
30.07, [INFO], robot4, {'battery-level': '47.88'}, None, None
30.07, [INFO], robot4, {'y': 32.343, 'x': -37.04, 'yaw': 3.141}, None, None
40.01, [INFO], robot4, {'battery-level': '47.62'}, None, None
40.01, [INFO], robot4, {'y': 30.252, 'x': -37.047, 'yaw': 3.14}, None, None
50.02, [INFO], robot4, {'y': 28.134, 'x': -36.997, 'yaw': 3.14}, None, None
50.02, [INFO], robot4, {'battery-level': '47.36'}, None, None
60.04, [INFO], robot4, {'battery-level': '47.10'}, None, None
60.04, [INFO], robot4, {'y': 26.022, 'x': -37.039, 'yaw': -3.14}, None, None
70.05, [INFO], robot4, {'battery-level': '46.84'}, None, None
70.05, [INFO], robot4, {'y': 23.909, 'x': -37.04, 'yaw': 3.141}, None, None
80.02, [INFO], robot4, {'y': 21.816, 'x': -37.159, 'yaw': 3.14}, None, None
80.02, [INFO], robot4, {'battery-level': '46.58'}, None, None
90.03, [INFO], robot4, {'y': 19.7, 'x': -37.102, 'yaw': 3.142}, None, None
90.03, [INFO], robot4, {'battery-level': '46.32'}, None, None
100.08, [INFO], robot4, {'battery-level': '46.06'}, None, None
100.08, [INFO], robot4, {'y': 17.932, 'x': -35.988, 'yaw': -3.142}, None, None
110.04, [INFO], robot4, {'battery-level': '45.80'}, None, None
110.04, [INFO], robot4, {'y': 18.45, 'x': -34.234, 'yaw': 3.142}, None, None
120.05, [INFO], robot4, {'y': 18.96, 'x': -33.931, 'yaw': -3.142}, None, None
120.05, [INFO], robot4, {'battery-level': '45.54'}, None, None
121.41, [info], nurse, sync, received-request, (status=sending-request)
121.41, [info], nurse, sync, request-sent, (status=waiting)
121.41, [info], nurse, sync, wait-message, (status=message-received)
130.07, [INFO], robot4, {'battery-level': '45.28'}, None, None
130.07, [INFO], robot4, {'y': 17.883, 'x': -34.968, 'yaw': -3.142}, None, None
140.03, [INFO], robot4, {'battery-level': '45.02'}, None, None
140.03, [INFO], robot4, {'y': 18.131, 'x': -36.36, 'yaw': -3.14}, None, None
150.02, [INFO], robot4, {'y': 17.343, 'x': -36.85, 'yaw': 3.141}, None, None
150.02, [INFO], robot4, {'battery-level': '44.76'}, None, None
160.08, [INFO], robot4, {'y': 17.186, 'x': -37.12, 'yaw': 3.141}, None, None
160.08, [INFO], robot4, {'battery-level': '44.50'}, None, None
170.06, [INFO], robot4, {'y': 17.202, 'x': -36.913, 'yaw': 3.141}, None, None
170.06, [INFO], robot4, {'battery-level': '44.24'}, None, None
180.03, [INFO], robot4, {'battery-level': '43.98'}, None, None
180.03, [INFO], robot4, {'y': 17.478, 'x': -36.893, 'yaw': 3.141}, None, None
190.02, [INFO], robot4, {'battery-level': '43.72'}, None, None
190.02, [INFO], robot4, {'y': 17.487, 'x': -36.933, 'yaw': 3.142}, None, None
200.08, [INFO], robot4, {'battery-level': '43.46'}, None, None
200.08, [INFO], robot4, {'y': 17.391, 'x': -36.926, 'yaw': -3.142}, None, None
210.08, [INFO], robot4, {'battery-level': '43.20'}, None, None
210.08, [INFO], robot4, {'y': 17.395, 'x': -36.922, 'yaw': 3.142}, None, None
220.01, [INFO], robot4, {'battery-level': '42.94'}, None, None
220.01, [INFO], robot4, {'y': 17.194, 'x': -36.56, 'yaw': -3.142}, None, None
230.03, [INFO], robot4, {'battery-level': '42.68'}, None, None
230.03, [INFO], robot4, {'y': 17.365, 'x': -36.918, 'yaw': -3.142}, None, None
240.01, [INFO], robot4, {'y': 17.333, 'x': -36.932, 'yaw': 3.14}, None, None
240.01, [INFO], robot4, {'battery-level': '42.42'}, None, None
250.08, [INFO], robot4, {'battery-level': '42.16'}, None, None
250.08, [INFO], robot4, {'y': 17.371, 'x': -36.92, 'yaw': 3.142}, None, None
260.01, [INFO], robot4, {'y': 17.374, 'x': -36.92, 'yaw': -3.142}, None, None
260.01, [INFO], robot4, {'battery-level': '41.90'}, None, None
270.07, [INFO], robot4, {'y': 17.252, 'x': -36.822, 'yaw': -3.142}, None, None
270.07, [INFO], robot4, {'battery-level': '41.64'}, None, None
280.06, [INFO], robot4, {'y': 17.464, 'x': -37.059, 'yaw': 3.141}, None, None
280.06, [INFO], robot4, {'battery-level': '41.38'}, None, None
290.04, [INFO], robot4, {'battery-level': '41.12'}, None, None
290.04, [INFO], robot4, {'y': 17.38, 'x': -36.893, 'yaw': 3.142}, None, None
300.02, [INFO], robot4, {'battery-level': '40.86'}, None, None
300.02, [INFO], robot4, {'y': 17.634, 'x': -36.793, 'yaw': 3.141}, None, None
310.07, [INFO], robot4, {'battery-level': '40.60'}, None, None
310.07, [INFO], robot4, {'y': 17.222, 'x': -36.806, 'yaw': -3.142}, None, None
313.23, [WARN], robot4, SKILL-FAILURE, navigation, navto_lab
320.06, [INFO], robot4, {'y': 17.397, 'x': -37.033, 'yaw': -3.142}, None, None
320.06, [INFO], robot4, {'battery-level': '40.34'}, None, None
