0.00, [DEBUG], nurse, NURSE_CONFIG={'location': 'IC Room 6', 'position': [-33.9, 18.93, 3.14]}, None, None
0.00, [INFO], robot5, {'battery-level': '72.58'}, None, None
0.00, [DEBUG], logger, ROBOTS_CONFIG={'avg_speed': 0.15, 'battery_charge': 0.7258412726774711, 'battery_discharge_rate': 0.00042, 'id': 5, 'local_plan': [['navigation', ['IC Room 6', [[-13.5, 18.0, -1.57], [-13.5, 16.0], [-37.0, 16.0], [-37.0, 18.93], [-33.9, 18.93, 3.14]]], 'navto_room'], ['approach_person', ['nurse'], 'approach_nurse'], ['authenticate_person', ['nurse'], 'authenticate_nurse'], ['operate_drawer', ['open'], 'open_drawer_for_nurse'], ['send_message', ['nurse'], 'notify_nurse_of_open_drawer_for_nurse_completed'], ['wait_message', ['nurse'], 'wait_nurse_to_complete_deposit'], ['operate_drawer', ['close'], 'close_drawer_nurse'], ['navigation', ['Laboratory', [[-33.9, 18.93, 3.14], [-37.0, 18.93], [-37.0, 16.0], [-26.0, 16.0], [-26.0, 13.0, 1.57]]], 'navto_lab'], ['approach_robot', ['lab_arm'], 'approach_arm'], ['operate_drawer', ['open'], 'open_drawer_lab'], ['send_message', ['lab_arm'], 'notify_lab_arm_of_open_drawer_lab_completed'], ['wait_message', ['lab_arm'], 'wait_lab_arm_to_complete_pick_up_sample'], ['operate_drawer', ['close'], 'close_drawer_lab']], 'location': 'PC Room 7', 'name': 'r5', 'position': [-13.5, 18.0, -1.57], 'skills': ['approach_person', 'authenticate_person', 'navigation', 'operate_drawer']}, None, None
0.00, [DEBUG], logger, Simulation open, None, None
10.02, [INFO], robot5, {'battery-level': '72.21'}, None, None
10.02, [INFO], robot5, {'y': 17.227, 'x': -13.497, 'yaw': 3.142}, None, None
20.06, [INFO], robot5, {'y': 16.03, 'x': -14.619, 'yaw': -3.141}, None, None
20.06, [INFO], robot5, {'battery-level': '71.79'}, None, None
30.09, [INFO], robot5, {'y': 15.918, 'x': -16.737, 'yaw': 3.141}, None, None
30.09, [INFO], robot5, {'battery-level': '71.37'}, None, None
40.05, [INFO], robot5, {'battery-level': '70.95'}, None, None
40.05, [INFO], robot5, {'y': 16.018, 'x': -18.828, 'yaw': 3.139}, None, None
50.08, [INFO], robot5, {'battery-level': '70.53'}, None, None
50.08, [INFO], robot5, {'y': 16.183, 'x': -20.949, 'yaw': -3.141}, None, None
60.02, [INFO], robot5, {'y': 16.116, 'x': -23.042, 'yaw': -3.142}, None, None
60.02, [INFO], robot5, {'battery-level': '70.11'}, None, None
70.05, [INFO], robot5, {'battery-level': '69.69'}, None, None
70.05, [INFO], robot5, {'y': 16.089, 'x': -25.156, 'yaw': 3.14}, None, None
80.01, [INFO], robot5, {'battery-level': '69.27'}, None, None
80.01, [INFO], robot5, {'y': 16.092, 'x': -27.256, 'yaw': 3.142}, None, None
90.05, [INFO], robot5, {'battery-level': '68.85'}, None, None
90.05, [INFO], robot5, {'y': 16.171, 'x': -29.375, 'yaw': 3.142}, None, None
100.09, [INFO], robot5, {'battery-level': '68.43'}, None, None
100.09, [INFO], robot5, {'y': 16.023, 'x': -31.488, 'yaw': 3.141}, None, None
110.06, [INFO], robot5, {'y': 15.62, 'x': -33.58, 'yaw': -3.141}, None, None
110.06, [INFO], robot5, {'battery-level': '68.01'}, None, None
120.08, [INFO], robot5, {'battery-level': '67.59'}, None, None
120.08, [INFO], robot5, {'y': 15.548, 'x': -35.689, 'yaw': -3.142}, None, None
130.03, [INFO], robot5, {'y': 16.858, 'x': -36.696, 'yaw': -3.142}, None, None
130.03, [INFO], robot5, {'battery-level': '67.17'}, None, None
140.07, [INFO], robot5, {'y': 17.646, 'x': -36.708, 'yaw': -3.142}, None, None
140.07, [INFO], robot5, {'battery-level': '66.75'}, None, None
150.09, [INFO], robot5, {'battery-level': '66.33'}, None, None
150.09, [INFO], robot5, {'y': 17.834, 'x': -36.33, 'yaw': -3.142}, None, None
160.02, [INFO], robot5, {'battery-level': '65.91'}, None, None
160.02, [INFO], robot5, {'y': 18.409, 'x': -35.679, 'yaw': -3.139}, None, None
170.07, [INFO], robot5, {'battery-level': '65.49'}, None, None
170.07, [INFO], robot5, {'y': 18.367, 'x': -35.709, 'yaw': 3.137}, None, None
180.03, [INFO], robot5, {'y': 18.453, 'x': -35.68, 'yaw': -3.139}, None, None
180.03, [INFO], robot5, {'battery-level': '65.07'}, None, None
189.11, [WARN], robot5, SKILL-FAILURE, navigation, navto_room
190.03, [INFO], robot5, {'battery-level': '64.65'}, None, None
190.03, [INFO], robot5, {'y': 18.471, 'x': -35.707, 'yaw': 3.142}, None, None
