0.00, [DEBUG], nurse, NURSE_CONFIG={'location': 'IC Room 2', 'position': [-38.0, 21.5, 0.0]}, None, None
0.13, [DEBUG], logger, ROBOTS_CONFIG={'avg_speed': 0.15, 'battery_charge': 0.4863040833267539, 'battery_discharge_rate': 0.00026000000000000003, 'id': 4, 'local_plan': [['navigation', ['IC Room 2', [[-32.88, 33.98, 3.14], [-37.0, 33.98], [-37.0, 21.5], [-38.0, 21.5, 0.0]]], 'navto_room'], ['approach_person', ['nurse'], 'approach_nurse'], ['authenticate_person', ['nurse'], 'authenticate_nurse'], ['operate_drawer', ['open'], 'open_drawer_for_nurse'], ['send_message', ['nurse'], 'notify_nurse_of_open_drawer_for_nurse_completed'], ['wait_message', ['nurse'], 'wait_nurse_to_complete_deposit'], ['operate_drawer', ['close'], 'close_drawer_nurse'], ['navigation', ['Laboratory', [[-38.0, 21.5, 0.0], [-37.0, 21.5], [-37.0, 16.0], [-26.0, 16.0], [-26.0, 13.0, 1.57]]], 'navto_lab'], ['approach_robot', ['lab_arm'], 'approach_arm'], ['operate_drawer', ['open'], 'open_drawer_lab'], ['send_message', ['lab_arm'], 'notify_lab_arm_of_open_drawer_lab_completed'], ['wait_message', ['lab_arm'], 'wait_lab_arm_to_complete_pick_up_sample'], ['operate_drawer', ['close'], 'close_drawer_lab']], 'location': 'IC Room 5', 'name': 'r4', 'position': [-32.88, 33.98, 3.14], 'skills': ['approach_person', 'approach_robot', 'authenticate_person', 'navigation', 'operate_drawer']}, None, None
0.13, [DEBUG], logger, Simulation open, None, None
10.01, [INFO], robot4, {'y': 34.296, 'x': -33.652, 'yaw': -3.141}, None, None
10.01, [INFO], robot4, {'battery-level': '48.40'}, None, None
20.08, [INFO], robot4, {'battery-level': '48.14'}, None, None
20.08, [INFO], robot4, {'y': 34.69, 'x': -35.729, 'yaw': -3.142}, None, None
30.06, [INFO], robot4, {'battery-level': '47.88'}, None, None
30.06, [INFO], robot4, {'y': 33.201, 'x': -36.836, 'yaw': -3.141}, None, None
40.04, [INFO], robot4, {'battery-level': '47.62'}, None, None
40.04, [INFO], robot4, {'y': 31.101, 'x': -36.845, 'yaw': -3.142}, None, None
50.04, [INFO], robot4, {'battery-level': '47.36'}, None, None
50.04, [INFO], robot4, {'y': 28.992, 'x': -36.876, 'yaw': -3.141}, None, None
60.03, [INFO], robot4, {'battery-level': '47.10'}, None, None
60.03, [INFO], robot4, {'y': 26.887, 'x': -36.89, 'yaw': 3.14}, None, None
70.05, [INFO], robot4, {'y': 24.766, 'x': -36.901, 'yaw': 3.14}, None, None
70.05, [INFO], robot4, {'battery-level': '46.84'}, None, None
80.06, [INFO], robot4, {'battery-level': '46.58'}, None, None
80.06, [INFO], robot4, {'y': 22.655, 'x': -36.984, 'yaw': 3.14}, None, None
90.08, [INFO], robot4, {'battery-level': '46.32'}, None, None
90.08, [INFO], robot4, {'y': 21.42, 'x': -37.974, 'yaw': -3.142}, None, None
100.02, [INFO], robot4, {'battery-level': '46.06'}, None, None
100.02, [INFO], robot4, {'y': 21.469, 'x': -38.067, 'yaw': -3.136}, None, None
103.83, [info], nurse, sync, received-request, (status=sending-request)
103.83, [info], nurse, sync, request-sent, (status=waiting)
103.83, [info], nurse, sync, wait-message, (status=message-received)
110.05, [INFO], robot4, {'battery-level': '45.80'}, None, None
110.05, [INFO], robot4, {'y': 21.15, 'x': -37.226, 'yaw': 3.141}, None, None
120.07, [INFO], robot4, {'battery-level': '45.54'}, None, None
120.07, [INFO], robot4, {'y': 19.031, 'x': -37.104, 'yaw': -3.142}, None, None
130.02, [INFO], robot4, {'battery-level': '45.28'}, None, None
130.02, [INFO], robot4, {'y': 16.936, 'x': -37.095, 'yaw': 3.141}, None, None
140.06, [INFO], robot4, {'y': 15.666, 'x': -35.698, 'yaw': 3.142}, None, None
140.06, [INFO], robot4, {'battery-level': '45.02'}, None, None
150.01, [INFO], robot4, {'battery-level': '44.76'}, None, None
150.01, [INFO], robot4, {'y': 15.419, 'x': -33.628, 'yaw': -3.141}, None, None
160.03, [INFO], robot4, {'battery-level': '44.50'}, None, None
160.03, [INFO], robot4, {'y': 15.498, 'x': -31.514, 'yaw': 3.142}, None, None
170.06, [INFO], robot4, {'battery-level': '44.24'}, None, None
170.06, [INFO], robot4, {'y': 15.678, 'x': -29.405, 'yaw': 3.141}, None, None
180.03, [INFO], robot4, {'y': 15.786, 'x': -27.287, 'yaw': -3.142}, None, None
180.03, [INFO], robot4, {'battery-level': '43.98'}, None, None
190.01, [INFO], robot4, {'battery-level': '43.72'}, None, None
190.01, [INFO], robot4, {'y': 14.744, 'x': -25.859, 'yaw': 3.142}, None, None
200.03, [INFO], robot4, {'battery-level': '43.46'}, None, None
200.03, [INFO], robot4, {'y': 12.923, 'x': -25.918, 'yaw': 3.142}, None, None
210.03, [INFO], robot4, {'y': 12.835, 'x': -25.994, 'yaw': -3.142}, None, None
210.03, [INFO], robot4, {'battery-level': '43.20'}, None, None
212.66, [info], lab_arm, sync, wait-message, (status=message-received)
213.56, [WARN], robot4, SUCCESS, None, None
