0.00, [DEBUG], nurse, NURSE_CONFIG={'location': 'IC Room 2', 'position': [-38.0, 21.5, 0.0]}, None, None
0.13, [DEBUG], logger, ROBOTS_CONFIG={'avg_speed': 0.15, 'battery_charge': 0.7232396784987936, 'battery_discharge_rate': 0.0004, 'id': 3, 'local_plan': [['navigation', ['IC Room 2', [[-13.5, 18.0, -1.57], [-13.5, 16.0], [-37.0, 16.0], [-37.0, 21.5], [-38.0, 21.5, 0.0]]], 'navto_room'], ['approach_person', ['nurse'], 'approach_nurse'], ['authenticate_person', ['nurse'], 'authenticate_nurse'], ['operate_drawer', ['open'], 'open_drawer_for_nurse'], ['send_message', ['nurse'], 'notify_nurse_of_open_drawer_for_nurse_completed'], ['wait_message', ['nurse'], 'wait_nurse_to_complete_deposit'], ['operate_drawer', ['close'], 'close_drawer_nurse'], ['navigation', ['Laboratory', [[-38.0, 21.5, 0.0], [-37.0, 21.5], [-37.0, 16.0], [-26.0, 16.0], [-26.0, 13.0, 1.57]]], 'navto_lab'], ['approach_robot', ['lab_arm'], 'approach_arm'], ['operate_drawer', ['open'], 'open_drawer_lab'], ['send_message', ['lab_arm'], 'notify_lab_arm_of_open_drawer_lab_completed'], ['wait_message', ['lab_arm'], 'wait_lab_arm_to_complete_pick_up_sample'], ['operate_drawer', ['close'], 'close_drawer_lab']], 'location': 'PC Room 7', 'name': 'r3', 'position': [-13.5, 18.0, -1.57], 'skills': ['approach_person', 'approach_robot', 'navigation', 'operate_drawer']}, None, None
0.13, [DEBUG], logger, Simulation open, None, None
10.08, [INFO], robot3, {'y': 17.142, 'x': -13.491, 'yaw': -3.139}, None, None
10.08, [INFO], robot3, {'battery-level': '71.96'}, None, None
20.08, [INFO], robot3, {'y': 16.058, 'x': -14.687, 'yaw': 3.142}, None, None
20.08, [INFO], robot3, {'battery-level': '71.56'}, None, None
30.03, [INFO], robot3, {'battery-level': '71.16'}, None, None
30.03, [INFO], robot3, {'y': 15.911, 'x': -16.778, 'yaw': 3.14}, None, None
40.05, [INFO], robot3, {'y': 15.991, 'x': -18.887, 'yaw': -3.141}, None, None
40.05, [INFO], robot3, {'battery-level': '70.76'}, None, None
50.06, [INFO], robot3, {'battery-level': '70.36'}, None, None
50.06, [INFO], robot3, {'y': 16.134, 'x': -21.004, 'yaw': 3.141}, None, None
60.09, [INFO], robot3, {'battery-level': '69.96'}, None, None
60.09, [INFO], robot3, {'y': 16.048, 'x': -23.118, 'yaw': 3.142}, None, None
70.02, [INFO], robot3, {'y': 16.046, 'x': -25.216, 'yaw': 3.141}, None, None
70.02, [INFO], robot3, {'battery-level': '69.56'}, None, None
80.09, [INFO], robot3, {'battery-level': '69.16'}, None, None
80.09, [INFO], robot3, {'y': 15.974, 'x': -27.341, 'yaw': 3.142}, None, None
90.01, [INFO], robot3, {'battery-level': '68.76'}, None, None
90.01, [INFO], robot3, {'y': 16.098, 'x': -29.434, 'yaw': 3.142}, None, None
100.06, [INFO], robot3, {'y': 15.992, 'x': -31.56, 'yaw': 3.14}, None, None
100.06, [INFO], robot3, {'battery-level': '68.36'}, None, None
110.08, [INFO], robot3, {'battery-level': '67.96'}, None, None
110.08, [INFO], robot3, {'y': 15.646, 'x': -33.666, 'yaw': 3.141}, None, None
120.03, [INFO], robot3, {'y': 15.471, 'x': -35.749, 'yaw': -3.141}, None, None
120.03, [INFO], robot3, {'battery-level': '67.56'}, None, None
130.09, [INFO], robot3, {'battery-level': '67.16'}, None, None
130.09, [INFO], robot3, {'y': 16.836, 'x': -36.838, 'yaw': -3.142}, None, None
140.05, [INFO], robot3, {'y': 18.928, 'x': -36.9, 'yaw': -3.142}, None, None
140.05, [INFO], robot3, {'battery-level': '66.76'}, None, None
150.07, [INFO], robot3, {'battery-level': '66.36'}, None, None
150.07, [INFO], robot3, {'y': 21.046, 'x': -36.955, 'yaw': 3.141}, None, None
160.01, [INFO], robot3, {'battery-level': '65.96'}, None, None
160.01, [INFO], robot3, {'y': 21.456, 'x': -38.092, 'yaw': 3.141}, None, None
165.75, [WARN], robot3, NO-SKILL, authenticate_person, authenticate_nurse
170.04, [INFO], robot3, {'battery-level': '65.56'}, None, None
170.04, [INFO], robot3, {'y': 21.451, 'x': -38.093, 'yaw': -3.142}, None, None
