0.00, [INFO], robot3, {'battery-level': '72.32'}, None, None
0.18, [DEBUG], logger, ROBOTS_CONFIG={'avg_speed': 0.15, 'battery_charge': 0.7232396784987936, 'battery_discharge_rate': 0.0004, 'id': 3, 'local_plan': [['navigation', ['IC Room 6', [[-38.0, 21.5, 0.0], [-37.0, 21.5], [-37.0, 18.93], [-33.9, 18.93, 3.14]]], 'navto_room'], ['approach_person', ['nurse'], 'approach_nurse'], ['authenticate_person', ['nurse'], 'authenticate_nurse'], ['operate_drawer', ['open'], 'open_drawer_for_nurse'], ['send_message', ['nurse'], 'notify_nurse_of_open_drawer_for_nurse_completed'], ['wait_message', ['nurse'], 'wait_nurse_to_complete_deposit'], ['operate_drawer', ['close'], 'close_drawer_nurse'], ['navigation', ['Laboratory', [[-33.9, 18.93, 3.14], [-37.0, 18.93], [-37.0, 16.0], [-26.0, 16.0], [-26.0, 13.0, 1.57]]], 'navto_lab'], ['approach_robot', ['lab_arm'], 'approach_arm'], ['operate_drawer', ['open'], 'open_drawer_lab'], ['send_message', ['lab_arm'], 'notify_lab_arm_of_open_drawer_lab_completed'], ['wait_message', ['lab_arm'], 'wait_lab_arm_to_complete_pick_up_sample'], ['operate_drawer', ['close'], 'close_drawer_lab']], 'location': 'IC Room 2', 'name': 'r3', 'position': [-38.0, 21.5, 0.0], 'skills': ['approach_person', 'approach_robot', 'authenticate_person', 'navigation', 'operate_drawer']}, None, None
0.18, [DEBUG], logger, Simulation open, None, None
10.06, [INFO], robot3, {'battery-level': '71.96'}, None, None
10.06, [INFO], robot3, {'y': 21.5, 'x': -38.0, 'yaw': -3.142}, None, None
20.01, [INFO], robot3, {'battery-level': '71.56'}, None, None
20.01, [INFO], robot3, {'y': 21.681, 'x': -37.51, 'yaw': -3.136}, None, None
30.06, [INFO], robot3, {'y': 19.634, 'x': -37.156, 'yaw': -3.142}, None, None
30.06, [INFO], robot3, {'battery-level': '71.16'}, None, None
40.02, [INFO], robot3, {'battery-level': '70.76'}, None, None
40.02, [INFO], robot3, {'y': 17.886, 'x': -36.034, 'yaw': 3.141}, None, None
50.08, [INFO], robot3, {'battery-level': '70.36'}, None, None
50.08, [INFO], robot3, {'y': 18.467, 'x': -34.257, 'yaw': 3.142}, None, None
60.04, [INFO], robot3, {'battery-level': '69.96'}, None, None
60.04, [INFO], robot3, {'y': 18.911, 'x': -33.935, 'yaw': -3.142}, None, None
69.64, [info], nurse, sync, received-request, (status=sending-request)
69.64, [info], nurse, sync, request-sent, (status=waiting)
69.64, [info], nurse, sync, wait-message, (status=message-received)
70.01, [INFO], robot3, {'battery-level': '69.56'}, None, None
70.01, [INFO], robot3, {'y': 18.981, 'x': -33.929, 'yaw': 3.141}, None, None
80.04, [INFO], robot3, {'battery-level': '69.16'}, None, None
80.04, [INFO], robot3, {'y': 17.803, 'x': -35.315, 'yaw': 3.141}, None, None
90.04, [INFO], robot3, {'y': 17.815, 'x': -36.997, 'yaw': 3.141}, None, None
90.04, [INFO], robot3, {'battery-level': '68.76'}, None, None
100.04, [INFO], robot3, {'battery-level': '68.36'}, None, None
100.04, [INFO], robot3, {'y': 17.268, 'x': -36.809, 'yaw': 3.142}, None, None
110.06, [INFO], robot3, {'battery-level': '67.96'}, None, None
110.06, [INFO], robot3, {'y': 17.279, 'x': -36.817, 'yaw': -3.141}, None, None
120.01, [INFO], robot3, {'y': 17.418, 'x': -36.841, 'yaw': -3.141}, None, None
120.01, [INFO], robot3, {'battery-level': '67.56'}, None, None
130.01, [INFO], robot3, {'y': 17.369, 'x': -36.998, 'yaw': -3.141}, None, None
130.01, [INFO], robot3, {'battery-level': '67.16'}, None, None
140.03, [INFO], robot3, {'battery-level': '66.76'}, None, None
140.03, [INFO], robot3, {'y': 17.302, 'x': -36.727, 'yaw': -3.142}, None, None
150.07, [INFO], robot3, {'battery-level': '66.36'}, None, None
150.07, [INFO], robot3, {'y': 17.206, 'x': -37.05, 'yaw': 3.141}, None, None
160.03, [INFO], robot3, {'y': 17.234, 'x': -36.908, 'yaw': -3.141}, None, None
160.03, [INFO], robot3, {'battery-level': '65.96'}, None, None
170.03, [INFO], robot3, {'y': 17.3, 'x': -37.027, 'yaw': -3.142}, None, None
170.03, [INFO], robot3, {'battery-level': '65.56'}, None, None
180.01, [INFO], robot3, {'battery-level': '65.16'}, None, None
180.01, [INFO], robot3, {'y': 17.447, 'x': -36.841, 'yaw': 3.141}, None, None
190.04, [INFO], robot3, {'y': 17.343, 'x': -36.91, 'yaw': -3.141}, None, None
190.04, [INFO], robot3, {'battery-level': '64.76'}, None, None
200.09, [INFO], robot3, {'y': 17.312, 'x': -36.962, 'yaw': -3.141}, None, None
200.09, [INFO], robot3, {'battery-level': '64.36'}, None, None
210.04, [INFO], robot3, {'y': 17.452, 'x': -37.054, 'yaw': 3.142}, None, None
210.04, [INFO], robot3, {'battery-level': '63.96'}, None, None
220.01, [INFO], robot3, {'battery-level': '63.56'}, None, None
220.01, [INFO], robot3, {'y': 17.359, 'x': -36.974, 'yaw': -3.141}, None, None
230.05, [INFO], robot3, {'battery-level': '63.16'}, None, None
230.05, [INFO], robot3, {'y': 17.356, 'x': -36.839, 'yaw': 3.141}, None, None
240.08, [INFO], robot3, {'y': 17.555, 'x': -36.81, 'yaw': 3.141}, None, None
240.08, [INFO], robot3, {'battery-level': '62.76'}, None, None
250.00, [INFO], robot3, {'battery-level': '62.36'}, None, None
250.00, [INFO], robot3, {'y': 17.263, 'x': -37.097, 'yaw': -3.142}, None, None
260.05, [INFO], robot3, {'y': 17.499, 'x': -37.088, 'yaw': 3.141}, None, None
260.05, [INFO], robot3, {'battery-level': '61.96'}, None, None
260.05, [WARN], robot3, SKILL-FAILURE, navigation, navto_lab
