0.00, [DEBUG], nurse, NURSE_CONFIG={'location': 'IC Room 6', 'position': [-33.9, 18.93, 3.14]}, None, None
0.13, [DEBUG], logger, ROBOTS_CONFIG={'avg_speed': 0.15, 'battery_charge': 0.7232396784987936, 'battery_discharge_rate': 0.0004, 'id': 3, 'local_plan': [['navigation', ['IC Room 6', [[-38.0, 21.5, 0.0], [-37.0, 21.5], [-37.0, 18.93], [-33.9, 18.93, 3.14]]], 'navto_room'], ['approach_person', ['nurse'], 'approach_nurse'], ['authenticate_person', ['nurse'], 'authenticate_nurse'], ['operate_drawer', ['open'], 'open_drawer_for_nurse'], ['send_message', ['nurse'], 'notify_nurse_of_open_drawer_for_nurse_completed'], ['wait_message', ['nurse'], 'wait_nurse_to_complete_deposit'], ['operate_drawer', ['close'], 'close_drawer_nurse'], ['navigation', ['Laboratory', [[-33.9, 18.93, 3.14], [-37.0, 18.93], [-37.0, 16.0], [-26.0, 16.0], [-26.0, 13.0, 1.57]]], 'navto_lab'], ['approach_robot', ['lab_arm'], 'approach_arm'], ['operate_drawer', ['open'], 'open_drawer_lab'], ['send_message', ['lab_arm'], 'notify_lab_arm_of_open_drawer_lab_completed'], ['wait_message', ['lab_arm'], 'wait_lab_arm_to_complete_pick_up_sample'], ['operate_drawer', ['close'], 'close_drawer_lab']], 'location': 'IC Room 2', 'name': 'r3', 'position': [-38.0, 21.5, 0.0], 'skills': ['approach_person', 'approach_robot', 'authenticate_person', 'navigation', 'operate_drawer']}, None, None
0.13, [DEBUG], logger, Simulation open, None, None
10.04, [INFO], robot3, {'battery-level': '71.96'}, None, None
10.04, [INFO], robot3, {'y': 21.347, 'x': -37.184, 'yaw': 3.142}, None, None
20.09, [INFO], robot3, {'y': 19.226, 'x': -37.011, 'yaw': 3.14}, None, None
20.09, [INFO], robot3, {'battery-level': '71.56'}, None, None
30.09, [INFO], robot3, {'battery-level': '71.16'}, None, None
30.09, [INFO], robot3, {'y': 17.807, 'x': -35.442, 'yaw': -3.139}, None, None
40.01, [INFO], robot3, {'battery-level': '70.76'}, None, None
40.01, [INFO], robot3, {'y': 18.883, 'x': -33.965, 'yaw': -3.142}, None, None
46.10, [info], nurse, sync, received-request, (status=sending-request)
46.10, [info], nurse, sync, request-sent, (status=waiting)
46.18, [info], nurse, sync, wait-message, (status=message-received)
50.02, [INFO], robot3, {'y': 18.658, 'x': -34.338, 'yaw': 3.141}, None, None
50.02, [INFO], robot3, {'battery-level': '70.36'}, None, None
60.04, [INFO], robot3, {'battery-level': '69.96'}, None, None
60.04, [INFO], robot3, {'y': 17.959, 'x': -36.021, 'yaw': 3.142}, None, None
70.05, [INFO], robot3, {'battery-level': '69.56'}, None, None
70.05, [INFO], robot3, {'y': 17.668, 'x': -37.047, 'yaw': -3.142}, None, None
80.06, [INFO], robot3, {'y': 17.334, 'x': -37.083, 'yaw': -3.142}, None, None
80.06, [INFO], robot3, {'battery-level': '69.16'}, None, None
90.05, [INFO], robot3, {'battery-level': '68.76'}, None, None
90.05, [INFO], robot3, {'y': 17.353, 'x': -36.92, 'yaw': 3.142}, None, None
100.01, [INFO], robot3, {'battery-level': '68.36'}, None, None
100.01, [INFO], robot3, {'y': 17.199, 'x': -37.081, 'yaw': -3.142}, None, None
110.09, [INFO], robot3, {'battery-level': '67.96'}, None, None
110.09, [INFO], robot3, {'y': 17.224, 'x': -36.782, 'yaw': -3.141}, None, None
120.05, [INFO], robot3, {'y': 17.375, 'x': -37.042, 'yaw': 3.141}, None, None
120.05, [INFO], robot3, {'battery-level': '67.56'}, None, None
130.06, [INFO], robot3, {'battery-level': '67.16'}, None, None
130.06, [INFO], robot3, {'y': 17.236, 'x': -36.899, 'yaw': 3.141}, None, None
140.05, [INFO], robot3, {'battery-level': '66.76'}, None, None
140.05, [INFO], robot3, {'y': 17.543, 'x': -37.064, 'yaw': -3.141}, None, None
150.06, [INFO], robot3, {'y': 17.462, 'x': -36.915, 'yaw': -3.142}, None, None
150.06, [INFO], robot3, {'battery-level': '66.36'}, None, None
160.07, [INFO], robot3, {'battery-level': '65.96'}, None, None
160.07, [INFO], robot3, {'y': 17.385, 'x': -36.971, 'yaw': -3.141}, None, None
170.04, [INFO], robot3, {'y': 17.225, 'x': -37.117, 'yaw': -3.142}, None, None
170.04, [INFO], robot3, {'battery-level': '65.56'}, None, None
180.03, [INFO], robot3, {'battery-level': '65.16'}, None, None
180.03, [INFO], robot3, {'y': 17.206, 'x': -36.779, 'yaw': -3.142}, None, None
190.03, [INFO], robot3, {'battery-level': '64.76'}, None, None
190.03, [INFO], robot3, {'y': 17.126, 'x': -36.796, 'yaw': -3.142}, None, None
200.04, [INFO], robot3, {'battery-level': '64.36'}, None, None
200.04, [INFO], robot3, {'y': 17.251, 'x': -36.981, 'yaw': -3.141}, None, None
210.08, [INFO], robot3, {'y': 17.324, 'x': -36.879, 'yaw': -3.142}, None, None
210.08, [INFO], robot3, {'battery-level': '63.96'}, None, None
220.05, [INFO], robot3, {'battery-level': '63.56'}, None, None
220.05, [INFO], robot3, {'y': 17.488, 'x': -36.916, 'yaw': 3.141}, None, None
230.06, [INFO], robot3, {'battery-level': '63.16'}, None, None
230.06, [INFO], robot3, {'y': 17.187, 'x': -37.121, 'yaw': -3.141}, None, None
235.04, [WARN], robot3, SKILL-FAILURE, navigation, navto_lab
240.06, [INFO], robot3, {'battery-level': '62.76'}, None, None
240.06, [INFO], robot3, {'y': 17.278, 'x': -36.774, 'yaw': 3.142}, None, None
