0.00, [DEBUG], nurse, NURSE_CONFIG={'location': 'IC Room 2', 'position': [-38.0, 21.5, 0.0]}, None, None
0.09, [DEBUG], logger, ROBOTS_CONFIG={'avg_speed': 0.15, 'battery_charge': 0.3020349930380309, 'battery_discharge_rate': 0.00068, 'id': 1, 'local_plan': [['navigation', ['IC Room 2', [[-27.23, 18.0, -1.57], [-27.23, 16.0], [-37.0, 16.0], [-37.0, 21.5], [-38.0, 21.5, 0.0]]], 'navto_room'], ['approach_person', ['nurse'], 'approach_nurse'], ['authenticate_person', ['nurse'], 'authenticate_nurse'], ['operate_drawer', ['open'], 'open_drawer_for_nurse'], ['send_message', ['nurse'], 'notify_nurse_of_open_drawer_for_nurse_completed'], ['wait_message', ['nurse'], 'wait_nurse_to_complete_deposit'], ['operate_drawer', ['close'], 'close_drawer_nurse'], ['navigation', ['Laboratory', [[-38.0, 21.5, 0.0], [-37.0, 21.5], [-37.0, 16.0], [-26.0, 16.0], [-26.0, 13.0, 1.57]]], 'navto_lab'], ['approach_robot', ['lab_arm'], 'approach_arm'], ['operate_drawer', ['open'], 'open_drawer_lab'], ['send_message', ['lab_arm'], 'notify_lab_arm_of_open_drawer_lab_completed'], ['wait_message', ['lab_arm'], 'wait_lab_arm_to_complete_pick_up_sample'], ['operate_drawer', ['close'], 'close_drawer_lab']], 'location': 'PC Room 4', 'name': 'r1', 'position': [-27.23, 18.0, -1.57], 'skills': ['approach_person', 'approach_robot', 'authenticate_person', 'navigation']}, None, None
0.19, [DEBUG], logger, Simulation open, None, None
10.01, [INFO], robot1, {'battery-level': '29.59'}, None, None
10.01, [INFO], robot1, {'y': 18.0, 'x': -27.23, 'yaw': 3.142}, None, None
20.08, [INFO], robot1, {'y': 17.056, 'x': -27.086, 'yaw': -3.14}, None, None
20.08, [INFO], robot1, {'battery-level': '28.91'}, None, None
30.09, [INFO], robot1, {'battery-level': '28.23'}, None, None
30.09, [INFO], robot1, {'y': 16.112, 'x': -28.38, 'yaw': -3.142}, None, None
40.08, [INFO], robot1, {'battery-level': '27.55'}, None, None
40.08, [INFO], robot1, {'y': 16.054, 'x': -30.495, 'yaw': 3.142}, None, None
50.07, [INFO], robot1, {'battery-level': '26.87'}, None, None
50.07, [INFO], robot1, {'y': 15.85, 'x': -32.592, 'yaw': 3.141}, None, None
60.06, [INFO], robot1, {'battery-level': '26.19'}, None, None
60.06, [INFO], robot1, {'y': 15.379, 'x': -34.68, 'yaw': 3.142}, None, None
70.08, [INFO], robot1, {'battery-level': '25.51'}, None, None
70.08, [INFO], robot1, {'y': 15.862, 'x': -36.703, 'yaw': -3.141}, None, None
80.08, [INFO], robot1, {'y': 17.968, 'x': -36.669, 'yaw': -3.141}, None, None
80.08, [INFO], robot1, {'battery-level': '24.83'}, None, None
89.92, [INFO], robot1, {'y': 20.079, 'x': -36.796, 'yaw': -3.137}, None, None
90.02, [INFO], robot1, {'battery-level': '24.15'}, None, None
99.98, [INFO], robot1, {'y': 21.545, 'x': -37.831, 'yaw': -3.141}, None, None
100.08, [INFO], robot1, {'battery-level': '23.47'}, None, None
110.04, [INFO], robot1, {'battery-level': '22.79'}, None, None
110.04, [INFO], robot1, {'y': 21.446, 'x': -38.113, 'yaw': -3.142}, None, None
111.49, [info], nurse, sync, received-request, (status=sending-request)
111.49, [info], nurse, sync, request-sent, (status=waiting)
111.49, [WARN], robot1, NO-SKILL, operate_drawer, open_drawer_for_nurse
120.06, [INFO], robot1, {'battery-level': '22.11'}, None, None
120.06, [INFO], robot1, {'y': 21.445, 'x': -38.11, 'yaw': -3.136}, None, None
