0.00, [DEBUG], nurse, NURSE_CONFIG={'location': 'IC Room 2', 'position': [-38.0, 21.5, 0.0]}, None, None
0.00, [INFO], robot6, {'battery-level': '91.10'}, None, None
0.00, [DEBUG], logger, ROBOTS_CONFIG={'avg_speed': 0.15, 'battery_charge': 0.9109794326728246, 'battery_discharge_rate': 0.0005200000000000001, 'id': 6, 'local_plan': [['navigation', ['IC Room 2', [[-33.9, 18.93, 3.14], [-37.0, 18.93], [-37.0, 21.5], [-38.0, 21.5, 0.0]]], 'navto_room'], ['approach_person', ['nurse'], 'approach_nurse'], ['authenticate_person', ['nurse'], 'authenticate_nurse'], ['operate_drawer', ['open'], 'open_drawer_for_nurse'], ['send_message', ['nurse'], 'notify_nurse_of_open_drawer_for_nurse_completed'], ['wait_message', ['nurse'], 'wait_nurse_to_complete_deposit'], ['operate_drawer', ['close'], 'close_drawer_nurse'], ['navigation', ['Laboratory', [[-38.0, 21.5, 0.0], [-37.0, 21.5], [-37.0, 16.0], [-26.0, 16.0], [-26.0, 13.0, 1.57]]], 'navto_lab'], ['approach_robot', ['lab_arm'], 'approach_arm'], ['operate_drawer', ['open'], 'open_drawer_lab'], ['send_message', ['lab_arm'], 'notify_lab_arm_of_open_drawer_lab_completed'], ['wait_message', ['lab_arm'], 'wait_lab_arm_to_complete_pick_up_sample'], ['operate_drawer', ['close'], 'close_drawer_lab']], 'location': 'IC Room 6', 'name': 'r6', 'position': [-33.9, 18.93, 3.14], 'skills': ['approach_person', 'approach_robot', 'authenticate_person', 'navigation', 'operate_drawer']}, None, None
0.00, [DEBUG], logger, Simulation open, None, None
10.06, [INFO], robot6, {'battery-level': '90.63'}, None, None
10.06, [INFO], robot6, {'y': 18.749, 'x': -34.213, 'yaw': 3.141}, None, None
20.08, [INFO], robot6, {'battery-level': '90.11'}, None, None
20.08, [INFO], robot6, {'y': 17.869, 'x': -35.873, 'yaw': 3.142}, None, None
30.09, [INFO], robot6, {'battery-level': '89.59'}, None, None
30.09, [INFO], robot6, {'y': 19.534, 'x': -36.936, 'yaw': 3.141}, None, None
40.08, [INFO], robot6, {'y': 21.471, 'x': -37.411, 'yaw': 3.136}, None, None
40.08, [INFO], robot6, {'battery-level': '89.07'}, None, None
50.09, [INFO], robot6, {'y': 21.439, 'x': -38.04, 'yaw': 3.141}, None, None
50.09, [INFO], robot6, {'battery-level': '88.55'}, None, None
58.00, [info], nurse, sync, received-request, (status=sending-request)
58.00, [info], nurse, sync, request-sent, (status=waiting)
58.09, [info], nurse, sync, wait-message, (status=message-received)
59.91, [INFO], robot6, {'y': 21.412, 'x': -37.954, 'yaw': -3.142}, None, None
59.91, [INFO], robot6, {'battery-level': '88.03'}, None, None
70.09, [INFO], robot6, {'y': 19.936, 'x': -37.196, 'yaw': 3.141}, None, None
70.09, [INFO], robot6, {'battery-level': '87.51'}, None, None
80.09, [INFO], robot6, {'battery-level': '86.99'}, None, None
80.09, [INFO], robot6, {'y': 17.828, 'x': -37.109, 'yaw': 3.141}, None, None
90.06, [INFO], robot6, {'battery-level': '86.47'}, None, None
90.06, [INFO], robot6, {'y': 15.811, 'x': -36.821, 'yaw': 3.141}, None, None
100.06, [INFO], robot6, {'y': 15.295, 'x': -34.749, 'yaw': -3.142}, None, None
100.06, [INFO], robot6, {'battery-level': '85.95'}, None, None
110.05, [INFO], robot6, {'battery-level': '85.43'}, None, None
110.05, [INFO], robot6, {'y': 15.475, 'x': -32.642, 'yaw': 3.141}, None, None
120.04, [INFO], robot6, {'y': 15.567, 'x': -30.531, 'yaw': -3.142}, None, None
120.04, [INFO], robot6, {'battery-level': '84.91'}, None, None
130.02, [INFO], robot6, {'battery-level': '84.39'}, None, None
130.02, [INFO], robot6, {'y': 15.771, 'x': -28.412, 'yaw': 3.141}, None, None
140.02, [INFO], robot6, {'y': 15.757, 'x': -26.296, 'yaw': -3.141}, None, None
140.02, [INFO], robot6, {'battery-level': '83.87'}, None, None
150.00, [INFO], robot6, {'y': 13.808, 'x': -25.724, 'yaw': 3.142}, None, None
150.00, [INFO], robot6, {'battery-level': '83.35'}, None, None
160.09, [INFO], robot6, {'y': 12.884, 'x': -25.932, 'yaw': -3.142}, None, None
160.09, [INFO], robot6, {'battery-level': '82.83'}, None, None
162.88, [info], lab_arm, sync, wait-message, (status=message-received)
163.83, [WARN], robot6, SUCCESS, None, None
170.03, [INFO], robot6, {'battery-level': '82.31'}, None, None
170.03, [INFO], robot6, {'y': 12.888, 'x': -25.93, 'yaw': -3.142}, None, None
