0.00, [DEBUG], nurse, NURSE_CONFIG={'location': 'IC Room 6', 'position': [-33.9, 18.93, 3.14]}, None, None
0.12, [DEBUG], logger, ROBOTS_CONFIG={'avg_speed': 0.15, 'battery_charge': 0.7232396784987936, 'battery_discharge_rate': 0.0004, 'id': 3, 'local_plan': [['navigation', ['IC Room 6', [[-38.0, 21.5, 0.0], [-37.0, 21.5], [-37.0, 18.93], [-33.9, 18.93, 3.14]]], 'navto_room'], ['approach_person', ['nurse'], 'approach_nurse'], ['authenticate_person', ['nurse'], 'authenticate_nurse'], ['operate_drawer', ['open'], 'open_drawer_for_nurse'], ['send_message', ['nurse'], 'notify_nurse_of_open_drawer_for_nurse_completed'], ['wait_message', ['nurse'], 'wait_nurse_to_complete_deposit'], ['operate_drawer', ['close'], 'close_drawer_nurse'], ['navigation', ['Laboratory', [[-33.9, 18.93, 3.14], [-37.0, 18.93], [-37.0, 16.0], [-26.0, 16.0], [-26.0, 13.0, 1.57]]], 'navto_lab'], ['approach_robot', ['lab_arm'], 'approach_arm'], ['operate_drawer', ['open'], 'open_drawer_lab'], ['send_message', ['lab_arm'], 'notify_lab_arm_of_open_drawer_lab_completed'], ['wait_message', ['lab_arm'], 'wait_lab_arm_to_complete_pick_up_sample'], ['operate_drawer', ['close'], 'close_drawer_lab']], 'location': 'IC Room 2', 'name': 'r3', 'position': [-38.0, 21.5, 0.0], 'skills': ['approach_person', 'approach_robot', 'authenticate_person', 'navigation', 'operate_drawer']}, None, None
0.12, [DEBUG], logger, Simulation open, None, None
10.00, [INFO], robot3, {'battery-level': '71.96'}, None, None
10.00, [INFO], robot3, {'y': 21.438, 'x': -37.246, 'yaw': -3.141}, None, None
20.05, [INFO], robot3, {'y': 19.331, 'x': -37.064, 'yaw': 3.14}, None, None
20.05, [INFO], robot3, {'battery-level': '71.56'}, None, None
30.08, [INFO], robot3, {'y': 17.794, 'x': -35.586, 'yaw': 3.141}, None, None
30.08, [INFO], robot3, {'battery-level': '71.16'}, None, None
40.03, [INFO], robot3, {'battery-level': '70.76'}, None, None
40.03, [INFO], robot3, {'y': 18.83, 'x': -34.042, 'yaw': -3.142}, None, None
47.88, [info], nurse, sync, received-request, (status=sending-request)
47.88, [info], nurse, sync, request-sent, (status=waiting)
47.88, [info], nurse, sync, wait-message, (status=message-received)
50.08, [INFO], robot3, {'y': 18.953, 'x': -34.125, 'yaw': 3.141}, None, None
50.08, [INFO], robot3, {'battery-level': '70.36'}, None, None
60.03, [INFO], robot3, {'y': 17.749, 'x': -35.615, 'yaw': -3.141}, None, None
60.03, [INFO], robot3, {'battery-level': '69.96'}, None, None
70.06, [INFO], robot3, {'y': 18.048, 'x': -36.228, 'yaw': 3.142}, None, None
70.06, [INFO], robot3, {'battery-level': '69.56'}, None, None
80.06, [INFO], robot3, {'y': 17.245, 'x': -37.044, 'yaw': -3.141}, None, None
80.06, [INFO], robot3, {'battery-level': '69.16'}, None, None
90.01, [INFO], robot3, {'y': 17.378, 'x': -37.069, 'yaw': 3.141}, None, None
90.01, [INFO], robot3, {'battery-level': '68.76'}, None, None
100.03, [INFO], robot3, {'battery-level': '68.36'}, None, None
100.03, [INFO], robot3, {'y': 17.186, 'x': -36.84, 'yaw': -3.141}, None, None
110.04, [INFO], robot3, {'battery-level': '67.96'}, None, None
110.04, [INFO], robot3, {'y': 17.319, 'x': -36.973, 'yaw': 3.14}, None, None
120.08, [INFO], robot3, {'battery-level': '67.56'}, None, None
120.08, [INFO], robot3, {'y': 17.251, 'x': -37.016, 'yaw': -3.142}, None, None
130.00, [INFO], robot3, {'battery-level': '67.16'}, None, None
130.00, [INFO], robot3, {'y': 17.452, 'x': -36.963, 'yaw': -3.141}, None, None
140.03, [INFO], robot3, {'y': 17.142, 'x': -36.782, 'yaw': 3.142}, None, None
140.03, [INFO], robot3, {'battery-level': '66.76'}, None, None
150.04, [INFO], robot3, {'y': 17.161, 'x': -37.057, 'yaw': 3.141}, None, None
150.04, [INFO], robot3, {'battery-level': '66.36'}, None, None
160.08, [INFO], robot3, {'battery-level': '65.96'}, None, None
160.08, [INFO], robot3, {'y': 17.236, 'x': -36.865, 'yaw': -3.141}, None, None
170.01, [INFO], robot3, {'battery-level': '65.56'}, None, None
170.01, [INFO], robot3, {'y': 17.153, 'x': -37.037, 'yaw': 3.141}, None, None
180.02, [INFO], robot3, {'y': 17.403, 'x': -36.909, 'yaw': 3.141}, None, None
180.02, [INFO], robot3, {'battery-level': '65.16'}, None, None
190.07, [INFO], robot3, {'battery-level': '64.76'}, None, None
190.07, [INFO], robot3, {'y': 17.511, 'x': -36.964, 'yaw': -3.141}, None, None
200.06, [INFO], robot3, {'y': 17.239, 'x': -36.887, 'yaw': -3.141}, None, None
200.06, [INFO], robot3, {'battery-level': '64.36'}, None, None
210.05, [INFO], robot3, {'battery-level': '63.96'}, None, None
210.05, [INFO], robot3, {'y': 17.292, 'x': -36.815, 'yaw': -3.141}, None, None
220.03, [INFO], robot3, {'y': 17.354, 'x': -36.98, 'yaw': 3.141}, None, None
220.03, [INFO], robot3, {'battery-level': '63.56'}, None, None
228.65, [WARN], robot3, SKILL-FAILURE, navigation, navto_lab
