0.00, [INFO], robot4, {'battery-level': '17.50'}, None, None
0.15, [DEBUG], logger, ROBOTS_CONFIG={'avg_speed': 0.15, 'battery_charge': 0.17496190705907763, 'battery_discharge_rate': 0.0006000000000000001, 'id': 4, 'local_plan': [['navigation', ['IC Room 6', [[-39.44, 33.95, 0.0], [-37.0, 33.95], [-37.0, 18.93], [-33.9, 18.93, 3.14]]], 'navto_room'], ['approach_person', ['nurse'], 'approach_nurse'], ['authenticate_person', ['nurse'], 'authenticate_nurse'], ['operate_drawer', ['open'], 'open_drawer_for_nurse'], ['send_message', ['nurse'], 'notify_nurse_of_open_drawer_for_nurse_completed'], ['wait_message', ['nurse'], 'wait_nurse_to_complete_deposit'], ['operate_drawer', ['close'], 'close_drawer_nurse'], ['navigation', ['Laboratory', [[-33.9, 18.93, 3.14], [-37.0, 18.93], [-37.0, 16.0], [-26.0, 16.0], [-26.0, 13.0, 1.57]]], 'navto_lab'], ['approach_robot', ['lab_arm'], 'approach_arm'], ['operate_drawer', ['open'], 'open_drawer_lab'], ['send_message', ['lab_arm'], 'notify_lab_arm_of_open_drawer_lab_completed'], ['wait_message', ['lab_arm'], 'wait_lab_arm_to_complete_pick_up_sample'], ['operate_drawer', ['close'], 'close_drawer_lab']], 'location': 'IC Room 4', 'name': 'r4', 'position': [-39.44, 33.95, 0.0], 'skills': ['approach_person', 'approach_robot', 'authenticate_person', 'navigation', 'operate_drawer']}, None, None
0.15, [DEBUG], logger, Simulation open, None, None
10.10, [INFO], robot4, {'battery-level': '16.96'}, None, None
10.10, [INFO], robot4, {'y': 34.032, 'x': -39.097, 'yaw': 3.141}, None, None
20.06, [INFO], robot4, {'y': 34.26, 'x': -37.19, 'yaw': 3.141}, None, None
20.06, [INFO], robot4, {'battery-level': '16.36'}, None, None
30.03, [INFO], robot4, {'battery-level': '15.76'}, None, None
30.03, [INFO], robot4, {'y': 32.187, 'x': -37.066, 'yaw': 3.14}, None, None
40.08, [INFO], robot4, {'battery-level': '15.16'}, None, None
40.08, [INFO], robot4, {'y': 30.056, 'x': -36.978, 'yaw': 3.141}, None, None
50.02, [INFO], robot4, {'y': 27.949, 'x': -36.997, 'yaw': 3.141}, None, None
50.02, [INFO], robot4, {'battery-level': '14.56'}, None, None
60.07, [INFO], robot4, {'battery-level': '13.96'}, None, None
60.07, [INFO], robot4, {'y': 25.828, 'x': -36.998, 'yaw': 3.142}, None, None
70.09, [INFO], robot4, {'battery-level': '13.36'}, None, None
70.09, [INFO], robot4, {'y': 23.715, 'x': -36.99, 'yaw': 3.142}, None, None
80.02, [INFO], robot4, {'battery-level': '12.76'}, None, None
80.02, [INFO], robot4, {'y': 21.627, 'x': -37.096, 'yaw': -3.141}, None, None
90.06, [INFO], robot4, {'battery-level': '12.16'}, None, None
90.06, [INFO], robot4, {'y': 19.508, 'x': -37.079, 'yaw': 3.142}, None, None
100.02, [INFO], robot4, {'y': 17.86, 'x': -35.784, 'yaw': -3.14}, None, None
100.02, [INFO], robot4, {'battery-level': '11.56'}, None, None
110.05, [INFO], robot4, {'battery-level': '10.96'}, None, None
110.05, [INFO], robot4, {'y': 18.686, 'x': -34.101, 'yaw': 3.142}, None, None
118.34, [info], nurse, sync, received-request, (status=sending-request)
118.34, [info], nurse, sync, request-sent, (status=waiting)
118.44, [info], nurse, sync, wait-message, (status=message-received)
120.08, [INFO], robot4, {'battery-level': '10.36'}, None, None
120.08, [INFO], robot4, {'y': 18.977, 'x': -34.011, 'yaw': -3.14}, None, None
130.09, [INFO], robot4, {'y': 17.739, 'x': -35.519, 'yaw': -3.14}, None, None
130.09, [INFO], robot4, {'battery-level': '9.76'}, None, None
140.02, [INFO], robot4, {'y': 17.785, 'x': -36.934, 'yaw': 3.141}, None, None
140.02, [INFO], robot4, {'battery-level': '9.16'}, None, None
150.06, [INFO], robot4, {'battery-level': '8.56'}, None, None
150.06, [INFO], robot4, {'y': 17.311, 'x': -37.134, 'yaw': -3.142}, None, None
160.06, [INFO], robot4, {'battery-level': '7.96'}, None, None
160.06, [INFO], robot4, {'y': 17.393, 'x': -36.961, 'yaw': -3.141}, None, None
170.05, [INFO], robot4, {'battery-level': '7.36'}, None, None
170.05, [INFO], robot4, {'y': 17.346, 'x': -36.925, 'yaw': 3.141}, None, None
180.01, [INFO], robot4, {'y': 17.415, 'x': -36.944, 'yaw': -3.141}, None, None
180.01, [INFO], robot4, {'battery-level': '6.76'}, None, None
190.05, [INFO], robot4, {'battery-level': '6.16'}, None, None
190.05, [INFO], robot4, {'y': 17.342, 'x': -37.045, 'yaw': -3.142}, None, None
200.09, [INFO], robot4, {'y': 17.289, 'x': -36.946, 'yaw': 3.141}, None, None
200.09, [INFO], robot4, {'battery-level': '5.56'}, None, None
209.95, [WARN], robot4, LOWBATT, None, None
209.95, [INFO], robot4, {'y': 17.159, 'x': -37.109, 'yaw': -3.142}, None, None
209.95, [WARN], None, end!, None, None
220.01, [INFO], robot4, {'y': 17.454, 'x': -36.918, 'yaw': 3.141}, None, None
230.03, [INFO], robot4, {'y': 17.47, 'x': -37.005, 'yaw': 3.141}, None, None
