0.00, [DEBUG], nurse, NURSE_CONFIG={'location': 'IC Room 6', 'position': [-33.9, 18.93, 3.14]}, None, None
0.00, [INFO], robot6, {'battery-level': '54.08'}, None, None
0.00, [DEBUG], logger, ROBOTS_CONFIG={'avg_speed': 0.15, 'battery_charge': 0.5408465660492595, 'battery_discharge_rate': 0.00072, 'id': 6, 'local_plan': [['navigation', ['IC Room 6', [[-32.88, 33.98, 3.14], [-37.0, 33.98], [-37.0, 18.93], [-33.9, 18.93, 3.14]]], 'navto_room'], ['approach_person', ['nurse'], 'approach_nurse'], ['authenticate_person', ['nurse'], 'authenticate_nurse'], ['operate_drawer', ['open'], 'open_drawer_for_nurse'], ['send_message', ['nurse'], 'notify_nurse_of_open_drawer_for_nurse_completed'], ['wait_message', ['nurse'], 'wait_nurse_to_complete_deposit'], ['operate_drawer', ['close'], 'close_drawer_nurse'], ['navigation', ['Laboratory', [[-33.9, 18.93, 3.14], [-37.0, 18.93], [-37.0, 16.0], [-26.0, 16.0], [-26.0, 13.0, 1.57]]], 'navto_lab'], ['approach_robot', ['lab_arm'], 'approach_arm'], ['operate_drawer', ['open'], 'open_drawer_lab'], ['send_message', ['lab_arm'], 'notify_lab_arm_of_open_drawer_lab_completed'], ['wait_message', ['lab_arm'], 'wait_lab_arm_to_complete_pick_up_sample'], ['operate_drawer', ['close'], 'close_drawer_lab']], 'location': 'IC Room 5', 'name': 'r6', 'position': [-32.88, 33.98, 3.14], 'skills': ['approach_person', 'approach_robot', 'authenticate_person', 'navigation', 'operate_drawer']}, None, None
0.00, [DEBUG], logger, Simulation open, None, None
10.01, [INFO], robot6, {'y': 34.102, 'x': -33.3, 'yaw': 3.141}, None, None
10.01, [INFO], robot6, {'battery-level': '53.44'}, None, None
20.04, [INFO], robot6, {'y': 34.76, 'x': -35.318, 'yaw': -3.142}, None, None
20.04, [INFO], robot6, {'battery-level': '52.72'}, None, None
30.01, [INFO], robot6, {'y': 33.619, 'x': -36.954, 'yaw': 3.142}, None, None
30.01, [INFO], robot6, {'battery-level': '52.00'}, None, None
40.08, [INFO], robot6, {'battery-level': '51.28'}, None, None
40.08, [INFO], robot6, {'y': 31.501, 'x': -36.905, 'yaw': -3.142}, None, None
50.04, [INFO], robot6, {'battery-level': '50.56'}, None, None
50.04, [INFO], robot6, {'y': 29.405, 'x': -36.887, 'yaw': -3.142}, None, None
60.09, [INFO], robot6, {'y': 27.287, 'x': -36.899, 'yaw': 3.142}, None, None
60.09, [INFO], robot6, {'battery-level': '49.84'}, None, None
70.05, [INFO], robot6, {'battery-level': '49.12'}, None, None
70.05, [INFO], robot6, {'y': 25.184, 'x': -36.898, 'yaw': 3.141}, None, None
80.08, [INFO], robot6, {'y': 23.062, 'x': -36.915, 'yaw': 3.141}, None, None
80.08, [INFO], robot6, {'battery-level': '48.40'}, None, None
90.09, [INFO], robot6, {'battery-level': '47.68'}, None, None
90.09, [INFO], robot6, {'y': 20.948, 'x': -37.042, 'yaw': 3.142}, None, None
100.02, [INFO], robot6, {'battery-level': '46.96'}, None, None
100.02, [INFO], robot6, {'y': 18.863, 'x': -36.895, 'yaw': 3.141}, None, None
110.04, [INFO], robot6, {'battery-level': '46.24'}, None, None
110.04, [INFO], robot6, {'y': 17.562, 'x': -35.248, 'yaw': 3.141}, None, None
120.04, [INFO], robot6, {'y': 18.873, 'x': -34.01, 'yaw': 3.142}, None, None
120.04, [INFO], robot6, {'battery-level': '45.52'}, None, None
127.58, [info], nurse, sync, received-request, (status=sending-request)
127.58, [info], nurse, sync, request-sent, (status=waiting)
127.67, [info], nurse, sync, wait-message, (status=message-received)
130.09, [INFO], robot6, {'y': 18.894, 'x': -34.182, 'yaw': -3.142}, None, None
130.09, [INFO], robot6, {'battery-level': '44.80'}, None, None
140.02, [INFO], robot6, {'battery-level': '44.08'}, None, None
140.02, [INFO], robot6, {'y': 17.766, 'x': -35.734, 'yaw': -3.141}, None, None
150.06, [INFO], robot6, {'battery-level': '43.36'}, None, None
150.06, [INFO], robot6, {'y': 17.453, 'x': -37.043, 'yaw': -3.142}, None, None
160.00, [INFO], robot6, {'y': 17.245, 'x': -36.93, 'yaw': 3.141}, None, None
160.00, [INFO], robot6, {'battery-level': '42.64'}, None, None
170.04, [INFO], robot6, {'battery-level': '41.92'}, None, None
170.04, [INFO], robot6, {'y': 17.334, 'x': -36.944, 'yaw': 3.142}, None, None
180.09, [INFO], robot6, {'battery-level': '41.20'}, None, None
180.09, [INFO], robot6, {'y': 17.255, 'x': -37.108, 'yaw': -3.142}, None, None
190.05, [INFO], robot6, {'y': 17.269, 'x': -36.972, 'yaw': 3.141}, None, None
190.05, [INFO], robot6, {'battery-level': '40.48'}, None, None
200.01, [INFO], robot6, {'battery-level': '39.76'}, None, None
200.01, [INFO], robot6, {'y': 17.359, 'x': -36.917, 'yaw': -3.142}, None, None
210.06, [INFO], robot6, {'battery-level': '39.04'}, None, None
210.06, [INFO], robot6, {'y': 17.402, 'x': -36.998, 'yaw': 3.141}, None, None
220.05, [INFO], robot6, {'battery-level': '38.32'}, None, None
220.05, [INFO], robot6, {'y': 17.391, 'x': -36.876, 'yaw': -3.142}, None, None
230.05, [INFO], robot6, {'battery-level': '37.60'}, None, None
230.05, [INFO], robot6, {'y': 17.366, 'x': -37.108, 'yaw': 3.141}, None, None
240.06, [INFO], robot6, {'battery-level': '36.88'}, None, None
240.06, [INFO], robot6, {'y': 17.273, 'x': -36.965, 'yaw': 3.14}, None, None
250.03, [INFO], robot6, {'y': 17.457, 'x': -36.908, 'yaw': 3.142}, None, None
250.03, [INFO], robot6, {'battery-level': '36.16'}, None, None
260.08, [INFO], robot6, {'battery-level': '35.44'}, None, None
260.08, [INFO], robot6, {'y': 17.293, 'x': -36.863, 'yaw': -3.141}, None, None
270.01, [INFO], robot6, {'y': 17.248, 'x': -36.809, 'yaw': 3.141}, None, None
270.01, [INFO], robot6, {'battery-level': '34.72'}, None, None
280.05, [INFO], robot6, {'y': 17.324, 'x': -36.878, 'yaw': -3.142}, None, None
280.05, [INFO], robot6, {'battery-level': '34.00'}, None, None
290.07, [INFO], robot6, {'battery-level': '33.28'}, None, None
290.07, [INFO], robot6, {'y': 17.203, 'x': -36.83, 'yaw': -3.142}, None, None
300.03, [INFO], robot6, {'battery-level': '32.56'}, None, None
300.03, [INFO], robot6, {'y': 17.265, 'x': -36.819, 'yaw': -3.141}, None, None
310.08, [INFO], robot6, {'battery-level': '31.84'}, None, None
310.08, [INFO], robot6, {'y': 17.318, 'x': -37.045, 'yaw': -3.142}, None, None
313.86, [WARN], robot6, SKILL-FAILURE, navigation, navto_lab
320.04, [INFO], robot6, {'battery-level': '31.12'}, None, None
320.04, [INFO], robot6, {'y': 17.159, 'x': -36.784, 'yaw': 3.142}, None, None
