0.00, [DEBUG], nurse, NURSE_CONFIG={'location': 'IC Room 2', 'position': [-38.0, 21.5, 0.0]}, None, None
0.13, [DEBUG], logger, ROBOTS_CONFIG={'avg_speed': 0.15, 'battery_charge': 0.7232396784987936, 'battery_discharge_rate': 0.0004, 'id': 3, 'local_plan': [['navigation', ['IC Room 2', [[-13.5, 18.0, -1.57], [-13.5, 16.0], [-37.0, 16.0], [-37.0, 21.5], [-38.0, 21.5, 0.0]]], 'navto_room'], ['approach_person', ['nurse'], 'approach_nurse'], ['authenticate_person', ['nurse'], 'authenticate_nurse'], ['operate_drawer', ['open'], 'open_drawer_for_nurse'], ['send_message', ['nurse'], 'notify_nurse_of_open_drawer_for_nurse_completed'], ['wait_message', ['nurse'], 'wait_nurse_to_complete_deposit'], ['operate_drawer', ['close'], 'close_drawer_nurse'], ['navigation', ['Laboratory', [[-38.0, 21.5, 0.0], [-37.0, 21.5], [-37.0, 16.0], [-26.0, 16.0], [-26.0, 13.0, 1.57]]], 'navto_lab'], ['approach_robot', ['lab_arm'], 'approach_arm'], ['operate_drawer', ['open'], 'open_drawer_lab'], ['send_message', ['lab_arm'], 'notify_lab_arm_of_open_drawer_lab_completed'], ['wait_message', ['lab_arm'], 'wait_lab_arm_to_complete_pick_up_sample'], ['operate_drawer', ['close'], 'close_drawer_lab']], 'location': 'PC Room 7', 'name': 'r3', 'position': [-13.5, 18.0, -1.57], 'skills': ['approach_person', 'approach_robot', 'authenticate_person', 'navigation', 'operate_drawer']}, None, None
0.13, [DEBUG], logger, Simulation open, None, None
10.00, [INFO], robot3, {'y': 17.529, 'x': -13.497, 'yaw': 3.142}, None, None
10.00, [INFO], robot3, {'battery-level': '71.96'}, None, None
20.07, [INFO], robot3, {'y': 16.114, 'x': -14.328, 'yaw': 3.141}, None, None
20.07, [INFO], robot3, {'battery-level': '71.56'}, None, None
30.08, [INFO], robot3, {'battery-level': '71.16'}, None, None
30.08, [INFO], robot3, {'y': 16.03, 'x': -16.439, 'yaw': 3.141}, None, None
40.08, [INFO], robot3, {'battery-level': '70.76'}, None, None
40.08, [INFO], robot3, {'y': 16.03, 'x': -18.549, 'yaw': 3.142}, None, None
50.04, [INFO], robot3, {'y': 16.204, 'x': -20.651, 'yaw': 3.141}, None, None
50.04, [INFO], robot3, {'battery-level': '70.36'}, None, None
60.08, [INFO], robot3, {'battery-level': '69.96'}, None, None
60.08, [INFO], robot3, {'y': 16.179, 'x': -22.773, 'yaw': 3.137}, None, None
70.01, [INFO], robot3, {'battery-level': '69.56'}, None, None
70.01, [INFO], robot3, {'y': 16.145, 'x': -24.871, 'yaw': 3.141}, None, None
80.09, [INFO], robot3, {'y': 16.088, 'x': -26.994, 'yaw': 3.141}, None, None
80.09, [INFO], robot3, {'battery-level': '69.16'}, None, None
90.01, [INFO], robot3, {'battery-level': '68.76'}, None, None
90.01, [INFO], robot3, {'y': 16.228, 'x': -29.091, 'yaw': 3.141}, None, None
100.01, [INFO], robot3, {'battery-level': '68.36'}, None, None
100.01, [INFO], robot3, {'y': 16.103, 'x': -31.203, 'yaw': 3.141}, None, None
110.04, [INFO], robot3, {'y': 15.656, 'x': -33.297, 'yaw': 3.142}, None, None
110.04, [INFO], robot3, {'battery-level': '67.96'}, None, None
120.06, [INFO], robot3, {'y': 15.417, 'x': -35.394, 'yaw': 3.141}, None, None
120.06, [INFO], robot3, {'battery-level': '67.56'}, None, None
130.06, [INFO], robot3, {'battery-level': '67.16'}, None, None
130.06, [INFO], robot3, {'y': 16.523, 'x': -36.762, 'yaw': -3.142}, None, None
140.07, [INFO], robot3, {'y': 18.629, 'x': -36.777, 'yaw': -3.142}, None, None
140.07, [INFO], robot3, {'battery-level': '66.76'}, None, None
150.05, [INFO], robot3, {'battery-level': '66.36'}, None, None
150.05, [INFO], robot3, {'y': 20.747, 'x': -36.928, 'yaw': 3.139}, None, None
160.03, [INFO], robot3, {'battery-level': '65.96'}, None, None
160.03, [INFO], robot3, {'y': 21.514, 'x': -38.071, 'yaw': 3.141}, None, None
165.68, [info], nurse, sync, received-request, (status=sending-request)
165.68, [info], nurse, sync, request-sent, (status=waiting)
165.68, [info], nurse, sync, wait-message, (status=message-received)
170.03, [INFO], robot3, {'y': 21.38, 'x': -37.41, 'yaw': 3.142}, None, None
170.03, [INFO], robot3, {'battery-level': '65.56'}, None, None
180.02, [INFO], robot3, {'battery-level': '65.16'}, None, None
180.02, [INFO], robot3, {'y': 19.322, 'x': -37.142, 'yaw': 3.141}, None, None
190.05, [INFO], robot3, {'battery-level': '64.76'}, None, None
190.05, [INFO], robot3, {'y': 17.206, 'x': -37.133, 'yaw': 3.141}, None, None
200.06, [INFO], robot3, {'y': 15.789, 'x': -35.974, 'yaw': 3.142}, None, None
200.06, [INFO], robot3, {'battery-level': '64.36'}, None, None
210.05, [INFO], robot3, {'battery-level': '63.96'}, None, None
210.05, [INFO], robot3, {'y': 15.358, 'x': -33.9, 'yaw': -3.141}, None, None
220.03, [INFO], robot3, {'battery-level': '63.56'}, None, None
220.03, [INFO], robot3, {'y': 15.552, 'x': -31.786, 'yaw': -3.141}, None, None
230.06, [INFO], robot3, {'battery-level': '63.16'}, None, None
230.06, [INFO], robot3, {'y': 15.67, 'x': -29.676, 'yaw': -3.142}, None, None
240.02, [INFO], robot3, {'battery-level': '62.76'}, None, None
240.02, [INFO], robot3, {'y': 15.789, 'x': -27.578, 'yaw': 3.142}, None, None
250.06, [INFO], robot3, {'y': 15.083, 'x': -25.85, 'yaw': 3.142}, None, None
250.06, [INFO], robot3, {'battery-level': '62.36'}, None, None
260.01, [INFO], robot3, {'battery-level': '61.96'}, None, None
260.01, [INFO], robot3, {'y': 13.073, 'x': -25.863, 'yaw': -3.142}, None, None
269.29, [info], lab_arm, sync, wait-message, (status=message-received)
270.02, [INFO], robot3, {'y': 12.883, 'x': -25.973, 'yaw': -3.142}, None, None
270.02, [INFO], robot3, {'battery-level': '61.56'}, None, None
270.20, [WARN], robot3, SUCCESS, None, None
280.00, [INFO], robot3, {'y': 12.883, 'x': -25.973, 'yaw': -3.142}, None, None
280.00, [INFO], robot3, {'battery-level': '61.16'}, None, None
