0.00, [DEBUG], nurse, NURSE_CONFIG={'location': 'PC Room 3', 'position': [-28.5, 18.0, -1.57]}, None, None
0.12, [DEBUG], logger, ROBOTS_CONFIG={'avg_speed': 0.15, 'battery_charge': 0.5779176354739738, 'battery_discharge_rate': 0.0006000000000000001, 'id': 2, 'local_plan': [['navigation', ['PC Room 3', [[-21.0, 18.0, -1.57], [-21.0, 16.0], [-28.5, 16.0], [-28.5, 18.0, -1.57]]], 'navto_room'], ['approach_person', ['nurse'], 'approach_nurse'], ['authenticate_person', ['nurse'], 'authenticate_nurse'], ['operate_drawer', ['open'], 'open_drawer_for_nurse'], ['send_message', ['nurse'], 'notify_nurse_of_open_drawer_for_nurse_completed'], ['wait_message', ['nurse'], 'wait_nurse_to_complete_deposit'], ['operate_drawer', ['close'], 'close_drawer_nurse'], ['navigation', ['Laboratory', [[-28.5, 18.0, -1.57], [-28.5, 16.0], [-26.0, 16.0], [-26.0, 13.0, 1.57]]], 'navto_lab'], ['approach_robot', ['lab_arm'], 'approach_arm'], ['operate_drawer', ['open'], 'open_drawer_lab'], ['send_message', ['lab_arm'], 'notify_lab_arm_of_open_drawer_lab_completed'], ['wait_message', ['lab_arm'], 'wait_lab_arm_to_complete_pick_up_sample'], ['operate_drawer', ['close'], 'close_drawer_lab']], 'location': 'PC Room 5', 'name': 'r2', 'position': [-21.0, 18.0, -1.57], 'skills': ['approach_person', 'approach_robot', 'authenticate_person', 'navigation', 'operate_drawer']}, None, None
0.12, [DEBUG], logger, Simulation open, None, None
10.04, [INFO], robot2, {'y': 17.218, 'x': -20.936, 'yaw': 3.142}, None, None
10.04, [INFO], robot2, {'battery-level': '57.25'}, None, None
20.04, [INFO], robot2, {'battery-level': '56.65'}, None, None
20.04, [INFO], robot2, {'y': 16.111, 'x': -22.063, 'yaw': -3.141}, None, None
30.08, [INFO], robot2, {'battery-level': '56.05'}, None, None
30.08, [INFO], robot2, {'y': 16.05, 'x': -24.197, 'yaw': -3.142}, None, None
40.00, [INFO], robot2, {'battery-level': '55.45'}, None, None
40.00, [INFO], robot2, {'y': 15.99, 'x': -26.295, 'yaw': -3.142}, None, None
50.09, [INFO], robot2, {'y': 16.318, 'x': -28.341, 'yaw': -3.142}, None, None
50.09, [INFO], robot2, {'battery-level': '54.85'}, None, None
60.01, [INFO], robot2, {'battery-level': '54.25'}, None, None
60.01, [INFO], robot2, {'y': 17.909, 'x': -28.585, 'yaw': -3.142}, None, None
70.00, [INFO], robot2, {'battery-level': '53.65'}, None, None
70.00, [INFO], robot2, {'y': 17.931, 'x': -28.622, 'yaw': -3.141}, None, None
72.46, [info], nurse, sync, received-request, (status=sending-request)
72.46, [info], nurse, sync, request-sent, (status=waiting)
72.46, [info], nurse, sync, wait-message, (status=message-received)
80.01, [INFO], robot2, {'battery-level': '53.05'}, None, None
80.01, [INFO], robot2, {'y': 16.574, 'x': -28.748, 'yaw': 3.142}, None, None
90.09, [INFO], robot2, {'y': 16.116, 'x': -26.94, 'yaw': 3.141}, None, None
90.09, [INFO], robot2, {'battery-level': '52.45'}, None, None
100.02, [INFO], robot2, {'battery-level': '51.85'}, None, None
100.02, [INFO], robot2, {'y': 14.573, 'x': -25.892, 'yaw': 3.142}, None, None
110.04, [INFO], robot2, {'battery-level': '51.25'}, None, None
110.04, [INFO], robot2, {'y': 12.932, 'x': -25.969, 'yaw': -3.142}, None, None
115.06, [info], lab_arm, sync, wait-message, (status=message-received)
115.98, [WARN], robot2, SUCCESS, None, None
