0.13, [DEBUG], logger, ROBOTS_CONFIG={'avg_speed': 0.15, 'battery_charge': 0.5408465660492595, 'battery_discharge_rate': 0.00072, 'id': 6, 'local_plan': [['navigation', ['PC Room 3', [[-27.23, 18.0, -1.57], [-27.23, 16.0], [-28.5, 16.0], [-28.5, 18.0, -1.57]]], 'navto_room'], ['approach_person', ['nurse'], 'approach_nurse'], ['authenticate_person', ['nurse'], 'authenticate_nurse'], ['operate_drawer', ['open'], 'open_drawer_for_nurse'], ['send_message', ['nurse'], 'notify_nurse_of_open_drawer_for_nurse_completed'], ['wait_message', ['nurse'], 'wait_nurse_to_complete_deposit'], ['operate_drawer', ['close'], 'close_drawer_nurse'], ['navigation', ['Laboratory', [[-28.5, 18.0, -1.57], [-28.5, 16.0], [-26.0, 16.0], [-26.0, 13.0, 1.57]]], 'navto_lab'], ['approach_robot', ['lab_arm'], 'approach_arm'], ['operate_drawer', ['open'], 'open_drawer_lab'], ['send_message', ['lab_arm'], 'notify_lab_arm_of_open_drawer_lab_completed'], ['wait_message', ['lab_arm'], 'wait_lab_arm_to_complete_pick_up_sample'], ['operate_drawer', ['close'], 'close_drawer_lab']], 'location': 'PC Room 4', 'name': 'r6', 'position': [-27.23, 18.0, -1.57], 'skills': ['approach_person', 'approach_robot', 'authenticate_person', 'navigation', 'operate_drawer']}, None, None
0.13, [DEBUG], logger, Simulation open, None, None
10.06, [INFO], robot6, {'y': 17.529, 'x': -27.153, 'yaw': 3.142}, None, None
10.06, [INFO], robot6, {'battery-level': '53.44'}, None, None
20.09, [INFO], robot6, {'battery-level': '52.72'}, None, None
20.09, [INFO], robot6, {'y': 16.418, 'x': -27.955, 'yaw': 3.141}, None, None
30.04, [INFO], robot6, {'battery-level': '52.00'}, None, None
30.04, [INFO], robot6, {'y': 17.874, 'x': -28.623, 'yaw': -3.141}, None, None
40.03, [INFO], robot6, {'y': 18.024, 'x': -28.578, 'yaw': 3.14}, None, None
40.03, [INFO], robot6, {'battery-level': '51.28'}, None, None
43.14, [info], nurse, sync, received-request, (status=sending-request)
43.14, [info], nurse, sync, request-sent, (status=waiting)
43.14, [info], nurse, sync, wait-message, (status=message-received)
50.05, [INFO], robot6, {'battery-level': '50.56'}, None, None
50.05, [INFO], robot6, {'y': 16.816, 'x': -28.758, 'yaw': -3.141}, None, None
60.07, [INFO], robot6, {'y': 16.144, 'x': -27.221, 'yaw': 3.142}, None, None
60.07, [INFO], robot6, {'battery-level': '49.84'}, None, None
70.01, [INFO], robot6, {'y': 14.932, 'x': -25.904, 'yaw': 3.14}, None, None
70.01, [INFO], robot6, {'battery-level': '49.12'}, None, None
80.02, [INFO], robot6, {'y': 13.016, 'x': -25.853, 'yaw': 3.141}, None, None
80.02, [INFO], robot6, {'battery-level': '48.40'}, None, None
89.09, [info], lab_arm, sync, wait-message, (status=message-received)
90.06, [INFO], robot6, {'battery-level': '47.68'}, None, None
90.06, [INFO], robot6, {'y': 12.91, 'x': -25.936, 'yaw': 3.141}, None, None
90.06, [WARN], robot6, SUCCESS, None, None
100.06, [INFO], robot6, {'battery-level': '46.96'}, None, None
100.06, [INFO], robot6, {'y': 12.911, 'x': -25.936, 'yaw': -3.142}, None, None
110.03, [INFO], robot6, {'battery-level': '46.24'}, None, None
110.03, [INFO], robot6, {'y': 12.911, 'x': -25.936, 'yaw': -3.142}, None, None
