0.00, [DEBUG], logger, ROBOTS_CONFIG={'avg_speed': 0.15, 'battery_charge': 0.634952869577942, 'battery_discharge_rate': 0.00026000000000000003, 'id': 2, 'local_plan': [['navigation', ['IC Room 6', [[-19.0, 18.0, -1.57], [-19.0, 16.0], [-37.0, 16.0], [-37.0, 18.93], [-33.9, 18.93, 3.14]]], 'navto_room'], ['approach_person', ['nurse'], 'approach_nurse'], ['authenticate_person', ['nurse'], 'authenticate_nurse'], ['operate_drawer', ['open'], 'open_drawer_for_nurse'], ['send_message', ['nurse'], 'notify_nurse_of_open_drawer_for_nurse_completed'], ['wait_message', ['nurse'], 'wait_nurse_to_complete_deposit'], ['operate_drawer', ['close'], 'close_drawer_nurse'], ['navigation', ['Laboratory', [[-33.9, 18.93, 3.14], [-37.0, 18.93], [-37.0, 16.0], [-26.0, 16.0], [-26.0, 13.0, 1.57]]], 'navto_lab'], ['approach_robot', ['lab_arm'], 'approach_arm'], ['operate_drawer', ['open'], 'open_drawer_lab'], ['send_message', ['lab_arm'], 'notify_lab_arm_of_open_drawer_lab_completed'], ['wait_message', ['lab_arm'], 'wait_lab_arm_to_complete_pick_up_sample'], ['operate_drawer', ['close'], 'close_drawer_lab']], 'location': 'PC Room 6', 'name': 'r2', 'position': [-19.0, 18.0, -1.57], 'skills': ['approach_person', 'approach_robot', 'authenticate_person', 'navigation', 'operate_drawer']}, None, None
0.00, [DEBUG], logger, Simulation open, None, None
10.08, [INFO], robot2, {'y': 17.55, 'x': -19.151, 'yaw': 3.141}, None, None
10.08, [INFO], robot2, {'battery-level': '63.26'}, None, None
20.07, [INFO], robot2, {'battery-level': '63.00'}, None, None
20.07, [INFO], robot2, {'y': 16.233, 'x': -20.181, 'yaw': 3.141}, None, None
30.02, [INFO], robot2, {'y': 16.222, 'x': -22.292, 'yaw': -3.138}, None, None
30.02, [INFO], robot2, {'battery-level': '62.74'}, None, None
40.09, [INFO], robot2, {'battery-level': '62.48'}, None, None
40.09, [INFO], robot2, {'y': 16.112, 'x': -24.413, 'yaw': 3.14}, None, None
50.08, [INFO], robot2, {'battery-level': '62.22'}, None, None
50.08, [INFO], robot2, {'y': 16.148, 'x': -26.515, 'yaw': -3.14}, None, None
59.96, [INFO], robot2, {'battery-level': '61.96'}, None, None
60.06, [INFO], robot2, {'y': 16.197, 'x': -28.618, 'yaw': 3.142}, None, None
70.07, [INFO], robot2, {'battery-level': '61.70'}, None, None
70.07, [INFO], robot2, {'y': 16.186, 'x': -30.738, 'yaw': 3.141}, None, None
79.95, [INFO], robot2, {'y': 15.783, 'x': -32.825, 'yaw': -3.142}, None, None
80.05, [INFO], robot2, {'battery-level': '61.44'}, None, None
90.02, [INFO], robot2, {'battery-level': '61.18'}, None, None
90.02, [INFO], robot2, {'y': 15.396, 'x': -34.918, 'yaw': 3.141}, None, None
100.07, [INFO], robot2, {'battery-level': '60.92'}, None, None
100.07, [INFO], robot2, {'y': 16.05, 'x': -36.901, 'yaw': -3.142}, None, None
110.05, [INFO], robot2, {'battery-level': '60.66'}, None, None
110.05, [INFO], robot2, {'y': 17.551, 'x': -36.864, 'yaw': -3.142}, None, None
120.01, [INFO], robot2, {'battery-level': '60.40'}, None, None
120.01, [INFO], robot2, {'y': 17.701, 'x': -36.802, 'yaw': -3.142}, None, None
130.03, [INFO], robot2, {'y': 17.94, 'x': -35.899, 'yaw': 3.141}, None, None
130.03, [INFO], robot2, {'battery-level': '60.14'}, None, None
140.01, [INFO], robot2, {'y': 18.271, 'x': -35.658, 'yaw': -3.136}, None, None
140.01, [INFO], robot2, {'battery-level': '59.88'}, None, None
150.02, [INFO], robot2, {'y': 18.094, 'x': -35.6, 'yaw': -3.136}, None, None
150.02, [INFO], robot2, {'battery-level': '59.62'}, None, None
160.04, [INFO], robot2, {'y': 18.006, 'x': -35.33, 'yaw': 3.141}, None, None
160.04, [INFO], robot2, {'battery-level': '59.36'}, None, None
170.05, [INFO], robot2, {'battery-level': '59.10'}, None, None
170.05, [INFO], robot2, {'y': 17.997, 'x': -35.3, 'yaw': 3.142}, None, None
170.74, [WARN], robot2, SKILL-FAILURE, navigation, navto_room
