0.00, [DEBUG], nurse, NURSE_CONFIG={'location': 'IC Room 2', 'position': [-38.0, 21.5, 0.0]}, None, None
0.00, [INFO], robot2, {'battery-level': '63.50'}, None, None
0.13, [DEBUG], logger, ROBOTS_CONFIG={'avg_speed': 0.15, 'battery_charge': 0.634952869577942, 'battery_discharge_rate': 0.00026000000000000003, 'id': 2, 'local_plan': [['navigation', ['IC Room 2', [[-19.0, 18.0, -1.57], [-19.0, 16.0], [-37.0, 16.0], [-37.0, 21.5], [-38.0, 21.5, 0.0]]], 'navto_room'], ['approach_person', ['nurse'], 'approach_nurse'], ['authenticate_person', ['nurse'], 'authenticate_nurse'], ['operate_drawer', ['open'], 'open_drawer_for_nurse'], ['send_message', ['nurse'], 'notify_nurse_of_open_drawer_for_nurse_completed'], ['wait_message', ['nurse'], 'wait_nurse_to_complete_deposit'], ['operate_drawer', ['close'], 'close_drawer_nurse'], ['navigation', ['Laboratory', [[-38.0, 21.5, 0.0], [-37.0, 21.5], [-37.0, 16.0], [-26.0, 16.0], [-26.0, 13.0, 1.57]]], 'navto_lab'], ['approach_robot', ['lab_arm'], 'approach_arm'], ['operate_drawer', ['open'], 'open_drawer_lab'], ['send_message', ['lab_arm'], 'notify_lab_arm_of_open_drawer_lab_completed'], ['wait_message', ['lab_arm'], 'wait_lab_arm_to_complete_pick_up_sample'], ['operate_drawer', ['close'], 'close_drawer_lab']], 'location': 'PC Room 6', 'name': 'r2', 'position': [-19.0, 18.0, -1.57], 'skills': ['approach_person', 'approach_robot', 'authenticate_person', 'navigation', 'operate_drawer']}, None, None
0.13, [DEBUG], logger, Simulation open, None, None
10.02, [INFO], robot2, {'y': 17.984, 'x': -18.999, 'yaw': 3.141}, None, None
10.02, [INFO], robot2, {'battery-level': '63.26'}, None, None
20.05, [INFO], robot2, {'y': 16.229, 'x': -19.811, 'yaw': -3.141}, None, None
20.05, [INFO], robot2, {'battery-level': '63.00'}, None, None
30.03, [INFO], robot2, {'y': 16.291, 'x': -21.916, 'yaw': 3.142}, None, None
30.03, [INFO], robot2, {'battery-level': '62.74'}, None, None
40.08, [INFO], robot2, {'battery-level': '62.48'}, None, None
40.08, [INFO], robot2, {'y': 16.092, 'x': -24.036, 'yaw': 3.14}, None, None
50.03, [INFO], robot2, {'y': 16.095, 'x': -26.148, 'yaw': 3.142}, None, None
50.03, [INFO], robot2, {'battery-level': '62.22'}, None, None
60.01, [INFO], robot2, {'battery-level': '61.96'}, None, None
60.01, [INFO], robot2, {'y': 16.188, 'x': -28.252, 'yaw': 3.142}, None, None
70.05, [INFO], robot2, {'battery-level': '61.70'}, None, None
70.05, [INFO], robot2, {'y': 16.166, 'x': -30.363, 'yaw': 3.142}, None, None
80.00, [INFO], robot2, {'battery-level': '61.44'}, None, None
80.00, [INFO], robot2, {'y': 15.874, 'x': -32.46, 'yaw': -3.142}, None, None
90.02, [INFO], robot2, {'battery-level': '61.18'}, None, None
90.02, [INFO], robot2, {'y': 15.391, 'x': -34.557, 'yaw': -3.141}, None, None
100.05, [INFO], robot2, {'battery-level': '60.92'}, None, None
100.05, [INFO], robot2, {'y': 15.772, 'x': -36.645, 'yaw': 3.141}, None, None
110.03, [INFO], robot2, {'battery-level': '60.66'}, None, None
110.03, [INFO], robot2, {'y': 17.841, 'x': -36.654, 'yaw': -3.142}, None, None
120.00, [INFO], robot2, {'battery-level': '60.40'}, None, None
120.00, [INFO], robot2, {'y': 19.961, 'x': -36.796, 'yaw': 3.136}, None, None
130.07, [INFO], robot2, {'y': 21.493, 'x': -37.82, 'yaw': -3.142}, None, None
130.07, [INFO], robot2, {'battery-level': '60.14'}, None, None
140.03, [INFO], robot2, {'battery-level': '59.88'}, None, None
140.03, [INFO], robot2, {'y': 21.417, 'x': -38.078, 'yaw': -3.141}, None, None
140.13, [info], nurse, sync, received-request, (status=sending-request)
140.13, [info], nurse, sync, request-sent, (status=waiting)
140.23, [info], nurse, sync, wait-message, (status=message-received)
150.03, [INFO], robot2, {'battery-level': '59.62'}, None, None
150.03, [INFO], robot2, {'y': 20.305, 'x': -37.154, 'yaw': -3.137}, None, None
160.00, [INFO], robot2, {'battery-level': '59.36'}, None, None
160.00, [INFO], robot2, {'y': 18.209, 'x': -37.031, 'yaw': 3.142}, None, None
170.09, [INFO], robot2, {'battery-level': '59.10'}, None, None
170.09, [INFO], robot2, {'y': 16.087, 'x': -36.903, 'yaw': 3.141}, None, None
180.08, [INFO], robot2, {'battery-level': '58.84'}, None, None
180.08, [INFO], robot2, {'y': 15.463, 'x': -34.877, 'yaw': -3.142}, None, None
190.06, [INFO], robot2, {'y': 15.56, 'x': -32.766, 'yaw': 3.141}, None, None
190.06, [INFO], robot2, {'battery-level': '58.58'}, None, None
200.05, [INFO], robot2, {'battery-level': '58.32'}, None, None
200.05, [INFO], robot2, {'y': 15.594, 'x': -30.648, 'yaw': -3.141}, None, None
210.03, [INFO], robot2, {'y': 15.764, 'x': -28.549, 'yaw': 3.141}, None, None
210.03, [INFO], robot2, {'battery-level': '58.06'}, None, None
220.02, [INFO], robot2, {'y': 15.783, 'x': -26.44, 'yaw': -3.14}, None, None
220.02, [INFO], robot2, {'battery-level': '57.80'}, None, None
230.00, [INFO], robot2, {'battery-level': '57.54'}, None, None
230.00, [INFO], robot2, {'y': 13.929, 'x': -25.712, 'yaw': 3.142}, None, None
240.09, [INFO], robot2, {'y': 12.952, 'x': -26.0, 'yaw': 3.142}, None, None
240.09, [INFO], robot2, {'battery-level': '57.28'}, None, None
242.40, [info], lab_arm, sync, wait-message, (status=message-received)
243.37, [WARN], robot2, SUCCESS, None, None
250.07, [INFO], robot2, {'battery-level': '57.02'}, None, None
250.07, [INFO], robot2, {'y': 12.944, 'x': -25.999, 'yaw': -3.142}, None, None
260.07, [INFO], robot2, {'battery-level': '56.76'}, None, None
260.07, [INFO], robot2, {'y': 12.942, 'x': -25.999, 'yaw': 3.142}, None, None
