0.00, [INFO], robot5, {'battery-level': '71.80'}, None, None
0.00, [DEBUG], logger, ROBOTS_CONFIG={'avg_speed': 0.15, 'battery_charge': 0.7179616530181877, 'battery_discharge_rate': 0.00076, 'id': 5, 'local_plan': [['navigation', ['IC Room 6', [[-13.5, 18.0, -1.57], [-13.5, 16.0], [-37.0, 16.0], [-37.0, 18.93], [-33.9, 18.93, 3.14]]], 'navto_room'], ['approach_person', ['nurse'], 'approach_nurse'], ['authenticate_person', ['nurse'], 'authenticate_nurse'], ['operate_drawer', ['open'], 'open_drawer_for_nurse'], ['send_message', ['nurse'], 'notify_nurse_of_open_drawer_for_nurse_completed'], ['wait_message', ['nurse'], 'wait_nurse_to_complete_deposit'], ['operate_drawer', ['close'], 'close_drawer_nurse'], ['navigation', ['Laboratory', [[-33.9, 18.93, 3.14], [-37.0, 18.93], [-37.0, 16.0], [-26.0, 16.0], [-26.0, 13.0, 1.57]]], 'navto_lab'], ['approach_robot', ['lab_arm'], 'approach_arm'], ['operate_drawer', ['open'], 'open_drawer_lab'], ['send_message', ['lab_arm'], 'notify_lab_arm_of_open_drawer_lab_completed'], ['wait_message', ['lab_arm'], 'wait_lab_arm_to_complete_pick_up_sample'], ['operate_drawer', ['close'], 'close_drawer_lab']], 'location': 'PC Room 7', 'name': 'r5', 'position': [-13.5, 18.0, -1.57], 'skills': ['approach_person', 'approach_robot', 'authenticate_person', 'navigation', 'operate_drawer']}, None, None
0.00, [DEBUG], logger, Simulation open, None, None
10.06, [INFO], robot5, {'battery-level': '71.11'}, None, None
10.06, [INFO], robot5, {'y': 17.608, 'x': -13.496, 'yaw': -3.142}, None, None
20.07, [INFO], robot5, {'battery-level': '70.35'}, None, None
20.07, [INFO], robot5, {'y': 15.999, 'x': -14.211, 'yaw': -3.141}, None, None
30.06, [INFO], robot5, {'battery-level': '69.59'}, None, None
30.06, [INFO], robot5, {'y': 15.958, 'x': -16.317, 'yaw': 3.142}, None, None
40.05, [INFO], robot5, {'y': 15.993, 'x': -18.421, 'yaw': -3.139}, None, None
40.05, [INFO], robot5, {'battery-level': '68.83'}, None, None
50.03, [INFO], robot5, {'battery-level': '68.07'}, None, None
50.03, [INFO], robot5, {'y': 16.143, 'x': -20.521, 'yaw': 3.139}, None, None
60.01, [INFO], robot5, {'y': 16.106, 'x': -22.622, 'yaw': 3.142}, None, None
60.01, [INFO], robot5, {'battery-level': '67.31'}, None, None
70.01, [INFO], robot5, {'battery-level': '66.55'}, None, None
70.01, [INFO], robot5, {'y': 16.06, 'x': -24.728, 'yaw': 3.14}, None, None
80.05, [INFO], robot5, {'battery-level': '65.79'}, None, None
80.05, [INFO], robot5, {'y': 16.002, 'x': -26.851, 'yaw': 3.142}, None, None
90.05, [INFO], robot5, {'battery-level': '65.03'}, None, None
90.05, [INFO], robot5, {'y': 16.098, 'x': -28.954, 'yaw': 3.141}, None, None
100.04, [INFO], robot5, {'battery-level': '64.27'}, None, None
100.04, [INFO], robot5, {'y': 16.001, 'x': -31.072, 'yaw': 3.14}, None, None
110.04, [INFO], robot5, {'y': 15.741, 'x': -33.18, 'yaw': -3.141}, None, None
110.04, [INFO], robot5, {'battery-level': '63.51'}, None, None
120.08, [INFO], robot5, {'y': 15.393, 'x': -35.264, 'yaw': 3.141}, None, None
120.08, [INFO], robot5, {'battery-level': '62.75'}, None, None
130.00, [INFO], robot5, {'y': 16.365, 'x': -36.826, 'yaw': -3.142}, None, None
130.00, [INFO], robot5, {'battery-level': '61.99'}, None, None
140.04, [INFO], robot5, {'y': 17.564, 'x': -36.79, 'yaw': -3.141}, None, None
140.04, [INFO], robot5, {'battery-level': '61.23'}, None, None
150.07, [INFO], robot5, {'battery-level': '60.47'}, None, None
150.07, [INFO], robot5, {'y': 17.65, 'x': -36.766, 'yaw': 3.142}, None, None
160.06, [INFO], robot5, {'battery-level': '59.71'}, None, None
160.06, [INFO], robot5, {'y': 17.685, 'x': -36.695, 'yaw': 3.141}, None, None
170.10, [INFO], robot5, {'battery-level': '58.95'}, None, None
170.10, [INFO], robot5, {'y': 18.151, 'x': -35.705, 'yaw': 3.141}, None, None
180.01, [INFO], robot5, {'battery-level': '58.19'}, None, None
180.01, [INFO], robot5, {'y': 18.408, 'x': -35.774, 'yaw': 3.14}, None, None
190.01, [INFO], robot5, {'battery-level': '57.43'}, None, None
190.01, [INFO], robot5, {'y': 18.415, 'x': -35.751, 'yaw': 3.137}, None, None
200.03, [INFO], robot5, {'battery-level': '56.67'}, None, None
200.03, [INFO], robot5, {'y': 18.415, 'x': -35.755, 'yaw': 3.139}, None, None
210.05, [INFO], robot5, {'battery-level': '55.91'}, None, None
210.05, [INFO], robot5, {'y': 18.415, 'x': -35.757, 'yaw': 3.142}, None, None
220.08, [INFO], robot5, {'battery-level': '55.15'}, None, None
220.08, [INFO], robot5, {'y': 18.44, 'x': -36.003, 'yaw': -3.142}, None, None
228.50, [WARN], robot5, SKILL-FAILURE, navigation, navto_room
230.08, [INFO], robot5, {'y': 18.254, 'x': -35.636, 'yaw': -3.136}, None, None
230.08, [INFO], robot5, {'battery-level': '54.39'}, None, None
