0.00, [INFO], robot5, {'battery-level': '71.80'}, None, None
0.00, [DEBUG], logger, ROBOTS_CONFIG={'avg_speed': 0.15, 'battery_charge': 0.7179616530181877, 'battery_discharge_rate': 0.00076, 'id': 5, 'local_plan': [['navigation', ['PC Room 3', [[-33.9, 18.93, 3.14], [-37.0, 18.93], [-37.0, 16.0], [-28.5, 16.0], [-28.5, 18.0, -1.57]]], 'navto_room'], ['approach_person', ['nurse'], 'approach_nurse'], ['authenticate_person', ['nurse'], 'authenticate_nurse'], ['operate_drawer', ['open'], 'open_drawer_for_nurse'], ['send_message', ['nurse'], 'notify_nurse_of_open_drawer_for_nurse_completed'], ['wait_message', ['nurse'], 'wait_nurse_to_complete_deposit'], ['operate_drawer', ['close'], 'close_drawer_nurse'], ['navigation', ['Laboratory', [[-28.5, 18.0, -1.57], [-28.5, 16.0], [-26.0, 16.0], [-26.0, 13.0, 1.57]]], 'navto_lab'], ['approach_robot', ['lab_arm'], 'approach_arm'], ['operate_drawer', ['open'], 'open_drawer_lab'], ['send_message', ['lab_arm'], 'notify_lab_arm_of_open_drawer_lab_completed'], ['wait_message', ['lab_arm'], 'wait_lab_arm_to_complete_pick_up_sample'], ['operate_drawer', ['close'], 'close_drawer_lab']], 'location': 'IC Room 6', 'name': 'r5', 'position': [-33.9, 18.93, 3.14], 'skills': ['approach_person', 'approach_robot', 'authenticate_person', 'navigation', 'operate_drawer']}, None, None
0.00, [DEBUG], logger, Simulation open, None, None
10.02, [INFO], robot5, {'battery-level': '71.11'}, None, None
10.02, [INFO], robot5, {'y': 18.56, 'x': -34.32, 'yaw': 3.142}, None, None
20.06, [INFO], robot5, {'y': 17.881, 'x': -36.028, 'yaw': 3.141}, None, None
20.06, [INFO], robot5, {'battery-level': '70.35'}, None, None
30.01, [INFO], robot5, {'y': 17.437, 'x': -37.037, 'yaw': -3.142}, None, None
30.01, [INFO], robot5, {'battery-level': '69.59'}, None, None
40.07, [INFO], robot5, {'battery-level': '68.83'}, None, None
40.07, [INFO], robot5, {'y': 17.25, 'x': -36.952, 'yaw': 3.14}, None, None
50.00, [INFO], robot5, {'y': 17.419, 'x': -36.895, 'yaw': 3.141}, None, None
50.00, [INFO], robot5, {'battery-level': '68.07'}, None, None
60.04, [INFO], robot5, {'battery-level': '67.31'}, None, None
60.04, [INFO], robot5, {'y': 17.33, 'x': -37.074, 'yaw': 3.141}, None, None
70.02, [INFO], robot5, {'y': 17.274, 'x': -36.923, 'yaw': 3.141}, None, None
70.02, [INFO], robot5, {'battery-level': '66.55'}, None, None
80.04, [INFO], robot5, {'battery-level': '65.79'}, None, None
80.04, [INFO], robot5, {'y': 17.223, 'x': -36.741, 'yaw': -3.141}, None, None
90.04, [INFO], robot5, {'battery-level': '65.03'}, None, None
90.04, [INFO], robot5, {'y': 17.433, 'x': -36.991, 'yaw': 3.141}, None, None
100.05, [INFO], robot5, {'battery-level': '64.27'}, None, None
100.05, [INFO], robot5, {'y': 17.489, 'x': -37.032, 'yaw': 3.142}, None, None
110.07, [INFO], robot5, {'battery-level': '63.51'}, None, None
110.07, [INFO], robot5, {'y': 17.317, 'x': -37.096, 'yaw': -3.141}, None, None
120.09, [INFO], robot5, {'y': 17.391, 'x': -36.914, 'yaw': -3.141}, None, None
120.09, [INFO], robot5, {'battery-level': '62.75'}, None, None
130.07, [INFO], robot5, {'battery-level': '61.99'}, None, None
130.07, [INFO], robot5, {'y': 17.287, 'x': -36.911, 'yaw': -3.141}, None, None
140.04, [INFO], robot5, {'y': 17.258, 'x': -37.046, 'yaw': 3.142}, None, None
140.04, [INFO], robot5, {'battery-level': '61.23'}, None, None
150.01, [INFO], robot5, {'battery-level': '60.47'}, None, None
150.01, [INFO], robot5, {'y': 17.226, 'x': -36.713, 'yaw': 3.141}, None, None
160.05, [INFO], robot5, {'y': 17.405, 'x': -36.653, 'yaw': 3.141}, None, None
160.05, [INFO], robot5, {'battery-level': '59.71'}, None, None
170.06, [INFO], robot5, {'battery-level': '58.95'}, None, None
170.06, [INFO], robot5, {'y': 17.361, 'x': -37.025, 'yaw': -3.141}, None, None
178.32, [WARN], robot5, SKILL-FAILURE, navigation, navto_room
180.03, [INFO], robot5, {'battery-level': '58.19'}, None, None
180.03, [INFO], robot5, {'y': 17.416, 'x': -36.97, 'yaw': 3.142}, None, None
190.09, [INFO], robot5, {'battery-level': '57.43'}, None, None
190.09, [INFO], robot5, {'y': 17.415, 'x': -36.97, 'yaw': 3.142}, None, None
200.04, [INFO], robot5, {'battery-level': '56.67'}, None, None
200.04, [INFO], robot5, {'y': 17.415, 'x': -36.97, 'yaw': -3.142}, None, None
