0.00, [INFO], robot6, {'battery-level': '54.08'}, None, None
0.19, [DEBUG], logger, ROBOTS_CONFIG={'avg_speed': 0.15, 'battery_charge': 0.5408465660492595, 'battery_discharge_rate': 0.00038, 'id': 6, 'local_plan': [['navigation', ['IC Room 6', [[-32.88, 33.98, 3.14], [-37.0, 33.98], [-37.0, 18.93], [-33.9, 18.93, 3.14]]], 'navto_room'], ['approach_person', ['nurse'], 'approach_nurse'], ['authenticate_person', ['nurse'], 'authenticate_nurse'], ['operate_drawer', ['open'], 'open_drawer_for_nurse'], ['send_message', ['nurse'], 'notify_nurse_of_open_drawer_for_nurse_completed'], ['wait_message', ['nurse'], 'wait_nurse_to_complete_deposit'], ['operate_drawer', ['close'], 'close_drawer_nurse'], ['navigation', ['Laboratory', [[-33.9, 18.93, 3.14], [-37.0, 18.93], [-37.0, 16.0], [-26.0, 16.0], [-26.0, 13.0, 1.57]]], 'navto_lab'], ['approach_robot', ['lab_arm'], 'approach_arm'], ['operate_drawer', ['open'], 'open_drawer_lab'], ['send_message', ['lab_arm'], 'notify_lab_arm_of_open_drawer_lab_completed'], ['wait_message', ['lab_arm'], 'wait_lab_arm_to_complete_pick_up_sample'], ['operate_drawer', ['close'], 'close_drawer_lab']], 'location': 'IC Room 5', 'name': 'r6', 'position': [-32.88, 33.98, 3.14], 'skills': ['approach_person', 'approach_robot', 'authenticate_person', 'navigation', 'operate_drawer']}, None, None
0.19, [DEBUG], logger, Simulation open, None, None
10.07, [INFO], robot6, {'y': 34.059, 'x': -33.204, 'yaw': -3.142}, None, None
10.07, [INFO], robot6, {'battery-level': '53.74'}, None, None
20.02, [INFO], robot6, {'y': 34.72, 'x': -35.196, 'yaw': -3.141}, None, None
20.02, [INFO], robot6, {'battery-level': '53.36'}, None, None
30.06, [INFO], robot6, {'battery-level': '52.98'}, None, None
30.06, [INFO], robot6, {'y': 33.751, 'x': -37.008, 'yaw': 3.142}, None, None
40.01, [INFO], robot6, {'y': 31.643, 'x': -36.941, 'yaw': -3.142}, None, None
40.01, [INFO], robot6, {'battery-level': '52.60'}, None, None
50.02, [INFO], robot6, {'battery-level': '52.22'}, None, None
50.02, [INFO], robot6, {'y': 29.542, 'x': -36.974, 'yaw': -3.141}, None, None
60.09, [INFO], robot6, {'battery-level': '51.84'}, None, None
60.09, [INFO], robot6, {'y': 27.419, 'x': -36.994, 'yaw': 3.141}, None, None
70.06, [INFO], robot6, {'y': 25.317, 'x': -36.989, 'yaw': 3.142}, None, None
70.06, [INFO], robot6, {'battery-level': '51.46'}, None, None
80.01, [INFO], robot6, {'y': 23.209, 'x': -37.005, 'yaw': 3.141}, None, None
80.01, [INFO], robot6, {'battery-level': '51.08'}, None, None
90.09, [INFO], robot6, {'y': 21.076, 'x': -37.125, 'yaw': -3.141}, None, None
90.09, [INFO], robot6, {'battery-level': '50.70'}, None, None
100.08, [INFO], robot6, {'y': 18.975, 'x': -36.974, 'yaw': 3.142}, None, None
100.08, [INFO], robot6, {'battery-level': '50.32'}, None, None
110.05, [INFO], robot6, {'battery-level': '49.94'}, None, None
110.05, [INFO], robot6, {'y': 17.682, 'x': -35.32, 'yaw': -3.141}, None, None
120.10, [INFO], robot6, {'y': 18.895, 'x': -33.979, 'yaw': -3.142}, None, None
120.10, [INFO], robot6, {'battery-level': '49.56'}, None, None
126.49, [info], nurse, sync, received-request, (status=sending-request)
126.49, [info], nurse, sync, request-sent, (status=waiting)
126.59, [info], nurse, sync, wait-message, (status=message-received)
130.08, [INFO], robot6, {'y': 18.717, 'x': -34.285, 'yaw': 3.14}, None, None
130.08, [INFO], robot6, {'battery-level': '49.18'}, None, None
140.05, [INFO], robot6, {'battery-level': '48.80'}, None, None
140.05, [INFO], robot6, {'y': 17.819, 'x': -35.913, 'yaw': 3.139}, None, None
150.04, [INFO], robot6, {'y': 17.592, 'x': -37.02, 'yaw': -3.142}, None, None
150.04, [INFO], robot6, {'battery-level': '48.42'}, None, None
160.01, [INFO], robot6, {'battery-level': '48.04'}, None, None
160.01, [INFO], robot6, {'y': 17.245, 'x': -36.891, 'yaw': -3.142}, None, None
170.07, [INFO], robot6, {'y': 17.341, 'x': -36.971, 'yaw': -3.141}, None, None
170.07, [INFO], robot6, {'battery-level': '47.66'}, None, None
180.07, [INFO], robot6, {'y': 17.243, 'x': -36.8, 'yaw': -3.141}, None, None
180.07, [INFO], robot6, {'battery-level': '47.28'}, None, None
190.05, [INFO], robot6, {'battery-level': '46.90'}, None, None
190.05, [INFO], robot6, {'y': 17.367, 'x': -37.071, 'yaw': -3.142}, None, None
200.03, [INFO], robot6, {'battery-level': '46.52'}, None, None
200.03, [INFO], robot6, {'y': 17.189, 'x': -36.915, 'yaw': -3.141}, None, None
210.08, [INFO], robot6, {'y': 17.382, 'x': -36.981, 'yaw': -3.142}, None, None
210.08, [INFO], robot6, {'battery-level': '46.14'}, None, None
220.06, [INFO], robot6, {'battery-level': '45.76'}, None, None
220.06, [INFO], robot6, {'y': 17.22, 'x': -36.782, 'yaw': -3.141}, None, None
230.07, [INFO], robot6, {'battery-level': '45.38'}, None, None
230.07, [INFO], robot6, {'y': 17.354, 'x': -36.993, 'yaw': -3.142}, None, None
240.04, [INFO], robot6, {'battery-level': '45.00'}, None, None
240.04, [INFO], robot6, {'y': 17.394, 'x': -36.869, 'yaw': -3.141}, None, None
250.04, [INFO], robot6, {'y': 17.248, 'x': -36.895, 'yaw': -3.141}, None, None
250.04, [INFO], robot6, {'battery-level': '44.62'}, None, None
260.03, [INFO], robot6, {'battery-level': '44.24'}, None, None
260.03, [INFO], robot6, {'y': 17.393, 'x': -37.032, 'yaw': 3.141}, None, None
270.01, [INFO], robot6, {'battery-level': '43.86'}, None, None
270.01, [INFO], robot6, {'y': 17.297, 'x': -36.974, 'yaw': -3.141}, None, None
280.03, [INFO], robot6, {'battery-level': '43.48'}, None, None
280.03, [INFO], robot6, {'y': 17.191, 'x': -37.122, 'yaw': 3.141}, None, None
290.02, [INFO], robot6, {'battery-level': '43.10'}, None, None
290.02, [INFO], robot6, {'y': 17.341, 'x': -36.983, 'yaw': 3.141}, None, None
300.01, [INFO], robot6, {'battery-level': '42.72'}, None, None
300.01, [INFO], robot6, {'y': 17.291, 'x': -37.021, 'yaw': -3.141}, None, None
310.09, [INFO], robot6, {'y': 17.293, 'x': -37.136, 'yaw': -3.142}, None, None
310.09, [INFO], robot6, {'battery-level': '42.34'}, None, None
315.52, [WARN], robot6, SKILL-FAILURE, navigation, navto_lab
320.01, [INFO], robot6, {'battery-level': '41.96'}, None, None
320.01, [INFO], robot6, {'y': 17.315, 'x': -36.809, 'yaw': 3.142}, None, None
