0.00, [DEBUG], nurse, NURSE_CONFIG={'location': 'IC Room 6', 'position': [-33.9, 18.93, 3.14]}, None, None
0.00, [INFO], robot1, {'battery-level': '24.00'}, None, None
0.00, [DEBUG], logger, ROBOTS_CONFIG={'avg_speed': 0.15, 'battery_charge': 0.23995139509475963, 'battery_discharge_rate': 0.0006600000000000001, 'id': 1, 'local_plan': [['navigation', ['IC Room 6', [[-11.5, 18.0, -1.57], [-11.5, 16.0], [-37.0, 16.0], [-37.0, 18.93], [-33.9, 18.93, 3.14]]], 'navto_room'], ['approach_person', ['nurse'], 'approach_nurse'], ['authenticate_person', ['nurse'], 'authenticate_nurse'], ['operate_drawer', ['open'], 'open_drawer_for_nurse'], ['send_message', ['nurse'], 'notify_nurse_of_open_drawer_for_nurse_completed'], ['wait_message', ['nurse'], 'wait_nurse_to_complete_deposit'], ['operate_drawer', ['close'], 'close_drawer_nurse'], ['navigation', ['Laboratory', [[-33.9, 18.93, 3.14], [-37.0, 18.93], [-37.0, 16.0], [-26.0, 16.0], [-26.0, 13.0, 1.57]]], 'navto_lab'], ['approach_robot', ['lab_arm'], 'approach_arm'], ['operate_drawer', ['open'], 'open_drawer_lab'], ['send_message', ['lab_arm'], 'notify_lab_arm_of_open_drawer_lab_completed'], ['wait_message', ['lab_arm'], 'wait_lab_arm_to_complete_pick_up_sample'], ['operate_drawer', ['close'], 'close_drawer_lab']], 'location': 'PC Room 8', 'name': 'r1', 'position': [-11.5, 18.0, -1.57], 'skills': ['approach_person', 'approach_robot', 'authenticate_person', 'navigation', 'operate_drawer']}, None, None
0.00, [DEBUG], logger, Simulation open, None, None
10.08, [INFO], robot1, {'y': 18.0, 'x': -11.5, 'yaw': -3.142}, None, None
10.08, [INFO], robot1, {'battery-level': '23.40'}, None, None
20.00, [INFO], robot1, {'battery-level': '22.74'}, None, None
20.00, [INFO], robot1, {'y': 17.065, 'x': -11.72, 'yaw': -3.139}, None, None
30.04, [INFO], robot1, {'battery-level': '22.08'}, None, None
30.04, [INFO], robot1, {'y': 16.231, 'x': -13.026, 'yaw': 3.141}, None, None
40.04, [INFO], robot1, {'battery-level': '21.42'}, None, None
40.04, [INFO], robot1, {'y': 16.124, 'x': -12.818, 'yaw': 3.141}, None, None
50.08, [INFO], robot1, {'battery-level': '20.76'}, None, None
50.08, [INFO], robot1, {'y': 16.264, 'x': -12.864, 'yaw': 3.141}, None, None
60.03, [INFO], robot1, {'battery-level': '20.10'}, None, None
60.03, [INFO], robot1, {'y': 16.204, 'x': -13.095, 'yaw': 3.141}, None, None
70.07, [INFO], robot1, {'y': 16.156, 'x': -12.817, 'yaw': 3.141}, None, None
70.07, [INFO], robot1, {'battery-level': '19.44'}, None, None
80.04, [INFO], robot1, {'battery-level': '18.78'}, None, None
80.04, [INFO], robot1, {'y': 16.124, 'x': -13.015, 'yaw': 3.141}, None, None
90.05, [INFO], robot1, {'battery-level': '18.12'}, None, None
90.05, [INFO], robot1, {'y': 16.338, 'x': -12.947, 'yaw': 3.141}, None, None
100.01, [INFO], robot1, {'y': 16.228, 'x': -12.835, 'yaw': -3.142}, None, None
100.01, [INFO], robot1, {'battery-level': '17.46'}, None, None
110.06, [INFO], robot1, {'y': 16.0, 'x': -12.885, 'yaw': 3.141}, None, None
110.06, [INFO], robot1, {'battery-level': '16.80'}, None, None
120.09, [INFO], robot1, {'battery-level': '16.14'}, None, None
120.09, [INFO], robot1, {'y': 16.376, 'x': -13.037, 'yaw': 3.141}, None, None
130.09, [INFO], robot1, {'battery-level': '15.48'}, None, None
130.09, [INFO], robot1, {'y': 16.091, 'x': -13.015, 'yaw': 3.141}, None, None
140.02, [INFO], robot1, {'y': 16.258, 'x': -12.877, 'yaw': 3.141}, None, None
140.02, [INFO], robot1, {'battery-level': '14.82'}, None, None
150.02, [INFO], robot1, {'y': 16.216, 'x': -13.051, 'yaw': -3.137}, None, None
150.02, [INFO], robot1, {'battery-level': '14.16'}, None, None
160.03, [INFO], robot1, {'y': 16.019, 'x': -12.888, 'yaw': -3.141}, None, None
160.03, [INFO], robot1, {'battery-level': '13.50'}, None, None
168.18, [WARN], robot1, SKILL-FAILURE, navigation, navto_room
170.05, [INFO], robot1, {'battery-level': '12.84'}, None, None
170.05, [INFO], robot1, {'y': 16.076, 'x': -12.792, 'yaw': 3.141}, None, None
180.09, [INFO], robot1, {'battery-level': '12.18'}, None, None
180.09, [INFO], robot1, {'y': 16.077, 'x': -12.792, 'yaw': 3.141}, None, None
