0.00, [INFO], robot6, {'battery-level': '54.08'}, None, None
0.00, [DEBUG], logger, ROBOTS_CONFIG={'avg_speed': 0.15, 'battery_charge': 0.5408465660492595, 'battery_discharge_rate': 0.00038, 'id': 6, 'local_plan': [['navigation', ['IC Room 2', [[-33.9, 18.93, 3.14], [-37.0, 18.93], [-37.0, 21.5], [-38.0, 21.5, 0.0]]], 'navto_room'], ['approach_person', ['nurse'], 'approach_nurse'], ['authenticate_person', ['nurse'], 'authenticate_nurse'], ['operate_drawer', ['open'], 'open_drawer_for_nurse'], ['send_message', ['nurse'], 'notify_nurse_of_open_drawer_for_nurse_completed'], ['wait_message', ['nurse'], 'wait_nurse_to_complete_deposit'], ['operate_drawer', ['close'], 'close_drawer_nurse'], ['navigation', ['Laboratory', [[-38.0, 21.5, 0.0], [-37.0, 21.5], [-37.0, 16.0], [-26.0, 16.0], [-26.0, 13.0, 1.57]]], 'navto_lab'], ['approach_robot', ['lab_arm'], 'approach_arm'], ['operate_drawer', ['open'], 'open_drawer_lab'], ['send_message', ['lab_arm'], 'notify_lab_arm_of_open_drawer_lab_completed'], ['wait_message', ['lab_arm'], 'wait_lab_arm_to_complete_pick_up_sample'], ['operate_drawer', ['close'], 'close_drawer_lab']], 'location': 'IC Room 6', 'name': 'r6', 'position': [-33.9, 18.93, 3.14], 'skills': ['approach_person', 'approach_robot', 'authenticate_person', 'navigation', 'operate_drawer']}, None, None
0.00, [DEBUG], logger, Simulation open, None, None
10.03, [INFO], robot6, {'battery-level': '53.74'}, None, None
10.03, [INFO], robot6, {'y': 18.725, 'x': -34.23, 'yaw': -3.142}, None, None
20.02, [INFO], robot6, {'battery-level': '53.36'}, None, None
20.02, [INFO], robot6, {'y': 17.783, 'x': -35.869, 'yaw': 3.141}, None, None
30.04, [INFO], robot6, {'battery-level': '52.98'}, None, None
30.04, [INFO], robot6, {'y': 19.463, 'x': -36.917, 'yaw': -3.142}, None, None
40.06, [INFO], robot6, {'y': 21.388, 'x': -37.423, 'yaw': -3.141}, None, None
40.06, [INFO], robot6, {'battery-level': '52.60'}, None, None
50.05, [INFO], robot6, {'y': 21.402, 'x': -38.094, 'yaw': -3.142}, None, None
50.05, [INFO], robot6, {'battery-level': '52.22'}, None, None
60.06, [INFO], robot6, {'battery-level': '51.84'}, None, None
60.06, [INFO], robot6, {'y': 21.401, 'x': -38.091, 'yaw': -3.142}, None, None
70.09, [INFO], robot6, {'battery-level': '51.46'}, None, None
70.09, [INFO], robot6, {'y': 21.401, 'x': -38.091, 'yaw': 3.142}, None, None
80.02, [INFO], robot6, {'battery-level': '51.08'}, None, None
80.02, [INFO], robot6, {'y': 21.401, 'x': -38.091, 'yaw': -3.142}, None, None
90.05, [INFO], robot6, {'y': 21.401, 'x': -38.091, 'yaw': -3.142}, None, None
90.05, [INFO], robot6, {'battery-level': '50.70'}, None, None
100.07, [INFO], robot6, {'battery-level': '50.32'}, None, None
100.07, [INFO], robot6, {'y': 21.401, 'x': -38.091, 'yaw': -3.142}, None, None
110.09, [INFO], robot6, {'y': 21.401, 'x': -38.091, 'yaw': 3.142}, None, None
110.09, [INFO], robot6, {'battery-level': '49.94'}, None, None
120.01, [INFO], robot6, {'battery-level': '49.56'}, None, None
120.01, [INFO], robot6, {'y': 21.401, 'x': -38.091, 'yaw': -3.142}, None, None
130.01, [INFO], robot6, {'y': 21.401, 'x': -38.091, 'yaw': 3.142}, None, None
130.01, [INFO], robot6, {'battery-level': '49.18'}, None, None
140.03, [INFO], robot6, {'y': 21.401, 'x': -38.091, 'yaw': 3.142}, None, None
140.03, [INFO], robot6, {'battery-level': '48.80'}, None, None
150.04, [INFO], robot6, {'y': 21.401, 'x': -38.091, 'yaw': 3.142}, None, None
150.04, [INFO], robot6, {'battery-level': '48.42'}, None, None
160.06, [INFO], robot6, {'battery-level': '48.04'}, None, None
160.06, [INFO], robot6, {'y': 21.401, 'x': -38.092, 'yaw': 3.142}, None, None
170.06, [INFO], robot6, {'y': 21.401, 'x': -38.092, 'yaw': 3.142}, None, None
170.06, [INFO], robot6, {'battery-level': '47.66'}, None, None
180.07, [INFO], robot6, {'y': 21.401, 'x': -38.092, 'yaw': 3.142}, None, None
180.07, [INFO], robot6, {'battery-level': '47.28'}, None, None
190.09, [INFO], robot6, {'battery-level': '46.90'}, None, None
190.09, [INFO], robot6, {'y': 21.401, 'x': -38.092, 'yaw': -3.142}, None, None
200.04, [INFO], robot6, {'y': 21.401, 'x': -38.092, 'yaw': -3.142}, None, None
200.04, [INFO], robot6, {'battery-level': '46.52'}, None, None
210.06, [INFO], robot6, {'y': 21.401, 'x': -38.092, 'yaw': -3.142}, None, None
210.06, [INFO], robot6, {'battery-level': '46.14'}, None, None
220.08, [INFO], robot6, {'y': 21.401, 'x': -38.092, 'yaw': 3.142}, None, None
220.08, [INFO], robot6, {'battery-level': '45.76'}, None, None
230.01, [INFO], robot6, {'battery-level': '45.38'}, None, None
230.01, [INFO], robot6, {'y': 21.401, 'x': -38.092, 'yaw': -3.142}, None, None
240.03, [INFO], robot6, {'y': 21.401, 'x': -38.092, 'yaw': 3.142}, None, None
240.03, [INFO], robot6, {'battery-level': '45.00'}, None, None
250.04, [INFO], robot6, {'battery-level': '44.62'}, None, None
250.04, [INFO], robot6, {'y': 21.401, 'x': -38.092, 'yaw': -3.142}, None, None
260.06, [INFO], robot6, {'battery-level': '44.24'}, None, None
260.06, [INFO], robot6, {'y': 21.401, 'x': -38.092, 'yaw': 3.142}, None, None
270.08, [INFO], robot6, {'y': 21.401, 'x': -38.092, 'yaw': -3.142}, None, None
270.08, [INFO], robot6, {'battery-level': '43.86'}, None, None
280.10, [INFO], robot6, {'battery-level': '43.48'}, None, None
280.10, [INFO], robot6, {'y': 21.401, 'x': -38.092, 'yaw': 3.142}, None, None
290.03, [INFO], robot6, {'battery-level': '43.10'}, None, None
290.03, [INFO], robot6, {'y': 21.401, 'x': -38.092, 'yaw': -3.142}, None, None
300.01, [INFO], robot6, {'y': 21.401, 'x': -38.092, 'yaw': -3.142}, None, None
300.01, [INFO], robot6, {'battery-level': '42.72'}, None, None
310.03, [INFO], robot6, {'battery-level': '42.34'}, None, None
310.03, [INFO], robot6, {'y': 21.401, 'x': -38.092, 'yaw': -3.142}, None, None
320.06, [INFO], robot6, {'battery-level': '41.96'}, None, None
320.06, [INFO], robot6, {'y': 21.401, 'x': -38.092, 'yaw': 3.142}, None, None
330.09, [INFO], robot6, {'y': 21.401, 'x': -38.093, 'yaw': 3.142}, None, None
330.09, [INFO], robot6, {'battery-level': '41.58'}, None, None
340.01, [INFO], robot6, {'battery-level': '41.20'}, None, None
340.01, [INFO], robot6, {'y': 21.401, 'x': -38.093, 'yaw': 3.142}, None, None
350.03, [INFO], robot6, {'y': 21.401, 'x': -38.093, 'yaw': -3.142}, None, None
350.03, [INFO], robot6, {'battery-level': '40.82'}, None, None
360.05, [INFO], robot6, {'battery-level': '40.44'}, None, None
360.05, [INFO], robot6, {'y': 21.401, 'x': -38.093, 'yaw': -3.142}, None, None
370.05, [INFO], robot6, {'y': 21.401, 'x': -38.093, 'yaw': -3.142}, None, None
370.05, [INFO], robot6, {'battery-level': '40.06'}, None, None
380.05, [INFO], robot6, {'y': 21.401, 'x': -38.093, 'yaw': -3.142}, None, None
380.05, [INFO], robot6, {'battery-level': '39.68'}, None, None
390.07, [INFO], robot6, {'battery-level': '39.30'}, None, None
390.07, [INFO], robot6, {'y': 21.401, 'x': -38.093, 'yaw': -3.142}, None, None
400.00, [INFO], robot6, {'battery-level': '38.92'}, None, None
400.00, [INFO], robot6, {'y': 21.401, 'x': -38.093, 'yaw': -3.142}, None, None
410.00, [INFO], robot6, {'y': 21.401, 'x': -38.093, 'yaw': 3.142}, None, None
410.00, [INFO], robot6, {'battery-level': '38.54'}, None, None
420.08, [INFO], robot6, {'battery-level': '38.16'}, None, None
420.08, [INFO], robot6, {'y': 21.401, 'x': -38.093, 'yaw': -3.142}, None, None
430.02, [INFO], robot6, {'battery-level': '37.78'}, None, None
430.02, [INFO], robot6, {'y': 21.401, 'x': -38.093, 'yaw': -3.142}, None, None
440.01, [INFO], robot6, {'battery-level': '37.40'}, None, None
440.01, [INFO], robot6, {'y': 21.401, 'x': -38.093, 'yaw': -3.142}, None, None
450.04, [INFO], robot6, {'y': 21.401, 'x': -38.093, 'yaw': -3.142}, None, None
450.04, [INFO], robot6, {'battery-level': '37.02'}, None, None
460.03, [INFO], robot6, {'y': 21.401, 'x': -38.093, 'yaw': -3.142}, None, None
460.03, [INFO], robot6, {'battery-level': '36.64'}, None, None
470.05, [INFO], robot6, {'y': 21.401, 'x': -38.093, 'yaw': 3.142}, None, None
470.05, [INFO], robot6, {'battery-level': '36.26'}, None, None
480.07, [INFO], robot6, {'y': 21.401, 'x': -38.093, 'yaw': -3.142}, None, None
480.07, [INFO], robot6, {'battery-level': '35.88'}, None, None
490.07, [INFO], robot6, {'battery-level': '35.50'}, None, None
490.07, [INFO], robot6, {'y': 21.401, 'x': -38.093, 'yaw': -3.142}, None, None
500.09, [INFO], robot6, {'y': 21.401, 'x': -38.093, 'yaw': 3.142}, None, None
500.09, [INFO], robot6, {'battery-level': '35.12'}, None, None
510.09, [INFO], robot6, {'battery-level': '34.74'}, None, None
510.09, [INFO], robot6, {'y': 21.401, 'x': -38.094, 'yaw': -3.142}, None, None
520.01, [INFO], robot6, {'battery-level': '34.36'}, None, None
520.01, [INFO], robot6, {'y': 21.401, 'x': -38.094, 'yaw': 3.142}, None, None
530.03, [INFO], robot6, {'battery-level': '33.98'}, None, None
530.03, [INFO], robot6, {'y': 21.401, 'x': -38.094, 'yaw': 3.142}, None, None
540.09, [INFO], robot6, {'battery-level': '33.60'}, None, None
540.09, [INFO], robot6, {'y': 21.401, 'x': -38.094, 'yaw': 3.142}, None, None
550.01, [INFO], robot6, {'y': 21.401, 'x': -38.094, 'yaw': -3.142}, None, None
550.01, [INFO], robot6, {'battery-level': '33.22'}, None, None
560.03, [INFO], robot6, {'battery-level': '32.84'}, None, None
560.03, [INFO], robot6, {'y': 21.401, 'x': -38.094, 'yaw': -3.142}, None, None
570.03, [INFO], robot6, {'y': 21.401, 'x': -38.094, 'yaw': -3.142}, None, None
570.03, [INFO], robot6, {'battery-level': '32.46'}, None, None
580.07, [INFO], robot6, {'y': 21.401, 'x': -38.094, 'yaw': -3.142}, None, None
580.07, [INFO], robot6, {'battery-level': '32.08'}, None, None
590.09, [INFO], robot6, {'battery-level': '31.70'}, None, None
590.09, [INFO], robot6, {'y': 21.401, 'x': -38.094, 'yaw': -3.142}, None, None
600.03, [INFO], robot6, {'y': 21.401, 'x': -38.094, 'yaw': -3.142}, None, None
600.03, [INFO], robot6, {'battery-level': '31.32'}, None, None
610.02, [INFO], robot6, {'battery-level': '30.94'}, None, None
610.02, [INFO], robot6, {'y': 21.402, 'x': -38.094, 'yaw': -3.142}, None, None
620.02, [INFO], robot6, {'y': 21.402, 'x': -38.094, 'yaw': -3.142}, None, None
620.02, [INFO], robot6, {'battery-level': '30.56'}, None, None
630.02, [INFO], robot6, {'battery-level': '30.18'}, None, None
630.02, [INFO], robot6, {'y': 21.402, 'x': -38.094, 'yaw': 3.142}, None, None
640.03, [INFO], robot6, {'y': 21.402, 'x': -38.094, 'yaw': 3.142}, None, None
640.03, [INFO], robot6, {'battery-level': '29.80'}, None, None
650.05, [INFO], robot6, {'battery-level': '29.42'}, None, None
650.05, [INFO], robot6, {'y': 21.402, 'x': -38.094, 'yaw': 3.142}, None, None
660.06, [INFO], robot6, {'battery-level': '29.04'}, None, None
660.06, [INFO], robot6, {'y': 21.402, 'x': -38.094, 'yaw': 3.142}, None, None
670.06, [INFO], robot6, {'y': 21.402, 'x': -38.094, 'yaw': 3.142}, None, None
670.06, [INFO], robot6, {'battery-level': '28.66'}, None, None
680.06, [INFO], robot6, {'y': 21.402, 'x': -38.094, 'yaw': 3.142}, None, None
680.06, [INFO], robot6, {'battery-level': '28.28'}, None, None
690.09, [INFO], robot6, {'battery-level': '27.90'}, None, None
690.09, [INFO], robot6, {'y': 21.402, 'x': -38.095, 'yaw': 3.142}, None, None
700.06, [INFO], robot6, {'y': 21.402, 'x': -38.095, 'yaw': -3.142}, None, None
700.06, [INFO], robot6, {'battery-level': '27.52'}, None, None
710.08, [INFO], robot6, {'battery-level': '27.14'}, None, None
710.08, [INFO], robot6, {'y': 21.402, 'x': -38.095, 'yaw': 3.142}, None, None
720.10, [INFO], robot6, {'y': 21.402, 'x': -38.095, 'yaw': 3.142}, None, None
720.10, [INFO], robot6, {'battery-level': '26.76'}, None, None
730.07, [INFO], robot6, {'battery-level': '26.38'}, None, None
730.07, [INFO], robot6, {'y': 21.402, 'x': -38.095, 'yaw': -3.142}, None, None
740.01, [INFO], robot6, {'y': 21.402, 'x': -38.095, 'yaw': 3.142}, None, None
740.01, [INFO], robot6, {'battery-level': '26.00'}, None, None
749.93, [INFO], robot6, {'y': 21.402, 'x': -38.095, 'yaw': 3.142}, None, None
750.02, [INFO], robot6, {'battery-level': '25.62'}, None, None
760.04, [INFO], robot6, {'battery-level': '25.24'}, None, None
760.04, [INFO], robot6, {'y': 21.402, 'x': -38.095, 'yaw': 3.142}, None, None
770.08, [INFO], robot6, {'y': 21.402, 'x': -38.095, 'yaw': -3.142}, None, None
770.08, [INFO], robot6, {'battery-level': '24.86'}, None, None
780.00, [INFO], robot6, {'y': 21.402, 'x': -38.095, 'yaw': -3.142}, None, None
780.00, [INFO], robot6, {'battery-level': '24.48'}, None, None
790.01, [INFO], robot6, {'y': 21.402, 'x': -38.095, 'yaw': -3.142}, None, None
790.01, [INFO], robot6, {'battery-level': '24.10'}, None, None
800.01, [INFO], robot6, {'y': 21.402, 'x': -38.095, 'yaw': -3.142}, None, None
800.01, [INFO], robot6, {'battery-level': '23.72'}, None, None
810.02, [INFO], robot6, {'y': 21.402, 'x': -38.095, 'yaw': -3.142}, None, None
810.02, [INFO], robot6, {'battery-level': '23.34'}, None, None
820.04, [INFO], robot6, {'battery-level': '22.96'}, None, None
820.04, [INFO], robot6, {'y': 21.402, 'x': -38.095, 'yaw': 3.142}, None, None
830.06, [INFO], robot6, {'y': 21.402, 'x': -38.095, 'yaw': 3.142}, None, None
830.06, [INFO], robot6, {'battery-level': '22.58'}, None, None
840.04, [INFO], robot6, {'battery-level': '22.20'}, None, None
840.04, [INFO], robot6, {'y': 21.402, 'x': -38.095, 'yaw': 3.142}, None, None

[WARN], logger, TIMEOUT, None, None
