0.14, [DEBUG], logger, ROBOTS_CONFIG={'avg_speed': 0.15, 'battery_charge': 0.5408465660492595, 'battery_discharge_rate': 0.00038, 'id': 6, 'local_plan': [['navigation', ['PC Room 3', [[-27.23, 18.0, -1.57], [-27.23, 16.0], [-28.5, 16.0], [-28.5, 18.0, -1.57]]], 'navto_room'], ['approach_person', ['nurse'], 'approach_nurse'], ['authenticate_person', ['nurse'], 'authenticate_nurse'], ['operate_drawer', ['open'], 'open_drawer_for_nurse'], ['send_message', ['nurse'], 'notify_nurse_of_open_drawer_for_nurse_completed'], ['wait_message', ['nurse'], 'wait_nurse_to_complete_deposit'], ['operate_drawer', ['close'], 'close_drawer_nurse'], ['navigation', ['Laboratory', [[-28.5, 18.0, -1.57], [-28.5, 16.0], [-26.0, 16.0], [-26.0, 13.0, 1.57]]], 'navto_lab'], ['approach_robot', ['lab_arm'], 'approach_arm'], ['operate_drawer', ['open'], 'open_drawer_lab'], ['send_message', ['lab_arm'], 'notify_lab_arm_of_open_drawer_lab_completed'], ['wait_message', ['lab_arm'], 'wait_lab_arm_to_complete_pick_up_sample'], ['operate_drawer', ['close'], 'close_drawer_lab']], 'location': 'PC Room 4', 'name': 'r6', 'position': [-27.23, 18.0, -1.57], 'skills': ['approach_person', 'approach_robot', 'authenticate_person', 'navigation', 'operate_drawer']}, None, None
0.14, [DEBUG], logger, Simulation open, None, None
10.06, [INFO], robot6, {'battery-level': '53.74'}, None, None
10.06, [INFO], robot6, {'y': 17.622, 'x': -27.17, 'yaw': -3.142}, None, None
20.05, [INFO], robot6, {'battery-level': '53.36'}, None, None
20.05, [INFO], robot6, {'y': 16.441, 'x': -27.86, 'yaw': 3.141}, None, None
30.06, [INFO], robot6, {'battery-level': '52.98'}, None, None
30.06, [INFO], robot6, {'y': 17.849, 'x': -28.651, 'yaw': -3.141}, None, None
40.04, [INFO], robot6, {'battery-level': '52.60'}, None, None
40.04, [INFO], robot6, {'y': 17.998, 'x': -28.655, 'yaw': 3.141}, None, None
42.18, [info], nurse, sync, received-request, (status=sending-request)
42.18, [info], nurse, sync, request-sent, (status=waiting)
42.27, [info], nurse, sync, wait-message, (status=message-received)
50.02, [INFO], robot6, {'y': 16.617, 'x': -28.73, 'yaw': 3.141}, None, None
50.02, [INFO], robot6, {'battery-level': '52.22'}, None, None
60.10, [INFO], robot6, {'y': 16.076, 'x': -26.983, 'yaw': 3.142}, None, None
60.10, [INFO], robot6, {'battery-level': '51.84'}, None, None
70.07, [INFO], robot6, {'battery-level': '51.46'}, None, None
70.07, [INFO], robot6, {'y': 14.633, 'x': -25.844, 'yaw': 3.142}, None, None
80.07, [INFO], robot6, {'y': 12.95, 'x': -25.917, 'yaw': 3.142}, None, None
80.07, [INFO], robot6, {'battery-level': '51.08'}, None, None
90.02, [INFO], robot6, {'battery-level': '50.70'}, None, None
90.02, [INFO], robot6, {'y': 12.875, 'x': -26.031, 'yaw': -3.142}, None, None
96.06, [info], lab_arm, sync, wait-message, (status=message-received)
97.04, [WARN], robot6, SUCCESS, None, None
100.06, [INFO], robot6, {'y': 12.831, 'x': -26.012, 'yaw': 3.141}, None, None
100.06, [INFO], robot6, {'battery-level': '50.32'}, None, None
110.08, [INFO], robot6, {'y': 12.831, 'x': -26.012, 'yaw': 3.142}, None, None
110.08, [INFO], robot6, {'battery-level': '49.94'}, None, None
