0.00, [INFO], robot4, {'battery-level': '17.50'}, None, None
0.13, [DEBUG], logger, ROBOTS_CONFIG={'avg_speed': 0.15, 'battery_charge': 0.17496190705907763, 'battery_discharge_rate': 0.0006000000000000001, 'id': 4, 'local_plan': [['navigation', ['IC Room 6', [[-39.44, 33.95, 0.0], [-37.0, 33.95], [-37.0, 18.93], [-33.9, 18.93, 3.14]]], 'navto_room'], ['approach_person', ['nurse'], 'approach_nurse'], ['authenticate_person', ['nurse'], 'authenticate_nurse'], ['operate_drawer', ['open'], 'open_drawer_for_nurse'], ['send_message', ['nurse'], 'notify_nurse_of_open_drawer_for_nurse_completed'], ['wait_message', ['nurse'], 'wait_nurse_to_complete_deposit'], ['operate_drawer', ['close'], 'close_drawer_nurse'], ['navigation', ['Laboratory', [[-33.9, 18.93, 3.14], [-37.0, 18.93], [-37.0, 16.0], [-26.0, 16.0], [-26.0, 13.0, 1.57]]], 'navto_lab'], ['approach_robot', ['lab_arm'], 'approach_arm'], ['operate_drawer', ['open'], 'open_drawer_lab'], ['send_message', ['lab_arm'], 'notify_lab_arm_of_open_drawer_lab_completed'], ['wait_message', ['lab_arm'], 'wait_lab_arm_to_complete_pick_up_sample'], ['operate_drawer', ['close'], 'close_drawer_lab']], 'location': 'IC Room 4', 'name': 'r4', 'position': [-39.44, 33.95, 0.0], 'skills': ['approach_person', 'approach_robot', 'authenticate_person', 'navigation', 'operate_drawer']}, None, None
0.13, [DEBUG], logger, Simulation open, None, None
10.01, [INFO], robot4, {'battery-level': '16.96'}, None, None
10.01, [INFO], robot4, {'y': 34.064, 'x': -39.032, 'yaw': 3.142}, None, None
20.02, [INFO], robot4, {'battery-level': '16.36'}, None, None
20.02, [INFO], robot4, {'y': 34.201, 'x': -37.169, 'yaw': 3.142}, None, None
30.02, [INFO], robot4, {'battery-level': '15.76'}, None, None
30.02, [INFO], robot4, {'y': 32.105, 'x': -37.02, 'yaw': 3.141}, None, None
40.03, [INFO], robot4, {'y': 29.991, 'x': -37.028, 'yaw': 3.14}, None, None
40.03, [INFO], robot4, {'battery-level': '15.16'}, None, None
50.01, [INFO], robot4, {'y': 27.881, 'x': -36.993, 'yaw': 3.14}, None, None
50.01, [INFO], robot4, {'battery-level': '14.56'}, None, None
60.09, [INFO], robot4, {'battery-level': '13.96'}, None, None
60.09, [INFO], robot4, {'y': 25.75, 'x': -36.988, 'yaw': 3.141}, None, None
70.05, [INFO], robot4, {'battery-level': '13.36'}, None, None
70.05, [INFO], robot4, {'y': 23.643, 'x': -37.034, 'yaw': 3.141}, None, None
80.06, [INFO], robot4, {'battery-level': '12.76'}, None, None
80.06, [INFO], robot4, {'y': 21.535, 'x': -37.152, 'yaw': 3.141}, None, None
90.06, [INFO], robot4, {'battery-level': '12.16'}, None, None
90.06, [INFO], robot4, {'y': 19.426, 'x': -37.068, 'yaw': 3.136}, None, None
100.03, [INFO], robot4, {'battery-level': '11.56'}, None, None
100.03, [INFO], robot4, {'y': 17.794, 'x': -35.735, 'yaw': -3.138}, None, None
110.09, [INFO], robot4, {'battery-level': '10.96'}, None, None
110.09, [INFO], robot4, {'y': 18.733, 'x': -34.073, 'yaw': 3.142}, None, None
117.65, [info], nurse, sync, received-request, (status=sending-request)
117.65, [info], nurse, sync, request-sent, (status=waiting)
117.75, [info], nurse, sync, wait-message, (status=message-received)
120.07, [INFO], robot4, {'y': 18.921, 'x': -34.132, 'yaw': 3.142}, None, None
120.07, [INFO], robot4, {'battery-level': '10.36'}, None, None
130.06, [INFO], robot4, {'battery-level': '9.76'}, None, None
130.06, [INFO], robot4, {'y': 17.795, 'x': -35.663, 'yaw': 3.142}, None, None
140.03, [INFO], robot4, {'y': 17.346, 'x': -37.046, 'yaw': 3.14}, None, None
140.03, [INFO], robot4, {'battery-level': '9.16'}, None, None
150.02, [INFO], robot4, {'battery-level': '8.56'}, None, None
150.02, [INFO], robot4, {'y': 17.306, 'x': -37.091, 'yaw': 3.14}, None, None
160.07, [INFO], robot4, {'y': 17.263, 'x': -37.115, 'yaw': -3.141}, None, None
160.07, [INFO], robot4, {'battery-level': '7.96'}, None, None
170.04, [INFO], robot4, {'battery-level': '7.36'}, None, None
170.04, [INFO], robot4, {'y': 17.504, 'x': -37.044, 'yaw': -3.141}, None, None
180.03, [INFO], robot4, {'y': 17.338, 'x': -36.82, 'yaw': 3.141}, None, None
180.03, [INFO], robot4, {'battery-level': '6.76'}, None, None
190.06, [INFO], robot4, {'battery-level': '6.16'}, None, None
190.06, [INFO], robot4, {'y': 17.299, 'x': -37.107, 'yaw': 3.141}, None, None
200.03, [INFO], robot4, {'battery-level': '5.56'}, None, None
200.03, [INFO], robot4, {'y': 17.353, 'x': -37.111, 'yaw': 3.14}, None, None
210.07, [WARN], robot4, LOWBATT, None, None
210.07, [INFO], robot4, {'y': 17.514, 'x': -37.006, 'yaw': -3.142}, None, None
210.07, [WARN], None, end!, None, None
220.02, [INFO], robot4, {'y': 17.255, 'x': -36.885, 'yaw': 3.14}, None, None
230.08, [INFO], robot4, {'y': 17.409, 'x': -36.888, 'yaw': 3.142}, None, None
