0.00, [INFO], robot2, {'battery-level': '63.50'}, None, None
0.19, [DEBUG], logger, ROBOTS_CONFIG={'avg_speed': 0.15, 'battery_charge': 0.634952869577942, 'battery_discharge_rate': 0.00054, 'id': 2, 'local_plan': [['navigation', ['IC Room 6', [[-19.0, 18.0, -1.57], [-19.0, 16.0], [-37.0, 16.0], [-37.0, 18.93], [-33.9, 18.93, 3.14]]], 'navto_room'], ['approach_person', ['nurse'], 'approach_nurse'], ['authenticate_person', ['nurse'], 'authenticate_nurse'], ['operate_drawer', ['open'], 'open_drawer_for_nurse'], ['send_message', ['nurse'], 'notify_nurse_of_open_drawer_for_nurse_completed'], ['wait_message', ['nurse'], 'wait_nurse_to_complete_deposit'], ['operate_drawer', ['close'], 'close_drawer_nurse'], ['navigation', ['Laboratory', [[-33.9, 18.93, 3.14], [-37.0, 18.93], [-37.0, 16.0], [-26.0, 16.0], [-26.0, 13.0, 1.57]]], 'navto_lab'], ['approach_robot', ['lab_arm'], 'approach_arm'], ['operate_drawer', ['open'], 'open_drawer_lab'], ['send_message', ['lab_arm'], 'notify_lab_arm_of_open_drawer_lab_completed'], ['wait_message', ['lab_arm'], 'wait_lab_arm_to_complete_pick_up_sample'], ['operate_drawer', ['close'], 'close_drawer_lab']], 'location': 'PC Room 6', 'name': 'r2', 'position': [-19.0, 18.0, -1.57], 'skills': ['approach_person', 'approach_robot', 'authenticate_person', 'navigation', 'operate_drawer']}, None, None
0.19, [DEBUG], logger, Simulation open, None, None
10.07, [INFO], robot2, {'battery-level': '63.01'}, None, None
10.07, [INFO], robot2, {'y': 17.673, 'x': -19.101, 'yaw': -3.141}, None, None
20.02, [INFO], robot2, {'battery-level': '62.47'}, None, None
20.02, [INFO], robot2, {'y': 16.122, 'x': -20.015, 'yaw': -3.141}, None, None
30.05, [INFO], robot2, {'battery-level': '61.93'}, None, None
30.05, [INFO], robot2, {'y': 16.188, 'x': -22.126, 'yaw': 3.142}, None, None
40.01, [INFO], robot2, {'battery-level': '61.39'}, None, None
40.01, [INFO], robot2, {'y': 16.087, 'x': -24.229, 'yaw': 3.141}, None, None
50.05, [INFO], robot2, {'battery-level': '60.85'}, None, None
50.05, [INFO], robot2, {'y': 16.068, 'x': -26.362, 'yaw': -3.142}, None, None
60.06, [INFO], robot2, {'y': 16.136, 'x': -28.473, 'yaw': 3.142}, None, None
60.06, [INFO], robot2, {'battery-level': '60.31'}, None, None
70.09, [INFO], robot2, {'y': 16.098, 'x': -30.593, 'yaw': -3.142}, None, None
70.09, [INFO], robot2, {'battery-level': '59.77'}, None, None
80.03, [INFO], robot2, {'battery-level': '59.23'}, None, None
80.03, [INFO], robot2, {'y': 15.82, 'x': -32.685, 'yaw': -3.142}, None, None
90.05, [INFO], robot2, {'battery-level': '58.69'}, None, None
90.05, [INFO], robot2, {'y': 15.37, 'x': -34.779, 'yaw': 3.141}, None, None
100.09, [INFO], robot2, {'battery-level': '58.15'}, None, None
100.09, [INFO], robot2, {'y': 15.963, 'x': -36.7, 'yaw': 3.14}, None, None
110.09, [INFO], robot2, {'battery-level': '57.61'}, None, None
110.09, [INFO], robot2, {'y': 17.61, 'x': -36.711, 'yaw': 3.141}, None, None
120.04, [INFO], robot2, {'battery-level': '57.07'}, None, None
120.04, [INFO], robot2, {'y': 17.87, 'x': -35.924, 'yaw': -3.14}, None, None
130.02, [INFO], robot2, {'y': 17.795, 'x': -36.067, 'yaw': -3.142}, None, None
130.02, [INFO], robot2, {'battery-level': '56.53'}, None, None
140.06, [INFO], robot2, {'y': 17.984, 'x': -36.034, 'yaw': 3.14}, None, None
140.06, [INFO], robot2, {'battery-level': '55.99'}, None, None
150.02, [INFO], robot2, {'battery-level': '55.45'}, None, None
150.02, [INFO], robot2, {'y': 18.341, 'x': -35.678, 'yaw': -3.136}, None, None
160.01, [INFO], robot2, {'y': 18.136, 'x': -35.572, 'yaw': -2.939}, None, None
160.01, [INFO], robot2, {'battery-level': '54.91'}, None, None
170.05, [INFO], robot2, {'battery-level': '54.37'}, None, None
170.05, [INFO], robot2, {'y': 18.01, 'x': -35.535, 'yaw': -3.138}, None, None
177.12, [WARN], robot2, SKILL-FAILURE, navigation, navto_room
