0.12, [DEBUG], logger, ROBOTS_CONFIG={'avg_speed': 0.15, 'battery_charge': 0.17496190705907763, 'battery_discharge_rate': 0.00026000000000000003, 'id': 4, 'local_plan': [['navigation', ['IC Room 2', [[-32.88, 33.98, 3.14], [-37.0, 33.98], [-37.0, 21.5], [-38.0, 21.5, 0.0]]], 'navto_room'], ['approach_person', ['nurse'], 'approach_nurse'], ['authenticate_person', ['nurse'], 'authenticate_nurse'], ['operate_drawer', ['open'], 'open_drawer_for_nurse'], ['send_message', ['nurse'], 'notify_nurse_of_open_drawer_for_nurse_completed'], ['wait_message', ['nurse'], 'wait_nurse_to_complete_deposit'], ['operate_drawer', ['close'], 'close_drawer_nurse'], ['navigation', ['Laboratory', [[-38.0, 21.5, 0.0], [-37.0, 21.5], [-37.0, 16.0], [-26.0, 16.0], [-26.0, 13.0, 1.57]]], 'navto_lab'], ['approach_robot', ['lab_arm'], 'approach_arm'], ['operate_drawer', ['open'], 'open_drawer_lab'], ['send_message', ['lab_arm'], 'notify_lab_arm_of_open_drawer_lab_completed'], ['wait_message', ['lab_arm'], 'wait_lab_arm_to_complete_pick_up_sample'], ['operate_drawer', ['close'], 'close_drawer_lab']], 'location': 'IC Room 5', 'name': 'r4', 'position': [-32.88, 33.98, 3.14], 'skills': ['approach_person', 'approach_robot', 'authenticate_person', 'navigation', 'operate_drawer']}, None, None
0.12, [DEBUG], logger, Simulation open, None, None
10.05, [INFO], robot4, {'battery-level': '17.26'}, None, None
10.05, [INFO], robot4, {'y': 33.977, 'x': -32.876, 'yaw': -3.142}, None, None
20.00, [INFO], robot4, {'battery-level': '17.00'}, None, None
20.00, [INFO], robot4, {'y': 34.498, 'x': -34.435, 'yaw': -3.142}, None, None
30.07, [INFO], robot4, {'battery-level': '16.74'}, None, None
30.07, [INFO], robot4, {'y': 34.306, 'x': -36.509, 'yaw': 3.142}, None, None
40.09, [INFO], robot4, {'y': 32.351, 'x': -36.799, 'yaw': -3.142}, None, None
40.09, [INFO], robot4, {'battery-level': '16.48'}, None, None
49.94, [INFO], robot4, {'y': 30.244, 'x': -36.82, 'yaw': -3.141}, None, None
49.94, [INFO], robot4, {'battery-level': '16.22'}, None, None
60.05, [INFO], robot4, {'battery-level': '15.96'}, None, None
60.05, [INFO], robot4, {'y': 28.135, 'x': -36.882, 'yaw': 3.136}, None, None
70.09, [INFO], robot4, {'battery-level': '15.70'}, None, None
70.09, [INFO], robot4, {'y': 26.016, 'x': -36.897, 'yaw': -3.142}, None, None
80.08, [INFO], robot4, {'battery-level': '15.44'}, None, None
80.08, [INFO], robot4, {'y': 23.914, 'x': -36.922, 'yaw': 3.141}, None, None
90.03, [INFO], robot4, {'battery-level': '15.18'}, None, None
90.03, [INFO], robot4, {'y': 21.815, 'x': -37.09, 'yaw': 3.14}, None, None
100.08, [INFO], robot4, {'battery-level': '14.92'}, None, None
100.08, [INFO], robot4, {'y': 21.399, 'x': -38.052, 'yaw': -3.141}, None, None
107.47, [info], nurse, sync, received-request, (status=sending-request)
107.47, [info], nurse, sync, request-sent, (status=waiting)
107.47, [info], nurse, sync, wait-message, (status=message-received)
110.08, [INFO], robot4, {'y': 21.382, 'x': -37.758, 'yaw': 3.141}, None, None
110.08, [INFO], robot4, {'battery-level': '14.66'}, None, None
120.05, [INFO], robot4, {'y': 19.671, 'x': -37.169, 'yaw': -3.142}, None, None
120.05, [INFO], robot4, {'battery-level': '14.40'}, None, None
130.01, [INFO], robot4, {'battery-level': '14.14'}, None, None
130.01, [INFO], robot4, {'y': 17.56, 'x': -37.1, 'yaw': 3.141}, None, None
140.08, [INFO], robot4, {'battery-level': '13.88'}, None, None
140.08, [INFO], robot4, {'y': 15.985, 'x': -36.158, 'yaw': 3.142}, None, None
150.02, [INFO], robot4, {'battery-level': '13.62'}, None, None
150.02, [INFO], robot4, {'y': 15.387, 'x': -34.123, 'yaw': -3.141}, None, None
160.06, [INFO], robot4, {'y': 15.512, 'x': -31.987, 'yaw': -3.142}, None, None
160.06, [INFO], robot4, {'battery-level': '13.36'}, None, None
170.03, [INFO], robot4, {'battery-level': '13.10'}, None, None
170.03, [INFO], robot4, {'y': 15.623, 'x': -29.881, 'yaw': -3.142}, None, None
180.06, [INFO], robot4, {'battery-level': '12.84'}, None, None
180.06, [INFO], robot4, {'y': 15.78, 'x': -27.761, 'yaw': 3.138}, None, None
190.01, [INFO], robot4, {'battery-level': '12.58'}, None, None
190.01, [INFO], robot4, {'y': 15.235, 'x': -25.937, 'yaw': -3.142}, None, None
200.08, [INFO], robot4, {'battery-level': '12.32'}, None, None
200.08, [INFO], robot4, {'y': 13.15, 'x': -25.85, 'yaw': 3.142}, None, None
210.09, [INFO], robot4, {'y': 12.905, 'x': -26.017, 'yaw': -3.142}, None, None
210.09, [INFO], robot4, {'battery-level': '12.06'}, None, None
214.26, [info], lab_arm, sync, wait-message, (status=message-received)
215.22, [WARN], robot4, SUCCESS, None, None
220.01, [INFO], robot4, {'y': 12.902, 'x': -26.015, 'yaw': 3.142}, None, None
220.01, [INFO], robot4, {'battery-level': '11.80'}, None, None
230.01, [INFO], robot4, {'battery-level': '11.54'}, None, None
230.01, [INFO], robot4, {'y': 12.902, 'x': -26.015, 'yaw': 3.142}, None, None
