0.19, [DEBUG], logger, ROBOTS_CONFIG={'avg_speed': 0.15, 'battery_charge': 0.7179616530181877, 'battery_discharge_rate': 0.00042, 'id': 5, 'local_plan': [['navigation', ['PC Room 3', [[-33.9, 18.93, 3.14], [-37.0, 18.93], [-37.0, 16.0], [-28.5, 16.0], [-28.5, 18.0, -1.57]]], 'navto_room'], ['approach_person', ['nurse'], 'approach_nurse'], ['authenticate_person', ['nurse'], 'authenticate_nurse'], ['operate_drawer', ['open'], 'open_drawer_for_nurse'], ['send_message', ['nurse'], 'notify_nurse_of_open_drawer_for_nurse_completed'], ['wait_message', ['nurse'], 'wait_nurse_to_complete_deposit'], ['operate_drawer', ['close'], 'close_drawer_nurse'], ['navigation', ['Laboratory', [[-28.5, 18.0, -1.57], [-28.5, 16.0], [-26.0, 16.0], [-26.0, 13.0, 1.57]]], 'navto_lab'], ['approach_robot', ['lab_arm'], 'approach_arm'], ['operate_drawer', ['open'], 'open_drawer_lab'], ['send_message', ['lab_arm'], 'notify_lab_arm_of_open_drawer_lab_completed'], ['wait_message', ['lab_arm'], 'wait_lab_arm_to_complete_pick_up_sample'], ['operate_drawer', ['close'], 'close_drawer_lab']], 'location': 'IC Room 6', 'name': 'r5', 'position': [-33.9, 18.93, 3.14], 'skills': ['approach_person', 'authenticate_person', 'navigation', 'operate_drawer']}, None, None
0.19, [DEBUG], logger, Simulation open, None, None
10.04, [INFO], robot5, {'battery-level': '71.42'}, None, None
10.04, [INFO], robot5, {'y': 18.67, 'x': -34.262, 'yaw': 3.142}, None, None
20.04, [INFO], robot5, {'battery-level': '71.00'}, None, None
20.04, [INFO], robot5, {'y': 17.872, 'x': -35.941, 'yaw': 3.138}, None, None
30.07, [INFO], robot5, {'y': 18.036, 'x': -36.209, 'yaw': -3.136}, None, None
30.07, [INFO], robot5, {'battery-level': '70.58'}, None, None
40.07, [INFO], robot5, {'y': 17.3, 'x': -36.927, 'yaw': -3.141}, None, None
40.07, [INFO], robot5, {'battery-level': '70.16'}, None, None
50.07, [INFO], robot5, {'battery-level': '69.74'}, None, None
50.07, [INFO], robot5, {'y': 17.314, 'x': -36.818, 'yaw': 3.14}, None, None
60.08, [INFO], robot5, {'battery-level': '69.32'}, None, None
60.08, [INFO], robot5, {'y': 17.558, 'x': -36.833, 'yaw': 3.14}, None, None
70.05, [INFO], robot5, {'battery-level': '68.90'}, None, None
70.05, [INFO], robot5, {'y': 17.227, 'x': -37.119, 'yaw': 3.141}, None, None
80.04, [INFO], robot5, {'battery-level': '68.48'}, None, None
80.04, [INFO], robot5, {'y': 17.297, 'x': -36.758, 'yaw': -3.142}, None, None
90.03, [INFO], robot5, {'y': 17.356, 'x': -36.975, 'yaw': -3.142}, None, None
90.03, [INFO], robot5, {'battery-level': '68.06'}, None, None
100.02, [INFO], robot5, {'battery-level': '67.64'}, None, None
100.02, [INFO], robot5, {'y': 17.449, 'x': -36.931, 'yaw': -3.141}, None, None
110.03, [INFO], robot5, {'battery-level': '67.22'}, None, None
110.03, [INFO], robot5, {'y': 17.312, 'x': -36.963, 'yaw': 3.141}, None, None
119.93, [INFO], robot5, {'y': 17.295, 'x': -36.914, 'yaw': 3.141}, None, None
120.03, [INFO], robot5, {'battery-level': '66.80'}, None, None
130.02, [INFO], robot5, {'y': 17.51, 'x': -37.042, 'yaw': -3.142}, None, None
130.02, [INFO], robot5, {'battery-level': '66.38'}, None, None
140.04, [INFO], robot5, {'y': 17.305, 'x': -36.83, 'yaw': -3.141}, None, None
140.04, [INFO], robot5, {'battery-level': '65.96'}, None, None
150.09, [INFO], robot5, {'y': 17.45, 'x': -37.078, 'yaw': 3.14}, None, None
150.09, [INFO], robot5, {'battery-level': '65.54'}, None, None
160.10, [INFO], robot5, {'y': 17.294, 'x': -36.767, 'yaw': 3.142}, None, None
160.10, [INFO], robot5, {'battery-level': '65.12'}, None, None
170.00, [INFO], robot5, {'battery-level': '64.70'}, None, None
170.00, [INFO], robot5, {'y': 17.447, 'x': -37.037, 'yaw': -3.141}, None, None
172.07, [WARN], robot5, SKILL-FAILURE, navigation, navto_room
