0.00, [INFO], robot2, {'battery-level': '63.50'}, None, None
0.00, [DEBUG], logger, ROBOTS_CONFIG={'avg_speed': 0.15, 'battery_charge': 0.634952869577942, 'battery_discharge_rate': 0.0006000000000000001, 'id': 2, 'local_plan': [['navigation', ['PC Room 3', [[-21.0, 18.0, -1.57], [-21.0, 16.0], [-28.5, 16.0], [-28.5, 18.0, -1.57]]], 'navto_room'], ['approach_person', ['nurse'], 'approach_nurse'], ['authenticate_person', ['nurse'], 'authenticate_nurse'], ['operate_drawer', ['open'], 'open_drawer_for_nurse'], ['send_message', ['nurse'], 'notify_nurse_of_open_drawer_for_nurse_completed'], ['wait_message', ['nurse'], 'wait_nurse_to_complete_deposit'], ['operate_drawer', ['close'], 'close_drawer_nurse'], ['navigation', ['Laboratory', [[-28.5, 18.0, -1.57], [-28.5, 16.0], [-26.0, 16.0], [-26.0, 13.0, 1.57]]], 'navto_lab'], ['approach_robot', ['lab_arm'], 'approach_arm'], ['operate_drawer', ['open'], 'open_drawer_lab'], ['send_message', ['lab_arm'], 'notify_lab_arm_of_open_drawer_lab_completed'], ['wait_message', ['lab_arm'], 'wait_lab_arm_to_complete_pick_up_sample'], ['operate_drawer', ['close'], 'close_drawer_lab']], 'location': 'PC Room 5', 'name': 'r2', 'position': [-21.0, 18.0, -1.57], 'skills': ['approach_person', 'approach_robot', 'authenticate_person', 'navigation', 'operate_drawer']}, None, None
0.00, [DEBUG], logger, Simulation open, None, None
10.07, [INFO], robot2, {'battery-level': '62.96'}, None, None
10.07, [INFO], robot2, {'y': 17.549, 'x': -20.972, 'yaw': 3.142}, None, None
20.06, [INFO], robot2, {'y': 16.039, 'x': -21.766, 'yaw': -3.141}, None, None
20.06, [INFO], robot2, {'battery-level': '62.36'}, None, None
30.04, [INFO], robot2, {'battery-level': '61.76'}, None, None
30.04, [INFO], robot2, {'y': 15.987, 'x': -23.871, 'yaw': 3.141}, None, None
40.01, [INFO], robot2, {'y': 15.991, 'x': -25.97, 'yaw': 3.141}, None, None
40.01, [INFO], robot2, {'battery-level': '61.16'}, None, None
50.03, [INFO], robot2, {'y': 16.051, 'x': -28.075, 'yaw': 3.142}, None, None
50.03, [INFO], robot2, {'battery-level': '60.56'}, None, None
59.93, [INFO], robot2, {'y': 17.791, 'x': -28.635, 'yaw': 3.142}, None, None
60.03, [INFO], robot2, {'battery-level': '59.96'}, None, None
67.78, [info], nurse, sync, received-request, (status=sending-request)
67.78, [info], nurse, sync, request-sent, (status=waiting)
67.78, [info], nurse, sync, wait-message, (status=message-received)
70.03, [INFO], robot2, {'y': 17.72, 'x': -28.579, 'yaw': -3.141}, None, None
70.03, [INFO], robot2, {'battery-level': '59.36'}, None, None
80.03, [INFO], robot2, {'y': 15.968, 'x': -28.195, 'yaw': -3.142}, None, None
80.03, [INFO], robot2, {'battery-level': '58.76'}, None, None
90.03, [INFO], robot2, {'battery-level': '58.16'}, None, None
90.03, [INFO], robot2, {'y': 15.777, 'x': -26.141, 'yaw': 3.141}, None, None
100.08, [INFO], robot2, {'battery-level': '57.56'}, None, None
100.08, [INFO], robot2, {'y': 13.679, 'x': -25.768, 'yaw': 3.142}, None, None
110.06, [INFO], robot2, {'y': 12.906, 'x': -26.0, 'yaw': -3.142}, None, None
110.06, [INFO], robot2, {'battery-level': '56.96'}, None, None
112.03, [info], lab_arm, sync, wait-message, (status=message-received)
113.01, [WARN], robot2, SUCCESS, None, None
120.06, [INFO], robot2, {'y': 12.903, 'x': -25.999, 'yaw': -3.142}, None, None
120.06, [INFO], robot2, {'battery-level': '56.36'}, None, None
