0.14, [DEBUG], logger, ROBOTS_CONFIG={'avg_speed': 0.15, 'battery_charge': 0.17496190705907763, 'battery_discharge_rate': 0.00026000000000000003, 'id': 4, 'local_plan': [['navigation', ['IC Room 6', [[-39.44, 33.95, 0.0], [-37.0, 33.95], [-37.0, 18.93], [-33.9, 18.93, 3.14]]], 'navto_room'], ['approach_person', ['nurse'], 'approach_nurse'], ['authenticate_person', ['nurse'], 'authenticate_nurse'], ['operate_drawer', ['open'], 'open_drawer_for_nurse'], ['send_message', ['nurse'], 'notify_nurse_of_open_drawer_for_nurse_completed'], ['wait_message', ['nurse'], 'wait_nurse_to_complete_deposit'], ['operate_drawer', ['close'], 'close_drawer_nurse'], ['navigation', ['Laboratory', [[-33.9, 18.93, 3.14], [-37.0, 18.93], [-37.0, 16.0], [-26.0, 16.0], [-26.0, 13.0, 1.57]]], 'navto_lab'], ['approach_robot', ['lab_arm'], 'approach_arm'], ['operate_drawer', ['open'], 'open_drawer_lab'], ['send_message', ['lab_arm'], 'notify_lab_arm_of_open_drawer_lab_completed'], ['wait_message', ['lab_arm'], 'wait_lab_arm_to_complete_pick_up_sample'], ['operate_drawer', ['close'], 'close_drawer_lab']], 'location': 'IC Room 4', 'name': 'r4', 'position': [-39.44, 33.95, 0.0], 'skills': ['approach_person', 'approach_robot', 'authenticate_person', 'navigation', 'operate_drawer']}, None, None
0.14, [DEBUG], logger, Simulation open, None, None
10.02, [INFO], robot4, {'battery-level': '17.26'}, None, None
10.02, [INFO], robot4, {'y': 34.138, 'x': -38.89, 'yaw': 3.139}, None, None
20.01, [INFO], robot4, {'battery-level': '17.00'}, None, None
20.01, [INFO], robot4, {'y': 34.075, 'x': -37.1, 'yaw': -3.138}, None, None
30.02, [INFO], robot4, {'battery-level': '16.74'}, None, None
30.02, [INFO], robot4, {'y': 31.971, 'x': -37.046, 'yaw': 3.141}, None, None
40.03, [INFO], robot4, {'battery-level': '16.48'}, None, None
40.03, [INFO], robot4, {'y': 29.867, 'x': -37.051, 'yaw': 3.141}, None, None
50.05, [INFO], robot4, {'battery-level': '16.22'}, None, None
50.05, [INFO], robot4, {'y': 27.749, 'x': -37.026, 'yaw': 3.14}, None, None
60.05, [INFO], robot4, {'battery-level': '15.96'}, None, None
60.05, [INFO], robot4, {'y': 25.636, 'x': -37.0, 'yaw': -3.142}, None, None
70.06, [INFO], robot4, {'y': 23.52, 'x': -37.001, 'yaw': 3.141}, None, None
70.06, [INFO], robot4, {'battery-level': '15.70'}, None, None
80.07, [INFO], robot4, {'battery-level': '15.44'}, None, None
80.07, [INFO], robot4, {'y': 21.412, 'x': -37.17, 'yaw': -3.142}, None, None
90.05, [INFO], robot4, {'y': 19.298, 'x': -37.096, 'yaw': -3.141}, None, None
90.05, [INFO], robot4, {'battery-level': '15.18'}, None, None
100.05, [INFO], robot4, {'battery-level': '14.92'}, None, None
100.05, [INFO], robot4, {'y': 17.763, 'x': -35.615, 'yaw': 3.141}, None, None
110.00, [INFO], robot4, {'y': 18.805, 'x': -34.05, 'yaw': -3.142}, None, None
110.00, [INFO], robot4, {'battery-level': '14.66'}, None, None
117.39, [info], nurse, sync, received-request, (status=sending-request)
117.39, [info], nurse, sync, request-sent, (status=waiting)
117.39, [info], nurse, sync, wait-message, (status=message-received)
120.09, [INFO], robot4, {'battery-level': '14.40'}, None, None
120.09, [INFO], robot4, {'y': 18.836, 'x': -34.231, 'yaw': -3.142}, None, None
130.07, [INFO], robot4, {'battery-level': '14.14'}, None, None
130.07, [INFO], robot4, {'y': 17.827, 'x': -35.814, 'yaw': 3.138}, None, None
140.10, [INFO], robot4, {'battery-level': '13.88'}, None, None
140.10, [INFO], robot4, {'y': 17.389, 'x': -37.054, 'yaw': -3.142}, None, None
150.09, [INFO], robot4, {'y': 17.252, 'x': -36.958, 'yaw': 3.14}, None, None
150.09, [INFO], robot4, {'battery-level': '13.62'}, None, None
160.06, [INFO], robot4, {'y': 17.318, 'x': -37.029, 'yaw': -3.142}, None, None
160.06, [INFO], robot4, {'battery-level': '13.36'}, None, None
170.05, [INFO], robot4, {'y': 17.263, 'x': -37.015, 'yaw': -3.141}, None, None
170.05, [INFO], robot4, {'battery-level': '13.10'}, None, None
180.00, [INFO], robot4, {'battery-level': '12.84'}, None, None
180.00, [INFO], robot4, {'y': 17.349, 'x': -36.869, 'yaw': 3.141}, None, None
190.03, [INFO], robot4, {'battery-level': '12.58'}, None, None
190.03, [INFO], robot4, {'y': 17.542, 'x': -37.049, 'yaw': 3.141}, None, None
200.03, [INFO], robot4, {'battery-level': '12.32'}, None, None
200.03, [INFO], robot4, {'y': 17.257, 'x': -36.819, 'yaw': -3.141}, None, None
210.01, [INFO], robot4, {'y': 17.322, 'x': -37.06, 'yaw': 3.141}, None, None
210.01, [INFO], robot4, {'battery-level': '12.06'}, None, None
220.08, [INFO], robot4, {'battery-level': '11.80'}, None, None
220.08, [INFO], robot4, {'y': 17.413, 'x': -37.011, 'yaw': -3.142}, None, None
230.07, [INFO], robot4, {'battery-level': '11.54'}, None, None
230.07, [INFO], robot4, {'y': 17.368, 'x': -36.875, 'yaw': -3.141}, None, None
240.06, [INFO], robot4, {'battery-level': '11.28'}, None, None
240.06, [INFO], robot4, {'y': 17.373, 'x': -36.963, 'yaw': -3.142}, None, None
250.03, [INFO], robot4, {'y': 17.285, 'x': -36.816, 'yaw': -3.141}, None, None
250.03, [INFO], robot4, {'battery-level': '11.02'}, None, None
260.10, [INFO], robot4, {'battery-level': '10.76'}, None, None
260.10, [INFO], robot4, {'y': 17.311, 'x': -36.93, 'yaw': -3.142}, None, None
270.00, [INFO], robot4, {'battery-level': '10.50'}, None, None
270.00, [INFO], robot4, {'y': 17.314, 'x': -36.935, 'yaw': 3.14}, None, None
280.04, [INFO], robot4, {'battery-level': '10.24'}, None, None
280.04, [INFO], robot4, {'y': 17.317, 'x': -36.817, 'yaw': 3.141}, None, None
290.03, [INFO], robot4, {'battery-level': '9.98'}, None, None
290.03, [INFO], robot4, {'y': 17.473, 'x': -37.005, 'yaw': -3.141}, None, None
299.94, [INFO], robot4, {'y': 17.306, 'x': -36.798, 'yaw': -3.142}, None, None
300.04, [INFO], robot4, {'battery-level': '9.72'}, None, None
306.24, [WARN], robot4, SKILL-FAILURE, navigation, navto_lab
310.02, [INFO], robot4, {'y': 17.282, 'x': -37.064, 'yaw': 3.142}, None, None
310.02, [INFO], robot4, {'battery-level': '9.46'}, None, None
320.06, [INFO], robot4, {'y': 17.282, 'x': -37.064, 'yaw': -3.142}, None, None
320.06, [INFO], robot4, {'battery-level': '9.20'}, None, None
