0.00, [DEBUG], nurse, NURSE_CONFIG={'location': 'IC Room 6', 'position': [-33.9, 18.93, 3.14]}, None, None
0.00, [DEBUG], logger, ROBOTS_CONFIG={'avg_speed': 0.15, 'battery_charge': 0.17496190705907763, 'battery_discharge_rate': 0.00026000000000000003, 'id': 4, 'local_plan': [['navigation', ['IC Room 6', [[-39.44, 33.95, 0.0], [-37.0, 33.95], [-37.0, 18.93], [-33.9, 18.93, 3.14]]], 'navto_room'], ['approach_person', ['nurse'], 'approach_nurse'], ['authenticate_person', ['nurse'], 'authenticate_nurse'], ['operate_drawer', ['open'], 'open_drawer_for_nurse'], ['send_message', ['nurse'], 'notify_nurse_of_open_drawer_for_nurse_completed'], ['wait_message', ['nurse'], 'wait_nurse_to_complete_deposit'], ['operate_drawer', ['close'], 'close_drawer_nurse'], ['navigation', ['Laboratory', [[-33.9, 18.93, 3.14], [-37.0, 18.93], [-37.0, 16.0], [-26.0, 16.0], [-26.0, 13.0, 1.57]]], 'navto_lab'], ['approach_robot', ['lab_arm'], 'approach_arm'], ['operate_drawer', ['open'], 'open_drawer_lab'], ['send_message', ['lab_arm'], 'notify_lab_arm_of_open_drawer_lab_completed'], ['wait_message', ['lab_arm'], 'wait_lab_arm_to_complete_pick_up_sample'], ['operate_drawer', ['close'], 'close_drawer_lab']], 'location': 'IC Room 4', 'name': 'r4', 'position': [-39.44, 33.95, 0.0], 'skills': ['approach_person', 'approach_robot', 'authenticate_person', 'navigation', 'operate_drawer']}, None, None
0.00, [DEBUG], logger, Simulation open, None, None
10.03, [INFO], robot4, {'battery-level': '17.26'}, None, None
10.03, [INFO], robot4, {'y': 34.091, 'x': -38.983, 'yaw': 3.141}, None, None
20.04, [INFO], robot4, {'y': 34.117, 'x': -37.134, 'yaw': -3.142}, None, None
20.04, [INFO], robot4, {'battery-level': '17.00'}, None, None
30.02, [INFO], robot4, {'y': 32.023, 'x': -37.045, 'yaw': 3.14}, None, None
30.02, [INFO], robot4, {'battery-level': '16.74'}, None, None
40.01, [INFO], robot4, {'y': 29.92, 'x': -37.049, 'yaw': 3.14}, None, None
40.01, [INFO], robot4, {'battery-level': '16.48'}, None, None
50.00, [INFO], robot4, {'y': 27.8, 'x': -36.993, 'yaw': 3.14}, None, None
50.00, [INFO], robot4, {'battery-level': '16.22'}, None, None
60.07, [INFO], robot4, {'y': 25.675, 'x': -37.011, 'yaw': 3.142}, None, None
60.07, [INFO], robot4, {'battery-level': '15.96'}, None, None
70.05, [INFO], robot4, {'battery-level': '15.70'}, None, None
70.05, [INFO], robot4, {'y': 23.564, 'x': -37.007, 'yaw': 3.141}, None, None
80.05, [INFO], robot4, {'battery-level': '15.44'}, None, None
80.05, [INFO], robot4, {'y': 21.466, 'x': -37.193, 'yaw': -3.142}, None, None
90.06, [INFO], robot4, {'y': 19.355, 'x': -37.041, 'yaw': 3.139}, None, None
90.06, [INFO], robot4, {'battery-level': '15.18'}, None, None
100.04, [INFO], robot4, {'battery-level': '14.92'}, None, None
100.04, [INFO], robot4, {'y': 17.789, 'x': -35.613, 'yaw': 3.141}, None, None
110.04, [INFO], robot4, {'battery-level': '14.66'}, None, None
110.04, [INFO], robot4, {'y': 18.836, 'x': -34.057, 'yaw': 3.142}, None, None
116.74, [info], nurse, sync, received-request, (status=sending-request)
116.74, [info], nurse, sync, request-sent, (status=waiting)
116.84, [info], nurse, sync, wait-message, (status=message-received)
120.03, [INFO], robot4, {'battery-level': '14.40'}, None, None
120.03, [INFO], robot4, {'y': 18.738, 'x': -34.265, 'yaw': 3.142}, None, None
130.04, [INFO], robot4, {'y': 17.892, 'x': -35.885, 'yaw': -3.141}, None, None
130.04, [INFO], robot4, {'battery-level': '14.14'}, None, None
139.93, [INFO], robot4, {'y': 18.104, 'x': -36.79, 'yaw': -3.142}, None, None
139.93, [INFO], robot4, {'battery-level': '13.88'}, None, None
150.06, [INFO], robot4, {'battery-level': '13.62'}, None, None
150.06, [INFO], robot4, {'y': 17.266, 'x': -36.842, 'yaw': 3.142}, None, None
160.06, [INFO], robot4, {'battery-level': '13.36'}, None, None
160.06, [INFO], robot4, {'y': 17.358, 'x': -37.098, 'yaw': 3.14}, None, None
170.03, [INFO], robot4, {'battery-level': '13.10'}, None, None
170.03, [INFO], robot4, {'y': 17.327, 'x': -36.87, 'yaw': -3.141}, None, None
180.00, [INFO], robot4, {'battery-level': '12.84'}, None, None
180.00, [INFO], robot4, {'y': 17.393, 'x': -36.982, 'yaw': -3.141}, None, None
190.08, [INFO], robot4, {'y': 17.282, 'x': -36.883, 'yaw': -3.141}, None, None
190.08, [INFO], robot4, {'battery-level': '12.58'}, None, None
200.03, [INFO], robot4, {'y': 17.384, 'x': -36.995, 'yaw': -3.141}, None, None
200.03, [INFO], robot4, {'battery-level': '12.32'}, None, None
210.01, [INFO], robot4, {'battery-level': '12.06'}, None, None
210.01, [INFO], robot4, {'y': 17.266, 'x': -36.785, 'yaw': -3.141}, None, None
220.09, [INFO], robot4, {'battery-level': '11.80'}, None, None
220.09, [INFO], robot4, {'y': 17.36, 'x': -36.799, 'yaw': 3.14}, None, None
230.08, [INFO], robot4, {'y': 17.304, 'x': -37.086, 'yaw': 3.14}, None, None
230.08, [INFO], robot4, {'battery-level': '11.54'}, None, None
240.08, [INFO], robot4, {'battery-level': '11.28'}, None, None
240.08, [INFO], robot4, {'y': 17.164, 'x': -37.093, 'yaw': -3.141}, None, None
250.05, [INFO], robot4, {'y': 17.415, 'x': -36.893, 'yaw': 3.141}, None, None
250.05, [INFO], robot4, {'battery-level': '11.02'}, None, None
260.01, [INFO], robot4, {'battery-level': '10.76'}, None, None
260.01, [INFO], robot4, {'y': 17.231, 'x': -36.78, 'yaw': 3.141}, None, None
270.05, [INFO], robot4, {'battery-level': '10.50'}, None, None
270.05, [INFO], robot4, {'y': 17.156, 'x': -37.052, 'yaw': 3.141}, None, None
280.02, [INFO], robot4, {'y': 17.345, 'x': -36.983, 'yaw': 3.14}, None, None
280.02, [INFO], robot4, {'battery-level': '10.24'}, None, None
290.08, [INFO], robot4, {'battery-level': '9.98'}, None, None
290.08, [INFO], robot4, {'y': 17.288, 'x': -36.977, 'yaw': 3.142}, None, None
300.05, [INFO], robot4, {'y': 17.437, 'x': -36.924, 'yaw': 3.142}, None, None
300.05, [INFO], robot4, {'battery-level': '9.72'}, None, None
308.00, [WARN], robot4, SKILL-FAILURE, navigation, navto_lab
310.07, [INFO], robot4, {'battery-level': '9.46'}, None, None
310.07, [INFO], robot4, {'y': 17.379, 'x': -36.889, 'yaw': 3.142}, None, None
320.07, [INFO], robot4, {'y': 17.379, 'x': -36.889, 'yaw': 3.142}, None, None
320.07, [INFO], robot4, {'battery-level': '9.20'}, None, None
