0.00, [DEBUG], nurse, NURSE_CONFIG={'location': 'PC Room 3', 'position': [-28.5, 18.0, -1.57]}, None, None
0.00, [INFO], robot6, {'battery-level': '54.08'}, None, None
0.00, [DEBUG], logger, ROBOTS_CONFIG={'avg_speed': 0.15, 'battery_charge': 0.5408465660492595, 'battery_discharge_rate': 0.0005200000000000001, 'id': 6, 'local_plan': [['navigation', ['PC Room 3', [[-27.23, 18.0, -1.57], [-27.23, 16.0], [-28.5, 16.0], [-28.5, 18.0, -1.57]]], 'navto_room'], ['approach_person', ['nurse'], 'approach_nurse'], ['authenticate_person', ['nurse'], 'authenticate_nurse'], ['operate_drawer', ['open'], 'open_drawer_for_nurse'], ['send_message', ['nurse'], 'notify_nurse_of_open_drawer_for_nurse_completed'], ['wait_message', ['nurse'], 'wait_nurse_to_complete_deposit'], ['operate_drawer', ['close'], 'close_drawer_nurse'], ['navigation', ['Laboratory', [[-28.5, 18.0, -1.57], [-28.5, 16.0], [-26.0, 16.0], [-26.0, 13.0, 1.57]]], 'navto_lab'], ['approach_robot', ['lab_arm'], 'approach_arm'], ['operate_drawer', ['open'], 'open_drawer_lab'], ['send_message', ['lab_arm'], 'notify_lab_arm_of_open_drawer_lab_completed'], ['wait_message', ['lab_arm'], 'wait_lab_arm_to_complete_pick_up_sample'], ['operate_drawer', ['close'], 'close_drawer_lab']], 'location': 'PC Room 4', 'name': 'r6', 'position': [-27.23, 18.0, -1.57], 'skills': ['approach_person', 'approach_robot', 'authenticate_person', 'navigation', 'operate_drawer']}, None, None
0.00, [DEBUG], logger, Simulation open, None, None
10.04, [INFO], robot6, {'y': 17.484, 'x': -27.145, 'yaw': -3.142}, None, None
10.04, [INFO], robot6, {'battery-level': '53.62'}, None, None
20.02, [INFO], robot6, {'y': 16.346, 'x': -27.933, 'yaw': 3.141}, None, None
20.02, [INFO], robot6, {'battery-level': '53.10'}, None, None
30.08, [INFO], robot6, {'battery-level': '52.58'}, None, None
30.08, [INFO], robot6, {'y': 17.838, 'x': -28.62, 'yaw': -3.142}, None, None
37.05, [info], nurse, sync, received-request, (status=sending-request)
37.05, [info], nurse, sync, request-sent, (status=waiting)
37.05, [info], nurse, sync, wait-message, (status=message-received)
40.06, [INFO], robot6, {'y': 17.568, 'x': -28.622, 'yaw': -3.141}, None, None
40.06, [INFO], robot6, {'battery-level': '52.06'}, None, None
50.06, [INFO], robot6, {'battery-level': '51.54'}, None, None
50.06, [INFO], robot6, {'y': 16.003, 'x': -27.944, 'yaw': 3.14}, None, None
60.05, [INFO], robot6, {'y': 15.345, 'x': -26.192, 'yaw': 3.142}, None, None
60.05, [INFO], robot6, {'battery-level': '51.02'}, None, None
70.05, [INFO], robot6, {'y': 13.293, 'x': -25.747, 'yaw': 3.142}, None, None
70.05, [INFO], robot6, {'battery-level': '50.50'}, None, None
79.18, [info], lab_arm, sync, wait-message, (status=message-received)
80.05, [INFO], robot6, {'battery-level': '49.98'}, None, None
80.05, [INFO], robot6, {'y': 12.88, 'x': -25.965, 'yaw': 3.141}, None, None
80.15, [WARN], robot6, SUCCESS, None, None
90.09, [INFO], robot6, {'y': 12.88, 'x': -25.965, 'yaw': -3.142}, None, None
90.09, [INFO], robot6, {'battery-level': '49.46'}, None, None
