0.00, [DEBUG], nurse, NURSE_CONFIG={'location': 'IC Room 6', 'position': [-33.9, 18.93, 3.14]}, None, None
0.13, [DEBUG], logger, ROBOTS_CONFIG={'avg_speed': 0.15, 'battery_charge': 0.17496190705907763, 'battery_discharge_rate': 0.00026000000000000003, 'id': 4, 'local_plan': [['navigation', ['IC Room 6', [[-39.44, 33.95, 0.0], [-37.0, 33.95], [-37.0, 18.93], [-33.9, 18.93, 3.14]]], 'navto_room'], ['approach_person', ['nurse'], 'approach_nurse'], ['authenticate_person', ['nurse'], 'authenticate_nurse'], ['operate_drawer', ['open'], 'open_drawer_for_nurse'], ['send_message', ['nurse'], 'notify_nurse_of_open_drawer_for_nurse_completed'], ['wait_message', ['nurse'], 'wait_nurse_to_complete_deposit'], ['operate_drawer', ['close'], 'close_drawer_nurse'], ['navigation', ['Laboratory', [[-33.9, 18.93, 3.14], [-37.0, 18.93], [-37.0, 16.0], [-26.0, 16.0], [-26.0, 13.0, 1.57]]], 'navto_lab'], ['approach_robot', ['lab_arm'], 'approach_arm'], ['operate_drawer', ['open'], 'open_drawer_lab'], ['send_message', ['lab_arm'], 'notify_lab_arm_of_open_drawer_lab_completed'], ['wait_message', ['lab_arm'], 'wait_lab_arm_to_complete_pick_up_sample'], ['operate_drawer', ['close'], 'close_drawer_lab']], 'location': 'IC Room 4', 'name': 'r4', 'position': [-39.44, 33.95, 0.0], 'skills': ['approach_person', 'approach_robot', 'authenticate_person', 'navigation', 'operate_drawer']}, None, None
0.13, [DEBUG], logger, Simulation open, None, None
10.03, [INFO], robot4, {'y': 33.95, 'x': -39.599, 'yaw': 3.142}, None, None
10.03, [INFO], robot4, {'battery-level': '17.26'}, None, None
20.06, [INFO], robot4, {'y': 34.513, 'x': -38.374, 'yaw': -3.142}, None, None
20.06, [INFO], robot4, {'battery-level': '17.00'}, None, None
30.07, [INFO], robot4, {'battery-level': '16.74'}, None, None
30.07, [INFO], robot4, {'y': 33.392, 'x': -37.054, 'yaw': -3.142}, None, None
40.08, [INFO], robot4, {'y': 31.28, 'x': -37.091, 'yaw': 3.14}, None, None
40.08, [INFO], robot4, {'battery-level': '16.48'}, None, None
50.09, [INFO], robot4, {'y': 29.158, 'x': -37.056, 'yaw': 3.141}, None, None
50.09, [INFO], robot4, {'battery-level': '16.22'}, None, None
60.01, [INFO], robot4, {'y': 27.07, 'x': -36.992, 'yaw': 3.142}, None, None
60.01, [INFO], robot4, {'battery-level': '15.96'}, None, None
70.02, [INFO], robot4, {'battery-level': '15.70'}, None, None
70.02, [INFO], robot4, {'y': 24.963, 'x': -36.998, 'yaw': 3.142}, None, None
80.04, [INFO], robot4, {'y': 22.844, 'x': -37.041, 'yaw': -3.142}, None, None
80.04, [INFO], robot4, {'battery-level': '15.44'}, None, None
90.04, [INFO], robot4, {'y': 20.741, 'x': -37.084, 'yaw': -3.142}, None, None
90.04, [INFO], robot4, {'battery-level': '15.18'}, None, None
100.05, [INFO], robot4, {'y': 18.724, 'x': -36.659, 'yaw': 3.141}, None, None
100.05, [INFO], robot4, {'battery-level': '14.92'}, None, None
110.06, [INFO], robot4, {'battery-level': '14.66'}, None, None
110.06, [INFO], robot4, {'y': 17.689, 'x': -34.94, 'yaw': 3.142}, None, None
120.06, [INFO], robot4, {'y': 18.926, 'x': -33.913, 'yaw': 3.142}, None, None
120.06, [INFO], robot4, {'battery-level': '14.40'}, None, None
124.90, [info], nurse, sync, received-request, (status=sending-request)
124.90, [info], nurse, sync, request-sent, (status=waiting)
124.90, [info], nurse, sync, wait-message, (status=message-received)
130.06, [INFO], robot4, {'battery-level': '14.14'}, None, None
130.06, [INFO], robot4, {'y': 18.37, 'x': -34.426, 'yaw': 3.141}, None, None
140.06, [INFO], robot4, {'battery-level': '13.88'}, None, None
140.06, [INFO], robot4, {'y': 17.9, 'x': -36.05, 'yaw': 3.142}, None, None
150.05, [INFO], robot4, {'battery-level': '13.62'}, None, None
150.05, [INFO], robot4, {'y': 17.257, 'x': -37.011, 'yaw': 3.142}, None, None
160.07, [INFO], robot4, {'battery-level': '13.36'}, None, None
160.07, [INFO], robot4, {'y': 17.47, 'x': -36.885, 'yaw': 3.141}, None, None
170.07, [INFO], robot4, {'y': 17.429, 'x': -36.907, 'yaw': 3.141}, None, None
170.07, [INFO], robot4, {'battery-level': '13.10'}, None, None
180.07, [INFO], robot4, {'y': 17.354, 'x': -37.057, 'yaw': 3.14}, None, None
180.07, [INFO], robot4, {'battery-level': '12.84'}, None, None
190.07, [INFO], robot4, {'battery-level': '12.58'}, None, None
190.07, [INFO], robot4, {'y': 17.303, 'x': -37.013, 'yaw': 3.141}, None, None
200.07, [INFO], robot4, {'y': 17.218, 'x': -36.969, 'yaw': 3.141}, None, None
200.07, [INFO], robot4, {'battery-level': '12.32'}, None, None
210.07, [INFO], robot4, {'y': 17.171, 'x': -36.851, 'yaw': -3.141}, None, None
210.07, [INFO], robot4, {'battery-level': '12.06'}, None, None
220.08, [INFO], robot4, {'battery-level': '11.80'}, None, None
220.08, [INFO], robot4, {'y': 17.447, 'x': -37.216, 'yaw': -3.142}, None, None
230.09, [INFO], robot4, {'y': 17.339, 'x': -36.783, 'yaw': -3.142}, None, None
230.09, [INFO], robot4, {'battery-level': '11.54'}, None, None
240.09, [INFO], robot4, {'battery-level': '11.28'}, None, None
240.09, [INFO], robot4, {'y': 17.314, 'x': -37.069, 'yaw': 3.14}, None, None
250.00, [INFO], robot4, {'battery-level': '11.02'}, None, None
250.00, [INFO], robot4, {'y': 17.381, 'x': -37.094, 'yaw': 3.141}, None, None
260.00, [INFO], robot4, {'y': 17.332, 'x': -36.898, 'yaw': 3.14}, None, None
260.00, [INFO], robot4, {'battery-level': '10.76'}, None, None
270.02, [INFO], robot4, {'y': 17.223, 'x': -36.813, 'yaw': -3.141}, None, None
270.02, [INFO], robot4, {'battery-level': '10.50'}, None, None
280.02, [INFO], robot4, {'y': 17.264, 'x': -37.048, 'yaw': -3.142}, None, None
280.02, [INFO], robot4, {'battery-level': '10.24'}, None, None
290.00, [INFO], robot4, {'battery-level': '9.98'}, None, None
290.00, [INFO], robot4, {'y': 17.367, 'x': -36.946, 'yaw': 3.141}, None, None
300.01, [INFO], robot4, {'battery-level': '9.72'}, None, None
300.01, [INFO], robot4, {'y': 17.248, 'x': -36.912, 'yaw': 3.142}, None, None
310.02, [INFO], robot4, {'y': 17.294, 'x': -37.021, 'yaw': -3.141}, None, None
310.02, [INFO], robot4, {'battery-level': '9.46'}, None, None
317.73, [WARN], robot4, SKILL-FAILURE, navigation, navto_lab
320.09, [INFO], robot4, {'battery-level': '9.20'}, None, None
320.09, [INFO], robot4, {'y': 17.301, 'x': -36.923, 'yaw': -3.142}, None, None
330.06, [INFO], robot4, {'y': 17.301, 'x': -36.924, 'yaw': -3.142}, None, None
330.06, [INFO], robot4, {'battery-level': '8.94'}, None, None
340.03, [INFO], robot4, {'y': 17.302, 'x': -36.925, 'yaw': -3.142}, None, None
340.03, [INFO], robot4, {'battery-level': '8.68'}, None, None
