0.00, [DEBUG], nurse, NURSE_CONFIG={'location': 'IC Room 6', 'position': [-33.9, 18.93, 3.14]}, None, None
0.00, [INFO], robot2, {'battery-level': '63.50'}, None, None
0.00, [DEBUG], logger, ROBOTS_CONFIG={'avg_speed': 0.15, 'battery_charge': 0.634952869577942, 'battery_discharge_rate': 0.0006000000000000001, 'id': 2, 'local_plan': [['navigation', ['IC Room 6', [[-19.0, 18.0, -1.57], [-19.0, 16.0], [-37.0, 16.0], [-37.0, 18.93], [-33.9, 18.93, 3.14]]], 'navto_room'], ['approach_person', ['nurse'], 'approach_nurse'], ['authenticate_person', ['nurse'], 'authenticate_nurse'], ['operate_drawer', ['open'], 'open_drawer_for_nurse'], ['send_message', ['nurse'], 'notify_nurse_of_open_drawer_for_nurse_completed'], ['wait_message', ['nurse'], 'wait_nurse_to_complete_deposit'], ['operate_drawer', ['close'], 'close_drawer_nurse'], ['navigation', ['Laboratory', [[-33.9, 18.93, 3.14], [-37.0, 18.93], [-37.0, 16.0], [-26.0, 16.0], [-26.0, 13.0, 1.57]]], 'navto_lab'], ['approach_robot', ['lab_arm'], 'approach_arm'], ['operate_drawer', ['open'], 'open_drawer_lab'], ['send_message', ['lab_arm'], 'notify_lab_arm_of_open_drawer_lab_completed'], ['wait_message', ['lab_arm'], 'wait_lab_arm_to_complete_pick_up_sample'], ['operate_drawer', ['close'], 'close_drawer_lab']], 'location': 'PC Room 6', 'name': 'r2', 'position': [-19.0, 18.0, -1.57], 'skills': ['approach_person', 'approach_robot', 'authenticate_person', 'navigation', 'operate_drawer']}, None, None
0.00, [DEBUG], logger, Simulation open, None, None
10.05, [INFO], robot2, {'y': 17.603, 'x': -19.139, 'yaw': 3.14}, None, None
10.05, [INFO], robot2, {'battery-level': '62.96'}, None, None
20.09, [INFO], robot2, {'battery-level': '62.36'}, None, None
20.09, [INFO], robot2, {'y': 16.154, 'x': -20.134, 'yaw': 3.141}, None, None
30.03, [INFO], robot2, {'battery-level': '61.76'}, None, None
30.03, [INFO], robot2, {'y': 16.17, 'x': -22.235, 'yaw': 3.142}, None, None
40.06, [INFO], robot2, {'battery-level': '61.16'}, None, None
40.06, [INFO], robot2, {'y': 16.039, 'x': -24.342, 'yaw': 3.14}, None, None
50.07, [INFO], robot2, {'battery-level': '60.56'}, None, None
50.07, [INFO], robot2, {'y': 15.989, 'x': -26.47, 'yaw': 3.139}, None, None
60.09, [INFO], robot2, {'battery-level': '59.96'}, None, None
60.09, [INFO], robot2, {'y': 16.058, 'x': -28.579, 'yaw': 3.142}, None, None
70.01, [INFO], robot2, {'battery-level': '59.36'}, None, None
70.01, [INFO], robot2, {'y': 16.036, 'x': -30.673, 'yaw': -3.142}, None, None
80.00, [INFO], robot2, {'battery-level': '58.76'}, None, None
80.00, [INFO], robot2, {'y': 15.812, 'x': -32.782, 'yaw': 3.142}, None, None
90.10, [INFO], robot2, {'battery-level': '58.16'}, None, None
90.10, [INFO], robot2, {'y': 15.402, 'x': -34.897, 'yaw': -3.141}, None, None
100.02, [INFO], robot2, {'battery-level': '57.56'}, None, None
100.02, [INFO], robot2, {'y': 16.19, 'x': -36.623, 'yaw': -3.141}, None, None
110.09, [INFO], robot2, {'y': 17.598, 'x': -36.645, 'yaw': 3.141}, None, None
110.09, [INFO], robot2, {'battery-level': '56.96'}, None, None
120.03, [INFO], robot2, {'y': 17.831, 'x': -35.91, 'yaw': 3.141}, None, None
120.03, [INFO], robot2, {'battery-level': '56.36'}, None, None
130.04, [INFO], robot2, {'battery-level': '55.76'}, None, None
130.04, [INFO], robot2, {'y': 18.361, 'x': -35.718, 'yaw': 3.142}, None, None
140.03, [INFO], robot2, {'battery-level': '55.16'}, None, None
140.03, [INFO], robot2, {'y': 18.362, 'x': -35.718, 'yaw': -3.142}, None, None
150.04, [INFO], robot2, {'battery-level': '54.56'}, None, None
150.04, [INFO], robot2, {'y': 18.238, 'x': -35.786, 'yaw': -3.141}, None, None
160.07, [INFO], robot2, {'battery-level': '53.96'}, None, None
160.07, [INFO], robot2, {'y': 18.252, 'x': -35.75, 'yaw': -3.142}, None, None
170.05, [INFO], robot2, {'y': 18.252, 'x': -35.749, 'yaw': 3.142}, None, None
170.05, [INFO], robot2, {'battery-level': '53.36'}, None, None
180.06, [INFO], robot2, {'y': 18.25, 'x': -35.748, 'yaw': -3.142}, None, None
180.06, [INFO], robot2, {'battery-level': '52.76'}, None, None
190.07, [INFO], robot2, {'battery-level': '52.16'}, None, None
190.07, [INFO], robot2, {'y': 18.238, 'x': -35.749, 'yaw': -3.141}, None, None
200.09, [INFO], robot2, {'y': 18.229, 'x': -35.75, 'yaw': -3.142}, None, None
200.09, [INFO], robot2, {'battery-level': '51.56'}, None, None
210.02, [INFO], robot2, {'battery-level': '50.96'}, None, None
210.02, [INFO], robot2, {'y': 18.229, 'x': -35.75, 'yaw': -3.142}, None, None
212.19, [WARN], robot2, SKILL-FAILURE, navigation, navto_room
220.01, [INFO], robot2, {'battery-level': '50.36'}, None, None
220.01, [INFO], robot2, {'y': 18.229, 'x': -35.75, 'yaw': -3.142}, None, None
230.04, [INFO], robot2, {'y': 18.229, 'x': -35.75, 'yaw': 3.142}, None, None
230.04, [INFO], robot2, {'battery-level': '49.76'}, None, None
