0.00, [DEBUG], nurse, NURSE_CONFIG={'location': 'IC Room 2', 'position': [-38.0, 21.5, 0.0]}, None, None
0.13, [DEBUG], logger, ROBOTS_CONFIG={'avg_speed': 0.15, 'battery_charge': 0.23995139509475963, 'battery_discharge_rate': 0.00068, 'id': 1, 'local_plan': [['navigation', ['IC Room 2', [[-27.23, 18.0, -1.57], [-27.23, 16.0], [-37.0, 16.0], [-37.0, 21.5], [-38.0, 21.5, 0.0]]], 'navto_room'], ['approach_person', ['nurse'], 'approach_nurse'], ['authenticate_person', ['nurse'], 'authenticate_nurse'], ['operate_drawer', ['open'], 'open_drawer_for_nurse'], ['send_message', ['nurse'], 'notify_nurse_of_open_drawer_for_nurse_completed'], ['wait_message', ['nurse'], 'wait_nurse_to_complete_deposit'], ['operate_drawer', ['close'], 'close_drawer_nurse'], ['navigation', ['Laboratory', [[-38.0, 21.5, 0.0], [-37.0, 21.5], [-37.0, 16.0], [-26.0, 16.0], [-26.0, 13.0, 1.57]]], 'navto_lab'], ['approach_robot', ['lab_arm'], 'approach_arm'], ['operate_drawer', ['open'], 'open_drawer_lab'], ['send_message', ['lab_arm'], 'notify_lab_arm_of_open_drawer_lab_completed'], ['wait_message', ['lab_arm'], 'wait_lab_arm_to_complete_pick_up_sample'], ['operate_drawer', ['close'], 'close_drawer_lab']], 'location': 'PC Room 4', 'name': 'r1', 'position': [-27.23, 18.0, -1.57], 'skills': ['approach_person', 'approach_robot', 'authenticate_person', 'navigation', 'operate_drawer']}, None, None
0.13, [DEBUG], logger, Simulation open, None, None
10.00, [INFO], robot1, {'battery-level': '23.38'}, None, None
10.00, [INFO], robot1, {'y': 18.0, 'x': -27.23, 'yaw': -3.142}, None, None
20.01, [INFO], robot1, {'battery-level': '22.70'}, None, None
20.01, [INFO], robot1, {'y': 16.902, 'x': -27.085, 'yaw': 3.138}, None, None
30.00, [INFO], robot1, {'y': 16.116, 'x': -28.543, 'yaw': 3.142}, None, None
30.00, [INFO], robot1, {'battery-level': '22.02'}, None, None
40.10, [INFO], robot1, {'y': 16.03, 'x': -30.673, 'yaw': 3.141}, None, None
40.10, [INFO], robot1, {'battery-level': '21.34'}, None, None
50.04, [INFO], robot1, {'y': 15.789, 'x': -32.782, 'yaw': -3.142}, None, None
50.04, [INFO], robot1, {'battery-level': '20.66'}, None, None
60.05, [INFO], robot1, {'y': 15.389, 'x': -34.882, 'yaw': -3.141}, None, None
60.05, [INFO], robot1, {'battery-level': '19.98'}, None, None
70.06, [INFO], robot1, {'battery-level': '19.30'}, None, None
70.06, [INFO], robot1, {'y': 16.098, 'x': -36.79, 'yaw': 3.142}, None, None
80.08, [INFO], robot1, {'y': 18.213, 'x': -36.759, 'yaw': -3.142}, None, None
80.08, [INFO], robot1, {'battery-level': '18.62'}, None, None
90.01, [INFO], robot1, {'battery-level': '17.94'}, None, None
90.01, [INFO], robot1, {'y': 20.31, 'x': -36.88, 'yaw': 3.141}, None, None
100.02, [INFO], robot1, {'battery-level': '17.26'}, None, None
100.02, [INFO], robot1, {'y': 21.468, 'x': -38.004, 'yaw': 3.141}, None, None
107.10, [info], nurse, sync, received-request, (status=sending-request)
107.10, [info], nurse, sync, request-sent, (status=waiting)
107.10, [info], nurse, sync, wait-message, (status=message-received)
110.04, [INFO], robot1, {'battery-level': '16.58'}, None, None
110.04, [INFO], robot1, {'y': 21.474, 'x': -37.728, 'yaw': -3.142}, None, None
120.05, [INFO], robot1, {'battery-level': '15.90'}, None, None
120.05, [INFO], robot1, {'y': 19.699, 'x': -37.194, 'yaw': 3.142}, None, None
130.07, [INFO], robot1, {'battery-level': '15.22'}, None, None
130.07, [INFO], robot1, {'y': 17.586, 'x': -37.129, 'yaw': 3.141}, None, None
140.08, [INFO], robot1, {'battery-level': '14.54'}, None, None
140.08, [INFO], robot1, {'y': 15.815, 'x': -36.435, 'yaw': 3.141}, None, None
150.03, [INFO], robot1, {'battery-level': '13.86'}, None, None
150.03, [INFO], robot1, {'y': 15.353, 'x': -34.354, 'yaw': -3.141}, None, None
160.07, [INFO], robot1, {'battery-level': '13.18'}, None, None
160.07, [INFO], robot1, {'y': 15.525, 'x': -32.223, 'yaw': 3.142}, None, None
170.07, [INFO], robot1, {'battery-level': '12.50'}, None, None
170.07, [INFO], robot1, {'y': 15.612, 'x': -30.113, 'yaw': 3.141}, None, None
180.02, [INFO], robot1, {'battery-level': '11.82'}, None, None
180.02, [INFO], robot1, {'y': 15.8, 'x': -28.015, 'yaw': -3.142}, None, None
190.06, [INFO], robot1, {'battery-level': '11.14'}, None, None
190.06, [INFO], robot1, {'y': 15.446, 'x': -26.026, 'yaw': 3.142}, None, None
200.03, [INFO], robot1, {'y': 13.381, 'x': -25.747, 'yaw': 3.141}, None, None
200.03, [INFO], robot1, {'battery-level': '10.46'}, None, None
210.00, [INFO], robot1, {'y': 12.864, 'x': -25.966, 'yaw': 3.142}, None, None
210.00, [INFO], robot1, {'battery-level': '9.78'}, None, None
210.59, [info], lab_arm, sync, wait-message, (status=message-received)
211.58, [WARN], robot1, SUCCESS, None, None
220.04, [INFO], robot1, {'battery-level': '9.10'}, None, None
220.04, [INFO], robot1, {'y': 12.862, 'x': -25.965, 'yaw': -3.142}, None, None
230.04, [INFO], robot1, {'battery-level': '8.42'}, None, None
230.04, [INFO], robot1, {'y': 12.862, 'x': -25.965, 'yaw': -3.142}, None, None
