0.14, [DEBUG], logger, ROBOTS_CONFIG={'avg_speed': 0.15, 'battery_charge': 0.6520875066754872, 'battery_discharge_rate': 0.0006000000000000001, 'id': 4, 'local_plan': [['navigation', ['IC Room 6', [[-39.44, 33.95, 0.0], [-37.0, 33.95], [-37.0, 18.93], [-33.9, 18.93, 3.14]]], 'navto_room'], ['approach_person', ['nurse'], 'approach_nurse'], ['authenticate_person', ['nurse'], 'authenticate_nurse'], ['operate_drawer', ['open'], 'open_drawer_for_nurse'], ['send_message', ['nurse'], 'notify_nurse_of_open_drawer_for_nurse_completed'], ['wait_message', ['nurse'], 'wait_nurse_to_complete_deposit'], ['operate_drawer', ['close'], 'close_drawer_nurse'], ['navigation', ['Laboratory', [[-33.9, 18.93, 3.14], [-37.0, 18.93], [-37.0, 16.0], [-26.0, 16.0], [-26.0, 13.0, 1.57]]], 'navto_lab'], ['approach_robot', ['lab_arm'], 'approach_arm'], ['operate_drawer', ['open'], 'open_drawer_lab'], ['send_message', ['lab_arm'], 'notify_lab_arm_of_open_drawer_lab_completed'], ['wait_message', ['lab_arm'], 'wait_lab_arm_to_complete_pick_up_sample'], ['operate_drawer', ['close'], 'close_drawer_lab']], 'location': 'IC Room 4', 'name': 'r4', 'position': [-39.44, 33.95, 0.0], 'skills': ['approach_person', 'approach_robot', 'authenticate_person', 'navigation', 'operate_drawer']}, None, None
0.14, [DEBUG], logger, Simulation open, None, None
10.01, [INFO], robot4, {'y': 34.088, 'x': -38.99, 'yaw': 3.141}, None, None
10.01, [INFO], robot4, {'battery-level': '64.67'}, None, None
20.08, [INFO], robot4, {'y': 34.161, 'x': -37.133, 'yaw': 3.142}, None, None
20.08, [INFO], robot4, {'battery-level': '64.07'}, None, None
30.08, [INFO], robot4, {'y': 32.051, 'x': -37.053, 'yaw': 3.14}, None, None
30.08, [INFO], robot4, {'battery-level': '63.47'}, None, None
40.07, [INFO], robot4, {'y': 29.943, 'x': -37.049, 'yaw': 3.14}, None, None
40.07, [INFO], robot4, {'battery-level': '62.87'}, None, None
50.00, [INFO], robot4, {'y': 27.84, 'x': -37.007, 'yaw': 3.141}, None, None
50.00, [INFO], robot4, {'battery-level': '62.27'}, None, None
60.01, [INFO], robot4, {'battery-level': '61.67'}, None, None
60.01, [INFO], robot4, {'y': 25.729, 'x': -37.048, 'yaw': 3.141}, None, None
70.09, [INFO], robot4, {'battery-level': '61.07'}, None, None
70.09, [INFO], robot4, {'y': 23.593, 'x': -37.048, 'yaw': 3.141}, None, None
80.06, [INFO], robot4, {'y': 21.486, 'x': -37.144, 'yaw': 3.142}, None, None
80.06, [INFO], robot4, {'battery-level': '60.47'}, None, None
90.05, [INFO], robot4, {'battery-level': '59.87'}, None, None
90.05, [INFO], robot4, {'y': 19.372, 'x': -37.092, 'yaw': 3.139}, None, None
100.04, [INFO], robot4, {'y': 17.749, 'x': -35.768, 'yaw': 3.141}, None, None
100.04, [INFO], robot4, {'battery-level': '59.27'}, None, None
110.03, [INFO], robot4, {'y': 18.655, 'x': -34.133, 'yaw': -3.142}, None, None
110.03, [INFO], robot4, {'battery-level': '58.67'}, None, None
119.08, [info], nurse, sync, received-request, (status=sending-request)
119.08, [info], nurse, sync, request-sent, (status=waiting)
119.18, [info], nurse, sync, wait-message, (status=message-received)
120.03, [INFO], robot4, {'battery-level': '58.07'}, None, None
120.03, [INFO], robot4, {'y': 18.946, 'x': -33.943, 'yaw': 3.141}, None, None
130.01, [INFO], robot4, {'y': 17.755, 'x': -35.401, 'yaw': 3.14}, None, None
130.01, [INFO], robot4, {'battery-level': '57.47'}, None, None
140.01, [INFO], robot4, {'battery-level': '56.87'}, None, None
140.01, [INFO], robot4, {'y': 18.015, 'x': -36.102, 'yaw': 3.142}, None, None
150.08, [INFO], robot4, {'battery-level': '56.27'}, None, None
150.08, [INFO], robot4, {'y': 17.369, 'x': -37.017, 'yaw': 3.141}, None, None
160.03, [INFO], robot4, {'y': 17.472, 'x': -36.953, 'yaw': -3.142}, None, None
160.03, [INFO], robot4, {'battery-level': '55.67'}, None, None
170.01, [INFO], robot4, {'battery-level': '55.07'}, None, None
170.01, [INFO], robot4, {'y': 17.283, 'x': -37.087, 'yaw': -3.142}, None, None
180.07, [INFO], robot4, {'y': 17.252, 'x': -36.844, 'yaw': -3.141}, None, None
180.07, [INFO], robot4, {'battery-level': '54.47'}, None, None
189.99, [INFO], robot4, {'y': 17.278, 'x': -37.08, 'yaw': -3.141}, None, None
190.08, [INFO], robot4, {'battery-level': '53.87'}, None, None
200.06, [INFO], robot4, {'y': 17.36, 'x': -36.904, 'yaw': 3.141}, None, None
200.06, [INFO], robot4, {'battery-level': '53.27'}, None, None
210.07, [INFO], robot4, {'y': 17.195, 'x': -37.149, 'yaw': -3.142}, None, None
210.07, [INFO], robot4, {'battery-level': '52.67'}, None, None
220.06, [INFO], robot4, {'battery-level': '52.07'}, None, None
220.06, [INFO], robot4, {'y': 17.277, 'x': -36.821, 'yaw': -3.141}, None, None
230.05, [INFO], robot4, {'battery-level': '51.47'}, None, None
230.05, [INFO], robot4, {'y': 17.435, 'x': -36.993, 'yaw': 3.141}, None, None
240.04, [INFO], robot4, {'battery-level': '50.87'}, None, None
240.04, [INFO], robot4, {'y': 17.238, 'x': -36.833, 'yaw': 3.141}, None, None
250.02, [INFO], robot4, {'y': 17.4, 'x': -37.044, 'yaw': -3.142}, None, None
250.02, [INFO], robot4, {'battery-level': '50.27'}, None, None
260.07, [INFO], robot4, {'y': 17.338, 'x': -36.824, 'yaw': 3.14}, None, None
260.07, [INFO], robot4, {'battery-level': '49.67'}, None, None
270.05, [INFO], robot4, {'y': 17.36, 'x': -36.885, 'yaw': 3.141}, None, None
270.05, [INFO], robot4, {'battery-level': '49.07'}, None, None
280.05, [INFO], robot4, {'y': 17.262, 'x': -36.781, 'yaw': -3.142}, None, None
280.05, [INFO], robot4, {'battery-level': '48.47'}, None, None
290.05, [INFO], robot4, {'battery-level': '47.87'}, None, None
290.05, [INFO], robot4, {'y': 17.396, 'x': -36.929, 'yaw': 3.142}, None, None
300.04, [INFO], robot4, {'y': 17.392, 'x': -36.897, 'yaw': 3.141}, None, None
300.04, [INFO], robot4, {'battery-level': '47.27'}, None, None
307.08, [WARN], robot4, SKILL-FAILURE, navigation, navto_lab
310.00, [INFO], robot4, {'y': 17.32, 'x': -36.892, 'yaw': -3.142}, None, None
310.00, [INFO], robot4, {'battery-level': '46.67'}, None, None
