0.00, [INFO], robot2, {'battery-level': '83.45'}, None, None
0.00, [DEBUG], logger, ROBOTS_CONFIG={'avg_speed': 0.15, 'battery_charge': 0.8344531419634984, 'battery_discharge_rate': 0.00054, 'id': 2, 'local_plan': [['navigation', ['IC Room 2', [[-19.0, 18.0, -1.57], [-19.0, 16.0], [-37.0, 16.0], [-37.0, 21.5], [-38.0, 21.5, 0.0]]], 'navto_room'], ['approach_person', ['nurse'], 'approach_nurse'], ['authenticate_person', ['nurse'], 'authenticate_nurse'], ['operate_drawer', ['open'], 'open_drawer_for_nurse'], ['send_message', ['nurse'], 'notify_nurse_of_open_drawer_for_nurse_completed'], ['wait_message', ['nurse'], 'wait_nurse_to_complete_deposit'], ['operate_drawer', ['close'], 'close_drawer_nurse'], ['navigation', ['Laboratory', [[-38.0, 21.5, 0.0], [-37.0, 21.5], [-37.0, 16.0], [-26.0, 16.0], [-26.0, 13.0, 1.57]]], 'navto_lab'], ['approach_robot', ['lab_arm'], 'approach_arm'], ['operate_drawer', ['open'], 'open_drawer_lab'], ['send_message', ['lab_arm'], 'notify_lab_arm_of_open_drawer_lab_completed'], ['wait_message', ['lab_arm'], 'wait_lab_arm_to_complete_pick_up_sample'], ['operate_drawer', ['close'], 'close_drawer_lab']], 'location': 'PC Room 6', 'name': 'r2', 'position': [-19.0, 18.0, -1.57], 'skills': ['approach_person', 'approach_robot', 'authenticate_person', 'navigation', 'operate_drawer']}, None, None
0.00, [DEBUG], logger, Simulation open, None, None
10.07, [INFO], robot2, {'y': 17.483, 'x': -19.17, 'yaw': 3.141}, None, None
10.07, [INFO], robot2, {'battery-level': '82.96'}, None, None
20.06, [INFO], robot2, {'y': 16.19, 'x': -20.236, 'yaw': 3.142}, None, None
20.06, [INFO], robot2, {'battery-level': '82.42'}, None, None
30.06, [INFO], robot2, {'y': 16.144, 'x': -22.344, 'yaw': 3.141}, None, None
30.06, [INFO], robot2, {'battery-level': '81.88'}, None, None
40.03, [INFO], robot2, {'battery-level': '81.34'}, None, None
40.03, [INFO], robot2, {'y': 16.143, 'x': -24.461, 'yaw': 3.141}, None, None
50.03, [INFO], robot2, {'battery-level': '80.80'}, None, None
50.03, [INFO], robot2, {'y': 16.037, 'x': -26.566, 'yaw': -3.141}, None, None
60.09, [INFO], robot2, {'battery-level': '80.26'}, None, None
60.09, [INFO], robot2, {'y': 16.098, 'x': -28.687, 'yaw': 3.14}, None, None
70.05, [INFO], robot2, {'y': 16.07, 'x': -30.788, 'yaw': 3.141}, None, None
70.05, [INFO], robot2, {'battery-level': '79.72'}, None, None
80.00, [INFO], robot2, {'battery-level': '79.18'}, None, None
80.00, [INFO], robot2, {'y': 15.81, 'x': -32.888, 'yaw': -3.142}, None, None
90.04, [INFO], robot2, {'y': 15.387, 'x': -34.975, 'yaw': -3.141}, None, None
90.04, [INFO], robot2, {'battery-level': '78.64'}, None, None
100.01, [INFO], robot2, {'y': 16.037, 'x': -36.922, 'yaw': 3.142}, None, None
100.01, [INFO], robot2, {'battery-level': '78.10'}, None, None
110.04, [INFO], robot2, {'y': 18.165, 'x': -36.897, 'yaw': -3.141}, None, None
110.04, [INFO], robot2, {'battery-level': '77.56'}, None, None
120.03, [INFO], robot2, {'battery-level': '77.02'}, None, None
120.03, [INFO], robot2, {'y': 20.267, 'x': -36.881, 'yaw': -3.141}, None, None
130.00, [INFO], robot2, {'y': 21.502, 'x': -37.943, 'yaw': -3.138}, None, None
130.00, [INFO], robot2, {'battery-level': '76.48'}, None, None
140.02, [INFO], robot2, {'y': 21.448, 'x': -38.06, 'yaw': 3.141}, None, None
140.02, [INFO], robot2, {'battery-level': '75.94'}, None, None
142.38, [info], nurse, sync, received-request, (status=sending-request)
142.38, [info], nurse, sync, request-sent, (status=waiting)
142.57, [info], nurse, sync, wait-message, (status=message-received)
150.04, [INFO], robot2, {'y': 20.806, 'x': -37.193, 'yaw': 3.141}, None, None
150.04, [INFO], robot2, {'battery-level': '75.40'}, None, None
160.05, [INFO], robot2, {'y': 18.691, 'x': -37.104, 'yaw': 3.142}, None, None
160.05, [INFO], robot2, {'battery-level': '74.86'}, None, None
170.07, [INFO], robot2, {'battery-level': '74.32'}, None, None
170.07, [INFO], robot2, {'y': 16.572, 'x': -37.05, 'yaw': 3.14}, None, None
180.09, [INFO], robot2, {'battery-level': '73.78'}, None, None
180.09, [INFO], robot2, {'y': 15.63, 'x': -35.236, 'yaw': -3.141}, None, None
190.10, [INFO], robot2, {'battery-level': '73.24'}, None, None
190.10, [INFO], robot2, {'y': 15.45, 'x': -33.14, 'yaw': 3.14}, None, None
200.02, [INFO], robot2, {'battery-level': '72.70'}, None, None
200.02, [INFO], robot2, {'y': 15.446, 'x': -31.048, 'yaw': 3.14}, None, None
210.04, [INFO], robot2, {'battery-level': '72.16'}, None, None
210.04, [INFO], robot2, {'y': 15.666, 'x': -28.941, 'yaw': 3.141}, None, None
220.00, [INFO], robot2, {'battery-level': '71.62'}, None, None
220.00, [INFO], robot2, {'y': 15.769, 'x': -26.822, 'yaw': -3.142}, None, None
230.02, [INFO], robot2, {'y': 14.135, 'x': -25.765, 'yaw': 3.141}, None, None
230.02, [INFO], robot2, {'battery-level': '71.08'}, None, None
240.03, [INFO], robot2, {'battery-level': '70.54'}, None, None
240.03, [INFO], robot2, {'y': 12.906, 'x': -25.977, 'yaw': 3.142}, None, None
245.12, [info], lab_arm, sync, wait-message, (status=message-received)
246.11, [WARN], robot2, SUCCESS, None, None
250.01, [INFO], robot2, {'battery-level': '70.00'}, None, None
250.01, [INFO], robot2, {'y': 12.897, 'x': -25.979, 'yaw': 3.142}, None, None
260.04, [INFO], robot2, {'y': 12.897, 'x': -25.979, 'yaw': -3.142}, None, None
260.04, [INFO], robot2, {'battery-level': '69.46'}, None, None
