0.00, [INFO], robot4, {'battery-level': '65.21'}, None, None
0.13, [DEBUG], logger, ROBOTS_CONFIG={'avg_speed': 0.15, 'battery_charge': 0.6520875066754872, 'battery_discharge_rate': 0.0006000000000000001, 'id': 4, 'local_plan': [['navigation', ['IC Room 2', [[-32.88, 33.98, 3.14], [-37.0, 33.98], [-37.0, 21.5], [-38.0, 21.5, 0.0]]], 'navto_room'], ['approach_person', ['nurse'], 'approach_nurse'], ['authenticate_person', ['nurse'], 'authenticate_nurse'], ['operate_drawer', ['open'], 'open_drawer_for_nurse'], ['send_message', ['nurse'], 'notify_nurse_of_open_drawer_for_nurse_completed'], ['wait_message', ['nurse'], 'wait_nurse_to_complete_deposit'], ['operate_drawer', ['close'], 'close_drawer_nurse'], ['navigation', ['Laboratory', [[-38.0, 21.5, 0.0], [-37.0, 21.5], [-37.0, 16.0], [-26.0, 16.0], [-26.0, 13.0, 1.57]]], 'navto_lab'], ['approach_robot', ['lab_arm'], 'approach_arm'], ['operate_drawer', ['open'], 'open_drawer_lab'], ['send_message', ['lab_arm'], 'notify_lab_arm_of_open_drawer_lab_completed'], ['wait_message', ['lab_arm'], 'wait_lab_arm_to_complete_pick_up_sample'], ['operate_drawer', ['close'], 'close_drawer_lab']], 'location': 'IC Room 5', 'name': 'r4', 'position': [-32.88, 33.98, 3.14], 'skills': ['approach_person', 'approach_robot', 'authenticate_person', 'navigation', 'operate_drawer']}, None, None
0.13, [DEBUG], logger, Simulation open, None, None
10.03, [INFO], robot4, {'battery-level': '64.67'}, None, None
10.03, [INFO], robot4, {'y': 34.208, 'x': -33.466, 'yaw': 3.142}, None, None
20.00, [INFO], robot4, {'battery-level': '64.07'}, None, None
20.00, [INFO], robot4, {'y': 34.725, 'x': -35.498, 'yaw': 3.138}, None, None
30.04, [INFO], robot4, {'battery-level': '63.47'}, None, None
30.04, [INFO], robot4, {'y': 33.433, 'x': -36.968, 'yaw': 3.142}, None, None
40.00, [INFO], robot4, {'battery-level': '62.87'}, None, None
40.00, [INFO], robot4, {'y': 31.327, 'x': -36.946, 'yaw': -3.142}, None, None
50.09, [INFO], robot4, {'battery-level': '62.27'}, None, None
50.09, [INFO], robot4, {'y': 29.201, 'x': -36.967, 'yaw': -3.141}, None, None
60.05, [INFO], robot4, {'battery-level': '61.67'}, None, None
60.05, [INFO], robot4, {'y': 27.101, 'x': -36.987, 'yaw': 3.142}, None, None
70.01, [INFO], robot4, {'y': 24.988, 'x': -37.044, 'yaw': 3.141}, None, None
70.01, [INFO], robot4, {'battery-level': '61.07'}, None, None
80.08, [INFO], robot4, {'y': 22.857, 'x': -37.086, 'yaw': 3.141}, None, None
80.08, [INFO], robot4, {'battery-level': '60.47'}, None, None
90.07, [INFO], robot4, {'y': 21.393, 'x': -37.891, 'yaw': 3.137}, None, None
90.07, [INFO], robot4, {'battery-level': '59.87'}, None, None
97.91, [info], nurse, sync, received-request, (status=sending-request)
97.91, [info], nurse, sync, request-sent, (status=waiting)
97.91, [info], nurse, sync, wait-message, (status=message-received)
100.04, [INFO], robot4, {'battery-level': '59.27'}, None, None
100.04, [INFO], robot4, {'y': 21.421, 'x': -37.892, 'yaw': -3.14}, None, None
110.02, [INFO], robot4, {'battery-level': '58.67'}, None, None
110.02, [INFO], robot4, {'y': 19.814, 'x': -37.177, 'yaw': 3.142}, None, None
120.09, [INFO], robot4, {'y': 17.692, 'x': -37.057, 'yaw': 3.14}, None, None
120.09, [INFO], robot4, {'battery-level': '58.07'}, None, None
130.00, [INFO], robot4, {'y': 15.753, 'x': -36.617, 'yaw': 3.141}, None, None
130.00, [INFO], robot4, {'battery-level': '57.47'}, None, None
140.00, [INFO], robot4, {'battery-level': '56.87'}, None, None
140.00, [INFO], robot4, {'y': 15.387, 'x': -34.515, 'yaw': -3.141}, None, None
150.07, [INFO], robot4, {'battery-level': '56.27'}, None, None
150.07, [INFO], robot4, {'y': 15.534, 'x': -32.379, 'yaw': -3.142}, None, None
160.04, [INFO], robot4, {'battery-level': '55.67'}, None, None
160.04, [INFO], robot4, {'y': 15.55, 'x': -30.269, 'yaw': 3.142}, None, None
170.01, [INFO], robot4, {'battery-level': '55.07'}, None, None
170.01, [INFO], robot4, {'y': 15.714, 'x': -28.163, 'yaw': 3.142}, None, None
180.07, [INFO], robot4, {'battery-level': '54.47'}, None, None
180.07, [INFO], robot4, {'y': 15.568, 'x': -26.12, 'yaw': -3.142}, None, None
190.05, [INFO], robot4, {'y': 13.506, 'x': -25.701, 'yaw': 3.141}, None, None
190.05, [INFO], robot4, {'battery-level': '53.87'}, None, None
200.02, [INFO], robot4, {'y': 12.949, 'x': -25.959, 'yaw': -3.142}, None, None
200.02, [INFO], robot4, {'battery-level': '53.27'}, None, None
202.13, [info], lab_arm, sync, wait-message, (status=message-received)
203.10, [WARN], robot4, SUCCESS, None, None
