0.00, [INFO], robot2, {'battery-level': '63.50'}, None, None
0.00, [DEBUG], logger, ROBOTS_CONFIG={'avg_speed': 0.15, 'battery_charge': 0.634952869577942, 'battery_discharge_rate': 0.00054, 'id': 2, 'local_plan': [['navigation', ['IC Room 2', [[-19.0, 18.0, -1.57], [-19.0, 16.0], [-37.0, 16.0], [-37.0, 21.5], [-38.0, 21.5, 0.0]]], 'navto_room'], ['approach_person', ['nurse'], 'approach_nurse'], ['authenticate_person', ['nurse'], 'authenticate_nurse'], ['operate_drawer', ['open'], 'open_drawer_for_nurse'], ['send_message', ['nurse'], 'notify_nurse_of_open_drawer_for_nurse_completed'], ['wait_message', ['nurse'], 'wait_nurse_to_complete_deposit'], ['operate_drawer', ['close'], 'close_drawer_nurse'], ['navigation', ['Laboratory', [[-38.0, 21.5, 0.0], [-37.0, 21.5], [-37.0, 16.0], [-26.0, 16.0], [-26.0, 13.0, 1.57]]], 'navto_lab'], ['approach_robot', ['lab_arm'], 'approach_arm'], ['operate_drawer', ['open'], 'open_drawer_lab'], ['send_message', ['lab_arm'], 'notify_lab_arm_of_open_drawer_lab_completed'], ['wait_message', ['lab_arm'], 'wait_lab_arm_to_complete_pick_up_sample'], ['operate_drawer', ['close'], 'close_drawer_lab']], 'location': 'PC Room 6', 'name': 'r2', 'position': [-19.0, 18.0, -1.57], 'skills': ['approach_person', 'approach_robot', 'authenticate_person', 'navigation', 'operate_drawer']}, None, None
0.00, [DEBUG], logger, Simulation open, None, None
10.05, [INFO], robot2, {'y': 17.403, 'x': -19.224, 'yaw': 3.142}, None, None
10.05, [INFO], robot2, {'battery-level': '63.01'}, None, None
20.06, [INFO], robot2, {'battery-level': '62.47'}, None, None
20.06, [INFO], robot2, {'y': 16.188, 'x': -20.327, 'yaw': -3.142}, None, None
30.05, [INFO], robot2, {'y': 16.135, 'x': -22.435, 'yaw': -3.141}, None, None
30.05, [INFO], robot2, {'battery-level': '61.93'}, None, None
40.06, [INFO], robot2, {'y': 16.09, 'x': -24.543, 'yaw': 3.141}, None, None
40.06, [INFO], robot2, {'battery-level': '61.39'}, None, None
50.08, [INFO], robot2, {'battery-level': '60.85'}, None, None
50.08, [INFO], robot2, {'y': 16.094, 'x': -26.65, 'yaw': 3.141}, None, None
60.07, [INFO], robot2, {'y': 16.129, 'x': -28.764, 'yaw': 3.139}, None, None
60.07, [INFO], robot2, {'battery-level': '60.31'}, None, None
70.09, [INFO], robot2, {'y': 16.053, 'x': -30.873, 'yaw': -3.142}, None, None
70.09, [INFO], robot2, {'battery-level': '59.77'}, None, None
80.09, [INFO], robot2, {'battery-level': '59.23'}, None, None
80.09, [INFO], robot2, {'y': 15.752, 'x': -32.976, 'yaw': -3.142}, None, None
90.02, [INFO], robot2, {'battery-level': '58.69'}, None, None
90.02, [INFO], robot2, {'y': 15.371, 'x': -35.042, 'yaw': 3.142}, None, None
100.06, [INFO], robot2, {'y': 16.155, 'x': -36.868, 'yaw': 3.142}, None, None
100.06, [INFO], robot2, {'battery-level': '58.15'}, None, None
110.09, [INFO], robot2, {'y': 18.272, 'x': -36.836, 'yaw': -3.141}, None, None
110.09, [INFO], robot2, {'battery-level': '57.61'}, None, None
120.01, [INFO], robot2, {'battery-level': '57.07'}, None, None
120.01, [INFO], robot2, {'y': 20.364, 'x': -36.898, 'yaw': 3.141}, None, None
130.03, [INFO], robot2, {'y': 21.521, 'x': -37.984, 'yaw': 3.139}, None, None
130.03, [INFO], robot2, {'battery-level': '56.53'}, None, None
138.09, [info], nurse, sync, received-request, (status=sending-request)
138.09, [info], nurse, sync, request-sent, (status=waiting)
138.19, [info], nurse, sync, wait-message, (status=message-received)
140.04, [INFO], robot2, {'y': 21.431, 'x': -37.931, 'yaw': 3.138}, None, None
140.04, [INFO], robot2, {'battery-level': '55.99'}, None, None
150.01, [INFO], robot2, {'battery-level': '55.45'}, None, None
150.01, [INFO], robot2, {'y': 19.831, 'x': -37.194, 'yaw': -3.142}, None, None
160.02, [INFO], robot2, {'battery-level': '54.91'}, None, None
160.02, [INFO], robot2, {'y': 17.721, 'x': -37.137, 'yaw': 3.141}, None, None
169.92, [INFO], robot2, {'y': 15.778, 'x': -36.646, 'yaw': 3.142}, None, None
169.92, [INFO], robot2, {'battery-level': '54.37'}, None, None
180.09, [INFO], robot2, {'y': 15.322, 'x': -34.546, 'yaw': -3.141}, None, None
180.09, [INFO], robot2, {'battery-level': '53.83'}, None, None
190.10, [INFO], robot2, {'battery-level': '53.29'}, None, None
190.10, [INFO], robot2, {'y': 15.472, 'x': -32.436, 'yaw': 3.142}, None, None
200.09, [INFO], robot2, {'battery-level': '52.75'}, None, None
200.09, [INFO], robot2, {'y': 15.509, 'x': -30.321, 'yaw': 3.142}, None, None
210.01, [INFO], robot2, {'y': 15.775, 'x': -28.242, 'yaw': 3.142}, None, None
210.01, [INFO], robot2, {'battery-level': '52.21'}, None, None
220.05, [INFO], robot2, {'battery-level': '51.67'}, None, None
220.05, [INFO], robot2, {'y': 15.709, 'x': -26.161, 'yaw': -3.142}, None, None
230.01, [INFO], robot2, {'battery-level': '51.13'}, None, None
230.01, [INFO], robot2, {'y': 13.658, 'x': -25.735, 'yaw': 3.142}, None, None
240.04, [INFO], robot2, {'battery-level': '50.59'}, None, None
240.04, [INFO], robot2, {'y': 12.914, 'x': -25.961, 'yaw': -3.142}, None, None
240.92, [info], lab_arm, sync, wait-message, (status=message-received)
241.89, [WARN], robot2, SUCCESS, None, None
250.03, [INFO], robot2, {'y': 12.912, 'x': -25.96, 'yaw': -3.142}, None, None
250.03, [INFO], robot2, {'battery-level': '50.05'}, None, None
260.07, [INFO], robot2, {'y': 12.912, 'x': -25.96, 'yaw': -3.142}, None, None
260.07, [INFO], robot2, {'battery-level': '49.51'}, None, None
