0.00, [DEBUG], nurse, NURSE_CONFIG={'location': 'PC Room 3', 'position': [-28.5, 18.0, -1.57]}, None, None
0.00, [DEBUG], logger, ROBOTS_CONFIG={'avg_speed': 0.15, 'battery_charge': 0.5914703710515797, 'battery_discharge_rate': 0.00048000000000000007, 'id': 1, 'local_plan': [['navigation', ['PC Room 3', [[-39.44, 33.95, 0.0], [-37.0, 33.95], [-37.0, 16.0], [-28.5, 16.0], [-28.5, 18.0, -1.57]]], 'navto_room'], ['approach_person', ['nurse'], 'approach_nurse'], ['authenticate_person', ['nurse'], 'authenticate_nurse'], ['operate_drawer', ['open'], 'open_drawer_for_nurse'], ['send_message', ['nurse'], 'notify_nurse_of_open_drawer_for_nurse_completed'], ['wait_message', ['nurse'], 'wait_nurse_to_complete_deposit'], ['operate_drawer', ['close'], 'close_drawer_nurse'], ['navigation', ['Laboratory', [[-28.5, 18.0, -1.57], [-28.5, 16.0], [-26.0, 16.0], [-26.0, 13.0, 1.57]]], 'navto_lab'], ['approach_robot', ['lab_arm'], 'approach_arm'], ['operate_drawer', ['open'], 'open_drawer_lab'], ['send_message', ['lab_arm'], 'notify_lab_arm_of_open_drawer_lab_completed'], ['wait_message', ['lab_arm'], 'wait_lab_arm_to_complete_pick_up_sample'], ['operate_drawer', ['close'], 'close_drawer_lab']], 'location': 'IC Room 4', 'name': 'r1', 'position': [-39.44, 33.95, 0.0], 'skills': ['approach_person', 'approach_robot', 'navigation', 'operate_drawer']}, None, None
0.00, [DEBUG], logger, Simulation open, None, None
10.08, [INFO], robot1, {'battery-level': '58.72'}, None, None
10.08, [INFO], robot1, {'y': 33.95, 'x': -39.44, 'yaw': -3.142}, None, None
20.09, [INFO], robot1, {'battery-level': '58.24'}, None, None
20.09, [INFO], robot1, {'y': 34.396, 'x': -38.477, 'yaw': 3.142}, None, None
30.03, [INFO], robot1, {'y': 33.608, 'x': -37.009, 'yaw': 3.142}, None, None
30.03, [INFO], robot1, {'battery-level': '57.76'}, None, None
40.02, [INFO], robot1, {'battery-level': '57.28'}, None, None
40.02, [INFO], robot1, {'y': 31.5, 'x': -37.032, 'yaw': 3.14}, None, None
50.02, [INFO], robot1, {'battery-level': '56.80'}, None, None
50.02, [INFO], robot1, {'y': 29.386, 'x': -37.041, 'yaw': 3.14}, None, None
60.02, [INFO], robot1, {'y': 27.269, 'x': -36.992, 'yaw': -3.142}, None, None
60.02, [INFO], robot1, {'battery-level': '56.32'}, None, None
70.03, [INFO], robot1, {'battery-level': '55.84'}, None, None
70.03, [INFO], robot1, {'y': 25.163, 'x': -37.006, 'yaw': 3.142}, None, None
80.03, [INFO], robot1, {'y': 23.061, 'x': -37.015, 'yaw': -3.141}, None, None
80.03, [INFO], robot1, {'battery-level': '55.36'}, None, None
90.06, [INFO], robot1, {'y': 20.949, 'x': -37.096, 'yaw': -3.139}, None, None
90.06, [INFO], robot1, {'battery-level': '54.88'}, None, None
100.05, [INFO], robot1, {'battery-level': '54.40'}, None, None
100.05, [INFO], robot1, {'y': 18.835, 'x': -37.041, 'yaw': -3.142}, None, None
110.06, [INFO], robot1, {'y': 16.725, 'x': -36.988, 'yaw': 3.14}, None, None
110.06, [INFO], robot1, {'battery-level': '53.92'}, None, None
120.06, [INFO], robot1, {'y': 15.676, 'x': -35.577, 'yaw': 3.142}, None, None
120.06, [INFO], robot1, {'battery-level': '53.44'}, None, None
130.07, [INFO], robot1, {'battery-level': '52.96'}, None, None
130.07, [INFO], robot1, {'y': 15.5, 'x': -33.48, 'yaw': -3.141}, None, None
140.02, [INFO], robot1, {'battery-level': '52.48'}, None, None
140.02, [INFO], robot1, {'y': 15.511, 'x': -31.383, 'yaw': 3.141}, None, None
150.08, [INFO], robot1, {'battery-level': '52.00'}, None, None
150.08, [INFO], robot1, {'y': 15.728, 'x': -29.256, 'yaw': 3.142}, None, None
160.08, [INFO], robot1, {'battery-level': '51.52'}, None, None
160.08, [INFO], robot1, {'y': 17.459, 'x': -28.62, 'yaw': 3.142}, None, None
170.07, [INFO], robot1, {'battery-level': '51.04'}, None, None
170.07, [INFO], robot1, {'y': 17.949, 'x': -28.589, 'yaw': -3.141}, None, None
172.52, [WARN], robot1, NO-SKILL, authenticate_person, authenticate_nurse
180.04, [INFO], robot1, {'battery-level': '50.56'}, None, None
180.04, [INFO], robot1, {'y': 17.948, 'x': -28.589, 'yaw': -3.142}, None, None
