0.00, [DEBUG], nurse, NURSE_CONFIG={'location': 'IC Room 6', 'position': [-33.9, 18.93, 3.14]}, None, None
0.00, [INFO], robot5, {'battery-level': '28.18'}, None, None
0.18, [DEBUG], logger, ROBOTS_CONFIG={'avg_speed': 0.15, 'battery_charge': 0.2817995261312799, 'battery_discharge_rate': 0.0002, 'id': 5, 'local_plan': [['navigation', ['IC Room 6', [[-13.5, 18.0, -1.57], [-13.5, 16.0], [-37.0, 16.0], [-37.0, 18.93], [-33.9, 18.93, 3.14]]], 'navto_room'], ['approach_person', ['nurse'], 'approach_nurse'], ['authenticate_person', ['nurse'], 'authenticate_nurse'], ['operate_drawer', ['open'], 'open_drawer_for_nurse'], ['send_message', ['nurse'], 'notify_nurse_of_open_drawer_for_nurse_completed'], ['wait_message', ['nurse'], 'wait_nurse_to_complete_deposit'], ['operate_drawer', ['close'], 'close_drawer_nurse'], ['navigation', ['Laboratory', [[-33.9, 18.93, 3.14], [-37.0, 18.93], [-37.0, 16.0], [-26.0, 16.0], [-26.0, 13.0, 1.57]]], 'navto_lab'], ['approach_robot', ['lab_arm'], 'approach_arm'], ['operate_drawer', ['open'], 'open_drawer_lab'], ['send_message', ['lab_arm'], 'notify_lab_arm_of_open_drawer_lab_completed'], ['wait_message', ['lab_arm'], 'wait_lab_arm_to_complete_pick_up_sample'], ['operate_drawer', ['close'], 'close_drawer_lab']], 'location': 'PC Room 7', 'name': 'r5', 'position': [-13.5, 18.0, -1.57], 'skills': ['approach_person', 'approach_robot', 'authenticate_person', 'navigation', 'operate_drawer']}, None, None
0.18, [DEBUG], logger, Simulation open, None, None
10.02, [INFO], robot5, {'battery-level': '28.00'}, None, None
10.02, [INFO], robot5, {'y': 17.422, 'x': -13.495, 'yaw': -3.142}, None, None
20.01, [INFO], robot5, {'battery-level': '27.80'}, None, None
20.01, [INFO], robot5, {'y': 16.002, 'x': -14.4, 'yaw': 3.142}, None, None
30.02, [INFO], robot5, {'battery-level': '27.60'}, None, None
30.02, [INFO], robot5, {'y': 15.862, 'x': -16.509, 'yaw': 3.14}, None, None
40.05, [INFO], robot5, {'battery-level': '27.40'}, None, None
40.05, [INFO], robot5, {'y': 15.917, 'x': -18.624, 'yaw': 3.142}, None, None
50.05, [INFO], robot5, {'y': 16.081, 'x': -20.729, 'yaw': -3.142}, None, None
50.05, [INFO], robot5, {'battery-level': '27.20'}, None, None
60.09, [INFO], robot5, {'battery-level': '27.00'}, None, None
60.09, [INFO], robot5, {'y': 15.996, 'x': -22.844, 'yaw': -3.142}, None, None
70.00, [INFO], robot5, {'y': 15.986, 'x': -24.937, 'yaw': 3.141}, None, None
70.00, [INFO], robot5, {'battery-level': '26.80'}, None, None
80.05, [INFO], robot5, {'battery-level': '26.60'}, None, None
80.05, [INFO], robot5, {'y': 15.937, 'x': -27.048, 'yaw': -3.141}, None, None
90.08, [INFO], robot5, {'y': 16.009, 'x': -29.158, 'yaw': 3.142}, None, None
90.08, [INFO], robot5, {'battery-level': '26.40'}, None, None
100.07, [INFO], robot5, {'battery-level': '26.20'}, None, None
100.07, [INFO], robot5, {'y': 15.913, 'x': -31.27, 'yaw': 3.141}, None, None
110.06, [INFO], robot5, {'battery-level': '26.00'}, None, None
110.06, [INFO], robot5, {'y': 15.699, 'x': -33.379, 'yaw': 3.141}, None, None
120.08, [INFO], robot5, {'battery-level': '25.80'}, None, None
120.08, [INFO], robot5, {'y': 15.442, 'x': -35.482, 'yaw': -3.141}, None, None
130.04, [INFO], robot5, {'battery-level': '25.60'}, None, None
130.04, [INFO], robot5, {'y': 16.586, 'x': -36.825, 'yaw': -3.141}, None, None
140.07, [INFO], robot5, {'battery-level': '25.40'}, None, None
140.07, [INFO], robot5, {'y': 17.604, 'x': -36.823, 'yaw': 3.141}, None, None
150.01, [INFO], robot5, {'battery-level': '25.20'}, None, None
150.01, [INFO], robot5, {'y': 17.604, 'x': -36.823, 'yaw': 3.142}, None, None
160.02, [INFO], robot5, {'battery-level': '25.00'}, None, None
160.02, [INFO], robot5, {'y': 17.666, 'x': -36.832, 'yaw': 3.142}, None, None
170.03, [INFO], robot5, {'battery-level': '24.80'}, None, None
170.03, [INFO], robot5, {'y': 17.702, 'x': -36.79, 'yaw': -3.142}, None, None
180.04, [INFO], robot5, {'battery-level': '24.60'}, None, None
180.04, [INFO], robot5, {'y': 17.722, 'x': -36.779, 'yaw': 3.142}, None, None
190.01, [INFO], robot5, {'y': 18.025, 'x': -35.844, 'yaw': 3.141}, None, None
190.01, [INFO], robot5, {'battery-level': '24.40'}, None, None
200.01, [INFO], robot5, {'y': 18.274, 'x': -35.659, 'yaw': 3.136}, None, None
200.01, [INFO], robot5, {'battery-level': '24.20'}, None, None
208.15, [WARN], robot5, SKILL-FAILURE, navigation, navto_room
