0.00, [INFO], robot2, {'battery-level': '83.45'}, None, None
0.13, [DEBUG], logger, ROBOTS_CONFIG={'avg_speed': 0.15, 'battery_charge': 0.8344531419634984, 'battery_discharge_rate': 0.00054, 'id': 2, 'local_plan': [['navigation', ['IC Room 6', [[-19.0, 18.0, -1.57], [-19.0, 16.0], [-37.0, 16.0], [-37.0, 18.93], [-33.9, 18.93, 3.14]]], 'navto_room'], ['approach_person', ['nurse'], 'approach_nurse'], ['authenticate_person', ['nurse'], 'authenticate_nurse'], ['operate_drawer', ['open'], 'open_drawer_for_nurse'], ['send_message', ['nurse'], 'notify_nurse_of_open_drawer_for_nurse_completed'], ['wait_message', ['nurse'], 'wait_nurse_to_complete_deposit'], ['operate_drawer', ['close'], 'close_drawer_nurse'], ['navigation', ['Laboratory', [[-33.9, 18.93, 3.14], [-37.0, 18.93], [-37.0, 16.0], [-26.0, 16.0], [-26.0, 13.0, 1.57]]], 'navto_lab'], ['approach_robot', ['lab_arm'], 'approach_arm'], ['operate_drawer', ['open'], 'open_drawer_lab'], ['send_message', ['lab_arm'], 'notify_lab_arm_of_open_drawer_lab_completed'], ['wait_message', ['lab_arm'], 'wait_lab_arm_to_complete_pick_up_sample'], ['operate_drawer', ['close'], 'close_drawer_lab']], 'location': 'PC Room 6', 'name': 'r2', 'position': [-19.0, 18.0, -1.57], 'skills': ['approach_person', 'approach_robot', 'authenticate_person', 'navigation', 'operate_drawer']}, None, None
0.13, [DEBUG], logger, Simulation open, None, None
10.03, [INFO], robot2, {'battery-level': '82.96'}, None, None
10.03, [INFO], robot2, {'y': 17.987, 'x': -18.999, 'yaw': 3.141}, None, None
20.06, [INFO], robot2, {'battery-level': '82.42'}, None, None
20.06, [INFO], robot2, {'y': 16.43, 'x': -19.376, 'yaw': -3.141}, None, None
30.06, [INFO], robot2, {'battery-level': '81.88'}, None, None
30.06, [INFO], robot2, {'y': 16.278, 'x': -21.365, 'yaw': 3.142}, None, None
40.05, [INFO], robot2, {'battery-level': '81.34'}, None, None
40.05, [INFO], robot2, {'y': 16.158, 'x': -23.484, 'yaw': 3.141}, None, None
50.07, [INFO], robot2, {'battery-level': '80.80'}, None, None
50.07, [INFO], robot2, {'y': 16.148, 'x': -25.592, 'yaw': 3.141}, None, None
60.08, [INFO], robot2, {'battery-level': '80.26'}, None, None
60.08, [INFO], robot2, {'y': 16.192, 'x': -27.694, 'yaw': 3.142}, None, None
70.01, [INFO], robot2, {'y': 16.225, 'x': -29.782, 'yaw': 3.141}, None, None
70.01, [INFO], robot2, {'battery-level': '79.72'}, None, None
80.02, [INFO], robot2, {'y': 15.997, 'x': -31.89, 'yaw': 3.14}, None, None
80.02, [INFO], robot2, {'battery-level': '79.18'}, None, None
90.02, [INFO], robot2, {'y': 15.536, 'x': -33.996, 'yaw': 3.142}, None, None
90.02, [INFO], robot2, {'battery-level': '78.64'}, None, None
100.02, [INFO], robot2, {'y': 15.596, 'x': -36.103, 'yaw': -3.141}, None, None
100.02, [INFO], robot2, {'battery-level': '78.10'}, None, None
110.05, [INFO], robot2, {'battery-level': '77.56'}, None, None
110.05, [INFO], robot2, {'y': 17.234, 'x': -36.873, 'yaw': -3.142}, None, None
120.09, [INFO], robot2, {'battery-level': '77.02'}, None, None
120.09, [INFO], robot2, {'y': 17.654, 'x': -36.854, 'yaw': 3.142}, None, None
130.08, [INFO], robot2, {'y': 17.705, 'x': -36.799, 'yaw': -3.142}, None, None
130.08, [INFO], robot2, {'battery-level': '76.48'}, None, None
140.06, [INFO], robot2, {'battery-level': '75.94'}, None, None
140.06, [INFO], robot2, {'y': 17.705, 'x': -36.796, 'yaw': -3.142}, None, None
150.05, [INFO], robot2, {'battery-level': '75.40'}, None, None
150.05, [INFO], robot2, {'y': 17.705, 'x': -36.796, 'yaw': -3.142}, None, None
160.06, [INFO], robot2, {'battery-level': '74.86'}, None, None
160.06, [INFO], robot2, {'y': 17.687, 'x': -36.861, 'yaw': -3.142}, None, None
170.09, [INFO], robot2, {'y': 17.7, 'x': -37.015, 'yaw': -3.142}, None, None
170.09, [INFO], robot2, {'battery-level': '74.32'}, None, None
180.08, [INFO], robot2, {'y': 17.702, 'x': -36.999, 'yaw': 3.142}, None, None
180.08, [INFO], robot2, {'battery-level': '73.78'}, None, None
190.07, [INFO], robot2, {'y': 17.702, 'x': -36.999, 'yaw': 3.142}, None, None
190.07, [INFO], robot2, {'battery-level': '73.24'}, None, None
200.09, [INFO], robot2, {'battery-level': '72.70'}, None, None
200.09, [INFO], robot2, {'y': 17.702, 'x': -37.0, 'yaw': -3.142}, None, None
210.09, [INFO], robot2, {'y': 17.679, 'x': -36.975, 'yaw': -3.142}, None, None
210.09, [INFO], robot2, {'battery-level': '72.16'}, None, None
220.02, [INFO], robot2, {'battery-level': '71.62'}, None, None
220.02, [INFO], robot2, {'y': 17.706, 'x': -36.949, 'yaw': -3.142}, None, None
228.88, [WARN], robot2, SKILL-FAILURE, navigation, navto_room
230.08, [INFO], robot2, {'battery-level': '71.08'}, None, None
230.08, [INFO], robot2, {'y': 17.706, 'x': -36.95, 'yaw': -3.142}, None, None
