0.00, [INFO], robot6, {'battery-level': '50.80'}, None, None
0.13, [DEBUG], logger, ROBOTS_CONFIG={'avg_speed': 0.15, 'battery_charge': 0.5080169438370433, 'battery_discharge_rate': 0.00072, 'id': 6, 'local_plan': [['navigation', ['IC Room 2', [[-33.9, 18.93, 3.14], [-37.0, 18.93], [-37.0, 21.5], [-38.0, 21.5, 0.0]]], 'navto_room'], ['approach_person', ['nurse'], 'approach_nurse'], ['authenticate_person', ['nurse'], 'authenticate_nurse'], ['operate_drawer', ['open'], 'open_drawer_for_nurse'], ['send_message', ['nurse'], 'notify_nurse_of_open_drawer_for_nurse_completed'], ['wait_message', ['nurse'], 'wait_nurse_to_complete_deposit'], ['operate_drawer', ['close'], 'close_drawer_nurse'], ['navigation', ['Laboratory', [[-38.0, 21.5, 0.0], [-37.0, 21.5], [-37.0, 16.0], [-26.0, 16.0], [-26.0, 13.0, 1.57]]], 'navto_lab'], ['approach_robot', ['lab_arm'], 'approach_arm'], ['operate_drawer', ['open'], 'open_drawer_lab'], ['send_message', ['lab_arm'], 'notify_lab_arm_of_open_drawer_lab_completed'], ['wait_message', ['lab_arm'], 'wait_lab_arm_to_complete_pick_up_sample'], ['operate_drawer', ['close'], 'close_drawer_lab']], 'location': 'IC Room 6', 'name': 'r6', 'position': [-33.9, 18.93, 3.14], 'skills': ['approach_person', 'approach_robot', 'authenticate_person', 'navigation', 'operate_drawer']}, None, None
0.13, [DEBUG], logger, Simulation open, None, None
10.06, [INFO], robot6, {'battery-level': '50.15'}, None, None
10.06, [INFO], robot6, {'y': 18.761, 'x': -34.203, 'yaw': 3.141}, None, None
20.03, [INFO], robot6, {'battery-level': '49.43'}, None, None
20.03, [INFO], robot6, {'y': 17.787, 'x': -35.83, 'yaw': 3.142}, None, None
30.08, [INFO], robot6, {'y': 19.444, 'x': -36.889, 'yaw': 3.142}, None, None
30.08, [INFO], robot6, {'battery-level': '48.71'}, None, None
40.09, [INFO], robot6, {'battery-level': '47.99'}, None, None
40.09, [INFO], robot6, {'y': 21.394, 'x': -37.326, 'yaw': -3.142}, None, None
50.05, [INFO], robot6, {'y': 21.401, 'x': -38.047, 'yaw': 3.141}, None, None
50.05, [INFO], robot6, {'battery-level': '47.27'}, None, None
60.09, [INFO], robot6, {'y': 21.411, 'x': -38.098, 'yaw': -3.142}, None, None
60.09, [INFO], robot6, {'battery-level': '46.55'}, None, None
60.38, [info], nurse, sync, received-request, (status=sending-request)
60.38, [info], nurse, sync, request-sent, (status=waiting)
60.38, [info], nurse, sync, wait-message, (status=message-received)
70.05, [INFO], robot6, {'y': 20.439, 'x': -37.18, 'yaw': -3.142}, None, None
70.05, [INFO], robot6, {'battery-level': '45.83'}, None, None
80.02, [INFO], robot6, {'battery-level': '45.11'}, None, None
80.02, [INFO], robot6, {'y': 18.335, 'x': -37.138, 'yaw': 3.141}, None, None
90.07, [INFO], robot6, {'battery-level': '44.39'}, None, None
90.07, [INFO], robot6, {'y': 16.217, 'x': -36.985, 'yaw': 3.142}, None, None
100.02, [INFO], robot6, {'y': 15.523, 'x': -35.052, 'yaw': -3.141}, None, None
100.02, [INFO], robot6, {'battery-level': '43.67'}, None, None
110.03, [INFO], robot6, {'battery-level': '42.95'}, None, None
110.03, [INFO], robot6, {'y': 15.47, 'x': -32.943, 'yaw': 3.142}, None, None
120.01, [INFO], robot6, {'battery-level': '42.23'}, None, None
120.01, [INFO], robot6, {'y': 15.536, 'x': -30.821, 'yaw': -3.141}, None, None
130.08, [INFO], robot6, {'y': 15.749, 'x': -28.699, 'yaw': 3.141}, None, None
130.08, [INFO], robot6, {'battery-level': '41.51'}, None, None
140.03, [INFO], robot6, {'battery-level': '40.79'}, None, None
140.03, [INFO], robot6, {'y': 15.79, 'x': -26.598, 'yaw': -3.141}, None, None
150.08, [INFO], robot6, {'battery-level': '40.07'}, None, None
150.08, [INFO], robot6, {'y': 14.042, 'x': -25.673, 'yaw': 3.141}, None, None
160.03, [INFO], robot6, {'y': 12.973, 'x': -25.939, 'yaw': 3.14}, None, None
160.03, [INFO], robot6, {'battery-level': '39.35'}, None, None
164.97, [info], lab_arm, sync, wait-message, (status=message-received)
165.94, [WARN], robot6, SUCCESS, None, None
170.00, [INFO], robot6, {'battery-level': '38.63'}, None, None
170.00, [INFO], robot6, {'y': 12.972, 'x': -25.949, 'yaw': -3.142}, None, None
