0.00, [DEBUG], nurse, NURSE_CONFIG={'location': 'PC Room 3', 'position': [-28.5, 18.0, -1.57]}, None, None
0.00, [DEBUG], logger, ROBOTS_CONFIG={'avg_speed': 0.15, 'battery_charge': 0.5914703710515797, 'battery_discharge_rate': 0.00048000000000000007, 'id': 1, 'local_plan': [['navigation', ['PC Room 3', [[-39.44, 33.95, 0.0], [-37.0, 33.95], [-37.0, 16.0], [-28.5, 16.0], [-28.5, 18.0, -1.57]]], 'navto_room'], ['approach_person', ['nurse'], 'approach_nurse'], ['authenticate_person', ['nurse'], 'authenticate_nurse'], ['operate_drawer', ['open'], 'open_drawer_for_nurse'], ['send_message', ['nurse'], 'notify_nurse_of_open_drawer_for_nurse_completed'], ['wait_message', ['nurse'], 'wait_nurse_to_complete_deposit'], ['operate_drawer', ['close'], 'close_drawer_nurse'], ['navigation', ['Laboratory', [[-28.5, 18.0, -1.57], [-28.5, 16.0], [-26.0, 16.0], [-26.0, 13.0, 1.57]]], 'navto_lab'], ['approach_robot', ['lab_arm'], 'approach_arm'], ['operate_drawer', ['open'], 'open_drawer_lab'], ['send_message', ['lab_arm'], 'notify_lab_arm_of_open_drawer_lab_completed'], ['wait_message', ['lab_arm'], 'wait_lab_arm_to_complete_pick_up_sample'], ['operate_drawer', ['close'], 'close_drawer_lab']], 'location': 'IC Room 4', 'name': 'r1', 'position': [-39.44, 33.95, 0.0], 'skills': ['approach_person', 'approach_robot', 'authenticate_person', 'navigation', 'operate_drawer']}, None, None
0.00, [DEBUG], logger, Simulation open, None, None
10.10, [INFO], robot1, {'y': 33.95, 'x': -39.44, 'yaw': -3.142}, None, None
10.10, [INFO], robot1, {'battery-level': '58.72'}, None, None
20.04, [INFO], robot1, {'battery-level': '58.24'}, None, None
20.04, [INFO], robot1, {'y': 34.389, 'x': -38.497, 'yaw': -3.142}, None, None
30.05, [INFO], robot1, {'y': 33.62, 'x': -37.038, 'yaw': -3.142}, None, None
30.05, [INFO], robot1, {'battery-level': '57.76'}, None, None
40.05, [INFO], robot1, {'battery-level': '57.28'}, None, None
40.05, [INFO], robot1, {'y': 31.505, 'x': -37.037, 'yaw': 3.141}, None, None
50.06, [INFO], robot1, {'battery-level': '56.80'}, None, None
50.06, [INFO], robot1, {'y': 29.398, 'x': -37.039, 'yaw': 3.141}, None, None
60.03, [INFO], robot1, {'y': 27.279, 'x': -36.986, 'yaw': -3.142}, None, None
60.03, [INFO], robot1, {'battery-level': '56.32'}, None, None
70.01, [INFO], robot1, {'battery-level': '55.84'}, None, None
70.01, [INFO], robot1, {'y': 25.18, 'x': -37.038, 'yaw': -3.142}, None, None
80.08, [INFO], robot1, {'battery-level': '55.36'}, None, None
80.08, [INFO], robot1, {'y': 23.05, 'x': -37.028, 'yaw': -3.141}, None, None
90.07, [INFO], robot1, {'battery-level': '54.88'}, None, None
90.07, [INFO], robot1, {'y': 20.936, 'x': -37.106, 'yaw': 3.141}, None, None
100.05, [INFO], robot1, {'y': 18.825, 'x': -37.067, 'yaw': -3.142}, None, None
100.05, [INFO], robot1, {'battery-level': '54.40'}, None, None
110.02, [INFO], robot1, {'battery-level': '53.92'}, None, None
110.02, [INFO], robot1, {'y': 16.715, 'x': -37.044, 'yaw': 3.141}, None, None
120.00, [INFO], robot1, {'battery-level': '53.44'}, None, None
120.00, [INFO], robot1, {'y': 15.677, 'x': -35.502, 'yaw': -3.141}, None, None
130.09, [INFO], robot1, {'battery-level': '52.96'}, None, None
130.09, [INFO], robot1, {'y': 15.44, 'x': -33.397, 'yaw': -3.141}, None, None
140.08, [INFO], robot1, {'y': 15.551, 'x': -31.276, 'yaw': 3.141}, None, None
140.08, [INFO], robot1, {'battery-level': '52.48'}, None, None
150.08, [INFO], robot1, {'battery-level': '52.00'}, None, None
150.08, [INFO], robot1, {'y': 15.744, 'x': -29.16, 'yaw': 3.141}, None, None
160.05, [INFO], robot1, {'y': 17.643, 'x': -28.613, 'yaw': -3.142}, None, None
160.05, [INFO], robot1, {'battery-level': '51.52'}, None, None
170.04, [INFO], robot1, {'y': 17.955, 'x': -28.554, 'yaw': -3.142}, None, None
170.04, [INFO], robot1, {'battery-level': '51.04'}, None, None
178.39, [info], nurse, sync, received-request, (status=sending-request)
178.39, [info], nurse, sync, request-sent, (status=waiting)
178.39, [info], nurse, sync, wait-message, (status=message-received)
180.04, [INFO], robot1, {'y': 17.906, 'x': -28.634, 'yaw': -3.141}, None, None
180.04, [INFO], robot1, {'battery-level': '50.56'}, None, None
190.01, [INFO], robot1, {'battery-level': '50.08'}, None, None
190.01, [INFO], robot1, {'y': 16.021, 'x': -28.4, 'yaw': -3.142}, None, None
200.02, [INFO], robot1, {'battery-level': '49.60'}, None, None
200.02, [INFO], robot1, {'y': 15.978, 'x': -26.276, 'yaw': 3.141}, None, None
210.09, [INFO], robot1, {'battery-level': '49.12'}, None, None
210.09, [INFO], robot1, {'y': 13.948, 'x': -25.724, 'yaw': 3.141}, None, None
220.09, [INFO], robot1, {'battery-level': '48.64'}, None, None
220.09, [INFO], robot1, {'y': 12.906, 'x': -25.952, 'yaw': -3.142}, None, None
223.78, [info], lab_arm, sync, wait-message, (status=message-received)
224.75, [WARN], robot1, SUCCESS, None, None
230.10, [INFO], robot1, {'y': 12.903, 'x': -25.949, 'yaw': 3.142}, None, None
230.10, [INFO], robot1, {'battery-level': '48.16'}, None, None
