0.13, [DEBUG], logger, ROBOTS_CONFIG={'avg_speed': 0.15, 'battery_charge': 0.2817995261312799, 'battery_discharge_rate': 0.00076, 'id': 5, 'local_plan': [['navigation', ['IC Room 6', [[-13.5, 18.0, -1.57], [-13.5, 16.0], [-37.0, 16.0], [-37.0, 18.93], [-33.9, 18.93, 3.14]]], 'navto_room'], ['approach_person', ['nurse'], 'approach_nurse'], ['authenticate_person', ['nurse'], 'authenticate_nurse'], ['operate_drawer', ['open'], 'open_drawer_for_nurse'], ['send_message', ['nurse'], 'notify_nurse_of_open_drawer_for_nurse_completed'], ['wait_message', ['nurse'], 'wait_nurse_to_complete_deposit'], ['operate_drawer', ['close'], 'close_drawer_nurse'], ['navigation', ['Laboratory', [[-33.9, 18.93, 3.14], [-37.0, 18.93], [-37.0, 16.0], [-26.0, 16.0], [-26.0, 13.0, 1.57]]], 'navto_lab'], ['approach_robot', ['lab_arm'], 'approach_arm'], ['operate_drawer', ['open'], 'open_drawer_lab'], ['send_message', ['lab_arm'], 'notify_lab_arm_of_open_drawer_lab_completed'], ['wait_message', ['lab_arm'], 'wait_lab_arm_to_complete_pick_up_sample'], ['operate_drawer', ['close'], 'close_drawer_lab']], 'location': 'PC Room 7', 'name': 'r5', 'position': [-13.5, 18.0, -1.57], 'skills': ['approach_person', 'authenticate_person', 'navigation', 'operate_drawer']}, None, None
0.13, [DEBUG], logger, Simulation open, None, None
10.06, [INFO], robot5, {'battery-level': '27.50'}, None, None
10.06, [INFO], robot5, {'y': 17.628, 'x': -13.499, 'yaw': -3.142}, None, None
20.08, [INFO], robot5, {'battery-level': '26.74'}, None, None
20.08, [INFO], robot5, {'y': 15.981, 'x': -14.185, 'yaw': -3.14}, None, None
30.08, [INFO], robot5, {'y': 15.866, 'x': -16.301, 'yaw': 3.142}, None, None
30.08, [INFO], robot5, {'battery-level': '25.98'}, None, None
40.09, [INFO], robot5, {'battery-level': '25.22'}, None, None
40.09, [INFO], robot5, {'y': 15.89, 'x': -18.408, 'yaw': 3.141}, None, None
50.01, [INFO], robot5, {'battery-level': '24.46'}, None, None
50.01, [INFO], robot5, {'y': 16.043, 'x': -20.5, 'yaw': -3.142}, None, None
60.09, [INFO], robot5, {'battery-level': '23.70'}, None, None
60.09, [INFO], robot5, {'y': 16.002, 'x': -22.634, 'yaw': -3.141}, None, None
70.07, [INFO], robot5, {'y': 15.939, 'x': -24.741, 'yaw': 3.141}, None, None
70.07, [INFO], robot5, {'battery-level': '22.94'}, None, None
80.00, [INFO], robot5, {'battery-level': '22.18'}, None, None
80.00, [INFO], robot5, {'y': 15.928, 'x': -26.842, 'yaw': 3.142}, None, None
90.09, [INFO], robot5, {'battery-level': '21.42'}, None, None
90.09, [INFO], robot5, {'y': 16.039, 'x': -28.972, 'yaw': 3.141}, None, None
100.10, [INFO], robot5, {'battery-level': '20.66'}, None, None
100.10, [INFO], robot5, {'y': 15.981, 'x': -31.072, 'yaw': -3.142}, None, None
110.00, [INFO], robot5, {'battery-level': '19.90'}, None, None
110.00, [INFO], robot5, {'y': 15.768, 'x': -33.173, 'yaw': 3.142}, None, None
120.03, [INFO], robot5, {'y': 15.437, 'x': -35.267, 'yaw': -3.141}, None, None
120.03, [INFO], robot5, {'battery-level': '19.14'}, None, None
130.05, [INFO], robot5, {'battery-level': '18.38'}, None, None
130.05, [INFO], robot5, {'y': 16.449, 'x': -36.843, 'yaw': -3.141}, None, None
140.05, [INFO], robot5, {'y': 17.651, 'x': -36.798, 'yaw': -3.142}, None, None
140.05, [INFO], robot5, {'battery-level': '17.62'}, None, None
150.03, [INFO], robot5, {'battery-level': '16.86'}, None, None
150.03, [INFO], robot5, {'y': 17.726, 'x': -36.79, 'yaw': -3.142}, None, None
160.00, [INFO], robot5, {'battery-level': '16.10'}, None, None
160.00, [INFO], robot5, {'y': 18.106, 'x': -35.701, 'yaw': -3.142}, None, None
170.08, [INFO], robot5, {'battery-level': '15.34'}, None, None
170.08, [INFO], robot5, {'y': 18.306, 'x': -35.683, 'yaw': -3.136}, None, None
180.00, [INFO], robot5, {'battery-level': '14.58'}, None, None
180.00, [INFO], robot5, {'y': 18.143, 'x': -35.679, 'yaw': -3.136}, None, None
190.02, [INFO], robot5, {'y': 18.079, 'x': -35.486, 'yaw': 3.142}, None, None
190.02, [INFO], robot5, {'battery-level': '13.82'}, None, None
199.93, [INFO], robot5, {'y': 17.999, 'x': -35.363, 'yaw': 3.136}, None, None
199.93, [INFO], robot5, {'battery-level': '13.06'}, None, None
202.28, [WARN], robot5, SKILL-FAILURE, navigation, navto_room
