0.00, [INFO], robot4, {'battery-level': '65.21'}, None, None
0.00, [DEBUG], logger, ROBOTS_CONFIG={'avg_speed': 0.15, 'battery_charge': 0.6520875066754872, 'battery_discharge_rate': 0.0005600000000000001, 'id': 4, 'local_plan': [['navigation', ['IC Room 6', [[-39.44, 33.95, 0.0], [-37.0, 33.95], [-37.0, 18.93], [-33.9, 18.93, 3.14]]], 'navto_room'], ['approach_person', ['nurse'], 'approach_nurse'], ['authenticate_person', ['nurse'], 'authenticate_nurse'], ['operate_drawer', ['open'], 'open_drawer_for_nurse'], ['send_message', ['nurse'], 'notify_nurse_of_open_drawer_for_nurse_completed'], ['wait_message', ['nurse'], 'wait_nurse_to_complete_deposit'], ['operate_drawer', ['close'], 'close_drawer_nurse'], ['navigation', ['Laboratory', [[-33.9, 18.93, 3.14], [-37.0, 18.93], [-37.0, 16.0], [-26.0, 16.0], [-26.0, 13.0, 1.57]]], 'navto_lab'], ['approach_robot', ['lab_arm'], 'approach_arm'], ['operate_drawer', ['open'], 'open_drawer_lab'], ['send_message', ['lab_arm'], 'notify_lab_arm_of_open_drawer_lab_completed'], ['wait_message', ['lab_arm'], 'wait_lab_arm_to_complete_pick_up_sample'], ['operate_drawer', ['close'], 'close_drawer_lab']], 'location': 'IC Room 4', 'name': 'r4', 'position': [-39.44, 33.95, 0.0], 'skills': ['approach_person', 'approach_robot', 'authenticate_person', 'navigation', 'operate_drawer']}, None, None
0.00, [DEBUG], logger, Simulation open, None, None
10.02, [INFO], robot4, {'battery-level': '64.70'}, None, None
10.02, [INFO], robot4, {'y': 34.046, 'x': -39.073, 'yaw': 3.141}, None, None
20.04, [INFO], robot4, {'battery-level': '64.14'}, None, None
20.04, [INFO], robot4, {'y': 34.238, 'x': -37.176, 'yaw': 3.141}, None, None
30.04, [INFO], robot4, {'battery-level': '63.58'}, None, None
30.04, [INFO], robot4, {'y': 32.155, 'x': -37.046, 'yaw': 3.141}, None, None
40.02, [INFO], robot4, {'battery-level': '63.02'}, None, None
40.02, [INFO], robot4, {'y': 30.054, 'x': -37.027, 'yaw': 3.141}, None, None
50.09, [INFO], robot4, {'battery-level': '62.46'}, None, None
50.09, [INFO], robot4, {'y': 27.927, 'x': -37.016, 'yaw': 3.141}, None, None
60.05, [INFO], robot4, {'battery-level': '61.90'}, None, None
60.05, [INFO], robot4, {'y': 25.834, 'x': -37.008, 'yaw': 3.142}, None, None
70.01, [INFO], robot4, {'y': 23.731, 'x': -37.027, 'yaw': -3.142}, None, None
70.01, [INFO], robot4, {'battery-level': '61.34'}, None, None
80.09, [INFO], robot4, {'y': 21.6, 'x': -37.141, 'yaw': 3.142}, None, None
80.09, [INFO], robot4, {'battery-level': '60.78'}, None, None
90.06, [INFO], robot4, {'y': 19.499, 'x': -37.104, 'yaw': 3.136}, None, None
90.06, [INFO], robot4, {'battery-level': '60.22'}, None, None
100.06, [INFO], robot4, {'battery-level': '59.66'}, None, None
100.06, [INFO], robot4, {'y': 17.847, 'x': -35.892, 'yaw': -3.139}, None, None
110.06, [INFO], robot4, {'battery-level': '59.10'}, None, None
110.06, [INFO], robot4, {'y': 18.58, 'x': -34.155, 'yaw': 3.141}, None, None
118.89, [info], nurse, sync, received-request, (status=sending-request)
118.89, [info], nurse, sync, request-sent, (status=waiting)
118.89, [info], nurse, sync, wait-message, (status=message-received)
120.05, [INFO], robot4, {'battery-level': '58.54'}, None, None
120.05, [INFO], robot4, {'y': 18.971, 'x': -33.917, 'yaw': 3.141}, None, None
130.06, [INFO], robot4, {'battery-level': '57.98'}, None, None
130.06, [INFO], robot4, {'y': 17.803, 'x': -35.469, 'yaw': -3.142}, None, None
140.05, [INFO], robot4, {'battery-level': '57.42'}, None, None
140.05, [INFO], robot4, {'y': 17.829, 'x': -37.012, 'yaw': 3.142}, None, None
150.04, [INFO], robot4, {'battery-level': '56.86'}, None, None
150.04, [INFO], robot4, {'y': 17.307, 'x': -36.865, 'yaw': -3.141}, None, None
160.04, [INFO], robot4, {'battery-level': '56.30'}, None, None
160.04, [INFO], robot4, {'y': 17.385, 'x': -36.989, 'yaw': 3.141}, None, None
170.04, [INFO], robot4, {'y': 17.408, 'x': -36.834, 'yaw': -3.142}, None, None
170.04, [INFO], robot4, {'battery-level': '55.74'}, None, None
180.03, [INFO], robot4, {'battery-level': '55.18'}, None, None
180.03, [INFO], robot4, {'y': 17.333, 'x': -36.928, 'yaw': -3.142}, None, None
190.04, [INFO], robot4, {'y': 17.342, 'x': -37.03, 'yaw': 3.14}, None, None
190.04, [INFO], robot4, {'battery-level': '54.62'}, None, None
200.01, [INFO], robot4, {'y': 17.298, 'x': -36.811, 'yaw': 3.141}, None, None
200.01, [INFO], robot4, {'battery-level': '54.06'}, None, None
210.01, [INFO], robot4, {'y': 17.323, 'x': -37.041, 'yaw': -3.142}, None, None
210.01, [INFO], robot4, {'battery-level': '53.50'}, None, None
220.01, [INFO], robot4, {'battery-level': '52.94'}, None, None
220.01, [INFO], robot4, {'y': 17.407, 'x': -36.985, 'yaw': 3.141}, None, None
230.00, [INFO], robot4, {'battery-level': '52.38'}, None, None
230.00, [INFO], robot4, {'y': 17.276, 'x': -36.804, 'yaw': -3.141}, None, None
240.10, [INFO], robot4, {'y': 17.278, 'x': -37.016, 'yaw': -3.141}, None, None
240.10, [INFO], robot4, {'battery-level': '51.82'}, None, None
250.01, [INFO], robot4, {'y': 17.414, 'x': -36.941, 'yaw': -3.141}, None, None
250.01, [INFO], robot4, {'battery-level': '51.26'}, None, None
260.01, [INFO], robot4, {'battery-level': '50.70'}, None, None
260.01, [INFO], robot4, {'y': 17.292, 'x': -36.825, 'yaw': -3.142}, None, None
270.01, [INFO], robot4, {'battery-level': '50.14'}, None, None
270.01, [INFO], robot4, {'y': 17.261, 'x': -37.059, 'yaw': 3.14}, None, None
280.09, [INFO], robot4, {'y': 17.391, 'x': -36.983, 'yaw': -3.142}, None, None
280.09, [INFO], robot4, {'battery-level': '49.58'}, None, None
290.08, [INFO], robot4, {'battery-level': '49.02'}, None, None
290.08, [INFO], robot4, {'y': 17.301, 'x': -36.947, 'yaw': -3.142}, None, None
300.09, [INFO], robot4, {'y': 17.403, 'x': -36.844, 'yaw': -3.141}, None, None
300.09, [INFO], robot4, {'battery-level': '48.46'}, None, None
307.47, [WARN], robot4, SKILL-FAILURE, navigation, navto_lab
310.06, [INFO], robot4, {'y': 17.287, 'x': -36.844, 'yaw': 3.142}, None, None
310.06, [INFO], robot4, {'battery-level': '47.90'}, None, None
320.06, [INFO], robot4, {'battery-level': '47.34'}, None, None
320.06, [INFO], robot4, {'y': 17.288, 'x': -36.844, 'yaw': -3.142}, None, None
