0.00, [DEBUG], nurse, NURSE_CONFIG={'location': 'IC Room 2', 'position': [-38.0, 21.5, 0.0]}, None, None
0.00, [INFO], robot4, {'battery-level': '65.21'}, None, None
0.13, [DEBUG], logger, ROBOTS_CONFIG={'avg_speed': 0.15, 'battery_charge': 0.6520875066754872, 'battery_discharge_rate': 0.0005600000000000001, 'id': 4, 'local_plan': [['navigation', ['IC Room 2', [[-32.88, 33.98, 3.14], [-37.0, 33.98], [-37.0, 21.5], [-38.0, 21.5, 0.0]]], 'navto_room'], ['approach_person', ['nurse'], 'approach_nurse'], ['authenticate_person', ['nurse'], 'authenticate_nurse'], ['operate_drawer', ['open'], 'open_drawer_for_nurse'], ['send_message', ['nurse'], 'notify_nurse_of_open_drawer_for_nurse_completed'], ['wait_message', ['nurse'], 'wait_nurse_to_complete_deposit'], ['operate_drawer', ['close'], 'close_drawer_nurse'], ['navigation', ['Laboratory', [[-38.0, 21.5, 0.0], [-37.0, 21.5], [-37.0, 16.0], [-26.0, 16.0], [-26.0, 13.0, 1.57]]], 'navto_lab'], ['approach_robot', ['lab_arm'], 'approach_arm'], ['operate_drawer', ['open'], 'open_drawer_lab'], ['send_message', ['lab_arm'], 'notify_lab_arm_of_open_drawer_lab_completed'], ['wait_message', ['lab_arm'], 'wait_lab_arm_to_complete_pick_up_sample'], ['operate_drawer', ['close'], 'close_drawer_lab']], 'location': 'IC Room 5', 'name': 'r4', 'position': [-32.88, 33.98, 3.14], 'skills': ['approach_person', 'approach_robot', 'authenticate_person', 'navigation', 'operate_drawer']}, None, None
0.13, [DEBUG], logger, Simulation open, None, None
10.06, [INFO], robot4, {'y': 34.296, 'x': -33.675, 'yaw': 3.142}, None, None
10.06, [INFO], robot4, {'battery-level': '64.70'}, None, None
20.04, [INFO], robot4, {'battery-level': '64.14'}, None, None
20.04, [INFO], robot4, {'y': 34.68, 'x': -35.729, 'yaw': -3.14}, None, None
30.06, [INFO], robot4, {'battery-level': '63.58'}, None, None
30.06, [INFO], robot4, {'y': 33.172, 'x': -36.868, 'yaw': -3.142}, None, None
40.03, [INFO], robot4, {'y': 31.066, 'x': -36.897, 'yaw': -3.142}, None, None
40.03, [INFO], robot4, {'battery-level': '63.02'}, None, None
50.00, [INFO], robot4, {'battery-level': '62.46'}, None, None
50.00, [INFO], robot4, {'y': 28.963, 'x': -36.907, 'yaw': -3.141}, None, None
60.03, [INFO], robot4, {'battery-level': '61.90'}, None, None
60.03, [INFO], robot4, {'y': 26.865, 'x': -36.932, 'yaw': 3.141}, None, None
70.09, [INFO], robot4, {'y': 24.748, 'x': -36.992, 'yaw': 3.141}, None, None
70.09, [INFO], robot4, {'battery-level': '61.34'}, None, None
80.03, [INFO], robot4, {'battery-level': '60.78'}, None, None
80.03, [INFO], robot4, {'y': 22.635, 'x': -37.082, 'yaw': 3.14}, None, None
90.00, [INFO], robot4, {'battery-level': '60.22'}, None, None
90.00, [INFO], robot4, {'y': 21.293, 'x': -37.935, 'yaw': -3.141}, None, None
100.04, [INFO], robot4, {'battery-level': '59.66'}, None, None
100.04, [INFO], robot4, {'y': 21.399, 'x': -38.046, 'yaw': -3.141}, None, None
104.85, [info], nurse, sync, received-request, (status=sending-request)
104.85, [info], nurse, sync, request-sent, (status=waiting)
104.85, [info], nurse, sync, wait-message, (status=message-received)
110.05, [INFO], robot4, {'y': 21.341, 'x': -37.253, 'yaw': -3.141}, None, None
110.05, [INFO], robot4, {'battery-level': '59.10'}, None, None
120.10, [INFO], robot4, {'battery-level': '58.54'}, None, None
120.10, [INFO], robot4, {'y': 19.223, 'x': -37.157, 'yaw': -3.142}, None, None
130.01, [INFO], robot4, {'battery-level': '57.98'}, None, None
130.01, [INFO], robot4, {'y': 17.128, 'x': -37.118, 'yaw': 3.14}, None, None
140.06, [INFO], robot4, {'battery-level': '57.42'}, None, None
140.06, [INFO], robot4, {'y': 15.765, 'x': -35.975, 'yaw': 3.142}, None, None
150.05, [INFO], robot4, {'battery-level': '56.86'}, None, None
150.05, [INFO], robot4, {'y': 15.368, 'x': -33.894, 'yaw': -3.141}, None, None
160.09, [INFO], robot4, {'y': 15.495, 'x': -31.771, 'yaw': -3.141}, None, None
160.09, [INFO], robot4, {'battery-level': '56.30'}, None, None
170.09, [INFO], robot4, {'y': 15.66, 'x': -29.66, 'yaw': 3.142}, None, None
170.09, [INFO], robot4, {'battery-level': '55.74'}, None, None
180.03, [INFO], robot4, {'battery-level': '55.18'}, None, None
180.03, [INFO], robot4, {'y': 15.807, 'x': -27.558, 'yaw': 3.142}, None, None
190.06, [INFO], robot4, {'y': 14.902, 'x': -25.94, 'yaw': -3.142}, None, None
190.06, [INFO], robot4, {'battery-level': '54.62'}, None, None
200.05, [INFO], robot4, {'battery-level': '54.06'}, None, None
200.05, [INFO], robot4, {'y': 13.006, 'x': -25.909, 'yaw': 3.142}, None, None
210.00, [INFO], robot4, {'y': 12.873, 'x': -25.934, 'yaw': -3.142}, None, None
210.00, [INFO], robot4, {'battery-level': '53.50'}, None, None
213.25, [info], lab_arm, sync, wait-message, (status=message-received)
214.20, [WARN], robot4, SUCCESS, None, None
220.00, [INFO], robot4, {'battery-level': '52.94'}, None, None
220.00, [INFO], robot4, {'y': 12.877, 'x': -25.932, 'yaw': -3.142}, None, None
230.08, [INFO], robot4, {'y': 12.877, 'x': -25.932, 'yaw': -3.142}, None, None
230.08, [INFO], robot4, {'battery-level': '52.38'}, None, None
