0.00, [DEBUG], logger, ROBOTS_CONFIG={'avg_speed': 0.15, 'battery_charge': 0.8344531419634984, 'battery_discharge_rate': 0.00026000000000000003, 'id': 2, 'local_plan': [['navigation', ['PC Room 3', [[-21.0, 18.0, -1.57], [-21.0, 16.0], [-28.5, 16.0], [-28.5, 18.0, -1.57]]], 'navto_room'], ['approach_person', ['nurse'], 'approach_nurse'], ['authenticate_person', ['nurse'], 'authenticate_nurse'], ['operate_drawer', ['open'], 'open_drawer_for_nurse'], ['send_message', ['nurse'], 'notify_nurse_of_open_drawer_for_nurse_completed'], ['wait_message', ['nurse'], 'wait_nurse_to_complete_deposit'], ['operate_drawer', ['close'], 'close_drawer_nurse'], ['navigation', ['Laboratory', [[-28.5, 18.0, -1.57], [-28.5, 16.0], [-26.0, 16.0], [-26.0, 13.0, 1.57]]], 'navto_lab'], ['approach_robot', ['lab_arm'], 'approach_arm'], ['operate_drawer', ['open'], 'open_drawer_lab'], ['send_message', ['lab_arm'], 'notify_lab_arm_of_open_drawer_lab_completed'], ['wait_message', ['lab_arm'], 'wait_lab_arm_to_complete_pick_up_sample'], ['operate_drawer', ['close'], 'close_drawer_lab']], 'location': 'PC Room 5', 'name': 'r2', 'position': [-21.0, 18.0, -1.57], 'skills': ['approach_person', 'approach_robot', 'authenticate_person', 'navigation', 'operate_drawer']}, None, None
0.00, [DEBUG], logger, Simulation open, None, None
10.08, [INFO], robot2, {'y': 17.385, 'x': -20.953, 'yaw': -3.142}, None, None
10.08, [INFO], robot2, {'battery-level': '83.21'}, None, None
20.04, [INFO], robot2, {'y': 16.041, 'x': -21.871, 'yaw': -3.142}, None, None
20.04, [INFO], robot2, {'battery-level': '82.95'}, None, None
30.08, [INFO], robot2, {'battery-level': '82.69'}, None, None
30.08, [INFO], robot2, {'y': 15.961, 'x': -23.986, 'yaw': 3.141}, None, None
40.08, [INFO], robot2, {'battery-level': '82.43'}, None, None
40.08, [INFO], robot2, {'y': 15.927, 'x': -26.094, 'yaw': -3.139}, None, None
50.00, [INFO], robot2, {'battery-level': '82.17'}, None, None
50.00, [INFO], robot2, {'y': 16.061, 'x': -28.157, 'yaw': -3.141}, None, None
60.01, [INFO], robot2, {'y': 17.85, 'x': -28.608, 'yaw': 3.141}, None, None
60.01, [INFO], robot2, {'battery-level': '81.91'}, None, None
67.43, [info], nurse, sync, received-request, (status=sending-request)
67.43, [info], nurse, sync, request-sent, (status=waiting)
67.43, [info], nurse, sync, wait-message, (status=message-received)
70.09, [INFO], robot2, {'battery-level': '81.65'}, None, None
70.09, [INFO], robot2, {'y': 17.645, 'x': -28.62, 'yaw': -3.142}, None, None
80.01, [INFO], robot2, {'y': 16.009, 'x': -28.128, 'yaw': 3.141}, None, None
80.01, [INFO], robot2, {'battery-level': '81.39'}, None, None
90.05, [INFO], robot2, {'y': 15.698, 'x': -26.104, 'yaw': 3.142}, None, None
90.05, [INFO], robot2, {'battery-level': '81.13'}, None, None
100.08, [INFO], robot2, {'battery-level': '80.87'}, None, None
100.08, [INFO], robot2, {'y': 13.609, 'x': -25.722, 'yaw': 3.142}, None, None
110.07, [INFO], robot2, {'y': 12.871, 'x': -25.958, 'yaw': 3.142}, None, None
110.07, [INFO], robot2, {'battery-level': '80.61'}, None, None
111.53, [info], lab_arm, sync, wait-message, (status=message-received)
112.51, [WARN], robot2, SUCCESS, None, None
120.09, [INFO], robot2, {'y': 12.869, 'x': -25.957, 'yaw': -3.142}, None, None
120.09, [INFO], robot2, {'battery-level': '80.35'}, None, None
