0.00, [DEBUG], nurse, NURSE_CONFIG={'location': 'IC Room 6', 'position': [-33.9, 18.93, 3.14]}, None, None
0.00, [INFO], robot5, {'battery-level': '28.18'}, None, None
0.18, [DEBUG], logger, ROBOTS_CONFIG={'avg_speed': 0.15, 'battery_charge': 0.2817995261312799, 'battery_discharge_rate': 0.00076, 'id': 5, 'local_plan': [['navigation', ['IC Room 6', [[-13.5, 18.0, -1.57], [-13.5, 16.0], [-37.0, 16.0], [-37.0, 18.93], [-33.9, 18.93, 3.14]]], 'navto_room'], ['approach_person', ['nurse'], 'approach_nurse'], ['authenticate_person', ['nurse'], 'authenticate_nurse'], ['operate_drawer', ['open'], 'open_drawer_for_nurse'], ['send_message', ['nurse'], 'notify_nurse_of_open_drawer_for_nurse_completed'], ['wait_message', ['nurse'], 'wait_nurse_to_complete_deposit'], ['operate_drawer', ['close'], 'close_drawer_nurse'], ['navigation', ['Laboratory', [[-33.9, 18.93, 3.14], [-37.0, 18.93], [-37.0, 16.0], [-26.0, 16.0], [-26.0, 13.0, 1.57]]], 'navto_lab'], ['approach_robot', ['lab_arm'], 'approach_arm'], ['operate_drawer', ['open'], 'open_drawer_lab'], ['send_message', ['lab_arm'], 'notify_lab_arm_of_open_drawer_lab_completed'], ['wait_message', ['lab_arm'], 'wait_lab_arm_to_complete_pick_up_sample'], ['operate_drawer', ['close'], 'close_drawer_lab']], 'location': 'PC Room 7', 'name': 'r5', 'position': [-13.5, 18.0, -1.57], 'skills': ['approach_person', 'approach_robot', 'authenticate_person', 'navigation', 'operate_drawer']}, None, None
0.18, [DEBUG], logger, Simulation open, None, None
10.07, [INFO], robot5, {'y': 17.527, 'x': -13.502, 'yaw': -3.142}, None, None
10.07, [INFO], robot5, {'battery-level': '27.50'}, None, None
20.01, [INFO], robot5, {'battery-level': '26.74'}, None, None
20.01, [INFO], robot5, {'y': 15.966, 'x': -14.311, 'yaw': -3.141}, None, None
30.10, [INFO], robot5, {'battery-level': '25.98'}, None, None
30.10, [INFO], robot5, {'y': 15.895, 'x': -16.443, 'yaw': 3.141}, None, None
40.01, [INFO], robot5, {'battery-level': '25.22'}, None, None
40.01, [INFO], robot5, {'y': 15.942, 'x': -18.54, 'yaw': 3.141}, None, None
50.04, [INFO], robot5, {'y': 16.119, 'x': -20.648, 'yaw': 3.141}, None, None
50.04, [INFO], robot5, {'battery-level': '24.46'}, None, None
60.04, [INFO], robot5, {'battery-level': '23.70'}, None, None
60.04, [INFO], robot5, {'y': 16.098, 'x': -22.764, 'yaw': -3.142}, None, None
70.05, [INFO], robot5, {'battery-level': '22.94'}, None, None
70.05, [INFO], robot5, {'y': 16.068, 'x': -24.871, 'yaw': -3.142}, None, None
80.06, [INFO], robot5, {'y': 16.097, 'x': -26.979, 'yaw': 3.141}, None, None
80.06, [INFO], robot5, {'battery-level': '22.18'}, None, None
90.08, [INFO], robot5, {'y': 16.202, 'x': -29.078, 'yaw': 3.141}, None, None
90.08, [INFO], robot5, {'battery-level': '21.42'}, None, None
100.03, [INFO], robot5, {'y': 16.045, 'x': -31.18, 'yaw': -3.142}, None, None
100.03, [INFO], robot5, {'battery-level': '20.66'}, None, None
110.01, [INFO], robot5, {'battery-level': '19.90'}, None, None
110.01, [INFO], robot5, {'y': 15.692, 'x': -33.277, 'yaw': 3.139}, None, None
120.03, [INFO], robot5, {'battery-level': '19.14'}, None, None
120.03, [INFO], robot5, {'y': 15.463, 'x': -35.374, 'yaw': -3.141}, None, None
130.05, [INFO], robot5, {'y': 16.475, 'x': -36.873, 'yaw': -3.141}, None, None
130.05, [INFO], robot5, {'battery-level': '18.38'}, None, None
140.06, [INFO], robot5, {'y': 17.69, 'x': -36.827, 'yaw': 3.141}, None, None
140.06, [INFO], robot5, {'battery-level': '17.62'}, None, None
149.91, [INFO], robot5, {'y': 17.819, 'x': -36.086, 'yaw': 3.141}, None, None
150.00, [INFO], robot5, {'battery-level': '16.86'}, None, None
160.03, [INFO], robot5, {'y': 18.301, 'x': -35.709, 'yaw': -3.136}, None, None
160.03, [INFO], robot5, {'battery-level': '16.10'}, None, None
170.08, [INFO], robot5, {'battery-level': '15.34'}, None, None
170.08, [INFO], robot5, {'y': 18.274, 'x': -35.712, 'yaw': 3.136}, None, None
180.07, [INFO], robot5, {'y': 18.376, 'x': -35.68, 'yaw': 3.141}, None, None
180.07, [INFO], robot5, {'battery-level': '14.58'}, None, None
190.00, [INFO], robot5, {'y': 18.387, 'x': -35.712, 'yaw': -3.142}, None, None
190.00, [INFO], robot5, {'battery-level': '13.82'}, None, None
190.10, [WARN], robot5, SKILL-FAILURE, navigation, navto_room
200.05, [INFO], robot5, {'y': 18.387, 'x': -35.712, 'yaw': 3.142}, None, None
200.05, [INFO], robot5, {'battery-level': '13.06'}, None, None
