0.00, [DEBUG], logger, ROBOTS_CONFIG={'avg_speed': 0.15, 'battery_charge': 0.5080169438370433, 'battery_discharge_rate': 0.00038, 'id': 6, 'local_plan': [['navigation', ['IC Room 2', [[-33.9, 18.93, 3.14], [-37.0, 18.93], [-37.0, 21.5], [-38.0, 21.5, 0.0]]], 'navto_room'], ['approach_person', ['nurse'], 'approach_nurse'], ['authenticate_person', ['nurse'], 'authenticate_nurse'], ['operate_drawer', ['open'], 'open_drawer_for_nurse'], ['send_message', ['nurse'], 'notify_nurse_of_open_drawer_for_nurse_completed'], ['wait_message', ['nurse'], 'wait_nurse_to_complete_deposit'], ['operate_drawer', ['close'], 'close_drawer_nurse'], ['navigation', ['Laboratory', [[-38.0, 21.5, 0.0], [-37.0, 21.5], [-37.0, 16.0], [-26.0, 16.0], [-26.0, 13.0, 1.57]]], 'navto_lab'], ['approach_robot', ['lab_arm'], 'approach_arm'], ['operate_drawer', ['open'], 'open_drawer_lab'], ['send_message', ['lab_arm'], 'notify_lab_arm_of_open_drawer_lab_completed'], ['wait_message', ['lab_arm'], 'wait_lab_arm_to_complete_pick_up_sample'], ['operate_drawer', ['close'], 'close_drawer_lab']], 'location': 'IC Room 6', 'name': 'r6', 'position': [-33.9, 18.93, 3.14], 'skills': ['approach_person', 'approach_robot', 'authenticate_person', 'navigation', 'operate_drawer']}, None, None
0.00, [DEBUG], logger, Simulation open, None, None
10.09, [INFO], robot6, {'battery-level': '50.46'}, None, None
10.09, [INFO], robot6, {'y': 18.733, 'x': -34.227, 'yaw': 3.142}, None, None
20.06, [INFO], robot6, {'battery-level': '50.08'}, None, None
20.06, [INFO], robot6, {'y': 17.809, 'x': -35.847, 'yaw': 3.142}, None, None
30.05, [INFO], robot6, {'battery-level': '49.70'}, None, None
30.05, [INFO], robot6, {'y': 19.515, 'x': -36.872, 'yaw': 3.136}, None, None
40.05, [INFO], robot6, {'y': 21.459, 'x': -37.401, 'yaw': 3.136}, None, None
40.05, [INFO], robot6, {'battery-level': '49.32'}, None, None
50.05, [INFO], robot6, {'battery-level': '48.94'}, None, None
50.05, [INFO], robot6, {'y': 21.48, 'x': -38.07, 'yaw': 3.141}, None, None
58.56, [info], nurse, sync, received-request, (status=sending-request)
58.56, [info], nurse, sync, request-sent, (status=waiting)
58.56, [info], nurse, sync, wait-message, (status=message-received)
60.02, [INFO], robot6, {'battery-level': '48.56'}, None, None
60.02, [INFO], robot6, {'y': 21.41, 'x': -38.003, 'yaw': 3.141}, None, None
70.08, [INFO], robot6, {'battery-level': '48.18'}, None, None
70.08, [INFO], robot6, {'y': 19.885, 'x': -37.143, 'yaw': -3.141}, None, None
80.05, [INFO], robot6, {'battery-level': '47.80'}, None, None
80.05, [INFO], robot6, {'y': 17.789, 'x': -37.133, 'yaw': 3.14}, None, None
90.03, [INFO], robot6, {'y': 15.83, 'x': -36.606, 'yaw': 3.14}, None, None
90.03, [INFO], robot6, {'battery-level': '47.42'}, None, None
100.09, [INFO], robot6, {'battery-level': '47.04'}, None, None
100.09, [INFO], robot6, {'y': 15.398, 'x': -34.506, 'yaw': -3.141}, None, None
110.09, [INFO], robot6, {'y': 15.509, 'x': -32.396, 'yaw': -3.142}, None, None
110.09, [INFO], robot6, {'battery-level': '46.66'}, None, None
120.07, [INFO], robot6, {'y': 15.588, 'x': -30.285, 'yaw': 3.141}, None, None
120.07, [INFO], robot6, {'battery-level': '46.28'}, None, None
130.05, [INFO], robot6, {'y': 15.741, 'x': -28.191, 'yaw': -3.142}, None, None
130.05, [INFO], robot6, {'battery-level': '45.90'}, None, None
140.01, [INFO], robot6, {'battery-level': '45.52'}, None, None
140.01, [INFO], robot6, {'y': 15.578, 'x': -26.141, 'yaw': 3.142}, None, None
150.07, [INFO], robot6, {'battery-level': '45.14'}, None, None
150.07, [INFO], robot6, {'y': 13.493, 'x': -25.752, 'yaw': -3.142}, None, None
160.03, [INFO], robot6, {'y': 12.92, 'x': -25.988, 'yaw': -3.142}, None, None
160.03, [INFO], robot6, {'battery-level': '44.76'}, None, None
161.59, [info], lab_arm, sync, wait-message, (status=message-received)
162.56, [WARN], robot6, SUCCESS, None, None
170.09, [INFO], robot6, {'battery-level': '44.38'}, None, None
170.09, [INFO], robot6, {'y': 12.918, 'x': -25.987, 'yaw': -3.142}, None, None
