0.00, [DEBUG], logger, ROBOTS_CONFIG={'avg_speed': 0.15, 'battery_charge': 0.5914703710515797, 'battery_discharge_rate': 0.0006600000000000001, 'id': 1, 'local_plan': [['navigation', ['IC Room 2', [[-27.23, 18.0, -1.57], [-27.23, 16.0], [-37.0, 16.0], [-37.0, 21.5], [-38.0, 21.5, 0.0]]], 'navto_room'], ['approach_person', ['nurse'], 'approach_nurse'], ['authenticate_person', ['nurse'], 'authenticate_nurse'], ['operate_drawer', ['open'], 'open_drawer_for_nurse'], ['send_message', ['nurse'], 'notify_nurse_of_open_drawer_for_nurse_completed'], ['wait_message', ['nurse'], 'wait_nurse_to_complete_deposit'], ['operate_drawer', ['close'], 'close_drawer_nurse'], ['navigation', ['Laboratory', [[-38.0, 21.5, 0.0], [-37.0, 21.5], [-37.0, 16.0], [-26.0, 16.0], [-26.0, 13.0, 1.57]]], 'navto_lab'], ['approach_robot', ['lab_arm'], 'approach_arm'], ['operate_drawer', ['open'], 'open_drawer_lab'], ['send_message', ['lab_arm'], 'notify_lab_arm_of_open_drawer_lab_completed'], ['wait_message', ['lab_arm'], 'wait_lab_arm_to_complete_pick_up_sample'], ['operate_drawer', ['close'], 'close_drawer_lab']], 'location': 'PC Room 4', 'name': 'r1', 'position': [-27.23, 18.0, -1.57], 'skills': ['approach_person', 'approach_robot', 'authenticate_person', 'navigation']}, None, None
0.00, [DEBUG], logger, Simulation open, None, None
10.06, [INFO], robot1, {'battery-level': '58.55'}, None, None
10.06, [INFO], robot1, {'y': 18.0, 'x': -27.23, 'yaw': 3.142}, None, None
20.00, [INFO], robot1, {'y': 17.042, 'x': -27.074, 'yaw': -3.14}, None, None
20.00, [INFO], robot1, {'battery-level': '57.89'}, None, None
30.09, [INFO], robot1, {'battery-level': '57.23'}, None, None
30.09, [INFO], robot1, {'y': 16.107, 'x': -28.399, 'yaw': 3.142}, None, None
40.09, [INFO], robot1, {'y': 16.074, 'x': -30.507, 'yaw': 3.142}, None, None
40.09, [INFO], robot1, {'battery-level': '56.57'}, None, None
50.09, [INFO], robot1, {'y': 15.84, 'x': -32.622, 'yaw': -3.141}, None, None
50.09, [INFO], robot1, {'battery-level': '55.91'}, None, None
60.08, [INFO], robot1, {'battery-level': '55.25'}, None, None
60.08, [INFO], robot1, {'y': 15.418, 'x': -34.713, 'yaw': 3.141}, None, None
70.03, [INFO], robot1, {'y': 15.866, 'x': -36.729, 'yaw': 3.142}, None, None
70.03, [INFO], robot1, {'battery-level': '54.59'}, None, None
80.06, [INFO], robot1, {'battery-level': '53.93'}, None, None
80.06, [INFO], robot1, {'y': 17.98, 'x': -36.632, 'yaw': -3.142}, None, None
90.04, [INFO], robot1, {'battery-level': '53.27'}, None, None
90.04, [INFO], robot1, {'y': 20.085, 'x': -36.812, 'yaw': -3.139}, None, None
100.04, [INFO], robot1, {'battery-level': '52.61'}, None, None
100.04, [INFO], robot1, {'y': 21.489, 'x': -37.883, 'yaw': 3.142}, None, None
110.03, [INFO], robot1, {'battery-level': '51.95'}, None, None
110.03, [INFO], robot1, {'y': 21.373, 'x': -38.066, 'yaw': 3.141}, None, None
118.07, [info], nurse, sync, received-request, (status=sending-request)
118.07, [info], nurse, sync, request-sent, (status=waiting)
118.07, [WARN], robot1, NO-SKILL, operate_drawer, open_drawer_for_nurse
120.02, [INFO], robot1, {'y': 21.389, 'x': -38.115, 'yaw': 3.142}, None, None
120.02, [INFO], robot1, {'battery-level': '51.29'}, None, None
