0.00, [INFO], robot5, {'battery-level': '28.18'}, None, None
0.13, [DEBUG], logger, ROBOTS_CONFIG={'avg_speed': 0.15, 'battery_charge': 0.2817995261312799, 'battery_discharge_rate': 0.00076, 'id': 5, 'local_plan': [['navigation', ['PC Room 3', [[-33.9, 18.93, 3.14], [-37.0, 18.93], [-37.0, 16.0], [-28.5, 16.0], [-28.5, 18.0, -1.57]]], 'navto_room'], ['approach_person', ['nurse'], 'approach_nurse'], ['authenticate_person', ['nurse'], 'authenticate_nurse'], ['operate_drawer', ['open'], 'open_drawer_for_nurse'], ['send_message', ['nurse'], 'notify_nurse_of_open_drawer_for_nurse_completed'], ['wait_message', ['nurse'], 'wait_nurse_to_complete_deposit'], ['operate_drawer', ['close'], 'close_drawer_nurse'], ['navigation', ['Laboratory', [[-28.5, 18.0, -1.57], [-28.5, 16.0], [-26.0, 16.0], [-26.0, 13.0, 1.57]]], 'navto_lab'], ['approach_robot', ['lab_arm'], 'approach_arm'], ['operate_drawer', ['open'], 'open_drawer_lab'], ['send_message', ['lab_arm'], 'notify_lab_arm_of_open_drawer_lab_completed'], ['wait_message', ['lab_arm'], 'wait_lab_arm_to_complete_pick_up_sample'], ['operate_drawer', ['close'], 'close_drawer_lab']], 'location': 'IC Room 6', 'name': 'r5', 'position': [-33.9, 18.93, 3.14], 'skills': ['approach_person', 'approach_robot', 'authenticate_person', 'navigation', 'operate_drawer']}, None, None
0.13, [DEBUG], logger, Simulation open, None, None
10.01, [INFO], robot5, {'battery-level': '27.50'}, None, None
10.01, [INFO], robot5, {'y': 18.616, 'x': -34.286, 'yaw': -3.142}, None, None
20.10, [INFO], robot5, {'y': 17.908, 'x': -36.014, 'yaw': 3.141}, None, None
20.10, [INFO], robot5, {'battery-level': '26.74'}, None, None
30.01, [INFO], robot5, {'y': 17.34, 'x': -37.042, 'yaw': -3.142}, None, None
30.01, [INFO], robot5, {'battery-level': '25.98'}, None, None
40.00, [INFO], robot5, {'y': 17.54, 'x': -36.965, 'yaw': 3.141}, None, None
40.00, [INFO], robot5, {'battery-level': '25.22'}, None, None
50.09, [INFO], robot5, {'y': 17.215, 'x': -37.025, 'yaw': 3.141}, None, None
50.09, [INFO], robot5, {'battery-level': '24.46'}, None, None
60.04, [INFO], robot5, {'battery-level': '23.70'}, None, None
60.04, [INFO], robot5, {'y': 17.401, 'x': -36.924, 'yaw': 3.141}, None, None
70.00, [INFO], robot5, {'battery-level': '22.94'}, None, None
70.00, [INFO], robot5, {'y': 17.407, 'x': -36.964, 'yaw': 3.142}, None, None
80.05, [INFO], robot5, {'battery-level': '22.18'}, None, None
80.05, [INFO], robot5, {'y': 17.259, 'x': -36.805, 'yaw': -3.141}, None, None
90.06, [INFO], robot5, {'battery-level': '21.42'}, None, None
90.06, [INFO], robot5, {'y': 17.24, 'x': -36.764, 'yaw': 3.142}, None, None
100.07, [INFO], robot5, {'y': 17.402, 'x': -37.08, 'yaw': -3.141}, None, None
100.07, [INFO], robot5, {'battery-level': '20.66'}, None, None
110.07, [INFO], robot5, {'battery-level': '19.90'}, None, None
110.07, [INFO], robot5, {'y': 17.238, 'x': -36.731, 'yaw': -3.142}, None, None
120.06, [INFO], robot5, {'battery-level': '19.14'}, None, None
120.06, [INFO], robot5, {'y': 17.108, 'x': -37.089, 'yaw': -3.141}, None, None
130.07, [INFO], robot5, {'y': 17.415, 'x': -36.994, 'yaw': 3.141}, None, None
130.07, [INFO], robot5, {'battery-level': '18.38'}, None, None
140.06, [INFO], robot5, {'battery-level': '17.62'}, None, None
140.06, [INFO], robot5, {'y': 17.194, 'x': -36.789, 'yaw': -3.142}, None, None
150.06, [INFO], robot5, {'battery-level': '16.86'}, None, None
150.06, [INFO], robot5, {'y': 17.365, 'x': -36.953, 'yaw': 3.141}, None, None
160.05, [INFO], robot5, {'y': 17.367, 'x': -36.919, 'yaw': 3.141}, None, None
160.05, [INFO], robot5, {'battery-level': '16.10'}, None, None
170.09, [INFO], robot5, {'y': 17.213, 'x': -36.771, 'yaw': 3.142}, None, None
170.09, [INFO], robot5, {'battery-level': '15.34'}, None, None
180.00, [INFO], robot5, {'battery-level': '14.58'}, None, None
180.00, [INFO], robot5, {'y': 17.424, 'x': -37.035, 'yaw': -3.142}, None, None
181.38, [WARN], robot5, SKILL-FAILURE, navigation, navto_room
190.04, [INFO], robot5, {'battery-level': '13.82'}, None, None
190.04, [INFO], robot5, {'y': 17.491, 'x': -37.037, 'yaw': 3.142}, None, None
200.03, [INFO], robot5, {'battery-level': '13.06'}, None, None
200.03, [INFO], robot5, {'y': 17.491, 'x': -37.037, 'yaw': 3.142}, None, None
