0.12, [DEBUG], logger, ROBOTS_CONFIG={'avg_speed': 0.15, 'battery_charge': 0.5914703710515797, 'battery_discharge_rate': 0.0006600000000000001, 'id': 1, 'local_plan': [['navigation', ['IC Room 6', [[-11.5, 18.0, -1.57], [-11.5, 16.0], [-37.0, 16.0], [-37.0, 18.93], [-33.9, 18.93, 3.14]]], 'navto_room'], ['approach_person', ['nurse'], 'approach_nurse'], ['authenticate_person', ['nurse'], 'authenticate_nurse'], ['operate_drawer', ['open'], 'open_drawer_for_nurse'], ['send_message', ['nurse'], 'notify_nurse_of_open_drawer_for_nurse_completed'], ['wait_message', ['nurse'], 'wait_nurse_to_complete_deposit'], ['operate_drawer', ['close'], 'close_drawer_nurse'], ['navigation', ['Laboratory', [[-33.9, 18.93, 3.14], [-37.0, 18.93], [-37.0, 16.0], [-26.0, 16.0], [-26.0, 13.0, 1.57]]], 'navto_lab'], ['approach_robot', ['lab_arm'], 'approach_arm'], ['operate_drawer', ['open'], 'open_drawer_lab'], ['send_message', ['lab_arm'], 'notify_lab_arm_of_open_drawer_lab_completed'], ['wait_message', ['lab_arm'], 'wait_lab_arm_to_complete_pick_up_sample'], ['operate_drawer', ['close'], 'close_drawer_lab']], 'location': 'PC Room 8', 'name': 'r1', 'position': [-11.5, 18.0, -1.57], 'skills': ['approach_person', 'approach_robot', 'authenticate_person', 'navigation', 'operate_drawer']}, None, None
0.12, [DEBUG], logger, Simulation open, None, None
10.09, [INFO], robot1, {'y': 18.0, 'x': -11.5, 'yaw': 3.142}, None, None
10.09, [INFO], robot1, {'battery-level': '58.55'}, None, None
20.09, [INFO], robot1, {'battery-level': '57.89'}, None, None
20.09, [INFO], robot1, {'y': 16.783, 'x': -11.753, 'yaw': 3.141}, None, None
30.10, [INFO], robot1, {'y': 16.056, 'x': -12.974, 'yaw': 3.141}, None, None
30.10, [INFO], robot1, {'battery-level': '57.23'}, None, None
40.09, [INFO], robot1, {'battery-level': '56.57'}, None, None
40.09, [INFO], robot1, {'y': 16.327, 'x': -12.918, 'yaw': 3.141}, None, None
50.01, [INFO], robot1, {'y': 16.19, 'x': -12.989, 'yaw': 3.142}, None, None
50.01, [INFO], robot1, {'battery-level': '55.91'}, None, None
60.05, [INFO], robot1, {'battery-level': '55.25'}, None, None
60.05, [INFO], robot1, {'y': 16.058, 'x': -12.97, 'yaw': 3.14}, None, None
70.07, [INFO], robot1, {'battery-level': '54.59'}, None, None
70.07, [INFO], robot1, {'y': 16.273, 'x': -12.882, 'yaw': 3.142}, None, None
80.07, [INFO], robot1, {'y': 16.08, 'x': -12.821, 'yaw': 3.141}, None, None
80.07, [INFO], robot1, {'battery-level': '53.93'}, None, None
90.06, [INFO], robot1, {'battery-level': '53.27'}, None, None
90.06, [INFO], robot1, {'y': 16.37, 'x': -13.017, 'yaw': 3.141}, None, None
100.08, [INFO], robot1, {'y': 15.909, 'x': -12.997, 'yaw': 3.142}, None, None
100.08, [INFO], robot1, {'battery-level': '52.61'}, None, None
110.02, [INFO], robot1, {'y': 16.285, 'x': -12.871, 'yaw': 3.141}, None, None
110.02, [INFO], robot1, {'battery-level': '51.95'}, None, None
120.05, [INFO], robot1, {'battery-level': '51.29'}, None, None
120.05, [INFO], robot1, {'y': 16.112, 'x': -13.041, 'yaw': 3.142}, None, None
130.03, [INFO], robot1, {'battery-level': '50.63'}, None, None
130.03, [INFO], robot1, {'y': 16.166, 'x': -12.8, 'yaw': 3.141}, None, None
140.06, [INFO], robot1, {'battery-level': '49.97'}, None, None
140.06, [INFO], robot1, {'y': 16.326, 'x': -13.058, 'yaw': 3.141}, None, None
150.10, [INFO], robot1, {'battery-level': '49.31'}, None, None
150.10, [INFO], robot1, {'y': 16.058, 'x': -12.9, 'yaw': 3.141}, None, None
160.03, [INFO], robot1, {'battery-level': '48.65'}, None, None
160.03, [INFO], robot1, {'y': 16.074, 'x': -12.82, 'yaw': 3.141}, None, None
170.03, [INFO], robot1, {'y': 16.397, 'x': -13.01, 'yaw': 3.141}, None, None
170.03, [INFO], robot1, {'battery-level': '47.99'}, None, None
174.35, [WARN], robot1, SKILL-FAILURE, navigation, navto_room
