0.00, [DEBUG], nurse, NURSE_CONFIG={'location': 'IC Room 2', 'position': [-38.0, 21.5, 0.0]}, None, None
0.00, [INFO], robot4, {'battery-level': '65.21'}, None, None
0.00, [DEBUG], logger, ROBOTS_CONFIG={'avg_speed': 0.15, 'battery_charge': 0.6520875066754872, 'battery_discharge_rate': 0.0005600000000000001, 'id': 4, 'local_plan': [['navigation', ['IC Room 2', [[-32.88, 33.98, 3.14], [-37.0, 33.98], [-37.0, 21.5], [-38.0, 21.5, 0.0]]], 'navto_room'], ['approach_person', ['nurse'], 'approach_nurse'], ['authenticate_person', ['nurse'], 'authenticate_nurse'], ['operate_drawer', ['open'], 'open_drawer_for_nurse'], ['send_message', ['nurse'], 'notify_nurse_of_open_drawer_for_nurse_completed'], ['wait_message', ['nurse'], 'wait_nurse_to_complete_deposit'], ['operate_drawer', ['close'], 'close_drawer_nurse'], ['navigation', ['Laboratory', [[-38.0, 21.5, 0.0], [-37.0, 21.5], [-37.0, 16.0], [-26.0, 16.0], [-26.0, 13.0, 1.57]]], 'navto_lab'], ['approach_robot', ['lab_arm'], 'approach_arm'], ['operate_drawer', ['open'], 'open_drawer_lab'], ['send_message', ['lab_arm'], 'notify_lab_arm_of_open_drawer_lab_completed'], ['wait_message', ['lab_arm'], 'wait_lab_arm_to_complete_pick_up_sample'], ['operate_drawer', ['close'], 'close_drawer_lab']], 'location': 'IC Room 5', 'name': 'r4', 'position': [-32.88, 33.98, 3.14], 'skills': ['approach_person', 'approach_robot', 'authenticate_person', 'navigation', 'operate_drawer']}, None, None
0.00, [DEBUG], logger, Simulation open, None, None
10.05, [INFO], robot4, {'battery-level': '64.70'}, None, None
10.05, [INFO], robot4, {'y': 33.976, 'x': -32.897, 'yaw': -3.141}, None, None
20.05, [INFO], robot4, {'battery-level': '64.14'}, None, None
20.05, [INFO], robot4, {'y': 34.602, 'x': -34.781, 'yaw': 3.142}, None, None
30.04, [INFO], robot4, {'y': 34.049, 'x': -36.765, 'yaw': 3.141}, None, None
30.04, [INFO], robot4, {'battery-level': '63.58'}, None, None
40.01, [INFO], robot4, {'battery-level': '63.02'}, None, None
40.01, [INFO], robot4, {'y': 31.944, 'x': -36.806, 'yaw': -3.141}, None, None
50.02, [INFO], robot4, {'y': 29.826, 'x': -36.788, 'yaw': -3.142}, None, None
50.02, [INFO], robot4, {'battery-level': '62.46'}, None, None
60.02, [INFO], robot4, {'battery-level': '61.90'}, None, None
60.02, [INFO], robot4, {'y': 27.713, 'x': -36.806, 'yaw': -3.142}, None, None
70.01, [INFO], robot4, {'y': 25.6, 'x': -36.788, 'yaw': 3.141}, None, None
70.01, [INFO], robot4, {'battery-level': '61.34'}, None, None
80.02, [INFO], robot4, {'y': 23.493, 'x': -36.856, 'yaw': 3.141}, None, None
80.02, [INFO], robot4, {'battery-level': '60.78'}, None, None
90.02, [INFO], robot4, {'battery-level': '60.22'}, None, None
90.02, [INFO], robot4, {'y': 21.419, 'x': -37.194, 'yaw': -3.142}, None, None
100.05, [INFO], robot4, {'battery-level': '59.66'}, None, None
100.05, [INFO], robot4, {'y': 21.32, 'x': -38.051, 'yaw': -3.142}, None, None
110.04, [INFO], robot4, {'battery-level': '59.10'}, None, None
110.04, [INFO], robot4, {'y': 21.384, 'x': -38.078, 'yaw': -3.142}, None, None
112.61, [info], nurse, sync, received-request, (status=sending-request)
112.61, [info], nurse, sync, request-sent, (status=waiting)
112.61, [info], nurse, sync, wait-message, (status=message-received)
120.04, [INFO], robot4, {'y': 20.867, 'x': -37.179, 'yaw': 3.141}, None, None
120.04, [INFO], robot4, {'battery-level': '58.54'}, None, None
130.02, [INFO], robot4, {'y': 18.75, 'x': -37.138, 'yaw': 3.141}, None, None
130.02, [INFO], robot4, {'battery-level': '57.98'}, None, None
140.03, [INFO], robot4, {'battery-level': '57.42'}, None, None
140.03, [INFO], robot4, {'y': 16.64, 'x': -36.994, 'yaw': 3.141}, None, None
150.03, [INFO], robot4, {'battery-level': '56.86'}, None, None
150.03, [INFO], robot4, {'y': 15.664, 'x': -35.399, 'yaw': -3.141}, None, None
160.05, [INFO], robot4, {'y': 15.472, 'x': -33.287, 'yaw': -3.141}, None, None
160.05, [INFO], robot4, {'battery-level': '56.30'}, None, None
170.05, [INFO], robot4, {'battery-level': '55.74'}, None, None
170.05, [INFO], robot4, {'y': 15.559, 'x': -31.167, 'yaw': -3.141}, None, None
180.04, [INFO], robot4, {'battery-level': '55.18'}, None, None
180.04, [INFO], robot4, {'y': 15.68, 'x': -29.059, 'yaw': 3.141}, None, None
190.03, [INFO], robot4, {'battery-level': '54.62'}, None, None
190.03, [INFO], robot4, {'y': 15.777, 'x': -26.944, 'yaw': 3.141}, None, None
200.03, [INFO], robot4, {'y': 14.322, 'x': -25.747, 'yaw': 3.141}, None, None
200.03, [INFO], robot4, {'battery-level': '54.06'}, None, None
210.01, [INFO], robot4, {'battery-level': '53.50'}, None, None
210.01, [INFO], robot4, {'y': 12.908, 'x': -25.996, 'yaw': -3.142}, None, None
214.48, [info], lab_arm, sync, wait-message, (status=message-received)
215.43, [WARN], robot4, SUCCESS, None, None
220.06, [INFO], robot4, {'y': 12.906, 'x': -25.993, 'yaw': -3.142}, None, None
220.06, [INFO], robot4, {'battery-level': '52.94'}, None, None
230.08, [INFO], robot4, {'y': 12.906, 'x': -25.993, 'yaw': 3.142}, None, None
230.08, [INFO], robot4, {'battery-level': '52.38'}, None, None
