0.00, [DEBUG], nurse, NURSE_CONFIG={'location': 'PC Room 3', 'position': [-28.5, 18.0, -1.57]}, None, None
0.00, [INFO], robot6, {'battery-level': '50.80'}, None, None
0.19, [DEBUG], logger, ROBOTS_CONFIG={'avg_speed': 0.15, 'battery_charge': 0.5080169438370433, 'battery_discharge_rate': 0.00038, 'id': 6, 'local_plan': [['navigation', ['PC Room 3', [[-27.23, 18.0, -1.57], [-27.23, 16.0], [-28.5, 16.0], [-28.5, 18.0, -1.57]]], 'navto_room'], ['approach_person', ['nurse'], 'approach_nurse'], ['authenticate_person', ['nurse'], 'authenticate_nurse'], ['operate_drawer', ['open'], 'open_drawer_for_nurse'], ['send_message', ['nurse'], 'notify_nurse_of_open_drawer_for_nurse_completed'], ['wait_message', ['nurse'], 'wait_nurse_to_complete_deposit'], ['operate_drawer', ['close'], 'close_drawer_nurse'], ['navigation', ['Laboratory', [[-28.5, 18.0, -1.57], [-28.5, 16.0], [-26.0, 16.0], [-26.0, 13.0, 1.57]]], 'navto_lab'], ['approach_robot', ['lab_arm'], 'approach_arm'], ['operate_drawer', ['open'], 'open_drawer_lab'], ['send_message', ['lab_arm'], 'notify_lab_arm_of_open_drawer_lab_completed'], ['wait_message', ['lab_arm'], 'wait_lab_arm_to_complete_pick_up_sample'], ['operate_drawer', ['close'], 'close_drawer_lab']], 'location': 'PC Room 4', 'name': 'r6', 'position': [-27.23, 18.0, -1.57], 'skills': ['approach_person', 'approach_robot', 'authenticate_person', 'navigation', 'operate_drawer']}, None, None
0.19, [DEBUG], logger, Simulation open, None, None
10.04, [INFO], robot6, {'y': 17.576, 'x': -27.166, 'yaw': -3.142}, None, None
10.04, [INFO], robot6, {'battery-level': '50.46'}, None, None
20.02, [INFO], robot6, {'battery-level': '50.08'}, None, None
20.02, [INFO], robot6, {'y': 16.374, 'x': -27.827, 'yaw': 3.139}, None, None
30.02, [INFO], robot6, {'y': 17.816, 'x': -28.64, 'yaw': 3.142}, None, None
30.02, [INFO], robot6, {'battery-level': '49.70'}, None, None
40.02, [INFO], robot6, {'battery-level': '49.32'}, None, None
40.02, [INFO], robot6, {'y': 17.976, 'x': -28.634, 'yaw': 3.141}, None, None
40.02, [info], nurse, sync, received-request, (status=sending-request)
40.02, [info], nurse, sync, request-sent, (status=waiting)
40.02, [info], nurse, sync, wait-message, (status=message-received)
50.02, [INFO], robot6, {'battery-level': '48.94'}, None, None
50.02, [INFO], robot6, {'y': 16.148, 'x': -28.643, 'yaw': -3.136}, None, None
60.03, [INFO], robot6, {'battery-level': '48.56'}, None, None
60.03, [INFO], robot6, {'y': 15.986, 'x': -26.546, 'yaw': -3.139}, None, None
70.03, [INFO], robot6, {'battery-level': '48.18'}, None, None
70.03, [INFO], robot6, {'y': 14.136, 'x': -25.793, 'yaw': 3.139}, None, None
80.03, [INFO], robot6, {'battery-level': '47.80'}, None, None
80.03, [INFO], robot6, {'y': 12.89, 'x': -25.941, 'yaw': -3.142}, None, None
83.13, [info], lab_arm, sync, wait-message, (status=message-received)
84.11, [WARN], robot6, SUCCESS, None, None
