0.00, [DEBUG], nurse, NURSE_CONFIG={'location': 'IC Room 6', 'position': [-33.9, 18.93, 3.14]}, None, None
0.00, [DEBUG], logger, ROBOTS_CONFIG={'avg_speed': 0.15, 'battery_charge': 0.6520875066754872, 'battery_discharge_rate': 0.00026000000000000003, 'id': 4, 'local_plan': [['navigation', ['IC Room 6', [[-39.44, 33.95, 0.0], [-37.0, 33.95], [-37.0, 18.93], [-33.9, 18.93, 3.14]]], 'navto_room'], ['approach_person', ['nurse'], 'approach_nurse'], ['authenticate_person', ['nurse'], 'authenticate_nurse'], ['operate_drawer', ['open'], 'open_drawer_for_nurse'], ['send_message', ['nurse'], 'notify_nurse_of_open_drawer_for_nurse_completed'], ['wait_message', ['nurse'], 'wait_nurse_to_complete_deposit'], ['operate_drawer', ['close'], 'close_drawer_nurse'], ['navigation', ['Laboratory', [[-33.9, 18.93, 3.14], [-37.0, 18.93], [-37.0, 16.0], [-26.0, 16.0], [-26.0, 13.0, 1.57]]], 'navto_lab'], ['approach_robot', ['lab_arm'], 'approach_arm'], ['operate_drawer', ['open'], 'open_drawer_lab'], ['send_message', ['lab_arm'], 'notify_lab_arm_of_open_drawer_lab_completed'], ['wait_message', ['lab_arm'], 'wait_lab_arm_to_complete_pick_up_sample'], ['operate_drawer', ['close'], 'close_drawer_lab']], 'location': 'IC Room 4', 'name': 'r4', 'position': [-39.44, 33.95, 0.0], 'skills': ['approach_person', 'approach_robot', 'authenticate_person', 'navigation', 'operate_drawer']}, None, None
0.00, [DEBUG], logger, Simulation open, None, None
10.06, [INFO], robot4, {'battery-level': '64.97'}, None, None
10.06, [INFO], robot4, {'y': 34.115, 'x': -38.941, 'yaw': -3.142}, None, None
20.07, [INFO], robot4, {'battery-level': '64.71'}, None, None
20.07, [INFO], robot4, {'y': 34.127, 'x': -37.093, 'yaw': 3.141}, None, None
30.00, [INFO], robot4, {'battery-level': '64.45'}, None, None
30.00, [INFO], robot4, {'y': 32.05, 'x': -36.998, 'yaw': 3.141}, None, None
40.00, [INFO], robot4, {'battery-level': '64.19'}, None, None
40.00, [INFO], robot4, {'y': 29.941, 'x': -37.043, 'yaw': 3.14}, None, None
50.01, [INFO], robot4, {'y': 27.833, 'x': -36.949, 'yaw': 3.138}, None, None
50.01, [INFO], robot4, {'battery-level': '63.93'}, None, None
60.00, [INFO], robot4, {'battery-level': '63.67'}, None, None
60.00, [INFO], robot4, {'y': 25.721, 'x': -37.021, 'yaw': 3.142}, None, None
70.00, [INFO], robot4, {'battery-level': '63.41'}, None, None
70.00, [INFO], robot4, {'y': 23.606, 'x': -37.023, 'yaw': 3.14}, None, None
80.00, [INFO], robot4, {'y': 21.501, 'x': -37.143, 'yaw': -3.142}, None, None
80.00, [INFO], robot4, {'battery-level': '63.15'}, None, None
90.02, [INFO], robot4, {'y': 19.387, 'x': -37.088, 'yaw': 3.141}, None, None
90.02, [INFO], robot4, {'battery-level': '62.89'}, None, None
100.01, [INFO], robot4, {'battery-level': '62.63'}, None, None
100.01, [INFO], robot4, {'y': 17.778, 'x': -35.765, 'yaw': 3.141}, None, None
110.02, [INFO], robot4, {'y': 18.707, 'x': -34.137, 'yaw': -3.142}, None, None
110.02, [INFO], robot4, {'battery-level': '62.37'}, None, None
120.03, [INFO], robot4, {'battery-level': '62.11'}, None, None
120.03, [INFO], robot4, {'y': 18.947, 'x': -33.976, 'yaw': -3.142}, None, None
121.85, [info], nurse, sync, received-request, (status=sending-request)
121.85, [info], nurse, sync, request-sent, (status=waiting)
121.85, [info], nurse, sync, wait-message, (status=message-received)
130.04, [INFO], robot4, {'y': 17.908, 'x': -34.894, 'yaw': -3.141}, None, None
130.04, [INFO], robot4, {'battery-level': '61.85'}, None, None
140.07, [INFO], robot4, {'battery-level': '61.59'}, None, None
140.07, [INFO], robot4, {'y': 17.997, 'x': -36.125, 'yaw': 3.141}, None, None
150.07, [INFO], robot4, {'y': 18.021, 'x': -36.152, 'yaw': 3.142}, None, None
150.07, [INFO], robot4, {'battery-level': '61.33'}, None, None
160.07, [INFO], robot4, {'battery-level': '61.07'}, None, None
160.07, [INFO], robot4, {'y': 17.79, 'x': -36.441, 'yaw': 3.142}, None, None
170.08, [INFO], robot4, {'battery-level': '60.81'}, None, None
170.08, [INFO], robot4, {'y': 17.403, 'x': -36.788, 'yaw': -3.141}, None, None
180.09, [INFO], robot4, {'y': 17.38, 'x': -37.041, 'yaw': 3.141}, None, None
180.09, [INFO], robot4, {'battery-level': '60.55'}, None, None
190.01, [INFO], robot4, {'battery-level': '60.29'}, None, None
190.01, [INFO], robot4, {'y': 17.437, 'x': -36.856, 'yaw': 3.141}, None, None
200.09, [INFO], robot4, {'battery-level': '60.03'}, None, None
200.09, [INFO], robot4, {'y': 17.279, 'x': -37.142, 'yaw': 3.141}, None, None
210.01, [INFO], robot4, {'battery-level': '59.77'}, None, None
210.01, [INFO], robot4, {'y': 17.199, 'x': -37.128, 'yaw': 3.141}, None, None
220.01, [INFO], robot4, {'y': 17.341, 'x': -36.861, 'yaw': -3.141}, None, None
220.01, [INFO], robot4, {'battery-level': '59.51'}, None, None
229.91, [INFO], robot4, {'y': 17.303, 'x': -36.984, 'yaw': -3.142}, None, None
230.00, [INFO], robot4, {'battery-level': '59.25'}, None, None
240.02, [INFO], robot4, {'battery-level': '58.99'}, None, None
240.02, [INFO], robot4, {'y': 17.189, 'x': -36.832, 'yaw': 3.141}, None, None
250.03, [INFO], robot4, {'battery-level': '58.73'}, None, None
250.03, [INFO], robot4, {'y': 17.454, 'x': -36.866, 'yaw': 3.14}, None, None
260.06, [INFO], robot4, {'battery-level': '58.47'}, None, None
260.06, [INFO], robot4, {'y': 17.32, 'x': -36.824, 'yaw': -3.142}, None, None
270.06, [INFO], robot4, {'battery-level': '58.21'}, None, None
270.06, [INFO], robot4, {'y': 17.317, 'x': -36.758, 'yaw': -3.141}, None, None
280.07, [INFO], robot4, {'battery-level': '57.95'}, None, None
280.07, [INFO], robot4, {'y': 17.263, 'x': -37.049, 'yaw': 3.142}, None, None
290.00, [INFO], robot4, {'battery-level': '57.69'}, None, None
290.00, [INFO], robot4, {'y': 17.23, 'x': -36.841, 'yaw': 3.141}, None, None
300.03, [INFO], robot4, {'y': 17.452, 'x': -37.093, 'yaw': 3.141}, None, None
300.03, [INFO], robot4, {'battery-level': '57.43'}, None, None
309.20, [WARN], robot4, SKILL-FAILURE, navigation, navto_lab
310.02, [INFO], robot4, {'battery-level': '57.17'}, None, None
310.02, [INFO], robot4, {'y': 17.33, 'x': -36.86, 'yaw': 3.141}, None, None
