0.00, [INFO], robot5, {'battery-level': '28.18'}, None, None
0.13, [DEBUG], logger, ROBOTS_CONFIG={'avg_speed': 0.15, 'battery_charge': 0.2817995261312799, 'battery_discharge_rate': 0.00042, 'id': 5, 'local_plan': [['navigation', ['IC Room 6', [[-13.5, 18.0, -1.57], [-13.5, 16.0], [-37.0, 16.0], [-37.0, 18.93], [-33.9, 18.93, 3.14]]], 'navto_room'], ['approach_person', ['nurse'], 'approach_nurse'], ['authenticate_person', ['nurse'], 'authenticate_nurse'], ['operate_drawer', ['open'], 'open_drawer_for_nurse'], ['send_message', ['nurse'], 'notify_nurse_of_open_drawer_for_nurse_completed'], ['wait_message', ['nurse'], 'wait_nurse_to_complete_deposit'], ['operate_drawer', ['close'], 'close_drawer_nurse'], ['navigation', ['Laboratory', [[-33.9, 18.93, 3.14], [-37.0, 18.93], [-37.0, 16.0], [-26.0, 16.0], [-26.0, 13.0, 1.57]]], 'navto_lab'], ['approach_robot', ['lab_arm'], 'approach_arm'], ['operate_drawer', ['open'], 'open_drawer_lab'], ['send_message', ['lab_arm'], 'notify_lab_arm_of_open_drawer_lab_completed'], ['wait_message', ['lab_arm'], 'wait_lab_arm_to_complete_pick_up_sample'], ['operate_drawer', ['close'], 'close_drawer_lab']], 'location': 'PC Room 7', 'name': 'r5', 'position': [-13.5, 18.0, -1.57], 'skills': ['approach_person', 'authenticate_person', 'navigation', 'operate_drawer']}, None, None
0.13, [DEBUG], logger, Simulation open, None, None
10.05, [INFO], robot5, {'battery-level': '27.80'}, None, None
10.05, [INFO], robot5, {'y': 17.401, 'x': -13.497, 'yaw': 3.142}, None, None
20.05, [INFO], robot5, {'battery-level': '27.38'}, None, None
20.05, [INFO], robot5, {'y': 16.004, 'x': -14.436, 'yaw': -3.141}, None, None
30.02, [INFO], robot5, {'battery-level': '26.96'}, None, None
30.02, [INFO], robot5, {'y': 15.934, 'x': -16.55, 'yaw': 3.141}, None, None
40.01, [INFO], robot5, {'y': 16.007, 'x': -18.644, 'yaw': 3.141}, None, None
40.01, [INFO], robot5, {'battery-level': '26.54'}, None, None
50.10, [INFO], robot5, {'battery-level': '26.12'}, None, None
50.10, [INFO], robot5, {'y': 16.14, 'x': -20.763, 'yaw': -3.142}, None, None
60.06, [INFO], robot5, {'battery-level': '25.70'}, None, None
60.06, [INFO], robot5, {'y': 16.159, 'x': -22.872, 'yaw': 3.142}, None, None
70.05, [INFO], robot5, {'y': 16.111, 'x': -24.98, 'yaw': 3.14}, None, None
70.05, [INFO], robot5, {'battery-level': '25.28'}, None, None
80.05, [INFO], robot5, {'y': 16.113, 'x': -27.081, 'yaw': 3.138}, None, None
80.05, [INFO], robot5, {'battery-level': '24.86'}, None, None
90.04, [INFO], robot5, {'battery-level': '24.44'}, None, None
90.04, [INFO], robot5, {'y': 16.212, 'x': -29.186, 'yaw': 3.142}, None, None
100.04, [INFO], robot5, {'battery-level': '24.02'}, None, None
100.04, [INFO], robot5, {'y': 16.043, 'x': -31.304, 'yaw': 3.141}, None, None
110.02, [INFO], robot5, {'y': 15.706, 'x': -33.405, 'yaw': 3.141}, None, None
110.02, [INFO], robot5, {'battery-level': '23.60'}, None, None
120.10, [INFO], robot5, {'battery-level': '23.18'}, None, None
120.10, [INFO], robot5, {'y': 15.437, 'x': -35.513, 'yaw': -3.142}, None, None
130.07, [INFO], robot5, {'y': 16.67, 'x': -36.697, 'yaw': -3.142}, None, None
130.07, [INFO], robot5, {'battery-level': '22.76'}, None, None
140.07, [INFO], robot5, {'battery-level': '22.34'}, None, None
140.07, [INFO], robot5, {'y': 17.583, 'x': -36.692, 'yaw': 3.141}, None, None
150.07, [INFO], robot5, {'y': 18.019, 'x': -36.011, 'yaw': -3.138}, None, None
150.07, [INFO], robot5, {'battery-level': '21.92'}, None, None
160.08, [INFO], robot5, {'y': 18.29, 'x': -35.677, 'yaw': -3.138}, None, None
160.08, [INFO], robot5, {'battery-level': '21.50'}, None, None
170.05, [INFO], robot5, {'battery-level': '21.08'}, None, None
170.05, [INFO], robot5, {'y': 18.295, 'x': -35.679, 'yaw': -3.136}, None, None
180.02, [INFO], robot5, {'battery-level': '20.66'}, None, None
180.02, [INFO], robot5, {'y': 18.012, 'x': -35.569, 'yaw': -3.142}, None, None
183.51, [WARN], robot5, SKILL-FAILURE, navigation, navto_room
190.05, [INFO], robot5, {'y': 18.012, 'x': -35.568, 'yaw': -3.142}, None, None
190.05, [INFO], robot5, {'battery-level': '20.24'}, None, None
200.04, [INFO], robot5, {'y': 18.012, 'x': -35.568, 'yaw': 3.142}, None, None
200.04, [INFO], robot5, {'battery-level': '19.82'}, None, None
