0.00, [INFO], robot4, {'battery-level': '65.21'}, None, None
0.13, [DEBUG], logger, ROBOTS_CONFIG={'avg_speed': 0.15, 'battery_charge': 0.6520875066754872, 'battery_discharge_rate': 0.00026000000000000003, 'id': 4, 'local_plan': [['navigation', ['IC Room 2', [[-32.88, 33.98, 3.14], [-37.0, 33.98], [-37.0, 21.5], [-38.0, 21.5, 0.0]]], 'navto_room'], ['approach_person', ['nurse'], 'approach_nurse'], ['authenticate_person', ['nurse'], 'authenticate_nurse'], ['operate_drawer', ['open'], 'open_drawer_for_nurse'], ['send_message', ['nurse'], 'notify_nurse_of_open_drawer_for_nurse_completed'], ['wait_message', ['nurse'], 'wait_nurse_to_complete_deposit'], ['operate_drawer', ['close'], 'close_drawer_nurse'], ['navigation', ['Laboratory', [[-38.0, 21.5, 0.0], [-37.0, 21.5], [-37.0, 16.0], [-26.0, 16.0], [-26.0, 13.0, 1.57]]], 'navto_lab'], ['approach_robot', ['lab_arm'], 'approach_arm'], ['operate_drawer', ['open'], 'open_drawer_lab'], ['send_message', ['lab_arm'], 'notify_lab_arm_of_open_drawer_lab_completed'], ['wait_message', ['lab_arm'], 'wait_lab_arm_to_complete_pick_up_sample'], ['operate_drawer', ['close'], 'close_drawer_lab']], 'location': 'IC Room 5', 'name': 'r4', 'position': [-32.88, 33.98, 3.14], 'skills': ['approach_person', 'approach_robot', 'authenticate_person', 'navigation', 'operate_drawer']}, None, None
0.13, [DEBUG], logger, Simulation open, None, None
10.04, [INFO], robot4, {'y': 34.209, 'x': -33.553, 'yaw': 3.14}, None, None
10.04, [INFO], robot4, {'battery-level': '64.97'}, None, None
20.06, [INFO], robot4, {'battery-level': '64.71'}, None, None
20.06, [INFO], robot4, {'y': 34.704, 'x': -35.604, 'yaw': 3.141}, None, None
30.08, [INFO], robot4, {'battery-level': '64.45'}, None, None
30.08, [INFO], robot4, {'y': 33.375, 'x': -36.932, 'yaw': 3.142}, None, None
40.09, [INFO], robot4, {'y': 31.258, 'x': -36.925, 'yaw': -3.141}, None, None
40.09, [INFO], robot4, {'battery-level': '64.19'}, None, None
50.09, [INFO], robot4, {'y': 29.151, 'x': -36.947, 'yaw': -3.141}, None, None
50.09, [INFO], robot4, {'battery-level': '63.93'}, None, None
60.01, [INFO], robot4, {'battery-level': '63.67'}, None, None
60.01, [INFO], robot4, {'y': 27.057, 'x': -36.937, 'yaw': 3.142}, None, None
70.09, [INFO], robot4, {'battery-level': '63.41'}, None, None
70.09, [INFO], robot4, {'y': 24.929, 'x': -36.938, 'yaw': 3.141}, None, None
80.07, [INFO], robot4, {'y': 22.823, 'x': -36.993, 'yaw': 3.14}, None, None
80.07, [INFO], robot4, {'battery-level': '63.15'}, None, None
89.97, [INFO], robot4, {'y': 21.238, 'x': -37.804, 'yaw': 3.142}, None, None
90.07, [INFO], robot4, {'battery-level': '62.89'}, None, None
100.06, [INFO], robot4, {'battery-level': '62.63'}, None, None
100.06, [INFO], robot4, {'y': 21.317, 'x': -38.022, 'yaw': 3.14}, None, None
108.64, [info], nurse, sync, received-request, (status=sending-request)
108.64, [info], nurse, sync, request-sent, (status=waiting)
108.64, [info], nurse, sync, wait-message, (status=message-received)
110.07, [INFO], robot4, {'y': 21.413, 'x': -38.021, 'yaw': 3.14}, None, None
110.07, [INFO], robot4, {'battery-level': '62.37'}, None, None
120.08, [INFO], robot4, {'battery-level': '62.11'}, None, None
120.08, [INFO], robot4, {'y': 19.974, 'x': -37.135, 'yaw': 3.141}, None, None
130.08, [INFO], robot4, {'y': 17.863, 'x': -37.089, 'yaw': 3.141}, None, None
130.08, [INFO], robot4, {'battery-level': '61.85'}, None, None
140.09, [INFO], robot4, {'y': 15.938, 'x': -36.604, 'yaw': 3.141}, None, None
140.09, [INFO], robot4, {'battery-level': '61.59'}, None, None
150.08, [INFO], robot4, {'battery-level': '61.33'}, None, None
150.08, [INFO], robot4, {'y': 15.433, 'x': -34.529, 'yaw': 3.142}, None, None
160.07, [INFO], robot4, {'y': 15.523, 'x': -32.404, 'yaw': -3.141}, None, None
160.07, [INFO], robot4, {'battery-level': '61.07'}, None, None
170.07, [INFO], robot4, {'battery-level': '60.81'}, None, None
170.07, [INFO], robot4, {'y': 15.589, 'x': -30.284, 'yaw': -3.142}, None, None
180.07, [INFO], robot4, {'y': 15.784, 'x': -28.172, 'yaw': 3.142}, None, None
180.07, [INFO], robot4, {'battery-level': '60.55'}, None, None
190.06, [INFO], robot4, {'battery-level': '60.29'}, None, None
190.06, [INFO], robot4, {'y': 15.513, 'x': -26.206, 'yaw': -3.142}, None, None
200.06, [INFO], robot4, {'y': 13.458, 'x': -25.691, 'yaw': 3.141}, None, None
200.06, [INFO], robot4, {'battery-level': '60.03'}, None, None
210.04, [INFO], robot4, {'y': 12.927, 'x': -25.993, 'yaw': -3.142}, None, None
210.04, [INFO], robot4, {'battery-level': '59.77'}, None, None
210.80, [info], lab_arm, sync, wait-message, (status=message-received)
211.75, [WARN], robot4, SUCCESS, None, None
220.02, [INFO], robot4, {'y': 12.924, 'x': -25.992, 'yaw': 3.142}, None, None
220.02, [INFO], robot4, {'battery-level': '59.51'}, None, None
230.02, [INFO], robot4, {'battery-level': '59.25'}, None, None
230.02, [INFO], robot4, {'y': 12.925, 'x': -25.992, 'yaw': 3.142}, None, None
