0.00, [DEBUG], logger, ROBOTS_CONFIG={'avg_speed': 0.15, 'battery_charge': 0.2817995261312799, 'battery_discharge_rate': 0.00042, 'id': 5, 'local_plan': [['navigation', ['PC Room 3', [[-33.9, 18.93, 3.14], [-37.0, 18.93], [-37.0, 16.0], [-28.5, 16.0], [-28.5, 18.0, -1.57]]], 'navto_room'], ['approach_person', ['nurse'], 'approach_nurse'], ['authenticate_person', ['nurse'], 'authenticate_nurse'], ['operate_drawer', ['open'], 'open_drawer_for_nurse'], ['send_message', ['nurse'], 'notify_nurse_of_open_drawer_for_nurse_completed'], ['wait_message', ['nurse'], 'wait_nurse_to_complete_deposit'], ['operate_drawer', ['close'], 'close_drawer_nurse'], ['navigation', ['Laboratory', [[-28.5, 18.0, -1.57], [-28.5, 16.0], [-26.0, 16.0], [-26.0, 13.0, 1.57]]], 'navto_lab'], ['approach_robot', ['lab_arm'], 'approach_arm'], ['operate_drawer', ['open'], 'open_drawer_lab'], ['send_message', ['lab_arm'], 'notify_lab_arm_of_open_drawer_lab_completed'], ['wait_message', ['lab_arm'], 'wait_lab_arm_to_complete_pick_up_sample'], ['operate_drawer', ['close'], 'close_drawer_lab']], 'location': 'IC Room 6', 'name': 'r5', 'position': [-33.9, 18.93, 3.14], 'skills': ['approach_person', 'authenticate_person', 'navigation', 'operate_drawer']}, None, None
0.00, [DEBUG], logger, Simulation open, None, None
10.05, [INFO], robot5, {'battery-level': '27.80'}, None, None
10.05, [INFO], robot5, {'y': 18.688, 'x': -34.25, 'yaw': 3.142}, None, None
20.00, [INFO], robot5, {'battery-level': '27.38'}, None, None
20.00, [INFO], robot5, {'y': 17.898, 'x': -35.925, 'yaw': 3.141}, None, None
30.10, [INFO], robot5, {'battery-level': '26.96'}, None, None
30.10, [INFO], robot5, {'y': 17.977, 'x': -36.051, 'yaw': 3.142}, None, None
40.10, [INFO], robot5, {'y': 17.977, 'x': -36.051, 'yaw': -3.142}, None, None
40.10, [INFO], robot5, {'battery-level': '26.54'}, None, None
50.03, [INFO], robot5, {'battery-level': '26.12'}, None, None
50.03, [INFO], robot5, {'y': 17.347, 'x': -37.023, 'yaw': -3.141}, None, None
60.04, [INFO], robot5, {'battery-level': '25.70'}, None, None
60.04, [INFO], robot5, {'y': 17.364, 'x': -36.895, 'yaw': 3.14}, None, None
70.06, [INFO], robot5, {'battery-level': '25.28'}, None, None
70.06, [INFO], robot5, {'y': 17.485, 'x': -36.904, 'yaw': 3.142}, None, None
80.04, [INFO], robot5, {'y': 17.453, 'x': -36.872, 'yaw': 3.141}, None, None
80.04, [INFO], robot5, {'battery-level': '24.86'}, None, None
90.04, [INFO], robot5, {'battery-level': '24.44'}, None, None
90.04, [INFO], robot5, {'y': 17.192, 'x': -36.897, 'yaw': -3.141}, None, None
100.05, [INFO], robot5, {'battery-level': '24.02'}, None, None
100.05, [INFO], robot5, {'y': 17.431, 'x': -36.877, 'yaw': -3.142}, None, None
110.09, [INFO], robot5, {'y': 17.391, 'x': -36.831, 'yaw': 3.14}, None, None
110.09, [INFO], robot5, {'battery-level': '23.60'}, None, None
120.02, [INFO], robot5, {'y': 17.267, 'x': -36.749, 'yaw': -3.142}, None, None
120.02, [INFO], robot5, {'battery-level': '23.18'}, None, None
130.03, [INFO], robot5, {'battery-level': '22.76'}, None, None
130.03, [INFO], robot5, {'y': 17.277, 'x': -37.012, 'yaw': 3.141}, None, None
140.05, [INFO], robot5, {'battery-level': '22.34'}, None, None
140.05, [INFO], robot5, {'y': 17.175, 'x': -37.024, 'yaw': 3.141}, None, None
150.07, [INFO], robot5, {'y': 17.362, 'x': -36.807, 'yaw': 3.14}, None, None
150.07, [INFO], robot5, {'battery-level': '21.92'}, None, None
160.06, [INFO], robot5, {'battery-level': '21.50'}, None, None
160.06, [INFO], robot5, {'y': 17.281, 'x': -36.776, 'yaw': 3.141}, None, None
165.06, [WARN], robot5, SKILL-FAILURE, navigation, navto_room
170.08, [INFO], robot5, {'battery-level': '21.08'}, None, None
170.08, [INFO], robot5, {'y': 17.41, 'x': -37.012, 'yaw': -3.142}, None, None
