0.19, [DEBUG], logger, ROBOTS_CONFIG={'avg_speed': 0.15, 'battery_charge': 0.462681764358839, 'battery_discharge_rate': 0.0004, 'id': 3, 'local_plan': [['navigation', ['IC Room 6', [[-38.0, 21.5, 0.0], [-37.0, 21.5], [-37.0, 18.93], [-33.9, 18.93, 3.14]]], 'navto_room'], ['approach_person', ['nurse'], 'approach_nurse'], ['authenticate_person', ['nurse'], 'authenticate_nurse'], ['operate_drawer', ['open'], 'open_drawer_for_nurse'], ['send_message', ['nurse'], 'notify_nurse_of_open_drawer_for_nurse_completed'], ['wait_message', ['nurse'], 'wait_nurse_to_complete_deposit'], ['operate_drawer', ['close'], 'close_drawer_nurse'], ['navigation', ['Laboratory', [[-33.9, 18.93, 3.14], [-37.0, 18.93], [-37.0, 16.0], [-26.0, 16.0], [-26.0, 13.0, 1.57]]], 'navto_lab'], ['approach_robot', ['lab_arm'], 'approach_arm'], ['operate_drawer', ['open'], 'open_drawer_lab'], ['send_message', ['lab_arm'], 'notify_lab_arm_of_open_drawer_lab_completed'], ['wait_message', ['lab_arm'], 'wait_lab_arm_to_complete_pick_up_sample'], ['operate_drawer', ['close'], 'close_drawer_lab']], 'location': 'IC Room 2', 'name': 'r3', 'position': [-38.0, 21.5, 0.0], 'skills': ['approach_person', 'approach_robot', 'authenticate_person', 'navigation', 'operate_drawer']}, None, None
0.19, [DEBUG], logger, Simulation open, None, None
10.00, [INFO], robot3, {'battery-level': '45.91'}, None, None
10.00, [INFO], robot3, {'y': 21.504, 'x': -37.849, 'yaw': -3.141}, None, None
20.06, [INFO], robot3, {'y': 19.929, 'x': -37.088, 'yaw': -3.137}, None, None
20.06, [INFO], robot3, {'battery-level': '45.51'}, None, None
30.07, [INFO], robot3, {'y': 18.093, 'x': -36.058, 'yaw': -3.142}, None, None
30.07, [INFO], robot3, {'battery-level': '45.11'}, None, None
40.01, [INFO], robot3, {'y': 18.375, 'x': -34.284, 'yaw': -3.142}, None, None
40.01, [INFO], robot3, {'battery-level': '44.71'}, None, None
50.08, [INFO], robot3, {'y': 18.945, 'x': -33.939, 'yaw': -3.142}, None, None
50.08, [INFO], robot3, {'battery-level': '44.31'}, None, None
53.28, [info], nurse, sync, received-request, (status=sending-request)
53.28, [info], nurse, sync, request-sent, (status=waiting)
53.28, [info], nurse, sync, wait-message, (status=message-received)
60.07, [INFO], robot3, {'battery-level': '43.91'}, None, None
60.07, [INFO], robot3, {'y': 18.103, 'x': -34.658, 'yaw': 3.141}, None, None
70.05, [INFO], robot3, {'y': 18.046, 'x': -36.217, 'yaw': 3.141}, None, None
70.05, [INFO], robot3, {'battery-level': '43.51'}, None, None
80.02, [INFO], robot3, {'y': 17.208, 'x': -37.007, 'yaw': 3.142}, None, None
80.02, [INFO], robot3, {'battery-level': '43.11'}, None, None
90.07, [INFO], robot3, {'battery-level': '42.71'}, None, None
90.07, [INFO], robot3, {'y': 17.318, 'x': -36.886, 'yaw': -3.142}, None, None
100.01, [INFO], robot3, {'battery-level': '42.31'}, None, None
100.01, [INFO], robot3, {'y': 17.284, 'x': -36.795, 'yaw': -3.141}, None, None
110.04, [INFO], robot3, {'y': 17.366, 'x': -36.905, 'yaw': 3.141}, None, None
110.04, [INFO], robot3, {'battery-level': '41.91'}, None, None
120.01, [INFO], robot3, {'y': 17.315, 'x': -37.108, 'yaw': 3.141}, None, None
120.01, [INFO], robot3, {'battery-level': '41.51'}, None, None
130.07, [INFO], robot3, {'battery-level': '41.11'}, None, None
130.07, [INFO], robot3, {'y': 17.467, 'x': -36.905, 'yaw': -3.142}, None, None
140.04, [INFO], robot3, {'battery-level': '40.71'}, None, None
140.04, [INFO], robot3, {'y': 17.185, 'x': -37.123, 'yaw': 3.141}, None, None
150.02, [INFO], robot3, {'y': 17.481, 'x': -36.795, 'yaw': 3.142}, None, None
150.02, [INFO], robot3, {'battery-level': '40.31'}, None, None
160.01, [INFO], robot3, {'battery-level': '39.91'}, None, None
160.01, [INFO], robot3, {'y': 17.344, 'x': -36.808, 'yaw': 3.141}, None, None
170.08, [INFO], robot3, {'battery-level': '39.51'}, None, None
170.08, [INFO], robot3, {'y': 17.228, 'x': -37.101, 'yaw': 3.141}, None, None
180.02, [INFO], robot3, {'battery-level': '39.11'}, None, None
180.02, [INFO], robot3, {'y': 17.406, 'x': -36.874, 'yaw': -3.141}, None, None
190.04, [INFO], robot3, {'y': 17.087, 'x': -37.017, 'yaw': 3.141}, None, None
190.04, [INFO], robot3, {'battery-level': '38.71'}, None, None
200.06, [INFO], robot3, {'battery-level': '38.31'}, None, None
200.06, [INFO], robot3, {'y': 17.32, 'x': -36.83, 'yaw': -3.142}, None, None
210.02, [INFO], robot3, {'battery-level': '37.91'}, None, None
210.02, [INFO], robot3, {'y': 17.134, 'x': -37.118, 'yaw': 3.141}, None, None
220.09, [INFO], robot3, {'battery-level': '37.51'}, None, None
220.09, [INFO], robot3, {'y': 17.301, 'x': -36.995, 'yaw': -3.142}, None, None
230.06, [INFO], robot3, {'battery-level': '37.11'}, None, None
230.06, [INFO], robot3, {'y': 17.253, 'x': -37.122, 'yaw': 3.141}, None, None
240.02, [INFO], robot3, {'y': 17.358, 'x': -36.92, 'yaw': 3.141}, None, None
240.02, [INFO], robot3, {'battery-level': '36.71'}, None, None
240.27, [WARN], robot3, SKILL-FAILURE, navigation, navto_lab
