0.00, [INFO], robot6, {'battery-level': '54.08'}, None, None
0.13, [DEBUG], logger, ROBOTS_CONFIG={'avg_speed': 0.15, 'battery_charge': 0.5408465660492595, 'battery_discharge_rate': 0.00072, 'id': 6, 'local_plan': [['navigation', ['IC Room 6', [[-32.88, 33.98, 3.14], [-37.0, 33.98], [-37.0, 18.93], [-33.9, 18.93, 3.14]]], 'navto_room'], ['approach_person', ['nurse'], 'approach_nurse'], ['authenticate_person', ['nurse'], 'authenticate_nurse'], ['operate_drawer', ['open'], 'open_drawer_for_nurse'], ['send_message', ['nurse'], 'notify_nurse_of_open_drawer_for_nurse_completed'], ['wait_message', ['nurse'], 'wait_nurse_to_complete_deposit'], ['operate_drawer', ['close'], 'close_drawer_nurse'], ['navigation', ['Laboratory', [[-33.9, 18.93, 3.14], [-37.0, 18.93], [-37.0, 16.0], [-26.0, 16.0], [-26.0, 13.0, 1.57]]], 'navto_lab'], ['approach_robot', ['lab_arm'], 'approach_arm'], ['operate_drawer', ['open'], 'open_drawer_lab'], ['send_message', ['lab_arm'], 'notify_lab_arm_of_open_drawer_lab_completed'], ['wait_message', ['lab_arm'], 'wait_lab_arm_to_complete_pick_up_sample'], ['operate_drawer', ['close'], 'close_drawer_lab']], 'location': 'IC Room 5', 'name': 'r6', 'position': [-32.88, 33.98, 3.14], 'skills': ['approach_person', 'approach_robot', 'authenticate_person', 'navigation', 'operate_drawer']}, None, None
0.13, [DEBUG], logger, Simulation open, None, None
10.06, [INFO], robot6, {'battery-level': '53.44'}, None, None
10.06, [INFO], robot6, {'y': 34.161, 'x': -33.395, 'yaw': -3.141}, None, None
20.03, [INFO], robot6, {'battery-level': '52.72'}, None, None
20.03, [INFO], robot6, {'y': 34.688, 'x': -35.431, 'yaw': 3.138}, None, None
30.04, [INFO], robot6, {'battery-level': '52.00'}, None, None
30.04, [INFO], robot6, {'y': 33.535, 'x': -37.027, 'yaw': 3.142}, None, None
40.04, [INFO], robot6, {'battery-level': '51.28'}, None, None
40.04, [INFO], robot6, {'y': 31.436, 'x': -36.958, 'yaw': -3.142}, None, None
50.04, [INFO], robot6, {'y': 29.33, 'x': -37.003, 'yaw': -3.141}, None, None
50.04, [INFO], robot6, {'battery-level': '50.56'}, None, None
60.05, [INFO], robot6, {'y': 27.23, 'x': -37.012, 'yaw': 3.142}, None, None
60.05, [INFO], robot6, {'battery-level': '49.84'}, None, None
70.03, [INFO], robot6, {'battery-level': '49.12'}, None, None
70.03, [INFO], robot6, {'y': 25.128, 'x': -37.032, 'yaw': -3.142}, None, None
80.02, [INFO], robot6, {'y': 23.033, 'x': -37.024, 'yaw': 3.141}, None, None
80.02, [INFO], robot6, {'battery-level': '48.40'}, None, None
90.01, [INFO], robot6, {'y': 20.923, 'x': -37.137, 'yaw': 3.141}, None, None
90.01, [INFO], robot6, {'battery-level': '47.68'}, None, None
100.02, [INFO], robot6, {'battery-level': '46.96'}, None, None
100.02, [INFO], robot6, {'y': 18.832, 'x': -36.904, 'yaw': 3.142}, None, None
110.00, [INFO], robot6, {'y': 17.658, 'x': -35.194, 'yaw': 3.141}, None, None
110.00, [INFO], robot6, {'battery-level': '46.24'}, None, None
120.07, [INFO], robot6, {'battery-level': '45.52'}, None, None
120.07, [INFO], robot6, {'y': 18.88, 'x': -33.964, 'yaw': 3.141}, None, None
126.27, [info], nurse, sync, received-request, (status=sending-request)
126.27, [info], nurse, sync, request-sent, (status=waiting)
126.27, [info], nurse, sync, wait-message, (status=message-received)
130.04, [INFO], robot6, {'y': 18.642, 'x': -34.33, 'yaw': -3.142}, None, None
130.04, [INFO], robot6, {'battery-level': '44.80'}, None, None
140.02, [INFO], robot6, {'battery-level': '44.08'}, None, None
140.02, [INFO], robot6, {'y': 17.928, 'x': -35.985, 'yaw': 3.14}, None, None
150.07, [INFO], robot6, {'y': 18.075, 'x': -36.201, 'yaw': -3.142}, None, None
150.07, [INFO], robot6, {'battery-level': '43.36'}, None, None
160.07, [INFO], robot6, {'battery-level': '42.64'}, None, None
160.07, [INFO], robot6, {'y': 18.076, 'x': -36.201, 'yaw': 3.142}, None, None
170.07, [INFO], robot6, {'battery-level': '41.92'}, None, None
170.07, [INFO], robot6, {'y': 17.316, 'x': -36.939, 'yaw': -3.142}, None, None
180.07, [INFO], robot6, {'y': 17.475, 'x': -36.889, 'yaw': -3.142}, None, None
180.07, [INFO], robot6, {'battery-level': '41.20'}, None, None
190.05, [INFO], robot6, {'battery-level': '40.48'}, None, None
190.05, [INFO], robot6, {'y': 17.411, 'x': -37.059, 'yaw': 3.142}, None, None
200.01, [INFO], robot6, {'battery-level': '39.76'}, None, None
200.01, [INFO], robot6, {'y': 17.405, 'x': -37.04, 'yaw': 3.141}, None, None
210.02, [INFO], robot6, {'battery-level': '39.04'}, None, None
210.02, [INFO], robot6, {'y': 17.214, 'x': -37.099, 'yaw': 3.141}, None, None
220.09, [INFO], robot6, {'y': 17.471, 'x': -36.617, 'yaw': 3.142}, None, None
220.09, [INFO], robot6, {'battery-level': '38.32'}, None, None
230.05, [INFO], robot6, {'y': 17.331, 'x': -36.964, 'yaw': 3.141}, None, None
230.05, [INFO], robot6, {'battery-level': '37.60'}, None, None
240.05, [INFO], robot6, {'battery-level': '36.88'}, None, None
240.05, [INFO], robot6, {'y': 17.207, 'x': -37.083, 'yaw': 3.141}, None, None
250.04, [INFO], robot6, {'battery-level': '36.16'}, None, None
250.04, [INFO], robot6, {'y': 17.43, 'x': -36.895, 'yaw': 3.141}, None, None
260.05, [INFO], robot6, {'battery-level': '35.44'}, None, None
260.05, [INFO], robot6, {'y': 17.363, 'x': -36.703, 'yaw': 3.142}, None, None
270.05, [INFO], robot6, {'battery-level': '34.72'}, None, None
270.05, [INFO], robot6, {'y': 17.415, 'x': -36.908, 'yaw': 3.14}, None, None
280.05, [INFO], robot6, {'y': 17.433, 'x': -36.811, 'yaw': 3.14}, None, None
280.05, [INFO], robot6, {'battery-level': '34.00'}, None, None
290.04, [INFO], robot6, {'battery-level': '33.28'}, None, None
290.04, [INFO], robot6, {'y': 17.415, 'x': -36.878, 'yaw': -3.141}, None, None
300.05, [INFO], robot6, {'battery-level': '32.56'}, None, None
300.05, [INFO], robot6, {'y': 17.313, 'x': -36.844, 'yaw': 3.14}, None, None
310.08, [INFO], robot6, {'battery-level': '31.84'}, None, None
310.08, [INFO], robot6, {'y': 17.426, 'x': -36.941, 'yaw': 3.141}, None, None
318.73, [WARN], robot6, SKILL-FAILURE, navigation, navto_lab
320.07, [INFO], robot6, {'battery-level': '31.12'}, None, None
320.07, [INFO], robot6, {'y': 17.372, 'x': -37.052, 'yaw': 3.142}, None, None
