0.00, [DEBUG], nurse, NURSE_CONFIG={'location': 'IC Room 2', 'position': [-38.0, 21.5, 0.0]}, None, None
0.13, [DEBUG], logger, ROBOTS_CONFIG={'avg_speed': 0.15, 'battery_charge': 0.462681764358839, 'battery_discharge_rate': 0.0004, 'id': 3, 'local_plan': [['navigation', ['IC Room 2', [[-13.5, 18.0, -1.57], [-13.5, 16.0], [-37.0, 16.0], [-37.0, 21.5], [-38.0, 21.5, 0.0]]], 'navto_room'], ['approach_person', ['nurse'], 'approach_nurse'], ['authenticate_person', ['nurse'], 'authenticate_nurse'], ['operate_drawer', ['open'], 'open_drawer_for_nurse'], ['send_message', ['nurse'], 'notify_nurse_of_open_drawer_for_nurse_completed'], ['wait_message', ['nurse'], 'wait_nurse_to_complete_deposit'], ['operate_drawer', ['close'], 'close_drawer_nurse'], ['navigation', ['Laboratory', [[-38.0, 21.5, 0.0], [-37.0, 21.5], [-37.0, 16.0], [-26.0, 16.0], [-26.0, 13.0, 1.57]]], 'navto_lab'], ['approach_robot', ['lab_arm'], 'approach_arm'], ['operate_drawer', ['open'], 'open_drawer_lab'], ['send_message', ['lab_arm'], 'notify_lab_arm_of_open_drawer_lab_completed'], ['wait_message', ['lab_arm'], 'wait_lab_arm_to_complete_pick_up_sample'], ['operate_drawer', ['close'], 'close_drawer_lab']], 'location': 'PC Room 7', 'name': 'r3', 'position': [-13.5, 18.0, -1.57], 'skills': ['approach_person', 'approach_robot', 'authenticate_person', 'navigation', 'operate_drawer']}, None, None
0.13, [DEBUG], logger, Simulation open, None, None
10.04, [INFO], robot3, {'battery-level': '45.91'}, None, None
10.04, [INFO], robot3, {'y': 18.0, 'x': -13.5, 'yaw': -3.142}, None, None
20.09, [INFO], robot3, {'battery-level': '45.51'}, None, None
20.09, [INFO], robot3, {'y': 16.627, 'x': -13.488, 'yaw': -3.142}, None, None
30.06, [INFO], robot3, {'y': 16.076, 'x': -15.2, 'yaw': -3.142}, None, None
30.06, [INFO], robot3, {'battery-level': '45.11'}, None, None
40.06, [INFO], robot3, {'battery-level': '44.71'}, None, None
40.06, [INFO], robot3, {'y': 16.006, 'x': -17.307, 'yaw': 3.141}, None, None
50.03, [INFO], robot3, {'battery-level': '44.31'}, None, None
50.03, [INFO], robot3, {'y': 16.115, 'x': -19.401, 'yaw': -3.142}, None, None
60.07, [INFO], robot3, {'y': 16.28, 'x': -21.517, 'yaw': -3.142}, None, None
60.07, [INFO], robot3, {'battery-level': '43.91'}, None, None
70.03, [INFO], robot3, {'battery-level': '43.51'}, None, None
70.03, [INFO], robot3, {'y': 16.168, 'x': -23.622, 'yaw': 3.141}, None, None
80.08, [INFO], robot3, {'battery-level': '43.11'}, None, None
80.08, [INFO], robot3, {'y': 16.063, 'x': -25.752, 'yaw': 3.141}, None, None
90.03, [INFO], robot3, {'battery-level': '42.71'}, None, None
90.03, [INFO], robot3, {'y': 16.089, 'x': -27.85, 'yaw': 3.141}, None, None
100.03, [INFO], robot3, {'battery-level': '42.31'}, None, None
100.03, [INFO], robot3, {'y': 16.125, 'x': -29.964, 'yaw': -3.141}, None, None
110.09, [INFO], robot3, {'y': 15.96, 'x': -32.078, 'yaw': 3.14}, None, None
110.09, [INFO], robot3, {'battery-level': '41.91'}, None, None
120.05, [INFO], robot3, {'y': 15.449, 'x': -34.156, 'yaw': 3.141}, None, None
120.05, [INFO], robot3, {'battery-level': '41.51'}, None, None
130.02, [INFO], robot3, {'battery-level': '41.11'}, None, None
130.02, [INFO], robot3, {'y': 15.606, 'x': -36.241, 'yaw': 3.142}, None, None
140.00, [INFO], robot3, {'battery-level': '40.71'}, None, None
140.00, [INFO], robot3, {'y': 17.299, 'x': -36.852, 'yaw': -3.142}, None, None
150.05, [INFO], robot3, {'battery-level': '40.31'}, None, None
150.05, [INFO], robot3, {'y': 19.427, 'x': -36.858, 'yaw': -3.142}, None, None
160.03, [INFO], robot3, {'y': 21.442, 'x': -37.238, 'yaw': 3.141}, None, None
160.03, [INFO], robot3, {'battery-level': '39.91'}, None, None
170.01, [INFO], robot3, {'y': 21.477, 'x': -38.068, 'yaw': 3.136}, None, None
170.01, [INFO], robot3, {'battery-level': '39.51'}, None, None
174.69, [info], nurse, sync, received-request, (status=sending-request)
174.69, [info], nurse, sync, request-sent, (status=waiting)
174.69, [info], nurse, sync, wait-message, (status=message-received)
180.01, [INFO], robot3, {'battery-level': '39.11'}, None, None
180.01, [INFO], robot3, {'y': 21.214, 'x': -37.266, 'yaw': -3.142}, None, None
190.06, [INFO], robot3, {'battery-level': '38.71'}, None, None
190.06, [INFO], robot3, {'y': 19.1, 'x': -37.154, 'yaw': -3.142}, None, None
200.03, [INFO], robot3, {'battery-level': '38.31'}, None, None
200.03, [INFO], robot3, {'y': 16.989, 'x': -37.076, 'yaw': 3.141}, None, None
210.01, [INFO], robot3, {'y': 15.706, 'x': -35.818, 'yaw': 3.141}, None, None
210.01, [INFO], robot3, {'battery-level': '37.91'}, None, None
220.00, [INFO], robot3, {'battery-level': '37.51'}, None, None
220.00, [INFO], robot3, {'y': 15.406, 'x': -33.729, 'yaw': -3.142}, None, None
230.09, [INFO], robot3, {'battery-level': '37.11'}, None, None
230.09, [INFO], robot3, {'y': 15.568, 'x': -31.598, 'yaw': 3.141}, None, None
240.06, [INFO], robot3, {'battery-level': '36.71'}, None, None
240.06, [INFO], robot3, {'y': 15.725, 'x': -29.507, 'yaw': 3.142}, None, None
250.06, [INFO], robot3, {'y': 15.861, 'x': -27.392, 'yaw': 3.142}, None, None
250.06, [INFO], robot3, {'battery-level': '36.31'}, None, None
260.07, [INFO], robot3, {'y': 14.93, 'x': -25.838, 'yaw': 3.141}, None, None
260.07, [INFO], robot3, {'battery-level': '35.91'}, None, None
270.03, [INFO], robot3, {'battery-level': '35.51'}, None, None
270.03, [INFO], robot3, {'y': 13.054, 'x': -25.89, 'yaw': -3.142}, None, None
280.01, [INFO], robot3, {'battery-level': '35.11'}, None, None
280.01, [INFO], robot3, {'y': 12.892, 'x': -26.002, 'yaw': -3.142}, None, None
290.09, [INFO], robot3, {'y': 12.908, 'x': -25.976, 'yaw': -3.142}, None, None
290.09, [INFO], robot3, {'battery-level': '34.71'}, None, None
295.39, [info], lab_arm, sync, wait-message, (status=message-received)
296.31, [WARN], robot3, SUCCESS, None, None
