0.13, [DEBUG], logger, ROBOTS_CONFIG={'avg_speed': 0.15, 'battery_charge': 0.462681764358839, 'battery_discharge_rate': 0.0004, 'id': 3, 'local_plan': [['navigation', ['IC Room 6', [[-38.0, 21.5, 0.0], [-37.0, 21.5], [-37.0, 18.93], [-33.9, 18.93, 3.14]]], 'navto_room'], ['approach_person', ['nurse'], 'approach_nurse'], ['authenticate_person', ['nurse'], 'authenticate_nurse'], ['operate_drawer', ['open'], 'open_drawer_for_nurse'], ['send_message', ['nurse'], 'notify_nurse_of_open_drawer_for_nurse_completed'], ['wait_message', ['nurse'], 'wait_nurse_to_complete_deposit'], ['operate_drawer', ['close'], 'close_drawer_nurse'], ['navigation', ['Laboratory', [[-33.9, 18.93, 3.14], [-37.0, 18.93], [-37.0, 16.0], [-26.0, 16.0], [-26.0, 13.0, 1.57]]], 'navto_lab'], ['approach_robot', ['lab_arm'], 'approach_arm'], ['operate_drawer', ['open'], 'open_drawer_lab'], ['send_message', ['lab_arm'], 'notify_lab_arm_of_open_drawer_lab_completed'], ['wait_message', ['lab_arm'], 'wait_lab_arm_to_complete_pick_up_sample'], ['operate_drawer', ['close'], 'close_drawer_lab']], 'location': 'IC Room 2', 'name': 'r3', 'position': [-38.0, 21.5, 0.0], 'skills': ['approach_person', 'approach_robot', 'authenticate_person', 'navigation', 'operate_drawer']}, None, None
0.13, [DEBUG], logger, Simulation open, None, None
10.08, [INFO], robot3, {'battery-level': '45.91'}, None, None
10.08, [INFO], robot3, {'y': 21.5, 'x': -38.0, 'yaw': -3.142}, None, None
20.05, [INFO], robot3, {'battery-level': '45.51'}, None, None
20.05, [INFO], robot3, {'y': 21.714, 'x': -37.824, 'yaw': 3.141}, None, None
30.09, [INFO], robot3, {'y': 19.966, 'x': -37.2, 'yaw': 3.141}, None, None
30.09, [INFO], robot3, {'battery-level': '45.11'}, None, None
40.05, [INFO], robot3, {'y': 18.146, 'x': -36.14, 'yaw': 3.141}, None, None
40.05, [INFO], robot3, {'battery-level': '44.71'}, None, None
50.07, [INFO], robot3, {'battery-level': '44.31'}, None, None
50.07, [INFO], robot3, {'y': 18.257, 'x': -34.348, 'yaw': 3.142}, None, None
60.09, [INFO], robot3, {'y': 18.955, 'x': -33.922, 'yaw': -3.142}, None, None
60.09, [INFO], robot3, {'battery-level': '43.91'}, None, None
62.47, [info], nurse, sync, received-request, (status=sending-request)
62.47, [info], nurse, sync, request-sent, (status=waiting)
62.47, [info], nurse, sync, wait-message, (status=message-received)
70.03, [INFO], robot3, {'battery-level': '43.51'}, None, None
70.03, [INFO], robot3, {'y': 17.983, 'x': -34.743, 'yaw': -3.141}, None, None
80.08, [INFO], robot3, {'y': 18.108, 'x': -36.37, 'yaw': -3.139}, None, None
80.08, [INFO], robot3, {'battery-level': '43.11'}, None, None
90.00, [INFO], robot3, {'y': 17.399, 'x': -36.911, 'yaw': 3.142}, None, None
90.00, [INFO], robot3, {'battery-level': '42.71'}, None, None
100.06, [INFO], robot3, {'battery-level': '42.31'}, None, None
100.06, [INFO], robot3, {'y': 17.516, 'x': -36.968, 'yaw': 3.142}, None, None
110.01, [INFO], robot3, {'battery-level': '41.91'}, None, None
110.01, [INFO], robot3, {'y': 17.498, 'x': -37.053, 'yaw': -3.141}, None, None
120.04, [INFO], robot3, {'battery-level': '41.51'}, None, None
120.04, [INFO], robot3, {'y': 17.254, 'x': -36.812, 'yaw': -3.142}, None, None
130.07, [INFO], robot3, {'battery-level': '41.11'}, None, None
130.07, [INFO], robot3, {'y': 17.373, 'x': -36.848, 'yaw': 3.141}, None, None
140.01, [INFO], robot3, {'battery-level': '40.71'}, None, None
140.01, [INFO], robot3, {'y': 17.374, 'x': -36.986, 'yaw': 3.141}, None, None
150.02, [INFO], robot3, {'battery-level': '40.31'}, None, None
150.02, [INFO], robot3, {'y': 17.22, 'x': -37.084, 'yaw': 3.141}, None, None
160.05, [INFO], robot3, {'y': 17.439, 'x': -36.889, 'yaw': -3.142}, None, None
160.05, [INFO], robot3, {'battery-level': '39.91'}, None, None
170.03, [INFO], robot3, {'y': 17.388, 'x': -36.715, 'yaw': 3.14}, None, None
170.03, [INFO], robot3, {'battery-level': '39.51'}, None, None
180.05, [INFO], robot3, {'y': 17.448, 'x': -36.914, 'yaw': 3.142}, None, None
180.05, [INFO], robot3, {'battery-level': '39.11'}, None, None
190.09, [INFO], robot3, {'battery-level': '38.71'}, None, None
190.09, [INFO], robot3, {'y': 17.269, 'x': -36.8, 'yaw': 3.141}, None, None
200.01, [INFO], robot3, {'battery-level': '38.31'}, None, None
200.01, [INFO], robot3, {'y': 17.325, 'x': -36.839, 'yaw': -3.141}, None, None
210.02, [INFO], robot3, {'battery-level': '37.91'}, None, None
210.02, [INFO], robot3, {'y': 17.281, 'x': -36.939, 'yaw': -3.141}, None, None
220.03, [INFO], robot3, {'battery-level': '37.51'}, None, None
220.03, [INFO], robot3, {'y': 17.267, 'x': -37.105, 'yaw': 3.141}, None, None
230.05, [INFO], robot3, {'battery-level': '37.11'}, None, None
230.05, [INFO], robot3, {'y': 17.32, 'x': -36.931, 'yaw': 3.14}, None, None
240.01, [INFO], robot3, {'battery-level': '36.71'}, None, None
240.01, [INFO], robot3, {'y': 17.281, 'x': -37.233, 'yaw': 3.142}, None, None
250.03, [INFO], robot3, {'y': 17.274, 'x': -37.062, 'yaw': -3.142}, None, None
250.03, [INFO], robot3, {'battery-level': '36.31'}, None, None
260.06, [INFO], robot3, {'battery-level': '35.91'}, None, None
260.06, [INFO], robot3, {'y': 17.218, 'x': -36.828, 'yaw': -3.141}, None, None
266.56, [WARN], robot3, SKILL-FAILURE, navigation, navto_lab
270.02, [INFO], robot3, {'y': 17.393, 'x': -36.856, 'yaw': -3.142}, None, None
270.02, [INFO], robot3, {'battery-level': '35.51'}, None, None
