0.00, [DEBUG], nurse, NURSE_CONFIG={'location': 'IC Room 6', 'position': [-33.9, 18.93, 3.14]}, None, None
0.00, [INFO], robot6, {'battery-level': '50.80'}, None, None
0.12, [DEBUG], logger, ROBOTS_CONFIG={'avg_speed': 0.15, 'battery_charge': 0.5080169438370433, 'battery_discharge_rate': 0.0005200000000000001, 'id': 6, 'local_plan': [['navigation', ['IC Room 6', [[-32.88, 33.98, 3.14], [-37.0, 33.98], [-37.0, 18.93], [-33.9, 18.93, 3.14]]], 'navto_room'], ['approach_person', ['nurse'], 'approach_nurse'], ['authenticate_person', ['nurse'], 'authenticate_nurse'], ['operate_drawer', ['open'], 'open_drawer_for_nurse'], ['send_message', ['nurse'], 'notify_nurse_of_open_drawer_for_nurse_completed'], ['wait_message', ['nurse'], 'wait_nurse_to_complete_deposit'], ['operate_drawer', ['close'], 'close_drawer_nurse'], ['navigation', ['Laboratory', [[-33.9, 18.93, 3.14], [-37.0, 18.93], [-37.0, 16.0], [-26.0, 16.0], [-26.0, 13.0, 1.57]]], 'navto_lab'], ['approach_robot', ['lab_arm'], 'approach_arm'], ['operate_drawer', ['open'], 'open_drawer_lab'], ['send_message', ['lab_arm'], 'notify_lab_arm_of_open_drawer_lab_completed'], ['wait_message', ['lab_arm'], 'wait_lab_arm_to_complete_pick_up_sample'], ['operate_drawer', ['close'], 'close_drawer_lab']], 'location': 'IC Room 5', 'name': 'r6', 'position': [-32.88, 33.98, 3.14], 'skills': ['approach_person', 'approach_robot', 'authenticate_person', 'navigation', 'operate_drawer']}, None, None
0.12, [DEBUG], logger, Simulation open, None, None
10.08, [INFO], robot6, {'y': 34.322, 'x': -33.667, 'yaw': -3.142}, None, None
10.08, [INFO], robot6, {'battery-level': '50.33'}, None, None
20.07, [INFO], robot6, {'y': 34.649, 'x': -35.743, 'yaw': -3.139}, None, None
20.07, [INFO], robot6, {'battery-level': '49.81'}, None, None
30.08, [INFO], robot6, {'y': 33.163, 'x': -36.878, 'yaw': -3.141}, None, None
30.08, [INFO], robot6, {'battery-level': '49.29'}, None, None
40.02, [INFO], robot6, {'y': 31.071, 'x': -36.942, 'yaw': 3.142}, None, None
40.02, [INFO], robot6, {'battery-level': '48.77'}, None, None
50.09, [INFO], robot6, {'battery-level': '48.25'}, None, None
50.09, [INFO], robot6, {'y': 28.95, 'x': -36.941, 'yaw': -3.142}, None, None
60.00, [INFO], robot6, {'battery-level': '47.73'}, None, None
60.00, [INFO], robot6, {'y': 26.858, 'x': -36.954, 'yaw': 3.142}, None, None
70.01, [INFO], robot6, {'battery-level': '47.21'}, None, None
70.01, [INFO], robot6, {'y': 24.743, 'x': -36.987, 'yaw': 3.141}, None, None
80.01, [INFO], robot6, {'battery-level': '46.69'}, None, None
80.01, [INFO], robot6, {'y': 22.635, 'x': -37.076, 'yaw': 3.141}, None, None
90.08, [INFO], robot6, {'battery-level': '46.17'}, None, None
90.08, [INFO], robot6, {'y': 20.515, 'x': -37.1, 'yaw': 3.137}, None, None
100.07, [INFO], robot6, {'battery-level': '45.65'}, None, None
100.07, [INFO], robot6, {'y': 18.522, 'x': -36.644, 'yaw': 3.142}, None, None
110.05, [INFO], robot6, {'battery-level': '45.13'}, None, None
110.05, [INFO], robot6, {'y': 17.778, 'x': -34.785, 'yaw': 3.142}, None, None
120.03, [INFO], robot6, {'battery-level': '44.61'}, None, None
120.03, [INFO], robot6, {'y': 18.945, 'x': -33.93, 'yaw': 3.142}, None, None
125.61, [info], nurse, sync, received-request, (status=sending-request)
125.61, [info], nurse, sync, request-sent, (status=waiting)
125.61, [info], nurse, sync, wait-message, (status=message-received)
130.08, [INFO], robot6, {'battery-level': '44.09'}, None, None
130.08, [INFO], robot6, {'y': 18.526, 'x': -34.39, 'yaw': 3.141}, None, None
140.04, [INFO], robot6, {'battery-level': '43.57'}, None, None
140.04, [INFO], robot6, {'y': 17.879, 'x': -36.057, 'yaw': 3.141}, None, None
150.09, [INFO], robot6, {'y': 17.316, 'x': -36.948, 'yaw': 3.14}, None, None
150.09, [INFO], robot6, {'battery-level': '43.05'}, None, None
160.09, [INFO], robot6, {'y': 17.439, 'x': -36.91, 'yaw': 3.142}, None, None
160.09, [INFO], robot6, {'battery-level': '42.53'}, None, None
170.01, [INFO], robot6, {'y': 17.333, 'x': -37.022, 'yaw': 3.14}, None, None
170.01, [INFO], robot6, {'battery-level': '42.01'}, None, None
180.08, [INFO], robot6, {'battery-level': '41.49'}, None, None
180.08, [INFO], robot6, {'y': 17.43, 'x': -36.856, 'yaw': -3.142}, None, None
190.05, [INFO], robot6, {'battery-level': '40.97'}, None, None
190.05, [INFO], robot6, {'y': 17.312, 'x': -37.096, 'yaw': 3.141}, None, None
200.02, [INFO], robot6, {'battery-level': '40.45'}, None, None
200.02, [INFO], robot6, {'y': 17.44, 'x': -36.771, 'yaw': 3.141}, None, None
210.08, [INFO], robot6, {'battery-level': '39.93'}, None, None
210.08, [INFO], robot6, {'y': 17.353, 'x': -37.121, 'yaw': 3.141}, None, None
220.00, [INFO], robot6, {'battery-level': '39.41'}, None, None
220.00, [INFO], robot6, {'y': 17.353, 'x': -37.209, 'yaw': -3.142}, None, None
230.06, [INFO], robot6, {'y': 17.254, 'x': -37.1, 'yaw': -3.142}, None, None
230.06, [INFO], robot6, {'battery-level': '38.89'}, None, None
240.02, [INFO], robot6, {'battery-level': '38.37'}, None, None
240.02, [INFO], robot6, {'y': 17.467, 'x': -36.894, 'yaw': 3.142}, None, None
250.06, [INFO], robot6, {'y': 17.361, 'x': -36.964, 'yaw': 3.141}, None, None
250.06, [INFO], robot6, {'battery-level': '37.85'}, None, None
260.04, [INFO], robot6, {'y': 17.265, 'x': -37.04, 'yaw': 3.141}, None, None
260.04, [INFO], robot6, {'battery-level': '37.33'}, None, None
270.02, [INFO], robot6, {'y': 17.239, 'x': -36.787, 'yaw': -3.141}, None, None
270.02, [INFO], robot6, {'battery-level': '36.81'}, None, None
280.06, [INFO], robot6, {'y': 17.412, 'x': -37.025, 'yaw': 3.141}, None, None
280.06, [INFO], robot6, {'battery-level': '36.29'}, None, None
290.01, [INFO], robot6, {'battery-level': '35.77'}, None, None
290.01, [INFO], robot6, {'y': 17.227, 'x': -36.898, 'yaw': -3.141}, None, None
300.03, [INFO], robot6, {'y': 17.528, 'x': -36.94, 'yaw': -3.141}, None, None
300.03, [INFO], robot6, {'battery-level': '35.25'}, None, None
309.77, [WARN], robot6, SKILL-FAILURE, navigation, navto_lab
310.02, [INFO], robot6, {'battery-level': '34.73'}, None, None
310.02, [INFO], robot6, {'y': 17.245, 'x': -36.87, 'yaw': -3.142}, None, None
