0.00, [DEBUG], nurse, NURSE_CONFIG={'location': 'IC Room 2', 'position': [-38.0, 21.5, 0.0]}, None, None
0.13, [DEBUG], logger, ROBOTS_CONFIG={'avg_speed': 0.15, 'battery_charge': 0.5080169438370433, 'battery_discharge_rate': 0.0005200000000000001, 'id': 6, 'local_plan': [['navigation', ['IC Room 2', [[-33.9, 18.93, 3.14], [-37.0, 18.93], [-37.0, 21.5], [-38.0, 21.5, 0.0]]], 'navto_room'], ['approach_person', ['nurse'], 'approach_nurse'], ['authenticate_person', ['nurse'], 'authenticate_nurse'], ['operate_drawer', ['open'], 'open_drawer_for_nurse'], ['send_message', ['nurse'], 'notify_nurse_of_open_drawer_for_nurse_completed'], ['wait_message', ['nurse'], 'wait_nurse_to_complete_deposit'], ['operate_drawer', ['close'], 'close_drawer_nurse'], ['navigation', ['Laboratory', [[-38.0, 21.5, 0.0], [-37.0, 21.5], [-37.0, 16.0], [-26.0, 16.0], [-26.0, 13.0, 1.57]]], 'navto_lab'], ['approach_robot', ['lab_arm'], 'approach_arm'], ['operate_drawer', ['open'], 'open_drawer_lab'], ['send_message', ['lab_arm'], 'notify_lab_arm_of_open_drawer_lab_completed'], ['wait_message', ['lab_arm'], 'wait_lab_arm_to_complete_pick_up_sample'], ['operate_drawer', ['close'], 'close_drawer_lab']], 'location': 'IC Room 6', 'name': 'r6', 'position': [-33.9, 18.93, 3.14], 'skills': ['approach_person', 'approach_robot', 'authenticate_person', 'navigation', 'operate_drawer']}, None, None
0.13, [DEBUG], logger, Simulation open, None, None
10.02, [INFO], robot6, {'y': 18.923, 'x': -33.982, 'yaw': 3.14}, None, None
10.02, [INFO], robot6, {'battery-level': '50.33'}, None, None
20.01, [INFO], robot6, {'battery-level': '49.81'}, None, None
20.01, [INFO], robot6, {'y': 17.784, 'x': -35.585, 'yaw': -3.141}, None, None
30.04, [INFO], robot6, {'battery-level': '49.29'}, None, None
30.04, [INFO], robot6, {'y': 19.275, 'x': -36.835, 'yaw': 3.141}, None, None
40.05, [INFO], robot6, {'battery-level': '48.77'}, None, None
40.05, [INFO], robot6, {'y': 21.351, 'x': -37.149, 'yaw': 3.142}, None, None
50.08, [INFO], robot6, {'y': 21.499, 'x': -38.091, 'yaw': 3.142}, None, None
50.08, [INFO], robot6, {'battery-level': '48.25'}, None, None
59.17, [info], nurse, sync, received-request, (status=sending-request)
59.17, [info], nurse, sync, request-sent, (status=waiting)
59.17, [info], nurse, sync, wait-message, (status=message-received)
60.08, [INFO], robot6, {'y': 21.407, 'x': -38.08, 'yaw': 3.141}, None, None
60.08, [INFO], robot6, {'battery-level': '47.73'}, None, None
70.09, [INFO], robot6, {'battery-level': '47.21'}, None, None
70.09, [INFO], robot6, {'y': 19.988, 'x': -37.194, 'yaw': 3.138}, None, None
80.03, [INFO], robot6, {'battery-level': '46.69'}, None, None
80.03, [INFO], robot6, {'y': 17.88, 'x': -37.106, 'yaw': 3.141}, None, None
90.07, [INFO], robot6, {'y': 15.916, 'x': -36.72, 'yaw': 3.141}, None, None
90.07, [INFO], robot6, {'battery-level': '46.17'}, None, None
100.03, [INFO], robot6, {'battery-level': '45.65'}, None, None
100.03, [INFO], robot6, {'y': 15.377, 'x': -34.655, 'yaw': 3.142}, None, None
110.03, [INFO], robot6, {'y': 15.534, 'x': -32.542, 'yaw': 3.141}, None, None
110.03, [INFO], robot6, {'battery-level': '45.13'}, None, None
120.08, [INFO], robot6, {'battery-level': '44.61'}, None, None
120.08, [INFO], robot6, {'y': 15.608, 'x': -30.428, 'yaw': -3.138}, None, None
130.03, [INFO], robot6, {'y': 15.761, 'x': -28.342, 'yaw': 3.142}, None, None
130.03, [INFO], robot6, {'battery-level': '44.09'}, None, None
140.01, [INFO], robot6, {'battery-level': '43.57'}, None, None
140.01, [INFO], robot6, {'y': 15.623, 'x': -26.311, 'yaw': -3.138}, None, None
150.06, [INFO], robot6, {'y': 13.597, 'x': -25.676, 'yaw': 3.141}, None, None
150.06, [INFO], robot6, {'battery-level': '43.05'}, None, None
160.08, [INFO], robot6, {'y': 12.904, 'x': -25.942, 'yaw': -3.142}, None, None
160.08, [INFO], robot6, {'battery-level': '42.53'}, None, None
161.99, [info], lab_arm, sync, wait-message, (status=message-received)
162.90, [WARN], robot6, SUCCESS, None, None
170.03, [INFO], robot6, {'battery-level': '42.01'}, None, None
170.03, [INFO], robot6, {'y': 12.901, 'x': -25.94, 'yaw': -3.142}, None, None
