0.19, [DEBUG], logger, ROBOTS_CONFIG={'avg_speed': 0.15, 'battery_charge': 0.462681764358839, 'battery_discharge_rate': 0.0004, 'id': 3, 'local_plan': [['navigation', ['PC Room 3', [[-38.0, 21.5, 0.0], [-37.0, 21.5], [-37.0, 16.0], [-28.5, 16.0], [-28.5, 18.0, -1.57]]], 'navto_room'], ['approach_person', ['nurse'], 'approach_nurse'], ['authenticate_person', ['nurse'], 'authenticate_nurse'], ['operate_drawer', ['open'], 'open_drawer_for_nurse'], ['send_message', ['nurse'], 'notify_nurse_of_open_drawer_for_nurse_completed'], ['wait_message', ['nurse'], 'wait_nurse_to_complete_deposit'], ['operate_drawer', ['close'], 'close_drawer_nurse'], ['navigation', ['Laboratory', [[-28.5, 18.0, -1.57], [-28.5, 16.0], [-26.0, 16.0], [-26.0, 13.0, 1.57]]], 'navto_lab'], ['approach_robot', ['lab_arm'], 'approach_arm'], ['operate_drawer', ['open'], 'open_drawer_lab'], ['send_message', ['lab_arm'], 'notify_lab_arm_of_open_drawer_lab_completed'], ['wait_message', ['lab_arm'], 'wait_lab_arm_to_complete_pick_up_sample'], ['operate_drawer', ['close'], 'close_drawer_lab']], 'location': 'IC Room 2', 'name': 'r3', 'position': [-38.0, 21.5, 0.0], 'skills': ['approach_person', 'approach_robot', 'authenticate_person', 'navigation', 'operate_drawer']}, None, None
0.19, [DEBUG], logger, Simulation open, None, None
10.01, [INFO], robot3, {'battery-level': '45.91'}, None, None
10.01, [INFO], robot3, {'y': 21.5, 'x': -38.0, 'yaw': -3.142}, None, None
20.07, [INFO], robot3, {'y': 20.371, 'x': -37.172, 'yaw': -3.141}, None, None
20.07, [INFO], robot3, {'battery-level': '45.51'}, None, None
30.07, [INFO], robot3, {'battery-level': '45.11'}, None, None
30.07, [INFO], robot3, {'y': 18.258, 'x': -37.147, 'yaw': 3.141}, None, None
40.07, [INFO], robot3, {'y': 16.159, 'x': -36.954, 'yaw': 3.14}, None, None
40.07, [INFO], robot3, {'battery-level': '44.71'}, None, None
50.04, [INFO], robot3, {'battery-level': '44.31'}, None, None
50.04, [INFO], robot3, {'y': 15.551, 'x': -34.927, 'yaw': -3.142}, None, None
60.05, [INFO], robot3, {'battery-level': '43.91'}, None, None
60.05, [INFO], robot3, {'y': 15.482, 'x': -32.815, 'yaw': 3.142}, None, None
70.05, [INFO], robot3, {'battery-level': '43.51'}, None, None
70.05, [INFO], robot3, {'y': 15.51, 'x': -30.697, 'yaw': 3.14}, None, None
80.04, [INFO], robot3, {'y': 16.069, 'x': -28.741, 'yaw': 3.141}, None, None
80.04, [INFO], robot3, {'battery-level': '43.11'}, None, None
90.05, [INFO], robot3, {'battery-level': '42.71'}, None, None
90.05, [INFO], robot3, {'y': 17.872, 'x': -28.591, 'yaw': -3.141}, None, None
95.51, [info], nurse, sync, received-request, (status=sending-request)
95.51, [info], nurse, sync, request-sent, (status=waiting)
95.51, [info], nurse, sync, wait-message, (status=message-received)
100.04, [INFO], robot3, {'battery-level': '42.31'}, None, None
100.04, [INFO], robot3, {'y': 17.242, 'x': -28.704, 'yaw': -3.142}, None, None
110.01, [INFO], robot3, {'battery-level': '41.91'}, None, None
110.01, [INFO], robot3, {'y': 16.14, 'x': -27.671, 'yaw': 3.141}, None, None
120.00, [INFO], robot3, {'y': 15.342, 'x': -26.072, 'yaw': 3.142}, None, None
120.00, [INFO], robot3, {'battery-level': '41.51'}, None, None
130.07, [INFO], robot3, {'y': 13.237, 'x': -25.792, 'yaw': 3.142}, None, None
130.07, [INFO], robot3, {'battery-level': '41.11'}, None, None
139.93, [info], lab_arm, sync, wait-message, (status=message-received)
140.01, [INFO], robot3, {'battery-level': '40.71'}, None, None
140.01, [INFO], robot3, {'y': 12.922, 'x': -25.972, 'yaw': -3.142}, None, None
140.84, [WARN], robot3, SUCCESS, None, None
