0.13, [DEBUG], logger, ROBOTS_CONFIG={'avg_speed': 0.15, 'battery_charge': 0.4863040833267539, 'battery_discharge_rate': 0.0006000000000000001, 'id': 4, 'local_plan': [['navigation', ['IC Room 6', [[-39.44, 33.95, 0.0], [-37.0, 33.95], [-37.0, 18.93], [-33.9, 18.93, 3.14]]], 'navto_room'], ['approach_person', ['nurse'], 'approach_nurse'], ['authenticate_person', ['nurse'], 'authenticate_nurse'], ['operate_drawer', ['open'], 'open_drawer_for_nurse'], ['send_message', ['nurse'], 'notify_nurse_of_open_drawer_for_nurse_completed'], ['wait_message', ['nurse'], 'wait_nurse_to_complete_deposit'], ['operate_drawer', ['close'], 'close_drawer_nurse'], ['navigation', ['Laboratory', [[-33.9, 18.93, 3.14], [-37.0, 18.93], [-37.0, 16.0], [-26.0, 16.0], [-26.0, 13.0, 1.57]]], 'navto_lab'], ['approach_robot', ['lab_arm'], 'approach_arm'], ['operate_drawer', ['open'], 'open_drawer_lab'], ['send_message', ['lab_arm'], 'notify_lab_arm_of_open_drawer_lab_completed'], ['wait_message', ['lab_arm'], 'wait_lab_arm_to_complete_pick_up_sample'], ['operate_drawer', ['close'], 'close_drawer_lab']], 'location': 'IC Room 4', 'name': 'r4', 'position': [-39.44, 33.95, 0.0], 'skills': ['approach_person', 'approach_robot', 'authenticate_person', 'navigation', 'operate_drawer']}, None, None
0.13, [DEBUG], logger, Simulation open, None, None
10.00, [INFO], robot4, {'battery-level': '48.09'}, None, None
10.00, [INFO], robot4, {'y': 34.154, 'x': -38.876, 'yaw': 3.137}, None, None
20.05, [INFO], robot4, {'battery-level': '47.49'}, None, None
20.05, [INFO], robot4, {'y': 34.028, 'x': -37.093, 'yaw': 3.141}, None, None
30.09, [INFO], robot4, {'battery-level': '46.89'}, None, None
30.09, [INFO], robot4, {'y': 31.913, 'x': -37.051, 'yaw': 3.14}, None, None
40.04, [INFO], robot4, {'battery-level': '46.29'}, None, None
40.04, [INFO], robot4, {'y': 29.821, 'x': -37.038, 'yaw': 3.141}, None, None
50.07, [INFO], robot4, {'y': 27.701, 'x': -36.987, 'yaw': 3.141}, None, None
50.07, [INFO], robot4, {'battery-level': '45.69'}, None, None
60.01, [INFO], robot4, {'battery-level': '45.09'}, None, None
60.01, [INFO], robot4, {'y': 25.604, 'x': -37.01, 'yaw': -3.142}, None, None
70.06, [INFO], robot4, {'y': 23.494, 'x': -37.055, 'yaw': 3.141}, None, None
70.06, [INFO], robot4, {'battery-level': '44.49'}, None, None
80.01, [INFO], robot4, {'y': 21.401, 'x': -37.183, 'yaw': 3.142}, None, None
80.01, [INFO], robot4, {'battery-level': '43.89'}, None, None
90.04, [INFO], robot4, {'y': 19.283, 'x': -37.109, 'yaw': 3.141}, None, None
90.04, [INFO], robot4, {'battery-level': '43.29'}, None, None
100.06, [INFO], robot4, {'battery-level': '42.69'}, None, None
100.06, [INFO], robot4, {'y': 17.78, 'x': -35.624, 'yaw': 3.141}, None, None
110.00, [INFO], robot4, {'y': 18.764, 'x': -34.035, 'yaw': 3.142}, None, None
110.00, [INFO], robot4, {'battery-level': '42.09'}, None, None
120.03, [INFO], robot4, {'battery-level': '41.49'}, None, None
120.03, [INFO], robot4, {'y': 18.977, 'x': -33.946, 'yaw': -3.142}, None, None
125.37, [info], nurse, sync, received-request, (status=sending-request)
125.37, [info], nurse, sync, request-sent, (status=waiting)
125.37, [info], nurse, sync, wait-message, (status=message-received)
130.04, [INFO], robot4, {'battery-level': '40.89'}, None, None
130.04, [INFO], robot4, {'y': 18.514, 'x': -34.402, 'yaw': -3.142}, None, None
140.07, [INFO], robot4, {'battery-level': '40.29'}, None, None
140.07, [INFO], robot4, {'y': 17.94, 'x': -36.065, 'yaw': 3.141}, None, None
150.09, [INFO], robot4, {'battery-level': '39.69'}, None, None
150.09, [INFO], robot4, {'y': 17.955, 'x': -36.1, 'yaw': 3.142}, None, None
160.03, [INFO], robot4, {'battery-level': '39.09'}, None, None
160.03, [INFO], robot4, {'y': 17.972, 'x': -36.11, 'yaw': 3.142}, None, None
170.05, [INFO], robot4, {'battery-level': '38.49'}, None, None
170.05, [INFO], robot4, {'y': 17.542, 'x': -37.041, 'yaw': 3.141}, None, None
180.07, [INFO], robot4, {'y': 17.325, 'x': -36.798, 'yaw': 3.141}, None, None
180.07, [INFO], robot4, {'battery-level': '37.89'}, None, None
190.09, [INFO], robot4, {'battery-level': '37.29'}, None, None
190.09, [INFO], robot4, {'y': 17.186, 'x': -36.859, 'yaw': -3.142}, None, None
200.01, [INFO], robot4, {'y': 17.272, 'x': -36.848, 'yaw': 3.142}, None, None
200.01, [INFO], robot4, {'battery-level': '36.69'}, None, None
210.04, [INFO], robot4, {'battery-level': '36.09'}, None, None
210.04, [INFO], robot4, {'y': 17.419, 'x': -37.063, 'yaw': -3.142}, None, None
220.09, [INFO], robot4, {'y': 17.592, 'x': -36.691, 'yaw': -3.142}, None, None
220.09, [INFO], robot4, {'battery-level': '35.49'}, None, None
230.09, [INFO], robot4, {'battery-level': '34.89'}, None, None
230.09, [INFO], robot4, {'y': 17.319, 'x': -37.061, 'yaw': -3.141}, None, None
240.01, [INFO], robot4, {'battery-level': '34.29'}, None, None
240.01, [INFO], robot4, {'y': 17.246, 'x': -36.972, 'yaw': 3.141}, None, None
250.02, [INFO], robot4, {'battery-level': '33.69'}, None, None
250.02, [INFO], robot4, {'y': 17.418, 'x': -37.034, 'yaw': 3.14}, None, None
260.03, [INFO], robot4, {'y': 17.238, 'x': -36.807, 'yaw': -3.141}, None, None
260.03, [INFO], robot4, {'battery-level': '33.09'}, None, None
270.06, [INFO], robot4, {'battery-level': '32.49'}, None, None
270.06, [INFO], robot4, {'y': 17.322, 'x': -36.79, 'yaw': 3.141}, None, None
280.01, [INFO], robot4, {'battery-level': '31.89'}, None, None
280.01, [INFO], robot4, {'y': 17.245, 'x': -37.1, 'yaw': -3.141}, None, None
290.07, [INFO], robot4, {'y': 17.514, 'x': -36.942, 'yaw': -3.142}, None, None
290.07, [INFO], robot4, {'battery-level': '31.29'}, None, None
300.09, [INFO], robot4, {'battery-level': '30.69'}, None, None
300.09, [INFO], robot4, {'y': 17.297, 'x': -37.154, 'yaw': -3.142}, None, None
310.03, [INFO], robot4, {'battery-level': '30.09'}, None, None
310.03, [INFO], robot4, {'y': 17.168, 'x': -36.825, 'yaw': -3.142}, None, None
310.12, [WARN], robot4, SKILL-FAILURE, navigation, navto_lab
