0.00, [DEBUG], nurse, NURSE_CONFIG={'location': 'IC Room 2', 'position': [-38.0, 21.5, 0.0]}, None, None
0.00, [DEBUG], logger, ROBOTS_CONFIG={'avg_speed': 0.15, 'battery_charge': 0.4863040833267539, 'battery_discharge_rate': 0.0006000000000000001, 'id': 4, 'local_plan': [['navigation', ['IC Room 2', [[-32.88, 33.98, 3.14], [-37.0, 33.98], [-37.0, 21.5], [-38.0, 21.5, 0.0]]], 'navto_room'], ['approach_person', ['nurse'], 'approach_nurse'], ['authenticate_person', ['nurse'], 'authenticate_nurse'], ['operate_drawer', ['open'], 'open_drawer_for_nurse'], ['send_message', ['nurse'], 'notify_nurse_of_open_drawer_for_nurse_completed'], ['wait_message', ['nurse'], 'wait_nurse_to_complete_deposit'], ['operate_drawer', ['close'], 'close_drawer_nurse'], ['navigation', ['Laboratory', [[-38.0, 21.5, 0.0], [-37.0, 21.5], [-37.0, 16.0], [-26.0, 16.0], [-26.0, 13.0, 1.57]]], 'navto_lab'], ['approach_robot', ['lab_arm'], 'approach_arm'], ['operate_drawer', ['open'], 'open_drawer_lab'], ['send_message', ['lab_arm'], 'notify_lab_arm_of_open_drawer_lab_completed'], ['wait_message', ['lab_arm'], 'wait_lab_arm_to_complete_pick_up_sample'], ['operate_drawer', ['close'], 'close_drawer_lab']], 'location': 'IC Room 5', 'name': 'r4', 'position': [-32.88, 33.98, 3.14], 'skills': ['approach_person', 'approach_robot', 'authenticate_person', 'navigation', 'operate_drawer']}, None, None
0.00, [DEBUG], logger, Simulation open, None, None
10.01, [INFO], robot4, {'y': 33.862, 'x': -33.167, 'yaw': -3.142}, None, None
10.01, [INFO], robot4, {'battery-level': '48.09'}, None, None
20.05, [INFO], robot4, {'y': 34.688, 'x': -35.158, 'yaw': 3.141}, None, None
20.05, [INFO], robot4, {'battery-level': '47.49'}, None, None
30.07, [INFO], robot4, {'battery-level': '46.89'}, None, None
30.07, [INFO], robot4, {'y': 33.747, 'x': -36.841, 'yaw': 3.14}, None, None
40.07, [INFO], robot4, {'y': 31.651, 'x': -36.773, 'yaw': -3.141}, None, None
40.07, [INFO], robot4, {'battery-level': '46.29'}, None, None
50.08, [INFO], robot4, {'battery-level': '45.69'}, None, None
50.08, [INFO], robot4, {'y': 29.542, 'x': -36.809, 'yaw': -3.141}, None, None
60.08, [INFO], robot4, {'battery-level': '45.09'}, None, None
60.08, [INFO], robot4, {'y': 27.423, 'x': -36.887, 'yaw': 3.142}, None, None
70.00, [INFO], robot4, {'y': 25.33, 'x': -36.958, 'yaw': 3.142}, None, None
70.00, [INFO], robot4, {'battery-level': '44.49'}, None, None
80.01, [INFO], robot4, {'y': 23.222, 'x': -37.074, 'yaw': 3.14}, None, None
80.01, [INFO], robot4, {'battery-level': '43.89'}, None, None
90.03, [INFO], robot4, {'y': 21.407, 'x': -37.665, 'yaw': 3.141}, None, None
90.03, [INFO], robot4, {'battery-level': '43.29'}, None, None
100.03, [INFO], robot4, {'battery-level': '42.69'}, None, None
100.03, [INFO], robot4, {'y': 21.438, 'x': -38.062, 'yaw': -3.136}, None, None
107.85, [info], nurse, sync, received-request, (status=sending-request)
107.85, [info], nurse, sync, request-sent, (status=waiting)
107.85, [info], nurse, sync, wait-message, (status=message-received)
110.04, [INFO], robot4, {'y': 21.398, 'x': -37.937, 'yaw': 3.141}, None, None
110.04, [INFO], robot4, {'battery-level': '42.09'}, None, None
120.04, [INFO], robot4, {'y': 19.818, 'x': -37.23, 'yaw': 3.141}, None, None
120.04, [INFO], robot4, {'battery-level': '41.49'}, None, None
130.04, [INFO], robot4, {'battery-level': '40.89'}, None, None
130.04, [INFO], robot4, {'y': 17.708, 'x': -37.146, 'yaw': 3.141}, None, None
140.06, [INFO], robot4, {'battery-level': '40.29'}, None, None
140.06, [INFO], robot4, {'y': 15.847, 'x': -36.536, 'yaw': 3.141}, None, None
150.08, [INFO], robot4, {'battery-level': '39.69'}, None, None
150.08, [INFO], robot4, {'y': 15.403, 'x': -34.434, 'yaw': 3.142}, None, None
160.00, [INFO], robot4, {'battery-level': '39.09'}, None, None
160.00, [INFO], robot4, {'y': 15.508, 'x': -32.313, 'yaw': -3.142}, None, None
170.01, [INFO], robot4, {'y': 15.636, 'x': -30.21, 'yaw': -3.142}, None, None
170.01, [INFO], robot4, {'battery-level': '38.49'}, None, None
180.02, [INFO], robot4, {'battery-level': '37.89'}, None, None
180.02, [INFO], robot4, {'y': 15.802, 'x': -28.1, 'yaw': 3.142}, None, None
190.09, [INFO], robot4, {'y': 15.581, 'x': -26.026, 'yaw': 3.141}, None, None
190.09, [INFO], robot4, {'battery-level': '37.29'}, None, None
200.08, [INFO], robot4, {'y': 13.518, 'x': -25.691, 'yaw': 3.142}, None, None
200.08, [INFO], robot4, {'battery-level': '36.69'}, None, None
210.07, [INFO], robot4, {'battery-level': '36.09'}, None, None
210.07, [INFO], robot4, {'y': 12.952, 'x': -25.942, 'yaw': -3.142}, None, None
212.36, [info], lab_arm, sync, wait-message, (status=message-received)
213.31, [WARN], robot4, SUCCESS, None, None
220.02, [INFO], robot4, {'battery-level': '35.49'}, None, None
220.02, [INFO], robot4, {'y': 12.949, 'x': -25.94, 'yaw': 3.142}, None, None
230.04, [INFO], robot4, {'y': 12.949, 'x': -25.94, 'yaw': -3.142}, None, None
230.04, [INFO], robot4, {'battery-level': '34.89'}, None, None
