0.19, [DEBUG], logger, ROBOTS_CONFIG={'avg_speed': 0.15, 'battery_charge': 0.7232396784987936, 'battery_discharge_rate': 0.00036, 'id': 3, 'local_plan': [['navigation', ['IC Room 6', [[-38.0, 21.5, 0.0], [-37.0, 21.5], [-37.0, 18.93], [-33.9, 18.93, 3.14]]], 'navto_room'], ['approach_person', ['nurse'], 'approach_nurse'], ['authenticate_person', ['nurse'], 'authenticate_nurse'], ['operate_drawer', ['open'], 'open_drawer_for_nurse'], ['send_message', ['nurse'], 'notify_nurse_of_open_drawer_for_nurse_completed'], ['wait_message', ['nurse'], 'wait_nurse_to_complete_deposit'], ['operate_drawer', ['close'], 'close_drawer_nurse'], ['navigation', ['Laboratory', [[-33.9, 18.93, 3.14], [-37.0, 18.93], [-37.0, 16.0], [-26.0, 16.0], [-26.0, 13.0, 1.57]]], 'navto_lab'], ['approach_robot', ['lab_arm'], 'approach_arm'], ['operate_drawer', ['open'], 'open_drawer_lab'], ['send_message', ['lab_arm'], 'notify_lab_arm_of_open_drawer_lab_completed'], ['wait_message', ['lab_arm'], 'wait_lab_arm_to_complete_pick_up_sample'], ['operate_drawer', ['close'], 'close_drawer_lab']], 'location': 'IC Room 2', 'name': 'r3', 'position': [-38.0, 21.5, 0.0], 'skills': ['approach_person', 'approach_robot', 'authenticate_person', 'navigation', 'operate_drawer']}, None, None
0.19, [DEBUG], logger, Simulation open, None, None
10.04, [INFO], robot3, {'battery-level': '72.00'}, None, None
10.04, [INFO], robot3, {'y': 21.29, 'x': -37.177, 'yaw': 3.141}, None, None
20.01, [INFO], robot3, {'battery-level': '71.64'}, None, None
20.01, [INFO], robot3, {'y': 19.165, 'x': -37.031, 'yaw': 3.141}, None, None
30.00, [INFO], robot3, {'battery-level': '71.28'}, None, None
30.00, [INFO], robot3, {'y': 17.712, 'x': -35.512, 'yaw': 3.141}, None, None
40.03, [INFO], robot3, {'battery-level': '70.92'}, None, None
40.03, [INFO], robot3, {'y': 18.83, 'x': -34.023, 'yaw': 3.142}, None, None
47.41, [info], nurse, sync, received-request, (status=sending-request)
47.41, [info], nurse, sync, request-sent, (status=waiting)
47.41, [info], nurse, sync, wait-message, (status=message-received)
50.01, [INFO], robot3, {'y': 18.839, 'x': -34.222, 'yaw': 3.142}, None, None
50.01, [INFO], robot3, {'battery-level': '70.56'}, None, None
60.05, [INFO], robot3, {'battery-level': '70.20'}, None, None
60.05, [INFO], robot3, {'y': 17.811, 'x': -35.809, 'yaw': 3.139}, None, None
70.05, [INFO], robot3, {'battery-level': '69.84'}, None, None
70.05, [INFO], robot3, {'y': 18.019, 'x': -36.835, 'yaw': -3.142}, None, None
80.01, [INFO], robot3, {'battery-level': '69.48'}, None, None
80.01, [INFO], robot3, {'y': 17.458, 'x': -36.631, 'yaw': -3.141}, None, None
90.04, [INFO], robot3, {'y': 17.292, 'x': -36.773, 'yaw': -3.141}, None, None
90.04, [INFO], robot3, {'battery-level': '69.12'}, None, None
100.01, [INFO], robot3, {'y': 17.239, 'x': -37.152, 'yaw': -3.142}, None, None
100.01, [INFO], robot3, {'battery-level': '68.76'}, None, None
110.03, [INFO], robot3, {'battery-level': '68.40'}, None, None
110.03, [INFO], robot3, {'y': 17.382, 'x': -36.998, 'yaw': -3.142}, None, None
120.05, [INFO], robot3, {'battery-level': '68.04'}, None, None
120.05, [INFO], robot3, {'y': 17.386, 'x': -37.064, 'yaw': 3.142}, None, None
130.04, [INFO], robot3, {'y': 17.483, 'x': -36.972, 'yaw': -3.142}, None, None
130.04, [INFO], robot3, {'battery-level': '67.68'}, None, None
140.02, [INFO], robot3, {'y': 17.329, 'x': -36.906, 'yaw': 3.141}, None, None
140.02, [INFO], robot3, {'battery-level': '67.32'}, None, None
150.04, [INFO], robot3, {'y': 17.466, 'x': -36.901, 'yaw': 3.14}, None, None
150.04, [INFO], robot3, {'battery-level': '66.96'}, None, None
160.04, [INFO], robot3, {'battery-level': '66.60'}, None, None
160.04, [INFO], robot3, {'y': 17.316, 'x': -36.823, 'yaw': -3.141}, None, None
170.02, [INFO], robot3, {'battery-level': '66.24'}, None, None
170.02, [INFO], robot3, {'y': 17.356, 'x': -36.974, 'yaw': 3.14}, None, None
180.05, [INFO], robot3, {'battery-level': '65.88'}, None, None
180.05, [INFO], robot3, {'y': 17.369, 'x': -36.949, 'yaw': -3.141}, None, None
190.06, [INFO], robot3, {'y': 17.353, 'x': -36.957, 'yaw': 3.141}, None, None
190.06, [INFO], robot3, {'battery-level': '65.52'}, None, None
200.08, [INFO], robot3, {'battery-level': '65.16'}, None, None
200.08, [INFO], robot3, {'y': 17.485, 'x': -36.978, 'yaw': 3.141}, None, None
210.05, [INFO], robot3, {'battery-level': '64.80'}, None, None
210.05, [INFO], robot3, {'y': 17.416, 'x': -37.075, 'yaw': -3.141}, None, None
220.03, [INFO], robot3, {'battery-level': '64.44'}, None, None
220.03, [INFO], robot3, {'y': 17.339, 'x': -37.01, 'yaw': -3.141}, None, None
230.07, [INFO], robot3, {'battery-level': '64.08'}, None, None
230.07, [INFO], robot3, {'y': 17.386, 'x': -36.869, 'yaw': -3.141}, None, None
236.04, [WARN], robot3, SKILL-FAILURE, navigation, navto_lab
240.02, [INFO], robot3, {'battery-level': '63.72'}, None, None
240.02, [INFO], robot3, {'y': 17.393, 'x': -37.041, 'yaw': 3.142}, None, None
