0.00, [INFO], robot6, {'battery-level': '91.10'}, None, None
0.00, [DEBUG], logger, ROBOTS_CONFIG={'avg_speed': 0.15, 'battery_charge': 0.9109794326728246, 'battery_discharge_rate': 0.00072, 'id': 6, 'local_plan': [['navigation', ['IC Room 2', [[-33.9, 18.93, 3.14], [-37.0, 18.93], [-37.0, 21.5], [-38.0, 21.5, 0.0]]], 'navto_room'], ['approach_person', ['nurse'], 'approach_nurse'], ['authenticate_person', ['nurse'], 'authenticate_nurse'], ['operate_drawer', ['open'], 'open_drawer_for_nurse'], ['send_message', ['nurse'], 'notify_nurse_of_open_drawer_for_nurse_completed'], ['wait_message', ['nurse'], 'wait_nurse_to_complete_deposit'], ['operate_drawer', ['close'], 'close_drawer_nurse'], ['navigation', ['Laboratory', [[-38.0, 21.5, 0.0], [-37.0, 21.5], [-37.0, 16.0], [-26.0, 16.0], [-26.0, 13.0, 1.57]]], 'navto_lab'], ['approach_robot', ['lab_arm'], 'approach_arm'], ['operate_drawer', ['open'], 'open_drawer_lab'], ['send_message', ['lab_arm'], 'notify_lab_arm_of_open_drawer_lab_completed'], ['wait_message', ['lab_arm'], 'wait_lab_arm_to_complete_pick_up_sample'], ['operate_drawer', ['close'], 'close_drawer_lab']], 'location': 'IC Room 6', 'name': 'r6', 'position': [-33.9, 18.93, 3.14], 'skills': ['approach_person', 'approach_robot', 'authenticate_person', 'navigation', 'operate_drawer']}, None, None
0.00, [DEBUG], logger, Simulation open, None, None
10.09, [INFO], robot6, {'y': 18.496, 'x': -34.34, 'yaw': -3.142}, None, None
10.09, [INFO], robot6, {'battery-level': '90.45'}, None, None
20.02, [INFO], robot6, {'y': 17.953, 'x': -36.104, 'yaw': 3.141}, None, None
20.02, [INFO], robot6, {'battery-level': '89.73'}, None, None
30.08, [INFO], robot6, {'y': 19.804, 'x': -36.933, 'yaw': 3.141}, None, None
30.08, [INFO], robot6, {'battery-level': '89.01'}, None, None
40.03, [INFO], robot6, {'y': 21.547, 'x': -37.642, 'yaw': -3.142}, None, None
40.03, [INFO], robot6, {'battery-level': '88.29'}, None, None
50.08, [INFO], robot6, {'battery-level': '87.57'}, None, None
50.08, [INFO], robot6, {'y': 21.464, 'x': -38.112, 'yaw': -3.142}, None, None
51.22, [info], nurse, sync, received-request, (status=sending-request)
51.22, [info], nurse, sync, request-sent, (status=waiting)
51.22, [info], nurse, sync, wait-message, (status=message-received)
60.09, [INFO], robot6, {'y': 20.591, 'x': -37.212, 'yaw': 3.141}, None, None
60.09, [INFO], robot6, {'battery-level': '86.85'}, None, None
70.03, [INFO], robot6, {'battery-level': '86.13'}, None, None
70.03, [INFO], robot6, {'y': 18.487, 'x': -37.12, 'yaw': 3.141}, None, None
80.03, [INFO], robot6, {'y': 16.375, 'x': -37.051, 'yaw': 3.141}, None, None
80.03, [INFO], robot6, {'battery-level': '85.41'}, None, None
90.00, [INFO], robot6, {'y': 15.58, 'x': -35.26, 'yaw': 3.142}, None, None
90.00, [INFO], robot6, {'battery-level': '84.69'}, None, None
100.09, [INFO], robot6, {'y': 15.46, 'x': -33.135, 'yaw': 3.141}, None, None
100.09, [INFO], robot6, {'battery-level': '83.97'}, None, None
110.08, [INFO], robot6, {'y': 15.593, 'x': -31.021, 'yaw': -3.141}, None, None
110.08, [INFO], robot6, {'battery-level': '83.25'}, None, None
120.10, [INFO], robot6, {'battery-level': '82.53'}, None, None
120.10, [INFO], robot6, {'y': 15.762, 'x': -28.906, 'yaw': 3.141}, None, None
130.07, [INFO], robot6, {'battery-level': '81.81'}, None, None
130.07, [INFO], robot6, {'y': 15.803, 'x': -26.801, 'yaw': -3.142}, None, None
140.00, [INFO], robot6, {'battery-level': '81.09'}, None, None
140.00, [INFO], robot6, {'y': 14.229, 'x': -25.736, 'yaw': -3.138}, None, None
150.10, [INFO], robot6, {'y': 12.926, 'x': -25.977, 'yaw': -3.142}, None, None
150.10, [INFO], robot6, {'battery-level': '80.37'}, None, None
153.30, [info], lab_arm, sync, wait-message, (status=message-received)
154.26, [WARN], robot6, SUCCESS, None, None
160.01, [INFO], robot6, {'y': 12.923, 'x': -25.975, 'yaw': 3.142}, None, None
160.01, [INFO], robot6, {'battery-level': '79.65'}, None, None
170.01, [INFO], robot6, {'battery-level': '78.93'}, None, None
170.01, [INFO], robot6, {'y': 12.923, 'x': -25.975, 'yaw': 3.142}, None, None
