0.00, [INFO], robot6, {'battery-level': '91.10'}, None, None
0.13, [DEBUG], logger, ROBOTS_CONFIG={'avg_speed': 0.15, 'battery_charge': 0.9109794326728246, 'battery_discharge_rate': 0.00072, 'id': 6, 'local_plan': [['navigation', ['IC Room 2', [[-33.9, 18.93, 3.14], [-37.0, 18.93], [-37.0, 21.5], [-38.0, 21.5, 0.0]]], 'navto_room'], ['approach_person', ['nurse'], 'approach_nurse'], ['authenticate_person', ['nurse'], 'authenticate_nurse'], ['operate_drawer', ['open'], 'open_drawer_for_nurse'], ['send_message', ['nurse'], 'notify_nurse_of_open_drawer_for_nurse_completed'], ['wait_message', ['nurse'], 'wait_nurse_to_complete_deposit'], ['operate_drawer', ['close'], 'close_drawer_nurse'], ['navigation', ['Laboratory', [[-38.0, 21.5, 0.0], [-37.0, 21.5], [-37.0, 16.0], [-26.0, 16.0], [-26.0, 13.0, 1.57]]], 'navto_lab'], ['approach_robot', ['lab_arm'], 'approach_arm'], ['operate_drawer', ['open'], 'open_drawer_lab'], ['send_message', ['lab_arm'], 'notify_lab_arm_of_open_drawer_lab_completed'], ['wait_message', ['lab_arm'], 'wait_lab_arm_to_complete_pick_up_sample'], ['operate_drawer', ['close'], 'close_drawer_lab']], 'location': 'IC Room 6', 'name': 'r6', 'position': [-33.9, 18.93, 3.14], 'skills': ['approach_person', 'approach_robot', 'authenticate_person', 'navigation', 'operate_drawer']}, None, None
0.13, [DEBUG], logger, Simulation open, None, None
10.04, [INFO], robot6, {'battery-level': '90.45'}, None, None
10.04, [INFO], robot6, {'y': 18.55, 'x': -34.321, 'yaw': 3.142}, None, None
20.07, [INFO], robot6, {'y': 17.953, 'x': -36.088, 'yaw': 3.141}, None, None
20.07, [INFO], robot6, {'battery-level': '89.73'}, None, None
30.02, [INFO], robot6, {'battery-level': '89.01'}, None, None
30.02, [INFO], robot6, {'y': 19.728, 'x': -36.91, 'yaw': -3.137}, None, None
40.06, [INFO], robot6, {'y': 21.563, 'x': -37.526, 'yaw': -3.141}, None, None
40.06, [INFO], robot6, {'battery-level': '88.29'}, None, None
50.09, [INFO], robot6, {'battery-level': '87.57'}, None, None
50.09, [INFO], robot6, {'y': 21.476, 'x': -38.06, 'yaw': 3.137}, None, None
55.88, [info], nurse, sync, received-request, (status=sending-request)
55.88, [info], nurse, sync, request-sent, (status=waiting)
55.98, [info], nurse, sync, wait-message, (status=message-received)
60.05, [INFO], robot6, {'battery-level': '86.85'}, None, None
60.05, [INFO], robot6, {'y': 21.4, 'x': -37.436, 'yaw': -3.141}, None, None
70.02, [INFO], robot6, {'battery-level': '86.13'}, None, None
70.02, [INFO], robot6, {'y': 19.394, 'x': -37.124, 'yaw': 3.137}, None, None
80.09, [INFO], robot6, {'battery-level': '85.41'}, None, None
80.09, [INFO], robot6, {'y': 17.257, 'x': -37.04, 'yaw': 3.141}, None, None
90.05, [INFO], robot6, {'y': 15.746, 'x': -36.076, 'yaw': -3.142}, None, None
90.05, [INFO], robot6, {'battery-level': '84.69'}, None, None
100.00, [INFO], robot6, {'battery-level': '83.97'}, None, None
100.00, [INFO], robot6, {'y': 15.291, 'x': -34.005, 'yaw': -3.141}, None, None
110.02, [INFO], robot6, {'y': 15.546, 'x': -31.896, 'yaw': -3.141}, None, None
110.02, [INFO], robot6, {'battery-level': '83.25'}, None, None
120.09, [INFO], robot6, {'battery-level': '82.53'}, None, None
120.09, [INFO], robot6, {'y': 15.656, 'x': -29.743, 'yaw': -3.141}, None, None
130.05, [INFO], robot6, {'battery-level': '81.81'}, None, None
130.05, [INFO], robot6, {'y': 15.805, 'x': -27.641, 'yaw': 3.141}, None, None
140.01, [INFO], robot6, {'battery-level': '81.09'}, None, None
140.01, [INFO], robot6, {'y': 15.107, 'x': -25.928, 'yaw': 3.142}, None, None
150.08, [INFO], robot6, {'y': 13.073, 'x': -25.813, 'yaw': 3.142}, None, None
150.08, [INFO], robot6, {'battery-level': '80.37'}, None, None
159.55, [info], lab_arm, sync, wait-message, (status=message-received)
160.03, [INFO], robot6, {'battery-level': '79.65'}, None, None
160.03, [INFO], robot6, {'y': 12.902, 'x': -25.958, 'yaw': 3.141}, None, None
160.52, [WARN], robot6, SUCCESS, None, None
170.04, [INFO], robot6, {'y': 12.903, 'x': -25.958, 'yaw': -3.142}, None, None
170.04, [INFO], robot6, {'battery-level': '78.93'}, None, None
