0.00, [INFO], robot6, {'battery-level': '54.08'}, None, None
0.13, [DEBUG], logger, ROBOTS_CONFIG={'avg_speed': 0.15, 'battery_charge': 0.5408465660492595, 'battery_discharge_rate': 0.00072, 'id': 6, 'local_plan': [['navigation', ['IC Room 2', [[-33.9, 18.93, 3.14], [-37.0, 18.93], [-37.0, 21.5], [-38.0, 21.5, 0.0]]], 'navto_room'], ['approach_person', ['nurse'], 'approach_nurse'], ['authenticate_person', ['nurse'], 'authenticate_nurse'], ['operate_drawer', ['open'], 'open_drawer_for_nurse'], ['send_message', ['nurse'], 'notify_nurse_of_open_drawer_for_nurse_completed'], ['wait_message', ['nurse'], 'wait_nurse_to_complete_deposit'], ['operate_drawer', ['close'], 'close_drawer_nurse'], ['navigation', ['Laboratory', [[-38.0, 21.5, 0.0], [-37.0, 21.5], [-37.0, 16.0], [-26.0, 16.0], [-26.0, 13.0, 1.57]]], 'navto_lab'], ['approach_robot', ['lab_arm'], 'approach_arm'], ['operate_drawer', ['open'], 'open_drawer_lab'], ['send_message', ['lab_arm'], 'notify_lab_arm_of_open_drawer_lab_completed'], ['wait_message', ['lab_arm'], 'wait_lab_arm_to_complete_pick_up_sample'], ['operate_drawer', ['close'], 'close_drawer_lab']], 'location': 'IC Room 6', 'name': 'r6', 'position': [-33.9, 18.93, 3.14], 'skills': ['approach_person', 'approach_robot', 'authenticate_person', 'navigation', 'operate_drawer']}, None, None
0.13, [DEBUG], logger, Simulation open, None, None
10.04, [INFO], robot6, {'y': 18.504, 'x': -34.345, 'yaw': 3.142}, None, None
10.04, [INFO], robot6, {'battery-level': '53.44'}, None, None
20.06, [INFO], robot6, {'battery-level': '52.72'}, None, None
20.06, [INFO], robot6, {'y': 17.966, 'x': -36.105, 'yaw': -3.142}, None, None
30.03, [INFO], robot6, {'y': 19.783, 'x': -36.927, 'yaw': -3.139}, None, None
30.03, [INFO], robot6, {'battery-level': '52.00'}, None, None
40.02, [INFO], robot6, {'y': 21.579, 'x': -37.596, 'yaw': 3.141}, None, None
40.02, [INFO], robot6, {'battery-level': '51.28'}, None, None
50.06, [INFO], robot6, {'y': 21.438, 'x': -38.066, 'yaw': -3.141}, None, None
50.06, [INFO], robot6, {'battery-level': '50.56'}, None, None
56.76, [info], nurse, sync, received-request, (status=sending-request)
56.76, [info], nurse, sync, request-sent, (status=waiting)
56.76, [info], nurse, sync, wait-message, (status=message-received)
60.06, [INFO], robot6, {'battery-level': '49.84'}, None, None
60.06, [INFO], robot6, {'y': 21.377, 'x': -37.638, 'yaw': -3.142}, None, None
70.06, [INFO], robot6, {'battery-level': '49.12'}, None, None
70.06, [INFO], robot6, {'y': 19.502, 'x': -37.191, 'yaw': 3.138}, None, None
80.03, [INFO], robot6, {'battery-level': '48.40'}, None, None
80.03, [INFO], robot6, {'y': 17.396, 'x': -37.146, 'yaw': 3.141}, None, None
90.01, [INFO], robot6, {'battery-level': '47.68'}, None, None
90.01, [INFO], robot6, {'y': 15.695, 'x': -36.35, 'yaw': -3.142}, None, None
100.02, [INFO], robot6, {'battery-level': '46.96'}, None, None
100.02, [INFO], robot6, {'y': 15.277, 'x': -34.266, 'yaw': -3.142}, None, None
110.02, [INFO], robot6, {'battery-level': '46.24'}, None, None
110.02, [INFO], robot6, {'y': 15.474, 'x': -32.157, 'yaw': 3.142}, None, None
120.06, [INFO], robot6, {'battery-level': '45.52'}, None, None
120.06, [INFO], robot6, {'y': 15.617, 'x': -30.045, 'yaw': 3.141}, None, None
130.05, [INFO], robot6, {'battery-level': '44.80'}, None, None
130.05, [INFO], robot6, {'y': 15.721, 'x': -27.93, 'yaw': -3.14}, None, None
140.04, [INFO], robot6, {'battery-level': '44.08'}, None, None
140.04, [INFO], robot6, {'y': 15.317, 'x': -26.037, 'yaw': 3.142}, None, None
150.09, [INFO], robot6, {'battery-level': '43.36'}, None, None
150.09, [INFO], robot6, {'y': 13.22, 'x': -25.715, 'yaw': 3.142}, None, None
160.05, [INFO], robot6, {'battery-level': '42.64'}, None, None
160.05, [INFO], robot6, {'y': 12.859, 'x': -25.946, 'yaw': 3.142}, None, None
160.14, [info], lab_arm, sync, wait-message, (status=message-received)
161.11, [WARN], robot6, SUCCESS, None, None
170.06, [INFO], robot6, {'y': 12.857, 'x': -25.945, 'yaw': -3.142}, None, None
170.06, [INFO], robot6, {'battery-level': '41.92'}, None, None
