0.00, [INFO], robot6, {'battery-level': '91.10'}, None, None
0.00, [DEBUG], logger, ROBOTS_CONFIG={'avg_speed': 0.15, 'battery_charge': 0.9109794326728246, 'battery_discharge_rate': 0.00072, 'id': 6, 'local_plan': [['navigation', ['PC Room 3', [[-27.23, 18.0, -1.57], [-27.23, 16.0], [-28.5, 16.0], [-28.5, 18.0, -1.57]]], 'navto_room'], ['approach_person', ['nurse'], 'approach_nurse'], ['authenticate_person', ['nurse'], 'authenticate_nurse'], ['operate_drawer', ['open'], 'open_drawer_for_nurse'], ['send_message', ['nurse'], 'notify_nurse_of_open_drawer_for_nurse_completed'], ['wait_message', ['nurse'], 'wait_nurse_to_complete_deposit'], ['operate_drawer', ['close'], 'close_drawer_nurse'], ['navigation', ['Laboratory', [[-28.5, 18.0, -1.57], [-28.5, 16.0], [-26.0, 16.0], [-26.0, 13.0, 1.57]]], 'navto_lab'], ['approach_robot', ['lab_arm'], 'approach_arm'], ['operate_drawer', ['open'], 'open_drawer_lab'], ['send_message', ['lab_arm'], 'notify_lab_arm_of_open_drawer_lab_completed'], ['wait_message', ['lab_arm'], 'wait_lab_arm_to_complete_pick_up_sample'], ['operate_drawer', ['close'], 'close_drawer_lab']], 'location': 'PC Room 4', 'name': 'r6', 'position': [-27.23, 18.0, -1.57], 'skills': ['approach_person', 'approach_robot', 'authenticate_person', 'navigation', 'operate_drawer']}, None, None
0.00, [DEBUG], logger, Simulation open, None, None
10.03, [INFO], robot6, {'battery-level': '90.45'}, None, None
10.03, [INFO], robot6, {'y': 17.377, 'x': -27.131, 'yaw': -3.142}, None, None
20.02, [INFO], robot6, {'battery-level': '89.73'}, None, None
20.02, [INFO], robot6, {'y': 16.482, 'x': -28.049, 'yaw': -3.139}, None, None
29.91, [INFO], robot6, {'y': 17.384, 'x': -28.485, 'yaw': 3.141}, None, None
30.01, [INFO], robot6, {'battery-level': '89.01'}, None, None
40.01, [INFO], robot6, {'battery-level': '88.29'}, None, None
40.01, [INFO], robot6, {'y': 17.481, 'x': -28.78, 'yaw': 3.141}, None, None
50.01, [INFO], robot6, {'y': 17.331, 'x': -28.924, 'yaw': -3.142}, None, None
50.01, [INFO], robot6, {'battery-level': '87.57'}, None, None
60.08, [INFO], robot6, {'y': 17.468, 'x': -28.566, 'yaw': 3.14}, None, None
60.08, [INFO], robot6, {'battery-level': '86.85'}, None, None
70.05, [INFO], robot6, {'battery-level': '86.13'}, None, None
70.05, [INFO], robot6, {'y': 17.59, 'x': -28.536, 'yaw': 3.141}, None, None
80.05, [INFO], robot6, {'battery-level': '85.41'}, None, None
80.05, [INFO], robot6, {'y': 17.475, 'x': -28.478, 'yaw': 3.141}, None, None
90.02, [INFO], robot6, {'battery-level': '84.69'}, None, None
90.02, [INFO], robot6, {'y': 17.518, 'x': -28.729, 'yaw': 3.141}, None, None
100.02, [INFO], robot6, {'battery-level': '83.97'}, None, None
100.02, [INFO], robot6, {'y': 17.262, 'x': -28.513, 'yaw': 3.142}, None, None
110.01, [INFO], robot6, {'battery-level': '83.25'}, None, None
110.01, [INFO], robot6, {'y': 17.568, 'x': -28.493, 'yaw': 3.141}, None, None
120.09, [INFO], robot6, {'battery-level': '82.53'}, None, None
120.09, [INFO], robot6, {'y': 17.383, 'x': -28.826, 'yaw': 3.141}, None, None
130.08, [INFO], robot6, {'y': 17.324, 'x': -28.612, 'yaw': 3.141}, None, None
130.08, [INFO], robot6, {'battery-level': '81.81'}, None, None
140.05, [INFO], robot6, {'y': 17.564, 'x': -28.568, 'yaw': 3.141}, None, None
140.05, [INFO], robot6, {'battery-level': '81.09'}, None, None
150.03, [INFO], robot6, {'y': 17.376, 'x': -28.841, 'yaw': -3.141}, None, None
150.03, [INFO], robot6, {'battery-level': '80.37'}, None, None
160.01, [INFO], robot6, {'y': 17.394, 'x': -28.536, 'yaw': 3.14}, None, None
160.01, [INFO], robot6, {'battery-level': '79.65'}, None, None
164.85, [WARN], robot6, SKILL-FAILURE, navigation, navto_room
170.10, [INFO], robot6, {'battery-level': '78.93'}, None, None
170.10, [INFO], robot6, {'y': 17.347, 'x': -28.795, 'yaw': -3.142}, None, None
