0.19, [DEBUG], logger, ROBOTS_CONFIG={'avg_speed': 0.15, 'battery_charge': 0.7232396784987936, 'battery_discharge_rate': 0.00036, 'id': 3, 'local_plan': [['navigation', ['IC Room 6', [[-38.0, 21.5, 0.0], [-37.0, 21.5], [-37.0, 18.93], [-33.9, 18.93, 3.14]]], 'navto_room'], ['approach_person', ['nurse'], 'approach_nurse'], ['authenticate_person', ['nurse'], 'authenticate_nurse'], ['operate_drawer', ['open'], 'open_drawer_for_nurse'], ['send_message', ['nurse'], 'notify_nurse_of_open_drawer_for_nurse_completed'], ['wait_message', ['nurse'], 'wait_nurse_to_complete_deposit'], ['operate_drawer', ['close'], 'close_drawer_nurse'], ['navigation', ['Laboratory', [[-33.9, 18.93, 3.14], [-37.0, 18.93], [-37.0, 16.0], [-26.0, 16.0], [-26.0, 13.0, 1.57]]], 'navto_lab'], ['approach_robot', ['lab_arm'], 'approach_arm'], ['operate_drawer', ['open'], 'open_drawer_lab'], ['send_message', ['lab_arm'], 'notify_lab_arm_of_open_drawer_lab_completed'], ['wait_message', ['lab_arm'], 'wait_lab_arm_to_complete_pick_up_sample'], ['operate_drawer', ['close'], 'close_drawer_lab']], 'location': 'IC Room 2', 'name': 'r3', 'position': [-38.0, 21.5, 0.0], 'skills': ['approach_person', 'approach_robot', 'authenticate_person', 'navigation', 'operate_drawer']}, None, None
0.19, [DEBUG], logger, Simulation open, None, None
10.04, [INFO], robot3, {'y': 21.393, 'x': -37.212, 'yaw': -3.142}, None, None
10.04, [INFO], robot3, {'battery-level': '72.00'}, None, None
20.05, [INFO], robot3, {'y': 19.28, 'x': -37.069, 'yaw': 3.14}, None, None
20.05, [INFO], robot3, {'battery-level': '71.64'}, None, None
30.04, [INFO], robot3, {'battery-level': '71.28'}, None, None
30.04, [INFO], robot3, {'y': 17.81, 'x': -35.518, 'yaw': 3.14}, None, None
40.09, [INFO], robot3, {'y': 18.868, 'x': -33.991, 'yaw': -3.141}, None, None
40.09, [INFO], robot3, {'battery-level': '70.92'}, None, None
49.15, [info], nurse, sync, received-request, (status=sending-request)
49.15, [info], nurse, sync, request-sent, (status=waiting)
49.15, [info], nurse, sync, wait-message, (status=message-received)
50.08, [INFO], robot3, {'battery-level': '70.56'}, None, None
50.08, [INFO], robot3, {'y': 18.992, 'x': -33.901, 'yaw': 3.141}, None, None
60.06, [INFO], robot3, {'y': 17.744, 'x': -35.342, 'yaw': 3.141}, None, None
60.06, [INFO], robot3, {'battery-level': '70.20'}, None, None
70.04, [INFO], robot3, {'y': 17.744, 'x': -36.938, 'yaw': 3.141}, None, None
70.04, [INFO], robot3, {'battery-level': '69.84'}, None, None
80.06, [INFO], robot3, {'battery-level': '69.48'}, None, None
80.06, [INFO], robot3, {'y': 17.369, 'x': -37.02, 'yaw': 3.141}, None, None
90.08, [INFO], robot3, {'battery-level': '69.12'}, None, None
90.08, [INFO], robot3, {'y': 17.226, 'x': -37.01, 'yaw': 3.141}, None, None
100.07, [INFO], robot3, {'battery-level': '68.76'}, None, None
100.07, [INFO], robot3, {'y': 17.47, 'x': -36.832, 'yaw': 3.141}, None, None
110.01, [INFO], robot3, {'y': 17.462, 'x': -36.901, 'yaw': 3.141}, None, None
110.01, [INFO], robot3, {'battery-level': '68.40'}, None, None
120.02, [INFO], robot3, {'y': 17.263, 'x': -36.943, 'yaw': 3.14}, None, None
120.02, [INFO], robot3, {'battery-level': '68.04'}, None, None
130.06, [INFO], robot3, {'battery-level': '67.68'}, None, None
130.06, [INFO], robot3, {'y': 17.416, 'x': -36.923, 'yaw': -3.141}, None, None
140.06, [INFO], robot3, {'y': 17.408, 'x': -36.933, 'yaw': 3.142}, None, None
140.06, [INFO], robot3, {'battery-level': '67.32'}, None, None
150.04, [INFO], robot3, {'battery-level': '66.96'}, None, None
150.04, [INFO], robot3, {'y': 17.282, 'x': -36.826, 'yaw': 3.142}, None, None
160.01, [INFO], robot3, {'battery-level': '66.60'}, None, None
160.01, [INFO], robot3, {'y': 17.406, 'x': -37.014, 'yaw': 3.142}, None, None
170.07, [INFO], robot3, {'battery-level': '66.24'}, None, None
170.07, [INFO], robot3, {'y': 17.321, 'x': -36.789, 'yaw': 3.141}, None, None
180.01, [INFO], robot3, {'y': 17.281, 'x': -36.943, 'yaw': -3.141}, None, None
180.01, [INFO], robot3, {'battery-level': '65.88'}, None, None
190.02, [INFO], robot3, {'battery-level': '65.52'}, None, None
190.02, [INFO], robot3, {'y': 17.291, 'x': -37.049, 'yaw': 3.141}, None, None
200.01, [INFO], robot3, {'y': 17.385, 'x': -37.0, 'yaw': 3.142}, None, None
200.01, [INFO], robot3, {'battery-level': '65.16'}, None, None
210.06, [INFO], robot3, {'y': 17.253, 'x': -36.837, 'yaw': 3.141}, None, None
210.06, [INFO], robot3, {'battery-level': '64.80'}, None, None
220.02, [INFO], robot3, {'battery-level': '64.44'}, None, None
220.02, [INFO], robot3, {'y': 17.388, 'x': -37.017, 'yaw': 3.141}, None, None
230.06, [INFO], robot3, {'y': 17.194, 'x': -37.023, 'yaw': 3.141}, None, None
230.06, [INFO], robot3, {'battery-level': '64.08'}, None, None
234.95, [WARN], robot3, SKILL-FAILURE, navigation, navto_lab
240.04, [INFO], robot3, {'battery-level': '63.72'}, None, None
240.04, [INFO], robot3, {'y': 17.261, 'x': -37.111, 'yaw': -3.142}, None, None
