0.13, [DEBUG], logger, ROBOTS_CONFIG={'avg_speed': 0.15, 'battery_charge': 0.9109794326728246, 'battery_discharge_rate': 0.00072, 'id': 6, 'local_plan': [['navigation', ['IC Room 2', [[-33.9, 18.93, 3.14], [-37.0, 18.93], [-37.0, 21.5], [-38.0, 21.5, 0.0]]], 'navto_room'], ['approach_person', ['nurse'], 'approach_nurse'], ['authenticate_person', ['nurse'], 'authenticate_nurse'], ['operate_drawer', ['open'], 'open_drawer_for_nurse'], ['send_message', ['nurse'], 'notify_nurse_of_open_drawer_for_nurse_completed'], ['wait_message', ['nurse'], 'wait_nurse_to_complete_deposit'], ['operate_drawer', ['close'], 'close_drawer_nurse'], ['navigation', ['Laboratory', [[-38.0, 21.5, 0.0], [-37.0, 21.5], [-37.0, 16.0], [-26.0, 16.0], [-26.0, 13.0, 1.57]]], 'navto_lab'], ['approach_robot', ['lab_arm'], 'approach_arm'], ['operate_drawer', ['open'], 'open_drawer_lab'], ['send_message', ['lab_arm'], 'notify_lab_arm_of_open_drawer_lab_completed'], ['wait_message', ['lab_arm'], 'wait_lab_arm_to_complete_pick_up_sample'], ['operate_drawer', ['close'], 'close_drawer_lab']], 'location': 'IC Room 6', 'name': 'r6', 'position': [-33.9, 18.93, 3.14], 'skills': ['approach_person', 'approach_robot', 'authenticate_person', 'navigation', 'operate_drawer']}, None, None
0.13, [DEBUG], logger, Simulation open, None, None
10.07, [INFO], robot6, {'y': 18.759, 'x': -34.209, 'yaw': -3.142}, None, None
10.07, [INFO], robot6, {'battery-level': '90.45'}, None, None
20.05, [INFO], robot6, {'battery-level': '89.73'}, None, None
20.05, [INFO], robot6, {'y': 17.799, 'x': -35.857, 'yaw': 3.142}, None, None
30.02, [INFO], robot6, {'battery-level': '89.01'}, None, None
30.02, [INFO], robot6, {'y': 19.467, 'x': -36.939, 'yaw': 3.141}, None, None
40.06, [INFO], robot6, {'battery-level': '88.29'}, None, None
40.06, [INFO], robot6, {'y': 21.415, 'x': -37.361, 'yaw': 3.139}, None, None
50.01, [INFO], robot6, {'y': 21.403, 'x': -38.036, 'yaw': 3.141}, None, None
50.01, [INFO], robot6, {'battery-level': '87.57'}, None, None
60.10, [INFO], robot6, {'y': 21.418, 'x': -38.099, 'yaw': 3.141}, None, None
60.10, [INFO], robot6, {'battery-level': '86.85'}, None, None
69.13, [info], nurse, sync, received-request, (status=sending-request)
69.13, [info], nurse, sync, request-sent, (status=waiting)
69.13, [info], nurse, sync, wait-message, (status=message-received)
70.00, [INFO], robot6, {'battery-level': '86.13'}, None, None
70.00, [INFO], robot6, {'y': 21.416, 'x': -38.097, 'yaw': 3.141}, None, None
80.08, [INFO], robot6, {'battery-level': '85.41'}, None, None
80.08, [INFO], robot6, {'y': 20.188, 'x': -37.193, 'yaw': 3.141}, None, None
90.04, [INFO], robot6, {'y': 18.086, 'x': -37.149, 'yaw': -3.142}, None, None
90.04, [INFO], robot6, {'battery-level': '84.69'}, None, None
100.01, [INFO], robot6, {'battery-level': '83.97'}, None, None
100.01, [INFO], robot6, {'y': 16.013, 'x': -36.919, 'yaw': 3.141}, None, None
110.06, [INFO], robot6, {'y': 15.435, 'x': -34.851, 'yaw': -3.142}, None, None
110.06, [INFO], robot6, {'battery-level': '83.25'}, None, None
120.08, [INFO], robot6, {'y': 15.521, 'x': -32.727, 'yaw': 3.141}, None, None
120.08, [INFO], robot6, {'battery-level': '82.53'}, None, None
130.07, [INFO], robot6, {'y': 15.58, 'x': -30.611, 'yaw': -3.141}, None, None
130.07, [INFO], robot6, {'battery-level': '81.81'}, None, None
140.04, [INFO], robot6, {'y': 15.817, 'x': -28.506, 'yaw': -3.141}, None, None
140.04, [INFO], robot6, {'battery-level': '81.09'}, None, None
150.00, [INFO], robot6, {'battery-level': '80.37'}, None, None
150.00, [INFO], robot6, {'y': 15.808, 'x': -26.408, 'yaw': -3.141}, None, None
160.09, [INFO], robot6, {'battery-level': '79.65'}, None, None
160.09, [INFO], robot6, {'y': 13.849, 'x': -25.67, 'yaw': 3.142}, None, None
170.02, [INFO], robot6, {'battery-level': '78.93'}, None, None
170.02, [INFO], robot6, {'y': 12.908, 'x': -25.956, 'yaw': 3.141}, None, None
174.38, [info], lab_arm, sync, wait-message, (status=message-received)
175.35, [WARN], robot6, SUCCESS, None, None
