0.00, [INFO], robot4, {'battery-level': '48.63'}, None, None
0.13, [DEBUG], logger, ROBOTS_CONFIG={'avg_speed': 0.15, 'battery_charge': 0.4863040833267539, 'battery_discharge_rate': 0.0006000000000000001, 'id': 4, 'local_plan': [['navigation', ['IC Room 2', [[-32.88, 33.98, 3.14], [-37.0, 33.98], [-37.0, 21.5], [-38.0, 21.5, 0.0]]], 'navto_room'], ['approach_person', ['nurse'], 'approach_nurse'], ['authenticate_person', ['nurse'], 'authenticate_nurse'], ['operate_drawer', ['open'], 'open_drawer_for_nurse'], ['send_message', ['nurse'], 'notify_nurse_of_open_drawer_for_nurse_completed'], ['wait_message', ['nurse'], 'wait_nurse_to_complete_deposit'], ['operate_drawer', ['close'], 'close_drawer_nurse'], ['navigation', ['Laboratory', [[-38.0, 21.5, 0.0], [-37.0, 21.5], [-37.0, 16.0], [-26.0, 16.0], [-26.0, 13.0, 1.57]]], 'navto_lab'], ['approach_robot', ['lab_arm'], 'approach_arm'], ['operate_drawer', ['open'], 'open_drawer_lab'], ['send_message', ['lab_arm'], 'notify_lab_arm_of_open_drawer_lab_completed'], ['wait_message', ['lab_arm'], 'wait_lab_arm_to_complete_pick_up_sample'], ['operate_drawer', ['close'], 'close_drawer_lab']], 'location': 'IC Room 5', 'name': 'r4', 'position': [-32.88, 33.98, 3.14], 'skills': ['approach_person', 'approach_robot', 'authenticate_person', 'navigation', 'operate_drawer']}, None, None
0.13, [DEBUG], logger, Simulation open, None, None
10.05, [INFO], robot4, {'battery-level': '48.09'}, None, None
10.05, [INFO], robot4, {'y': 34.24, 'x': -33.537, 'yaw': -3.142}, None, None
20.07, [INFO], robot4, {'y': 34.736, 'x': -35.593, 'yaw': 3.141}, None, None
20.07, [INFO], robot4, {'battery-level': '47.49'}, None, None
30.08, [INFO], robot4, {'battery-level': '46.89'}, None, None
30.08, [INFO], robot4, {'y': 33.3, 'x': -36.761, 'yaw': -3.142}, None, None
40.01, [INFO], robot4, {'battery-level': '46.29'}, None, None
40.01, [INFO], robot4, {'y': 31.208, 'x': -36.798, 'yaw': -3.141}, None, None
50.06, [INFO], robot4, {'y': 29.101, 'x': -36.791, 'yaw': -3.142}, None, None
50.06, [INFO], robot4, {'battery-level': '45.69'}, None, None
60.04, [INFO], robot4, {'battery-level': '45.09'}, None, None
60.04, [INFO], robot4, {'y': 26.98, 'x': -36.844, 'yaw': 3.141}, None, None
70.08, [INFO], robot4, {'battery-level': '44.49'}, None, None
70.08, [INFO], robot4, {'y': 24.873, 'x': -36.891, 'yaw': 3.14}, None, None
80.03, [INFO], robot4, {'battery-level': '43.89'}, None, None
80.03, [INFO], robot4, {'y': 22.77, 'x': -36.955, 'yaw': 3.141}, None, None
90.09, [INFO], robot4, {'battery-level': '43.29'}, None, None
90.09, [INFO], robot4, {'y': 21.295, 'x': -37.864, 'yaw': 3.142}, None, None
100.01, [INFO], robot4, {'battery-level': '42.69'}, None, None
100.01, [INFO], robot4, {'y': 21.392, 'x': -38.072, 'yaw': 3.142}, None, None
106.04, [info], nurse, sync, received-request, (status=sending-request)
106.04, [info], nurse, sync, request-sent, (status=waiting)
106.04, [info], nurse, sync, wait-message, (status=message-received)
110.05, [INFO], robot4, {'y': 21.47, 'x': -37.465, 'yaw': 3.141}, None, None
110.05, [INFO], robot4, {'battery-level': '42.09'}, None, None
120.05, [INFO], robot4, {'battery-level': '41.49'}, None, None
120.05, [INFO], robot4, {'y': 19.443, 'x': -37.214, 'yaw': 3.142}, None, None
130.06, [INFO], robot4, {'battery-level': '40.89'}, None, None
130.06, [INFO], robot4, {'y': 17.321, 'x': -37.09, 'yaw': 3.14}, None, None
140.01, [INFO], robot4, {'y': 15.875, 'x': -36.006, 'yaw': -3.142}, None, None
140.01, [INFO], robot4, {'battery-level': '40.29'}, None, None
150.05, [INFO], robot4, {'battery-level': '39.69'}, None, None
150.05, [INFO], robot4, {'y': 15.397, 'x': -33.943, 'yaw': -3.141}, None, None
160.03, [INFO], robot4, {'y': 15.495, 'x': -31.829, 'yaw': -3.141}, None, None
160.03, [INFO], robot4, {'battery-level': '39.09'}, None, None
170.07, [INFO], robot4, {'battery-level': '38.49'}, None, None
170.07, [INFO], robot4, {'y': 15.602, 'x': -29.711, 'yaw': 3.142}, None, None
180.02, [INFO], robot4, {'y': 15.752, 'x': -27.615, 'yaw': -3.142}, None, None
180.02, [INFO], robot4, {'battery-level': '37.89'}, None, None
190.08, [INFO], robot4, {'battery-level': '37.29'}, None, None
190.08, [INFO], robot4, {'y': 15.001, 'x': -25.921, 'yaw': 3.142}, None, None
200.05, [INFO], robot4, {'battery-level': '36.69'}, None, None
200.05, [INFO], robot4, {'y': 13.017, 'x': -25.845, 'yaw': 3.142}, None, None
209.50, [info], lab_arm, sync, wait-message, (status=message-received)
210.03, [INFO], robot4, {'y': 12.919, 'x': -25.943, 'yaw': 3.14}, None, None
210.03, [INFO], robot4, {'battery-level': '36.09'}, None, None
210.39, [WARN], robot4, SUCCESS, None, None
