0.13, [DEBUG], logger, ROBOTS_CONFIG={'avg_speed': 0.15, 'battery_charge': 0.4863040833267539, 'battery_discharge_rate': 0.0005600000000000001, 'id': 4, 'local_plan': [['navigation', ['IC Room 6', [[-39.44, 33.95, 0.0], [-37.0, 33.95], [-37.0, 18.93], [-33.9, 18.93, 3.14]]], 'navto_room'], ['approach_person', ['nurse'], 'approach_nurse'], ['authenticate_person', ['nurse'], 'authenticate_nurse'], ['operate_drawer', ['open'], 'open_drawer_for_nurse'], ['send_message', ['nurse'], 'notify_nurse_of_open_drawer_for_nurse_completed'], ['wait_message', ['nurse'], 'wait_nurse_to_complete_deposit'], ['operate_drawer', ['close'], 'close_drawer_nurse'], ['navigation', ['Laboratory', [[-33.9, 18.93, 3.14], [-37.0, 18.93], [-37.0, 16.0], [-26.0, 16.0], [-26.0, 13.0, 1.57]]], 'navto_lab'], ['approach_robot', ['lab_arm'], 'approach_arm'], ['operate_drawer', ['open'], 'open_drawer_lab'], ['send_message', ['lab_arm'], 'notify_lab_arm_of_open_drawer_lab_completed'], ['wait_message', ['lab_arm'], 'wait_lab_arm_to_complete_pick_up_sample'], ['operate_drawer', ['close'], 'close_drawer_lab']], 'location': 'IC Room 4', 'name': 'r4', 'position': [-39.44, 33.95, 0.0], 'skills': ['approach_person', 'approach_robot', 'authenticate_person', 'navigation', 'operate_drawer']}, None, None
0.13, [DEBUG], logger, Simulation open, None, None
10.07, [INFO], robot4, {'y': 34.097, 'x': -38.976, 'yaw': 3.142}, None, None
10.07, [INFO], robot4, {'battery-level': '48.13'}, None, None
19.91, [INFO], robot4, {'battery-level': '47.57'}, None, None
20.00, [INFO], robot4, {'y': 34.109, 'x': -37.163, 'yaw': -3.142}, None, None
30.01, [INFO], robot4, {'battery-level': '47.01'}, None, None
30.01, [INFO], robot4, {'y': 32.015, 'x': -37.029, 'yaw': 3.141}, None, None
40.05, [INFO], robot4, {'y': 29.887, 'x': -37.018, 'yaw': 3.141}, None, None
40.05, [INFO], robot4, {'battery-level': '46.45'}, None, None
50.07, [INFO], robot4, {'battery-level': '45.89'}, None, None
50.07, [INFO], robot4, {'y': 27.778, 'x': -36.994, 'yaw': 3.14}, None, None
60.07, [INFO], robot4, {'battery-level': '45.33'}, None, None
60.07, [INFO], robot4, {'y': 25.67, 'x': -37.044, 'yaw': 3.142}, None, None
70.01, [INFO], robot4, {'battery-level': '44.77'}, None, None
70.01, [INFO], robot4, {'y': 23.579, 'x': -36.998, 'yaw': -3.141}, None, None
80.02, [INFO], robot4, {'battery-level': '44.21'}, None, None
80.02, [INFO], robot4, {'y': 21.461, 'x': -37.128, 'yaw': -3.142}, None, None
90.04, [INFO], robot4, {'y': 19.327, 'x': -37.048, 'yaw': -3.141}, None, None
90.04, [INFO], robot4, {'battery-level': '43.65'}, None, None
100.03, [INFO], robot4, {'battery-level': '43.09'}, None, None
100.03, [INFO], robot4, {'y': 17.781, 'x': -35.662, 'yaw': 3.141}, None, None
110.03, [INFO], robot4, {'battery-level': '42.53'}, None, None
110.03, [INFO], robot4, {'y': 18.801, 'x': -34.074, 'yaw': 3.142}, None, None
117.00, [info], nurse, sync, received-request, (status=sending-request)
117.00, [info], nurse, sync, request-sent, (status=waiting)
117.00, [info], nurse, sync, wait-message, (status=message-received)
120.06, [INFO], robot4, {'y': 18.775, 'x': -34.289, 'yaw': 3.142}, None, None
120.06, [INFO], robot4, {'battery-level': '41.97'}, None, None
130.08, [INFO], robot4, {'battery-level': '41.41'}, None, None
130.08, [INFO], robot4, {'y': 17.881, 'x': -35.922, 'yaw': 3.141}, None, None
140.08, [INFO], robot4, {'battery-level': '40.85'}, None, None
140.08, [INFO], robot4, {'y': 18.053, 'x': -36.179, 'yaw': -3.142}, None, None
150.01, [INFO], robot4, {'battery-level': '40.29'}, None, None
150.01, [INFO], robot4, {'y': 18.071, 'x': -36.201, 'yaw': -3.142}, None, None
160.03, [INFO], robot4, {'battery-level': '39.73'}, None, None
160.03, [INFO], robot4, {'y': 17.324, 'x': -37.039, 'yaw': 3.141}, None, None
170.04, [INFO], robot4, {'y': 17.419, 'x': -36.872, 'yaw': 3.14}, None, None
170.04, [INFO], robot4, {'battery-level': '39.17'}, None, None
179.97, [INFO], robot4, {'battery-level': '38.61'}, None, None
180.07, [INFO], robot4, {'y': 17.304, 'x': -36.785, 'yaw': 3.142}, None, None
190.08, [INFO], robot4, {'battery-level': '38.05'}, None, None
190.08, [INFO], robot4, {'y': 17.233, 'x': -37.075, 'yaw': -3.141}, None, None
200.08, [INFO], robot4, {'y': 17.317, 'x': -36.978, 'yaw': 3.14}, None, None
200.08, [INFO], robot4, {'battery-level': '37.49'}, None, None
210.00, [INFO], robot4, {'y': 17.476, 'x': -36.752, 'yaw': 3.142}, None, None
210.00, [INFO], robot4, {'battery-level': '36.93'}, None, None
220.08, [INFO], robot4, {'y': 17.163, 'x': -36.864, 'yaw': 3.141}, None, None
220.08, [INFO], robot4, {'battery-level': '36.37'}, None, None
230.09, [INFO], robot4, {'battery-level': '35.81'}, None, None
230.09, [INFO], robot4, {'y': 17.436, 'x': -37.012, 'yaw': -3.141}, None, None
240.00, [INFO], robot4, {'battery-level': '35.25'}, None, None
240.00, [INFO], robot4, {'y': 17.253, 'x': -36.835, 'yaw': -3.142}, None, None
250.03, [INFO], robot4, {'battery-level': '34.69'}, None, None
250.03, [INFO], robot4, {'y': 17.393, 'x': -37.047, 'yaw': -3.142}, None, None
260.07, [INFO], robot4, {'battery-level': '34.13'}, None, None
260.07, [INFO], robot4, {'y': 17.244, 'x': -36.852, 'yaw': 3.142}, None, None
270.02, [INFO], robot4, {'battery-level': '33.57'}, None, None
270.02, [INFO], robot4, {'y': 17.452, 'x': -37.071, 'yaw': 3.141}, None, None
280.05, [INFO], robot4, {'y': 17.318, 'x': -36.98, 'yaw': 3.142}, None, None
280.05, [INFO], robot4, {'battery-level': '33.01'}, None, None
290.07, [INFO], robot4, {'battery-level': '32.45'}, None, None
290.07, [INFO], robot4, {'y': 17.364, 'x': -36.902, 'yaw': -3.142}, None, None
299.99, [WARN], robot4, SKILL-FAILURE, navigation, navto_lab
300.09, [INFO], robot4, {'y': 17.403, 'x': -36.77, 'yaw': 3.142}, None, None
300.09, [INFO], robot4, {'battery-level': '31.89'}, None, None
310.01, [INFO], robot4, {'y': 17.397, 'x': -36.769, 'yaw': -3.142}, None, None
310.01, [INFO], robot4, {'battery-level': '31.33'}, None, None
