0.00, [INFO], robot1, {'battery-level': '30.20'}, None, None
0.00, [DEBUG], logger, ROBOTS_CONFIG={'avg_speed': 0.15, 'battery_charge': 0.3020349930380309, 'battery_discharge_rate': 0.0006600000000000001, 'id': 1, 'local_plan': [['navigation', ['IC Room 6', [[-11.5, 18.0, -1.57], [-11.5, 16.0], [-37.0, 16.0], [-37.0, 18.93], [-33.9, 18.93, 3.14]]], 'navto_room'], ['approach_person', ['nurse'], 'approach_nurse'], ['authenticate_person', ['nurse'], 'authenticate_nurse'], ['operate_drawer', ['open'], 'open_drawer_for_nurse'], ['send_message', ['nurse'], 'notify_nurse_of_open_drawer_for_nurse_completed'], ['wait_message', ['nurse'], 'wait_nurse_to_complete_deposit'], ['operate_drawer', ['close'], 'close_drawer_nurse'], ['navigation', ['Laboratory', [[-33.9, 18.93, 3.14], [-37.0, 18.93], [-37.0, 16.0], [-26.0, 16.0], [-26.0, 13.0, 1.57]]], 'navto_lab'], ['approach_robot', ['lab_arm'], 'approach_arm'], ['operate_drawer', ['open'], 'open_drawer_lab'], ['send_message', ['lab_arm'], 'notify_lab_arm_of_open_drawer_lab_completed'], ['wait_message', ['lab_arm'], 'wait_lab_arm_to_complete_pick_up_sample'], ['operate_drawer', ['close'], 'close_drawer_lab']], 'location': 'PC Room 8', 'name': 'r1', 'position': [-11.5, 18.0, -1.57], 'skills': ['approach_person', 'approach_robot', 'navigation', 'operate_drawer']}, None, None
0.00, [DEBUG], logger, Simulation open, None, None
10.07, [INFO], robot1, {'battery-level': '29.61'}, None, None
10.07, [INFO], robot1, {'y': 18.0, 'x': -11.5, 'yaw': -3.142}, None, None
20.04, [INFO], robot1, {'y': 16.859, 'x': -11.738, 'yaw': 3.14}, None, None
20.04, [INFO], robot1, {'battery-level': '28.95'}, None, None
30.00, [INFO], robot1, {'battery-level': '28.29'}, None, None
30.00, [INFO], robot1, {'y': 16.06, 'x': -13.016, 'yaw': 3.141}, None, None
40.00, [INFO], robot1, {'y': 16.218, 'x': -12.781, 'yaw': 3.141}, None, None
40.00, [INFO], robot1, {'battery-level': '27.63'}, None, None
50.02, [INFO], robot1, {'battery-level': '26.97'}, None, None
50.02, [INFO], robot1, {'y': 16.236, 'x': -12.991, 'yaw': -3.14}, None, None
60.01, [INFO], robot1, {'y': 16.085, 'x': -13.064, 'yaw': 3.141}, None, None
60.01, [INFO], robot1, {'battery-level': '26.31'}, None, None
70.09, [INFO], robot1, {'battery-level': '25.65'}, None, None
70.09, [INFO], robot1, {'y': 16.22, 'x': -12.988, 'yaw': -3.141}, None, None
80.09, [INFO], robot1, {'battery-level': '24.99'}, None, None
80.09, [INFO], robot1, {'y': 16.17, 'x': -12.964, 'yaw': -3.142}, None, None
90.05, [INFO], robot1, {'battery-level': '24.33'}, None, None
90.05, [INFO], robot1, {'y': 16.23, 'x': -13.151, 'yaw': 3.142}, None, None
99.94, [INFO], robot1, {'y': 16.364, 'x': -12.77, 'yaw': 3.142}, None, None
100.04, [INFO], robot1, {'battery-level': '23.67'}, None, None
110.10, [INFO], robot1, {'battery-level': '23.01'}, None, None
110.10, [INFO], robot1, {'y': 16.306, 'x': -12.83, 'yaw': 3.141}, None, None
120.09, [INFO], robot1, {'battery-level': '22.35'}, None, None
120.09, [INFO], robot1, {'y': 16.148, 'x': -13.07, 'yaw': -3.14}, None, None
130.08, [INFO], robot1, {'battery-level': '21.69'}, None, None
130.08, [INFO], robot1, {'y': 16.122, 'x': -12.791, 'yaw': 3.141}, None, None
140.07, [INFO], robot1, {'y': 16.383, 'x': -13.041, 'yaw': 3.141}, None, None
140.07, [INFO], robot1, {'battery-level': '21.03'}, None, None
150.07, [INFO], robot1, {'y': 16.062, 'x': -13.01, 'yaw': 3.14}, None, None
150.07, [INFO], robot1, {'battery-level': '20.37'}, None, None
160.07, [INFO], robot1, {'y': 16.187, 'x': -12.955, 'yaw': 3.141}, None, None
160.07, [INFO], robot1, {'battery-level': '19.71'}, None, None
166.34, [WARN], robot1, SKILL-FAILURE, navigation, navto_room
170.03, [INFO], robot1, {'y': 16.128, 'x': -12.929, 'yaw': 3.142}, None, None
170.03, [INFO], robot1, {'battery-level': '19.05'}, None, None
