0.13, [DEBUG], logger, ROBOTS_CONFIG={'avg_speed': 0.15, 'battery_charge': 0.4863040833267539, 'battery_discharge_rate': 0.0005600000000000001, 'id': 4, 'local_plan': [['navigation', ['IC Room 2', [[-32.88, 33.98, 3.14], [-37.0, 33.98], [-37.0, 21.5], [-38.0, 21.5, 0.0]]], 'navto_room'], ['approach_person', ['nurse'], 'approach_nurse'], ['authenticate_person', ['nurse'], 'authenticate_nurse'], ['operate_drawer', ['open'], 'open_drawer_for_nurse'], ['send_message', ['nurse'], 'notify_nurse_of_open_drawer_for_nurse_completed'], ['wait_message', ['nurse'], 'wait_nurse_to_complete_deposit'], ['operate_drawer', ['close'], 'close_drawer_nurse'], ['navigation', ['Laboratory', [[-38.0, 21.5, 0.0], [-37.0, 21.5], [-37.0, 16.0], [-26.0, 16.0], [-26.0, 13.0, 1.57]]], 'navto_lab'], ['approach_robot', ['lab_arm'], 'approach_arm'], ['operate_drawer', ['open'], 'open_drawer_lab'], ['send_message', ['lab_arm'], 'notify_lab_arm_of_open_drawer_lab_completed'], ['wait_message', ['lab_arm'], 'wait_lab_arm_to_complete_pick_up_sample'], ['operate_drawer', ['close'], 'close_drawer_lab']], 'location': 'IC Room 5', 'name': 'r4', 'position': [-32.88, 33.98, 3.14], 'skills': ['approach_person', 'approach_robot', 'authenticate_person', 'navigation', 'operate_drawer']}, None, None
0.13, [DEBUG], logger, Simulation open, None, None
10.00, [INFO], robot4, {'battery-level': '48.13'}, None, None
10.00, [INFO], robot4, {'y': 34.085, 'x': -33.256, 'yaw': 3.141}, None, None
20.07, [INFO], robot4, {'battery-level': '47.57'}, None, None
20.07, [INFO], robot4, {'y': 34.687, 'x': -35.294, 'yaw': 3.141}, None, None
30.08, [INFO], robot4, {'y': 33.601, 'x': -37.001, 'yaw': 3.142}, None, None
30.08, [INFO], robot4, {'battery-level': '47.01'}, None, None
40.05, [INFO], robot4, {'battery-level': '46.45'}, None, None
40.05, [INFO], robot4, {'y': 31.5, 'x': -36.908, 'yaw': -3.141}, None, None
50.02, [INFO], robot4, {'battery-level': '45.89'}, None, None
50.02, [INFO], robot4, {'y': 29.401, 'x': -36.938, 'yaw': -3.142}, None, None
60.10, [INFO], robot4, {'battery-level': '45.33'}, None, None
60.10, [INFO], robot4, {'y': 27.272, 'x': -37.0, 'yaw': -3.142}, None, None
70.05, [INFO], robot4, {'battery-level': '44.77'}, None, None
70.05, [INFO], robot4, {'y': 25.181, 'x': -37.004, 'yaw': 3.142}, None, None
80.02, [INFO], robot4, {'battery-level': '44.21'}, None, None
80.02, [INFO], robot4, {'y': 23.076, 'x': -37.042, 'yaw': -3.142}, None, None
90.02, [INFO], robot4, {'y': 21.342, 'x': -37.692, 'yaw': 3.141}, None, None
90.02, [INFO], robot4, {'battery-level': '43.65'}, None, None
100.01, [INFO], robot4, {'y': 21.365, 'x': -38.037, 'yaw': -3.142}, None, None
100.01, [INFO], robot4, {'battery-level': '43.09'}, None, None
100.19, [info], nurse, sync, received-request, (status=sending-request)
100.19, [info], nurse, sync, request-sent, (status=waiting)
100.19, [info], nurse, sync, wait-message, (status=message-received)
110.09, [INFO], robot4, {'y': 20.272, 'x': -37.166, 'yaw': 3.141}, None, None
110.09, [INFO], robot4, {'battery-level': '42.53'}, None, None
120.09, [INFO], robot4, {'battery-level': '41.97'}, None, None
120.09, [INFO], robot4, {'y': 18.156, 'x': -37.102, 'yaw': 3.141}, None, None
130.08, [INFO], robot4, {'y': 16.059, 'x': -36.91, 'yaw': 3.141}, None, None
130.08, [INFO], robot4, {'battery-level': '41.41'}, None, None
140.07, [INFO], robot4, {'battery-level': '40.85'}, None, None
140.07, [INFO], robot4, {'y': 15.503, 'x': -34.881, 'yaw': -3.141}, None, None
150.05, [INFO], robot4, {'battery-level': '40.29'}, None, None
150.05, [INFO], robot4, {'y': 15.531, 'x': -32.778, 'yaw': 3.141}, None, None
160.09, [INFO], robot4, {'battery-level': '39.73'}, None, None
160.09, [INFO], robot4, {'y': 15.61, 'x': -30.656, 'yaw': 3.14}, None, None
170.08, [INFO], robot4, {'battery-level': '39.17'}, None, None
170.08, [INFO], robot4, {'y': 15.756, 'x': -28.544, 'yaw': 3.142}, None, None
180.04, [INFO], robot4, {'y': 15.837, 'x': -26.44, 'yaw': -3.141}, None, None
180.04, [INFO], robot4, {'battery-level': '38.61'}, None, None
190.03, [INFO], robot4, {'y': 13.934, 'x': -25.797, 'yaw': 3.142}, None, None
190.03, [INFO], robot4, {'battery-level': '38.05'}, None, None
200.00, [INFO], robot4, {'y': 12.907, 'x': -25.964, 'yaw': -3.142}, None, None
200.00, [INFO], robot4, {'battery-level': '37.49'}, None, None
202.62, [info], lab_arm, sync, wait-message, (status=message-received)
203.59, [WARN], robot4, SUCCESS, None, None
