0.00, [INFO], robot2, {'battery-level': '57.79'}, None, None
0.00, [DEBUG], logger, ROBOTS_CONFIG={'avg_speed': 0.15, 'battery_charge': 0.5779176354739738, 'battery_discharge_rate': 0.00026000000000000003, 'id': 2, 'local_plan': [['navigation', ['PC Room 3', [[-21.0, 18.0, -1.57], [-21.0, 16.0], [-28.5, 16.0], [-28.5, 18.0, -1.57]]], 'navto_room'], ['approach_person', ['nurse'], 'approach_nurse'], ['authenticate_person', ['nurse'], 'authenticate_nurse'], ['operate_drawer', ['open'], 'open_drawer_for_nurse'], ['send_message', ['nurse'], 'notify_nurse_of_open_drawer_for_nurse_completed'], ['wait_message', ['nurse'], 'wait_nurse_to_complete_deposit'], ['operate_drawer', ['close'], 'close_drawer_nurse'], ['navigation', ['Laboratory', [[-28.5, 18.0, -1.57], [-28.5, 16.0], [-26.0, 16.0], [-26.0, 13.0, 1.57]]], 'navto_lab'], ['approach_robot', ['lab_arm'], 'approach_arm'], ['operate_drawer', ['open'], 'open_drawer_lab'], ['send_message', ['lab_arm'], 'notify_lab_arm_of_open_drawer_lab_completed'], ['wait_message', ['lab_arm'], 'wait_lab_arm_to_complete_pick_up_sample'], ['operate_drawer', ['close'], 'close_drawer_lab']], 'location': 'PC Room 5', 'name': 'r2', 'position': [-21.0, 18.0, -1.57], 'skills': ['approach_person', 'approach_robot', 'authenticate_person', 'navigation', 'operate_drawer']}, None, None
0.00, [DEBUG], logger, Simulation open, None, None
10.01, [INFO], robot2, {'battery-level': '57.56'}, None, None
10.01, [INFO], robot2, {'y': 17.565, 'x': -20.969, 'yaw': 3.142}, None, None
20.05, [INFO], robot2, {'battery-level': '57.30'}, None, None
20.05, [INFO], robot2, {'y': 16.123, 'x': -21.735, 'yaw': -3.141}, None, None
30.02, [INFO], robot2, {'battery-level': '57.04'}, None, None
30.02, [INFO], robot2, {'y': 16.097, 'x': -23.849, 'yaw': 3.141}, None, None
40.09, [INFO], robot2, {'battery-level': '56.78'}, None, None
40.09, [INFO], robot2, {'y': 16.037, 'x': -25.971, 'yaw': 3.14}, None, None
50.06, [INFO], robot2, {'battery-level': '56.52'}, None, None
50.06, [INFO], robot2, {'y': 16.105, 'x': -28.095, 'yaw': 3.141}, None, None
60.05, [INFO], robot2, {'y': 17.843, 'x': -28.574, 'yaw': 3.142}, None, None
60.05, [INFO], robot2, {'battery-level': '56.26'}, None, None
70.05, [INFO], robot2, {'y': 18.006, 'x': -28.559, 'yaw': 3.141}, None, None
70.05, [INFO], robot2, {'battery-level': '56.00'}, None, None
75.00, [info], nurse, sync, received-request, (status=sending-request)
75.09, [info], nurse, sync, request-sent, (status=waiting)
75.09, [info], nurse, sync, wait-message, (status=message-received)
80.04, [INFO], robot2, {'battery-level': '55.74'}, None, None
80.04, [INFO], robot2, {'y': 17.228, 'x': -28.725, 'yaw': 3.141}, None, None
90.06, [INFO], robot2, {'battery-level': '55.48'}, None, None
90.06, [INFO], robot2, {'y': 16.103, 'x': -27.646, 'yaw': 3.142}, None, None
100.05, [INFO], robot2, {'y': 15.306, 'x': -25.993, 'yaw': -3.142}, None, None
100.05, [INFO], robot2, {'battery-level': '55.22'}, None, None
110.06, [INFO], robot2, {'battery-level': '54.96'}, None, None
110.06, [INFO], robot2, {'y': 13.221, 'x': -25.789, 'yaw': -3.141}, None, None
119.38, [info], lab_arm, sync, wait-message, (status=message-received)
120.06, [INFO], robot2, {'battery-level': '54.70'}, None, None
120.06, [INFO], robot2, {'y': 12.922, 'x': -25.974, 'yaw': 3.141}, None, None
120.35, [WARN], robot2, SUCCESS, None, None
130.09, [INFO], robot2, {'battery-level': '54.44'}, None, None
130.09, [INFO], robot2, {'y': 12.922, 'x': -25.974, 'yaw': 3.142}, None, None
140.00, [INFO], robot2, {'battery-level': '54.18'}, None, None
140.09, [INFO], robot2, {'y': 12.923, 'x': -25.974, 'yaw': -3.142}, None, None
