0.00, [DEBUG], nurse, NURSE_CONFIG={'location': 'PC Room 3', 'position': [-28.5, 18.0, -1.57]}, None, None
0.11, [DEBUG], logger, ROBOTS_CONFIG={'avg_speed': 0.15, 'battery_charge': 0.4863040833267539, 'battery_discharge_rate': 0.0005600000000000001, 'id': 4, 'local_plan': [['navigation', ['PC Room 3', [[-13.5, 18.0, -1.57], [-13.5, 16.0], [-28.5, 16.0], [-28.5, 18.0, -1.57]]], 'navto_room'], ['approach_person', ['nurse'], 'approach_nurse'], ['authenticate_person', ['nurse'], 'authenticate_nurse'], ['operate_drawer', ['open'], 'open_drawer_for_nurse'], ['send_message', ['nurse'], 'notify_nurse_of_open_drawer_for_nurse_completed'], ['wait_message', ['nurse'], 'wait_nurse_to_complete_deposit'], ['operate_drawer', ['close'], 'close_drawer_nurse'], ['navigation', ['Laboratory', [[-28.5, 18.0, -1.57], [-28.5, 16.0], [-26.0, 16.0], [-26.0, 13.0, 1.57]]], 'navto_lab'], ['approach_robot', ['lab_arm'], 'approach_arm'], ['operate_drawer', ['open'], 'open_drawer_lab'], ['send_message', ['lab_arm'], 'notify_lab_arm_of_open_drawer_lab_completed'], ['wait_message', ['lab_arm'], 'wait_lab_arm_to_complete_pick_up_sample'], ['operate_drawer', ['close'], 'close_drawer_lab']], 'location': 'PC Room 7', 'name': 'r4', 'position': [-13.5, 18.0, -1.57], 'skills': ['approach_person', 'approach_robot', 'authenticate_person', 'navigation', 'operate_drawer']}, None, None
0.11, [DEBUG], logger, Simulation open, None, None
10.07, [INFO], robot4, {'y': 17.421, 'x': -13.496, 'yaw': -3.142}, None, None
10.07, [INFO], robot4, {'battery-level': '48.13'}, None, None
20.00, [INFO], robot4, {'battery-level': '47.57'}, None, None
20.00, [INFO], robot4, {'y': 16.126, 'x': -14.449, 'yaw': 3.142}, None, None
30.07, [INFO], robot4, {'battery-level': '47.01'}, None, None
30.07, [INFO], robot4, {'y': 15.944, 'x': -16.569, 'yaw': 3.141}, None, None
40.04, [INFO], robot4, {'y': 16.073, 'x': -18.67, 'yaw': 3.142}, None, None
40.04, [INFO], robot4, {'battery-level': '46.45'}, None, None
50.05, [INFO], robot4, {'y': 16.234, 'x': -20.78, 'yaw': 3.141}, None, None
50.05, [INFO], robot4, {'battery-level': '45.89'}, None, None
60.06, [INFO], robot4, {'y': 16.173, 'x': -22.894, 'yaw': 3.141}, None, None
60.06, [INFO], robot4, {'battery-level': '45.33'}, None, None
70.01, [INFO], robot4, {'y': 16.185, 'x': -24.994, 'yaw': 3.141}, None, None
70.01, [INFO], robot4, {'battery-level': '44.77'}, None, None
80.08, [INFO], robot4, {'y': 16.139, 'x': -27.113, 'yaw': 3.141}, None, None
80.08, [INFO], robot4, {'battery-level': '44.21'}, None, None
90.06, [INFO], robot4, {'battery-level': '43.65'}, None, None
90.06, [INFO], robot4, {'y': 17.08, 'x': -28.582, 'yaw': -3.141}, None, None
100.02, [INFO], robot4, {'battery-level': '43.09'}, None, None
100.02, [INFO], robot4, {'y': 17.972, 'x': -28.571, 'yaw': 3.141}, None, None
104.49, [info], nurse, sync, received-request, (status=sending-request)
104.49, [info], nurse, sync, request-sent, (status=waiting)
104.58, [info], nurse, sync, wait-message, (status=message-received)
110.02, [INFO], robot4, {'battery-level': '42.53'}, None, None
110.02, [INFO], robot4, {'y': 17.043, 'x': -28.709, 'yaw': 3.139}, None, None
120.08, [INFO], robot4, {'y': 16.115, 'x': -27.365, 'yaw': -3.142}, None, None
120.08, [INFO], robot4, {'battery-level': '41.97'}, None, None
130.06, [INFO], robot4, {'battery-level': '41.41'}, None, None
130.06, [INFO], robot4, {'y': 14.995, 'x': -25.933, 'yaw': 3.141}, None, None
140.01, [INFO], robot4, {'y': 13.056, 'x': -25.866, 'yaw': -3.142}, None, None
140.01, [INFO], robot4, {'battery-level': '40.85'}, None, None
150.00, [INFO], robot4, {'battery-level': '40.29'}, None, None
150.00, [INFO], robot4, {'y': 12.851, 'x': -25.966, 'yaw': 3.141}, None, None
152.27, [info], lab_arm, sync, wait-message, (status=message-received)
153.15, [WARN], robot4, SUCCESS, None, None
160.03, [INFO], robot4, {'battery-level': '39.73'}, None, None
160.03, [INFO], robot4, {'y': 12.852, 'x': -25.966, 'yaw': 3.142}, None, None
