0.00, [INFO], robot3, {'battery-level': '72.32'}, None, None
0.00, [DEBUG], nurse, NURSE_CONFIG={'location': 'IC Room 6', 'position': [-33.9, 18.93, 3.14]}, None, None
0.00, [DEBUG], logger, ROBOTS_CONFIG={'avg_speed': 0.15, 'battery_charge': 0.7232396784987936, 'battery_discharge_rate': 0.00064, 'id': 3, 'local_plan': [['navigation', ['IC Room 6', [[-38.0, 21.5, 0.0], [-37.0, 21.5], [-37.0, 18.93], [-33.9, 18.93, 3.14]]], 'navto_room'], ['approach_person', ['nurse'], 'approach_nurse'], ['authenticate_person', ['nurse'], 'authenticate_nurse'], ['operate_drawer', ['open'], 'open_drawer_for_nurse'], ['send_message', ['nurse'], 'notify_nurse_of_open_drawer_for_nurse_completed'], ['wait_message', ['nurse'], 'wait_nurse_to_complete_deposit'], ['operate_drawer', ['close'], 'close_drawer_nurse'], ['navigation', ['Laboratory', [[-33.9, 18.93, 3.14], [-37.0, 18.93], [-37.0, 16.0], [-26.0, 16.0], [-26.0, 13.0, 1.57]]], 'navto_lab'], ['approach_robot', ['lab_arm'], 'approach_arm'], ['operate_drawer', ['open'], 'open_drawer_lab'], ['send_message', ['lab_arm'], 'notify_lab_arm_of_open_drawer_lab_completed'], ['wait_message', ['lab_arm'], 'wait_lab_arm_to_complete_pick_up_sample'], ['operate_drawer', ['close'], 'close_drawer_lab']], 'location': 'IC Room 2', 'name': 'r3', 'position': [-38.0, 21.5, 0.0], 'skills': ['approach_person', 'approach_robot', 'authenticate_person', 'navigation', 'operate_drawer']}, None, None
0.00, [DEBUG], logger, Simulation open, None, None
10.07, [INFO], robot3, {'y': 21.483, 'x': -37.298, 'yaw': -3.141}, None, None
10.07, [INFO], robot3, {'battery-level': '71.75'}, None, None
20.08, [INFO], robot3, {'y': 19.415, 'x': -37.065, 'yaw': 3.137}, None, None
20.08, [INFO], robot3, {'battery-level': '71.11'}, None, None
30.05, [INFO], robot3, {'battery-level': '70.47'}, None, None
30.05, [INFO], robot3, {'y': 17.843, 'x': -35.637, 'yaw': 3.141}, None, None
40.04, [INFO], robot3, {'battery-level': '69.83'}, None, None
40.04, [INFO], robot3, {'y': 18.771, 'x': -34.074, 'yaw': 3.142}, None, None
50.08, [INFO], robot3, {'y': 18.951, 'x': -33.954, 'yaw': 3.142}, None, None
50.08, [INFO], robot3, {'battery-level': '69.19'}, None, None
50.35, [info], nurse, sync, received-request, (status=sending-request)
50.35, [info], nurse, sync, request-sent, (status=waiting)
50.35, [info], nurse, sync, wait-message, (status=message-received)
60.08, [INFO], robot3, {'battery-level': '68.55'}, None, None
60.08, [INFO], robot3, {'y': 17.812, 'x': -35.187, 'yaw': 3.141}, None, None
70.08, [INFO], robot3, {'battery-level': '67.91'}, None, None
70.08, [INFO], robot3, {'y': 18.105, 'x': -36.739, 'yaw': 3.142}, None, None
80.09, [INFO], robot3, {'y': 17.501, 'x': -37.01, 'yaw': -3.141}, None, None
80.09, [INFO], robot3, {'battery-level': '67.27'}, None, None
90.09, [INFO], robot3, {'battery-level': '66.63'}, None, None
90.09, [INFO], robot3, {'y': 17.358, 'x': -36.675, 'yaw': 3.142}, None, None
100.02, [INFO], robot3, {'battery-level': '65.99'}, None, None
100.02, [INFO], robot3, {'y': 17.421, 'x': -36.883, 'yaw': 3.141}, None, None
110.09, [INFO], robot3, {'y': 17.291, 'x': -36.786, 'yaw': 3.141}, None, None
110.09, [INFO], robot3, {'battery-level': '65.35'}, None, None
120.08, [INFO], robot3, {'battery-level': '64.71'}, None, None
120.08, [INFO], robot3, {'y': 17.244, 'x': -36.908, 'yaw': -3.142}, None, None
130.05, [INFO], robot3, {'y': 17.328, 'x': -37.014, 'yaw': -3.142}, None, None
130.05, [INFO], robot3, {'battery-level': '64.07'}, None, None
140.01, [INFO], robot3, {'battery-level': '63.43'}, None, None
140.01, [INFO], robot3, {'y': 17.316, 'x': -36.802, 'yaw': -3.142}, None, None
150.09, [INFO], robot3, {'battery-level': '62.79'}, None, None
150.09, [INFO], robot3, {'y': 17.342, 'x': -36.743, 'yaw': 3.142}, None, None
160.06, [INFO], robot3, {'battery-level': '62.15'}, None, None
160.06, [INFO], robot3, {'y': 17.313, 'x': -37.129, 'yaw': 3.14}, None, None
170.04, [INFO], robot3, {'y': 17.364, 'x': -36.905, 'yaw': 3.141}, None, None
170.04, [INFO], robot3, {'battery-level': '61.51'}, None, None
180.07, [INFO], robot3, {'battery-level': '60.87'}, None, None
180.07, [INFO], robot3, {'y': 17.511, 'x': -36.906, 'yaw': -3.142}, None, None
190.01, [INFO], robot3, {'y': 17.258, 'x': -36.943, 'yaw': -3.141}, None, None
190.01, [INFO], robot3, {'battery-level': '60.23'}, None, None
200.01, [INFO], robot3, {'battery-level': '59.59'}, None, None
200.01, [INFO], robot3, {'y': 17.467, 'x': -36.948, 'yaw': -3.141}, None, None
210.09, [INFO], robot3, {'battery-level': '58.95'}, None, None
210.09, [INFO], robot3, {'y': 17.251, 'x': -36.891, 'yaw': -3.142}, None, None
220.03, [INFO], robot3, {'battery-level': '58.31'}, None, None
220.03, [INFO], robot3, {'y': 17.222, 'x': -36.886, 'yaw': -3.142}, None, None
230.09, [INFO], robot3, {'y': 17.354, 'x': -36.893, 'yaw': 3.14}, None, None
230.09, [INFO], robot3, {'battery-level': '57.67'}, None, None
240.08, [INFO], robot3, {'battery-level': '57.03'}, None, None
240.08, [INFO], robot3, {'y': 17.321, 'x': -36.856, 'yaw': -3.141}, None, None
241.31, [WARN], robot3, SKILL-FAILURE, navigation, navto_lab
