0.00, [DEBUG], nurse, NURSE_CONFIG={'location': 'IC Room 2', 'position': [-38.0, 21.5, 0.0]}, None, None
0.00, [INFO], robot6, {'battery-level': '91.10'}, None, None
0.12, [DEBUG], logger, ROBOTS_CONFIG={'avg_speed': 0.15, 'battery_charge': 0.9109794326728246, 'battery_discharge_rate': 0.00038, 'id': 6, 'local_plan': [['navigation', ['IC Room 2', [[-33.9, 18.93, 3.14], [-37.0, 18.93], [-37.0, 21.5], [-38.0, 21.5, 0.0]]], 'navto_room'], ['approach_person', ['nurse'], 'approach_nurse'], ['authenticate_person', ['nurse'], 'authenticate_nurse'], ['operate_drawer', ['open'], 'open_drawer_for_nurse'], ['send_message', ['nurse'], 'notify_nurse_of_open_drawer_for_nurse_completed'], ['wait_message', ['nurse'], 'wait_nurse_to_complete_deposit'], ['operate_drawer', ['close'], 'close_drawer_nurse'], ['navigation', ['Laboratory', [[-38.0, 21.5, 0.0], [-37.0, 21.5], [-37.0, 16.0], [-26.0, 16.0], [-26.0, 13.0, 1.57]]], 'navto_lab'], ['approach_robot', ['lab_arm'], 'approach_arm'], ['operate_drawer', ['open'], 'open_drawer_lab'], ['send_message', ['lab_arm'], 'notify_lab_arm_of_open_drawer_lab_completed'], ['wait_message', ['lab_arm'], 'wait_lab_arm_to_complete_pick_up_sample'], ['operate_drawer', ['close'], 'close_drawer_lab']], 'location': 'IC Room 6', 'name': 'r6', 'position': [-33.9, 18.93, 3.14], 'skills': ['approach_person', 'approach_robot', 'authenticate_person', 'navigation', 'operate_drawer']}, None, None
0.12, [DEBUG], logger, Simulation open, None, None
10.05, [INFO], robot6, {'y': 18.37, 'x': -34.401, 'yaw': -3.142}, None, None
10.05, [INFO], robot6, {'battery-level': '90.76'}, None, None
20.05, [INFO], robot6, {'y': 18.058, 'x': -36.21, 'yaw': -3.138}, None, None
20.05, [INFO], robot6, {'battery-level': '90.38'}, None, None
30.08, [INFO], robot6, {'y': 19.998, 'x': -36.802, 'yaw': 3.14}, None, None
30.08, [INFO], robot6, {'battery-level': '90.00'}, None, None
40.01, [INFO], robot6, {'y': 21.623, 'x': -37.754, 'yaw': -3.138}, None, None
40.01, [INFO], robot6, {'battery-level': '89.62'}, None, None
50.06, [INFO], robot6, {'battery-level': '89.24'}, None, None
50.06, [INFO], robot6, {'y': 21.461, 'x': -38.149, 'yaw': 3.136}, None, None
52.39, [info], nurse, sync, received-request, (status=sending-request)
52.39, [info], nurse, sync, request-sent, (status=waiting)
52.48, [info], nurse, sync, wait-message, (status=message-received)
60.07, [INFO], robot6, {'y': 20.805, 'x': -37.18, 'yaw': -3.142}, None, None
60.07, [INFO], robot6, {'battery-level': '88.86'}, None, None
70.06, [INFO], robot6, {'y': 18.683, 'x': -37.103, 'yaw': -3.142}, None, None
70.06, [INFO], robot6, {'battery-level': '88.48'}, None, None
80.02, [INFO], robot6, {'battery-level': '88.10'}, None, None
80.02, [INFO], robot6, {'y': 16.569, 'x': -37.054, 'yaw': 3.14}, None, None
90.08, [INFO], robot6, {'battery-level': '87.72'}, None, None
90.08, [INFO], robot6, {'y': 15.606, 'x': -35.386, 'yaw': -3.141}, None, None
100.06, [INFO], robot6, {'battery-level': '87.34'}, None, None
100.06, [INFO], robot6, {'y': 15.441, 'x': -33.3, 'yaw': -3.141}, None, None
110.01, [INFO], robot6, {'battery-level': '86.96'}, None, None
110.01, [INFO], robot6, {'y': 15.504, 'x': -31.185, 'yaw': 3.142}, None, None
120.04, [INFO], robot6, {'y': 15.712, 'x': -29.061, 'yaw': -3.141}, None, None
120.04, [INFO], robot6, {'battery-level': '86.58'}, None, None
130.03, [INFO], robot6, {'battery-level': '86.20'}, None, None
130.03, [INFO], robot6, {'y': 15.783, 'x': -26.949, 'yaw': 3.141}, None, None
140.02, [INFO], robot6, {'y': 14.355, 'x': -25.795, 'yaw': -3.139}, None, None
140.02, [INFO], robot6, {'battery-level': '85.82'}, None, None
150.04, [INFO], robot6, {'y': 12.876, 'x': -25.952, 'yaw': 3.141}, None, None
150.04, [INFO], robot6, {'battery-level': '85.44'}, None, None
154.74, [info], lab_arm, sync, wait-message, (status=message-received)
155.66, [WARN], robot6, SUCCESS, None, None
