0.16, [DEBUG], logger, ROBOTS_CONFIG={'avg_speed': 0.15, 'battery_charge': 0.7232396784987936, 'battery_discharge_rate': 0.00064, 'id': 3, 'local_plan': [['navigation', ['IC Room 6', [[-38.0, 21.5, 0.0], [-37.0, 21.5], [-37.0, 18.93], [-33.9, 18.93, 3.14]]], 'navto_room'], ['approach_person', ['nurse'], 'approach_nurse'], ['authenticate_person', ['nurse'], 'authenticate_nurse'], ['operate_drawer', ['open'], 'open_drawer_for_nurse'], ['send_message', ['nurse'], 'notify_nurse_of_open_drawer_for_nurse_completed'], ['wait_message', ['nurse'], 'wait_nurse_to_complete_deposit'], ['operate_drawer', ['close'], 'close_drawer_nurse'], ['navigation', ['Laboratory', [[-33.9, 18.93, 3.14], [-37.0, 18.93], [-37.0, 16.0], [-26.0, 16.0], [-26.0, 13.0, 1.57]]], 'navto_lab'], ['approach_robot', ['lab_arm'], 'approach_arm'], ['operate_drawer', ['open'], 'open_drawer_lab'], ['send_message', ['lab_arm'], 'notify_lab_arm_of_open_drawer_lab_completed'], ['wait_message', ['lab_arm'], 'wait_lab_arm_to_complete_pick_up_sample'], ['operate_drawer', ['close'], 'close_drawer_lab']], 'location': 'IC Room 2', 'name': 'r3', 'position': [-38.0, 21.5, 0.0], 'skills': ['approach_person', 'approach_robot', 'authenticate_person', 'navigation', 'operate_drawer']}, None, None
0.16, [DEBUG], logger, Simulation open, None, None
10.05, [INFO], robot3, {'y': 21.53, 'x': -37.438, 'yaw': -3.138}, None, None
10.05, [INFO], robot3, {'battery-level': '71.75'}, None, None
20.05, [INFO], robot3, {'y': 19.561, 'x': -37.095, 'yaw': 3.142}, None, None
20.05, [INFO], robot3, {'battery-level': '71.11'}, None, None
30.07, [INFO], robot3, {'battery-level': '70.47'}, None, None
30.07, [INFO], robot3, {'y': 17.925, 'x': -35.773, 'yaw': -3.141}, None, None
40.04, [INFO], robot3, {'y': 18.754, 'x': -34.086, 'yaw': -3.142}, None, None
40.04, [INFO], robot3, {'battery-level': '69.83'}, None, None
48.77, [info], nurse, sync, received-request, (status=sending-request)
48.77, [info], nurse, sync, request-sent, (status=waiting)
48.77, [info], nurse, sync, wait-message, (status=message-received)
50.05, [INFO], robot3, {'battery-level': '69.19'}, None, None
50.05, [INFO], robot3, {'y': 18.994, 'x': -33.936, 'yaw': 3.141}, None, None
60.02, [INFO], robot3, {'battery-level': '68.55'}, None, None
60.02, [INFO], robot3, {'y': 17.778, 'x': -35.444, 'yaw': 3.141}, None, None
70.05, [INFO], robot3, {'battery-level': '67.91'}, None, None
70.05, [INFO], robot3, {'y': 17.364, 'x': -36.991, 'yaw': 3.142}, None, None
80.08, [INFO], robot3, {'battery-level': '67.27'}, None, None
80.08, [INFO], robot3, {'y': 17.228, 'x': -37.0, 'yaw': 3.142}, None, None
90.04, [INFO], robot3, {'battery-level': '66.63'}, None, None
90.04, [INFO], robot3, {'y': 17.245, 'x': -36.825, 'yaw': 3.142}, None, None
100.08, [INFO], robot3, {'y': 17.194, 'x': -36.908, 'yaw': 3.14}, None, None
100.08, [INFO], robot3, {'battery-level': '65.99'}, None, None
110.02, [INFO], robot3, {'y': 17.414, 'x': -36.943, 'yaw': -3.141}, None, None
110.02, [INFO], robot3, {'battery-level': '65.35'}, None, None
120.00, [INFO], robot3, {'battery-level': '64.71'}, None, None
120.00, [INFO], robot3, {'y': 17.437, 'x': -36.876, 'yaw': 3.141}, None, None
130.01, [INFO], robot3, {'battery-level': '64.07'}, None, None
130.01, [INFO], robot3, {'y': 17.317, 'x': -37.113, 'yaw': -3.142}, None, None
140.04, [INFO], robot3, {'y': 17.318, 'x': -37.146, 'yaw': -3.142}, None, None
140.04, [INFO], robot3, {'battery-level': '63.43'}, None, None
150.08, [INFO], robot3, {'battery-level': '62.79'}, None, None
150.08, [INFO], robot3, {'y': 17.399, 'x': -36.898, 'yaw': 3.141}, None, None
160.02, [INFO], robot3, {'battery-level': '62.15'}, None, None
160.02, [INFO], robot3, {'y': 17.303, 'x': -37.142, 'yaw': -3.142}, None, None
170.03, [INFO], robot3, {'battery-level': '61.51'}, None, None
170.03, [INFO], robot3, {'y': 17.388, 'x': -36.898, 'yaw': 3.14}, None, None
180.08, [INFO], robot3, {'battery-level': '60.87'}, None, None
180.08, [INFO], robot3, {'y': 17.25, 'x': -36.788, 'yaw': -3.141}, None, None
190.04, [INFO], robot3, {'battery-level': '60.23'}, None, None
190.04, [INFO], robot3, {'y': 17.452, 'x': -36.69, 'yaw': 3.141}, None, None
200.05, [INFO], robot3, {'y': 17.353, 'x': -36.868, 'yaw': -3.142}, None, None
200.05, [INFO], robot3, {'battery-level': '59.59'}, None, None
210.08, [INFO], robot3, {'y': 17.227, 'x': -37.081, 'yaw': 3.141}, None, None
210.08, [INFO], robot3, {'battery-level': '58.95'}, None, None
220.03, [INFO], robot3, {'battery-level': '58.31'}, None, None
220.03, [INFO], robot3, {'y': 17.347, 'x': -36.916, 'yaw': -3.142}, None, None
230.05, [INFO], robot3, {'y': 17.344, 'x': -36.916, 'yaw': -3.142}, None, None
230.05, [INFO], robot3, {'battery-level': '57.67'}, None, None
233.16, [WARN], robot3, SKILL-FAILURE, navigation, navto_lab
240.05, [INFO], robot3, {'battery-level': '57.03'}, None, None
240.05, [INFO], robot3, {'y': 17.343, 'x': -36.916, 'yaw': 3.142}, None, None
