0.00, [DEBUG], nurse, NURSE_CONFIG={'location': 'IC Room 6', 'position': [-33.9, 18.93, 3.14]}, None, None
0.12, [DEBUG], logger, ROBOTS_CONFIG={'avg_speed': 0.15, 'battery_charge': 0.3020349930380309, 'battery_discharge_rate': 0.0006600000000000001, 'id': 1, 'local_plan': [['navigation', ['IC Room 6', [[-11.5, 18.0, -1.57], [-11.5, 16.0], [-37.0, 16.0], [-37.0, 18.93], [-33.9, 18.93, 3.14]]], 'navto_room'], ['approach_person', ['nurse'], 'approach_nurse'], ['authenticate_person', ['nurse'], 'authenticate_nurse'], ['operate_drawer', ['open'], 'open_drawer_for_nurse'], ['send_message', ['nurse'], 'notify_nurse_of_open_drawer_for_nurse_completed'], ['wait_message', ['nurse'], 'wait_nurse_to_complete_deposit'], ['operate_drawer', ['close'], 'close_drawer_nurse'], ['navigation', ['Laboratory', [[-33.9, 18.93, 3.14], [-37.0, 18.93], [-37.0, 16.0], [-26.0, 16.0], [-26.0, 13.0, 1.57]]], 'navto_lab'], ['approach_robot', ['lab_arm'], 'approach_arm'], ['operate_drawer', ['open'], 'open_drawer_lab'], ['send_message', ['lab_arm'], 'notify_lab_arm_of_open_drawer_lab_completed'], ['wait_message', ['lab_arm'], 'wait_lab_arm_to_complete_pick_up_sample'], ['operate_drawer', ['close'], 'close_drawer_lab']], 'location': 'PC Room 8', 'name': 'r1', 'position': [-11.5, 18.0, -1.57], 'skills': ['approach_person', 'approach_robot', 'authenticate_person', 'navigation', 'operate_drawer']}, None, None
0.12, [DEBUG], logger, Simulation open, None, None
10.01, [INFO], robot1, {'battery-level': '29.61'}, None, None
10.01, [INFO], robot1, {'y': 18.001, 'x': -11.5, 'yaw': 3.142}, None, None
20.03, [INFO], robot1, {'battery-level': '28.95'}, None, None
20.03, [INFO], robot1, {'y': 16.336, 'x': -12.149, 'yaw': -3.141}, None, None
30.05, [INFO], robot1, {'y': 16.257, 'x': -14.263, 'yaw': 3.141}, None, None
30.05, [INFO], robot1, {'battery-level': '28.29'}, None, None
40.02, [INFO], robot1, {'battery-level': '27.63'}, None, None
40.02, [INFO], robot1, {'y': 16.202, 'x': -16.371, 'yaw': 3.142}, None, None
50.03, [INFO], robot1, {'battery-level': '26.97'}, None, None
50.03, [INFO], robot1, {'y': 16.274, 'x': -18.486, 'yaw': 3.138}, None, None
60.02, [INFO], robot1, {'y': 16.377, 'x': -20.594, 'yaw': 3.142}, None, None
60.02, [INFO], robot1, {'battery-level': '26.31'}, None, None
70.02, [INFO], robot1, {'y': 16.245, 'x': -22.702, 'yaw': 3.14}, None, None
70.02, [INFO], robot1, {'battery-level': '25.65'}, None, None
80.05, [INFO], robot1, {'y': 16.095, 'x': -24.807, 'yaw': 3.141}, None, None
80.05, [INFO], robot1, {'battery-level': '24.99'}, None, None
90.05, [INFO], robot1, {'battery-level': '24.33'}, None, None
90.05, [INFO], robot1, {'y': 16.093, 'x': -26.917, 'yaw': -3.138}, None, None
100.01, [INFO], robot1, {'battery-level': '23.67'}, None, None
100.01, [INFO], robot1, {'y': 16.216, 'x': -29.014, 'yaw': 3.141}, None, None
110.07, [INFO], robot1, {'y': 16.108, 'x': -31.147, 'yaw': -3.142}, None, None
110.07, [INFO], robot1, {'battery-level': '23.01'}, None, None
120.04, [INFO], robot1, {'y': 15.684, 'x': -33.239, 'yaw': 3.138}, None, None
120.04, [INFO], robot1, {'battery-level': '22.35'}, None, None
130.04, [INFO], robot1, {'battery-level': '21.69'}, None, None
130.04, [INFO], robot1, {'y': 15.442, 'x': -35.332, 'yaw': -3.141}, None, None
140.04, [INFO], robot1, {'y': 16.568, 'x': -36.638, 'yaw': 3.142}, None, None
140.04, [INFO], robot1, {'battery-level': '21.03'}, None, None
150.09, [INFO], robot1, {'battery-level': '20.37'}, None, None
150.09, [INFO], robot1, {'y': 17.655, 'x': -36.651, 'yaw': 3.142}, None, None
160.05, [INFO], robot1, {'battery-level': '19.71'}, None, None
160.05, [INFO], robot1, {'y': 18.095, 'x': -35.83, 'yaw': 3.142}, None, None
170.08, [INFO], robot1, {'battery-level': '19.05'}, None, None
170.08, [INFO], robot1, {'y': 18.374, 'x': -35.695, 'yaw': -3.136}, None, None
180.06, [INFO], robot1, {'y': 18.377, 'x': -35.688, 'yaw': -3.136}, None, None
180.06, [INFO], robot1, {'battery-level': '18.39'}, None, None
190.06, [INFO], robot1, {'y': 18.255, 'x': -35.763, 'yaw': -3.141}, None, None
190.06, [INFO], robot1, {'battery-level': '17.73'}, None, None
200.03, [INFO], robot1, {'y': 18.306, 'x': -35.753, 'yaw': -3.142}, None, None
200.03, [INFO], robot1, {'battery-level': '17.07'}, None, None
210.08, [INFO], robot1, {'y': 18.309, 'x': -35.749, 'yaw': -3.142}, None, None
210.08, [INFO], robot1, {'battery-level': '16.41'}, None, None
220.04, [INFO], robot1, {'battery-level': '15.75'}, None, None
220.04, [INFO], robot1, {'y': 18.309, 'x': -35.749, 'yaw': 3.142}, None, None
230.07, [INFO], robot1, {'battery-level': '15.09'}, None, None
230.07, [INFO], robot1, {'y': 18.309, 'x': -35.749, 'yaw': 3.141}, None, None
240.05, [INFO], robot1, {'y': 18.3, 'x': -35.735, 'yaw': 3.14}, None, None
240.05, [INFO], robot1, {'battery-level': '14.43'}, None, None
250.06, [INFO], robot1, {'battery-level': '13.77'}, None, None
250.06, [INFO], robot1, {'y': 18.302, 'x': -35.734, 'yaw': 3.142}, None, None
253.06, [WARN], robot1, SKILL-FAILURE, navigation, navto_room
