0.00, [DEBUG], nurse, NURSE_CONFIG={'location': 'IC Room 6', 'position': [-33.9, 18.93, 3.14]}, None, None
0.00, [INFO], robot4, {'battery-level': '48.63'}, None, None
0.17, [DEBUG], logger, ROBOTS_CONFIG={'avg_speed': 0.15, 'battery_charge': 0.4863040833267539, 'battery_discharge_rate': 0.00026000000000000003, 'id': 4, 'local_plan': [['navigation', ['IC Room 6', [[-39.44, 33.95, 0.0], [-37.0, 33.95], [-37.0, 18.93], [-33.9, 18.93, 3.14]]], 'navto_room'], ['approach_person', ['nurse'], 'approach_nurse'], ['authenticate_person', ['nurse'], 'authenticate_nurse'], ['operate_drawer', ['open'], 'open_drawer_for_nurse'], ['send_message', ['nurse'], 'notify_nurse_of_open_drawer_for_nurse_completed'], ['wait_message', ['nurse'], 'wait_nurse_to_complete_deposit'], ['operate_drawer', ['close'], 'close_drawer_nurse'], ['navigation', ['Laboratory', [[-33.9, 18.93, 3.14], [-37.0, 18.93], [-37.0, 16.0], [-26.0, 16.0], [-26.0, 13.0, 1.57]]], 'navto_lab'], ['approach_robot', ['lab_arm'], 'approach_arm'], ['operate_drawer', ['open'], 'open_drawer_lab'], ['send_message', ['lab_arm'], 'notify_lab_arm_of_open_drawer_lab_completed'], ['wait_message', ['lab_arm'], 'wait_lab_arm_to_complete_pick_up_sample'], ['operate_drawer', ['close'], 'close_drawer_lab']], 'location': 'IC Room 4', 'name': 'r4', 'position': [-39.44, 33.95, 0.0], 'skills': ['approach_person', 'approach_robot', 'authenticate_person', 'navigation', 'operate_drawer']}, None, None
0.17, [DEBUG], logger, Simulation open, None, None
10.05, [INFO], robot4, {'y': 34.184, 'x': -38.828, 'yaw': 3.141}, None, None
10.05, [INFO], robot4, {'battery-level': '48.40'}, None, None
20.01, [INFO], robot4, {'battery-level': '48.14'}, None, None
20.01, [INFO], robot4, {'y': 33.987, 'x': -37.094, 'yaw': 3.14}, None, None
30.08, [INFO], robot4, {'y': 31.871, 'x': -37.047, 'yaw': 3.141}, None, None
30.08, [INFO], robot4, {'battery-level': '47.88'}, None, None
40.04, [INFO], robot4, {'battery-level': '47.62'}, None, None
40.04, [INFO], robot4, {'y': 29.768, 'x': -37.047, 'yaw': 3.14}, None, None
50.06, [INFO], robot4, {'battery-level': '47.36'}, None, None
50.06, [INFO], robot4, {'y': 27.643, 'x': -37.012, 'yaw': 3.141}, None, None
60.05, [INFO], robot4, {'y': 25.526, 'x': -37.045, 'yaw': 3.142}, None, None
60.05, [INFO], robot4, {'battery-level': '47.10'}, None, None
70.07, [INFO], robot4, {'battery-level': '46.84'}, None, None
70.07, [INFO], robot4, {'y': 23.398, 'x': -37.001, 'yaw': 3.141}, None, None
80.03, [INFO], robot4, {'battery-level': '46.58'}, None, None
80.03, [INFO], robot4, {'y': 21.291, 'x': -37.111, 'yaw': 3.142}, None, None
90.06, [INFO], robot4, {'y': 19.164, 'x': -37.003, 'yaw': 3.14}, None, None
90.06, [INFO], robot4, {'battery-level': '46.32'}, None, None
100.07, [INFO], robot4, {'battery-level': '46.06'}, None, None
100.07, [INFO], robot4, {'y': 17.666, 'x': -35.505, 'yaw': 3.139}, None, None
110.04, [INFO], robot4, {'battery-level': '45.80'}, None, None
110.04, [INFO], robot4, {'y': 18.815, 'x': -34.031, 'yaw': 3.142}, None, None
118.74, [info], nurse, sync, received-request, (status=sending-request)
118.74, [info], nurse, sync, request-sent, (status=waiting)
118.74, [info], nurse, sync, wait-message, (status=message-received)
120.02, [INFO], robot4, {'y': 18.953, 'x': -33.954, 'yaw': 3.141}, None, None
120.02, [INFO], robot4, {'battery-level': '45.54'}, None, None
130.06, [INFO], robot4, {'battery-level': '45.28'}, None, None
130.06, [INFO], robot4, {'y': 17.753, 'x': -35.518, 'yaw': 3.14}, None, None
140.07, [INFO], robot4, {'battery-level': '45.02'}, None, None
140.07, [INFO], robot4, {'y': 18.033, 'x': -36.204, 'yaw': -3.136}, None, None
150.02, [INFO], robot4, {'y': 18.034, 'x': -36.205, 'yaw': -3.136}, None, None
150.02, [INFO], robot4, {'battery-level': '44.76'}, None, None
160.06, [INFO], robot4, {'y': 17.351, 'x': -36.942, 'yaw': -3.142}, None, None
160.06, [INFO], robot4, {'battery-level': '44.50'}, None, None
170.08, [INFO], robot4, {'y': 17.282, 'x': -36.961, 'yaw': 3.14}, None, None
170.08, [INFO], robot4, {'battery-level': '44.24'}, None, None
180.02, [INFO], robot4, {'y': 17.274, 'x': -36.769, 'yaw': -3.141}, None, None
180.02, [INFO], robot4, {'battery-level': '43.98'}, None, None
190.02, [INFO], robot4, {'y': 17.549, 'x': -36.834, 'yaw': 3.141}, None, None
190.02, [INFO], robot4, {'battery-level': '43.72'}, None, None
200.07, [INFO], robot4, {'battery-level': '43.46'}, None, None
200.07, [INFO], robot4, {'y': 17.251, 'x': -37.123, 'yaw': 3.142}, None, None
210.02, [INFO], robot4, {'battery-level': '43.20'}, None, None
210.02, [INFO], robot4, {'y': 17.526, 'x': -36.943, 'yaw': -3.142}, None, None
220.06, [INFO], robot4, {'y': 17.495, 'x': -36.847, 'yaw': 3.141}, None, None
220.06, [INFO], robot4, {'battery-level': '42.94'}, None, None
230.09, [INFO], robot4, {'y': 17.3, 'x': -36.895, 'yaw': -3.142}, None, None
230.09, [INFO], robot4, {'battery-level': '42.68'}, None, None
240.05, [INFO], robot4, {'battery-level': '42.42'}, None, None
240.05, [INFO], robot4, {'y': 17.257, 'x': -37.108, 'yaw': -3.142}, None, None
250.06, [INFO], robot4, {'y': 17.41, 'x': -36.904, 'yaw': 3.141}, None, None
250.06, [INFO], robot4, {'battery-level': '42.16'}, None, None
260.04, [INFO], robot4, {'battery-level': '41.90'}, None, None
260.04, [INFO], robot4, {'y': 17.588, 'x': -36.755, 'yaw': 3.141}, None, None
270.04, [INFO], robot4, {'battery-level': '41.64'}, None, None
270.04, [INFO], robot4, {'y': 17.165, 'x': -37.117, 'yaw': 3.141}, None, None
280.06, [INFO], robot4, {'battery-level': '41.38'}, None, None
280.06, [INFO], robot4, {'y': 17.228, 'x': -37.086, 'yaw': -3.142}, None, None
290.02, [INFO], robot4, {'battery-level': '41.12'}, None, None
290.02, [INFO], robot4, {'y': 17.396, 'x': -36.914, 'yaw': -3.141}, None, None
300.04, [INFO], robot4, {'battery-level': '40.86'}, None, None
300.04, [INFO], robot4, {'y': 17.528, 'x': -36.979, 'yaw': 3.141}, None, None
301.91, [WARN], robot4, SKILL-FAILURE, navigation, navto_lab
