0.00, [INFO], robot4, {'battery-level': '48.63'}, None, None
0.13, [DEBUG], logger, ROBOTS_CONFIG={'avg_speed': 0.15, 'battery_charge': 0.4863040833267539, 'battery_discharge_rate': 0.00026000000000000003, 'id': 4, 'local_plan': [['navigation', ['IC Room 2', [[-32.88, 33.98, 3.14], [-37.0, 33.98], [-37.0, 21.5], [-38.0, 21.5, 0.0]]], 'navto_room'], ['approach_person', ['nurse'], 'approach_nurse'], ['authenticate_person', ['nurse'], 'authenticate_nurse'], ['operate_drawer', ['open'], 'open_drawer_for_nurse'], ['send_message', ['nurse'], 'notify_nurse_of_open_drawer_for_nurse_completed'], ['wait_message', ['nurse'], 'wait_nurse_to_complete_deposit'], ['operate_drawer', ['close'], 'close_drawer_nurse'], ['navigation', ['Laboratory', [[-38.0, 21.5, 0.0], [-37.0, 21.5], [-37.0, 16.0], [-26.0, 16.0], [-26.0, 13.0, 1.57]]], 'navto_lab'], ['approach_robot', ['lab_arm'], 'approach_arm'], ['operate_drawer', ['open'], 'open_drawer_lab'], ['send_message', ['lab_arm'], 'notify_lab_arm_of_open_drawer_lab_completed'], ['wait_message', ['lab_arm'], 'wait_lab_arm_to_complete_pick_up_sample'], ['operate_drawer', ['close'], 'close_drawer_lab']], 'location': 'IC Room 5', 'name': 'r4', 'position': [-32.88, 33.98, 3.14], 'skills': ['approach_person', 'approach_robot', 'authenticate_person', 'navigation', 'operate_drawer']}, None, None
0.13, [DEBUG], logger, Simulation open, None, None
10.06, [INFO], robot4, {'battery-level': '48.40'}, None, None
10.06, [INFO], robot4, {'y': 34.14, 'x': -33.384, 'yaw': 3.142}, None, None
20.04, [INFO], robot4, {'battery-level': '48.14'}, None, None
20.04, [INFO], robot4, {'y': 34.738, 'x': -35.405, 'yaw': -3.142}, None, None
30.05, [INFO], robot4, {'y': 33.524, 'x': -36.943, 'yaw': 3.142}, None, None
30.05, [INFO], robot4, {'battery-level': '47.88'}, None, None
40.06, [INFO], robot4, {'y': 31.411, 'x': -36.873, 'yaw': -3.141}, None, None
40.06, [INFO], robot4, {'battery-level': '47.62'}, None, None
50.05, [INFO], robot4, {'y': 29.309, 'x': -36.898, 'yaw': -3.142}, None, None
50.05, [INFO], robot4, {'battery-level': '47.36'}, None, None
60.02, [INFO], robot4, {'battery-level': '47.10'}, None, None
60.02, [INFO], robot4, {'y': 27.201, 'x': -36.915, 'yaw': 3.142}, None, None
70.02, [INFO], robot4, {'y': 25.087, 'x': -36.963, 'yaw': 3.142}, None, None
70.02, [INFO], robot4, {'battery-level': '46.84'}, None, None
80.00, [INFO], robot4, {'y': 22.986, 'x': -37.056, 'yaw': 3.14}, None, None
80.00, [INFO], robot4, {'battery-level': '46.58'}, None, None
90.07, [INFO], robot4, {'y': 21.207, 'x': -37.691, 'yaw': 3.141}, None, None
90.07, [INFO], robot4, {'battery-level': '46.32'}, None, None
100.05, [INFO], robot4, {'battery-level': '46.06'}, None, None
100.05, [INFO], robot4, {'y': 21.384, 'x': -38.074, 'yaw': 3.139}, None, None
110.07, [INFO], robot4, {'battery-level': '45.80'}, None, None
110.07, [INFO], robot4, {'y': 21.444, 'x': -38.125, 'yaw': 3.137}, None, None
116.75, [info], nurse, sync, received-request, (status=sending-request)
116.75, [info], nurse, sync, request-sent, (status=waiting)
116.75, [info], nurse, sync, wait-message, (status=message-received)
120.06, [INFO], robot4, {'y': 21.498, 'x': -37.68, 'yaw': 3.142}, None, None
120.06, [INFO], robot4, {'battery-level': '45.54'}, None, None
130.07, [INFO], robot4, {'battery-level': '45.28'}, None, None
130.07, [INFO], robot4, {'y': 19.652, 'x': -37.158, 'yaw': 3.141}, None, None
140.07, [INFO], robot4, {'battery-level': '45.02'}, None, None
140.07, [INFO], robot4, {'y': 17.534, 'x': -37.092, 'yaw': 3.141}, None, None
150.09, [INFO], robot4, {'y': 15.855, 'x': -36.29, 'yaw': 3.141}, None, None
150.09, [INFO], robot4, {'battery-level': '44.76'}, None, None
160.09, [INFO], robot4, {'y': 15.356, 'x': -34.221, 'yaw': 3.141}, None, None
160.09, [INFO], robot4, {'battery-level': '44.50'}, None, None
170.00, [INFO], robot4, {'battery-level': '44.24'}, None, None
170.00, [INFO], robot4, {'y': 15.497, 'x': -32.116, 'yaw': -3.142}, None, None
180.01, [INFO], robot4, {'y': 15.639, 'x': -30.006, 'yaw': 3.141}, None, None
180.01, [INFO], robot4, {'battery-level': '43.98'}, None, None
190.02, [INFO], robot4, {'y': 15.751, 'x': -27.899, 'yaw': -3.141}, None, None
190.02, [INFO], robot4, {'battery-level': '43.72'}, None, None
200.02, [INFO], robot4, {'battery-level': '43.46'}, None, None
200.02, [INFO], robot4, {'y': 15.368, 'x': -25.97, 'yaw': -3.142}, None, None
210.02, [INFO], robot4, {'battery-level': '43.20'}, None, None
210.02, [INFO], robot4, {'y': 13.27, 'x': -25.789, 'yaw': -3.142}, None, None
220.03, [INFO], robot4, {'y': 12.912, 'x': -25.967, 'yaw': -3.142}, None, None
220.03, [INFO], robot4, {'battery-level': '42.94'}, None, None
224.71, [info], lab_arm, sync, wait-message, (status=message-received)
225.66, [WARN], robot4, SUCCESS, None, None
230.02, [INFO], robot4, {'y': 12.913, 'x': -25.969, 'yaw': 3.142}, None, None
230.02, [INFO], robot4, {'battery-level': '42.68'}, None, None
