0.10, [DEBUG], logger, ROBOTS_CONFIG={'avg_speed': 0.15, 'battery_charge': 0.5779176354739738, 'battery_discharge_rate': 0.0006000000000000001, 'id': 2, 'local_plan': [['navigation', ['PC Room 3', [[-21.0, 18.0, -1.57], [-21.0, 16.0], [-28.5, 16.0], [-28.5, 18.0, -1.57]]], 'navto_room'], ['approach_person', ['nurse'], 'approach_nurse'], ['authenticate_person', ['nurse'], 'authenticate_nurse'], ['operate_drawer', ['open'], 'open_drawer_for_nurse'], ['send_message', ['nurse'], 'notify_nurse_of_open_drawer_for_nurse_completed'], ['wait_message', ['nurse'], 'wait_nurse_to_complete_deposit'], ['operate_drawer', ['close'], 'close_drawer_nurse'], ['navigation', ['Laboratory', [[-28.5, 18.0, -1.57], [-28.5, 16.0], [-26.0, 16.0], [-26.0, 13.0, 1.57]]], 'navto_lab'], ['approach_robot', ['lab_arm'], 'approach_arm'], ['operate_drawer', ['open'], 'open_drawer_lab'], ['send_message', ['lab_arm'], 'notify_lab_arm_of_open_drawer_lab_completed'], ['wait_message', ['lab_arm'], 'wait_lab_arm_to_complete_pick_up_sample'], ['operate_drawer', ['close'], 'close_drawer_lab']], 'location': 'PC Room 5', 'name': 'r2', 'position': [-21.0, 18.0, -1.57], 'skills': ['approach_person', 'approach_robot', 'authenticate_person', 'navigation', 'operate_drawer']}, None, None
0.10, [DEBUG], logger, Simulation open, None, None
10.05, [INFO], robot2, {'battery-level': '57.25'}, None, None
10.05, [INFO], robot2, {'y': 18.0, 'x': -21.0, 'yaw': -3.142}, None, None
20.06, [INFO], robot2, {'y': 16.972, 'x': -20.93, 'yaw': 3.139}, None, None
20.06, [INFO], robot2, {'battery-level': '56.65'}, None, None
30.07, [INFO], robot2, {'battery-level': '56.05'}, None, None
30.07, [INFO], robot2, {'y': 16.104, 'x': -22.374, 'yaw': -3.141}, None, None
40.05, [INFO], robot2, {'battery-level': '55.45'}, None, None
40.05, [INFO], robot2, {'y': 16.037, 'x': -24.478, 'yaw': 3.141}, None, None
50.08, [INFO], robot2, {'battery-level': '54.85'}, None, None
50.08, [INFO], robot2, {'y': 16.004, 'x': -26.594, 'yaw': 3.141}, None, None
60.02, [INFO], robot2, {'y': 16.434, 'x': -28.547, 'yaw': -3.142}, None, None
60.02, [INFO], robot2, {'battery-level': '54.25'}, None, None
70.03, [INFO], robot2, {'y': 17.928, 'x': -28.593, 'yaw': -3.142}, None, None
70.03, [INFO], robot2, {'battery-level': '53.65'}, None, None
78.66, [info], nurse, sync, received-request, (status=sending-request)
78.66, [info], nurse, sync, request-sent, (status=waiting)
78.66, [info], nurse, sync, wait-message, (status=message-received)
80.02, [INFO], robot2, {'battery-level': '53.05'}, None, None
80.02, [INFO], robot2, {'y': 17.927, 'x': -28.603, 'yaw': 3.141}, None, None
90.00, [INFO], robot2, {'battery-level': '52.45'}, None, None
90.00, [INFO], robot2, {'y': 16.058, 'x': -28.283, 'yaw': 3.14}, None, None
100.01, [INFO], robot2, {'battery-level': '51.85'}, None, None
100.01, [INFO], robot2, {'y': 15.873, 'x': -26.211, 'yaw': -3.141}, None, None
110.02, [INFO], robot2, {'battery-level': '51.25'}, None, None
110.02, [INFO], robot2, {'y': 13.799, 'x': -25.708, 'yaw': -3.142}, None, None
120.02, [INFO], robot2, {'y': 12.897, 'x': -25.975, 'yaw': -3.142}, None, None
120.02, [INFO], robot2, {'battery-level': '50.65'}, None, None
123.35, [info], lab_arm, sync, wait-message, (status=message-received)
124.27, [WARN], robot2, SUCCESS, None, None
130.08, [INFO], robot2, {'y': 12.894, 'x': -25.972, 'yaw': -3.142}, None, None
130.08, [INFO], robot2, {'battery-level': '50.05'}, None, None
