0.19, [DEBUG], logger, ROBOTS_CONFIG={'avg_speed': 0.15, 'battery_charge': 0.7232396784987936, 'battery_discharge_rate': 0.0004, 'id': 3, 'local_plan': [['navigation', ['IC Room 6', [[-38.0, 21.5, 0.0], [-37.0, 21.5], [-37.0, 18.93], [-33.9, 18.93, 3.14]]], 'navto_room'], ['approach_person', ['nurse'], 'approach_nurse'], ['authenticate_person', ['nurse'], 'authenticate_nurse'], ['operate_drawer', ['open'], 'open_drawer_for_nurse'], ['send_message', ['nurse'], 'notify_nurse_of_open_drawer_for_nurse_completed'], ['wait_message', ['nurse'], 'wait_nurse_to_complete_deposit'], ['operate_drawer', ['close'], 'close_drawer_nurse'], ['navigation', ['Laboratory', [[-33.9, 18.93, 3.14], [-37.0, 18.93], [-37.0, 16.0], [-26.0, 16.0], [-26.0, 13.0, 1.57]]], 'navto_lab'], ['approach_robot', ['lab_arm'], 'approach_arm'], ['operate_drawer', ['open'], 'open_drawer_lab'], ['send_message', ['lab_arm'], 'notify_lab_arm_of_open_drawer_lab_completed'], ['wait_message', ['lab_arm'], 'wait_lab_arm_to_complete_pick_up_sample'], ['operate_drawer', ['close'], 'close_drawer_lab']], 'location': 'IC Room 2', 'name': 'r3', 'position': [-38.0, 21.5, 0.0], 'skills': ['approach_person', 'approach_robot', 'authenticate_person', 'navigation', 'operate_drawer']}, None, None
0.19, [DEBUG], logger, Simulation open, None, None
10.04, [INFO], robot3, {'battery-level': '71.96'}, None, None
10.04, [INFO], robot3, {'y': 21.57, 'x': -37.995, 'yaw': -3.141}, None, None
20.02, [INFO], robot3, {'y': 20.166, 'x': -37.207, 'yaw': -3.14}, None, None
20.02, [INFO], robot3, {'battery-level': '71.56'}, None, None
30.09, [INFO], robot3, {'y': 18.255, 'x': -36.305, 'yaw': 3.142}, None, None
30.09, [INFO], robot3, {'battery-level': '71.16'}, None, None
40.07, [INFO], robot3, {'y': 18.126, 'x': -34.47, 'yaw': -3.14}, None, None
40.07, [INFO], robot3, {'battery-level': '70.76'}, None, None
50.06, [INFO], robot3, {'battery-level': '70.36'}, None, None
50.06, [INFO], robot3, {'y': 18.954, 'x': -33.916, 'yaw': -3.142}, None, None
52.34, [info], nurse, sync, received-request, (status=sending-request)
52.34, [info], nurse, sync, request-sent, (status=waiting)
52.34, [info], nurse, sync, wait-message, (status=message-received)
60.05, [INFO], robot3, {'y': 17.968, 'x': -34.775, 'yaw': 3.142}, None, None
60.05, [INFO], robot3, {'battery-level': '69.96'}, None, None
70.07, [INFO], robot3, {'y': 18.125, 'x': -36.554, 'yaw': 3.141}, None, None
70.07, [INFO], robot3, {'battery-level': '69.56'}, None, None
80.05, [INFO], robot3, {'battery-level': '69.16'}, None, None
80.05, [INFO], robot3, {'y': 17.52, 'x': -36.83, 'yaw': 3.141}, None, None
90.03, [INFO], robot3, {'battery-level': '68.76'}, None, None
90.03, [INFO], robot3, {'y': 17.563, 'x': -36.913, 'yaw': 3.141}, None, None
100.03, [INFO], robot3, {'battery-level': '68.36'}, None, None
100.03, [INFO], robot3, {'y': 17.393, 'x': -36.92, 'yaw': 3.142}, None, None
110.09, [INFO], robot3, {'y': 17.315, 'x': -37.075, 'yaw': 3.141}, None, None
110.09, [INFO], robot3, {'battery-level': '67.96'}, None, None
120.06, [INFO], robot3, {'battery-level': '67.56'}, None, None
120.06, [INFO], robot3, {'y': 17.403, 'x': -36.879, 'yaw': 3.14}, None, None
130.01, [INFO], robot3, {'battery-level': '67.16'}, None, None
130.01, [INFO], robot3, {'y': 17.462, 'x': -36.928, 'yaw': -3.141}, None, None
140.04, [INFO], robot3, {'battery-level': '66.76'}, None, None
140.04, [INFO], robot3, {'y': 17.325, 'x': -37.142, 'yaw': 3.14}, None, None
150.04, [INFO], robot3, {'battery-level': '66.36'}, None, None
150.04, [INFO], robot3, {'y': 17.403, 'x': -36.937, 'yaw': 3.142}, None, None
159.95, [INFO], robot3, {'y': 17.257, 'x': -36.798, 'yaw': 3.141}, None, None
160.04, [INFO], robot3, {'battery-level': '65.96'}, None, None
170.05, [INFO], robot3, {'y': 17.177, 'x': -36.868, 'yaw': 3.141}, None, None
170.05, [INFO], robot3, {'battery-level': '65.56'}, None, None
180.06, [INFO], robot3, {'battery-level': '65.16'}, None, None
180.06, [INFO], robot3, {'y': 17.18, 'x': -37.04, 'yaw': 3.142}, None, None
190.04, [INFO], robot3, {'battery-level': '64.76'}, None, None
190.04, [INFO], robot3, {'y': 17.347, 'x': -36.917, 'yaw': -3.142}, None, None
200.07, [INFO], robot3, {'battery-level': '64.36'}, None, None
200.07, [INFO], robot3, {'y': 17.35, 'x': -36.917, 'yaw': -3.142}, None, None
210.00, [INFO], robot3, {'battery-level': '63.96'}, None, None
210.00, [INFO], robot3, {'y': 17.337, 'x': -37.045, 'yaw': 3.141}, None, None
220.01, [INFO], robot3, {'battery-level': '63.56'}, None, None
220.01, [INFO], robot3, {'y': 17.44, 'x': -36.8, 'yaw': 3.142}, None, None
230.01, [INFO], robot3, {'battery-level': '63.16'}, None, None
230.01, [INFO], robot3, {'y': 17.397, 'x': -36.745, 'yaw': -3.141}, None, None
240.01, [INFO], robot3, {'y': 17.273, 'x': -37.126, 'yaw': 3.141}, None, None
240.01, [INFO], robot3, {'battery-level': '62.76'}, None, None
250.09, [INFO], robot3, {'battery-level': '62.36'}, None, None
250.09, [INFO], robot3, {'y': 17.482, 'x': -36.6, 'yaw': 3.142}, None, None
253.26, [WARN], robot3, SKILL-FAILURE, navigation, navto_lab
260.01, [INFO], robot3, {'battery-level': '61.96'}, None, None
260.01, [INFO], robot3, {'y': 17.313, 'x': -37.061, 'yaw': -3.142}, None, None
