0.20, [DEBUG], logger, ROBOTS_CONFIG={'avg_speed': 0.15, 'battery_charge': 0.7232396784987936, 'battery_discharge_rate': 0.0004, 'id': 3, 'local_plan': [['navigation', ['IC Room 6', [[-38.0, 21.5, 0.0], [-37.0, 21.5], [-37.0, 18.93], [-33.9, 18.93, 3.14]]], 'navto_room'], ['approach_person', ['nurse'], 'approach_nurse'], ['authenticate_person', ['nurse'], 'authenticate_nurse'], ['operate_drawer', ['open'], 'open_drawer_for_nurse'], ['send_message', ['nurse'], 'notify_nurse_of_open_drawer_for_nurse_completed'], ['wait_message', ['nurse'], 'wait_nurse_to_complete_deposit'], ['operate_drawer', ['close'], 'close_drawer_nurse'], ['navigation', ['Laboratory', [[-33.9, 18.93, 3.14], [-37.0, 18.93], [-37.0, 16.0], [-26.0, 16.0], [-26.0, 13.0, 1.57]]], 'navto_lab'], ['approach_robot', ['lab_arm'], 'approach_arm'], ['operate_drawer', ['open'], 'open_drawer_lab'], ['send_message', ['lab_arm'], 'notify_lab_arm_of_open_drawer_lab_completed'], ['wait_message', ['lab_arm'], 'wait_lab_arm_to_complete_pick_up_sample'], ['operate_drawer', ['close'], 'close_drawer_lab']], 'location': 'IC Room 2', 'name': 'r3', 'position': [-38.0, 21.5, 0.0], 'skills': ['approach_person', 'approach_robot', 'authenticate_person', 'navigation', 'operate_drawer']}, None, None
0.20, [DEBUG], logger, Simulation open, None, None
10.03, [INFO], robot3, {'y': 21.529, 'x': -37.369, 'yaw': 3.141}, None, None
10.03, [INFO], robot3, {'battery-level': '71.96'}, None, None
20.02, [INFO], robot3, {'battery-level': '71.56'}, None, None
20.02, [INFO], robot3, {'y': 19.5, 'x': -37.062, 'yaw': -3.142}, None, None
30.02, [INFO], robot3, {'battery-level': '71.16'}, None, None
30.02, [INFO], robot3, {'y': 17.844, 'x': -35.751, 'yaw': -3.138}, None, None
40.05, [INFO], robot3, {'battery-level': '70.76'}, None, None
40.05, [INFO], robot3, {'y': 18.712, 'x': -34.081, 'yaw': 3.142}, None, None
48.96, [info], nurse, sync, received-request, (status=sending-request)
48.96, [info], nurse, sync, request-sent, (status=waiting)
49.05, [info], nurse, sync, wait-message, (status=message-received)
50.04, [INFO], robot3, {'battery-level': '70.36'}, None, None
50.04, [INFO], robot3, {'y': 18.939, 'x': -33.907, 'yaw': 3.141}, None, None
60.07, [INFO], robot3, {'y': 17.776, 'x': -35.455, 'yaw': 3.141}, None, None
60.07, [INFO], robot3, {'battery-level': '69.96'}, None, None
70.07, [INFO], robot3, {'battery-level': '69.56'}, None, None
70.07, [INFO], robot3, {'y': 18.155, 'x': -36.834, 'yaw': -3.142}, None, None
80.07, [INFO], robot3, {'battery-level': '69.16'}, None, None
80.07, [INFO], robot3, {'y': 17.521, 'x': -36.952, 'yaw': 3.141}, None, None
90.08, [INFO], robot3, {'y': 17.236, 'x': -37.091, 'yaw': -3.142}, None, None
90.08, [INFO], robot3, {'battery-level': '68.76'}, None, None
100.08, [INFO], robot3, {'battery-level': '68.36'}, None, None
100.08, [INFO], robot3, {'y': 17.351, 'x': -36.948, 'yaw': 3.141}, None, None
110.04, [INFO], robot3, {'battery-level': '67.96'}, None, None
110.04, [INFO], robot3, {'y': 17.384, 'x': -36.888, 'yaw': -3.141}, None, None
120.07, [INFO], robot3, {'y': 17.287, 'x': -36.894, 'yaw': 3.142}, None, None
120.07, [INFO], robot3, {'battery-level': '67.56'}, None, None
130.01, [INFO], robot3, {'y': 17.301, 'x': -36.88, 'yaw': -3.142}, None, None
130.01, [INFO], robot3, {'battery-level': '67.16'}, None, None
140.07, [INFO], robot3, {'battery-level': '66.76'}, None, None
140.07, [INFO], robot3, {'y': 17.258, 'x': -36.828, 'yaw': 3.141}, None, None
150.02, [INFO], robot3, {'battery-level': '66.36'}, None, None
150.02, [INFO], robot3, {'y': 17.289, 'x': -36.951, 'yaw': 3.142}, None, None
160.04, [INFO], robot3, {'y': 17.244, 'x': -36.999, 'yaw': 3.141}, None, None
160.04, [INFO], robot3, {'battery-level': '65.96'}, None, None
169.96, [INFO], robot3, {'y': 17.484, 'x': -36.955, 'yaw': 3.142}, None, None
170.04, [INFO], robot3, {'battery-level': '65.56'}, None, None
180.09, [INFO], robot3, {'battery-level': '65.16'}, None, None
180.09, [INFO], robot3, {'y': 17.2, 'x': -36.844, 'yaw': 3.141}, None, None
190.03, [INFO], robot3, {'battery-level': '64.76'}, None, None
190.03, [INFO], robot3, {'y': 17.357, 'x': -36.97, 'yaw': -3.142}, None, None
200.04, [INFO], robot3, {'battery-level': '64.36'}, None, None
200.04, [INFO], robot3, {'y': 17.323, 'x': -37.045, 'yaw': 3.141}, None, None
210.06, [INFO], robot3, {'y': 17.221, 'x': -37.105, 'yaw': 3.141}, None, None
210.06, [INFO], robot3, {'battery-level': '63.96'}, None, None
220.09, [INFO], robot3, {'y': 17.331, 'x': -36.929, 'yaw': -3.142}, None, None
220.09, [INFO], robot3, {'battery-level': '63.56'}, None, None
230.02, [INFO], robot3, {'battery-level': '63.16'}, None, None
230.02, [INFO], robot3, {'y': 17.23, 'x': -36.863, 'yaw': -3.142}, None, None
240.01, [INFO], robot3, {'battery-level': '62.76'}, None, None
240.01, [INFO], robot3, {'y': 17.344, 'x': -37.014, 'yaw': 3.142}, None, None
244.50, [WARN], robot3, SKILL-FAILURE, navigation, navto_lab
250.04, [INFO], robot3, {'battery-level': '62.36'}, None, None
250.04, [INFO], robot3, {'y': 17.344, 'x': -37.014, 'yaw': -3.142}, None, None
