0.17, [DEBUG], logger, ROBOTS_CONFIG={'avg_speed': 0.15, 'battery_charge': 0.9109794326728246, 'battery_discharge_rate': 0.0005200000000000001, 'id': 6, 'local_plan': [['navigation', ['IC Room 2', [[-33.9, 18.93, 3.14], [-37.0, 18.93], [-37.0, 21.5], [-38.0, 21.5, 0.0]]], 'navto_room'], ['approach_person', ['nurse'], 'approach_nurse'], ['authenticate_person', ['nurse'], 'authenticate_nurse'], ['operate_drawer', ['open'], 'open_drawer_for_nurse'], ['send_message', ['nurse'], 'notify_nurse_of_open_drawer_for_nurse_completed'], ['wait_message', ['nurse'], 'wait_nurse_to_complete_deposit'], ['operate_drawer', ['close'], 'close_drawer_nurse'], ['navigation', ['Laboratory', [[-38.0, 21.5, 0.0], [-37.0, 21.5], [-37.0, 16.0], [-26.0, 16.0], [-26.0, 13.0, 1.57]]], 'navto_lab'], ['approach_robot', ['lab_arm'], 'approach_arm'], ['operate_drawer', ['open'], 'open_drawer_lab'], ['send_message', ['lab_arm'], 'notify_lab_arm_of_open_drawer_lab_completed'], ['wait_message', ['lab_arm'], 'wait_lab_arm_to_complete_pick_up_sample'], ['operate_drawer', ['close'], 'close_drawer_lab']], 'location': 'IC Room 6', 'name': 'r6', 'position': [-33.9, 18.93, 3.14], 'skills': ['approach_person', 'approach_robot', 'authenticate_person', 'navigation', 'operate_drawer']}, None, None
0.17, [DEBUG], logger, Simulation open, None, None
10.03, [INFO], robot6, {'battery-level': '90.63'}, None, None
10.03, [INFO], robot6, {'y': 18.745, 'x': -34.214, 'yaw': 3.141}, None, None
20.09, [INFO], robot6, {'battery-level': '90.11'}, None, None
20.09, [INFO], robot6, {'y': 17.813, 'x': -35.871, 'yaw': 3.142}, None, None
29.93, [INFO], robot6, {'battery-level': '89.59'}, None, None
30.03, [INFO], robot6, {'y': 19.487, 'x': -36.902, 'yaw': 3.142}, None, None
40.08, [INFO], robot6, {'y': 21.456, 'x': -37.371, 'yaw': 3.141}, None, None
40.08, [INFO], robot6, {'battery-level': '89.07'}, None, None
50.03, [INFO], robot6, {'battery-level': '88.55'}, None, None
50.03, [INFO], robot6, {'y': 21.462, 'x': -38.081, 'yaw': -3.137}, None, None
57.87, [info], nurse, sync, received-request, (status=sending-request)
57.87, [info], nurse, sync, request-sent, (status=waiting)
57.87, [info], nurse, sync, wait-message, (status=message-received)
60.09, [INFO], robot6, {'battery-level': '88.03'}, None, None
60.09, [INFO], robot6, {'y': 21.38, 'x': -37.938, 'yaw': 3.14}, None, None
70.06, [INFO], robot6, {'battery-level': '87.51'}, None, None
70.06, [INFO], robot6, {'y': 19.806, 'x': -37.235, 'yaw': 3.141}, None, None
80.02, [INFO], robot6, {'battery-level': '86.99'}, None, None
80.02, [INFO], robot6, {'y': 17.699, 'x': -37.133, 'yaw': 3.141}, None, None
90.08, [INFO], robot6, {'battery-level': '86.47'}, None, None
90.08, [INFO], robot6, {'y': 15.783, 'x': -36.568, 'yaw': 3.141}, None, None
100.05, [INFO], robot6, {'battery-level': '85.95'}, None, None
100.05, [INFO], robot6, {'y': 15.356, 'x': -34.492, 'yaw': 3.142}, None, None
110.04, [INFO], robot6, {'y': 15.456, 'x': -32.376, 'yaw': 3.142}, None, None
110.04, [INFO], robot6, {'battery-level': '85.43'}, None, None
120.02, [INFO], robot6, {'battery-level': '84.91'}, None, None
120.02, [INFO], robot6, {'y': 15.569, 'x': -30.262, 'yaw': 3.142}, None, None
130.08, [INFO], robot6, {'y': 15.73, 'x': -28.142, 'yaw': 3.142}, None, None
130.08, [INFO], robot6, {'battery-level': '84.39'}, None, None
140.02, [INFO], robot6, {'y': 15.521, 'x': -26.135, 'yaw': 3.142}, None, None
140.02, [INFO], robot6, {'battery-level': '83.87'}, None, None
150.05, [INFO], robot6, {'battery-level': '83.35'}, None, None
150.05, [INFO], robot6, {'y': 13.439, 'x': -25.716, 'yaw': -3.142}, None, None
160.00, [INFO], robot6, {'battery-level': '82.83'}, None, None
160.00, [INFO], robot6, {'y': 12.925, 'x': -25.938, 'yaw': 3.141}, None, None
169.78, [info], lab_arm, sync, wait-message, (status=message-received)
170.07, [INFO], robot6, {'battery-level': '82.31'}, None, None
170.07, [INFO], robot6, {'y': 12.871, 'x': -25.996, 'yaw': -3.141}, None, None
170.75, [WARN], robot6, SUCCESS, None, None
