0.15, [DEBUG], logger, ROBOTS_CONFIG={'avg_speed': 0.15, 'battery_charge': 0.7232396784987936, 'battery_discharge_rate': 0.0004, 'id': 3, 'local_plan': [['navigation', ['IC Room 6', [[-38.0, 21.5, 0.0], [-37.0, 21.5], [-37.0, 18.93], [-33.9, 18.93, 3.14]]], 'navto_room'], ['approach_person', ['nurse'], 'approach_nurse'], ['authenticate_person', ['nurse'], 'authenticate_nurse'], ['operate_drawer', ['open'], 'open_drawer_for_nurse'], ['send_message', ['nurse'], 'notify_nurse_of_open_drawer_for_nurse_completed'], ['wait_message', ['nurse'], 'wait_nurse_to_complete_deposit'], ['operate_drawer', ['close'], 'close_drawer_nurse'], ['navigation', ['Laboratory', [[-33.9, 18.93, 3.14], [-37.0, 18.93], [-37.0, 16.0], [-26.0, 16.0], [-26.0, 13.0, 1.57]]], 'navto_lab'], ['approach_robot', ['lab_arm'], 'approach_arm'], ['operate_drawer', ['open'], 'open_drawer_lab'], ['send_message', ['lab_arm'], 'notify_lab_arm_of_open_drawer_lab_completed'], ['wait_message', ['lab_arm'], 'wait_lab_arm_to_complete_pick_up_sample'], ['operate_drawer', ['close'], 'close_drawer_lab']], 'location': 'IC Room 2', 'name': 'r3', 'position': [-38.0, 21.5, 0.0], 'skills': ['approach_person', 'approach_robot', 'authenticate_person', 'navigation', 'operate_drawer']}, None, None
0.15, [DEBUG], logger, Simulation open, None, None
10.05, [INFO], robot3, {'battery-level': '71.96'}, None, None
10.05, [INFO], robot3, {'y': 21.528, 'x': -37.45, 'yaw': -3.137}, None, None
20.01, [INFO], robot3, {'battery-level': '71.56'}, None, None
20.01, [INFO], robot3, {'y': 19.562, 'x': -37.088, 'yaw': 3.142}, None, None
30.08, [INFO], robot3, {'battery-level': '71.16'}, None, None
30.08, [INFO], robot3, {'y': 17.882, 'x': -35.776, 'yaw': -3.137}, None, None
40.03, [INFO], robot3, {'y': 18.709, 'x': -34.118, 'yaw': -3.142}, None, None
40.03, [INFO], robot3, {'battery-level': '70.76'}, None, None
49.08, [info], nurse, sync, received-request, (status=sending-request)
49.08, [info], nurse, sync, request-sent, (status=waiting)
49.08, [info], nurse, sync, wait-message, (status=message-received)
50.01, [INFO], robot3, {'y': 18.992, 'x': -33.94, 'yaw': 3.141}, None, None
50.01, [INFO], robot3, {'battery-level': '70.36'}, None, None
60.03, [INFO], robot3, {'battery-level': '69.96'}, None, None
60.03, [INFO], robot3, {'y': 17.823, 'x': -35.439, 'yaw': 3.141}, None, None
70.03, [INFO], robot3, {'battery-level': '69.56'}, None, None
70.03, [INFO], robot3, {'y': 17.971, 'x': -36.97, 'yaw': 3.141}, None, None
80.06, [INFO], robot3, {'battery-level': '69.16'}, None, None
80.06, [INFO], robot3, {'y': 17.355, 'x': -37.148, 'yaw': 3.141}, None, None
90.03, [INFO], robot3, {'battery-level': '68.76'}, None, None
90.03, [INFO], robot3, {'y': 17.421, 'x': -36.984, 'yaw': -3.141}, None, None
100.07, [INFO], robot3, {'battery-level': '68.36'}, None, None
100.07, [INFO], robot3, {'y': 17.242, 'x': -37.034, 'yaw': 3.141}, None, None
110.06, [INFO], robot3, {'y': 17.388, 'x': -36.902, 'yaw': -3.142}, None, None
110.06, [INFO], robot3, {'battery-level': '67.96'}, None, None
120.01, [INFO], robot3, {'battery-level': '67.56'}, None, None
120.01, [INFO], robot3, {'y': 17.309, 'x': -36.989, 'yaw': 3.14}, None, None
130.05, [INFO], robot3, {'y': 17.329, 'x': -37.046, 'yaw': -3.142}, None, None
130.05, [INFO], robot3, {'battery-level': '67.16'}, None, None
140.07, [INFO], robot3, {'battery-level': '66.76'}, None, None
140.07, [INFO], robot3, {'y': 17.365, 'x': -36.8, 'yaw': 3.141}, None, None
150.06, [INFO], robot3, {'battery-level': '66.36'}, None, None
150.06, [INFO], robot3, {'y': 17.261, 'x': -36.883, 'yaw': -3.142}, None, None
160.05, [INFO], robot3, {'battery-level': '65.96'}, None, None
160.05, [INFO], robot3, {'y': 17.186, 'x': -37.064, 'yaw': -3.141}, None, None
170.03, [INFO], robot3, {'y': 17.241, 'x': -37.07, 'yaw': 3.141}, None, None
170.03, [INFO], robot3, {'battery-level': '65.56'}, None, None
180.06, [INFO], robot3, {'y': 17.417, 'x': -36.855, 'yaw': -3.141}, None, None
180.06, [INFO], robot3, {'battery-level': '65.16'}, None, None
190.07, [INFO], robot3, {'y': 17.462, 'x': -36.87, 'yaw': 3.141}, None, None
190.07, [INFO], robot3, {'battery-level': '64.76'}, None, None
200.06, [INFO], robot3, {'battery-level': '64.36'}, None, None
200.06, [INFO], robot3, {'y': 17.271, 'x': -37.098, 'yaw': 3.141}, None, None
210.08, [INFO], robot3, {'y': 17.366, 'x': -37.033, 'yaw': 3.141}, None, None
210.08, [INFO], robot3, {'battery-level': '63.96'}, None, None
220.04, [INFO], robot3, {'battery-level': '63.56'}, None, None
220.04, [INFO], robot3, {'y': 17.354, 'x': -37.05, 'yaw': -3.141}, None, None
230.07, [INFO], robot3, {'battery-level': '63.16'}, None, None
230.07, [INFO], robot3, {'y': 17.352, 'x': -36.859, 'yaw': -3.141}, None, None
235.31, [WARN], robot3, SKILL-FAILURE, navigation, navto_lab
240.05, [INFO], robot3, {'y': 17.43, 'x': -37.002, 'yaw': 3.142}, None, None
240.05, [INFO], robot3, {'battery-level': '62.76'}, None, None
