0.00, [INFO], robot3, {'battery-level': '72.32'}, None, None
0.00, [DEBUG], nurse, NURSE_CONFIG={'location': 'IC Room 2', 'position': [-38.0, 21.5, 0.0]}, None, None
0.14, [DEBUG], logger, ROBOTS_CONFIG={'avg_speed': 0.15, 'battery_charge': 0.7232396784987936, 'battery_discharge_rate': 0.0004, 'id': 3, 'local_plan': [['navigation', ['IC Room 2', [[-13.5, 18.0, -1.57], [-13.5, 16.0], [-37.0, 16.0], [-37.0, 21.5], [-38.0, 21.5, 0.0]]], 'navto_room'], ['approach_person', ['nurse'], 'approach_nurse'], ['authenticate_person', ['nurse'], 'authenticate_nurse'], ['operate_drawer', ['open'], 'open_drawer_for_nurse'], ['send_message', ['nurse'], 'notify_nurse_of_open_drawer_for_nurse_completed'], ['wait_message', ['nurse'], 'wait_nurse_to_complete_deposit'], ['operate_drawer', ['close'], 'close_drawer_nurse'], ['navigation', ['Laboratory', [[-38.0, 21.5, 0.0], [-37.0, 21.5], [-37.0, 16.0], [-26.0, 16.0], [-26.0, 13.0, 1.57]]], 'navto_lab'], ['approach_robot', ['lab_arm'], 'approach_arm'], ['operate_drawer', ['open'], 'open_drawer_lab'], ['send_message', ['lab_arm'], 'notify_lab_arm_of_open_drawer_lab_completed'], ['wait_message', ['lab_arm'], 'wait_lab_arm_to_complete_pick_up_sample'], ['operate_drawer', ['close'], 'close_drawer_lab']], 'location': 'PC Room 7', 'name': 'r3', 'position': [-13.5, 18.0, -1.57], 'skills': ['approach_person', 'approach_robot', 'authenticate_person', 'navigation', 'operate_drawer']}, None, None
0.14, [DEBUG], logger, Simulation open, None, None
10.08, [INFO], robot3, {'y': 17.599, 'x': -13.499, 'yaw': 3.142}, None, None
10.08, [INFO], robot3, {'battery-level': '71.96'}, None, None
20.02, [INFO], robot3, {'battery-level': '71.56'}, None, None
20.02, [INFO], robot3, {'y': 16.14, 'x': -14.261, 'yaw': 3.141}, None, None
30.05, [INFO], robot3, {'battery-level': '71.16'}, None, None
30.05, [INFO], robot3, {'y': 15.999, 'x': -16.374, 'yaw': 3.141}, None, None
40.06, [INFO], robot3, {'y': 16.063, 'x': -18.479, 'yaw': -3.141}, None, None
40.06, [INFO], robot3, {'battery-level': '70.76'}, None, None
50.02, [INFO], robot3, {'battery-level': '70.36'}, None, None
50.02, [INFO], robot3, {'y': 16.214, 'x': -20.578, 'yaw': 3.142}, None, None
60.00, [INFO], robot3, {'battery-level': '69.96'}, None, None
60.00, [INFO], robot3, {'y': 16.133, 'x': -22.694, 'yaw': -3.142}, None, None
70.01, [INFO], robot3, {'battery-level': '69.56'}, None, None
70.01, [INFO], robot3, {'y': 16.045, 'x': -24.802, 'yaw': 3.141}, None, None
80.08, [INFO], robot3, {'battery-level': '69.16'}, None, None
80.08, [INFO], robot3, {'y': 16.016, 'x': -26.929, 'yaw': 3.142}, None, None
90.02, [INFO], robot3, {'battery-level': '68.76'}, None, None
90.02, [INFO], robot3, {'y': 16.159, 'x': -29.03, 'yaw': 3.141}, None, None
100.01, [INFO], robot3, {'battery-level': '68.36'}, None, None
100.01, [INFO], robot3, {'y': 16.015, 'x': -31.132, 'yaw': 3.141}, None, None
110.01, [INFO], robot3, {'battery-level': '67.96'}, None, None
110.01, [INFO], robot3, {'y': 15.747, 'x': -33.239, 'yaw': -3.142}, None, None
120.07, [INFO], robot3, {'battery-level': '67.56'}, None, None
120.07, [INFO], robot3, {'y': 15.482, 'x': -35.336, 'yaw': -3.141}, None, None
130.01, [INFO], robot3, {'battery-level': '67.16'}, None, None
130.01, [INFO], robot3, {'y': 16.468, 'x': -36.889, 'yaw': 3.142}, None, None
140.06, [INFO], robot3, {'y': 18.586, 'x': -36.939, 'yaw': -3.142}, None, None
140.06, [INFO], robot3, {'battery-level': '66.76'}, None, None
150.06, [INFO], robot3, {'y': 20.695, 'x': -36.907, 'yaw': -3.142}, None, None
150.06, [INFO], robot3, {'battery-level': '66.36'}, None, None
160.07, [INFO], robot3, {'y': 21.48, 'x': -38.042, 'yaw': 3.142}, None, None
160.07, [INFO], robot3, {'battery-level': '65.96'}, None, None
169.41, [info], nurse, sync, received-request, (status=sending-request)
169.41, [info], nurse, sync, request-sent, (status=waiting)
169.49, [info], nurse, sync, wait-message, (status=message-received)
170.03, [INFO], robot3, {'battery-level': '65.56'}, None, None
170.03, [INFO], robot3, {'y': 21.422, 'x': -38.078, 'yaw': 3.14}, None, None
180.04, [INFO], robot3, {'y': 20.049, 'x': -37.173, 'yaw': -3.137}, None, None
180.04, [INFO], robot3, {'battery-level': '65.16'}, None, None
190.05, [INFO], robot3, {'y': 17.921, 'x': -37.101, 'yaw': 3.141}, None, None
190.05, [INFO], robot3, {'battery-level': '64.76'}, None, None
200.05, [INFO], robot3, {'y': 16.049, 'x': -36.599, 'yaw': 3.142}, None, None
200.05, [INFO], robot3, {'battery-level': '64.36'}, None, None
210.05, [INFO], robot3, {'y': 15.412, 'x': -34.541, 'yaw': 3.142}, None, None
210.05, [INFO], robot3, {'battery-level': '63.96'}, None, None
220.05, [INFO], robot3, {'y': 15.51, 'x': -32.414, 'yaw': -3.141}, None, None
220.05, [INFO], robot3, {'battery-level': '63.56'}, None, None
230.09, [INFO], robot3, {'battery-level': '63.16'}, None, None
230.09, [INFO], robot3, {'y': 15.614, 'x': -30.276, 'yaw': -3.142}, None, None
240.05, [INFO], robot3, {'battery-level': '62.76'}, None, None
240.05, [INFO], robot3, {'y': 15.812, 'x': -28.156, 'yaw': 3.142}, None, None
250.08, [INFO], robot3, {'battery-level': '62.36'}, None, None
250.08, [INFO], robot3, {'y': 15.595, 'x': -26.156, 'yaw': -3.142}, None, None
260.07, [INFO], robot3, {'y': 13.528, 'x': -25.691, 'yaw': -3.142}, None, None
260.07, [INFO], robot3, {'battery-level': '61.96'}, None, None
270.02, [INFO], robot3, {'battery-level': '61.56'}, None, None
270.02, [INFO], robot3, {'y': 12.872, 'x': -25.963, 'yaw': -3.142}, None, None
271.91, [info], lab_arm, sync, wait-message, (status=message-received)
272.79, [WARN], robot3, SUCCESS, None, None
279.94, [INFO], robot3, {'battery-level': '61.16'}, None, None
280.04, [INFO], robot3, {'y': 12.869, 'x': -25.961, 'yaw': -3.142}, None, None
