0.20, [DEBUG], logger, ROBOTS_CONFIG={'avg_speed': 0.15, 'battery_charge': 0.9109794326728246, 'battery_discharge_rate': 0.0005200000000000001, 'id': 6, 'local_plan': [['navigation', ['PC Room 3', [[-27.23, 18.0, -1.57], [-27.23, 16.0], [-28.5, 16.0], [-28.5, 18.0, -1.57]]], 'navto_room'], ['approach_person', ['nurse'], 'approach_nurse'], ['authenticate_person', ['nurse'], 'authenticate_nurse'], ['operate_drawer', ['open'], 'open_drawer_for_nurse'], ['send_message', ['nurse'], 'notify_nurse_of_open_drawer_for_nurse_completed'], ['wait_message', ['nurse'], 'wait_nurse_to_complete_deposit'], ['operate_drawer', ['close'], 'close_drawer_nurse'], ['navigation', ['Laboratory', [[-28.5, 18.0, -1.57], [-28.5, 16.0], [-26.0, 16.0], [-26.0, 13.0, 1.57]]], 'navto_lab'], ['approach_robot', ['lab_arm'], 'approach_arm'], ['operate_drawer', ['open'], 'open_drawer_lab'], ['send_message', ['lab_arm'], 'notify_lab_arm_of_open_drawer_lab_completed'], ['wait_message', ['lab_arm'], 'wait_lab_arm_to_complete_pick_up_sample'], ['operate_drawer', ['close'], 'close_drawer_lab']], 'location': 'PC Room 4', 'name': 'r6', 'position': [-27.23, 18.0, -1.57], 'skills': ['approach_person', 'approach_robot', 'authenticate_person', 'navigation', 'operate_drawer']}, None, None
0.20, [DEBUG], logger, Simulation open, None, None
10.08, [INFO], robot6, {'battery-level': '90.63'}, None, None
10.08, [INFO], robot6, {'y': 17.197, 'x': -27.105, 'yaw': 3.142}, None, None
20.06, [INFO], robot6, {'y': 16.252, 'x': -28.245, 'yaw': 3.141}, None, None
20.06, [INFO], robot6, {'battery-level': '90.11'}, None, None
30.07, [INFO], robot6, {'battery-level': '89.59'}, None, None
30.07, [INFO], robot6, {'y': 17.908, 'x': -28.632, 'yaw': -3.142}, None, None
37.15, [info], nurse, sync, received-request, (status=sending-request)
37.15, [info], nurse, sync, request-sent, (status=waiting)
37.15, [info], nurse, sync, wait-message, (status=message-received)
40.03, [INFO], robot6, {'y': 17.607, 'x': -28.692, 'yaw': 3.14}, None, None
40.03, [INFO], robot6, {'battery-level': '89.07'}, None, None
50.03, [INFO], robot6, {'battery-level': '88.55'}, None, None
50.03, [INFO], robot6, {'y': 16.082, 'x': -27.955, 'yaw': -3.141}, None, None
60.01, [INFO], robot6, {'battery-level': '88.03'}, None, None
60.01, [INFO], robot6, {'y': 15.548, 'x': -26.124, 'yaw': 3.141}, None, None
70.06, [INFO], robot6, {'battery-level': '87.51'}, None, None
70.06, [INFO], robot6, {'y': 13.457, 'x': -25.726, 'yaw': 3.142}, None, None
80.08, [INFO], robot6, {'y': 12.868, 'x': -25.962, 'yaw': 3.142}, None, None
80.08, [INFO], robot6, {'battery-level': '86.99'}, None, None
80.53, [info], lab_arm, sync, wait-message, (status=message-received)
81.32, [WARN], robot6, SUCCESS, None, None
