0.00, [DEBUG], nurse, NURSE_CONFIG={'location': 'IC Room 2', 'position': [-38.0, 21.5, 0.0]}, None, None
0.00, [INFO], robot2, {'battery-level': '63.50'}, None, None
0.14, [DEBUG], logger, ROBOTS_CONFIG={'avg_speed': 0.15, 'battery_charge': 0.634952869577942, 'battery_discharge_rate': 0.00054, 'id': 2, 'local_plan': [['navigation', ['IC Room 2', [[-19.0, 18.0, -1.57], [-19.0, 16.0], [-37.0, 16.0], [-37.0, 21.5], [-38.0, 21.5, 0.0]]], 'navto_room'], ['approach_person', ['nurse'], 'approach_nurse'], ['authenticate_person', ['nurse'], 'authenticate_nurse'], ['operate_drawer', ['open'], 'open_drawer_for_nurse'], ['send_message', ['nurse'], 'notify_nurse_of_open_drawer_for_nurse_completed'], ['wait_message', ['nurse'], 'wait_nurse_to_complete_deposit'], ['operate_drawer', ['close'], 'close_drawer_nurse'], ['navigation', ['Laboratory', [[-38.0, 21.5, 0.0], [-37.0, 21.5], [-37.0, 16.0], [-26.0, 16.0], [-26.0, 13.0, 1.57]]], 'navto_lab'], ['approach_robot', ['lab_arm'], 'approach_arm'], ['operate_drawer', ['open'], 'open_drawer_lab'], ['send_message', ['lab_arm'], 'notify_lab_arm_of_open_drawer_lab_completed'], ['wait_message', ['lab_arm'], 'wait_lab_arm_to_complete_pick_up_sample'], ['operate_drawer', ['close'], 'close_drawer_lab']], 'location': 'PC Room 6', 'name': 'r2', 'position': [-19.0, 18.0, -1.57], 'skills': ['approach_person', 'approach_robot', 'authenticate_person', 'navigation', 'operate_drawer']}, None, None
0.14, [DEBUG], logger, Simulation open, None, None
10.09, [INFO], robot2, {'battery-level': '63.01'}, None, None
10.09, [INFO], robot2, {'y': 17.404, 'x': -19.21, 'yaw': 3.141}, None, None
20.09, [INFO], robot2, {'battery-level': '62.47'}, None, None
20.09, [INFO], robot2, {'y': 16.168, 'x': -20.367, 'yaw': -3.142}, None, None
30.05, [INFO], robot2, {'battery-level': '61.93'}, None, None
30.05, [INFO], robot2, {'y': 16.178, 'x': -22.471, 'yaw': 3.141}, None, None
40.09, [INFO], robot2, {'battery-level': '61.39'}, None, None
40.09, [INFO], robot2, {'y': 16.136, 'x': -24.591, 'yaw': -3.141}, None, None
50.02, [INFO], robot2, {'y': 16.102, 'x': -26.694, 'yaw': -3.141}, None, None
50.02, [INFO], robot2, {'battery-level': '60.85'}, None, None
60.05, [INFO], robot2, {'y': 16.229, 'x': -28.806, 'yaw': 3.138}, None, None
60.05, [INFO], robot2, {'battery-level': '60.31'}, None, None
70.09, [INFO], robot2, {'battery-level': '59.77'}, None, None
70.09, [INFO], robot2, {'y': 16.118, 'x': -30.929, 'yaw': 3.141}, None, None
80.06, [INFO], robot2, {'battery-level': '59.23'}, None, None
80.06, [INFO], robot2, {'y': 15.748, 'x': -33.026, 'yaw': 3.142}, None, None
90.02, [INFO], robot2, {'y': 15.385, 'x': -35.116, 'yaw': 3.141}, None, None
90.02, [INFO], robot2, {'battery-level': '58.69'}, None, None
100.04, [INFO], robot2, {'y': 16.196, 'x': -36.946, 'yaw': 3.142}, None, None
100.04, [INFO], robot2, {'battery-level': '58.15'}, None, None
110.02, [INFO], robot2, {'battery-level': '57.61'}, None, None
110.02, [INFO], robot2, {'y': 18.292, 'x': -36.905, 'yaw': -3.142}, None, None
120.08, [INFO], robot2, {'battery-level': '57.07'}, None, None
120.08, [INFO], robot2, {'y': 20.416, 'x': -36.913, 'yaw': 3.141}, None, None
130.08, [INFO], robot2, {'battery-level': '56.53'}, None, None
130.08, [INFO], robot2, {'y': 21.534, 'x': -38.009, 'yaw': -3.141}, None, None
140.00, [INFO], robot2, {'battery-level': '55.99'}, None, None
140.00, [INFO], robot2, {'y': 21.422, 'x': -38.076, 'yaw': 3.141}, None, None
145.97, [info], nurse, sync, received-request, (status=sending-request)
145.97, [info], nurse, sync, request-sent, (status=waiting)
145.97, [info], nurse, sync, wait-message, (status=message-received)
150.01, [INFO], robot2, {'battery-level': '55.45'}, None, None
150.01, [INFO], robot2, {'y': 21.388, 'x': -37.47, 'yaw': -3.141}, None, None
160.03, [INFO], robot2, {'battery-level': '54.91'}, None, None
160.03, [INFO], robot2, {'y': 19.374, 'x': -37.139, 'yaw': -3.141}, None, None
170.00, [INFO], robot2, {'battery-level': '54.37'}, None, None
170.00, [INFO], robot2, {'y': 17.265, 'x': -37.084, 'yaw': -3.142}, None, None
180.09, [INFO], robot2, {'battery-level': '53.83'}, None, None
180.09, [INFO], robot2, {'y': 15.709, 'x': -36.146, 'yaw': 3.14}, None, None
190.07, [INFO], robot2, {'y': 15.346, 'x': -34.054, 'yaw': 3.141}, None, None
190.07, [INFO], robot2, {'battery-level': '53.29'}, None, None
200.01, [INFO], robot2, {'y': 15.463, 'x': -31.955, 'yaw': 3.142}, None, None
200.01, [INFO], robot2, {'battery-level': '52.75'}, None, None
210.03, [INFO], robot2, {'battery-level': '52.21'}, None, None
210.03, [INFO], robot2, {'y': 15.594, 'x': -29.836, 'yaw': -3.142}, None, None
220.08, [INFO], robot2, {'battery-level': '51.67'}, None, None
220.08, [INFO], robot2, {'y': 15.755, 'x': -27.715, 'yaw': 3.141}, None, None
229.96, [INFO], robot2, {'battery-level': '51.13'}, None, None
230.06, [INFO], robot2, {'y': 15.285, 'x': -25.915, 'yaw': 3.141}, None, None
240.03, [INFO], robot2, {'y': 13.199, 'x': -25.744, 'yaw': 3.141}, None, None
240.03, [INFO], robot2, {'battery-level': '50.59'}, None, None
250.08, [INFO], robot2, {'battery-level': '50.05'}, None, None
250.08, [INFO], robot2, {'y': 12.843, 'x': -25.989, 'yaw': -3.142}, None, None
251.16, [info], lab_arm, sync, wait-message, (status=message-received)
252.14, [WARN], robot2, SUCCESS, None, None
260.01, [INFO], robot2, {'battery-level': '49.51'}, None, None
260.01, [INFO], robot2, {'y': 12.857, 'x': -25.993, 'yaw': -3.142}, None, None
