0.00, [DEBUG], nurse, NURSE_CONFIG={'location': 'IC Room 6', 'position': [-33.9, 18.93, 3.14]}, None, None
0.00, [INFO], robot2, {'battery-level': '63.50'}, None, None
0.12, [DEBUG], logger, ROBOTS_CONFIG={'avg_speed': 0.15, 'battery_charge': 0.634952869577942, 'battery_discharge_rate': 0.00026000000000000003, 'id': 2, 'local_plan': [['navigation', ['IC Room 6', [[-19.0, 18.0, -1.57], [-19.0, 16.0], [-37.0, 16.0], [-37.0, 18.93], [-33.9, 18.93, 3.14]]], 'navto_room'], ['approach_person', ['nurse'], 'approach_nurse'], ['authenticate_person', ['nurse'], 'authenticate_nurse'], ['operate_drawer', ['open'], 'open_drawer_for_nurse'], ['send_message', ['nurse'], 'notify_nurse_of_open_drawer_for_nurse_completed'], ['wait_message', ['nurse'], 'wait_nurse_to_complete_deposit'], ['operate_drawer', ['close'], 'close_drawer_nurse'], ['navigation', ['Laboratory', [[-33.9, 18.93, 3.14], [-37.0, 18.93], [-37.0, 16.0], [-26.0, 16.0], [-26.0, 13.0, 1.57]]], 'navto_lab'], ['approach_robot', ['lab_arm'], 'approach_arm'], ['operate_drawer', ['open'], 'open_drawer_lab'], ['send_message', ['lab_arm'], 'notify_lab_arm_of_open_drawer_lab_completed'], ['wait_message', ['lab_arm'], 'wait_lab_arm_to_complete_pick_up_sample'], ['operate_drawer', ['close'], 'close_drawer_lab']], 'location': 'PC Room 6', 'name': 'r2', 'position': [-19.0, 18.0, -1.57], 'skills': ['approach_person', 'approach_robot', 'authenticate_person', 'navigation', 'operate_drawer']}, None, None
0.12, [DEBUG], logger, Simulation open, None, None
10.04, [INFO], robot2, {'y': 17.628, 'x': -19.125, 'yaw': 3.137}, None, None
10.04, [INFO], robot2, {'battery-level': '63.26'}, None, None
20.07, [INFO], robot2, {'y': 16.165, 'x': -20.121, 'yaw': 3.141}, None, None
20.07, [INFO], robot2, {'battery-level': '63.00'}, None, None
30.00, [INFO], robot2, {'y': 16.18, 'x': -22.234, 'yaw': -3.142}, None, None
30.00, [INFO], robot2, {'battery-level': '62.74'}, None, None
40.01, [INFO], robot2, {'y': 16.13, 'x': -24.341, 'yaw': 3.141}, None, None
40.01, [INFO], robot2, {'battery-level': '62.48'}, None, None
50.01, [INFO], robot2, {'y': 16.091, 'x': -26.457, 'yaw': 3.142}, None, None
50.01, [INFO], robot2, {'battery-level': '62.22'}, None, None
60.04, [INFO], robot2, {'battery-level': '61.96'}, None, None
60.04, [INFO], robot2, {'y': 16.173, 'x': -28.578, 'yaw': 3.142}, None, None
70.06, [INFO], robot2, {'battery-level': '61.70'}, None, None
70.06, [INFO], robot2, {'y': 16.158, 'x': -30.699, 'yaw': 3.142}, None, None
80.08, [INFO], robot2, {'y': 15.81, 'x': -32.79, 'yaw': -3.142}, None, None
80.08, [INFO], robot2, {'battery-level': '61.44'}, None, None
90.04, [INFO], robot2, {'battery-level': '61.18'}, None, None
90.04, [INFO], robot2, {'y': 15.406, 'x': -34.868, 'yaw': 3.141}, None, None
100.06, [INFO], robot2, {'y': 16.103, 'x': -36.704, 'yaw': 3.141}, None, None
100.06, [INFO], robot2, {'battery-level': '60.92'}, None, None
110.09, [INFO], robot2, {'y': 17.601, 'x': -36.757, 'yaw': -3.142}, None, None
110.09, [INFO], robot2, {'battery-level': '60.66'}, None, None
120.04, [INFO], robot2, {'battery-level': '60.40'}, None, None
120.04, [INFO], robot2, {'y': 17.6, 'x': -36.757, 'yaw': -3.142}, None, None
130.07, [INFO], robot2, {'battery-level': '60.14'}, None, None
130.07, [INFO], robot2, {'y': 17.599, 'x': -36.757, 'yaw': 3.14}, None, None
140.04, [INFO], robot2, {'battery-level': '59.88'}, None, None
140.04, [INFO], robot2, {'y': 17.809, 'x': -36.497, 'yaw': 3.142}, None, None
150.09, [INFO], robot2, {'y': 18.075, 'x': -35.951, 'yaw': 3.14}, None, None
150.09, [INFO], robot2, {'battery-level': '59.62'}, None, None
160.03, [INFO], robot2, {'battery-level': '59.36'}, None, None
160.03, [INFO], robot2, {'y': 18.135, 'x': -35.677, 'yaw': -3.142}, None, None
170.06, [INFO], robot2, {'battery-level': '59.10'}, None, None
170.06, [INFO], robot2, {'y': 18.434, 'x': -35.657, 'yaw': 3.141}, None, None
172.22, [WARN], robot2, SKILL-FAILURE, navigation, navto_room
