0.00, [INFO], robot2, {'battery-level': '63.50'}, None, None
0.14, [DEBUG], logger, ROBOTS_CONFIG={'avg_speed': 0.15, 'battery_charge': 0.634952869577942, 'battery_discharge_rate': 0.00026000000000000003, 'id': 2, 'local_plan': [['navigation', ['IC Room 2', [[-19.0, 18.0, -1.57], [-19.0, 16.0], [-37.0, 16.0], [-37.0, 21.5], [-38.0, 21.5, 0.0]]], 'navto_room'], ['approach_person', ['nurse'], 'approach_nurse'], ['authenticate_person', ['nurse'], 'authenticate_nurse'], ['operate_drawer', ['open'], 'open_drawer_for_nurse'], ['send_message', ['nurse'], 'notify_nurse_of_open_drawer_for_nurse_completed'], ['wait_message', ['nurse'], 'wait_nurse_to_complete_deposit'], ['operate_drawer', ['close'], 'close_drawer_nurse'], ['navigation', ['Laboratory', [[-38.0, 21.5, 0.0], [-37.0, 21.5], [-37.0, 16.0], [-26.0, 16.0], [-26.0, 13.0, 1.57]]], 'navto_lab'], ['approach_robot', ['lab_arm'], 'approach_arm'], ['operate_drawer', ['open'], 'open_drawer_lab'], ['send_message', ['lab_arm'], 'notify_lab_arm_of_open_drawer_lab_completed'], ['wait_message', ['lab_arm'], 'wait_lab_arm_to_complete_pick_up_sample'], ['operate_drawer', ['close'], 'close_drawer_lab']], 'location': 'PC Room 6', 'name': 'r2', 'position': [-19.0, 18.0, -1.57], 'skills': ['approach_person', 'approach_robot', 'authenticate_person', 'navigation', 'operate_drawer']}, None, None
0.14, [DEBUG], logger, Simulation open, None, None
10.10, [INFO], robot2, {'battery-level': '63.26'}, None, None
10.10, [INFO], robot2, {'y': 17.511, 'x': -19.156, 'yaw': -3.141}, None, None
20.01, [INFO], robot2, {'battery-level': '63.00'}, None, None
20.01, [INFO], robot2, {'y': 16.163, 'x': -20.156, 'yaw': -3.142}, None, None
30.03, [INFO], robot2, {'battery-level': '62.74'}, None, None
30.03, [INFO], robot2, {'y': 16.136, 'x': -22.28, 'yaw': -3.142}, None, None
40.05, [INFO], robot2, {'battery-level': '62.48'}, None, None
40.05, [INFO], robot2, {'y': 16.084, 'x': -24.386, 'yaw': 3.14}, None, None
50.06, [INFO], robot2, {'battery-level': '62.22'}, None, None
50.06, [INFO], robot2, {'y': 16.092, 'x': -26.501, 'yaw': -3.14}, None, None
60.06, [INFO], robot2, {'battery-level': '61.96'}, None, None
60.06, [INFO], robot2, {'y': 16.184, 'x': -28.607, 'yaw': 3.142}, None, None
70.08, [INFO], robot2, {'battery-level': '61.70'}, None, None
70.08, [INFO], robot2, {'y': 16.1, 'x': -30.723, 'yaw': -3.142}, None, None
80.08, [INFO], robot2, {'battery-level': '61.44'}, None, None
80.08, [INFO], robot2, {'y': 15.823, 'x': -32.835, 'yaw': -3.142}, None, None
90.01, [INFO], robot2, {'y': 15.346, 'x': -34.9, 'yaw': 3.141}, None, None
90.01, [INFO], robot2, {'battery-level': '61.18'}, None, None
100.08, [INFO], robot2, {'battery-level': '60.92'}, None, None
100.08, [INFO], robot2, {'y': 16.178, 'x': -36.542, 'yaw': -3.141}, None, None
110.02, [INFO], robot2, {'y': 18.273, 'x': -36.581, 'yaw': -3.142}, None, None
110.02, [INFO], robot2, {'battery-level': '60.66'}, None, None
120.06, [INFO], robot2, {'battery-level': '60.40'}, None, None
120.06, [INFO], robot2, {'y': 20.397, 'x': -36.796, 'yaw': 3.142}, None, None
130.03, [INFO], robot2, {'battery-level': '60.14'}, None, None
130.03, [INFO], robot2, {'y': 21.523, 'x': -37.97, 'yaw': 3.141}, None, None
139.00, [info], nurse, sync, received-request, (status=sending-request)
139.00, [info], nurse, sync, request-sent, (status=waiting)
139.00, [info], nurse, sync, wait-message, (status=message-received)
140.08, [INFO], robot2, {'y': 21.408, 'x': -38.07, 'yaw': 3.142}, None, None
140.08, [INFO], robot2, {'battery-level': '59.88'}, None, None
150.08, [INFO], robot2, {'y': 20.026, 'x': -37.19, 'yaw': 3.141}, None, None
150.08, [INFO], robot2, {'battery-level': '59.62'}, None, None
160.07, [INFO], robot2, {'battery-level': '59.36'}, None, None
160.07, [INFO], robot2, {'y': 17.906, 'x': -37.138, 'yaw': 3.141}, None, None
170.03, [INFO], robot2, {'battery-level': '59.10'}, None, None
170.03, [INFO], robot2, {'y': 16.078, 'x': -36.601, 'yaw': 3.142}, None, None
180.01, [INFO], robot2, {'battery-level': '58.84'}, None, None
180.01, [INFO], robot2, {'y': 15.394, 'x': -34.571, 'yaw': 3.142}, None, None
190.09, [INFO], robot2, {'battery-level': '58.58'}, None, None
190.09, [INFO], robot2, {'y': 15.54, 'x': -32.434, 'yaw': 3.142}, None, None
200.08, [INFO], robot2, {'battery-level': '58.32'}, None, None
200.08, [INFO], robot2, {'y': 15.638, 'x': -30.327, 'yaw': 3.141}, None, None
210.05, [INFO], robot2, {'battery-level': '58.06'}, None, None
210.05, [INFO], robot2, {'y': 15.847, 'x': -28.215, 'yaw': 3.142}, None, None
220.00, [INFO], robot2, {'battery-level': '57.80'}, None, None
220.00, [INFO], robot2, {'y': 15.722, 'x': -26.136, 'yaw': -3.141}, None, None
230.09, [INFO], robot2, {'battery-level': '57.54'}, None, None
230.09, [INFO], robot2, {'y': 13.664, 'x': -25.709, 'yaw': -3.142}, None, None
240.01, [INFO], robot2, {'y': 12.914, 'x': -25.982, 'yaw': -3.142}, None, None
240.01, [INFO], robot2, {'battery-level': '57.28'}, None, None
242.46, [info], lab_arm, sync, wait-message, (status=message-received)
243.44, [WARN], robot2, SUCCESS, None, None
250.04, [INFO], robot2, {'battery-level': '57.02'}, None, None
250.04, [INFO], robot2, {'y': 12.911, 'x': -25.98, 'yaw': -3.142}, None, None
260.04, [INFO], robot2, {'battery-level': '56.76'}, None, None
260.04, [INFO], robot2, {'y': 12.911, 'x': -25.98, 'yaw': 3.142}, None, None
