0.13, [DEBUG], logger, ROBOTS_CONFIG={'avg_speed': 0.15, 'battery_charge': 0.5408465660492595, 'battery_discharge_rate': 0.00038, 'id': 6, 'local_plan': [['navigation', ['IC Room 6', [[-32.88, 33.98, 3.14], [-37.0, 33.98], [-37.0, 18.93], [-33.9, 18.93, 3.14]]], 'navto_room'], ['approach_person', ['nurse'], 'approach_nurse'], ['authenticate_person', ['nurse'], 'authenticate_nurse'], ['operate_drawer', ['open'], 'open_drawer_for_nurse'], ['send_message', ['nurse'], 'notify_nurse_of_open_drawer_for_nurse_completed'], ['wait_message', ['nurse'], 'wait_nurse_to_complete_deposit'], ['operate_drawer', ['close'], 'close_drawer_nurse'], ['navigation', ['Laboratory', [[-33.9, 18.93, 3.14], [-37.0, 18.93], [-37.0, 16.0], [-26.0, 16.0], [-26.0, 13.0, 1.57]]], 'navto_lab'], ['approach_robot', ['lab_arm'], 'approach_arm'], ['operate_drawer', ['open'], 'open_drawer_lab'], ['send_message', ['lab_arm'], 'notify_lab_arm_of_open_drawer_lab_completed'], ['wait_message', ['lab_arm'], 'wait_lab_arm_to_complete_pick_up_sample'], ['operate_drawer', ['close'], 'close_drawer_lab']], 'location': 'IC Room 5', 'name': 'r6', 'position': [-32.88, 33.98, 3.14], 'skills': ['approach_person', 'approach_robot', 'authenticate_person', 'navigation', 'operate_drawer']}, None, None
0.13, [DEBUG], logger, Simulation open, None, None
10.06, [INFO], robot6, {'battery-level': '53.74'}, None, None
10.06, [INFO], robot6, {'y': 34.163, 'x': -33.393, 'yaw': 3.141}, None, None
20.03, [INFO], robot6, {'y': 34.707, 'x': -35.44, 'yaw': 3.14}, None, None
20.03, [INFO], robot6, {'battery-level': '53.36'}, None, None
30.05, [INFO], robot6, {'y': 33.518, 'x': -37.032, 'yaw': -3.142}, None, None
30.05, [INFO], robot6, {'battery-level': '52.98'}, None, None
40.06, [INFO], robot6, {'y': 31.39, 'x': -36.99, 'yaw': -3.141}, None, None
40.06, [INFO], robot6, {'battery-level': '52.60'}, None, None
50.04, [INFO], robot6, {'y': 29.274, 'x': -37.044, 'yaw': -3.142}, None, None
50.04, [INFO], robot6, {'battery-level': '52.22'}, None, None
60.05, [INFO], robot6, {'battery-level': '51.84'}, None, None
60.05, [INFO], robot6, {'y': 27.135, 'x': -36.988, 'yaw': -3.142}, None, None
70.06, [INFO], robot6, {'battery-level': '51.46'}, None, None
70.06, [INFO], robot6, {'y': 25.015, 'x': -36.987, 'yaw': 3.142}, None, None
80.09, [INFO], robot6, {'y': 22.885, 'x': -37.08, 'yaw': 3.141}, None, None
80.09, [INFO], robot6, {'battery-level': '51.08'}, None, None
90.09, [INFO], robot6, {'y': 20.77, 'x': -37.148, 'yaw': -3.142}, None, None
90.09, [INFO], robot6, {'battery-level': '50.70'}, None, None
100.00, [INFO], robot6, {'battery-level': '50.32'}, None, None
100.00, [INFO], robot6, {'y': 18.697, 'x': -36.854, 'yaw': 3.141}, None, None
110.09, [INFO], robot6, {'battery-level': '49.94'}, None, None
110.09, [INFO], robot6, {'y': 17.58, 'x': -35.094, 'yaw': -3.142}, None, None
120.07, [INFO], robot6, {'battery-level': '49.56'}, None, None
120.07, [INFO], robot6, {'y': 18.899, 'x': -33.94, 'yaw': 3.142}, None, None
130.05, [INFO], robot6, {'battery-level': '49.18'}, None, None
130.05, [INFO], robot6, {'y': 18.952, 'x': -33.912, 'yaw': -3.142}, None, None
140.05, [INFO], robot6, {'battery-level': '48.80'}, None, None
140.05, [INFO], robot6, {'y': 18.952, 'x': -33.912, 'yaw': 3.142}, None, None
150.03, [INFO], robot6, {'battery-level': '48.42'}, None, None
150.03, [INFO], robot6, {'y': 18.952, 'x': -33.912, 'yaw': -3.142}, None, None
160.00, [INFO], robot6, {'y': 18.952, 'x': -33.912, 'yaw': -3.142}, None, None
160.00, [INFO], robot6, {'battery-level': '48.04'}, None, None
170.01, [INFO], robot6, {'battery-level': '47.66'}, None, None
170.01, [INFO], robot6, {'y': 18.952, 'x': -33.911, 'yaw': 3.142}, None, None
180.02, [INFO], robot6, {'battery-level': '47.28'}, None, None
180.02, [INFO], robot6, {'y': 18.952, 'x': -33.911, 'yaw': -3.142}, None, None
190.04, [INFO], robot6, {'battery-level': '46.90'}, None, None
190.04, [INFO], robot6, {'y': 18.952, 'x': -33.911, 'yaw': -3.142}, None, None
200.06, [INFO], robot6, {'battery-level': '46.52'}, None, None
200.06, [INFO], robot6, {'y': 18.952, 'x': -33.911, 'yaw': -3.142}, None, None
210.08, [INFO], robot6, {'y': 18.952, 'x': -33.911, 'yaw': 3.142}, None, None
210.08, [INFO], robot6, {'battery-level': '46.14'}, None, None
220.09, [INFO], robot6, {'battery-level': '45.76'}, None, None
220.09, [INFO], robot6, {'y': 18.952, 'x': -33.911, 'yaw': -3.142}, None, None
230.04, [INFO], robot6, {'battery-level': '45.38'}, None, None
230.04, [INFO], robot6, {'y': 18.952, 'x': -33.911, 'yaw': 3.142}, None, None
240.03, [INFO], robot6, {'battery-level': '45.00'}, None, None
240.03, [INFO], robot6, {'y': 18.952, 'x': -33.911, 'yaw': -3.142}, None, None
250.06, [INFO], robot6, {'battery-level': '44.62'}, None, None
250.06, [INFO], robot6, {'y': 18.952, 'x': -33.911, 'yaw': -3.142}, None, None
260.05, [INFO], robot6, {'y': 18.952, 'x': -33.911, 'yaw': -3.142}, None, None
260.05, [INFO], robot6, {'battery-level': '44.24'}, None, None
270.07, [INFO], robot6, {'battery-level': '43.86'}, None, None
270.07, [INFO], robot6, {'y': 18.952, 'x': -33.911, 'yaw': 3.142}, None, None
280.07, [INFO], robot6, {'y': 18.952, 'x': -33.911, 'yaw': 3.142}, None, None
280.07, [INFO], robot6, {'battery-level': '43.48'}, None, None
290.10, [INFO], robot6, {'battery-level': '43.10'}, None, None
290.10, [INFO], robot6, {'y': 18.952, 'x': -33.911, 'yaw': -3.142}, None, None
300.03, [INFO], robot6, {'battery-level': '42.72'}, None, None
300.03, [INFO], robot6, {'y': 18.952, 'x': -33.911, 'yaw': 3.142}, None, None
310.05, [INFO], robot6, {'battery-level': '42.34'}, None, None
310.05, [INFO], robot6, {'y': 18.952, 'x': -33.911, 'yaw': -3.142}, None, None
320.08, [INFO], robot6, {'y': 18.952, 'x': -33.911, 'yaw': 3.142}, None, None
320.08, [INFO], robot6, {'battery-level': '41.96'}, None, None
330.09, [INFO], robot6, {'battery-level': '41.58'}, None, None
330.09, [INFO], robot6, {'y': 18.952, 'x': -33.91, 'yaw': -3.142}, None, None
340.01, [INFO], robot6, {'battery-level': '41.20'}, None, None
340.01, [INFO], robot6, {'y': 18.952, 'x': -33.91, 'yaw': 3.142}, None, None
350.02, [INFO], robot6, {'battery-level': '40.82'}, None, None
350.02, [INFO], robot6, {'y': 18.952, 'x': -33.91, 'yaw': 3.142}, None, None
360.02, [INFO], robot6, {'battery-level': '40.44'}, None, None
360.02, [INFO], robot6, {'y': 18.952, 'x': -33.91, 'yaw': -3.142}, None, None
370.03, [INFO], robot6, {'battery-level': '40.06'}, None, None
370.03, [INFO], robot6, {'y': 18.952, 'x': -33.91, 'yaw': -3.142}, None, None
380.03, [INFO], robot6, {'y': 18.952, 'x': -33.91, 'yaw': -3.142}, None, None
380.03, [INFO], robot6, {'battery-level': '39.68'}, None, None
390.05, [INFO], robot6, {'battery-level': '39.30'}, None, None
390.05, [INFO], robot6, {'y': 18.952, 'x': -33.91, 'yaw': -3.142}, None, None
400.09, [INFO], robot6, {'y': 18.952, 'x': -33.91, 'yaw': 3.142}, None, None
400.09, [INFO], robot6, {'battery-level': '38.92'}, None, None
410.00, [INFO], robot6, {'battery-level': '38.54'}, None, None
410.00, [INFO], robot6, {'y': 18.952, 'x': -33.91, 'yaw': -3.142}, None, None
420.00, [INFO], robot6, {'battery-level': '38.16'}, None, None
420.00, [INFO], robot6, {'y': 18.952, 'x': -33.91, 'yaw': 3.142}, None, None
430.03, [INFO], robot6, {'battery-level': '37.78'}, None, None
430.03, [INFO], robot6, {'y': 18.952, 'x': -33.91, 'yaw': 3.142}, None, None
440.05, [INFO], robot6, {'battery-level': '37.40'}, None, None
440.05, [INFO], robot6, {'y': 18.952, 'x': -33.91, 'yaw': -3.142}, None, None
450.07, [INFO], robot6, {'battery-level': '37.02'}, None, None
450.07, [INFO], robot6, {'y': 18.952, 'x': -33.91, 'yaw': -3.142}, None, None
460.08, [INFO], robot6, {'y': 18.952, 'x': -33.91, 'yaw': -3.142}, None, None
460.08, [INFO], robot6, {'battery-level': '36.64'}, None, None
470.09, [INFO], robot6, {'battery-level': '36.26'}, None, None
470.09, [INFO], robot6, {'y': 18.952, 'x': -33.91, 'yaw': -3.142}, None, None
480.01, [INFO], robot6, {'battery-level': '35.88'}, None, None
480.01, [INFO], robot6, {'y': 18.952, 'x': -33.91, 'yaw': 3.142}, None, None
490.04, [INFO], robot6, {'y': 18.952, 'x': -33.91, 'yaw': -3.142}, None, None
490.04, [INFO], robot6, {'battery-level': '35.50'}, None, None
500.07, [INFO], robot6, {'y': 18.952, 'x': -33.909, 'yaw': 3.142}, None, None
500.07, [INFO], robot6, {'battery-level': '35.12'}, None, None
510.10, [INFO], robot6, {'battery-level': '34.74'}, None, None
510.10, [INFO], robot6, {'y': 18.952, 'x': -33.909, 'yaw': -3.142}, None, None
520.09, [INFO], robot6, {'battery-level': '34.36'}, None, None
520.09, [INFO], robot6, {'y': 18.952, 'x': -33.909, 'yaw': 3.142}, None, None
530.01, [INFO], robot6, {'battery-level': '33.98'}, None, None
530.01, [INFO], robot6, {'y': 18.952, 'x': -33.909, 'yaw': 3.142}, None, None
540.03, [INFO], robot6, {'battery-level': '33.60'}, None, None
540.03, [INFO], robot6, {'y': 18.952, 'x': -33.909, 'yaw': -3.142}, None, None
550.05, [INFO], robot6, {'battery-level': '33.22'}, None, None
550.05, [INFO], robot6, {'y': 18.952, 'x': -33.909, 'yaw': -3.142}, None, None
560.05, [INFO], robot6, {'battery-level': '32.84'}, None, None
560.05, [INFO], robot6, {'y': 18.952, 'x': -33.909, 'yaw': -3.142}, None, None
570.08, [INFO], robot6, {'y': 18.952, 'x': -33.909, 'yaw': 3.142}, None, None
570.08, [INFO], robot6, {'battery-level': '32.46'}, None, None
580.10, [INFO], robot6, {'battery-level': '32.08'}, None, None
580.10, [INFO], robot6, {'y': 18.952, 'x': -33.909, 'yaw': -3.142}, None, None
590.02, [INFO], robot6, {'battery-level': '31.70'}, None, None
590.02, [INFO], robot6, {'y': 18.952, 'x': -33.909, 'yaw': -3.142}, None, None
600.02, [INFO], robot6, {'battery-level': '31.32'}, None, None
600.02, [INFO], robot6, {'y': 18.952, 'x': -33.909, 'yaw': 3.142}, None, None
610.05, [INFO], robot6, {'y': 18.952, 'x': -33.909, 'yaw': 3.142}, None, None
610.05, [INFO], robot6, {'battery-level': '30.94'}, None, None
620.06, [INFO], robot6, {'y': 18.952, 'x': -33.909, 'yaw': 3.142}, None, None
620.06, [INFO], robot6, {'battery-level': '30.56'}, None, None
630.07, [INFO], robot6, {'y': 18.952, 'x': -33.909, 'yaw': 3.142}, None, None
630.07, [INFO], robot6, {'battery-level': '30.18'}, None, None
640.06, [INFO], robot6, {'battery-level': '29.80'}, None, None
640.06, [INFO], robot6, {'y': 18.952, 'x': -33.909, 'yaw': 3.142}, None, None
650.08, [INFO], robot6, {'battery-level': '29.42'}, None, None
650.08, [INFO], robot6, {'y': 18.952, 'x': -33.909, 'yaw': -3.142}, None, None
660.10, [INFO], robot6, {'battery-level': '29.04'}, None, None
660.10, [INFO], robot6, {'y': 18.952, 'x': -33.909, 'yaw': 3.142}, None, None
670.02, [INFO], robot6, {'battery-level': '28.66'}, None, None
670.02, [INFO], robot6, {'y': 18.952, 'x': -33.908, 'yaw': 3.142}, None, None
680.03, [INFO], robot6, {'y': 18.952, 'x': -33.908, 'yaw': -3.142}, None, None
680.03, [INFO], robot6, {'battery-level': '28.28'}, None, None
690.04, [INFO], robot6, {'y': 18.952, 'x': -33.908, 'yaw': -3.142}, None, None
690.04, [INFO], robot6, {'battery-level': '27.90'}, None, None
700.03, [INFO], robot6, {'battery-level': '27.52'}, None, None
700.03, [INFO], robot6, {'y': 18.952, 'x': -33.908, 'yaw': 3.142}, None, None
710.01, [INFO], robot6, {'y': 18.951, 'x': -33.908, 'yaw': 3.142}, None, None
710.01, [INFO], robot6, {'battery-level': '27.14'}, None, None
720.09, [INFO], robot6, {'battery-level': '26.76'}, None, None
720.09, [INFO], robot6, {'y': 18.951, 'x': -33.908, 'yaw': -3.142}, None, None
730.10, [INFO], robot6, {'y': 18.951, 'x': -33.908, 'yaw': -3.142}, None, None
730.10, [INFO], robot6, {'battery-level': '26.38'}, None, None
740.09, [INFO], robot6, {'y': 18.951, 'x': -33.908, 'yaw': -3.142}, None, None
740.09, [INFO], robot6, {'battery-level': '26.00'}, None, None
750.01, [INFO], robot6, {'battery-level': '25.62'}, None, None
750.01, [INFO], robot6, {'y': 18.951, 'x': -33.908, 'yaw': 3.142}, None, None
760.04, [INFO], robot6, {'y': 18.951, 'x': -33.908, 'yaw': -3.142}, None, None
760.04, [INFO], robot6, {'battery-level': '25.24'}, None, None
770.06, [INFO], robot6, {'y': 18.951, 'x': -33.908, 'yaw': 3.142}, None, None
770.06, [INFO], robot6, {'battery-level': '24.86'}, None, None
780.07, [INFO], robot6, {'y': 18.951, 'x': -33.908, 'yaw': -3.142}, None, None
780.07, [INFO], robot6, {'battery-level': '24.48'}, None, None
790.09, [INFO], robot6, {'battery-level': '24.10'}, None, None
790.09, [INFO], robot6, {'y': 18.951, 'x': -33.908, 'yaw': -3.142}, None, None
800.02, [INFO], robot6, {'battery-level': '23.72'}, None, None
800.02, [INFO], robot6, {'y': 18.951, 'x': -33.908, 'yaw': 3.142}, None, None
810.06, [INFO], robot6, {'battery-level': '23.34'}, None, None
810.06, [INFO], robot6, {'y': 18.951, 'x': -33.908, 'yaw': -3.142}, None, None
820.08, [INFO], robot6, {'battery-level': '22.96'}, None, None
820.08, [INFO], robot6, {'y': 18.951, 'x': -33.908, 'yaw': 3.142}, None, None
830.02, [INFO], robot6, {'battery-level': '22.58'}, None, None
830.02, [INFO], robot6, {'y': 18.951, 'x': -33.908, 'yaw': -3.142}, None, None
840.02, [INFO], robot6, {'battery-level': '22.20'}, None, None
840.02, [INFO], robot6, {'y': 18.951, 'x': -33.907, 'yaw': -3.142}, None, None

[WARN], logger, TIMEOUT, None, None
