0.00, [DEBUG], nurse, NURSE_CONFIG={'location': 'IC Room 6', 'position': [-33.9, 18.93, 3.14]}, None, None
0.00, [INFO], robot6, {'battery-level': '54.08'}, None, None
0.13, [DEBUG], logger, ROBOTS_CONFIG={'avg_speed': 0.15, 'battery_charge': 0.5408465660492595, 'battery_discharge_rate': 0.00038, 'id': 6, 'local_plan': [['navigation', ['IC Room 6', [[-32.88, 33.98, 3.14], [-37.0, 33.98], [-37.0, 18.93], [-33.9, 18.93, 3.14]]], 'navto_room'], ['approach_person', ['nurse'], 'approach_nurse'], ['authenticate_person', ['nurse'], 'authenticate_nurse'], ['operate_drawer', ['open'], 'open_drawer_for_nurse'], ['send_message', ['nurse'], 'notify_nurse_of_open_drawer_for_nurse_completed'], ['wait_message', ['nurse'], 'wait_nurse_to_complete_deposit'], ['operate_drawer', ['close'], 'close_drawer_nurse'], ['navigation', ['Laboratory', [[-33.9, 18.93, 3.14], [-37.0, 18.93], [-37.0, 16.0], [-26.0, 16.0], [-26.0, 13.0, 1.57]]], 'navto_lab'], ['approach_robot', ['lab_arm'], 'approach_arm'], ['operate_drawer', ['open'], 'open_drawer_lab'], ['send_message', ['lab_arm'], 'notify_lab_arm_of_open_drawer_lab_completed'], ['wait_message', ['lab_arm'], 'wait_lab_arm_to_complete_pick_up_sample'], ['operate_drawer', ['close'], 'close_drawer_lab']], 'location': 'IC Room 5', 'name': 'r6', 'position': [-32.88, 33.98, 3.14], 'skills': ['approach_person', 'approach_robot', 'authenticate_person', 'navigation', 'operate_drawer']}, None, None
0.13, [DEBUG], logger, Simulation open, None, None
10.03, [INFO], robot6, {'battery-level': '53.74'}, None, None
10.03, [INFO], robot6, {'y': 34.051, 'x': -33.191, 'yaw': -3.142}, None, None
20.00, [INFO], robot6, {'battery-level': '53.36'}, None, None
20.00, [INFO], robot6, {'y': 34.73, 'x': -35.186, 'yaw': -3.142}, None, None
30.07, [INFO], robot6, {'battery-level': '52.98'}, None, None
30.07, [INFO], robot6, {'y': 33.749, 'x': -37.012, 'yaw': 3.142}, None, None
40.04, [INFO], robot6, {'battery-level': '52.60'}, None, None
40.04, [INFO], robot6, {'y': 31.65, 'x': -37.009, 'yaw': -3.142}, None, None
49.92, [INFO], robot6, {'battery-level': '52.22'}, None, None
50.02, [INFO], robot6, {'y': 29.549, 'x': -36.975, 'yaw': -3.142}, None, None
60.09, [INFO], robot6, {'battery-level': '51.84'}, None, None
60.09, [INFO], robot6, {'y': 27.42, 'x': -36.994, 'yaw': 3.141}, None, None
70.02, [INFO], robot6, {'battery-level': '51.46'}, None, None
70.02, [INFO], robot6, {'y': 25.335, 'x': -36.992, 'yaw': -3.142}, None, None
80.01, [INFO], robot6, {'battery-level': '51.08'}, None, None
80.01, [INFO], robot6, {'y': 23.222, 'x': -36.994, 'yaw': 3.141}, None, None
90.09, [INFO], robot6, {'y': 21.101, 'x': -37.098, 'yaw': 3.142}, None, None
90.09, [INFO], robot6, {'battery-level': '50.70'}, None, None
100.04, [INFO], robot6, {'battery-level': '50.32'}, None, None
100.04, [INFO], robot6, {'y': 18.997, 'x': -36.976, 'yaw': 3.141}, None, None
110.09, [INFO], robot6, {'y': 17.7, 'x': -35.327, 'yaw': -3.141}, None, None
110.09, [INFO], robot6, {'battery-level': '49.94'}, None, None
120.05, [INFO], robot6, {'y': 18.862, 'x': -33.938, 'yaw': 3.142}, None, None
120.05, [INFO], robot6, {'battery-level': '49.56'}, None, None
125.97, [info], nurse, sync, received-request, (status=sending-request)
125.97, [info], nurse, sync, request-sent, (status=waiting)
125.97, [info], nurse, sync, wait-message, (status=message-received)
130.04, [INFO], robot6, {'y': 18.629, 'x': -34.333, 'yaw': 3.142}, None, None
130.04, [INFO], robot6, {'battery-level': '49.18'}, None, None
140.01, [INFO], robot6, {'battery-level': '48.80'}, None, None
140.01, [INFO], robot6, {'y': 17.88, 'x': -35.983, 'yaw': -3.142}, None, None
150.08, [INFO], robot6, {'y': 17.416, 'x': -37.081, 'yaw': 3.142}, None, None
150.08, [INFO], robot6, {'battery-level': '48.42'}, None, None
160.07, [INFO], robot6, {'y': 17.372, 'x': -36.94, 'yaw': 3.141}, None, None
160.07, [INFO], robot6, {'battery-level': '48.04'}, None, None
170.05, [INFO], robot6, {'y': 17.258, 'x': -36.958, 'yaw': -3.142}, None, None
170.05, [INFO], robot6, {'battery-level': '47.66'}, None, None
180.04, [INFO], robot6, {'y': 17.258, 'x': -36.842, 'yaw': -3.141}, None, None
180.04, [INFO], robot6, {'battery-level': '47.28'}, None, None
190.02, [INFO], robot6, {'battery-level': '46.90'}, None, None
190.02, [INFO], robot6, {'y': 17.41, 'x': -37.083, 'yaw': -3.141}, None, None
200.00, [INFO], robot6, {'y': 17.281, 'x': -36.895, 'yaw': -3.142}, None, None
200.00, [INFO], robot6, {'battery-level': '46.52'}, None, None
210.09, [INFO], robot6, {'battery-level': '46.14'}, None, None
210.09, [INFO], robot6, {'y': 17.407, 'x': -36.958, 'yaw': -3.141}, None, None
220.08, [INFO], robot6, {'battery-level': '45.76'}, None, None
220.08, [INFO], robot6, {'y': 17.354, 'x': -36.812, 'yaw': 3.142}, None, None
230.06, [INFO], robot6, {'y': 17.442, 'x': -37.085, 'yaw': 3.141}, None, None
230.06, [INFO], robot6, {'battery-level': '45.38'}, None, None
240.03, [INFO], robot6, {'battery-level': '45.00'}, None, None
240.03, [INFO], robot6, {'y': 17.267, 'x': -36.793, 'yaw': -3.142}, None, None
250.00, [INFO], robot6, {'battery-level': '44.62'}, None, None
250.00, [INFO], robot6, {'y': 17.308, 'x': -36.937, 'yaw': -3.141}, None, None
260.07, [INFO], robot6, {'battery-level': '44.24'}, None, None
260.07, [INFO], robot6, {'y': 17.395, 'x': -36.93, 'yaw': 3.142}, None, None
270.03, [INFO], robot6, {'battery-level': '43.86'}, None, None
270.03, [INFO], robot6, {'y': 17.437, 'x': -36.875, 'yaw': -3.141}, None, None
280.02, [INFO], robot6, {'battery-level': '43.48'}, None, None
280.02, [INFO], robot6, {'y': 17.428, 'x': -37.077, 'yaw': 3.141}, None, None
290.09, [INFO], robot6, {'battery-level': '43.10'}, None, None
290.09, [INFO], robot6, {'y': 17.363, 'x': -36.981, 'yaw': 3.141}, None, None
300.09, [INFO], robot6, {'y': 17.232, 'x': -37.016, 'yaw': -3.141}, None, None
300.09, [INFO], robot6, {'battery-level': '42.72'}, None, None
310.07, [INFO], robot6, {'y': 17.345, 'x': -36.836, 'yaw': -3.141}, None, None
310.07, [INFO], robot6, {'battery-level': '42.34'}, None, None
314.81, [WARN], robot6, SKILL-FAILURE, navigation, navto_lab
320.00, [INFO], robot6, {'y': 17.438, 'x': -37.024, 'yaw': -3.142}, None, None
320.00, [INFO], robot6, {'battery-level': '41.96'}, None, None
