0.00, [INFO], robot2, {'battery-level': '63.50'}, None, None
0.14, [DEBUG], logger, ROBOTS_CONFIG={'avg_speed': 0.15, 'battery_charge': 0.634952869577942, 'battery_discharge_rate': 0.00054, 'id': 2, 'local_plan': [['navigation', ['IC Room 6', [[-19.0, 18.0, -1.57], [-19.0, 16.0], [-37.0, 16.0], [-37.0, 18.93], [-33.9, 18.93, 3.14]]], 'navto_room'], ['approach_person', ['nurse'], 'approach_nurse'], ['authenticate_person', ['nurse'], 'authenticate_nurse'], ['operate_drawer', ['open'], 'open_drawer_for_nurse'], ['send_message', ['nurse'], 'notify_nurse_of_open_drawer_for_nurse_completed'], ['wait_message', ['nurse'], 'wait_nurse_to_complete_deposit'], ['operate_drawer', ['close'], 'close_drawer_nurse'], ['navigation', ['Laboratory', [[-33.9, 18.93, 3.14], [-37.0, 18.93], [-37.0, 16.0], [-26.0, 16.0], [-26.0, 13.0, 1.57]]], 'navto_lab'], ['approach_robot', ['lab_arm'], 'approach_arm'], ['operate_drawer', ['open'], 'open_drawer_lab'], ['send_message', ['lab_arm'], 'notify_lab_arm_of_open_drawer_lab_completed'], ['wait_message', ['lab_arm'], 'wait_lab_arm_to_complete_pick_up_sample'], ['operate_drawer', ['close'], 'close_drawer_lab']], 'location': 'PC Room 6', 'name': 'r2', 'position': [-19.0, 18.0, -1.57], 'skills': ['approach_person', 'approach_robot', 'authenticate_person', 'navigation', 'operate_drawer']}, None, None
0.14, [DEBUG], logger, Simulation open, None, None
10.06, [INFO], robot2, {'y': 17.541, 'x': -19.155, 'yaw': -3.141}, None, None
10.06, [INFO], robot2, {'battery-level': '63.01'}, None, None
20.08, [INFO], robot2, {'battery-level': '62.47'}, None, None
20.08, [INFO], robot2, {'y': 16.14, 'x': -20.17, 'yaw': -3.141}, None, None
30.02, [INFO], robot2, {'battery-level': '61.93'}, None, None
30.02, [INFO], robot2, {'y': 16.198, 'x': -22.257, 'yaw': -3.142}, None, None
40.02, [INFO], robot2, {'battery-level': '61.39'}, None, None
40.02, [INFO], robot2, {'y': 16.155, 'x': -24.371, 'yaw': 3.141}, None, None
50.02, [INFO], robot2, {'battery-level': '60.85'}, None, None
50.02, [INFO], robot2, {'y': 16.097, 'x': -26.493, 'yaw': -3.141}, None, None
60.02, [INFO], robot2, {'y': 16.162, 'x': -28.601, 'yaw': 3.142}, None, None
60.02, [INFO], robot2, {'battery-level': '60.31'}, None, None
70.03, [INFO], robot2, {'y': 16.107, 'x': -30.72, 'yaw': -3.142}, None, None
70.03, [INFO], robot2, {'battery-level': '59.77'}, None, None
80.05, [INFO], robot2, {'battery-level': '59.23'}, None, None
80.05, [INFO], robot2, {'y': 15.885, 'x': -32.843, 'yaw': -3.141}, None, None
90.07, [INFO], robot2, {'battery-level': '58.69'}, None, None
90.07, [INFO], robot2, {'y': 15.382, 'x': -34.914, 'yaw': 3.142}, None, None
100.01, [INFO], robot2, {'y': 16.233, 'x': -36.591, 'yaw': -3.141}, None, None
100.01, [INFO], robot2, {'battery-level': '58.15'}, None, None
110.06, [INFO], robot2, {'y': 17.601, 'x': -36.658, 'yaw': -3.142}, None, None
110.06, [INFO], robot2, {'battery-level': '57.61'}, None, None
120.10, [INFO], robot2, {'y': 17.6, 'x': -36.658, 'yaw': 3.142}, None, None
120.10, [INFO], robot2, {'battery-level': '57.07'}, None, None
130.00, [INFO], robot2, {'battery-level': '56.53'}, None, None
130.00, [INFO], robot2, {'y': 17.614, 'x': -36.684, 'yaw': 3.141}, None, None
140.00, [INFO], robot2, {'y': 17.809, 'x': -36.431, 'yaw': -3.141}, None, None
140.00, [INFO], robot2, {'battery-level': '55.99'}, None, None
150.03, [INFO], robot2, {'battery-level': '55.45'}, None, None
150.03, [INFO], robot2, {'y': 18.126, 'x': -35.734, 'yaw': -3.141}, None, None
160.06, [INFO], robot2, {'battery-level': '54.91'}, None, None
160.06, [INFO], robot2, {'y': 18.154, 'x': -35.713, 'yaw': 3.142}, None, None
170.08, [INFO], robot2, {'battery-level': '54.37'}, None, None
170.08, [INFO], robot2, {'y': 18.355, 'x': -35.706, 'yaw': 3.142}, None, None
180.09, [INFO], robot2, {'y': 18.355, 'x': -35.706, 'yaw': -3.142}, None, None
180.09, [INFO], robot2, {'battery-level': '53.83'}, None, None
190.09, [INFO], robot2, {'y': 18.127, 'x': -35.618, 'yaw': -3.136}, None, None
190.09, [INFO], robot2, {'battery-level': '53.29'}, None, None
200.04, [INFO], robot2, {'y': 18.199, 'x': -35.823, 'yaw': -3.142}, None, None
200.04, [INFO], robot2, {'battery-level': '52.75'}, None, None
210.07, [INFO], robot2, {'y': 18.252, 'x': -35.758, 'yaw': 3.142}, None, None
210.07, [INFO], robot2, {'battery-level': '52.21'}, None, None
220.09, [INFO], robot2, {'y': 18.251, 'x': -35.757, 'yaw': -3.142}, None, None
220.09, [INFO], robot2, {'battery-level': '51.67'}, None, None
230.01, [INFO], robot2, {'battery-level': '51.13'}, None, None
230.01, [INFO], robot2, {'y': 18.251, 'x': -35.757, 'yaw': 3.142}, None, None
240.04, [INFO], robot2, {'y': 18.251, 'x': -35.733, 'yaw': 3.142}, None, None
240.04, [INFO], robot2, {'battery-level': '50.59'}, None, None
250.05, [INFO], robot2, {'battery-level': '50.05'}, None, None
250.05, [INFO], robot2, {'y': 18.252, 'x': -35.733, 'yaw': -3.142}, None, None
254.97, [WARN], robot2, SKILL-FAILURE, navigation, navto_room
260.06, [INFO], robot2, {'y': 18.251, 'x': -35.733, 'yaw': 3.142}, None, None
260.06, [INFO], robot2, {'battery-level': '49.51'}, None, None
