0.00, [DEBUG], nurse, NURSE_CONFIG={'location': 'IC Room 6', 'position': [-33.9, 18.93, 3.14]}, None, None
0.00, [DEBUG], logger, ROBOTS_CONFIG={'avg_speed': 0.15, 'battery_charge': 0.17496190705907763, 'battery_discharge_rate': 0.0006000000000000001, 'id': 4, 'local_plan': [['navigation', ['IC Room 6', [[-39.44, 33.95, 0.0], [-37.0, 33.95], [-37.0, 18.93], [-33.9, 18.93, 3.14]]], 'navto_room'], ['approach_person', ['nurse'], 'approach_nurse'], ['authenticate_person', ['nurse'], 'authenticate_nurse'], ['operate_drawer', ['open'], 'open_drawer_for_nurse'], ['send_message', ['nurse'], 'notify_nurse_of_open_drawer_for_nurse_completed'], ['wait_message', ['nurse'], 'wait_nurse_to_complete_deposit'], ['operate_drawer', ['close'], 'close_drawer_nurse'], ['navigation', ['Laboratory', [[-33.9, 18.93, 3.14], [-37.0, 18.93], [-37.0, 16.0], [-26.0, 16.0], [-26.0, 13.0, 1.57]]], 'navto_lab'], ['approach_robot', ['lab_arm'], 'approach_arm'], ['operate_drawer', ['open'], 'open_drawer_lab'], ['send_message', ['lab_arm'], 'notify_lab_arm_of_open_drawer_lab_completed'], ['wait_message', ['lab_arm'], 'wait_lab_arm_to_complete_pick_up_sample'], ['operate_drawer', ['close'], 'close_drawer_lab']], 'location': 'IC Room 4', 'name': 'r4', 'position': [-39.44, 33.95, 0.0], 'skills': ['approach_person', 'approach_robot', 'authenticate_person', 'navigation', 'operate_drawer']}, None, None
0.00, [DEBUG], logger, Simulation open, None, None
10.09, [INFO], robot4, {'battery-level': '16.96'}, None, None
10.09, [INFO], robot4, {'y': 34.059, 'x': -39.043, 'yaw': 3.141}, None, None
20.05, [INFO], robot4, {'y': 34.237, 'x': -37.177, 'yaw': -3.142}, None, None
20.05, [INFO], robot4, {'battery-level': '16.36'}, None, None
30.05, [INFO], robot4, {'battery-level': '15.76'}, None, None
30.05, [INFO], robot4, {'y': 32.145, 'x': -37.042, 'yaw': 3.141}, None, None
40.02, [INFO], robot4, {'battery-level': '15.16'}, None, None
40.02, [INFO], robot4, {'y': 30.037, 'x': -37.043, 'yaw': 3.141}, None, None
50.01, [INFO], robot4, {'y': 27.923, 'x': -36.991, 'yaw': 3.141}, None, None
50.01, [INFO], robot4, {'battery-level': '14.56'}, None, None
60.02, [INFO], robot4, {'y': 25.816, 'x': -37.043, 'yaw': 3.141}, None, None
60.02, [INFO], robot4, {'battery-level': '13.96'}, None, None
70.01, [INFO], robot4, {'battery-level': '13.36'}, None, None
70.01, [INFO], robot4, {'y': 23.709, 'x': -37.049, 'yaw': 3.14}, None, None
80.01, [INFO], robot4, {'battery-level': '12.76'}, None, None
80.01, [INFO], robot4, {'y': 21.595, 'x': -37.139, 'yaw': 3.142}, None, None
90.02, [INFO], robot4, {'battery-level': '12.16'}, None, None
90.02, [INFO], robot4, {'y': 19.485, 'x': -37.061, 'yaw': 3.141}, None, None
100.09, [INFO], robot4, {'y': 17.83, 'x': -35.699, 'yaw': 3.141}, None, None
100.09, [INFO], robot4, {'battery-level': '11.56'}, None, None
110.08, [INFO], robot4, {'y': 18.702, 'x': -34.069, 'yaw': 3.142}, None, None
110.08, [INFO], robot4, {'battery-level': '10.96'}, None, None
120.08, [INFO], robot4, {'battery-level': '10.36'}, None, None
120.08, [INFO], robot4, {'y': 18.941, 'x': -33.896, 'yaw': 3.141}, None, None
123.18, [info], nurse, sync, received-request, (status=sending-request)
123.18, [info], nurse, sync, request-sent, (status=waiting)
123.18, [info], nurse, sync, wait-message, (status=message-received)
130.07, [INFO], robot4, {'y': 18.087, 'x': -34.632, 'yaw': 3.141}, None, None
130.07, [INFO], robot4, {'battery-level': '9.76'}, None, None
140.03, [INFO], robot4, {'battery-level': '9.16'}, None, None
140.03, [INFO], robot4, {'y': 18.186, 'x': -36.571, 'yaw': 3.141}, None, None
150.01, [INFO], robot4, {'battery-level': '8.56'}, None, None
150.01, [INFO], robot4, {'y': 17.63, 'x': -37.139, 'yaw': -3.142}, None, None
160.05, [INFO], robot4, {'battery-level': '7.96'}, None, None
160.05, [INFO], robot4, {'y': 17.261, 'x': -36.859, 'yaw': -3.141}, None, None
170.04, [INFO], robot4, {'battery-level': '7.36'}, None, None
170.04, [INFO], robot4, {'y': 17.41, 'x': -36.966, 'yaw': -3.142}, None, None
180.05, [INFO], robot4, {'y': 17.299, 'x': -36.834, 'yaw': -3.141}, None, None
180.05, [INFO], robot4, {'battery-level': '6.76'}, None, None
190.03, [INFO], robot4, {'y': 17.328, 'x': -36.827, 'yaw': 3.142}, None, None
190.03, [INFO], robot4, {'battery-level': '6.16'}, None, None
200.01, [INFO], robot4, {'y': 17.307, 'x': -37.108, 'yaw': -3.142}, None, None
200.01, [INFO], robot4, {'battery-level': '5.56'}, None, None
210.01, [WARN], robot4, LOWBATT, None, None
210.01, [WARN], None, end!, None, None
210.01, [INFO], robot4, {'y': 17.295, 'x': -36.812, 'yaw': -3.142}, None, None
220.06, [INFO], robot4, {'y': 17.057, 'x': -36.804, 'yaw': -3.142}, None, None
230.07, [INFO], robot4, {'y': 17.304, 'x': -36.953, 'yaw': -3.142}, None, None
