0.00, [INFO], robot4, {'battery-level': '17.50'}, None, None
0.12, [DEBUG], logger, ROBOTS_CONFIG={'avg_speed': 0.15, 'battery_charge': 0.17496190705907763, 'battery_discharge_rate': 0.00026000000000000003, 'id': 4, 'local_plan': [['navigation', ['IC Room 2', [[-32.88, 33.98, 3.14], [-37.0, 33.98], [-37.0, 21.5], [-38.0, 21.5, 0.0]]], 'navto_room'], ['approach_person', ['nurse'], 'approach_nurse'], ['authenticate_person', ['nurse'], 'authenticate_nurse'], ['operate_drawer', ['open'], 'open_drawer_for_nurse'], ['send_message', ['nurse'], 'notify_nurse_of_open_drawer_for_nurse_completed'], ['wait_message', ['nurse'], 'wait_nurse_to_complete_deposit'], ['operate_drawer', ['close'], 'close_drawer_nurse'], ['navigation', ['Laboratory', [[-38.0, 21.5, 0.0], [-37.0, 21.5], [-37.0, 16.0], [-26.0, 16.0], [-26.0, 13.0, 1.57]]], 'navto_lab'], ['approach_robot', ['lab_arm'], 'approach_arm'], ['operate_drawer', ['open'], 'open_drawer_lab'], ['send_message', ['lab_arm'], 'notify_lab_arm_of_open_drawer_lab_completed'], ['wait_message', ['lab_arm'], 'wait_lab_arm_to_complete_pick_up_sample'], ['operate_drawer', ['close'], 'close_drawer_lab']], 'location': 'IC Room 5', 'name': 'r4', 'position': [-32.88, 33.98, 3.14], 'skills': ['approach_person', 'approach_robot', 'authenticate_person', 'navigation', 'operate_drawer']}, None, None
0.12, [DEBUG], logger, Simulation open, None, None
10.03, [INFO], robot4, {'battery-level': '17.26'}, None, None
10.03, [INFO], robot4, {'y': 34.184, 'x': -33.424, 'yaw': 3.142}, None, None
20.02, [INFO], robot4, {'battery-level': '17.00'}, None, None
20.02, [INFO], robot4, {'y': 34.72, 'x': -35.456, 'yaw': 3.14}, None, None
30.01, [INFO], robot4, {'y': 33.46, 'x': -36.931, 'yaw': 3.14}, None, None
30.01, [INFO], robot4, {'battery-level': '16.74'}, None, None
40.01, [INFO], robot4, {'y': 31.35, 'x': -36.895, 'yaw': -3.142}, None, None
40.01, [INFO], robot4, {'battery-level': '16.48'}, None, None
50.02, [INFO], robot4, {'battery-level': '16.22'}, None, None
50.02, [INFO], robot4, {'y': 29.235, 'x': -36.888, 'yaw': -3.142}, None, None
60.03, [INFO], robot4, {'battery-level': '15.96'}, None, None
60.03, [INFO], robot4, {'y': 27.122, 'x': -36.876, 'yaw': 3.141}, None, None
70.04, [INFO], robot4, {'y': 25.008, 'x': -36.902, 'yaw': 3.141}, None, None
70.04, [INFO], robot4, {'battery-level': '15.70'}, None, None
80.03, [INFO], robot4, {'battery-level': '15.44'}, None, None
80.03, [INFO], robot4, {'y': 22.908, 'x': -36.975, 'yaw': 3.14}, None, None
90.03, [INFO], robot4, {'y': 21.187, 'x': -37.636, 'yaw': -3.142}, None, None
90.03, [INFO], robot4, {'battery-level': '15.18'}, None, None
100.04, [INFO], robot4, {'y': 21.373, 'x': -38.067, 'yaw': 3.141}, None, None
100.04, [INFO], robot4, {'battery-level': '14.92'}, None, None
106.41, [info], nurse, sync, received-request, (status=sending-request)
106.41, [info], nurse, sync, request-sent, (status=waiting)
106.41, [info], nurse, sync, wait-message, (status=message-received)
110.02, [INFO], robot4, {'y': 21.525, 'x': -37.565, 'yaw': 3.141}, None, None
110.02, [INFO], robot4, {'battery-level': '14.66'}, None, None
120.07, [INFO], robot4, {'y': 19.598, 'x': -37.148, 'yaw': 3.141}, None, None
120.07, [INFO], robot4, {'battery-level': '14.40'}, None, None
130.05, [INFO], robot4, {'y': 17.481, 'x': -37.073, 'yaw': 3.141}, None, None
130.05, [INFO], robot4, {'battery-level': '14.14'}, None, None
140.03, [INFO], robot4, {'y': 15.794, 'x': -36.29, 'yaw': 3.141}, None, None
140.03, [INFO], robot4, {'battery-level': '13.88'}, None, None
150.03, [INFO], robot4, {'battery-level': '13.62'}, None, None
150.03, [INFO], robot4, {'y': 15.276, 'x': -34.217, 'yaw': -3.141}, None, None
160.00, [INFO], robot4, {'y': 15.522, 'x': -32.105, 'yaw': 3.142}, None, None
160.00, [INFO], robot4, {'battery-level': '13.36'}, None, None
170.08, [INFO], robot4, {'y': 15.629, 'x': -29.973, 'yaw': 3.141}, None, None
170.08, [INFO], robot4, {'battery-level': '13.10'}, None, None
180.05, [INFO], robot4, {'battery-level': '12.84'}, None, None
180.05, [INFO], robot4, {'y': 15.805, 'x': -27.861, 'yaw': 3.141}, None, None
190.05, [INFO], robot4, {'battery-level': '12.58'}, None, None
190.05, [INFO], robot4, {'y': 15.372, 'x': -25.953, 'yaw': 3.141}, None, None
200.03, [INFO], robot4, {'y': 13.259, 'x': -25.749, 'yaw': 3.142}, None, None
200.03, [INFO], robot4, {'battery-level': '12.32'}, None, None
209.91, [info], lab_arm, sync, wait-message, (status=message-received)
210.00, [INFO], robot4, {'battery-level': '12.06'}, None, None
210.00, [INFO], robot4, {'y': 12.91, 'x': -25.951, 'yaw': -3.142}, None, None
210.86, [WARN], robot4, SUCCESS, None, None
220.07, [INFO], robot4, {'battery-level': '11.80'}, None, None
220.07, [INFO], robot4, {'y': 12.908, 'x': -25.95, 'yaw': 3.142}, None, None
230.00, [INFO], robot4, {'battery-level': '11.54'}, None, None
230.00, [INFO], robot4, {'y': 12.908, 'x': -25.95, 'yaw': 3.142}, None, None
