0.00, [INFO], robot4, {'battery-level': '17.50'}, None, None
0.00, [DEBUG], logger, ROBOTS_CONFIG={'avg_speed': 0.15, 'battery_charge': 0.17496190705907763, 'battery_discharge_rate': 0.00026000000000000003, 'id': 4, 'local_plan': [['navigation', ['IC Room 6', [[-39.44, 33.95, 0.0], [-37.0, 33.95], [-37.0, 18.93], [-33.9, 18.93, 3.14]]], 'navto_room'], ['approach_person', ['nurse'], 'approach_nurse'], ['authenticate_person', ['nurse'], 'authenticate_nurse'], ['operate_drawer', ['open'], 'open_drawer_for_nurse'], ['send_message', ['nurse'], 'notify_nurse_of_open_drawer_for_nurse_completed'], ['wait_message', ['nurse'], 'wait_nurse_to_complete_deposit'], ['operate_drawer', ['close'], 'close_drawer_nurse'], ['navigation', ['Laboratory', [[-33.9, 18.93, 3.14], [-37.0, 18.93], [-37.0, 16.0], [-26.0, 16.0], [-26.0, 13.0, 1.57]]], 'navto_lab'], ['approach_robot', ['lab_arm'], 'approach_arm'], ['operate_drawer', ['open'], 'open_drawer_lab'], ['send_message', ['lab_arm'], 'notify_lab_arm_of_open_drawer_lab_completed'], ['wait_message', ['lab_arm'], 'wait_lab_arm_to_complete_pick_up_sample'], ['operate_drawer', ['close'], 'close_drawer_lab']], 'location': 'IC Room 4', 'name': 'r4', 'position': [-39.44, 33.95, 0.0], 'skills': ['approach_person', 'approach_robot', 'authenticate_person', 'navigation', 'operate_drawer']}, None, None
0.00, [DEBUG], logger, Simulation open, None, None
10.04, [INFO], robot4, {'battery-level': '17.26'}, None, None
10.04, [INFO], robot4, {'y': 34.132, 'x': -38.917, 'yaw': 3.141}, None, None
20.00, [INFO], robot4, {'battery-level': '17.00'}, None, None
20.00, [INFO], robot4, {'y': 34.089, 'x': -37.114, 'yaw': -3.138}, None, None
30.06, [INFO], robot4, {'y': 31.974, 'x': -37.017, 'yaw': 3.14}, None, None
30.06, [INFO], robot4, {'battery-level': '16.74'}, None, None
40.03, [INFO], robot4, {'battery-level': '16.48'}, None, None
40.03, [INFO], robot4, {'y': 29.857, 'x': -37.024, 'yaw': 3.14}, None, None
50.07, [INFO], robot4, {'battery-level': '16.22'}, None, None
50.07, [INFO], robot4, {'y': 27.736, 'x': -36.966, 'yaw': 3.137}, None, None
60.05, [INFO], robot4, {'battery-level': '15.96'}, None, None
60.05, [INFO], robot4, {'y': 25.635, 'x': -37.05, 'yaw': -3.142}, None, None
70.03, [INFO], robot4, {'battery-level': '15.70'}, None, None
70.03, [INFO], robot4, {'y': 23.521, 'x': -37.025, 'yaw': 3.142}, None, None
80.03, [INFO], robot4, {'y': 21.422, 'x': -37.142, 'yaw': 3.142}, None, None
80.03, [INFO], robot4, {'battery-level': '15.44'}, None, None
90.01, [INFO], robot4, {'battery-level': '15.18'}, None, None
90.01, [INFO], robot4, {'y': 19.323, 'x': -37.057, 'yaw': 3.141}, None, None
100.09, [INFO], robot4, {'y': 17.815, 'x': -35.513, 'yaw': 3.139}, None, None
100.09, [INFO], robot4, {'battery-level': '14.92'}, None, None
110.05, [INFO], robot4, {'battery-level': '14.66'}, None, None
110.05, [INFO], robot4, {'y': 18.852, 'x': -34.024, 'yaw': -3.142}, None, None
118.55, [info], nurse, sync, received-request, (status=sending-request)
118.55, [info], nurse, sync, request-sent, (status=waiting)
118.55, [info], nurse, sync, wait-message, (status=message-received)
120.01, [INFO], robot4, {'battery-level': '14.40'}, None, None
120.01, [INFO], robot4, {'y': 18.992, 'x': -33.974, 'yaw': 3.14}, None, None
130.04, [INFO], robot4, {'battery-level': '14.14'}, None, None
130.04, [INFO], robot4, {'y': 17.778, 'x': -35.523, 'yaw': 3.141}, None, None
140.02, [INFO], robot4, {'y': 18.04, 'x': -36.201, 'yaw': -3.137}, None, None
140.02, [INFO], robot4, {'battery-level': '13.88'}, None, None
149.98, [INFO], robot4, {'y': 18.04, 'x': -36.201, 'yaw': -3.136}, None, None
150.08, [INFO], robot4, {'battery-level': '13.62'}, None, None
160.04, [INFO], robot4, {'battery-level': '13.36'}, None, None
160.04, [INFO], robot4, {'y': 17.341, 'x': -36.909, 'yaw': 3.142}, None, None
170.06, [INFO], robot4, {'battery-level': '13.10'}, None, None
170.06, [INFO], robot4, {'y': 17.214, 'x': -36.945, 'yaw': -3.142}, None, None
180.01, [INFO], robot4, {'battery-level': '12.84'}, None, None
180.01, [INFO], robot4, {'y': 17.176, 'x': -36.931, 'yaw': 3.141}, None, None
190.02, [INFO], robot4, {'battery-level': '12.58'}, None, None
190.02, [INFO], robot4, {'y': 17.233, 'x': -37.118, 'yaw': -3.141}, None, None
200.01, [INFO], robot4, {'battery-level': '12.32'}, None, None
200.01, [INFO], robot4, {'y': 17.049, 'x': -37.146, 'yaw': -3.142}, None, None
210.07, [INFO], robot4, {'y': 17.373, 'x': -36.963, 'yaw': -3.141}, None, None
210.07, [INFO], robot4, {'battery-level': '12.06'}, None, None
220.04, [INFO], robot4, {'battery-level': '11.80'}, None, None
220.04, [INFO], robot4, {'y': 17.307, 'x': -36.867, 'yaw': 3.141}, None, None
230.09, [INFO], robot4, {'battery-level': '11.54'}, None, None
230.09, [INFO], robot4, {'y': 17.415, 'x': -37.043, 'yaw': 3.141}, None, None
240.09, [INFO], robot4, {'battery-level': '11.28'}, None, None
240.09, [INFO], robot4, {'y': 17.283, 'x': -36.818, 'yaw': 3.142}, None, None
250.07, [INFO], robot4, {'battery-level': '11.02'}, None, None
250.07, [INFO], robot4, {'y': 17.526, 'x': -36.812, 'yaw': 3.141}, None, None
260.06, [INFO], robot4, {'y': 17.245, 'x': -37.062, 'yaw': -3.141}, None, None
260.06, [INFO], robot4, {'battery-level': '10.76'}, None, None
270.07, [INFO], robot4, {'battery-level': '10.50'}, None, None
270.07, [INFO], robot4, {'y': 17.396, 'x': -37.1, 'yaw': 3.142}, None, None
280.06, [INFO], robot4, {'battery-level': '10.24'}, None, None
280.06, [INFO], robot4, {'y': 17.388, 'x': -36.968, 'yaw': 3.141}, None, None
290.06, [INFO], robot4, {'battery-level': '9.98'}, None, None
290.06, [INFO], robot4, {'y': 17.326, 'x': -36.822, 'yaw': -3.141}, None, None
290.44, [WARN], robot4, SKILL-FAILURE, navigation, navto_lab
