0.19, [DEBUG], logger, ROBOTS_CONFIG={'avg_speed': 0.15, 'battery_charge': 0.7179616530181877, 'battery_discharge_rate': 0.00042, 'id': 5, 'local_plan': [['navigation', ['IC Room 2', [[-11.5, 18.0, -1.57], [-11.5, 16.0], [-37.0, 16.0], [-37.0, 21.5], [-38.0, 21.5, 0.0]]], 'navto_room'], ['approach_person', ['nurse'], 'approach_nurse'], ['authenticate_person', ['nurse'], 'authenticate_nurse'], ['operate_drawer', ['open'], 'open_drawer_for_nurse'], ['send_message', ['nurse'], 'notify_nurse_of_open_drawer_for_nurse_completed'], ['wait_message', ['nurse'], 'wait_nurse_to_complete_deposit'], ['operate_drawer', ['close'], 'close_drawer_nurse'], ['navigation', ['Laboratory', [[-38.0, 21.5, 0.0], [-37.0, 21.5], [-37.0, 16.0], [-26.0, 16.0], [-26.0, 13.0, 1.57]]], 'navto_lab'], ['approach_robot', ['lab_arm'], 'approach_arm'], ['operate_drawer', ['open'], 'open_drawer_lab'], ['send_message', ['lab_arm'], 'notify_lab_arm_of_open_drawer_lab_completed'], ['wait_message', ['lab_arm'], 'wait_lab_arm_to_complete_pick_up_sample'], ['operate_drawer', ['close'], 'close_drawer_lab']], 'location': 'PC Room 8', 'name': 'r5', 'position': [-11.5, 18.0, -1.57], 'skills': ['approach_person', 'approach_robot', 'authenticate_person', 'navigation', 'operate_drawer']}, None, None
0.19, [DEBUG], logger, Simulation open, None, None
10.09, [INFO], robot5, {'battery-level': '71.42'}, None, None
10.09, [INFO], robot5, {'y': 17.46, 'x': -11.626, 'yaw': -3.142}, None, None
20.07, [INFO], robot5, {'y': 16.255, 'x': -12.972, 'yaw': 3.141}, None, None
20.07, [INFO], robot5, {'battery-level': '71.00'}, None, None
30.06, [INFO], robot5, {'battery-level': '70.58'}, None, None
30.06, [INFO], robot5, {'y': 16.12, 'x': -13.028, 'yaw': 3.141}, None, None
40.08, [INFO], robot5, {'y': 16.259, 'x': -12.916, 'yaw': 3.141}, None, None
40.08, [INFO], robot5, {'battery-level': '70.16'}, None, None
50.06, [INFO], robot5, {'battery-level': '69.74'}, None, None
50.06, [INFO], robot5, {'y': 16.345, 'x': -12.997, 'yaw': 3.141}, None, None
60.06, [INFO], robot5, {'y': 16.1, 'x': -13.039, 'yaw': 3.141}, None, None
60.06, [INFO], robot5, {'battery-level': '69.32'}, None, None
70.09, [INFO], robot5, {'y': 16.354, 'x': -13.101, 'yaw': 3.141}, None, None
70.09, [INFO], robot5, {'battery-level': '68.90'}, None, None
80.08, [INFO], robot5, {'battery-level': '68.48'}, None, None
80.08, [INFO], robot5, {'y': 16.037, 'x': -12.871, 'yaw': 3.141}, None, None
90.05, [INFO], robot5, {'y': 16.05, 'x': -12.885, 'yaw': 3.142}, None, None
90.05, [INFO], robot5, {'battery-level': '68.06'}, None, None
100.01, [INFO], robot5, {'battery-level': '67.64'}, None, None
100.01, [INFO], robot5, {'y': 16.139, 'x': -13.085, 'yaw': -3.141}, None, None
110.08, [INFO], robot5, {'battery-level': '67.22'}, None, None
110.08, [INFO], robot5, {'y': 16.164, 'x': -12.851, 'yaw': 3.141}, None, None
120.02, [INFO], robot5, {'y': 16.338, 'x': -13.117, 'yaw': 3.141}, None, None
120.02, [INFO], robot5, {'battery-level': '66.80'}, None, None
130.04, [INFO], robot5, {'y': 16.436, 'x': -12.859, 'yaw': -3.141}, None, None
130.04, [INFO], robot5, {'battery-level': '66.38'}, None, None
140.09, [INFO], robot5, {'battery-level': '65.96'}, None, None
140.09, [INFO], robot5, {'y': 16.095, 'x': -13.091, 'yaw': -3.141}, None, None
150.04, [INFO], robot5, {'battery-level': '65.54'}, None, None
150.04, [INFO], robot5, {'y': 16.369, 'x': -13.016, 'yaw': 3.137}, None, None
160.03, [INFO], robot5, {'y': 16.215, 'x': -13.068, 'yaw': 3.141}, None, None
160.03, [INFO], robot5, {'battery-level': '65.12'}, None, None
168.16, [WARN], robot5, SKILL-FAILURE, navigation, navto_room
170.02, [INFO], robot5, {'battery-level': '64.70'}, None, None
170.02, [INFO], robot5, {'y': 16.037, 'x': -12.957, 'yaw': 3.142}, None, None
