0.00, [DEBUG], nurse, NURSE_CONFIG={'location': 'IC Room 2', 'position': [-38.0, 21.5, 0.0]}, None, None
0.13, [DEBUG], logger, ROBOTS_CONFIG={'avg_speed': 0.15, 'battery_charge': 0.5408465660492595, 'battery_discharge_rate': 0.0005200000000000001, 'id': 6, 'local_plan': [['navigation', ['IC Room 2', [[-33.9, 18.93, 3.14], [-37.0, 18.93], [-37.0, 21.5], [-38.0, 21.5, 0.0]]], 'navto_room'], ['approach_person', ['nurse'], 'approach_nurse'], ['authenticate_person', ['nurse'], 'authenticate_nurse'], ['operate_drawer', ['open'], 'open_drawer_for_nurse'], ['send_message', ['nurse'], 'notify_nurse_of_open_drawer_for_nurse_completed'], ['wait_message', ['nurse'], 'wait_nurse_to_complete_deposit'], ['operate_drawer', ['close'], 'close_drawer_nurse'], ['navigation', ['Laboratory', [[-38.0, 21.5, 0.0], [-37.0, 21.5], [-37.0, 16.0], [-26.0, 16.0], [-26.0, 13.0, 1.57]]], 'navto_lab'], ['approach_robot', ['lab_arm'], 'approach_arm'], ['operate_drawer', ['open'], 'open_drawer_lab'], ['send_message', ['lab_arm'], 'notify_lab_arm_of_open_drawer_lab_completed'], ['wait_message', ['lab_arm'], 'wait_lab_arm_to_complete_pick_up_sample'], ['operate_drawer', ['close'], 'close_drawer_lab']], 'location': 'IC Room 6', 'name': 'r6', 'position': [-33.9, 18.93, 3.14], 'skills': ['approach_person', 'approach_robot', 'authenticate_person', 'navigation', 'operate_drawer']}, None, None
0.13, [DEBUG], logger, Simulation open, None, None
10.02, [INFO], robot6, {'y': 18.553, 'x': -34.316, 'yaw': -3.142}, None, None
10.02, [INFO], robot6, {'battery-level': '53.62'}, None, None
20.07, [INFO], robot6, {'battery-level': '53.10'}, None, None
20.07, [INFO], robot6, {'y': 17.936, 'x': -36.065, 'yaw': 3.141}, None, None
30.10, [INFO], robot6, {'battery-level': '52.58'}, None, None
30.10, [INFO], robot6, {'y': 19.716, 'x': -36.946, 'yaw': 3.141}, None, None
40.04, [INFO], robot6, {'battery-level': '52.06'}, None, None
40.04, [INFO], robot6, {'y': 21.502, 'x': -37.569, 'yaw': 3.141}, None, None
50.03, [INFO], robot6, {'y': 21.402, 'x': -38.058, 'yaw': 3.137}, None, None
50.03, [INFO], robot6, {'battery-level': '51.54'}, None, None
54.66, [info], nurse, sync, received-request, (status=sending-request)
54.66, [info], nurse, sync, request-sent, (status=waiting)
54.66, [info], nurse, sync, wait-message, (status=message-received)
60.06, [INFO], robot6, {'y': 21.107, 'x': -37.249, 'yaw': 3.142}, None, None
60.06, [INFO], robot6, {'battery-level': '51.02'}, None, None
70.04, [INFO], robot6, {'battery-level': '50.50'}, None, None
70.04, [INFO], robot6, {'y': 19.005, 'x': -37.12, 'yaw': 3.142}, None, None
80.02, [INFO], robot6, {'battery-level': '49.98'}, None, None
80.02, [INFO], robot6, {'y': 16.901, 'x': -37.097, 'yaw': 3.141}, None, None
90.09, [INFO], robot6, {'battery-level': '49.46'}, None, None
90.09, [INFO], robot6, {'y': 15.787, 'x': -35.56, 'yaw': 3.142}, None, None
100.08, [INFO], robot6, {'battery-level': '48.94'}, None, None
100.08, [INFO], robot6, {'y': 15.433, 'x': -33.478, 'yaw': -3.141}, None, None
110.05, [INFO], robot6, {'y': 15.547, 'x': -31.366, 'yaw': -3.142}, None, None
110.05, [INFO], robot6, {'battery-level': '48.42'}, None, None
120.02, [INFO], robot6, {'y': 15.728, 'x': -29.27, 'yaw': 3.14}, None, None
120.02, [INFO], robot6, {'battery-level': '47.90'}, None, None
130.09, [INFO], robot6, {'y': 15.839, 'x': -27.145, 'yaw': -3.141}, None, None
130.09, [INFO], robot6, {'battery-level': '47.38'}, None, None
140.06, [INFO], robot6, {'battery-level': '46.86'}, None, None
140.06, [INFO], robot6, {'y': 14.682, 'x': -25.78, 'yaw': 3.141}, None, None
150.04, [INFO], robot6, {'battery-level': '46.34'}, None, None
150.04, [INFO], robot6, {'y': 12.997, 'x': -25.923, 'yaw': 3.141}, None, None
157.20, [info], lab_arm, sync, wait-message, (status=message-received)
158.16, [WARN], robot6, SUCCESS, None, None
159.92, [INFO], robot6, {'y': 12.948, 'x': -25.953, 'yaw': -3.142}, None, None
160.01, [INFO], robot6, {'battery-level': '45.82'}, None, None
170.03, [INFO], robot6, {'battery-level': '45.30'}, None, None
170.03, [INFO], robot6, {'y': 12.949, 'x': -25.953, 'yaw': 3.142}, None, None
