0.00, [INFO], robot6, {'battery-level': '54.08'}, None, None
0.00, [DEBUG], logger, ROBOTS_CONFIG={'avg_speed': 0.15, 'battery_charge': 0.5408465660492595, 'battery_discharge_rate': 0.0005200000000000001, 'id': 6, 'local_plan': [['navigation', ['PC Room 3', [[-27.23, 18.0, -1.57], [-27.23, 16.0], [-28.5, 16.0], [-28.5, 18.0, -1.57]]], 'navto_room'], ['approach_person', ['nurse'], 'approach_nurse'], ['authenticate_person', ['nurse'], 'authenticate_nurse'], ['operate_drawer', ['open'], 'open_drawer_for_nurse'], ['send_message', ['nurse'], 'notify_nurse_of_open_drawer_for_nurse_completed'], ['wait_message', ['nurse'], 'wait_nurse_to_complete_deposit'], ['operate_drawer', ['close'], 'close_drawer_nurse'], ['navigation', ['Laboratory', [[-28.5, 18.0, -1.57], [-28.5, 16.0], [-26.0, 16.0], [-26.0, 13.0, 1.57]]], 'navto_lab'], ['approach_robot', ['lab_arm'], 'approach_arm'], ['operate_drawer', ['open'], 'open_drawer_lab'], ['send_message', ['lab_arm'], 'notify_lab_arm_of_open_drawer_lab_completed'], ['wait_message', ['lab_arm'], 'wait_lab_arm_to_complete_pick_up_sample'], ['operate_drawer', ['close'], 'close_drawer_lab']], 'location': 'PC Room 4', 'name': 'r6', 'position': [-27.23, 18.0, -1.57], 'skills': ['approach_person', 'approach_robot', 'authenticate_person', 'navigation', 'operate_drawer']}, None, None
0.00, [DEBUG], logger, Simulation open, None, None
10.04, [INFO], robot6, {'y': 17.611, 'x': -26.881, 'yaw': 3.142}, None, None
10.04, [INFO], robot6, {'battery-level': '53.62'}, None, None
20.05, [INFO], robot6, {'battery-level': '53.10'}, None, None
20.05, [INFO], robot6, {'y': 16.133, 'x': -27.843, 'yaw': 3.139}, None, None
30.04, [INFO], robot6, {'battery-level': '52.58'}, None, None
30.04, [INFO], robot6, {'y': 17.722, 'x': -28.613, 'yaw': -3.142}, None, None
40.04, [INFO], robot6, {'y': 17.936, 'x': -28.602, 'yaw': 3.142}, None, None
40.04, [INFO], robot6, {'battery-level': '52.06'}, None, None
45.88, [info], nurse, sync, received-request, (status=sending-request)
45.88, [info], nurse, sync, request-sent, (status=waiting)
45.88, [info], nurse, sync, wait-message, (status=message-received)
50.05, [INFO], robot6, {'battery-level': '51.54'}, None, None
50.05, [INFO], robot6, {'y': 17.339, 'x': -28.695, 'yaw': 3.142}, None, None
60.04, [INFO], robot6, {'y': 16.096, 'x': -27.686, 'yaw': 3.141}, None, None
60.04, [INFO], robot6, {'battery-level': '51.02'}, None, None
70.04, [INFO], robot6, {'battery-level': '50.50'}, None, None
70.04, [INFO], robot6, {'y': 15.346, 'x': -25.933, 'yaw': 3.141}, None, None
80.05, [INFO], robot6, {'y': 13.241, 'x': -25.737, 'yaw': 3.141}, None, None
80.05, [INFO], robot6, {'battery-level': '49.98'}, None, None
88.38, [info], lab_arm, sync, wait-message, (status=message-received)
89.35, [WARN], robot6, SUCCESS, None, None
90.00, [INFO], robot6, {'battery-level': '49.46'}, None, None
90.00, [INFO], robot6, {'y': 12.91, 'x': -25.979, 'yaw': 3.142}, None, None
