0.00, [DEBUG], nurse, NURSE_CONFIG={'location': 'IC Room 6', 'position': [-33.9, 18.93, 3.14]}, None, None
0.00, [DEBUG], logger, ROBOTS_CONFIG={'avg_speed': 0.15, 'battery_charge': 0.17496190705907763, 'battery_discharge_rate': 0.00026000000000000003, 'id': 4, 'local_plan': [['navigation', ['IC Room 6', [[-39.44, 33.95, 0.0], [-37.0, 33.95], [-37.0, 18.93], [-33.9, 18.93, 3.14]]], 'navto_room'], ['approach_person', ['nurse'], 'approach_nurse'], ['authenticate_person', ['nurse'], 'authenticate_nurse'], ['operate_drawer', ['open'], 'open_drawer_for_nurse'], ['send_message', ['nurse'], 'notify_nurse_of_open_drawer_for_nurse_completed'], ['wait_message', ['nurse'], 'wait_nurse_to_complete_deposit'], ['operate_drawer', ['close'], 'close_drawer_nurse'], ['navigation', ['Laboratory', [[-33.9, 18.93, 3.14], [-37.0, 18.93], [-37.0, 16.0], [-26.0, 16.0], [-26.0, 13.0, 1.57]]], 'navto_lab'], ['approach_robot', ['lab_arm'], 'approach_arm'], ['operate_drawer', ['open'], 'open_drawer_lab'], ['send_message', ['lab_arm'], 'notify_lab_arm_of_open_drawer_lab_completed'], ['wait_message', ['lab_arm'], 'wait_lab_arm_to_complete_pick_up_sample'], ['operate_drawer', ['close'], 'close_drawer_lab']], 'location': 'IC Room 4', 'name': 'r4', 'position': [-39.44, 33.95, 0.0], 'skills': ['approach_person', 'approach_robot', 'authenticate_person', 'navigation', 'operate_drawer']}, None, None
0.00, [DEBUG], logger, Simulation open, None, None
10.02, [INFO], robot4, {'battery-level': '17.26'}, None, None
10.02, [INFO], robot4, {'y': 33.953, 'x': -39.441, 'yaw': -3.142}, None, None
20.01, [INFO], robot4, {'battery-level': '17.00'}, None, None
20.01, [INFO], robot4, {'y': 34.525, 'x': -37.704, 'yaw': 3.141}, None, None
30.02, [INFO], robot4, {'battery-level': '16.74'}, None, None
30.02, [INFO], robot4, {'y': 32.734, 'x': -36.995, 'yaw': 3.141}, None, None
40.09, [INFO], robot4, {'y': 30.604, 'x': -37.043, 'yaw': 3.14}, None, None
40.09, [INFO], robot4, {'battery-level': '16.48'}, None, None
50.09, [INFO], robot4, {'battery-level': '16.22'}, None, None
50.09, [INFO], robot4, {'y': 28.486, 'x': -37.004, 'yaw': 3.141}, None, None
60.09, [INFO], robot4, {'battery-level': '15.96'}, None, None
60.09, [INFO], robot4, {'y': 26.374, 'x': -36.98, 'yaw': 3.14}, None, None
70.09, [INFO], robot4, {'battery-level': '15.70'}, None, None
70.09, [INFO], robot4, {'y': 24.266, 'x': -37.047, 'yaw': 3.141}, None, None
80.09, [INFO], robot4, {'battery-level': '15.44'}, None, None
80.09, [INFO], robot4, {'y': 22.154, 'x': -37.1, 'yaw': 3.142}, None, None
90.09, [INFO], robot4, {'battery-level': '15.18'}, None, None
90.09, [INFO], robot4, {'y': 20.037, 'x': -37.046, 'yaw': 3.141}, None, None
100.06, [INFO], robot4, {'battery-level': '14.92'}, None, None
100.06, [INFO], robot4, {'y': 18.175, 'x': -36.168, 'yaw': 3.141}, None, None
110.05, [INFO], robot4, {'battery-level': '14.66'}, None, None
110.05, [INFO], robot4, {'y': 18.255, 'x': -34.368, 'yaw': 3.142}, None, None
120.03, [INFO], robot4, {'battery-level': '14.40'}, None, None
120.03, [INFO], robot4, {'y': 18.942, 'x': -33.938, 'yaw': 3.142}, None, None
123.61, [info], nurse, sync, received-request, (status=sending-request)
123.61, [info], nurse, sync, request-sent, (status=waiting)
123.61, [info], nurse, sync, wait-message, (status=message-received)
130.02, [INFO], robot4, {'battery-level': '14.14'}, None, None
130.02, [INFO], robot4, {'y': 18.154, 'x': -34.582, 'yaw': -3.142}, None, None
140.09, [INFO], robot4, {'y': 18.129, 'x': -36.461, 'yaw': 3.14}, None, None
140.09, [INFO], robot4, {'battery-level': '13.88'}, None, None
150.00, [INFO], robot4, {'battery-level': '13.62'}, None, None
150.00, [INFO], robot4, {'y': 17.388, 'x': -36.754, 'yaw': -3.142}, None, None
160.00, [INFO], robot4, {'battery-level': '13.36'}, None, None
160.00, [INFO], robot4, {'y': 17.448, 'x': -36.902, 'yaw': 3.141}, None, None
170.09, [INFO], robot4, {'y': 17.286, 'x': -36.938, 'yaw': 3.141}, None, None
170.09, [INFO], robot4, {'battery-level': '13.10'}, None, None
180.09, [INFO], robot4, {'battery-level': '12.84'}, None, None
180.09, [INFO], robot4, {'y': 17.34, 'x': -36.827, 'yaw': 3.141}, None, None
190.08, [INFO], robot4, {'y': 17.503, 'x': -36.81, 'yaw': -3.142}, None, None
190.08, [INFO], robot4, {'battery-level': '12.58'}, None, None
200.07, [INFO], robot4, {'battery-level': '12.32'}, None, None
200.07, [INFO], robot4, {'y': 17.5, 'x': -36.916, 'yaw': 3.141}, None, None
210.07, [INFO], robot4, {'y': 17.21, 'x': -37.059, 'yaw': 3.141}, None, None
210.07, [INFO], robot4, {'battery-level': '12.06'}, None, None
220.03, [INFO], robot4, {'y': 17.299, 'x': -36.818, 'yaw': -3.141}, None, None
220.03, [INFO], robot4, {'battery-level': '11.80'}, None, None
230.00, [INFO], robot4, {'y': 17.335, 'x': -36.959, 'yaw': -3.141}, None, None
230.00, [INFO], robot4, {'battery-level': '11.54'}, None, None
240.09, [INFO], robot4, {'battery-level': '11.28'}, None, None
240.09, [INFO], robot4, {'y': 17.124, 'x': -36.949, 'yaw': 3.141}, None, None
250.07, [INFO], robot4, {'y': 17.36, 'x': -36.936, 'yaw': 3.14}, None, None
250.07, [INFO], robot4, {'battery-level': '11.02'}, None, None
260.06, [INFO], robot4, {'battery-level': '10.76'}, None, None
260.06, [INFO], robot4, {'y': 17.245, 'x': -37.024, 'yaw': 3.141}, None, None
270.05, [INFO], robot4, {'battery-level': '10.50'}, None, None
270.05, [INFO], robot4, {'y': 17.429, 'x': -36.962, 'yaw': 3.141}, None, None
280.02, [INFO], robot4, {'y': 17.268, 'x': -37.08, 'yaw': 3.141}, None, None
280.02, [INFO], robot4, {'battery-level': '10.24'}, None, None
290.07, [INFO], robot4, {'battery-level': '9.98'}, None, None
290.07, [INFO], robot4, {'y': 17.308, 'x': -37.189, 'yaw': -3.142}, None, None
300.06, [INFO], robot4, {'battery-level': '9.72'}, None, None
300.06, [INFO], robot4, {'y': 17.352, 'x': -36.822, 'yaw': 3.142}, None, None
310.02, [INFO], robot4, {'y': 17.309, 'x': -36.968, 'yaw': 3.142}, None, None
310.02, [INFO], robot4, {'battery-level': '9.46'}, None, None
319.03, [WARN], robot4, SKILL-FAILURE, navigation, navto_lab
320.06, [INFO], robot4, {'y': 17.45, 'x': -36.997, 'yaw': -3.142}, None, None
320.06, [INFO], robot4, {'battery-level': '9.20'}, None, None
