0.00, [INFO], robot1, {'battery-level': '24.00'}, None, None
0.00, [DEBUG], logger, ROBOTS_CONFIG={'avg_speed': 0.15, 'battery_charge': 0.23995139509475963, 'battery_discharge_rate': 0.00068, 'id': 1, 'local_plan': [['navigation', ['IC Room 2', [[-27.23, 18.0, -1.57], [-27.23, 16.0], [-37.0, 16.0], [-37.0, 21.5], [-38.0, 21.5, 0.0]]], 'navto_room'], ['approach_person', ['nurse'], 'approach_nurse'], ['authenticate_person', ['nurse'], 'authenticate_nurse'], ['operate_drawer', ['open'], 'open_drawer_for_nurse'], ['send_message', ['nurse'], 'notify_nurse_of_open_drawer_for_nurse_completed'], ['wait_message', ['nurse'], 'wait_nurse_to_complete_deposit'], ['operate_drawer', ['close'], 'close_drawer_nurse'], ['navigation', ['Laboratory', [[-38.0, 21.5, 0.0], [-37.0, 21.5], [-37.0, 16.0], [-26.0, 16.0], [-26.0, 13.0, 1.57]]], 'navto_lab'], ['approach_robot', ['lab_arm'], 'approach_arm'], ['operate_drawer', ['open'], 'open_drawer_lab'], ['send_message', ['lab_arm'], 'notify_lab_arm_of_open_drawer_lab_completed'], ['wait_message', ['lab_arm'], 'wait_lab_arm_to_complete_pick_up_sample'], ['operate_drawer', ['close'], 'close_drawer_lab']], 'location': 'PC Room 4', 'name': 'r1', 'position': [-27.23, 18.0, -1.57], 'skills': ['approach_person', 'approach_robot', 'authenticate_person', 'navigation', 'operate_drawer']}, None, None
0.00, [DEBUG], logger, Simulation open, None, None
10.03, [INFO], robot1, {'battery-level': '23.38'}, None, None
10.03, [INFO], robot1, {'y': 18.0, 'x': -27.23, 'yaw': 3.142}, None, None
20.09, [INFO], robot1, {'battery-level': '22.70'}, None, None
20.09, [INFO], robot1, {'y': 16.978, 'x': -27.078, 'yaw': 3.141}, None, None
30.06, [INFO], robot1, {'y': 16.11, 'x': -28.458, 'yaw': -3.142}, None, None
30.06, [INFO], robot1, {'battery-level': '22.02'}, None, None
40.05, [INFO], robot1, {'battery-level': '21.34'}, None, None
40.05, [INFO], robot1, {'y': 16.051, 'x': -30.564, 'yaw': 3.141}, None, None
50.03, [INFO], robot1, {'battery-level': '20.66'}, None, None
50.03, [INFO], robot1, {'y': 15.788, 'x': -32.674, 'yaw': 3.141}, None, None
60.01, [INFO], robot1, {'y': 15.368, 'x': -34.767, 'yaw': -3.141}, None, None
60.01, [INFO], robot1, {'battery-level': '19.98'}, None, None
70.09, [INFO], robot1, {'y': 16.001, 'x': -36.649, 'yaw': 3.142}, None, None
70.09, [INFO], robot1, {'battery-level': '19.30'}, None, None
80.08, [INFO], robot1, {'battery-level': '18.62'}, None, None
80.08, [INFO], robot1, {'y': 18.108, 'x': -36.652, 'yaw': -3.142}, None, None
90.07, [INFO], robot1, {'battery-level': '17.94'}, None, None
90.07, [INFO], robot1, {'y': 20.23, 'x': -36.79, 'yaw': 3.141}, None, None
100.06, [INFO], robot1, {'y': 21.524, 'x': -37.949, 'yaw': 3.141}, None, None
100.06, [INFO], robot1, {'battery-level': '17.26'}, None, None
110.04, [INFO], robot1, {'y': 21.415, 'x': -38.117, 'yaw': -3.141}, None, None
110.04, [INFO], robot1, {'battery-level': '16.58'}, None, None
111.39, [info], nurse, sync, received-request, (status=sending-request)
111.39, [info], nurse, sync, request-sent, (status=waiting)
111.39, [info], nurse, sync, wait-message, (status=message-received)
120.01, [INFO], robot1, {'battery-level': '15.90'}, None, None
120.01, [INFO], robot1, {'y': 20.55, 'x': -37.208, 'yaw': 3.141}, None, None
130.00, [INFO], robot1, {'battery-level': '15.22'}, None, None
130.00, [INFO], robot1, {'y': 18.443, 'x': -37.188, 'yaw': 3.142}, None, None
140.08, [INFO], robot1, {'y': 16.317, 'x': -37.047, 'yaw': 3.141}, None, None
140.08, [INFO], robot1, {'battery-level': '14.54'}, None, None
150.08, [INFO], robot1, {'battery-level': '13.86'}, None, None
150.08, [INFO], robot1, {'y': 15.582, 'x': -35.278, 'yaw': -3.141}, None, None
160.07, [INFO], robot1, {'battery-level': '13.18'}, None, None
160.07, [INFO], robot1, {'y': 15.48, 'x': -33.176, 'yaw': 3.141}, None, None
170.04, [INFO], robot1, {'battery-level': '12.50'}, None, None
170.04, [INFO], robot1, {'y': 15.534, 'x': -31.071, 'yaw': -3.141}, None, None
180.05, [INFO], robot1, {'y': 15.769, 'x': -28.953, 'yaw': 3.14}, None, None
180.05, [INFO], robot1, {'battery-level': '11.82'}, None, None
190.03, [INFO], robot1, {'battery-level': '11.14'}, None, None
190.03, [INFO], robot1, {'y': 15.868, 'x': -26.848, 'yaw': 3.142}, None, None
200.08, [INFO], robot1, {'y': 14.307, 'x': -25.715, 'yaw': 3.139}, None, None
200.08, [INFO], robot1, {'battery-level': '10.46'}, None, None
210.05, [INFO], robot1, {'y': 12.952, 'x': -25.946, 'yaw': -3.142}, None, None
210.05, [INFO], robot1, {'battery-level': '9.78'}, None, None
220.02, [INFO], robot1, {'y': 12.869, 'x': -25.923, 'yaw': 3.142}, None, None
220.02, [INFO], robot1, {'battery-level': '9.10'}, None, None
220.70, [info], lab_arm, sync, wait-message, (status=message-received)
221.67, [WARN], robot1, SUCCESS, None, None
230.00, [INFO], robot1, {'battery-level': '8.42'}, None, None
230.00, [INFO], robot1, {'y': 12.869, 'x': -25.922, 'yaw': -3.142}, None, None
