0.00, [DEBUG], nurse, NURSE_CONFIG={'location': 'IC Room 2', 'position': [-38.0, 21.5, 0.0]}, None, None
0.00, [INFO], robot6, {'battery-level': '54.08'}, None, None
0.13, [DEBUG], logger, ROBOTS_CONFIG={'avg_speed': 0.15, 'battery_charge': 0.5408465660492595, 'battery_discharge_rate': 0.0005200000000000001, 'id': 6, 'local_plan': [['navigation', ['IC Room 2', [[-33.9, 18.93, 3.14], [-37.0, 18.93], [-37.0, 21.5], [-38.0, 21.5, 0.0]]], 'navto_room'], ['approach_person', ['nurse'], 'approach_nurse'], ['authenticate_person', ['nurse'], 'authenticate_nurse'], ['operate_drawer', ['open'], 'open_drawer_for_nurse'], ['send_message', ['nurse'], 'notify_nurse_of_open_drawer_for_nurse_completed'], ['wait_message', ['nurse'], 'wait_nurse_to_complete_deposit'], ['operate_drawer', ['close'], 'close_drawer_nurse'], ['navigation', ['Laboratory', [[-38.0, 21.5, 0.0], [-37.0, 21.5], [-37.0, 16.0], [-26.0, 16.0], [-26.0, 13.0, 1.57]]], 'navto_lab'], ['approach_robot', ['lab_arm'], 'approach_arm'], ['operate_drawer', ['open'], 'open_drawer_lab'], ['send_message', ['lab_arm'], 'notify_lab_arm_of_open_drawer_lab_completed'], ['wait_message', ['lab_arm'], 'wait_lab_arm_to_complete_pick_up_sample'], ['operate_drawer', ['close'], 'close_drawer_lab']], 'location': 'IC Room 6', 'name': 'r6', 'position': [-33.9, 18.93, 3.14], 'skills': ['approach_person', 'approach_robot', 'authenticate_person', 'navigation', 'operate_drawer']}, None, None
0.13, [DEBUG], logger, Simulation open, None, None
10.06, [INFO], robot6, {'y': 18.491, 'x': -34.343, 'yaw': 3.141}, None, None
10.06, [INFO], robot6, {'battery-level': '53.62'}, None, None
20.05, [INFO], robot6, {'y': 18.028, 'x': -36.123, 'yaw': -3.141}, None, None
20.05, [INFO], robot6, {'battery-level': '53.10'}, None, None
30.01, [INFO], robot6, {'battery-level': '52.58'}, None, None
30.01, [INFO], robot6, {'y': 19.836, 'x': -36.894, 'yaw': 3.141}, None, None
40.08, [INFO], robot6, {'battery-level': '52.06'}, None, None
40.08, [INFO], robot6, {'y': 21.611, 'x': -37.584, 'yaw': 3.141}, None, None
50.06, [INFO], robot6, {'battery-level': '51.54'}, None, None
50.06, [INFO], robot6, {'y': 21.431, 'x': -38.068, 'yaw': 3.136}, None, None
53.26, [info], nurse, sync, received-request, (status=sending-request)
53.26, [info], nurse, sync, request-sent, (status=waiting)
53.26, [info], nurse, sync, wait-message, (status=message-received)
60.04, [INFO], robot6, {'battery-level': '51.02'}, None, None
60.04, [INFO], robot6, {'y': 20.958, 'x': -37.181, 'yaw': 3.142}, None, None
70.09, [INFO], robot6, {'battery-level': '50.50'}, None, None
70.09, [INFO], robot6, {'y': 18.834, 'x': -37.16, 'yaw': 3.142}, None, None
80.06, [INFO], robot6, {'battery-level': '49.98'}, None, None
80.06, [INFO], robot6, {'y': 16.73, 'x': -37.064, 'yaw': 3.141}, None, None
90.02, [INFO], robot6, {'battery-level': '49.46'}, None, None
90.02, [INFO], robot6, {'y': 15.673, 'x': -35.545, 'yaw': -3.142}, None, None
100.05, [INFO], robot6, {'battery-level': '48.94'}, None, None
100.05, [INFO], robot6, {'y': 15.428, 'x': -33.449, 'yaw': -3.142}, None, None
110.02, [INFO], robot6, {'battery-level': '48.42'}, None, None
110.02, [INFO], robot6, {'y': 15.502, 'x': -31.329, 'yaw': -3.141}, None, None
120.08, [INFO], robot6, {'battery-level': '47.90'}, None, None
120.08, [INFO], robot6, {'y': 15.686, 'x': -29.207, 'yaw': 3.141}, None, None
130.02, [INFO], robot6, {'y': 15.81, 'x': -27.108, 'yaw': 3.141}, None, None
130.02, [INFO], robot6, {'battery-level': '47.38'}, None, None
140.06, [INFO], robot6, {'battery-level': '46.86'}, None, None
140.06, [INFO], robot6, {'y': 14.566, 'x': -25.79, 'yaw': -3.142}, None, None
150.01, [INFO], robot6, {'y': 12.895, 'x': -25.924, 'yaw': 3.142}, None, None
150.01, [INFO], robot6, {'battery-level': '46.34'}, None, None
159.39, [info], lab_arm, sync, wait-message, (status=message-received)
160.07, [INFO], robot6, {'battery-level': '45.82'}, None, None
160.07, [INFO], robot6, {'y': 12.898, 'x': -25.947, 'yaw': 3.141}, None, None
160.36, [WARN], robot6, SUCCESS, None, None
170.02, [INFO], robot6, {'battery-level': '45.30'}, None, None
170.02, [INFO], robot6, {'y': 12.898, 'x': -25.947, 'yaw': 3.142}, None, None
