0.12, [DEBUG], logger, ROBOTS_CONFIG={'avg_speed': 0.15, 'battery_charge': 0.5914703710515797, 'battery_discharge_rate': 0.00048000000000000007, 'id': 1, 'local_plan': [['navigation', ['IC Room 6', [[-11.5, 18.0, -1.57], [-11.5, 16.0], [-37.0, 16.0], [-37.0, 18.93], [-33.9, 18.93, 3.14]]], 'navto_room'], ['approach_person', ['nurse'], 'approach_nurse'], ['authenticate_person', ['nurse'], 'authenticate_nurse'], ['operate_drawer', ['open'], 'open_drawer_for_nurse'], ['send_message', ['nurse'], 'notify_nurse_of_open_drawer_for_nurse_completed'], ['wait_message', ['nurse'], 'wait_nurse_to_complete_deposit'], ['operate_drawer', ['close'], 'close_drawer_nurse'], ['navigation', ['Laboratory', [[-33.9, 18.93, 3.14], [-37.0, 18.93], [-37.0, 16.0], [-26.0, 16.0], [-26.0, 13.0, 1.57]]], 'navto_lab'], ['approach_robot', ['lab_arm'], 'approach_arm'], ['operate_drawer', ['open'], 'open_drawer_lab'], ['send_message', ['lab_arm'], 'notify_lab_arm_of_open_drawer_lab_completed'], ['wait_message', ['lab_arm'], 'wait_lab_arm_to_complete_pick_up_sample'], ['operate_drawer', ['close'], 'close_drawer_lab']], 'location': 'PC Room 8', 'name': 'r1', 'position': [-11.5, 18.0, -1.57], 'skills': ['approach_person', 'approach_robot', 'navigation', 'operate_drawer']}, None, None
0.12, [DEBUG], logger, Simulation open, None, None
10.05, [INFO], robot1, {'y': 18.0, 'x': -11.5, 'yaw': 3.142}, None, None
10.05, [INFO], robot1, {'battery-level': '58.72'}, None, None
20.05, [INFO], robot1, {'y': 16.859, 'x': -11.736, 'yaw': 3.14}, None, None
20.05, [INFO], robot1, {'battery-level': '58.24'}, None, None
30.03, [INFO], robot1, {'y': 16.005, 'x': -12.956, 'yaw': 3.141}, None, None
30.03, [INFO], robot1, {'battery-level': '57.76'}, None, None
40.04, [INFO], robot1, {'y': 16.188, 'x': -12.863, 'yaw': 3.141}, None, None
40.04, [INFO], robot1, {'battery-level': '57.28'}, None, None
50.04, [INFO], robot1, {'y': 16.177, 'x': -12.998, 'yaw': -3.14}, None, None
50.04, [INFO], robot1, {'battery-level': '56.80'}, None, None
60.05, [INFO], robot1, {'battery-level': '56.32'}, None, None
60.05, [INFO], robot1, {'y': 16.079, 'x': -13.059, 'yaw': 3.141}, None, None
70.06, [INFO], robot1, {'battery-level': '55.84'}, None, None
70.06, [INFO], robot1, {'y': 16.151, 'x': -12.899, 'yaw': 3.14}, None, None
80.09, [INFO], robot1, {'y': 16.002, 'x': -12.852, 'yaw': 3.142}, None, None
80.09, [INFO], robot1, {'battery-level': '55.36'}, None, None
90.08, [INFO], robot1, {'battery-level': '54.88'}, None, None
90.08, [INFO], robot1, {'y': 16.364, 'x': -13.044, 'yaw': -3.141}, None, None
100.09, [INFO], robot1, {'y': 15.891, 'x': -13.02, 'yaw': -3.142}, None, None
100.09, [INFO], robot1, {'battery-level': '54.40'}, None, None
110.01, [INFO], robot1, {'y': 16.107, 'x': -12.97, 'yaw': 3.141}, None, None
110.01, [INFO], robot1, {'battery-level': '53.92'}, None, None
120.02, [INFO], robot1, {'y': 16.379, 'x': -13.031, 'yaw': 3.141}, None, None
120.02, [INFO], robot1, {'battery-level': '53.44'}, None, None
130.01, [INFO], robot1, {'y': 16.036, 'x': -12.901, 'yaw': 3.141}, None, None
130.01, [INFO], robot1, {'battery-level': '52.96'}, None, None
140.10, [INFO], robot1, {'battery-level': '52.48'}, None, None
140.10, [INFO], robot1, {'y': 16.307, 'x': -12.93, 'yaw': 3.14}, None, None
150.07, [INFO], robot1, {'battery-level': '52.00'}, None, None
150.07, [INFO], robot1, {'y': 16.166, 'x': -13.028, 'yaw': -3.141}, None, None
160.06, [INFO], robot1, {'y': 16.04, 'x': -12.965, 'yaw': 3.141}, None, None
160.06, [INFO], robot1, {'battery-level': '51.52'}, None, None
168.57, [WARN], robot1, SKILL-FAILURE, navigation, navto_room
170.02, [INFO], robot1, {'battery-level': '51.04'}, None, None
170.02, [INFO], robot1, {'y': 16.129, 'x': -12.978, 'yaw': 3.142}, None, None
