0.00, [INFO], robot4, {'battery-level': '65.21'}, None, None
0.00, [DEBUG], logger, ROBOTS_CONFIG={'avg_speed': 0.15, 'battery_charge': 0.6520875066754872, 'battery_discharge_rate': 0.0006000000000000001, 'id': 4, 'local_plan': [['navigation', ['IC Room 6', [[-39.44, 33.95, 0.0], [-37.0, 33.95], [-37.0, 18.93], [-33.9, 18.93, 3.14]]], 'navto_room'], ['approach_person', ['nurse'], 'approach_nurse'], ['authenticate_person', ['nurse'], 'authenticate_nurse'], ['operate_drawer', ['open'], 'open_drawer_for_nurse'], ['send_message', ['nurse'], 'notify_nurse_of_open_drawer_for_nurse_completed'], ['wait_message', ['nurse'], 'wait_nurse_to_complete_deposit'], ['operate_drawer', ['close'], 'close_drawer_nurse'], ['navigation', ['Laboratory', [[-33.9, 18.93, 3.14], [-37.0, 18.93], [-37.0, 16.0], [-26.0, 16.0], [-26.0, 13.0, 1.57]]], 'navto_lab'], ['approach_robot', ['lab_arm'], 'approach_arm'], ['operate_drawer', ['open'], 'open_drawer_lab'], ['send_message', ['lab_arm'], 'notify_lab_arm_of_open_drawer_lab_completed'], ['wait_message', ['lab_arm'], 'wait_lab_arm_to_complete_pick_up_sample'], ['operate_drawer', ['close'], 'close_drawer_lab']], 'location': 'IC Room 4', 'name': 'r4', 'position': [-39.44, 33.95, 0.0], 'skills': ['approach_person', 'approach_robot', 'authenticate_person', 'navigation', 'operate_drawer']}, None, None
0.00, [DEBUG], logger, Simulation open, None, None
10.02, [INFO], robot4, {'battery-level': '64.67'}, None, None
10.02, [INFO], robot4, {'y': 34.038, 'x': -39.099, 'yaw': 3.141}, None, None
20.05, [INFO], robot4, {'battery-level': '64.07'}, None, None
20.05, [INFO], robot4, {'y': 34.227, 'x': -37.202, 'yaw': 3.141}, None, None
30.07, [INFO], robot4, {'battery-level': '63.47'}, None, None
30.07, [INFO], robot4, {'y': 32.135, 'x': -37.038, 'yaw': 3.14}, None, None
40.05, [INFO], robot4, {'battery-level': '62.87'}, None, None
40.05, [INFO], robot4, {'y': 30.041, 'x': -37.035, 'yaw': 3.141}, None, None
50.02, [INFO], robot4, {'y': 27.942, 'x': -36.979, 'yaw': 3.141}, None, None
50.02, [INFO], robot4, {'battery-level': '62.27'}, None, None
60.09, [INFO], robot4, {'y': 25.823, 'x': -37.038, 'yaw': 3.141}, None, None
60.09, [INFO], robot4, {'battery-level': '61.67'}, None, None
70.02, [INFO], robot4, {'battery-level': '61.07'}, None, None
70.02, [INFO], robot4, {'y': 23.737, 'x': -37.04, 'yaw': -3.142}, None, None
80.08, [INFO], robot4, {'battery-level': '60.47'}, None, None
80.08, [INFO], robot4, {'y': 21.627, 'x': -37.123, 'yaw': 3.141}, None, None
90.05, [INFO], robot4, {'battery-level': '59.87'}, None, None
90.05, [INFO], robot4, {'y': 19.526, 'x': -37.066, 'yaw': -3.142}, None, None
100.00, [INFO], robot4, {'y': 17.858, 'x': -35.757, 'yaw': -3.137}, None, None
100.00, [INFO], robot4, {'battery-level': '59.27'}, None, None
110.05, [INFO], robot4, {'battery-level': '58.67'}, None, None
110.05, [INFO], robot4, {'y': 18.715, 'x': -34.124, 'yaw': 3.141}, None, None
119.52, [info], nurse, sync, received-request, (status=sending-request)
119.52, [info], nurse, sync, request-sent, (status=waiting)
119.52, [info], nurse, sync, wait-message, (status=message-received)
120.00, [INFO], robot4, {'y': 18.973, 'x': -33.959, 'yaw': 3.14}, None, None
120.00, [INFO], robot4, {'battery-level': '58.07'}, None, None
130.03, [INFO], robot4, {'battery-level': '57.47'}, None, None
130.03, [INFO], robot4, {'y': 17.772, 'x': -35.327, 'yaw': 3.141}, None, None
140.01, [INFO], robot4, {'battery-level': '56.87'}, None, None
140.01, [INFO], robot4, {'y': 18.029, 'x': -36.184, 'yaw': -3.136}, None, None
150.01, [INFO], robot4, {'y': 17.32, 'x': -36.988, 'yaw': 3.141}, None, None
150.01, [INFO], robot4, {'battery-level': '56.27'}, None, None
160.09, [INFO], robot4, {'battery-level': '55.67'}, None, None
160.09, [INFO], robot4, {'y': 17.516, 'x': -36.894, 'yaw': 3.141}, None, None
170.08, [INFO], robot4, {'battery-level': '55.07'}, None, None
170.08, [INFO], robot4, {'y': 17.254, 'x': -36.77, 'yaw': -3.141}, None, None
180.07, [INFO], robot4, {'battery-level': '54.47'}, None, None
180.07, [INFO], robot4, {'y': 17.403, 'x': -36.879, 'yaw': 3.141}, None, None
190.03, [INFO], robot4, {'y': 17.358, 'x': -37.018, 'yaw': 3.141}, None, None
190.03, [INFO], robot4, {'battery-level': '53.87'}, None, None
200.09, [INFO], robot4, {'y': 17.446, 'x': -36.908, 'yaw': -3.141}, None, None
200.09, [INFO], robot4, {'battery-level': '53.27'}, None, None
210.08, [INFO], robot4, {'battery-level': '52.67'}, None, None
210.08, [INFO], robot4, {'y': 17.28, 'x': -37.109, 'yaw': 3.14}, None, None
220.06, [INFO], robot4, {'y': 17.334, 'x': -37.101, 'yaw': -3.142}, None, None
220.06, [INFO], robot4, {'battery-level': '52.07'}, None, None
230.03, [INFO], robot4, {'y': 17.464, 'x': -37.098, 'yaw': -3.142}, None, None
230.03, [INFO], robot4, {'battery-level': '51.47'}, None, None
240.02, [INFO], robot4, {'y': 17.196, 'x': -36.876, 'yaw': 3.139}, None, None
240.02, [INFO], robot4, {'battery-level': '50.87'}, None, None
250.09, [INFO], robot4, {'y': 17.125, 'x': -36.985, 'yaw': -3.141}, None, None
250.09, [INFO], robot4, {'battery-level': '50.27'}, None, None
260.08, [INFO], robot4, {'y': 17.405, 'x': -36.986, 'yaw': -3.142}, None, None
260.08, [INFO], robot4, {'battery-level': '49.67'}, None, None
270.05, [INFO], robot4, {'y': 17.458, 'x': -37.166, 'yaw': 3.142}, None, None
270.05, [INFO], robot4, {'battery-level': '49.07'}, None, None
280.02, [INFO], robot4, {'y': 17.364, 'x': -36.85, 'yaw': -3.141}, None, None
280.02, [INFO], robot4, {'battery-level': '48.47'}, None, None
290.01, [INFO], robot4, {'y': 17.221, 'x': -36.819, 'yaw': 3.142}, None, None
290.01, [INFO], robot4, {'battery-level': '47.87'}, None, None
300.00, [INFO], robot4, {'battery-level': '47.27'}, None, None
300.00, [INFO], robot4, {'y': 17.463, 'x': -37.021, 'yaw': -3.142}, None, None
310.08, [INFO], robot4, {'y': 17.315, 'x': -36.83, 'yaw': 3.141}, None, None
310.08, [INFO], robot4, {'battery-level': '46.67'}, None, None
312.88, [WARN], robot4, SKILL-FAILURE, navigation, navto_lab
320.09, [INFO], robot4, {'battery-level': '46.07'}, None, None
320.09, [INFO], robot4, {'y': 17.271, 'x': -36.984, 'yaw': -3.142}, None, None
