0.00, [DEBUG], nurse, NURSE_CONFIG={'location': 'IC Room 2', 'position': [-38.0, 21.5, 0.0]}, None, None
0.00, [INFO], robot4, {'battery-level': '65.21'}, None, None
0.18, [DEBUG], logger, ROBOTS_CONFIG={'avg_speed': 0.15, 'battery_charge': 0.6520875066754872, 'battery_discharge_rate': 0.0006000000000000001, 'id': 4, 'local_plan': [['navigation', ['IC Room 2', [[-32.88, 33.98, 3.14], [-37.0, 33.98], [-37.0, 21.5], [-38.0, 21.5, 0.0]]], 'navto_room'], ['approach_person', ['nurse'], 'approach_nurse'], ['authenticate_person', ['nurse'], 'authenticate_nurse'], ['operate_drawer', ['open'], 'open_drawer_for_nurse'], ['send_message', ['nurse'], 'notify_nurse_of_open_drawer_for_nurse_completed'], ['wait_message', ['nurse'], 'wait_nurse_to_complete_deposit'], ['operate_drawer', ['close'], 'close_drawer_nurse'], ['navigation', ['Laboratory', [[-38.0, 21.5, 0.0], [-37.0, 21.5], [-37.0, 16.0], [-26.0, 16.0], [-26.0, 13.0, 1.57]]], 'navto_lab'], ['approach_robot', ['lab_arm'], 'approach_arm'], ['operate_drawer', ['open'], 'open_drawer_lab'], ['send_message', ['lab_arm'], 'notify_lab_arm_of_open_drawer_lab_completed'], ['wait_message', ['lab_arm'], 'wait_lab_arm_to_complete_pick_up_sample'], ['operate_drawer', ['close'], 'close_drawer_lab']], 'location': 'IC Room 5', 'name': 'r4', 'position': [-32.88, 33.98, 3.14], 'skills': ['approach_person', 'approach_robot', 'authenticate_person', 'navigation', 'operate_drawer']}, None, None
0.18, [DEBUG], logger, Simulation open, None, None
10.07, [INFO], robot4, {'y': 34.098, 'x': -33.278, 'yaw': 3.142}, None, None
10.07, [INFO], robot4, {'battery-level': '64.67'}, None, None
20.06, [INFO], robot4, {'y': 34.719, 'x': -35.301, 'yaw': 3.142}, None, None
20.06, [INFO], robot4, {'battery-level': '64.07'}, None, None
30.04, [INFO], robot4, {'battery-level': '63.47'}, None, None
30.04, [INFO], robot4, {'y': 33.657, 'x': -36.985, 'yaw': -3.142}, None, None
40.01, [INFO], robot4, {'battery-level': '62.87'}, None, None
40.01, [INFO], robot4, {'y': 31.559, 'x': -37.003, 'yaw': -3.142}, None, None
50.08, [INFO], robot4, {'battery-level': '62.27'}, None, None
50.08, [INFO], robot4, {'y': 29.441, 'x': -36.987, 'yaw': -3.142}, None, None
60.04, [INFO], robot4, {'y': 27.334, 'x': -36.976, 'yaw': -3.142}, None, None
60.04, [INFO], robot4, {'battery-level': '61.67'}, None, None
70.09, [INFO], robot4, {'y': 25.223, 'x': -37.018, 'yaw': -3.142}, None, None
70.09, [INFO], robot4, {'battery-level': '61.07'}, None, None
80.04, [INFO], robot4, {'y': 23.115, 'x': -37.036, 'yaw': 3.142}, None, None
80.04, [INFO], robot4, {'battery-level': '60.47'}, None, None
90.01, [INFO], robot4, {'y': 21.241, 'x': -37.549, 'yaw': 3.141}, None, None
90.01, [INFO], robot4, {'battery-level': '59.87'}, None, None
100.07, [INFO], robot4, {'battery-level': '59.27'}, None, None
100.07, [INFO], robot4, {'y': 21.322, 'x': -38.089, 'yaw': -3.142}, None, None
110.02, [INFO], robot4, {'battery-level': '58.67'}, None, None
110.02, [INFO], robot4, {'y': 21.431, 'x': -38.066, 'yaw': 3.141}, None, None
112.92, [info], nurse, sync, received-request, (status=sending-request)
112.92, [info], nurse, sync, request-sent, (status=waiting)
112.92, [info], nurse, sync, wait-message, (status=message-received)
120.04, [INFO], robot4, {'battery-level': '58.07'}, None, None
120.04, [INFO], robot4, {'y': 20.957, 'x': -37.197, 'yaw': -3.141}, None, None
130.08, [INFO], robot4, {'y': 18.837, 'x': -37.118, 'yaw': 3.142}, None, None
130.08, [INFO], robot4, {'battery-level': '57.47'}, None, None
140.07, [INFO], robot4, {'battery-level': '56.87'}, None, None
140.07, [INFO], robot4, {'y': 16.723, 'x': -37.006, 'yaw': 3.14}, None, None
150.01, [INFO], robot4, {'y': 15.66, 'x': -35.56, 'yaw': 3.142}, None, None
150.01, [INFO], robot4, {'battery-level': '56.27'}, None, None
160.09, [INFO], robot4, {'battery-level': '55.67'}, None, None
160.09, [INFO], robot4, {'y': 15.428, 'x': -33.449, 'yaw': -3.141}, None, None
170.09, [INFO], robot4, {'battery-level': '55.07'}, None, None
170.09, [INFO], robot4, {'y': 15.552, 'x': -31.332, 'yaw': -3.141}, None, None
180.03, [INFO], robot4, {'battery-level': '54.47'}, None, None
180.03, [INFO], robot4, {'y': 15.709, 'x': -29.224, 'yaw': 3.141}, None, None
190.03, [INFO], robot4, {'battery-level': '53.87'}, None, None
190.03, [INFO], robot4, {'y': 15.751, 'x': -27.108, 'yaw': 3.141}, None, None
200.00, [INFO], robot4, {'battery-level': '53.27'}, None, None
200.00, [INFO], robot4, {'y': 14.481, 'x': -25.769, 'yaw': 3.142}, None, None
210.03, [INFO], robot4, {'y': 12.883, 'x': -25.94, 'yaw': -3.142}, None, None
210.03, [INFO], robot4, {'battery-level': '52.67'}, None, None
219.67, [info], lab_arm, sync, wait-message, (status=message-received)
220.06, [INFO], robot4, {'battery-level': '52.07'}, None, None
220.06, [INFO], robot4, {'y': 12.889, 'x': -25.98, 'yaw': 3.14}, None, None
220.64, [WARN], robot4, SUCCESS, None, None
230.02, [INFO], robot4, {'battery-level': '51.47'}, None, None
230.02, [INFO], robot4, {'y': 12.889, 'x': -25.98, 'yaw': -3.142}, None, None
