0.00, [DEBUG], nurse, NURSE_CONFIG={'location': 'IC Room 2', 'position': [-38.0, 21.5, 0.0]}, None, None
0.00, [INFO], robot2, {'battery-level': '83.45'}, None, None
0.13, [DEBUG], logger, ROBOTS_CONFIG={'avg_speed': 0.15, 'battery_charge': 0.8344531419634984, 'battery_discharge_rate': 0.00054, 'id': 2, 'local_plan': [['navigation', ['IC Room 2', [[-19.0, 18.0, -1.57], [-19.0, 16.0], [-37.0, 16.0], [-37.0, 21.5], [-38.0, 21.5, 0.0]]], 'navto_room'], ['approach_person', ['nurse'], 'approach_nurse'], ['authenticate_person', ['nurse'], 'authenticate_nurse'], ['operate_drawer', ['open'], 'open_drawer_for_nurse'], ['send_message', ['nurse'], 'notify_nurse_of_open_drawer_for_nurse_completed'], ['wait_message', ['nurse'], 'wait_nurse_to_complete_deposit'], ['operate_drawer', ['close'], 'close_drawer_nurse'], ['navigation', ['Laboratory', [[-38.0, 21.5, 0.0], [-37.0, 21.5], [-37.0, 16.0], [-26.0, 16.0], [-26.0, 13.0, 1.57]]], 'navto_lab'], ['approach_robot', ['lab_arm'], 'approach_arm'], ['operate_drawer', ['open'], 'open_drawer_lab'], ['send_message', ['lab_arm'], 'notify_lab_arm_of_open_drawer_lab_completed'], ['wait_message', ['lab_arm'], 'wait_lab_arm_to_complete_pick_up_sample'], ['operate_drawer', ['close'], 'close_drawer_lab']], 'location': 'PC Room 6', 'name': 'r2', 'position': [-19.0, 18.0, -1.57], 'skills': ['approach_person', 'approach_robot', 'authenticate_person', 'navigation', 'operate_drawer']}, None, None
0.13, [DEBUG], logger, Simulation open, None, None
10.05, [INFO], robot2, {'y': 17.675, 'x': -19.104, 'yaw': -3.142}, None, None
10.05, [INFO], robot2, {'battery-level': '82.96'}, None, None
20.09, [INFO], robot2, {'battery-level': '82.42'}, None, None
20.09, [INFO], robot2, {'y': 16.191, 'x': -20.127, 'yaw': 3.141}, None, None
30.09, [INFO], robot2, {'y': 16.193, 'x': -22.242, 'yaw': 3.141}, None, None
30.09, [INFO], robot2, {'battery-level': '81.88'}, None, None
40.00, [INFO], robot2, {'battery-level': '81.34'}, None, None
40.00, [INFO], robot2, {'y': 16.141, 'x': -24.323, 'yaw': 3.14}, None, None
50.09, [INFO], robot2, {'y': 16.094, 'x': -26.45, 'yaw': 3.142}, None, None
50.09, [INFO], robot2, {'battery-level': '80.80'}, None, None
60.06, [INFO], robot2, {'y': 16.232, 'x': -28.543, 'yaw': -3.142}, None, None
60.06, [INFO], robot2, {'battery-level': '80.26'}, None, None
70.06, [INFO], robot2, {'y': 16.171, 'x': -30.657, 'yaw': 3.141}, None, None
70.06, [INFO], robot2, {'battery-level': '79.72'}, None, None
80.05, [INFO], robot2, {'battery-level': '79.18'}, None, None
80.05, [INFO], robot2, {'y': 15.843, 'x': -32.761, 'yaw': -3.142}, None, None
90.03, [INFO], robot2, {'battery-level': '78.64'}, None, None
90.03, [INFO], robot2, {'y': 15.335, 'x': -34.835, 'yaw': -3.141}, None, None
100.04, [INFO], robot2, {'battery-level': '78.10'}, None, None
100.04, [INFO], robot2, {'y': 15.888, 'x': -36.865, 'yaw': -3.142}, None, None
110.02, [INFO], robot2, {'y': 17.992, 'x': -36.814, 'yaw': -3.141}, None, None
110.02, [INFO], robot2, {'battery-level': '77.56'}, None, None
120.08, [INFO], robot2, {'y': 20.112, 'x': -36.894, 'yaw': 3.141}, None, None
120.08, [INFO], robot2, {'battery-level': '77.02'}, None, None
130.05, [INFO], robot2, {'y': 21.612, 'x': -37.85, 'yaw': 3.141}, None, None
130.05, [INFO], robot2, {'battery-level': '76.48'}, None, None
140.01, [INFO], robot2, {'battery-level': '75.94'}, None, None
140.01, [INFO], robot2, {'y': 21.426, 'x': -38.117, 'yaw': 3.142}, None, None
141.56, [info], nurse, sync, received-request, (status=sending-request)
141.56, [info], nurse, sync, request-sent, (status=waiting)
141.56, [info], nurse, sync, wait-message, (status=message-received)
150.09, [INFO], robot2, {'y': 20.6, 'x': -37.221, 'yaw': 3.141}, None, None
150.09, [INFO], robot2, {'battery-level': '75.40'}, None, None
160.08, [INFO], robot2, {'battery-level': '74.86'}, None, None
160.08, [INFO], robot2, {'y': 18.5, 'x': -37.15, 'yaw': 3.141}, None, None
170.06, [INFO], robot2, {'y': 16.404, 'x': -36.978, 'yaw': 3.141}, None, None
170.06, [INFO], robot2, {'battery-level': '74.32'}, None, None
180.06, [INFO], robot2, {'battery-level': '73.78'}, None, None
180.06, [INFO], robot2, {'y': 15.617, 'x': -34.993, 'yaw': 3.141}, None, None
190.06, [INFO], robot2, {'battery-level': '73.24'}, None, None
190.06, [INFO], robot2, {'y': 15.558, 'x': -32.889, 'yaw': -3.137}, None, None
200.04, [INFO], robot2, {'y': 15.568, 'x': -30.784, 'yaw': -3.142}, None, None
200.04, [INFO], robot2, {'battery-level': '72.70'}, None, None
210.06, [INFO], robot2, {'battery-level': '72.16'}, None, None
210.06, [INFO], robot2, {'y': 15.784, 'x': -28.683, 'yaw': 3.14}, None, None
220.06, [INFO], robot2, {'battery-level': '71.62'}, None, None
220.06, [INFO], robot2, {'y': 15.883, 'x': -26.57, 'yaw': 3.14}, None, None
230.06, [INFO], robot2, {'battery-level': '71.08'}, None, None
230.06, [INFO], robot2, {'y': 14.113, 'x': -25.777, 'yaw': 3.138}, None, None
240.03, [INFO], robot2, {'y': 12.919, 'x': -25.953, 'yaw': -3.141}, None, None
240.03, [INFO], robot2, {'battery-level': '70.54'}, None, None
250.04, [INFO], robot2, {'battery-level': '70.00'}, None, None
250.04, [INFO], robot2, {'y': 12.911, 'x': -25.986, 'yaw': -3.142}, None, None
250.14, [info], lab_arm, sync, wait-message, (status=message-received)
251.11, [WARN], robot2, SUCCESS, None, None
260.08, [INFO], robot2, {'battery-level': '69.46'}, None, None
260.08, [INFO], robot2, {'y': 12.91, 'x': -25.985, 'yaw': -3.142}, None, None
