0.00, [DEBUG], nurse, NURSE_CONFIG={'location': 'IC Room 2', 'position': [-38.0, 21.5, 0.0]}, None, None
0.13, [DEBUG], logger, ROBOTS_CONFIG={'avg_speed': 0.15, 'battery_charge': 0.634952869577942, 'battery_discharge_rate': 0.00054, 'id': 2, 'local_plan': [['navigation', ['IC Room 2', [[-19.0, 18.0, -1.57], [-19.0, 16.0], [-37.0, 16.0], [-37.0, 21.5], [-38.0, 21.5, 0.0]]], 'navto_room'], ['approach_person', ['nurse'], 'approach_nurse'], ['authenticate_person', ['nurse'], 'authenticate_nurse'], ['operate_drawer', ['open'], 'open_drawer_for_nurse'], ['send_message', ['nurse'], 'notify_nurse_of_open_drawer_for_nurse_completed'], ['wait_message', ['nurse'], 'wait_nurse_to_complete_deposit'], ['operate_drawer', ['close'], 'close_drawer_nurse'], ['navigation', ['Laboratory', [[-38.0, 21.5, 0.0], [-37.0, 21.5], [-37.0, 16.0], [-26.0, 16.0], [-26.0, 13.0, 1.57]]], 'navto_lab'], ['approach_robot', ['lab_arm'], 'approach_arm'], ['operate_drawer', ['open'], 'open_drawer_lab'], ['send_message', ['lab_arm'], 'notify_lab_arm_of_open_drawer_lab_completed'], ['wait_message', ['lab_arm'], 'wait_lab_arm_to_complete_pick_up_sample'], ['operate_drawer', ['close'], 'close_drawer_lab']], 'location': 'PC Room 6', 'name': 'r2', 'position': [-19.0, 18.0, -1.57], 'skills': ['approach_person', 'approach_robot', 'authenticate_person', 'navigation', 'operate_drawer']}, None, None
0.13, [DEBUG], logger, Simulation open, None, None
10.05, [INFO], robot2, {'battery-level': '63.01'}, None, None
10.05, [INFO], robot2, {'y': 17.448, 'x': -19.204, 'yaw': 3.141}, None, None
20.07, [INFO], robot2, {'battery-level': '62.47'}, None, None
20.07, [INFO], robot2, {'y': 16.135, 'x': -20.3, 'yaw': -3.141}, None, None
30.06, [INFO], robot2, {'battery-level': '61.93'}, None, None
30.06, [INFO], robot2, {'y': 16.111, 'x': -22.423, 'yaw': -3.136}, None, None
40.09, [INFO], robot2, {'y': 16.043, 'x': -24.535, 'yaw': 3.141}, None, None
40.09, [INFO], robot2, {'battery-level': '61.39'}, None, None
50.07, [INFO], robot2, {'battery-level': '60.85'}, None, None
50.07, [INFO], robot2, {'y': 16.039, 'x': -26.63, 'yaw': 3.14}, None, None
60.08, [INFO], robot2, {'y': 16.092, 'x': -28.742, 'yaw': 3.14}, None, None
60.08, [INFO], robot2, {'battery-level': '60.31'}, None, None
70.09, [INFO], robot2, {'battery-level': '59.77'}, None, None
70.09, [INFO], robot2, {'y': 16.027, 'x': -30.86, 'yaw': 3.142}, None, None
80.10, [INFO], robot2, {'battery-level': '59.23'}, None, None
80.10, [INFO], robot2, {'y': 15.804, 'x': -32.986, 'yaw': -3.142}, None, None
90.09, [INFO], robot2, {'y': 15.354, 'x': -35.054, 'yaw': 3.141}, None, None
90.09, [INFO], robot2, {'battery-level': '58.69'}, None, None
100.02, [INFO], robot2, {'battery-level': '58.15'}, None, None
100.02, [INFO], robot2, {'y': 16.277, 'x': -36.542, 'yaw': -3.141}, None, None
110.10, [INFO], robot2, {'battery-level': '57.61'}, None, None
110.10, [INFO], robot2, {'y': 18.411, 'x': -36.627, 'yaw': -3.142}, None, None
120.10, [INFO], robot2, {'y': 20.512, 'x': -36.824, 'yaw': 3.141}, None, None
120.10, [INFO], robot2, {'battery-level': '57.07'}, None, None
130.08, [INFO], robot2, {'y': 21.52, 'x': -38.027, 'yaw': -3.136}, None, None
130.08, [INFO], robot2, {'battery-level': '56.53'}, None, None
140.05, [INFO], robot2, {'y': 21.414, 'x': -38.08, 'yaw': 3.142}, None, None
140.05, [INFO], robot2, {'battery-level': '55.99'}, None, None
141.52, [info], nurse, sync, received-request, (status=sending-request)
141.52, [info], nurse, sync, request-sent, (status=waiting)
141.52, [info], nurse, sync, wait-message, (status=message-received)
150.03, [INFO], robot2, {'battery-level': '55.45'}, None, None
150.03, [INFO], robot2, {'y': 20.619, 'x': -37.204, 'yaw': -3.141}, None, None
160.08, [INFO], robot2, {'y': 18.501, 'x': -37.131, 'yaw': 3.141}, None, None
160.08, [INFO], robot2, {'battery-level': '54.91'}, None, None
170.09, [INFO], robot2, {'battery-level': '54.37'}, None, None
170.09, [INFO], robot2, {'y': 16.391, 'x': -37.03, 'yaw': 3.142}, None, None
180.09, [INFO], robot2, {'battery-level': '53.83'}, None, None
180.09, [INFO], robot2, {'y': 15.577, 'x': -35.24, 'yaw': -3.142}, None, None
190.01, [INFO], robot2, {'battery-level': '53.29'}, None, None
190.01, [INFO], robot2, {'y': 15.512, 'x': -33.157, 'yaw': 3.141}, None, None
200.05, [INFO], robot2, {'battery-level': '52.75'}, None, None
200.05, [INFO], robot2, {'y': 15.539, 'x': -31.037, 'yaw': -3.141}, None, None
210.08, [INFO], robot2, {'y': 15.682, 'x': -28.919, 'yaw': 3.141}, None, None
210.08, [INFO], robot2, {'battery-level': '52.21'}, None, None
220.10, [INFO], robot2, {'battery-level': '51.67'}, None, None
220.10, [INFO], robot2, {'y': 15.766, 'x': -26.814, 'yaw': 3.142}, None, None
230.00, [INFO], robot2, {'y': 14.372, 'x': -25.762, 'yaw': -3.141}, None, None
230.00, [INFO], robot2, {'battery-level': '51.13'}, None, None
240.09, [INFO], robot2, {'battery-level': '50.59'}, None, None
240.09, [INFO], robot2, {'y': 12.935, 'x': -25.931, 'yaw': 3.14}, None, None
249.31, [info], lab_arm, sync, wait-message, (status=message-received)
250.10, [INFO], robot2, {'y': 12.859, 'x': -25.941, 'yaw': 3.141}, None, None
250.10, [INFO], robot2, {'battery-level': '50.05'}, None, None
250.29, [WARN], robot2, SUCCESS, None, None
260.08, [INFO], robot2, {'battery-level': '49.51'}, None, None
260.08, [INFO], robot2, {'y': 12.859, 'x': -25.941, 'yaw': 3.142}, None, None
