0.00, [DEBUG], nurse, NURSE_CONFIG={'location': 'IC Room 2', 'position': [-38.0, 21.5, 0.0]}, None, None
0.00, [INFO], robot6, {'battery-level': '54.08'}, None, None
0.00, [DEBUG], logger, ROBOTS_CONFIG={'avg_speed': 0.15, 'battery_charge': 0.5408465660492595, 'battery_discharge_rate': 0.00072, 'id': 6, 'local_plan': [['navigation', ['IC Room 2', [[-33.9, 18.93, 3.14], [-37.0, 18.93], [-37.0, 21.5], [-38.0, 21.5, 0.0]]], 'navto_room'], ['approach_person', ['nurse'], 'approach_nurse'], ['authenticate_person', ['nurse'], 'authenticate_nurse'], ['operate_drawer', ['open'], 'open_drawer_for_nurse'], ['send_message', ['nurse'], 'notify_nurse_of_open_drawer_for_nurse_completed'], ['wait_message', ['nurse'], 'wait_nurse_to_complete_deposit'], ['operate_drawer', ['close'], 'close_drawer_nurse'], ['navigation', ['Laboratory', [[-38.0, 21.5, 0.0], [-37.0, 21.5], [-37.0, 16.0], [-26.0, 16.0], [-26.0, 13.0, 1.57]]], 'navto_lab'], ['approach_robot', ['lab_arm'], 'approach_arm'], ['operate_drawer', ['open'], 'open_drawer_lab'], ['send_message', ['lab_arm'], 'notify_lab_arm_of_open_drawer_lab_completed'], ['wait_message', ['lab_arm'], 'wait_lab_arm_to_complete_pick_up_sample'], ['operate_drawer', ['close'], 'close_drawer_lab']], 'location': 'IC Room 6', 'name': 'r6', 'position': [-33.9, 18.93, 3.14], 'skills': ['approach_person', 'approach_robot', 'navigation', 'operate_drawer']}, None, None
0.00, [DEBUG], logger, Simulation open, None, None
10.06, [INFO], robot6, {'y': 18.697, 'x': -34.238, 'yaw': -3.142}, None, None
10.06, [INFO], robot6, {'battery-level': '53.44'}, None, None
20.00, [INFO], robot6, {'y': 17.824, 'x': -35.879, 'yaw': 3.141}, None, None
20.00, [INFO], robot6, {'battery-level': '52.72'}, None, None
30.07, [INFO], robot6, {'battery-level': '52.00'}, None, None
30.07, [INFO], robot6, {'y': 19.57, 'x': -36.87, 'yaw': 3.141}, None, None
40.06, [INFO], robot6, {'y': 21.526, 'x': -37.358, 'yaw': 3.142}, None, None
40.06, [INFO], robot6, {'battery-level': '51.28'}, None, None
50.09, [INFO], robot6, {'battery-level': '50.56'}, None, None
50.09, [INFO], robot6, {'y': 21.509, 'x': -38.132, 'yaw': 3.141}, None, None
60.03, [INFO], robot6, {'battery-level': '49.84'}, None, None
60.03, [INFO], robot6, {'y': 21.392, 'x': -38.144, 'yaw': 3.14}, None, None
69.88, [WARN], robot6, NO-SKILL, authenticate_person, authenticate_nurse
70.06, [INFO], robot6, {'battery-level': '49.12'}, None, None
70.06, [INFO], robot6, {'y': 21.467, 'x': -38.17, 'yaw': -3.136}, None, None
80.02, [INFO], robot6, {'battery-level': '48.40'}, None, None
80.02, [INFO], robot6, {'y': 21.467, 'x': -38.169, 'yaw': -3.136}, None, None
90.03, [INFO], robot6, {'battery-level': '47.68'}, None, None
90.03, [INFO], robot6, {'y': 21.467, 'x': -38.168, 'yaw': -3.136}, None, None
