0.00, [DEBUG], logger, ROBOTS_CONFIG={'avg_speed': 0.15, 'battery_charge': 0.5914703710515797, 'battery_discharge_rate': 0.00048000000000000007, 'id': 1, 'local_plan': [['navigation', ['PC Room 3', [[-39.44, 33.95, 0.0], [-37.0, 33.95], [-37.0, 16.0], [-28.5, 16.0], [-28.5, 18.0, -1.57]]], 'navto_room'], ['approach_person', ['nurse'], 'approach_nurse'], ['authenticate_person', ['nurse'], 'authenticate_nurse'], ['operate_drawer', ['open'], 'open_drawer_for_nurse'], ['send_message', ['nurse'], 'notify_nurse_of_open_drawer_for_nurse_completed'], ['wait_message', ['nurse'], 'wait_nurse_to_complete_deposit'], ['operate_drawer', ['close'], 'close_drawer_nurse'], ['navigation', ['Laboratory', [[-28.5, 18.0, -1.57], [-28.5, 16.0], [-26.0, 16.0], [-26.0, 13.0, 1.57]]], 'navto_lab'], ['approach_robot', ['lab_arm'], 'approach_arm'], ['operate_drawer', ['open'], 'open_drawer_lab'], ['send_message', ['lab_arm'], 'notify_lab_arm_of_open_drawer_lab_completed'], ['wait_message', ['lab_arm'], 'wait_lab_arm_to_complete_pick_up_sample'], ['operate_drawer', ['close'], 'close_drawer_lab']], 'location': 'IC Room 4', 'name': 'r1', 'position': [-39.44, 33.95, 0.0], 'skills': ['approach_person', 'approach_robot', 'navigation', 'operate_drawer']}, None, None
0.00, [DEBUG], logger, Simulation open, None, None
9.96, [INFO], robot1, {'y': 33.95, 'x': -39.44, 'yaw': 3.142}, None, None
9.96, [INFO], robot1, {'battery-level': '58.72'}, None, None
20.01, [INFO], robot1, {'battery-level': '58.24'}, None, None
20.01, [INFO], robot1, {'y': 34.482, 'x': -38.313, 'yaw': 3.141}, None, None
30.09, [INFO], robot1, {'battery-level': '57.76'}, None, None
30.09, [INFO], robot1, {'y': 33.394, 'x': -37.011, 'yaw': 3.142}, None, None
40.05, [INFO], robot1, {'y': 31.294, 'x': -37.041, 'yaw': 3.14}, None, None
40.05, [INFO], robot1, {'battery-level': '57.28'}, None, None
50.06, [INFO], robot1, {'battery-level': '56.80'}, None, None
50.06, [INFO], robot1, {'y': 29.18, 'x': -37.015, 'yaw': 3.141}, None, None
60.02, [INFO], robot1, {'battery-level': '56.32'}, None, None
60.02, [INFO], robot1, {'y': 27.08, 'x': -36.988, 'yaw': 3.142}, None, None
70.01, [INFO], robot1, {'y': 24.964, 'x': -37.011, 'yaw': 3.142}, None, None
70.01, [INFO], robot1, {'battery-level': '55.84'}, None, None
80.04, [INFO], robot1, {'y': 22.844, 'x': -37.068, 'yaw': 3.14}, None, None
80.04, [INFO], robot1, {'battery-level': '55.36'}, None, None
90.02, [INFO], robot1, {'battery-level': '54.88'}, None, None
90.02, [INFO], robot1, {'y': 20.735, 'x': -37.12, 'yaw': -3.142}, None, None
100.06, [INFO], robot1, {'y': 18.623, 'x': -37.038, 'yaw': -3.142}, None, None
100.06, [INFO], robot1, {'battery-level': '54.40'}, None, None
110.01, [INFO], robot1, {'y': 16.527, 'x': -36.973, 'yaw': 3.141}, None, None
110.01, [INFO], robot1, {'battery-level': '53.92'}, None, None
120.04, [INFO], robot1, {'battery-level': '53.44'}, None, None
120.04, [INFO], robot1, {'y': 15.554, 'x': -35.275, 'yaw': 3.142}, None, None
130.08, [INFO], robot1, {'y': 15.441, 'x': -33.164, 'yaw': 3.137}, None, None
130.08, [INFO], robot1, {'battery-level': '52.96'}, None, None
140.06, [INFO], robot1, {'battery-level': '52.48'}, None, None
140.06, [INFO], robot1, {'y': 15.55, 'x': -31.049, 'yaw': -3.141}, None, None
150.02, [INFO], robot1, {'battery-level': '52.00'}, None, None
150.02, [INFO], robot1, {'y': 15.798, 'x': -28.944, 'yaw': -3.142}, None, None
160.08, [INFO], robot1, {'battery-level': '51.52'}, None, None
160.08, [INFO], robot1, {'y': 17.72, 'x': -28.596, 'yaw': -3.141}, None, None
170.03, [INFO], robot1, {'y': 17.946, 'x': -28.611, 'yaw': -3.141}, None, None
170.03, [INFO], robot1, {'battery-level': '51.04'}, None, None
173.81, [WARN], robot1, NO-SKILL, authenticate_person, authenticate_nurse
