0.00, [INFO], robot6, {'battery-level': '50.80'}, None, None
0.11, [DEBUG], logger, ROBOTS_CONFIG={'avg_speed': 0.15, 'battery_charge': 0.5080169438370433, 'battery_discharge_rate': 0.00072, 'id': 6, 'local_plan': [['navigation', ['IC Room 2', [[-33.9, 18.93, 3.14], [-37.0, 18.93], [-37.0, 21.5], [-38.0, 21.5, 0.0]]], 'navto_room'], ['approach_person', ['nurse'], 'approach_nurse'], ['authenticate_person', ['nurse'], 'authenticate_nurse'], ['operate_drawer', ['open'], 'open_drawer_for_nurse'], ['send_message', ['nurse'], 'notify_nurse_of_open_drawer_for_nurse_completed'], ['wait_message', ['nurse'], 'wait_nurse_to_complete_deposit'], ['operate_drawer', ['close'], 'close_drawer_nurse'], ['navigation', ['Laboratory', [[-38.0, 21.5, 0.0], [-37.0, 21.5], [-37.0, 16.0], [-26.0, 16.0], [-26.0, 13.0, 1.57]]], 'navto_lab'], ['approach_robot', ['lab_arm'], 'approach_arm'], ['operate_drawer', ['open'], 'open_drawer_lab'], ['send_message', ['lab_arm'], 'notify_lab_arm_of_open_drawer_lab_completed'], ['wait_message', ['lab_arm'], 'wait_lab_arm_to_complete_pick_up_sample'], ['operate_drawer', ['close'], 'close_drawer_lab']], 'location': 'IC Room 6', 'name': 'r6', 'position': [-33.9, 18.93, 3.14], 'skills': ['approach_person', 'approach_robot', 'authenticate_person', 'navigation', 'operate_drawer']}, None, None
0.11, [DEBUG], logger, Simulation open, None, None
10.06, [INFO], robot6, {'y': 18.885, 'x': -33.905, 'yaw': -3.141}, None, None
10.06, [INFO], robot6, {'battery-level': '50.15'}, None, None
20.02, [INFO], robot6, {'battery-level': '49.43'}, None, None
20.02, [INFO], robot6, {'y': 17.735, 'x': -35.511, 'yaw': 3.14}, None, None
30.02, [INFO], robot6, {'battery-level': '48.71'}, None, None
30.02, [INFO], robot6, {'y': 19.127, 'x': -36.941, 'yaw': -3.139}, None, None
40.08, [INFO], robot6, {'y': 21.23, 'x': -37.094, 'yaw': 3.141}, None, None
40.08, [INFO], robot6, {'battery-level': '47.99'}, None, None
50.05, [INFO], robot6, {'y': 21.488, 'x': -38.075, 'yaw': 3.136}, None, None
50.05, [INFO], robot6, {'battery-level': '47.27'}, None, None
58.09, [info], nurse, sync, received-request, (status=sending-request)
58.09, [info], nurse, sync, request-sent, (status=waiting)
58.09, [info], nurse, sync, wait-message, (status=message-received)
60.02, [INFO], robot6, {'battery-level': '46.55'}, None, None
60.02, [INFO], robot6, {'y': 21.396, 'x': -37.928, 'yaw': 3.138}, None, None
70.02, [INFO], robot6, {'battery-level': '45.83'}, None, None
70.02, [INFO], robot6, {'y': 19.78, 'x': -37.198, 'yaw': 3.142}, None, None
80.07, [INFO], robot6, {'battery-level': '45.11'}, None, None
80.07, [INFO], robot6, {'y': 17.651, 'x': -37.069, 'yaw': 3.141}, None, None
90.03, [INFO], robot6, {'battery-level': '44.39'}, None, None
90.03, [INFO], robot6, {'y': 16.02, 'x': -36.292, 'yaw': 3.142}, None, None
100.07, [INFO], robot6, {'battery-level': '43.67'}, None, None
100.07, [INFO], robot6, {'y': 15.381, 'x': -34.248, 'yaw': 3.14}, None, None
110.02, [INFO], robot6, {'battery-level': '42.95'}, None, None
110.02, [INFO], robot6, {'y': 15.506, 'x': -32.143, 'yaw': 3.142}, None, None
120.09, [INFO], robot6, {'y': 15.639, 'x': -30.017, 'yaw': 3.141}, None, None
120.09, [INFO], robot6, {'battery-level': '42.23'}, None, None
130.06, [INFO], robot6, {'battery-level': '41.51'}, None, None
130.06, [INFO], robot6, {'y': 15.815, 'x': -27.918, 'yaw': 3.14}, None, None
140.02, [INFO], robot6, {'battery-level': '40.79'}, None, None
140.02, [INFO], robot6, {'y': 15.461, 'x': -25.97, 'yaw': 3.142}, None, None
150.06, [INFO], robot6, {'battery-level': '40.07'}, None, None
150.06, [INFO], robot6, {'y': 13.345, 'x': -25.704, 'yaw': -3.142}, None, None
159.05, [info], lab_arm, sync, wait-message, (status=message-received)
160.02, [INFO], robot6, {'y': 12.954, 'x': -25.969, 'yaw': 3.141}, None, None
160.02, [INFO], robot6, {'battery-level': '39.35'}, None, None
160.02, [WARN], robot6, SUCCESS, None, None
170.03, [INFO], robot6, {'y': 12.954, 'x': -25.969, 'yaw': -3.142}, None, None
170.03, [INFO], robot6, {'battery-level': '38.63'}, None, None
