0.00, [INFO], robot1, {'battery-level': '59.15'}, None, None
0.12, [DEBUG], logger, ROBOTS_CONFIG={'avg_speed': 0.15, 'battery_charge': 0.5914703710515797, 'battery_discharge_rate': 0.00048000000000000007, 'id': 1, 'local_plan': [['navigation', ['IC Room 2', [[-27.23, 18.0, -1.57], [-27.23, 16.0], [-37.0, 16.0], [-37.0, 21.5], [-38.0, 21.5, 0.0]]], 'navto_room'], ['approach_person', ['nurse'], 'approach_nurse'], ['authenticate_person', ['nurse'], 'authenticate_nurse'], ['operate_drawer', ['open'], 'open_drawer_for_nurse'], ['send_message', ['nurse'], 'notify_nurse_of_open_drawer_for_nurse_completed'], ['wait_message', ['nurse'], 'wait_nurse_to_complete_deposit'], ['operate_drawer', ['close'], 'close_drawer_nurse'], ['navigation', ['Laboratory', [[-38.0, 21.5, 0.0], [-37.0, 21.5], [-37.0, 16.0], [-26.0, 16.0], [-26.0, 13.0, 1.57]]], 'navto_lab'], ['approach_robot', ['lab_arm'], 'approach_arm'], ['operate_drawer', ['open'], 'open_drawer_lab'], ['send_message', ['lab_arm'], 'notify_lab_arm_of_open_drawer_lab_completed'], ['wait_message', ['lab_arm'], 'wait_lab_arm_to_complete_pick_up_sample'], ['operate_drawer', ['close'], 'close_drawer_lab']], 'location': 'PC Room 4', 'name': 'r1', 'position': [-27.23, 18.0, -1.57], 'skills': ['approach_person', 'approach_robot', 'authenticate_person', 'navigation']}, None, None
0.12, [DEBUG], logger, Simulation open, None, None
10.01, [INFO], robot1, {'battery-level': '58.72'}, None, None
10.01, [INFO], robot1, {'y': 18.0, 'x': -27.23, 'yaw': 3.142}, None, None
20.00, [INFO], robot1, {'battery-level': '58.24'}, None, None
20.00, [INFO], robot1, {'y': 16.828, 'x': -27.083, 'yaw': -3.142}, None, None
30.07, [INFO], robot1, {'battery-level': '57.76'}, None, None
30.07, [INFO], robot1, {'y': 16.105, 'x': -28.608, 'yaw': 3.142}, None, None
40.00, [INFO], robot1, {'battery-level': '57.28'}, None, None
40.00, [INFO], robot1, {'y': 16.087, 'x': -30.71, 'yaw': 3.142}, None, None
50.08, [INFO], robot1, {'y': 15.823, 'x': -32.836, 'yaw': -3.141}, None, None
50.08, [INFO], robot1, {'battery-level': '56.80'}, None, None
60.01, [INFO], robot1, {'battery-level': '56.32'}, None, None
60.01, [INFO], robot1, {'y': 15.347, 'x': -34.901, 'yaw': 3.141}, None, None
70.01, [INFO], robot1, {'y': 16.068, 'x': -36.693, 'yaw': 3.141}, None, None
70.01, [INFO], robot1, {'battery-level': '55.84'}, None, None
80.09, [INFO], robot1, {'battery-level': '55.36'}, None, None
80.09, [INFO], robot1, {'y': 18.199, 'x': -36.651, 'yaw': -3.142}, None, None
90.05, [INFO], robot1, {'y': 20.296, 'x': -36.805, 'yaw': 3.141}, None, None
90.05, [INFO], robot1, {'battery-level': '54.88'}, None, None
100.02, [INFO], robot1, {'battery-level': '54.40'}, None, None
100.02, [INFO], robot1, {'y': 21.463, 'x': -37.941, 'yaw': 3.14}, None, None
110.02, [INFO], robot1, {'y': 21.405, 'x': -38.07, 'yaw': 3.141}, None, None
110.02, [INFO], robot1, {'battery-level': '53.92'}, None, None
115.41, [info], nurse, sync, received-request, (status=sending-request)
115.41, [info], nurse, sync, request-sent, (status=waiting)
115.41, [WARN], robot1, NO-SKILL, operate_drawer, open_drawer_for_nurse
120.03, [INFO], robot1, {'y': 21.397, 'x': -38.075, 'yaw': -3.142}, None, None
120.03, [INFO], robot1, {'battery-level': '53.44'}, None, None
