0.12, [DEBUG], logger, ROBOTS_CONFIG={'avg_speed': 0.15, 'battery_charge': 0.8344531419634984, 'battery_discharge_rate': 0.00054, 'id': 2, 'local_plan': [['navigation', ['IC Room 6', [[-19.0, 18.0, -1.57], [-19.0, 16.0], [-37.0, 16.0], [-37.0, 18.93], [-33.9, 18.93, 3.14]]], 'navto_room'], ['approach_person', ['nurse'], 'approach_nurse'], ['authenticate_person', ['nurse'], 'authenticate_nurse'], ['operate_drawer', ['open'], 'open_drawer_for_nurse'], ['send_message', ['nurse'], 'notify_nurse_of_open_drawer_for_nurse_completed'], ['wait_message', ['nurse'], 'wait_nurse_to_complete_deposit'], ['operate_drawer', ['close'], 'close_drawer_nurse'], ['navigation', ['Laboratory', [[-33.9, 18.93, 3.14], [-37.0, 18.93], [-37.0, 16.0], [-26.0, 16.0], [-26.0, 13.0, 1.57]]], 'navto_lab'], ['approach_robot', ['lab_arm'], 'approach_arm'], ['operate_drawer', ['open'], 'open_drawer_lab'], ['send_message', ['lab_arm'], 'notify_lab_arm_of_open_drawer_lab_completed'], ['wait_message', ['lab_arm'], 'wait_lab_arm_to_complete_pick_up_sample'], ['operate_drawer', ['close'], 'close_drawer_lab']], 'location': 'PC Room 6', 'name': 'r2', 'position': [-19.0, 18.0, -1.57], 'skills': ['approach_person', 'approach_robot', 'authenticate_person', 'navigation', 'operate_drawer']}, None, None
0.12, [DEBUG], logger, Simulation open, None, None
10.01, [INFO], robot2, {'y': 17.522, 'x': -19.165, 'yaw': 3.141}, None, None
10.01, [INFO], robot2, {'battery-level': '82.96'}, None, None
20.05, [INFO], robot2, {'battery-level': '82.42'}, None, None
20.05, [INFO], robot2, {'y': 16.174, 'x': -20.21, 'yaw': -3.141}, None, None
30.06, [INFO], robot2, {'battery-level': '81.88'}, None, None
30.06, [INFO], robot2, {'y': 16.201, 'x': -22.32, 'yaw': -3.137}, None, None
40.05, [INFO], robot2, {'battery-level': '81.34'}, None, None
40.05, [INFO], robot2, {'y': 16.14, 'x': -24.423, 'yaw': 3.141}, None, None
50.09, [INFO], robot2, {'battery-level': '80.80'}, None, None
50.09, [INFO], robot2, {'y': 16.188, 'x': -26.534, 'yaw': -3.141}, None, None
60.08, [INFO], robot2, {'battery-level': '80.26'}, None, None
60.08, [INFO], robot2, {'y': 16.244, 'x': -28.65, 'yaw': 3.142}, None, None
70.09, [INFO], robot2, {'battery-level': '79.72'}, None, None
70.09, [INFO], robot2, {'y': 16.135, 'x': -30.774, 'yaw': 3.141}, None, None
80.08, [INFO], robot2, {'battery-level': '79.18'}, None, None
80.08, [INFO], robot2, {'y': 15.796, 'x': -32.871, 'yaw': -3.141}, None, None
90.00, [INFO], robot2, {'battery-level': '78.64'}, None, None
90.00, [INFO], robot2, {'y': 15.369, 'x': -34.94, 'yaw': 3.14}, None, None
100.08, [INFO], robot2, {'y': 16.055, 'x': -36.895, 'yaw': 3.141}, None, None
100.08, [INFO], robot2, {'battery-level': '78.10'}, None, None
110.09, [INFO], robot2, {'y': 17.64, 'x': -36.881, 'yaw': -3.142}, None, None
110.09, [INFO], robot2, {'battery-level': '77.56'}, None, None
120.03, [INFO], robot2, {'battery-level': '77.02'}, None, None
120.03, [INFO], robot2, {'y': 17.672, 'x': -36.858, 'yaw': 3.141}, None, None
130.08, [INFO], robot2, {'battery-level': '76.48'}, None, None
130.08, [INFO], robot2, {'y': 17.664, 'x': -36.856, 'yaw': 3.141}, None, None
140.09, [INFO], robot2, {'battery-level': '75.94'}, None, None
140.09, [INFO], robot2, {'y': 17.67, 'x': -36.849, 'yaw': 3.142}, None, None
150.06, [INFO], robot2, {'battery-level': '75.40'}, None, None
150.06, [INFO], robot2, {'y': 17.67, 'x': -36.849, 'yaw': -3.142}, None, None
160.07, [INFO], robot2, {'battery-level': '74.86'}, None, None
160.07, [INFO], robot2, {'y': 17.67, 'x': -36.849, 'yaw': -3.142}, None, None
170.08, [INFO], robot2, {'battery-level': '74.32'}, None, None
170.08, [INFO], robot2, {'y': 17.67, 'x': -36.848, 'yaw': 3.142}, None, None
180.09, [INFO], robot2, {'battery-level': '73.78'}, None, None
180.09, [INFO], robot2, {'y': 17.691, 'x': -37.09, 'yaw': -3.142}, None, None
190.01, [INFO], robot2, {'y': 17.697, 'x': -37.15, 'yaw': -3.141}, None, None
190.01, [INFO], robot2, {'battery-level': '73.24'}, None, None
200.02, [INFO], robot2, {'y': 17.697, 'x': -37.15, 'yaw': 3.142}, None, None
200.02, [INFO], robot2, {'battery-level': '72.70'}, None, None
210.00, [INFO], robot2, {'battery-level': '72.16'}, None, None
210.00, [INFO], robot2, {'y': 17.697, 'x': -37.15, 'yaw': -3.142}, None, None
220.01, [INFO], robot2, {'y': 17.695, 'x': -37.148, 'yaw': 3.142}, None, None
220.01, [INFO], robot2, {'battery-level': '71.62'}, None, None
230.04, [INFO], robot2, {'y': 17.7, 'x': -37.137, 'yaw': -3.142}, None, None
230.04, [INFO], robot2, {'battery-level': '71.08'}, None, None
240.03, [INFO], robot2, {'battery-level': '70.54'}, None, None
240.03, [INFO], robot2, {'y': 17.7, 'x': -37.14, 'yaw': -3.142}, None, None
245.14, [WARN], robot2, SKILL-FAILURE, navigation, navto_room
250.06, [INFO], robot2, {'y': 17.7, 'x': -37.14, 'yaw': -3.142}, None, None
250.06, [INFO], robot2, {'battery-level': '70.00'}, None, None
260.06, [INFO], robot2, {'battery-level': '69.46'}, None, None
260.06, [INFO], robot2, {'y': 17.7, 'x': -37.139, 'yaw': -3.142}, None, None
