0.00, [INFO], robot1, {'battery-level': '59.15'}, None, None
0.00, [DEBUG], logger, ROBOTS_CONFIG={'avg_speed': 0.15, 'battery_charge': 0.5914703710515797, 'battery_discharge_rate': 0.00048000000000000007, 'id': 1, 'local_plan': [['navigation', ['PC Room 3', [[-39.44, 33.95, 0.0], [-37.0, 33.95], [-37.0, 16.0], [-28.5, 16.0], [-28.5, 18.0, -1.57]]], 'navto_room'], ['approach_person', ['nurse'], 'approach_nurse'], ['authenticate_person', ['nurse'], 'authenticate_nurse'], ['operate_drawer', ['open'], 'open_drawer_for_nurse'], ['send_message', ['nurse'], 'notify_nurse_of_open_drawer_for_nurse_completed'], ['wait_message', ['nurse'], 'wait_nurse_to_complete_deposit'], ['operate_drawer', ['close'], 'close_drawer_nurse'], ['navigation', ['Laboratory', [[-28.5, 18.0, -1.57], [-28.5, 16.0], [-26.0, 16.0], [-26.0, 13.0, 1.57]]], 'navto_lab'], ['approach_robot', ['lab_arm'], 'approach_arm'], ['operate_drawer', ['open'], 'open_drawer_lab'], ['send_message', ['lab_arm'], 'notify_lab_arm_of_open_drawer_lab_completed'], ['wait_message', ['lab_arm'], 'wait_lab_arm_to_complete_pick_up_sample'], ['operate_drawer', ['close'], 'close_drawer_lab']], 'location': 'IC Room 4', 'name': 'r1', 'position': [-39.44, 33.95, 0.0], 'skills': ['approach_person', 'approach_robot', 'authenticate_person', 'navigation', 'operate_drawer']}, None, None
0.00, [DEBUG], logger, Simulation open, None, None
10.02, [INFO], robot1, {'y': 33.95, 'x': -39.44, 'yaw': 3.142}, None, None
10.02, [INFO], robot1, {'battery-level': '58.72'}, None, None
20.08, [INFO], robot1, {'y': 34.375, 'x': -38.596, 'yaw': 3.141}, None, None
20.08, [INFO], robot1, {'battery-level': '58.24'}, None, None
30.01, [INFO], robot1, {'y': 33.722, 'x': -37.047, 'yaw': -3.142}, None, None
30.01, [INFO], robot1, {'battery-level': '57.76'}, None, None
40.01, [INFO], robot1, {'battery-level': '57.28'}, None, None
40.01, [INFO], robot1, {'y': 31.601, 'x': -37.06, 'yaw': 3.141}, None, None
50.09, [INFO], robot1, {'y': 29.473, 'x': -37.053, 'yaw': 3.142}, None, None
50.09, [INFO], robot1, {'battery-level': '56.80'}, None, None
60.09, [INFO], robot1, {'y': 27.361, 'x': -36.988, 'yaw': -3.142}, None, None
60.09, [INFO], robot1, {'battery-level': '56.32'}, None, None
70.08, [INFO], robot1, {'battery-level': '55.84'}, None, None
70.08, [INFO], robot1, {'y': 25.255, 'x': -37.045, 'yaw': -3.142}, None, None
80.01, [INFO], robot1, {'y': 23.157, 'x': -37.038, 'yaw': 3.141}, None, None
80.01, [INFO], robot1, {'battery-level': '55.36'}, None, None
90.09, [INFO], robot1, {'y': 21.03, 'x': -37.129, 'yaw': -3.138}, None, None
90.09, [INFO], robot1, {'battery-level': '54.88'}, None, None
100.06, [INFO], robot1, {'battery-level': '54.40'}, None, None
100.06, [INFO], robot1, {'y': 18.925, 'x': -37.1, 'yaw': -3.142}, None, None
110.06, [INFO], robot1, {'battery-level': '53.92'}, None, None
110.06, [INFO], robot1, {'y': 16.811, 'x': -37.096, 'yaw': 3.141}, None, None
120.02, [INFO], robot1, {'battery-level': '53.44'}, None, None
120.02, [INFO], robot1, {'y': 15.775, 'x': -35.606, 'yaw': -3.142}, None, None
130.09, [INFO], robot1, {'battery-level': '52.96'}, None, None
130.09, [INFO], robot1, {'y': 15.353, 'x': -33.519, 'yaw': -3.141}, None, None
140.09, [INFO], robot1, {'battery-level': '52.48'}, None, None
140.09, [INFO], robot1, {'y': 15.541, 'x': -31.39, 'yaw': -3.141}, None, None
150.05, [INFO], robot1, {'y': 15.754, 'x': -29.286, 'yaw': -3.142}, None, None
150.05, [INFO], robot1, {'battery-level': '52.00'}, None, None
160.03, [INFO], robot1, {'y': 17.514, 'x': -28.681, 'yaw': 3.142}, None, None
160.03, [INFO], robot1, {'battery-level': '51.52'}, None, None
170.00, [INFO], robot1, {'y': 17.97, 'x': -28.632, 'yaw': -3.142}, None, None
170.00, [INFO], robot1, {'battery-level': '51.04'}, None, None
173.03, [info], nurse, sync, received-request, (status=sending-request)
173.03, [info], nurse, sync, request-sent, (status=waiting)
173.13, [info], nurse, sync, wait-message, (status=message-received)
180.07, [INFO], robot1, {'battery-level': '50.56'}, None, None
180.07, [INFO], robot1, {'y': 16.762, 'x': -28.701, 'yaw': 3.141}, None, None
190.02, [INFO], robot1, {'y': 16.09, 'x': -27.112, 'yaw': 3.141}, None, None
190.02, [INFO], robot1, {'battery-level': '50.08'}, None, None
200.01, [INFO], robot1, {'y': 14.829, 'x': -25.786, 'yaw': 3.141}, None, None
200.01, [INFO], robot1, {'battery-level': '49.60'}, None, None
210.08, [INFO], robot1, {'y': 12.952, 'x': -25.853, 'yaw': -3.142}, None, None
210.08, [INFO], robot1, {'battery-level': '49.12'}, None, None
216.53, [info], lab_arm, sync, wait-message, (status=message-received)
217.51, [WARN], robot1, SUCCESS, None, None
220.07, [INFO], robot1, {'y': 12.878, 'x': -25.901, 'yaw': 3.142}, None, None
220.07, [INFO], robot1, {'battery-level': '48.64'}, None, None
230.07, [INFO], robot1, {'y': 12.878, 'x': -25.901, 'yaw': -3.142}, None, None
230.07, [INFO], robot1, {'battery-level': '48.16'}, None, None
