0.00, [INFO], robot5, {'battery-level': '28.18'}, None, None
0.00, [DEBUG], logger, ROBOTS_CONFIG={'avg_speed': 0.15, 'battery_charge': 0.2817995261312799, 'battery_discharge_rate': 0.00076, 'id': 5, 'local_plan': [['navigation', ['IC Room 6', [[-13.5, 18.0, -1.57], [-13.5, 16.0], [-37.0, 16.0], [-37.0, 18.93], [-33.9, 18.93, 3.14]]], 'navto_room'], ['approach_person', ['nurse'], 'approach_nurse'], ['authenticate_person', ['nurse'], 'authenticate_nurse'], ['operate_drawer', ['open'], 'open_drawer_for_nurse'], ['send_message', ['nurse'], 'notify_nurse_of_open_drawer_for_nurse_completed'], ['wait_message', ['nurse'], 'wait_nurse_to_complete_deposit'], ['operate_drawer', ['close'], 'close_drawer_nurse'], ['navigation', ['Laboratory', [[-33.9, 18.93, 3.14], [-37.0, 18.93], [-37.0, 16.0], [-26.0, 16.0], [-26.0, 13.0, 1.57]]], 'navto_lab'], ['approach_robot', ['lab_arm'], 'approach_arm'], ['operate_drawer', ['open'], 'open_drawer_lab'], ['send_message', ['lab_arm'], 'notify_lab_arm_of_open_drawer_lab_completed'], ['wait_message', ['lab_arm'], 'wait_lab_arm_to_complete_pick_up_sample'], ['operate_drawer', ['close'], 'close_drawer_lab']], 'location': 'PC Room 7', 'name': 'r5', 'position': [-13.5, 18.0, -1.57], 'skills': ['approach_person', 'authenticate_person', 'navigation', 'operate_drawer']}, None, None
0.00, [DEBUG], logger, Simulation open, None, None
10.09, [INFO], robot5, {'y': 17.285, 'x': -13.483, 'yaw': -3.141}, None, None
10.09, [INFO], robot5, {'battery-level': '27.50'}, None, None
20.09, [INFO], robot5, {'y': 16.01, 'x': -14.578, 'yaw': -3.142}, None, None
20.09, [INFO], robot5, {'battery-level': '26.74'}, None, None
30.01, [INFO], robot5, {'battery-level': '25.98'}, None, None
30.01, [INFO], robot5, {'y': 15.938, 'x': -16.686, 'yaw': 3.14}, None, None
40.02, [INFO], robot5, {'battery-level': '25.22'}, None, None
40.02, [INFO], robot5, {'y': 16.012, 'x': -18.803, 'yaw': 3.14}, None, None
50.04, [INFO], robot5, {'battery-level': '24.46'}, None, None
50.04, [INFO], robot5, {'y': 16.171, 'x': -20.915, 'yaw': -3.139}, None, None
60.03, [INFO], robot5, {'battery-level': '23.70'}, None, None
60.03, [INFO], robot5, {'y': 16.124, 'x': -23.028, 'yaw': -3.142}, None, None
70.04, [INFO], robot5, {'y': 16.11, 'x': -25.156, 'yaw': -3.142}, None, None
70.04, [INFO], robot5, {'battery-level': '22.94'}, None, None
80.02, [INFO], robot5, {'y': 16.049, 'x': -27.264, 'yaw': -3.142}, None, None
80.02, [INFO], robot5, {'battery-level': '22.18'}, None, None
90.02, [INFO], robot5, {'battery-level': '21.42'}, None, None
90.02, [INFO], robot5, {'y': 16.157, 'x': -29.389, 'yaw': 3.142}, None, None
100.02, [INFO], robot5, {'y': 15.986, 'x': -31.512, 'yaw': 3.141}, None, None
100.02, [INFO], robot5, {'battery-level': '20.66'}, None, None
110.04, [INFO], robot5, {'battery-level': '19.90'}, None, None
110.04, [INFO], robot5, {'y': 15.626, 'x': -33.63, 'yaw': 3.141}, None, None
120.06, [INFO], robot5, {'y': 15.545, 'x': -35.738, 'yaw': -3.142}, None, None
120.06, [INFO], robot5, {'battery-level': '19.14'}, None, None
130.01, [INFO], robot5, {'y': 16.856, 'x': -36.794, 'yaw': -3.142}, None, None
130.01, [INFO], robot5, {'battery-level': '18.38'}, None, None
140.03, [INFO], robot5, {'battery-level': '17.62'}, None, None
140.03, [INFO], robot5, {'y': 17.551, 'x': -36.808, 'yaw': -3.142}, None, None
149.92, [INFO], robot5, {'y': 17.55, 'x': -36.808, 'yaw': -3.142}, None, None
150.02, [INFO], robot5, {'battery-level': '16.86'}, None, None
160.02, [INFO], robot5, {'y': 17.607, 'x': -36.858, 'yaw': 3.142}, None, None
160.02, [INFO], robot5, {'battery-level': '16.10'}, None, None
170.04, [INFO], robot5, {'battery-level': '15.34'}, None, None
170.04, [INFO], robot5, {'y': 17.653, 'x': -36.814, 'yaw': -3.142}, None, None
180.06, [INFO], robot5, {'y': 17.675, 'x': -36.813, 'yaw': -3.142}, None, None
180.06, [INFO], robot5, {'battery-level': '14.58'}, None, None
190.06, [INFO], robot5, {'battery-level': '13.82'}, None, None
190.06, [INFO], robot5, {'y': 18.016, 'x': -35.987, 'yaw': 3.14}, None, None
200.02, [INFO], robot5, {'battery-level': '13.06'}, None, None
200.02, [INFO], robot5, {'y': 18.047, 'x': -35.616, 'yaw': -3.136}, None, None
210.09, [INFO], robot5, {'battery-level': '12.30'}, None, None
210.09, [INFO], robot5, {'y': 18.149, 'x': -35.994, 'yaw': 3.142}, None, None
220.08, [INFO], robot5, {'y': 17.986, 'x': -35.91, 'yaw': -3.139}, None, None
220.08, [INFO], robot5, {'battery-level': '11.54'}, None, None
230.07, [INFO], robot5, {'y': 18.203, 'x': -35.748, 'yaw': 3.141}, None, None
230.07, [INFO], robot5, {'battery-level': '10.78'}, None, None
240.06, [INFO], robot5, {'y': 18.352, 'x': -35.698, 'yaw': -3.141}, None, None
240.06, [INFO], robot5, {'battery-level': '10.02'}, None, None
250.04, [INFO], robot5, {'battery-level': '9.26'}, None, None
250.04, [INFO], robot5, {'y': 18.364, 'x': -35.69, 'yaw': -3.136}, None, None
260.03, [INFO], robot5, {'y': 18.378, 'x': -35.705, 'yaw': 3.142}, None, None
260.03, [INFO], robot5, {'battery-level': '8.50'}, None, None
267.20, [WARN], robot5, SKILL-FAILURE, navigation, navto_room
270.05, [INFO], robot5, {'y': 18.378, 'x': -35.705, 'yaw': -3.142}, None, None
270.05, [INFO], robot5, {'battery-level': '7.74'}, None, None
280.08, [INFO], robot5, {'battery-level': '6.98'}, None, None
280.08, [INFO], robot5, {'y': 18.378, 'x': -35.705, 'yaw': 3.142}, None, None
290.01, [INFO], robot5, {'battery-level': '6.22'}, None, None
290.01, [INFO], robot5, {'y': 18.378, 'x': -35.705, 'yaw': -3.142}, None, None
