0.00, [DEBUG], nurse, NURSE_CONFIG={'location': 'IC Room 2', 'position': [-38.0, 21.5, 0.0]}, None, None
0.13, [DEBUG], logger, ROBOTS_CONFIG={'avg_speed': 0.15, 'battery_charge': 0.8344531419634984, 'battery_discharge_rate': 0.00026000000000000003, 'id': 2, 'local_plan': [['navigation', ['IC Room 2', [[-19.0, 18.0, -1.57], [-19.0, 16.0], [-37.0, 16.0], [-37.0, 21.5], [-38.0, 21.5, 0.0]]], 'navto_room'], ['approach_person', ['nurse'], 'approach_nurse'], ['authenticate_person', ['nurse'], 'authenticate_nurse'], ['operate_drawer', ['open'], 'open_drawer_for_nurse'], ['send_message', ['nurse'], 'notify_nurse_of_open_drawer_for_nurse_completed'], ['wait_message', ['nurse'], 'wait_nurse_to_complete_deposit'], ['operate_drawer', ['close'], 'close_drawer_nurse'], ['navigation', ['Laboratory', [[-38.0, 21.5, 0.0], [-37.0, 21.5], [-37.0, 16.0], [-26.0, 16.0], [-26.0, 13.0, 1.57]]], 'navto_lab'], ['approach_robot', ['lab_arm'], 'approach_arm'], ['operate_drawer', ['open'], 'open_drawer_lab'], ['send_message', ['lab_arm'], 'notify_lab_arm_of_open_drawer_lab_completed'], ['wait_message', ['lab_arm'], 'wait_lab_arm_to_complete_pick_up_sample'], ['operate_drawer', ['close'], 'close_drawer_lab']], 'location': 'PC Room 6', 'name': 'r2', 'position': [-19.0, 18.0, -1.57], 'skills': ['approach_person', 'approach_robot', 'authenticate_person', 'navigation', 'operate_drawer']}, None, None
0.13, [DEBUG], logger, Simulation open, None, None
10.05, [INFO], robot2, {'battery-level': '83.21'}, None, None
10.05, [INFO], robot2, {'y': 17.157, 'x': -19.294, 'yaw': 3.141}, None, None
20.08, [INFO], robot2, {'battery-level': '82.95'}, None, None
20.08, [INFO], robot2, {'y': 16.21, 'x': -20.609, 'yaw': 3.138}, None, None
30.09, [INFO], robot2, {'y': 16.164, 'x': -22.734, 'yaw': -3.142}, None, None
30.09, [INFO], robot2, {'battery-level': '82.69'}, None, None
40.05, [INFO], robot2, {'battery-level': '82.43'}, None, None
40.05, [INFO], robot2, {'y': 16.131, 'x': -24.837, 'yaw': 3.14}, None, None
50.05, [INFO], robot2, {'y': 16.153, 'x': -26.942, 'yaw': 3.142}, None, None
50.05, [INFO], robot2, {'battery-level': '82.17'}, None, None
60.08, [INFO], robot2, {'battery-level': '81.91'}, None, None
60.08, [INFO], robot2, {'y': 16.242, 'x': -29.043, 'yaw': 3.141}, None, None
70.03, [INFO], robot2, {'y': 16.074, 'x': -31.155, 'yaw': -3.141}, None, None
70.03, [INFO], robot2, {'battery-level': '81.65'}, None, None
80.00, [INFO], robot2, {'battery-level': '81.39'}, None, None
80.00, [INFO], robot2, {'y': 15.716, 'x': -33.274, 'yaw': 3.137}, None, None
90.06, [INFO], robot2, {'battery-level': '81.13'}, None, None
90.06, [INFO], robot2, {'y': 15.464, 'x': -35.372, 'yaw': -3.141}, None, None
100.06, [INFO], robot2, {'battery-level': '80.87'}, None, None
100.06, [INFO], robot2, {'y': 16.504, 'x': -36.87, 'yaw': -3.141}, None, None
110.08, [INFO], robot2, {'battery-level': '80.61'}, None, None
110.08, [INFO], robot2, {'y': 18.614, 'x': -36.85, 'yaw': -3.141}, None, None
120.07, [INFO], robot2, {'y': 20.721, 'x': -36.951, 'yaw': 3.141}, None, None
120.07, [INFO], robot2, {'battery-level': '80.35'}, None, None
130.09, [INFO], robot2, {'battery-level': '80.09'}, None, None
130.09, [INFO], robot2, {'y': 21.501, 'x': -38.076, 'yaw': -3.136}, None, None
140.01, [INFO], robot2, {'battery-level': '79.83'}, None, None
140.01, [INFO], robot2, {'y': 21.453, 'x': -38.077, 'yaw': -3.142}, None, None
144.83, [info], nurse, sync, received-request, (status=sending-request)
144.83, [info], nurse, sync, request-sent, (status=waiting)
144.93, [info], nurse, sync, wait-message, (status=message-received)
150.03, [INFO], robot2, {'y': 21.243, 'x': -37.291, 'yaw': -3.142}, None, None
150.03, [INFO], robot2, {'battery-level': '79.57'}, None, None
160.04, [INFO], robot2, {'battery-level': '79.31'}, None, None
160.04, [INFO], robot2, {'y': 19.142, 'x': -37.146, 'yaw': 3.142}, None, None
170.07, [INFO], robot2, {'battery-level': '79.05'}, None, None
170.07, [INFO], robot2, {'y': 17.029, 'x': -37.088, 'yaw': 3.141}, None, None
180.08, [INFO], robot2, {'battery-level': '78.79'}, None, None
180.08, [INFO], robot2, {'y': 15.797, 'x': -35.717, 'yaw': 3.141}, None, None
190.02, [INFO], robot2, {'battery-level': '78.53'}, None, None
190.02, [INFO], robot2, {'y': 15.422, 'x': -33.657, 'yaw': 3.141}, None, None
200.03, [INFO], robot2, {'battery-level': '78.27'}, None, None
200.03, [INFO], robot2, {'y': 15.502, 'x': -31.528, 'yaw': -3.142}, None, None
210.06, [INFO], robot2, {'battery-level': '78.01'}, None, None
210.06, [INFO], robot2, {'y': 15.696, 'x': -29.408, 'yaw': 3.141}, None, None
220.09, [INFO], robot2, {'battery-level': '77.75'}, None, None
220.09, [INFO], robot2, {'y': 15.79, 'x': -27.287, 'yaw': -3.142}, None, None
230.08, [INFO], robot2, {'battery-level': '77.49'}, None, None
230.08, [INFO], robot2, {'y': 14.694, 'x': -25.795, 'yaw': 3.141}, None, None
240.00, [INFO], robot2, {'battery-level': '77.23'}, None, None
240.00, [INFO], robot2, {'y': 12.991, 'x': -25.919, 'yaw': -3.142}, None, None
250.08, [INFO], robot2, {'y': 12.874, 'x': -25.993, 'yaw': -3.142}, None, None
250.08, [INFO], robot2, {'battery-level': '76.97'}, None, None
252.73, [info], lab_arm, sync, wait-message, (status=message-received)
253.71, [WARN], robot2, SUCCESS, None, None
260.03, [INFO], robot2, {'battery-level': '76.71'}, None, None
260.03, [INFO], robot2, {'y': 12.876, 'x': -25.992, 'yaw': -3.142}, None, None
