0.00, [DEBUG], nurse, NURSE_CONFIG={'location': 'IC Room 6', 'position': [-33.9, 18.93, 3.14]}, None, None
0.00, [DEBUG], logger, ROBOTS_CONFIG={'avg_speed': 0.15, 'battery_charge': 0.2817995261312799, 'battery_discharge_rate': 0.00076, 'id': 5, 'local_plan': [['navigation', ['IC Room 6', [[-13.5, 18.0, -1.57], [-13.5, 16.0], [-37.0, 16.0], [-37.0, 18.93], [-33.9, 18.93, 3.14]]], 'navto_room'], ['approach_person', ['nurse'], 'approach_nurse'], ['authenticate_person', ['nurse'], 'authenticate_nurse'], ['operate_drawer', ['open'], 'open_drawer_for_nurse'], ['send_message', ['nurse'], 'notify_nurse_of_open_drawer_for_nurse_completed'], ['wait_message', ['nurse'], 'wait_nurse_to_complete_deposit'], ['operate_drawer', ['close'], 'close_drawer_nurse'], ['navigation', ['Laboratory', [[-33.9, 18.93, 3.14], [-37.0, 18.93], [-37.0, 16.0], [-26.0, 16.0], [-26.0, 13.0, 1.57]]], 'navto_lab'], ['approach_robot', ['lab_arm'], 'approach_arm'], ['operate_drawer', ['open'], 'open_drawer_lab'], ['send_message', ['lab_arm'], 'notify_lab_arm_of_open_drawer_lab_completed'], ['wait_message', ['lab_arm'], 'wait_lab_arm_to_complete_pick_up_sample'], ['operate_drawer', ['close'], 'close_drawer_lab']], 'location': 'PC Room 7', 'name': 'r5', 'position': [-13.5, 18.0, -1.57], 'skills': ['approach_person', 'approach_robot', 'authenticate_person', 'navigation', 'operate_drawer']}, None, None
0.00, [DEBUG], logger, Simulation open, None, None
10.00, [INFO], robot5, {'battery-level': '27.50'}, None, None
10.00, [INFO], robot5, {'y': 18.0, 'x': -13.5, 'yaw': -3.141}, None, None
20.10, [INFO], robot5, {'battery-level': '26.74'}, None, None
20.10, [INFO], robot5, {'y': 16.185, 'x': -13.948, 'yaw': -3.142}, None, None
30.07, [INFO], robot5, {'y': 16.049, 'x': -16.065, 'yaw': 3.142}, None, None
30.07, [INFO], robot5, {'battery-level': '25.98'}, None, None
40.06, [INFO], robot5, {'y': 16.063, 'x': -18.165, 'yaw': 3.14}, None, None
40.06, [INFO], robot5, {'battery-level': '25.22'}, None, None
50.05, [INFO], robot5, {'y': 16.235, 'x': -20.271, 'yaw': 3.141}, None, None
50.05, [INFO], robot5, {'battery-level': '24.46'}, None, None
60.09, [INFO], robot5, {'y': 16.17, 'x': -22.403, 'yaw': 3.141}, None, None
60.09, [INFO], robot5, {'battery-level': '23.70'}, None, None
70.07, [INFO], robot5, {'y': 16.112, 'x': -24.5, 'yaw': 3.141}, None, None
70.07, [INFO], robot5, {'battery-level': '22.94'}, None, None
80.03, [INFO], robot5, {'battery-level': '22.18'}, None, None
80.03, [INFO], robot5, {'y': 16.12, 'x': -26.601, 'yaw': 3.14}, None, None
90.00, [INFO], robot5, {'battery-level': '21.42'}, None, None
90.00, [INFO], robot5, {'y': 16.196, 'x': -28.702, 'yaw': 3.142}, None, None
100.00, [INFO], robot5, {'battery-level': '20.66'}, None, None
100.00, [INFO], robot5, {'y': 16.091, 'x': -30.813, 'yaw': 3.141}, None, None
110.08, [INFO], robot5, {'y': 15.776, 'x': -32.935, 'yaw': -3.141}, None, None
110.08, [INFO], robot5, {'battery-level': '19.90'}, None, None
120.08, [INFO], robot5, {'battery-level': '19.14'}, None, None
120.08, [INFO], robot5, {'y': 15.387, 'x': -35.018, 'yaw': 3.141}, None, None
130.08, [INFO], robot5, {'battery-level': '18.38'}, None, None
130.08, [INFO], robot5, {'y': 16.244, 'x': -36.704, 'yaw': 3.141}, None, None
140.07, [INFO], robot5, {'battery-level': '17.62'}, None, None
140.07, [INFO], robot5, {'y': 17.675, 'x': -36.755, 'yaw': -3.141}, None, None
150.02, [INFO], robot5, {'y': 18.104, 'x': -35.807, 'yaw': -3.141}, None, None
150.02, [INFO], robot5, {'battery-level': '16.86'}, None, None
160.01, [INFO], robot5, {'battery-level': '16.10'}, None, None
160.01, [INFO], robot5, {'y': 18.144, 'x': -35.821, 'yaw': -3.142}, None, None
170.08, [INFO], robot5, {'battery-level': '15.34'}, None, None
170.08, [INFO], robot5, {'y': 18.15, 'x': -35.799, 'yaw': 3.142}, None, None
180.07, [INFO], robot5, {'y': 18.15, 'x': -35.799, 'yaw': -3.142}, None, None
180.07, [INFO], robot5, {'battery-level': '14.58'}, None, None
190.04, [INFO], robot5, {'battery-level': '13.82'}, None, None
190.04, [INFO], robot5, {'y': 18.15, 'x': -35.799, 'yaw': -3.142}, None, None
200.02, [INFO], robot5, {'battery-level': '13.06'}, None, None
200.02, [INFO], robot5, {'y': 18.15, 'x': -35.799, 'yaw': -3.142}, None, None
210.01, [INFO], robot5, {'battery-level': '12.30'}, None, None
210.01, [INFO], robot5, {'y': 18.154, 'x': -35.785, 'yaw': -3.142}, None, None
220.10, [INFO], robot5, {'battery-level': '11.54'}, None, None
220.10, [INFO], robot5, {'y': 18.154, 'x': -35.785, 'yaw': 3.141}, None, None
226.87, [WARN], robot5, SKILL-FAILURE, navigation, navto_room
230.06, [INFO], robot5, {'battery-level': '10.78'}, None, None
230.06, [INFO], robot5, {'y': 18.152, 'x': -35.786, 'yaw': -3.142}, None, None
