0.00, [DEBUG], nurse, NURSE_CONFIG={'location': 'IC Room 2', 'position': [-38.0, 21.5, 0.0]}, None, None
0.00, [DEBUG], logger, ROBOTS_CONFIG={'avg_speed': 0.15, 'battery_charge': 0.5914703710515797, 'battery_discharge_rate': 0.0006600000000000001, 'id': 1, 'local_plan': [['navigation', ['IC Room 2', [[-27.23, 18.0, -1.57], [-27.23, 16.0], [-37.0, 16.0], [-37.0, 21.5], [-38.0, 21.5, 0.0]]], 'navto_room'], ['approach_person', ['nurse'], 'approach_nurse'], ['authenticate_person', ['nurse'], 'authenticate_nurse'], ['operate_drawer', ['open'], 'open_drawer_for_nurse'], ['send_message', ['nurse'], 'notify_nurse_of_open_drawer_for_nurse_completed'], ['wait_message', ['nurse'], 'wait_nurse_to_complete_deposit'], ['operate_drawer', ['close'], 'close_drawer_nurse'], ['navigation', ['Laboratory', [[-38.0, 21.5, 0.0], [-37.0, 21.5], [-37.0, 16.0], [-26.0, 16.0], [-26.0, 13.0, 1.57]]], 'navto_lab'], ['approach_robot', ['lab_arm'], 'approach_arm'], ['operate_drawer', ['open'], 'open_drawer_lab'], ['send_message', ['lab_arm'], 'notify_lab_arm_of_open_drawer_lab_completed'], ['wait_message', ['lab_arm'], 'wait_lab_arm_to_complete_pick_up_sample'], ['operate_drawer', ['close'], 'close_drawer_lab']], 'location': 'PC Room 4', 'name': 'r1', 'position': [-27.23, 18.0, -1.57], 'skills': ['approach_person', 'approach_robot', 'authenticate_person', 'navigation']}, None, None
0.00, [DEBUG], logger, Simulation open, None, None
10.06, [INFO], robot1, {'battery-level': '58.55'}, None, None
10.06, [INFO], robot1, {'y': 18.0, 'x': -27.23, 'yaw': -3.142}, None, None
20.09, [INFO], robot1, {'y': 17.04, 'x': -27.086, 'yaw': -3.14}, None, None
20.09, [INFO], robot1, {'battery-level': '57.89'}, None, None
30.06, [INFO], robot1, {'battery-level': '57.23'}, None, None
30.06, [INFO], robot1, {'y': 16.156, 'x': -28.359, 'yaw': -3.142}, None, None
40.04, [INFO], robot1, {'battery-level': '56.57'}, None, None
40.04, [INFO], robot1, {'y': 16.126, 'x': -30.469, 'yaw': 3.142}, None, None
50.09, [INFO], robot1, {'y': 15.864, 'x': -32.584, 'yaw': 3.142}, None, None
50.09, [INFO], robot1, {'battery-level': '55.91'}, None, None
60.07, [INFO], robot1, {'y': 15.375, 'x': -34.657, 'yaw': 3.142}, None, None
60.07, [INFO], robot1, {'battery-level': '55.25'}, None, None
70.06, [INFO], robot1, {'battery-level': '54.59'}, None, None
70.06, [INFO], robot1, {'y': 15.839, 'x': -36.728, 'yaw': 3.141}, None, None
80.04, [INFO], robot1, {'battery-level': '53.93'}, None, None
80.04, [INFO], robot1, {'y': 17.885, 'x': -36.899, 'yaw': -3.142}, None, None
90.00, [INFO], robot1, {'battery-level': '53.27'}, None, None
90.00, [INFO], robot1, {'y': 19.986, 'x': -36.956, 'yaw': 3.142}, None, None
100.06, [INFO], robot1, {'battery-level': '52.61'}, None, None
100.06, [INFO], robot1, {'y': 21.438, 'x': -37.871, 'yaw': 3.142}, None, None
110.05, [INFO], robot1, {'battery-level': '51.95'}, None, None
110.05, [INFO], robot1, {'y': 21.341, 'x': -38.067, 'yaw': -3.142}, None, None
120.05, [INFO], robot1, {'y': 21.471, 'x': -38.046, 'yaw': 3.141}, None, None
120.05, [INFO], robot1, {'battery-level': '51.29'}, None, None
130.02, [INFO], robot1, {'battery-level': '50.63'}, None, None
130.02, [INFO], robot1, {'y': 21.442, 'x': -38.076, 'yaw': 3.141}, None, None
130.11, [info], nurse, sync, received-request, (status=sending-request)
130.11, [info], nurse, sync, request-sent, (status=waiting)
130.11, [WARN], robot1, NO-SKILL, operate_drawer, open_drawer_for_nurse
140.04, [INFO], robot1, {'battery-level': '49.97'}, None, None
140.04, [INFO], robot1, {'y': 21.442, 'x': -38.076, 'yaw': 3.142}, None, None
