0.00, [INFO], robot6, {'battery-level': '50.80'}, None, None
0.13, [DEBUG], logger, ROBOTS_CONFIG={'avg_speed': 0.15, 'battery_charge': 0.5080169438370433, 'battery_discharge_rate': 0.00038, 'id': 6, 'local_plan': [['navigation', ['PC Room 3', [[-27.23, 18.0, -1.57], [-27.23, 16.0], [-28.5, 16.0], [-28.5, 18.0, -1.57]]], 'navto_room'], ['approach_person', ['nurse'], 'approach_nurse'], ['authenticate_person', ['nurse'], 'authenticate_nurse'], ['operate_drawer', ['open'], 'open_drawer_for_nurse'], ['send_message', ['nurse'], 'notify_nurse_of_open_drawer_for_nurse_completed'], ['wait_message', ['nurse'], 'wait_nurse_to_complete_deposit'], ['operate_drawer', ['close'], 'close_drawer_nurse'], ['navigation', ['Laboratory', [[-28.5, 18.0, -1.57], [-28.5, 16.0], [-26.0, 16.0], [-26.0, 13.0, 1.57]]], 'navto_lab'], ['approach_robot', ['lab_arm'], 'approach_arm'], ['operate_drawer', ['open'], 'open_drawer_lab'], ['send_message', ['lab_arm'], 'notify_lab_arm_of_open_drawer_lab_completed'], ['wait_message', ['lab_arm'], 'wait_lab_arm_to_complete_pick_up_sample'], ['operate_drawer', ['close'], 'close_drawer_lab']], 'location': 'PC Room 4', 'name': 'r6', 'position': [-27.23, 18.0, -1.57], 'skills': ['approach_person', 'approach_robot', 'authenticate_person', 'navigation', 'operate_drawer']}, None, None
0.13, [DEBUG], logger, Simulation open, None, None
10.00, [INFO], robot6, {'battery-level': '50.46'}, None, None
10.00, [INFO], robot6, {'y': 17.994, 'x': -27.228, 'yaw': 3.141}, None, None
20.09, [INFO], robot6, {'y': 16.395, 'x': -27.056, 'yaw': 3.141}, None, None
20.09, [INFO], robot6, {'battery-level': '50.08'}, None, None
30.01, [INFO], robot6, {'y': 16.929, 'x': -28.592, 'yaw': -3.139}, None, None
30.01, [INFO], robot6, {'battery-level': '49.70'}, None, None
40.09, [INFO], robot6, {'battery-level': '49.32'}, None, None
40.09, [INFO], robot6, {'y': 17.958, 'x': -28.568, 'yaw': -3.142}, None, None
42.51, [info], nurse, sync, received-request, (status=sending-request)
42.51, [info], nurse, sync, request-sent, (status=waiting)
42.51, [info], nurse, sync, wait-message, (status=message-received)
50.07, [INFO], robot6, {'battery-level': '48.94'}, None, None
50.07, [INFO], robot6, {'y': 16.628, 'x': -28.681, 'yaw': 3.142}, None, None
60.06, [INFO], robot6, {'y': 16.079, 'x': -27.036, 'yaw': -3.138}, None, None
60.06, [INFO], robot6, {'battery-level': '48.56'}, None, None
70.04, [INFO], robot6, {'battery-level': '48.18'}, None, None
70.04, [INFO], robot6, {'y': 14.724, 'x': -25.864, 'yaw': 3.142}, None, None
80.03, [INFO], robot6, {'battery-level': '47.80'}, None, None
80.03, [INFO], robot6, {'y': 12.96, 'x': -25.956, 'yaw': 3.141}, None, None
85.44, [info], lab_arm, sync, wait-message, (status=message-received)
86.41, [WARN], robot6, SUCCESS, None, None
90.04, [INFO], robot6, {'battery-level': '47.42'}, None, None
90.04, [INFO], robot6, {'y': 12.915, 'x': -25.976, 'yaw': 3.142}, None, None
