0.00, [DEBUG], logger, ROBOTS_CONFIG={'avg_speed': 0.15, 'battery_charge': 0.6520875066754872, 'battery_discharge_rate': 0.0005600000000000001, 'id': 4, 'local_plan': [['navigation', ['IC Room 2', [[-32.88, 33.98, 3.14], [-37.0, 33.98], [-37.0, 21.5], [-38.0, 21.5, 0.0]]], 'navto_room'], ['approach_person', ['nurse'], 'approach_nurse'], ['authenticate_person', ['nurse'], 'authenticate_nurse'], ['operate_drawer', ['open'], 'open_drawer_for_nurse'], ['send_message', ['nurse'], 'notify_nurse_of_open_drawer_for_nurse_completed'], ['wait_message', ['nurse'], 'wait_nurse_to_complete_deposit'], ['operate_drawer', ['close'], 'close_drawer_nurse'], ['navigation', ['Laboratory', [[-38.0, 21.5, 0.0], [-37.0, 21.5], [-37.0, 16.0], [-26.0, 16.0], [-26.0, 13.0, 1.57]]], 'navto_lab'], ['approach_robot', ['lab_arm'], 'approach_arm'], ['operate_drawer', ['open'], 'open_drawer_lab'], ['send_message', ['lab_arm'], 'notify_lab_arm_of_open_drawer_lab_completed'], ['wait_message', ['lab_arm'], 'wait_lab_arm_to_complete_pick_up_sample'], ['operate_drawer', ['close'], 'close_drawer_lab']], 'location': 'IC Room 5', 'name': 'r4', 'position': [-32.88, 33.98, 3.14], 'skills': ['approach_person', 'approach_robot', 'authenticate_person', 'navigation', 'operate_drawer']}, None, None
0.00, [DEBUG], logger, Simulation open, None, None
10.01, [INFO], robot4, {'battery-level': '64.70'}, None, None
10.01, [INFO], robot4, {'y': 34.198, 'x': -33.449, 'yaw': 3.141}, None, None
20.03, [INFO], robot4, {'battery-level': '64.14'}, None, None
20.03, [INFO], robot4, {'y': 34.713, 'x': -35.499, 'yaw': 3.139}, None, None
30.03, [INFO], robot4, {'battery-level': '63.58'}, None, None
30.03, [INFO], robot4, {'y': 33.472, 'x': -36.965, 'yaw': -3.142}, None, None
40.02, [INFO], robot4, {'battery-level': '63.02'}, None, None
40.02, [INFO], robot4, {'y': 31.365, 'x': -36.936, 'yaw': -3.142}, None, None
50.03, [INFO], robot4, {'battery-level': '62.46'}, None, None
50.03, [INFO], robot4, {'y': 29.25, 'x': -36.928, 'yaw': -3.141}, None, None
60.04, [INFO], robot4, {'battery-level': '61.90'}, None, None
60.04, [INFO], robot4, {'y': 27.136, 'x': -36.98, 'yaw': -3.142}, None, None
70.05, [INFO], robot4, {'y': 25.029, 'x': -37.047, 'yaw': -3.142}, None, None
70.05, [INFO], robot4, {'battery-level': '61.34'}, None, None
80.07, [INFO], robot4, {'y': 22.913, 'x': -37.086, 'yaw': 3.141}, None, None
80.07, [INFO], robot4, {'battery-level': '60.78'}, None, None
90.08, [INFO], robot4, {'battery-level': '60.22'}, None, None
90.08, [INFO], robot4, {'y': 21.409, 'x': -37.895, 'yaw': 3.142}, None, None
100.00, [INFO], robot4, {'battery-level': '59.66'}, None, None
100.00, [INFO], robot4, {'y': 21.352, 'x': -38.099, 'yaw': 3.141}, None, None
103.15, [info], nurse, sync, received-request, (status=sending-request)
103.15, [info], nurse, sync, request-sent, (status=waiting)
103.15, [info], nurse, sync, wait-message, (status=message-received)
110.02, [INFO], robot4, {'battery-level': '59.10'}, None, None
110.02, [INFO], robot4, {'y': 20.849, 'x': -37.206, 'yaw': 3.141}, None, None
120.02, [INFO], robot4, {'battery-level': '58.54'}, None, None
120.02, [INFO], robot4, {'y': 18.743, 'x': -37.145, 'yaw': 3.141}, None, None
130.01, [INFO], robot4, {'battery-level': '57.98'}, None, None
130.01, [INFO], robot4, {'y': 16.626, 'x': -37.076, 'yaw': 3.14}, None, None
140.02, [INFO], robot4, {'battery-level': '57.42'}, None, None
140.02, [INFO], robot4, {'y': 15.693, 'x': -35.47, 'yaw': -3.142}, None, None
150.02, [INFO], robot4, {'battery-level': '56.86'}, None, None
150.02, [INFO], robot4, {'y': 15.458, 'x': -33.375, 'yaw': -3.141}, None, None
160.00, [INFO], robot4, {'y': 15.452, 'x': -31.257, 'yaw': 3.142}, None, None
160.00, [INFO], robot4, {'battery-level': '56.30'}, None, None
170.08, [INFO], robot4, {'y': 15.653, 'x': -29.127, 'yaw': 3.141}, None, None
170.08, [INFO], robot4, {'battery-level': '55.74'}, None, None
180.08, [INFO], robot4, {'y': 15.729, 'x': -27.02, 'yaw': -3.141}, None, None
180.08, [INFO], robot4, {'battery-level': '55.18'}, None, None
190.07, [INFO], robot4, {'battery-level': '54.62'}, None, None
190.07, [INFO], robot4, {'y': 14.351, 'x': -25.764, 'yaw': -3.139}, None, None
200.06, [INFO], robot4, {'battery-level': '54.06'}, None, None
200.06, [INFO], robot4, {'y': 12.885, 'x': -25.987, 'yaw': -3.141}, None, None
205.86, [info], lab_arm, sync, wait-message, (status=message-received)
206.81, [WARN], robot4, SUCCESS, None, None
210.09, [INFO], robot4, {'battery-level': '53.50'}, None, None
210.09, [INFO], robot4, {'y': 12.889, 'x': -25.981, 'yaw': -3.142}, None, None
220.03, [INFO], robot4, {'battery-level': '52.94'}, None, None
220.03, [INFO], robot4, {'y': 12.889, 'x': -25.981, 'yaw': 3.142}, None, None
230.04, [INFO], robot4, {'y': 12.89, 'x': -25.982, 'yaw': -3.142}, None, None
230.04, [INFO], robot4, {'battery-level': '52.38'}, None, None
