0.13, [DEBUG], logger, ROBOTS_CONFIG={'avg_speed': 0.15, 'battery_charge': 0.5080169438370433, 'battery_discharge_rate': 0.00038, 'id': 6, 'local_plan': [['navigation', ['PC Room 3', [[-27.23, 18.0, -1.57], [-27.23, 16.0], [-28.5, 16.0], [-28.5, 18.0, -1.57]]], 'navto_room'], ['approach_person', ['nurse'], 'approach_nurse'], ['authenticate_person', ['nurse'], 'authenticate_nurse'], ['operate_drawer', ['open'], 'open_drawer_for_nurse'], ['send_message', ['nurse'], 'notify_nurse_of_open_drawer_for_nurse_completed'], ['wait_message', ['nurse'], 'wait_nurse_to_complete_deposit'], ['operate_drawer', ['close'], 'close_drawer_nurse'], ['navigation', ['Laboratory', [[-28.5, 18.0, -1.57], [-28.5, 16.0], [-26.0, 16.0], [-26.0, 13.0, 1.57]]], 'navto_lab'], ['approach_robot', ['lab_arm'], 'approach_arm'], ['operate_drawer', ['open'], 'open_drawer_lab'], ['send_message', ['lab_arm'], 'notify_lab_arm_of_open_drawer_lab_completed'], ['wait_message', ['lab_arm'], 'wait_lab_arm_to_complete_pick_up_sample'], ['operate_drawer', ['close'], 'close_drawer_lab']], 'location': 'PC Room 4', 'name': 'r6', 'position': [-27.23, 18.0, -1.57], 'skills': ['approach_person', 'approach_robot', 'authenticate_person', 'navigation', 'operate_drawer']}, None, None
0.13, [DEBUG], logger, Simulation open, None, None
10.03, [INFO], robot6, {'battery-level': '50.46'}, None, None
10.03, [INFO], robot6, {'y': 17.321, 'x': -27.124, 'yaw': -3.142}, None, None
20.01, [INFO], robot6, {'y': 16.213, 'x': -28.102, 'yaw': 3.141}, None, None
20.01, [INFO], robot6, {'battery-level': '50.08'}, None, None
30.10, [INFO], robot6, {'battery-level': '49.70'}, None, None
30.10, [INFO], robot6, {'y': 17.84, 'x': -28.623, 'yaw': 3.141}, None, None
40.06, [INFO], robot6, {'battery-level': '49.32'}, None, None
40.06, [INFO], robot6, {'y': 17.97, 'x': -28.598, 'yaw': 3.141}, None, None
50.06, [INFO], robot6, {'battery-level': '48.94'}, None, None
50.06, [INFO], robot6, {'y': 18.033, 'x': -28.605, 'yaw': 3.141}, None, None
54.33, [info], nurse, sync, received-request, (status=sending-request)
54.33, [info], nurse, sync, request-sent, (status=waiting)
54.33, [info], nurse, sync, wait-message, (status=message-received)
59.94, [INFO], robot6, {'y': 17.093, 'x': -28.715, 'yaw': -3.139}, None, None
60.04, [INFO], robot6, {'battery-level': '48.56'}, None, None
70.02, [INFO], robot6, {'y': 16.141, 'x': -27.475, 'yaw': 3.142}, None, None
70.02, [INFO], robot6, {'battery-level': '48.18'}, None, None
80.08, [INFO], robot6, {'battery-level': '47.80'}, None, None
80.08, [INFO], robot6, {'y': 15.128, 'x': -25.961, 'yaw': 3.142}, None, None
90.04, [INFO], robot6, {'battery-level': '47.42'}, None, None
90.04, [INFO], robot6, {'y': 13.08, 'x': -25.845, 'yaw': -3.142}, None, None
98.08, [info], lab_arm, sync, wait-message, (status=message-received)
98.95, [WARN], robot6, SUCCESS, None, None
100.07, [INFO], robot6, {'battery-level': '47.04'}, None, None
100.07, [INFO], robot6, {'y': 12.88, 'x': -25.966, 'yaw': 3.142}, None, None
110.07, [INFO], robot6, {'y': 12.88, 'x': -25.966, 'yaw': 3.142}, None, None
110.07, [INFO], robot6, {'battery-level': '46.66'}, None, None
