0.00, [DEBUG], nurse, NURSE_CONFIG={'location': 'IC Room 6', 'position': [-33.9, 18.93, 3.14]}, None, None
0.00, [INFO], robot4, {'battery-level': '65.21'}, None, None
0.00, [DEBUG], logger, ROBOTS_CONFIG={'avg_speed': 0.15, 'battery_charge': 0.6520875066754872, 'battery_discharge_rate': 0.00026000000000000003, 'id': 4, 'local_plan': [['navigation', ['IC Room 6', [[-39.44, 33.95, 0.0], [-37.0, 33.95], [-37.0, 18.93], [-33.9, 18.93, 3.14]]], 'navto_room'], ['approach_person', ['nurse'], 'approach_nurse'], ['authenticate_person', ['nurse'], 'authenticate_nurse'], ['operate_drawer', ['open'], 'open_drawer_for_nurse'], ['send_message', ['nurse'], 'notify_nurse_of_open_drawer_for_nurse_completed'], ['wait_message', ['nurse'], 'wait_nurse_to_complete_deposit'], ['operate_drawer', ['close'], 'close_drawer_nurse'], ['navigation', ['Laboratory', [[-33.9, 18.93, 3.14], [-37.0, 18.93], [-37.0, 16.0], [-26.0, 16.0], [-26.0, 13.0, 1.57]]], 'navto_lab'], ['approach_robot', ['lab_arm'], 'approach_arm'], ['operate_drawer', ['open'], 'open_drawer_lab'], ['send_message', ['lab_arm'], 'notify_lab_arm_of_open_drawer_lab_completed'], ['wait_message', ['lab_arm'], 'wait_lab_arm_to_complete_pick_up_sample'], ['operate_drawer', ['close'], 'close_drawer_lab']], 'location': 'IC Room 4', 'name': 'r4', 'position': [-39.44, 33.95, 0.0], 'skills': ['approach_person', 'approach_robot', 'authenticate_person', 'navigation', 'operate_drawer']}, None, None
0.00, [DEBUG], logger, Simulation open, None, None
10.07, [INFO], robot4, {'battery-level': '64.97'}, None, None
10.07, [INFO], robot4, {'y': 34.042, 'x': -39.079, 'yaw': 3.142}, None, None
20.09, [INFO], robot4, {'y': 34.251, 'x': -37.181, 'yaw': 3.141}, None, None
20.09, [INFO], robot4, {'battery-level': '64.71'}, None, None
30.03, [INFO], robot4, {'battery-level': '64.45'}, None, None
30.03, [INFO], robot4, {'y': 32.18, 'x': -36.993, 'yaw': 3.141}, None, None
40.06, [INFO], robot4, {'y': 30.073, 'x': -37.037, 'yaw': 3.141}, None, None
40.06, [INFO], robot4, {'battery-level': '64.19'}, None, None
50.08, [INFO], robot4, {'battery-level': '63.93'}, None, None
50.08, [INFO], robot4, {'y': 27.951, 'x': -37.033, 'yaw': 3.14}, None, None
60.00, [INFO], robot4, {'battery-level': '63.67'}, None, None
60.00, [INFO], robot4, {'y': 25.863, 'x': -37.022, 'yaw': -3.142}, None, None
70.01, [INFO], robot4, {'battery-level': '63.41'}, None, None
70.01, [INFO], robot4, {'y': 23.744, 'x': -37.049, 'yaw': 3.14}, None, None
80.01, [INFO], robot4, {'y': 21.633, 'x': -37.12, 'yaw': 3.142}, None, None
80.01, [INFO], robot4, {'battery-level': '63.15'}, None, None
90.01, [INFO], robot4, {'y': 19.522, 'x': -37.093, 'yaw': 3.141}, None, None
90.01, [INFO], robot4, {'battery-level': '62.89'}, None, None
100.01, [INFO], robot4, {'y': 17.877, 'x': -35.849, 'yaw': 3.142}, None, None
100.01, [INFO], robot4, {'battery-level': '62.63'}, None, None
110.03, [INFO], robot4, {'y': 18.612, 'x': -34.117, 'yaw': 3.142}, None, None
110.03, [INFO], robot4, {'battery-level': '62.37'}, None, None
119.28, [info], nurse, sync, received-request, (status=sending-request)
119.28, [info], nurse, sync, request-sent, (status=waiting)
119.37, [info], nurse, sync, wait-message, (status=message-received)
120.04, [INFO], robot4, {'battery-level': '62.11'}, None, None
120.04, [INFO], robot4, {'y': 18.969, 'x': -33.937, 'yaw': 3.14}, None, None
130.04, [INFO], robot4, {'battery-level': '61.85'}, None, None
130.04, [INFO], robot4, {'y': 17.783, 'x': -35.381, 'yaw': 3.139}, None, None
140.03, [INFO], robot4, {'battery-level': '61.59'}, None, None
140.03, [INFO], robot4, {'y': 17.531, 'x': -37.019, 'yaw': -3.142}, None, None
150.02, [INFO], robot4, {'y': 17.201, 'x': -37.04, 'yaw': 3.142}, None, None
150.02, [INFO], robot4, {'battery-level': '61.33'}, None, None
160.04, [INFO], robot4, {'y': 17.488, 'x': -36.877, 'yaw': 3.141}, None, None
160.04, [INFO], robot4, {'battery-level': '61.07'}, None, None
170.06, [INFO], robot4, {'y': 17.451, 'x': -36.867, 'yaw': 3.142}, None, None
170.06, [INFO], robot4, {'battery-level': '60.81'}, None, None
180.08, [INFO], robot4, {'battery-level': '60.55'}, None, None
180.08, [INFO], robot4, {'y': 17.142, 'x': -37.128, 'yaw': 3.141}, None, None
190.01, [INFO], robot4, {'y': 17.394, 'x': -36.932, 'yaw': 3.141}, None, None
190.01, [INFO], robot4, {'battery-level': '60.29'}, None, None
200.04, [INFO], robot4, {'battery-level': '60.03'}, None, None
200.04, [INFO], robot4, {'y': 17.441, 'x': -36.963, 'yaw': 3.141}, None, None
210.06, [INFO], robot4, {'y': 17.314, 'x': -36.766, 'yaw': -3.142}, None, None
210.06, [INFO], robot4, {'battery-level': '59.77'}, None, None
220.06, [INFO], robot4, {'battery-level': '59.51'}, None, None
220.06, [INFO], robot4, {'y': 17.318, 'x': -37.003, 'yaw': -3.142}, None, None
230.07, [INFO], robot4, {'battery-level': '59.25'}, None, None
230.07, [INFO], robot4, {'y': 17.136, 'x': -37.026, 'yaw': 3.141}, None, None
240.08, [INFO], robot4, {'battery-level': '58.99'}, None, None
240.08, [INFO], robot4, {'y': 17.35, 'x': -36.895, 'yaw': 3.14}, None, None
250.09, [INFO], robot4, {'y': 17.345, 'x': -36.896, 'yaw': 3.142}, None, None
250.09, [INFO], robot4, {'battery-level': '58.73'}, None, None
260.02, [INFO], robot4, {'y': 17.352, 'x': -36.906, 'yaw': 3.141}, None, None
260.02, [INFO], robot4, {'battery-level': '58.47'}, None, None
270.02, [INFO], robot4, {'battery-level': '58.21'}, None, None
270.02, [INFO], robot4, {'y': 17.215, 'x': -37.097, 'yaw': -3.142}, None, None
280.03, [INFO], robot4, {'battery-level': '57.95'}, None, None
280.03, [INFO], robot4, {'y': 17.365, 'x': -36.861, 'yaw': 3.141}, None, None
290.05, [INFO], robot4, {'battery-level': '57.69'}, None, None
290.05, [INFO], robot4, {'y': 17.281, 'x': -36.99, 'yaw': 3.141}, None, None
300.05, [INFO], robot4, {'y': 17.236, 'x': -37.081, 'yaw': 3.141}, None, None
300.05, [INFO], robot4, {'battery-level': '57.43'}, None, None
304.92, [WARN], robot4, SKILL-FAILURE, navigation, navto_lab
310.05, [INFO], robot4, {'y': 17.491, 'x': -36.925, 'yaw': 3.142}, None, None
310.05, [INFO], robot4, {'battery-level': '57.17'}, None, None
