0.00, [DEBUG], nurse, NURSE_CONFIG={'location': 'IC Room 6', 'position': [-33.9, 18.93, 3.14]}, None, None
0.00, [INFO], robot5, {'battery-level': '28.18'}, None, None
0.00, [DEBUG], logger, ROBOTS_CONFIG={'avg_speed': 0.15, 'battery_charge': 0.2817995261312799, 'battery_discharge_rate': 0.00042, 'id': 5, 'local_plan': [['navigation', ['IC Room 6', [[-13.5, 18.0, -1.57], [-13.5, 16.0], [-37.0, 16.0], [-37.0, 18.93], [-33.9, 18.93, 3.14]]], 'navto_room'], ['approach_person', ['nurse'], 'approach_nurse'], ['authenticate_person', ['nurse'], 'authenticate_nurse'], ['operate_drawer', ['open'], 'open_drawer_for_nurse'], ['send_message', ['nurse'], 'notify_nurse_of_open_drawer_for_nurse_completed'], ['wait_message', ['nurse'], 'wait_nurse_to_complete_deposit'], ['operate_drawer', ['close'], 'close_drawer_nurse'], ['navigation', ['Laboratory', [[-33.9, 18.93, 3.14], [-37.0, 18.93], [-37.0, 16.0], [-26.0, 16.0], [-26.0, 13.0, 1.57]]], 'navto_lab'], ['approach_robot', ['lab_arm'], 'approach_arm'], ['operate_drawer', ['open'], 'open_drawer_lab'], ['send_message', ['lab_arm'], 'notify_lab_arm_of_open_drawer_lab_completed'], ['wait_message', ['lab_arm'], 'wait_lab_arm_to_complete_pick_up_sample'], ['operate_drawer', ['close'], 'close_drawer_lab']], 'location': 'PC Room 7', 'name': 'r5', 'position': [-13.5, 18.0, -1.57], 'skills': ['approach_person', 'authenticate_person', 'navigation', 'operate_drawer']}, None, None
0.00, [DEBUG], logger, Simulation open, None, None
10.09, [INFO], robot5, {'y': 17.327, 'x': -13.493, 'yaw': -3.142}, None, None
10.09, [INFO], robot5, {'battery-level': '27.80'}, None, None
20.07, [INFO], robot5, {'battery-level': '27.38'}, None, None
20.07, [INFO], robot5, {'y': 16.032, 'x': -14.481, 'yaw': -3.142}, None, None
30.05, [INFO], robot5, {'y': 15.937, 'x': -16.591, 'yaw': 3.141}, None, None
30.05, [INFO], robot5, {'battery-level': '26.96'}, None, None
40.05, [INFO], robot5, {'battery-level': '26.54'}, None, None
40.05, [INFO], robot5, {'y': 16.028, 'x': -18.693, 'yaw': 3.142}, None, None
50.03, [INFO], robot5, {'battery-level': '26.12'}, None, None
50.03, [INFO], robot5, {'y': 16.211, 'x': -20.794, 'yaw': 3.141}, None, None
60.09, [INFO], robot5, {'y': 16.088, 'x': -22.93, 'yaw': 3.141}, None, None
60.09, [INFO], robot5, {'battery-level': '25.70'}, None, None
70.03, [INFO], robot5, {'battery-level': '25.28'}, None, None
70.03, [INFO], robot5, {'y': 16.08, 'x': -25.02, 'yaw': 3.14}, None, None
80.09, [INFO], robot5, {'y': 16.052, 'x': -27.136, 'yaw': 3.14}, None, None
80.09, [INFO], robot5, {'battery-level': '24.86'}, None, None
90.03, [INFO], robot5, {'battery-level': '24.44'}, None, None
90.03, [INFO], robot5, {'y': 16.135, 'x': -29.236, 'yaw': 3.142}, None, None
100.01, [INFO], robot5, {'battery-level': '24.02'}, None, None
100.01, [INFO], robot5, {'y': 15.987, 'x': -31.344, 'yaw': 3.141}, None, None
110.01, [INFO], robot5, {'y': 15.665, 'x': -33.44, 'yaw': 3.141}, None, None
110.01, [INFO], robot5, {'battery-level': '23.60'}, None, None
120.01, [INFO], robot5, {'y': 15.516, 'x': -35.532, 'yaw': -3.141}, None, None
120.01, [INFO], robot5, {'battery-level': '23.18'}, None, None
130.09, [INFO], robot5, {'battery-level': '22.76'}, None, None
130.09, [INFO], robot5, {'y': 16.817, 'x': -36.645, 'yaw': -3.142}, None, None
140.09, [INFO], robot5, {'y': 17.552, 'x': -36.717, 'yaw': -3.142}, None, None
140.09, [INFO], robot5, {'battery-level': '22.34'}, None, None
150.06, [INFO], robot5, {'battery-level': '21.92'}, None, None
150.06, [INFO], robot5, {'y': 17.551, 'x': -36.717, 'yaw': -3.142}, None, None
160.04, [INFO], robot5, {'y': 17.618, 'x': -36.766, 'yaw': -3.142}, None, None
160.04, [INFO], robot5, {'battery-level': '21.50'}, None, None
170.03, [INFO], robot5, {'battery-level': '21.08'}, None, None
170.03, [INFO], robot5, {'y': 17.654, 'x': -36.742, 'yaw': 3.142}, None, None
180.04, [INFO], robot5, {'battery-level': '20.66'}, None, None
180.04, [INFO], robot5, {'y': 18.029, 'x': -35.847, 'yaw': 3.141}, None, None
190.07, [INFO], robot5, {'y': 18.221, 'x': -35.761, 'yaw': 3.14}, None, None
190.07, [INFO], robot5, {'battery-level': '20.24'}, None, None
200.04, [INFO], robot5, {'battery-level': '19.82'}, None, None
200.04, [INFO], robot5, {'y': 18.219, 'x': -35.753, 'yaw': -3.142}, None, None
210.05, [INFO], robot5, {'battery-level': '19.40'}, None, None
210.05, [INFO], robot5, {'y': 18.218, 'x': -35.741, 'yaw': 3.142}, None, None
220.04, [INFO], robot5, {'y': 18.24, 'x': -35.908, 'yaw': -3.142}, None, None
220.04, [INFO], robot5, {'battery-level': '18.98'}, None, None
230.04, [INFO], robot5, {'y': 18.172, 'x': -35.647, 'yaw': 3.141}, None, None
230.04, [INFO], robot5, {'battery-level': '18.56'}, None, None
230.33, [WARN], robot5, SKILL-FAILURE, navigation, navto_room
