0.00, [INFO], robot5, {'battery-level': '28.18'}, None, None
0.00, [DEBUG], logger, ROBOTS_CONFIG={'avg_speed': 0.15, 'battery_charge': 0.2817995261312799, 'battery_discharge_rate': 0.00042, 'id': 5, 'local_plan': [['navigation', ['PC Room 3', [[-33.9, 18.93, 3.14], [-37.0, 18.93], [-37.0, 16.0], [-28.5, 16.0], [-28.5, 18.0, -1.57]]], 'navto_room'], ['approach_person', ['nurse'], 'approach_nurse'], ['authenticate_person', ['nurse'], 'authenticate_nurse'], ['operate_drawer', ['open'], 'open_drawer_for_nurse'], ['send_message', ['nurse'], 'notify_nurse_of_open_drawer_for_nurse_completed'], ['wait_message', ['nurse'], 'wait_nurse_to_complete_deposit'], ['operate_drawer', ['close'], 'close_drawer_nurse'], ['navigation', ['Laboratory', [[-28.5, 18.0, -1.57], [-28.5, 16.0], [-26.0, 16.0], [-26.0, 13.0, 1.57]]], 'navto_lab'], ['approach_robot', ['lab_arm'], 'approach_arm'], ['operate_drawer', ['open'], 'open_drawer_lab'], ['send_message', ['lab_arm'], 'notify_lab_arm_of_open_drawer_lab_completed'], ['wait_message', ['lab_arm'], 'wait_lab_arm_to_complete_pick_up_sample'], ['operate_drawer', ['close'], 'close_drawer_lab']], 'location': 'IC Room 6', 'name': 'r5', 'position': [-33.9, 18.93, 3.14], 'skills': ['approach_person', 'authenticate_person', 'navigation', 'operate_drawer']}, None, None
0.00, [DEBUG], logger, Simulation open, None, None
10.08, [INFO], robot5, {'battery-level': '27.80'}, None, None
10.08, [INFO], robot5, {'y': 18.733, 'x': -34.222, 'yaw': 3.141}, None, None
20.07, [INFO], robot5, {'battery-level': '27.38'}, None, None
20.07, [INFO], robot5, {'y': 17.82, 'x': -35.847, 'yaw': -3.142}, None, None
30.07, [INFO], robot5, {'y': 18.053, 'x': -36.801, 'yaw': -3.142}, None, None
30.07, [INFO], robot5, {'battery-level': '26.96'}, None, None
40.07, [INFO], robot5, {'y': 17.212, 'x': -36.762, 'yaw': -3.142}, None, None
40.07, [INFO], robot5, {'battery-level': '26.54'}, None, None
50.04, [INFO], robot5, {'battery-level': '26.12'}, None, None
50.04, [INFO], robot5, {'y': 17.312, 'x': -37.035, 'yaw': 3.14}, None, None
60.05, [INFO], robot5, {'battery-level': '25.70'}, None, None
60.05, [INFO], robot5, {'y': 17.283, 'x': -36.829, 'yaw': -3.141}, None, None
70.05, [INFO], robot5, {'battery-level': '25.28'}, None, None
70.05, [INFO], robot5, {'y': 17.421, 'x': -37.037, 'yaw': -3.142}, None, None
80.01, [INFO], robot5, {'y': 17.445, 'x': -37.018, 'yaw': -3.142}, None, None
80.01, [INFO], robot5, {'battery-level': '24.86'}, None, None
90.03, [INFO], robot5, {'y': 17.407, 'x': -37.014, 'yaw': -3.141}, None, None
90.03, [INFO], robot5, {'battery-level': '24.44'}, None, None
100.02, [INFO], robot5, {'y': 17.259, 'x': -36.798, 'yaw': -3.141}, None, None
100.02, [INFO], robot5, {'battery-level': '24.02'}, None, None
110.02, [INFO], robot5, {'battery-level': '23.60'}, None, None
110.02, [INFO], robot5, {'y': 17.263, 'x': -36.863, 'yaw': 3.141}, None, None
120.01, [INFO], robot5, {'battery-level': '23.18'}, None, None
120.01, [INFO], robot5, {'y': 17.266, 'x': -36.815, 'yaw': -3.141}, None, None
130.00, [INFO], robot5, {'battery-level': '22.76'}, None, None
130.00, [INFO], robot5, {'y': 17.144, 'x': -36.837, 'yaw': -3.141}, None, None
140.09, [INFO], robot5, {'battery-level': '22.34'}, None, None
140.09, [INFO], robot5, {'y': 17.324, 'x': -36.993, 'yaw': 3.141}, None, None
150.09, [INFO], robot5, {'y': 17.216, 'x': -36.864, 'yaw': -3.141}, None, None
150.09, [INFO], robot5, {'battery-level': '21.92'}, None, None
160.07, [INFO], robot5, {'y': 17.181, 'x': -36.824, 'yaw': -3.141}, None, None
160.07, [INFO], robot5, {'battery-level': '21.50'}, None, None
170.04, [INFO], robot5, {'y': 17.288, 'x': -37.011, 'yaw': 3.141}, None, None
170.04, [INFO], robot5, {'battery-level': '21.08'}, None, None
173.24, [WARN], robot5, SKILL-FAILURE, navigation, navto_room
