0.00, [INFO], robot3, {'battery-level': '46.27'}, None, None
0.00, [DEBUG], nurse, NURSE_CONFIG={'location': 'IC Room 6', 'position': [-33.9, 18.93, 3.14]}, None, None
0.13, [DEBUG], logger, ROBOTS_CONFIG={'avg_speed': 0.15, 'battery_charge': 0.462681764358839, 'battery_discharge_rate': 0.0004, 'id': 3, 'local_plan': [['navigation', ['IC Room 6', [[-38.0, 21.5, 0.0], [-37.0, 21.5], [-37.0, 18.93], [-33.9, 18.93, 3.14]]], 'navto_room'], ['approach_person', ['nurse'], 'approach_nurse'], ['authenticate_person', ['nurse'], 'authenticate_nurse'], ['operate_drawer', ['open'], 'open_drawer_for_nurse'], ['send_message', ['nurse'], 'notify_nurse_of_open_drawer_for_nurse_completed'], ['wait_message', ['nurse'], 'wait_nurse_to_complete_deposit'], ['operate_drawer', ['close'], 'close_drawer_nurse'], ['navigation', ['Laboratory', [[-33.9, 18.93, 3.14], [-37.0, 18.93], [-37.0, 16.0], [-26.0, 16.0], [-26.0, 13.0, 1.57]]], 'navto_lab'], ['approach_robot', ['lab_arm'], 'approach_arm'], ['operate_drawer', ['open'], 'open_drawer_lab'], ['send_message', ['lab_arm'], 'notify_lab_arm_of_open_drawer_lab_completed'], ['wait_message', ['lab_arm'], 'wait_lab_arm_to_complete_pick_up_sample'], ['operate_drawer', ['close'], 'close_drawer_lab']], 'location': 'IC Room 2', 'name': 'r3', 'position': [-38.0, 21.5, 0.0], 'skills': ['approach_person', 'approach_robot', 'authenticate_person', 'navigation', 'operate_drawer']}, None, None
0.13, [DEBUG], logger, Simulation open, None, None
10.03, [INFO], robot3, {'battery-level': '45.91'}, None, None
10.03, [INFO], robot3, {'y': 21.451, 'x': -37.275, 'yaw': -3.141}, None, None
20.05, [INFO], robot3, {'battery-level': '45.51'}, None, None
20.05, [INFO], robot3, {'y': 19.357, 'x': -37.072, 'yaw': 3.142}, None, None
30.06, [INFO], robot3, {'y': 17.797, 'x': -35.633, 'yaw': -3.142}, None, None
30.06, [INFO], robot3, {'battery-level': '45.11'}, None, None
40.01, [INFO], robot3, {'battery-level': '44.71'}, None, None
40.01, [INFO], robot3, {'y': 18.77, 'x': -34.017, 'yaw': 3.142}, None, None
49.24, [info], nurse, sync, received-request, (status=sending-request)
49.24, [info], nurse, sync, request-sent, (status=waiting)
49.32, [info], nurse, sync, wait-message, (status=message-received)
50.06, [INFO], robot3, {'battery-level': '44.31'}, None, None
50.06, [INFO], robot3, {'y': 18.997, 'x': -33.905, 'yaw': 3.14}, None, None
60.04, [INFO], robot3, {'y': 17.792, 'x': -35.316, 'yaw': -3.141}, None, None
60.04, [INFO], robot3, {'battery-level': '43.91'}, None, None
70.03, [INFO], robot3, {'battery-level': '43.51'}, None, None
70.03, [INFO], robot3, {'y': 18.072, 'x': -36.201, 'yaw': -3.142}, None, None
80.03, [INFO], robot3, {'battery-level': '43.11'}, None, None
80.03, [INFO], robot3, {'y': 18.071, 'x': -36.2, 'yaw': 3.142}, None, None
90.02, [INFO], robot3, {'battery-level': '42.71'}, None, None
90.02, [INFO], robot3, {'y': 17.505, 'x': -36.877, 'yaw': 3.141}, None, None
100.08, [INFO], robot3, {'y': 17.216, 'x': -37.035, 'yaw': 3.142}, None, None
100.08, [INFO], robot3, {'battery-level': '42.31'}, None, None
110.01, [INFO], robot3, {'battery-level': '41.91'}, None, None
110.01, [INFO], robot3, {'y': 17.429, 'x': -36.897, 'yaw': -3.142}, None, None
120.07, [INFO], robot3, {'y': 17.221, 'x': -37.018, 'yaw': 3.142}, None, None
120.07, [INFO], robot3, {'battery-level': '41.51'}, None, None
130.02, [INFO], robot3, {'battery-level': '41.11'}, None, None
130.02, [INFO], robot3, {'y': 17.424, 'x': -36.938, 'yaw': 3.141}, None, None
140.05, [INFO], robot3, {'battery-level': '40.71'}, None, None
140.05, [INFO], robot3, {'y': 17.341, 'x': -37.255, 'yaw': 3.142}, None, None
150.04, [INFO], robot3, {'battery-level': '40.31'}, None, None
150.04, [INFO], robot3, {'y': 17.277, 'x': -36.723, 'yaw': -3.141}, None, None
160.03, [INFO], robot3, {'battery-level': '39.91'}, None, None
160.03, [INFO], robot3, {'y': 17.24, 'x': -36.852, 'yaw': 3.14}, None, None
170.09, [INFO], robot3, {'battery-level': '39.51'}, None, None
170.09, [INFO], robot3, {'y': 17.27, 'x': -37.007, 'yaw': 3.141}, None, None
180.04, [INFO], robot3, {'battery-level': '39.11'}, None, None
180.04, [INFO], robot3, {'y': 17.301, 'x': -36.865, 'yaw': 3.142}, None, None
190.09, [INFO], robot3, {'battery-level': '38.71'}, None, None
190.09, [INFO], robot3, {'y': 17.269, 'x': -37.076, 'yaw': 3.14}, None, None
200.04, [INFO], robot3, {'y': 17.487, 'x': -37.077, 'yaw': 3.141}, None, None
200.04, [INFO], robot3, {'battery-level': '38.31'}, None, None
210.02, [INFO], robot3, {'battery-level': '37.91'}, None, None
210.02, [INFO], robot3, {'y': 17.239, 'x': -36.815, 'yaw': -3.141}, None, None
220.07, [INFO], robot3, {'battery-level': '37.51'}, None, None
220.07, [INFO], robot3, {'y': 17.374, 'x': -36.963, 'yaw': -3.142}, None, None
230.06, [INFO], robot3, {'battery-level': '37.11'}, None, None
230.06, [INFO], robot3, {'y': 17.271, 'x': -36.854, 'yaw': -3.141}, None, None
237.16, [WARN], robot3, SKILL-FAILURE, navigation, navto_lab
240.00, [INFO], robot3, {'y': 17.237, 'x': -36.936, 'yaw': -3.142}, None, None
240.00, [INFO], robot3, {'battery-level': '36.71'}, None, None
