0.00, [INFO], robot3, {'battery-level': '46.27'}, None, None
0.00, [DEBUG], nurse, NURSE_CONFIG={'location': 'IC Room 6', 'position': [-33.9, 18.93, 3.14]}, None, None
0.14, [DEBUG], logger, ROBOTS_CONFIG={'avg_speed': 0.15, 'battery_charge': 0.462681764358839, 'battery_discharge_rate': 0.0004, 'id': 3, 'local_plan': [['navigation', ['IC Room 6', [[-38.0, 21.5, 0.0], [-37.0, 21.5], [-37.0, 18.93], [-33.9, 18.93, 3.14]]], 'navto_room'], ['approach_person', ['nurse'], 'approach_nurse'], ['authenticate_person', ['nurse'], 'authenticate_nurse'], ['operate_drawer', ['open'], 'open_drawer_for_nurse'], ['send_message', ['nurse'], 'notify_nurse_of_open_drawer_for_nurse_completed'], ['wait_message', ['nurse'], 'wait_nurse_to_complete_deposit'], ['operate_drawer', ['close'], 'close_drawer_nurse'], ['navigation', ['Laboratory', [[-33.9, 18.93, 3.14], [-37.0, 18.93], [-37.0, 16.0], [-26.0, 16.0], [-26.0, 13.0, 1.57]]], 'navto_lab'], ['approach_robot', ['lab_arm'], 'approach_arm'], ['operate_drawer', ['open'], 'open_drawer_lab'], ['send_message', ['lab_arm'], 'notify_lab_arm_of_open_drawer_lab_completed'], ['wait_message', ['lab_arm'], 'wait_lab_arm_to_complete_pick_up_sample'], ['operate_drawer', ['close'], 'close_drawer_lab']], 'location': 'IC Room 2', 'name': 'r3', 'position': [-38.0, 21.5, 0.0], 'skills': ['approach_person', 'approach_robot', 'authenticate_person', 'navigation', 'operate_drawer']}, None, None
0.14, [DEBUG], logger, Simulation open, None, None
10.03, [INFO], robot3, {'battery-level': '45.91'}, None, None
10.03, [INFO], robot3, {'y': 21.459, 'x': -37.266, 'yaw': -3.141}, None, None
20.02, [INFO], robot3, {'y': 19.37, 'x': -37.114, 'yaw': 3.138}, None, None
20.02, [INFO], robot3, {'battery-level': '45.51'}, None, None
30.01, [INFO], robot3, {'y': 17.771, 'x': -35.702, 'yaw': -3.139}, None, None
30.01, [INFO], robot3, {'battery-level': '45.11'}, None, None
40.02, [INFO], robot3, {'y': 18.711, 'x': -34.065, 'yaw': 3.142}, None, None
40.02, [INFO], robot3, {'battery-level': '44.71'}, None, None
50.03, [INFO], robot3, {'battery-level': '44.31'}, None, None
50.03, [INFO], robot3, {'y': 18.949, 'x': -33.965, 'yaw': -3.142}, None, None
52.98, [info], nurse, sync, received-request, (status=sending-request)
52.98, [info], nurse, sync, request-sent, (status=waiting)
53.06, [info], nurse, sync, wait-message, (status=message-received)
60.02, [INFO], robot3, {'battery-level': '43.91'}, None, None
60.02, [INFO], robot3, {'y': 18.017, 'x': -34.641, 'yaw': -3.141}, None, None
70.00, [INFO], robot3, {'battery-level': '43.51'}, None, None
70.00, [INFO], robot3, {'y': 18.046, 'x': -36.26, 'yaw': 3.141}, None, None
80.08, [INFO], robot3, {'battery-level': '43.11'}, None, None
80.08, [INFO], robot3, {'y': 17.342, 'x': -36.985, 'yaw': 3.141}, None, None
90.04, [INFO], robot3, {'battery-level': '42.71'}, None, None
90.04, [INFO], robot3, {'y': 17.337, 'x': -36.838, 'yaw': 3.142}, None, None
100.04, [INFO], robot3, {'battery-level': '42.31'}, None, None
100.04, [INFO], robot3, {'y': 17.408, 'x': -37.052, 'yaw': 3.142}, None, None
110.03, [INFO], robot3, {'battery-level': '41.91'}, None, None
110.03, [INFO], robot3, {'y': 17.375, 'x': -36.88, 'yaw': -3.142}, None, None
120.05, [INFO], robot3, {'y': 17.354, 'x': -36.86, 'yaw': 3.141}, None, None
120.05, [INFO], robot3, {'battery-level': '41.51'}, None, None
130.03, [INFO], robot3, {'y': 17.191, 'x': -36.918, 'yaw': 3.141}, None, None
130.03, [INFO], robot3, {'battery-level': '41.11'}, None, None
140.01, [INFO], robot3, {'y': 17.442, 'x': -37.27, 'yaw': -3.141}, None, None
140.01, [INFO], robot3, {'battery-level': '40.71'}, None, None
150.00, [INFO], robot3, {'y': 17.535, 'x': -36.852, 'yaw': 3.142}, None, None
150.00, [INFO], robot3, {'battery-level': '40.31'}, None, None
160.06, [INFO], robot3, {'battery-level': '39.91'}, None, None
160.06, [INFO], robot3, {'y': 17.236, 'x': -36.87, 'yaw': -3.141}, None, None
170.04, [INFO], robot3, {'y': 17.395, 'x': -36.974, 'yaw': -3.141}, None, None
170.04, [INFO], robot3, {'battery-level': '39.51'}, None, None
180.01, [INFO], robot3, {'battery-level': '39.11'}, None, None
180.01, [INFO], robot3, {'y': 17.228, 'x': -37.018, 'yaw': 3.141}, None, None
190.06, [INFO], robot3, {'y': 17.309, 'x': -36.804, 'yaw': 3.142}, None, None
190.06, [INFO], robot3, {'battery-level': '38.71'}, None, None
200.05, [INFO], robot3, {'battery-level': '38.31'}, None, None
200.05, [INFO], robot3, {'y': 17.603, 'x': -36.928, 'yaw': 3.141}, None, None
210.03, [INFO], robot3, {'battery-level': '37.91'}, None, None
210.03, [INFO], robot3, {'y': 17.257, 'x': -37.105, 'yaw': -3.142}, None, None
220.01, [INFO], robot3, {'battery-level': '37.51'}, None, None
220.01, [INFO], robot3, {'y': 17.4, 'x': -37.064, 'yaw': 3.14}, None, None
230.08, [INFO], robot3, {'y': 17.477, 'x': -37.063, 'yaw': -3.141}, None, None
230.08, [INFO], robot3, {'battery-level': '37.11'}, None, None
239.95, [WARN], robot3, SKILL-FAILURE, navigation, navto_lab
240.03, [INFO], robot3, {'y': 17.342, 'x': -36.845, 'yaw': -3.141}, None, None
240.03, [INFO], robot3, {'battery-level': '36.71'}, None, None
