0.00, [DEBUG], nurse, NURSE_CONFIG={'location': 'IC Room 6', 'position': [-33.9, 18.93, 3.14]}, None, None
0.00, [INFO], robot6, {'battery-level': '54.08'}, None, None
0.00, [DEBUG], logger, ROBOTS_CONFIG={'avg_speed': 0.15, 'battery_charge': 0.5408465660492595, 'battery_discharge_rate': 0.00072, 'id': 6, 'local_plan': [['navigation', ['IC Room 6', [[-32.88, 33.98, 3.14], [-37.0, 33.98], [-37.0, 18.93], [-33.9, 18.93, 3.14]]], 'navto_room'], ['approach_person', ['nurse'], 'approach_nurse'], ['authenticate_person', ['nurse'], 'authenticate_nurse'], ['operate_drawer', ['open'], 'open_drawer_for_nurse'], ['send_message', ['nurse'], 'notify_nurse_of_open_drawer_for_nurse_completed'], ['wait_message', ['nurse'], 'wait_nurse_to_complete_deposit'], ['operate_drawer', ['close'], 'close_drawer_nurse'], ['navigation', ['Laboratory', [[-33.9, 18.93, 3.14], [-37.0, 18.93], [-37.0, 16.0], [-26.0, 16.0], [-26.0, 13.0, 1.57]]], 'navto_lab'], ['approach_robot', ['lab_arm'], 'approach_arm'], ['operate_drawer', ['open'], 'open_drawer_lab'], ['send_message', ['lab_arm'], 'notify_lab_arm_of_open_drawer_lab_completed'], ['wait_message', ['lab_arm'], 'wait_lab_arm_to_complete_pick_up_sample'], ['operate_drawer', ['close'], 'close_drawer_lab']], 'location': 'IC Room 5', 'name': 'r6', 'position': [-32.88, 33.98, 3.14], 'skills': ['approach_person', 'approach_robot', 'authenticate_person', 'navigation', 'operate_drawer']}, None, None
0.00, [DEBUG], logger, Simulation open, None, None
10.07, [INFO], robot6, {'battery-level': '53.44'}, None, None
10.07, [INFO], robot6, {'y': 34.215, 'x': -33.471, 'yaw': 3.141}, None, None
20.05, [INFO], robot6, {'y': 34.754, 'x': -35.499, 'yaw': 3.138}, None, None
20.05, [INFO], robot6, {'battery-level': '52.72'}, None, None
30.06, [INFO], robot6, {'y': 33.497, 'x': -36.983, 'yaw': 3.141}, None, None
30.06, [INFO], robot6, {'battery-level': '52.00'}, None, None
40.03, [INFO], robot6, {'battery-level': '51.28'}, None, None
40.03, [INFO], robot6, {'y': 31.401, 'x': -36.994, 'yaw': -3.141}, None, None
50.09, [INFO], robot6, {'battery-level': '50.56'}, None, None
50.09, [INFO], robot6, {'y': 29.273, 'x': -37.035, 'yaw': -3.142}, None, None
60.08, [INFO], robot6, {'y': 27.173, 'x': -36.987, 'yaw': -3.142}, None, None
60.08, [INFO], robot6, {'battery-level': '49.84'}, None, None
70.02, [INFO], robot6, {'battery-level': '49.12'}, None, None
70.02, [INFO], robot6, {'y': 25.078, 'x': -36.989, 'yaw': -3.142}, None, None
80.00, [INFO], robot6, {'battery-level': '48.40'}, None, None
80.00, [INFO], robot6, {'y': 22.966, 'x': -37.009, 'yaw': 3.141}, None, None
90.07, [INFO], robot6, {'battery-level': '47.68'}, None, None
90.07, [INFO], robot6, {'y': 20.851, 'x': -37.102, 'yaw': 3.141}, None, None
100.02, [INFO], robot6, {'battery-level': '46.96'}, None, None
100.02, [INFO], robot6, {'y': 18.814, 'x': -36.823, 'yaw': 3.141}, None, None
110.07, [INFO], robot6, {'battery-level': '46.24'}, None, None
110.07, [INFO], robot6, {'y': 17.737, 'x': -35.072, 'yaw': 3.14}, None, None
120.02, [INFO], robot6, {'battery-level': '45.52'}, None, None
120.02, [INFO], robot6, {'y': 18.96, 'x': -33.96, 'yaw': -3.142}, None, None
126.00, [info], nurse, sync, received-request, (status=sending-request)
126.00, [info], nurse, sync, request-sent, (status=waiting)
126.10, [info], nurse, sync, wait-message, (status=message-received)
130.06, [INFO], robot6, {'y': 18.649, 'x': -34.329, 'yaw': 3.141}, None, None
130.06, [INFO], robot6, {'battery-level': '44.80'}, None, None
140.04, [INFO], robot6, {'battery-level': '44.08'}, None, None
140.04, [INFO], robot6, {'y': 17.862, 'x': -35.931, 'yaw': 3.138}, None, None
150.04, [INFO], robot6, {'battery-level': '43.36'}, None, None
150.04, [INFO], robot6, {'y': 17.996, 'x': -36.146, 'yaw': 3.141}, None, None
160.10, [INFO], robot6, {'y': 17.422, 'x': -37.014, 'yaw': 3.14}, None, None
160.10, [INFO], robot6, {'battery-level': '42.64'}, None, None
170.07, [INFO], robot6, {'y': 17.222, 'x': -36.973, 'yaw': 3.141}, None, None
170.07, [INFO], robot6, {'battery-level': '41.92'}, None, None
180.03, [INFO], robot6, {'y': 17.392, 'x': -36.898, 'yaw': 3.142}, None, None
180.03, [INFO], robot6, {'battery-level': '41.20'}, None, None
190.02, [INFO], robot6, {'battery-level': '40.48'}, None, None
190.02, [INFO], robot6, {'y': 17.546, 'x': -36.914, 'yaw': 3.142}, None, None
200.05, [INFO], robot6, {'battery-level': '39.76'}, None, None
200.05, [INFO], robot6, {'y': 17.263, 'x': -36.983, 'yaw': -3.141}, None, None
210.04, [INFO], robot6, {'y': 17.288, 'x': -36.836, 'yaw': -3.142}, None, None
210.04, [INFO], robot6, {'battery-level': '39.04'}, None, None
220.01, [INFO], robot6, {'battery-level': '38.32'}, None, None
220.01, [INFO], robot6, {'y': 17.363, 'x': -36.987, 'yaw': -3.141}, None, None
230.06, [INFO], robot6, {'y': 17.487, 'x': -37.099, 'yaw': -3.142}, None, None
230.06, [INFO], robot6, {'battery-level': '37.60'}, None, None
240.02, [INFO], robot6, {'battery-level': '36.88'}, None, None
240.02, [INFO], robot6, {'y': 17.388, 'x': -37.126, 'yaw': -3.142}, None, None
250.08, [INFO], robot6, {'y': 17.218, 'x': -36.854, 'yaw': 3.141}, None, None
250.08, [INFO], robot6, {'battery-level': '36.16'}, None, None
260.04, [INFO], robot6, {'y': 17.418, 'x': -37.093, 'yaw': -3.141}, None, None
260.04, [INFO], robot6, {'battery-level': '35.44'}, None, None
270.01, [INFO], robot6, {'battery-level': '34.72'}, None, None
270.01, [INFO], robot6, {'y': 17.419, 'x': -36.884, 'yaw': -3.141}, None, None
280.06, [INFO], robot6, {'y': 17.367, 'x': -37.034, 'yaw': -3.141}, None, None
280.06, [INFO], robot6, {'battery-level': '34.00'}, None, None
290.06, [INFO], robot6, {'y': 17.427, 'x': -36.77, 'yaw': 3.141}, None, None
290.06, [INFO], robot6, {'battery-level': '33.28'}, None, None
300.01, [INFO], robot6, {'y': 17.248, 'x': -37.11, 'yaw': -3.141}, None, None
300.01, [INFO], robot6, {'battery-level': '32.56'}, None, None
310.08, [INFO], robot6, {'y': 17.197, 'x': -36.795, 'yaw': 3.142}, None, None
310.08, [INFO], robot6, {'battery-level': '31.84'}, None, None
320.05, [INFO], robot6, {'battery-level': '31.12'}, None, None
320.05, [INFO], robot6, {'y': 17.225, 'x': -37.009, 'yaw': 3.141}, None, None
330.03, [INFO], robot6, {'y': 17.508, 'x': -37.065, 'yaw': -3.141}, None, None
330.03, [INFO], robot6, {'battery-level': '30.40'}, None, None
332.92, [WARN], robot6, SKILL-FAILURE, navigation, navto_lab
340.03, [INFO], robot6, {'y': 17.228, 'x': -36.826, 'yaw': -3.142}, None, None
340.03, [INFO], robot6, {'battery-level': '29.68'}, None, None
350.04, [INFO], robot6, {'battery-level': '28.96'}, None, None
350.04, [INFO], robot6, {'y': 17.228, 'x': -36.826, 'yaw': -3.142}, None, None
