0.00, [DEBUG], nurse, NURSE_CONFIG={'location': 'IC Room 6', 'position': [-33.9, 18.93, 3.14]}, None, None
0.00, [INFO], robot5, {'battery-level': '71.80'}, None, None
0.13, [DEBUG], logger, ROBOTS_CONFIG={'avg_speed': 0.15, 'battery_charge': 0.7179616530181877, 'battery_discharge_rate': 0.0002, 'id': 5, 'local_plan': [['navigation', ['IC Room 6', [[-13.5, 18.0, -1.57], [-13.5, 16.0], [-37.0, 16.0], [-37.0, 18.93], [-33.9, 18.93, 3.14]]], 'navto_room'], ['approach_person', ['nurse'], 'approach_nurse'], ['authenticate_person', ['nurse'], 'authenticate_nurse'], ['operate_drawer', ['open'], 'open_drawer_for_nurse'], ['send_message', ['nurse'], 'notify_nurse_of_open_drawer_for_nurse_completed'], ['wait_message', ['nurse'], 'wait_nurse_to_complete_deposit'], ['operate_drawer', ['close'], 'close_drawer_nurse'], ['navigation', ['Laboratory', [[-33.9, 18.93, 3.14], [-37.0, 18.93], [-37.0, 16.0], [-26.0, 16.0], [-26.0, 13.0, 1.57]]], 'navto_lab'], ['approach_robot', ['lab_arm'], 'approach_arm'], ['operate_drawer', ['open'], 'open_drawer_lab'], ['send_message', ['lab_arm'], 'notify_lab_arm_of_open_drawer_lab_completed'], ['wait_message', ['lab_arm'], 'wait_lab_arm_to_complete_pick_up_sample'], ['operate_drawer', ['close'], 'close_drawer_lab']], 'location': 'PC Room 7', 'name': 'r5', 'position': [-13.5, 18.0, -1.57], 'skills': ['approach_person', 'approach_robot', 'authenticate_person', 'navigation', 'operate_drawer']}, None, None
0.13, [DEBUG], logger, Simulation open, None, None
10.06, [INFO], robot5, {'battery-level': '71.62'}, None, None
10.06, [INFO], robot5, {'y': 17.711, 'x': -13.503, 'yaw': 3.142}, None, None
20.07, [INFO], robot5, {'y': 15.973, 'x': -14.147, 'yaw': -3.141}, None, None
20.07, [INFO], robot5, {'battery-level': '71.42'}, None, None
30.08, [INFO], robot5, {'battery-level': '71.22'}, None, None
30.08, [INFO], robot5, {'y': 15.912, 'x': -16.267, 'yaw': 3.141}, None, None
40.02, [INFO], robot5, {'battery-level': '71.02'}, None, None
40.02, [INFO], robot5, {'y': 15.926, 'x': -18.357, 'yaw': -3.138}, None, None
50.02, [INFO], robot5, {'y': 16.087, 'x': -20.469, 'yaw': 3.138}, None, None
50.02, [INFO], robot5, {'battery-level': '70.82'}, None, None
60.02, [INFO], robot5, {'y': 16.071, 'x': -22.578, 'yaw': 3.141}, None, None
60.02, [INFO], robot5, {'battery-level': '70.62'}, None, None
70.10, [INFO], robot5, {'y': 16.037, 'x': -24.706, 'yaw': 3.14}, None, None
70.10, [INFO], robot5, {'battery-level': '70.42'}, None, None
80.04, [INFO], robot5, {'battery-level': '70.22'}, None, None
80.04, [INFO], robot5, {'y': 16.0, 'x': -26.793, 'yaw': -3.142}, None, None
90.04, [INFO], robot5, {'battery-level': '70.02'}, None, None
90.04, [INFO], robot5, {'y': 16.116, 'x': -28.899, 'yaw': -3.138}, None, None
100.07, [INFO], robot5, {'battery-level': '69.82'}, None, None
100.07, [INFO], robot5, {'y': 16.039, 'x': -31.01, 'yaw': 3.141}, None, None
110.03, [INFO], robot5, {'y': 15.763, 'x': -33.117, 'yaw': -3.141}, None, None
110.03, [INFO], robot5, {'battery-level': '69.62'}, None, None
120.05, [INFO], robot5, {'y': 15.404, 'x': -35.212, 'yaw': -3.141}, None, None
120.05, [INFO], robot5, {'battery-level': '69.42'}, None, None
130.03, [INFO], robot5, {'battery-level': '69.22'}, None, None
130.03, [INFO], robot5, {'y': 16.313, 'x': -36.867, 'yaw': -3.141}, None, None
140.04, [INFO], robot5, {'y': 17.561, 'x': -36.85, 'yaw': 3.142}, None, None
140.04, [INFO], robot5, {'battery-level': '69.02'}, None, None
150.00, [INFO], robot5, {'battery-level': '68.82'}, None, None
150.00, [INFO], robot5, {'y': 17.674, 'x': -36.835, 'yaw': 3.142}, None, None
160.05, [INFO], robot5, {'battery-level': '68.62'}, None, None
160.05, [INFO], robot5, {'y': 17.767, 'x': -36.82, 'yaw': -3.141}, None, None
170.01, [INFO], robot5, {'y': 18.075, 'x': -35.968, 'yaw': 3.136}, None, None
170.01, [INFO], robot5, {'battery-level': '68.42'}, None, None
180.09, [INFO], robot5, {'y': 18.075, 'x': -35.968, 'yaw': 3.142}, None, None
180.09, [INFO], robot5, {'battery-level': '68.22'}, None, None
190.03, [INFO], robot5, {'battery-level': '68.02'}, None, None
190.03, [INFO], robot5, {'y': 18.075, 'x': -35.968, 'yaw': -3.142}, None, None
200.08, [INFO], robot5, {'battery-level': '67.82'}, None, None
200.08, [INFO], robot5, {'y': 18.075, 'x': -35.968, 'yaw': -3.142}, None, None
210.05, [INFO], robot5, {'y': 18.075, 'x': -35.967, 'yaw': -3.142}, None, None
210.05, [INFO], robot5, {'battery-level': '67.62'}, None, None
220.01, [INFO], robot5, {'y': 18.026, 'x': -35.692, 'yaw': 3.141}, None, None
220.01, [INFO], robot5, {'battery-level': '67.42'}, None, None
230.09, [INFO], robot5, {'y': 18.189, 'x': -35.823, 'yaw': 3.141}, None, None
230.09, [INFO], robot5, {'battery-level': '67.22'}, None, None
240.03, [INFO], robot5, {'battery-level': '67.02'}, None, None
240.03, [INFO], robot5, {'y': 18.189, 'x': -35.824, 'yaw': -3.142}, None, None
250.02, [INFO], robot5, {'battery-level': '66.82'}, None, None
250.02, [INFO], robot5, {'y': 18.157, 'x': -35.785, 'yaw': -3.142}, None, None
258.39, [WARN], robot5, SKILL-FAILURE, navigation, navto_room
260.09, [INFO], robot5, {'battery-level': '66.62'}, None, None
260.09, [INFO], robot5, {'y': 18.166, 'x': -35.652, 'yaw': -3.136}, None, None
