0.00, [DEBUG], nurse, NURSE_CONFIG={'location': 'IC Room 6', 'position': [-33.9, 18.93, 3.14]}, None, None
0.00, [INFO], robot6, {'battery-level': '50.80'}, None, None
0.12, [DEBUG], logger, ROBOTS_CONFIG={'avg_speed': 0.15, 'battery_charge': 0.5080169438370433, 'battery_discharge_rate': 0.0005200000000000001, 'id': 6, 'local_plan': [['navigation', ['IC Room 6', [[-32.88, 33.98, 3.14], [-37.0, 33.98], [-37.0, 18.93], [-33.9, 18.93, 3.14]]], 'navto_room'], ['approach_person', ['nurse'], 'approach_nurse'], ['authenticate_person', ['nurse'], 'authenticate_nurse'], ['operate_drawer', ['open'], 'open_drawer_for_nurse'], ['send_message', ['nurse'], 'notify_nurse_of_open_drawer_for_nurse_completed'], ['wait_message', ['nurse'], 'wait_nurse_to_complete_deposit'], ['operate_drawer', ['close'], 'close_drawer_nurse'], ['navigation', ['Laboratory', [[-33.9, 18.93, 3.14], [-37.0, 18.93], [-37.0, 16.0], [-26.0, 16.0], [-26.0, 13.0, 1.57]]], 'navto_lab'], ['approach_robot', ['lab_arm'], 'approach_arm'], ['operate_drawer', ['open'], 'open_drawer_lab'], ['send_message', ['lab_arm'], 'notify_lab_arm_of_open_drawer_lab_completed'], ['wait_message', ['lab_arm'], 'wait_lab_arm_to_complete_pick_up_sample'], ['operate_drawer', ['close'], 'close_drawer_lab']], 'location': 'IC Room 5', 'name': 'r6', 'position': [-32.88, 33.98, 3.14], 'skills': ['approach_person', 'approach_robot', 'authenticate_person', 'navigation', 'operate_drawer']}, None, None
0.12, [DEBUG], logger, Simulation open, None, None
10.06, [INFO], robot6, {'y': 34.314, 'x': -33.67, 'yaw': 3.141}, None, None
10.06, [INFO], robot6, {'battery-level': '50.33'}, None, None
20.04, [INFO], robot6, {'battery-level': '49.81'}, None, None
20.04, [INFO], robot6, {'y': 34.666, 'x': -35.74, 'yaw': -3.139}, None, None
30.03, [INFO], robot6, {'battery-level': '49.29'}, None, None
30.03, [INFO], robot6, {'y': 33.163, 'x': -36.845, 'yaw': -3.141}, None, None
40.02, [INFO], robot6, {'y': 31.062, 'x': -36.844, 'yaw': -3.142}, None, None
40.02, [INFO], robot6, {'battery-level': '48.77'}, None, None
50.01, [INFO], robot6, {'battery-level': '48.25'}, None, None
50.01, [INFO], robot6, {'y': 28.957, 'x': -36.837, 'yaw': -3.141}, None, None
60.09, [INFO], robot6, {'battery-level': '47.73'}, None, None
60.09, [INFO], robot6, {'y': 26.833, 'x': -36.84, 'yaw': 3.141}, None, None
70.07, [INFO], robot6, {'y': 24.735, 'x': -36.883, 'yaw': -3.142}, None, None
70.07, [INFO], robot6, {'battery-level': '47.21'}, None, None
80.07, [INFO], robot6, {'y': 22.612, 'x': -36.938, 'yaw': 3.142}, None, None
80.07, [INFO], robot6, {'battery-level': '46.69'}, None, None
90.04, [INFO], robot6, {'y': 20.508, 'x': -36.994, 'yaw': 3.142}, None, None
90.04, [INFO], robot6, {'battery-level': '46.17'}, None, None
100.03, [INFO], robot6, {'battery-level': '45.65'}, None, None
100.03, [INFO], robot6, {'y': 18.463, 'x': -36.631, 'yaw': 3.142}, None, None
110.00, [INFO], robot6, {'battery-level': '45.13'}, None, None
110.00, [INFO], robot6, {'y': 17.739, 'x': -34.794, 'yaw': 3.14}, None, None
120.06, [INFO], robot6, {'battery-level': '44.61'}, None, None
120.06, [INFO], robot6, {'y': 18.936, 'x': -33.931, 'yaw': -3.142}, None, None
130.03, [INFO], robot6, {'battery-level': '44.09'}, None, None
130.03, [INFO], robot6, {'y': 18.959, 'x': -33.92, 'yaw': 3.142}, None, None
130.67, [info], nurse, sync, received-request, (status=sending-request)
130.67, [info], nurse, sync, request-sent, (status=waiting)
130.67, [info], nurse, sync, wait-message, (status=message-received)
140.08, [INFO], robot6, {'y': 17.779, 'x': -35.029, 'yaw': 3.142}, None, None
140.08, [INFO], robot6, {'battery-level': '43.57'}, None, None
150.06, [INFO], robot6, {'battery-level': '43.05'}, None, None
150.06, [INFO], robot6, {'y': 17.988, 'x': -36.152, 'yaw': -3.137}, None, None
160.00, [INFO], robot6, {'battery-level': '42.53'}, None, None
160.00, [INFO], robot6, {'y': 18.152, 'x': -36.489, 'yaw': 3.14}, None, None
170.06, [INFO], robot6, {'battery-level': '42.01'}, None, None
170.06, [INFO], robot6, {'y': 17.495, 'x': -36.879, 'yaw': 3.141}, None, None
180.04, [INFO], robot6, {'battery-level': '41.49'}, None, None
180.04, [INFO], robot6, {'y': 17.538, 'x': -36.996, 'yaw': 3.141}, None, None
190.09, [INFO], robot6, {'battery-level': '40.97'}, None, None
190.09, [INFO], robot6, {'y': 17.23, 'x': -37.058, 'yaw': 3.141}, None, None
200.07, [INFO], robot6, {'battery-level': '40.45'}, None, None
200.07, [INFO], robot6, {'y': 17.313, 'x': -37.128, 'yaw': -3.142}, None, None
210.01, [INFO], robot6, {'battery-level': '39.93'}, None, None
210.01, [INFO], robot6, {'y': 17.337, 'x': -37.081, 'yaw': -3.142}, None, None
220.07, [INFO], robot6, {'y': 17.436, 'x': -36.91, 'yaw': 3.14}, None, None
220.07, [INFO], robot6, {'battery-level': '39.41'}, None, None
230.04, [INFO], robot6, {'y': 17.408, 'x': -36.877, 'yaw': -3.141}, None, None
230.04, [INFO], robot6, {'battery-level': '38.89'}, None, None
240.04, [INFO], robot6, {'y': 17.373, 'x': -37.049, 'yaw': -3.141}, None, None
240.04, [INFO], robot6, {'battery-level': '38.37'}, None, None
250.02, [INFO], robot6, {'y': 17.437, 'x': -36.963, 'yaw': -3.141}, None, None
250.02, [INFO], robot6, {'battery-level': '37.85'}, None, None
260.06, [INFO], robot6, {'battery-level': '37.33'}, None, None
260.06, [INFO], robot6, {'y': 17.161, 'x': -36.911, 'yaw': -3.141}, None, None
270.03, [INFO], robot6, {'battery-level': '36.81'}, None, None
270.03, [INFO], robot6, {'y': 17.412, 'x': -36.94, 'yaw': 3.141}, None, None
280.02, [INFO], robot6, {'y': 17.255, 'x': -36.808, 'yaw': -3.141}, None, None
280.02, [INFO], robot6, {'battery-level': '36.29'}, None, None
290.08, [INFO], robot6, {'battery-level': '35.77'}, None, None
290.08, [INFO], robot6, {'y': 17.297, 'x': -36.942, 'yaw': -3.142}, None, None
300.05, [INFO], robot6, {'battery-level': '35.25'}, None, None
300.05, [INFO], robot6, {'y': 17.197, 'x': -36.823, 'yaw': 3.141}, None, None
310.08, [INFO], robot6, {'battery-level': '34.73'}, None, None
310.08, [INFO], robot6, {'y': 17.393, 'x': -37.04, 'yaw': 3.141}, None, None
316.74, [WARN], robot6, SKILL-FAILURE, navigation, navto_lab
320.03, [INFO], robot6, {'y': 17.362, 'x': -37.012, 'yaw': -3.142}, None, None
320.03, [INFO], robot6, {'battery-level': '34.21'}, None, None
