0.00, [INFO], robot3, {'battery-level': '46.27'}, None, None
0.00, [DEBUG], nurse, NURSE_CONFIG={'location': 'IC Room 6', 'position': [-33.9, 18.93, 3.14]}, None, None
0.13, [DEBUG], logger, ROBOTS_CONFIG={'avg_speed': 0.15, 'battery_charge': 0.462681764358839, 'battery_discharge_rate': 0.0004, 'id': 3, 'local_plan': [['navigation', ['IC Room 6', [[-38.0, 21.5, 0.0], [-37.0, 21.5], [-37.0, 18.93], [-33.9, 18.93, 3.14]]], 'navto_room'], ['approach_person', ['nurse'], 'approach_nurse'], ['authenticate_person', ['nurse'], 'authenticate_nurse'], ['operate_drawer', ['open'], 'open_drawer_for_nurse'], ['send_message', ['nurse'], 'notify_nurse_of_open_drawer_for_nurse_completed'], ['wait_message', ['nurse'], 'wait_nurse_to_complete_deposit'], ['operate_drawer', ['close'], 'close_drawer_nurse'], ['navigation', ['Laboratory', [[-33.9, 18.93, 3.14], [-37.0, 18.93], [-37.0, 16.0], [-26.0, 16.0], [-26.0, 13.0, 1.57]]], 'navto_lab'], ['approach_robot', ['lab_arm'], 'approach_arm'], ['operate_drawer', ['open'], 'open_drawer_lab'], ['send_message', ['lab_arm'], 'notify_lab_arm_of_open_drawer_lab_completed'], ['wait_message', ['lab_arm'], 'wait_lab_arm_to_complete_pick_up_sample'], ['operate_drawer', ['close'], 'close_drawer_lab']], 'location': 'IC Room 2', 'name': 'r3', 'position': [-38.0, 21.5, 0.0], 'skills': ['approach_person', 'approach_robot', 'authenticate_person', 'navigation', 'operate_drawer']}, None, None
0.13, [DEBUG], logger, Simulation open, None, None
10.02, [INFO], robot3, {'y': 21.434, 'x': -37.238, 'yaw': -3.141}, None, None
10.02, [INFO], robot3, {'battery-level': '45.91'}, None, None
20.04, [INFO], robot3, {'battery-level': '45.51'}, None, None
20.04, [INFO], robot3, {'y': 19.325, 'x': -37.089, 'yaw': 3.138}, None, None
30.04, [INFO], robot3, {'battery-level': '45.11'}, None, None
30.04, [INFO], robot3, {'y': 17.828, 'x': -35.604, 'yaw': -3.142}, None, None
40.05, [INFO], robot3, {'battery-level': '44.71'}, None, None
40.05, [INFO], robot3, {'y': 18.811, 'x': -34.039, 'yaw': 3.142}, None, None
50.04, [INFO], robot3, {'battery-level': '44.31'}, None, None
50.04, [INFO], robot3, {'y': 18.954, 'x': -33.935, 'yaw': 3.142}, None, None
50.04, [info], nurse, sync, received-request, (status=sending-request)
50.04, [info], nurse, sync, request-sent, (status=waiting)
50.04, [info], nurse, sync, wait-message, (status=message-received)
60.07, [INFO], robot3, {'battery-level': '43.91'}, None, None
60.07, [INFO], robot3, {'y': 17.727, 'x': -35.173, 'yaw': -3.142}, None, None
70.09, [INFO], robot3, {'y': 18.138, 'x': -36.55, 'yaw': 3.141}, None, None
70.09, [INFO], robot3, {'battery-level': '43.51'}, None, None
80.04, [INFO], robot3, {'battery-level': '43.11'}, None, None
80.04, [INFO], robot3, {'y': 17.353, 'x': -36.765, 'yaw': 3.142}, None, None
90.08, [INFO], robot3, {'battery-level': '42.71'}, None, None
90.08, [INFO], robot3, {'y': 17.368, 'x': -36.896, 'yaw': 3.141}, None, None
100.09, [INFO], robot3, {'y': 17.455, 'x': -36.972, 'yaw': 3.141}, None, None
100.09, [INFO], robot3, {'battery-level': '42.31'}, None, None
110.03, [INFO], robot3, {'y': 17.31, 'x': -36.878, 'yaw': -3.141}, None, None
110.03, [INFO], robot3, {'battery-level': '41.91'}, None, None
120.03, [INFO], robot3, {'y': 17.36, 'x': -36.962, 'yaw': -3.142}, None, None
120.03, [INFO], robot3, {'battery-level': '41.51'}, None, None
130.04, [INFO], robot3, {'y': 17.562, 'x': -37.066, 'yaw': -3.141}, None, None
130.04, [INFO], robot3, {'battery-level': '41.11'}, None, None
140.03, [INFO], robot3, {'y': 17.336, 'x': -36.841, 'yaw': -3.141}, None, None
140.03, [INFO], robot3, {'battery-level': '40.71'}, None, None
150.08, [INFO], robot3, {'battery-level': '40.31'}, None, None
150.08, [INFO], robot3, {'y': 17.327, 'x': -36.815, 'yaw': 3.142}, None, None
160.07, [INFO], robot3, {'y': 17.449, 'x': -36.916, 'yaw': -3.142}, None, None
160.07, [INFO], robot3, {'battery-level': '39.91'}, None, None
170.07, [INFO], robot3, {'battery-level': '39.51'}, None, None
170.07, [INFO], robot3, {'y': 17.469, 'x': -36.914, 'yaw': -3.142}, None, None
180.09, [INFO], robot3, {'y': 17.481, 'x': -36.913, 'yaw': 3.142}, None, None
180.09, [INFO], robot3, {'battery-level': '39.11'}, None, None
190.02, [INFO], robot3, {'battery-level': '38.71'}, None, None
190.02, [INFO], robot3, {'y': 17.481, 'x': -36.913, 'yaw': 3.142}, None, None
200.04, [INFO], robot3, {'battery-level': '38.31'}, None, None
200.04, [INFO], robot3, {'y': 17.397, 'x': -36.901, 'yaw': 3.141}, None, None
210.03, [INFO], robot3, {'battery-level': '37.91'}, None, None
210.03, [INFO], robot3, {'y': 17.248, 'x': -37.072, 'yaw': -3.142}, None, None
220.06, [INFO], robot3, {'y': 17.255, 'x': -36.8, 'yaw': -3.141}, None, None
220.06, [INFO], robot3, {'battery-level': '37.51'}, None, None
230.04, [INFO], robot3, {'battery-level': '37.11'}, None, None
230.04, [INFO], robot3, {'y': 17.297, 'x': -37.066, 'yaw': 3.141}, None, None
237.85, [WARN], robot3, SKILL-FAILURE, navigation, navto_lab
240.05, [INFO], robot3, {'battery-level': '36.71'}, None, None
240.05, [INFO], robot3, {'y': 17.199, 'x': -37.148, 'yaw': -3.142}, None, None
