0.00, [DEBUG], nurse, NURSE_CONFIG={'location': 'IC Room 6', 'position': [-33.9, 18.93, 3.14]}, None, None
0.00, [INFO], robot4, {'battery-level': '48.63'}, None, None
0.12, [DEBUG], logger, ROBOTS_CONFIG={'avg_speed': 0.15, 'battery_charge': 0.4863040833267539, 'battery_discharge_rate': 0.0006000000000000001, 'id': 4, 'local_plan': [['navigation', ['IC Room 6', [[-39.44, 33.95, 0.0], [-37.0, 33.95], [-37.0, 18.93], [-33.9, 18.93, 3.14]]], 'navto_room'], ['approach_person', ['nurse'], 'approach_nurse'], ['authenticate_person', ['nurse'], 'authenticate_nurse'], ['operate_drawer', ['open'], 'open_drawer_for_nurse'], ['send_message', ['nurse'], 'notify_nurse_of_open_drawer_for_nurse_completed'], ['wait_message', ['nurse'], 'wait_nurse_to_complete_deposit'], ['operate_drawer', ['close'], 'close_drawer_nurse'], ['navigation', ['Laboratory', [[-33.9, 18.93, 3.14], [-37.0, 18.93], [-37.0, 16.0], [-26.0, 16.0], [-26.0, 13.0, 1.57]]], 'navto_lab'], ['approach_robot', ['lab_arm'], 'approach_arm'], ['operate_drawer', ['open'], 'open_drawer_lab'], ['send_message', ['lab_arm'], 'notify_lab_arm_of_open_drawer_lab_completed'], ['wait_message', ['lab_arm'], 'wait_lab_arm_to_complete_pick_up_sample'], ['operate_drawer', ['close'], 'close_drawer_lab']], 'location': 'IC Room 4', 'name': 'r4', 'position': [-39.44, 33.95, 0.0], 'skills': ['approach_person', 'approach_robot', 'authenticate_person', 'navigation', 'operate_drawer']}, None, None
0.12, [DEBUG], logger, Simulation open, None, None
10.09, [INFO], robot4, {'y': 34.077, 'x': -39.018, 'yaw': 3.141}, None, None
10.09, [INFO], robot4, {'battery-level': '48.09'}, None, None
20.00, [INFO], robot4, {'battery-level': '47.49'}, None, None
20.00, [INFO], robot4, {'y': 34.244, 'x': -37.169, 'yaw': -3.142}, None, None
30.07, [INFO], robot4, {'battery-level': '46.89'}, None, None
30.07, [INFO], robot4, {'y': 32.128, 'x': -37.039, 'yaw': 3.141}, None, None
40.07, [INFO], robot4, {'battery-level': '46.29'}, None, None
40.07, [INFO], robot4, {'y': 30.014, 'x': -37.024, 'yaw': 3.14}, None, None
50.08, [INFO], robot4, {'battery-level': '45.69'}, None, None
50.08, [INFO], robot4, {'y': 27.905, 'x': -37.008, 'yaw': 3.141}, None, None
60.04, [INFO], robot4, {'battery-level': '45.09'}, None, None
60.04, [INFO], robot4, {'y': 25.793, 'x': -37.001, 'yaw': 3.142}, None, None
70.07, [INFO], robot4, {'y': 23.672, 'x': -37.023, 'yaw': 3.141}, None, None
70.07, [INFO], robot4, {'battery-level': '44.49'}, None, None
80.08, [INFO], robot4, {'battery-level': '43.89'}, None, None
80.08, [INFO], robot4, {'y': 21.563, 'x': -37.104, 'yaw': 3.141}, None, None
90.02, [INFO], robot4, {'y': 19.456, 'x': -37.052, 'yaw': -3.142}, None, None
90.02, [INFO], robot4, {'battery-level': '43.29'}, None, None
100.08, [INFO], robot4, {'y': 17.767, 'x': -35.823, 'yaw': 3.141}, None, None
100.08, [INFO], robot4, {'battery-level': '42.69'}, None, None
110.04, [INFO], robot4, {'y': 18.612, 'x': -34.137, 'yaw': 3.142}, None, None
110.04, [INFO], robot4, {'battery-level': '42.09'}, None, None
119.74, [info], nurse, sync, received-request, (status=sending-request)
119.74, [info], nurse, sync, request-sent, (status=waiting)
119.74, [info], nurse, sync, wait-message, (status=message-received)
120.02, [INFO], robot4, {'battery-level': '41.49'}, None, None
120.02, [INFO], robot4, {'y': 18.925, 'x': -33.942, 'yaw': 3.142}, None, None
130.09, [INFO], robot4, {'y': 17.787, 'x': -35.344, 'yaw': 3.141}, None, None
130.09, [INFO], robot4, {'battery-level': '40.89'}, None, None
140.02, [INFO], robot4, {'y': 17.876, 'x': -36.933, 'yaw': 3.141}, None, None
140.02, [INFO], robot4, {'battery-level': '40.29'}, None, None
150.08, [INFO], robot4, {'battery-level': '39.69'}, None, None
150.08, [INFO], robot4, {'y': 17.378, 'x': -37.07, 'yaw': 3.14}, None, None
160.01, [INFO], robot4, {'battery-level': '39.09'}, None, None
160.01, [INFO], robot4, {'y': 17.037, 'x': -37.029, 'yaw': 3.141}, None, None
170.04, [INFO], robot4, {'battery-level': '38.49'}, None, None
170.04, [INFO], robot4, {'y': 17.382, 'x': -36.772, 'yaw': 3.141}, None, None
180.05, [INFO], robot4, {'battery-level': '37.89'}, None, None
180.05, [INFO], robot4, {'y': 17.365, 'x': -37.03, 'yaw': 3.141}, None, None
190.00, [INFO], robot4, {'battery-level': '37.29'}, None, None
190.00, [INFO], robot4, {'y': 17.38, 'x': -36.917, 'yaw': 3.141}, None, None
200.07, [INFO], robot4, {'battery-level': '36.69'}, None, None
200.07, [INFO], robot4, {'y': 17.309, 'x': -36.818, 'yaw': 3.142}, None, None
210.06, [INFO], robot4, {'y': 17.285, 'x': -36.968, 'yaw': -3.142}, None, None
210.06, [INFO], robot4, {'battery-level': '36.09'}, None, None
220.09, [INFO], robot4, {'battery-level': '35.49'}, None, None
220.09, [INFO], robot4, {'y': 17.336, 'x': -37.008, 'yaw': 3.141}, None, None
230.08, [INFO], robot4, {'battery-level': '34.89'}, None, None
230.08, [INFO], robot4, {'y': 17.264, 'x': -36.882, 'yaw': -3.141}, None, None
240.09, [INFO], robot4, {'battery-level': '34.29'}, None, None
240.09, [INFO], robot4, {'y': 17.455, 'x': -37.019, 'yaw': 3.142}, None, None
250.05, [INFO], robot4, {'battery-level': '33.69'}, None, None
250.05, [INFO], robot4, {'y': 17.272, 'x': -36.815, 'yaw': -3.142}, None, None
260.07, [INFO], robot4, {'y': 17.244, 'x': -37.022, 'yaw': -3.142}, None, None
260.07, [INFO], robot4, {'battery-level': '33.09'}, None, None
270.05, [INFO], robot4, {'y': 17.283, 'x': -36.842, 'yaw': -3.141}, None, None
270.05, [INFO], robot4, {'battery-level': '32.49'}, None, None
280.00, [INFO], robot4, {'battery-level': '31.89'}, None, None
280.00, [INFO], robot4, {'y': 17.148, 'x': -36.915, 'yaw': 3.142}, None, None
290.00, [INFO], robot4, {'battery-level': '31.29'}, None, None
290.00, [INFO], robot4, {'y': 17.23, 'x': -36.869, 'yaw': -3.141}, None, None
300.04, [INFO], robot4, {'battery-level': '30.69'}, None, None
300.04, [INFO], robot4, {'y': 17.46, 'x': -37.063, 'yaw': -3.141}, None, None
305.43, [WARN], robot4, SKILL-FAILURE, navigation, navto_lab
