0.00, [DEBUG], nurse, NURSE_CONFIG={'location': 'IC Room 6', 'position': [-33.9, 18.93, 3.14]}, None, None
0.00, [INFO], robot2, {'battery-level': '57.79'}, None, None
0.00, [DEBUG], logger, ROBOTS_CONFIG={'avg_speed': 0.15, 'battery_charge': 0.5779176354739738, 'battery_discharge_rate': 0.00054, 'id': 2, 'local_plan': [['navigation', ['IC Room 6', [[-19.0, 18.0, -1.57], [-19.0, 16.0], [-37.0, 16.0], [-37.0, 18.93], [-33.9, 18.93, 3.14]]], 'navto_room'], ['approach_person', ['nurse'], 'approach_nurse'], ['authenticate_person', ['nurse'], 'authenticate_nurse'], ['operate_drawer', ['open'], 'open_drawer_for_nurse'], ['send_message', ['nurse'], 'notify_nurse_of_open_drawer_for_nurse_completed'], ['wait_message', ['nurse'], 'wait_nurse_to_complete_deposit'], ['operate_drawer', ['close'], 'close_drawer_nurse'], ['navigation', ['Laboratory', [[-33.9, 18.93, 3.14], [-37.0, 18.93], [-37.0, 16.0], [-26.0, 16.0], [-26.0, 13.0, 1.57]]], 'navto_lab'], ['approach_robot', ['lab_arm'], 'approach_arm'], ['operate_drawer', ['open'], 'open_drawer_lab'], ['send_message', ['lab_arm'], 'notify_lab_arm_of_open_drawer_lab_completed'], ['wait_message', ['lab_arm'], 'wait_lab_arm_to_complete_pick_up_sample'], ['operate_drawer', ['close'], 'close_drawer_lab']], 'location': 'PC Room 6', 'name': 'r2', 'position': [-19.0, 18.0, -1.57], 'skills': ['approach_person', 'approach_robot', 'authenticate_person', 'navigation', 'operate_drawer']}, None, None
0.00, [DEBUG], logger, Simulation open, None, None
10.10, [INFO], robot2, {'y': 17.251, 'x': -19.297, 'yaw': 3.137}, None, None
10.10, [INFO], robot2, {'battery-level': '57.31'}, None, None
20.07, [INFO], robot2, {'y': 16.226, 'x': -20.517, 'yaw': -3.141}, None, None
20.07, [INFO], robot2, {'battery-level': '56.77'}, None, None
30.07, [INFO], robot2, {'battery-level': '56.23'}, None, None
30.07, [INFO], robot2, {'y': 16.189, 'x': -22.635, 'yaw': -3.142}, None, None
40.05, [INFO], robot2, {'y': 16.137, 'x': -24.743, 'yaw': 3.141}, None, None
40.05, [INFO], robot2, {'battery-level': '55.69'}, None, None
50.05, [INFO], robot2, {'battery-level': '55.15'}, None, None
50.05, [INFO], robot2, {'y': 16.106, 'x': -26.856, 'yaw': -3.142}, None, None
60.05, [INFO], robot2, {'battery-level': '54.61'}, None, None
60.05, [INFO], robot2, {'y': 16.22, 'x': -28.965, 'yaw': -3.139}, None, None
70.05, [INFO], robot2, {'y': 16.122, 'x': -31.076, 'yaw': 3.141}, None, None
70.05, [INFO], robot2, {'battery-level': '54.07'}, None, None
80.07, [INFO], robot2, {'battery-level': '53.53'}, None, None
80.07, [INFO], robot2, {'y': 15.691, 'x': -33.166, 'yaw': 3.141}, None, None
90.08, [INFO], robot2, {'battery-level': '52.99'}, None, None
90.08, [INFO], robot2, {'y': 15.42, 'x': -35.265, 'yaw': -3.142}, None, None
100.09, [INFO], robot2, {'y': 16.363, 'x': -36.895, 'yaw': 3.142}, None, None
100.09, [INFO], robot2, {'battery-level': '52.45'}, None, None
110.09, [INFO], robot2, {'battery-level': '51.91'}, None, None
110.09, [INFO], robot2, {'y': 17.601, 'x': -36.817, 'yaw': -3.141}, None, None
120.07, [INFO], robot2, {'y': 17.688, 'x': -36.792, 'yaw': -3.142}, None, None
120.07, [INFO], robot2, {'battery-level': '51.37'}, None, None
130.09, [INFO], robot2, {'battery-level': '50.83'}, None, None
130.09, [INFO], robot2, {'y': 17.958, 'x': -35.94, 'yaw': -3.141}, None, None
140.09, [INFO], robot2, {'battery-level': '50.29'}, None, None
140.09, [INFO], robot2, {'y': 18.072, 'x': -35.902, 'yaw': -3.141}, None, None
150.09, [INFO], robot2, {'battery-level': '49.75'}, None, None
150.09, [INFO], robot2, {'y': 18.48, 'x': -35.644, 'yaw': -3.136}, None, None
159.97, [INFO], robot2, {'y': 18.293, 'x': -35.696, 'yaw': 3.14}, None, None
160.06, [INFO], robot2, {'battery-level': '49.21'}, None, None
170.05, [INFO], robot2, {'battery-level': '48.67'}, None, None
170.05, [INFO], robot2, {'y': 18.003, 'x': -35.413, 'yaw': -3.141}, None, None
170.25, [WARN], robot2, SKILL-FAILURE, navigation, navto_room
