0.00, [DEBUG], nurse, NURSE_CONFIG={'location': 'IC Room 2', 'position': [-38.0, 21.5, 0.0]}, None, None
0.00, [INFO], robot4, {'battery-level': '48.63'}, None, None
0.00, [DEBUG], logger, ROBOTS_CONFIG={'avg_speed': 0.15, 'battery_charge': 0.4863040833267539, 'battery_discharge_rate': 0.0006000000000000001, 'id': 4, 'local_plan': [['navigation', ['IC Room 2', [[-32.88, 33.98, 3.14], [-37.0, 33.98], [-37.0, 21.5], [-38.0, 21.5, 0.0]]], 'navto_room'], ['approach_person', ['nurse'], 'approach_nurse'], ['authenticate_person', ['nurse'], 'authenticate_nurse'], ['operate_drawer', ['open'], 'open_drawer_for_nurse'], ['send_message', ['nurse'], 'notify_nurse_of_open_drawer_for_nurse_completed'], ['wait_message', ['nurse'], 'wait_nurse_to_complete_deposit'], ['operate_drawer', ['close'], 'close_drawer_nurse'], ['navigation', ['Laboratory', [[-38.0, 21.5, 0.0], [-37.0, 21.5], [-37.0, 16.0], [-26.0, 16.0], [-26.0, 13.0, 1.57]]], 'navto_lab'], ['approach_robot', ['lab_arm'], 'approach_arm'], ['operate_drawer', ['open'], 'open_drawer_lab'], ['send_message', ['lab_arm'], 'notify_lab_arm_of_open_drawer_lab_completed'], ['wait_message', ['lab_arm'], 'wait_lab_arm_to_complete_pick_up_sample'], ['operate_drawer', ['close'], 'close_drawer_lab']], 'location': 'IC Room 5', 'name': 'r4', 'position': [-32.88, 33.98, 3.14], 'skills': ['approach_person', 'approach_robot', 'authenticate_person', 'navigation', 'operate_drawer']}, None, None
0.00, [DEBUG], logger, Simulation open, None, None
10.08, [INFO], robot4, {'battery-level': '48.09'}, None, None
10.08, [INFO], robot4, {'y': 33.961, 'x': -32.881, 'yaw': -3.141}, None, None
20.02, [INFO], robot4, {'y': 34.521, 'x': -34.762, 'yaw': 3.142}, None, None
20.02, [INFO], robot4, {'battery-level': '47.49'}, None, None
30.03, [INFO], robot4, {'battery-level': '46.89'}, None, None
30.03, [INFO], robot4, {'y': 34.092, 'x': -36.783, 'yaw': 3.141}, None, None
40.03, [INFO], robot4, {'battery-level': '46.29'}, None, None
40.03, [INFO], robot4, {'y': 31.986, 'x': -36.8, 'yaw': -3.141}, None, None
50.04, [INFO], robot4, {'battery-level': '45.69'}, None, None
50.04, [INFO], robot4, {'y': 29.885, 'x': -36.805, 'yaw': -3.141}, None, None
60.05, [INFO], robot4, {'y': 27.765, 'x': -36.887, 'yaw': -3.142}, None, None
60.05, [INFO], robot4, {'battery-level': '45.09'}, None, None
70.04, [INFO], robot4, {'y': 25.658, 'x': -36.93, 'yaw': -3.142}, None, None
70.04, [INFO], robot4, {'battery-level': '44.49'}, None, None
80.04, [INFO], robot4, {'battery-level': '43.89'}, None, None
80.04, [INFO], robot4, {'y': 23.544, 'x': -36.937, 'yaw': 3.14}, None, None
90.05, [INFO], robot4, {'y': 21.453, 'x': -37.16, 'yaw': -3.142}, None, None
90.05, [INFO], robot4, {'battery-level': '43.29'}, None, None
100.08, [INFO], robot4, {'y': 21.321, 'x': -38.038, 'yaw': 3.141}, None, None
100.08, [INFO], robot4, {'battery-level': '42.69'}, None, None
102.17, [info], nurse, sync, received-request, (status=sending-request)
102.17, [info], nurse, sync, request-sent, (status=waiting)
102.17, [info], nurse, sync, wait-message, (status=message-received)
110.01, [INFO], robot4, {'y': 20.59, 'x': -37.193, 'yaw': -3.142}, None, None
110.01, [INFO], robot4, {'battery-level': '42.09'}, None, None
120.03, [INFO], robot4, {'battery-level': '41.49'}, None, None
120.03, [INFO], robot4, {'y': 18.486, 'x': -37.16, 'yaw': 3.141}, None, None
130.05, [INFO], robot4, {'battery-level': '40.89'}, None, None
130.05, [INFO], robot4, {'y': 16.369, 'x': -37.005, 'yaw': 3.141}, None, None
139.98, [INFO], robot4, {'y': 15.558, 'x': -35.026, 'yaw': -3.142}, None, None
140.07, [INFO], robot4, {'battery-level': '40.29'}, None, None
150.01, [INFO], robot4, {'y': 15.47, 'x': -32.922, 'yaw': 3.142}, None, None
150.01, [INFO], robot4, {'battery-level': '39.69'}, None, None
160.03, [INFO], robot4, {'battery-level': '39.09'}, None, None
160.03, [INFO], robot4, {'y': 15.562, 'x': -30.81, 'yaw': -3.141}, None, None
170.05, [INFO], robot4, {'y': 15.732, 'x': -28.698, 'yaw': 3.141}, None, None
170.05, [INFO], robot4, {'battery-level': '38.49'}, None, None
180.06, [INFO], robot4, {'y': 15.814, 'x': -26.584, 'yaw': 3.141}, None, None
180.06, [INFO], robot4, {'battery-level': '37.89'}, None, None
190.06, [INFO], robot4, {'battery-level': '37.29'}, None, None
190.06, [INFO], robot4, {'y': 14.043, 'x': -25.74, 'yaw': 3.141}, None, None
200.07, [INFO], robot4, {'y': 12.894, 'x': -25.975, 'yaw': 3.141}, None, None
200.07, [INFO], robot4, {'battery-level': '36.69'}, None, None
204.44, [info], lab_arm, sync, wait-message, (status=message-received)
205.39, [WARN], robot4, SUCCESS, None, None
210.04, [INFO], robot4, {'battery-level': '36.09'}, None, None
210.04, [INFO], robot4, {'y': 12.891, 'x': -25.971, 'yaw': -3.142}, None, None
