0.00, [DEBUG], nurse, NURSE_CONFIG={'location': 'PC Room 3', 'position': [-28.5, 18.0, -1.57]}, None, None
0.00, [INFO], robot4, {'battery-level': '48.63'}, None, None
0.00, [DEBUG], logger, ROBOTS_CONFIG={'avg_speed': 0.15, 'battery_charge': 0.4863040833267539, 'battery_discharge_rate': 0.0006000000000000001, 'id': 4, 'local_plan': [['navigation', ['PC Room 3', [[-13.5, 18.0, -1.57], [-13.5, 16.0], [-28.5, 16.0], [-28.5, 18.0, -1.57]]], 'navto_room'], ['approach_person', ['nurse'], 'approach_nurse'], ['authenticate_person', ['nurse'], 'authenticate_nurse'], ['operate_drawer', ['open'], 'open_drawer_for_nurse'], ['send_message', ['nurse'], 'notify_nurse_of_open_drawer_for_nurse_completed'], ['wait_message', ['nurse'], 'wait_nurse_to_complete_deposit'], ['operate_drawer', ['close'], 'close_drawer_nurse'], ['navigation', ['Laboratory', [[-28.5, 18.0, -1.57], [-28.5, 16.0], [-26.0, 16.0], [-26.0, 13.0, 1.57]]], 'navto_lab'], ['approach_robot', ['lab_arm'], 'approach_arm'], ['operate_drawer', ['open'], 'open_drawer_lab'], ['send_message', ['lab_arm'], 'notify_lab_arm_of_open_drawer_lab_completed'], ['wait_message', ['lab_arm'], 'wait_lab_arm_to_complete_pick_up_sample'], ['operate_drawer', ['close'], 'close_drawer_lab']], 'location': 'PC Room 7', 'name': 'r4', 'position': [-13.5, 18.0, -1.57], 'skills': ['approach_person', 'approach_robot', 'authenticate_person', 'navigation', 'operate_drawer']}, None, None
0.00, [DEBUG], logger, Simulation open, None, None
10.02, [INFO], robot4, {'y': 18.002, 'x': -13.499, 'yaw': 3.141}, None, None
10.02, [INFO], robot4, {'battery-level': '48.09'}, None, None
20.02, [INFO], robot4, {'y': 16.361, 'x': -13.674, 'yaw': 3.141}, None, None
20.02, [INFO], robot4, {'battery-level': '47.49'}, None, None
30.05, [INFO], robot4, {'battery-level': '46.89'}, None, None
30.05, [INFO], robot4, {'y': 16.131, 'x': -15.739, 'yaw': 3.142}, None, None
40.01, [INFO], robot4, {'y': 16.173, 'x': -17.835, 'yaw': -3.141}, None, None
40.01, [INFO], robot4, {'battery-level': '46.29'}, None, None
50.05, [INFO], robot4, {'y': 16.309, 'x': -19.946, 'yaw': 3.14}, None, None
50.05, [INFO], robot4, {'battery-level': '45.69'}, None, None
60.06, [INFO], robot4, {'battery-level': '45.09'}, None, None
60.06, [INFO], robot4, {'y': 16.286, 'x': -22.067, 'yaw': 3.142}, None, None
70.08, [INFO], robot4, {'battery-level': '44.49'}, None, None
70.08, [INFO], robot4, {'y': 16.148, 'x': -24.192, 'yaw': 3.141}, None, None
80.00, [INFO], robot4, {'battery-level': '43.89'}, None, None
80.00, [INFO], robot4, {'y': 16.1, 'x': -26.273, 'yaw': 3.141}, None, None
90.02, [INFO], robot4, {'y': 16.189, 'x': -28.37, 'yaw': -3.142}, None, None
90.02, [INFO], robot4, {'battery-level': '43.29'}, None, None
100.03, [INFO], robot4, {'battery-level': '42.69'}, None, None
100.03, [INFO], robot4, {'y': 17.89, 'x': -28.619, 'yaw': -3.142}, None, None
107.66, [info], nurse, sync, received-request, (status=sending-request)
107.66, [info], nurse, sync, request-sent, (status=waiting)
107.66, [info], nurse, sync, wait-message, (status=message-received)
110.05, [INFO], robot4, {'battery-level': '42.09'}, None, None
110.05, [INFO], robot4, {'y': 17.68, 'x': -28.582, 'yaw': -3.142}, None, None
120.08, [INFO], robot4, {'y': 16.048, 'x': -28.021, 'yaw': 3.141}, None, None
120.08, [INFO], robot4, {'battery-level': '41.49'}, None, None
130.01, [INFO], robot4, {'y': 15.694, 'x': -26.063, 'yaw': 3.136}, None, None
130.01, [INFO], robot4, {'battery-level': '40.89'}, None, None
140.02, [INFO], robot4, {'battery-level': '40.29'}, None, None
140.02, [INFO], robot4, {'y': 13.584, 'x': -25.719, 'yaw': -3.142}, None, None
150.03, [INFO], robot4, {'battery-level': '39.69'}, None, None
150.03, [INFO], robot4, {'y': 12.93, 'x': -25.961, 'yaw': 3.141}, None, None
151.65, [info], lab_arm, sync, wait-message, (status=message-received)
152.60, [WARN], robot4, SUCCESS, None, None
160.03, [INFO], robot4, {'y': 12.93, 'x': -25.961, 'yaw': 3.142}, None, None
160.03, [INFO], robot4, {'battery-level': '39.09'}, None, None
