0.00, [DEBUG], nurse, NURSE_CONFIG={'location': 'IC Room 2', 'position': [-38.0, 21.5, 0.0]}, None, None
0.13, [DEBUG], logger, ROBOTS_CONFIG={'avg_speed': 0.15, 'battery_charge': 0.5408465660492595, 'battery_discharge_rate': 0.00072, 'id': 6, 'local_plan': [['navigation', ['IC Room 2', [[-33.9, 18.93, 3.14], [-37.0, 18.93], [-37.0, 21.5], [-38.0, 21.5, 0.0]]], 'navto_room'], ['approach_person', ['nurse'], 'approach_nurse'], ['authenticate_person', ['nurse'], 'authenticate_nurse'], ['operate_drawer', ['open'], 'open_drawer_for_nurse'], ['send_message', ['nurse'], 'notify_nurse_of_open_drawer_for_nurse_completed'], ['wait_message', ['nurse'], 'wait_nurse_to_complete_deposit'], ['operate_drawer', ['close'], 'close_drawer_nurse'], ['navigation', ['Laboratory', [[-38.0, 21.5, 0.0], [-37.0, 21.5], [-37.0, 16.0], [-26.0, 16.0], [-26.0, 13.0, 1.57]]], 'navto_lab'], ['approach_robot', ['lab_arm'], 'approach_arm'], ['operate_drawer', ['open'], 'open_drawer_lab'], ['send_message', ['lab_arm'], 'notify_lab_arm_of_open_drawer_lab_completed'], ['wait_message', ['lab_arm'], 'wait_lab_arm_to_complete_pick_up_sample'], ['operate_drawer', ['close'], 'close_drawer_lab']], 'location': 'IC Room 6', 'name': 'r6', 'position': [-33.9, 18.93, 3.14], 'skills': ['approach_person', 'approach_robot', 'authenticate_person', 'navigation', 'operate_drawer']}, None, None
0.13, [DEBUG], logger, Simulation open, None, None
10.05, [INFO], robot6, {'y': 18.533, 'x': -34.324, 'yaw': 3.142}, None, None
10.05, [INFO], robot6, {'battery-level': '53.44'}, None, None
20.02, [INFO], robot6, {'battery-level': '52.72'}, None, None
20.02, [INFO], robot6, {'y': 17.91, 'x': -36.06, 'yaw': 3.141}, None, None
30.02, [INFO], robot6, {'battery-level': '52.00'}, None, None
30.02, [INFO], robot6, {'y': 19.72, 'x': -36.897, 'yaw': -3.138}, None, None
40.01, [INFO], robot6, {'y': 21.564, 'x': -37.554, 'yaw': -3.141}, None, None
40.01, [INFO], robot6, {'battery-level': '51.28'}, None, None
50.07, [INFO], robot6, {'battery-level': '50.56'}, None, None
50.07, [INFO], robot6, {'y': 21.452, 'x': -38.076, 'yaw': -3.141}, None, None
56.08, [info], nurse, sync, received-request, (status=sending-request)
56.08, [info], nurse, sync, request-sent, (status=waiting)
56.08, [info], nurse, sync, wait-message, (status=message-received)
60.02, [INFO], robot6, {'battery-level': '49.84'}, None, None
60.02, [INFO], robot6, {'y': 21.377, 'x': -37.523, 'yaw': 3.141}, None, None
70.01, [INFO], robot6, {'y': 19.394, 'x': -37.198, 'yaw': 3.141}, None, None
70.01, [INFO], robot6, {'battery-level': '49.12'}, None, None
80.08, [INFO], robot6, {'y': 17.272, 'x': -37.142, 'yaw': 3.141}, None, None
80.08, [INFO], robot6, {'battery-level': '48.40'}, None, None
90.08, [INFO], robot6, {'battery-level': '47.68'}, None, None
90.08, [INFO], robot6, {'y': 15.899, 'x': -35.9, 'yaw': -3.142}, None, None
99.96, [INFO], robot6, {'y': 15.406, 'x': -33.834, 'yaw': -3.141}, None, None
100.06, [INFO], robot6, {'battery-level': '46.96'}, None, None
110.05, [INFO], robot6, {'battery-level': '46.24'}, None, None
110.05, [INFO], robot6, {'y': 15.568, 'x': -31.702, 'yaw': -3.141}, None, None
120.03, [INFO], robot6, {'y': 15.687, 'x': -29.6, 'yaw': 3.141}, None, None
120.03, [INFO], robot6, {'battery-level': '45.52'}, None, None
130.07, [INFO], robot6, {'y': 15.819, 'x': -27.48, 'yaw': -3.142}, None, None
130.07, [INFO], robot6, {'battery-level': '44.80'}, None, None
140.03, [INFO], robot6, {'battery-level': '44.08'}, None, None
140.03, [INFO], robot6, {'y': 14.988, 'x': -25.86, 'yaw': 3.14}, None, None
150.00, [INFO], robot6, {'battery-level': '43.36'}, None, None
150.00, [INFO], robot6, {'y': 13.022, 'x': -25.831, 'yaw': 3.141}, None, None
156.87, [info], lab_arm, sync, wait-message, (status=message-received)
157.85, [WARN], robot6, SUCCESS, None, None
160.08, [INFO], robot6, {'y': 12.917, 'x': -25.922, 'yaw': 3.142}, None, None
160.08, [INFO], robot6, {'battery-level': '42.64'}, None, None
169.90, [INFO], robot6, {'battery-level': '41.92'}, None, None
170.00, [INFO], robot6, {'y': 12.918, 'x': -25.922, 'yaw': -3.142}, None, None
