0.00, [INFO], robot3, {'battery-level': '72.32'}, None, None
0.00, [DEBUG], nurse, NURSE_CONFIG={'location': 'IC Room 6', 'position': [-33.9, 18.93, 3.14]}, None, None
0.00, [DEBUG], logger, ROBOTS_CONFIG={'avg_speed': 0.15, 'battery_charge': 0.7232396784987936, 'battery_discharge_rate': 0.00036, 'id': 3, 'local_plan': [['navigation', ['IC Room 6', [[-38.0, 21.5, 0.0], [-37.0, 21.5], [-37.0, 18.93], [-33.9, 18.93, 3.14]]], 'navto_room'], ['approach_person', ['nurse'], 'approach_nurse'], ['authenticate_person', ['nurse'], 'authenticate_nurse'], ['operate_drawer', ['open'], 'open_drawer_for_nurse'], ['send_message', ['nurse'], 'notify_nurse_of_open_drawer_for_nurse_completed'], ['wait_message', ['nurse'], 'wait_nurse_to_complete_deposit'], ['operate_drawer', ['close'], 'close_drawer_nurse'], ['navigation', ['Laboratory', [[-33.9, 18.93, 3.14], [-37.0, 18.93], [-37.0, 16.0], [-26.0, 16.0], [-26.0, 13.0, 1.57]]], 'navto_lab'], ['approach_robot', ['lab_arm'], 'approach_arm'], ['operate_drawer', ['open'], 'open_drawer_lab'], ['send_message', ['lab_arm'], 'notify_lab_arm_of_open_drawer_lab_completed'], ['wait_message', ['lab_arm'], 'wait_lab_arm_to_complete_pick_up_sample'], ['operate_drawer', ['close'], 'close_drawer_lab']], 'location': 'IC Room 2', 'name': 'r3', 'position': [-38.0, 21.5, 0.0], 'skills': ['approach_person', 'approach_robot', 'authenticate_person', 'navigation', 'operate_drawer']}, None, None
0.00, [DEBUG], logger, Simulation open, None, None
10.00, [INFO], robot3, {'y': 21.371, 'x': -37.189, 'yaw': 3.142}, None, None
10.00, [INFO], robot3, {'battery-level': '72.00'}, None, None
20.01, [INFO], robot3, {'battery-level': '71.64'}, None, None
20.01, [INFO], robot3, {'y': 19.259, 'x': -37.044, 'yaw': 3.137}, None, None
30.01, [INFO], robot3, {'battery-level': '71.28'}, None, None
30.01, [INFO], robot3, {'y': 17.729, 'x': -35.57, 'yaw': 3.141}, None, None
40.03, [INFO], robot3, {'battery-level': '70.92'}, None, None
40.03, [INFO], robot3, {'y': 18.794, 'x': -34.044, 'yaw': -3.142}, None, None
47.56, [info], nurse, sync, received-request, (status=sending-request)
47.56, [info], nurse, sync, request-sent, (status=waiting)
47.56, [info], nurse, sync, wait-message, (status=message-received)
50.05, [INFO], robot3, {'battery-level': '70.56'}, None, None
50.05, [INFO], robot3, {'y': 18.912, 'x': -34.181, 'yaw': 3.141}, None, None
60.07, [INFO], robot3, {'battery-level': '70.20'}, None, None
60.07, [INFO], robot3, {'y': 17.816, 'x': -35.73, 'yaw': -3.141}, None, None
70.02, [INFO], robot3, {'battery-level': '69.84'}, None, None
70.02, [INFO], robot3, {'y': 17.988, 'x': -36.051, 'yaw': -3.142}, None, None
80.03, [INFO], robot3, {'y': 17.987, 'x': -36.05, 'yaw': -3.142}, None, None
80.03, [INFO], robot3, {'battery-level': '69.48'}, None, None
90.04, [INFO], robot3, {'battery-level': '69.12'}, None, None
90.04, [INFO], robot3, {'y': 17.415, 'x': -36.972, 'yaw': 3.142}, None, None
100.03, [INFO], robot3, {'y': 17.442, 'x': -36.916, 'yaw': 3.141}, None, None
100.03, [INFO], robot3, {'battery-level': '68.76'}, None, None
110.01, [INFO], robot3, {'y': 17.418, 'x': -37.038, 'yaw': 3.141}, None, None
110.01, [INFO], robot3, {'battery-level': '68.40'}, None, None
120.05, [INFO], robot3, {'battery-level': '68.04'}, None, None
120.05, [INFO], robot3, {'y': 17.381, 'x': -36.932, 'yaw': -3.141}, None, None
130.05, [INFO], robot3, {'y': 17.233, 'x': -36.796, 'yaw': -3.142}, None, None
130.05, [INFO], robot3, {'battery-level': '67.68'}, None, None
140.04, [INFO], robot3, {'y': 17.529, 'x': -36.94, 'yaw': -3.142}, None, None
140.04, [INFO], robot3, {'battery-level': '67.32'}, None, None
150.06, [INFO], robot3, {'y': 17.192, 'x': -36.833, 'yaw': -3.141}, None, None
150.06, [INFO], robot3, {'battery-level': '66.96'}, None, None
160.09, [INFO], robot3, {'battery-level': '66.60'}, None, None
160.09, [INFO], robot3, {'y': 17.36, 'x': -37.051, 'yaw': -3.141}, None, None
170.03, [INFO], robot3, {'battery-level': '66.24'}, None, None
170.03, [INFO], robot3, {'y': 17.503, 'x': -36.973, 'yaw': -3.141}, None, None
180.06, [INFO], robot3, {'battery-level': '65.88'}, None, None
180.06, [INFO], robot3, {'y': 17.198, 'x': -36.899, 'yaw': -3.142}, None, None
190.01, [INFO], robot3, {'battery-level': '65.52'}, None, None
190.01, [INFO], robot3, {'y': 17.327, 'x': -36.793, 'yaw': -3.141}, None, None
200.04, [INFO], robot3, {'battery-level': '65.16'}, None, None
200.04, [INFO], robot3, {'y': 17.244, 'x': -36.968, 'yaw': 3.142}, None, None
210.07, [INFO], robot3, {'battery-level': '64.80'}, None, None
210.07, [INFO], robot3, {'y': 17.223, 'x': -36.983, 'yaw': 3.142}, None, None
220.08, [INFO], robot3, {'battery-level': '64.44'}, None, None
220.08, [INFO], robot3, {'y': 17.175, 'x': -36.974, 'yaw': 3.142}, None, None
230.08, [INFO], robot3, {'battery-level': '64.08'}, None, None
230.08, [INFO], robot3, {'y': 17.175, 'x': -36.974, 'yaw': -3.142}, None, None
230.81, [WARN], robot3, SKILL-FAILURE, navigation, navto_lab
