0.00, [DEBUG], nurse, NURSE_CONFIG={'location': 'IC Room 2', 'position': [-38.0, 21.5, 0.0]}, None, None
0.12, [DEBUG], logger, ROBOTS_CONFIG={'avg_speed': 0.15, 'battery_charge': 0.4863040833267539, 'battery_discharge_rate': 0.0006000000000000001, 'id': 4, 'local_plan': [['navigation', ['IC Room 2', [[-32.88, 33.98, 3.14], [-37.0, 33.98], [-37.0, 21.5], [-38.0, 21.5, 0.0]]], 'navto_room'], ['approach_person', ['nurse'], 'approach_nurse'], ['authenticate_person', ['nurse'], 'authenticate_nurse'], ['operate_drawer', ['open'], 'open_drawer_for_nurse'], ['send_message', ['nurse'], 'notify_nurse_of_open_drawer_for_nurse_completed'], ['wait_message', ['nurse'], 'wait_nurse_to_complete_deposit'], ['operate_drawer', ['close'], 'close_drawer_nurse'], ['navigation', ['Laboratory', [[-38.0, 21.5, 0.0], [-37.0, 21.5], [-37.0, 16.0], [-26.0, 16.0], [-26.0, 13.0, 1.57]]], 'navto_lab'], ['approach_robot', ['lab_arm'], 'approach_arm'], ['operate_drawer', ['open'], 'open_drawer_lab'], ['send_message', ['lab_arm'], 'notify_lab_arm_of_open_drawer_lab_completed'], ['wait_message', ['lab_arm'], 'wait_lab_arm_to_complete_pick_up_sample'], ['operate_drawer', ['close'], 'close_drawer_lab']], 'location': 'IC Room 5', 'name': 'r4', 'position': [-32.88, 33.98, 3.14], 'skills': ['approach_person', 'approach_robot', 'authenticate_person', 'navigation', 'operate_drawer']}, None, None
0.12, [DEBUG], logger, Simulation open, None, None
10.08, [INFO], robot4, {'y': 34.138, 'x': -33.349, 'yaw': -3.141}, None, None
10.08, [INFO], robot4, {'battery-level': '48.09'}, None, None
20.04, [INFO], robot4, {'y': 34.673, 'x': -35.38, 'yaw': 3.142}, None, None
20.04, [INFO], robot4, {'battery-level': '47.49'}, None, None
30.09, [INFO], robot4, {'battery-level': '46.89'}, None, None
30.09, [INFO], robot4, {'y': 33.533, 'x': -36.863, 'yaw': -3.141}, None, None
40.07, [INFO], robot4, {'y': 31.429, 'x': -36.841, 'yaw': -3.141}, None, None
40.07, [INFO], robot4, {'battery-level': '46.29'}, None, None
50.05, [INFO], robot4, {'battery-level': '45.69'}, None, None
50.05, [INFO], robot4, {'y': 29.335, 'x': -36.838, 'yaw': -3.141}, None, None
60.08, [INFO], robot4, {'y': 27.223, 'x': -36.848, 'yaw': 3.141}, None, None
60.08, [INFO], robot4, {'battery-level': '45.09'}, None, None
70.03, [INFO], robot4, {'y': 25.13, 'x': -36.934, 'yaw': 3.141}, None, None
70.03, [INFO], robot4, {'battery-level': '44.49'}, None, None
80.06, [INFO], robot4, {'battery-level': '43.89'}, None, None
80.06, [INFO], robot4, {'y': 23.007, 'x': -36.987, 'yaw': 3.14}, None, None
90.09, [INFO], robot4, {'y': 21.261, 'x': -37.668, 'yaw': 3.141}, None, None
90.09, [INFO], robot4, {'battery-level': '43.29'}, None, None
100.03, [INFO], robot4, {'battery-level': '42.69'}, None, None
100.03, [INFO], robot4, {'y': 21.349, 'x': -38.037, 'yaw': 3.141}, None, None
107.84, [info], nurse, sync, received-request, (status=sending-request)
107.84, [info], nurse, sync, request-sent, (status=waiting)
107.84, [info], nurse, sync, wait-message, (status=message-received)
110.03, [INFO], robot4, {'battery-level': '42.09'}, None, None
110.03, [INFO], robot4, {'y': 21.478, 'x': -37.851, 'yaw': 3.141}, None, None
120.05, [INFO], robot4, {'battery-level': '41.49'}, None, None
120.05, [INFO], robot4, {'y': 19.857, 'x': -37.198, 'yaw': -3.142}, None, None
130.00, [INFO], robot4, {'battery-level': '40.89'}, None, None
130.00, [INFO], robot4, {'y': 17.752, 'x': -37.09, 'yaw': 3.141}, None, None
140.03, [INFO], robot4, {'battery-level': '40.29'}, None, None
140.03, [INFO], robot4, {'y': 15.948, 'x': -36.492, 'yaw': 3.142}, None, None
150.08, [INFO], robot4, {'battery-level': '39.69'}, None, None
150.08, [INFO], robot4, {'y': 15.311, 'x': -34.436, 'yaw': -3.141}, None, None
160.03, [INFO], robot4, {'battery-level': '39.09'}, None, None
160.03, [INFO], robot4, {'y': 15.578, 'x': -32.332, 'yaw': -3.142}, None, None
170.06, [INFO], robot4, {'battery-level': '38.49'}, None, None
170.06, [INFO], robot4, {'y': 15.618, 'x': -30.211, 'yaw': -3.142}, None, None
180.00, [INFO], robot4, {'battery-level': '37.89'}, None, None
180.00, [INFO], robot4, {'y': 15.711, 'x': -28.112, 'yaw': -3.142}, None, None
190.06, [INFO], robot4, {'battery-level': '37.29'}, None, None
190.06, [INFO], robot4, {'y': 15.537, 'x': -26.06, 'yaw': 3.142}, None, None
200.09, [INFO], robot4, {'y': 13.451, 'x': -25.737, 'yaw': 3.142}, None, None
200.09, [INFO], robot4, {'battery-level': '36.69'}, None, None
210.06, [INFO], robot4, {'y': 12.948, 'x': -25.973, 'yaw': -3.142}, None, None
210.06, [INFO], robot4, {'battery-level': '36.09'}, None, None
211.98, [info], lab_arm, sync, wait-message, (status=message-received)
212.90, [WARN], robot4, SUCCESS, None, None
