0.00, [DEBUG], nurse, NURSE_CONFIG={'location': 'PC Room 3', 'position': [-28.5, 18.0, -1.57]}, None, None
0.12, [DEBUG], logger, ROBOTS_CONFIG={'avg_speed': 0.15, 'battery_charge': 0.7232396784987936, 'battery_discharge_rate': 0.00036, 'id': 3, 'local_plan': [['navigation', ['PC Room 3', [[-38.0, 21.5, 0.0], [-37.0, 21.5], [-37.0, 16.0], [-28.5, 16.0], [-28.5, 18.0, -1.57]]], 'navto_room'], ['approach_person', ['nurse'], 'approach_nurse'], ['authenticate_person', ['nurse'], 'authenticate_nurse'], ['operate_drawer', ['open'], 'open_drawer_for_nurse'], ['send_message', ['nurse'], 'notify_nurse_of_open_drawer_for_nurse_completed'], ['wait_message', ['nurse'], 'wait_nurse_to_complete_deposit'], ['operate_drawer', ['close'], 'close_drawer_nurse'], ['navigation', ['Laboratory', [[-28.5, 18.0, -1.57], [-28.5, 16.0], [-26.0, 16.0], [-26.0, 13.0, 1.57]]], 'navto_lab'], ['approach_robot', ['lab_arm'], 'approach_arm'], ['operate_drawer', ['open'], 'open_drawer_lab'], ['send_message', ['lab_arm'], 'notify_lab_arm_of_open_drawer_lab_completed'], ['wait_message', ['lab_arm'], 'wait_lab_arm_to_complete_pick_up_sample'], ['operate_drawer', ['close'], 'close_drawer_lab']], 'location': 'IC Room 2', 'name': 'r3', 'position': [-38.0, 21.5, 0.0], 'skills': ['approach_person', 'approach_robot', 'authenticate_person', 'navigation', 'operate_drawer']}, None, None
0.12, [DEBUG], logger, Simulation open, None, None
10.05, [INFO], robot3, {'battery-level': '72.00'}, None, None
10.05, [INFO], robot3, {'y': 21.438, 'x': -37.252, 'yaw': -3.141}, None, None
20.05, [INFO], robot3, {'battery-level': '71.64'}, None, None
20.05, [INFO], robot3, {'y': 19.344, 'x': -37.1, 'yaw': 3.139}, None, None
30.01, [INFO], robot3, {'battery-level': '71.28'}, None, None
30.01, [INFO], robot3, {'y': 17.236, 'x': -37.047, 'yaw': 3.141}, None, None
40.01, [INFO], robot3, {'battery-level': '70.92'}, None, None
40.01, [INFO], robot3, {'y': 15.868, 'x': -35.919, 'yaw': -3.142}, None, None
50.09, [INFO], robot3, {'y': 15.41, 'x': -33.833, 'yaw': -3.141}, None, None
50.09, [INFO], robot3, {'battery-level': '70.56'}, None, None
60.09, [INFO], robot3, {'battery-level': '70.20'}, None, None
60.09, [INFO], robot3, {'y': 15.514, 'x': -31.714, 'yaw': 3.141}, None, None
70.08, [INFO], robot3, {'y': 15.645, 'x': -29.611, 'yaw': -3.142}, None, None
70.08, [INFO], robot3, {'battery-level': '69.84'}, None, None
80.09, [INFO], robot3, {'battery-level': '69.48'}, None, None
80.09, [INFO], robot3, {'y': 17.193, 'x': -28.594, 'yaw': 3.142}, None, None
90.08, [INFO], robot3, {'y': 18.01, 'x': -28.591, 'yaw': -3.141}, None, None
90.08, [INFO], robot3, {'battery-level': '69.12'}, None, None
95.22, [info], nurse, sync, received-request, (status=sending-request)
95.22, [info], nurse, sync, request-sent, (status=waiting)
95.31, [info], nurse, sync, wait-message, (status=message-received)
100.08, [INFO], robot3, {'battery-level': '68.76'}, None, None
100.08, [INFO], robot3, {'y': 17.234, 'x': -28.709, 'yaw': -3.141}, None, None
110.00, [INFO], robot3, {'y': 16.146, 'x': -27.55, 'yaw': -3.142}, None, None
110.00, [INFO], robot3, {'battery-level': '68.40'}, None, None
120.01, [INFO], robot3, {'battery-level': '68.04'}, None, None
120.01, [INFO], robot3, {'y': 15.214, 'x': -25.98, 'yaw': 3.142}, None, None
130.00, [INFO], robot3, {'battery-level': '67.68'}, None, None
130.00, [INFO], robot3, {'y': 13.139, 'x': -25.785, 'yaw': -3.141}, None, None
139.52, [info], lab_arm, sync, wait-message, (status=message-received)
140.07, [INFO], robot3, {'battery-level': '67.32'}, None, None
140.07, [INFO], robot3, {'y': 12.905, 'x': -25.943, 'yaw': 3.14}, None, None
140.44, [WARN], robot3, SUCCESS, None, None
