0.00, [DEBUG], nurse, NURSE_CONFIG={'location': 'IC Room 6', 'position': [-33.9, 18.93, 3.14]}, None, None
0.00, [DEBUG], logger, ROBOTS_CONFIG={'avg_speed': 0.15, 'battery_charge': 0.3020349930380309, 'battery_discharge_rate': 0.0006600000000000001, 'id': 1, 'local_plan': [['navigation', ['IC Room 6', [[-11.5, 18.0, -1.57], [-11.5, 16.0], [-37.0, 16.0], [-37.0, 18.93], [-33.9, 18.93, 3.14]]], 'navto_room'], ['approach_person', ['nurse'], 'approach_nurse'], ['authenticate_person', ['nurse'], 'authenticate_nurse'], ['operate_drawer', ['open'], 'open_drawer_for_nurse'], ['send_message', ['nurse'], 'notify_nurse_of_open_drawer_for_nurse_completed'], ['wait_message', ['nurse'], 'wait_nurse_to_complete_deposit'], ['operate_drawer', ['close'], 'close_drawer_nurse'], ['navigation', ['Laboratory', [[-33.9, 18.93, 3.14], [-37.0, 18.93], [-37.0, 16.0], [-26.0, 16.0], [-26.0, 13.0, 1.57]]], 'navto_lab'], ['approach_robot', ['lab_arm'], 'approach_arm'], ['operate_drawer', ['open'], 'open_drawer_lab'], ['send_message', ['lab_arm'], 'notify_lab_arm_of_open_drawer_lab_completed'], ['wait_message', ['lab_arm'], 'wait_lab_arm_to_complete_pick_up_sample'], ['operate_drawer', ['close'], 'close_drawer_lab']], 'location': 'PC Room 8', 'name': 'r1', 'position': [-11.5, 18.0, -1.57], 'skills': ['approach_person', 'approach_robot', 'navigation', 'operate_drawer']}, None, None
0.00, [DEBUG], logger, Simulation open, None, None
10.01, [INFO], robot1, {'y': 18.0, 'x': -11.5, 'yaw': -3.142}, None, None
10.01, [INFO], robot1, {'battery-level': '29.61'}, None, None
20.09, [INFO], robot1, {'y': 17.734, 'x': -11.401, 'yaw': 3.141}, None, None
20.09, [INFO], robot1, {'battery-level': '28.95'}, None, None
30.06, [INFO], robot1, {'battery-level': '28.29'}, None, None
30.06, [INFO], robot1, {'y': 16.328, 'x': -12.63, 'yaw': 3.141}, None, None
40.02, [INFO], robot1, {'y': 16.291, 'x': -14.729, 'yaw': -3.137}, None, None
40.02, [INFO], robot1, {'battery-level': '27.63'}, None, None
50.02, [INFO], robot1, {'y': 16.166, 'x': -16.828, 'yaw': 3.141}, None, None
50.02, [INFO], robot1, {'battery-level': '26.97'}, None, None
60.01, [INFO], robot1, {'battery-level': '26.31'}, None, None
60.01, [INFO], robot1, {'y': 16.252, 'x': -18.927, 'yaw': -3.141}, None, None
70.09, [INFO], robot1, {'y': 16.346, 'x': -21.049, 'yaw': -3.141}, None, None
70.09, [INFO], robot1, {'battery-level': '25.65'}, None, None
80.01, [INFO], robot1, {'y': 16.178, 'x': -23.146, 'yaw': 3.141}, None, None
80.01, [INFO], robot1, {'battery-level': '24.99'}, None, None
90.01, [INFO], robot1, {'battery-level': '24.33'}, None, None
90.01, [INFO], robot1, {'y': 16.107, 'x': -25.251, 'yaw': 3.14}, None, None
100.05, [INFO], robot1, {'y': 16.117, 'x': -27.382, 'yaw': 3.142}, None, None
100.05, [INFO], robot1, {'battery-level': '23.67'}, None, None
110.02, [INFO], robot1, {'battery-level': '23.01'}, None, None
110.02, [INFO], robot1, {'y': 16.194, 'x': -29.493, 'yaw': 3.142}, None, None
120.01, [INFO], robot1, {'battery-level': '22.35'}, None, None
120.01, [INFO], robot1, {'y': 15.979, 'x': -31.604, 'yaw': 3.142}, None, None
130.09, [INFO], robot1, {'battery-level': '21.69'}, None, None
130.09, [INFO], robot1, {'y': 15.544, 'x': -33.72, 'yaw': 3.141}, None, None
140.06, [INFO], robot1, {'battery-level': '21.03'}, None, None
140.06, [INFO], robot1, {'y': 15.503, 'x': -35.821, 'yaw': -3.141}, None, None
150.02, [INFO], robot1, {'battery-level': '20.37'}, None, None
150.02, [INFO], robot1, {'y': 16.968, 'x': -36.758, 'yaw': -3.142}, None, None
160.02, [INFO], robot1, {'battery-level': '19.71'}, None, None
160.02, [INFO], robot1, {'y': 17.697, 'x': -36.773, 'yaw': -3.142}, None, None
170.09, [INFO], robot1, {'battery-level': '19.05'}, None, None
170.09, [INFO], robot1, {'y': 18.136, 'x': -35.862, 'yaw': -3.141}, None, None
180.06, [INFO], robot1, {'y': 18.261, 'x': -35.639, 'yaw': 3.141}, None, None
180.06, [INFO], robot1, {'battery-level': '18.39'}, None, None
190.04, [INFO], robot1, {'battery-level': '17.73'}, None, None
190.04, [INFO], robot1, {'y': 18.268, 'x': -35.787, 'yaw': -3.141}, None, None
200.01, [INFO], robot1, {'battery-level': '17.07'}, None, None
200.01, [INFO], robot1, {'y': 18.323, 'x': -35.718, 'yaw': 3.14}, None, None
210.07, [INFO], robot1, {'battery-level': '16.41'}, None, None
210.07, [INFO], robot1, {'y': 18.321, 'x': -35.713, 'yaw': 3.137}, None, None
220.05, [INFO], robot1, {'battery-level': '15.75'}, None, None
220.05, [INFO], robot1, {'y': 18.318, 'x': -35.702, 'yaw': 3.142}, None, None
230.10, [INFO], robot1, {'y': 18.334, 'x': -35.695, 'yaw': 3.141}, None, None
230.10, [INFO], robot1, {'battery-level': '15.09'}, None, None
230.49, [WARN], robot1, SKILL-FAILURE, navigation, navto_room
