0.00, [DEBUG], nurse, NURSE_CONFIG={'location': 'IC Room 2', 'position': [-38.0, 21.5, 0.0]}, None, None
0.00, [INFO], robot4, {'battery-level': '48.63'}, None, None
0.00, [DEBUG], logger, ROBOTS_CONFIG={'avg_speed': 0.15, 'battery_charge': 0.4863040833267539, 'battery_discharge_rate': 0.0005600000000000001, 'id': 4, 'local_plan': [['navigation', ['IC Room 2', [[-32.88, 33.98, 3.14], [-37.0, 33.98], [-37.0, 21.5], [-38.0, 21.5, 0.0]]], 'navto_room'], ['approach_person', ['nurse'], 'approach_nurse'], ['authenticate_person', ['nurse'], 'authenticate_nurse'], ['operate_drawer', ['open'], 'open_drawer_for_nurse'], ['send_message', ['nurse'], 'notify_nurse_of_open_drawer_for_nurse_completed'], ['wait_message', ['nurse'], 'wait_nurse_to_complete_deposit'], ['operate_drawer', ['close'], 'close_drawer_nurse'], ['navigation', ['Laboratory', [[-38.0, 21.5, 0.0], [-37.0, 21.5], [-37.0, 16.0], [-26.0, 16.0], [-26.0, 13.0, 1.57]]], 'navto_lab'], ['approach_robot', ['lab_arm'], 'approach_arm'], ['operate_drawer', ['open'], 'open_drawer_lab'], ['send_message', ['lab_arm'], 'notify_lab_arm_of_open_drawer_lab_completed'], ['wait_message', ['lab_arm'], 'wait_lab_arm_to_complete_pick_up_sample'], ['operate_drawer', ['close'], 'close_drawer_lab']], 'location': 'IC Room 5', 'name': 'r4', 'position': [-32.88, 33.98, 3.14], 'skills': ['approach_person', 'approach_robot', 'authenticate_person', 'navigation', 'operate_drawer']}, None, None
0.00, [DEBUG], logger, Simulation open, None, None
10.01, [INFO], robot4, {'y': 34.023, 'x': -33.122, 'yaw': 3.141}, None, None
10.01, [INFO], robot4, {'battery-level': '48.13'}, None, None
20.02, [INFO], robot4, {'battery-level': '47.57'}, None, None
20.02, [INFO], robot4, {'y': 34.737, 'x': -35.122, 'yaw': 3.141}, None, None
30.01, [INFO], robot4, {'y': 33.818, 'x': -36.95, 'yaw': 3.141}, None, None
30.01, [INFO], robot4, {'battery-level': '47.01'}, None, None
40.02, [INFO], robot4, {'battery-level': '46.45'}, None, None
40.02, [INFO], robot4, {'y': 31.693, 'x': -36.894, 'yaw': -3.142}, None, None
50.03, [INFO], robot4, {'battery-level': '45.89'}, None, None
50.03, [INFO], robot4, {'y': 29.587, 'x': -36.956, 'yaw': -3.141}, None, None
60.09, [INFO], robot4, {'battery-level': '45.33'}, None, None
60.09, [INFO], robot4, {'y': 27.465, 'x': -36.983, 'yaw': 3.141}, None, None
70.08, [INFO], robot4, {'battery-level': '44.77'}, None, None
70.08, [INFO], robot4, {'y': 25.347, 'x': -37.029, 'yaw': 3.142}, None, None
80.06, [INFO], robot4, {'battery-level': '44.21'}, None, None
80.06, [INFO], robot4, {'y': 23.244, 'x': -37.001, 'yaw': 3.14}, None, None
90.07, [INFO], robot4, {'battery-level': '43.65'}, None, None
90.07, [INFO], robot4, {'y': 21.46, 'x': -37.625, 'yaw': -3.139}, None, None
98.52, [info], nurse, sync, received-request, (status=sending-request)
98.52, [info], nurse, sync, request-sent, (status=waiting)
98.52, [info], nurse, sync, wait-message, (status=message-received)
100.05, [INFO], robot4, {'battery-level': '43.09'}, None, None
100.05, [INFO], robot4, {'y': 21.355, 'x': -37.99, 'yaw': 3.141}, None, None
110.04, [INFO], robot4, {'y': 19.827, 'x': -37.184, 'yaw': -3.142}, None, None
110.04, [INFO], robot4, {'battery-level': '42.53'}, None, None
120.05, [INFO], robot4, {'battery-level': '41.97'}, None, None
120.05, [INFO], robot4, {'y': 17.723, 'x': -37.138, 'yaw': 3.141}, None, None
130.05, [INFO], robot4, {'battery-level': '41.41'}, None, None
130.05, [INFO], robot4, {'y': 15.758, 'x': -36.619, 'yaw': 3.141}, None, None
140.08, [INFO], robot4, {'y': 15.267, 'x': -34.535, 'yaw': 3.142}, None, None
140.08, [INFO], robot4, {'battery-level': '40.85'}, None, None
150.09, [INFO], robot4, {'battery-level': '40.29'}, None, None
150.09, [INFO], robot4, {'y': 15.486, 'x': -32.405, 'yaw': -3.142}, None, None
160.00, [INFO], robot4, {'battery-level': '39.73'}, None, None
160.00, [INFO], robot4, {'y': 15.632, 'x': -30.307, 'yaw': 3.142}, None, None
170.03, [INFO], robot4, {'battery-level': '39.17'}, None, None
170.03, [INFO], robot4, {'y': 15.761, 'x': -28.207, 'yaw': 3.142}, None, None
180.03, [INFO], robot4, {'y': 15.557, 'x': -26.228, 'yaw': 3.142}, None, None
180.03, [INFO], robot4, {'battery-level': '38.61'}, None, None
190.03, [INFO], robot4, {'battery-level': '38.05'}, None, None
190.03, [INFO], robot4, {'y': 13.497, 'x': -25.766, 'yaw': -3.142}, None, None
200.03, [INFO], robot4, {'y': 12.89, 'x': -26.038, 'yaw': 3.141}, None, None
200.03, [INFO], robot4, {'battery-level': '37.49'}, None, None
204.32, [info], lab_arm, sync, wait-message, (status=message-received)
205.28, [WARN], robot4, SUCCESS, None, None
210.02, [INFO], robot4, {'battery-level': '36.93'}, None, None
210.02, [INFO], robot4, {'y': 12.855, 'x': -25.944, 'yaw': 3.142}, None, None
