0.00, [DEBUG], nurse, NURSE_CONFIG={'location': 'PC Room 3', 'position': [-28.5, 18.0, -1.57]}, None, None
0.00, [INFO], robot4, {'battery-level': '48.63'}, None, None
0.13, [DEBUG], logger, ROBOTS_CONFIG={'avg_speed': 0.15, 'battery_charge': 0.4863040833267539, 'battery_discharge_rate': 0.0005600000000000001, 'id': 4, 'local_plan': [['navigation', ['PC Room 3', [[-13.5, 18.0, -1.57], [-13.5, 16.0], [-28.5, 16.0], [-28.5, 18.0, -1.57]]], 'navto_room'], ['approach_person', ['nurse'], 'approach_nurse'], ['authenticate_person', ['nurse'], 'authenticate_nurse'], ['operate_drawer', ['open'], 'open_drawer_for_nurse'], ['send_message', ['nurse'], 'notify_nurse_of_open_drawer_for_nurse_completed'], ['wait_message', ['nurse'], 'wait_nurse_to_complete_deposit'], ['operate_drawer', ['close'], 'close_drawer_nurse'], ['navigation', ['Laboratory', [[-28.5, 18.0, -1.57], [-28.5, 16.0], [-26.0, 16.0], [-26.0, 13.0, 1.57]]], 'navto_lab'], ['approach_robot', ['lab_arm'], 'approach_arm'], ['operate_drawer', ['open'], 'open_drawer_lab'], ['send_message', ['lab_arm'], 'notify_lab_arm_of_open_drawer_lab_completed'], ['wait_message', ['lab_arm'], 'wait_lab_arm_to_complete_pick_up_sample'], ['operate_drawer', ['close'], 'close_drawer_lab']], 'location': 'PC Room 7', 'name': 'r4', 'position': [-13.5, 18.0, -1.57], 'skills': ['approach_person', 'approach_robot', 'authenticate_person', 'navigation', 'operate_drawer']}, None, None
0.13, [DEBUG], logger, Simulation open, None, None
10.06, [INFO], robot4, {'battery-level': '48.13'}, None, None
10.06, [INFO], robot4, {'y': 17.07, 'x': -13.489, 'yaw': 3.138}, None, None
20.05, [INFO], robot4, {'battery-level': '47.57'}, None, None
20.05, [INFO], robot4, {'y': 16.008, 'x': -14.828, 'yaw': 3.142}, None, None
30.05, [INFO], robot4, {'battery-level': '47.01'}, None, None
30.05, [INFO], robot4, {'y': 15.896, 'x': -16.936, 'yaw': 3.141}, None, None
40.04, [INFO], robot4, {'battery-level': '46.45'}, None, None
40.04, [INFO], robot4, {'y': 15.986, 'x': -19.051, 'yaw': 3.142}, None, None
50.00, [INFO], robot4, {'y': 16.167, 'x': -21.148, 'yaw': 3.142}, None, None
50.00, [INFO], robot4, {'battery-level': '45.89'}, None, None
60.04, [INFO], robot4, {'battery-level': '45.33'}, None, None
60.04, [INFO], robot4, {'y': 16.115, 'x': -23.256, 'yaw': 3.142}, None, None
70.02, [INFO], robot4, {'y': 16.099, 'x': -25.358, 'yaw': 3.14}, None, None
70.02, [INFO], robot4, {'battery-level': '44.77'}, None, None
80.09, [INFO], robot4, {'battery-level': '44.21'}, None, None
80.09, [INFO], robot4, {'y': 16.088, 'x': -27.485, 'yaw': -3.142}, None, None
90.04, [INFO], robot4, {'y': 17.329, 'x': -28.732, 'yaw': -3.142}, None, None
90.04, [INFO], robot4, {'battery-level': '43.65'}, None, None
100.01, [INFO], robot4, {'y': 17.965, 'x': -28.606, 'yaw': -3.142}, None, None
100.01, [INFO], robot4, {'battery-level': '43.09'}, None, None
100.92, [info], nurse, sync, received-request, (status=sending-request)
100.92, [info], nurse, sync, request-sent, (status=waiting)
100.92, [info], nurse, sync, wait-message, (status=message-received)
110.08, [INFO], robot4, {'y': 16.285, 'x': -28.601, 'yaw': 3.141}, None, None
110.08, [INFO], robot4, {'battery-level': '42.53'}, None, None
120.06, [INFO], robot4, {'y': 16.086, 'x': -26.561, 'yaw': -3.141}, None, None
120.06, [INFO], robot4, {'battery-level': '41.97'}, None, None
130.07, [INFO], robot4, {'battery-level': '41.41'}, None, None
130.07, [INFO], robot4, {'y': 14.263, 'x': -25.753, 'yaw': 3.141}, None, None
140.08, [INFO], robot4, {'y': 12.907, 'x': -25.959, 'yaw': 3.142}, None, None
140.08, [INFO], robot4, {'battery-level': '40.85'}, None, None
150.04, [INFO], robot4, {'battery-level': '40.29'}, None, None
150.04, [INFO], robot4, {'y': 12.825, 'x': -26.002, 'yaw': -3.142}, None, None
153.34, [info], lab_arm, sync, wait-message, (status=message-received)
154.26, [WARN], robot4, SUCCESS, None, None
160.05, [INFO], robot4, {'battery-level': '39.73'}, None, None
160.05, [INFO], robot4, {'y': 12.829, 'x': -26.0, 'yaw': -3.142}, None, None
