0.00, [DEBUG], nurse, NURSE_CONFIG={'location': 'IC Room 6', 'position': [-33.9, 18.93, 3.14]}, None, None
0.13, [DEBUG], logger, ROBOTS_CONFIG={'avg_speed': 0.15, 'battery_charge': 0.7232396784987936, 'battery_discharge_rate': 0.00064, 'id': 3, 'local_plan': [['navigation', ['IC Room 6', [[-38.0, 21.5, 0.0], [-37.0, 21.5], [-37.0, 18.93], [-33.9, 18.93, 3.14]]], 'navto_room'], ['approach_person', ['nurse'], 'approach_nurse'], ['authenticate_person', ['nurse'], 'authenticate_nurse'], ['operate_drawer', ['open'], 'open_drawer_for_nurse'], ['send_message', ['nurse'], 'notify_nurse_of_open_drawer_for_nurse_completed'], ['wait_message', ['nurse'], 'wait_nurse_to_complete_deposit'], ['operate_drawer', ['close'], 'close_drawer_nurse'], ['navigation', ['Laboratory', [[-33.9, 18.93, 3.14], [-37.0, 18.93], [-37.0, 16.0], [-26.0, 16.0], [-26.0, 13.0, 1.57]]], 'navto_lab'], ['approach_robot', ['lab_arm'], 'approach_arm'], ['operate_drawer', ['open'], 'open_drawer_lab'], ['send_message', ['lab_arm'], 'notify_lab_arm_of_open_drawer_lab_completed'], ['wait_message', ['lab_arm'], 'wait_lab_arm_to_complete_pick_up_sample'], ['operate_drawer', ['close'], 'close_drawer_lab']], 'location': 'IC Room 2', 'name': 'r3', 'position': [-38.0, 21.5, 0.0], 'skills': ['approach_person', 'approach_robot', 'authenticate_person', 'navigation', 'operate_drawer']}, None, None
0.13, [DEBUG], logger, Simulation open, None, None
10.06, [INFO], robot3, {'y': 21.441, 'x': -37.257, 'yaw': -3.141}, None, None
10.06, [INFO], robot3, {'battery-level': '71.75'}, None, None
20.02, [INFO], robot3, {'battery-level': '71.11'}, None, None
20.02, [INFO], robot3, {'y': 19.364, 'x': -37.048, 'yaw': 3.14}, None, None
30.07, [INFO], robot3, {'y': 17.796, 'x': -35.607, 'yaw': 3.141}, None, None
30.07, [INFO], robot3, {'battery-level': '70.47'}, None, None
40.03, [INFO], robot3, {'y': 18.784, 'x': -34.043, 'yaw': -3.142}, None, None
40.03, [INFO], robot3, {'battery-level': '69.83'}, None, None
47.74, [info], nurse, sync, received-request, (status=sending-request)
47.74, [info], nurse, sync, request-sent, (status=waiting)
47.74, [info], nurse, sync, wait-message, (status=message-received)
50.02, [INFO], robot3, {'y': 18.895, 'x': -34.164, 'yaw': 3.141}, None, None
50.02, [INFO], robot3, {'battery-level': '69.19'}, None, None
60.01, [INFO], robot3, {'y': 17.804, 'x': -35.744, 'yaw': -3.142}, None, None
60.01, [INFO], robot3, {'battery-level': '68.55'}, None, None
70.06, [INFO], robot3, {'y': 18.059, 'x': -36.209, 'yaw': -3.136}, None, None
70.06, [INFO], robot3, {'battery-level': '67.91'}, None, None
80.00, [INFO], robot3, {'y': 17.369, 'x': -36.947, 'yaw': 3.141}, None, None
80.00, [INFO], robot3, {'battery-level': '67.27'}, None, None
90.04, [INFO], robot3, {'battery-level': '66.63'}, None, None
90.04, [INFO], robot3, {'y': 17.352, 'x': -37.034, 'yaw': -3.141}, None, None
100.04, [INFO], robot3, {'y': 17.318, 'x': -36.852, 'yaw': -3.142}, None, None
100.04, [INFO], robot3, {'battery-level': '65.99'}, None, None
110.04, [INFO], robot3, {'y': 17.211, 'x': -36.769, 'yaw': 3.142}, None, None
110.04, [INFO], robot3, {'battery-level': '65.35'}, None, None
120.05, [INFO], robot3, {'y': 17.344, 'x': -36.987, 'yaw': -3.141}, None, None
120.05, [INFO], robot3, {'battery-level': '64.71'}, None, None
130.06, [INFO], robot3, {'battery-level': '64.07'}, None, None
130.06, [INFO], robot3, {'y': 17.296, 'x': -36.854, 'yaw': -3.141}, None, None
140.06, [INFO], robot3, {'y': 17.092, 'x': -36.907, 'yaw': -3.142}, None, None
140.06, [INFO], robot3, {'battery-level': '63.43'}, None, None
150.02, [INFO], robot3, {'y': 17.28, 'x': -36.986, 'yaw': -3.141}, None, None
150.02, [INFO], robot3, {'battery-level': '62.79'}, None, None
160.03, [INFO], robot3, {'y': 17.243, 'x': -37.088, 'yaw': 3.142}, None, None
160.03, [INFO], robot3, {'battery-level': '62.15'}, None, None
170.08, [INFO], robot3, {'battery-level': '61.51'}, None, None
170.08, [INFO], robot3, {'y': 17.401, 'x': -36.871, 'yaw': 3.141}, None, None
180.06, [INFO], robot3, {'y': 17.229, 'x': -37.125, 'yaw': 3.141}, None, None
180.06, [INFO], robot3, {'battery-level': '60.87'}, None, None
190.07, [INFO], robot3, {'y': 17.191, 'x': -36.858, 'yaw': -3.142}, None, None
190.07, [INFO], robot3, {'battery-level': '60.23'}, None, None
200.07, [INFO], robot3, {'battery-level': '59.59'}, None, None
200.07, [INFO], robot3, {'y': 17.435, 'x': -37.063, 'yaw': 3.142}, None, None
210.04, [INFO], robot3, {'battery-level': '58.95'}, None, None
210.04, [INFO], robot3, {'y': 17.377, 'x': -37.053, 'yaw': 3.141}, None, None
220.09, [INFO], robot3, {'battery-level': '58.31'}, None, None
220.09, [INFO], robot3, {'y': 17.384, 'x': -36.916, 'yaw': 3.142}, None, None
229.52, [WARN], robot3, SKILL-FAILURE, navigation, navto_lab
230.06, [INFO], robot3, {'battery-level': '57.67'}, None, None
230.06, [INFO], robot3, {'y': 17.217, 'x': -36.903, 'yaw': -3.141}, None, None
