0.00, [DEBUG], nurse, NURSE_CONFIG={'location': 'IC Room 6', 'position': [-33.9, 18.93, 3.14]}, None, None
0.19, [DEBUG], logger, ROBOTS_CONFIG={'avg_speed': 0.15, 'battery_charge': 0.7258412726774711, 'battery_discharge_rate': 0.00076, 'id': 5, 'local_plan': [['navigation', ['IC Room 6', [[-13.5, 18.0, -1.57], [-13.5, 16.0], [-37.0, 16.0], [-37.0, 18.93], [-33.9, 18.93, 3.14]]], 'navto_room'], ['approach_person', ['nurse'], 'approach_nurse'], ['authenticate_person', ['nurse'], 'authenticate_nurse'], ['operate_drawer', ['open'], 'open_drawer_for_nurse'], ['send_message', ['nurse'], 'notify_nurse_of_open_drawer_for_nurse_completed'], ['wait_message', ['nurse'], 'wait_nurse_to_complete_deposit'], ['operate_drawer', ['close'], 'close_drawer_nurse'], ['navigation', ['Laboratory', [[-33.9, 18.93, 3.14], [-37.0, 18.93], [-37.0, 16.0], [-26.0, 16.0], [-26.0, 13.0, 1.57]]], 'navto_lab'], ['approach_robot', ['lab_arm'], 'approach_arm'], ['operate_drawer', ['open'], 'open_drawer_lab'], ['send_message', ['lab_arm'], 'notify_lab_arm_of_open_drawer_lab_completed'], ['wait_message', ['lab_arm'], 'wait_lab_arm_to_complete_pick_up_sample'], ['operate_drawer', ['close'], 'close_drawer_lab']], 'location': 'PC Room 7', 'name': 'r5', 'position': [-13.5, 18.0, -1.57], 'skills': ['approach_person', 'approach_robot', 'authenticate_person', 'navigation', 'operate_drawer']}, None, None
0.19, [DEBUG], logger, Simulation open, None, None
10.06, [INFO], robot5, {'battery-level': '71.90'}, None, None
10.06, [INFO], robot5, {'y': 17.352, 'x': -13.49, 'yaw': -3.142}, None, None
20.06, [INFO], robot5, {'y': 16.034, 'x': -14.511, 'yaw': -3.141}, None, None
20.06, [INFO], robot5, {'battery-level': '71.14'}, None, None
30.07, [INFO], robot5, {'battery-level': '70.38'}, None, None
30.07, [INFO], robot5, {'y': 15.939, 'x': -16.62, 'yaw': 3.14}, None, None
40.06, [INFO], robot5, {'y': 16.016, 'x': -18.717, 'yaw': 3.142}, None, None
40.06, [INFO], robot5, {'battery-level': '69.62'}, None, None
50.07, [INFO], robot5, {'y': 16.144, 'x': -20.822, 'yaw': -3.142}, None, None
50.07, [INFO], robot5, {'battery-level': '68.86'}, None, None
60.09, [INFO], robot5, {'battery-level': '68.10'}, None, None
60.09, [INFO], robot5, {'y': 16.086, 'x': -22.944, 'yaw': 3.142}, None, None
70.09, [INFO], robot5, {'y': 16.041, 'x': -25.052, 'yaw': 3.142}, None, None
70.09, [INFO], robot5, {'battery-level': '67.34'}, None, None
80.00, [INFO], robot5, {'battery-level': '66.58'}, None, None
80.00, [INFO], robot5, {'y': 16.04, 'x': -27.135, 'yaw': 3.139}, None, None
90.06, [INFO], robot5, {'battery-level': '65.82'}, None, None
90.06, [INFO], robot5, {'y': 16.144, 'x': -29.259, 'yaw': -3.142}, None, None
100.03, [INFO], robot5, {'battery-level': '65.06'}, None, None
100.03, [INFO], robot5, {'y': 16.01, 'x': -31.36, 'yaw': 3.141}, None, None
110.04, [INFO], robot5, {'battery-level': '64.30'}, None, None
110.04, [INFO], robot5, {'y': 15.665, 'x': -33.467, 'yaw': -3.142}, None, None
120.06, [INFO], robot5, {'battery-level': '63.54'}, None, None
120.06, [INFO], robot5, {'y': 15.508, 'x': -35.566, 'yaw': -3.142}, None, None
130.07, [INFO], robot5, {'y': 16.704, 'x': -36.726, 'yaw': -3.142}, None, None
130.07, [INFO], robot5, {'battery-level': '62.78'}, None, None
140.08, [INFO], robot5, {'y': 17.552, 'x': -36.754, 'yaw': -3.142}, None, None
140.08, [INFO], robot5, {'battery-level': '62.02'}, None, None
150.08, [INFO], robot5, {'battery-level': '61.26'}, None, None
150.08, [INFO], robot5, {'y': 17.629, 'x': -36.747, 'yaw': -3.142}, None, None
160.08, [INFO], robot5, {'battery-level': '60.50'}, None, None
160.08, [INFO], robot5, {'y': 17.783, 'x': -36.579, 'yaw': 3.141}, None, None
170.08, [INFO], robot5, {'battery-level': '59.74'}, None, None
170.08, [INFO], robot5, {'y': 18.06, 'x': -35.897, 'yaw': 3.136}, None, None
180.08, [INFO], robot5, {'y': 18.319, 'x': -35.669, 'yaw': -3.136}, None, None
180.08, [INFO], robot5, {'battery-level': '58.98'}, None, None
190.00, [INFO], robot5, {'y': 18.11, 'x': -35.538, 'yaw': -3.089}, None, None
190.00, [INFO], robot5, {'battery-level': '58.22'}, None, None
200.09, [INFO], robot5, {'y': 17.989, 'x': -35.38, 'yaw': 3.139}, None, None
200.09, [INFO], robot5, {'battery-level': '57.46'}, None, None
204.76, [WARN], robot5, SKILL-FAILURE, navigation, navto_room
