0.00, [DEBUG], nurse, NURSE_CONFIG={'location': 'IC Room 6', 'position': [-33.9, 18.93, 3.14]}, None, None
0.13, [DEBUG], logger, ROBOTS_CONFIG={'avg_speed': 0.15, 'battery_charge': 0.7232396784987936, 'battery_discharge_rate': 0.00064, 'id': 3, 'local_plan': [['navigation', ['IC Room 6', [[-38.0, 21.5, 0.0], [-37.0, 21.5], [-37.0, 18.93], [-33.9, 18.93, 3.14]]], 'navto_room'], ['approach_person', ['nurse'], 'approach_nurse'], ['authenticate_person', ['nurse'], 'authenticate_nurse'], ['operate_drawer', ['open'], 'open_drawer_for_nurse'], ['send_message', ['nurse'], 'notify_nurse_of_open_drawer_for_nurse_completed'], ['wait_message', ['nurse'], 'wait_nurse_to_complete_deposit'], ['operate_drawer', ['close'], 'close_drawer_nurse'], ['navigation', ['Laboratory', [[-33.9, 18.93, 3.14], [-37.0, 18.93], [-37.0, 16.0], [-26.0, 16.0], [-26.0, 13.0, 1.57]]], 'navto_lab'], ['approach_robot', ['lab_arm'], 'approach_arm'], ['operate_drawer', ['open'], 'open_drawer_lab'], ['send_message', ['lab_arm'], 'notify_lab_arm_of_open_drawer_lab_completed'], ['wait_message', ['lab_arm'], 'wait_lab_arm_to_complete_pick_up_sample'], ['operate_drawer', ['close'], 'close_drawer_lab']], 'location': 'IC Room 2', 'name': 'r3', 'position': [-38.0, 21.5, 0.0], 'skills': ['approach_person', 'approach_robot', 'authenticate_person', 'navigation', 'operate_drawer']}, None, None
0.13, [DEBUG], logger, Simulation open, None, None
10.06, [INFO], robot3, {'y': 21.539, 'x': -37.54, 'yaw': -3.141}, None, None
10.06, [INFO], robot3, {'battery-level': '71.75'}, None, None
20.03, [INFO], robot3, {'battery-level': '71.11'}, None, None
20.03, [INFO], robot3, {'y': 19.664, 'x': -37.079, 'yaw': 3.141}, None, None
30.07, [INFO], robot3, {'battery-level': '70.47'}, None, None
30.07, [INFO], robot3, {'y': 17.968, 'x': -35.855, 'yaw': 3.141}, None, None
40.02, [INFO], robot3, {'battery-level': '69.83'}, None, None
40.02, [INFO], robot3, {'y': 18.672, 'x': -34.115, 'yaw': 3.141}, None, None
48.52, [info], nurse, sync, received-request, (status=sending-request)
48.52, [info], nurse, sync, request-sent, (status=waiting)
48.52, [info], nurse, sync, wait-message, (status=message-received)
50.08, [INFO], robot3, {'battery-level': '69.19'}, None, None
50.08, [INFO], robot3, {'y': 18.985, 'x': -34.011, 'yaw': -3.14}, None, None
60.07, [INFO], robot3, {'battery-level': '68.55'}, None, None
60.07, [INFO], robot3, {'y': 17.777, 'x': -35.521, 'yaw': 3.14}, None, None
70.03, [INFO], robot3, {'y': 17.603, 'x': -37.049, 'yaw': 3.142}, None, None
70.03, [INFO], robot3, {'battery-level': '67.91'}, None, None
80.03, [INFO], robot3, {'y': 17.331, 'x': -37.062, 'yaw': 3.141}, None, None
80.03, [INFO], robot3, {'battery-level': '67.27'}, None, None
90.03, [INFO], robot3, {'battery-level': '66.63'}, None, None
90.03, [INFO], robot3, {'y': 17.421, 'x': -36.872, 'yaw': 3.141}, None, None
100.02, [INFO], robot3, {'y': 17.198, 'x': -37.019, 'yaw': 3.142}, None, None
100.02, [INFO], robot3, {'battery-level': '65.99'}, None, None
110.03, [INFO], robot3, {'y': 17.275, 'x': -36.826, 'yaw': -3.141}, None, None
110.03, [INFO], robot3, {'battery-level': '65.35'}, None, None
120.09, [INFO], robot3, {'battery-level': '64.71'}, None, None
120.09, [INFO], robot3, {'y': 17.33, 'x': -36.956, 'yaw': 3.142}, None, None
130.01, [INFO], robot3, {'y': 17.552, 'x': -37.018, 'yaw': -3.141}, None, None
130.01, [INFO], robot3, {'battery-level': '64.07'}, None, None
140.02, [INFO], robot3, {'battery-level': '63.43'}, None, None
140.02, [INFO], robot3, {'y': 17.255, 'x': -36.798, 'yaw': -3.142}, None, None
150.06, [INFO], robot3, {'battery-level': '62.79'}, None, None
150.06, [INFO], robot3, {'y': 17.404, 'x': -37.027, 'yaw': 3.142}, None, None
160.07, [INFO], robot3, {'battery-level': '62.15'}, None, None
160.07, [INFO], robot3, {'y': 17.313, 'x': -36.831, 'yaw': 3.141}, None, None
170.04, [INFO], robot3, {'y': 17.489, 'x': -36.811, 'yaw': 3.14}, None, None
170.04, [INFO], robot3, {'battery-level': '61.51'}, None, None
180.02, [INFO], robot3, {'y': 17.337, 'x': -37.129, 'yaw': 3.141}, None, None
180.02, [INFO], robot3, {'battery-level': '60.87'}, None, None
190.02, [INFO], robot3, {'battery-level': '60.23'}, None, None
190.02, [INFO], robot3, {'y': 17.368, 'x': -36.908, 'yaw': -3.141}, None, None
200.05, [INFO], robot3, {'y': 17.319, 'x': -37.088, 'yaw': -3.142}, None, None
200.05, [INFO], robot3, {'battery-level': '59.59'}, None, None
210.03, [INFO], robot3, {'y': 17.448, 'x': -36.888, 'yaw': 3.141}, None, None
210.03, [INFO], robot3, {'battery-level': '58.95'}, None, None
220.01, [INFO], robot3, {'battery-level': '58.31'}, None, None
220.01, [INFO], robot3, {'y': 17.278, 'x': -37.095, 'yaw': -3.141}, None, None
230.08, [INFO], robot3, {'battery-level': '57.67'}, None, None
230.08, [INFO], robot3, {'y': 17.375, 'x': -36.839, 'yaw': -3.141}, None, None
235.47, [WARN], robot3, SKILL-FAILURE, navigation, navto_lab
240.06, [INFO], robot3, {'battery-level': '57.03'}, None, None
240.06, [INFO], robot3, {'y': 17.478, 'x': -36.999, 'yaw': -3.142}, None, None
