0.00, [DEBUG], nurse, NURSE_CONFIG={'location': 'IC Room 2', 'position': [-38.0, 21.5, 0.0]}, None, None
0.00, [INFO], robot5, {'battery-level': '72.58'}, None, None
0.20, [DEBUG], logger, ROBOTS_CONFIG={'avg_speed': 0.15, 'battery_charge': 0.7258412726774711, 'battery_discharge_rate': 0.00076, 'id': 5, 'local_plan': [['navigation', ['IC Room 2', [[-11.5, 18.0, -1.57], [-11.5, 16.0], [-37.0, 16.0], [-37.0, 21.5], [-38.0, 21.5, 0.0]]], 'navto_room'], ['approach_person', ['nurse'], 'approach_nurse'], ['authenticate_person', ['nurse'], 'authenticate_nurse'], ['operate_drawer', ['open'], 'open_drawer_for_nurse'], ['send_message', ['nurse'], 'notify_nurse_of_open_drawer_for_nurse_completed'], ['wait_message', ['nurse'], 'wait_nurse_to_complete_deposit'], ['operate_drawer', ['close'], 'close_drawer_nurse'], ['navigation', ['Laboratory', [[-38.0, 21.5, 0.0], [-37.0, 21.5], [-37.0, 16.0], [-26.0, 16.0], [-26.0, 13.0, 1.57]]], 'navto_lab'], ['approach_robot', ['lab_arm'], 'approach_arm'], ['operate_drawer', ['open'], 'open_drawer_lab'], ['send_message', ['lab_arm'], 'notify_lab_arm_of_open_drawer_lab_completed'], ['wait_message', ['lab_arm'], 'wait_lab_arm_to_complete_pick_up_sample'], ['operate_drawer', ['close'], 'close_drawer_lab']], 'location': 'PC Room 8', 'name': 'r5', 'position': [-11.5, 18.0, -1.57], 'skills': ['approach_person', 'approach_robot', 'authenticate_person', 'navigation', 'operate_drawer']}, None, None
0.20, [DEBUG], logger, Simulation open, None, None
10.02, [INFO], robot5, {'battery-level': '71.90'}, None, None
10.02, [INFO], robot5, {'y': 17.869, 'x': -11.507, 'yaw': -3.141}, None, None
20.01, [INFO], robot5, {'battery-level': '71.14'}, None, None
20.01, [INFO], robot5, {'y': 16.337, 'x': -12.554, 'yaw': 3.14}, None, None
30.07, [INFO], robot5, {'battery-level': '70.38'}, None, None
30.07, [INFO], robot5, {'y': 16.251, 'x': -14.677, 'yaw': -3.142}, None, None
40.06, [INFO], robot5, {'y': 16.167, 'x': -16.792, 'yaw': 3.141}, None, None
40.06, [INFO], robot5, {'battery-level': '69.62'}, None, None
50.06, [INFO], robot5, {'battery-level': '68.86'}, None, None
50.06, [INFO], robot5, {'y': 16.202, 'x': -18.902, 'yaw': -3.14}, None, None
60.07, [INFO], robot5, {'y': 16.356, 'x': -21.02, 'yaw': 3.142}, None, None
60.07, [INFO], robot5, {'battery-level': '68.10'}, None, None
70.08, [INFO], robot5, {'battery-level': '67.34'}, None, None
70.08, [INFO], robot5, {'y': 16.209, 'x': -23.129, 'yaw': -3.142}, None, None
80.04, [INFO], robot5, {'battery-level': '66.58'}, None, None
80.04, [INFO], robot5, {'y': 16.141, 'x': -25.235, 'yaw': 3.141}, None, None
90.06, [INFO], robot5, {'y': 16.091, 'x': -27.357, 'yaw': -3.142}, None, None
90.06, [INFO], robot5, {'battery-level': '65.82'}, None, None
100.07, [INFO], robot5, {'y': 16.147, 'x': -29.466, 'yaw': -3.142}, None, None
100.07, [INFO], robot5, {'battery-level': '65.06'}, None, None
110.07, [INFO], robot5, {'battery-level': '64.30'}, None, None
110.07, [INFO], robot5, {'y': 15.972, 'x': -31.575, 'yaw': 3.141}, None, None
120.08, [INFO], robot5, {'battery-level': '63.54'}, None, None
120.08, [INFO], robot5, {'y': 15.569, 'x': -33.69, 'yaw': -3.142}, None, None
130.02, [INFO], robot5, {'battery-level': '62.78'}, None, None
130.02, [INFO], robot5, {'y': 15.538, 'x': -35.776, 'yaw': -3.141}, None, None
140.01, [INFO], robot5, {'y': 16.879, 'x': -36.875, 'yaw': 3.142}, None, None
140.01, [INFO], robot5, {'battery-level': '62.02'}, None, None
150.03, [INFO], robot5, {'battery-level': '61.26'}, None, None
150.03, [INFO], robot5, {'y': 18.991, 'x': -36.915, 'yaw': -3.141}, None, None
160.03, [INFO], robot5, {'battery-level': '60.50'}, None, None
160.03, [INFO], robot5, {'y': 21.108, 'x': -37.0, 'yaw': 3.142}, None, None
170.04, [INFO], robot5, {'y': 21.494, 'x': -38.104, 'yaw': -3.141}, None, None
170.04, [INFO], robot5, {'battery-level': '59.74'}, None, None
174.08, [info], nurse, sync, received-request, (status=sending-request)
174.08, [info], nurse, sync, request-sent, (status=waiting)
174.08, [info], nurse, sync, wait-message, (status=message-received)
180.03, [INFO], robot5, {'battery-level': '58.98'}, None, None
180.03, [INFO], robot5, {'y': 21.153, 'x': -37.243, 'yaw': 3.142}, None, None
190.01, [INFO], robot5, {'y': 19.064, 'x': -37.16, 'yaw': -3.142}, None, None
190.01, [INFO], robot5, {'battery-level': '58.22'}, None, None
200.08, [INFO], robot5, {'battery-level': '57.46'}, None, None
200.08, [INFO], robot5, {'y': 16.933, 'x': -37.148, 'yaw': 3.14}, None, None
210.08, [INFO], robot5, {'battery-level': '56.70'}, None, None
210.08, [INFO], robot5, {'y': 15.783, 'x': -35.703, 'yaw': 3.141}, None, None
220.01, [INFO], robot5, {'y': 15.399, 'x': -33.64, 'yaw': -3.141}, None, None
220.01, [INFO], robot5, {'battery-level': '55.94'}, None, None
230.01, [INFO], robot5, {'y': 15.512, 'x': -31.514, 'yaw': -3.141}, None, None
230.01, [INFO], robot5, {'battery-level': '55.18'}, None, None
240.01, [INFO], robot5, {'y': 15.674, 'x': -29.396, 'yaw': 3.142}, None, None
240.01, [INFO], robot5, {'battery-level': '54.42'}, None, None
250.02, [INFO], robot5, {'battery-level': '53.66'}, None, None
250.02, [INFO], robot5, {'y': 15.76, 'x': -27.287, 'yaw': 3.142}, None, None
260.02, [INFO], robot5, {'battery-level': '52.90'}, None, None
260.02, [INFO], robot5, {'y': 14.76, 'x': -25.837, 'yaw': -3.142}, None, None
270.01, [INFO], robot5, {'battery-level': '52.14'}, None, None
270.01, [INFO], robot5, {'y': 12.937, 'x': -25.92, 'yaw': -3.142}, None, None
276.51, [info], lab_arm, sync, wait-message, (status=message-received)
277.42, [WARN], robot5, SUCCESS, None, None
280.07, [INFO], robot5, {'battery-level': '51.38'}, None, None
280.07, [INFO], robot5, {'y': 12.869, 'x': -25.956, 'yaw': -3.142}, None, None
