0.00, [DEBUG], nurse, NURSE_CONFIG={'location': 'PC Room 3', 'position': [-28.5, 18.0, -1.57]}, None, None
0.00, [INFO], robot2, {'battery-level': '57.79'}, None, None
0.00, [DEBUG], logger, ROBOTS_CONFIG={'avg_speed': 0.15, 'battery_charge': 0.5779176354739738, 'battery_discharge_rate': 0.00026000000000000003, 'id': 2, 'local_plan': [['navigation', ['PC Room 3', [[-21.0, 18.0, -1.57], [-21.0, 16.0], [-28.5, 16.0], [-28.5, 18.0, -1.57]]], 'navto_room'], ['approach_person', ['nurse'], 'approach_nurse'], ['authenticate_person', ['nurse'], 'authenticate_nurse'], ['operate_drawer', ['open'], 'open_drawer_for_nurse'], ['send_message', ['nurse'], 'notify_nurse_of_open_drawer_for_nurse_completed'], ['wait_message', ['nurse'], 'wait_nurse_to_complete_deposit'], ['operate_drawer', ['close'], 'close_drawer_nurse'], ['navigation', ['Laboratory', [[-28.5, 18.0, -1.57], [-28.5, 16.0], [-26.0, 16.0], [-26.0, 13.0, 1.57]]], 'navto_lab'], ['approach_robot', ['lab_arm'], 'approach_arm'], ['operate_drawer', ['open'], 'open_drawer_lab'], ['send_message', ['lab_arm'], 'notify_lab_arm_of_open_drawer_lab_completed'], ['wait_message', ['lab_arm'], 'wait_lab_arm_to_complete_pick_up_sample'], ['operate_drawer', ['close'], 'close_drawer_lab']], 'location': 'PC Room 5', 'name': 'r2', 'position': [-21.0, 18.0, -1.57], 'skills': ['approach_person', 'approach_robot', 'authenticate_person', 'navigation', 'operate_drawer']}, None, None
0.00, [DEBUG], logger, Simulation open, None, None
10.06, [INFO], robot2, {'battery-level': '57.56'}, None, None
10.06, [INFO], robot2, {'y': 17.52, 'x': -20.968, 'yaw': 3.142}, None, None
20.07, [INFO], robot2, {'battery-level': '57.30'}, None, None
20.07, [INFO], robot2, {'y': 16.07, 'x': -21.769, 'yaw': -3.141}, None, None
30.05, [INFO], robot2, {'battery-level': '57.04'}, None, None
30.05, [INFO], robot2, {'y': 16.022, 'x': -23.871, 'yaw': 3.14}, None, None
40.07, [INFO], robot2, {'battery-level': '56.78'}, None, None
40.07, [INFO], robot2, {'y': 16.02, 'x': -25.991, 'yaw': 3.14}, None, None
50.08, [INFO], robot2, {'y': 16.066, 'x': -28.102, 'yaw': -3.141}, None, None
50.08, [INFO], robot2, {'battery-level': '56.52'}, None, None
60.06, [INFO], robot2, {'battery-level': '56.26'}, None, None
60.06, [INFO], robot2, {'y': 17.802, 'x': -28.633, 'yaw': 3.142}, None, None
70.05, [INFO], robot2, {'y': 17.966, 'x': -28.649, 'yaw': -3.141}, None, None
70.05, [INFO], robot2, {'battery-level': '56.00'}, None, None
73.94, [info], nurse, sync, received-request, (status=sending-request)
73.94, [info], nurse, sync, request-sent, (status=waiting)
73.94, [info], nurse, sync, wait-message, (status=message-received)
80.05, [INFO], robot2, {'battery-level': '55.74'}, None, None
80.05, [INFO], robot2, {'y': 16.92, 'x': -28.747, 'yaw': 3.139}, None, None
90.06, [INFO], robot2, {'y': 16.043, 'x': -27.361, 'yaw': 3.142}, None, None
90.06, [INFO], robot2, {'battery-level': '55.48'}, None, None
100.05, [INFO], robot2, {'y': 14.953, 'x': -25.933, 'yaw': 3.142}, None, None
100.05, [INFO], robot2, {'battery-level': '55.22'}, None, None
110.05, [INFO], robot2, {'y': 13.029, 'x': -25.898, 'yaw': -3.142}, None, None
110.05, [INFO], robot2, {'battery-level': '54.96'}, None, None
118.49, [info], lab_arm, sync, wait-message, (status=message-received)
119.47, [WARN], robot2, SUCCESS, None, None
