0.00, [DEBUG], nurse, NURSE_CONFIG={'location': 'IC Room 6', 'position': [-33.9, 18.93, 3.14]}, None, None
0.00, [INFO], robot4, {'battery-level': '48.63'}, None, None
0.18, [DEBUG], logger, ROBOTS_CONFIG={'avg_speed': 0.15, 'battery_charge': 0.4863040833267539, 'battery_discharge_rate': 0.00026000000000000003, 'id': 4, 'local_plan': [['navigation', ['IC Room 6', [[-39.44, 33.95, 0.0], [-37.0, 33.95], [-37.0, 18.93], [-33.9, 18.93, 3.14]]], 'navto_room'], ['approach_person', ['nurse'], 'approach_nurse'], ['authenticate_person', ['nurse'], 'authenticate_nurse'], ['operate_drawer', ['open'], 'open_drawer_for_nurse'], ['send_message', ['nurse'], 'notify_nurse_of_open_drawer_for_nurse_completed'], ['wait_message', ['nurse'], 'wait_nurse_to_complete_deposit'], ['operate_drawer', ['close'], 'close_drawer_nurse'], ['navigation', ['Laboratory', [[-33.9, 18.93, 3.14], [-37.0, 18.93], [-37.0, 16.0], [-26.0, 16.0], [-26.0, 13.0, 1.57]]], 'navto_lab'], ['approach_robot', ['lab_arm'], 'approach_arm'], ['operate_drawer', ['open'], 'open_drawer_lab'], ['send_message', ['lab_arm'], 'notify_lab_arm_of_open_drawer_lab_completed'], ['wait_message', ['lab_arm'], 'wait_lab_arm_to_complete_pick_up_sample'], ['operate_drawer', ['close'], 'close_drawer_lab']], 'location': 'IC Room 4', 'name': 'r4', 'position': [-39.44, 33.95, 0.0], 'skills': ['approach_person', 'approach_robot', 'authenticate_person', 'navigation', 'operate_drawer']}, None, None
0.18, [DEBUG], logger, Simulation open, None, None
10.06, [INFO], robot4, {'y': 33.951, 'x': -39.441, 'yaw': 3.141}, None, None
10.06, [INFO], robot4, {'battery-level': '48.40'}, None, None
20.00, [INFO], robot4, {'battery-level': '48.14'}, None, None
20.00, [INFO], robot4, {'y': 34.537, 'x': -37.84, 'yaw': 3.14}, None, None
30.05, [INFO], robot4, {'battery-level': '47.88'}, None, None
30.05, [INFO], robot4, {'y': 32.866, 'x': -37.024, 'yaw': 3.141}, None, None
40.08, [INFO], robot4, {'y': 30.744, 'x': -37.024, 'yaw': 3.141}, None, None
40.08, [INFO], robot4, {'battery-level': '47.62'}, None, None
50.04, [INFO], robot4, {'y': 28.651, 'x': -37.002, 'yaw': 3.141}, None, None
50.04, [INFO], robot4, {'battery-level': '47.36'}, None, None
60.09, [INFO], robot4, {'battery-level': '47.10'}, None, None
60.09, [INFO], robot4, {'y': 26.531, 'x': -36.994, 'yaw': 3.141}, None, None
70.05, [INFO], robot4, {'battery-level': '46.84'}, None, None
70.05, [INFO], robot4, {'y': 24.438, 'x': -37.008, 'yaw': 3.141}, None, None
80.09, [INFO], robot4, {'battery-level': '46.58'}, None, None
80.09, [INFO], robot4, {'y': 22.316, 'x': -37.055, 'yaw': -3.141}, None, None
90.02, [INFO], robot4, {'battery-level': '46.32'}, None, None
90.02, [INFO], robot4, {'y': 20.227, 'x': -37.117, 'yaw': -3.141}, None, None
100.05, [INFO], robot4, {'battery-level': '46.06'}, None, None
100.05, [INFO], robot4, {'y': 18.346, 'x': -36.399, 'yaw': 3.139}, None, None
110.09, [INFO], robot4, {'battery-level': '45.80'}, None, None
110.09, [INFO], robot4, {'y': 18.005, 'x': -34.521, 'yaw': 3.137}, None, None
120.03, [INFO], robot4, {'y': 18.944, 'x': -33.9, 'yaw': 3.141}, None, None
120.03, [INFO], robot4, {'battery-level': '45.54'}, None, None
123.57, [info], nurse, sync, received-request, (status=sending-request)
123.57, [info], nurse, sync, request-sent, (status=waiting)
123.57, [info], nurse, sync, wait-message, (status=message-received)
130.05, [INFO], robot4, {'battery-level': '45.28'}, None, None
130.05, [INFO], robot4, {'y': 18.136, 'x': -34.561, 'yaw': 3.142}, None, None
140.09, [INFO], robot4, {'battery-level': '45.02'}, None, None
140.09, [INFO], robot4, {'y': 18.14, 'x': -36.393, 'yaw': -3.14}, None, None
150.03, [INFO], robot4, {'battery-level': '44.76'}, None, None
150.03, [INFO], robot4, {'y': 17.377, 'x': -36.797, 'yaw': 3.141}, None, None
160.06, [INFO], robot4, {'battery-level': '44.50'}, None, None
160.06, [INFO], robot4, {'y': 17.326, 'x': -37.076, 'yaw': -3.141}, None, None
170.09, [INFO], robot4, {'y': 17.264, 'x': -36.786, 'yaw': -3.141}, None, None
170.09, [INFO], robot4, {'battery-level': '44.24'}, None, None
180.01, [INFO], robot4, {'battery-level': '43.98'}, None, None
180.01, [INFO], robot4, {'y': 17.377, 'x': -36.701, 'yaw': -3.141}, None, None
190.01, [INFO], robot4, {'y': 17.329, 'x': -37.1, 'yaw': 3.141}, None, None
190.01, [INFO], robot4, {'battery-level': '43.72'}, None, None
200.05, [INFO], robot4, {'battery-level': '43.46'}, None, None
200.05, [INFO], robot4, {'y': 17.34, 'x': -37.056, 'yaw': -3.142}, None, None
210.08, [INFO], robot4, {'battery-level': '43.20'}, None, None
210.08, [INFO], robot4, {'y': 17.287, 'x': -36.793, 'yaw': -3.142}, None, None
220.00, [INFO], robot4, {'y': 17.24, 'x': -36.906, 'yaw': -3.141}, None, None
220.00, [INFO], robot4, {'battery-level': '42.94'}, None, None
230.01, [INFO], robot4, {'y': 17.431, 'x': -36.952, 'yaw': -3.141}, None, None
230.01, [INFO], robot4, {'battery-level': '42.68'}, None, None
240.05, [INFO], robot4, {'battery-level': '42.42'}, None, None
240.05, [INFO], robot4, {'y': 17.171, 'x': -36.818, 'yaw': 3.14}, None, None
250.05, [INFO], robot4, {'battery-level': '42.16'}, None, None
250.05, [INFO], robot4, {'y': 17.258, 'x': -37.008, 'yaw': 3.141}, None, None
260.09, [INFO], robot4, {'battery-level': '41.90'}, None, None
260.09, [INFO], robot4, {'y': 17.442, 'x': -36.886, 'yaw': -3.141}, None, None
270.02, [INFO], robot4, {'battery-level': '41.64'}, None, None
270.02, [INFO], robot4, {'y': 17.305, 'x': -36.967, 'yaw': 3.141}, None, None
280.06, [INFO], robot4, {'battery-level': '41.38'}, None, None
280.06, [INFO], robot4, {'y': 17.416, 'x': -36.915, 'yaw': -3.141}, None, None
290.09, [INFO], robot4, {'y': 17.32, 'x': -36.922, 'yaw': 3.142}, None, None
290.09, [INFO], robot4, {'battery-level': '41.12'}, None, None
300.02, [INFO], robot4, {'battery-level': '40.86'}, None, None
300.02, [INFO], robot4, {'y': 17.352, 'x': -36.928, 'yaw': -3.142}, None, None
310.05, [INFO], robot4, {'y': 17.351, 'x': -36.929, 'yaw': 3.142}, None, None
310.05, [INFO], robot4, {'battery-level': '40.60'}, None, None
314.44, [WARN], robot4, SKILL-FAILURE, navigation, navto_lab
