0.00, [INFO], robot4, {'battery-level': '48.63'}, None, None
0.19, [DEBUG], logger, ROBOTS_CONFIG={'avg_speed': 0.15, 'battery_charge': 0.4863040833267539, 'battery_discharge_rate': 0.00026000000000000003, 'id': 4, 'local_plan': [['navigation', ['IC Room 2', [[-32.88, 33.98, 3.14], [-37.0, 33.98], [-37.0, 21.5], [-38.0, 21.5, 0.0]]], 'navto_room'], ['approach_person', ['nurse'], 'approach_nurse'], ['authenticate_person', ['nurse'], 'authenticate_nurse'], ['operate_drawer', ['open'], 'open_drawer_for_nurse'], ['send_message', ['nurse'], 'notify_nurse_of_open_drawer_for_nurse_completed'], ['wait_message', ['nurse'], 'wait_nurse_to_complete_deposit'], ['operate_drawer', ['close'], 'close_drawer_nurse'], ['navigation', ['Laboratory', [[-38.0, 21.5, 0.0], [-37.0, 21.5], [-37.0, 16.0], [-26.0, 16.0], [-26.0, 13.0, 1.57]]], 'navto_lab'], ['approach_robot', ['lab_arm'], 'approach_arm'], ['operate_drawer', ['open'], 'open_drawer_lab'], ['send_message', ['lab_arm'], 'notify_lab_arm_of_open_drawer_lab_completed'], ['wait_message', ['lab_arm'], 'wait_lab_arm_to_complete_pick_up_sample'], ['operate_drawer', ['close'], 'close_drawer_lab']], 'location': 'IC Room 5', 'name': 'r4', 'position': [-32.88, 33.98, 3.14], 'skills': ['approach_person', 'approach_robot', 'authenticate_person', 'navigation', 'operate_drawer']}, None, None
0.19, [DEBUG], logger, Simulation open, None, None
10.03, [INFO], robot4, {'y': 33.98, 'x': -32.88, 'yaw': -3.142}, None, None
10.03, [INFO], robot4, {'battery-level': '48.40'}, None, None
20.07, [INFO], robot4, {'battery-level': '48.14'}, None, None
20.07, [INFO], robot4, {'y': 34.21, 'x': -33.886, 'yaw': -3.142}, None, None
30.02, [INFO], robot4, {'y': 34.617, 'x': -35.928, 'yaw': 3.141}, None, None
30.02, [INFO], robot4, {'battery-level': '47.88'}, None, None
40.01, [INFO], robot4, {'battery-level': '47.62'}, None, None
40.01, [INFO], robot4, {'y': 32.873, 'x': -36.62, 'yaw': -3.142}, None, None
50.08, [INFO], robot4, {'battery-level': '47.36'}, None, None
50.08, [INFO], robot4, {'y': 30.751, 'x': -36.692, 'yaw': -3.142}, None, None
60.09, [INFO], robot4, {'battery-level': '47.10'}, None, None
60.09, [INFO], robot4, {'y': 28.651, 'x': -36.746, 'yaw': -3.142}, None, None
70.04, [INFO], robot4, {'y': 26.557, 'x': -36.82, 'yaw': 3.142}, None, None
70.04, [INFO], robot4, {'battery-level': '46.84'}, None, None
80.08, [INFO], robot4, {'y': 24.443, 'x': -36.848, 'yaw': 3.14}, None, None
80.08, [INFO], robot4, {'battery-level': '46.58'}, None, None
90.02, [INFO], robot4, {'y': 22.343, 'x': -36.972, 'yaw': 3.141}, None, None
90.02, [INFO], robot4, {'battery-level': '46.32'}, None, None
100.08, [INFO], robot4, {'y': 21.382, 'x': -38.007, 'yaw': 3.142}, None, None
100.08, [INFO], robot4, {'battery-level': '46.06'}, None, None
108.97, [info], nurse, sync, received-request, (status=sending-request)
108.97, [info], nurse, sync, request-sent, (status=waiting)
108.97, [info], nurse, sync, wait-message, (status=message-received)
110.04, [INFO], robot4, {'battery-level': '45.80'}, None, None
110.04, [INFO], robot4, {'y': 21.418, 'x': -38.057, 'yaw': 3.137}, None, None
120.01, [INFO], robot4, {'y': 20.076, 'x': -37.165, 'yaw': -3.137}, None, None
120.01, [INFO], robot4, {'battery-level': '45.54'}, None, None
130.01, [INFO], robot4, {'battery-level': '45.28'}, None, None
130.01, [INFO], robot4, {'y': 17.965, 'x': -37.107, 'yaw': 3.142}, None, None
140.03, [INFO], robot4, {'battery-level': '45.02'}, None, None
140.03, [INFO], robot4, {'y': 16.081, 'x': -36.613, 'yaw': 3.141}, None, None
150.05, [INFO], robot4, {'battery-level': '44.76'}, None, None
150.05, [INFO], robot4, {'y': 15.424, 'x': -34.563, 'yaw': 3.142}, None, None
160.06, [INFO], robot4, {'battery-level': '44.50'}, None, None
160.06, [INFO], robot4, {'y': 15.549, 'x': -32.442, 'yaw': -3.142}, None, None
170.00, [INFO], robot4, {'battery-level': '44.24'}, None, None
170.00, [INFO], robot4, {'y': 15.611, 'x': -30.348, 'yaw': 3.141}, None, None
180.06, [INFO], robot4, {'battery-level': '43.98'}, None, None
180.06, [INFO], robot4, {'y': 15.801, 'x': -28.232, 'yaw': -3.142}, None, None
190.05, [INFO], robot4, {'y': 15.615, 'x': -26.165, 'yaw': 3.142}, None, None
190.05, [INFO], robot4, {'battery-level': '43.72'}, None, None
200.06, [INFO], robot4, {'battery-level': '43.46'}, None, None
200.06, [INFO], robot4, {'y': 13.562, 'x': -25.709, 'yaw': -3.142}, None, None
210.02, [INFO], robot4, {'y': 12.863, 'x': -25.915, 'yaw': -3.142}, None, None
210.02, [INFO], robot4, {'battery-level': '43.20'}, None, None
211.44, [info], lab_arm, sync, wait-message, (status=message-received)
212.35, [WARN], robot4, SUCCESS, None, None
220.02, [INFO], robot4, {'y': 12.886, 'x': -25.91, 'yaw': -3.142}, None, None
220.02, [INFO], robot4, {'battery-level': '42.94'}, None, None
