0.00, [DEBUG], nurse, NURSE_CONFIG={'location': 'IC Room 2', 'position': [-38.0, 21.5, 0.0]}, None, None
0.00, [INFO], robot3, {'battery-level': '72.32'}, None, None
0.19, [DEBUG], logger, ROBOTS_CONFIG={'avg_speed': 0.15, 'battery_charge': 0.7232396784987936, 'battery_discharge_rate': 0.0004, 'id': 3, 'local_plan': [['navigation', ['IC Room 2', [[-13.5, 18.0, -1.57], [-13.5, 16.0], [-37.0, 16.0], [-37.0, 21.5], [-38.0, 21.5, 0.0]]], 'navto_room'], ['approach_person', ['nurse'], 'approach_nurse'], ['authenticate_person', ['nurse'], 'authenticate_nurse'], ['operate_drawer', ['open'], 'open_drawer_for_nurse'], ['send_message', ['nurse'], 'notify_nurse_of_open_drawer_for_nurse_completed'], ['wait_message', ['nurse'], 'wait_nurse_to_complete_deposit'], ['operate_drawer', ['close'], 'close_drawer_nurse'], ['navigation', ['Laboratory', [[-38.0, 21.5, 0.0], [-37.0, 21.5], [-37.0, 16.0], [-26.0, 16.0], [-26.0, 13.0, 1.57]]], 'navto_lab'], ['approach_robot', ['lab_arm'], 'approach_arm'], ['operate_drawer', ['open'], 'open_drawer_lab'], ['send_message', ['lab_arm'], 'notify_lab_arm_of_open_drawer_lab_completed'], ['wait_message', ['lab_arm'], 'wait_lab_arm_to_complete_pick_up_sample'], ['operate_drawer', ['close'], 'close_drawer_lab']], 'location': 'PC Room 7', 'name': 'r3', 'position': [-13.5, 18.0, -1.57], 'skills': ['approach_person', 'approach_robot', 'navigation', 'operate_drawer']}, None, None
0.19, [DEBUG], logger, Simulation open, None, None
10.01, [INFO], robot3, {'y': 17.566, 'x': -13.499, 'yaw': 3.142}, None, None
10.01, [INFO], robot3, {'battery-level': '71.96'}, None, None
20.08, [INFO], robot3, {'y': 16.065, 'x': -14.301, 'yaw': 3.141}, None, None
20.08, [INFO], robot3, {'battery-level': '71.56'}, None, None
30.03, [INFO], robot3, {'battery-level': '71.16'}, None, None
30.03, [INFO], robot3, {'y': 15.958, 'x': -16.398, 'yaw': 3.14}, None, None
40.09, [INFO], robot3, {'battery-level': '70.76'}, None, None
40.09, [INFO], robot3, {'y': 15.985, 'x': -18.529, 'yaw': -3.141}, None, None
50.02, [INFO], robot3, {'y': 16.192, 'x': -20.614, 'yaw': 3.137}, None, None
50.02, [INFO], robot3, {'battery-level': '70.36'}, None, None
60.02, [INFO], robot3, {'battery-level': '69.96'}, None, None
60.02, [INFO], robot3, {'y': 16.142, 'x': -22.73, 'yaw': 3.142}, None, None
70.00, [INFO], robot3, {'y': 16.043, 'x': -24.836, 'yaw': 3.14}, None, None
70.00, [INFO], robot3, {'battery-level': '69.56'}, None, None
80.01, [INFO], robot3, {'battery-level': '69.16'}, None, None
80.01, [INFO], robot3, {'y': 16.063, 'x': -26.941, 'yaw': -3.138}, None, None
90.02, [INFO], robot3, {'battery-level': '68.76'}, None, None
90.02, [INFO], robot3, {'y': 16.156, 'x': -29.065, 'yaw': 3.141}, None, None
100.05, [INFO], robot3, {'battery-level': '68.36'}, None, None
100.05, [INFO], robot3, {'y': 15.987, 'x': -31.165, 'yaw': 3.141}, None, None
110.01, [INFO], robot3, {'battery-level': '67.96'}, None, None
110.01, [INFO], robot3, {'y': 15.701, 'x': -33.271, 'yaw': 3.138}, None, None
120.05, [INFO], robot3, {'y': 15.434, 'x': -35.379, 'yaw': -3.141}, None, None
120.05, [INFO], robot3, {'battery-level': '67.56'}, None, None
130.08, [INFO], robot3, {'battery-level': '67.16'}, None, None
130.08, [INFO], robot3, {'y': 16.614, 'x': -36.497, 'yaw': -3.142}, None, None
140.01, [INFO], robot3, {'y': 18.704, 'x': -36.628, 'yaw': 3.141}, None, None
140.01, [INFO], robot3, {'battery-level': '66.76'}, None, None
150.08, [INFO], robot3, {'battery-level': '66.36'}, None, None
150.08, [INFO], robot3, {'y': 20.828, 'x': -36.875, 'yaw': 3.141}, None, None
160.00, [INFO], robot3, {'battery-level': '65.96'}, None, None
160.00, [INFO], robot3, {'y': 21.474, 'x': -38.096, 'yaw': -3.142}, None, None
165.53, [WARN], robot3, NO-SKILL, authenticate_person, authenticate_nurse
170.01, [INFO], robot3, {'y': 21.458, 'x': -38.113, 'yaw': 3.142}, None, None
170.01, [INFO], robot3, {'battery-level': '65.56'}, None, None
