0.00, [INFO], robot3, {'battery-level': '72.32'}, None, None
0.00, [DEBUG], nurse, NURSE_CONFIG={'location': 'IC Room 6', 'position': [-33.9, 18.93, 3.14]}, None, None
0.12, [DEBUG], logger, ROBOTS_CONFIG={'avg_speed': 0.15, 'battery_charge': 0.7232396784987936, 'battery_discharge_rate': 0.0004, 'id': 3, 'local_plan': [['navigation', ['IC Room 6', [[-38.0, 21.5, 0.0], [-37.0, 21.5], [-37.0, 18.93], [-33.9, 18.93, 3.14]]], 'navto_room'], ['approach_person', ['nurse'], 'approach_nurse'], ['authenticate_person', ['nurse'], 'authenticate_nurse'], ['operate_drawer', ['open'], 'open_drawer_for_nurse'], ['send_message', ['nurse'], 'notify_nurse_of_open_drawer_for_nurse_completed'], ['wait_message', ['nurse'], 'wait_nurse_to_complete_deposit'], ['operate_drawer', ['close'], 'close_drawer_nurse'], ['navigation', ['Laboratory', [[-33.9, 18.93, 3.14], [-37.0, 18.93], [-37.0, 16.0], [-26.0, 16.0], [-26.0, 13.0, 1.57]]], 'navto_lab'], ['approach_robot', ['lab_arm'], 'approach_arm'], ['operate_drawer', ['open'], 'open_drawer_lab'], ['send_message', ['lab_arm'], 'notify_lab_arm_of_open_drawer_lab_completed'], ['wait_message', ['lab_arm'], 'wait_lab_arm_to_complete_pick_up_sample'], ['operate_drawer', ['close'], 'close_drawer_lab']], 'location': 'IC Room 2', 'name': 'r3', 'position': [-38.0, 21.5, 0.0], 'skills': ['approach_person', 'approach_robot', 'authenticate_person', 'navigation', 'operate_drawer']}, None, None
0.12, [DEBUG], logger, Simulation open, None, None
10.06, [INFO], robot3, {'y': 21.507, 'x': -37.336, 'yaw': 3.141}, None, None
10.06, [INFO], robot3, {'battery-level': '71.96'}, None, None
20.05, [INFO], robot3, {'battery-level': '71.56'}, None, None
20.05, [INFO], robot3, {'y': 19.455, 'x': -37.079, 'yaw': 3.136}, None, None
30.05, [INFO], robot3, {'y': 17.824, 'x': -35.72, 'yaw': -3.141}, None, None
30.05, [INFO], robot3, {'battery-level': '71.16'}, None, None
40.05, [INFO], robot3, {'battery-level': '70.76'}, None, None
40.05, [INFO], robot3, {'y': 18.727, 'x': -34.064, 'yaw': -3.142}, None, None
48.48, [info], nurse, sync, received-request, (status=sending-request)
48.48, [info], nurse, sync, request-sent, (status=waiting)
48.48, [info], nurse, sync, wait-message, (status=message-received)
50.04, [INFO], robot3, {'battery-level': '70.36'}, None, None
50.04, [INFO], robot3, {'y': 18.947, 'x': -33.998, 'yaw': -3.14}, None, None
60.02, [INFO], robot3, {'battery-level': '69.96'}, None, None
60.02, [INFO], robot3, {'y': 17.783, 'x': -35.585, 'yaw': 3.141}, None, None
70.00, [INFO], robot3, {'battery-level': '69.56'}, None, None
70.00, [INFO], robot3, {'y': 17.71, 'x': -37.045, 'yaw': 3.141}, None, None
80.02, [INFO], robot3, {'y': 17.244, 'x': -37.126, 'yaw': -3.141}, None, None
80.02, [INFO], robot3, {'battery-level': '69.16'}, None, None
90.00, [INFO], robot3, {'battery-level': '68.76'}, None, None
90.00, [INFO], robot3, {'y': 17.263, 'x': -37.023, 'yaw': -3.141}, None, None
100.01, [INFO], robot3, {'y': 17.23, 'x': -37.081, 'yaw': -3.142}, None, None
100.01, [INFO], robot3, {'battery-level': '68.36'}, None, None
110.08, [INFO], robot3, {'battery-level': '67.96'}, None, None
110.08, [INFO], robot3, {'y': 17.239, 'x': -36.96, 'yaw': -3.141}, None, None
120.06, [INFO], robot3, {'battery-level': '67.56'}, None, None
120.06, [INFO], robot3, {'y': 17.263, 'x': -36.825, 'yaw': -3.142}, None, None
130.01, [INFO], robot3, {'y': 17.296, 'x': -36.98, 'yaw': -3.141}, None, None
130.01, [INFO], robot3, {'battery-level': '67.16'}, None, None
140.06, [INFO], robot3, {'battery-level': '66.76'}, None, None
140.06, [INFO], robot3, {'y': 17.48, 'x': -37.097, 'yaw': 3.141}, None, None
150.04, [INFO], robot3, {'battery-level': '66.36'}, None, None
150.04, [INFO], robot3, {'y': 17.24, 'x': -36.846, 'yaw': -3.141}, None, None
160.09, [INFO], robot3, {'battery-level': '65.96'}, None, None
160.09, [INFO], robot3, {'y': 17.325, 'x': -36.998, 'yaw': 3.141}, None, None
170.08, [INFO], robot3, {'battery-level': '65.56'}, None, None
170.08, [INFO], robot3, {'y': 17.24, 'x': -36.835, 'yaw': -3.141}, None, None
180.03, [INFO], robot3, {'battery-level': '65.16'}, None, None
180.03, [INFO], robot3, {'y': 17.392, 'x': -37.016, 'yaw': -3.141}, None, None
190.01, [INFO], robot3, {'battery-level': '64.76'}, None, None
190.01, [INFO], robot3, {'y': 17.233, 'x': -37.034, 'yaw': 3.14}, None, None
200.05, [INFO], robot3, {'battery-level': '64.36'}, None, None
200.05, [INFO], robot3, {'y': 17.277, 'x': -36.923, 'yaw': 3.141}, None, None
210.08, [INFO], robot3, {'y': 17.431, 'x': -36.869, 'yaw': -3.142}, None, None
210.08, [INFO], robot3, {'battery-level': '63.96'}, None, None
220.09, [INFO], robot3, {'battery-level': '63.56'}, None, None
220.09, [INFO], robot3, {'y': 17.43, 'x': -36.869, 'yaw': -3.142}, None, None
230.06, [INFO], robot3, {'battery-level': '63.16'}, None, None
230.06, [INFO], robot3, {'y': 17.43, 'x': -36.869, 'yaw': -3.142}, None, None
234.26, [WARN], robot3, SKILL-FAILURE, navigation, navto_lab
240.07, [INFO], robot3, {'y': 17.43, 'x': -36.869, 'yaw': 3.142}, None, None
240.07, [INFO], robot3, {'battery-level': '62.76'}, None, None
