0.14, [DEBUG], logger, ROBOTS_CONFIG={'avg_speed': 0.15, 'battery_charge': 0.7232396784987936, 'battery_discharge_rate': 0.0004, 'id': 3, 'local_plan': [['navigation', ['IC Room 6', [[-38.0, 21.5, 0.0], [-37.0, 21.5], [-37.0, 18.93], [-33.9, 18.93, 3.14]]], 'navto_room'], ['approach_person', ['nurse'], 'approach_nurse'], ['authenticate_person', ['nurse'], 'authenticate_nurse'], ['operate_drawer', ['open'], 'open_drawer_for_nurse'], ['send_message', ['nurse'], 'notify_nurse_of_open_drawer_for_nurse_completed'], ['wait_message', ['nurse'], 'wait_nurse_to_complete_deposit'], ['operate_drawer', ['close'], 'close_drawer_nurse'], ['navigation', ['Laboratory', [[-33.9, 18.93, 3.14], [-37.0, 18.93], [-37.0, 16.0], [-26.0, 16.0], [-26.0, 13.0, 1.57]]], 'navto_lab'], ['approach_robot', ['lab_arm'], 'approach_arm'], ['operate_drawer', ['open'], 'open_drawer_lab'], ['send_message', ['lab_arm'], 'notify_lab_arm_of_open_drawer_lab_completed'], ['wait_message', ['lab_arm'], 'wait_lab_arm_to_complete_pick_up_sample'], ['operate_drawer', ['close'], 'close_drawer_lab']], 'location': 'IC Room 2', 'name': 'r3', 'position': [-38.0, 21.5, 0.0], 'skills': ['approach_person', 'approach_robot', 'authenticate_person', 'navigation', 'operate_drawer']}, None, None
0.14, [DEBUG], logger, Simulation open, None, None
10.01, [INFO], robot3, {'y': 21.5, 'x': -38.0, 'yaw': -3.142}, None, None
10.01, [INFO], robot3, {'battery-level': '71.96'}, None, None
20.05, [INFO], robot3, {'battery-level': '71.56'}, None, None
20.05, [INFO], robot3, {'y': 20.536, 'x': -37.108, 'yaw': 3.136}, None, None
30.06, [INFO], robot3, {'battery-level': '71.16'}, None, None
30.06, [INFO], robot3, {'y': 18.578, 'x': -36.484, 'yaw': -3.141}, None, None
40.02, [INFO], robot3, {'battery-level': '70.76'}, None, None
40.02, [INFO], robot3, {'y': 17.873, 'x': -34.687, 'yaw': 3.142}, None, None
50.08, [INFO], robot3, {'y': 18.958, 'x': -33.93, 'yaw': 3.142}, None, None
50.08, [INFO], robot3, {'battery-level': '70.36'}, None, None
54.40, [info], nurse, sync, received-request, (status=sending-request)
54.40, [info], nurse, sync, request-sent, (status=waiting)
54.40, [info], nurse, sync, wait-message, (status=message-received)
60.06, [INFO], robot3, {'battery-level': '69.96'}, None, None
60.06, [INFO], robot3, {'y': 18.276, 'x': -34.453, 'yaw': 3.142}, None, None
70.08, [INFO], robot3, {'y': 18.007, 'x': -36.184, 'yaw': -3.136}, None, None
70.08, [INFO], robot3, {'battery-level': '69.56'}, None, None
80.08, [INFO], robot3, {'battery-level': '69.16'}, None, None
80.08, [INFO], robot3, {'y': 17.667, 'x': -37.004, 'yaw': 3.142}, None, None
90.08, [INFO], robot3, {'y': 17.341, 'x': -37.062, 'yaw': 3.141}, None, None
90.08, [INFO], robot3, {'battery-level': '68.76'}, None, None
100.06, [INFO], robot3, {'y': 17.311, 'x': -36.769, 'yaw': -3.141}, None, None
100.06, [INFO], robot3, {'battery-level': '68.36'}, None, None
110.07, [INFO], robot3, {'y': 17.235, 'x': -37.067, 'yaw': 3.141}, None, None
110.07, [INFO], robot3, {'battery-level': '67.96'}, None, None
120.05, [INFO], robot3, {'y': 17.321, 'x': -37.02, 'yaw': 3.141}, None, None
120.05, [INFO], robot3, {'battery-level': '67.56'}, None, None
130.00, [INFO], robot3, {'battery-level': '67.16'}, None, None
130.00, [INFO], robot3, {'y': 17.342, 'x': -36.804, 'yaw': 3.142}, None, None
140.07, [INFO], robot3, {'y': 17.173, 'x': -36.799, 'yaw': -3.142}, None, None
140.07, [INFO], robot3, {'battery-level': '66.76'}, None, None
150.08, [INFO], robot3, {'battery-level': '66.36'}, None, None
150.08, [INFO], robot3, {'y': 17.249, 'x': -37.01, 'yaw': 3.142}, None, None
160.08, [INFO], robot3, {'battery-level': '65.96'}, None, None
160.08, [INFO], robot3, {'y': 17.349, 'x': -36.903, 'yaw': -3.142}, None, None
170.06, [INFO], robot3, {'battery-level': '65.56'}, None, None
170.06, [INFO], robot3, {'y': 17.457, 'x': -36.966, 'yaw': 3.141}, None, None
180.03, [INFO], robot3, {'y': 17.188, 'x': -37.121, 'yaw': -3.141}, None, None
180.03, [INFO], robot3, {'battery-level': '65.16'}, None, None
190.03, [INFO], robot3, {'battery-level': '64.76'}, None, None
190.03, [INFO], robot3, {'y': 17.3, 'x': -36.929, 'yaw': -3.141}, None, None
200.08, [INFO], robot3, {'battery-level': '64.36'}, None, None
200.08, [INFO], robot3, {'y': 17.311, 'x': -36.801, 'yaw': 3.14}, None, None
210.04, [INFO], robot3, {'y': 17.355, 'x': -36.925, 'yaw': 3.141}, None, None
210.04, [INFO], robot3, {'battery-level': '63.96'}, None, None
220.06, [INFO], robot3, {'y': 17.234, 'x': -36.89, 'yaw': -3.141}, None, None
220.06, [INFO], robot3, {'battery-level': '63.56'}, None, None
230.03, [INFO], robot3, {'y': 17.26, 'x': -36.79, 'yaw': -3.142}, None, None
230.03, [INFO], robot3, {'battery-level': '63.16'}, None, None
240.08, [INFO], robot3, {'y': 17.333, 'x': -37.014, 'yaw': 3.142}, None, None
240.08, [INFO], robot3, {'battery-level': '62.76'}, None, None
246.26, [WARN], robot3, SKILL-FAILURE, navigation, navto_lab
250.00, [INFO], robot3, {'battery-level': '62.36'}, None, None
250.00, [INFO], robot3, {'y': 17.339, 'x': -36.767, 'yaw': 3.142}, None, None
