0.00, [DEBUG], nurse, NURSE_CONFIG={'location': 'IC Room 2', 'position': [-38.0, 21.5, 0.0]}, None, None
0.19, [DEBUG], logger, ROBOTS_CONFIG={'avg_speed': 0.15, 'battery_charge': 0.3020349930380309, 'battery_discharge_rate': 0.00068, 'id': 1, 'local_plan': [['navigation', ['IC Room 2', [[-27.23, 18.0, -1.57], [-27.23, 16.0], [-37.0, 16.0], [-37.0, 21.5], [-38.0, 21.5, 0.0]]], 'navto_room'], ['approach_person', ['nurse'], 'approach_nurse'], ['authenticate_person', ['nurse'], 'authenticate_nurse'], ['operate_drawer', ['open'], 'open_drawer_for_nurse'], ['send_message', ['nurse'], 'notify_nurse_of_open_drawer_for_nurse_completed'], ['wait_message', ['nurse'], 'wait_nurse_to_complete_deposit'], ['operate_drawer', ['close'], 'close_drawer_nurse'], ['navigation', ['Laboratory', [[-38.0, 21.5, 0.0], [-37.0, 21.5], [-37.0, 16.0], [-26.0, 16.0], [-26.0, 13.0, 1.57]]], 'navto_lab'], ['approach_robot', ['lab_arm'], 'approach_arm'], ['operate_drawer', ['open'], 'open_drawer_lab'], ['send_message', ['lab_arm'], 'notify_lab_arm_of_open_drawer_lab_completed'], ['wait_message', ['lab_arm'], 'wait_lab_arm_to_complete_pick_up_sample'], ['operate_drawer', ['close'], 'close_drawer_lab']], 'location': 'PC Room 4', 'name': 'r1', 'position': [-27.23, 18.0, -1.57], 'skills': ['approach_person', 'approach_robot', 'authenticate_person', 'navigation']}, None, None
0.19, [DEBUG], logger, Simulation open, None, None
10.00, [INFO], robot1, {'y': 18.0, 'x': -27.23, 'yaw': 3.142}, None, None
10.00, [INFO], robot1, {'battery-level': '29.59'}, None, None
20.09, [INFO], robot1, {'y': 16.743, 'x': -27.073, 'yaw': -3.142}, None, None
20.09, [INFO], robot1, {'battery-level': '28.91'}, None, None
30.09, [INFO], robot1, {'battery-level': '28.23'}, None, None
30.09, [INFO], robot1, {'y': 16.108, 'x': -28.692, 'yaw': -3.142}, None, None
40.06, [INFO], robot1, {'battery-level': '27.55'}, None, None
40.06, [INFO], robot1, {'y': 16.03, 'x': -30.806, 'yaw': 3.14}, None, None
50.06, [INFO], robot1, {'battery-level': '26.87'}, None, None
50.06, [INFO], robot1, {'y': 15.782, 'x': -32.931, 'yaw': -3.142}, None, None
60.06, [INFO], robot1, {'y': 15.363, 'x': -35.012, 'yaw': 3.14}, None, None
60.06, [INFO], robot1, {'battery-level': '26.19'}, None, None
70.03, [INFO], robot1, {'battery-level': '25.51'}, None, None
70.03, [INFO], robot1, {'y': 16.168, 'x': -36.607, 'yaw': -3.141}, None, None
80.02, [INFO], robot1, {'battery-level': '24.83'}, None, None
80.02, [INFO], robot1, {'y': 18.279, 'x': -36.639, 'yaw': -3.142}, None, None
90.01, [INFO], robot1, {'battery-level': '24.15'}, None, None
90.01, [INFO], robot1, {'y': 20.375, 'x': -36.814, 'yaw': -3.142}, None, None
100.00, [INFO], robot1, {'battery-level': '23.47'}, None, None
100.00, [INFO], robot1, {'y': 21.538, 'x': -37.985, 'yaw': 3.141}, None, None
110.08, [INFO], robot1, {'battery-level': '22.79'}, None, None
110.08, [INFO], robot1, {'y': 21.457, 'x': -38.091, 'yaw': -3.138}, None, None
110.86, [info], nurse, sync, received-request, (status=sending-request)
110.86, [info], nurse, sync, request-sent, (status=waiting)
110.86, [WARN], robot1, NO-SKILL, operate_drawer, open_drawer_for_nurse
