0.12, [DEBUG], logger, ROBOTS_CONFIG={'avg_speed': 0.15, 'battery_charge': 0.7232396784987936, 'battery_discharge_rate': 0.0004, 'id': 3, 'local_plan': [['navigation', ['IC Room 6', [[-38.0, 21.5, 0.0], [-37.0, 21.5], [-37.0, 18.93], [-33.9, 18.93, 3.14]]], 'navto_room'], ['approach_person', ['nurse'], 'approach_nurse'], ['authenticate_person', ['nurse'], 'authenticate_nurse'], ['operate_drawer', ['open'], 'open_drawer_for_nurse'], ['send_message', ['nurse'], 'notify_nurse_of_open_drawer_for_nurse_completed'], ['wait_message', ['nurse'], 'wait_nurse_to_complete_deposit'], ['operate_drawer', ['close'], 'close_drawer_nurse'], ['navigation', ['Laboratory', [[-33.9, 18.93, 3.14], [-37.0, 18.93], [-37.0, 16.0], [-26.0, 16.0], [-26.0, 13.0, 1.57]]], 'navto_lab'], ['approach_robot', ['lab_arm'], 'approach_arm'], ['operate_drawer', ['open'], 'open_drawer_lab'], ['send_message', ['lab_arm'], 'notify_lab_arm_of_open_drawer_lab_completed'], ['wait_message', ['lab_arm'], 'wait_lab_arm_to_complete_pick_up_sample'], ['operate_drawer', ['close'], 'close_drawer_lab']], 'location': 'IC Room 2', 'name': 'r3', 'position': [-38.0, 21.5, 0.0], 'skills': ['approach_person', 'approach_robot', 'authenticate_person', 'navigation', 'operate_drawer']}, None, None
0.12, [DEBUG], logger, Simulation open, None, None
10.04, [INFO], robot3, {'battery-level': '71.96'}, None, None
10.04, [INFO], robot3, {'y': 21.492, 'x': -37.339, 'yaw': 3.141}, None, None
20.01, [INFO], robot3, {'battery-level': '71.56'}, None, None
20.01, [INFO], robot3, {'y': 19.447, 'x': -37.087, 'yaw': 3.137}, None, None
30.05, [INFO], robot3, {'battery-level': '71.16'}, None, None
30.05, [INFO], robot3, {'y': 17.828, 'x': -35.706, 'yaw': 3.141}, None, None
40.02, [INFO], robot3, {'battery-level': '70.76'}, None, None
40.02, [INFO], robot3, {'y': 18.761, 'x': -34.088, 'yaw': -3.142}, None, None
50.02, [INFO], robot3, {'y': 19.012, 'x': -33.871, 'yaw': -3.142}, None, None
50.02, [INFO], robot3, {'battery-level': '70.36'}, None, None
53.22, [info], nurse, sync, received-request, (status=sending-request)
53.22, [info], nurse, sync, request-sent, (status=waiting)
53.22, [info], nurse, sync, wait-message, (status=message-received)
60.01, [INFO], robot3, {'battery-level': '69.96'}, None, None
60.01, [INFO], robot3, {'y': 18.094, 'x': -34.603, 'yaw': 3.141}, None, None
70.01, [INFO], robot3, {'battery-level': '69.56'}, None, None
70.01, [INFO], robot3, {'y': 18.086, 'x': -36.208, 'yaw': -3.142}, None, None
80.09, [INFO], robot3, {'battery-level': '69.16'}, None, None
80.09, [INFO], robot3, {'y': 17.315, 'x': -37.066, 'yaw': -3.141}, None, None
90.08, [INFO], robot3, {'y': 17.442, 'x': -37.031, 'yaw': 3.141}, None, None
90.08, [INFO], robot3, {'battery-level': '68.76'}, None, None
100.07, [INFO], robot3, {'battery-level': '68.36'}, None, None
100.07, [INFO], robot3, {'y': 17.381, 'x': -37.022, 'yaw': 3.141}, None, None
110.07, [INFO], robot3, {'battery-level': '67.96'}, None, None
110.07, [INFO], robot3, {'y': 17.262, 'x': -36.833, 'yaw': 3.141}, None, None
120.09, [INFO], robot3, {'battery-level': '67.56'}, None, None
120.09, [INFO], robot3, {'y': 17.314, 'x': -36.907, 'yaw': -3.142}, None, None
130.05, [INFO], robot3, {'y': 17.312, 'x': -36.908, 'yaw': -3.142}, None, None
130.05, [INFO], robot3, {'battery-level': '67.16'}, None, None
140.02, [INFO], robot3, {'battery-level': '66.76'}, None, None
140.02, [INFO], robot3, {'y': 17.364, 'x': -36.888, 'yaw': 3.141}, None, None
150.06, [INFO], robot3, {'battery-level': '66.36'}, None, None
150.06, [INFO], robot3, {'y': 17.084, 'x': -37.31, 'yaw': -3.142}, None, None
160.06, [INFO], robot3, {'battery-level': '65.96'}, None, None
160.06, [INFO], robot3, {'y': 17.434, 'x': -37.08, 'yaw': -3.141}, None, None
170.07, [INFO], robot3, {'y': 17.309, 'x': -36.826, 'yaw': -3.142}, None, None
170.07, [INFO], robot3, {'battery-level': '65.56'}, None, None
180.08, [INFO], robot3, {'battery-level': '65.16'}, None, None
180.08, [INFO], robot3, {'y': 17.31, 'x': -36.836, 'yaw': -3.141}, None, None
190.09, [INFO], robot3, {'y': 17.469, 'x': -37.066, 'yaw': 3.141}, None, None
190.09, [INFO], robot3, {'battery-level': '64.76'}, None, None
200.03, [INFO], robot3, {'battery-level': '64.36'}, None, None
200.03, [INFO], robot3, {'y': 17.413, 'x': -37.022, 'yaw': -3.141}, None, None
210.07, [INFO], robot3, {'battery-level': '63.96'}, None, None
210.07, [INFO], robot3, {'y': 17.397, 'x': -36.818, 'yaw': 3.141}, None, None
220.05, [INFO], robot3, {'y': 17.245, 'x': -37.091, 'yaw': 3.142}, None, None
220.05, [INFO], robot3, {'battery-level': '63.56'}, None, None
230.07, [INFO], robot3, {'battery-level': '63.16'}, None, None
230.07, [INFO], robot3, {'y': 17.257, 'x': -37.111, 'yaw': 3.14}, None, None
240.07, [INFO], robot3, {'battery-level': '62.76'}, None, None
240.07, [INFO], robot3, {'y': 17.239, 'x': -36.922, 'yaw': 3.141}, None, None
244.64, [WARN], robot3, SKILL-FAILURE, navigation, navto_lab
250.06, [INFO], robot3, {'y': 17.275, 'x': -37.094, 'yaw': 3.142}, None, None
250.06, [INFO], robot3, {'battery-level': '62.36'}, None, None
