0.00, [INFO], robot3, {'battery-level': '72.32'}, None, None
0.00, [DEBUG], nurse, NURSE_CONFIG={'location': 'IC Room 6', 'position': [-33.9, 18.93, 3.14]}, None, None
0.13, [DEBUG], logger, ROBOTS_CONFIG={'avg_speed': 0.15, 'battery_charge': 0.7232396784987936, 'battery_discharge_rate': 0.0004, 'id': 3, 'local_plan': [['navigation', ['IC Room 6', [[-38.0, 21.5, 0.0], [-37.0, 21.5], [-37.0, 18.93], [-33.9, 18.93, 3.14]]], 'navto_room'], ['approach_person', ['nurse'], 'approach_nurse'], ['authenticate_person', ['nurse'], 'authenticate_nurse'], ['operate_drawer', ['open'], 'open_drawer_for_nurse'], ['send_message', ['nurse'], 'notify_nurse_of_open_drawer_for_nurse_completed'], ['wait_message', ['nurse'], 'wait_nurse_to_complete_deposit'], ['operate_drawer', ['close'], 'close_drawer_nurse'], ['navigation', ['Laboratory', [[-33.9, 18.93, 3.14], [-37.0, 18.93], [-37.0, 16.0], [-26.0, 16.0], [-26.0, 13.0, 1.57]]], 'navto_lab'], ['approach_robot', ['lab_arm'], 'approach_arm'], ['operate_drawer', ['open'], 'open_drawer_lab'], ['send_message', ['lab_arm'], 'notify_lab_arm_of_open_drawer_lab_completed'], ['wait_message', ['lab_arm'], 'wait_lab_arm_to_complete_pick_up_sample'], ['operate_drawer', ['close'], 'close_drawer_lab']], 'location': 'IC Room 2', 'name': 'r3', 'position': [-38.0, 21.5, 0.0], 'skills': ['approach_person', 'approach_robot', 'authenticate_person', 'navigation', 'operate_drawer']}, None, None
0.13, [DEBUG], logger, Simulation open, None, None
10.00, [INFO], robot3, {'battery-level': '71.96'}, None, None
10.00, [INFO], robot3, {'y': 21.46, 'x': -37.27, 'yaw': -3.141}, None, None
20.09, [INFO], robot3, {'battery-level': '71.56'}, None, None
20.09, [INFO], robot3, {'y': 19.356, 'x': -37.107, 'yaw': 3.138}, None, None
30.01, [INFO], robot3, {'battery-level': '71.16'}, None, None
30.01, [INFO], robot3, {'y': 17.863, 'x': -35.642, 'yaw': 3.141}, None, None
40.01, [INFO], robot3, {'battery-level': '70.76'}, None, None
40.01, [INFO], robot3, {'y': 18.791, 'x': -34.009, 'yaw': -3.142}, None, None
47.16, [info], nurse, sync, received-request, (status=sending-request)
47.16, [info], nurse, sync, request-sent, (status=waiting)
47.16, [info], nurse, sync, wait-message, (status=message-received)
50.00, [INFO], robot3, {'battery-level': '70.36'}, None, None
50.00, [INFO], robot3, {'y': 18.816, 'x': -34.207, 'yaw': 3.141}, None, None
60.02, [INFO], robot3, {'battery-level': '69.96'}, None, None
60.02, [INFO], robot3, {'y': 17.852, 'x': -35.835, 'yaw': 3.14}, None, None
70.03, [INFO], robot3, {'y': 18.166, 'x': -36.781, 'yaw': 3.141}, None, None
70.03, [INFO], robot3, {'battery-level': '69.56'}, None, None
80.06, [INFO], robot3, {'battery-level': '69.16'}, None, None
80.06, [INFO], robot3, {'y': 17.511, 'x': -37.072, 'yaw': -3.142}, None, None
90.09, [INFO], robot3, {'y': 17.337, 'x': -36.886, 'yaw': -3.141}, None, None
90.09, [INFO], robot3, {'battery-level': '68.76'}, None, None
100.02, [INFO], robot3, {'y': 17.368, 'x': -36.836, 'yaw': -3.142}, None, None
100.02, [INFO], robot3, {'battery-level': '68.36'}, None, None
110.05, [INFO], robot3, {'battery-level': '67.96'}, None, None
110.05, [INFO], robot3, {'y': 17.349, 'x': -37.027, 'yaw': 3.142}, None, None
120.06, [INFO], robot3, {'battery-level': '67.56'}, None, None
120.06, [INFO], robot3, {'y': 17.331, 'x': -36.776, 'yaw': 3.142}, None, None
130.09, [INFO], robot3, {'y': 17.361, 'x': -36.977, 'yaw': 3.142}, None, None
130.09, [INFO], robot3, {'battery-level': '67.16'}, None, None
140.03, [INFO], robot3, {'battery-level': '66.76'}, None, None
140.03, [INFO], robot3, {'y': 17.36, 'x': -36.831, 'yaw': -3.141}, None, None
150.00, [INFO], robot3, {'y': 17.283, 'x': -36.786, 'yaw': -3.142}, None, None
150.00, [INFO], robot3, {'battery-level': '66.36'}, None, None
160.02, [INFO], robot3, {'battery-level': '65.96'}, None, None
160.02, [INFO], robot3, {'y': 17.327, 'x': -37.024, 'yaw': 3.141}, None, None
170.06, [INFO], robot3, {'battery-level': '65.56'}, None, None
170.06, [INFO], robot3, {'y': 17.454, 'x': -36.989, 'yaw': 3.141}, None, None
180.07, [INFO], robot3, {'y': 17.319, 'x': -37.098, 'yaw': 3.141}, None, None
180.07, [INFO], robot3, {'battery-level': '65.16'}, None, None
190.07, [INFO], robot3, {'y': 17.363, 'x': -37.09, 'yaw': 3.141}, None, None
190.07, [INFO], robot3, {'battery-level': '64.76'}, None, None
200.08, [INFO], robot3, {'battery-level': '64.36'}, None, None
200.08, [INFO], robot3, {'y': 17.294, 'x': -36.821, 'yaw': 3.142}, None, None
210.02, [INFO], robot3, {'battery-level': '63.96'}, None, None
210.02, [INFO], robot3, {'y': 17.385, 'x': -37.046, 'yaw': -3.142}, None, None
220.07, [INFO], robot3, {'battery-level': '63.56'}, None, None
220.07, [INFO], robot3, {'y': 17.166, 'x': -36.857, 'yaw': 3.141}, None, None
230.09, [INFO], robot3, {'y': 17.407, 'x': -37.032, 'yaw': -3.142}, None, None
230.09, [INFO], robot3, {'battery-level': '63.16'}, None, None
236.62, [WARN], robot3, SKILL-FAILURE, navigation, navto_lab
240.01, [INFO], robot3, {'y': 17.486, 'x': -37.053, 'yaw': -3.142}, None, None
240.01, [INFO], robot3, {'battery-level': '62.76'}, None, None
