0.00, [DEBUG], nurse, NURSE_CONFIG={'location': 'IC Room 6', 'position': [-33.9, 18.93, 3.14]}, None, None
0.00, [INFO], robot4, {'battery-level': '17.50'}, None, None
0.13, [DEBUG], logger, ROBOTS_CONFIG={'avg_speed': 0.15, 'battery_charge': 0.17496190705907763, 'battery_discharge_rate': 0.0006000000000000001, 'id': 4, 'local_plan': [['navigation', ['IC Room 6', [[-39.44, 33.95, 0.0], [-37.0, 33.95], [-37.0, 18.93], [-33.9, 18.93, 3.14]]], 'navto_room'], ['approach_person', ['nurse'], 'approach_nurse'], ['authenticate_person', ['nurse'], 'authenticate_nurse'], ['operate_drawer', ['open'], 'open_drawer_for_nurse'], ['send_message', ['nurse'], 'notify_nurse_of_open_drawer_for_nurse_completed'], ['wait_message', ['nurse'], 'wait_nurse_to_complete_deposit'], ['operate_drawer', ['close'], 'close_drawer_nurse'], ['navigation', ['Laboratory', [[-33.9, 18.93, 3.14], [-37.0, 18.93], [-37.0, 16.0], [-26.0, 16.0], [-26.0, 13.0, 1.57]]], 'navto_lab'], ['approach_robot', ['lab_arm'], 'approach_arm'], ['operate_drawer', ['open'], 'open_drawer_lab'], ['send_message', ['lab_arm'], 'notify_lab_arm_of_open_drawer_lab_completed'], ['wait_message', ['lab_arm'], 'wait_lab_arm_to_complete_pick_up_sample'], ['operate_drawer', ['close'], 'close_drawer_lab']], 'location': 'IC Room 4', 'name': 'r4', 'position': [-39.44, 33.95, 0.0], 'skills': ['approach_person', 'approach_robot', 'authenticate_person', 'navigation', 'operate_drawer']}, None, None
0.13, [DEBUG], logger, Simulation open, None, None
10.05, [INFO], robot4, {'y': 33.951, 'x': -39.442, 'yaw': 3.141}, None, None
10.05, [INFO], robot4, {'battery-level': '16.96'}, None, None
20.03, [INFO], robot4, {'battery-level': '16.36'}, None, None
20.03, [INFO], robot4, {'y': 34.584, 'x': -37.828, 'yaw': 3.141}, None, None
30.02, [INFO], robot4, {'battery-level': '15.76'}, None, None
30.02, [INFO], robot4, {'y': 32.85, 'x': -37.024, 'yaw': 3.141}, None, None
40.00, [INFO], robot4, {'battery-level': '15.16'}, None, None
40.00, [INFO], robot4, {'y': 30.75, 'x': -37.048, 'yaw': 3.14}, None, None
50.08, [INFO], robot4, {'battery-level': '14.56'}, None, None
50.08, [INFO], robot4, {'y': 28.623, 'x': -36.994, 'yaw': 3.141}, None, None
60.06, [INFO], robot4, {'battery-level': '13.96'}, None, None
60.06, [INFO], robot4, {'y': 26.522, 'x': -37.033, 'yaw': 3.141}, None, None
70.02, [INFO], robot4, {'battery-level': '13.36'}, None, None
70.02, [INFO], robot4, {'y': 24.418, 'x': -37.046, 'yaw': 3.142}, None, None
80.01, [INFO], robot4, {'battery-level': '12.76'}, None, None
80.01, [INFO], robot4, {'y': 22.313, 'x': -37.116, 'yaw': 3.141}, None, None
90.09, [INFO], robot4, {'battery-level': '12.16'}, None, None
90.09, [INFO], robot4, {'y': 20.191, 'x': -37.125, 'yaw': 3.141}, None, None
100.07, [INFO], robot4, {'y': 18.269, 'x': -36.428, 'yaw': -3.142}, None, None
100.07, [INFO], robot4, {'battery-level': '11.56'}, None, None
110.02, [INFO], robot4, {'y': 17.999, 'x': -34.576, 'yaw': 3.141}, None, None
110.02, [INFO], robot4, {'battery-level': '10.96'}, None, None
120.05, [INFO], robot4, {'battery-level': '10.36'}, None, None
120.05, [INFO], robot4, {'y': 18.947, 'x': -33.938, 'yaw': 3.141}, None, None
123.24, [info], nurse, sync, received-request, (status=sending-request)
123.24, [info], nurse, sync, request-sent, (status=waiting)
123.24, [info], nurse, sync, wait-message, (status=message-received)
130.03, [INFO], robot4, {'battery-level': '9.76'}, None, None
130.03, [INFO], robot4, {'y': 18.08, 'x': -34.614, 'yaw': 3.141}, None, None
140.06, [INFO], robot4, {'y': 18.128, 'x': -36.376, 'yaw': -3.139}, None, None
140.06, [INFO], robot4, {'battery-level': '9.16'}, None, None
150.09, [INFO], robot4, {'y': 17.52, 'x': -37.188, 'yaw': 3.142}, None, None
150.09, [INFO], robot4, {'battery-level': '8.56'}, None, None
160.06, [INFO], robot4, {'y': 17.314, 'x': -36.813, 'yaw': -3.142}, None, None
160.06, [INFO], robot4, {'battery-level': '7.96'}, None, None
170.03, [INFO], robot4, {'battery-level': '7.36'}, None, None
170.03, [INFO], robot4, {'y': 17.318, 'x': -37.05, 'yaw': -3.142}, None, None
180.09, [INFO], robot4, {'y': 17.312, 'x': -36.936, 'yaw': -3.141}, None, None
180.09, [INFO], robot4, {'battery-level': '6.76'}, None, None
190.05, [INFO], robot4, {'battery-level': '6.16'}, None, None
190.05, [INFO], robot4, {'y': 17.553, 'x': -36.967, 'yaw': -3.141}, None, None
200.07, [INFO], robot4, {'y': 17.561, 'x': -36.989, 'yaw': -3.142}, None, None
200.07, [INFO], robot4, {'battery-level': '5.56'}, None, None
210.05, [WARN], robot4, LOWBATT, None, None
210.05, [WARN], None, end!, None, None
210.05, [INFO], robot4, {'y': 17.493, 'x': -36.923, 'yaw': 3.142}, None, None
220.03, [INFO], robot4, {'y': 17.495, 'x': -36.921, 'yaw': 3.142}, None, None
230.02, [INFO], robot4, {'y': 17.502, 'x': -36.92, 'yaw': -3.142}, None, None
