0.13, [DEBUG], logger, ROBOTS_CONFIG={'avg_speed': 0.15, 'battery_charge': 0.5408465660492595, 'battery_discharge_rate': 0.00072, 'id': 6, 'local_plan': [['navigation', ['IC Room 6', [[-32.88, 33.98, 3.14], [-37.0, 33.98], [-37.0, 18.93], [-33.9, 18.93, 3.14]]], 'navto_room'], ['approach_person', ['nurse'], 'approach_nurse'], ['authenticate_person', ['nurse'], 'authenticate_nurse'], ['operate_drawer', ['open'], 'open_drawer_for_nurse'], ['send_message', ['nurse'], 'notify_nurse_of_open_drawer_for_nurse_completed'], ['wait_message', ['nurse'], 'wait_nurse_to_complete_deposit'], ['operate_drawer', ['close'], 'close_drawer_nurse'], ['navigation', ['Laboratory', [[-33.9, 18.93, 3.14], [-37.0, 18.93], [-37.0, 16.0], [-26.0, 16.0], [-26.0, 13.0, 1.57]]], 'navto_lab'], ['approach_robot', ['lab_arm'], 'approach_arm'], ['operate_drawer', ['open'], 'open_drawer_lab'], ['send_message', ['lab_arm'], 'notify_lab_arm_of_open_drawer_lab_completed'], ['wait_message', ['lab_arm'], 'wait_lab_arm_to_complete_pick_up_sample'], ['operate_drawer', ['close'], 'close_drawer_lab']], 'location': 'IC Room 5', 'name': 'r6', 'position': [-32.88, 33.98, 3.14], 'skills': ['approach_person', 'approach_robot', 'authenticate_person', 'navigation', 'operate_drawer']}, None, None
0.13, [DEBUG], logger, Simulation open, None, None
10.00, [INFO], robot6, {'battery-level': '53.44'}, None, None
10.00, [INFO], robot6, {'y': 34.136, 'x': -33.349, 'yaw': 3.142}, None, None
20.03, [INFO], robot6, {'y': 34.743, 'x': -35.381, 'yaw': -3.142}, None, None
20.03, [INFO], robot6, {'battery-level': '52.72'}, None, None
30.06, [INFO], robot6, {'battery-level': '52.00'}, None, None
30.06, [INFO], robot6, {'y': 33.593, 'x': -37.025, 'yaw': 3.142}, None, None
40.03, [INFO], robot6, {'battery-level': '51.28'}, None, None
40.03, [INFO], robot6, {'y': 31.488, 'x': -37.028, 'yaw': -3.141}, None, None
50.09, [INFO], robot6, {'y': 29.365, 'x': -37.034, 'yaw': 3.142}, None, None
50.09, [INFO], robot6, {'battery-level': '50.56'}, None, None
60.03, [INFO], robot6, {'battery-level': '49.84'}, None, None
60.03, [INFO], robot6, {'y': 27.255, 'x': -36.988, 'yaw': 3.142}, None, None
70.09, [INFO], robot6, {'battery-level': '49.12'}, None, None
70.09, [INFO], robot6, {'y': 25.129, 'x': -37.048, 'yaw': 3.142}, None, None
80.07, [INFO], robot6, {'battery-level': '48.40'}, None, None
80.07, [INFO], robot6, {'y': 23.013, 'x': -37.037, 'yaw': 3.142}, None, None
90.03, [INFO], robot6, {'battery-level': '47.68'}, None, None
90.03, [INFO], robot6, {'y': 20.913, 'x': -37.143, 'yaw': 3.141}, None, None
100.05, [INFO], robot6, {'y': 18.834, 'x': -36.84, 'yaw': 3.142}, None, None
100.05, [INFO], robot6, {'battery-level': '46.96'}, None, None
110.06, [INFO], robot6, {'y': 17.689, 'x': -35.103, 'yaw': 3.142}, None, None
110.06, [INFO], robot6, {'battery-level': '46.24'}, None, None
120.08, [INFO], robot6, {'y': 18.911, 'x': -33.92, 'yaw': -3.142}, None, None
120.08, [INFO], robot6, {'battery-level': '45.52'}, None, None
127.92, [info], nurse, sync, received-request, (status=sending-request)
127.92, [info], nurse, sync, request-sent, (status=waiting)
128.01, [info], nurse, sync, wait-message, (status=message-received)
130.03, [INFO], robot6, {'battery-level': '44.80'}, None, None
130.03, [INFO], robot6, {'y': 18.925, 'x': -34.078, 'yaw': 3.141}, None, None
140.07, [INFO], robot6, {'y': 17.734, 'x': -35.658, 'yaw': 3.141}, None, None
140.07, [INFO], robot6, {'battery-level': '44.08'}, None, None
150.07, [INFO], robot6, {'y': 18.131, 'x': -36.649, 'yaw': -3.142}, None, None
150.07, [INFO], robot6, {'battery-level': '43.36'}, None, None
160.09, [INFO], robot6, {'battery-level': '42.64'}, None, None
160.09, [INFO], robot6, {'y': 17.275, 'x': -36.786, 'yaw': -3.141}, None, None
170.09, [INFO], robot6, {'battery-level': '41.92'}, None, None
170.09, [INFO], robot6, {'y': 17.341, 'x': -36.937, 'yaw': -3.141}, None, None
180.06, [INFO], robot6, {'y': 17.401, 'x': -36.895, 'yaw': -3.141}, None, None
180.06, [INFO], robot6, {'battery-level': '41.20'}, None, None
190.09, [INFO], robot6, {'battery-level': '40.48'}, None, None
190.09, [INFO], robot6, {'y': 17.269, 'x': -36.919, 'yaw': -3.141}, None, None
200.04, [INFO], robot6, {'y': 17.154, 'x': -36.855, 'yaw': -3.142}, None, None
200.04, [INFO], robot6, {'battery-level': '39.76'}, None, None
210.06, [INFO], robot6, {'battery-level': '39.04'}, None, None
210.06, [INFO], robot6, {'y': 17.317, 'x': -36.975, 'yaw': 3.142}, None, None
220.01, [INFO], robot6, {'battery-level': '38.32'}, None, None
220.01, [INFO], robot6, {'y': 17.332, 'x': -36.916, 'yaw': -3.142}, None, None
230.03, [INFO], robot6, {'battery-level': '37.60'}, None, None
230.03, [INFO], robot6, {'y': 17.282, 'x': -36.805, 'yaw': 3.141}, None, None
240.02, [INFO], robot6, {'battery-level': '36.88'}, None, None
240.02, [INFO], robot6, {'y': 17.447, 'x': -37.054, 'yaw': -3.141}, None, None
250.09, [INFO], robot6, {'battery-level': '36.16'}, None, None
250.09, [INFO], robot6, {'y': 17.308, 'x': -36.815, 'yaw': -3.141}, None, None
260.06, [INFO], robot6, {'battery-level': '35.44'}, None, None
260.06, [INFO], robot6, {'y': 17.198, 'x': -37.012, 'yaw': -3.141}, None, None
270.03, [INFO], robot6, {'y': 17.47, 'x': -36.931, 'yaw': -3.141}, None, None
270.03, [INFO], robot6, {'battery-level': '34.72'}, None, None
280.07, [INFO], robot6, {'battery-level': '34.00'}, None, None
280.07, [INFO], robot6, {'y': 17.428, 'x': -36.886, 'yaw': -3.141}, None, None
290.03, [INFO], robot6, {'y': 17.414, 'x': -37.102, 'yaw': 3.141}, None, None
290.03, [INFO], robot6, {'battery-level': '33.28'}, None, None
300.09, [INFO], robot6, {'y': 17.422, 'x': -36.908, 'yaw': -3.141}, None, None
300.09, [INFO], robot6, {'battery-level': '32.56'}, None, None
310.07, [INFO], robot6, {'y': 17.411, 'x': -36.902, 'yaw': 3.141}, None, None
310.07, [INFO], robot6, {'battery-level': '31.84'}, None, None
318.20, [WARN], robot6, SKILL-FAILURE, navigation, navto_lab
320.09, [INFO], robot6, {'battery-level': '31.12'}, None, None
320.09, [INFO], robot6, {'y': 17.369, 'x': -36.876, 'yaw': -3.142}, None, None
