0.00, [DEBUG], nurse, NURSE_CONFIG={'location': 'IC Room 2', 'position': [-38.0, 21.5, 0.0]}, None, None
0.19, [DEBUG], logger, ROBOTS_CONFIG={'avg_speed': 0.15, 'battery_charge': 0.7232396784987936, 'battery_discharge_rate': 0.0004, 'id': 3, 'local_plan': [['navigation', ['IC Room 2', [[-13.5, 18.0, -1.57], [-13.5, 16.0], [-37.0, 16.0], [-37.0, 21.5], [-38.0, 21.5, 0.0]]], 'navto_room'], ['approach_person', ['nurse'], 'approach_nurse'], ['authenticate_person', ['nurse'], 'authenticate_nurse'], ['operate_drawer', ['open'], 'open_drawer_for_nurse'], ['send_message', ['nurse'], 'notify_nurse_of_open_drawer_for_nurse_completed'], ['wait_message', ['nurse'], 'wait_nurse_to_complete_deposit'], ['operate_drawer', ['close'], 'close_drawer_nurse'], ['navigation', ['Laboratory', [[-38.0, 21.5, 0.0], [-37.0, 21.5], [-37.0, 16.0], [-26.0, 16.0], [-26.0, 13.0, 1.57]]], 'navto_lab'], ['approach_robot', ['lab_arm'], 'approach_arm'], ['operate_drawer', ['open'], 'open_drawer_lab'], ['send_message', ['lab_arm'], 'notify_lab_arm_of_open_drawer_lab_completed'], ['wait_message', ['lab_arm'], 'wait_lab_arm_to_complete_pick_up_sample'], ['operate_drawer', ['close'], 'close_drawer_lab']], 'location': 'PC Room 7', 'name': 'r3', 'position': [-13.5, 18.0, -1.57], 'skills': ['approach_person', 'approach_robot', 'authenticate_person', 'navigation', 'operate_drawer']}, None, None
0.19, [DEBUG], logger, Simulation open, None, None
10.02, [INFO], robot3, {'y': 18.0, 'x': -13.5, 'yaw': 3.142}, None, None
10.02, [INFO], robot3, {'battery-level': '71.96'}, None, None
20.02, [INFO], robot3, {'y': 16.693, 'x': -13.514, 'yaw': 3.142}, None, None
20.02, [INFO], robot3, {'battery-level': '71.56'}, None, None
30.02, [INFO], robot3, {'y': 15.957, 'x': -15.175, 'yaw': 3.141}, None, None
30.02, [INFO], robot3, {'battery-level': '71.16'}, None, None
40.01, [INFO], robot3, {'y': 15.925, 'x': -17.287, 'yaw': 3.14}, None, None
40.01, [INFO], robot3, {'battery-level': '70.76'}, None, None
50.06, [INFO], robot3, {'y': 16.02, 'x': -19.396, 'yaw': 3.142}, None, None
50.06, [INFO], robot3, {'battery-level': '70.36'}, None, None
60.05, [INFO], robot3, {'y': 16.159, 'x': -21.521, 'yaw': -3.142}, None, None
60.05, [INFO], robot3, {'battery-level': '69.96'}, None, None
70.06, [INFO], robot3, {'y': 16.045, 'x': -23.629, 'yaw': 3.142}, None, None
70.06, [INFO], robot3, {'battery-level': '69.56'}, None, None
80.05, [INFO], robot3, {'battery-level': '69.16'}, None, None
80.05, [INFO], robot3, {'y': 16.033, 'x': -25.731, 'yaw': 3.14}, None, None
90.05, [INFO], robot3, {'y': 16.072, 'x': -27.838, 'yaw': -3.141}, None, None
90.05, [INFO], robot3, {'battery-level': '68.76'}, None, None
100.04, [INFO], robot3, {'battery-level': '68.36'}, None, None
100.04, [INFO], robot3, {'y': 16.125, 'x': -29.938, 'yaw': -3.142}, None, None
110.03, [INFO], robot3, {'y': 15.955, 'x': -32.045, 'yaw': 3.142}, None, None
110.03, [INFO], robot3, {'battery-level': '67.96'}, None, None
120.02, [INFO], robot3, {'battery-level': '67.56'}, None, None
120.02, [INFO], robot3, {'y': 15.49, 'x': -34.12, 'yaw': 3.142}, None, None
130.02, [INFO], robot3, {'battery-level': '67.16'}, None, None
130.02, [INFO], robot3, {'y': 15.649, 'x': -36.224, 'yaw': 3.141}, None, None
140.03, [INFO], robot3, {'battery-level': '66.76'}, None, None
140.03, [INFO], robot3, {'y': 17.512, 'x': -36.596, 'yaw': -3.142}, None, None
150.02, [INFO], robot3, {'y': 19.619, 'x': -36.704, 'yaw': 3.141}, None, None
150.02, [INFO], robot3, {'battery-level': '66.36'}, None, None
160.01, [INFO], robot3, {'y': 21.441, 'x': -37.516, 'yaw': -3.141}, None, None
160.01, [INFO], robot3, {'battery-level': '65.96'}, None, None
170.02, [INFO], robot3, {'y': 21.428, 'x': -38.123, 'yaw': 3.142}, None, None
170.02, [INFO], robot3, {'battery-level': '65.56'}, None, None
175.99, [info], nurse, sync, received-request, (status=sending-request)
175.99, [info], nurse, sync, request-sent, (status=waiting)
175.99, [info], nurse, sync, wait-message, (status=message-received)
180.03, [INFO], robot3, {'y': 21.331, 'x': -37.506, 'yaw': 3.141}, None, None
180.03, [INFO], robot3, {'battery-level': '65.16'}, None, None
190.02, [INFO], robot3, {'y': 19.333, 'x': -37.144, 'yaw': 3.142}, None, None
190.02, [INFO], robot3, {'battery-level': '64.76'}, None, None
200.00, [INFO], robot3, {'battery-level': '64.36'}, None, None
200.00, [INFO], robot3, {'y': 17.223, 'x': -37.149, 'yaw': 3.14}, None, None
210.01, [INFO], robot3, {'battery-level': '63.96'}, None, None
210.01, [INFO], robot3, {'y': 15.818, 'x': -36.052, 'yaw': 3.142}, None, None
220.04, [INFO], robot3, {'battery-level': '63.56'}, None, None
220.04, [INFO], robot3, {'y': 15.337, 'x': -33.992, 'yaw': -3.141}, None, None
230.05, [INFO], robot3, {'battery-level': '63.16'}, None, None
230.05, [INFO], robot3, {'y': 15.542, 'x': -31.864, 'yaw': 3.142}, None, None
240.06, [INFO], robot3, {'battery-level': '62.76'}, None, None
240.06, [INFO], robot3, {'y': 15.667, 'x': -29.756, 'yaw': 3.142}, None, None
250.00, [INFO], robot3, {'y': 15.763, 'x': -27.651, 'yaw': 3.141}, None, None
250.00, [INFO], robot3, {'battery-level': '62.36'}, None, None
260.02, [INFO], robot3, {'battery-level': '61.96'}, None, None
260.02, [INFO], robot3, {'y': 14.977, 'x': -26.021, 'yaw': 3.142}, None, None
270.03, [INFO], robot3, {'battery-level': '61.56'}, None, None
270.03, [INFO], robot3, {'y': 12.996, 'x': -25.856, 'yaw': 3.142}, None, None
278.94, [info], lab_arm, sync, wait-message, (status=message-received)
279.86, [WARN], robot3, SUCCESS, None, None
280.02, [INFO], robot3, {'y': 12.876, 'x': -25.938, 'yaw': -3.142}, None, None
280.02, [INFO], robot3, {'battery-level': '61.16'}, None, None
