0.00, [DEBUG], nurse, NURSE_CONFIG={'location': 'IC Room 2', 'position': [-38.0, 21.5, 0.0]}, None, None
0.13, [DEBUG], logger, ROBOTS_CONFIG={'avg_speed': 0.15, 'battery_charge': 0.9109794326728246, 'battery_discharge_rate': 0.0005200000000000001, 'id': 6, 'local_plan': [['navigation', ['IC Room 2', [[-33.9, 18.93, 3.14], [-37.0, 18.93], [-37.0, 21.5], [-38.0, 21.5, 0.0]]], 'navto_room'], ['approach_person', ['nurse'], 'approach_nurse'], ['authenticate_person', ['nurse'], 'authenticate_nurse'], ['operate_drawer', ['open'], 'open_drawer_for_nurse'], ['send_message', ['nurse'], 'notify_nurse_of_open_drawer_for_nurse_completed'], ['wait_message', ['nurse'], 'wait_nurse_to_complete_deposit'], ['operate_drawer', ['close'], 'close_drawer_nurse'], ['navigation', ['Laboratory', [[-38.0, 21.5, 0.0], [-37.0, 21.5], [-37.0, 16.0], [-26.0, 16.0], [-26.0, 13.0, 1.57]]], 'navto_lab'], ['approach_robot', ['lab_arm'], 'approach_arm'], ['operate_drawer', ['open'], 'open_drawer_lab'], ['send_message', ['lab_arm'], 'notify_lab_arm_of_open_drawer_lab_completed'], ['wait_message', ['lab_arm'], 'wait_lab_arm_to_complete_pick_up_sample'], ['operate_drawer', ['close'], 'close_drawer_lab']], 'location': 'IC Room 6', 'name': 'r6', 'position': [-33.9, 18.93, 3.14], 'skills': ['approach_person', 'approach_robot', 'authenticate_person', 'navigation', 'operate_drawer']}, None, None
0.13, [DEBUG], logger, Simulation open, None, None
10.02, [INFO], robot6, {'y': 18.547, 'x': -34.326, 'yaw': -3.142}, None, None
10.02, [INFO], robot6, {'battery-level': '90.63'}, None, None
20.09, [INFO], robot6, {'battery-level': '90.11'}, None, None
20.09, [INFO], robot6, {'y': 17.926, 'x': -36.075, 'yaw': 3.141}, None, None
30.05, [INFO], robot6, {'battery-level': '89.59'}, None, None
30.05, [INFO], robot6, {'y': 19.71, 'x': -36.941, 'yaw': 3.141}, None, None
40.02, [INFO], robot6, {'battery-level': '89.07'}, None, None
40.02, [INFO], robot6, {'y': 21.545, 'x': -37.54, 'yaw': 3.141}, None, None
50.08, [INFO], robot6, {'y': 21.47, 'x': -38.11, 'yaw': 3.142}, None, None
50.08, [INFO], robot6, {'battery-level': '88.55'}, None, None
50.67, [info], nurse, sync, received-request, (status=sending-request)
50.67, [info], nurse, sync, request-sent, (status=waiting)
50.67, [info], nurse, sync, wait-message, (status=message-received)
60.07, [INFO], robot6, {'battery-level': '88.03'}, None, None
60.07, [INFO], robot6, {'y': 20.453, 'x': -37.192, 'yaw': 3.141}, None, None
70.00, [INFO], robot6, {'battery-level': '87.51'}, None, None
70.00, [INFO], robot6, {'y': 18.342, 'x': -37.108, 'yaw': 3.142}, None, None
80.08, [INFO], robot6, {'battery-level': '86.99'}, None, None
80.08, [INFO], robot6, {'y': 16.315, 'x': -36.822, 'yaw': 3.141}, None, None
90.02, [INFO], robot6, {'battery-level': '86.47'}, None, None
90.02, [INFO], robot6, {'y': 15.502, 'x': -34.852, 'yaw': -3.142}, None, None
100.02, [INFO], robot6, {'y': 15.5, 'x': -32.736, 'yaw': 3.141}, None, None
100.02, [INFO], robot6, {'battery-level': '85.95'}, None, None
110.07, [INFO], robot6, {'y': 15.559, 'x': -30.606, 'yaw': -3.141}, None, None
110.07, [INFO], robot6, {'battery-level': '85.43'}, None, None
120.03, [INFO], robot6, {'y': 15.784, 'x': -28.513, 'yaw': -3.139}, None, None
120.03, [INFO], robot6, {'battery-level': '84.91'}, None, None
130.09, [INFO], robot6, {'y': 15.82, 'x': -26.384, 'yaw': -3.141}, None, None
130.09, [INFO], robot6, {'battery-level': '84.39'}, None, None
140.03, [INFO], robot6, {'y': 13.943, 'x': -25.729, 'yaw': 3.141}, None, None
140.03, [INFO], robot6, {'battery-level': '83.87'}, None, None
150.05, [INFO], robot6, {'y': 12.924, 'x': -25.976, 'yaw': 3.142}, None, None
150.05, [INFO], robot6, {'battery-level': '83.35'}, None, None
157.30, [info], lab_arm, sync, wait-message, (status=message-received)
158.27, [WARN], robot6, SUCCESS, None, None
160.09, [INFO], robot6, {'battery-level': '82.83'}, None, None
160.09, [INFO], robot6, {'y': 12.916, 'x': -25.979, 'yaw': 3.142}, None, None
