0.00, [INFO], robot2, {'battery-level': '63.50'}, None, None
0.12, [DEBUG], logger, ROBOTS_CONFIG={'avg_speed': 0.15, 'battery_charge': 0.634952869577942, 'battery_discharge_rate': 0.00026000000000000003, 'id': 2, 'local_plan': [['navigation', ['IC Room 6', [[-19.0, 18.0, -1.57], [-19.0, 16.0], [-37.0, 16.0], [-37.0, 18.93], [-33.9, 18.93, 3.14]]], 'navto_room'], ['approach_person', ['nurse'], 'approach_nurse'], ['authenticate_person', ['nurse'], 'authenticate_nurse'], ['operate_drawer', ['open'], 'open_drawer_for_nurse'], ['send_message', ['nurse'], 'notify_nurse_of_open_drawer_for_nurse_completed'], ['wait_message', ['nurse'], 'wait_nurse_to_complete_deposit'], ['operate_drawer', ['close'], 'close_drawer_nurse'], ['navigation', ['Laboratory', [[-33.9, 18.93, 3.14], [-37.0, 18.93], [-37.0, 16.0], [-26.0, 16.0], [-26.0, 13.0, 1.57]]], 'navto_lab'], ['approach_robot', ['lab_arm'], 'approach_arm'], ['operate_drawer', ['open'], 'open_drawer_lab'], ['send_message', ['lab_arm'], 'notify_lab_arm_of_open_drawer_lab_completed'], ['wait_message', ['lab_arm'], 'wait_lab_arm_to_complete_pick_up_sample'], ['operate_drawer', ['close'], 'close_drawer_lab']], 'location': 'PC Room 6', 'name': 'r2', 'position': [-19.0, 18.0, -1.57], 'skills': ['approach_person', 'approach_robot', 'authenticate_person', 'navigation', 'operate_drawer']}, None, None
0.12, [DEBUG], logger, Simulation open, None, None
10.01, [INFO], robot2, {'battery-level': '63.26'}, None, None
10.01, [INFO], robot2, {'y': 17.623, 'x': -19.122, 'yaw': 3.137}, None, None
20.00, [INFO], robot2, {'y': 16.121, 'x': -20.079, 'yaw': 3.141}, None, None
20.00, [INFO], robot2, {'battery-level': '63.00'}, None, None
30.00, [INFO], robot2, {'y': 16.138, 'x': -22.185, 'yaw': 3.141}, None, None
30.00, [INFO], robot2, {'battery-level': '62.74'}, None, None
40.08, [INFO], robot2, {'battery-level': '62.48'}, None, None
40.08, [INFO], robot2, {'y': 16.139, 'x': -24.311, 'yaw': 3.14}, None, None
50.00, [INFO], robot2, {'battery-level': '62.22'}, None, None
50.00, [INFO], robot2, {'y': 16.12, 'x': -26.407, 'yaw': 3.141}, None, None
60.00, [INFO], robot2, {'y': 16.197, 'x': -28.514, 'yaw': -3.142}, None, None
60.00, [INFO], robot2, {'battery-level': '61.96'}, None, None
70.06, [INFO], robot2, {'battery-level': '61.70'}, None, None
70.06, [INFO], robot2, {'y': 16.161, 'x': -30.645, 'yaw': 3.142}, None, None
80.02, [INFO], robot2, {'battery-level': '61.44'}, None, None
80.02, [INFO], robot2, {'y': 15.825, 'x': -32.743, 'yaw': 3.141}, None, None
90.07, [INFO], robot2, {'y': 15.357, 'x': -34.826, 'yaw': 3.141}, None, None
90.07, [INFO], robot2, {'battery-level': '61.18'}, None, None
99.96, [INFO], robot2, {'battery-level': '60.92'}, None, None
100.06, [INFO], robot2, {'y': 16.008, 'x': -36.711, 'yaw': 3.141}, None, None
110.06, [INFO], robot2, {'battery-level': '60.66'}, None, None
110.06, [INFO], robot2, {'y': 17.605, 'x': -36.718, 'yaw': -3.141}, None, None
120.06, [INFO], robot2, {'y': 17.71, 'x': -36.694, 'yaw': -3.141}, None, None
120.06, [INFO], robot2, {'battery-level': '60.40'}, None, None
130.04, [INFO], robot2, {'battery-level': '60.14'}, None, None
130.04, [INFO], robot2, {'y': 17.96, 'x': -36.454, 'yaw': 3.142}, None, None
140.09, [INFO], robot2, {'y': 18.186, 'x': -35.784, 'yaw': -3.141}, None, None
140.09, [INFO], robot2, {'battery-level': '59.88'}, None, None
150.04, [INFO], robot2, {'battery-level': '59.62'}, None, None
150.04, [INFO], robot2, {'y': 18.207, 'x': -35.794, 'yaw': -3.142}, None, None
160.08, [INFO], robot2, {'battery-level': '59.36'}, None, None
160.08, [INFO], robot2, {'y': 18.206, 'x': -35.795, 'yaw': 3.142}, None, None
170.05, [INFO], robot2, {'y': 18.206, 'x': -35.795, 'yaw': -3.142}, None, None
170.05, [INFO], robot2, {'battery-level': '59.10'}, None, None
180.04, [INFO], robot2, {'battery-level': '58.84'}, None, None
180.04, [INFO], robot2, {'y': 18.206, 'x': -35.795, 'yaw': -3.142}, None, None
190.07, [INFO], robot2, {'battery-level': '58.58'}, None, None
190.07, [INFO], robot2, {'y': 18.116, 'x': -35.722, 'yaw': 3.141}, None, None
200.09, [INFO], robot2, {'battery-level': '58.32'}, None, None
200.09, [INFO], robot2, {'y': 18.071, 'x': -35.937, 'yaw': -3.141}, None, None
209.14, [WARN], robot2, SKILL-FAILURE, navigation, navto_room
210.07, [INFO], robot2, {'y': 18.306, 'x': -35.712, 'yaw': -3.141}, None, None
210.07, [INFO], robot2, {'battery-level': '58.06'}, None, None
220.09, [INFO], robot2, {'y': 18.306, 'x': -35.712, 'yaw': 3.14}, None, None
220.09, [INFO], robot2, {'battery-level': '57.80'}, None, None
230.01, [INFO], robot2, {'battery-level': '57.54'}, None, None
230.01, [INFO], robot2, {'y': 18.306, 'x': -35.712, 'yaw': 3.14}, None, None
