0.00, [INFO], robot2, {'battery-level': '63.50'}, None, None
0.19, [DEBUG], logger, ROBOTS_CONFIG={'avg_speed': 0.15, 'battery_charge': 0.634952869577942, 'battery_discharge_rate': 0.00026000000000000003, 'id': 2, 'local_plan': [['navigation', ['IC Room 2', [[-19.0, 18.0, -1.57], [-19.0, 16.0], [-37.0, 16.0], [-37.0, 21.5], [-38.0, 21.5, 0.0]]], 'navto_room'], ['approach_person', ['nurse'], 'approach_nurse'], ['authenticate_person', ['nurse'], 'authenticate_nurse'], ['operate_drawer', ['open'], 'open_drawer_for_nurse'], ['send_message', ['nurse'], 'notify_nurse_of_open_drawer_for_nurse_completed'], ['wait_message', ['nurse'], 'wait_nurse_to_complete_deposit'], ['operate_drawer', ['close'], 'close_drawer_nurse'], ['navigation', ['Laboratory', [[-38.0, 21.5, 0.0], [-37.0, 21.5], [-37.0, 16.0], [-26.0, 16.0], [-26.0, 13.0, 1.57]]], 'navto_lab'], ['approach_robot', ['lab_arm'], 'approach_arm'], ['operate_drawer', ['open'], 'open_drawer_lab'], ['send_message', ['lab_arm'], 'notify_lab_arm_of_open_drawer_lab_completed'], ['wait_message', ['lab_arm'], 'wait_lab_arm_to_complete_pick_up_sample'], ['operate_drawer', ['close'], 'close_drawer_lab']], 'location': 'PC Room 6', 'name': 'r2', 'position': [-19.0, 18.0, -1.57], 'skills': ['approach_person', 'approach_robot', 'authenticate_person', 'navigation', 'operate_drawer']}, None, None
0.19, [DEBUG], logger, Simulation open, None, None
10.08, [INFO], robot2, {'battery-level': '63.26'}, None, None
10.08, [INFO], robot2, {'y': 17.409, 'x': -19.204, 'yaw': -3.141}, None, None
20.06, [INFO], robot2, {'battery-level': '63.00'}, None, None
20.06, [INFO], robot2, {'y': 16.216, 'x': -20.35, 'yaw': 3.142}, None, None
30.08, [INFO], robot2, {'y': 16.201, 'x': -22.458, 'yaw': 3.141}, None, None
30.08, [INFO], robot2, {'battery-level': '62.74'}, None, None
40.06, [INFO], robot2, {'y': 16.134, 'x': -24.569, 'yaw': 3.141}, None, None
40.06, [INFO], robot2, {'battery-level': '62.48'}, None, None
50.04, [INFO], robot2, {'y': 16.086, 'x': -26.688, 'yaw': -3.141}, None, None
50.04, [INFO], robot2, {'battery-level': '62.22'}, None, None
60.08, [INFO], robot2, {'battery-level': '61.96'}, None, None
60.08, [INFO], robot2, {'y': 16.163, 'x': -28.8, 'yaw': 3.141}, None, None
70.06, [INFO], robot2, {'y': 16.065, 'x': -30.913, 'yaw': 3.142}, None, None
70.06, [INFO], robot2, {'battery-level': '61.70'}, None, None
80.03, [INFO], robot2, {'battery-level': '61.44'}, None, None
80.03, [INFO], robot2, {'y': 15.8, 'x': -33.017, 'yaw': -3.141}, None, None
90.08, [INFO], robot2, {'battery-level': '61.18'}, None, None
90.08, [INFO], robot2, {'y': 15.364, 'x': -35.095, 'yaw': 3.14}, None, None
100.08, [INFO], robot2, {'battery-level': '60.92'}, None, None
100.08, [INFO], robot2, {'y': 16.21, 'x': -36.62, 'yaw': -3.141}, None, None
110.00, [INFO], robot2, {'battery-level': '60.66'}, None, None
110.00, [INFO], robot2, {'y': 18.299, 'x': -36.643, 'yaw': -3.142}, None, None
120.02, [INFO], robot2, {'y': 20.412, 'x': -36.861, 'yaw': 3.142}, None, None
120.02, [INFO], robot2, {'battery-level': '60.40'}, None, None
130.01, [INFO], robot2, {'battery-level': '60.14'}, None, None
130.01, [INFO], robot2, {'y': 21.478, 'x': -37.977, 'yaw': -3.141}, None, None
140.07, [INFO], robot2, {'y': 21.378, 'x': -38.079, 'yaw': 3.141}, None, None
140.07, [INFO], robot2, {'battery-level': '59.88'}, None, None
144.50, [info], nurse, sync, received-request, (status=sending-request)
144.50, [info], nurse, sync, request-sent, (status=waiting)
144.60, [info], nurse, sync, wait-message, (status=message-received)
150.09, [INFO], robot2, {'battery-level': '59.62'}, None, None
150.09, [INFO], robot2, {'y': 21.158, 'x': -37.238, 'yaw': 3.142}, None, None
160.01, [INFO], robot2, {'y': 19.07, 'x': -37.096, 'yaw': 3.142}, None, None
160.01, [INFO], robot2, {'battery-level': '59.36'}, None, None
169.92, [INFO], robot2, {'y': 16.963, 'x': -37.037, 'yaw': 3.141}, None, None
170.02, [INFO], robot2, {'battery-level': '59.10'}, None, None
180.03, [INFO], robot2, {'y': 15.768, 'x': -35.658, 'yaw': 3.141}, None, None
180.03, [INFO], robot2, {'battery-level': '58.84'}, None, None
190.05, [INFO], robot2, {'battery-level': '58.58'}, None, None
190.05, [INFO], robot2, {'y': 15.39, 'x': -33.581, 'yaw': -3.141}, None, None
200.03, [INFO], robot2, {'battery-level': '58.32'}, None, None
200.03, [INFO], robot2, {'y': 15.503, 'x': -31.474, 'yaw': -3.142}, None, None
210.05, [INFO], robot2, {'y': 15.65, 'x': -29.358, 'yaw': 3.141}, None, None
210.05, [INFO], robot2, {'battery-level': '58.06'}, None, None
220.05, [INFO], robot2, {'y': 15.725, 'x': -27.25, 'yaw': -3.138}, None, None
220.05, [INFO], robot2, {'battery-level': '57.80'}, None, None
230.03, [INFO], robot2, {'y': 14.602, 'x': -25.804, 'yaw': 3.141}, None, None
230.03, [INFO], robot2, {'battery-level': '57.54'}, None, None
240.02, [INFO], robot2, {'battery-level': '57.28'}, None, None
240.02, [INFO], robot2, {'y': 12.943, 'x': -25.929, 'yaw': 3.141}, None, None
247.56, [info], lab_arm, sync, wait-message, (status=message-received)
248.55, [WARN], robot2, SUCCESS, None, None
250.02, [INFO], robot2, {'y': 12.889, 'x': -25.963, 'yaw': 3.142}, None, None
250.02, [INFO], robot2, {'battery-level': '57.02'}, None, None
260.02, [INFO], robot2, {'battery-level': '56.76'}, None, None
260.02, [INFO], robot2, {'y': 12.889, 'x': -25.962, 'yaw': 3.142}, None, None
