0.00, [DEBUG], nurse, NURSE_CONFIG={'location': 'IC Room 2', 'position': [-38.0, 21.5, 0.0]}, None, None
0.00, [INFO], robot2, {'battery-level': '63.50'}, None, None
0.00, [DEBUG], logger, ROBOTS_CONFIG={'avg_speed': 0.15, 'battery_charge': 0.634952869577942, 'battery_discharge_rate': 0.00026000000000000003, 'id': 2, 'local_plan': [['navigation', ['IC Room 2', [[-19.0, 18.0, -1.57], [-19.0, 16.0], [-37.0, 16.0], [-37.0, 21.5], [-38.0, 21.5, 0.0]]], 'navto_room'], ['approach_person', ['nurse'], 'approach_nurse'], ['authenticate_person', ['nurse'], 'authenticate_nurse'], ['operate_drawer', ['open'], 'open_drawer_for_nurse'], ['send_message', ['nurse'], 'notify_nurse_of_open_drawer_for_nurse_completed'], ['wait_message', ['nurse'], 'wait_nurse_to_complete_deposit'], ['operate_drawer', ['close'], 'close_drawer_nurse'], ['navigation', ['Laboratory', [[-38.0, 21.5, 0.0], [-37.0, 21.5], [-37.0, 16.0], [-26.0, 16.0], [-26.0, 13.0, 1.57]]], 'navto_lab'], ['approach_robot', ['lab_arm'], 'approach_arm'], ['operate_drawer', ['open'], 'open_drawer_lab'], ['send_message', ['lab_arm'], 'notify_lab_arm_of_open_drawer_lab_completed'], ['wait_message', ['lab_arm'], 'wait_lab_arm_to_complete_pick_up_sample'], ['operate_drawer', ['close'], 'close_drawer_lab']], 'location': 'PC Room 6', 'name': 'r2', 'position': [-19.0, 18.0, -1.57], 'skills': ['approach_person', 'approach_robot', 'authenticate_person', 'navigation', 'operate_drawer']}, None, None
0.00, [DEBUG], logger, Simulation open, None, None
10.08, [INFO], robot2, {'y': 17.666, 'x': -19.107, 'yaw': 3.141}, None, None
10.08, [INFO], robot2, {'battery-level': '63.26'}, None, None
20.05, [INFO], robot2, {'y': 16.117, 'x': -20.041, 'yaw': -3.138}, None, None
20.05, [INFO], robot2, {'battery-level': '63.00'}, None, None
30.10, [INFO], robot2, {'battery-level': '62.74'}, None, None
30.10, [INFO], robot2, {'y': 16.148, 'x': -22.156, 'yaw': -3.142}, None, None
40.06, [INFO], robot2, {'battery-level': '62.48'}, None, None
40.06, [INFO], robot2, {'y': 16.042, 'x': -24.251, 'yaw': 3.14}, None, None
50.00, [INFO], robot2, {'y': 16.036, 'x': -26.334, 'yaw': 3.142}, None, None
50.00, [INFO], robot2, {'battery-level': '62.22'}, None, None
60.03, [INFO], robot2, {'y': 16.094, 'x': -28.449, 'yaw': 3.142}, None, None
60.03, [INFO], robot2, {'battery-level': '61.96'}, None, None
70.01, [INFO], robot2, {'battery-level': '61.70'}, None, None
70.01, [INFO], robot2, {'y': 16.04, 'x': -30.564, 'yaw': 3.142}, None, None
80.08, [INFO], robot2, {'y': 15.828, 'x': -32.68, 'yaw': -3.141}, None, None
80.08, [INFO], robot2, {'battery-level': '61.44'}, None, None
90.08, [INFO], robot2, {'y': 15.375, 'x': -34.768, 'yaw': -3.141}, None, None
90.08, [INFO], robot2, {'battery-level': '61.18'}, None, None
100.02, [INFO], robot2, {'y': 15.923, 'x': -36.757, 'yaw': 3.142}, None, None
100.02, [INFO], robot2, {'battery-level': '60.92'}, None, None
110.02, [INFO], robot2, {'battery-level': '60.66'}, None, None
110.02, [INFO], robot2, {'y': 18.031, 'x': -36.686, 'yaw': -3.142}, None, None
120.04, [INFO], robot2, {'y': 20.132, 'x': -36.804, 'yaw': 3.141}, None, None
120.04, [INFO], robot2, {'battery-level': '60.40'}, None, None
130.06, [INFO], robot2, {'battery-level': '60.14'}, None, None
130.06, [INFO], robot2, {'y': 21.567, 'x': -37.866, 'yaw': -3.142}, None, None
140.00, [INFO], robot2, {'y': 21.421, 'x': -38.063, 'yaw': 3.136}, None, None
140.00, [INFO], robot2, {'battery-level': '59.88'}, None, None
143.04, [info], nurse, sync, received-request, (status=sending-request)
143.04, [info], nurse, sync, request-sent, (status=waiting)
143.04, [info], nurse, sync, wait-message, (status=message-received)
150.03, [INFO], robot2, {'battery-level': '59.62'}, None, None
150.03, [INFO], robot2, {'y': 20.844, 'x': -37.206, 'yaw': 3.141}, None, None
160.10, [INFO], robot2, {'y': 18.707, 'x': -37.086, 'yaw': -3.142}, None, None
160.10, [INFO], robot2, {'battery-level': '59.36'}, None, None
170.05, [INFO], robot2, {'y': 16.611, 'x': -37.06, 'yaw': 3.141}, None, None
170.05, [INFO], robot2, {'battery-level': '59.10'}, None, None
180.00, [INFO], robot2, {'y': 15.631, 'x': -35.387, 'yaw': -3.142}, None, None
180.00, [INFO], robot2, {'battery-level': '58.84'}, None, None
190.09, [INFO], robot2, {'y': 15.414, 'x': -33.272, 'yaw': -3.142}, None, None
190.09, [INFO], robot2, {'battery-level': '58.58'}, None, None
200.05, [INFO], robot2, {'battery-level': '58.32'}, None, None
200.05, [INFO], robot2, {'y': 15.535, 'x': -31.166, 'yaw': -3.141}, None, None
210.02, [INFO], robot2, {'y': 15.765, 'x': -29.056, 'yaw': 3.141}, None, None
210.02, [INFO], robot2, {'battery-level': '58.06'}, None, None
220.07, [INFO], robot2, {'y': 15.856, 'x': -26.944, 'yaw': 3.141}, None, None
220.07, [INFO], robot2, {'battery-level': '57.80'}, None, None
230.06, [INFO], robot2, {'battery-level': '57.54'}, None, None
230.06, [INFO], robot2, {'y': 14.436, 'x': -25.798, 'yaw': 3.142}, None, None
240.02, [INFO], robot2, {'battery-level': '57.28'}, None, None
240.02, [INFO], robot2, {'y': 12.928, 'x': -25.98, 'yaw': -3.142}, None, None
245.75, [info], lab_arm, sync, wait-message, (status=message-received)
246.74, [WARN], robot2, SUCCESS, None, None
250.01, [INFO], robot2, {'battery-level': '57.02'}, None, None
250.01, [INFO], robot2, {'y': 12.933, 'x': -25.974, 'yaw': 3.142}, None, None
260.08, [INFO], robot2, {'y': 12.933, 'x': -25.974, 'yaw': -3.142}, None, None
260.08, [INFO], robot2, {'battery-level': '56.76'}, None, None
