0.00, [INFO], robot6, {'battery-level': '54.08'}, None, None
0.13, [DEBUG], logger, ROBOTS_CONFIG={'avg_speed': 0.15, 'battery_charge': 0.5408465660492595, 'battery_discharge_rate': 0.00038, 'id': 6, 'local_plan': [['navigation', ['IC Room 6', [[-32.88, 33.98, 3.14], [-37.0, 33.98], [-37.0, 18.93], [-33.9, 18.93, 3.14]]], 'navto_room'], ['approach_person', ['nurse'], 'approach_nurse'], ['authenticate_person', ['nurse'], 'authenticate_nurse'], ['operate_drawer', ['open'], 'open_drawer_for_nurse'], ['send_message', ['nurse'], 'notify_nurse_of_open_drawer_for_nurse_completed'], ['wait_message', ['nurse'], 'wait_nurse_to_complete_deposit'], ['operate_drawer', ['close'], 'close_drawer_nurse'], ['navigation', ['Laboratory', [[-33.9, 18.93, 3.14], [-37.0, 18.93], [-37.0, 16.0], [-26.0, 16.0], [-26.0, 13.0, 1.57]]], 'navto_lab'], ['approach_robot', ['lab_arm'], 'approach_arm'], ['operate_drawer', ['open'], 'open_drawer_lab'], ['send_message', ['lab_arm'], 'notify_lab_arm_of_open_drawer_lab_completed'], ['wait_message', ['lab_arm'], 'wait_lab_arm_to_complete_pick_up_sample'], ['operate_drawer', ['close'], 'close_drawer_lab']], 'location': 'IC Room 5', 'name': 'r6', 'position': [-32.88, 33.98, 3.14], 'skills': ['approach_person', 'approach_robot', 'authenticate_person', 'navigation', 'operate_drawer']}, None, None
0.13, [DEBUG], logger, Simulation open, None, None
10.06, [INFO], robot6, {'battery-level': '53.74'}, None, None
10.06, [INFO], robot6, {'y': 34.103, 'x': -33.289, 'yaw': -3.141}, None, None
20.08, [INFO], robot6, {'y': 34.698, 'x': -35.324, 'yaw': 3.142}, None, None
20.08, [INFO], robot6, {'battery-level': '53.36'}, None, None
30.02, [INFO], robot6, {'battery-level': '52.98'}, None, None
30.02, [INFO], robot6, {'y': 33.626, 'x': -37.012, 'yaw': 3.142}, None, None
40.08, [INFO], robot6, {'battery-level': '52.60'}, None, None
40.08, [INFO], robot6, {'y': 31.494, 'x': -36.998, 'yaw': -3.142}, None, None
50.02, [INFO], robot6, {'battery-level': '52.22'}, None, None
50.02, [INFO], robot6, {'y': 29.408, 'x': -37.036, 'yaw': -3.142}, None, None
60.08, [INFO], robot6, {'y': 27.283, 'x': -37.009, 'yaw': -3.142}, None, None
60.08, [INFO], robot6, {'battery-level': '51.84'}, None, None
70.03, [INFO], robot6, {'battery-level': '51.46'}, None, None
70.03, [INFO], robot6, {'y': 25.18, 'x': -37.048, 'yaw': 3.142}, None, None
80.08, [INFO], robot6, {'battery-level': '51.08'}, None, None
80.08, [INFO], robot6, {'y': 23.06, 'x': -37.055, 'yaw': 3.14}, None, None
90.02, [INFO], robot6, {'y': 20.963, 'x': -37.156, 'yaw': 3.141}, None, None
90.02, [INFO], robot6, {'battery-level': '50.70'}, None, None
100.07, [INFO], robot6, {'battery-level': '50.32'}, None, None
100.07, [INFO], robot6, {'y': 18.852, 'x': -36.954, 'yaw': 3.142}, None, None
110.02, [INFO], robot6, {'y': 17.68, 'x': -35.254, 'yaw': 3.14}, None, None
110.02, [INFO], robot6, {'battery-level': '49.94'}, None, None
120.07, [INFO], robot6, {'y': 18.884, 'x': -33.936, 'yaw': 3.142}, None, None
120.07, [INFO], robot6, {'battery-level': '49.56'}, None, None
127.88, [info], nurse, sync, received-request, (status=sending-request)
127.88, [info], nurse, sync, request-sent, (status=waiting)
127.88, [info], nurse, sync, wait-message, (status=message-received)
130.01, [INFO], robot6, {'y': 18.92, 'x': -34.061, 'yaw': -3.142}, None, None
130.01, [INFO], robot6, {'battery-level': '49.18'}, None, None
140.05, [INFO], robot6, {'battery-level': '48.80'}, None, None
140.05, [INFO], robot6, {'y': 17.754, 'x': -35.609, 'yaw': 3.141}, None, None
150.03, [INFO], robot6, {'battery-level': '48.42'}, None, None
150.03, [INFO], robot6, {'y': 18.019, 'x': -36.2, 'yaw': -3.138}, None, None
160.05, [INFO], robot6, {'battery-level': '48.04'}, None, None
160.05, [INFO], robot6, {'y': 18.021, 'x': -36.202, 'yaw': -3.136}, None, None
170.10, [INFO], robot6, {'battery-level': '47.66'}, None, None
170.10, [INFO], robot6, {'y': 17.333, 'x': -36.921, 'yaw': 3.141}, None, None
180.03, [INFO], robot6, {'battery-level': '47.28'}, None, None
180.03, [INFO], robot6, {'y': 17.326, 'x': -36.861, 'yaw': -3.141}, None, None
190.03, [INFO], robot6, {'y': 17.27, 'x': -36.837, 'yaw': -3.141}, None, None
190.03, [INFO], robot6, {'battery-level': '46.90'}, None, None
200.01, [INFO], robot6, {'battery-level': '46.52'}, None, None
200.01, [INFO], robot6, {'y': 17.247, 'x': -36.83, 'yaw': 3.141}, None, None
210.02, [INFO], robot6, {'battery-level': '46.14'}, None, None
210.02, [INFO], robot6, {'y': 17.244, 'x': -36.845, 'yaw': -3.141}, None, None
220.02, [INFO], robot6, {'y': 17.431, 'x': -36.964, 'yaw': -3.141}, None, None
220.02, [INFO], robot6, {'battery-level': '45.76'}, None, None
230.06, [INFO], robot6, {'battery-level': '45.38'}, None, None
230.06, [INFO], robot6, {'y': 17.266, 'x': -36.765, 'yaw': -3.142}, None, None
240.07, [INFO], robot6, {'y': 17.413, 'x': -37.099, 'yaw': -3.141}, None, None
240.07, [INFO], robot6, {'battery-level': '45.00'}, None, None
250.09, [INFO], robot6, {'battery-level': '44.62'}, None, None
250.09, [INFO], robot6, {'y': 17.331, 'x': -36.844, 'yaw': -3.141}, None, None
260.09, [INFO], robot6, {'y': 17.425, 'x': -37.037, 'yaw': 3.141}, None, None
260.09, [INFO], robot6, {'battery-level': '44.24'}, None, None
270.02, [INFO], robot6, {'battery-level': '43.86'}, None, None
270.02, [INFO], robot6, {'y': 17.365, 'x': -36.834, 'yaw': 3.141}, None, None
280.04, [INFO], robot6, {'battery-level': '43.48'}, None, None
280.04, [INFO], robot6, {'y': 17.609, 'x': -36.624, 'yaw': 3.14}, None, None
290.04, [INFO], robot6, {'y': 17.302, 'x': -37.145, 'yaw': 3.141}, None, None
290.04, [INFO], robot6, {'battery-level': '43.10'}, None, None
300.06, [INFO], robot6, {'battery-level': '42.72'}, None, None
300.06, [INFO], robot6, {'y': 17.335, 'x': -36.856, 'yaw': -3.141}, None, None
310.04, [INFO], robot6, {'y': 17.238, 'x': -36.924, 'yaw': -3.141}, None, None
310.04, [INFO], robot6, {'battery-level': '42.34'}, None, None
318.05, [WARN], robot6, SKILL-FAILURE, navigation, navto_lab
320.03, [INFO], robot6, {'battery-level': '41.96'}, None, None
320.03, [INFO], robot6, {'y': 17.377, 'x': -37.094, 'yaw': -3.142}, None, None
