0.00, [DEBUG], nurse, NURSE_CONFIG={'location': 'PC Room 3', 'position': [-28.5, 18.0, -1.57]}, None, None
0.00, [INFO], robot5, {'battery-level': '71.80'}, None, None
0.19, [DEBUG], logger, ROBOTS_CONFIG={'avg_speed': 0.15, 'battery_charge': 0.7179616530181877, 'battery_discharge_rate': 0.00076, 'id': 5, 'local_plan': [['navigation', ['PC Room 3', [[-33.9, 18.93, 3.14], [-37.0, 18.93], [-37.0, 16.0], [-28.5, 16.0], [-28.5, 18.0, -1.57]]], 'navto_room'], ['approach_person', ['nurse'], 'approach_nurse'], ['authenticate_person', ['nurse'], 'authenticate_nurse'], ['operate_drawer', ['open'], 'open_drawer_for_nurse'], ['send_message', ['nurse'], 'notify_nurse_of_open_drawer_for_nurse_completed'], ['wait_message', ['nurse'], 'wait_nurse_to_complete_deposit'], ['operate_drawer', ['close'], 'close_drawer_nurse'], ['navigation', ['Laboratory', [[-28.5, 18.0, -1.57], [-28.5, 16.0], [-26.0, 16.0], [-26.0, 13.0, 1.57]]], 'navto_lab'], ['approach_robot', ['lab_arm'], 'approach_arm'], ['operate_drawer', ['open'], 'open_drawer_lab'], ['send_message', ['lab_arm'], 'notify_lab_arm_of_open_drawer_lab_completed'], ['wait_message', ['lab_arm'], 'wait_lab_arm_to_complete_pick_up_sample'], ['operate_drawer', ['close'], 'close_drawer_lab']], 'location': 'IC Room 6', 'name': 'r5', 'position': [-33.9, 18.93, 3.14], 'skills': ['approach_person', 'approach_robot', 'authenticate_person', 'navigation', 'operate_drawer']}, None, None
0.19, [DEBUG], logger, Simulation open, None, None
10.05, [INFO], robot5, {'battery-level': '71.11'}, None, None
10.05, [INFO], robot5, {'y': 18.768, 'x': -34.201, 'yaw': 3.142}, None, None
20.05, [INFO], robot5, {'y': 17.799, 'x': -35.833, 'yaw': -3.142}, None, None
20.05, [INFO], robot5, {'battery-level': '70.35'}, None, None
30.04, [INFO], robot5, {'y': 18.007, 'x': -36.201, 'yaw': -3.142}, None, None
30.04, [INFO], robot5, {'battery-level': '69.59'}, None, None
40.07, [INFO], robot5, {'battery-level': '68.83'}, None, None
40.07, [INFO], robot5, {'y': 18.007, 'x': -36.201, 'yaw': 3.142}, None, None
50.08, [INFO], robot5, {'battery-level': '68.07'}, None, None
50.08, [INFO], robot5, {'y': 17.231, 'x': -36.921, 'yaw': -3.142}, None, None
60.06, [INFO], robot5, {'battery-level': '67.31'}, None, None
60.06, [INFO], robot5, {'y': 17.318, 'x': -36.91, 'yaw': 3.141}, None, None
70.07, [INFO], robot5, {'battery-level': '66.55'}, None, None
70.07, [INFO], robot5, {'y': 17.247, 'x': -37.098, 'yaw': -3.142}, None, None
80.00, [INFO], robot5, {'battery-level': '65.79'}, None, None
80.00, [INFO], robot5, {'y': 17.336, 'x': -36.806, 'yaw': 3.141}, None, None
90.09, [INFO], robot5, {'battery-level': '65.03'}, None, None
90.09, [INFO], robot5, {'y': 17.682, 'x': -36.791, 'yaw': 3.141}, None, None
100.08, [INFO], robot5, {'y': 17.433, 'x': -37.33, 'yaw': -3.142}, None, None
100.08, [INFO], robot5, {'battery-level': '64.27'}, None, None
110.06, [INFO], robot5, {'battery-level': '63.51'}, None, None
110.06, [INFO], robot5, {'y': 17.321, 'x': -36.921, 'yaw': -3.142}, None, None
120.03, [INFO], robot5, {'y': 17.243, 'x': -37.049, 'yaw': -3.141}, None, None
120.03, [INFO], robot5, {'battery-level': '62.75'}, None, None
130.04, [INFO], robot5, {'battery-level': '61.99'}, None, None
130.04, [INFO], robot5, {'y': 17.233, 'x': -36.855, 'yaw': 3.14}, None, None
140.01, [INFO], robot5, {'battery-level': '61.23'}, None, None
140.01, [INFO], robot5, {'y': 17.437, 'x': -37.031, 'yaw': 3.141}, None, None
150.09, [INFO], robot5, {'y': 17.396, 'x': -37.034, 'yaw': 3.141}, None, None
150.09, [INFO], robot5, {'battery-level': '60.47'}, None, None
160.07, [INFO], robot5, {'battery-level': '59.71'}, None, None
160.07, [INFO], robot5, {'y': 17.255, 'x': -37.111, 'yaw': 3.142}, None, None
169.07, [WARN], robot5, SKILL-FAILURE, navigation, navto_room
170.00, [INFO], robot5, {'battery-level': '58.95'}, None, None
170.00, [INFO], robot5, {'y': 17.339, 'x': -36.945, 'yaw': 3.141}, None, None
