0.13, [DEBUG], logger, ROBOTS_CONFIG={'avg_speed': 0.15, 'battery_charge': 0.5408465660492595, 'battery_discharge_rate': 0.00038, 'id': 6, 'local_plan': [['navigation', ['IC Room 6', [[-32.88, 33.98, 3.14], [-37.0, 33.98], [-37.0, 18.93], [-33.9, 18.93, 3.14]]], 'navto_room'], ['approach_person', ['nurse'], 'approach_nurse'], ['authenticate_person', ['nurse'], 'authenticate_nurse'], ['operate_drawer', ['open'], 'open_drawer_for_nurse'], ['send_message', ['nurse'], 'notify_nurse_of_open_drawer_for_nurse_completed'], ['wait_message', ['nurse'], 'wait_nurse_to_complete_deposit'], ['operate_drawer', ['close'], 'close_drawer_nurse'], ['navigation', ['Laboratory', [[-33.9, 18.93, 3.14], [-37.0, 18.93], [-37.0, 16.0], [-26.0, 16.0], [-26.0, 13.0, 1.57]]], 'navto_lab'], ['approach_robot', ['lab_arm'], 'approach_arm'], ['operate_drawer', ['open'], 'open_drawer_lab'], ['send_message', ['lab_arm'], 'notify_lab_arm_of_open_drawer_lab_completed'], ['wait_message', ['lab_arm'], 'wait_lab_arm_to_complete_pick_up_sample'], ['operate_drawer', ['close'], 'close_drawer_lab']], 'location': 'IC Room 5', 'name': 'r6', 'position': [-32.88, 33.98, 3.14], 'skills': ['approach_person', 'approach_robot', 'authenticate_person', 'navigation', 'operate_drawer']}, None, None
0.13, [DEBUG], logger, Simulation open, None, None
10.03, [INFO], robot6, {'battery-level': '53.74'}, None, None
10.03, [INFO], robot6, {'y': 34.262, 'x': -33.565, 'yaw': 3.142}, None, None
20.03, [INFO], robot6, {'battery-level': '53.36'}, None, None
20.03, [INFO], robot6, {'y': 34.73, 'x': -35.629, 'yaw': -3.14}, None, None
30.08, [INFO], robot6, {'y': 33.346, 'x': -36.971, 'yaw': 3.141}, None, None
30.08, [INFO], robot6, {'battery-level': '52.98'}, None, None
40.00, [INFO], robot6, {'battery-level': '52.60'}, None, None
40.00, [INFO], robot6, {'y': 31.258, 'x': -36.956, 'yaw': -3.141}, None, None
50.05, [INFO], robot6, {'battery-level': '52.22'}, None, None
50.05, [INFO], robot6, {'y': 29.136, 'x': -36.996, 'yaw': -3.142}, None, None
60.06, [INFO], robot6, {'battery-level': '51.84'}, None, None
60.06, [INFO], robot6, {'y': 27.014, 'x': -36.993, 'yaw': 3.142}, None, None
70.01, [INFO], robot6, {'y': 24.915, 'x': -37.01, 'yaw': 3.142}, None, None
70.01, [INFO], robot6, {'battery-level': '51.46'}, None, None
80.04, [INFO], robot6, {'battery-level': '51.08'}, None, None
80.04, [INFO], robot6, {'y': 22.795, 'x': -37.084, 'yaw': 3.14}, None, None
90.01, [INFO], robot6, {'battery-level': '50.70'}, None, None
90.01, [INFO], robot6, {'y': 20.685, 'x': -37.175, 'yaw': 3.14}, None, None
100.08, [INFO], robot6, {'y': 18.672, 'x': -36.666, 'yaw': 3.142}, None, None
100.08, [INFO], robot6, {'battery-level': '50.32'}, None, None
110.05, [INFO], robot6, {'battery-level': '49.94'}, None, None
110.05, [INFO], robot6, {'y': 17.756, 'x': -34.882, 'yaw': 3.141}, None, None
120.01, [INFO], robot6, {'y': 18.927, 'x': -33.934, 'yaw': -3.142}, None, None
120.01, [INFO], robot6, {'battery-level': '49.56'}, None, None
124.55, [info], nurse, sync, received-request, (status=sending-request)
124.55, [info], nurse, sync, request-sent, (status=waiting)
124.55, [info], nurse, sync, wait-message, (status=message-received)
130.05, [INFO], robot6, {'y': 18.311, 'x': -34.459, 'yaw': 3.142}, None, None
130.05, [INFO], robot6, {'battery-level': '49.18'}, None, None
140.08, [INFO], robot6, {'battery-level': '48.80'}, None, None
140.08, [INFO], robot6, {'y': 17.948, 'x': -36.054, 'yaw': -3.142}, None, None
150.01, [INFO], robot6, {'battery-level': '48.42'}, None, None
150.01, [INFO], robot6, {'y': 17.275, 'x': -37.002, 'yaw': -3.141}, None, None
160.03, [INFO], robot6, {'battery-level': '48.04'}, None, None
160.03, [INFO], robot6, {'y': 17.302, 'x': -36.785, 'yaw': -3.141}, None, None
170.08, [INFO], robot6, {'y': 17.255, 'x': -36.843, 'yaw': 3.141}, None, None
170.08, [INFO], robot6, {'battery-level': '47.66'}, None, None
180.01, [INFO], robot6, {'y': 17.186, 'x': -36.831, 'yaw': -3.141}, None, None
180.01, [INFO], robot6, {'battery-level': '47.28'}, None, None
190.06, [INFO], robot6, {'y': 17.569, 'x': -37.07, 'yaw': 3.141}, None, None
190.06, [INFO], robot6, {'battery-level': '46.90'}, None, None
200.09, [INFO], robot6, {'battery-level': '46.52'}, None, None
200.09, [INFO], robot6, {'y': 17.324, 'x': -36.98, 'yaw': -3.141}, None, None
210.04, [INFO], robot6, {'y': 17.445, 'x': -37.022, 'yaw': -3.142}, None, None
210.04, [INFO], robot6, {'battery-level': '46.14'}, None, None
220.06, [INFO], robot6, {'battery-level': '45.76'}, None, None
220.06, [INFO], robot6, {'y': 17.368, 'x': -36.745, 'yaw': -3.142}, None, None
230.01, [INFO], robot6, {'y': 17.487, 'x': -36.899, 'yaw': -3.141}, None, None
230.01, [INFO], robot6, {'battery-level': '45.38'}, None, None
240.05, [INFO], robot6, {'battery-level': '45.00'}, None, None
240.05, [INFO], robot6, {'y': 17.329, 'x': -36.97, 'yaw': 3.141}, None, None
250.00, [INFO], robot6, {'battery-level': '44.62'}, None, None
250.00, [INFO], robot6, {'y': 17.38, 'x': -36.904, 'yaw': 3.141}, None, None
260.08, [INFO], robot6, {'battery-level': '44.24'}, None, None
260.08, [INFO], robot6, {'y': 17.206, 'x': -37.053, 'yaw': 3.141}, None, None
270.03, [INFO], robot6, {'battery-level': '43.86'}, None, None
270.03, [INFO], robot6, {'y': 17.397, 'x': -36.903, 'yaw': 3.14}, None, None
280.04, [INFO], robot6, {'battery-level': '43.48'}, None, None
280.04, [INFO], robot6, {'y': 17.354, 'x': -36.802, 'yaw': -3.142}, None, None
290.08, [INFO], robot6, {'battery-level': '43.10'}, None, None
290.08, [INFO], robot6, {'y': 17.547, 'x': -36.807, 'yaw': 3.141}, None, None
300.02, [INFO], robot6, {'y': 17.361, 'x': -36.773, 'yaw': -3.141}, None, None
300.02, [INFO], robot6, {'battery-level': '42.72'}, None, None
310.06, [INFO], robot6, {'y': 17.354, 'x': -36.939, 'yaw': -3.141}, None, None
310.06, [INFO], robot6, {'battery-level': '42.34'}, None, None
312.38, [WARN], robot6, SKILL-FAILURE, navigation, navto_lab
320.05, [INFO], robot6, {'y': 17.486, 'x': -36.986, 'yaw': -3.142}, None, None
320.05, [INFO], robot6, {'battery-level': '41.96'}, None, None
