0.00, [DEBUG], nurse, NURSE_CONFIG={'location': 'IC Room 6', 'position': [-33.9, 18.93, 3.14]}, None, None
0.00, [DEBUG], logger, ROBOTS_CONFIG={'avg_speed': 0.15, 'battery_charge': 0.17496190705907763, 'battery_discharge_rate': 0.00026000000000000003, 'id': 4, 'local_plan': [['navigation', ['IC Room 6', [[-39.44, 33.95, 0.0], [-37.0, 33.95], [-37.0, 18.93], [-33.9, 18.93, 3.14]]], 'navto_room'], ['approach_person', ['nurse'], 'approach_nurse'], ['authenticate_person', ['nurse'], 'authenticate_nurse'], ['operate_drawer', ['open'], 'open_drawer_for_nurse'], ['send_message', ['nurse'], 'notify_nurse_of_open_drawer_for_nurse_completed'], ['wait_message', ['nurse'], 'wait_nurse_to_complete_deposit'], ['operate_drawer', ['close'], 'close_drawer_nurse'], ['navigation', ['Laboratory', [[-33.9, 18.93, 3.14], [-37.0, 18.93], [-37.0, 16.0], [-26.0, 16.0], [-26.0, 13.0, 1.57]]], 'navto_lab'], ['approach_robot', ['lab_arm'], 'approach_arm'], ['operate_drawer', ['open'], 'open_drawer_lab'], ['send_message', ['lab_arm'], 'notify_lab_arm_of_open_drawer_lab_completed'], ['wait_message', ['lab_arm'], 'wait_lab_arm_to_complete_pick_up_sample'], ['operate_drawer', ['close'], 'close_drawer_lab']], 'location': 'IC Room 4', 'name': 'r4', 'position': [-39.44, 33.95, 0.0], 'skills': ['approach_person', 'approach_robot', 'authenticate_person', 'navigation', 'operate_drawer']}, None, None
0.00, [DEBUG], logger, Simulation open, None, None
10.06, [INFO], robot4, {'battery-level': '17.26'}, None, None
10.06, [INFO], robot4, {'y': 34.128, 'x': -38.917, 'yaw': 3.141}, None, None
20.03, [INFO], robot4, {'y': 34.097, 'x': -37.099, 'yaw': -3.139}, None, None
20.03, [INFO], robot4, {'battery-level': '17.00'}, None, None
30.02, [INFO], robot4, {'battery-level': '16.74'}, None, None
30.02, [INFO], robot4, {'y': 31.993, 'x': -37.045, 'yaw': 3.141}, None, None
40.00, [INFO], robot4, {'battery-level': '16.48'}, None, None
40.00, [INFO], robot4, {'y': 29.88, 'x': -37.035, 'yaw': 3.14}, None, None
50.08, [INFO], robot4, {'y': 27.748, 'x': -37.002, 'yaw': 3.141}, None, None
50.08, [INFO], robot4, {'battery-level': '16.22'}, None, None
60.08, [INFO], robot4, {'battery-level': '15.96'}, None, None
60.08, [INFO], robot4, {'y': 25.63, 'x': -37.001, 'yaw': -3.142}, None, None
70.08, [INFO], robot4, {'y': 23.508, 'x': -37.054, 'yaw': 3.142}, None, None
70.08, [INFO], robot4, {'battery-level': '15.70'}, None, None
80.07, [INFO], robot4, {'y': 21.399, 'x': -37.174, 'yaw': 3.142}, None, None
80.07, [INFO], robot4, {'battery-level': '15.44'}, None, None
90.05, [INFO], robot4, {'battery-level': '15.18'}, None, None
90.05, [INFO], robot4, {'y': 19.284, 'x': -37.062, 'yaw': 3.137}, None, None
100.00, [INFO], robot4, {'battery-level': '14.92'}, None, None
100.00, [INFO], robot4, {'y': 17.746, 'x': -35.621, 'yaw': 3.141}, None, None
110.07, [INFO], robot4, {'battery-level': '14.66'}, None, None
110.07, [INFO], robot4, {'y': 18.78, 'x': -34.053, 'yaw': 3.142}, None, None
118.05, [info], nurse, sync, received-request, (status=sending-request)
118.05, [info], nurse, sync, request-sent, (status=waiting)
118.05, [info], nurse, sync, wait-message, (status=message-received)
120.04, [INFO], robot4, {'battery-level': '14.40'}, None, None
120.04, [INFO], robot4, {'y': 18.926, 'x': -34.082, 'yaw': 3.141}, None, None
130.00, [INFO], robot4, {'battery-level': '14.14'}, None, None
130.00, [INFO], robot4, {'y': 17.733, 'x': -35.572, 'yaw': -3.141}, None, None
140.06, [INFO], robot4, {'battery-level': '13.88'}, None, None
140.06, [INFO], robot4, {'y': 17.883, 'x': -36.974, 'yaw': 3.141}, None, None
150.01, [INFO], robot4, {'battery-level': '13.62'}, None, None
150.01, [INFO], robot4, {'y': 17.31, 'x': -37.13, 'yaw': -3.141}, None, None
160.07, [INFO], robot4, {'y': 17.29, 'x': -36.88, 'yaw': 3.141}, None, None
160.07, [INFO], robot4, {'battery-level': '13.36'}, None, None
170.06, [INFO], robot4, {'battery-level': '13.10'}, None, None
170.06, [INFO], robot4, {'y': 17.296, 'x': -37.081, 'yaw': 3.141}, None, None
180.01, [INFO], robot4, {'y': 17.348, 'x': -36.919, 'yaw': 3.142}, None, None
180.01, [INFO], robot4, {'battery-level': '12.84'}, None, None
190.09, [INFO], robot4, {'battery-level': '12.58'}, None, None
190.09, [INFO], robot4, {'y': 17.355, 'x': -36.918, 'yaw': 3.142}, None, None
200.04, [INFO], robot4, {'y': 17.199, 'x': -36.893, 'yaw': 3.141}, None, None
200.04, [INFO], robot4, {'battery-level': '12.32'}, None, None
210.00, [INFO], robot4, {'battery-level': '12.06'}, None, None
210.00, [INFO], robot4, {'y': 17.523, 'x': -36.897, 'yaw': 3.141}, None, None
220.05, [INFO], robot4, {'battery-level': '11.80'}, None, None
220.05, [INFO], robot4, {'y': 17.381, 'x': -36.938, 'yaw': 3.142}, None, None
230.09, [INFO], robot4, {'battery-level': '11.54'}, None, None
230.09, [INFO], robot4, {'y': 17.272, 'x': -36.956, 'yaw': 3.141}, None, None
240.05, [INFO], robot4, {'battery-level': '11.28'}, None, None
240.05, [INFO], robot4, {'y': 17.474, 'x': -36.913, 'yaw': -3.141}, None, None
250.09, [INFO], robot4, {'y': 17.303, 'x': -37.116, 'yaw': -3.142}, None, None
250.09, [INFO], robot4, {'battery-level': '11.02'}, None, None
260.04, [INFO], robot4, {'battery-level': '10.76'}, None, None
260.04, [INFO], robot4, {'y': 17.253, 'x': -37.099, 'yaw': 3.141}, None, None
270.03, [INFO], robot4, {'battery-level': '10.50'}, None, None
270.03, [INFO], robot4, {'y': 17.449, 'x': -37.036, 'yaw': 3.141}, None, None
280.08, [INFO], robot4, {'y': 17.287, 'x': -36.816, 'yaw': 3.142}, None, None
280.08, [INFO], robot4, {'battery-level': '10.24'}, None, None
290.03, [INFO], robot4, {'y': 17.364, 'x': -37.009, 'yaw': -3.141}, None, None
290.03, [INFO], robot4, {'battery-level': '9.98'}, None, None
300.02, [INFO], robot4, {'y': 17.346, 'x': -37.007, 'yaw': -3.142}, None, None
300.02, [INFO], robot4, {'battery-level': '9.72'}, None, None
310.08, [INFO], robot4, {'battery-level': '9.46'}, None, None
310.08, [INFO], robot4, {'y': 17.348, 'x': -36.829, 'yaw': -3.141}, None, None
316.83, [WARN], robot4, SKILL-FAILURE, navigation, navto_lab
