0.00, [INFO], robot4, {'battery-level': '17.50'}, None, None
0.13, [DEBUG], logger, ROBOTS_CONFIG={'avg_speed': 0.15, 'battery_charge': 0.17496190705907763, 'battery_discharge_rate': 0.00026000000000000003, 'id': 4, 'local_plan': [['navigation', ['IC Room 2', [[-32.88, 33.98, 3.14], [-37.0, 33.98], [-37.0, 21.5], [-38.0, 21.5, 0.0]]], 'navto_room'], ['approach_person', ['nurse'], 'approach_nurse'], ['authenticate_person', ['nurse'], 'authenticate_nurse'], ['operate_drawer', ['open'], 'open_drawer_for_nurse'], ['send_message', ['nurse'], 'notify_nurse_of_open_drawer_for_nurse_completed'], ['wait_message', ['nurse'], 'wait_nurse_to_complete_deposit'], ['operate_drawer', ['close'], 'close_drawer_nurse'], ['navigation', ['Laboratory', [[-38.0, 21.5, 0.0], [-37.0, 21.5], [-37.0, 16.0], [-26.0, 16.0], [-26.0, 13.0, 1.57]]], 'navto_lab'], ['approach_robot', ['lab_arm'], 'approach_arm'], ['operate_drawer', ['open'], 'open_drawer_lab'], ['send_message', ['lab_arm'], 'notify_lab_arm_of_open_drawer_lab_completed'], ['wait_message', ['lab_arm'], 'wait_lab_arm_to_complete_pick_up_sample'], ['operate_drawer', ['close'], 'close_drawer_lab']], 'location': 'IC Room 5', 'name': 'r4', 'position': [-32.88, 33.98, 3.14], 'skills': ['approach_person', 'approach_robot', 'authenticate_person', 'navigation', 'operate_drawer']}, None, None
0.13, [DEBUG], logger, Simulation open, None, None
10.05, [INFO], robot4, {'y': 34.055, 'x': -33.197, 'yaw': -3.142}, None, None
10.05, [INFO], robot4, {'battery-level': '17.26'}, None, None
20.08, [INFO], robot4, {'y': 34.721, 'x': -35.207, 'yaw': 3.14}, None, None
20.08, [INFO], robot4, {'battery-level': '17.00'}, None, None
30.02, [INFO], robot4, {'y': 33.795, 'x': -37.006, 'yaw': -3.142}, None, None
30.02, [INFO], robot4, {'battery-level': '16.74'}, None, None
40.06, [INFO], robot4, {'y': 31.651, 'x': -36.993, 'yaw': -3.142}, None, None
40.06, [INFO], robot4, {'battery-level': '16.48'}, None, None
50.09, [INFO], robot4, {'y': 29.528, 'x': -37.026, 'yaw': -3.142}, None, None
50.09, [INFO], robot4, {'battery-level': '16.22'}, None, None
60.04, [INFO], robot4, {'battery-level': '15.96'}, None, None
60.04, [INFO], robot4, {'y': 27.437, 'x': -37.02, 'yaw': 3.136}, None, None
70.08, [INFO], robot4, {'battery-level': '15.70'}, None, None
70.08, [INFO], robot4, {'y': 25.311, 'x': -37.036, 'yaw': 3.142}, None, None
80.03, [INFO], robot4, {'y': 23.216, 'x': -37.031, 'yaw': 3.142}, None, None
80.03, [INFO], robot4, {'battery-level': '15.44'}, None, None
90.06, [INFO], robot4, {'battery-level': '15.18'}, None, None
90.06, [INFO], robot4, {'y': 21.366, 'x': -37.588, 'yaw': -3.14}, None, None
100.09, [INFO], robot4, {'y': 21.413, 'x': -38.097, 'yaw': 3.141}, None, None
100.09, [INFO], robot4, {'battery-level': '14.92'}, None, None
104.04, [info], nurse, sync, received-request, (status=sending-request)
104.04, [info], nurse, sync, request-sent, (status=waiting)
104.04, [info], nurse, sync, wait-message, (status=message-received)
110.03, [INFO], robot4, {'y': 21.258, 'x': -37.217, 'yaw': 3.141}, None, None
110.03, [INFO], robot4, {'battery-level': '14.66'}, None, None
120.06, [INFO], robot4, {'battery-level': '14.40'}, None, None
120.06, [INFO], robot4, {'y': 19.125, 'x': -37.118, 'yaw': 3.142}, None, None
130.10, [INFO], robot4, {'battery-level': '14.14'}, None, None
130.10, [INFO], robot4, {'y': 16.992, 'x': -37.124, 'yaw': 3.141}, None, None
140.04, [INFO], robot4, {'y': 15.727, 'x': -35.912, 'yaw': -3.141}, None, None
140.04, [INFO], robot4, {'battery-level': '13.88'}, None, None
150.08, [INFO], robot4, {'y': 15.352, 'x': -33.815, 'yaw': -3.141}, None, None
150.08, [INFO], robot4, {'battery-level': '13.62'}, None, None
160.01, [INFO], robot4, {'battery-level': '13.36'}, None, None
160.01, [INFO], robot4, {'y': 15.493, 'x': -31.712, 'yaw': -3.141}, None, None
170.02, [INFO], robot4, {'battery-level': '13.10'}, None, None
170.02, [INFO], robot4, {'y': 15.669, 'x': -29.597, 'yaw': 3.141}, None, None
180.02, [INFO], robot4, {'battery-level': '12.84'}, None, None
180.02, [INFO], robot4, {'y': 15.835, 'x': -27.491, 'yaw': -3.142}, None, None
190.02, [INFO], robot4, {'battery-level': '12.58'}, None, None
190.02, [INFO], robot4, {'y': 14.88, 'x': -25.905, 'yaw': 3.142}, None, None
200.02, [INFO], robot4, {'battery-level': '12.32'}, None, None
200.02, [INFO], robot4, {'y': 12.979, 'x': -25.894, 'yaw': -3.142}, None, None
206.76, [info], lab_arm, sync, wait-message, (status=message-received)
207.72, [WARN], robot4, SUCCESS, None, None
210.09, [INFO], robot4, {'y': 12.882, 'x': -25.948, 'yaw': -3.142}, None, None
210.09, [INFO], robot4, {'battery-level': '12.06'}, None, None
220.03, [INFO], robot4, {'y': 12.882, 'x': -25.948, 'yaw': 3.142}, None, None
220.03, [INFO], robot4, {'battery-level': '11.80'}, None, None
230.09, [INFO], robot4, {'y': 12.882, 'x': -25.948, 'yaw': 3.142}, None, None
230.09, [INFO], robot4, {'battery-level': '11.54'}, None, None
