0.00, [INFO], robot2, {'battery-level': '63.50'}, None, None
0.00, [DEBUG], logger, ROBOTS_CONFIG={'avg_speed': 0.15, 'battery_charge': 0.634952869577942, 'battery_discharge_rate': 0.0006000000000000001, 'id': 2, 'local_plan': [['navigation', ['PC Room 3', [[-21.0, 18.0, -1.57], [-21.0, 16.0], [-28.5, 16.0], [-28.5, 18.0, -1.57]]], 'navto_room'], ['approach_person', ['nurse'], 'approach_nurse'], ['authenticate_person', ['nurse'], 'authenticate_nurse'], ['operate_drawer', ['open'], 'open_drawer_for_nurse'], ['send_message', ['nurse'], 'notify_nurse_of_open_drawer_for_nurse_completed'], ['wait_message', ['nurse'], 'wait_nurse_to_complete_deposit'], ['operate_drawer', ['close'], 'close_drawer_nurse'], ['navigation', ['Laboratory', [[-28.5, 18.0, -1.57], [-28.5, 16.0], [-26.0, 16.0], [-26.0, 13.0, 1.57]]], 'navto_lab'], ['approach_robot', ['lab_arm'], 'approach_arm'], ['operate_drawer', ['open'], 'open_drawer_lab'], ['send_message', ['lab_arm'], 'notify_lab_arm_of_open_drawer_lab_completed'], ['wait_message', ['lab_arm'], 'wait_lab_arm_to_complete_pick_up_sample'], ['operate_drawer', ['close'], 'close_drawer_lab']], 'location': 'PC Room 5', 'name': 'r2', 'position': [-21.0, 18.0, -1.57], 'skills': ['approach_person', 'approach_robot', 'authenticate_person', 'navigation', 'operate_drawer']}, None, None
0.00, [DEBUG], logger, Simulation open, None, None
10.00, [INFO], robot2, {'battery-level': '62.96'}, None, None
10.00, [INFO], robot2, {'y': 17.678, 'x': -20.98, 'yaw': 3.142}, None, None
20.01, [INFO], robot2, {'y': 16.054, 'x': -21.619, 'yaw': -3.142}, None, None
20.01, [INFO], robot2, {'battery-level': '62.36'}, None, None
30.02, [INFO], robot2, {'battery-level': '61.76'}, None, None
30.02, [INFO], robot2, {'y': 16.036, 'x': -23.731, 'yaw': -3.142}, None, None
40.04, [INFO], robot2, {'battery-level': '61.16'}, None, None
40.04, [INFO], robot2, {'y': 15.959, 'x': -25.852, 'yaw': 3.141}, None, None
50.05, [INFO], robot2, {'battery-level': '60.56'}, None, None
50.05, [INFO], robot2, {'y': 15.993, 'x': -27.966, 'yaw': 3.139}, None, None
60.02, [INFO], robot2, {'y': 17.778, 'x': -28.656, 'yaw': 3.142}, None, None
60.02, [INFO], robot2, {'battery-level': '59.96'}, None, None
70.03, [INFO], robot2, {'y': 18.048, 'x': -28.59, 'yaw': 3.14}, None, None
70.03, [INFO], robot2, {'battery-level': '59.36'}, None, None
76.20, [info], nurse, sync, received-request, (status=sending-request)
76.20, [info], nurse, sync, request-sent, (status=waiting)
76.20, [info], nurse, sync, wait-message, (status=message-received)
80.01, [INFO], robot2, {'y': 17.497, 'x': -28.71, 'yaw': -3.142}, None, None
80.01, [INFO], robot2, {'battery-level': '58.76'}, None, None
90.07, [INFO], robot2, {'battery-level': '58.16'}, None, None
90.07, [INFO], robot2, {'y': 16.114, 'x': -27.827, 'yaw': 3.141}, None, None
100.07, [INFO], robot2, {'y': 15.52, 'x': -25.989, 'yaw': 3.138}, None, None
100.07, [INFO], robot2, {'battery-level': '57.56'}, None, None
110.05, [INFO], robot2, {'y': 13.419, 'x': -25.711, 'yaw': -3.141}, None, None
110.05, [INFO], robot2, {'battery-level': '56.96'}, None, None
120.07, [INFO], robot2, {'y': 12.896, 'x': -25.958, 'yaw': 3.142}, None, None
120.07, [INFO], robot2, {'battery-level': '56.36'}, None, None
120.75, [info], lab_arm, sync, wait-message, (status=message-received)
121.73, [WARN], robot2, SUCCESS, None, None
130.09, [INFO], robot2, {'y': 12.894, 'x': -25.957, 'yaw': -3.142}, None, None
130.09, [INFO], robot2, {'battery-level': '55.76'}, None, None
140.02, [INFO], robot2, {'battery-level': '55.16'}, None, None
140.02, [INFO], robot2, {'y': 12.894, 'x': -25.957, 'yaw': 3.142}, None, None
