0.00, [INFO], robot5, {'battery-level': '71.80'}, None, None
0.00, [DEBUG], logger, ROBOTS_CONFIG={'avg_speed': 0.15, 'battery_charge': 0.7179616530181877, 'battery_discharge_rate': 0.00042, 'id': 5, 'local_plan': [['navigation', ['PC Room 3', [[-33.9, 18.93, 3.14], [-37.0, 18.93], [-37.0, 16.0], [-28.5, 16.0], [-28.5, 18.0, -1.57]]], 'navto_room'], ['approach_person', ['nurse'], 'approach_nurse'], ['authenticate_person', ['nurse'], 'authenticate_nurse'], ['operate_drawer', ['open'], 'open_drawer_for_nurse'], ['send_message', ['nurse'], 'notify_nurse_of_open_drawer_for_nurse_completed'], ['wait_message', ['nurse'], 'wait_nurse_to_complete_deposit'], ['operate_drawer', ['close'], 'close_drawer_nurse'], ['navigation', ['Laboratory', [[-28.5, 18.0, -1.57], [-28.5, 16.0], [-26.0, 16.0], [-26.0, 13.0, 1.57]]], 'navto_lab'], ['approach_robot', ['lab_arm'], 'approach_arm'], ['operate_drawer', ['open'], 'open_drawer_lab'], ['send_message', ['lab_arm'], 'notify_lab_arm_of_open_drawer_lab_completed'], ['wait_message', ['lab_arm'], 'wait_lab_arm_to_complete_pick_up_sample'], ['operate_drawer', ['close'], 'close_drawer_lab']], 'location': 'IC Room 6', 'name': 'r5', 'position': [-33.9, 18.93, 3.14], 'skills': ['approach_person', 'authenticate_person', 'navigation', 'operate_drawer']}, None, None
0.00, [DEBUG], logger, Simulation open, None, None
10.04, [INFO], robot5, {'battery-level': '71.42'}, None, None
10.04, [INFO], robot5, {'y': 18.816, 'x': -34.157, 'yaw': 3.141}, None, None
20.08, [INFO], robot5, {'y': 17.762, 'x': -35.798, 'yaw': 3.141}, None, None
20.08, [INFO], robot5, {'battery-level': '71.00'}, None, None
30.01, [INFO], robot5, {'battery-level': '70.58'}, None, None
30.01, [INFO], robot5, {'y': 17.835, 'x': -36.982, 'yaw': 3.141}, None, None
40.00, [INFO], robot5, {'battery-level': '70.16'}, None, None
40.00, [INFO], robot5, {'y': 17.226, 'x': -37.151, 'yaw': 3.141}, None, None
50.09, [INFO], robot5, {'battery-level': '69.74'}, None, None
50.09, [INFO], robot5, {'y': 17.125, 'x': -36.988, 'yaw': 3.141}, None, None
60.03, [INFO], robot5, {'battery-level': '69.32'}, None, None
60.03, [INFO], robot5, {'y': 17.427, 'x': -36.846, 'yaw': 3.141}, None, None
70.09, [INFO], robot5, {'y': 17.403, 'x': -37.164, 'yaw': 3.141}, None, None
70.09, [INFO], robot5, {'battery-level': '68.90'}, None, None
80.07, [INFO], robot5, {'y': 17.47, 'x': -36.943, 'yaw': -3.142}, None, None
80.07, [INFO], robot5, {'battery-level': '68.48'}, None, None
90.06, [INFO], robot5, {'y': 17.359, 'x': -36.967, 'yaw': 3.141}, None, None
90.06, [INFO], robot5, {'battery-level': '68.06'}, None, None
99.94, [INFO], robot5, {'battery-level': '67.64'}, None, None
100.03, [INFO], robot5, {'y': 17.274, 'x': -37.07, 'yaw': 3.142}, None, None
110.03, [INFO], robot5, {'y': 17.216, 'x': -36.944, 'yaw': 3.14}, None, None
110.03, [INFO], robot5, {'battery-level': '67.22'}, None, None
120.04, [INFO], robot5, {'battery-level': '66.80'}, None, None
120.04, [INFO], robot5, {'y': 17.303, 'x': -36.992, 'yaw': -3.141}, None, None
129.92, [INFO], robot5, {'y': 17.396, 'x': -36.799, 'yaw': 3.142}, None, None
130.02, [INFO], robot5, {'battery-level': '66.38'}, None, None
140.10, [INFO], robot5, {'battery-level': '65.96'}, None, None
140.10, [INFO], robot5, {'y': 17.39, 'x': -37.101, 'yaw': 3.14}, None, None
150.09, [INFO], robot5, {'battery-level': '65.54'}, None, None
150.09, [INFO], robot5, {'y': 17.35, 'x': -36.755, 'yaw': 3.142}, None, None
160.06, [INFO], robot5, {'y': 17.25, 'x': -37.126, 'yaw': -3.141}, None, None
160.06, [INFO], robot5, {'battery-level': '65.12'}, None, None
170.07, [INFO], robot5, {'y': 17.383, 'x': -36.785, 'yaw': -3.142}, None, None
170.07, [INFO], robot5, {'battery-level': '64.70'}, None, None
180.07, [INFO], robot5, {'battery-level': '64.28'}, None, None
180.07, [INFO], robot5, {'y': 17.386, 'x': -36.783, 'yaw': 3.142}, None, None
188.37, [WARN], robot5, SKILL-FAILURE, navigation, navto_room
190.06, [INFO], robot5, {'battery-level': '63.86'}, None, None
190.06, [INFO], robot5, {'y': 17.386, 'x': -36.783, 'yaw': -3.142}, None, None
200.08, [INFO], robot5, {'y': 17.386, 'x': -36.783, 'yaw': -3.142}, None, None
200.08, [INFO], robot5, {'battery-level': '63.44'}, None, None
