0.00, [DEBUG], logger, ROBOTS_CONFIG={'avg_speed': 0.15, 'battery_charge': 0.17496190705907763, 'battery_discharge_rate': 0.00026000000000000003, 'id': 4, 'local_plan': [['navigation', ['IC Room 6', [[-39.44, 33.95, 0.0], [-37.0, 33.95], [-37.0, 18.93], [-33.9, 18.93, 3.14]]], 'navto_room'], ['approach_person', ['nurse'], 'approach_nurse'], ['authenticate_person', ['nurse'], 'authenticate_nurse'], ['operate_drawer', ['open'], 'open_drawer_for_nurse'], ['send_message', ['nurse'], 'notify_nurse_of_open_drawer_for_nurse_completed'], ['wait_message', ['nurse'], 'wait_nurse_to_complete_deposit'], ['operate_drawer', ['close'], 'close_drawer_nurse'], ['navigation', ['Laboratory', [[-33.9, 18.93, 3.14], [-37.0, 18.93], [-37.0, 16.0], [-26.0, 16.0], [-26.0, 13.0, 1.57]]], 'navto_lab'], ['approach_robot', ['lab_arm'], 'approach_arm'], ['operate_drawer', ['open'], 'open_drawer_lab'], ['send_message', ['lab_arm'], 'notify_lab_arm_of_open_drawer_lab_completed'], ['wait_message', ['lab_arm'], 'wait_lab_arm_to_complete_pick_up_sample'], ['operate_drawer', ['close'], 'close_drawer_lab']], 'location': 'IC Room 4', 'name': 'r4', 'position': [-39.44, 33.95, 0.0], 'skills': ['approach_person', 'approach_robot', 'authenticate_person', 'navigation', 'operate_drawer']}, None, None
0.00, [DEBUG], logger, Simulation open, None, None
10.07, [INFO], robot4, {'y': 34.133, 'x': -38.926, 'yaw': 3.142}, None, None
10.07, [INFO], robot4, {'battery-level': '17.26'}, None, None
20.01, [INFO], robot4, {'y': 34.129, 'x': -37.112, 'yaw': -3.142}, None, None
20.01, [INFO], robot4, {'battery-level': '17.00'}, None, None
30.09, [INFO], robot4, {'battery-level': '16.74'}, None, None
30.09, [INFO], robot4, {'y': 32.014, 'x': -37.082, 'yaw': 3.14}, None, None
40.05, [INFO], robot4, {'battery-level': '16.48'}, None, None
40.05, [INFO], robot4, {'y': 29.906, 'x': -37.045, 'yaw': 3.141}, None, None
50.03, [INFO], robot4, {'y': 27.794, 'x': -36.987, 'yaw': 3.141}, None, None
50.03, [INFO], robot4, {'battery-level': '16.22'}, None, None
60.08, [INFO], robot4, {'battery-level': '15.96'}, None, None
60.08, [INFO], robot4, {'y': 25.667, 'x': -37.035, 'yaw': 3.142}, None, None
70.04, [INFO], robot4, {'y': 23.565, 'x': -37.016, 'yaw': 3.141}, None, None
70.04, [INFO], robot4, {'battery-level': '15.70'}, None, None
80.03, [INFO], robot4, {'battery-level': '15.44'}, None, None
80.03, [INFO], robot4, {'y': 21.457, 'x': -37.14, 'yaw': -3.142}, None, None
90.00, [INFO], robot4, {'battery-level': '15.18'}, None, None
90.00, [INFO], robot4, {'y': 19.344, 'x': -37.06, 'yaw': 3.141}, None, None
100.06, [INFO], robot4, {'battery-level': '14.92'}, None, None
100.06, [INFO], robot4, {'y': 17.718, 'x': -35.678, 'yaw': -3.138}, None, None
110.03, [INFO], robot4, {'battery-level': '14.66'}, None, None
110.03, [INFO], robot4, {'y': 18.731, 'x': -34.089, 'yaw': 3.142}, None, None
120.05, [INFO], robot4, {'battery-level': '14.40'}, None, None
120.05, [INFO], robot4, {'y': 18.95, 'x': -33.932, 'yaw': -3.142}, None, None
120.73, [info], nurse, sync, received-request, (status=sending-request)
120.73, [info], nurse, sync, request-sent, (status=waiting)
120.73, [info], nurse, sync, wait-message, (status=message-received)
130.00, [INFO], robot4, {'battery-level': '14.14'}, None, None
130.00, [INFO], robot4, {'y': 17.815, 'x': -35.07, 'yaw': 3.141}, None, None
140.04, [INFO], robot4, {'battery-level': '13.88'}, None, None
140.04, [INFO], robot4, {'y': 18.016, 'x': -36.182, 'yaw': -3.136}, None, None
150.05, [INFO], robot4, {'battery-level': '13.62'}, None, None
150.05, [INFO], robot4, {'y': 17.356, 'x': -37.015, 'yaw': 3.14}, None, None
160.10, [INFO], robot4, {'battery-level': '13.36'}, None, None
160.10, [INFO], robot4, {'y': 17.457, 'x': -36.872, 'yaw': -3.142}, None, None
170.07, [INFO], robot4, {'battery-level': '13.10'}, None, None
170.07, [INFO], robot4, {'y': 17.383, 'x': -36.794, 'yaw': 3.141}, None, None
180.02, [INFO], robot4, {'battery-level': '12.84'}, None, None
180.02, [INFO], robot4, {'y': 17.499, 'x': -36.716, 'yaw': -3.141}, None, None
190.02, [INFO], robot4, {'battery-level': '12.58'}, None, None
190.02, [INFO], robot4, {'y': 17.315, 'x': -37.109, 'yaw': 3.141}, None, None
200.06, [INFO], robot4, {'y': 17.477, 'x': -36.899, 'yaw': 3.141}, None, None
200.06, [INFO], robot4, {'battery-level': '12.32'}, None, None
210.02, [INFO], robot4, {'battery-level': '12.06'}, None, None
210.02, [INFO], robot4, {'y': 17.312, 'x': -37.13, 'yaw': 3.142}, None, None
220.10, [INFO], robot4, {'battery-level': '11.80'}, None, None
220.10, [INFO], robot4, {'y': 17.433, 'x': -37.04, 'yaw': 3.141}, None, None
230.03, [INFO], robot4, {'y': 17.223, 'x': -36.94, 'yaw': -3.141}, None, None
230.03, [INFO], robot4, {'battery-level': '11.54'}, None, None
240.00, [INFO], robot4, {'y': 17.532, 'x': -36.892, 'yaw': -3.141}, None, None
240.00, [INFO], robot4, {'battery-level': '11.28'}, None, None
250.05, [INFO], robot4, {'battery-level': '11.02'}, None, None
250.05, [INFO], robot4, {'y': 17.297, 'x': -37.109, 'yaw': -3.141}, None, None
260.00, [INFO], robot4, {'battery-level': '10.76'}, None, None
260.00, [INFO], robot4, {'y': 17.286, 'x': -36.886, 'yaw': 3.14}, None, None
270.01, [INFO], robot4, {'battery-level': '10.50'}, None, None
270.01, [INFO], robot4, {'y': 17.402, 'x': -36.88, 'yaw': -3.141}, None, None
280.06, [INFO], robot4, {'battery-level': '10.24'}, None, None
280.06, [INFO], robot4, {'y': 17.511, 'x': -36.766, 'yaw': 3.141}, None, None
290.09, [INFO], robot4, {'y': 17.237, 'x': -37.093, 'yaw': -3.141}, None, None
290.09, [INFO], robot4, {'battery-level': '9.98'}, None, None
300.00, [INFO], robot4, {'battery-level': '9.72'}, None, None
300.00, [INFO], robot4, {'y': 17.471, 'x': -36.936, 'yaw': -3.141}, None, None
309.96, [INFO], robot4, {'y': 17.234, 'x': -37.152, 'yaw': 3.142}, None, None
310.06, [INFO], robot4, {'battery-level': '9.46'}, None, None
314.90, [WARN], robot4, SKILL-FAILURE, navigation, navto_lab
320.08, [INFO], robot4, {'y': 17.413, 'x': -36.91, 'yaw': -3.142}, None, None
320.08, [INFO], robot4, {'battery-level': '9.20'}, None, None
