0.00, [INFO], robot4, {'battery-level': '17.50'}, None, None
0.00, [DEBUG], logger, ROBOTS_CONFIG={'avg_speed': 0.15, 'battery_charge': 0.17496190705907763, 'battery_discharge_rate': 0.00026000000000000003, 'id': 4, 'local_plan': [['navigation', ['IC Room 6', [[-39.44, 33.95, 0.0], [-37.0, 33.95], [-37.0, 18.93], [-33.9, 18.93, 3.14]]], 'navto_room'], ['approach_person', ['nurse'], 'approach_nurse'], ['authenticate_person', ['nurse'], 'authenticate_nurse'], ['operate_drawer', ['open'], 'open_drawer_for_nurse'], ['send_message', ['nurse'], 'notify_nurse_of_open_drawer_for_nurse_completed'], ['wait_message', ['nurse'], 'wait_nurse_to_complete_deposit'], ['operate_drawer', ['close'], 'close_drawer_nurse'], ['navigation', ['Laboratory', [[-33.9, 18.93, 3.14], [-37.0, 18.93], [-37.0, 16.0], [-26.0, 16.0], [-26.0, 13.0, 1.57]]], 'navto_lab'], ['approach_robot', ['lab_arm'], 'approach_arm'], ['operate_drawer', ['open'], 'open_drawer_lab'], ['send_message', ['lab_arm'], 'notify_lab_arm_of_open_drawer_lab_completed'], ['wait_message', ['lab_arm'], 'wait_lab_arm_to_complete_pick_up_sample'], ['operate_drawer', ['close'], 'close_drawer_lab']], 'location': 'IC Room 4', 'name': 'r4', 'position': [-39.44, 33.95, 0.0], 'skills': ['approach_person', 'approach_robot', 'authenticate_person', 'navigation', 'operate_drawer']}, None, None
0.00, [DEBUG], logger, Simulation open, None, None
9.94, [INFO], robot4, {'battery-level': '17.26'}, None, None
10.04, [INFO], robot4, {'y': 33.952, 'x': -39.424, 'yaw': -3.142}, None, None
20.00, [INFO], robot4, {'y': 34.538, 'x': -37.707, 'yaw': 3.141}, None, None
20.00, [INFO], robot4, {'battery-level': '17.00'}, None, None
30.06, [INFO], robot4, {'battery-level': '16.74'}, None, None
30.06, [INFO], robot4, {'y': 32.737, 'x': -37.024, 'yaw': 3.141}, None, None
40.09, [INFO], robot4, {'battery-level': '16.48'}, None, None
40.09, [INFO], robot4, {'y': 30.613, 'x': -37.047, 'yaw': 3.141}, None, None
50.00, [INFO], robot4, {'battery-level': '16.22'}, None, None
50.00, [INFO], robot4, {'y': 28.514, 'x': -37.024, 'yaw': 3.14}, None, None
60.04, [INFO], robot4, {'battery-level': '15.96'}, None, None
60.04, [INFO], robot4, {'y': 26.393, 'x': -36.987, 'yaw': 3.141}, None, None
70.09, [INFO], robot4, {'battery-level': '15.70'}, None, None
70.09, [INFO], robot4, {'y': 24.276, 'x': -36.994, 'yaw': 3.142}, None, None
80.05, [INFO], robot4, {'y': 22.177, 'x': -37.075, 'yaw': 3.141}, None, None
80.05, [INFO], robot4, {'battery-level': '15.44'}, None, None
90.06, [INFO], robot4, {'battery-level': '15.18'}, None, None
90.06, [INFO], robot4, {'y': 20.052, 'x': -37.064, 'yaw': 3.141}, None, None
100.09, [INFO], robot4, {'battery-level': '14.92'}, None, None
100.09, [INFO], robot4, {'y': 18.213, 'x': -36.181, 'yaw': 3.142}, None, None
110.04, [INFO], robot4, {'battery-level': '14.66'}, None, None
110.04, [INFO], robot4, {'y': 18.257, 'x': -34.394, 'yaw': 3.142}, None, None
120.07, [INFO], robot4, {'battery-level': '14.40'}, None, None
120.07, [INFO], robot4, {'y': 18.979, 'x': -33.929, 'yaw': 3.142}, None, None
120.85, [info], nurse, sync, received-request, (status=sending-request)
120.85, [info], nurse, sync, request-sent, (status=waiting)
120.94, [info], nurse, sync, wait-message, (status=message-received)
130.02, [INFO], robot4, {'battery-level': '14.14'}, None, None
130.02, [INFO], robot4, {'y': 17.825, 'x': -34.973, 'yaw': -3.142}, None, None
140.06, [INFO], robot4, {'battery-level': '13.88'}, None, None
140.06, [INFO], robot4, {'y': 18.073, 'x': -36.271, 'yaw': 3.141}, None, None
150.02, [INFO], robot4, {'battery-level': '13.62'}, None, None
150.02, [INFO], robot4, {'y': 17.519, 'x': -36.757, 'yaw': -3.141}, None, None
160.06, [INFO], robot4, {'battery-level': '13.36'}, None, None
160.06, [INFO], robot4, {'y': 17.331, 'x': -37.116, 'yaw': -3.141}, None, None
170.02, [INFO], robot4, {'y': 17.394, 'x': -36.93, 'yaw': -3.142}, None, None
170.02, [INFO], robot4, {'battery-level': '13.10'}, None, None
180.07, [INFO], robot4, {'battery-level': '12.84'}, None, None
180.07, [INFO], robot4, {'y': 17.394, 'x': -36.93, 'yaw': -3.142}, None, None
190.02, [INFO], robot4, {'y': 17.393, 'x': -36.93, 'yaw': -3.142}, None, None
190.02, [INFO], robot4, {'battery-level': '12.58'}, None, None
200.07, [INFO], robot4, {'battery-level': '12.32'}, None, None
200.07, [INFO], robot4, {'y': 17.358, 'x': -36.961, 'yaw': -3.142}, None, None
210.02, [INFO], robot4, {'y': 17.343, 'x': -36.87, 'yaw': -3.141}, None, None
210.02, [INFO], robot4, {'battery-level': '12.06'}, None, None
220.08, [INFO], robot4, {'battery-level': '11.80'}, None, None
220.08, [INFO], robot4, {'y': 17.37, 'x': -36.855, 'yaw': 3.142}, None, None
230.03, [INFO], robot4, {'battery-level': '11.54'}, None, None
230.03, [INFO], robot4, {'y': 17.161, 'x': -37.102, 'yaw': 3.141}, None, None
240.09, [INFO], robot4, {'y': 17.157, 'x': -37.04, 'yaw': 3.141}, None, None
240.09, [INFO], robot4, {'battery-level': '11.28'}, None, None
250.05, [INFO], robot4, {'y': 17.453, 'x': -37.055, 'yaw': -3.142}, None, None
250.05, [INFO], robot4, {'battery-level': '11.02'}, None, None
260.06, [INFO], robot4, {'y': 17.178, 'x': -36.794, 'yaw': -3.142}, None, None
260.06, [INFO], robot4, {'battery-level': '10.76'}, None, None
270.01, [INFO], robot4, {'battery-level': '10.50'}, None, None
270.01, [INFO], robot4, {'y': 17.34, 'x': -36.867, 'yaw': -3.141}, None, None
280.04, [INFO], robot4, {'battery-level': '10.24'}, None, None
280.04, [INFO], robot4, {'y': 17.308, 'x': -36.965, 'yaw': -3.141}, None, None
290.07, [INFO], robot4, {'y': 17.132, 'x': -36.693, 'yaw': 3.142}, None, None
290.07, [INFO], robot4, {'battery-level': '9.98'}, None, None
300.07, [INFO], robot4, {'y': 17.078, 'x': -37.035, 'yaw': -3.142}, None, None
300.07, [INFO], robot4, {'battery-level': '9.72'}, None, None
310.00, [INFO], robot4, {'battery-level': '9.46'}, None, None
310.00, [INFO], robot4, {'y': 17.389, 'x': -36.86, 'yaw': -3.141}, None, None
317.44, [WARN], robot4, SKILL-FAILURE, navigation, navto_lab
320.02, [INFO], robot4, {'y': 17.381, 'x': -36.905, 'yaw': 3.141}, None, None
320.02, [INFO], robot4, {'battery-level': '9.20'}, None, None
