0.00, [INFO], robot6, {'battery-level': '54.08'}, None, None
0.00, [DEBUG], logger, ROBOTS_CONFIG={'avg_speed': 0.15, 'battery_charge': 0.5408465660492595, 'battery_discharge_rate': 0.0005200000000000001, 'id': 6, 'local_plan': [['navigation', ['IC Room 2', [[-33.9, 18.93, 3.14], [-37.0, 18.93], [-37.0, 21.5], [-38.0, 21.5, 0.0]]], 'navto_room'], ['approach_person', ['nurse'], 'approach_nurse'], ['authenticate_person', ['nurse'], 'authenticate_nurse'], ['operate_drawer', ['open'], 'open_drawer_for_nurse'], ['send_message', ['nurse'], 'notify_nurse_of_open_drawer_for_nurse_completed'], ['wait_message', ['nurse'], 'wait_nurse_to_complete_deposit'], ['operate_drawer', ['close'], 'close_drawer_nurse'], ['navigation', ['Laboratory', [[-38.0, 21.5, 0.0], [-37.0, 21.5], [-37.0, 16.0], [-26.0, 16.0], [-26.0, 13.0, 1.57]]], 'navto_lab'], ['approach_robot', ['lab_arm'], 'approach_arm'], ['operate_drawer', ['open'], 'open_drawer_lab'], ['send_message', ['lab_arm'], 'notify_lab_arm_of_open_drawer_lab_completed'], ['wait_message', ['lab_arm'], 'wait_lab_arm_to_complete_pick_up_sample'], ['operate_drawer', ['close'], 'close_drawer_lab']], 'location': 'IC Room 6', 'name': 'r6', 'position': [-33.9, 18.93, 3.14], 'skills': ['approach_person', 'approach_robot', 'authenticate_person', 'navigation', 'operate_drawer']}, None, None
0.00, [DEBUG], logger, Simulation open, None, None
10.04, [INFO], robot6, {'battery-level': '53.62'}, None, None
10.04, [INFO], robot6, {'y': 18.434, 'x': -34.373, 'yaw': 3.141}, None, None
20.06, [INFO], robot6, {'battery-level': '53.10'}, None, None
20.06, [INFO], robot6, {'y': 18.057, 'x': -36.177, 'yaw': 3.141}, None, None
30.07, [INFO], robot6, {'battery-level': '52.58'}, None, None
30.07, [INFO], robot6, {'y': 19.925, 'x': -36.9, 'yaw': 3.142}, None, None
40.09, [INFO], robot6, {'y': 21.609, 'x': -37.705, 'yaw': -3.141}, None, None
40.09, [INFO], robot6, {'battery-level': '52.06'}, None, None
50.02, [INFO], robot6, {'battery-level': '51.54'}, None, None
50.02, [INFO], robot6, {'y': 21.483, 'x': -38.078, 'yaw': 3.14}, None, None
60.08, [INFO], robot6, {'battery-level': '51.02'}, None, None
60.08, [INFO], robot6, {'y': 21.41, 'x': -38.088, 'yaw': -3.14}, None, None
64.87, [info], nurse, sync, received-request, (status=sending-request)
64.87, [info], nurse, sync, request-sent, (status=waiting)
64.87, [info], nurse, sync, wait-message, (status=message-received)
70.06, [INFO], robot6, {'battery-level': '50.50'}, None, None
70.06, [INFO], robot6, {'y': 21.397, 'x': -37.296, 'yaw': -3.142}, None, None
80.00, [INFO], robot6, {'battery-level': '49.98'}, None, None
80.00, [INFO], robot6, {'y': 19.299, 'x': -37.093, 'yaw': -3.142}, None, None
90.01, [INFO], robot6, {'battery-level': '49.46'}, None, None
90.01, [INFO], robot6, {'y': 17.193, 'x': -37.042, 'yaw': 3.14}, None, None
100.09, [INFO], robot6, {'y': 15.738, 'x': -36.034, 'yaw': 3.141}, None, None
100.09, [INFO], robot6, {'battery-level': '48.94'}, None, None
110.02, [INFO], robot6, {'battery-level': '48.42'}, None, None
110.02, [INFO], robot6, {'y': 15.375, 'x': -33.959, 'yaw': 3.142}, None, None
120.05, [INFO], robot6, {'battery-level': '47.90'}, None, None
120.05, [INFO], robot6, {'y': 15.457, 'x': -31.839, 'yaw': 3.142}, None, None
130.04, [INFO], robot6, {'battery-level': '47.38'}, None, None
130.04, [INFO], robot6, {'y': 15.636, 'x': -29.719, 'yaw': 3.141}, None, None
140.06, [INFO], robot6, {'y': 15.851, 'x': -27.615, 'yaw': -3.141}, None, None
140.06, [INFO], robot6, {'battery-level': '46.86'}, None, None
150.08, [INFO], robot6, {'battery-level': '46.34'}, None, None
150.08, [INFO], robot6, {'y': 14.972, 'x': -25.978, 'yaw': 3.141}, None, None
160.07, [INFO], robot6, {'y': 13.023, 'x': -25.855, 'yaw': -3.142}, None, None
160.07, [INFO], robot6, {'battery-level': '45.82'}, None, None
170.06, [INFO], robot6, {'battery-level': '45.30'}, None, None
170.06, [INFO], robot6, {'y': 12.898, 'x': -25.956, 'yaw': -3.142}, None, None
170.73, [info], lab_arm, sync, wait-message, (status=message-received)
171.70, [WARN], robot6, SUCCESS, None, None
