0.00, [INFO], robot5, {'battery-level': '71.80'}, None, None
0.13, [DEBUG], logger, ROBOTS_CONFIG={'avg_speed': 0.15, 'battery_charge': 0.7179616530181877, 'battery_discharge_rate': 0.00042, 'id': 5, 'local_plan': [['navigation', ['IC Room 2', [[-11.5, 18.0, -1.57], [-11.5, 16.0], [-37.0, 16.0], [-37.0, 21.5], [-38.0, 21.5, 0.0]]], 'navto_room'], ['approach_person', ['nurse'], 'approach_nurse'], ['authenticate_person', ['nurse'], 'authenticate_nurse'], ['operate_drawer', ['open'], 'open_drawer_for_nurse'], ['send_message', ['nurse'], 'notify_nurse_of_open_drawer_for_nurse_completed'], ['wait_message', ['nurse'], 'wait_nurse_to_complete_deposit'], ['operate_drawer', ['close'], 'close_drawer_nurse'], ['navigation', ['Laboratory', [[-38.0, 21.5, 0.0], [-37.0, 21.5], [-37.0, 16.0], [-26.0, 16.0], [-26.0, 13.0, 1.57]]], 'navto_lab'], ['approach_robot', ['lab_arm'], 'approach_arm'], ['operate_drawer', ['open'], 'open_drawer_lab'], ['send_message', ['lab_arm'], 'notify_lab_arm_of_open_drawer_lab_completed'], ['wait_message', ['lab_arm'], 'wait_lab_arm_to_complete_pick_up_sample'], ['operate_drawer', ['close'], 'close_drawer_lab']], 'location': 'PC Room 8', 'name': 'r5', 'position': [-11.5, 18.0, -1.57], 'skills': ['approach_person', 'approach_robot', 'authenticate_person', 'navigation', 'operate_drawer']}, None, None
0.13, [DEBUG], logger, Simulation open, None, None
10.00, [INFO], robot5, {'battery-level': '71.42'}, None, None
10.00, [INFO], robot5, {'y': 17.602, 'x': -11.566, 'yaw': 3.141}, None, None
19.94, [INFO], robot5, {'y': 16.335, 'x': -12.85, 'yaw': 3.142}, None, None
20.04, [INFO], robot5, {'battery-level': '71.00'}, None, None
30.02, [INFO], robot5, {'y': 16.113, 'x': -13.098, 'yaw': -3.14}, None, None
30.02, [INFO], robot5, {'battery-level': '70.58'}, None, None
40.03, [INFO], robot5, {'battery-level': '70.16'}, None, None
40.03, [INFO], robot5, {'y': 16.151, 'x': -12.795, 'yaw': 3.141}, None, None
50.09, [INFO], robot5, {'y': 16.287, 'x': -12.841, 'yaw': 3.141}, None, None
50.09, [INFO], robot5, {'battery-level': '69.74'}, None, None
60.00, [INFO], robot5, {'y': 16.2, 'x': -13.061, 'yaw': 3.141}, None, None
60.00, [INFO], robot5, {'battery-level': '69.32'}, None, None
70.05, [INFO], robot5, {'battery-level': '68.90'}, None, None
70.05, [INFO], robot5, {'y': 16.369, 'x': -13.021, 'yaw': 3.141}, None, None
80.05, [INFO], robot5, {'battery-level': '68.48'}, None, None
80.05, [INFO], robot5, {'y': 16.071, 'x': -12.938, 'yaw': 3.141}, None, None
90.00, [INFO], robot5, {'y': 16.113, 'x': -12.847, 'yaw': -3.142}, None, None
90.00, [INFO], robot5, {'battery-level': '68.06'}, None, None
100.04, [INFO], robot5, {'y': 16.202, 'x': -13.1, 'yaw': 3.141}, None, None
100.04, [INFO], robot5, {'battery-level': '67.64'}, None, None
109.96, [INFO], robot5, {'y': 16.115, 'x': -12.89, 'yaw': 3.141}, None, None
110.06, [INFO], robot5, {'battery-level': '67.22'}, None, None
120.01, [INFO], robot5, {'battery-level': '66.80'}, None, None
120.01, [INFO], robot5, {'y': 16.406, 'x': -13.118, 'yaw': 3.141}, None, None
130.03, [INFO], robot5, {'battery-level': '66.38'}, None, None
130.03, [INFO], robot5, {'y': 16.084, 'x': -13.037, 'yaw': 3.141}, None, None
140.04, [INFO], robot5, {'battery-level': '65.96'}, None, None
140.04, [INFO], robot5, {'y': 16.163, 'x': -12.85, 'yaw': 3.141}, None, None
150.00, [INFO], robot5, {'battery-level': '65.54'}, None, None
150.00, [INFO], robot5, {'y': 16.246, 'x': -13.068, 'yaw': 3.141}, None, None
160.04, [INFO], robot5, {'y': 16.136, 'x': -13.03, 'yaw': 3.141}, None, None
160.04, [INFO], robot5, {'battery-level': '65.12'}, None, None
168.60, [WARN], robot5, SKILL-FAILURE, navigation, navto_room
170.09, [INFO], robot5, {'battery-level': '64.70'}, None, None
170.09, [INFO], robot5, {'y': 16.017, 'x': -12.799, 'yaw': -3.142}, None, None
