0.00, [DEBUG], logger, ROBOTS_CONFIG={'avg_speed': 0.15, 'battery_charge': 0.634952869577942, 'battery_discharge_rate': 0.0006000000000000001, 'id': 2, 'local_plan': [['navigation', ['IC Room 6', [[-19.0, 18.0, -1.57], [-19.0, 16.0], [-37.0, 16.0], [-37.0, 18.93], [-33.9, 18.93, 3.14]]], 'navto_room'], ['approach_person', ['nurse'], 'approach_nurse'], ['authenticate_person', ['nurse'], 'authenticate_nurse'], ['operate_drawer', ['open'], 'open_drawer_for_nurse'], ['send_message', ['nurse'], 'notify_nurse_of_open_drawer_for_nurse_completed'], ['wait_message', ['nurse'], 'wait_nurse_to_complete_deposit'], ['operate_drawer', ['close'], 'close_drawer_nurse'], ['navigation', ['Laboratory', [[-33.9, 18.93, 3.14], [-37.0, 18.93], [-37.0, 16.0], [-26.0, 16.0], [-26.0, 13.0, 1.57]]], 'navto_lab'], ['approach_robot', ['lab_arm'], 'approach_arm'], ['operate_drawer', ['open'], 'open_drawer_lab'], ['send_message', ['lab_arm'], 'notify_lab_arm_of_open_drawer_lab_completed'], ['wait_message', ['lab_arm'], 'wait_lab_arm_to_complete_pick_up_sample'], ['operate_drawer', ['close'], 'close_drawer_lab']], 'location': 'PC Room 6', 'name': 'r2', 'position': [-19.0, 18.0, -1.57], 'skills': ['approach_person', 'approach_robot', 'authenticate_person', 'navigation', 'operate_drawer']}, None, None
0.00, [DEBUG], logger, Simulation open, None, None
10.04, [INFO], robot2, {'y': 17.427, 'x': -19.201, 'yaw': 3.141}, None, None
10.04, [INFO], robot2, {'battery-level': '62.96'}, None, None
20.05, [INFO], robot2, {'y': 16.189, 'x': -20.289, 'yaw': 3.142}, None, None
20.05, [INFO], robot2, {'battery-level': '62.36'}, None, None
30.02, [INFO], robot2, {'battery-level': '61.76'}, None, None
30.02, [INFO], robot2, {'y': 16.13, 'x': -22.4, 'yaw': -3.136}, None, None
40.07, [INFO], robot2, {'battery-level': '61.16'}, None, None
40.07, [INFO], robot2, {'y': 16.055, 'x': -24.516, 'yaw': 3.14}, None, None
50.01, [INFO], robot2, {'battery-level': '60.56'}, None, None
50.01, [INFO], robot2, {'y': 16.044, 'x': -26.608, 'yaw': 3.139}, None, None
60.03, [INFO], robot2, {'battery-level': '59.96'}, None, None
60.03, [INFO], robot2, {'y': 16.127, 'x': -28.722, 'yaw': 3.138}, None, None
70.04, [INFO], robot2, {'battery-level': '59.36'}, None, None
70.04, [INFO], robot2, {'y': 16.042, 'x': -30.835, 'yaw': 3.141}, None, None
80.06, [INFO], robot2, {'y': 15.813, 'x': -32.951, 'yaw': -3.141}, None, None
80.06, [INFO], robot2, {'battery-level': '58.76'}, None, None
90.06, [INFO], robot2, {'y': 15.342, 'x': -35.025, 'yaw': 3.141}, None, None
90.06, [INFO], robot2, {'battery-level': '58.16'}, None, None
100.09, [INFO], robot2, {'battery-level': '57.56'}, None, None
100.09, [INFO], robot2, {'y': 16.033, 'x': -36.955, 'yaw': -3.142}, None, None
110.02, [INFO], robot2, {'y': 17.552, 'x': -36.905, 'yaw': -3.142}, None, None
110.02, [INFO], robot2, {'battery-level': '56.96'}, None, None
120.05, [INFO], robot2, {'y': 17.686, 'x': -36.879, 'yaw': -3.141}, None, None
120.05, [INFO], robot2, {'battery-level': '56.36'}, None, None
130.03, [INFO], robot2, {'battery-level': '55.76'}, None, None
130.03, [INFO], robot2, {'y': 17.706, 'x': -36.873, 'yaw': 3.142}, None, None
140.00, [INFO], robot2, {'y': 17.726, 'x': -36.847, 'yaw': 3.141}, None, None
140.00, [INFO], robot2, {'battery-level': '55.16'}, None, None
150.07, [INFO], robot2, {'battery-level': '54.56'}, None, None
150.07, [INFO], robot2, {'y': 17.727, 'x': -36.848, 'yaw': 3.142}, None, None
160.06, [INFO], robot2, {'battery-level': '53.96'}, None, None
160.06, [INFO], robot2, {'y': 17.726, 'x': -36.847, 'yaw': 3.141}, None, None
170.02, [INFO], robot2, {'battery-level': '53.36'}, None, None
170.02, [INFO], robot2, {'y': 17.726, 'x': -36.847, 'yaw': -3.142}, None, None
180.05, [INFO], robot2, {'battery-level': '52.76'}, None, None
180.05, [INFO], robot2, {'y': 17.888, 'x': -36.997, 'yaw': 3.142}, None, None
190.02, [INFO], robot2, {'battery-level': '52.16'}, None, None
190.02, [INFO], robot2, {'y': 17.898, 'x': -37.038, 'yaw': -3.142}, None, None
200.02, [INFO], robot2, {'y': 17.899, 'x': -37.038, 'yaw': 3.142}, None, None
200.02, [INFO], robot2, {'battery-level': '51.56'}, None, None
210.05, [INFO], robot2, {'battery-level': '50.96'}, None, None
210.05, [INFO], robot2, {'y': 17.898, 'x': -37.038, 'yaw': -3.142}, None, None
220.05, [INFO], robot2, {'battery-level': '50.36'}, None, None
220.05, [INFO], robot2, {'y': 17.898, 'x': -37.038, 'yaw': -3.142}, None, None
230.01, [INFO], robot2, {'battery-level': '49.76'}, None, None
230.01, [INFO], robot2, {'y': 17.932, 'x': -36.234, 'yaw': 3.138}, None, None
240.05, [INFO], robot2, {'y': 18.001, 'x': -35.854, 'yaw': 3.136}, None, None
240.05, [INFO], robot2, {'battery-level': '49.16'}, None, None
250.02, [INFO], robot2, {'battery-level': '48.56'}, None, None
250.02, [INFO], robot2, {'y': 18.285, 'x': -35.749, 'yaw': 3.14}, None, None
251.10, [WARN], robot2, SKILL-FAILURE, navigation, navto_room
260.04, [INFO], robot2, {'y': 18.285, 'x': -35.75, 'yaw': -3.142}, None, None
260.04, [INFO], robot2, {'battery-level': '47.96'}, None, None
