0.00, [DEBUG], nurse, NURSE_CONFIG={'location': 'IC Room 2', 'position': [-38.0, 21.5, 0.0]}, None, None
0.00, [DEBUG], logger, ROBOTS_CONFIG={'avg_speed': 0.15, 'battery_charge': 0.23995139509475963, 'battery_discharge_rate': 0.00068, 'id': 1, 'local_plan': [['navigation', ['IC Room 2', [[-27.23, 18.0, -1.57], [-27.23, 16.0], [-37.0, 16.0], [-37.0, 21.5], [-38.0, 21.5, 0.0]]], 'navto_room'], ['approach_person', ['nurse'], 'approach_nurse'], ['authenticate_person', ['nurse'], 'authenticate_nurse'], ['operate_drawer', ['open'], 'open_drawer_for_nurse'], ['send_message', ['nurse'], 'notify_nurse_of_open_drawer_for_nurse_completed'], ['wait_message', ['nurse'], 'wait_nurse_to_complete_deposit'], ['operate_drawer', ['close'], 'close_drawer_nurse'], ['navigation', ['Laboratory', [[-38.0, 21.5, 0.0], [-37.0, 21.5], [-37.0, 16.0], [-26.0, 16.0], [-26.0, 13.0, 1.57]]], 'navto_lab'], ['approach_robot', ['lab_arm'], 'approach_arm'], ['operate_drawer', ['open'], 'open_drawer_lab'], ['send_message', ['lab_arm'], 'notify_lab_arm_of_open_drawer_lab_completed'], ['wait_message', ['lab_arm'], 'wait_lab_arm_to_complete_pick_up_sample'], ['operate_drawer', ['close'], 'close_drawer_lab']], 'location': 'PC Room 4', 'name': 'r1', 'position': [-27.23, 18.0, -1.57], 'skills': ['approach_person', 'approach_robot', 'authenticate_person', 'navigation', 'operate_drawer']}, None, None
0.00, [DEBUG], logger, Simulation open, None, None
10.02, [INFO], robot1, {'y': 18.0, 'x': -27.23, 'yaw': -3.142}, None, None
10.02, [INFO], robot1, {'battery-level': '23.38'}, None, None
20.06, [INFO], robot1, {'y': 17.011, 'x': -27.065, 'yaw': -3.141}, None, None
20.06, [INFO], robot1, {'battery-level': '22.70'}, None, None
30.00, [INFO], robot1, {'battery-level': '22.02'}, None, None
30.00, [INFO], robot1, {'y': 16.106, 'x': -28.357, 'yaw': -3.142}, None, None
40.07, [INFO], robot1, {'battery-level': '21.34'}, None, None
40.07, [INFO], robot1, {'y': 16.005, 'x': -30.488, 'yaw': -3.142}, None, None
50.02, [INFO], robot1, {'battery-level': '20.66'}, None, None
50.02, [INFO], robot1, {'y': 15.814, 'x': -32.598, 'yaw': 3.14}, None, None
60.02, [INFO], robot1, {'y': 15.378, 'x': -34.684, 'yaw': -3.141}, None, None
60.02, [INFO], robot1, {'battery-level': '19.98'}, None, None
70.05, [INFO], robot1, {'battery-level': '19.30'}, None, None
70.05, [INFO], robot1, {'y': 15.932, 'x': -36.716, 'yaw': 3.142}, None, None
80.08, [INFO], robot1, {'battery-level': '18.62'}, None, None
80.08, [INFO], robot1, {'y': 18.052, 'x': -36.668, 'yaw': -3.142}, None, None
90.01, [INFO], robot1, {'battery-level': '17.94'}, None, None
90.01, [INFO], robot1, {'y': 20.15, 'x': -36.863, 'yaw': -3.142}, None, None
100.03, [INFO], robot1, {'battery-level': '17.26'}, None, None
100.03, [INFO], robot1, {'y': 21.535, 'x': -37.905, 'yaw': -3.142}, None, None
110.08, [INFO], robot1, {'y': 21.434, 'x': -38.093, 'yaw': -3.142}, None, None
110.08, [INFO], robot1, {'battery-level': '16.58'}, None, None
112.33, [info], nurse, sync, received-request, (status=sending-request)
112.33, [info], nurse, sync, request-sent, (status=waiting)
112.33, [info], nurse, sync, wait-message, (status=message-received)
120.05, [INFO], robot1, {'y': 20.715, 'x': -37.208, 'yaw': 3.137}, None, None
120.05, [INFO], robot1, {'battery-level': '15.90'}, None, None
130.08, [INFO], robot1, {'battery-level': '15.22'}, None, None
130.08, [INFO], robot1, {'y': 18.597, 'x': -37.135, 'yaw': 3.142}, None, None
140.04, [INFO], robot1, {'y': 16.483, 'x': -37.036, 'yaw': 3.141}, None, None
140.04, [INFO], robot1, {'battery-level': '14.54'}, None, None
150.09, [INFO], robot1, {'y': 15.587, 'x': -35.174, 'yaw': 3.142}, None, None
150.09, [INFO], robot1, {'battery-level': '13.86'}, None, None
160.06, [INFO], robot1, {'y': 15.485, 'x': -33.086, 'yaw': 3.142}, None, None
160.06, [INFO], robot1, {'battery-level': '13.18'}, None, None
170.01, [INFO], robot1, {'battery-level': '12.50'}, None, None
170.01, [INFO], robot1, {'y': 15.55, 'x': -30.977, 'yaw': -3.141}, None, None
180.06, [INFO], robot1, {'y': 15.735, 'x': -28.849, 'yaw': 3.14}, None, None
180.06, [INFO], robot1, {'battery-level': '11.82'}, None, None
190.01, [INFO], robot1, {'battery-level': '11.14'}, None, None
190.01, [INFO], robot1, {'y': 15.772, 'x': -26.749, 'yaw': 3.142}, None, None
200.09, [INFO], robot1, {'y': 14.091, 'x': -25.765, 'yaw': 3.14}, None, None
200.09, [INFO], robot1, {'battery-level': '10.46'}, None, None
210.03, [INFO], robot1, {'battery-level': '9.78'}, None, None
210.03, [INFO], robot1, {'y': 12.918, 'x': -25.972, 'yaw': 3.142}, None, None
213.63, [info], lab_arm, sync, wait-message, (status=message-received)
214.50, [WARN], robot1, SUCCESS, None, None
220.10, [INFO], robot1, {'battery-level': '9.10'}, None, None
220.10, [INFO], robot1, {'y': 12.915, 'x': -25.969, 'yaw': -3.142}, None, None
230.10, [INFO], robot1, {'battery-level': '8.42'}, None, None
230.10, [INFO], robot1, {'y': 12.915, 'x': -25.969, 'yaw': -3.142}, None, None
