0.13, [DEBUG], logger, ROBOTS_CONFIG={'avg_speed': 0.15, 'battery_charge': 0.7179616530181877, 'battery_discharge_rate': 0.00042, 'id': 5, 'local_plan': [['navigation', ['PC Room 3', [[-33.9, 18.93, 3.14], [-37.0, 18.93], [-37.0, 16.0], [-28.5, 16.0], [-28.5, 18.0, -1.57]]], 'navto_room'], ['approach_person', ['nurse'], 'approach_nurse'], ['authenticate_person', ['nurse'], 'authenticate_nurse'], ['operate_drawer', ['open'], 'open_drawer_for_nurse'], ['send_message', ['nurse'], 'notify_nurse_of_open_drawer_for_nurse_completed'], ['wait_message', ['nurse'], 'wait_nurse_to_complete_deposit'], ['operate_drawer', ['close'], 'close_drawer_nurse'], ['navigation', ['Laboratory', [[-28.5, 18.0, -1.57], [-28.5, 16.0], [-26.0, 16.0], [-26.0, 13.0, 1.57]]], 'navto_lab'], ['approach_robot', ['lab_arm'], 'approach_arm'], ['operate_drawer', ['open'], 'open_drawer_lab'], ['send_message', ['lab_arm'], 'notify_lab_arm_of_open_drawer_lab_completed'], ['wait_message', ['lab_arm'], 'wait_lab_arm_to_complete_pick_up_sample'], ['operate_drawer', ['close'], 'close_drawer_lab']], 'location': 'IC Room 6', 'name': 'r5', 'position': [-33.9, 18.93, 3.14], 'skills': ['approach_person', 'approach_robot', 'authenticate_person', 'navigation', 'operate_drawer']}, None, None
0.13, [DEBUG], logger, Simulation open, None, None
9.96, [INFO], robot5, {'battery-level': '71.42'}, None, None
10.06, [INFO], robot5, {'y': 18.569, 'x': -34.312, 'yaw': 3.142}, None, None
20.00, [INFO], robot5, {'battery-level': '71.00'}, None, None
20.00, [INFO], robot5, {'y': 17.966, 'x': -35.999, 'yaw': 3.138}, None, None
30.04, [INFO], robot5, {'battery-level': '70.58'}, None, None
30.04, [INFO], robot5, {'y': 17.322, 'x': -36.99, 'yaw': -3.141}, None, None
40.08, [INFO], robot5, {'y': 17.434, 'x': -37.068, 'yaw': -3.141}, None, None
40.08, [INFO], robot5, {'battery-level': '70.16'}, None, None
50.00, [INFO], robot5, {'battery-level': '69.74'}, None, None
50.00, [INFO], robot5, {'y': 17.37, 'x': -36.967, 'yaw': -3.14}, None, None
60.09, [INFO], robot5, {'y': 17.481, 'x': -37.027, 'yaw': -3.141}, None, None
60.09, [INFO], robot5, {'battery-level': '69.32'}, None, None
70.09, [INFO], robot5, {'y': 17.297, 'x': -36.83, 'yaw': 3.142}, None, None
70.09, [INFO], robot5, {'battery-level': '68.90'}, None, None
80.03, [INFO], robot5, {'y': 17.308, 'x': -37.077, 'yaw': 3.141}, None, None
80.03, [INFO], robot5, {'battery-level': '68.48'}, None, None
90.00, [INFO], robot5, {'battery-level': '68.06'}, None, None
90.00, [INFO], robot5, {'y': 17.435, 'x': -36.879, 'yaw': 3.142}, None, None
100.03, [INFO], robot5, {'battery-level': '67.64'}, None, None
100.03, [INFO], robot5, {'y': 17.343, 'x': -36.864, 'yaw': -3.142}, None, None
110.07, [INFO], robot5, {'battery-level': '67.22'}, None, None
110.07, [INFO], robot5, {'y': 17.546, 'x': -36.948, 'yaw': 3.141}, None, None
120.08, [INFO], robot5, {'battery-level': '66.80'}, None, None
120.08, [INFO], robot5, {'y': 17.227, 'x': -36.93, 'yaw': 3.141}, None, None
130.03, [INFO], robot5, {'battery-level': '66.38'}, None, None
130.03, [INFO], robot5, {'y': 17.347, 'x': -36.999, 'yaw': -3.141}, None, None
140.01, [INFO], robot5, {'y': 17.288, 'x': -36.819, 'yaw': 3.142}, None, None
140.01, [INFO], robot5, {'battery-level': '65.96'}, None, None
150.06, [INFO], robot5, {'y': 17.34, 'x': -36.793, 'yaw': -3.142}, None, None
150.06, [INFO], robot5, {'battery-level': '65.54'}, None, None
160.03, [INFO], robot5, {'y': 17.514, 'x': -36.954, 'yaw': -3.141}, None, None
160.03, [INFO], robot5, {'battery-level': '65.12'}, None, None
169.75, [WARN], robot5, SKILL-FAILURE, navigation, navto_room
170.03, [INFO], robot5, {'y': 17.268, 'x': -36.915, 'yaw': 3.141}, None, None
170.03, [INFO], robot5, {'battery-level': '64.70'}, None, None
