0.00, [DEBUG], logger, ROBOTS_CONFIG={'avg_speed': 0.15, 'battery_charge': 0.5914703710515797, 'battery_discharge_rate': 0.00048000000000000007, 'id': 1, 'local_plan': [['navigation', ['IC Room 6', [[-11.5, 18.0, -1.57], [-11.5, 16.0], [-37.0, 16.0], [-37.0, 18.93], [-33.9, 18.93, 3.14]]], 'navto_room'], ['approach_person', ['nurse'], 'approach_nurse'], ['authenticate_person', ['nurse'], 'authenticate_nurse'], ['operate_drawer', ['open'], 'open_drawer_for_nurse'], ['send_message', ['nurse'], 'notify_nurse_of_open_drawer_for_nurse_completed'], ['wait_message', ['nurse'], 'wait_nurse_to_complete_deposit'], ['operate_drawer', ['close'], 'close_drawer_nurse'], ['navigation', ['Laboratory', [[-33.9, 18.93, 3.14], [-37.0, 18.93], [-37.0, 16.0], [-26.0, 16.0], [-26.0, 13.0, 1.57]]], 'navto_lab'], ['approach_robot', ['lab_arm'], 'approach_arm'], ['operate_drawer', ['open'], 'open_drawer_lab'], ['send_message', ['lab_arm'], 'notify_lab_arm_of_open_drawer_lab_completed'], ['wait_message', ['lab_arm'], 'wait_lab_arm_to_complete_pick_up_sample'], ['operate_drawer', ['close'], 'close_drawer_lab']], 'location': 'PC Room 8', 'name': 'r1', 'position': [-11.5, 18.0, -1.57], 'skills': ['approach_person', 'approach_robot', 'navigation', 'operate_drawer']}, None, None
0.00, [DEBUG], logger, Simulation open, None, None
10.09, [INFO], robot1, {'y': 18.0, 'x': -11.5, 'yaw': 3.142}, None, None
10.09, [INFO], robot1, {'battery-level': '58.72'}, None, None
20.02, [INFO], robot1, {'battery-level': '58.24'}, None, None
20.02, [INFO], robot1, {'y': 17.162, 'x': -11.715, 'yaw': 3.138}, None, None
30.00, [INFO], robot1, {'battery-level': '57.76'}, None, None
30.00, [INFO], robot1, {'y': 16.237, 'x': -13.031, 'yaw': 3.14}, None, None
40.03, [INFO], robot1, {'battery-level': '57.28'}, None, None
40.03, [INFO], robot1, {'y': 16.054, 'x': -12.915, 'yaw': 3.141}, None, None
50.02, [INFO], robot1, {'battery-level': '56.80'}, None, None
50.02, [INFO], robot1, {'y': 16.231, 'x': -12.852, 'yaw': 3.141}, None, None
60.08, [INFO], robot1, {'y': 16.33, 'x': -13.164, 'yaw': -3.137}, None, None
60.08, [INFO], robot1, {'battery-level': '56.32'}, None, None
70.06, [INFO], robot1, {'battery-level': '55.84'}, None, None
70.06, [INFO], robot1, {'y': 16.057, 'x': -12.946, 'yaw': 3.141}, None, None
80.00, [INFO], robot1, {'battery-level': '55.36'}, None, None
80.00, [INFO], robot1, {'y': 16.235, 'x': -13.162, 'yaw': 3.141}, None, None
90.05, [INFO], robot1, {'battery-level': '54.88'}, None, None
90.05, [INFO], robot1, {'y': 16.11, 'x': -12.816, 'yaw': 3.141}, None, None
100.10, [INFO], robot1, {'y': 15.969, 'x': -12.925, 'yaw': 3.142}, None, None
100.10, [INFO], robot1, {'battery-level': '54.40'}, None, None
110.10, [INFO], robot1, {'y': 16.089, 'x': -13.019, 'yaw': 3.141}, None, None
110.10, [INFO], robot1, {'battery-level': '53.92'}, None, None
120.09, [INFO], robot1, {'battery-level': '53.44'}, None, None
120.09, [INFO], robot1, {'y': 16.211, 'x': -12.788, 'yaw': 3.141}, None, None
130.01, [INFO], robot1, {'battery-level': '52.96'}, None, None
130.01, [INFO], robot1, {'y': 16.328, 'x': -13.052, 'yaw': 3.141}, None, None
140.02, [INFO], robot1, {'y': 16.095, 'x': -12.898, 'yaw': -3.142}, None, None
140.02, [INFO], robot1, {'battery-level': '52.48'}, None, None
150.00, [INFO], robot1, {'battery-level': '52.00'}, None, None
150.00, [INFO], robot1, {'y': 16.153, 'x': -12.883, 'yaw': 3.141}, None, None
160.08, [INFO], robot1, {'battery-level': '51.52'}, None, None
160.08, [INFO], robot1, {'y': 16.244, 'x': -13.139, 'yaw': 3.141}, None, None
170.08, [INFO], robot1, {'y': 16.071, 'x': -12.872, 'yaw': 3.141}, None, None
170.08, [INFO], robot1, {'battery-level': '51.04'}, None, None
170.47, [WARN], robot1, SKILL-FAILURE, navigation, navto_room
180.03, [INFO], robot1, {'battery-level': '50.56'}, None, None
180.03, [INFO], robot1, {'y': 16.125, 'x': -12.844, 'yaw': 3.142}, None, None
