0.00, [INFO], robot4, {'battery-level': '65.21'}, None, None
0.13, [DEBUG], logger, ROBOTS_CONFIG={'avg_speed': 0.15, 'battery_charge': 0.6520875066754872, 'battery_discharge_rate': 0.0006000000000000001, 'id': 4, 'local_plan': [['navigation', ['IC Room 6', [[-39.44, 33.95, 0.0], [-37.0, 33.95], [-37.0, 18.93], [-33.9, 18.93, 3.14]]], 'navto_room'], ['approach_person', ['nurse'], 'approach_nurse'], ['authenticate_person', ['nurse'], 'authenticate_nurse'], ['operate_drawer', ['open'], 'open_drawer_for_nurse'], ['send_message', ['nurse'], 'notify_nurse_of_open_drawer_for_nurse_completed'], ['wait_message', ['nurse'], 'wait_nurse_to_complete_deposit'], ['operate_drawer', ['close'], 'close_drawer_nurse'], ['navigation', ['Laboratory', [[-33.9, 18.93, 3.14], [-37.0, 18.93], [-37.0, 16.0], [-26.0, 16.0], [-26.0, 13.0, 1.57]]], 'navto_lab'], ['approach_robot', ['lab_arm'], 'approach_arm'], ['operate_drawer', ['open'], 'open_drawer_lab'], ['send_message', ['lab_arm'], 'notify_lab_arm_of_open_drawer_lab_completed'], ['wait_message', ['lab_arm'], 'wait_lab_arm_to_complete_pick_up_sample'], ['operate_drawer', ['close'], 'close_drawer_lab']], 'location': 'IC Room 4', 'name': 'r4', 'position': [-39.44, 33.95, 0.0], 'skills': ['approach_person', 'approach_robot', 'authenticate_person', 'navigation', 'operate_drawer']}, None, None
0.13, [DEBUG], logger, Simulation open, None, None
10.07, [INFO], robot4, {'battery-level': '64.67'}, None, None
10.07, [INFO], robot4, {'y': 34.041, 'x': -39.078, 'yaw': 3.141}, None, None
20.10, [INFO], robot4, {'y': 34.232, 'x': -37.194, 'yaw': 3.141}, None, None
20.10, [INFO], robot4, {'battery-level': '64.07'}, None, None
30.05, [INFO], robot4, {'battery-level': '63.47'}, None, None
30.05, [INFO], robot4, {'y': 32.158, 'x': -37.042, 'yaw': 3.141}, None, None
40.03, [INFO], robot4, {'y': 30.045, 'x': -37.048, 'yaw': 3.141}, None, None
40.03, [INFO], robot4, {'battery-level': '62.87'}, None, None
50.00, [INFO], robot4, {'battery-level': '62.27'}, None, None
50.00, [INFO], robot4, {'y': 27.937, 'x': -37.007, 'yaw': 3.141}, None, None
60.07, [INFO], robot4, {'y': 25.815, 'x': -37.046, 'yaw': 3.141}, None, None
60.07, [INFO], robot4, {'battery-level': '61.67'}, None, None
70.01, [INFO], robot4, {'y': 23.707, 'x': -36.986, 'yaw': 3.141}, None, None
70.01, [INFO], robot4, {'battery-level': '61.07'}, None, None
80.07, [INFO], robot4, {'y': 21.592, 'x': -37.1, 'yaw': 3.142}, None, None
80.07, [INFO], robot4, {'battery-level': '60.47'}, None, None
90.03, [INFO], robot4, {'battery-level': '59.87'}, None, None
90.03, [INFO], robot4, {'y': 19.485, 'x': -37.059, 'yaw': 3.141}, None, None
100.07, [INFO], robot4, {'y': 17.839, 'x': -35.721, 'yaw': -3.142}, None, None
100.07, [INFO], robot4, {'battery-level': '59.27'}, None, None
110.02, [INFO], robot4, {'battery-level': '58.67'}, None, None
110.02, [INFO], robot4, {'y': 18.696, 'x': -34.055, 'yaw': 3.142}, None, None
118.53, [info], nurse, sync, received-request, (status=sending-request)
118.53, [info], nurse, sync, request-sent, (status=waiting)
118.53, [info], nurse, sync, wait-message, (status=message-received)
120.06, [INFO], robot4, {'y': 18.968, 'x': -33.949, 'yaw': -3.141}, None, None
120.06, [INFO], robot4, {'battery-level': '58.07'}, None, None
130.00, [INFO], robot4, {'battery-level': '57.47'}, None, None
130.10, [INFO], robot4, {'y': 17.749, 'x': -35.512, 'yaw': 3.14}, None, None
140.08, [INFO], robot4, {'battery-level': '56.87'}, None, None
140.08, [INFO], robot4, {'y': 17.576, 'x': -37.046, 'yaw': 3.142}, None, None
150.01, [INFO], robot4, {'battery-level': '56.27'}, None, None
150.01, [INFO], robot4, {'y': 17.212, 'x': -37.106, 'yaw': -3.141}, None, None
160.06, [INFO], robot4, {'battery-level': '55.67'}, None, None
160.06, [INFO], robot4, {'y': 17.483, 'x': -36.918, 'yaw': 3.142}, None, None
170.10, [INFO], robot4, {'battery-level': '55.07'}, None, None
170.10, [INFO], robot4, {'y': 17.496, 'x': -36.883, 'yaw': 3.141}, None, None
180.04, [INFO], robot4, {'battery-level': '54.47'}, None, None
180.04, [INFO], robot4, {'y': 17.326, 'x': -37.06, 'yaw': 3.14}, None, None
190.08, [INFO], robot4, {'y': 17.398, 'x': -36.871, 'yaw': -3.141}, None, None
190.08, [INFO], robot4, {'battery-level': '53.87'}, None, None
200.04, [INFO], robot4, {'battery-level': '53.27'}, None, None
200.04, [INFO], robot4, {'y': 17.25, 'x': -36.976, 'yaw': 3.142}, None, None
210.08, [INFO], robot4, {'battery-level': '52.67'}, None, None
210.08, [INFO], robot4, {'y': 17.274, 'x': -37.142, 'yaw': 3.142}, None, None
220.03, [INFO], robot4, {'battery-level': '52.07'}, None, None
220.03, [INFO], robot4, {'y': 17.542, 'x': -36.946, 'yaw': -3.141}, None, None
230.06, [INFO], robot4, {'battery-level': '51.47'}, None, None
230.06, [INFO], robot4, {'y': 17.356, 'x': -36.95, 'yaw': 3.141}, None, None
240.01, [INFO], robot4, {'battery-level': '50.87'}, None, None
240.01, [INFO], robot4, {'y': 17.324, 'x': -37.064, 'yaw': -3.141}, None, None
250.09, [INFO], robot4, {'battery-level': '50.27'}, None, None
250.09, [INFO], robot4, {'y': 17.341, 'x': -37.017, 'yaw': -3.142}, None, None
260.03, [INFO], robot4, {'battery-level': '49.67'}, None, None
260.03, [INFO], robot4, {'y': 17.18, 'x': -36.805, 'yaw': -3.141}, None, None
270.00, [INFO], robot4, {'battery-level': '49.07'}, None, None
270.00, [INFO], robot4, {'y': 17.489, 'x': -37.015, 'yaw': -3.141}, None, None
280.05, [INFO], robot4, {'battery-level': '48.47'}, None, None
280.05, [INFO], robot4, {'y': 17.203, 'x': -36.82, 'yaw': -3.142}, None, None
290.00, [INFO], robot4, {'battery-level': '47.87'}, None, None
290.00, [INFO], robot4, {'y': 17.325, 'x': -36.838, 'yaw': -3.141}, None, None
299.98, [INFO], robot4, {'y': 17.346, 'x': -36.831, 'yaw': -3.142}, None, None
300.07, [INFO], robot4, {'battery-level': '47.27'}, None, None
309.56, [WARN], robot4, SKILL-FAILURE, navigation, navto_lab
310.02, [INFO], robot4, {'battery-level': '46.67'}, None, None
310.02, [INFO], robot4, {'y': 17.396, 'x': -36.942, 'yaw': -3.142}, None, None
320.03, [INFO], robot4, {'y': 17.395, 'x': -36.942, 'yaw': 3.142}, None, None
320.03, [INFO], robot4, {'battery-level': '46.07'}, None, None
