0.13, [DEBUG], logger, ROBOTS_CONFIG={'avg_speed': 0.15, 'battery_charge': 0.6520875066754872, 'battery_discharge_rate': 0.0006000000000000001, 'id': 4, 'local_plan': [['navigation', ['IC Room 2', [[-32.88, 33.98, 3.14], [-37.0, 33.98], [-37.0, 21.5], [-38.0, 21.5, 0.0]]], 'navto_room'], ['approach_person', ['nurse'], 'approach_nurse'], ['authenticate_person', ['nurse'], 'authenticate_nurse'], ['operate_drawer', ['open'], 'open_drawer_for_nurse'], ['send_message', ['nurse'], 'notify_nurse_of_open_drawer_for_nurse_completed'], ['wait_message', ['nurse'], 'wait_nurse_to_complete_deposit'], ['operate_drawer', ['close'], 'close_drawer_nurse'], ['navigation', ['Laboratory', [[-38.0, 21.5, 0.0], [-37.0, 21.5], [-37.0, 16.0], [-26.0, 16.0], [-26.0, 13.0, 1.57]]], 'navto_lab'], ['approach_robot', ['lab_arm'], 'approach_arm'], ['operate_drawer', ['open'], 'open_drawer_lab'], ['send_message', ['lab_arm'], 'notify_lab_arm_of_open_drawer_lab_completed'], ['wait_message', ['lab_arm'], 'wait_lab_arm_to_complete_pick_up_sample'], ['operate_drawer', ['close'], 'close_drawer_lab']], 'location': 'IC Room 5', 'name': 'r4', 'position': [-32.88, 33.98, 3.14], 'skills': ['approach_person', 'approach_robot', 'authenticate_person', 'navigation', 'operate_drawer']}, None, None
0.13, [DEBUG], logger, Simulation open, None, None
10.01, [INFO], robot4, {'battery-level': '64.67'}, None, None
10.01, [INFO], robot4, {'y': 34.205, 'x': -33.462, 'yaw': -3.142}, None, None
20.06, [INFO], robot4, {'battery-level': '64.07'}, None, None
20.06, [INFO], robot4, {'y': 34.697, 'x': -35.523, 'yaw': 3.141}, None, None
30.08, [INFO], robot4, {'battery-level': '63.47'}, None, None
30.08, [INFO], robot4, {'y': 33.455, 'x': -37.018, 'yaw': 3.142}, None, None
40.01, [INFO], robot4, {'battery-level': '62.87'}, None, None
40.01, [INFO], robot4, {'y': 31.378, 'x': -36.953, 'yaw': -3.142}, None, None
50.03, [INFO], robot4, {'y': 29.263, 'x': -36.91, 'yaw': -3.142}, None, None
50.03, [INFO], robot4, {'battery-level': '62.27'}, None, None
60.06, [INFO], robot4, {'battery-level': '61.67'}, None, None
60.06, [INFO], robot4, {'y': 27.144, 'x': -36.943, 'yaw': 3.142}, None, None
70.00, [INFO], robot4, {'y': 25.037, 'x': -36.973, 'yaw': 3.142}, None, None
70.00, [INFO], robot4, {'battery-level': '61.07'}, None, None
80.01, [INFO], robot4, {'y': 22.923, 'x': -37.031, 'yaw': 3.141}, None, None
80.01, [INFO], robot4, {'battery-level': '60.47'}, None, None
90.04, [INFO], robot4, {'battery-level': '59.87'}, None, None
90.04, [INFO], robot4, {'y': 21.297, 'x': -37.794, 'yaw': 3.142}, None, None
98.34, [info], nurse, sync, received-request, (status=sending-request)
98.34, [info], nurse, sync, request-sent, (status=waiting)
98.44, [info], nurse, sync, wait-message, (status=message-received)
100.09, [INFO], robot4, {'y': 21.276, 'x': -37.995, 'yaw': 3.141}, None, None
100.09, [INFO], robot4, {'battery-level': '59.27'}, None, None
110.01, [INFO], robot4, {'battery-level': '58.67'}, None, None
110.01, [INFO], robot4, {'y': 19.748, 'x': -37.154, 'yaw': 3.141}, None, None
120.04, [INFO], robot4, {'y': 17.633, 'x': -37.115, 'yaw': 3.141}, None, None
120.04, [INFO], robot4, {'battery-level': '58.07'}, None, None
130.07, [INFO], robot4, {'y': 15.973, 'x': -36.292, 'yaw': 3.14}, None, None
130.07, [INFO], robot4, {'battery-level': '57.47'}, None, None
140.01, [INFO], robot4, {'y': 15.402, 'x': -34.234, 'yaw': -3.141}, None, None
140.01, [INFO], robot4, {'battery-level': '56.87'}, None, None
150.02, [INFO], robot4, {'battery-level': '56.27'}, None, None
150.02, [INFO], robot4, {'y': 15.527, 'x': -32.11, 'yaw': 3.142}, None, None
160.03, [INFO], robot4, {'battery-level': '55.67'}, None, None
160.03, [INFO], robot4, {'y': 15.657, 'x': -29.997, 'yaw': 3.141}, None, None
170.03, [INFO], robot4, {'battery-level': '55.07'}, None, None
170.03, [INFO], robot4, {'y': 15.77, 'x': -27.884, 'yaw': 3.141}, None, None
180.02, [INFO], robot4, {'battery-level': '54.47'}, None, None
180.02, [INFO], robot4, {'y': 15.34, 'x': -25.95, 'yaw': 3.142}, None, None
190.03, [INFO], robot4, {'battery-level': '53.87'}, None, None
190.03, [INFO], robot4, {'y': 13.245, 'x': -25.763, 'yaw': 3.142}, None, None
200.05, [INFO], robot4, {'battery-level': '53.27'}, None, None
200.05, [INFO], robot4, {'y': 12.9, 'x': -25.962, 'yaw': -3.142}, None, None
201.02, [info], lab_arm, sync, wait-message, (status=message-received)
201.99, [WARN], robot4, SUCCESS, None, None
