0.00, [DEBUG], logger, ROBOTS_CONFIG={'avg_speed': 0.15, 'battery_charge': 0.8344531419634984, 'battery_discharge_rate': 0.00054, 'id': 2, 'local_plan': [['navigation', ['IC Room 2', [[-19.0, 18.0, -1.57], [-19.0, 16.0], [-37.0, 16.0], [-37.0, 21.5], [-38.0, 21.5, 0.0]]], 'navto_room'], ['approach_person', ['nurse'], 'approach_nurse'], ['authenticate_person', ['nurse'], 'authenticate_nurse'], ['operate_drawer', ['open'], 'open_drawer_for_nurse'], ['send_message', ['nurse'], 'notify_nurse_of_open_drawer_for_nurse_completed'], ['wait_message', ['nurse'], 'wait_nurse_to_complete_deposit'], ['operate_drawer', ['close'], 'close_drawer_nurse'], ['navigation', ['Laboratory', [[-38.0, 21.5, 0.0], [-37.0, 21.5], [-37.0, 16.0], [-26.0, 16.0], [-26.0, 13.0, 1.57]]], 'navto_lab'], ['approach_robot', ['lab_arm'], 'approach_arm'], ['operate_drawer', ['open'], 'open_drawer_lab'], ['send_message', ['lab_arm'], 'notify_lab_arm_of_open_drawer_lab_completed'], ['wait_message', ['lab_arm'], 'wait_lab_arm_to_complete_pick_up_sample'], ['operate_drawer', ['close'], 'close_drawer_lab']], 'location': 'PC Room 6', 'name': 'r2', 'position': [-19.0, 18.0, -1.57], 'skills': ['approach_person', 'approach_robot', 'authenticate_person', 'navigation', 'operate_drawer']}, None, None
0.00, [DEBUG], logger, Simulation open, None, None
10.06, [INFO], robot2, {'battery-level': '82.96'}, None, None
10.06, [INFO], robot2, {'y': 17.693, 'x': -19.094, 'yaw': -3.142}, None, None
20.00, [INFO], robot2, {'battery-level': '82.42'}, None, None
20.00, [INFO], robot2, {'y': 16.115, 'x': -20.03, 'yaw': -3.137}, None, None
30.01, [INFO], robot2, {'battery-level': '81.88'}, None, None
30.01, [INFO], robot2, {'y': 16.16, 'x': -22.133, 'yaw': 3.141}, None, None
40.01, [INFO], robot2, {'battery-level': '81.34'}, None, None
40.01, [INFO], robot2, {'y': 16.128, 'x': -24.239, 'yaw': 3.141}, None, None
50.05, [INFO], robot2, {'y': 16.049, 'x': -26.342, 'yaw': -3.142}, None, None
50.05, [INFO], robot2, {'battery-level': '80.80'}, None, None
60.05, [INFO], robot2, {'battery-level': '80.26'}, None, None
60.05, [INFO], robot2, {'y': 16.125, 'x': -28.458, 'yaw': -3.142}, None, None
70.04, [INFO], robot2, {'battery-level': '79.72'}, None, None
70.04, [INFO], robot2, {'y': 16.117, 'x': -30.567, 'yaw': -3.142}, None, None
80.02, [INFO], robot2, {'battery-level': '79.18'}, None, None
80.02, [INFO], robot2, {'y': 15.854, 'x': -32.676, 'yaw': -3.141}, None, None
90.05, [INFO], robot2, {'battery-level': '78.64'}, None, None
90.05, [INFO], robot2, {'y': 15.344, 'x': -34.751, 'yaw': 3.14}, None, None
100.09, [INFO], robot2, {'battery-level': '78.10'}, None, None
100.09, [INFO], robot2, {'y': 15.929, 'x': -36.665, 'yaw': 3.141}, None, None
110.04, [INFO], robot2, {'battery-level': '77.56'}, None, None
110.04, [INFO], robot2, {'y': 18.046, 'x': -36.612, 'yaw': -3.142}, None, None
120.09, [INFO], robot2, {'battery-level': '77.02'}, None, None
120.09, [INFO], robot2, {'y': 20.172, 'x': -36.803, 'yaw': 3.141}, None, None
130.00, [INFO], robot2, {'y': 21.594, 'x': -37.86, 'yaw': -3.142}, None, None
130.09, [INFO], robot2, {'battery-level': '76.48'}, None, None
140.04, [INFO], robot2, {'battery-level': '75.94'}, None, None
140.04, [INFO], robot2, {'y': 21.469, 'x': -38.097, 'yaw': 3.142}, None, None
141.22, [info], nurse, sync, received-request, (status=sending-request)
141.22, [info], nurse, sync, request-sent, (status=waiting)
141.22, [info], nurse, sync, wait-message, (status=message-received)
150.06, [INFO], robot2, {'y': 20.563, 'x': -37.177, 'yaw': -3.142}, None, None
150.06, [INFO], robot2, {'battery-level': '75.40'}, None, None
160.07, [INFO], robot2, {'y': 18.451, 'x': -37.104, 'yaw': 3.142}, None, None
160.07, [INFO], robot2, {'battery-level': '74.86'}, None, None
170.03, [INFO], robot2, {'y': 16.346, 'x': -37.036, 'yaw': 3.14}, None, None
170.03, [INFO], robot2, {'battery-level': '74.32'}, None, None
180.01, [INFO], robot2, {'battery-level': '73.78'}, None, None
180.01, [INFO], robot2, {'y': 15.54, 'x': -35.065, 'yaw': -3.141}, None, None
190.05, [INFO], robot2, {'y': 15.469, 'x': -32.944, 'yaw': -3.142}, None, None
190.05, [INFO], robot2, {'battery-level': '73.24'}, None, None
200.03, [INFO], robot2, {'y': 15.534, 'x': -30.835, 'yaw': 3.142}, None, None
200.03, [INFO], robot2, {'battery-level': '72.70'}, None, None
210.00, [INFO], robot2, {'battery-level': '72.16'}, None, None
210.00, [INFO], robot2, {'y': 15.722, 'x': -28.724, 'yaw': 3.141}, None, None
220.05, [INFO], robot2, {'battery-level': '71.62'}, None, None
220.05, [INFO], robot2, {'y': 15.784, 'x': -26.6, 'yaw': -3.139}, None, None
230.03, [INFO], robot2, {'battery-level': '71.08'}, None, None
230.03, [INFO], robot2, {'y': 14.129, 'x': -25.771, 'yaw': 3.139}, None, None
240.08, [INFO], robot2, {'y': 12.945, 'x': -25.925, 'yaw': -3.142}, None, None
240.08, [INFO], robot2, {'battery-level': '70.54'}, None, None
242.44, [info], lab_arm, sync, wait-message, (status=message-received)
243.42, [WARN], robot2, SUCCESS, None, None
250.06, [INFO], robot2, {'battery-level': '70.00'}, None, None
250.06, [INFO], robot2, {'y': 12.942, 'x': -25.924, 'yaw': -3.142}, None, None
260.10, [INFO], robot2, {'battery-level': '69.46'}, None, None
260.10, [INFO], robot2, {'y': 12.942, 'x': -25.924, 'yaw': -3.142}, None, None
