0.00, [DEBUG], nurse, NURSE_CONFIG={'location': 'PC Room 3', 'position': [-28.5, 18.0, -1.57]}, None, None
0.00, [DEBUG], logger, ROBOTS_CONFIG={'avg_speed': 0.15, 'battery_charge': 0.8344531419634984, 'battery_discharge_rate': 0.00054, 'id': 2, 'local_plan': [['navigation', ['PC Room 3', [[-21.0, 18.0, -1.57], [-21.0, 16.0], [-28.5, 16.0], [-28.5, 18.0, -1.57]]], 'navto_room'], ['approach_person', ['nurse'], 'approach_nurse'], ['authenticate_person', ['nurse'], 'authenticate_nurse'], ['operate_drawer', ['open'], 'open_drawer_for_nurse'], ['send_message', ['nurse'], 'notify_nurse_of_open_drawer_for_nurse_completed'], ['wait_message', ['nurse'], 'wait_nurse_to_complete_deposit'], ['operate_drawer', ['close'], 'close_drawer_nurse'], ['navigation', ['Laboratory', [[-28.5, 18.0, -1.57], [-28.5, 16.0], [-26.0, 16.0], [-26.0, 13.0, 1.57]]], 'navto_lab'], ['approach_robot', ['lab_arm'], 'approach_arm'], ['operate_drawer', ['open'], 'open_drawer_lab'], ['send_message', ['lab_arm'], 'notify_lab_arm_of_open_drawer_lab_completed'], ['wait_message', ['lab_arm'], 'wait_lab_arm_to_complete_pick_up_sample'], ['operate_drawer', ['close'], 'close_drawer_lab']], 'location': 'PC Room 5', 'name': 'r2', 'position': [-21.0, 18.0, -1.57], 'skills': ['approach_person', 'approach_robot', 'authenticate_person', 'navigation', 'operate_drawer']}, None, None
0.00, [DEBUG], logger, Simulation open, None, None
10.06, [INFO], robot2, {'battery-level': '82.96'}, None, None
10.06, [INFO], robot2, {'y': 17.408, 'x': -20.958, 'yaw': -3.142}, None, None
20.04, [INFO], robot2, {'battery-level': '82.42'}, None, None
20.04, [INFO], robot2, {'y': 16.034, 'x': -21.859, 'yaw': -3.141}, None, None
30.01, [INFO], robot2, {'battery-level': '81.88'}, None, None
30.01, [INFO], robot2, {'y': 15.999, 'x': -23.959, 'yaw': 3.141}, None, None
40.09, [INFO], robot2, {'y': 15.96, 'x': -26.092, 'yaw': 3.142}, None, None
40.09, [INFO], robot2, {'battery-level': '81.34'}, None, None
50.10, [INFO], robot2, {'y': 16.096, 'x': -28.185, 'yaw': 3.141}, None, None
50.10, [INFO], robot2, {'battery-level': '80.80'}, None, None
60.08, [INFO], robot2, {'battery-level': '80.26'}, None, None
60.08, [INFO], robot2, {'y': 17.898, 'x': -28.619, 'yaw': 3.14}, None, None
67.82, [info], nurse, sync, received-request, (status=sending-request)
67.82, [info], nurse, sync, request-sent, (status=waiting)
67.82, [info], nurse, sync, wait-message, (status=message-received)
70.07, [INFO], robot2, {'battery-level': '79.72'}, None, None
70.07, [INFO], robot2, {'y': 17.759, 'x': -28.642, 'yaw': 3.141}, None, None
80.04, [INFO], robot2, {'battery-level': '79.18'}, None, None
80.04, [INFO], robot2, {'y': 16.045, 'x': -28.091, 'yaw': 3.142}, None, None
90.00, [INFO], robot2, {'y': 15.594, 'x': -26.241, 'yaw': -3.142}, None, None
90.00, [INFO], robot2, {'battery-level': '78.64'}, None, None
100.02, [INFO], robot2, {'battery-level': '78.10'}, None, None
100.02, [INFO], robot2, {'y': 13.55, 'x': -25.729, 'yaw': 3.142}, None, None
110.09, [INFO], robot2, {'battery-level': '77.56'}, None, None
110.09, [INFO], robot2, {'y': 12.907, 'x': -25.948, 'yaw': 3.142}, None, None
111.35, [info], lab_arm, sync, wait-message, (status=message-received)
112.33, [WARN], robot2, SUCCESS, None, None
120.04, [INFO], robot2, {'y': 12.905, 'x': -25.947, 'yaw': -3.142}, None, None
120.04, [INFO], robot2, {'battery-level': '77.02'}, None, None
