0.00, [INFO], robot5, {'battery-level': '28.18'}, None, None
0.11, [DEBUG], logger, ROBOTS_CONFIG={'avg_speed': 0.15, 'battery_charge': 0.2817995261312799, 'battery_discharge_rate': 0.0002, 'id': 5, 'local_plan': [['navigation', ['IC Room 6', [[-13.5, 18.0, -1.57], [-13.5, 16.0], [-37.0, 16.0], [-37.0, 18.93], [-33.9, 18.93, 3.14]]], 'navto_room'], ['approach_person', ['nurse'], 'approach_nurse'], ['authenticate_person', ['nurse'], 'authenticate_nurse'], ['operate_drawer', ['open'], 'open_drawer_for_nurse'], ['send_message', ['nurse'], 'notify_nurse_of_open_drawer_for_nurse_completed'], ['wait_message', ['nurse'], 'wait_nurse_to_complete_deposit'], ['operate_drawer', ['close'], 'close_drawer_nurse'], ['navigation', ['Laboratory', [[-33.9, 18.93, 3.14], [-37.0, 18.93], [-37.0, 16.0], [-26.0, 16.0], [-26.0, 13.0, 1.57]]], 'navto_lab'], ['approach_robot', ['lab_arm'], 'approach_arm'], ['operate_drawer', ['open'], 'open_drawer_lab'], ['send_message', ['lab_arm'], 'notify_lab_arm_of_open_drawer_lab_completed'], ['wait_message', ['lab_arm'], 'wait_lab_arm_to_complete_pick_up_sample'], ['operate_drawer', ['close'], 'close_drawer_lab']], 'location': 'PC Room 7', 'name': 'r5', 'position': [-13.5, 18.0, -1.57], 'skills': ['approach_person', 'approach_robot', 'authenticate_person', 'navigation', 'operate_drawer']}, None, None
0.11, [DEBUG], logger, Simulation open, None, None
10.01, [INFO], robot5, {'y': 17.484, 'x': -13.501, 'yaw': 3.142}, None, None
10.01, [INFO], robot5, {'battery-level': '28.00'}, None, None
20.04, [INFO], robot5, {'y': 15.995, 'x': -14.343, 'yaw': 3.141}, None, None
20.04, [INFO], robot5, {'battery-level': '27.80'}, None, None
30.09, [INFO], robot5, {'battery-level': '27.60'}, None, None
30.09, [INFO], robot5, {'y': 15.853, 'x': -16.466, 'yaw': 3.14}, None, None
40.04, [INFO], robot5, {'battery-level': '27.40'}, None, None
40.04, [INFO], robot5, {'y': 15.89, 'x': -18.565, 'yaw': 3.141}, None, None
50.09, [INFO], robot5, {'battery-level': '27.20'}, None, None
50.09, [INFO], robot5, {'y': 16.081, 'x': -20.684, 'yaw': -3.142}, None, None
60.01, [INFO], robot5, {'battery-level': '27.00'}, None, None
60.01, [INFO], robot5, {'y': 16.039, 'x': -22.777, 'yaw': 3.142}, None, None
70.04, [INFO], robot5, {'battery-level': '26.80'}, None, None
70.04, [INFO], robot5, {'y': 15.987, 'x': -24.899, 'yaw': 3.141}, None, None
80.00, [INFO], robot5, {'battery-level': '26.60'}, None, None
80.00, [INFO], robot5, {'y': 16.036, 'x': -26.988, 'yaw': 3.142}, None, None
90.02, [INFO], robot5, {'battery-level': '26.40'}, None, None
90.02, [INFO], robot5, {'y': 16.095, 'x': -29.108, 'yaw': 3.142}, None, None
100.03, [INFO], robot5, {'battery-level': '26.20'}, None, None
100.03, [INFO], robot5, {'y': 16.015, 'x': -31.228, 'yaw': -3.142}, None, None
110.08, [INFO], robot5, {'battery-level': '26.00'}, None, None
110.08, [INFO], robot5, {'y': 15.669, 'x': -33.343, 'yaw': 3.141}, None, None
120.03, [INFO], robot5, {'battery-level': '25.80'}, None, None
120.03, [INFO], robot5, {'y': 15.399, 'x': -35.423, 'yaw': -3.142}, None, None
130.08, [INFO], robot5, {'y': 16.543, 'x': -36.696, 'yaw': -3.142}, None, None
130.08, [INFO], robot5, {'battery-level': '25.60'}, None, None
140.04, [INFO], robot5, {'battery-level': '25.40'}, None, None
140.04, [INFO], robot5, {'y': 17.652, 'x': -36.74, 'yaw': 3.142}, None, None
150.10, [INFO], robot5, {'y': 17.704, 'x': -36.056, 'yaw': -3.142}, None, None
150.10, [INFO], robot5, {'battery-level': '25.20'}, None, None
160.07, [INFO], robot5, {'y': 17.897, 'x': -36.071, 'yaw': 3.142}, None, None
160.07, [INFO], robot5, {'battery-level': '25.00'}, None, None
170.09, [INFO], robot5, {'battery-level': '24.80'}, None, None
170.09, [INFO], robot5, {'y': 17.923, 'x': -36.08, 'yaw': -3.141}, None, None
180.04, [INFO], robot5, {'y': 18.154, 'x': -35.736, 'yaw': 3.141}, None, None
180.04, [INFO], robot5, {'battery-level': '24.60'}, None, None
190.08, [INFO], robot5, {'y': 18.36, 'x': -35.71, 'yaw': 3.136}, None, None
190.08, [INFO], robot5, {'battery-level': '24.40'}, None, None
200.09, [INFO], robot5, {'battery-level': '24.20'}, None, None
200.09, [INFO], robot5, {'y': 18.456, 'x': -35.857, 'yaw': 3.136}, None, None
210.00, [INFO], robot5, {'battery-level': '24.00'}, None, None
210.00, [INFO], robot5, {'y': 18.325, 'x': -35.719, 'yaw': -3.137}, None, None
210.88, [WARN], robot5, SKILL-FAILURE, navigation, navto_room
220.01, [INFO], robot5, {'battery-level': '23.80'}, None, None
220.01, [INFO], robot5, {'y': 18.324, 'x': -35.721, 'yaw': -3.139}, None, None
230.08, [INFO], robot5, {'y': 18.324, 'x': -35.721, 'yaw': -3.14}, None, None
230.08, [INFO], robot5, {'battery-level': '23.60'}, None, None
