0.00, [DEBUG], logger, ROBOTS_CONFIG={'avg_speed': 0.15, 'battery_charge': 0.5080169438370433, 'battery_discharge_rate': 0.00072, 'id': 6, 'local_plan': [['navigation', ['IC Room 2', [[-33.9, 18.93, 3.14], [-37.0, 18.93], [-37.0, 21.5], [-38.0, 21.5, 0.0]]], 'navto_room'], ['approach_person', ['nurse'], 'approach_nurse'], ['authenticate_person', ['nurse'], 'authenticate_nurse'], ['operate_drawer', ['open'], 'open_drawer_for_nurse'], ['send_message', ['nurse'], 'notify_nurse_of_open_drawer_for_nurse_completed'], ['wait_message', ['nurse'], 'wait_nurse_to_complete_deposit'], ['operate_drawer', ['close'], 'close_drawer_nurse'], ['navigation', ['Laboratory', [[-38.0, 21.5, 0.0], [-37.0, 21.5], [-37.0, 16.0], [-26.0, 16.0], [-26.0, 13.0, 1.57]]], 'navto_lab'], ['approach_robot', ['lab_arm'], 'approach_arm'], ['operate_drawer', ['open'], 'open_drawer_lab'], ['send_message', ['lab_arm'], 'notify_lab_arm_of_open_drawer_lab_completed'], ['wait_message', ['lab_arm'], 'wait_lab_arm_to_complete_pick_up_sample'], ['operate_drawer', ['close'], 'close_drawer_lab']], 'location': 'IC Room 6', 'name': 'r6', 'position': [-33.9, 18.93, 3.14], 'skills': ['approach_person', 'approach_robot', 'authenticate_person', 'navigation', 'operate_drawer']}, None, None
0.00, [DEBUG], logger, Simulation open, None, None
9.94, [INFO], robot6, {'y': 18.829, 'x': -33.91, 'yaw': -3.14}, None, None
10.03, [INFO], robot6, {'battery-level': '50.15'}, None, None
20.05, [INFO], robot6, {'battery-level': '49.43'}, None, None
20.05, [INFO], robot6, {'y': 17.715, 'x': -35.572, 'yaw': 3.141}, None, None
30.07, [INFO], robot6, {'y': 19.222, 'x': -36.899, 'yaw': -3.137}, None, None
30.07, [INFO], robot6, {'battery-level': '48.71'}, None, None
40.03, [INFO], robot6, {'battery-level': '47.99'}, None, None
40.03, [INFO], robot6, {'y': 21.297, 'x': -37.113, 'yaw': 3.142}, None, None
50.08, [INFO], robot6, {'y': 21.545, 'x': -38.111, 'yaw': -3.142}, None, None
50.08, [INFO], robot6, {'battery-level': '47.27'}, None, None
56.99, [info], nurse, sync, received-request, (status=sending-request)
56.99, [info], nurse, sync, request-sent, (status=waiting)
56.99, [info], nurse, sync, wait-message, (status=message-received)
60.07, [INFO], robot6, {'y': 21.444, 'x': -37.689, 'yaw': -3.142}, None, None
60.07, [INFO], robot6, {'battery-level': '46.55'}, None, None
70.05, [INFO], robot6, {'battery-level': '45.83'}, None, None
70.05, [INFO], robot6, {'y': 19.609, 'x': -37.174, 'yaw': 3.137}, None, None
80.09, [INFO], robot6, {'battery-level': '45.11'}, None, None
80.09, [INFO], robot6, {'y': 17.472, 'x': -37.122, 'yaw': -3.142}, None, None
90.00, [INFO], robot6, {'battery-level': '44.39'}, None, None
90.00, [INFO], robot6, {'y': 15.783, 'x': -36.334, 'yaw': 3.141}, None, None
100.04, [INFO], robot6, {'y': 15.374, 'x': -34.235, 'yaw': -3.141}, None, None
100.04, [INFO], robot6, {'battery-level': '43.67'}, None, None
110.03, [INFO], robot6, {'battery-level': '42.95'}, None, None
110.03, [INFO], robot6, {'y': 15.541, 'x': -32.109, 'yaw': -3.141}, None, None
120.05, [INFO], robot6, {'battery-level': '42.23'}, None, None
120.05, [INFO], robot6, {'y': 15.651, 'x': -29.993, 'yaw': 3.141}, None, None
129.97, [INFO], robot6, {'y': 15.847, 'x': -27.879, 'yaw': 3.141}, None, None
130.07, [INFO], robot6, {'battery-level': '41.51'}, None, None
140.01, [INFO], robot6, {'y': 15.369, 'x': -26.023, 'yaw': 3.142}, None, None
140.01, [INFO], robot6, {'battery-level': '40.79'}, None, None
150.03, [INFO], robot6, {'battery-level': '40.07'}, None, None
150.03, [INFO], robot6, {'y': 13.304, 'x': -25.68, 'yaw': 3.141}, None, None
158.71, [info], lab_arm, sync, wait-message, (status=message-received)
159.66, [WARN], robot6, SUCCESS, None, None
160.02, [INFO], robot6, {'y': 12.94, 'x': -25.927, 'yaw': -3.142}, None, None
160.02, [INFO], robot6, {'battery-level': '39.35'}, None, None
170.02, [INFO], robot6, {'y': 12.94, 'x': -25.927, 'yaw': -3.142}, None, None
170.02, [INFO], robot6, {'battery-level': '38.63'}, None, None
