0.00, [DEBUG], logger, ROBOTS_CONFIG={'avg_speed': 0.15, 'battery_charge': 0.8344531419634984, 'battery_discharge_rate': 0.00054, 'id': 2, 'local_plan': [['navigation', ['IC Room 6', [[-19.0, 18.0, -1.57], [-19.0, 16.0], [-37.0, 16.0], [-37.0, 18.93], [-33.9, 18.93, 3.14]]], 'navto_room'], ['approach_person', ['nurse'], 'approach_nurse'], ['authenticate_person', ['nurse'], 'authenticate_nurse'], ['operate_drawer', ['open'], 'open_drawer_for_nurse'], ['send_message', ['nurse'], 'notify_nurse_of_open_drawer_for_nurse_completed'], ['wait_message', ['nurse'], 'wait_nurse_to_complete_deposit'], ['operate_drawer', ['close'], 'close_drawer_nurse'], ['navigation', ['Laboratory', [[-33.9, 18.93, 3.14], [-37.0, 18.93], [-37.0, 16.0], [-26.0, 16.0], [-26.0, 13.0, 1.57]]], 'navto_lab'], ['approach_robot', ['lab_arm'], 'approach_arm'], ['operate_drawer', ['open'], 'open_drawer_lab'], ['send_message', ['lab_arm'], 'notify_lab_arm_of_open_drawer_lab_completed'], ['wait_message', ['lab_arm'], 'wait_lab_arm_to_complete_pick_up_sample'], ['operate_drawer', ['close'], 'close_drawer_lab']], 'location': 'PC Room 6', 'name': 'r2', 'position': [-19.0, 18.0, -1.57], 'skills': ['approach_person', 'approach_robot', 'authenticate_person', 'navigation', 'operate_drawer']}, None, None
0.00, [DEBUG], logger, Simulation open, None, None
10.04, [INFO], robot2, {'battery-level': '82.96'}, None, None
10.04, [INFO], robot2, {'y': 17.651, 'x': -19.108, 'yaw': 3.14}, None, None
20.05, [INFO], robot2, {'battery-level': '82.42'}, None, None
20.05, [INFO], robot2, {'y': 16.123, 'x': -20.036, 'yaw': -3.138}, None, None
30.07, [INFO], robot2, {'battery-level': '81.88'}, None, None
30.07, [INFO], robot2, {'y': 16.158, 'x': -22.151, 'yaw': 3.142}, None, None
40.07, [INFO], robot2, {'y': 16.137, 'x': -24.259, 'yaw': 3.14}, None, None
40.07, [INFO], robot2, {'battery-level': '81.34'}, None, None
50.01, [INFO], robot2, {'y': 16.01, 'x': -26.351, 'yaw': 3.142}, None, None
50.01, [INFO], robot2, {'battery-level': '80.80'}, None, None
60.02, [INFO], robot2, {'y': 16.157, 'x': -28.457, 'yaw': -3.142}, None, None
60.02, [INFO], robot2, {'battery-level': '80.26'}, None, None
70.08, [INFO], robot2, {'y': 16.145, 'x': -30.577, 'yaw': -3.142}, None, None
70.08, [INFO], robot2, {'battery-level': '79.72'}, None, None
80.02, [INFO], robot2, {'battery-level': '79.18'}, None, None
80.02, [INFO], robot2, {'y': 15.85, 'x': -32.67, 'yaw': 3.141}, None, None
90.05, [INFO], robot2, {'battery-level': '78.64'}, None, None
90.05, [INFO], robot2, {'y': 15.356, 'x': -34.761, 'yaw': -3.141}, None, None
100.01, [INFO], robot2, {'y': 15.882, 'x': -36.797, 'yaw': -3.142}, None, None
100.01, [INFO], robot2, {'battery-level': '78.10'}, None, None
110.00, [INFO], robot2, {'battery-level': '77.56'}, None, None
110.00, [INFO], robot2, {'y': 17.554, 'x': -36.902, 'yaw': -3.141}, None, None
120.09, [INFO], robot2, {'battery-level': '77.02'}, None, None
120.09, [INFO], robot2, {'y': 17.701, 'x': -36.827, 'yaw': 3.141}, None, None
130.07, [INFO], robot2, {'y': 18.142, 'x': -35.814, 'yaw': 3.141}, None, None
130.07, [INFO], robot2, {'battery-level': '76.48'}, None, None
140.02, [INFO], robot2, {'y': 18.314, 'x': -35.716, 'yaw': -3.141}, None, None
140.02, [INFO], robot2, {'battery-level': '75.94'}, None, None
150.00, [INFO], robot2, {'battery-level': '75.40'}, None, None
150.00, [INFO], robot2, {'y': 18.319, 'x': -35.719, 'yaw': 3.142}, None, None
160.00, [INFO], robot2, {'battery-level': '74.86'}, None, None
160.00, [INFO], robot2, {'y': 18.318, 'x': -35.716, 'yaw': -3.142}, None, None
170.08, [INFO], robot2, {'y': 18.353, 'x': -35.916, 'yaw': -3.142}, None, None
170.08, [INFO], robot2, {'battery-level': '74.32'}, None, None
179.98, [INFO], robot2, {'y': 18.351, 'x': -35.909, 'yaw': -3.142}, None, None
180.08, [INFO], robot2, {'battery-level': '73.78'}, None, None
190.07, [INFO], robot2, {'battery-level': '73.24'}, None, None
190.07, [INFO], robot2, {'y': 18.34, 'x': -35.863, 'yaw': -3.142}, None, None
200.07, [INFO], robot2, {'y': 18.34, 'x': -35.863, 'yaw': -3.142}, None, None
200.07, [INFO], robot2, {'battery-level': '72.70'}, None, None
209.94, [INFO], robot2, {'y': 18.34, 'x': -35.863, 'yaw': -3.142}, None, None
210.04, [INFO], robot2, {'battery-level': '72.16'}, None, None
220.04, [INFO], robot2, {'y': 18.331, 'x': -35.827, 'yaw': 3.141}, None, None
220.04, [INFO], robot2, {'battery-level': '71.62'}, None, None
230.00, [INFO], robot2, {'y': 18.353, 'x': -35.744, 'yaw': 3.142}, None, None
230.00, [INFO], robot2, {'battery-level': '71.08'}, None, None
235.80, [WARN], robot2, SKILL-FAILURE, navigation, navto_room
