0.00, [DEBUG], logger, ROBOTS_CONFIG={'avg_speed': 0.15, 'battery_charge': 0.6520875066754872, 'battery_discharge_rate': 0.0006000000000000001, 'id': 4, 'local_plan': [['navigation', ['IC Room 2', [[-32.88, 33.98, 3.14], [-37.0, 33.98], [-37.0, 21.5], [-38.0, 21.5, 0.0]]], 'navto_room'], ['approach_person', ['nurse'], 'approach_nurse'], ['authenticate_person', ['nurse'], 'authenticate_nurse'], ['operate_drawer', ['open'], 'open_drawer_for_nurse'], ['send_message', ['nurse'], 'notify_nurse_of_open_drawer_for_nurse_completed'], ['wait_message', ['nurse'], 'wait_nurse_to_complete_deposit'], ['operate_drawer', ['close'], 'close_drawer_nurse'], ['navigation', ['Laboratory', [[-38.0, 21.5, 0.0], [-37.0, 21.5], [-37.0, 16.0], [-26.0, 16.0], [-26.0, 13.0, 1.57]]], 'navto_lab'], ['approach_robot', ['lab_arm'], 'approach_arm'], ['operate_drawer', ['open'], 'open_drawer_lab'], ['send_message', ['lab_arm'], 'notify_lab_arm_of_open_drawer_lab_completed'], ['wait_message', ['lab_arm'], 'wait_lab_arm_to_complete_pick_up_sample'], ['operate_drawer', ['close'], 'close_drawer_lab']], 'location': 'IC Room 5', 'name': 'r4', 'position': [-32.88, 33.98, 3.14], 'skills': ['approach_person', 'approach_robot', 'authenticate_person', 'navigation', 'operate_drawer']}, None, None
0.00, [DEBUG], logger, Simulation open, None, None
10.08, [INFO], robot4, {'y': 34.163, 'x': -33.399, 'yaw': -3.142}, None, None
10.08, [INFO], robot4, {'battery-level': '64.67'}, None, None
20.08, [INFO], robot4, {'battery-level': '64.07'}, None, None
20.08, [INFO], robot4, {'y': 34.686, 'x': -35.438, 'yaw': 3.138}, None, None
30.09, [INFO], robot4, {'y': 33.464, 'x': -36.988, 'yaw': -3.142}, None, None
30.09, [INFO], robot4, {'battery-level': '63.47'}, None, None
40.09, [INFO], robot4, {'y': 31.366, 'x': -36.951, 'yaw': -3.142}, None, None
40.09, [INFO], robot4, {'battery-level': '62.87'}, None, None
50.09, [INFO], robot4, {'y': 29.247, 'x': -36.991, 'yaw': -3.142}, None, None
50.09, [INFO], robot4, {'battery-level': '62.27'}, None, None
60.09, [INFO], robot4, {'y': 27.13, 'x': -36.992, 'yaw': 3.142}, None, None
60.09, [INFO], robot4, {'battery-level': '61.67'}, None, None
70.01, [INFO], robot4, {'y': 25.051, 'x': -37.04, 'yaw': -3.142}, None, None
70.01, [INFO], robot4, {'battery-level': '61.07'}, None, None
80.08, [INFO], robot4, {'y': 22.926, 'x': -37.072, 'yaw': 3.141}, None, None
80.08, [INFO], robot4, {'battery-level': '60.47'}, None, None
90.09, [INFO], robot4, {'y': 21.268, 'x': -37.769, 'yaw': -3.142}, None, None
90.09, [INFO], robot4, {'battery-level': '59.87'}, None, None
100.07, [INFO], robot4, {'battery-level': '59.27'}, None, None
100.07, [INFO], robot4, {'y': 21.415, 'x': -38.085, 'yaw': -3.141}, None, None
103.24, [info], nurse, sync, received-request, (status=sending-request)
103.24, [info], nurse, sync, request-sent, (status=waiting)
103.24, [info], nurse, sync, wait-message, (status=message-received)
110.06, [INFO], robot4, {'battery-level': '58.67'}, None, None
110.06, [INFO], robot4, {'y': 21.08, 'x': -37.192, 'yaw': 3.141}, None, None
120.04, [INFO], robot4, {'battery-level': '58.07'}, None, None
120.04, [INFO], robot4, {'y': 18.965, 'x': -37.165, 'yaw': 3.142}, None, None
130.03, [INFO], robot4, {'battery-level': '57.47'}, None, None
130.03, [INFO], robot4, {'y': 16.851, 'x': -37.08, 'yaw': 3.142}, None, None
140.03, [INFO], robot4, {'battery-level': '56.87'}, None, None
140.03, [INFO], robot4, {'y': 15.696, 'x': -35.674, 'yaw': 3.142}, None, None
150.06, [INFO], robot4, {'y': 15.388, 'x': -33.584, 'yaw': -3.142}, None, None
150.06, [INFO], robot4, {'battery-level': '56.27'}, None, None
160.03, [INFO], robot4, {'battery-level': '55.67'}, None, None
160.03, [INFO], robot4, {'y': 15.497, 'x': -31.47, 'yaw': -3.141}, None, None
170.00, [INFO], robot4, {'y': 15.683, 'x': -29.369, 'yaw': -3.142}, None, None
170.00, [INFO], robot4, {'battery-level': '55.07'}, None, None
180.08, [INFO], robot4, {'battery-level': '54.47'}, None, None
180.08, [INFO], robot4, {'y': 15.797, 'x': -27.244, 'yaw': 3.142}, None, None
190.07, [INFO], robot4, {'battery-level': '53.87'}, None, None
190.07, [INFO], robot4, {'y': 14.611, 'x': -25.839, 'yaw': 3.142}, None, None
200.03, [INFO], robot4, {'battery-level': '53.27'}, None, None
200.03, [INFO], robot4, {'y': 12.943, 'x': -25.943, 'yaw': 3.142}, None, None
205.55, [info], lab_arm, sync, wait-message, (status=message-received)
206.52, [WARN], robot4, SUCCESS, None, None
210.08, [INFO], robot4, {'y': 12.92, 'x': -25.959, 'yaw': 3.142}, None, None
210.08, [INFO], robot4, {'battery-level': '52.67'}, None, None
220.01, [INFO], robot4, {'battery-level': '52.07'}, None, None
220.01, [INFO], robot4, {'y': 12.92, 'x': -25.959, 'yaw': 3.142}, None, None
230.05, [INFO], robot4, {'battery-level': '51.47'}, None, None
230.05, [INFO], robot4, {'y': 12.92, 'x': -25.959, 'yaw': -3.142}, None, None
