0.00, [INFO], robot1, {'battery-level': '59.15'}, None, None
0.12, [DEBUG], logger, ROBOTS_CONFIG={'avg_speed': 0.15, 'battery_charge': 0.5914703710515797, 'battery_discharge_rate': 0.00048000000000000007, 'id': 1, 'local_plan': [['navigation', ['PC Room 3', [[-39.44, 33.95, 0.0], [-37.0, 33.95], [-37.0, 16.0], [-28.5, 16.0], [-28.5, 18.0, -1.57]]], 'navto_room'], ['approach_person', ['nurse'], 'approach_nurse'], ['authenticate_person', ['nurse'], 'authenticate_nurse'], ['operate_drawer', ['open'], 'open_drawer_for_nurse'], ['send_message', ['nurse'], 'notify_nurse_of_open_drawer_for_nurse_completed'], ['wait_message', ['nurse'], 'wait_nurse_to_complete_deposit'], ['operate_drawer', ['close'], 'close_drawer_nurse'], ['navigation', ['Laboratory', [[-28.5, 18.0, -1.57], [-28.5, 16.0], [-26.0, 16.0], [-26.0, 13.0, 1.57]]], 'navto_lab'], ['approach_robot', ['lab_arm'], 'approach_arm'], ['operate_drawer', ['open'], 'open_drawer_lab'], ['send_message', ['lab_arm'], 'notify_lab_arm_of_open_drawer_lab_completed'], ['wait_message', ['lab_arm'], 'wait_lab_arm_to_complete_pick_up_sample'], ['operate_drawer', ['close'], 'close_drawer_lab']], 'location': 'IC Room 4', 'name': 'r1', 'position': [-39.44, 33.95, 0.0], 'skills': ['approach_person', 'approach_robot', 'authenticate_person', 'navigation', 'operate_drawer']}, None, None
0.12, [DEBUG], logger, Simulation open, None, None
10.09, [INFO], robot1, {'y': 33.95, 'x': -39.44, 'yaw': -3.142}, None, None
10.09, [INFO], robot1, {'battery-level': '58.72'}, None, None
20.08, [INFO], robot1, {'battery-level': '58.24'}, None, None
20.08, [INFO], robot1, {'y': 34.386, 'x': -38.498, 'yaw': 3.142}, None, None
30.09, [INFO], robot1, {'y': 33.608, 'x': -37.039, 'yaw': -3.142}, None, None
30.09, [INFO], robot1, {'battery-level': '57.76'}, None, None
40.01, [INFO], robot1, {'y': 31.514, 'x': -37.088, 'yaw': 3.141}, None, None
40.01, [INFO], robot1, {'battery-level': '57.28'}, None, None
50.00, [INFO], robot1, {'battery-level': '56.80'}, None, None
50.00, [INFO], robot1, {'y': 29.407, 'x': -37.0, 'yaw': 3.141}, None, None
60.05, [INFO], robot1, {'y': 27.287, 'x': -36.988, 'yaw': 3.142}, None, None
60.05, [INFO], robot1, {'battery-level': '56.32'}, None, None
70.09, [INFO], robot1, {'battery-level': '55.84'}, None, None
70.09, [INFO], robot1, {'y': 25.166, 'x': -36.988, 'yaw': -3.142}, None, None
80.08, [INFO], robot1, {'y': 23.062, 'x': -37.088, 'yaw': -3.142}, None, None
80.08, [INFO], robot1, {'battery-level': '55.36'}, None, None
90.06, [INFO], robot1, {'y': 20.953, 'x': -37.184, 'yaw': 3.141}, None, None
90.06, [INFO], robot1, {'battery-level': '54.88'}, None, None
100.06, [INFO], robot1, {'y': 18.843, 'x': -37.089, 'yaw': 3.142}, None, None
100.06, [INFO], robot1, {'battery-level': '54.40'}, None, None
110.05, [INFO], robot1, {'battery-level': '53.92'}, None, None
110.05, [INFO], robot1, {'y': 16.734, 'x': -37.04, 'yaw': 3.14}, None, None
120.03, [INFO], robot1, {'battery-level': '53.44'}, None, None
120.03, [INFO], robot1, {'y': 15.625, 'x': -35.569, 'yaw': 3.142}, None, None
130.02, [INFO], robot1, {'battery-level': '52.96'}, None, None
130.02, [INFO], robot1, {'y': 15.441, 'x': -33.484, 'yaw': -3.141}, None, None
140.00, [INFO], robot1, {'battery-level': '52.48'}, None, None
140.00, [INFO], robot1, {'y': 15.45, 'x': -31.371, 'yaw': -3.142}, None, None
150.01, [INFO], robot1, {'battery-level': '52.00'}, None, None
150.01, [INFO], robot1, {'y': 15.792, 'x': -29.251, 'yaw': -3.141}, None, None
160.09, [INFO], robot1, {'battery-level': '51.52'}, None, None
160.09, [INFO], robot1, {'y': 17.542, 'x': -28.639, 'yaw': -3.142}, None, None
170.04, [INFO], robot1, {'battery-level': '51.04'}, None, None
170.04, [INFO], robot1, {'y': 17.957, 'x': -28.532, 'yaw': -3.141}, None, None
180.08, [INFO], robot1, {'battery-level': '50.56'}, None, None
180.08, [INFO], robot1, {'y': 17.989, 'x': -28.625, 'yaw': 3.142}, None, None
180.18, [info], nurse, sync, received-request, (status=sending-request)
180.18, [info], nurse, sync, request-sent, (status=waiting)
180.18, [info], nurse, sync, wait-message, (status=message-received)
190.06, [INFO], robot1, {'battery-level': '50.08'}, None, None
190.06, [INFO], robot1, {'y': 16.185, 'x': -28.653, 'yaw': 3.141}, None, None
200.02, [INFO], robot1, {'battery-level': '49.60'}, None, None
200.02, [INFO], robot1, {'y': 16.037, 'x': -26.599, 'yaw': 3.142}, None, None
210.09, [INFO], robot1, {'battery-level': '49.12'}, None, None
210.09, [INFO], robot1, {'y': 14.249, 'x': -25.766, 'yaw': -3.14}, None, None
220.07, [INFO], robot1, {'y': 12.91, 'x': -25.972, 'yaw': 3.142}, None, None
220.07, [INFO], robot1, {'battery-level': '48.64'}, None, None
225.45, [info], lab_arm, sync, wait-message, (status=message-received)
226.42, [WARN], robot1, SUCCESS, None, None
230.07, [INFO], robot1, {'y': 12.905, 'x': -25.972, 'yaw': -3.142}, None, None
230.07, [INFO], robot1, {'battery-level': '48.16'}, None, None
