0.00, [DEBUG], nurse, NURSE_CONFIG={'location': 'IC Room 6', 'position': [-33.9, 18.93, 3.14]}, None, None
0.00, [DEBUG], logger, ROBOTS_CONFIG={'avg_speed': 0.15, 'battery_charge': 0.2817995261312799, 'battery_discharge_rate': 0.00076, 'id': 5, 'local_plan': [['navigation', ['IC Room 6', [[-13.5, 18.0, -1.57], [-13.5, 16.0], [-37.0, 16.0], [-37.0, 18.93], [-33.9, 18.93, 3.14]]], 'navto_room'], ['approach_person', ['nurse'], 'approach_nurse'], ['authenticate_person', ['nurse'], 'authenticate_nurse'], ['operate_drawer', ['open'], 'open_drawer_for_nurse'], ['send_message', ['nurse'], 'notify_nurse_of_open_drawer_for_nurse_completed'], ['wait_message', ['nurse'], 'wait_nurse_to_complete_deposit'], ['operate_drawer', ['close'], 'close_drawer_nurse'], ['navigation', ['Laboratory', [[-33.9, 18.93, 3.14], [-37.0, 18.93], [-37.0, 16.0], [-26.0, 16.0], [-26.0, 13.0, 1.57]]], 'navto_lab'], ['approach_robot', ['lab_arm'], 'approach_arm'], ['operate_drawer', ['open'], 'open_drawer_lab'], ['send_message', ['lab_arm'], 'notify_lab_arm_of_open_drawer_lab_completed'], ['wait_message', ['lab_arm'], 'wait_lab_arm_to_complete_pick_up_sample'], ['operate_drawer', ['close'], 'close_drawer_lab']], 'location': 'PC Room 7', 'name': 'r5', 'position': [-13.5, 18.0, -1.57], 'skills': ['approach_person', 'authenticate_person', 'navigation', 'operate_drawer']}, None, None
0.00, [DEBUG], logger, Simulation open, None, None
10.05, [INFO], robot5, {'battery-level': '27.50'}, None, None
10.05, [INFO], robot5, {'y': 17.499, 'x': -13.497, 'yaw': -3.142}, None, None
20.01, [INFO], robot5, {'y': 15.973, 'x': -14.297, 'yaw': 3.142}, None, None
20.01, [INFO], robot5, {'battery-level': '26.74'}, None, None
30.08, [INFO], robot5, {'battery-level': '25.98'}, None, None
30.08, [INFO], robot5, {'y': 15.843, 'x': -16.425, 'yaw': 3.141}, None, None
40.04, [INFO], robot5, {'y': 15.94, 'x': -18.53, 'yaw': 3.141}, None, None
40.04, [INFO], robot5, {'battery-level': '25.22'}, None, None
50.09, [INFO], robot5, {'battery-level': '24.46'}, None, None
50.09, [INFO], robot5, {'y': 16.077, 'x': -20.642, 'yaw': -3.142}, None, None
60.07, [INFO], robot5, {'y': 15.979, 'x': -22.753, 'yaw': 3.141}, None, None
60.07, [INFO], robot5, {'battery-level': '23.70'}, None, None
70.06, [INFO], robot5, {'battery-level': '22.94'}, None, None
70.06, [INFO], robot5, {'y': 15.942, 'x': -24.849, 'yaw': 3.141}, None, None
80.03, [INFO], robot5, {'battery-level': '22.18'}, None, None
80.03, [INFO], robot5, {'y': 15.96, 'x': -26.963, 'yaw': 3.142}, None, None
90.01, [INFO], robot5, {'battery-level': '21.42'}, None, None
90.01, [INFO], robot5, {'y': 16.059, 'x': -29.064, 'yaw': 3.142}, None, None
100.06, [INFO], robot5, {'battery-level': '20.66'}, None, None
100.06, [INFO], robot5, {'y': 15.942, 'x': -31.194, 'yaw': 3.14}, None, None
110.09, [INFO], robot5, {'y': 15.68, 'x': -33.306, 'yaw': -3.142}, None, None
110.09, [INFO], robot5, {'battery-level': '19.90'}, None, None
120.03, [INFO], robot5, {'y': 15.449, 'x': -35.387, 'yaw': -3.141}, None, None
120.03, [INFO], robot5, {'battery-level': '19.14'}, None, None
130.08, [INFO], robot5, {'y': 16.558, 'x': -36.871, 'yaw': -3.142}, None, None
130.08, [INFO], robot5, {'battery-level': '18.38'}, None, None
140.10, [INFO], robot5, {'y': 17.691, 'x': -36.841, 'yaw': -3.141}, None, None
140.10, [INFO], robot5, {'battery-level': '17.62'}, None, None
150.04, [INFO], robot5, {'battery-level': '16.86'}, None, None
150.04, [INFO], robot5, {'y': 17.715, 'x': -36.824, 'yaw': 3.142}, None, None
160.10, [INFO], robot5, {'battery-level': '16.10'}, None, None
160.10, [INFO], robot5, {'y': 17.785, 'x': -36.765, 'yaw': 3.142}, None, None
170.03, [INFO], robot5, {'battery-level': '15.34'}, None, None
170.03, [INFO], robot5, {'y': 17.872, 'x': -35.892, 'yaw': 3.141}, None, None
180.09, [INFO], robot5, {'y': 18.014, 'x': -35.755, 'yaw': -3.142}, None, None
180.09, [INFO], robot5, {'battery-level': '14.58'}, None, None
190.06, [INFO], robot5, {'y': 17.884, 'x': -36.064, 'yaw': 3.142}, None, None
190.06, [INFO], robot5, {'battery-level': '13.82'}, None, None
200.06, [INFO], robot5, {'y': 18.095, 'x': -35.855, 'yaw': 3.142}, None, None
200.06, [INFO], robot5, {'battery-level': '13.06'}, None, None
210.04, [INFO], robot5, {'battery-level': '12.30'}, None, None
210.04, [INFO], robot5, {'y': 18.109, 'x': -35.671, 'yaw': 3.141}, None, None
220.06, [INFO], robot5, {'battery-level': '11.54'}, None, None
220.06, [INFO], robot5, {'y': 18.414, 'x': -35.7, 'yaw': 3.136}, None, None
222.20, [WARN], robot5, SKILL-FAILURE, navigation, navto_room
230.03, [INFO], robot5, {'battery-level': '10.78'}, None, None
230.03, [INFO], robot5, {'y': 18.412, 'x': -35.702, 'yaw': -3.142}, None, None
