0.00, [DEBUG], nurse, NURSE_CONFIG={'location': 'IC Room 6', 'position': [-33.9, 18.93, 3.14]}, None, None
0.00, [INFO], robot4, {'battery-level': '65.21'}, None, None
0.00, [DEBUG], logger, ROBOTS_CONFIG={'avg_speed': 0.15, 'battery_charge': 0.6520875066754872, 'battery_discharge_rate': 0.0005600000000000001, 'id': 4, 'local_plan': [['navigation', ['IC Room 6', [[-39.44, 33.95, 0.0], [-37.0, 33.95], [-37.0, 18.93], [-33.9, 18.93, 3.14]]], 'navto_room'], ['approach_person', ['nurse'], 'approach_nurse'], ['authenticate_person', ['nurse'], 'authenticate_nurse'], ['operate_drawer', ['open'], 'open_drawer_for_nurse'], ['send_message', ['nurse'], 'notify_nurse_of_open_drawer_for_nurse_completed'], ['wait_message', ['nurse'], 'wait_nurse_to_complete_deposit'], ['operate_drawer', ['close'], 'close_drawer_nurse'], ['navigation', ['Laboratory', [[-33.9, 18.93, 3.14], [-37.0, 18.93], [-37.0, 16.0], [-26.0, 16.0], [-26.0, 13.0, 1.57]]], 'navto_lab'], ['approach_robot', ['lab_arm'], 'approach_arm'], ['operate_drawer', ['open'], 'open_drawer_lab'], ['send_message', ['lab_arm'], 'notify_lab_arm_of_open_drawer_lab_completed'], ['wait_message', ['lab_arm'], 'wait_lab_arm_to_complete_pick_up_sample'], ['operate_drawer', ['close'], 'close_drawer_lab']], 'location': 'IC Room 4', 'name': 'r4', 'position': [-39.44, 33.95, 0.0], 'skills': ['approach_person', 'approach_robot', 'authenticate_person', 'navigation', 'operate_drawer']}, None, None
0.00, [DEBUG], logger, Simulation open, None, None
10.00, [INFO], robot4, {'battery-level': '64.70'}, None, None
10.00, [INFO], robot4, {'y': 34.036, 'x': -39.09, 'yaw': -3.142}, None, None
20.01, [INFO], robot4, {'y': 34.223, 'x': -37.179, 'yaw': 3.141}, None, None
20.01, [INFO], robot4, {'battery-level': '64.14'}, None, None
30.03, [INFO], robot4, {'battery-level': '63.58'}, None, None
30.03, [INFO], robot4, {'y': 32.13, 'x': -37.062, 'yaw': 3.141}, None, None
40.06, [INFO], robot4, {'battery-level': '63.02'}, None, None
40.06, [INFO], robot4, {'y': 30.019, 'x': -36.994, 'yaw': 3.141}, None, None
50.01, [INFO], robot4, {'y': 27.91, 'x': -37.027, 'yaw': 3.141}, None, None
50.01, [INFO], robot4, {'battery-level': '62.46'}, None, None
60.02, [INFO], robot4, {'battery-level': '61.90'}, None, None
60.02, [INFO], robot4, {'y': 25.798, 'x': -37.041, 'yaw': 3.141}, None, None
70.05, [INFO], robot4, {'battery-level': '61.34'}, None, None
70.05, [INFO], robot4, {'y': 23.679, 'x': -37.039, 'yaw': 3.14}, None, None
80.09, [INFO], robot4, {'battery-level': '60.78'}, None, None
80.09, [INFO], robot4, {'y': 21.562, 'x': -37.179, 'yaw': 3.142}, None, None
90.04, [INFO], robot4, {'battery-level': '60.22'}, None, None
90.04, [INFO], robot4, {'y': 19.462, 'x': -37.081, 'yaw': 3.137}, None, None
100.05, [INFO], robot4, {'battery-level': '59.66'}, None, None
100.05, [INFO], robot4, {'y': 17.791, 'x': -35.752, 'yaw': -3.141}, None, None
110.09, [INFO], robot4, {'battery-level': '59.10'}, None, None
110.09, [INFO], robot4, {'y': 18.703, 'x': -34.085, 'yaw': 3.142}, None, None
118.75, [info], nurse, sync, received-request, (status=sending-request)
118.75, [info], nurse, sync, request-sent, (status=waiting)
118.75, [info], nurse, sync, wait-message, (status=message-received)
120.10, [INFO], robot4, {'y': 18.956, 'x': -33.954, 'yaw': 3.141}, None, None
120.10, [INFO], robot4, {'battery-level': '58.54'}, None, None
130.04, [INFO], robot4, {'battery-level': '57.98'}, None, None
130.04, [INFO], robot4, {'y': 17.765, 'x': -35.477, 'yaw': -3.142}, None, None
140.06, [INFO], robot4, {'y': 18.132, 'x': -36.568, 'yaw': 3.141}, None, None
140.06, [INFO], robot4, {'battery-level': '57.42'}, None, None
150.07, [INFO], robot4, {'y': 17.546, 'x': -36.894, 'yaw': 3.141}, None, None
150.07, [INFO], robot4, {'battery-level': '56.86'}, None, None
160.00, [INFO], robot4, {'battery-level': '56.30'}, None, None
160.00, [INFO], robot4, {'y': 17.5, 'x': -36.89, 'yaw': 3.142}, None, None
170.03, [INFO], robot4, {'y': 17.475, 'x': -36.981, 'yaw': 3.141}, None, None
170.03, [INFO], robot4, {'battery-level': '55.74'}, None, None
180.06, [INFO], robot4, {'battery-level': '55.18'}, None, None
180.06, [INFO], robot4, {'y': 17.229, 'x': -36.827, 'yaw': 3.142}, None, None
190.00, [INFO], robot4, {'battery-level': '54.62'}, None, None
190.00, [INFO], robot4, {'y': 17.309, 'x': -36.903, 'yaw': 3.142}, None, None
200.02, [INFO], robot4, {'battery-level': '54.06'}, None, None
200.02, [INFO], robot4, {'y': 17.353, 'x': -37.044, 'yaw': 3.142}, None, None
210.03, [INFO], robot4, {'battery-level': '53.50'}, None, None
210.03, [INFO], robot4, {'y': 17.352, 'x': -36.832, 'yaw': -3.141}, None, None
220.07, [INFO], robot4, {'y': 17.414, 'x': -36.869, 'yaw': -3.141}, None, None
220.07, [INFO], robot4, {'battery-level': '52.94'}, None, None
230.02, [INFO], robot4, {'battery-level': '52.38'}, None, None
230.02, [INFO], robot4, {'y': 17.336, 'x': -37.003, 'yaw': 3.141}, None, None
240.05, [INFO], robot4, {'battery-level': '51.82'}, None, None
240.05, [INFO], robot4, {'y': 17.285, 'x': -37.04, 'yaw': 3.14}, None, None
250.06, [INFO], robot4, {'battery-level': '51.26'}, None, None
250.06, [INFO], robot4, {'y': 17.433, 'x': -36.918, 'yaw': 3.141}, None, None
260.08, [INFO], robot4, {'battery-level': '50.70'}, None, None
260.08, [INFO], robot4, {'y': 17.451, 'x': -36.805, 'yaw': -3.142}, None, None
270.02, [INFO], robot4, {'battery-level': '50.14'}, None, None
270.02, [INFO], robot4, {'y': 17.409, 'x': -36.909, 'yaw': 3.141}, None, None
280.02, [INFO], robot4, {'battery-level': '49.58'}, None, None
280.02, [INFO], robot4, {'y': 17.161, 'x': -37.074, 'yaw': 3.141}, None, None
290.05, [INFO], robot4, {'battery-level': '49.02'}, None, None
290.05, [INFO], robot4, {'y': 17.382, 'x': -36.827, 'yaw': 3.142}, None, None
300.07, [INFO], robot4, {'y': 17.381, 'x': -36.827, 'yaw': 3.142}, None, None
300.07, [INFO], robot4, {'battery-level': '48.46'}, None, None
308.46, [WARN], robot4, SKILL-FAILURE, navigation, navto_lab
310.02, [INFO], robot4, {'battery-level': '47.90'}, None, None
310.02, [INFO], robot4, {'y': 17.381, 'x': -36.827, 'yaw': -3.142}, None, None
320.09, [INFO], robot4, {'y': 17.381, 'x': -36.827, 'yaw': 3.142}, None, None
320.09, [INFO], robot4, {'battery-level': '47.34'}, None, None
