0.00, [DEBUG], logger, ROBOTS_CONFIG={'avg_speed': 0.15, 'battery_charge': 0.6520875066754872, 'battery_discharge_rate': 0.0005600000000000001, 'id': 4, 'local_plan': [['navigation', ['IC Room 2', [[-32.88, 33.98, 3.14], [-37.0, 33.98], [-37.0, 21.5], [-38.0, 21.5, 0.0]]], 'navto_room'], ['approach_person', ['nurse'], 'approach_nurse'], ['authenticate_person', ['nurse'], 'authenticate_nurse'], ['operate_drawer', ['open'], 'open_drawer_for_nurse'], ['send_message', ['nurse'], 'notify_nurse_of_open_drawer_for_nurse_completed'], ['wait_message', ['nurse'], 'wait_nurse_to_complete_deposit'], ['operate_drawer', ['close'], 'close_drawer_nurse'], ['navigation', ['Laboratory', [[-38.0, 21.5, 0.0], [-37.0, 21.5], [-37.0, 16.0], [-26.0, 16.0], [-26.0, 13.0, 1.57]]], 'navto_lab'], ['approach_robot', ['lab_arm'], 'approach_arm'], ['operate_drawer', ['open'], 'open_drawer_lab'], ['send_message', ['lab_arm'], 'notify_lab_arm_of_open_drawer_lab_completed'], ['wait_message', ['lab_arm'], 'wait_lab_arm_to_complete_pick_up_sample'], ['operate_drawer', ['close'], 'close_drawer_lab']], 'location': 'IC Room 5', 'name': 'r4', 'position': [-32.88, 33.98, 3.14], 'skills': ['approach_person', 'approach_robot', 'authenticate_person', 'navigation', 'operate_drawer']}, None, None
0.00, [DEBUG], logger, Simulation open, None, None
10.06, [INFO], robot4, {'y': 34.138, 'x': -33.356, 'yaw': -3.142}, None, None
10.06, [INFO], robot4, {'battery-level': '64.70'}, None, None
20.08, [INFO], robot4, {'battery-level': '64.14'}, None, None
20.08, [INFO], robot4, {'y': 34.738, 'x': -35.375, 'yaw': 3.141}, None, None
30.04, [INFO], robot4, {'y': 33.575, 'x': -36.972, 'yaw': 3.142}, None, None
30.04, [INFO], robot4, {'battery-level': '63.58'}, None, None
40.06, [INFO], robot4, {'y': 31.457, 'x': -36.914, 'yaw': -3.142}, None, None
40.06, [INFO], robot4, {'battery-level': '63.02'}, None, None
50.01, [INFO], robot4, {'battery-level': '62.46'}, None, None
50.01, [INFO], robot4, {'y': 29.357, 'x': -36.919, 'yaw': -3.141}, None, None
60.05, [INFO], robot4, {'y': 27.241, 'x': -36.946, 'yaw': 3.142}, None, None
60.05, [INFO], robot4, {'battery-level': '61.90'}, None, None
70.00, [INFO], robot4, {'y': 25.137, 'x': -36.998, 'yaw': -3.142}, None, None
70.00, [INFO], robot4, {'battery-level': '61.34'}, None, None
80.02, [INFO], robot4, {'battery-level': '60.78'}, None, None
80.02, [INFO], robot4, {'y': 23.02, 'x': -37.028, 'yaw': 3.141}, None, None
90.01, [INFO], robot4, {'battery-level': '60.22'}, None, None
90.01, [INFO], robot4, {'y': 21.235, 'x': -37.602, 'yaw': 3.141}, None, None
100.04, [INFO], robot4, {'battery-level': '59.66'}, None, None
100.04, [INFO], robot4, {'y': 21.335, 'x': -38.03, 'yaw': -3.141}, None, None
110.07, [INFO], robot4, {'battery-level': '59.10'}, None, None
110.07, [INFO], robot4, {'y': 21.446, 'x': -38.093, 'yaw': 3.142}, None, None
111.81, [info], nurse, sync, received-request, (status=sending-request)
111.81, [info], nurse, sync, request-sent, (status=waiting)
111.81, [info], nurse, sync, wait-message, (status=message-received)
120.03, [INFO], robot4, {'battery-level': '58.54'}, None, None
120.03, [INFO], robot4, {'y': 20.719, 'x': -37.248, 'yaw': 3.141}, None, None
130.08, [INFO], robot4, {'y': 18.593, 'x': -37.116, 'yaw': 3.141}, None, None
130.08, [INFO], robot4, {'battery-level': '57.98'}, None, None
140.04, [INFO], robot4, {'battery-level': '57.42'}, None, None
140.04, [INFO], robot4, {'y': 16.478, 'x': -37.031, 'yaw': 3.141}, None, None
150.08, [INFO], robot4, {'battery-level': '56.86'}, None, None
150.08, [INFO], robot4, {'y': 15.554, 'x': -35.351, 'yaw': 3.142}, None, None
160.04, [INFO], robot4, {'battery-level': '56.30'}, None, None
160.04, [INFO], robot4, {'y': 15.468, 'x': -33.251, 'yaw': 3.14}, None, None
170.09, [INFO], robot4, {'battery-level': '55.74'}, None, None
170.09, [INFO], robot4, {'y': 15.528, 'x': -31.136, 'yaw': 3.14}, None, None
180.05, [INFO], robot4, {'battery-level': '55.18'}, None, None
180.05, [INFO], robot4, {'y': 15.688, 'x': -29.039, 'yaw': 3.142}, None, None
190.08, [INFO], robot4, {'y': 15.761, 'x': -26.922, 'yaw': 3.142}, None, None
190.08, [INFO], robot4, {'battery-level': '54.62'}, None, None
200.06, [INFO], robot4, {'battery-level': '54.06'}, None, None
200.06, [INFO], robot4, {'y': 14.347, 'x': -25.765, 'yaw': -3.139}, None, None
210.08, [INFO], robot4, {'battery-level': '53.50'}, None, None
210.08, [INFO], robot4, {'y': 12.907, 'x': -25.964, 'yaw': 3.142}, None, None
213.66, [info], lab_arm, sync, wait-message, (status=message-received)
214.62, [WARN], robot4, SUCCESS, None, None
219.94, [INFO], robot4, {'battery-level': '52.94'}, None, None
220.04, [INFO], robot4, {'y': 12.904, 'x': -25.961, 'yaw': -3.142}, None, None
230.01, [INFO], robot4, {'y': 12.904, 'x': -25.961, 'yaw': -3.142}, None, None
230.01, [INFO], robot4, {'battery-level': '52.38'}, None, None
