0.00, [DEBUG], nurse, NURSE_CONFIG={'location': 'IC Room 2', 'position': [-38.0, 21.5, 0.0]}, None, None
0.00, [INFO], robot2, {'battery-level': '83.45'}, None, None
0.00, [DEBUG], logger, ROBOTS_CONFIG={'avg_speed': 0.15, 'battery_charge': 0.8344531419634984, 'battery_discharge_rate': 0.00026000000000000003, 'id': 2, 'local_plan': [['navigation', ['IC Room 2', [[-19.0, 18.0, -1.57], [-19.0, 16.0], [-37.0, 16.0], [-37.0, 21.5], [-38.0, 21.5, 0.0]]], 'navto_room'], ['approach_person', ['nurse'], 'approach_nurse'], ['authenticate_person', ['nurse'], 'authenticate_nurse'], ['operate_drawer', ['open'], 'open_drawer_for_nurse'], ['send_message', ['nurse'], 'notify_nurse_of_open_drawer_for_nurse_completed'], ['wait_message', ['nurse'], 'wait_nurse_to_complete_deposit'], ['operate_drawer', ['close'], 'close_drawer_nurse'], ['navigation', ['Laboratory', [[-38.0, 21.5, 0.0], [-37.0, 21.5], [-37.0, 16.0], [-26.0, 16.0], [-26.0, 13.0, 1.57]]], 'navto_lab'], ['approach_robot', ['lab_arm'], 'approach_arm'], ['operate_drawer', ['open'], 'open_drawer_lab'], ['send_message', ['lab_arm'], 'notify_lab_arm_of_open_drawer_lab_completed'], ['wait_message', ['lab_arm'], 'wait_lab_arm_to_complete_pick_up_sample'], ['operate_drawer', ['close'], 'close_drawer_lab']], 'location': 'PC Room 6', 'name': 'r2', 'position': [-19.0, 18.0, -1.57], 'skills': ['approach_person', 'approach_robot', 'authenticate_person', 'navigation', 'operate_drawer']}, None, None
0.00, [DEBUG], logger, Simulation open, None, None
10.09, [INFO], robot2, {'battery-level': '83.21'}, None, None
10.09, [INFO], robot2, {'y': 17.454, 'x': -19.192, 'yaw': 3.142}, None, None
20.10, [INFO], robot2, {'battery-level': '82.95'}, None, None
20.10, [INFO], robot2, {'y': 16.204, 'x': -20.269, 'yaw': 3.142}, None, None
30.04, [INFO], robot2, {'y': 16.208, 'x': -22.366, 'yaw': 3.141}, None, None
30.04, [INFO], robot2, {'battery-level': '82.69'}, None, None
40.09, [INFO], robot2, {'battery-level': '82.43'}, None, None
40.09, [INFO], robot2, {'y': 16.14, 'x': -24.488, 'yaw': 3.14}, None, None
50.01, [INFO], robot2, {'battery-level': '82.17'}, None, None
50.01, [INFO], robot2, {'y': 16.139, 'x': -26.573, 'yaw': -3.139}, None, None
60.05, [INFO], robot2, {'y': 16.235, 'x': -28.686, 'yaw': 3.142}, None, None
60.05, [INFO], robot2, {'battery-level': '81.91'}, None, None
70.01, [INFO], robot2, {'battery-level': '81.65'}, None, None
70.01, [INFO], robot2, {'y': 16.149, 'x': -30.787, 'yaw': 3.142}, None, None
80.06, [INFO], robot2, {'y': 15.843, 'x': -32.894, 'yaw': -3.142}, None, None
80.06, [INFO], robot2, {'battery-level': '81.39'}, None, None
90.02, [INFO], robot2, {'y': 15.389, 'x': -34.972, 'yaw': -3.141}, None, None
90.02, [INFO], robot2, {'battery-level': '81.13'}, None, None
100.00, [INFO], robot2, {'battery-level': '80.87'}, None, None
100.00, [INFO], robot2, {'y': 16.058, 'x': -36.921, 'yaw': -3.142}, None, None
110.06, [INFO], robot2, {'battery-level': '80.61'}, None, None
110.06, [INFO], robot2, {'y': 18.177, 'x': -36.871, 'yaw': -3.142}, None, None
120.03, [INFO], robot2, {'y': 20.296, 'x': -36.965, 'yaw': 3.141}, None, None
120.03, [INFO], robot2, {'battery-level': '80.35'}, None, None
130.09, [INFO], robot2, {'battery-level': '80.09'}, None, None
130.09, [INFO], robot2, {'y': 21.565, 'x': -37.973, 'yaw': 3.137}, None, None
140.09, [INFO], robot2, {'battery-level': '79.83'}, None, None
140.09, [INFO], robot2, {'y': 21.422, 'x': -38.071, 'yaw': 3.141}, None, None
140.97, [info], nurse, sync, received-request, (status=sending-request)
140.97, [info], nurse, sync, request-sent, (status=waiting)
140.97, [info], nurse, sync, wait-message, (status=message-received)
150.04, [INFO], robot2, {'battery-level': '79.57'}, None, None
150.04, [INFO], robot2, {'y': 20.465, 'x': -37.166, 'yaw': 3.141}, None, None
160.01, [INFO], robot2, {'y': 18.366, 'x': -37.139, 'yaw': 3.141}, None, None
160.01, [INFO], robot2, {'battery-level': '79.31'}, None, None
170.02, [INFO], robot2, {'battery-level': '79.05'}, None, None
170.02, [INFO], robot2, {'y': 16.256, 'x': -36.954, 'yaw': 3.141}, None, None
180.02, [INFO], robot2, {'y': 15.501, 'x': -34.952, 'yaw': -3.142}, None, None
180.02, [INFO], robot2, {'battery-level': '78.79'}, None, None
190.02, [INFO], robot2, {'y': 15.46, 'x': -32.832, 'yaw': 3.142}, None, None
190.02, [INFO], robot2, {'battery-level': '78.53'}, None, None
200.09, [INFO], robot2, {'battery-level': '78.27'}, None, None
200.09, [INFO], robot2, {'y': 15.505, 'x': -30.709, 'yaw': 3.141}, None, None
210.09, [INFO], robot2, {'battery-level': '78.01'}, None, None
210.09, [INFO], robot2, {'y': 15.705, 'x': -28.586, 'yaw': 3.14}, None, None
220.09, [INFO], robot2, {'y': 15.79, 'x': -26.471, 'yaw': 3.139}, None, None
220.09, [INFO], robot2, {'battery-level': '77.75'}, None, None
230.07, [INFO], robot2, {'y': 13.879, 'x': -25.729, 'yaw': 3.142}, None, None
230.07, [INFO], robot2, {'battery-level': '77.49'}, None, None
240.06, [INFO], robot2, {'battery-level': '77.23'}, None, None
240.06, [INFO], robot2, {'y': 12.865, 'x': -25.95, 'yaw': -3.142}, None, None
242.81, [info], lab_arm, sync, wait-message, (status=message-received)
243.79, [WARN], robot2, SUCCESS, None, None
250.07, [INFO], robot2, {'battery-level': '76.97'}, None, None
250.07, [INFO], robot2, {'y': 12.862, 'x': -25.949, 'yaw': -3.142}, None, None
260.05, [INFO], robot2, {'battery-level': '76.71'}, None, None
260.05, [INFO], robot2, {'y': 12.862, 'x': -25.949, 'yaw': -3.142}, None, None
