0.00, [DEBUG], nurse, NURSE_CONFIG={'location': 'IC Room 6', 'position': [-33.9, 18.93, 3.14]}, None, None
0.00, [INFO], robot5, {'battery-level': '28.18'}, None, None
0.00, [DEBUG], logger, ROBOTS_CONFIG={'avg_speed': 0.15, 'battery_charge': 0.2817995261312799, 'battery_discharge_rate': 0.00076, 'id': 5, 'local_plan': [['navigation', ['IC Room 6', [[-13.5, 18.0, -1.57], [-13.5, 16.0], [-37.0, 16.0], [-37.0, 18.93], [-33.9, 18.93, 3.14]]], 'navto_room'], ['approach_person', ['nurse'], 'approach_nurse'], ['authenticate_person', ['nurse'], 'authenticate_nurse'], ['operate_drawer', ['open'], 'open_drawer_for_nurse'], ['send_message', ['nurse'], 'notify_nurse_of_open_drawer_for_nurse_completed'], ['wait_message', ['nurse'], 'wait_nurse_to_complete_deposit'], ['operate_drawer', ['close'], 'close_drawer_nurse'], ['navigation', ['Laboratory', [[-33.9, 18.93, 3.14], [-37.0, 18.93], [-37.0, 16.0], [-26.0, 16.0], [-26.0, 13.0, 1.57]]], 'navto_lab'], ['approach_robot', ['lab_arm'], 'approach_arm'], ['operate_drawer', ['open'], 'open_drawer_lab'], ['send_message', ['lab_arm'], 'notify_lab_arm_of_open_drawer_lab_completed'], ['wait_message', ['lab_arm'], 'wait_lab_arm_to_complete_pick_up_sample'], ['operate_drawer', ['close'], 'close_drawer_lab']], 'location': 'PC Room 7', 'name': 'r5', 'position': [-13.5, 18.0, -1.57], 'skills': ['approach_person', 'approach_robot', 'authenticate_person', 'navigation', 'operate_drawer']}, None, None
0.00, [DEBUG], logger, Simulation open, None, None
10.03, [INFO], robot5, {'y': 18.002, 'x': -13.499, 'yaw': 3.141}, None, None
10.03, [INFO], robot5, {'battery-level': '27.50'}, None, None
20.04, [INFO], robot5, {'battery-level': '26.74'}, None, None
20.04, [INFO], robot5, {'y': 16.335, 'x': -13.706, 'yaw': 3.141}, None, None
30.04, [INFO], robot5, {'battery-level': '25.98'}, None, None
30.04, [INFO], robot5, {'y': 16.122, 'x': -15.715, 'yaw': -3.142}, None, None
40.04, [INFO], robot5, {'y': 16.1, 'x': -17.816, 'yaw': -3.142}, None, None
40.04, [INFO], robot5, {'battery-level': '25.22'}, None, None
50.03, [INFO], robot5, {'y': 16.205, 'x': -19.937, 'yaw': 3.142}, None, None
50.03, [INFO], robot5, {'battery-level': '24.46'}, None, None
60.07, [INFO], robot5, {'battery-level': '23.70'}, None, None
60.07, [INFO], robot5, {'y': 16.263, 'x': -22.052, 'yaw': 3.142}, None, None
70.07, [INFO], robot5, {'battery-level': '22.94'}, None, None
70.07, [INFO], robot5, {'y': 16.153, 'x': -24.164, 'yaw': 3.141}, None, None
80.05, [INFO], robot5, {'y': 16.069, 'x': -26.263, 'yaw': 3.141}, None, None
80.05, [INFO], robot5, {'battery-level': '22.18'}, None, None
90.02, [INFO], robot5, {'y': 16.161, 'x': -28.36, 'yaw': -3.142}, None, None
90.02, [INFO], robot5, {'battery-level': '21.42'}, None, None
100.06, [INFO], robot5, {'y': 16.146, 'x': -30.476, 'yaw': 3.142}, None, None
100.06, [INFO], robot5, {'battery-level': '20.66'}, None, None
110.08, [INFO], robot5, {'battery-level': '19.90'}, None, None
110.08, [INFO], robot5, {'y': 15.899, 'x': -32.586, 'yaw': -3.141}, None, None
120.04, [INFO], robot5, {'battery-level': '19.14'}, None, None
120.04, [INFO], robot5, {'y': 15.408, 'x': -34.657, 'yaw': -3.142}, None, None
130.01, [INFO], robot5, {'battery-level': '18.38'}, None, None
130.01, [INFO], robot5, {'y': 15.857, 'x': -36.723, 'yaw': 3.142}, None, None
140.01, [INFO], robot5, {'battery-level': '17.62'}, None, None
140.01, [INFO], robot5, {'y': 17.604, 'x': -36.845, 'yaw': -3.141}, None, None
150.08, [INFO], robot5, {'battery-level': '16.86'}, None, None
150.08, [INFO], robot5, {'y': 17.701, 'x': -36.79, 'yaw': 3.142}, None, None
160.06, [INFO], robot5, {'battery-level': '16.10'}, None, None
160.06, [INFO], robot5, {'y': 17.7, 'x': -36.792, 'yaw': -3.142}, None, None
170.01, [INFO], robot5, {'battery-level': '15.34'}, None, None
170.01, [INFO], robot5, {'y': 17.7, 'x': -36.79, 'yaw': -3.142}, None, None
180.07, [INFO], robot5, {'battery-level': '14.58'}, None, None
180.07, [INFO], robot5, {'y': 17.7, 'x': -36.791, 'yaw': -3.142}, None, None
190.05, [INFO], robot5, {'y': 17.634, 'x': -37.078, 'yaw': -3.142}, None, None
190.05, [INFO], robot5, {'battery-level': '13.82'}, None, None
200.03, [INFO], robot5, {'y': 17.78, 'x': -37.016, 'yaw': 3.141}, None, None
200.03, [INFO], robot5, {'battery-level': '13.06'}, None, None
210.03, [INFO], robot5, {'battery-level': '12.30'}, None, None
210.03, [INFO], robot5, {'y': 17.779, 'x': -37.01, 'yaw': -3.141}, None, None
220.01, [INFO], robot5, {'battery-level': '11.54'}, None, None
220.01, [INFO], robot5, {'y': 17.8, 'x': -36.927, 'yaw': 3.142}, None, None
230.10, [INFO], robot5, {'battery-level': '10.78'}, None, None
230.10, [INFO], robot5, {'y': 17.8, 'x': -36.926, 'yaw': 3.142}, None, None
240.05, [INFO], robot5, {'battery-level': '10.02'}, None, None
240.05, [INFO], robot5, {'y': 17.798, 'x': -36.856, 'yaw': 3.141}, None, None
250.02, [INFO], robot5, {'battery-level': '9.26'}, None, None
250.02, [INFO], robot5, {'y': 17.793, 'x': -36.85, 'yaw': -3.142}, None, None
254.10, [WARN], robot5, SKILL-FAILURE, navigation, navto_room
260.09, [INFO], robot5, {'y': 17.793, 'x': -36.849, 'yaw': 3.142}, None, None
260.09, [INFO], robot5, {'battery-level': '8.50'}, None, None
