0.00, [DEBUG], nurse, NURSE_CONFIG={'location': 'IC Room 2', 'position': [-38.0, 21.5, 0.0]}, None, None
0.00, [INFO], robot6, {'battery-level': '50.80'}, None, None
0.00, [DEBUG], logger, ROBOTS_CONFIG={'avg_speed': 0.15, 'battery_charge': 0.5080169438370433, 'battery_discharge_rate': 0.00038, 'id': 6, 'local_plan': [['navigation', ['IC Room 2', [[-33.9, 18.93, 3.14], [-37.0, 18.93], [-37.0, 21.5], [-38.0, 21.5, 0.0]]], 'navto_room'], ['approach_person', ['nurse'], 'approach_nurse'], ['authenticate_person', ['nurse'], 'authenticate_nurse'], ['operate_drawer', ['open'], 'open_drawer_for_nurse'], ['send_message', ['nurse'], 'notify_nurse_of_open_drawer_for_nurse_completed'], ['wait_message', ['nurse'], 'wait_nurse_to_complete_deposit'], ['operate_drawer', ['close'], 'close_drawer_nurse'], ['navigation', ['Laboratory', [[-38.0, 21.5, 0.0], [-37.0, 21.5], [-37.0, 16.0], [-26.0, 16.0], [-26.0, 13.0, 1.57]]], 'navto_lab'], ['approach_robot', ['lab_arm'], 'approach_arm'], ['operate_drawer', ['open'], 'open_drawer_lab'], ['send_message', ['lab_arm'], 'notify_lab_arm_of_open_drawer_lab_completed'], ['wait_message', ['lab_arm'], 'wait_lab_arm_to_complete_pick_up_sample'], ['operate_drawer', ['close'], 'close_drawer_lab']], 'location': 'IC Room 6', 'name': 'r6', 'position': [-33.9, 18.93, 3.14], 'skills': ['approach_person', 'approach_robot', 'authenticate_person', 'navigation', 'operate_drawer']}, None, None
0.00, [DEBUG], logger, Simulation open, None, None
10.05, [INFO], robot6, {'battery-level': '50.46'}, None, None
10.05, [INFO], robot6, {'y': 18.787, 'x': -34.185, 'yaw': 3.141}, None, None
20.06, [INFO], robot6, {'battery-level': '50.08'}, None, None
20.06, [INFO], robot6, {'y': 17.812, 'x': -35.823, 'yaw': 3.141}, None, None
30.09, [INFO], robot6, {'y': 19.452, 'x': -36.925, 'yaw': 3.142}, None, None
30.09, [INFO], robot6, {'battery-level': '49.70'}, None, None
40.02, [INFO], robot6, {'y': 21.42, 'x': -37.29, 'yaw': 3.142}, None, None
40.02, [INFO], robot6, {'battery-level': '49.32'}, None, None
50.04, [INFO], robot6, {'battery-level': '48.94'}, None, None
50.04, [INFO], robot6, {'y': 21.471, 'x': -38.104, 'yaw': 3.141}, None, None
55.72, [info], nurse, sync, received-request, (status=sending-request)
55.72, [info], nurse, sync, request-sent, (status=waiting)
55.72, [info], nurse, sync, wait-message, (status=message-received)
60.02, [INFO], robot6, {'y': 21.39, 'x': -37.458, 'yaw': 3.141}, None, None
60.02, [INFO], robot6, {'battery-level': '48.56'}, None, None
70.09, [INFO], robot6, {'y': 19.339, 'x': -37.185, 'yaw': 3.141}, None, None
70.09, [INFO], robot6, {'battery-level': '48.18'}, None, None
80.07, [INFO], robot6, {'y': 17.239, 'x': -37.094, 'yaw': 3.141}, None, None
80.07, [INFO], robot6, {'battery-level': '47.80'}, None, None
90.01, [INFO], robot6, {'battery-level': '47.42'}, None, None
90.01, [INFO], robot6, {'y': 15.732, 'x': -36.134, 'yaw': 3.14}, None, None
100.05, [INFO], robot6, {'y': 15.388, 'x': -34.029, 'yaw': -3.141}, None, None
100.05, [INFO], robot6, {'battery-level': '47.04'}, None, None
110.03, [INFO], robot6, {'y': 15.517, 'x': -31.928, 'yaw': 3.142}, None, None
110.03, [INFO], robot6, {'battery-level': '46.66'}, None, None
120.06, [INFO], robot6, {'y': 15.614, 'x': -29.815, 'yaw': 3.142}, None, None
120.06, [INFO], robot6, {'battery-level': '46.28'}, None, None
130.09, [INFO], robot6, {'y': 15.79, 'x': -27.709, 'yaw': 3.141}, None, None
130.09, [INFO], robot6, {'battery-level': '45.90'}, None, None
140.07, [INFO], robot6, {'battery-level': '45.52'}, None, None
140.07, [INFO], robot6, {'y': 15.117, 'x': -25.979, 'yaw': 3.142}, None, None
150.05, [INFO], robot6, {'y': 13.091, 'x': -25.766, 'yaw': 3.141}, None, None
150.05, [INFO], robot6, {'battery-level': '45.14'}, None, None
159.28, [info], lab_arm, sync, wait-message, (status=message-received)
160.05, [INFO], robot6, {'battery-level': '44.76'}, None, None
160.05, [INFO], robot6, {'y': 12.87, 'x': -25.956, 'yaw': 3.141}, None, None
160.14, [WARN], robot6, SUCCESS, None, None
170.03, [INFO], robot6, {'battery-level': '44.38'}, None, None
170.03, [INFO], robot6, {'y': 12.87, 'x': -25.956, 'yaw': -3.142}, None, None
