0.00, [INFO], robot5, {'battery-level': '28.18'}, None, None
0.00, [DEBUG], logger, ROBOTS_CONFIG={'avg_speed': 0.15, 'battery_charge': 0.2817995261312799, 'battery_discharge_rate': 0.00076, 'id': 5, 'local_plan': [['navigation', ['PC Room 3', [[-33.9, 18.93, 3.14], [-37.0, 18.93], [-37.0, 16.0], [-28.5, 16.0], [-28.5, 18.0, -1.57]]], 'navto_room'], ['approach_person', ['nurse'], 'approach_nurse'], ['authenticate_person', ['nurse'], 'authenticate_nurse'], ['operate_drawer', ['open'], 'open_drawer_for_nurse'], ['send_message', ['nurse'], 'notify_nurse_of_open_drawer_for_nurse_completed'], ['wait_message', ['nurse'], 'wait_nurse_to_complete_deposit'], ['operate_drawer', ['close'], 'close_drawer_nurse'], ['navigation', ['Laboratory', [[-28.5, 18.0, -1.57], [-28.5, 16.0], [-26.0, 16.0], [-26.0, 13.0, 1.57]]], 'navto_lab'], ['approach_robot', ['lab_arm'], 'approach_arm'], ['operate_drawer', ['open'], 'open_drawer_lab'], ['send_message', ['lab_arm'], 'notify_lab_arm_of_open_drawer_lab_completed'], ['wait_message', ['lab_arm'], 'wait_lab_arm_to_complete_pick_up_sample'], ['operate_drawer', ['close'], 'close_drawer_lab']], 'location': 'IC Room 6', 'name': 'r5', 'position': [-33.9, 18.93, 3.14], 'skills': ['approach_person', 'approach_robot', 'authenticate_person', 'navigation', 'operate_drawer']}, None, None
0.00, [DEBUG], logger, Simulation open, None, None
10.00, [INFO], robot5, {'battery-level': '27.50'}, None, None
10.00, [INFO], robot5, {'y': 18.798, 'x': -34.176, 'yaw': 3.141}, None, None
20.08, [INFO], robot5, {'battery-level': '26.74'}, None, None
20.08, [INFO], robot5, {'y': 17.874, 'x': -35.853, 'yaw': 3.141}, None, None
30.02, [INFO], robot5, {'y': 18.081, 'x': -36.202, 'yaw': -3.142}, None, None
30.02, [INFO], robot5, {'battery-level': '25.98'}, None, None
40.08, [INFO], robot5, {'y': 18.081, 'x': -36.202, 'yaw': 3.142}, None, None
40.08, [INFO], robot5, {'battery-level': '25.22'}, None, None
50.04, [INFO], robot5, {'y': 17.367, 'x': -36.933, 'yaw': 3.142}, None, None
50.04, [INFO], robot5, {'battery-level': '24.46'}, None, None
60.07, [INFO], robot5, {'battery-level': '23.70'}, None, None
60.07, [INFO], robot5, {'y': 17.497, 'x': -36.803, 'yaw': 3.142}, None, None
70.05, [INFO], robot5, {'battery-level': '22.94'}, None, None
70.05, [INFO], robot5, {'y': 17.38, 'x': -36.713, 'yaw': 3.142}, None, None
80.04, [INFO], robot5, {'y': 17.35, 'x': -37.079, 'yaw': -3.142}, None, None
80.04, [INFO], robot5, {'battery-level': '22.18'}, None, None
90.06, [INFO], robot5, {'y': 17.42, 'x': -36.906, 'yaw': 3.14}, None, None
90.06, [INFO], robot5, {'battery-level': '21.42'}, None, None
100.04, [INFO], robot5, {'y': 17.67, 'x': -36.945, 'yaw': -3.142}, None, None
100.04, [INFO], robot5, {'battery-level': '20.66'}, None, None
110.03, [INFO], robot5, {'y': 17.306, 'x': -37.105, 'yaw': 3.141}, None, None
110.03, [INFO], robot5, {'battery-level': '19.90'}, None, None
119.95, [INFO], robot5, {'y': 17.244, 'x': -36.975, 'yaw': 3.141}, None, None
120.05, [INFO], robot5, {'battery-level': '19.14'}, None, None
130.01, [INFO], robot5, {'y': 17.487, 'x': -36.892, 'yaw': 3.142}, None, None
130.01, [INFO], robot5, {'battery-level': '18.38'}, None, None
140.08, [INFO], robot5, {'y': 17.361, 'x': -36.87, 'yaw': -3.142}, None, None
140.08, [INFO], robot5, {'battery-level': '17.62'}, None, None
150.08, [INFO], robot5, {'battery-level': '16.86'}, None, None
150.08, [INFO], robot5, {'y': 17.495, 'x': -36.994, 'yaw': 3.142}, None, None
160.07, [INFO], robot5, {'battery-level': '16.10'}, None, None
160.07, [INFO], robot5, {'y': 17.434, 'x': -36.854, 'yaw': -3.141}, None, None
170.08, [INFO], robot5, {'y': 17.352, 'x': -36.764, 'yaw': 3.142}, None, None
170.08, [INFO], robot5, {'battery-level': '15.34'}, None, None
173.91, [WARN], robot5, SKILL-FAILURE, navigation, navto_room
