0.00, [INFO], robot1, {'battery-level': '59.15'}, None, None
0.13, [DEBUG], logger, ROBOTS_CONFIG={'avg_speed': 0.15, 'battery_charge': 0.5914703710515797, 'battery_discharge_rate': 0.0006600000000000001, 'id': 1, 'local_plan': [['navigation', ['IC Room 6', [[-11.5, 18.0, -1.57], [-11.5, 16.0], [-37.0, 16.0], [-37.0, 18.93], [-33.9, 18.93, 3.14]]], 'navto_room'], ['approach_person', ['nurse'], 'approach_nurse'], ['authenticate_person', ['nurse'], 'authenticate_nurse'], ['operate_drawer', ['open'], 'open_drawer_for_nurse'], ['send_message', ['nurse'], 'notify_nurse_of_open_drawer_for_nurse_completed'], ['wait_message', ['nurse'], 'wait_nurse_to_complete_deposit'], ['operate_drawer', ['close'], 'close_drawer_nurse'], ['navigation', ['Laboratory', [[-33.9, 18.93, 3.14], [-37.0, 18.93], [-37.0, 16.0], [-26.0, 16.0], [-26.0, 13.0, 1.57]]], 'navto_lab'], ['approach_robot', ['lab_arm'], 'approach_arm'], ['operate_drawer', ['open'], 'open_drawer_lab'], ['send_message', ['lab_arm'], 'notify_lab_arm_of_open_drawer_lab_completed'], ['wait_message', ['lab_arm'], 'wait_lab_arm_to_complete_pick_up_sample'], ['operate_drawer', ['close'], 'close_drawer_lab']], 'location': 'PC Room 8', 'name': 'r1', 'position': [-11.5, 18.0, -1.57], 'skills': ['approach_person', 'approach_robot', 'authenticate_person', 'navigation', 'operate_drawer']}, None, None
0.13, [DEBUG], logger, Simulation open, None, None
10.00, [INFO], robot1, {'y': 18.0, 'x': -11.5, 'yaw': 3.142}, None, None
10.00, [INFO], robot1, {'battery-level': '58.55'}, None, None
20.09, [INFO], robot1, {'y': 17.148, 'x': -11.717, 'yaw': 3.138}, None, None
20.09, [INFO], robot1, {'battery-level': '57.89'}, None, None
30.08, [INFO], robot1, {'y': 16.286, 'x': -13.027, 'yaw': 3.141}, None, None
30.08, [INFO], robot1, {'battery-level': '57.23'}, None, None
40.03, [INFO], robot1, {'battery-level': '56.57'}, None, None
40.03, [INFO], robot1, {'y': 16.051, 'x': -12.827, 'yaw': 3.141}, None, None
50.10, [INFO], robot1, {'battery-level': '55.91'}, None, None
50.10, [INFO], robot1, {'y': 16.23, 'x': -12.801, 'yaw': 3.141}, None, None
60.05, [INFO], robot1, {'battery-level': '55.25'}, None, None
60.05, [INFO], robot1, {'y': 16.387, 'x': -13.016, 'yaw': 3.14}, None, None
70.04, [INFO], robot1, {'y': 16.062, 'x': -13.011, 'yaw': 3.142}, None, None
70.04, [INFO], robot1, {'battery-level': '54.59'}, None, None
80.07, [INFO], robot1, {'y': 16.202, 'x': -13.164, 'yaw': 3.141}, None, None
80.07, [INFO], robot1, {'battery-level': '53.93'}, None, None
90.03, [INFO], robot1, {'battery-level': '53.27'}, None, None
90.03, [INFO], robot1, {'y': 16.118, 'x': -12.848, 'yaw': 3.141}, None, None
100.07, [INFO], robot1, {'y': 15.969, 'x': -12.955, 'yaw': -3.142}, None, None
100.07, [INFO], robot1, {'battery-level': '52.61'}, None, None
110.08, [INFO], robot1, {'battery-level': '51.95'}, None, None
110.08, [INFO], robot1, {'y': 16.005, 'x': -12.86, 'yaw': 3.141}, None, None
120.03, [INFO], robot1, {'battery-level': '51.29'}, None, None
120.03, [INFO], robot1, {'y': 16.361, 'x': -12.969, 'yaw': 3.142}, None, None
130.10, [INFO], robot1, {'y': 16.073, 'x': -12.967, 'yaw': 3.141}, None, None
130.10, [INFO], robot1, {'battery-level': '50.63'}, None, None
140.07, [INFO], robot1, {'battery-level': '49.97'}, None, None
140.07, [INFO], robot1, {'y': 16.116, 'x': -12.742, 'yaw': 3.141}, None, None
150.02, [INFO], robot1, {'y': 16.367, 'x': -13.018, 'yaw': 3.141}, None, None
150.02, [INFO], robot1, {'battery-level': '49.31'}, None, None
160.07, [INFO], robot1, {'y': 16.011, 'x': -12.981, 'yaw': 3.14}, None, None
160.07, [INFO], robot1, {'battery-level': '48.65'}, None, None
170.04, [INFO], robot1, {'battery-level': '47.99'}, None, None
170.04, [INFO], robot1, {'y': 16.216, 'x': -12.854, 'yaw': 3.14}, None, None
176.29, [WARN], robot1, SKILL-FAILURE, navigation, navto_room
