0.00, [DEBUG], logger, ROBOTS_CONFIG={'avg_speed': 0.15, 'battery_charge': 0.6520875066754872, 'battery_discharge_rate': 0.0005600000000000001, 'id': 4, 'local_plan': [['navigation', ['IC Room 2', [[-32.88, 33.98, 3.14], [-37.0, 33.98], [-37.0, 21.5], [-38.0, 21.5, 0.0]]], 'navto_room'], ['approach_person', ['nurse'], 'approach_nurse'], ['authenticate_person', ['nurse'], 'authenticate_nurse'], ['operate_drawer', ['open'], 'open_drawer_for_nurse'], ['send_message', ['nurse'], 'notify_nurse_of_open_drawer_for_nurse_completed'], ['wait_message', ['nurse'], 'wait_nurse_to_complete_deposit'], ['operate_drawer', ['close'], 'close_drawer_nurse'], ['navigation', ['Laboratory', [[-38.0, 21.5, 0.0], [-37.0, 21.5], [-37.0, 16.0], [-26.0, 16.0], [-26.0, 13.0, 1.57]]], 'navto_lab'], ['approach_robot', ['lab_arm'], 'approach_arm'], ['operate_drawer', ['open'], 'open_drawer_lab'], ['send_message', ['lab_arm'], 'notify_lab_arm_of_open_drawer_lab_completed'], ['wait_message', ['lab_arm'], 'wait_lab_arm_to_complete_pick_up_sample'], ['operate_drawer', ['close'], 'close_drawer_lab']], 'location': 'IC Room 5', 'name': 'r4', 'position': [-32.88, 33.98, 3.14], 'skills': ['approach_person', 'approach_robot', 'authenticate_person', 'navigation', 'operate_drawer']}, None, None
0.00, [DEBUG], logger, Simulation open, None, None
10.03, [INFO], robot4, {'battery-level': '64.70'}, None, None
10.03, [INFO], robot4, {'y': 34.087, 'x': -33.258, 'yaw': 3.141}, None, None
20.08, [INFO], robot4, {'battery-level': '64.14'}, None, None
20.08, [INFO], robot4, {'y': 34.72, 'x': -35.278, 'yaw': 3.14}, None, None
30.06, [INFO], robot4, {'battery-level': '63.58'}, None, None
30.06, [INFO], robot4, {'y': 33.69, 'x': -36.978, 'yaw': 3.142}, None, None
40.03, [INFO], robot4, {'battery-level': '63.02'}, None, None
40.03, [INFO], robot4, {'y': 31.58, 'x': -36.94, 'yaw': 3.141}, None, None
50.09, [INFO], robot4, {'battery-level': '62.46'}, None, None
50.09, [INFO], robot4, {'y': 29.467, 'x': -36.957, 'yaw': 3.141}, None, None
60.06, [INFO], robot4, {'battery-level': '61.90'}, None, None
60.06, [INFO], robot4, {'y': 27.356, 'x': -36.981, 'yaw': 3.142}, None, None
70.02, [INFO], robot4, {'y': 25.248, 'x': -37.036, 'yaw': 3.142}, None, None
70.02, [INFO], robot4, {'battery-level': '61.34'}, None, None
80.06, [INFO], robot4, {'y': 23.129, 'x': -37.033, 'yaw': 3.14}, None, None
80.06, [INFO], robot4, {'battery-level': '60.78'}, None, None
90.02, [INFO], robot4, {'y': 21.172, 'x': -37.486, 'yaw': 3.141}, None, None
90.02, [INFO], robot4, {'battery-level': '60.22'}, None, None
100.07, [INFO], robot4, {'battery-level': '59.66'}, None, None
100.07, [INFO], robot4, {'y': 21.354, 'x': -38.075, 'yaw': -3.142}, None, None
108.04, [info], nurse, sync, received-request, (status=sending-request)
108.04, [info], nurse, sync, request-sent, (status=waiting)
108.04, [info], nurse, sync, wait-message, (status=message-received)
110.03, [INFO], robot4, {'y': 21.468, 'x': -37.922, 'yaw': -3.139}, None, None
110.03, [INFO], robot4, {'battery-level': '59.10'}, None, None
120.07, [INFO], robot4, {'battery-level': '58.54'}, None, None
120.07, [INFO], robot4, {'y': 19.958, 'x': -37.162, 'yaw': -3.14}, None, None
130.02, [INFO], robot4, {'y': 17.866, 'x': -37.12, 'yaw': 3.141}, None, None
130.02, [INFO], robot4, {'battery-level': '57.98'}, None, None
140.08, [INFO], robot4, {'battery-level': '57.42'}, None, None
140.08, [INFO], robot4, {'y': 15.932, 'x': -36.659, 'yaw': 3.141}, None, None
150.04, [INFO], robot4, {'battery-level': '56.86'}, None, None
150.04, [INFO], robot4, {'y': 15.425, 'x': -34.592, 'yaw': -3.141}, None, None
160.07, [INFO], robot4, {'y': 15.511, 'x': -32.462, 'yaw': -3.142}, None, None
160.07, [INFO], robot4, {'battery-level': '56.30'}, None, None
170.04, [INFO], robot4, {'y': 15.562, 'x': -30.354, 'yaw': 3.141}, None, None
170.04, [INFO], robot4, {'battery-level': '55.74'}, None, None
180.09, [INFO], robot4, {'battery-level': '55.18'}, None, None
180.09, [INFO], robot4, {'y': 15.769, 'x': -28.229, 'yaw': 3.142}, None, None
190.04, [INFO], robot4, {'battery-level': '54.62'}, None, None
190.04, [INFO], robot4, {'y': 15.676, 'x': -26.139, 'yaw': 3.141}, None, None
200.00, [INFO], robot4, {'y': 13.643, 'x': -25.725, 'yaw': -3.142}, None, None
200.00, [INFO], robot4, {'battery-level': '54.06'}, None, None
210.04, [INFO], robot4, {'y': 12.922, 'x': -25.946, 'yaw': 3.142}, None, None
210.04, [INFO], robot4, {'battery-level': '53.50'}, None, None
212.98, [info], lab_arm, sync, wait-message, (status=message-received)
213.93, [WARN], robot4, SUCCESS, None, None
220.05, [INFO], robot4, {'battery-level': '52.94'}, None, None
220.05, [INFO], robot4, {'y': 12.922, 'x': -25.949, 'yaw': -3.142}, None, None
