0.00, [DEBUG], nurse, NURSE_CONFIG={'location': 'PC Room 3', 'position': [-28.5, 18.0, -1.57]}, None, None
0.00, [INFO], robot6, {'battery-level': '50.80'}, None, None
0.00, [DEBUG], logger, ROBOTS_CONFIG={'avg_speed': 0.15, 'battery_charge': 0.5080169438370433, 'battery_discharge_rate': 0.00038, 'id': 6, 'local_plan': [['navigation', ['PC Room 3', [[-27.23, 18.0, -1.57], [-27.23, 16.0], [-28.5, 16.0], [-28.5, 18.0, -1.57]]], 'navto_room'], ['approach_person', ['nurse'], 'approach_nurse'], ['authenticate_person', ['nurse'], 'authenticate_nurse'], ['operate_drawer', ['open'], 'open_drawer_for_nurse'], ['send_message', ['nurse'], 'notify_nurse_of_open_drawer_for_nurse_completed'], ['wait_message', ['nurse'], 'wait_nurse_to_complete_deposit'], ['operate_drawer', ['close'], 'close_drawer_nurse'], ['navigation', ['Laboratory', [[-28.5, 18.0, -1.57], [-28.5, 16.0], [-26.0, 16.0], [-26.0, 13.0, 1.57]]], 'navto_lab'], ['approach_robot', ['lab_arm'], 'approach_arm'], ['operate_drawer', ['open'], 'open_drawer_lab'], ['send_message', ['lab_arm'], 'notify_lab_arm_of_open_drawer_lab_completed'], ['wait_message', ['lab_arm'], 'wait_lab_arm_to_complete_pick_up_sample'], ['operate_drawer', ['close'], 'close_drawer_lab']], 'location': 'PC Room 4', 'name': 'r6', 'position': [-27.23, 18.0, -1.57], 'skills': ['approach_person', 'approach_robot', 'authenticate_person', 'navigation', 'operate_drawer']}, None, None
0.00, [DEBUG], logger, Simulation open, None, None
10.04, [INFO], robot6, {'y': 17.705, 'x': -27.188, 'yaw': -3.142}, None, None
10.04, [INFO], robot6, {'battery-level': '50.46'}, None, None
20.03, [INFO], robot6, {'battery-level': '50.08'}, None, None
20.03, [INFO], robot6, {'y': 16.478, 'x': -27.763, 'yaw': -3.141}, None, None
30.08, [INFO], robot6, {'y': 17.537, 'x': -28.517, 'yaw': -3.141}, None, None
30.08, [INFO], robot6, {'battery-level': '49.70'}, None, None
40.00, [INFO], robot6, {'battery-level': '49.32'}, None, None
40.00, [INFO], robot6, {'y': 17.351, 'x': -28.582, 'yaw': -3.141}, None, None
50.05, [INFO], robot6, {'y': 17.356, 'x': -28.692, 'yaw': 3.141}, None, None
50.05, [INFO], robot6, {'battery-level': '48.94'}, None, None
60.08, [INFO], robot6, {'battery-level': '48.56'}, None, None
60.08, [INFO], robot6, {'y': 17.378, 'x': -28.558, 'yaw': 3.14}, None, None
70.02, [INFO], robot6, {'battery-level': '48.18'}, None, None
70.02, [INFO], robot6, {'y': 17.588, 'x': -28.623, 'yaw': 3.141}, None, None
80.07, [INFO], robot6, {'y': 17.552, 'x': -28.473, 'yaw': -3.141}, None, None
80.07, [INFO], robot6, {'battery-level': '47.80'}, None, None
90.04, [INFO], robot6, {'battery-level': '47.42'}, None, None
90.04, [INFO], robot6, {'y': 17.511, 'x': -28.787, 'yaw': 3.141}, None, None
100.09, [INFO], robot6, {'battery-level': '47.04'}, None, None
100.09, [INFO], robot6, {'y': 17.535, 'x': -28.404, 'yaw': -3.142}, None, None
108.40, [WARN], robot6, SKILL-FAILURE, navigation, navto_room
110.09, [INFO], robot6, {'y': 17.513, 'x': -28.266, 'yaw': 3.141}, None, None
110.09, [INFO], robot6, {'battery-level': '46.66'}, None, None
