0.00, [DEBUG], logger, ROBOTS_CONFIG={'avg_speed': 0.15, 'battery_charge': 0.2817995261312799, 'battery_discharge_rate': 0.00042, 'id': 5, 'local_plan': [['navigation', ['IC Room 6', [[-13.5, 18.0, -1.57], [-13.5, 16.0], [-37.0, 16.0], [-37.0, 18.93], [-33.9, 18.93, 3.14]]], 'navto_room'], ['approach_person', ['nurse'], 'approach_nurse'], ['authenticate_person', ['nurse'], 'authenticate_nurse'], ['operate_drawer', ['open'], 'open_drawer_for_nurse'], ['send_message', ['nurse'], 'notify_nurse_of_open_drawer_for_nurse_completed'], ['wait_message', ['nurse'], 'wait_nurse_to_complete_deposit'], ['operate_drawer', ['close'], 'close_drawer_nurse'], ['navigation', ['Laboratory', [[-33.9, 18.93, 3.14], [-37.0, 18.93], [-37.0, 16.0], [-26.0, 16.0], [-26.0, 13.0, 1.57]]], 'navto_lab'], ['approach_robot', ['lab_arm'], 'approach_arm'], ['operate_drawer', ['open'], 'open_drawer_lab'], ['send_message', ['lab_arm'], 'notify_lab_arm_of_open_drawer_lab_completed'], ['wait_message', ['lab_arm'], 'wait_lab_arm_to_complete_pick_up_sample'], ['operate_drawer', ['close'], 'close_drawer_lab']], 'location': 'PC Room 7', 'name': 'r5', 'position': [-13.5, 18.0, -1.57], 'skills': ['approach_person', 'authenticate_person', 'navigation', 'operate_drawer']}, None, None
0.00, [DEBUG], logger, Simulation open, None, None
10.09, [INFO], robot5, {'battery-level': '27.80'}, None, None
10.09, [INFO], robot5, {'y': 17.386, 'x': -13.499, 'yaw': -3.142}, None, None
20.04, [INFO], robot5, {'battery-level': '27.38'}, None, None
20.04, [INFO], robot5, {'y': 15.961, 'x': -14.403, 'yaw': 3.141}, None, None
30.00, [INFO], robot5, {'y': 15.862, 'x': -16.523, 'yaw': 3.142}, None, None
30.00, [INFO], robot5, {'battery-level': '26.96'}, None, None
40.07, [INFO], robot5, {'battery-level': '26.54'}, None, None
40.07, [INFO], robot5, {'y': 15.903, 'x': -18.649, 'yaw': -3.142}, None, None
50.06, [INFO], robot5, {'battery-level': '26.12'}, None, None
50.06, [INFO], robot5, {'y': 16.131, 'x': -20.772, 'yaw': 3.142}, None, None
60.04, [INFO], robot5, {'battery-level': '25.70'}, None, None
60.04, [INFO], robot5, {'y': 16.04, 'x': -22.898, 'yaw': -3.142}, None, None
70.09, [INFO], robot5, {'battery-level': '25.28'}, None, None
70.09, [INFO], robot5, {'y': 15.959, 'x': -25.037, 'yaw': 3.141}, None, None
80.07, [INFO], robot5, {'y': 15.969, 'x': -27.163, 'yaw': 3.139}, None, None
80.07, [INFO], robot5, {'battery-level': '24.86'}, None, None
90.01, [INFO], robot5, {'y': 16.064, 'x': -29.265, 'yaw': -3.142}, None, None
90.01, [INFO], robot5, {'battery-level': '24.44'}, None, None
100.01, [INFO], robot5, {'battery-level': '24.02'}, None, None
100.01, [INFO], robot5, {'y': 15.952, 'x': -31.388, 'yaw': 3.142}, None, None
110.00, [INFO], robot5, {'battery-level': '23.60'}, None, None
110.00, [INFO], robot5, {'y': 15.681, 'x': -33.514, 'yaw': 3.142}, None, None
120.10, [INFO], robot5, {'y': 15.499, 'x': -35.637, 'yaw': -3.141}, None, None
120.10, [INFO], robot5, {'battery-level': '23.18'}, None, None
130.08, [INFO], robot5, {'y': 16.881, 'x': -36.651, 'yaw': -3.142}, None, None
130.08, [INFO], robot5, {'battery-level': '22.76'}, None, None
140.08, [INFO], robot5, {'battery-level': '22.34'}, None, None
140.08, [INFO], robot5, {'y': 17.6, 'x': -36.709, 'yaw': -3.142}, None, None
150.06, [INFO], robot5, {'y': 17.601, 'x': -36.709, 'yaw': 3.142}, None, None
150.06, [INFO], robot5, {'battery-level': '21.92'}, None, None
160.02, [INFO], robot5, {'y': 17.648, 'x': -36.713, 'yaw': -3.141}, None, None
160.02, [INFO], robot5, {'battery-level': '21.50'}, None, None
170.00, [INFO], robot5, {'battery-level': '21.08'}, None, None
170.00, [INFO], robot5, {'y': 17.656, 'x': -36.699, 'yaw': -3.142}, None, None
180.01, [INFO], robot5, {'battery-level': '20.66'}, None, None
180.01, [INFO], robot5, {'y': 17.655, 'x': -36.699, 'yaw': -3.142}, None, None
190.02, [INFO], robot5, {'battery-level': '20.24'}, None, None
190.02, [INFO], robot5, {'y': 17.655, 'x': -36.699, 'yaw': -3.142}, None, None
200.02, [INFO], robot5, {'y': 17.655, 'x': -36.7, 'yaw': 3.142}, None, None
200.02, [INFO], robot5, {'battery-level': '19.82'}, None, None
210.01, [INFO], robot5, {'battery-level': '19.40'}, None, None
210.01, [INFO], robot5, {'y': 17.626, 'x': -36.986, 'yaw': 3.141}, None, None
220.09, [INFO], robot5, {'y': 17.701, 'x': -36.957, 'yaw': 3.142}, None, None
220.09, [INFO], robot5, {'battery-level': '18.98'}, None, None
230.09, [INFO], robot5, {'battery-level': '18.56'}, None, None
230.09, [INFO], robot5, {'y': 17.7, 'x': -36.957, 'yaw': -3.142}, None, None
240.08, [INFO], robot5, {'battery-level': '18.14'}, None, None
240.08, [INFO], robot5, {'y': 17.7, 'x': -36.957, 'yaw': 3.142}, None, None
250.07, [INFO], robot5, {'y': 17.701, 'x': -36.957, 'yaw': 3.141}, None, None
250.07, [INFO], robot5, {'battery-level': '17.72'}, None, None
260.09, [INFO], robot5, {'battery-level': '17.30'}, None, None
260.09, [INFO], robot5, {'y': 17.701, 'x': -36.938, 'yaw': -3.141}, None, None
270.07, [INFO], robot5, {'battery-level': '16.88'}, None, None
270.07, [INFO], robot5, {'y': 17.703, 'x': -36.852, 'yaw': -3.141}, None, None
272.23, [WARN], robot5, SKILL-FAILURE, navigation, navto_room
280.03, [INFO], robot5, {'battery-level': '16.46'}, None, None
280.03, [INFO], robot5, {'y': 17.703, 'x': -36.847, 'yaw': -3.142}, None, None
290.01, [INFO], robot5, {'battery-level': '16.04'}, None, None
290.01, [INFO], robot5, {'y': 17.703, 'x': -36.847, 'yaw': -3.142}, None, None
