0.00, [DEBUG], logger, ROBOTS_CONFIG={'avg_speed': 0.15, 'battery_charge': 0.6520875066754872, 'battery_discharge_rate': 0.00026000000000000003, 'id': 4, 'local_plan': [['navigation', ['IC Room 6', [[-39.44, 33.95, 0.0], [-37.0, 33.95], [-37.0, 18.93], [-33.9, 18.93, 3.14]]], 'navto_room'], ['approach_person', ['nurse'], 'approach_nurse'], ['authenticate_person', ['nurse'], 'authenticate_nurse'], ['operate_drawer', ['open'], 'open_drawer_for_nurse'], ['send_message', ['nurse'], 'notify_nurse_of_open_drawer_for_nurse_completed'], ['wait_message', ['nurse'], 'wait_nurse_to_complete_deposit'], ['operate_drawer', ['close'], 'close_drawer_nurse'], ['navigation', ['Laboratory', [[-33.9, 18.93, 3.14], [-37.0, 18.93], [-37.0, 16.0], [-26.0, 16.0], [-26.0, 13.0, 1.57]]], 'navto_lab'], ['approach_robot', ['lab_arm'], 'approach_arm'], ['operate_drawer', ['open'], 'open_drawer_lab'], ['send_message', ['lab_arm'], 'notify_lab_arm_of_open_drawer_lab_completed'], ['wait_message', ['lab_arm'], 'wait_lab_arm_to_complete_pick_up_sample'], ['operate_drawer', ['close'], 'close_drawer_lab']], 'location': 'IC Room 4', 'name': 'r4', 'position': [-39.44, 33.95, 0.0], 'skills': ['approach_person', 'approach_robot', 'authenticate_person', 'navigation', 'operate_drawer']}, None, None
0.00, [DEBUG], logger, Simulation open, None, None
10.04, [INFO], robot4, {'y': 34.067, 'x': -39.024, 'yaw': 3.141}, None, None
10.04, [INFO], robot4, {'battery-level': '64.97'}, None, None
20.02, [INFO], robot4, {'y': 34.181, 'x': -37.159, 'yaw': -3.142}, None, None
20.02, [INFO], robot4, {'battery-level': '64.71'}, None, None
30.04, [INFO], robot4, {'battery-level': '64.45'}, None, None
30.04, [INFO], robot4, {'y': 32.061, 'x': -37.026, 'yaw': 3.14}, None, None
40.07, [INFO], robot4, {'battery-level': '64.19'}, None, None
40.07, [INFO], robot4, {'y': 29.952, 'x': -36.987, 'yaw': 3.141}, None, None
50.04, [INFO], robot4, {'battery-level': '63.93'}, None, None
50.04, [INFO], robot4, {'y': 27.845, 'x': -36.994, 'yaw': 3.141}, None, None
60.09, [INFO], robot4, {'battery-level': '63.67'}, None, None
60.09, [INFO], robot4, {'y': 25.722, 'x': -37.045, 'yaw': -3.142}, None, None
70.01, [INFO], robot4, {'battery-level': '63.41'}, None, None
70.01, [INFO], robot4, {'y': 23.601, 'x': -37.049, 'yaw': 3.141}, None, None
80.02, [INFO], robot4, {'y': 21.486, 'x': -37.16, 'yaw': 3.142}, None, None
80.02, [INFO], robot4, {'battery-level': '63.15'}, None, None
90.09, [INFO], robot4, {'battery-level': '62.89'}, None, None
90.09, [INFO], robot4, {'y': 19.352, 'x': -37.091, 'yaw': 3.136}, None, None
100.07, [INFO], robot4, {'battery-level': '62.63'}, None, None
100.07, [INFO], robot4, {'y': 17.807, 'x': -35.631, 'yaw': 3.141}, None, None
110.07, [INFO], robot4, {'battery-level': '62.37'}, None, None
110.07, [INFO], robot4, {'y': 18.777, 'x': -34.051, 'yaw': -3.142}, None, None
120.10, [INFO], robot4, {'battery-level': '62.11'}, None, None
120.10, [INFO], robot4, {'y': 18.958, 'x': -33.943, 'yaw': 3.141}, None, None
122.30, [info], nurse, sync, received-request, (status=sending-request)
122.30, [info], nurse, sync, request-sent, (status=waiting)
122.40, [info], nurse, sync, wait-message, (status=message-received)
130.00, [INFO], robot4, {'battery-level': '61.85'}, None, None
130.00, [INFO], robot4, {'y': 17.958, 'x': -34.732, 'yaw': 3.141}, None, None
140.00, [INFO], robot4, {'battery-level': '61.59'}, None, None
140.00, [INFO], robot4, {'y': 17.88, 'x': -36.007, 'yaw': -3.142}, None, None
150.02, [INFO], robot4, {'y': 18.16, 'x': -36.606, 'yaw': -3.141}, None, None
150.02, [INFO], robot4, {'battery-level': '61.33'}, None, None
160.02, [INFO], robot4, {'y': 17.379, 'x': -36.732, 'yaw': 3.142}, None, None
160.02, [INFO], robot4, {'battery-level': '61.07'}, None, None
170.08, [INFO], robot4, {'battery-level': '60.81'}, None, None
170.08, [INFO], robot4, {'y': 17.437, 'x': -36.846, 'yaw': -3.141}, None, None
180.02, [INFO], robot4, {'battery-level': '60.55'}, None, None
180.02, [INFO], robot4, {'y': 17.442, 'x': -36.957, 'yaw': 3.141}, None, None
190.04, [INFO], robot4, {'battery-level': '60.29'}, None, None
190.04, [INFO], robot4, {'y': 17.513, 'x': -37.067, 'yaw': -3.142}, None, None
200.05, [INFO], robot4, {'y': 17.55, 'x': -36.882, 'yaw': 3.141}, None, None
200.05, [INFO], robot4, {'battery-level': '60.03'}, None, None
210.08, [INFO], robot4, {'battery-level': '59.77'}, None, None
210.08, [INFO], robot4, {'y': 17.252, 'x': -36.819, 'yaw': 3.142}, None, None
220.01, [INFO], robot4, {'y': 17.241, 'x': -36.94, 'yaw': 3.142}, None, None
220.01, [INFO], robot4, {'battery-level': '59.51'}, None, None
230.05, [INFO], robot4, {'y': 17.246, 'x': -36.744, 'yaw': -3.141}, None, None
230.05, [INFO], robot4, {'battery-level': '59.25'}, None, None
240.00, [INFO], robot4, {'battery-level': '58.99'}, None, None
240.00, [INFO], robot4, {'y': 17.422, 'x': -36.911, 'yaw': 3.141}, None, None
250.02, [INFO], robot4, {'battery-level': '58.73'}, None, None
250.02, [INFO], robot4, {'y': 17.306, 'x': -37.08, 'yaw': 3.14}, None, None
260.07, [INFO], robot4, {'battery-level': '58.47'}, None, None
260.07, [INFO], robot4, {'y': 17.305, 'x': -36.991, 'yaw': 3.141}, None, None
270.09, [INFO], robot4, {'battery-level': '58.21'}, None, None
270.09, [INFO], robot4, {'y': 17.294, 'x': -36.953, 'yaw': 3.142}, None, None
280.02, [INFO], robot4, {'battery-level': '57.95'}, None, None
280.02, [INFO], robot4, {'y': 17.414, 'x': -36.803, 'yaw': 3.141}, None, None
290.05, [INFO], robot4, {'battery-level': '57.69'}, None, None
290.05, [INFO], robot4, {'y': 17.404, 'x': -36.907, 'yaw': -3.142}, None, None
300.08, [INFO], robot4, {'y': 17.357, 'x': -37.017, 'yaw': -3.142}, None, None
300.08, [INFO], robot4, {'battery-level': '57.43'}, None, None
310.02, [INFO], robot4, {'battery-level': '57.17'}, None, None
310.02, [INFO], robot4, {'y': 17.217, 'x': -36.773, 'yaw': -3.141}, None, None
313.96, [WARN], robot4, SKILL-FAILURE, navigation, navto_lab
