0.00, [DEBUG], logger, ROBOTS_CONFIG={'avg_speed': 0.15, 'battery_charge': 0.6520875066754872, 'battery_discharge_rate': 0.00026000000000000003, 'id': 4, 'local_plan': [['navigation', ['IC Room 2', [[-32.88, 33.98, 3.14], [-37.0, 33.98], [-37.0, 21.5], [-38.0, 21.5, 0.0]]], 'navto_room'], ['approach_person', ['nurse'], 'approach_nurse'], ['authenticate_person', ['nurse'], 'authenticate_nurse'], ['operate_drawer', ['open'], 'open_drawer_for_nurse'], ['send_message', ['nurse'], 'notify_nurse_of_open_drawer_for_nurse_completed'], ['wait_message', ['nurse'], 'wait_nurse_to_complete_deposit'], ['operate_drawer', ['close'], 'close_drawer_nurse'], ['navigation', ['Laboratory', [[-38.0, 21.5, 0.0], [-37.0, 21.5], [-37.0, 16.0], [-26.0, 16.0], [-26.0, 13.0, 1.57]]], 'navto_lab'], ['approach_robot', ['lab_arm'], 'approach_arm'], ['operate_drawer', ['open'], 'open_drawer_lab'], ['send_message', ['lab_arm'], 'notify_lab_arm_of_open_drawer_lab_completed'], ['wait_message', ['lab_arm'], 'wait_lab_arm_to_complete_pick_up_sample'], ['operate_drawer', ['close'], 'close_drawer_lab']], 'location': 'IC Room 5', 'name': 'r4', 'position': [-32.88, 33.98, 3.14], 'skills': ['approach_person', 'approach_robot', 'authenticate_person', 'navigation', 'operate_drawer']}, None, None
0.00, [DEBUG], logger, Simulation open, None, None
10.05, [INFO], robot4, {'battery-level': '64.97'}, None, None
10.05, [INFO], robot4, {'y': 34.201, 'x': -33.457, 'yaw': -3.142}, None, None
20.06, [INFO], robot4, {'battery-level': '64.71'}, None, None
20.06, [INFO], robot4, {'y': 34.727, 'x': -35.503, 'yaw': 3.139}, None, None
30.09, [INFO], robot4, {'y': 33.502, 'x': -36.972, 'yaw': 3.141}, None, None
30.09, [INFO], robot4, {'battery-level': '64.45'}, None, None
40.08, [INFO], robot4, {'y': 31.393, 'x': -36.933, 'yaw': -3.141}, None, None
40.08, [INFO], robot4, {'battery-level': '64.19'}, None, None
50.09, [INFO], robot4, {'y': 29.276, 'x': -36.96, 'yaw': -3.141}, None, None
50.09, [INFO], robot4, {'battery-level': '63.93'}, None, None
60.09, [INFO], robot4, {'battery-level': '63.67'}, None, None
60.09, [INFO], robot4, {'y': 27.166, 'x': -37.025, 'yaw': 3.142}, None, None
70.00, [INFO], robot4, {'y': 25.08, 'x': -36.993, 'yaw': 3.142}, None, None
70.00, [INFO], robot4, {'battery-level': '63.41'}, None, None
80.00, [INFO], robot4, {'y': 22.97, 'x': -37.005, 'yaw': 3.141}, None, None
80.00, [INFO], robot4, {'battery-level': '63.15'}, None, None
90.03, [INFO], robot4, {'battery-level': '62.89'}, None, None
90.03, [INFO], robot4, {'y': 21.408, 'x': -37.847, 'yaw': 3.142}, None, None
100.03, [INFO], robot4, {'battery-level': '62.63'}, None, None
100.03, [INFO], robot4, {'y': 21.349, 'x': -38.061, 'yaw': 3.141}, None, None
109.94, [INFO], robot4, {'y': 21.349, 'x': -38.061, 'yaw': -3.142}, None, None
110.03, [INFO], robot4, {'battery-level': '62.37'}, None, None
120.05, [INFO], robot4, {'y': 21.349, 'x': -38.061, 'yaw': -3.142}, None, None
120.05, [INFO], robot4, {'battery-level': '62.11'}, None, None
130.05, [INFO], robot4, {'y': 21.349, 'x': -38.061, 'yaw': -3.142}, None, None
130.05, [INFO], robot4, {'battery-level': '61.85'}, None, None
140.06, [INFO], robot4, {'battery-level': '61.59'}, None, None
140.06, [INFO], robot4, {'y': 21.349, 'x': -38.061, 'yaw': -3.142}, None, None
150.07, [INFO], robot4, {'battery-level': '61.33'}, None, None
150.07, [INFO], robot4, {'y': 21.349, 'x': -38.061, 'yaw': 3.142}, None, None
160.07, [INFO], robot4, {'y': 21.349, 'x': -38.061, 'yaw': 3.142}, None, None
160.07, [INFO], robot4, {'battery-level': '61.07'}, None, None
170.00, [INFO], robot4, {'battery-level': '60.81'}, None, None
170.00, [INFO], robot4, {'y': 21.349, 'x': -38.061, 'yaw': -3.142}, None, None
180.09, [INFO], robot4, {'y': 21.349, 'x': -38.061, 'yaw': -3.142}, None, None
180.09, [INFO], robot4, {'battery-level': '60.55'}, None, None
190.09, [INFO], robot4, {'y': 21.349, 'x': -38.061, 'yaw': -3.142}, None, None
190.09, [INFO], robot4, {'battery-level': '60.29'}, None, None
200.09, [INFO], robot4, {'battery-level': '60.03'}, None, None
200.09, [INFO], robot4, {'y': 21.349, 'x': -38.061, 'yaw': 3.142}, None, None
210.01, [INFO], robot4, {'battery-level': '59.77'}, None, None
210.01, [INFO], robot4, {'y': 21.349, 'x': -38.062, 'yaw': -3.142}, None, None
220.02, [INFO], robot4, {'battery-level': '59.51'}, None, None
220.02, [INFO], robot4, {'y': 21.349, 'x': -38.062, 'yaw': -3.142}, None, None
230.03, [INFO], robot4, {'y': 21.349, 'x': -38.062, 'yaw': -3.142}, None, None
230.03, [INFO], robot4, {'battery-level': '59.25'}, None, None
240.05, [INFO], robot4, {'battery-level': '58.99'}, None, None
240.05, [INFO], robot4, {'y': 21.349, 'x': -38.062, 'yaw': 3.142}, None, None
250.06, [INFO], robot4, {'battery-level': '58.73'}, None, None
250.06, [INFO], robot4, {'y': 21.349, 'x': -38.062, 'yaw': -3.142}, None, None
260.04, [INFO], robot4, {'battery-level': '58.47'}, None, None
260.04, [INFO], robot4, {'y': 21.349, 'x': -38.062, 'yaw': 3.142}, None, None
270.06, [INFO], robot4, {'y': 21.349, 'x': -38.062, 'yaw': -3.142}, None, None
270.06, [INFO], robot4, {'battery-level': '58.21'}, None, None
280.00, [INFO], robot4, {'battery-level': '57.95'}, None, None
280.00, [INFO], robot4, {'y': 21.349, 'x': -38.062, 'yaw': 3.142}, None, None
290.03, [INFO], robot4, {'y': 21.349, 'x': -38.062, 'yaw': -3.142}, None, None
290.03, [INFO], robot4, {'battery-level': '57.69'}, None, None
300.04, [INFO], robot4, {'battery-level': '57.43'}, None, None
300.04, [INFO], robot4, {'y': 21.349, 'x': -38.062, 'yaw': -3.142}, None, None
310.05, [INFO], robot4, {'y': 21.349, 'x': -38.062, 'yaw': -3.142}, None, None
310.05, [INFO], robot4, {'battery-level': '57.17'}, None, None
320.07, [INFO], robot4, {'battery-level': '56.91'}, None, None
320.07, [INFO], robot4, {'y': 21.35, 'x': -38.062, 'yaw': -3.142}, None, None
330.09, [INFO], robot4, {'battery-level': '56.65'}, None, None
330.09, [INFO], robot4, {'y': 21.35, 'x': -38.062, 'yaw': -3.142}, None, None
340.02, [INFO], robot4, {'y': 21.35, 'x': -38.062, 'yaw': -3.142}, None, None
340.02, [INFO], robot4, {'battery-level': '56.39'}, None, None
350.02, [INFO], robot4, {'battery-level': '56.13'}, None, None
350.02, [INFO], robot4, {'y': 21.35, 'x': -38.062, 'yaw': 3.142}, None, None
360.04, [INFO], robot4, {'y': 21.35, 'x': -38.062, 'yaw': 3.142}, None, None
360.04, [INFO], robot4, {'battery-level': '55.87'}, None, None
370.07, [INFO], robot4, {'battery-level': '55.61'}, None, None
370.07, [INFO], robot4, {'y': 21.35, 'x': -38.063, 'yaw': -3.142}, None, None
380.09, [INFO], robot4, {'battery-level': '55.35'}, None, None
380.09, [INFO], robot4, {'y': 21.35, 'x': -38.063, 'yaw': -3.142}, None, None
390.09, [INFO], robot4, {'y': 21.35, 'x': -38.063, 'yaw': 3.142}, None, None
390.09, [INFO], robot4, {'battery-level': '55.09'}, None, None
400.01, [INFO], robot4, {'battery-level': '54.83'}, None, None
400.01, [INFO], robot4, {'y': 21.35, 'x': -38.063, 'yaw': -3.142}, None, None
410.02, [INFO], robot4, {'y': 21.35, 'x': -38.063, 'yaw': -3.142}, None, None
410.02, [INFO], robot4, {'battery-level': '54.57'}, None, None
420.02, [INFO], robot4, {'y': 21.35, 'x': -38.063, 'yaw': -3.142}, None, None
420.02, [INFO], robot4, {'battery-level': '54.31'}, None, None
430.04, [INFO], robot4, {'y': 21.35, 'x': -38.063, 'yaw': 3.142}, None, None
430.04, [INFO], robot4, {'battery-level': '54.05'}, None, None
440.04, [INFO], robot4, {'battery-level': '53.79'}, None, None
440.04, [INFO], robot4, {'y': 21.35, 'x': -38.063, 'yaw': 3.142}, None, None
450.06, [INFO], robot4, {'y': 21.35, 'x': -38.063, 'yaw': -3.142}, None, None
450.06, [INFO], robot4, {'battery-level': '53.53'}, None, None
460.04, [INFO], robot4, {'y': 21.35, 'x': -38.063, 'yaw': -3.142}, None, None
460.04, [INFO], robot4, {'battery-level': '53.27'}, None, None
470.04, [INFO], robot4, {'battery-level': '53.01'}, None, None
470.04, [INFO], robot4, {'y': 21.35, 'x': -38.063, 'yaw': -3.142}, None, None
480.04, [INFO], robot4, {'y': 21.35, 'x': -38.063, 'yaw': -3.142}, None, None
480.04, [INFO], robot4, {'battery-level': '52.75'}, None, None
490.05, [INFO], robot4, {'y': 21.35, 'x': -38.063, 'yaw': 3.142}, None, None
490.05, [INFO], robot4, {'battery-level': '52.49'}, None, None
500.08, [INFO], robot4, {'battery-level': '52.23'}, None, None
500.08, [INFO], robot4, {'y': 21.35, 'x': -38.063, 'yaw': -3.142}, None, None
510.09, [INFO], robot4, {'battery-level': '51.97'}, None, None
510.09, [INFO], robot4, {'y': 21.35, 'x': -38.063, 'yaw': -3.142}, None, None
520.08, [INFO], robot4, {'y': 21.35, 'x': -38.063, 'yaw': 3.142}, None, None
520.08, [INFO], robot4, {'battery-level': '51.71'}, None, None
530.09, [INFO], robot4, {'battery-level': '51.45'}, None, None
530.09, [INFO], robot4, {'y': 21.35, 'x': -38.064, 'yaw': 3.142}, None, None
540.07, [INFO], robot4, {'y': 21.35, 'x': -38.064, 'yaw': -3.142}, None, None
540.07, [INFO], robot4, {'battery-level': '51.19'}, None, None
550.07, [INFO], robot4, {'y': 21.35, 'x': -38.064, 'yaw': -3.142}, None, None
550.07, [INFO], robot4, {'battery-level': '50.93'}, None, None
560.06, [INFO], robot4, {'battery-level': '50.67'}, None, None
560.06, [INFO], robot4, {'y': 21.35, 'x': -38.064, 'yaw': 3.142}, None, None
570.06, [INFO], robot4, {'battery-level': '50.41'}, None, None
570.06, [INFO], robot4, {'y': 21.35, 'x': -38.064, 'yaw': -3.142}, None, None
580.05, [INFO], robot4, {'y': 21.35, 'x': -38.064, 'yaw': -3.142}, None, None
580.05, [INFO], robot4, {'battery-level': '50.15'}, None, None
590.04, [INFO], robot4, {'battery-level': '49.89'}, None, None
590.04, [INFO], robot4, {'y': 21.35, 'x': -38.064, 'yaw': -3.142}, None, None
600.04, [INFO], robot4, {'y': 21.35, 'x': -38.064, 'yaw': 3.142}, None, None
600.04, [INFO], robot4, {'battery-level': '49.63'}, None, None
610.04, [INFO], robot4, {'battery-level': '49.37'}, None, None
610.04, [INFO], robot4, {'y': 21.35, 'x': -38.064, 'yaw': -3.142}, None, None
620.05, [INFO], robot4, {'battery-level': '49.11'}, None, None
620.05, [INFO], robot4, {'y': 21.35, 'x': -38.064, 'yaw': 3.142}, None, None
630.06, [INFO], robot4, {'y': 21.35, 'x': -38.064, 'yaw': -3.142}, None, None
630.06, [INFO], robot4, {'battery-level': '48.85'}, None, None
640.07, [INFO], robot4, {'battery-level': '48.59'}, None, None
640.07, [INFO], robot4, {'y': 21.35, 'x': -38.064, 'yaw': -3.142}, None, None
650.05, [INFO], robot4, {'y': 21.35, 'x': -38.064, 'yaw': -3.142}, None, None
650.05, [INFO], robot4, {'battery-level': '48.33'}, None, None
660.05, [INFO], robot4, {'battery-level': '48.07'}, None, None
660.05, [INFO], robot4, {'y': 21.35, 'x': -38.064, 'yaw': 3.142}, None, None
670.04, [INFO], robot4, {'battery-level': '47.81'}, None, None
670.04, [INFO], robot4, {'y': 21.35, 'x': -38.064, 'yaw': -3.142}, None, None
680.05, [INFO], robot4, {'y': 21.35, 'x': -38.064, 'yaw': -3.142}, None, None
680.05, [INFO], robot4, {'battery-level': '47.55'}, None, None
690.04, [INFO], robot4, {'battery-level': '47.29'}, None, None
690.04, [INFO], robot4, {'y': 21.35, 'x': -38.065, 'yaw': 3.142}, None, None
700.04, [INFO], robot4, {'y': 21.35, 'x': -38.065, 'yaw': -3.142}, None, None
700.04, [INFO], robot4, {'battery-level': '47.03'}, None, None
710.04, [INFO], robot4, {'battery-level': '46.77'}, None, None
710.04, [INFO], robot4, {'y': 21.35, 'x': -38.065, 'yaw': -3.142}, None, None
720.05, [INFO], robot4, {'battery-level': '46.51'}, None, None
720.05, [INFO], robot4, {'y': 21.35, 'x': -38.065, 'yaw': 3.142}, None, None
730.05, [INFO], robot4, {'y': 21.35, 'x': -38.065, 'yaw': -3.142}, None, None
730.05, [INFO], robot4, {'battery-level': '46.25'}, None, None
740.06, [INFO], robot4, {'battery-level': '45.99'}, None, None
740.06, [INFO], robot4, {'y': 21.35, 'x': -38.065, 'yaw': -3.142}, None, None
750.06, [INFO], robot4, {'y': 21.35, 'x': -38.065, 'yaw': 3.142}, None, None
750.06, [INFO], robot4, {'battery-level': '45.73'}, None, None
760.04, [INFO], robot4, {'y': 21.35, 'x': -38.065, 'yaw': -3.142}, None, None
760.04, [INFO], robot4, {'battery-level': '45.47'}, None, None
770.05, [INFO], robot4, {'y': 21.35, 'x': -38.065, 'yaw': 3.142}, None, None
770.05, [INFO], robot4, {'battery-level': '45.21'}, None, None
780.06, [INFO], robot4, {'y': 21.35, 'x': -38.065, 'yaw': 3.142}, None, None
780.06, [INFO], robot4, {'battery-level': '44.95'}, None, None
790.05, [INFO], robot4, {'battery-level': '44.69'}, None, None
790.05, [INFO], robot4, {'y': 21.35, 'x': -38.065, 'yaw': -3.142}, None, None
800.05, [INFO], robot4, {'battery-level': '44.43'}, None, None
800.05, [INFO], robot4, {'y': 21.35, 'x': -38.065, 'yaw': 3.142}, None, None
810.04, [INFO], robot4, {'y': 21.35, 'x': -38.065, 'yaw': -3.142}, None, None
810.04, [INFO], robot4, {'battery-level': '44.17'}, None, None
820.05, [INFO], robot4, {'battery-level': '43.91'}, None, None
820.05, [INFO], robot4, {'y': 21.35, 'x': -38.065, 'yaw': 3.142}, None, None

[WARN], logger, TIMEOUT, None, None
