0.00, [DEBUG], nurse, NURSE_CONFIG={'location': 'PC Room 3', 'position': [-28.5, 18.0, -1.57]}, None, None
0.12, [DEBUG], logger, ROBOTS_CONFIG={'avg_speed': 0.15, 'battery_charge': 0.2817995261312799, 'battery_discharge_rate': 0.00042, 'id': 5, 'local_plan': [['navigation', ['PC Room 3', [[-33.9, 18.93, 3.14], [-37.0, 18.93], [-37.0, 16.0], [-28.5, 16.0], [-28.5, 18.0, -1.57]]], 'navto_room'], ['approach_person', ['nurse'], 'approach_nurse'], ['authenticate_person', ['nurse'], 'authenticate_nurse'], ['operate_drawer', ['open'], 'open_drawer_for_nurse'], ['send_message', ['nurse'], 'notify_nurse_of_open_drawer_for_nurse_completed'], ['wait_message', ['nurse'], 'wait_nurse_to_complete_deposit'], ['operate_drawer', ['close'], 'close_drawer_nurse'], ['navigation', ['Laboratory', [[-28.5, 18.0, -1.57], [-28.5, 16.0], [-26.0, 16.0], [-26.0, 13.0, 1.57]]], 'navto_lab'], ['approach_robot', ['lab_arm'], 'approach_arm'], ['operate_drawer', ['open'], 'open_drawer_lab'], ['send_message', ['lab_arm'], 'notify_lab_arm_of_open_drawer_lab_completed'], ['wait_message', ['lab_arm'], 'wait_lab_arm_to_complete_pick_up_sample'], ['operate_drawer', ['close'], 'close_drawer_lab']], 'location': 'IC Room 6', 'name': 'r5', 'position': [-33.9, 18.93, 3.14], 'skills': ['approach_person', 'authenticate_person', 'navigation', 'operate_drawer']}, None, None
0.12, [DEBUG], logger, Simulation open, None, None
10.02, [INFO], robot5, {'battery-level': '27.80'}, None, None
10.02, [INFO], robot5, {'y': 18.289, 'x': -34.428, 'yaw': 3.142}, None, None
20.01, [INFO], robot5, {'battery-level': '27.38'}, None, None
20.01, [INFO], robot5, {'y': 17.932, 'x': -36.082, 'yaw': -3.142}, None, None
30.06, [INFO], robot5, {'battery-level': '26.96'}, None, None
30.06, [INFO], robot5, {'y': 18.034, 'x': -36.741, 'yaw': 3.142}, None, None
40.08, [INFO], robot5, {'battery-level': '26.54'}, None, None
40.08, [INFO], robot5, {'y': 17.377, 'x': -37.055, 'yaw': 3.141}, None, None
49.95, [INFO], robot5, {'y': 17.489, 'x': -36.821, 'yaw': -3.141}, None, None
50.05, [INFO], robot5, {'battery-level': '26.12'}, None, None
60.01, [INFO], robot5, {'battery-level': '25.70'}, None, None
60.01, [INFO], robot5, {'y': 17.249, 'x': -36.921, 'yaw': -3.142}, None, None
70.01, [INFO], robot5, {'battery-level': '25.28'}, None, None
70.01, [INFO], robot5, {'y': 17.323, 'x': -36.724, 'yaw': -3.142}, None, None
80.04, [INFO], robot5, {'y': 17.465, 'x': -36.828, 'yaw': 3.142}, None, None
80.04, [INFO], robot5, {'battery-level': '24.86'}, None, None
90.04, [INFO], robot5, {'y': 17.225, 'x': -37.119, 'yaw': 3.142}, None, None
90.04, [INFO], robot5, {'battery-level': '24.44'}, None, None
100.01, [INFO], robot5, {'battery-level': '24.02'}, None, None
100.01, [INFO], robot5, {'y': 17.337, 'x': -37.158, 'yaw': -3.142}, None, None
110.05, [INFO], robot5, {'y': 17.275, 'x': -36.845, 'yaw': -3.141}, None, None
110.05, [INFO], robot5, {'battery-level': '23.60'}, None, None
120.03, [INFO], robot5, {'battery-level': '23.18'}, None, None
120.03, [INFO], robot5, {'y': 17.343, 'x': -36.953, 'yaw': -3.141}, None, None
130.02, [INFO], robot5, {'battery-level': '22.76'}, None, None
130.02, [INFO], robot5, {'y': 17.215, 'x': -36.77, 'yaw': -3.141}, None, None
140.08, [INFO], robot5, {'battery-level': '22.34'}, None, None
140.08, [INFO], robot5, {'y': 17.256, 'x': -37.032, 'yaw': -3.141}, None, None
150.07, [INFO], robot5, {'y': 17.211, 'x': -36.698, 'yaw': -3.141}, None, None
150.07, [INFO], robot5, {'battery-level': '21.92'}, None, None
160.00, [INFO], robot5, {'battery-level': '21.50'}, None, None
160.00, [INFO], robot5, {'y': 17.304, 'x': -36.936, 'yaw': 3.141}, None, None
166.55, [WARN], robot5, SKILL-FAILURE, navigation, navto_room
170.01, [INFO], robot5, {'y': 17.242, 'x': -37.128, 'yaw': -3.142}, None, None
170.01, [INFO], robot5, {'battery-level': '21.08'}, None, None
