0.00, [INFO], robot5, {'battery-level': '71.80'}, None, None
0.00, [DEBUG], logger, ROBOTS_CONFIG={'avg_speed': 0.15, 'battery_charge': 0.7179616530181877, 'battery_discharge_rate': 0.0002, 'id': 5, 'local_plan': [['navigation', ['IC Room 6', [[-13.5, 18.0, -1.57], [-13.5, 16.0], [-37.0, 16.0], [-37.0, 18.93], [-33.9, 18.93, 3.14]]], 'navto_room'], ['approach_person', ['nurse'], 'approach_nurse'], ['authenticate_person', ['nurse'], 'authenticate_nurse'], ['operate_drawer', ['open'], 'open_drawer_for_nurse'], ['send_message', ['nurse'], 'notify_nurse_of_open_drawer_for_nurse_completed'], ['wait_message', ['nurse'], 'wait_nurse_to_complete_deposit'], ['operate_drawer', ['close'], 'close_drawer_nurse'], ['navigation', ['Laboratory', [[-33.9, 18.93, 3.14], [-37.0, 18.93], [-37.0, 16.0], [-26.0, 16.0], [-26.0, 13.0, 1.57]]], 'navto_lab'], ['approach_robot', ['lab_arm'], 'approach_arm'], ['operate_drawer', ['open'], 'open_drawer_lab'], ['send_message', ['lab_arm'], 'notify_lab_arm_of_open_drawer_lab_completed'], ['wait_message', ['lab_arm'], 'wait_lab_arm_to_complete_pick_up_sample'], ['operate_drawer', ['close'], 'close_drawer_lab']], 'location': 'PC Room 7', 'name': 'r5', 'position': [-13.5, 18.0, -1.57], 'skills': ['approach_person', 'approach_robot', 'authenticate_person', 'navigation', 'operate_drawer']}, None, None
0.00, [DEBUG], logger, Simulation open, None, None
10.10, [INFO], robot5, {'y': 17.664, 'x': -13.502, 'yaw': -3.142}, None, None
10.10, [INFO], robot5, {'battery-level': '71.62'}, None, None
20.07, [INFO], robot5, {'battery-level': '71.42'}, None, None
20.07, [INFO], robot5, {'y': 15.94, 'x': -14.167, 'yaw': 3.141}, None, None
30.03, [INFO], robot5, {'y': 15.83, 'x': -16.277, 'yaw': 3.142}, None, None
30.03, [INFO], robot5, {'battery-level': '71.22'}, None, None
40.05, [INFO], robot5, {'battery-level': '71.02'}, None, None
40.05, [INFO], robot5, {'y': 15.871, 'x': -18.393, 'yaw': 3.141}, None, None
50.03, [INFO], robot5, {'battery-level': '70.82'}, None, None
50.03, [INFO], robot5, {'y': 16.003, 'x': -20.508, 'yaw': 3.141}, None, None
60.03, [INFO], robot5, {'battery-level': '70.62'}, None, None
60.03, [INFO], robot5, {'y': 15.994, 'x': -22.616, 'yaw': -3.137}, None, None
70.04, [INFO], robot5, {'y': 15.966, 'x': -24.729, 'yaw': 3.14}, None, None
70.04, [INFO], robot5, {'battery-level': '70.42'}, None, None
80.07, [INFO], robot5, {'battery-level': '70.22'}, None, None
80.07, [INFO], robot5, {'y': 15.95, 'x': -26.855, 'yaw': 3.142}, None, None
90.04, [INFO], robot5, {'battery-level': '70.02'}, None, None
90.04, [INFO], robot5, {'y': 16.089, 'x': -28.955, 'yaw': 3.141}, None, None
100.03, [INFO], robot5, {'battery-level': '69.82'}, None, None
100.03, [INFO], robot5, {'y': 15.987, 'x': -31.073, 'yaw': 3.141}, None, None
110.07, [INFO], robot5, {'battery-level': '69.62'}, None, None
110.07, [INFO], robot5, {'y': 15.703, 'x': -33.185, 'yaw': 3.141}, None, None
120.09, [INFO], robot5, {'battery-level': '69.42'}, None, None
120.09, [INFO], robot5, {'y': 15.442, 'x': -35.282, 'yaw': -3.141}, None, None
130.09, [INFO], robot5, {'y': 16.352, 'x': -36.872, 'yaw': -3.142}, None, None
130.09, [INFO], robot5, {'battery-level': '69.22'}, None, None
140.03, [INFO], robot5, {'y': 17.609, 'x': -36.786, 'yaw': 3.141}, None, None
140.03, [INFO], robot5, {'battery-level': '69.02'}, None, None
150.07, [INFO], robot5, {'battery-level': '68.82'}, None, None
150.07, [INFO], robot5, {'y': 17.723, 'x': -36.735, 'yaw': -3.142}, None, None
160.01, [INFO], robot5, {'y': 17.756, 'x': -36.713, 'yaw': -3.141}, None, None
160.01, [INFO], robot5, {'battery-level': '68.62'}, None, None
170.06, [INFO], robot5, {'y': 18.016, 'x': -35.921, 'yaw': -3.142}, None, None
170.06, [INFO], robot5, {'battery-level': '68.42'}, None, None
180.03, [INFO], robot5, {'battery-level': '68.22'}, None, None
180.03, [INFO], robot5, {'y': 18.272, 'x': -35.705, 'yaw': -3.136}, None, None
190.03, [INFO], robot5, {'battery-level': '68.02'}, None, None
190.03, [INFO], robot5, {'y': 18.282, 'x': -35.699, 'yaw': 3.142}, None, None
200.07, [INFO], robot5, {'battery-level': '67.82'}, None, None
200.07, [INFO], robot5, {'y': 18.282, 'x': -35.7, 'yaw': -3.142}, None, None
210.00, [INFO], robot5, {'battery-level': '67.62'}, None, None
210.00, [INFO], robot5, {'y': 18.299, 'x': -35.758, 'yaw': -3.142}, None, None
220.04, [INFO], robot5, {'battery-level': '67.42'}, None, None
220.04, [INFO], robot5, {'y': 18.219, 'x': -35.627, 'yaw': 3.142}, None, None
222.19, [WARN], robot5, SKILL-FAILURE, navigation, navto_room
230.03, [INFO], robot5, {'battery-level': '67.22'}, None, None
230.03, [INFO], robot5, {'y': 18.175, 'x': -35.628, 'yaw': -3.136}, None, None
