0.00, [DEBUG], nurse, NURSE_CONFIG={'location': 'IC Room 6', 'position': [-33.9, 18.93, 3.14]}, None, None
0.00, [INFO], robot6, {'battery-level': '50.80'}, None, None
0.00, [DEBUG], logger, ROBOTS_CONFIG={'avg_speed': 0.15, 'battery_charge': 0.5080169438370433, 'battery_discharge_rate': 0.0005200000000000001, 'id': 6, 'local_plan': [['navigation', ['IC Room 6', [[-32.88, 33.98, 3.14], [-37.0, 33.98], [-37.0, 18.93], [-33.9, 18.93, 3.14]]], 'navto_room'], ['approach_person', ['nurse'], 'approach_nurse'], ['authenticate_person', ['nurse'], 'authenticate_nurse'], ['operate_drawer', ['open'], 'open_drawer_for_nurse'], ['send_message', ['nurse'], 'notify_nurse_of_open_drawer_for_nurse_completed'], ['wait_message', ['nurse'], 'wait_nurse_to_complete_deposit'], ['operate_drawer', ['close'], 'close_drawer_nurse'], ['navigation', ['Laboratory', [[-33.9, 18.93, 3.14], [-37.0, 18.93], [-37.0, 16.0], [-26.0, 16.0], [-26.0, 13.0, 1.57]]], 'navto_lab'], ['approach_robot', ['lab_arm'], 'approach_arm'], ['operate_drawer', ['open'], 'open_drawer_lab'], ['send_message', ['lab_arm'], 'notify_lab_arm_of_open_drawer_lab_completed'], ['wait_message', ['lab_arm'], 'wait_lab_arm_to_complete_pick_up_sample'], ['operate_drawer', ['close'], 'close_drawer_lab']], 'location': 'IC Room 5', 'name': 'r6', 'position': [-32.88, 33.98, 3.14], 'skills': ['approach_person', 'approach_robot', 'authenticate_person', 'navigation', 'operate_drawer']}, None, None
0.00, [DEBUG], logger, Simulation open, None, None
10.09, [INFO], robot6, {'battery-level': '50.33'}, None, None
10.09, [INFO], robot6, {'y': 34.146, 'x': -33.361, 'yaw': 3.142}, None, None
20.06, [INFO], robot6, {'y': 34.678, 'x': -35.38, 'yaw': -3.142}, None, None
20.06, [INFO], robot6, {'battery-level': '49.81'}, None, None
30.05, [INFO], robot6, {'y': 33.515, 'x': -37.026, 'yaw': 3.141}, None, None
30.05, [INFO], robot6, {'battery-level': '49.29'}, None, None
40.03, [INFO], robot6, {'y': 31.414, 'x': -36.994, 'yaw': -3.142}, None, None
40.03, [INFO], robot6, {'battery-level': '48.77'}, None, None
50.01, [INFO], robot6, {'y': 29.316, 'x': -36.99, 'yaw': -3.142}, None, None
50.01, [INFO], robot6, {'battery-level': '48.25'}, None, None
60.03, [INFO], robot6, {'y': 27.201, 'x': -36.986, 'yaw': 3.142}, None, None
60.03, [INFO], robot6, {'battery-level': '47.73'}, None, None
70.09, [INFO], robot6, {'y': 25.086, 'x': -37.007, 'yaw': 3.142}, None, None
70.09, [INFO], robot6, {'battery-level': '47.21'}, None, None
80.05, [INFO], robot6, {'battery-level': '46.69'}, None, None
80.05, [INFO], robot6, {'y': 22.98, 'x': -37.058, 'yaw': 3.14}, None, None
90.01, [INFO], robot6, {'battery-level': '46.17'}, None, None
90.01, [INFO], robot6, {'y': 20.888, 'x': -37.137, 'yaw': 3.141}, None, None
100.07, [INFO], robot6, {'y': 18.792, 'x': -36.926, 'yaw': 3.141}, None, None
100.07, [INFO], robot6, {'battery-level': '45.65'}, None, None
109.94, [INFO], robot6, {'battery-level': '45.13'}, None, None
110.03, [INFO], robot6, {'y': 17.668, 'x': -35.187, 'yaw': -3.142}, None, None
120.00, [INFO], robot6, {'battery-level': '44.61'}, None, None
120.00, [INFO], robot6, {'y': 18.897, 'x': -33.978, 'yaw': 3.141}, None, None
126.21, [info], nurse, sync, received-request, (status=sending-request)
126.21, [info], nurse, sync, request-sent, (status=waiting)
126.21, [info], nurse, sync, wait-message, (status=message-received)
130.09, [INFO], robot6, {'battery-level': '44.09'}, None, None
130.09, [INFO], robot6, {'y': 18.649, 'x': -34.347, 'yaw': 3.141}, None, None
140.03, [INFO], robot6, {'battery-level': '43.57'}, None, None
140.03, [INFO], robot6, {'y': 17.913, 'x': -36.009, 'yaw': -3.141}, None, None
150.02, [INFO], robot6, {'y': 17.357, 'x': -37.014, 'yaw': -3.142}, None, None
150.02, [INFO], robot6, {'battery-level': '43.05'}, None, None
160.08, [INFO], robot6, {'y': 17.341, 'x': -36.951, 'yaw': 3.14}, None, None
160.08, [INFO], robot6, {'battery-level': '42.53'}, None, None
170.04, [INFO], robot6, {'battery-level': '42.01'}, None, None
170.04, [INFO], robot6, {'y': 17.46, 'x': -36.921, 'yaw': -3.141}, None, None
180.08, [INFO], robot6, {'battery-level': '41.49'}, None, None
180.08, [INFO], robot6, {'y': 17.435, 'x': -36.85, 'yaw': -3.141}, None, None
190.07, [INFO], robot6, {'y': 17.371, 'x': -36.862, 'yaw': -3.141}, None, None
190.07, [INFO], robot6, {'battery-level': '40.97'}, None, None
200.01, [INFO], robot6, {'battery-level': '40.45'}, None, None
200.01, [INFO], robot6, {'y': 17.41, 'x': -37.036, 'yaw': -3.142}, None, None
210.09, [INFO], robot6, {'battery-level': '39.93'}, None, None
210.09, [INFO], robot6, {'y': 17.303, 'x': -36.839, 'yaw': 3.141}, None, None
220.03, [INFO], robot6, {'battery-level': '39.41'}, None, None
220.03, [INFO], robot6, {'y': 17.291, 'x': -36.835, 'yaw': -3.142}, None, None
230.08, [INFO], robot6, {'battery-level': '38.89'}, None, None
230.08, [INFO], robot6, {'y': 17.363, 'x': -37.12, 'yaw': 3.141}, None, None
240.04, [INFO], robot6, {'y': 17.29, 'x': -36.936, 'yaw': -3.141}, None, None
240.04, [INFO], robot6, {'battery-level': '38.37'}, None, None
250.02, [INFO], robot6, {'battery-level': '37.85'}, None, None
250.02, [INFO], robot6, {'y': 17.353, 'x': -37.101, 'yaw': -3.141}, None, None
260.08, [INFO], robot6, {'y': 17.479, 'x': -37.085, 'yaw': -3.142}, None, None
260.08, [INFO], robot6, {'battery-level': '37.33'}, None, None
270.05, [INFO], robot6, {'battery-level': '36.81'}, None, None
270.05, [INFO], robot6, {'y': 17.456, 'x': -36.871, 'yaw': -3.141}, None, None
280.08, [INFO], robot6, {'y': 17.407, 'x': -36.96, 'yaw': 3.141}, None, None
280.08, [INFO], robot6, {'battery-level': '36.29'}, None, None
290.06, [INFO], robot6, {'y': 17.143, 'x': -37.12, 'yaw': 3.142}, None, None
290.06, [INFO], robot6, {'battery-level': '35.77'}, None, None
299.95, [INFO], robot6, {'y': 17.225, 'x': -37.074, 'yaw': 3.14}, None, None
300.04, [INFO], robot6, {'battery-level': '35.25'}, None, None
310.06, [INFO], robot6, {'battery-level': '34.73'}, None, None
310.06, [INFO], robot6, {'y': 17.269, 'x': -37.059, 'yaw': 3.141}, None, None
318.86, [WARN], robot6, SKILL-FAILURE, navigation, navto_lab
320.06, [INFO], robot6, {'battery-level': '34.21'}, None, None
320.06, [INFO], robot6, {'y': 17.35, 'x': -37.005, 'yaw': -3.141}, None, None
