29.93, [INFO], robot6, {'y': 16.824, 'x': -27.075, 'yaw': 3.142}, None, None
30.02, [INFO], robot6, {'battery-level': '50.07'}, None, None
40.07, [INFO], robot6, {'y': 16.536, 'x': -28.484, 'yaw': -3.142}, None, None
40.07, [INFO], robot6, {'battery-level': '49.55'}, None, None
50.07, [INFO], robot6, {'battery-level': '49.03'}, None, None
50.07, [INFO], robot6, {'y': 17.904, 'x': -28.6, 'yaw': 3.141}, None, None
60.02, [INFO], robot6, {'battery-level': '48.51'}, None, None
60.02, [INFO], robot6, {'y': 17.967, 'x': -28.602, 'yaw': -3.142}, None, None
62.41, [info], nurse, sync, received-request, (status=sending-request)
62.41, [info], nurse, sync, request-sent, (status=waiting)
62.41, [info], nurse, sync, wait-message, (status=message-received)
70.07, [INFO], robot6, {'y': 16.608, 'x': -28.751, 'yaw': 3.142}, None, None
70.07, [INFO], robot6, {'battery-level': '47.99'}, None, None
80.05, [INFO], robot6, {'y': 16.073, 'x': -26.992, 'yaw': 3.141}, None, None
80.05, [INFO], robot6, {'battery-level': '47.47'}, None, None
90.02, [INFO], robot6, {'battery-level': '46.95'}, None, None
90.02, [INFO], robot6, {'y': 14.609, 'x': -25.894, 'yaw': -3.142}, None, None
100.03, [INFO], robot6, {'battery-level': '46.43'}, None, None
100.03, [INFO], robot6, {'y': 12.947, 'x': -25.942, 'yaw': 3.141}, None, None
105.75, [info], lab_arm, sync, wait-message, (status=message-received)
106.66, [WARN], robot6, SUCCESS, None, None
110.06, [INFO], robot6, {'battery-level': '45.91'}, None, None
110.06, [INFO], robot6, {'y': 12.918, 'x': -25.959, 'yaw': 3.142}, None, None
