30.07, [INFO], robot3, {'y': 20.851, 'x': -37.244, 'yaw': 3.142}, None, None
30.07, [INFO], robot3, {'battery-level': '45.35'}, None, None
40.04, [INFO], robot3, {'battery-level': '44.95'}, None, None
40.04, [INFO], robot3, {'y': 18.747, 'x': -37.174, 'yaw': 3.142}, None, None
50.08, [INFO], robot3, {'battery-level': '44.55'}, None, None
50.08, [INFO], robot3, {'y': 16.631, 'x': -37.093, 'yaw': 3.141}, None, None
60.09, [INFO], robot3, {'battery-level': '44.15'}, None, None
60.09, [INFO], robot3, {'y': 15.648, 'x': -35.459, 'yaw': -3.141}, None, None
70.00, [INFO], robot3, {'battery-level': '43.75'}, None, None
70.00, [INFO], robot3, {'y': 15.4, 'x': -33.392, 'yaw': 3.142}, None, None
80.03, [INFO], robot3, {'y': 15.55, 'x': -31.279, 'yaw': -3.141}, None, None
80.03, [INFO], robot3, {'battery-level': '43.35'}, None, None
90.02, [INFO], robot3, {'y': 15.779, 'x': -29.165, 'yaw': -3.142}, None, None
90.02, [INFO], robot3, {'battery-level': '42.95'}, None, None
100.01, [INFO], robot3, {'battery-level': '42.55'}, None, None
100.01, [INFO], robot3, {'y': 17.67, 'x': -28.59, 'yaw': -3.141}, None, None
110.03, [INFO], robot3, {'y': 18.001, 'x': -28.547, 'yaw': -3.142}, None, None
110.03, [INFO], robot3, {'battery-level': '42.15'}, None, None
120.03, [INFO], robot3, {'battery-level': '41.75'}, None, None
120.03, [INFO], robot3, {'y': 17.977, 'x': -28.607, 'yaw': -3.141}, None, None
127.74, [info], nurse, sync, received-request, (status=sending-request)
127.74, [info], nurse, sync, request-sent, (status=waiting)
127.74, [info], nurse, sync, wait-message, (status=message-received)
130.08, [INFO], robot3, {'battery-level': '41.35'}, None, None
130.08, [INFO], robot3, {'y': 17.727, 'x': -28.665, 'yaw': 3.141}, None, None
140.04, [INFO], robot3, {'battery-level': '40.95'}, None, None
140.04, [INFO], robot3, {'y': 16.138, 'x': -28.033, 'yaw': 3.142}, None, None
150.02, [INFO], robot3, {'y': 15.684, 'x': -26.121, 'yaw': -3.142}, None, None
150.02, [INFO], robot3, {'battery-level': '40.55'}, None, None
160.09, [INFO], robot3, {'y': 13.6, 'x': -25.698, 'yaw': 3.142}, None, None
160.09, [INFO], robot3, {'battery-level': '40.15'}, None, None
170.04, [INFO], robot3, {'battery-level': '39.75'}, None, None
170.04, [INFO], robot3, {'y': 12.861, 'x': -25.95, 'yaw': 3.142}, None, None
173.63, [info], lab_arm, sync, wait-message, (status=message-received)
174.45, [WARN], robot3, SUCCESS, None, None
180.02, [INFO], robot3, {'battery-level': '39.35'}, None, None
180.02, [INFO], robot3, {'y': 12.859, 'x': -25.948, 'yaw': 3.141}, None, None
