30.03, [INFO], robot4, {'y': 34.6, 'x': -37.841, 'yaw': 3.139}, None, None
30.03, [INFO], robot4, {'battery-level': '47.49'}, None, None
40.08, [INFO], robot4, {'y': 32.922, 'x': -37.014, 'yaw': 3.14}, None, None
40.08, [INFO], robot4, {'battery-level': '46.89'}, None, None
50.05, [INFO], robot4, {'y': 30.816, 'x': -37.049, 'yaw': 3.14}, None, None
50.05, [INFO], robot4, {'battery-level': '46.29'}, None, None
60.08, [INFO], robot4, {'y': 28.692, 'x': -37.012, 'yaw': 3.14}, None, None
60.08, [INFO], robot4, {'battery-level': '45.69'}, None, None
70.02, [INFO], robot4, {'y': 26.607, 'x': -37.001, 'yaw': 3.141}, None, None
70.02, [INFO], robot4, {'battery-level': '45.09'}, None, None
80.00, [INFO], robot4, {'battery-level': '44.49'}, None, None
80.00, [INFO], robot4, {'y': 24.501, 'x': -37.039, 'yaw': 3.141}, None, None
90.03, [INFO], robot4, {'battery-level': '43.89'}, None, None
90.03, [INFO], robot4, {'y': 22.378, 'x': -37.073, 'yaw': 3.141}, None, None
100.00, [INFO], robot4, {'battery-level': '43.29'}, None, None
100.00, [INFO], robot4, {'y': 20.271, 'x': -37.127, 'yaw': -3.138}, None, None
110.06, [INFO], robot4, {'battery-level': '42.69'}, None, None
110.06, [INFO], robot4, {'y': 18.336, 'x': -36.426, 'yaw': 3.141}, None, None
120.01, [INFO], robot4, {'battery-level': '42.09'}, None, None
120.01, [INFO], robot4, {'y': 18.018, 'x': -34.573, 'yaw': 3.138}, None, None
130.06, [INFO], robot4, {'y': 18.94, 'x': -33.959, 'yaw': -3.142}, None, None
130.06, [INFO], robot4, {'battery-level': '41.49'}, None, None
132.58, [info], nurse, sync, received-request, (status=sending-request)
132.58, [info], nurse, sync, request-sent, (status=waiting)
132.68, [info], nurse, sync, wait-message, (status=message-received)
140.00, [INFO], robot4, {'y': 17.998, 'x': -34.753, 'yaw': -3.138}, None, None
140.00, [INFO], robot4, {'battery-level': '40.89'}, None, None
150.04, [INFO], robot4, {'battery-level': '40.29'}, None, None
150.04, [INFO], robot4, {'y': 17.965, 'x': -36.085, 'yaw': 3.142}, None, None
160.03, [INFO], robot4, {'y': 17.783, 'x': -37.037, 'yaw': 3.141}, None, None
160.03, [INFO], robot4, {'battery-level': '39.69'}, None, None
170.01, [INFO], robot4, {'battery-level': '39.09'}, None, None
170.01, [INFO], robot4, {'y': 17.414, 'x': -37.094, 'yaw': -3.142}, None, None
180.09, [INFO], robot4, {'battery-level': '38.49'}, None, None
180.09, [INFO], robot4, {'y': 17.412, 'x': -36.845, 'yaw': -3.141}, None, None
190.04, [INFO], robot4, {'battery-level': '37.89'}, None, None
190.04, [INFO], robot4, {'y': 17.446, 'x': -36.963, 'yaw': 3.142}, None, None
200.03, [INFO], robot4, {'battery-level': '37.29'}, None, None
200.03, [INFO], robot4, {'y': 17.334, 'x': -36.867, 'yaw': 3.142}, None, None
210.05, [INFO], robot4, {'battery-level': '36.69'}, None, None
210.05, [INFO], robot4, {'y': 17.302, 'x': -36.805, 'yaw': 3.141}, None, None
220.05, [INFO], robot4, {'battery-level': '36.09'}, None, None
220.05, [INFO], robot4, {'y': 17.398, 'x': -36.859, 'yaw': 3.141}, None, None
230.04, [INFO], robot4, {'battery-level': '35.49'}, None, None
230.04, [INFO], robot4, {'y': 17.345, 'x': -37.052, 'yaw': 3.142}, None, None
240.06, [INFO], robot4, {'y': 17.143, 'x': -37.004, 'yaw': 3.141}, None, None
240.06, [INFO], robot4, {'battery-level': '34.89'}, None, None
250.07, [INFO], robot4, {'y': 17.261, 'x': -37.024, 'yaw': 3.142}, None, None
250.07, [INFO], robot4, {'battery-level': '34.29'}, None, None
260.07, [INFO], robot4, {'y': 17.219, 'x': -36.805, 'yaw': -3.141}, None, None
260.07, [INFO], robot4, {'battery-level': '33.69'}, None, None
270.08, [INFO], robot4, {'battery-level': '33.09'}, None, None
270.08, [INFO], robot4, {'y': 17.385, 'x': -36.733, 'yaw': 3.141}, None, None
280.07, [INFO], robot4, {'y': 17.445, 'x': -36.936, 'yaw': 3.141}, None, None
280.07, [INFO], robot4, {'battery-level': '32.49'}, None, None
290.06, [INFO], robot4, {'y': 17.303, 'x': -36.868, 'yaw': -3.142}, None, None
290.06, [INFO], robot4, {'battery-level': '31.89'}, None, None
300.06, [INFO], robot4, {'y': 17.446, 'x': -36.952, 'yaw': -3.141}, None, None
300.06, [INFO], robot4, {'battery-level': '31.29'}, None, None
310.01, [INFO], robot4, {'battery-level': '30.69'}, None, None
310.01, [INFO], robot4, {'y': 17.445, 'x': -36.952, 'yaw': -3.142}, None, None
320.01, [INFO], robot4, {'battery-level': '30.09'}, None, None
320.01, [INFO], robot4, {'y': 17.441, 'x': -36.952, 'yaw': -3.142}, None, None
329.43, [WARN], robot4, SKILL-FAILURE, navigation, navto_lab
330.06, [INFO], robot4, {'battery-level': '29.49'}, None, None
330.06, [INFO], robot4, {'y': 17.238, 'x': -37.153, 'yaw': 3.141}, None, None
