0.00, [DEBUG], nurse, NURSE_CONFIG={'location': 'IC Room 6', 'position': [-33.9, 18.93, 3.14]}, None, None
0.00, [INFO], robot2, {'battery-level': '57.79'}, None, None
0.00, [DEBUG], logger, ROBOTS_CONFIG={'avg_speed': 0.15, 'battery_charge': 0.5779176354739738, 'battery_discharge_rate': 0.00054, 'id': 2, 'local_plan': [['navigation', ['IC Room 6', [[-19.0, 18.0, -1.57], [-19.0, 16.0], [-37.0, 16.0], [-37.0, 18.93], [-33.9, 18.93, 3.14]]], 'navto_room'], ['approach_person', ['nurse'], 'approach_nurse'], ['authenticate_person', ['nurse'], 'authenticate_nurse'], ['operate_drawer', ['open'], 'open_drawer_for_nurse'], ['send_message', ['nurse'], 'notify_nurse_of_open_drawer_for_nurse_completed'], ['wait_message', ['nurse'], 'wait_nurse_to_complete_deposit'], ['operate_drawer', ['close'], 'close_drawer_nurse'], ['navigation', ['Laboratory', [[-33.9, 18.93, 3.14], [-37.0, 18.93], [-37.0, 16.0], [-26.0, 16.0], [-26.0, 13.0, 1.57]]], 'navto_lab'], ['approach_robot', ['lab_arm'], 'approach_arm'], ['operate_drawer', ['open'], 'open_drawer_lab'], ['send_message', ['lab_arm'], 'notify_lab_arm_of_open_drawer_lab_completed'], ['wait_message', ['lab_arm'], 'wait_lab_arm_to_complete_pick_up_sample'], ['operate_drawer', ['close'], 'close_drawer_lab']], 'location': 'PC Room 6', 'name': 'r2', 'position': [-19.0, 18.0, -1.57], 'skills': ['approach_person', 'approach_robot', 'authenticate_person', 'navigation', 'operate_drawer']}, None, None
0.00, [DEBUG], logger, Simulation open, None, None
10.02, [INFO], robot2, {'y': 17.565, 'x': -19.14, 'yaw': 3.141}, None, None
10.02, [INFO], robot2, {'battery-level': '57.31'}, None, None
20.07, [INFO], robot2, {'battery-level': '56.77'}, None, None
20.07, [INFO], robot2, {'y': 16.197, 'x': -20.215, 'yaw': -3.141}, None, None
30.05, [INFO], robot2, {'battery-level': '56.23'}, None, None
30.05, [INFO], robot2, {'y': 16.245, 'x': -22.32, 'yaw': 3.141}, None, None
40.02, [INFO], robot2, {'battery-level': '55.69'}, None, None
40.02, [INFO], robot2, {'y': 16.147, 'x': -24.421, 'yaw': 3.141}, None, None
50.01, [INFO], robot2, {'y': 16.092, 'x': -26.536, 'yaw': -3.141}, None, None
50.01, [INFO], robot2, {'battery-level': '55.15'}, None, None
60.07, [INFO], robot2, {'battery-level': '54.61'}, None, None
60.07, [INFO], robot2, {'y': 16.232, 'x': -28.659, 'yaw': 3.142}, None, None
70.07, [INFO], robot2, {'y': 16.13, 'x': -30.765, 'yaw': 3.14}, None, None
70.07, [INFO], robot2, {'battery-level': '54.07'}, None, None
80.03, [INFO], robot2, {'battery-level': '53.53'}, None, None
80.03, [INFO], robot2, {'y': 15.826, 'x': -32.869, 'yaw': -3.141}, None, None
90.00, [INFO], robot2, {'battery-level': '52.99'}, None, None
90.00, [INFO], robot2, {'y': 15.316, 'x': -34.932, 'yaw': -3.141}, None, None
100.08, [INFO], robot2, {'y': 15.929, 'x': -36.938, 'yaw': -3.141}, None, None
100.08, [INFO], robot2, {'battery-level': '52.45'}, None, None
110.05, [INFO], robot2, {'battery-level': '51.91'}, None, None
110.05, [INFO], robot2, {'y': 17.607, 'x': -36.822, 'yaw': -3.141}, None, None
120.03, [INFO], robot2, {'battery-level': '51.37'}, None, None
120.03, [INFO], robot2, {'y': 17.711, 'x': -36.808, 'yaw': -3.141}, None, None
130.01, [INFO], robot2, {'y': 17.707, 'x': -36.808, 'yaw': -3.141}, None, None
130.01, [INFO], robot2, {'battery-level': '50.83'}, None, None
140.08, [INFO], robot2, {'y': 17.838, 'x': -35.844, 'yaw': 3.141}, None, None
140.08, [INFO], robot2, {'battery-level': '50.29'}, None, None
150.05, [INFO], robot2, {'battery-level': '49.75'}, None, None
150.05, [INFO], robot2, {'y': 17.968, 'x': -35.969, 'yaw': 3.136}, None, None
160.02, [INFO], robot2, {'y': 18.327, 'x': -35.643, 'yaw': -3.141}, None, None
160.02, [INFO], robot2, {'battery-level': '49.21'}, None, None
170.09, [INFO], robot2, {'battery-level': '48.67'}, None, None
170.09, [INFO], robot2, {'y': 18.169, 'x': -35.6, 'yaw': -2.951}, None, None
180.06, [INFO], robot2, {'battery-level': '48.13'}, None, None
180.06, [INFO], robot2, {'y': 18.061, 'x': -35.54, 'yaw': 3.14}, None, None
190.05, [INFO], robot2, {'y': 18.022, 'x': -35.531, 'yaw': -3.14}, None, None
190.05, [INFO], robot2, {'battery-level': '47.59'}, None, None
200.01, [INFO], robot2, {'battery-level': '47.05'}, None, None
200.01, [INFO], robot2, {'y': 17.979, 'x': -35.725, 'yaw': -3.142}, None, None
210.05, [INFO], robot2, {'battery-level': '46.51'}, None, None
210.05, [INFO], robot2, {'y': 18.358, 'x': -35.776, 'yaw': 3.141}, None, None
220.02, [INFO], robot2, {'y': 18.321, 'x': -35.753, 'yaw': 3.142}, None, None
220.02, [INFO], robot2, {'battery-level': '45.97'}, None, None
227.75, [WARN], robot2, SKILL-FAILURE, navigation, navto_room
230.01, [INFO], robot2, {'battery-level': '45.43'}, None, None
230.01, [INFO], robot2, {'y': 18.325, 'x': -35.635, 'yaw': -3.142}, None, None
