30.06, [INFO], robot4, {'battery-level': '47.49'}, None, None
30.06, [INFO], robot4, {'y': 34.619, 'x': -34.572, 'yaw': 3.141}, None, None
40.04, [INFO], robot4, {'battery-level': '46.89'}, None, None
40.04, [INFO], robot4, {'y': 34.218, 'x': -36.595, 'yaw': 3.136}, None, None
50.00, [INFO], robot4, {'y': 32.222, 'x': -36.853, 'yaw': -3.142}, None, None
50.00, [INFO], robot4, {'battery-level': '46.29'}, None, None
60.08, [INFO], robot4, {'battery-level': '45.69'}, None, None
60.08, [INFO], robot4, {'y': 30.092, 'x': -36.83, 'yaw': -3.142}, None, None
70.01, [INFO], robot4, {'battery-level': '45.09'}, None, None
70.01, [INFO], robot4, {'y': 28.001, 'x': -36.883, 'yaw': -3.142}, None, None
80.08, [INFO], robot4, {'battery-level': '44.49'}, None, None
80.08, [INFO], robot4, {'y': 25.872, 'x': -36.896, 'yaw': 3.142}, None, None
90.05, [INFO], robot4, {'y': 23.778, 'x': -36.961, 'yaw': 3.141}, None, None
90.05, [INFO], robot4, {'battery-level': '43.89'}, None, None
100.04, [INFO], robot4, {'battery-level': '43.29'}, None, None
100.04, [INFO], robot4, {'y': 21.678, 'x': -37.143, 'yaw': -3.141}, None, None
110.08, [INFO], robot4, {'battery-level': '42.69'}, None, None
110.08, [INFO], robot4, {'y': 21.255, 'x': -38.093, 'yaw': -3.142}, None, None
111.83, [info], nurse, sync, received-request, (status=sending-request)
111.83, [info], nurse, sync, request-sent, (status=waiting)
111.83, [info], nurse, sync, wait-message, (status=message-received)
120.07, [INFO], robot4, {'battery-level': '42.09'}, None, None
120.07, [INFO], robot4, {'y': 20.441, 'x': -37.174, 'yaw': 3.142}, None, None
130.03, [INFO], robot4, {'battery-level': '41.49'}, None, None
130.03, [INFO], robot4, {'y': 18.324, 'x': -37.08, 'yaw': 3.141}, None, None
140.03, [INFO], robot4, {'battery-level': '40.89'}, None, None
140.03, [INFO], robot4, {'y': 16.201, 'x': -36.939, 'yaw': 3.142}, None, None
150.02, [INFO], robot4, {'battery-level': '40.29'}, None, None
150.02, [INFO], robot4, {'y': 15.552, 'x': -34.954, 'yaw': -3.141}, None, None
160.02, [INFO], robot4, {'battery-level': '39.69'}, None, None
160.02, [INFO], robot4, {'y': 15.49, 'x': -32.841, 'yaw': -3.14}, None, None
170.07, [INFO], robot4, {'battery-level': '39.09'}, None, None
170.07, [INFO], robot4, {'y': 15.534, 'x': -30.691, 'yaw': -3.141}, None, None
180.09, [INFO], robot4, {'battery-level': '38.49'}, None, None
180.09, [INFO], robot4, {'y': 15.703, 'x': -28.591, 'yaw': 3.14}, None, None
190.02, [INFO], robot4, {'y': 15.815, 'x': -26.491, 'yaw': 3.141}, None, None
190.02, [INFO], robot4, {'battery-level': '37.89'}, None, None
200.06, [INFO], robot4, {'battery-level': '37.29'}, None, None
200.06, [INFO], robot4, {'y': 13.957, 'x': -25.752, 'yaw': -3.142}, None, None
210.03, [INFO], robot4, {'y': 12.865, 'x': -25.941, 'yaw': 3.142}, None, None
210.03, [INFO], robot4, {'battery-level': '36.69'}, None, None
212.96, [info], lab_arm, sync, wait-message, (status=message-received)
213.88, [WARN], robot4, SUCCESS, None, None
220.08, [INFO], robot4, {'y': 12.857, 'x': -25.94, 'yaw': 3.142}, None, None
220.08, [INFO], robot4, {'battery-level': '36.09'}, None, None
