30.02, [INFO], robot2, {'battery-level': '56.39'}, None, None
30.02, [INFO], robot2, {'y': 16.177, 'x': -21.918, 'yaw': -3.141}, None, None
40.03, [INFO], robot2, {'y': 16.106, 'x': -24.041, 'yaw': 3.141}, None, None
40.03, [INFO], robot2, {'battery-level': '55.85'}, None, None
50.04, [INFO], robot2, {'y': 16.089, 'x': -26.15, 'yaw': 3.141}, None, None
50.04, [INFO], robot2, {'battery-level': '55.31'}, None, None
60.01, [INFO], robot2, {'y': 16.239, 'x': -28.229, 'yaw': -3.142}, None, None
60.01, [INFO], robot2, {'battery-level': '54.77'}, None, None
70.05, [INFO], robot2, {'battery-level': '54.23'}, None, None
70.05, [INFO], robot2, {'y': 17.897, 'x': -28.586, 'yaw': -3.142}, None, None
80.05, [INFO], robot2, {'y': 18.035, 'x': -28.659, 'yaw': 3.141}, None, None
80.05, [INFO], robot2, {'battery-level': '53.69'}, None, None
82.51, [info], nurse, sync, received-request, (status=sending-request)
82.51, [info], nurse, sync, request-sent, (status=waiting)
82.51, [info], nurse, sync, wait-message, (status=message-received)
90.04, [INFO], robot2, {'battery-level': '53.15'}, None, None
90.04, [INFO], robot2, {'y': 16.686, 'x': -28.716, 'yaw': -3.141}, None, None
100.03, [INFO], robot2, {'battery-level': '52.61'}, None, None
100.03, [INFO], robot2, {'y': 16.111, 'x': -27.057, 'yaw': 3.142}, None, None
110.07, [INFO], robot2, {'battery-level': '52.07'}, None, None
110.07, [INFO], robot2, {'y': 14.654, 'x': -25.85, 'yaw': 3.142}, None, None
120.08, [INFO], robot2, {'battery-level': '51.53'}, None, None
120.08, [INFO], robot2, {'y': 12.913, 'x': -25.929, 'yaw': 3.141}, None, None
130.09, [INFO], robot2, {'battery-level': '50.99'}, None, None
130.09, [INFO], robot2, {'y': 12.839, 'x': -26.002, 'yaw': 3.142}, None, None
133.85, [info], lab_arm, sync, wait-message, (status=message-received)
134.77, [WARN], robot2, SUCCESS, None, None
140.01, [INFO], robot2, {'y': 12.835, 'x': -25.999, 'yaw': 3.142}, None, None
140.01, [INFO], robot2, {'battery-level': '50.45'}, None, None
