30.04, [INFO], robot3, {'y': 20.3, 'x': -37.1, 'yaw': 3.142}, None, None
30.04, [INFO], robot3, {'battery-level': '71.60'}, None, None
40.06, [INFO], robot3, {'battery-level': '71.24'}, None, None
40.06, [INFO], robot3, {'y': 18.413, 'x': -36.329, 'yaw': 3.142}, None, None
50.08, [INFO], robot3, {'battery-level': '70.88'}, None, None
50.08, [INFO], robot3, {'y': 18.049, 'x': -34.492, 'yaw': 3.141}, None, None
60.05, [INFO], robot3, {'battery-level': '70.52'}, None, None
60.05, [INFO], robot3, {'y': 18.964, 'x': -33.881, 'yaw': 3.142}, None, None
62.70, [info], nurse, sync, received-request, (status=sending-request)
62.70, [info], nurse, sync, request-sent, (status=waiting)
62.70, [info], nurse, sync, wait-message, (status=message-received)
70.01, [INFO], robot3, {'battery-level': '70.16'}, None, None
70.01, [INFO], robot3, {'y': 17.998, 'x': -34.652, 'yaw': -3.14}, None, None
80.01, [INFO], robot3, {'y': 17.932, 'x': -36.089, 'yaw': 3.142}, None, None
80.01, [INFO], robot3, {'battery-level': '69.80'}, None, None
90.07, [INFO], robot3, {'y': 17.979, 'x': -36.16, 'yaw': -3.136}, None, None
90.07, [INFO], robot3, {'battery-level': '69.44'}, None, None
100.02, [INFO], robot3, {'y': 17.843, 'x': -36.27, 'yaw': 3.141}, None, None
100.02, [INFO], robot3, {'battery-level': '69.08'}, None, None
110.09, [INFO], robot3, {'y': 17.317, 'x': -36.85, 'yaw': -3.141}, None, None
110.09, [INFO], robot3, {'battery-level': '68.72'}, None, None
120.06, [INFO], robot3, {'battery-level': '68.36'}, None, None
120.06, [INFO], robot3, {'y': 17.116, 'x': -36.769, 'yaw': 3.142}, None, None
130.08, [INFO], robot3, {'battery-level': '68.00'}, None, None
130.08, [INFO], robot3, {'y': 17.241, 'x': -36.829, 'yaw': -3.142}, None, None
140.09, [INFO], robot3, {'y': 17.519, 'x': -36.843, 'yaw': 3.141}, None, None
140.09, [INFO], robot3, {'battery-level': '67.64'}, None, None
150.06, [INFO], robot3, {'y': 17.474, 'x': -36.917, 'yaw': 3.142}, None, None
150.06, [INFO], robot3, {'battery-level': '67.28'}, None, None
160.03, [INFO], robot3, {'battery-level': '66.92'}, None, None
160.03, [INFO], robot3, {'y': 17.421, 'x': -36.834, 'yaw': 3.142}, None, None
170.01, [INFO], robot3, {'y': 17.38, 'x': -37.03, 'yaw': 3.142}, None, None
170.01, [INFO], robot3, {'battery-level': '66.56'}, None, None
180.09, [INFO], robot3, {'y': 17.362, 'x': -36.586, 'yaw': 3.141}, None, None
180.09, [INFO], robot3, {'battery-level': '66.20'}, None, None
190.08, [INFO], robot3, {'battery-level': '65.84'}, None, None
190.08, [INFO], robot3, {'y': 17.43, 'x': -36.884, 'yaw': -3.141}, None, None
200.08, [INFO], robot3, {'battery-level': '65.48'}, None, None
200.08, [INFO], robot3, {'y': 17.43, 'x': -36.876, 'yaw': 3.141}, None, None
210.08, [INFO], robot3, {'battery-level': '65.12'}, None, None
210.08, [INFO], robot3, {'y': 17.315, 'x': -36.85, 'yaw': -3.141}, None, None
220.09, [INFO], robot3, {'battery-level': '64.76'}, None, None
220.09, [INFO], robot3, {'y': 17.415, 'x': -37.025, 'yaw': -3.141}, None, None
230.09, [INFO], robot3, {'battery-level': '64.40'}, None, None
230.09, [INFO], robot3, {'y': 17.323, 'x': -36.839, 'yaw': -3.141}, None, None
240.08, [INFO], robot3, {'battery-level': '64.04'}, None, None
240.08, [INFO], robot3, {'y': 17.382, 'x': -37.015, 'yaw': -3.141}, None, None
245.68, [WARN], robot3, SKILL-FAILURE, navigation, navto_lab
250.09, [INFO], robot3, {'battery-level': '63.68'}, None, None
250.09, [INFO], robot3, {'y': 17.292, 'x': -36.99, 'yaw': 3.142}, None, None
