30.05, [INFO], robot6, {'y': 18.873, 'x': -34.086, 'yaw': 3.141}, None, None
30.05, [INFO], robot6, {'battery-level': '90.31'}, None, None
40.04, [INFO], robot6, {'y': 17.78, 'x': -35.678, 'yaw': 3.142}, None, None
40.04, [INFO], robot6, {'battery-level': '89.59'}, None, None
50.05, [INFO], robot6, {'battery-level': '88.87'}, None, None
50.05, [INFO], robot6, {'y': 19.363, 'x': -36.957, 'yaw': -3.141}, None, None
60.03, [INFO], robot6, {'battery-level': '88.15'}, None, None
60.03, [INFO], robot6, {'y': 21.377, 'x': -37.207, 'yaw': 3.142}, None, None
70.08, [INFO], robot6, {'y': 21.444, 'x': -38.07, 'yaw': 3.141}, None, None
70.08, [INFO], robot6, {'battery-level': '87.43'}, None, None
72.17, [info], nurse, sync, received-request, (status=sending-request)
72.17, [info], nurse, sync, request-sent, (status=waiting)
72.17, [info], nurse, sync, wait-message, (status=message-received)
80.02, [INFO], robot6, {'battery-level': '86.71'}, None, None
80.02, [INFO], robot6, {'y': 20.663, 'x': -37.193, 'yaw': 3.137}, None, None
90.09, [INFO], robot6, {'y': 18.547, 'x': -37.145, 'yaw': 3.141}, None, None
90.09, [INFO], robot6, {'battery-level': '85.99'}, None, None
100.06, [INFO], robot6, {'battery-level': '85.27'}, None, None
100.06, [INFO], robot6, {'y': 16.43, 'x': -37.049, 'yaw': 3.141}, None, None
110.04, [INFO], robot6, {'y': 15.591, 'x': -35.265, 'yaw': -3.141}, None, None
110.04, [INFO], robot6, {'battery-level': '84.55'}, None, None
120.03, [INFO], robot6, {'battery-level': '83.83'}, None, None
120.03, [INFO], robot6, {'y': 15.425, 'x': -33.171, 'yaw': 3.14}, None, None
130.06, [INFO], robot6, {'battery-level': '83.11'}, None, None
130.06, [INFO], robot6, {'y': 15.5, 'x': -31.04, 'yaw': -3.141}, None, None
140.08, [INFO], robot6, {'y': 15.72, 'x': -28.936, 'yaw': -3.141}, None, None
140.08, [INFO], robot6, {'battery-level': '82.39'}, None, None
150.04, [INFO], robot6, {'battery-level': '81.67'}, None, None
150.04, [INFO], robot6, {'y': 15.805, 'x': -26.85, 'yaw': 3.142}, None, None
160.06, [INFO], robot6, {'battery-level': '80.95'}, None, None
160.06, [INFO], robot6, {'y': 14.222, 'x': -25.755, 'yaw': -3.139}, None, None
170.00, [INFO], robot6, {'y': 12.869, 'x': -25.944, 'yaw': -3.142}, None, None
170.00, [INFO], robot6, {'battery-level': '80.23'}, None, None
174.12, [info], lab_arm, sync, wait-message, (status=message-received)
174.89, [WARN], robot6, SUCCESS, None, None
