30.04, [INFO], robot6, {'battery-level': '90.45'}, None, None
30.04, [INFO], robot6, {'y': 18.93, 'x': -33.9, 'yaw': -3.142}, None, None
40.00, [INFO], robot6, {'battery-level': '89.73'}, None, None
40.00, [INFO], robot6, {'y': 18.052, 'x': -34.452, 'yaw': 3.141}, None, None
50.07, [INFO], robot6, {'y': 18.243, 'x': -36.42, 'yaw': 3.142}, None, None
50.07, [INFO], robot6, {'battery-level': '89.01'}, None, None
60.04, [INFO], robot6, {'battery-level': '88.29'}, None, None
60.04, [INFO], robot6, {'y': 20.247, 'x': -36.878, 'yaw': 3.141}, None, None
70.04, [INFO], robot6, {'y': 21.45, 'x': -37.999, 'yaw': 3.141}, None, None
70.04, [INFO], robot6, {'battery-level': '87.57'}, None, None
76.75, [info], nurse, sync, received-request, (status=sending-request)
76.75, [info], nurse, sync, request-sent, (status=waiting)
76.83, [info], nurse, sync, wait-message, (status=message-received)
80.04, [INFO], robot6, {'battery-level': '86.85'}, None, None
80.04, [INFO], robot6, {'y': 21.412, 'x': -37.638, 'yaw': -3.141}, None, None
90.01, [INFO], robot6, {'battery-level': '86.13'}, None, None
90.01, [INFO], robot6, {'y': 19.537, 'x': -37.199, 'yaw': 3.136}, None, None
100.06, [INFO], robot6, {'y': 17.414, 'x': -37.076, 'yaw': 3.141}, None, None
100.06, [INFO], robot6, {'battery-level': '85.41'}, None, None
110.02, [INFO], robot6, {'y': 15.862, 'x': -36.164, 'yaw': 3.142}, None, None
110.02, [INFO], robot6, {'battery-level': '84.69'}, None, None
120.06, [INFO], robot6, {'battery-level': '83.97'}, None, None
120.06, [INFO], robot6, {'y': 15.378, 'x': -34.076, 'yaw': -3.141}, None, None
130.06, [INFO], robot6, {'y': 15.468, 'x': -31.958, 'yaw': 3.142}, None, None
130.06, [INFO], robot6, {'battery-level': '83.25'}, None, None
140.03, [INFO], robot6, {'y': 15.623, 'x': -29.856, 'yaw': 3.142}, None, None
140.03, [INFO], robot6, {'battery-level': '82.53'}, None, None
150.05, [INFO], robot6, {'battery-level': '81.81'}, None, None
150.05, [INFO], robot6, {'y': 15.794, 'x': -27.737, 'yaw': 3.141}, None, None
160.08, [INFO], robot6, {'battery-level': '81.09'}, None, None
160.08, [INFO], robot6, {'y': 15.255, 'x': -25.885, 'yaw': 3.141}, None, None
170.01, [INFO], robot6, {'y': 13.164, 'x': -25.784, 'yaw': -3.142}, None, None
170.01, [INFO], robot6, {'battery-level': '80.37'}, None, None
180.01, [INFO], robot6, {'y': 12.86, 'x': -25.942, 'yaw': -3.142}, None, None
180.01, [INFO], robot6, {'battery-level': '79.65'}, None, None
180.01, [info], lab_arm, sync, wait-message, (status=message-received)
180.83, [WARN], robot6, SUCCESS, None, None
