0.00, [INFO], robot6, {'battery-level': '54.08'}, None, None
0.00, [DEBUG], logger, ROBOTS_CONFIG={'avg_speed': 0.15, 'battery_charge': 0.5408465660492595, 'battery_discharge_rate': 0.00072, 'id': 6, 'local_plan': [['navigation', ['IC Room 2', [[-33.9, 18.93, 3.14], [-37.0, 18.93], [-37.0, 21.5], [-38.0, 21.5, 0.0]]], 'navto_room'], ['approach_person', ['nurse'], 'approach_nurse'], ['authenticate_person', ['nurse'], 'authenticate_nurse'], ['operate_drawer', ['open'], 'open_drawer_for_nurse'], ['send_message', ['nurse'], 'notify_nurse_of_open_drawer_for_nurse_completed'], ['wait_message', ['nurse'], 'wait_nurse_to_complete_deposit'], ['operate_drawer', ['close'], 'close_drawer_nurse'], ['navigation', ['Laboratory', [[-38.0, 21.5, 0.0], [-37.0, 21.5], [-37.0, 16.0], [-26.0, 16.0], [-26.0, 13.0, 1.57]]], 'navto_lab'], ['approach_robot', ['lab_arm'], 'approach_arm'], ['operate_drawer', ['open'], 'open_drawer_lab'], ['send_message', ['lab_arm'], 'notify_lab_arm_of_open_drawer_lab_completed'], ['wait_message', ['lab_arm'], 'wait_lab_arm_to_complete_pick_up_sample'], ['operate_drawer', ['close'], 'close_drawer_lab']], 'location': 'IC Room 6', 'name': 'r6', 'position': [-33.9, 18.93, 3.14], 'skills': ['approach_person', 'approach_robot', 'authenticate_person', 'navigation', 'operate_drawer']}, None, None
0.00, [DEBUG], logger, Simulation open, None, None
10.07, [INFO], robot6, {'battery-level': '53.44'}, None, None
10.07, [INFO], robot6, {'y': 18.782, 'x': -34.189, 'yaw': 3.142}, None, None
20.00, [INFO], robot6, {'battery-level': '52.72'}, None, None
20.00, [INFO], robot6, {'y': 17.812, 'x': -35.832, 'yaw': 3.141}, None, None
30.04, [INFO], robot6, {'y': 19.4, 'x': -36.965, 'yaw': 3.141}, None, None
30.04, [INFO], robot6, {'battery-level': '52.00'}, None, None
40.08, [INFO], robot6, {'y': 21.405, 'x': -37.294, 'yaw': 3.142}, None, None
40.08, [INFO], robot6, {'battery-level': '51.28'}, None, None
50.02, [INFO], robot6, {'y': 21.483, 'x': -38.058, 'yaw': -3.141}, None, None
50.02, [INFO], robot6, {'battery-level': '50.56'}, None, None
56.59, [info], nurse, sync, received-request, (status=sending-request)
56.59, [info], nurse, sync, request-sent, (status=waiting)
56.59, [info], nurse, sync, wait-message, (status=message-received)
60.06, [INFO], robot6, {'y': 21.397, 'x': -37.598, 'yaw': -3.141}, None, None
60.06, [INFO], robot6, {'battery-level': '49.84'}, None, None
70.05, [INFO], robot6, {'y': 19.506, 'x': -37.157, 'yaw': 3.14}, None, None
70.05, [INFO], robot6, {'battery-level': '49.12'}, None, None
80.07, [INFO], robot6, {'battery-level': '48.40'}, None, None
80.07, [INFO], robot6, {'y': 17.366, 'x': -37.134, 'yaw': 3.14}, None, None
90.08, [INFO], robot6, {'y': 15.921, 'x': -36.015, 'yaw': 3.142}, None, None
90.08, [INFO], robot6, {'battery-level': '47.68'}, None, None
100.01, [INFO], robot6, {'battery-level': '46.96'}, None, None
100.01, [INFO], robot6, {'y': 15.345, 'x': -33.969, 'yaw': -3.142}, None, None
110.03, [INFO], robot6, {'battery-level': '46.24'}, None, None
110.03, [INFO], robot6, {'y': 15.545, 'x': -31.842, 'yaw': -3.142}, None, None
120.07, [INFO], robot6, {'battery-level': '45.52'}, None, None
120.07, [INFO], robot6, {'y': 15.637, 'x': -29.707, 'yaw': 3.142}, None, None
130.09, [INFO], robot6, {'battery-level': '44.80'}, None, None
130.09, [INFO], robot6, {'y': 15.804, 'x': -27.583, 'yaw': 3.142}, None, None
140.00, [INFO], robot6, {'battery-level': '44.08'}, None, None
140.00, [INFO], robot6, {'y': 15.117, 'x': -25.889, 'yaw': -3.142}, None, None
150.02, [INFO], robot6, {'battery-level': '43.36'}, None, None
150.02, [INFO], robot6, {'y': 13.078, 'x': -25.841, 'yaw': -3.142}, None, None
159.54, [info], lab_arm, sync, wait-message, (status=message-received)
160.03, [INFO], robot6, {'battery-level': '42.64'}, None, None
160.03, [INFO], robot6, {'y': 12.9, 'x': -25.953, 'yaw': 3.141}, None, None
160.51, [WARN], robot6, SUCCESS, None, None
170.02, [INFO], robot6, {'battery-level': '41.92'}, None, None
170.02, [INFO], robot6, {'y': 12.901, 'x': -25.953, 'yaw': -3.142}, None, None
