0.19, [DEBUG], logger, ROBOTS_CONFIG={'avg_speed': 0.15, 'battery_charge': 0.5408465660492595, 'battery_discharge_rate': 0.00072, 'id': 6, 'local_plan': [['navigation', ['IC Room 2', [[-33.9, 18.93, 3.14], [-37.0, 18.93], [-37.0, 21.5], [-38.0, 21.5, 0.0]]], 'navto_room'], ['approach_person', ['nurse'], 'approach_nurse'], ['authenticate_person', ['nurse'], 'authenticate_nurse'], ['operate_drawer', ['open'], 'open_drawer_for_nurse'], ['send_message', ['nurse'], 'notify_nurse_of_open_drawer_for_nurse_completed'], ['wait_message', ['nurse'], 'wait_nurse_to_complete_deposit'], ['operate_drawer', ['close'], 'close_drawer_nurse'], ['navigation', ['Laboratory', [[-38.0, 21.5, 0.0], [-37.0, 21.5], [-37.0, 16.0], [-26.0, 16.0], [-26.0, 13.0, 1.57]]], 'navto_lab'], ['approach_robot', ['lab_arm'], 'approach_arm'], ['operate_drawer', ['open'], 'open_drawer_lab'], ['send_message', ['lab_arm'], 'notify_lab_arm_of_open_drawer_lab_completed'], ['wait_message', ['lab_arm'], 'wait_lab_arm_to_complete_pick_up_sample'], ['operate_drawer', ['close'], 'close_drawer_lab']], 'location': 'IC Room 6', 'name': 'r6', 'position': [-33.9, 18.93, 3.14], 'skills': ['approach_person', 'approach_robot', 'authenticate_person', 'navigation', 'operate_drawer']}, None, None
0.19, [DEBUG], logger, Simulation open, None, None
10.01, [INFO], robot6, {'battery-level': '53.44'}, None, None
10.01, [INFO], robot6, {'y': 18.697, 'x': -34.244, 'yaw': 3.142}, None, None
20.02, [INFO], robot6, {'battery-level': '52.72'}, None, None
20.02, [INFO], robot6, {'y': 17.863, 'x': -35.894, 'yaw': 3.141}, None, None
30.06, [INFO], robot6, {'battery-level': '52.00'}, None, None
30.06, [INFO], robot6, {'y': 19.58, 'x': -36.895, 'yaw': 3.137}, None, None
40.08, [INFO], robot6, {'battery-level': '51.28'}, None, None
40.08, [INFO], robot6, {'y': 21.47, 'x': -37.453, 'yaw': -3.141}, None, None
50.01, [INFO], robot6, {'battery-level': '50.56'}, None, None
50.01, [INFO], robot6, {'y': 21.432, 'x': -38.051, 'yaw': 3.137}, None, None
57.93, [info], nurse, sync, received-request, (status=sending-request)
57.93, [info], nurse, sync, request-sent, (status=waiting)
57.93, [info], nurse, sync, wait-message, (status=message-received)
60.05, [INFO], robot6, {'y': 21.42, 'x': -37.936, 'yaw': -3.139}, None, None
60.05, [INFO], robot6, {'battery-level': '49.84'}, None, None
70.08, [INFO], robot6, {'y': 19.871, 'x': -37.208, 'yaw': 3.141}, None, None
70.08, [INFO], robot6, {'battery-level': '49.12'}, None, None
80.03, [INFO], robot6, {'battery-level': '48.40'}, None, None
80.03, [INFO], robot6, {'y': 17.772, 'x': -37.095, 'yaw': 3.141}, None, None
90.05, [INFO], robot6, {'battery-level': '47.68'}, None, None
90.05, [INFO], robot6, {'y': 15.844, 'x': -36.595, 'yaw': 3.14}, None, None
100.06, [INFO], robot6, {'y': 15.406, 'x': -34.507, 'yaw': 3.142}, None, None
100.06, [INFO], robot6, {'battery-level': '46.96'}, None, None
110.06, [INFO], robot6, {'battery-level': '46.24'}, None, None
110.06, [INFO], robot6, {'y': 15.562, 'x': -32.379, 'yaw': -3.142}, None, None
120.01, [INFO], robot6, {'y': 15.622, 'x': -30.28, 'yaw': 3.141}, None, None
120.01, [INFO], robot6, {'battery-level': '45.52'}, None, None
130.03, [INFO], robot6, {'battery-level': '44.80'}, None, None
130.03, [INFO], robot6, {'y': 15.763, 'x': -28.164, 'yaw': 3.142}, None, None
140.08, [INFO], robot6, {'y': 15.581, 'x': -26.13, 'yaw': -3.142}, None, None
140.08, [INFO], robot6, {'battery-level': '44.08'}, None, None
150.04, [INFO], robot6, {'battery-level': '43.36'}, None, None
150.04, [INFO], robot6, {'y': 13.529, 'x': -25.676, 'yaw': -3.142}, None, None
160.04, [INFO], robot6, {'y': 12.901, 'x': -25.954, 'yaw': -3.142}, None, None
160.04, [INFO], robot6, {'battery-level': '42.64'}, None, None
162.54, [info], lab_arm, sync, wait-message, (status=message-received)
163.50, [WARN], robot6, SUCCESS, None, None
170.09, [INFO], robot6, {'battery-level': '41.92'}, None, None
170.09, [INFO], robot6, {'y': 12.898, 'x': -25.952, 'yaw': 3.142}, None, None
