0.00, [DEBUG], nurse, NURSE_CONFIG={'location': 'PC Room 3', 'position': [-28.5, 18.0, -1.57]}, None, None
0.00, [INFO], robot6, {'battery-level': '91.10'}, None, None
0.00, [DEBUG], logger, ROBOTS_CONFIG={'avg_speed': 0.15, 'battery_charge': 0.9109794326728246, 'battery_discharge_rate': 0.00072, 'id': 6, 'local_plan': [['navigation', ['PC Room 3', [[-27.23, 18.0, -1.57], [-27.23, 16.0], [-28.5, 16.0], [-28.5, 18.0, -1.57]]], 'navto_room'], ['approach_person', ['nurse'], 'approach_nurse'], ['authenticate_person', ['nurse'], 'authenticate_nurse'], ['operate_drawer', ['open'], 'open_drawer_for_nurse'], ['send_message', ['nurse'], 'notify_nurse_of_open_drawer_for_nurse_completed'], ['wait_message', ['nurse'], 'wait_nurse_to_complete_deposit'], ['operate_drawer', ['close'], 'close_drawer_nurse'], ['navigation', ['Laboratory', [[-28.5, 18.0, -1.57], [-28.5, 16.0], [-26.0, 16.0], [-26.0, 13.0, 1.57]]], 'navto_lab'], ['approach_robot', ['lab_arm'], 'approach_arm'], ['operate_drawer', ['open'], 'open_drawer_lab'], ['send_message', ['lab_arm'], 'notify_lab_arm_of_open_drawer_lab_completed'], ['wait_message', ['lab_arm'], 'wait_lab_arm_to_complete_pick_up_sample'], ['operate_drawer', ['close'], 'close_drawer_lab']], 'location': 'PC Room 4', 'name': 'r6', 'position': [-27.23, 18.0, -1.57], 'skills': ['approach_person', 'approach_robot', 'authenticate_person', 'navigation', 'operate_drawer']}, None, None
0.00, [DEBUG], logger, Simulation open, None, None
10.02, [INFO], robot6, {'y': 17.655, 'x': -27.184, 'yaw': -3.142}, None, None
10.02, [INFO], robot6, {'battery-level': '90.45'}, None, None
20.09, [INFO], robot6, {'battery-level': '89.73'}, None, None
20.09, [INFO], robot6, {'y': 16.381, 'x': -27.847, 'yaw': 3.14}, None, None
30.03, [INFO], robot6, {'battery-level': '89.01'}, None, None
30.03, [INFO], robot6, {'y': 17.836, 'x': -28.598, 'yaw': 3.141}, None, None
40.08, [INFO], robot6, {'battery-level': '88.29'}, None, None
40.08, [INFO], robot6, {'y': 17.93, 'x': -28.608, 'yaw': 3.142}, None, None
48.27, [info], nurse, sync, received-request, (status=sending-request)
48.27, [info], nurse, sync, request-sent, (status=waiting)
48.27, [info], nurse, sync, wait-message, (status=message-received)
50.01, [INFO], robot6, {'y': 17.896, 'x': -28.643, 'yaw': -3.141}, None, None
50.01, [INFO], robot6, {'battery-level': '87.57'}, None, None
60.07, [INFO], robot6, {'y': 16.024, 'x': -28.32, 'yaw': 3.141}, None, None
60.07, [INFO], robot6, {'battery-level': '86.85'}, None, None
70.04, [INFO], robot6, {'battery-level': '86.13'}, None, None
70.04, [INFO], robot6, {'y': 15.87, 'x': -26.229, 'yaw': 3.142}, None, None
80.08, [INFO], robot6, {'y': 13.815, 'x': -25.764, 'yaw': -3.142}, None, None
80.08, [INFO], robot6, {'battery-level': '85.41'}, None, None
90.02, [INFO], robot6, {'battery-level': '84.69'}, None, None
90.02, [INFO], robot6, {'y': 12.912, 'x': -25.954, 'yaw': -3.142}, None, None
92.35, [info], lab_arm, sync, wait-message, (status=message-received)
93.22, [WARN], robot6, SUCCESS, None, None
100.06, [INFO], robot6, {'battery-level': '83.97'}, None, None
100.06, [INFO], robot6, {'y': 12.909, 'x': -25.952, 'yaw': -3.142}, None, None
