0.00, [INFO], robot3, {'battery-level': '72.32'}, None, None
0.00, [DEBUG], nurse, NURSE_CONFIG={'location': 'IC Room 6', 'position': [-33.9, 18.93, 3.14]}, None, None
0.12, [DEBUG], logger, ROBOTS_CONFIG={'avg_speed': 0.15, 'battery_charge': 0.7232396784987936, 'battery_discharge_rate': 0.00036, 'id': 3, 'local_plan': [['navigation', ['IC Room 6', [[-38.0, 21.5, 0.0], [-37.0, 21.5], [-37.0, 18.93], [-33.9, 18.93, 3.14]]], 'navto_room'], ['approach_person', ['nurse'], 'approach_nurse'], ['authenticate_person', ['nurse'], 'authenticate_nurse'], ['operate_drawer', ['open'], 'open_drawer_for_nurse'], ['send_message', ['nurse'], 'notify_nurse_of_open_drawer_for_nurse_completed'], ['wait_message', ['nurse'], 'wait_nurse_to_complete_deposit'], ['operate_drawer', ['close'], 'close_drawer_nurse'], ['navigation', ['Laboratory', [[-33.9, 18.93, 3.14], [-37.0, 18.93], [-37.0, 16.0], [-26.0, 16.0], [-26.0, 13.0, 1.57]]], 'navto_lab'], ['approach_robot', ['lab_arm'], 'approach_arm'], ['operate_drawer', ['open'], 'open_drawer_lab'], ['send_message', ['lab_arm'], 'notify_lab_arm_of_open_drawer_lab_completed'], ['wait_message', ['lab_arm'], 'wait_lab_arm_to_complete_pick_up_sample'], ['operate_drawer', ['close'], 'close_drawer_lab']], 'location': 'IC Room 2', 'name': 'r3', 'position': [-38.0, 21.5, 0.0], 'skills': ['approach_person', 'approach_robot', 'authenticate_person', 'navigation', 'operate_drawer']}, None, None
0.12, [DEBUG], logger, Simulation open, None, None
10.05, [INFO], robot3, {'y': 21.403, 'x': -37.23, 'yaw': -3.141}, None, None
10.05, [INFO], robot3, {'battery-level': '72.00'}, None, None
20.03, [INFO], robot3, {'battery-level': '71.64'}, None, None
20.03, [INFO], robot3, {'y': 19.303, 'x': -37.07, 'yaw': 3.137}, None, None
30.00, [INFO], robot3, {'battery-level': '71.28'}, None, None
30.00, [INFO], robot3, {'y': 17.828, 'x': -35.569, 'yaw': -3.142}, None, None
40.03, [INFO], robot3, {'battery-level': '70.92'}, None, None
40.03, [INFO], robot3, {'y': 18.858, 'x': -34.015, 'yaw': 3.142}, None, None
47.24, [info], nurse, sync, received-request, (status=sending-request)
47.24, [info], nurse, sync, request-sent, (status=waiting)
47.32, [info], nurse, sync, wait-message, (status=message-received)
50.06, [INFO], robot3, {'y': 18.864, 'x': -34.23, 'yaw': 3.142}, None, None
50.06, [INFO], robot3, {'battery-level': '70.56'}, None, None
60.04, [INFO], robot3, {'battery-level': '70.20'}, None, None
60.04, [INFO], robot3, {'y': 17.792, 'x': -35.786, 'yaw': 3.138}, None, None
70.03, [INFO], robot3, {'battery-level': '69.84'}, None, None
70.03, [INFO], robot3, {'y': 18.0, 'x': -36.17, 'yaw': 3.142}, None, None
80.09, [INFO], robot3, {'battery-level': '69.48'}, None, None
80.09, [INFO], robot3, {'y': 17.945, 'x': -36.927, 'yaw': -3.142}, None, None
90.03, [INFO], robot3, {'battery-level': '69.12'}, None, None
90.03, [INFO], robot3, {'y': 17.303, 'x': -36.841, 'yaw': -3.142}, None, None
100.08, [INFO], robot3, {'y': 17.23, 'x': -37.114, 'yaw': -3.141}, None, None
100.08, [INFO], robot3, {'battery-level': '68.76'}, None, None
110.04, [INFO], robot3, {'y': 17.217, 'x': -37.133, 'yaw': 3.142}, None, None
110.04, [INFO], robot3, {'battery-level': '68.40'}, None, None
120.08, [INFO], robot3, {'battery-level': '68.04'}, None, None
120.08, [INFO], robot3, {'y': 17.286, 'x': -37.172, 'yaw': -3.142}, None, None
130.04, [INFO], robot3, {'y': 17.252, 'x': -36.875, 'yaw': -3.141}, None, None
130.04, [INFO], robot3, {'battery-level': '67.68'}, None, None
140.03, [INFO], robot3, {'battery-level': '67.32'}, None, None
140.03, [INFO], robot3, {'y': 17.425, 'x': -37.045, 'yaw': -3.142}, None, None
150.02, [INFO], robot3, {'battery-level': '66.96'}, None, None
150.02, [INFO], robot3, {'y': 17.328, 'x': -36.834, 'yaw': -3.141}, None, None
160.09, [INFO], robot3, {'battery-level': '66.60'}, None, None
160.09, [INFO], robot3, {'y': 17.536, 'x': -36.973, 'yaw': 3.142}, None, None
170.07, [INFO], robot3, {'battery-level': '66.24'}, None, None
170.07, [INFO], robot3, {'y': 17.38, 'x': -37.106, 'yaw': -3.141}, None, None
180.02, [INFO], robot3, {'battery-level': '65.88'}, None, None
180.02, [INFO], robot3, {'y': 17.415, 'x': -36.831, 'yaw': 3.141}, None, None
190.05, [INFO], robot3, {'battery-level': '65.52'}, None, None
190.05, [INFO], robot3, {'y': 17.314, 'x': -37.083, 'yaw': 3.141}, None, None
200.04, [INFO], robot3, {'battery-level': '65.16'}, None, None
200.04, [INFO], robot3, {'y': 17.4, 'x': -37.034, 'yaw': -3.141}, None, None
210.04, [INFO], robot3, {'y': 17.431, 'x': -37.045, 'yaw': 3.14}, None, None
210.04, [INFO], robot3, {'battery-level': '64.80'}, None, None
220.05, [INFO], robot3, {'battery-level': '64.44'}, None, None
220.05, [INFO], robot3, {'y': 17.244, 'x': -37.121, 'yaw': -3.142}, None, None
230.09, [INFO], robot3, {'y': 17.137, 'x': -36.772, 'yaw': 3.14}, None, None
230.09, [INFO], robot3, {'battery-level': '64.08'}, None, None
240.07, [INFO], robot3, {'battery-level': '63.72'}, None, None
240.07, [INFO], robot3, {'y': 17.319, 'x': -36.936, 'yaw': -3.141}, None, None
250.03, [INFO], robot3, {'y': 17.196, 'x': -36.907, 'yaw': -3.141}, None, None
250.03, [INFO], robot3, {'battery-level': '63.36'}, None, None
254.59, [WARN], robot3, SKILL-FAILURE, navigation, navto_lab
