0.00, [DEBUG], nurse, NURSE_CONFIG={'location': 'IC Room 6', 'position': [-33.9, 18.93, 3.14]}, None, None
0.12, [DEBUG], logger, ROBOTS_CONFIG={'avg_speed': 0.15, 'battery_charge': 0.7232396784987936, 'battery_discharge_rate': 0.00036, 'id': 3, 'local_plan': [['navigation', ['IC Room 6', [[-38.0, 21.5, 0.0], [-37.0, 21.5], [-37.0, 18.93], [-33.9, 18.93, 3.14]]], 'navto_room'], ['approach_person', ['nurse'], 'approach_nurse'], ['authenticate_person', ['nurse'], 'authenticate_nurse'], ['operate_drawer', ['open'], 'open_drawer_for_nurse'], ['send_message', ['nurse'], 'notify_nurse_of_open_drawer_for_nurse_completed'], ['wait_message', ['nurse'], 'wait_nurse_to_complete_deposit'], ['operate_drawer', ['close'], 'close_drawer_nurse'], ['navigation', ['Laboratory', [[-33.9, 18.93, 3.14], [-37.0, 18.93], [-37.0, 16.0], [-26.0, 16.0], [-26.0, 13.0, 1.57]]], 'navto_lab'], ['approach_robot', ['lab_arm'], 'approach_arm'], ['operate_drawer', ['open'], 'open_drawer_lab'], ['send_message', ['lab_arm'], 'notify_lab_arm_of_open_drawer_lab_completed'], ['wait_message', ['lab_arm'], 'wait_lab_arm_to_complete_pick_up_sample'], ['operate_drawer', ['close'], 'close_drawer_lab']], 'location': 'IC Room 2', 'name': 'r3', 'position': [-38.0, 21.5, 0.0], 'skills': ['approach_person', 'approach_robot', 'authenticate_person', 'navigation', 'operate_drawer']}, None, None
0.12, [DEBUG], logger, Simulation open, None, None
10.05, [INFO], robot3, {'battery-level': '72.00'}, None, None
10.05, [INFO], robot3, {'y': 21.513, 'x': -37.378, 'yaw': 3.141}, None, None
20.06, [INFO], robot3, {'battery-level': '71.64'}, None, None
20.06, [INFO], robot3, {'y': 19.475, 'x': -37.063, 'yaw': 3.141}, None, None
30.05, [INFO], robot3, {'battery-level': '71.28'}, None, None
30.05, [INFO], robot3, {'y': 17.8, 'x': -35.78, 'yaw': 3.141}, None, None
40.01, [INFO], robot3, {'battery-level': '70.92'}, None, None
40.01, [INFO], robot3, {'y': 18.671, 'x': -34.09, 'yaw': 3.142}, None, None
48.30, [info], nurse, sync, received-request, (status=sending-request)
48.30, [info], nurse, sync, request-sent, (status=waiting)
48.30, [info], nurse, sync, wait-message, (status=message-received)
50.03, [INFO], robot3, {'battery-level': '70.56'}, None, None
50.03, [INFO], robot3, {'y': 18.983, 'x': -34.016, 'yaw': -3.141}, None, None
60.04, [INFO], robot3, {'battery-level': '70.20'}, None, None
60.04, [INFO], robot3, {'y': 17.727, 'x': -35.52, 'yaw': -3.14}, None, None
70.03, [INFO], robot3, {'battery-level': '69.84'}, None, None
70.03, [INFO], robot3, {'y': 18.055, 'x': -36.295, 'yaw': -3.141}, None, None
80.03, [INFO], robot3, {'y': 17.407, 'x': -36.847, 'yaw': -3.141}, None, None
80.03, [INFO], robot3, {'battery-level': '69.48'}, None, None
90.06, [INFO], robot3, {'battery-level': '69.12'}, None, None
90.06, [INFO], robot3, {'y': 17.321, 'x': -37.08, 'yaw': 3.14}, None, None
100.09, [INFO], robot3, {'battery-level': '68.76'}, None, None
100.09, [INFO], robot3, {'y': 17.482, 'x': -36.787, 'yaw': 3.141}, None, None
110.07, [INFO], robot3, {'battery-level': '68.40'}, None, None
110.07, [INFO], robot3, {'y': 17.262, 'x': -36.84, 'yaw': -3.141}, None, None
120.05, [INFO], robot3, {'battery-level': '68.04'}, None, None
120.05, [INFO], robot3, {'y': 17.337, 'x': -36.989, 'yaw': 3.141}, None, None
130.05, [INFO], robot3, {'y': 17.275, 'x': -37.046, 'yaw': -3.142}, None, None
130.05, [INFO], robot3, {'battery-level': '67.68'}, None, None
140.05, [INFO], robot3, {'y': 17.367, 'x': -36.82, 'yaw': -3.142}, None, None
140.05, [INFO], robot3, {'battery-level': '67.32'}, None, None
150.09, [INFO], robot3, {'battery-level': '66.96'}, None, None
150.09, [INFO], robot3, {'y': 17.039, 'x': -36.868, 'yaw': 3.142}, None, None
160.09, [INFO], robot3, {'y': 17.293, 'x': -36.823, 'yaw': 3.142}, None, None
160.09, [INFO], robot3, {'battery-level': '66.60'}, None, None
170.08, [INFO], robot3, {'battery-level': '66.24'}, None, None
170.08, [INFO], robot3, {'y': 17.252, 'x': -36.979, 'yaw': -3.141}, None, None
180.06, [INFO], robot3, {'battery-level': '65.88'}, None, None
180.06, [INFO], robot3, {'y': 17.442, 'x': -37.045, 'yaw': -3.142}, None, None
190.03, [INFO], robot3, {'battery-level': '65.52'}, None, None
190.03, [INFO], robot3, {'y': 17.263, 'x': -36.823, 'yaw': -3.142}, None, None
200.01, [INFO], robot3, {'battery-level': '65.16'}, None, None
200.01, [INFO], robot3, {'y': 17.542, 'x': -36.822, 'yaw': 3.141}, None, None
210.00, [INFO], robot3, {'battery-level': '64.80'}, None, None
210.00, [INFO], robot3, {'y': 17.281, 'x': -37.069, 'yaw': 3.141}, None, None
220.01, [INFO], robot3, {'y': 17.22, 'x': -36.893, 'yaw': -3.142}, None, None
220.01, [INFO], robot3, {'battery-level': '64.44'}, None, None
230.02, [INFO], robot3, {'battery-level': '64.08'}, None, None
230.02, [INFO], robot3, {'y': 17.139, 'x': -37.017, 'yaw': 3.14}, None, None
239.82, [WARN], robot3, SKILL-FAILURE, navigation, navto_lab
240.07, [INFO], robot3, {'y': 17.223, 'x': -36.917, 'yaw': 3.141}, None, None
240.07, [INFO], robot3, {'battery-level': '63.72'}, None, None
