0.00, [DEBUG], nurse, NURSE_CONFIG={'location': 'IC Room 2', 'position': [-38.0, 21.5, 0.0]}, None, None
0.00, [DEBUG], logger, ROBOTS_CONFIG={'avg_speed': 0.15, 'battery_charge': 0.9109794326728246, 'battery_discharge_rate': 0.00072, 'id': 6, 'local_plan': [['navigation', ['IC Room 2', [[-33.9, 18.93, 3.14], [-37.0, 18.93], [-37.0, 21.5], [-38.0, 21.5, 0.0]]], 'navto_room'], ['approach_person', ['nurse'], 'approach_nurse'], ['authenticate_person', ['nurse'], 'authenticate_nurse'], ['operate_drawer', ['open'], 'open_drawer_for_nurse'], ['send_message', ['nurse'], 'notify_nurse_of_open_drawer_for_nurse_completed'], ['wait_message', ['nurse'], 'wait_nurse_to_complete_deposit'], ['operate_drawer', ['close'], 'close_drawer_nurse'], ['navigation', ['Laboratory', [[-38.0, 21.5, 0.0], [-37.0, 21.5], [-37.0, 16.0], [-26.0, 16.0], [-26.0, 13.0, 1.57]]], 'navto_lab'], ['approach_robot', ['lab_arm'], 'approach_arm'], ['operate_drawer', ['open'], 'open_drawer_lab'], ['send_message', ['lab_arm'], 'notify_lab_arm_of_open_drawer_lab_completed'], ['wait_message', ['lab_arm'], 'wait_lab_arm_to_complete_pick_up_sample'], ['operate_drawer', ['close'], 'close_drawer_lab']], 'location': 'IC Room 6', 'name': 'r6', 'position': [-33.9, 18.93, 3.14], 'skills': ['approach_person', 'approach_robot', 'authenticate_person', 'navigation', 'operate_drawer']}, None, None
0.00, [DEBUG], logger, Simulation open, None, None
10.05, [INFO], robot6, {'battery-level': '90.45'}, None, None
10.05, [INFO], robot6, {'y': 18.599, 'x': -34.304, 'yaw': 3.142}, None, None
20.07, [INFO], robot6, {'y': 17.899, 'x': -36.028, 'yaw': 3.142}, None, None
20.07, [INFO], robot6, {'battery-level': '89.73'}, None, None
30.09, [INFO], robot6, {'battery-level': '89.01'}, None, None
30.09, [INFO], robot6, {'y': 19.649, 'x': -36.924, 'yaw': 3.14}, None, None
40.01, [INFO], robot6, {'battery-level': '88.29'}, None, None
40.01, [INFO], robot6, {'y': 21.503, 'x': -37.437, 'yaw': 3.136}, None, None
50.06, [INFO], robot6, {'battery-level': '87.57'}, None, None
50.06, [INFO], robot6, {'y': 21.431, 'x': -38.101, 'yaw': 3.141}, None, None
56.53, [info], nurse, sync, received-request, (status=sending-request)
56.53, [info], nurse, sync, request-sent, (status=waiting)
56.53, [info], nurse, sync, wait-message, (status=message-received)
60.09, [INFO], robot6, {'battery-level': '86.85'}, None, None
60.09, [INFO], robot6, {'y': 21.38, 'x': -37.595, 'yaw': 3.141}, None, None
70.02, [INFO], robot6, {'battery-level': '86.13'}, None, None
70.02, [INFO], robot6, {'y': 19.466, 'x': -37.15, 'yaw': 3.137}, None, None
80.00, [INFO], robot6, {'y': 17.35, 'x': -37.093, 'yaw': 3.141}, None, None
80.00, [INFO], robot6, {'battery-level': '85.41'}, None, None
90.08, [INFO], robot6, {'y': 15.9, 'x': -35.949, 'yaw': 3.142}, None, None
90.08, [INFO], robot6, {'battery-level': '84.69'}, None, None
100.09, [INFO], robot6, {'y': 15.4, 'x': -33.894, 'yaw': -3.141}, None, None
100.09, [INFO], robot6, {'battery-level': '83.97'}, None, None
110.09, [INFO], robot6, {'battery-level': '83.25'}, None, None
110.09, [INFO], robot6, {'y': 15.533, 'x': -31.773, 'yaw': -3.141}, None, None
119.96, [INFO], robot6, {'battery-level': '82.53'}, None, None
120.06, [INFO], robot6, {'y': 15.689, 'x': -29.651, 'yaw': 3.142}, None, None
130.06, [INFO], robot6, {'y': 15.768, 'x': -27.541, 'yaw': -3.142}, None, None
130.06, [INFO], robot6, {'battery-level': '81.81'}, None, None
140.03, [INFO], robot6, {'y': 15.024, 'x': -25.912, 'yaw': 3.141}, None, None
140.03, [INFO], robot6, {'battery-level': '81.09'}, None, None
150.02, [INFO], robot6, {'battery-level': '80.37'}, None, None
150.02, [INFO], robot6, {'y': 13.023, 'x': -25.869, 'yaw': -3.142}, None, None
159.21, [info], lab_arm, sync, wait-message, (status=message-received)
160.07, [INFO], robot6, {'battery-level': '79.65'}, None, None
160.07, [INFO], robot6, {'y': 12.89, 'x': -25.95, 'yaw': 3.141}, None, None
160.17, [WARN], robot6, SUCCESS, None, None
