0.00, [DEBUG], nurse, NURSE_CONFIG={'location': 'IC Room 2', 'position': [-38.0, 21.5, 0.0]}, None, None
0.13, [DEBUG], logger, ROBOTS_CONFIG={'avg_speed': 0.15, 'battery_charge': 0.4863040833267539, 'battery_discharge_rate': 0.0006000000000000001, 'id': 4, 'local_plan': [['navigation', ['IC Room 2', [[-32.88, 33.98, 3.14], [-37.0, 33.98], [-37.0, 21.5], [-38.0, 21.5, 0.0]]], 'navto_room'], ['approach_person', ['nurse'], 'approach_nurse'], ['authenticate_person', ['nurse'], 'authenticate_nurse'], ['operate_drawer', ['open'], 'open_drawer_for_nurse'], ['send_message', ['nurse'], 'notify_nurse_of_open_drawer_for_nurse_completed'], ['wait_message', ['nurse'], 'wait_nurse_to_complete_deposit'], ['operate_drawer', ['close'], 'close_drawer_nurse'], ['navigation', ['Laboratory', [[-38.0, 21.5, 0.0], [-37.0, 21.5], [-37.0, 16.0], [-26.0, 16.0], [-26.0, 13.0, 1.57]]], 'navto_lab'], ['approach_robot', ['lab_arm'], 'approach_arm'], ['operate_drawer', ['open'], 'open_drawer_lab'], ['send_message', ['lab_arm'], 'notify_lab_arm_of_open_drawer_lab_completed'], ['wait_message', ['lab_arm'], 'wait_lab_arm_to_complete_pick_up_sample'], ['operate_drawer', ['close'], 'close_drawer_lab']], 'location': 'IC Room 5', 'name': 'r4', 'position': [-32.88, 33.98, 3.14], 'skills': ['approach_person', 'approach_robot', 'authenticate_person', 'navigation', 'operate_drawer']}, None, None
0.13, [DEBUG], logger, Simulation open, None, None
10.04, [INFO], robot4, {'battery-level': '48.09'}, None, None
10.04, [INFO], robot4, {'y': 34.195, 'x': -33.451, 'yaw': -3.142}, None, None
20.07, [INFO], robot4, {'battery-level': '47.49'}, None, None
20.07, [INFO], robot4, {'y': 34.751, 'x': -35.494, 'yaw': 3.137}, None, None
30.03, [INFO], robot4, {'battery-level': '46.89'}, None, None
30.03, [INFO], robot4, {'y': 33.488, 'x': -36.949, 'yaw': -3.142}, None, None
40.08, [INFO], robot4, {'y': 31.38, 'x': -36.927, 'yaw': -3.142}, None, None
40.08, [INFO], robot4, {'battery-level': '46.29'}, None, None
50.04, [INFO], robot4, {'battery-level': '45.69'}, None, None
50.04, [INFO], robot4, {'y': 29.278, 'x': -36.948, 'yaw': -3.142}, None, None
60.09, [INFO], robot4, {'y': 27.151, 'x': -36.997, 'yaw': 3.142}, None, None
60.09, [INFO], robot4, {'battery-level': '45.09'}, None, None
70.04, [INFO], robot4, {'y': 25.05, 'x': -37.048, 'yaw': 3.142}, None, None
70.04, [INFO], robot4, {'battery-level': '44.49'}, None, None
79.99, [INFO], robot4, {'battery-level': '43.89'}, None, None
80.08, [INFO], robot4, {'y': 22.929, 'x': -37.036, 'yaw': 3.141}, None, None
90.04, [INFO], robot4, {'y': 21.205, 'x': -37.671, 'yaw': -3.141}, None, None
90.04, [INFO], robot4, {'battery-level': '43.29'}, None, None
100.08, [INFO], robot4, {'battery-level': '42.69'}, None, None
100.08, [INFO], robot4, {'y': 21.329, 'x': -38.047, 'yaw': 3.141}, None, None
100.36, [info], nurse, sync, received-request, (status=sending-request)
100.36, [info], nurse, sync, request-sent, (status=waiting)
100.36, [info], nurse, sync, wait-message, (status=message-received)
110.03, [INFO], robot4, {'y': 20.186, 'x': -37.194, 'yaw': 3.141}, None, None
110.03, [INFO], robot4, {'battery-level': '42.09'}, None, None
120.04, [INFO], robot4, {'battery-level': '41.49'}, None, None
120.04, [INFO], robot4, {'y': 18.08, 'x': -37.093, 'yaw': 3.14}, None, None
130.00, [INFO], robot4, {'battery-level': '40.89'}, None, None
130.00, [INFO], robot4, {'y': 16.004, 'x': -36.849, 'yaw': 3.142}, None, None
140.06, [INFO], robot4, {'y': 15.378, 'x': -34.796, 'yaw': 3.141}, None, None
140.06, [INFO], robot4, {'battery-level': '40.29'}, None, None
150.00, [INFO], robot4, {'battery-level': '39.69'}, None, None
150.00, [INFO], robot4, {'y': 15.452, 'x': -32.707, 'yaw': -3.137}, None, None
160.06, [INFO], robot4, {'battery-level': '39.09'}, None, None
160.06, [INFO], robot4, {'y': 15.581, 'x': -30.575, 'yaw': -3.141}, None, None
170.00, [INFO], robot4, {'battery-level': '38.49'}, None, None
170.00, [INFO], robot4, {'y': 15.766, 'x': -28.479, 'yaw': -3.14}, None, None
180.05, [INFO], robot4, {'y': 15.759, 'x': -26.363, 'yaw': -3.141}, None, None
180.05, [INFO], robot4, {'battery-level': '37.89'}, None, None
190.09, [INFO], robot4, {'y': 13.766, 'x': -25.701, 'yaw': 3.142}, None, None
190.09, [INFO], robot4, {'battery-level': '37.29'}, None, None
200.03, [INFO], robot4, {'battery-level': '36.69'}, None, None
200.03, [INFO], robot4, {'y': 12.906, 'x': -25.941, 'yaw': -3.142}, None, None
202.59, [info], lab_arm, sync, wait-message, (status=message-received)
203.54, [WARN], robot4, SUCCESS, None, None
210.06, [INFO], robot4, {'battery-level': '36.09'}, None, None
210.06, [INFO], robot4, {'y': 12.903, 'x': -25.939, 'yaw': -3.142}, None, None
