0.00, [INFO], robot3, {'battery-level': '72.32'}, None, None
0.00, [DEBUG], nurse, NURSE_CONFIG={'location': 'PC Room 3', 'position': [-28.5, 18.0, -1.57]}, None, None
0.13, [DEBUG], logger, ROBOTS_CONFIG={'avg_speed': 0.15, 'battery_charge': 0.7232396784987936, 'battery_discharge_rate': 0.00036, 'id': 3, 'local_plan': [['navigation', ['PC Room 3', [[-38.0, 21.5, 0.0], [-37.0, 21.5], [-37.0, 16.0], [-28.5, 16.0], [-28.5, 18.0, -1.57]]], 'navto_room'], ['approach_person', ['nurse'], 'approach_nurse'], ['authenticate_person', ['nurse'], 'authenticate_nurse'], ['operate_drawer', ['open'], 'open_drawer_for_nurse'], ['send_message', ['nurse'], 'notify_nurse_of_open_drawer_for_nurse_completed'], ['wait_message', ['nurse'], 'wait_nurse_to_complete_deposit'], ['operate_drawer', ['close'], 'close_drawer_nurse'], ['navigation', ['Laboratory', [[-28.5, 18.0, -1.57], [-28.5, 16.0], [-26.0, 16.0], [-26.0, 13.0, 1.57]]], 'navto_lab'], ['approach_robot', ['lab_arm'], 'approach_arm'], ['operate_drawer', ['open'], 'open_drawer_lab'], ['send_message', ['lab_arm'], 'notify_lab_arm_of_open_drawer_lab_completed'], ['wait_message', ['lab_arm'], 'wait_lab_arm_to_complete_pick_up_sample'], ['operate_drawer', ['close'], 'close_drawer_lab']], 'location': 'IC Room 2', 'name': 'r3', 'position': [-38.0, 21.5, 0.0], 'skills': ['approach_person', 'approach_robot', 'authenticate_person', 'navigation', 'operate_drawer']}, None, None
0.13, [DEBUG], logger, Simulation open, None, None
10.04, [INFO], robot3, {'y': 21.448, 'x': -37.258, 'yaw': -3.141}, None, None
10.04, [INFO], robot3, {'battery-level': '72.00'}, None, None
20.08, [INFO], robot3, {'battery-level': '71.64'}, None, None
20.08, [INFO], robot3, {'y': 19.331, 'x': -37.09, 'yaw': 3.138}, None, None
30.05, [INFO], robot3, {'y': 17.214, 'x': -37.042, 'yaw': 3.141}, None, None
30.05, [INFO], robot3, {'battery-level': '71.28'}, None, None
40.06, [INFO], robot3, {'battery-level': '70.92'}, None, None
40.06, [INFO], robot3, {'y': 15.818, 'x': -35.891, 'yaw': -3.14}, None, None
50.09, [INFO], robot3, {'y': 15.396, 'x': -33.799, 'yaw': -3.142}, None, None
50.09, [INFO], robot3, {'battery-level': '70.56'}, None, None
60.09, [INFO], robot3, {'y': 15.528, 'x': -31.682, 'yaw': 3.141}, None, None
60.09, [INFO], robot3, {'battery-level': '70.20'}, None, None
70.02, [INFO], robot3, {'battery-level': '69.84'}, None, None
70.02, [INFO], robot3, {'y': 15.673, 'x': -29.579, 'yaw': -3.142}, None, None
80.00, [INFO], robot3, {'battery-level': '69.48'}, None, None
80.00, [INFO], robot3, {'y': 17.237, 'x': -28.614, 'yaw': 3.141}, None, None
90.01, [INFO], robot3, {'battery-level': '69.12'}, None, None
90.01, [INFO], robot3, {'y': 17.945, 'x': -28.561, 'yaw': 3.141}, None, None
99.82, [info], nurse, sync, received-request, (status=sending-request)
99.82, [info], nurse, sync, request-sent, (status=waiting)
99.82, [info], nurse, sync, wait-message, (status=message-received)
100.09, [INFO], robot3, {'y': 18.002, 'x': -28.599, 'yaw': 3.142}, None, None
100.09, [INFO], robot3, {'battery-level': '68.76'}, None, None
110.04, [INFO], robot3, {'battery-level': '68.40'}, None, None
110.04, [INFO], robot3, {'y': 16.138, 'x': -28.575, 'yaw': 3.14}, None, None
120.07, [INFO], robot3, {'y': 16.051, 'x': -26.446, 'yaw': 3.141}, None, None
120.07, [INFO], robot3, {'battery-level': '68.04'}, None, None
130.05, [INFO], robot3, {'battery-level': '67.68'}, None, None
130.05, [INFO], robot3, {'y': 14.079, 'x': -25.766, 'yaw': 3.14}, None, None
140.03, [INFO], robot3, {'battery-level': '67.32'}, None, None
140.03, [INFO], robot3, {'y': 12.911, 'x': -25.984, 'yaw': -3.142}, None, None
150.07, [INFO], robot3, {'y': 12.864, 'x': -26.026, 'yaw': -3.142}, None, None
150.07, [INFO], robot3, {'battery-level': '66.96'}, None, None
159.83, [info], lab_arm, sync, wait-message, (status=message-received)
160.01, [INFO], robot3, {'battery-level': '66.60'}, None, None
160.01, [INFO], robot3, {'y': 12.903, 'x': -25.998, 'yaw': -3.142}, None, None
160.75, [WARN], robot3, SUCCESS, None, None
