0.00, [DEBUG], nurse, NURSE_CONFIG={'location': 'IC Room 6', 'position': [-33.9, 18.93, 3.14]}, None, None
0.00, [INFO], robot1, {'battery-level': '30.20'}, None, None
0.12, [DEBUG], logger, ROBOTS_CONFIG={'avg_speed': 0.15, 'battery_charge': 0.3020349930380309, 'battery_discharge_rate': 0.0006600000000000001, 'id': 1, 'local_plan': [['navigation', ['IC Room 6', [[-11.5, 18.0, -1.57], [-11.5, 16.0], [-37.0, 16.0], [-37.0, 18.93], [-33.9, 18.93, 3.14]]], 'navto_room'], ['approach_person', ['nurse'], 'approach_nurse'], ['authenticate_person', ['nurse'], 'authenticate_nurse'], ['operate_drawer', ['open'], 'open_drawer_for_nurse'], ['send_message', ['nurse'], 'notify_nurse_of_open_drawer_for_nurse_completed'], ['wait_message', ['nurse'], 'wait_nurse_to_complete_deposit'], ['operate_drawer', ['close'], 'close_drawer_nurse'], ['navigation', ['Laboratory', [[-33.9, 18.93, 3.14], [-37.0, 18.93], [-37.0, 16.0], [-26.0, 16.0], [-26.0, 13.0, 1.57]]], 'navto_lab'], ['approach_robot', ['lab_arm'], 'approach_arm'], ['operate_drawer', ['open'], 'open_drawer_lab'], ['send_message', ['lab_arm'], 'notify_lab_arm_of_open_drawer_lab_completed'], ['wait_message', ['lab_arm'], 'wait_lab_arm_to_complete_pick_up_sample'], ['operate_drawer', ['close'], 'close_drawer_lab']], 'location': 'PC Room 8', 'name': 'r1', 'position': [-11.5, 18.0, -1.57], 'skills': ['approach_person', 'approach_robot', 'navigation', 'operate_drawer']}, None, None
0.12, [DEBUG], logger, Simulation open, None, None
10.06, [INFO], robot1, {'battery-level': '29.61'}, None, None
10.06, [INFO], robot1, {'y': 17.185, 'x': -11.708, 'yaw': 3.14}, None, None
20.01, [INFO], robot1, {'battery-level': '28.95'}, None, None
20.01, [INFO], robot1, {'y': 16.343, 'x': -13.201, 'yaw': 3.138}, None, None
30.06, [INFO], robot1, {'y': 16.258, 'x': -15.323, 'yaw': 3.142}, None, None
30.06, [INFO], robot1, {'battery-level': '28.29'}, None, None
40.03, [INFO], robot1, {'y': 16.187, 'x': -17.427, 'yaw': 3.141}, None, None
40.03, [INFO], robot1, {'battery-level': '27.63'}, None, None
50.01, [INFO], robot1, {'battery-level': '26.97'}, None, None
50.01, [INFO], robot1, {'y': 16.224, 'x': -19.522, 'yaw': -3.142}, None, None
60.05, [INFO], robot1, {'y': 16.336, 'x': -21.641, 'yaw': 3.142}, None, None
60.05, [INFO], robot1, {'battery-level': '26.31'}, None, None
70.08, [INFO], robot1, {'y': 16.121, 'x': -23.757, 'yaw': 3.14}, None, None
70.08, [INFO], robot1, {'battery-level': '25.65'}, None, None
80.03, [INFO], robot1, {'battery-level': '24.99'}, None, None
80.03, [INFO], robot1, {'y': 16.098, 'x': -25.852, 'yaw': 3.141}, None, None
90.05, [INFO], robot1, {'battery-level': '24.33'}, None, None
90.05, [INFO], robot1, {'y': 16.221, 'x': -27.958, 'yaw': 3.141}, None, None
100.09, [INFO], robot1, {'battery-level': '23.67'}, None, None
100.09, [INFO], robot1, {'y': 16.196, 'x': -30.077, 'yaw': 3.141}, None, None
110.05, [INFO], robot1, {'y': 15.985, 'x': -32.187, 'yaw': 3.142}, None, None
110.05, [INFO], robot1, {'battery-level': '23.01'}, None, None
120.02, [INFO], robot1, {'y': 15.423, 'x': -34.249, 'yaw': 3.142}, None, None
120.02, [INFO], robot1, {'battery-level': '22.35'}, None, None
130.09, [INFO], robot1, {'battery-level': '21.69'}, None, None
130.09, [INFO], robot1, {'y': 15.639, 'x': -36.372, 'yaw': 3.14}, None, None
140.03, [INFO], robot1, {'battery-level': '21.03'}, None, None
140.03, [INFO], robot1, {'y': 17.452, 'x': -36.881, 'yaw': -3.141}, None, None
150.08, [INFO], robot1, {'y': 17.7, 'x': -36.819, 'yaw': -3.142}, None, None
150.08, [INFO], robot1, {'battery-level': '20.37'}, None, None
160.04, [INFO], robot1, {'battery-level': '19.71'}, None, None
160.04, [INFO], robot1, {'y': 17.753, 'x': -36.795, 'yaw': -3.142}, None, None
170.09, [INFO], robot1, {'battery-level': '19.05'}, None, None
170.09, [INFO], robot1, {'y': 17.782, 'x': -36.48, 'yaw': -3.141}, None, None
180.01, [INFO], robot1, {'y': 18.105, 'x': -35.975, 'yaw': 3.142}, None, None
180.01, [INFO], robot1, {'battery-level': '18.39'}, None, None
190.04, [INFO], robot1, {'y': 18.105, 'x': -35.975, 'yaw': -3.142}, None, None
190.04, [INFO], robot1, {'battery-level': '17.73'}, None, None
200.08, [INFO], robot1, {'battery-level': '17.07'}, None, None
200.08, [INFO], robot1, {'y': 18.105, 'x': -35.975, 'yaw': 3.142}, None, None
210.00, [INFO], robot1, {'battery-level': '16.41'}, None, None
210.00, [INFO], robot1, {'y': 18.105, 'x': -35.975, 'yaw': -3.142}, None, None
220.05, [INFO], robot1, {'battery-level': '15.75'}, None, None
220.05, [INFO], robot1, {'y': 18.052, 'x': -35.84, 'yaw': -3.142}, None, None
230.07, [INFO], robot1, {'y': 18.317, 'x': -35.63, 'yaw': -3.134}, None, None
230.07, [INFO], robot1, {'battery-level': '15.09'}, None, None
234.83, [WARN], robot1, SKILL-FAILURE, navigation, navto_room
240.04, [INFO], robot1, {'y': 18.106, 'x': -35.578, 'yaw': 3.141}, None, None
240.04, [INFO], robot1, {'battery-level': '14.43'}, None, None
