0.00, [DEBUG], nurse, NURSE_CONFIG={'location': 'IC Room 2', 'position': [-38.0, 21.5, 0.0]}, None, None
0.00, [INFO], robot4, {'battery-level': '48.63'}, None, None
0.12, [DEBUG], logger, ROBOTS_CONFIG={'avg_speed': 0.15, 'battery_charge': 0.4863040833267539, 'battery_discharge_rate': 0.0005600000000000001, 'id': 4, 'local_plan': [['navigation', ['IC Room 2', [[-32.88, 33.98, 3.14], [-37.0, 33.98], [-37.0, 21.5], [-38.0, 21.5, 0.0]]], 'navto_room'], ['approach_person', ['nurse'], 'approach_nurse'], ['authenticate_person', ['nurse'], 'authenticate_nurse'], ['operate_drawer', ['open'], 'open_drawer_for_nurse'], ['send_message', ['nurse'], 'notify_nurse_of_open_drawer_for_nurse_completed'], ['wait_message', ['nurse'], 'wait_nurse_to_complete_deposit'], ['operate_drawer', ['close'], 'close_drawer_nurse'], ['navigation', ['Laboratory', [[-38.0, 21.5, 0.0], [-37.0, 21.5], [-37.0, 16.0], [-26.0, 16.0], [-26.0, 13.0, 1.57]]], 'navto_lab'], ['approach_robot', ['lab_arm'], 'approach_arm'], ['operate_drawer', ['open'], 'open_drawer_lab'], ['send_message', ['lab_arm'], 'notify_lab_arm_of_open_drawer_lab_completed'], ['wait_message', ['lab_arm'], 'wait_lab_arm_to_complete_pick_up_sample'], ['operate_drawer', ['close'], 'close_drawer_lab']], 'location': 'IC Room 5', 'name': 'r4', 'position': [-32.88, 33.98, 3.14], 'skills': ['approach_person', 'approach_robot', 'authenticate_person', 'navigation', 'operate_drawer']}, None, None
0.12, [DEBUG], logger, Simulation open, None, None
10.00, [INFO], robot4, {'battery-level': '48.13'}, None, None
10.00, [INFO], robot4, {'y': 34.207, 'x': -33.486, 'yaw': -3.142}, None, None
20.04, [INFO], robot4, {'y': 34.688, 'x': -35.55, 'yaw': 3.141}, None, None
20.04, [INFO], robot4, {'battery-level': '47.57'}, None, None
30.02, [INFO], robot4, {'y': 33.323, 'x': -36.776, 'yaw': -3.142}, None, None
30.02, [INFO], robot4, {'battery-level': '47.01'}, None, None
40.09, [INFO], robot4, {'y': 31.199, 'x': -36.793, 'yaw': -3.141}, None, None
40.09, [INFO], robot4, {'battery-level': '46.45'}, None, None
50.01, [INFO], robot4, {'y': 29.101, 'x': -36.776, 'yaw': -3.141}, None, None
50.01, [INFO], robot4, {'battery-level': '45.89'}, None, None
60.03, [INFO], robot4, {'y': 26.993, 'x': -36.897, 'yaw': 3.141}, None, None
60.03, [INFO], robot4, {'battery-level': '45.33'}, None, None
70.06, [INFO], robot4, {'battery-level': '44.77'}, None, None
70.06, [INFO], robot4, {'y': 24.879, 'x': -36.943, 'yaw': 3.142}, None, None
80.03, [INFO], robot4, {'battery-level': '44.21'}, None, None
80.03, [INFO], robot4, {'y': 22.773, 'x': -36.951, 'yaw': -3.141}, None, None
90.05, [INFO], robot4, {'y': 21.269, 'x': -37.828, 'yaw': 3.142}, None, None
90.05, [INFO], robot4, {'battery-level': '43.65'}, None, None
100.07, [INFO], robot4, {'battery-level': '43.09'}, None, None
100.07, [INFO], robot4, {'y': 21.333, 'x': -38.096, 'yaw': -3.142}, None, None
109.34, [info], nurse, sync, received-request, (status=sending-request)
109.34, [info], nurse, sync, request-sent, (status=waiting)
109.34, [info], nurse, sync, wait-message, (status=message-received)
110.08, [INFO], robot4, {'battery-level': '42.53'}, None, None
110.08, [INFO], robot4, {'y': 21.439, 'x': -38.051, 'yaw': 3.14}, None, None
120.09, [INFO], robot4, {'y': 20.186, 'x': -37.155, 'yaw': 3.141}, None, None
120.09, [INFO], robot4, {'battery-level': '41.97'}, None, None
130.01, [INFO], robot4, {'battery-level': '41.41'}, None, None
130.01, [INFO], robot4, {'y': 18.094, 'x': -37.155, 'yaw': 3.14}, None, None
140.05, [INFO], robot4, {'y': 16.071, 'x': -36.81, 'yaw': 3.141}, None, None
140.05, [INFO], robot4, {'battery-level': '40.85'}, None, None
150.05, [INFO], robot4, {'y': 15.473, 'x': -34.762, 'yaw': 3.14}, None, None
150.05, [INFO], robot4, {'battery-level': '40.29'}, None, None
160.06, [INFO], robot4, {'battery-level': '39.73'}, None, None
160.06, [INFO], robot4, {'y': 15.487, 'x': -32.635, 'yaw': 3.141}, None, None
170.01, [INFO], robot4, {'battery-level': '39.17'}, None, None
170.01, [INFO], robot4, {'y': 15.595, 'x': -30.528, 'yaw': -3.141}, None, None
180.05, [INFO], robot4, {'y': 15.736, 'x': -28.407, 'yaw': 3.141}, None, None
180.05, [INFO], robot4, {'battery-level': '38.61'}, None, None
190.08, [INFO], robot4, {'battery-level': '38.05'}, None, None
190.08, [INFO], robot4, {'y': 15.741, 'x': -26.286, 'yaw': -3.141}, None, None
200.02, [INFO], robot4, {'y': 13.822, 'x': -25.718, 'yaw': -3.142}, None, None
200.02, [INFO], robot4, {'battery-level': '37.49'}, None, None
210.02, [INFO], robot4, {'y': 12.904, 'x': -25.955, 'yaw': -3.142}, None, None
210.02, [INFO], robot4, {'battery-level': '36.93'}, None, None
212.59, [info], lab_arm, sync, wait-message, (status=message-received)
213.51, [WARN], robot4, SUCCESS, None, None
