0.00, [DEBUG], nurse, NURSE_CONFIG={'location': 'PC Room 3', 'position': [-28.5, 18.0, -1.57]}, None, None
0.00, [INFO], robot4, {'battery-level': '48.63'}, None, None
0.11, [DEBUG], logger, ROBOTS_CONFIG={'avg_speed': 0.15, 'battery_charge': 0.4863040833267539, 'battery_discharge_rate': 0.0005600000000000001, 'id': 4, 'local_plan': [['navigation', ['PC Room 3', [[-13.5, 18.0, -1.57], [-13.5, 16.0], [-28.5, 16.0], [-28.5, 18.0, -1.57]]], 'navto_room'], ['approach_person', ['nurse'], 'approach_nurse'], ['authenticate_person', ['nurse'], 'authenticate_nurse'], ['operate_drawer', ['open'], 'open_drawer_for_nurse'], ['send_message', ['nurse'], 'notify_nurse_of_open_drawer_for_nurse_completed'], ['wait_message', ['nurse'], 'wait_nurse_to_complete_deposit'], ['operate_drawer', ['close'], 'close_drawer_nurse'], ['navigation', ['Laboratory', [[-28.5, 18.0, -1.57], [-28.5, 16.0], [-26.0, 16.0], [-26.0, 13.0, 1.57]]], 'navto_lab'], ['approach_robot', ['lab_arm'], 'approach_arm'], ['operate_drawer', ['open'], 'open_drawer_lab'], ['send_message', ['lab_arm'], 'notify_lab_arm_of_open_drawer_lab_completed'], ['wait_message', ['lab_arm'], 'wait_lab_arm_to_complete_pick_up_sample'], ['operate_drawer', ['close'], 'close_drawer_lab']], 'location': 'PC Room 7', 'name': 'r4', 'position': [-13.5, 18.0, -1.57], 'skills': ['approach_person', 'approach_robot', 'authenticate_person', 'navigation', 'operate_drawer']}, None, None
0.11, [DEBUG], logger, Simulation open, None, None
10.04, [INFO], robot4, {'y': 17.215, 'x': -13.489, 'yaw': 3.142}, None, None
10.04, [INFO], robot4, {'battery-level': '48.13'}, None, None
20.04, [INFO], robot4, {'y': 16.068, 'x': -14.646, 'yaw': 3.142}, None, None
20.04, [INFO], robot4, {'battery-level': '47.57'}, None, None
30.05, [INFO], robot4, {'y': 16.003, 'x': -16.764, 'yaw': 3.14}, None, None
30.05, [INFO], robot4, {'battery-level': '47.01'}, None, None
40.01, [INFO], robot4, {'battery-level': '46.45'}, None, None
40.01, [INFO], robot4, {'y': 16.111, 'x': -18.874, 'yaw': -3.139}, None, None
50.00, [INFO], robot4, {'battery-level': '45.89'}, None, None
50.00, [INFO], robot4, {'y': 16.298, 'x': -20.978, 'yaw': 3.142}, None, None
60.06, [INFO], robot4, {'battery-level': '45.33'}, None, None
60.06, [INFO], robot4, {'y': 16.21, 'x': -23.089, 'yaw': 3.142}, None, None
70.05, [INFO], robot4, {'battery-level': '44.77'}, None, None
70.05, [INFO], robot4, {'y': 16.125, 'x': -25.187, 'yaw': 3.141}, None, None
80.01, [INFO], robot4, {'battery-level': '44.21'}, None, None
80.01, [INFO], robot4, {'y': 16.109, 'x': -27.293, 'yaw': 3.142}, None, None
90.00, [INFO], robot4, {'battery-level': '43.65'}, None, None
90.00, [INFO], robot4, {'y': 17.167, 'x': -28.611, 'yaw': 3.141}, None, None
100.03, [INFO], robot4, {'y': 17.937, 'x': -28.576, 'yaw': -3.142}, None, None
100.03, [INFO], robot4, {'battery-level': '43.09'}, None, None
110.03, [INFO], robot4, {'y': 18.035, 'x': -28.624, 'yaw': -3.142}, None, None
110.03, [INFO], robot4, {'battery-level': '42.53'}, None, None
110.03, [info], nurse, sync, received-request, (status=sending-request)
110.03, [info], nurse, sync, request-sent, (status=waiting)
110.03, [info], nurse, sync, wait-message, (status=message-received)
120.08, [INFO], robot4, {'battery-level': '41.97'}, None, None
120.08, [INFO], robot4, {'y': 16.187, 'x': -28.67, 'yaw': -3.137}, None, None
130.06, [INFO], robot4, {'battery-level': '41.41'}, None, None
130.06, [INFO], robot4, {'y': 16.089, 'x': -26.564, 'yaw': 3.141}, None, None
140.06, [INFO], robot4, {'battery-level': '40.85'}, None, None
140.06, [INFO], robot4, {'y': 14.242, 'x': -25.783, 'yaw': -3.137}, None, None
150.05, [INFO], robot4, {'y': 12.892, 'x': -25.972, 'yaw': -3.142}, None, None
150.05, [INFO], robot4, {'battery-level': '40.29'}, None, None
155.37, [info], lab_arm, sync, wait-message, (status=message-received)
156.30, [WARN], robot4, SUCCESS, None, None
160.06, [INFO], robot4, {'battery-level': '39.73'}, None, None
160.06, [INFO], robot4, {'y': 12.881, 'x': -25.974, 'yaw': 3.141}, None, None
