0.00, [DEBUG], nurse, NURSE_CONFIG={'location': 'IC Room 6', 'position': [-33.9, 18.93, 3.14]}, None, None
0.13, [DEBUG], logger, ROBOTS_CONFIG={'avg_speed': 0.15, 'battery_charge': 0.7232396784987936, 'battery_discharge_rate': 0.00064, 'id': 3, 'local_plan': [['navigation', ['IC Room 6', [[-38.0, 21.5, 0.0], [-37.0, 21.5], [-37.0, 18.93], [-33.9, 18.93, 3.14]]], 'navto_room'], ['approach_person', ['nurse'], 'approach_nurse'], ['authenticate_person', ['nurse'], 'authenticate_nurse'], ['operate_drawer', ['open'], 'open_drawer_for_nurse'], ['send_message', ['nurse'], 'notify_nurse_of_open_drawer_for_nurse_completed'], ['wait_message', ['nurse'], 'wait_nurse_to_complete_deposit'], ['operate_drawer', ['close'], 'close_drawer_nurse'], ['navigation', ['Laboratory', [[-33.9, 18.93, 3.14], [-37.0, 18.93], [-37.0, 16.0], [-26.0, 16.0], [-26.0, 13.0, 1.57]]], 'navto_lab'], ['approach_robot', ['lab_arm'], 'approach_arm'], ['operate_drawer', ['open'], 'open_drawer_lab'], ['send_message', ['lab_arm'], 'notify_lab_arm_of_open_drawer_lab_completed'], ['wait_message', ['lab_arm'], 'wait_lab_arm_to_complete_pick_up_sample'], ['operate_drawer', ['close'], 'close_drawer_lab']], 'location': 'IC Room 2', 'name': 'r3', 'position': [-38.0, 21.5, 0.0], 'skills': ['approach_person', 'approach_robot', 'authenticate_person', 'navigation', 'operate_drawer']}, None, None
0.13, [DEBUG], logger, Simulation open, None, None
10.04, [INFO], robot3, {'battery-level': '71.75'}, None, None
10.04, [INFO], robot3, {'y': 21.453, 'x': -37.267, 'yaw': -3.141}, None, None
20.07, [INFO], robot3, {'y': 19.355, 'x': -37.051, 'yaw': 3.141}, None, None
20.07, [INFO], robot3, {'battery-level': '71.11'}, None, None
30.00, [INFO], robot3, {'y': 17.793, 'x': -35.633, 'yaw': -3.141}, None, None
30.00, [INFO], robot3, {'battery-level': '70.47'}, None, None
40.01, [INFO], robot3, {'battery-level': '69.83'}, None, None
40.01, [INFO], robot3, {'y': 18.765, 'x': -34.037, 'yaw': -3.142}, None, None
48.46, [info], nurse, sync, received-request, (status=sending-request)
48.46, [info], nurse, sync, request-sent, (status=waiting)
48.55, [info], nurse, sync, wait-message, (status=message-received)
50.02, [INFO], robot3, {'battery-level': '69.19'}, None, None
50.02, [INFO], robot3, {'y': 18.947, 'x': -33.955, 'yaw': -3.14}, None, None
60.08, [INFO], robot3, {'y': 17.734, 'x': -35.532, 'yaw': 3.14}, None, None
60.08, [INFO], robot3, {'battery-level': '68.55'}, None, None
70.06, [INFO], robot3, {'battery-level': '67.91'}, None, None
70.06, [INFO], robot3, {'y': 18.006, 'x': -36.21, 'yaw': 3.142}, None, None
80.03, [INFO], robot3, {'battery-level': '67.27'}, None, None
80.03, [INFO], robot3, {'y': 17.733, 'x': -37.041, 'yaw': 3.14}, None, None
90.01, [INFO], robot3, {'y': 17.257, 'x': -37.089, 'yaw': 3.141}, None, None
90.01, [INFO], robot3, {'battery-level': '66.63'}, None, None
100.00, [INFO], robot3, {'y': 17.311, 'x': -36.984, 'yaw': 3.141}, None, None
100.00, [INFO], robot3, {'battery-level': '65.99'}, None, None
110.07, [INFO], robot3, {'battery-level': '65.35'}, None, None
110.07, [INFO], robot3, {'y': 17.243, 'x': -36.99, 'yaw': -3.141}, None, None
120.04, [INFO], robot3, {'battery-level': '64.71'}, None, None
120.04, [INFO], robot3, {'y': 17.291, 'x': -37.079, 'yaw': 3.142}, None, None
130.05, [INFO], robot3, {'battery-level': '64.07'}, None, None
130.05, [INFO], robot3, {'y': 17.336, 'x': -37.043, 'yaw': -3.141}, None, None
140.06, [INFO], robot3, {'y': 17.383, 'x': -37.171, 'yaw': 3.142}, None, None
140.06, [INFO], robot3, {'battery-level': '63.43'}, None, None
150.00, [INFO], robot3, {'battery-level': '62.79'}, None, None
150.00, [INFO], robot3, {'y': 17.25, 'x': -36.859, 'yaw': 3.142}, None, None
160.09, [INFO], robot3, {'y': 17.322, 'x': -37.058, 'yaw': -3.142}, None, None
160.09, [INFO], robot3, {'battery-level': '62.15'}, None, None
170.07, [INFO], robot3, {'battery-level': '61.51'}, None, None
170.07, [INFO], robot3, {'y': 17.361, 'x': -36.956, 'yaw': -3.141}, None, None
180.07, [INFO], robot3, {'battery-level': '60.87'}, None, None
180.07, [INFO], robot3, {'y': 17.299, 'x': -36.781, 'yaw': -3.141}, None, None
190.09, [INFO], robot3, {'y': 17.365, 'x': -37.04, 'yaw': 3.141}, None, None
190.09, [INFO], robot3, {'battery-level': '60.23'}, None, None
200.00, [INFO], robot3, {'y': 17.192, 'x': -36.979, 'yaw': 3.142}, None, None
200.00, [INFO], robot3, {'battery-level': '59.59'}, None, None
210.09, [INFO], robot3, {'y': 17.344, 'x': -36.891, 'yaw': -3.142}, None, None
210.09, [INFO], robot3, {'battery-level': '58.95'}, None, None
220.08, [INFO], robot3, {'battery-level': '58.31'}, None, None
220.08, [INFO], robot3, {'y': 17.418, 'x': -37.108, 'yaw': -3.142}, None, None
230.03, [INFO], robot3, {'battery-level': '57.67'}, None, None
230.03, [INFO], robot3, {'y': 17.157, 'x': -36.823, 'yaw': 3.141}, None, None
238.72, [WARN], robot3, SKILL-FAILURE, navigation, navto_lab
240.01, [INFO], robot3, {'battery-level': '57.03'}, None, None
240.01, [INFO], robot3, {'y': 17.189, 'x': -36.984, 'yaw': 3.142}, None, None
