0.00, [DEBUG], nurse, NURSE_CONFIG={'location': 'PC Room 3', 'position': [-28.5, 18.0, -1.57]}, None, None
0.00, [INFO], robot1, {'battery-level': '30.20'}, None, None
0.14, [DEBUG], logger, ROBOTS_CONFIG={'avg_speed': 0.15, 'battery_charge': 0.3020349930380309, 'battery_discharge_rate': 0.0006600000000000001, 'id': 1, 'local_plan': [['navigation', ['PC Room 3', [[-39.44, 33.95, 0.0], [-37.0, 33.95], [-37.0, 16.0], [-28.5, 16.0], [-28.5, 18.0, -1.57]]], 'navto_room'], ['approach_person', ['nurse'], 'approach_nurse'], ['authenticate_person', ['nurse'], 'authenticate_nurse'], ['operate_drawer', ['open'], 'open_drawer_for_nurse'], ['send_message', ['nurse'], 'notify_nurse_of_open_drawer_for_nurse_completed'], ['wait_message', ['nurse'], 'wait_nurse_to_complete_deposit'], ['operate_drawer', ['close'], 'close_drawer_nurse'], ['navigation', ['Laboratory', [[-28.5, 18.0, -1.57], [-28.5, 16.0], [-26.0, 16.0], [-26.0, 13.0, 1.57]]], 'navto_lab'], ['approach_robot', ['lab_arm'], 'approach_arm'], ['operate_drawer', ['open'], 'open_drawer_lab'], ['send_message', ['lab_arm'], 'notify_lab_arm_of_open_drawer_lab_completed'], ['wait_message', ['lab_arm'], 'wait_lab_arm_to_complete_pick_up_sample'], ['operate_drawer', ['close'], 'close_drawer_lab']], 'location': 'IC Room 4', 'name': 'r1', 'position': [-39.44, 33.95, 0.0], 'skills': ['approach_person', 'approach_robot', 'authenticate_person', 'navigation']}, None, None
0.14, [DEBUG], logger, Simulation open, None, None
10.08, [INFO], robot1, {'y': 33.95, 'x': -39.44, 'yaw': 3.142}, None, None
10.08, [INFO], robot1, {'battery-level': '29.61'}, None, None
20.00, [INFO], robot1, {'battery-level': '28.95'}, None, None
20.00, [INFO], robot1, {'y': 34.323, 'x': -38.589, 'yaw': 3.141}, None, None
30.02, [INFO], robot1, {'battery-level': '28.29'}, None, None
30.02, [INFO], robot1, {'y': 33.698, 'x': -37.027, 'yaw': -3.142}, None, None
40.06, [INFO], robot1, {'y': 31.576, 'x': -37.035, 'yaw': 3.141}, None, None
40.06, [INFO], robot1, {'battery-level': '27.63'}, None, None
50.05, [INFO], robot1, {'y': 29.465, 'x': -37.052, 'yaw': 3.141}, None, None
50.05, [INFO], robot1, {'battery-level': '26.97'}, None, None
60.07, [INFO], robot1, {'battery-level': '26.31'}, None, None
60.07, [INFO], robot1, {'y': 27.358, 'x': -36.977, 'yaw': -3.142}, None, None
70.05, [INFO], robot1, {'y': 25.251, 'x': -37.032, 'yaw': -3.142}, None, None
70.05, [INFO], robot1, {'battery-level': '25.65'}, None, None
80.09, [INFO], robot1, {'battery-level': '24.99'}, None, None
80.09, [INFO], robot1, {'y': 23.134, 'x': -37.015, 'yaw': 3.141}, None, None
90.04, [INFO], robot1, {'battery-level': '24.33'}, None, None
90.04, [INFO], robot1, {'y': 21.04, 'x': -37.108, 'yaw': -3.14}, None, None
100.07, [INFO], robot1, {'y': 18.928, 'x': -36.987, 'yaw': 3.142}, None, None
100.07, [INFO], robot1, {'battery-level': '23.67'}, None, None
110.07, [INFO], robot1, {'battery-level': '23.01'}, None, None
110.07, [INFO], robot1, {'y': 16.818, 'x': -36.914, 'yaw': 3.141}, None, None
120.04, [INFO], robot1, {'y': 15.715, 'x': -35.54, 'yaw': 3.142}, None, None
120.04, [INFO], robot1, {'battery-level': '22.35'}, None, None
130.06, [INFO], robot1, {'battery-level': '21.69'}, None, None
130.06, [INFO], robot1, {'y': 15.454, 'x': -33.46, 'yaw': -3.141}, None, None
140.02, [INFO], robot1, {'battery-level': '21.03'}, None, None
140.02, [INFO], robot1, {'y': 15.559, 'x': -31.345, 'yaw': -3.141}, None, None
150.08, [INFO], robot1, {'y': 15.748, 'x': -29.218, 'yaw': 3.141}, None, None
150.08, [INFO], robot1, {'battery-level': '20.37'}, None, None
160.02, [INFO], robot1, {'battery-level': '19.71'}, None, None
160.02, [INFO], robot1, {'y': 17.55, 'x': -28.669, 'yaw': -3.142}, None, None
170.05, [INFO], robot1, {'battery-level': '19.05'}, None, None
170.05, [INFO], robot1, {'y': 17.974, 'x': -28.607, 'yaw': -3.141}, None, None
178.73, [info], nurse, sync, received-request, (status=sending-request)
178.73, [info], nurse, sync, request-sent, (status=waiting)
178.73, [WARN], robot1, NO-SKILL, operate_drawer, open_drawer_for_nurse
180.01, [INFO], robot1, {'battery-level': '18.39'}, None, None
180.01, [INFO], robot1, {'y': 18.034, 'x': -28.598, 'yaw': -3.142}, None, None
190.06, [INFO], robot1, {'battery-level': '17.73'}, None, None
190.06, [INFO], robot1, {'y': 18.035, 'x': -28.598, 'yaw': -3.142}, None, None
