0.00, [DEBUG], nurse, NURSE_CONFIG={'location': 'IC Room 6', 'position': [-33.9, 18.93, 3.14]}, None, None
0.19, [DEBUG], logger, ROBOTS_CONFIG={'avg_speed': 0.15, 'battery_charge': 0.7232396784987936, 'battery_discharge_rate': 0.00064, 'id': 3, 'local_plan': [['navigation', ['IC Room 6', [[-38.0, 21.5, 0.0], [-37.0, 21.5], [-37.0, 18.93], [-33.9, 18.93, 3.14]]], 'navto_room'], ['approach_person', ['nurse'], 'approach_nurse'], ['authenticate_person', ['nurse'], 'authenticate_nurse'], ['operate_drawer', ['open'], 'open_drawer_for_nurse'], ['send_message', ['nurse'], 'notify_nurse_of_open_drawer_for_nurse_completed'], ['wait_message', ['nurse'], 'wait_nurse_to_complete_deposit'], ['operate_drawer', ['close'], 'close_drawer_nurse'], ['navigation', ['Laboratory', [[-33.9, 18.93, 3.14], [-37.0, 18.93], [-37.0, 16.0], [-26.0, 16.0], [-26.0, 13.0, 1.57]]], 'navto_lab'], ['approach_robot', ['lab_arm'], 'approach_arm'], ['operate_drawer', ['open'], 'open_drawer_lab'], ['send_message', ['lab_arm'], 'notify_lab_arm_of_open_drawer_lab_completed'], ['wait_message', ['lab_arm'], 'wait_lab_arm_to_complete_pick_up_sample'], ['operate_drawer', ['close'], 'close_drawer_lab']], 'location': 'IC Room 2', 'name': 'r3', 'position': [-38.0, 21.5, 0.0], 'skills': ['approach_person', 'approach_robot', 'authenticate_person', 'navigation', 'operate_drawer']}, None, None
0.19, [DEBUG], logger, Simulation open, None, None
10.05, [INFO], robot3, {'battery-level': '71.75'}, None, None
10.05, [INFO], robot3, {'y': 21.414, 'x': -37.233, 'yaw': -3.141}, None, None
20.06, [INFO], robot3, {'y': 19.297, 'x': -37.045, 'yaw': 3.141}, None, None
20.06, [INFO], robot3, {'battery-level': '71.11'}, None, None
30.09, [INFO], robot3, {'y': 17.832, 'x': -35.492, 'yaw': 3.138}, None, None
30.09, [INFO], robot3, {'battery-level': '70.47'}, None, None
40.08, [INFO], robot3, {'battery-level': '69.83'}, None, None
40.08, [INFO], robot3, {'y': 18.89, 'x': -34.0, 'yaw': -3.142}, None, None
49.48, [info], nurse, sync, received-request, (status=sending-request)
49.48, [info], nurse, sync, request-sent, (status=waiting)
49.48, [info], nurse, sync, wait-message, (status=message-received)
50.02, [INFO], robot3, {'battery-level': '69.19'}, None, None
50.02, [INFO], robot3, {'y': 19.0, 'x': -33.9, 'yaw': 3.14}, None, None
60.04, [INFO], robot3, {'y': 17.761, 'x': -35.237, 'yaw': -3.142}, None, None
60.04, [INFO], robot3, {'battery-level': '68.55'}, None, None
70.04, [INFO], robot3, {'battery-level': '67.91'}, None, None
70.04, [INFO], robot3, {'y': 18.195, 'x': -36.421, 'yaw': -3.14}, None, None
80.08, [INFO], robot3, {'y': 17.452, 'x': -36.902, 'yaw': -3.141}, None, None
80.08, [INFO], robot3, {'battery-level': '67.27'}, None, None
90.03, [INFO], robot3, {'battery-level': '66.63'}, None, None
90.03, [INFO], robot3, {'y': 17.486, 'x': -36.935, 'yaw': 3.141}, None, None
100.02, [INFO], robot3, {'battery-level': '65.99'}, None, None
100.02, [INFO], robot3, {'y': 17.394, 'x': -37.065, 'yaw': -3.142}, None, None
110.03, [INFO], robot3, {'battery-level': '65.35'}, None, None
110.03, [INFO], robot3, {'y': 17.21, 'x': -36.802, 'yaw': -3.142}, None, None
120.01, [INFO], robot3, {'y': 17.239, 'x': -36.804, 'yaw': -3.142}, None, None
120.01, [INFO], robot3, {'battery-level': '64.71'}, None, None
130.06, [INFO], robot3, {'battery-level': '64.07'}, None, None
130.06, [INFO], robot3, {'y': 17.234, 'x': -36.78, 'yaw': 3.141}, None, None
140.04, [INFO], robot3, {'battery-level': '63.43'}, None, None
140.04, [INFO], robot3, {'y': 17.326, 'x': -36.896, 'yaw': -3.142}, None, None
150.00, [INFO], robot3, {'battery-level': '62.79'}, None, None
150.00, [INFO], robot3, {'y': 17.39, 'x': -37.145, 'yaw': -3.141}, None, None
160.04, [INFO], robot3, {'y': 17.163, 'x': -37.036, 'yaw': 3.141}, None, None
160.04, [INFO], robot3, {'battery-level': '62.15'}, None, None
170.06, [INFO], robot3, {'y': 17.353, 'x': -36.914, 'yaw': 3.141}, None, None
170.06, [INFO], robot3, {'battery-level': '61.51'}, None, None
180.02, [INFO], robot3, {'battery-level': '60.87'}, None, None
180.02, [INFO], robot3, {'y': 17.222, 'x': -36.836, 'yaw': 3.141}, None, None
190.04, [INFO], robot3, {'battery-level': '60.23'}, None, None
190.04, [INFO], robot3, {'y': 17.352, 'x': -37.05, 'yaw': 3.141}, None, None
199.96, [INFO], robot3, {'battery-level': '59.59'}, None, None
200.03, [INFO], robot3, {'y': 17.348, 'x': -37.055, 'yaw': 3.141}, None, None
210.05, [INFO], robot3, {'battery-level': '58.95'}, None, None
210.05, [INFO], robot3, {'y': 17.208, 'x': -36.813, 'yaw': -3.142}, None, None
220.02, [INFO], robot3, {'battery-level': '58.31'}, None, None
220.02, [INFO], robot3, {'y': 17.303, 'x': -36.868, 'yaw': -3.141}, None, None
230.07, [INFO], robot3, {'battery-level': '57.67'}, None, None
230.07, [INFO], robot3, {'y': 17.223, 'x': -36.838, 'yaw': 3.142}, None, None
237.23, [WARN], robot3, SKILL-FAILURE, navigation, navto_lab
240.01, [INFO], robot3, {'battery-level': '57.03'}, None, None
240.01, [INFO], robot3, {'y': 17.227, 'x': -36.944, 'yaw': 3.142}, None, None
