0.00, [DEBUG], nurse, NURSE_CONFIG={'location': 'IC Room 2', 'position': [-38.0, 21.5, 0.0]}, None, None
0.00, [INFO], robot5, {'battery-level': '72.58'}, None, None
0.11, [DEBUG], logger, ROBOTS_CONFIG={'avg_speed': 0.15, 'battery_charge': 0.7258412726774711, 'battery_discharge_rate': 0.00076, 'id': 5, 'local_plan': [['navigation', ['IC Room 2', [[-11.5, 18.0, -1.57], [-11.5, 16.0], [-37.0, 16.0], [-37.0, 21.5], [-38.0, 21.5, 0.0]]], 'navto_room'], ['approach_person', ['nurse'], 'approach_nurse'], ['authenticate_person', ['nurse'], 'authenticate_nurse'], ['operate_drawer', ['open'], 'open_drawer_for_nurse'], ['send_message', ['nurse'], 'notify_nurse_of_open_drawer_for_nurse_completed'], ['wait_message', ['nurse'], 'wait_nurse_to_complete_deposit'], ['operate_drawer', ['close'], 'close_drawer_nurse'], ['navigation', ['Laboratory', [[-38.0, 21.5, 0.0], [-37.0, 21.5], [-37.0, 16.0], [-26.0, 16.0], [-26.0, 13.0, 1.57]]], 'navto_lab'], ['approach_robot', ['lab_arm'], 'approach_arm'], ['operate_drawer', ['open'], 'open_drawer_lab'], ['send_message', ['lab_arm'], 'notify_lab_arm_of_open_drawer_lab_completed'], ['wait_message', ['lab_arm'], 'wait_lab_arm_to_complete_pick_up_sample'], ['operate_drawer', ['close'], 'close_drawer_lab']], 'location': 'PC Room 8', 'name': 'r5', 'position': [-11.5, 18.0, -1.57], 'skills': ['approach_person', 'approach_robot', 'authenticate_person', 'navigation', 'operate_drawer']}, None, None
0.11, [DEBUG], logger, Simulation open, None, None
10.00, [INFO], robot5, {'battery-level': '71.90'}, None, None
10.00, [INFO], robot5, {'y': 17.232, 'x': -11.695, 'yaw': -3.142}, None, None
20.08, [INFO], robot5, {'y': 16.254, 'x': -13.223, 'yaw': 3.139}, None, None
20.08, [INFO], robot5, {'battery-level': '71.14'}, None, None
30.06, [INFO], robot5, {'battery-level': '70.38'}, None, None
30.06, [INFO], robot5, {'y': 16.163, 'x': -15.322, 'yaw': 3.141}, None, None
40.03, [INFO], robot5, {'battery-level': '69.62'}, None, None
40.03, [INFO], robot5, {'y': 16.107, 'x': -17.43, 'yaw': 3.141}, None, None
50.02, [INFO], robot5, {'y': 16.203, 'x': -19.551, 'yaw': 3.142}, None, None
50.02, [INFO], robot5, {'battery-level': '68.86'}, None, None
60.04, [INFO], robot5, {'y': 16.298, 'x': -21.658, 'yaw': 3.142}, None, None
60.04, [INFO], robot5, {'battery-level': '68.10'}, None, None
70.01, [INFO], robot5, {'y': 16.15, 'x': -23.763, 'yaw': 3.14}, None, None
70.01, [INFO], robot5, {'battery-level': '67.34'}, None, None
80.01, [INFO], robot5, {'battery-level': '66.58'}, None, None
80.01, [INFO], robot5, {'y': 16.093, 'x': -25.877, 'yaw': 3.14}, None, None
90.06, [INFO], robot5, {'y': 16.109, 'x': -28.004, 'yaw': -3.139}, None, None
90.06, [INFO], robot5, {'battery-level': '65.82'}, None, None
100.06, [INFO], robot5, {'battery-level': '65.06'}, None, None
100.06, [INFO], robot5, {'y': 16.145, 'x': -30.125, 'yaw': 3.141}, None, None
110.02, [INFO], robot5, {'battery-level': '64.30'}, None, None
110.02, [INFO], robot5, {'y': 15.902, 'x': -32.237, 'yaw': 3.141}, None, None
119.97, [INFO], robot5, {'y': 15.421, 'x': -34.331, 'yaw': -3.142}, None, None
119.97, [INFO], robot5, {'battery-level': '63.54'}, None, None
130.01, [INFO], robot5, {'battery-level': '62.78'}, None, None
130.01, [INFO], robot5, {'y': 15.708, 'x': -36.422, 'yaw': -3.142}, None, None
140.04, [INFO], robot5, {'battery-level': '62.02'}, None, None
140.04, [INFO], robot5, {'y': 17.646, 'x': -36.693, 'yaw': -3.142}, None, None
150.01, [INFO], robot5, {'battery-level': '61.26'}, None, None
150.01, [INFO], robot5, {'y': 19.753, 'x': -36.784, 'yaw': 3.141}, None, None
160.03, [INFO], robot5, {'y': 21.507, 'x': -37.654, 'yaw': -3.142}, None, None
160.03, [INFO], robot5, {'battery-level': '60.50'}, None, None
170.01, [INFO], robot5, {'battery-level': '59.74'}, None, None
170.01, [INFO], robot5, {'y': 21.465, 'x': -38.065, 'yaw': 3.141}, None, None
172.75, [info], nurse, sync, received-request, (status=sending-request)
172.75, [info], nurse, sync, request-sent, (status=waiting)
172.75, [info], nurse, sync, wait-message, (status=message-received)
180.07, [INFO], robot5, {'battery-level': '58.98'}, None, None
180.07, [INFO], robot5, {'y': 20.799, 'x': -37.173, 'yaw': -3.142}, None, None
190.04, [INFO], robot5, {'battery-level': '58.22'}, None, None
190.04, [INFO], robot5, {'y': 18.687, 'x': -37.165, 'yaw': 3.142}, None, None
200.04, [INFO], robot5, {'battery-level': '57.46'}, None, None
200.04, [INFO], robot5, {'y': 16.573, 'x': -37.069, 'yaw': -3.142}, None, None
210.07, [INFO], robot5, {'battery-level': '56.70'}, None, None
210.07, [INFO], robot5, {'y': 15.633, 'x': -35.213, 'yaw': -3.142}, None, None
220.03, [INFO], robot5, {'y': 15.451, 'x': -33.134, 'yaw': 3.141}, None, None
220.03, [INFO], robot5, {'battery-level': '55.94'}, None, None
230.00, [INFO], robot5, {'battery-level': '55.18'}, None, None
230.00, [INFO], robot5, {'y': 15.499, 'x': -31.022, 'yaw': -3.141}, None, None
240.01, [INFO], robot5, {'battery-level': '54.42'}, None, None
240.01, [INFO], robot5, {'y': 15.72, 'x': -28.914, 'yaw': 3.141}, None, None
250.01, [INFO], robot5, {'battery-level': '53.66'}, None, None
250.01, [INFO], robot5, {'y': 15.739, 'x': -26.795, 'yaw': 3.142}, None, None
260.02, [INFO], robot5, {'battery-level': '52.90'}, None, None
260.02, [INFO], robot5, {'y': 14.141, 'x': -25.781, 'yaw': 3.141}, None, None
270.03, [INFO], robot5, {'battery-level': '52.14'}, None, None
270.03, [INFO], robot5, {'y': 12.89, 'x': -25.954, 'yaw': -3.142}, None, None
273.57, [info], lab_arm, sync, wait-message, (status=message-received)
274.39, [WARN], robot5, SUCCESS, None, None
280.00, [INFO], robot5, {'y': 12.887, 'x': -25.952, 'yaw': 3.142}, None, None
280.00, [INFO], robot5, {'battery-level': '51.38'}, None, None
