0.00, [DEBUG], nurse, NURSE_CONFIG={'location': 'IC Room 6', 'position': [-33.9, 18.93, 3.14]}, None, None
0.00, [INFO], robot5, {'battery-level': '72.58'}, None, None
0.13, [DEBUG], logger, ROBOTS_CONFIG={'avg_speed': 0.15, 'battery_charge': 0.7258412726774711, 'battery_discharge_rate': 0.00042, 'id': 5, 'local_plan': [['navigation', ['IC Room 6', [[-13.5, 18.0, -1.57], [-13.5, 16.0], [-37.0, 16.0], [-37.0, 18.93], [-33.9, 18.93, 3.14]]], 'navto_room'], ['approach_person', ['nurse'], 'approach_nurse'], ['authenticate_person', ['nurse'], 'authenticate_nurse'], ['operate_drawer', ['open'], 'open_drawer_for_nurse'], ['send_message', ['nurse'], 'notify_nurse_of_open_drawer_for_nurse_completed'], ['wait_message', ['nurse'], 'wait_nurse_to_complete_deposit'], ['operate_drawer', ['close'], 'close_drawer_nurse'], ['navigation', ['Laboratory', [[-33.9, 18.93, 3.14], [-37.0, 18.93], [-37.0, 16.0], [-26.0, 16.0], [-26.0, 13.0, 1.57]]], 'navto_lab'], ['approach_robot', ['lab_arm'], 'approach_arm'], ['operate_drawer', ['open'], 'open_drawer_lab'], ['send_message', ['lab_arm'], 'notify_lab_arm_of_open_drawer_lab_completed'], ['wait_message', ['lab_arm'], 'wait_lab_arm_to_complete_pick_up_sample'], ['operate_drawer', ['close'], 'close_drawer_lab']], 'location': 'PC Room 7', 'name': 'r5', 'position': [-13.5, 18.0, -1.57], 'skills': ['approach_person', 'authenticate_person', 'navigation', 'operate_drawer']}, None, None
0.13, [DEBUG], logger, Simulation open, None, None
10.06, [INFO], robot5, {'battery-level': '72.21'}, None, None
10.06, [INFO], robot5, {'y': 17.18, 'x': -13.492, 'yaw': -3.141}, None, None
20.07, [INFO], robot5, {'battery-level': '71.79'}, None, None
20.07, [INFO], robot5, {'y': 16.038, 'x': -14.659, 'yaw': 3.142}, None, None
30.02, [INFO], robot5, {'y': 16.002, 'x': -16.749, 'yaw': 3.141}, None, None
30.02, [INFO], robot5, {'battery-level': '71.37'}, None, None
40.02, [INFO], robot5, {'battery-level': '70.95'}, None, None
40.02, [INFO], robot5, {'y': 16.023, 'x': -18.846, 'yaw': 3.142}, None, None
50.05, [INFO], robot5, {'y': 16.194, 'x': -20.963, 'yaw': -3.142}, None, None
50.05, [INFO], robot5, {'battery-level': '70.53'}, None, None
60.04, [INFO], robot5, {'battery-level': '70.11'}, None, None
60.04, [INFO], robot5, {'y': 16.148, 'x': -23.082, 'yaw': -3.142}, None, None
70.06, [INFO], robot5, {'y': 16.09, 'x': -25.205, 'yaw': 3.141}, None, None
70.06, [INFO], robot5, {'battery-level': '69.69'}, None, None
80.05, [INFO], robot5, {'battery-level': '69.27'}, None, None
80.05, [INFO], robot5, {'y': 16.131, 'x': -27.32, 'yaw': 3.142}, None, None
90.03, [INFO], robot5, {'y': 16.197, 'x': -29.428, 'yaw': -3.142}, None, None
90.03, [INFO], robot5, {'battery-level': '68.85'}, None, None
100.05, [INFO], robot5, {'y': 15.97, 'x': -31.558, 'yaw': 3.141}, None, None
100.05, [INFO], robot5, {'battery-level': '68.43'}, None, None
110.01, [INFO], robot5, {'y': 15.616, 'x': -33.656, 'yaw': 3.141}, None, None
110.01, [INFO], robot5, {'battery-level': '68.01'}, None, None
120.02, [INFO], robot5, {'battery-level': '67.59'}, None, None
120.02, [INFO], robot5, {'y': 15.512, 'x': -35.762, 'yaw': -3.141}, None, None
130.03, [INFO], robot5, {'battery-level': '67.17'}, None, None
130.03, [INFO], robot5, {'y': 16.893, 'x': -36.766, 'yaw': -3.141}, None, None
140.02, [INFO], robot5, {'battery-level': '66.75'}, None, None
140.02, [INFO], robot5, {'y': 17.683, 'x': -36.763, 'yaw': -3.142}, None, None
150.02, [INFO], robot5, {'y': 18.16, 'x': -35.793, 'yaw': -3.141}, None, None
150.02, [INFO], robot5, {'battery-level': '66.33'}, None, None
160.03, [INFO], robot5, {'y': 18.42, 'x': -35.625, 'yaw': -3.14}, None, None
160.03, [INFO], robot5, {'battery-level': '65.91'}, None, None
170.03, [INFO], robot5, {'y': 18.18, 'x': -35.757, 'yaw': 3.142}, None, None
170.03, [INFO], robot5, {'battery-level': '65.49'}, None, None
180.04, [INFO], robot5, {'battery-level': '65.07'}, None, None
180.04, [INFO], robot5, {'y': 18.275, 'x': -35.719, 'yaw': -3.142}, None, None
189.93, [INFO], robot5, {'battery-level': '64.65'}, None, None
190.00, [INFO], robot5, {'y': 18.272, 'x': -35.698, 'yaw': -3.141}, None, None
200.06, [INFO], robot5, {'battery-level': '64.23'}, None, None
200.06, [INFO], robot5, {'y': 18.272, 'x': -35.698, 'yaw': 3.142}, None, None
210.01, [INFO], robot5, {'battery-level': '63.81'}, None, None
210.01, [INFO], robot5, {'y': 18.301, 'x': -35.699, 'yaw': -3.136}, None, None
217.26, [WARN], robot5, SKILL-FAILURE, navigation, navto_room
