0.00, [INFO], robot3, {'battery-level': '72.32'}, None, None
0.00, [DEBUG], nurse, NURSE_CONFIG={'location': 'IC Room 6', 'position': [-33.9, 18.93, 3.14]}, None, None
0.13, [DEBUG], logger, ROBOTS_CONFIG={'avg_speed': 0.15, 'battery_charge': 0.7232396784987936, 'battery_discharge_rate': 0.0004, 'id': 3, 'local_plan': [['navigation', ['IC Room 6', [[-38.0, 21.5, 0.0], [-37.0, 21.5], [-37.0, 18.93], [-33.9, 18.93, 3.14]]], 'navto_room'], ['approach_person', ['nurse'], 'approach_nurse'], ['authenticate_person', ['nurse'], 'authenticate_nurse'], ['operate_drawer', ['open'], 'open_drawer_for_nurse'], ['send_message', ['nurse'], 'notify_nurse_of_open_drawer_for_nurse_completed'], ['wait_message', ['nurse'], 'wait_nurse_to_complete_deposit'], ['operate_drawer', ['close'], 'close_drawer_nurse'], ['navigation', ['Laboratory', [[-33.9, 18.93, 3.14], [-37.0, 18.93], [-37.0, 16.0], [-26.0, 16.0], [-26.0, 13.0, 1.57]]], 'navto_lab'], ['approach_robot', ['lab_arm'], 'approach_arm'], ['operate_drawer', ['open'], 'open_drawer_lab'], ['send_message', ['lab_arm'], 'notify_lab_arm_of_open_drawer_lab_completed'], ['wait_message', ['lab_arm'], 'wait_lab_arm_to_complete_pick_up_sample'], ['operate_drawer', ['close'], 'close_drawer_lab']], 'location': 'IC Room 2', 'name': 'r3', 'position': [-38.0, 21.5, 0.0], 'skills': ['approach_person', 'approach_robot', 'authenticate_person', 'navigation', 'operate_drawer']}, None, None
0.13, [DEBUG], logger, Simulation open, None, None
10.05, [INFO], robot3, {'y': 21.271, 'x': -37.322, 'yaw': 3.141}, None, None
10.05, [INFO], robot3, {'battery-level': '71.96'}, None, None
20.06, [INFO], robot3, {'y': 19.185, 'x': -37.042, 'yaw': 3.141}, None, None
20.06, [INFO], robot3, {'battery-level': '71.56'}, None, None
30.04, [INFO], robot3, {'battery-level': '71.16'}, None, None
30.04, [INFO], robot3, {'y': 17.74, 'x': -35.505, 'yaw': 3.139}, None, None
40.02, [INFO], robot3, {'y': 18.829, 'x': -34.022, 'yaw': -3.142}, None, None
40.02, [INFO], robot3, {'battery-level': '70.76'}, None, None
50.04, [INFO], robot3, {'battery-level': '70.36'}, None, None
50.04, [INFO], robot3, {'y': 18.946, 'x': -33.931, 'yaw': 3.142}, None, None
50.13, [info], nurse, sync, received-request, (status=sending-request)
50.13, [info], nurse, sync, request-sent, (status=waiting)
50.13, [info], nurse, sync, wait-message, (status=message-received)
60.05, [INFO], robot3, {'battery-level': '69.96'}, None, None
60.05, [INFO], robot3, {'y': 17.742, 'x': -35.145, 'yaw': 3.141}, None, None
70.01, [INFO], robot3, {'battery-level': '69.56'}, None, None
70.01, [INFO], robot3, {'y': 17.926, 'x': -36.15, 'yaw': 3.142}, None, None
80.08, [INFO], robot3, {'battery-level': '69.16'}, None, None
80.08, [INFO], robot3, {'y': 18.094, 'x': -36.625, 'yaw': -3.142}, None, None
90.08, [INFO], robot3, {'battery-level': '68.76'}, None, None
90.08, [INFO], robot3, {'y': 17.4, 'x': -36.735, 'yaw': 3.141}, None, None
100.00, [INFO], robot3, {'battery-level': '68.36'}, None, None
100.00, [INFO], robot3, {'y': 17.539, 'x': -36.715, 'yaw': -3.142}, None, None
110.00, [INFO], robot3, {'battery-level': '67.96'}, None, None
110.00, [INFO], robot3, {'y': 17.472, 'x': -37.093, 'yaw': 3.14}, None, None
120.00, [INFO], robot3, {'y': 17.494, 'x': -36.926, 'yaw': 3.141}, None, None
120.00, [INFO], robot3, {'battery-level': '67.56'}, None, None
130.03, [INFO], robot3, {'y': 17.261, 'x': -36.915, 'yaw': -3.141}, None, None
130.03, [INFO], robot3, {'battery-level': '67.16'}, None, None
140.01, [INFO], robot3, {'y': 17.337, 'x': -36.925, 'yaw': -3.141}, None, None
140.01, [INFO], robot3, {'battery-level': '66.76'}, None, None
150.07, [INFO], robot3, {'y': 17.182, 'x': -36.976, 'yaw': -3.141}, None, None
150.07, [INFO], robot3, {'battery-level': '66.36'}, None, None
160.00, [INFO], robot3, {'battery-level': '65.96'}, None, None
160.00, [INFO], robot3, {'y': 17.35, 'x': -37.078, 'yaw': -3.141}, None, None
170.03, [INFO], robot3, {'battery-level': '65.56'}, None, None
170.03, [INFO], robot3, {'y': 17.378, 'x': -36.84, 'yaw': -3.142}, None, None
180.03, [INFO], robot3, {'battery-level': '65.16'}, None, None
180.03, [INFO], robot3, {'y': 17.341, 'x': -36.94, 'yaw': -3.141}, None, None
190.09, [INFO], robot3, {'battery-level': '64.76'}, None, None
190.09, [INFO], robot3, {'y': 17.248, 'x': -36.743, 'yaw': 3.142}, None, None
200.01, [INFO], robot3, {'battery-level': '64.36'}, None, None
200.01, [INFO], robot3, {'y': 17.168, 'x': -37.039, 'yaw': 3.141}, None, None
210.00, [INFO], robot3, {'battery-level': '63.96'}, None, None
210.00, [INFO], robot3, {'y': 17.374, 'x': -36.893, 'yaw': -3.141}, None, None
220.02, [INFO], robot3, {'battery-level': '63.56'}, None, None
220.02, [INFO], robot3, {'y': 17.267, 'x': -37.085, 'yaw': 3.142}, None, None
230.01, [INFO], robot3, {'battery-level': '63.16'}, None, None
230.01, [INFO], robot3, {'y': 17.553, 'x': -36.842, 'yaw': 3.141}, None, None
236.73, [WARN], robot3, SKILL-FAILURE, navigation, navto_lab
240.03, [INFO], robot3, {'battery-level': '62.76'}, None, None
240.03, [INFO], robot3, {'y': 17.539, 'x': -36.905, 'yaw': 3.142}, None, None
