0.00, [DEBUG], nurse, NURSE_CONFIG={'location': 'IC Room 2', 'position': [-38.0, 21.5, 0.0]}, None, None
0.00, [DEBUG], logger, ROBOTS_CONFIG={'avg_speed': 0.15, 'battery_charge': 0.9109794326728246, 'battery_discharge_rate': 0.0005200000000000001, 'id': 6, 'local_plan': [['navigation', ['IC Room 2', [[-33.9, 18.93, 3.14], [-37.0, 18.93], [-37.0, 21.5], [-38.0, 21.5, 0.0]]], 'navto_room'], ['approach_person', ['nurse'], 'approach_nurse'], ['authenticate_person', ['nurse'], 'authenticate_nurse'], ['operate_drawer', ['open'], 'open_drawer_for_nurse'], ['send_message', ['nurse'], 'notify_nurse_of_open_drawer_for_nurse_completed'], ['wait_message', ['nurse'], 'wait_nurse_to_complete_deposit'], ['operate_drawer', ['close'], 'close_drawer_nurse'], ['navigation', ['Laboratory', [[-38.0, 21.5, 0.0], [-37.0, 21.5], [-37.0, 16.0], [-26.0, 16.0], [-26.0, 13.0, 1.57]]], 'navto_lab'], ['approach_robot', ['lab_arm'], 'approach_arm'], ['operate_drawer', ['open'], 'open_drawer_lab'], ['send_message', ['lab_arm'], 'notify_lab_arm_of_open_drawer_lab_completed'], ['wait_message', ['lab_arm'], 'wait_lab_arm_to_complete_pick_up_sample'], ['operate_drawer', ['close'], 'close_drawer_lab']], 'location': 'IC Room 6', 'name': 'r6', 'position': [-33.9, 18.93, 3.14], 'skills': ['approach_person', 'approach_robot', 'authenticate_person', 'navigation', 'operate_drawer']}, None, None
0.00, [DEBUG], logger, Simulation open, None, None
10.09, [INFO], robot6, {'y': 18.57, 'x': -34.309, 'yaw': 3.142}, None, None
10.09, [INFO], robot6, {'battery-level': '90.63'}, None, None
20.09, [INFO], robot6, {'y': 17.888, 'x': -36.038, 'yaw': 3.141}, None, None
20.09, [INFO], robot6, {'battery-level': '90.11'}, None, None
30.02, [INFO], robot6, {'y': 19.638, 'x': -36.939, 'yaw': 3.136}, None, None
30.02, [INFO], robot6, {'battery-level': '89.59'}, None, None
40.09, [INFO], robot6, {'battery-level': '89.07'}, None, None
40.09, [INFO], robot6, {'y': 21.472, 'x': -37.534, 'yaw': 3.141}, None, None
50.00, [INFO], robot6, {'battery-level': '88.55'}, None, None
50.00, [INFO], robot6, {'y': 21.447, 'x': -38.084, 'yaw': 3.142}, None, None
56.75, [info], nurse, sync, received-request, (status=sending-request)
56.75, [info], nurse, sync, request-sent, (status=waiting)
56.75, [info], nurse, sync, wait-message, (status=message-received)
60.02, [INFO], robot6, {'y': 21.434, 'x': -37.683, 'yaw': 3.142}, None, None
60.02, [INFO], robot6, {'battery-level': '88.03'}, None, None
70.03, [INFO], robot6, {'battery-level': '87.51'}, None, None
70.03, [INFO], robot6, {'y': 19.606, 'x': -37.169, 'yaw': 3.138}, None, None
80.03, [INFO], robot6, {'y': 17.488, 'x': -37.123, 'yaw': 3.142}, None, None
80.03, [INFO], robot6, {'battery-level': '86.99'}, None, None
90.02, [INFO], robot6, {'y': 15.824, 'x': -36.342, 'yaw': 3.141}, None, None
90.02, [INFO], robot6, {'battery-level': '86.47'}, None, None
100.09, [INFO], robot6, {'y': 15.343, 'x': -34.251, 'yaw': -3.141}, None, None
100.09, [INFO], robot6, {'battery-level': '85.95'}, None, None
110.01, [INFO], robot6, {'y': 15.469, 'x': -32.163, 'yaw': 3.142}, None, None
110.01, [INFO], robot6, {'battery-level': '85.43'}, None, None
120.08, [INFO], robot6, {'battery-level': '84.91'}, None, None
120.08, [INFO], robot6, {'y': 15.584, 'x': -30.028, 'yaw': 3.141}, None, None
130.06, [INFO], robot6, {'y': 15.76, 'x': -27.915, 'yaw': -3.14}, None, None
130.06, [INFO], robot6, {'battery-level': '84.39'}, None, None
140.04, [INFO], robot6, {'battery-level': '83.87'}, None, None
140.04, [INFO], robot6, {'y': 15.323, 'x': -26.029, 'yaw': 3.142}, None, None
150.05, [INFO], robot6, {'battery-level': '83.35'}, None, None
150.05, [INFO], robot6, {'y': 13.239, 'x': -25.759, 'yaw': -3.142}, None, None
159.65, [info], lab_arm, sync, wait-message, (status=message-received)
160.03, [INFO], robot6, {'y': 12.919, 'x': -25.934, 'yaw': 3.14}, None, None
160.03, [INFO], robot6, {'battery-level': '82.83'}, None, None
160.61, [WARN], robot6, SUCCESS, None, None
