0.00, [DEBUG], nurse, NURSE_CONFIG={'location': 'IC Room 6', 'position': [-33.9, 18.93, 3.14]}, None, None
0.18, [DEBUG], logger, ROBOTS_CONFIG={'avg_speed': 0.15, 'battery_charge': 0.7232396784987936, 'battery_discharge_rate': 0.0004, 'id': 3, 'local_plan': [['navigation', ['IC Room 6', [[-38.0, 21.5, 0.0], [-37.0, 21.5], [-37.0, 18.93], [-33.9, 18.93, 3.14]]], 'navto_room'], ['approach_person', ['nurse'], 'approach_nurse'], ['authenticate_person', ['nurse'], 'authenticate_nurse'], ['operate_drawer', ['open'], 'open_drawer_for_nurse'], ['send_message', ['nurse'], 'notify_nurse_of_open_drawer_for_nurse_completed'], ['wait_message', ['nurse'], 'wait_nurse_to_complete_deposit'], ['operate_drawer', ['close'], 'close_drawer_nurse'], ['navigation', ['Laboratory', [[-33.9, 18.93, 3.14], [-37.0, 18.93], [-37.0, 16.0], [-26.0, 16.0], [-26.0, 13.0, 1.57]]], 'navto_lab'], ['approach_robot', ['lab_arm'], 'approach_arm'], ['operate_drawer', ['open'], 'open_drawer_lab'], ['send_message', ['lab_arm'], 'notify_lab_arm_of_open_drawer_lab_completed'], ['wait_message', ['lab_arm'], 'wait_lab_arm_to_complete_pick_up_sample'], ['operate_drawer', ['close'], 'close_drawer_lab']], 'location': 'IC Room 2', 'name': 'r3', 'position': [-38.0, 21.5, 0.0], 'skills': ['approach_person', 'approach_robot', 'authenticate_person', 'navigation', 'operate_drawer']}, None, None
0.18, [DEBUG], logger, Simulation open, None, None
10.08, [INFO], robot3, {'battery-level': '71.96'}, None, None
10.08, [INFO], robot3, {'y': 21.226, 'x': -37.241, 'yaw': -3.142}, None, None
19.97, [INFO], robot3, {'y': 19.136, 'x': -36.939, 'yaw': 3.142}, None, None
20.05, [INFO], robot3, {'battery-level': '71.56'}, None, None
30.02, [INFO], robot3, {'battery-level': '71.16'}, None, None
30.02, [INFO], robot3, {'y': 17.819, 'x': -35.288, 'yaw': -3.14}, None, None
40.07, [INFO], robot3, {'battery-level': '70.76'}, None, None
40.07, [INFO], robot3, {'y': 18.932, 'x': -33.956, 'yaw': -3.142}, None, None
45.77, [info], nurse, sync, received-request, (status=sending-request)
45.77, [info], nurse, sync, request-sent, (status=waiting)
45.77, [info], nurse, sync, wait-message, (status=message-received)
50.06, [INFO], robot3, {'y': 18.557, 'x': -34.382, 'yaw': -3.142}, None, None
50.06, [INFO], robot3, {'battery-level': '70.36'}, None, None
60.07, [INFO], robot3, {'y': 17.93, 'x': -36.018, 'yaw': 3.141}, None, None
60.07, [INFO], robot3, {'battery-level': '69.96'}, None, None
70.07, [INFO], robot3, {'battery-level': '69.56'}, None, None
70.07, [INFO], robot3, {'y': 17.307, 'x': -37.025, 'yaw': 3.141}, None, None
80.07, [INFO], robot3, {'battery-level': '69.16'}, None, None
80.07, [INFO], robot3, {'y': 17.426, 'x': -37.009, 'yaw': -3.141}, None, None
90.07, [INFO], robot3, {'y': 17.263, 'x': -37.108, 'yaw': 3.141}, None, None
90.07, [INFO], robot3, {'battery-level': '68.76'}, None, None
100.06, [INFO], robot3, {'y': 17.501, 'x': -37.048, 'yaw': -3.141}, None, None
100.06, [INFO], robot3, {'battery-level': '68.36'}, None, None
110.06, [INFO], robot3, {'battery-level': '67.96'}, None, None
110.06, [INFO], robot3, {'y': 17.343, 'x': -37.087, 'yaw': -3.141}, None, None
120.00, [INFO], robot3, {'battery-level': '67.56'}, None, None
120.00, [INFO], robot3, {'y': 17.481, 'x': -36.82, 'yaw': 3.141}, None, None
130.08, [INFO], robot3, {'battery-level': '67.16'}, None, None
130.08, [INFO], robot3, {'y': 17.46, 'x': -36.955, 'yaw': 3.142}, None, None
140.05, [INFO], robot3, {'y': 17.396, 'x': -36.796, 'yaw': -3.142}, None, None
140.05, [INFO], robot3, {'battery-level': '66.76'}, None, None
150.07, [INFO], robot3, {'y': 17.32, 'x': -36.871, 'yaw': 3.141}, None, None
150.07, [INFO], robot3, {'battery-level': '66.36'}, None, None
160.08, [INFO], robot3, {'y': 17.333, 'x': -37.136, 'yaw': -3.141}, None, None
160.08, [INFO], robot3, {'battery-level': '65.96'}, None, None
170.09, [INFO], robot3, {'y': 17.313, 'x': -37.14, 'yaw': -3.142}, None, None
170.09, [INFO], robot3, {'battery-level': '65.56'}, None, None
180.04, [INFO], robot3, {'y': 17.453, 'x': -36.967, 'yaw': -3.142}, None, None
180.04, [INFO], robot3, {'battery-level': '65.16'}, None, None
190.00, [INFO], robot3, {'y': 17.403, 'x': -36.714, 'yaw': -3.141}, None, None
190.00, [INFO], robot3, {'battery-level': '64.76'}, None, None
200.07, [INFO], robot3, {'battery-level': '64.36'}, None, None
200.07, [INFO], robot3, {'y': 17.308, 'x': -37.089, 'yaw': 3.14}, None, None
210.04, [INFO], robot3, {'battery-level': '63.96'}, None, None
210.04, [INFO], robot3, {'y': 17.191, 'x': -36.778, 'yaw': -3.142}, None, None
220.05, [INFO], robot3, {'y': 17.219, 'x': -36.903, 'yaw': -3.142}, None, None
220.05, [INFO], robot3, {'battery-level': '63.56'}, None, None
230.01, [INFO], robot3, {'battery-level': '63.16'}, None, None
230.01, [INFO], robot3, {'y': 17.407, 'x': -36.989, 'yaw': -3.142}, None, None
231.66, [WARN], robot3, SKILL-FAILURE, navigation, navto_lab
