0.00, [DEBUG], nurse, NURSE_CONFIG={'location': 'IC Room 6', 'position': [-33.9, 18.93, 3.14]}, None, None
0.11, [DEBUG], logger, ROBOTS_CONFIG={'avg_speed': 0.15, 'battery_charge': 0.7232396784987936, 'battery_discharge_rate': 0.0004, 'id': 3, 'local_plan': [['navigation', ['IC Room 6', [[-38.0, 21.5, 0.0], [-37.0, 21.5], [-37.0, 18.93], [-33.9, 18.93, 3.14]]], 'navto_room'], ['approach_person', ['nurse'], 'approach_nurse'], ['authenticate_person', ['nurse'], 'authenticate_nurse'], ['operate_drawer', ['open'], 'open_drawer_for_nurse'], ['send_message', ['nurse'], 'notify_nurse_of_open_drawer_for_nurse_completed'], ['wait_message', ['nurse'], 'wait_nurse_to_complete_deposit'], ['operate_drawer', ['close'], 'close_drawer_nurse'], ['navigation', ['Laboratory', [[-33.9, 18.93, 3.14], [-37.0, 18.93], [-37.0, 16.0], [-26.0, 16.0], [-26.0, 13.0, 1.57]]], 'navto_lab'], ['approach_robot', ['lab_arm'], 'approach_arm'], ['operate_drawer', ['open'], 'open_drawer_lab'], ['send_message', ['lab_arm'], 'notify_lab_arm_of_open_drawer_lab_completed'], ['wait_message', ['lab_arm'], 'wait_lab_arm_to_complete_pick_up_sample'], ['operate_drawer', ['close'], 'close_drawer_lab']], 'location': 'IC Room 2', 'name': 'r3', 'position': [-38.0, 21.5, 0.0], 'skills': ['approach_person', 'approach_robot', 'authenticate_person', 'navigation', 'operate_drawer']}, None, None
0.11, [DEBUG], logger, Simulation open, None, None
10.04, [INFO], robot3, {'y': 21.509, 'x': -37.396, 'yaw': -3.139}, None, None
10.04, [INFO], robot3, {'battery-level': '71.96'}, None, None
20.07, [INFO], robot3, {'battery-level': '71.56'}, None, None
20.07, [INFO], robot3, {'y': 19.462, 'x': -37.123, 'yaw': 3.141}, None, None
30.08, [INFO], robot3, {'y': 17.837, 'x': -35.727, 'yaw': -3.141}, None, None
30.08, [INFO], robot3, {'battery-level': '71.16'}, None, None
40.02, [INFO], robot3, {'battery-level': '70.76'}, None, None
40.02, [INFO], robot3, {'y': 18.735, 'x': -34.089, 'yaw': -3.142}, None, None
49.93, [info], nurse, sync, received-request, (status=sending-request)
49.93, [info], nurse, sync, request-sent, (status=waiting)
49.93, [info], nurse, sync, wait-message, (status=message-received)
50.01, [INFO], robot3, {'battery-level': '70.36'}, None, None
50.01, [INFO], robot3, {'y': 18.941, 'x': -33.945, 'yaw': -3.141}, None, None
60.05, [INFO], robot3, {'battery-level': '69.96'}, None, None
60.05, [INFO], robot3, {'y': 17.792, 'x': -35.309, 'yaw': 3.142}, None, None
70.03, [INFO], robot3, {'battery-level': '69.56'}, None, None
70.03, [INFO], robot3, {'y': 17.98, 'x': -36.103, 'yaw': 3.141}, None, None
80.06, [INFO], robot3, {'battery-level': '69.16'}, None, None
80.06, [INFO], robot3, {'y': 17.345, 'x': -37.03, 'yaw': -3.142}, None, None
90.06, [INFO], robot3, {'battery-level': '68.76'}, None, None
90.06, [INFO], robot3, {'y': 17.292, 'x': -37.007, 'yaw': 3.141}, None, None
100.05, [INFO], robot3, {'y': 17.277, 'x': -36.942, 'yaw': 3.141}, None, None
100.05, [INFO], robot3, {'battery-level': '68.36'}, None, None
110.06, [INFO], robot3, {'battery-level': '67.96'}, None, None
110.06, [INFO], robot3, {'y': 17.173, 'x': -36.951, 'yaw': -3.142}, None, None
120.03, [INFO], robot3, {'y': 17.182, 'x': -36.853, 'yaw': -3.142}, None, None
120.03, [INFO], robot3, {'battery-level': '67.56'}, None, None
130.08, [INFO], robot3, {'y': 17.378, 'x': -36.839, 'yaw': -3.142}, None, None
130.08, [INFO], robot3, {'battery-level': '67.16'}, None, None
140.03, [INFO], robot3, {'y': 17.401, 'x': -37.002, 'yaw': 3.142}, None, None
140.03, [INFO], robot3, {'battery-level': '66.76'}, None, None
150.04, [INFO], robot3, {'battery-level': '66.36'}, None, None
150.04, [INFO], robot3, {'y': 17.161, 'x': -36.799, 'yaw': -3.142}, None, None
160.03, [INFO], robot3, {'y': 17.266, 'x': -37.115, 'yaw': 3.142}, None, None
160.03, [INFO], robot3, {'battery-level': '65.96'}, None, None
170.01, [INFO], robot3, {'battery-level': '65.56'}, None, None
170.01, [INFO], robot3, {'y': 17.31, 'x': -37.028, 'yaw': 3.14}, None, None
180.01, [INFO], robot3, {'battery-level': '65.16'}, None, None
180.01, [INFO], robot3, {'y': 17.439, 'x': -36.844, 'yaw': -3.141}, None, None
190.03, [INFO], robot3, {'y': 17.453, 'x': -36.978, 'yaw': 3.141}, None, None
190.03, [INFO], robot3, {'battery-level': '64.76'}, None, None
200.06, [INFO], robot3, {'y': 17.297, 'x': -36.801, 'yaw': -3.142}, None, None
200.06, [INFO], robot3, {'battery-level': '64.36'}, None, None
210.01, [INFO], robot3, {'y': 17.359, 'x': -36.843, 'yaw': -3.141}, None, None
210.01, [INFO], robot3, {'battery-level': '63.96'}, None, None
220.07, [INFO], robot3, {'battery-level': '63.56'}, None, None
220.07, [INFO], robot3, {'y': 17.352, 'x': -37.015, 'yaw': -3.141}, None, None
228.53, [WARN], robot3, SKILL-FAILURE, navigation, navto_lab
230.00, [INFO], robot3, {'y': 17.282, 'x': -37.069, 'yaw': -3.142}, None, None
230.00, [INFO], robot3, {'battery-level': '63.16'}, None, None
240.01, [INFO], robot3, {'battery-level': '62.76'}, None, None
240.01, [INFO], robot3, {'y': 17.282, 'x': -37.069, 'yaw': 3.142}, None, None
