0.00, [INFO], robot4, {'battery-level': '17.50'}, None, None
0.00, [DEBUG], logger, ROBOTS_CONFIG={'avg_speed': 0.15, 'battery_charge': 0.17496190705907763, 'battery_discharge_rate': 0.0006000000000000001, 'id': 4, 'local_plan': [['navigation', ['IC Room 6', [[-39.44, 33.95, 0.0], [-37.0, 33.95], [-37.0, 18.93], [-33.9, 18.93, 3.14]]], 'navto_room'], ['approach_person', ['nurse'], 'approach_nurse'], ['authenticate_person', ['nurse'], 'authenticate_nurse'], ['operate_drawer', ['open'], 'open_drawer_for_nurse'], ['send_message', ['nurse'], 'notify_nurse_of_open_drawer_for_nurse_completed'], ['wait_message', ['nurse'], 'wait_nurse_to_complete_deposit'], ['operate_drawer', ['close'], 'close_drawer_nurse'], ['navigation', ['Laboratory', [[-33.9, 18.93, 3.14], [-37.0, 18.93], [-37.0, 16.0], [-26.0, 16.0], [-26.0, 13.0, 1.57]]], 'navto_lab'], ['approach_robot', ['lab_arm'], 'approach_arm'], ['operate_drawer', ['open'], 'open_drawer_lab'], ['send_message', ['lab_arm'], 'notify_lab_arm_of_open_drawer_lab_completed'], ['wait_message', ['lab_arm'], 'wait_lab_arm_to_complete_pick_up_sample'], ['operate_drawer', ['close'], 'close_drawer_lab']], 'location': 'IC Room 4', 'name': 'r4', 'position': [-39.44, 33.95, 0.0], 'skills': ['approach_person', 'approach_robot', 'authenticate_person', 'navigation', 'operate_drawer']}, None, None
0.00, [DEBUG], logger, Simulation open, None, None
10.03, [INFO], robot4, {'y': 34.01, 'x': -39.144, 'yaw': 3.142}, None, None
10.03, [INFO], robot4, {'battery-level': '16.96'}, None, None
20.09, [INFO], robot4, {'battery-level': '16.36'}, None, None
20.09, [INFO], robot4, {'y': 34.251, 'x': -37.228, 'yaw': 3.141}, None, None
30.06, [INFO], robot4, {'battery-level': '15.76'}, None, None
30.06, [INFO], robot4, {'y': 32.179, 'x': -37.039, 'yaw': 3.141}, None, None
40.01, [INFO], robot4, {'y': 30.079, 'x': -37.029, 'yaw': 3.141}, None, None
40.01, [INFO], robot4, {'battery-level': '15.16'}, None, None
50.08, [INFO], robot4, {'battery-level': '14.56'}, None, None
50.08, [INFO], robot4, {'y': 27.951, 'x': -37.0, 'yaw': 3.141}, None, None
60.04, [INFO], robot4, {'battery-level': '13.96'}, None, None
60.04, [INFO], robot4, {'y': 25.846, 'x': -37.03, 'yaw': -3.142}, None, None
70.02, [INFO], robot4, {'battery-level': '13.36'}, None, None
70.02, [INFO], robot4, {'y': 23.733, 'x': -37.059, 'yaw': 3.141}, None, None
80.07, [INFO], robot4, {'y': 21.614, 'x': -37.202, 'yaw': 3.142}, None, None
80.07, [INFO], robot4, {'battery-level': '12.76'}, None, None
90.03, [INFO], robot4, {'y': 19.505, 'x': -37.138, 'yaw': 3.141}, None, None
90.03, [INFO], robot4, {'battery-level': '12.16'}, None, None
100.08, [INFO], robot4, {'battery-level': '11.56'}, None, None
100.08, [INFO], robot4, {'y': 17.812, 'x': -35.845, 'yaw': 3.141}, None, None
110.04, [INFO], robot4, {'battery-level': '10.96'}, None, None
110.04, [INFO], robot4, {'y': 18.553, 'x': -34.172, 'yaw': 3.142}, None, None
120.10, [INFO], robot4, {'battery-level': '10.36'}, None, None
120.10, [INFO], robot4, {'y': 18.951, 'x': -33.934, 'yaw': -3.142}, None, None
122.11, [info], nurse, sync, received-request, (status=sending-request)
122.11, [info], nurse, sync, request-sent, (status=waiting)
122.11, [info], nurse, sync, wait-message, (status=message-received)
130.04, [INFO], robot4, {'battery-level': '9.76'}, None, None
130.04, [INFO], robot4, {'y': 17.926, 'x': -34.8, 'yaw': 3.142}, None, None
140.02, [INFO], robot4, {'battery-level': '9.16'}, None, None
140.02, [INFO], robot4, {'y': 17.988, 'x': -36.167, 'yaw': -3.136}, None, None
150.08, [INFO], robot4, {'y': 17.29, 'x': -37.03, 'yaw': 3.142}, None, None
150.08, [INFO], robot4, {'battery-level': '8.56'}, None, None
160.06, [INFO], robot4, {'y': 17.324, 'x': -36.854, 'yaw': 3.141}, None, None
160.06, [INFO], robot4, {'battery-level': '7.96'}, None, None
170.09, [INFO], robot4, {'battery-level': '7.36'}, None, None
170.09, [INFO], robot4, {'y': 17.308, 'x': -37.104, 'yaw': -3.142}, None, None
180.07, [INFO], robot4, {'battery-level': '6.76'}, None, None
180.07, [INFO], robot4, {'y': 17.133, 'x': -37.112, 'yaw': 3.142}, None, None
190.03, [INFO], robot4, {'y': 17.393, 'x': -36.924, 'yaw': 3.141}, None, None
190.03, [INFO], robot4, {'battery-level': '6.16'}, None, None
200.08, [INFO], robot4, {'battery-level': '5.56'}, None, None
200.08, [INFO], robot4, {'y': 17.206, 'x': -37.126, 'yaw': 3.142}, None, None
210.02, [WARN], robot4, LOWBATT, None, None
210.02, [INFO], robot4, {'y': 17.365, 'x': -36.872, 'yaw': 3.14}, None, None
210.02, [WARN], None, end!, None, None
220.04, [INFO], robot4, {'y': 17.134, 'x': -37.15, 'yaw': 3.142}, None, None
230.06, [INFO], robot4, {'y': 17.229, 'x': -36.864, 'yaw': -3.141}, None, None
