0.00, [INFO], robot6, {'battery-level': '54.08'}, None, None
0.00, [DEBUG], logger, ROBOTS_CONFIG={'avg_speed': 0.15, 'battery_charge': 0.5408465660492595, 'battery_discharge_rate': 0.00072, 'id': 6, 'local_plan': [['navigation', ['IC Room 6', [[-32.88, 33.98, 3.14], [-37.0, 33.98], [-37.0, 18.93], [-33.9, 18.93, 3.14]]], 'navto_room'], ['approach_person', ['nurse'], 'approach_nurse'], ['authenticate_person', ['nurse'], 'authenticate_nurse'], ['operate_drawer', ['open'], 'open_drawer_for_nurse'], ['send_message', ['nurse'], 'notify_nurse_of_open_drawer_for_nurse_completed'], ['wait_message', ['nurse'], 'wait_nurse_to_complete_deposit'], ['operate_drawer', ['close'], 'close_drawer_nurse'], ['navigation', ['Laboratory', [[-33.9, 18.93, 3.14], [-37.0, 18.93], [-37.0, 16.0], [-26.0, 16.0], [-26.0, 13.0, 1.57]]], 'navto_lab'], ['approach_robot', ['lab_arm'], 'approach_arm'], ['operate_drawer', ['open'], 'open_drawer_lab'], ['send_message', ['lab_arm'], 'notify_lab_arm_of_open_drawer_lab_completed'], ['wait_message', ['lab_arm'], 'wait_lab_arm_to_complete_pick_up_sample'], ['operate_drawer', ['close'], 'close_drawer_lab']], 'location': 'IC Room 5', 'name': 'r6', 'position': [-32.88, 33.98, 3.14], 'skills': ['approach_person', 'approach_robot', 'authenticate_person', 'navigation', 'operate_drawer']}, None, None
0.00, [DEBUG], logger, Simulation open, None, None
10.06, [INFO], robot6, {'y': 34.036, 'x': -33.161, 'yaw': -3.142}, None, None
10.06, [INFO], robot6, {'battery-level': '53.44'}, None, None
20.03, [INFO], robot6, {'y': 34.72, 'x': -35.15, 'yaw': -3.141}, None, None
20.03, [INFO], robot6, {'battery-level': '52.72'}, None, None
30.09, [INFO], robot6, {'battery-level': '52.00'}, None, None
30.09, [INFO], robot6, {'y': 33.797, 'x': -36.995, 'yaw': 3.141}, None, None
40.06, [INFO], robot6, {'y': 31.686, 'x': -36.953, 'yaw': -3.141}, None, None
40.06, [INFO], robot6, {'battery-level': '51.28'}, None, None
50.02, [INFO], robot6, {'y': 29.586, 'x': -36.967, 'yaw': -3.141}, None, None
50.02, [INFO], robot6, {'battery-level': '50.56'}, None, None
60.06, [INFO], robot6, {'battery-level': '49.84'}, None, None
60.06, [INFO], robot6, {'y': 27.458, 'x': -36.955, 'yaw': -3.142}, None, None
70.02, [INFO], robot6, {'battery-level': '49.12'}, None, None
70.02, [INFO], robot6, {'y': 25.359, 'x': -37.045, 'yaw': 3.141}, None, None
80.07, [INFO], robot6, {'battery-level': '48.40'}, None, None
80.07, [INFO], robot6, {'y': 23.238, 'x': -37.032, 'yaw': 3.14}, None, None
89.94, [INFO], robot6, {'battery-level': '47.68'}, None, None
90.03, [INFO], robot6, {'y': 21.144, 'x': -37.144, 'yaw': 3.142}, None, None
100.06, [INFO], robot6, {'battery-level': '46.96'}, None, None
100.06, [INFO], robot6, {'y': 19.021, 'x': -37.055, 'yaw': 3.141}, None, None
110.08, [INFO], robot6, {'battery-level': '46.24'}, None, None
110.08, [INFO], robot6, {'y': 17.74, 'x': -35.371, 'yaw': 3.141}, None, None
120.02, [INFO], robot6, {'battery-level': '45.52'}, None, None
120.02, [INFO], robot6, {'y': 18.869, 'x': -33.971, 'yaw': -3.142}, None, None
126.86, [info], nurse, sync, received-request, (status=sending-request)
126.86, [info], nurse, sync, request-sent, (status=waiting)
126.86, [info], nurse, sync, wait-message, (status=message-received)
130.05, [INFO], robot6, {'battery-level': '44.80'}, None, None
130.05, [INFO], robot6, {'y': 18.769, 'x': -34.241, 'yaw': 3.142}, None, None
140.08, [INFO], robot6, {'battery-level': '44.08'}, None, None
140.08, [INFO], robot6, {'y': 17.858, 'x': -35.886, 'yaw': -3.142}, None, None
150.01, [INFO], robot6, {'battery-level': '43.36'}, None, None
150.01, [INFO], robot6, {'y': 18.019, 'x': -36.893, 'yaw': 3.141}, None, None
160.07, [INFO], robot6, {'battery-level': '42.64'}, None, None
160.07, [INFO], robot6, {'y': 17.339, 'x': -37.093, 'yaw': -3.141}, None, None
170.01, [INFO], robot6, {'battery-level': '41.92'}, None, None
170.01, [INFO], robot6, {'y': 17.299, 'x': -37.115, 'yaw': -3.142}, None, None
180.09, [INFO], robot6, {'y': 17.254, 'x': -36.871, 'yaw': -3.141}, None, None
180.09, [INFO], robot6, {'battery-level': '41.20'}, None, None
190.02, [INFO], robot6, {'battery-level': '40.48'}, None, None
190.02, [INFO], robot6, {'y': 17.492, 'x': -37.048, 'yaw': -3.141}, None, None
200.01, [INFO], robot6, {'y': 17.352, 'x': -36.929, 'yaw': -3.142}, None, None
200.01, [INFO], robot6, {'battery-level': '39.76'}, None, None
210.02, [INFO], robot6, {'battery-level': '39.04'}, None, None
210.02, [INFO], robot6, {'y': 17.264, 'x': -36.878, 'yaw': -3.141}, None, None
219.94, [INFO], robot6, {'y': 17.383, 'x': -36.968, 'yaw': 3.141}, None, None
220.03, [INFO], robot6, {'battery-level': '38.32'}, None, None
230.06, [INFO], robot6, {'battery-level': '37.60'}, None, None
230.06, [INFO], robot6, {'y': 17.306, 'x': -36.996, 'yaw': 3.141}, None, None
240.08, [INFO], robot6, {'battery-level': '36.88'}, None, None
240.08, [INFO], robot6, {'y': 17.444, 'x': -36.898, 'yaw': 3.141}, None, None
250.09, [INFO], robot6, {'battery-level': '36.16'}, None, None
250.09, [INFO], robot6, {'y': 17.386, 'x': -36.858, 'yaw': -3.141}, None, None
260.04, [INFO], robot6, {'battery-level': '35.44'}, None, None
260.04, [INFO], robot6, {'y': 17.409, 'x': -37.068, 'yaw': 3.14}, None, None
270.06, [INFO], robot6, {'battery-level': '34.72'}, None, None
270.06, [INFO], robot6, {'y': 17.233, 'x': -37.066, 'yaw': -3.141}, None, None
280.08, [INFO], robot6, {'battery-level': '34.00'}, None, None
280.08, [INFO], robot6, {'y': 17.504, 'x': -37.041, 'yaw': -3.142}, None, None
290.02, [INFO], robot6, {'battery-level': '33.28'}, None, None
290.02, [INFO], robot6, {'y': 17.33, 'x': -36.791, 'yaw': -3.141}, None, None
300.05, [INFO], robot6, {'battery-level': '32.56'}, None, None
300.05, [INFO], robot6, {'y': 17.257, 'x': -37.012, 'yaw': -3.141}, None, None
310.01, [INFO], robot6, {'battery-level': '31.84'}, None, None
310.01, [INFO], robot6, {'y': 17.389, 'x': -36.854, 'yaw': -3.142}, None, None
316.47, [WARN], robot6, SKILL-FAILURE, navigation, navto_lab
320.04, [INFO], robot6, {'battery-level': '31.12'}, None, None
320.04, [INFO], robot6, {'y': 17.388, 'x': -36.966, 'yaw': -3.142}, None, None
