0.00, [DEBUG], nurse, NURSE_CONFIG={'location': 'IC Room 2', 'position': [-38.0, 21.5, 0.0]}, None, None
0.18, [DEBUG], logger, ROBOTS_CONFIG={'avg_speed': 0.15, 'battery_charge': 0.7232396784987936, 'battery_discharge_rate': 0.0004, 'id': 3, 'local_plan': [['navigation', ['IC Room 2', [[-13.5, 18.0, -1.57], [-13.5, 16.0], [-37.0, 16.0], [-37.0, 21.5], [-38.0, 21.5, 0.0]]], 'navto_room'], ['approach_person', ['nurse'], 'approach_nurse'], ['authenticate_person', ['nurse'], 'authenticate_nurse'], ['operate_drawer', ['open'], 'open_drawer_for_nurse'], ['send_message', ['nurse'], 'notify_nurse_of_open_drawer_for_nurse_completed'], ['wait_message', ['nurse'], 'wait_nurse_to_complete_deposit'], ['operate_drawer', ['close'], 'close_drawer_nurse'], ['navigation', ['Laboratory', [[-38.0, 21.5, 0.0], [-37.0, 21.5], [-37.0, 16.0], [-26.0, 16.0], [-26.0, 13.0, 1.57]]], 'navto_lab'], ['approach_robot', ['lab_arm'], 'approach_arm'], ['operate_drawer', ['open'], 'open_drawer_lab'], ['send_message', ['lab_arm'], 'notify_lab_arm_of_open_drawer_lab_completed'], ['wait_message', ['lab_arm'], 'wait_lab_arm_to_complete_pick_up_sample'], ['operate_drawer', ['close'], 'close_drawer_lab']], 'location': 'PC Room 7', 'name': 'r3', 'position': [-13.5, 18.0, -1.57], 'skills': ['approach_person', 'approach_robot', 'authenticate_person', 'navigation', 'operate_drawer']}, None, None
0.18, [DEBUG], logger, Simulation open, None, None
10.01, [INFO], robot3, {'battery-level': '71.96'}, None, None
10.01, [INFO], robot3, {'y': 17.266, 'x': -13.501, 'yaw': 3.142}, None, None
20.06, [INFO], robot3, {'y': 16.112, 'x': -14.623, 'yaw': 3.142}, None, None
20.06, [INFO], robot3, {'battery-level': '71.56'}, None, None
30.02, [INFO], robot3, {'y': 16.014, 'x': -16.734, 'yaw': 3.14}, None, None
30.02, [INFO], robot3, {'battery-level': '71.16'}, None, None
40.06, [INFO], robot3, {'battery-level': '70.76'}, None, None
40.06, [INFO], robot3, {'y': 16.133, 'x': -18.848, 'yaw': 3.14}, None, None
50.03, [INFO], robot3, {'battery-level': '70.36'}, None, None
50.03, [INFO], robot3, {'y': 16.274, 'x': -20.965, 'yaw': -3.142}, None, None
60.04, [INFO], robot3, {'y': 16.202, 'x': -23.074, 'yaw': 3.142}, None, None
60.04, [INFO], robot3, {'battery-level': '69.96'}, None, None
70.02, [INFO], robot3, {'y': 16.129, 'x': -25.173, 'yaw': 3.14}, None, None
70.02, [INFO], robot3, {'battery-level': '69.56'}, None, None
80.02, [INFO], robot3, {'y': 16.093, 'x': -27.289, 'yaw': 3.142}, None, None
80.02, [INFO], robot3, {'battery-level': '69.16'}, None, None
90.05, [INFO], robot3, {'y': 16.197, 'x': -29.415, 'yaw': -3.142}, None, None
90.05, [INFO], robot3, {'battery-level': '68.76'}, None, None
100.02, [INFO], robot3, {'battery-level': '68.36'}, None, None
100.02, [INFO], robot3, {'y': 16.04, 'x': -31.522, 'yaw': 3.142}, None, None
110.04, [INFO], robot3, {'battery-level': '67.96'}, None, None
110.04, [INFO], robot3, {'y': 15.585, 'x': -33.617, 'yaw': 3.141}, None, None
120.05, [INFO], robot3, {'y': 15.513, 'x': -35.717, 'yaw': -3.141}, None, None
120.05, [INFO], robot3, {'battery-level': '67.56'}, None, None
130.03, [INFO], robot3, {'y': 16.868, 'x': -36.734, 'yaw': -3.141}, None, None
130.03, [INFO], robot3, {'battery-level': '67.16'}, None, None
140.07, [INFO], robot3, {'y': 18.991, 'x': -36.803, 'yaw': 3.141}, None, None
140.07, [INFO], robot3, {'battery-level': '66.76'}, None, None
150.07, [INFO], robot3, {'y': 21.11, 'x': -36.97, 'yaw': 3.141}, None, None
150.07, [INFO], robot3, {'battery-level': '66.36'}, None, None
160.05, [INFO], robot3, {'y': 21.506, 'x': -38.084, 'yaw': -3.142}, None, None
160.05, [INFO], robot3, {'battery-level': '65.96'}, None, None
168.72, [info], nurse, sync, received-request, (status=sending-request)
168.72, [info], nurse, sync, request-sent, (status=waiting)
168.81, [info], nurse, sync, wait-message, (status=message-received)
170.03, [INFO], robot3, {'y': 21.403, 'x': -38.05, 'yaw': 3.141}, None, None
170.03, [INFO], robot3, {'battery-level': '65.56'}, None, None
180.06, [INFO], robot3, {'y': 19.943, 'x': -37.152, 'yaw': -3.141}, None, None
180.06, [INFO], robot3, {'battery-level': '65.16'}, None, None
190.00, [INFO], robot3, {'battery-level': '64.76'}, None, None
190.00, [INFO], robot3, {'y': 17.826, 'x': -37.156, 'yaw': 3.14}, None, None
200.06, [INFO], robot3, {'y': 16.062, 'x': -36.457, 'yaw': -3.142}, None, None
200.06, [INFO], robot3, {'battery-level': '64.36'}, None, None
210.07, [INFO], robot3, {'y': 15.394, 'x': -34.426, 'yaw': -3.142}, None, None
210.07, [INFO], robot3, {'battery-level': '63.96'}, None, None
220.06, [INFO], robot3, {'battery-level': '63.56'}, None, None
220.06, [INFO], robot3, {'y': 15.512, 'x': -32.297, 'yaw': -3.142}, None, None
230.05, [INFO], robot3, {'battery-level': '63.16'}, None, None
230.05, [INFO], robot3, {'y': 15.604, 'x': -30.176, 'yaw': 3.137}, None, None
240.01, [INFO], robot3, {'battery-level': '62.76'}, None, None
240.01, [INFO], robot3, {'y': 15.779, 'x': -28.064, 'yaw': -3.142}, None, None
250.03, [INFO], robot3, {'battery-level': '62.36'}, None, None
250.03, [INFO], robot3, {'y': 15.481, 'x': -26.044, 'yaw': -3.142}, None, None
260.06, [INFO], robot3, {'y': 13.381, 'x': -25.783, 'yaw': -3.142}, None, None
260.06, [INFO], robot3, {'battery-level': '61.96'}, None, None
269.49, [info], lab_arm, sync, wait-message, (status=message-received)
270.02, [INFO], robot3, {'battery-level': '61.56'}, None, None
270.02, [INFO], robot3, {'y': 12.927, 'x': -25.952, 'yaw': 3.14}, None, None
270.38, [WARN], robot3, SUCCESS, None, None
