0.00, [DEBUG], nurse, NURSE_CONFIG={'location': 'IC Room 2', 'position': [-38.0, 21.5, 0.0]}, None, None
0.00, [DEBUG], logger, ROBOTS_CONFIG={'avg_speed': 0.15, 'battery_charge': 0.634952869577942, 'battery_discharge_rate': 0.00054, 'id': 2, 'local_plan': [['navigation', ['IC Room 2', [[-19.0, 18.0, -1.57], [-19.0, 16.0], [-37.0, 16.0], [-37.0, 21.5], [-38.0, 21.5, 0.0]]], 'navto_room'], ['approach_person', ['nurse'], 'approach_nurse'], ['authenticate_person', ['nurse'], 'authenticate_nurse'], ['operate_drawer', ['open'], 'open_drawer_for_nurse'], ['send_message', ['nurse'], 'notify_nurse_of_open_drawer_for_nurse_completed'], ['wait_message', ['nurse'], 'wait_nurse_to_complete_deposit'], ['operate_drawer', ['close'], 'close_drawer_nurse'], ['navigation', ['Laboratory', [[-38.0, 21.5, 0.0], [-37.0, 21.5], [-37.0, 16.0], [-26.0, 16.0], [-26.0, 13.0, 1.57]]], 'navto_lab'], ['approach_robot', ['lab_arm'], 'approach_arm'], ['operate_drawer', ['open'], 'open_drawer_lab'], ['send_message', ['lab_arm'], 'notify_lab_arm_of_open_drawer_lab_completed'], ['wait_message', ['lab_arm'], 'wait_lab_arm_to_complete_pick_up_sample'], ['operate_drawer', ['close'], 'close_drawer_lab']], 'location': 'PC Room 6', 'name': 'r2', 'position': [-19.0, 18.0, -1.57], 'skills': ['approach_person', 'approach_robot', 'authenticate_person', 'navigation', 'operate_drawer']}, None, None
0.00, [DEBUG], logger, Simulation open, None, None
10.02, [INFO], robot2, {'battery-level': '63.01'}, None, None
10.02, [INFO], robot2, {'y': 17.592, 'x': -19.141, 'yaw': 3.141}, None, None
20.01, [INFO], robot2, {'battery-level': '62.47'}, None, None
20.01, [INFO], robot2, {'y': 16.145, 'x': -20.137, 'yaw': 3.142}, None, None
30.01, [INFO], robot2, {'battery-level': '61.93'}, None, None
30.01, [INFO], robot2, {'y': 16.101, 'x': -22.257, 'yaw': 3.14}, None, None
40.09, [INFO], robot2, {'y': 16.037, 'x': -24.384, 'yaw': 3.14}, None, None
40.09, [INFO], robot2, {'battery-level': '61.39'}, None, None
50.07, [INFO], robot2, {'battery-level': '60.85'}, None, None
50.07, [INFO], robot2, {'y': 15.939, 'x': -26.488, 'yaw': 3.141}, None, None
60.01, [INFO], robot2, {'y': 16.079, 'x': -28.578, 'yaw': 3.142}, None, None
60.01, [INFO], robot2, {'battery-level': '60.31'}, None, None
70.03, [INFO], robot2, {'battery-level': '59.77'}, None, None
70.03, [INFO], robot2, {'y': 16.031, 'x': -30.695, 'yaw': -3.142}, None, None
79.91, [INFO], robot2, {'battery-level': '59.23'}, None, None
80.01, [INFO], robot2, {'y': 15.81, 'x': -32.796, 'yaw': -3.141}, None, None
90.07, [INFO], robot2, {'y': 15.359, 'x': -34.891, 'yaw': 3.14}, None, None
90.07, [INFO], robot2, {'battery-level': '58.69'}, None, None
100.06, [INFO], robot2, {'battery-level': '58.15'}, None, None
100.06, [INFO], robot2, {'y': 16.125, 'x': -36.672, 'yaw': 3.141}, None, None
110.08, [INFO], robot2, {'y': 18.234, 'x': -36.652, 'yaw': -3.142}, None, None
110.08, [INFO], robot2, {'battery-level': '57.61'}, None, None
120.06, [INFO], robot2, {'y': 20.341, 'x': -36.825, 'yaw': 3.142}, None, None
120.06, [INFO], robot2, {'battery-level': '57.07'}, None, None
130.03, [INFO], robot2, {'battery-level': '56.53'}, None, None
130.03, [INFO], robot2, {'y': 21.519, 'x': -37.978, 'yaw': 3.141}, None, None
139.32, [info], nurse, sync, received-request, (status=sending-request)
139.32, [info], nurse, sync, request-sent, (status=waiting)
139.32, [info], nurse, sync, wait-message, (status=message-received)
140.01, [INFO], robot2, {'y': 21.444, 'x': -38.079, 'yaw': 3.14}, None, None
140.01, [INFO], robot2, {'battery-level': '55.99'}, None, None
150.08, [INFO], robot2, {'battery-level': '55.45'}, None, None
150.08, [INFO], robot2, {'y': 20.113, 'x': -37.188, 'yaw': -3.138}, None, None
160.03, [INFO], robot2, {'y': 18.012, 'x': -37.114, 'yaw': 3.14}, None, None
160.03, [INFO], robot2, {'battery-level': '54.91'}, None, None
170.07, [INFO], robot2, {'battery-level': '54.37'}, None, None
170.07, [INFO], robot2, {'y': 16.131, 'x': -36.63, 'yaw': 3.141}, None, None
180.07, [INFO], robot2, {'battery-level': '53.83'}, None, None
180.07, [INFO], robot2, {'y': 15.451, 'x': -34.59, 'yaw': -3.142}, None, None
190.01, [INFO], robot2, {'battery-level': '53.29'}, None, None
190.01, [INFO], robot2, {'y': 15.517, 'x': -32.497, 'yaw': 3.142}, None, None
200.04, [INFO], robot2, {'battery-level': '52.75'}, None, None
200.04, [INFO], robot2, {'y': 15.602, 'x': -30.374, 'yaw': 3.141}, None, None
210.10, [INFO], robot2, {'y': 15.778, 'x': -28.259, 'yaw': 3.142}, None, None
210.10, [INFO], robot2, {'battery-level': '52.21'}, None, None
220.09, [INFO], robot2, {'battery-level': '51.67'}, None, None
220.09, [INFO], robot2, {'y': 15.69, 'x': -26.14, 'yaw': -3.141}, None, None
230.02, [INFO], robot2, {'battery-level': '51.13'}, None, None
230.02, [INFO], robot2, {'y': 13.68, 'x': -25.665, 'yaw': -3.142}, None, None
240.06, [INFO], robot2, {'battery-level': '50.59'}, None, None
240.06, [INFO], robot2, {'y': 12.945, 'x': -26.001, 'yaw': -3.142}, None, None
244.84, [info], lab_arm, sync, wait-message, (status=message-received)
245.81, [WARN], robot2, SUCCESS, None, None
250.06, [INFO], robot2, {'y': 12.933, 'x': -26.013, 'yaw': 3.142}, None, None
250.06, [INFO], robot2, {'battery-level': '50.05'}, None, None
260.03, [INFO], robot2, {'battery-level': '49.51'}, None, None
260.03, [INFO], robot2, {'y': 12.931, 'x': -26.013, 'yaw': -3.142}, None, None
