0.00, [INFO], robot2, {'battery-level': '63.50'}, None, None
0.00, [DEBUG], logger, ROBOTS_CONFIG={'avg_speed': 0.15, 'battery_charge': 0.634952869577942, 'battery_discharge_rate': 0.00054, 'id': 2, 'local_plan': [['navigation', ['PC Room 3', [[-21.0, 18.0, -1.57], [-21.0, 16.0], [-28.5, 16.0], [-28.5, 18.0, -1.57]]], 'navto_room'], ['approach_person', ['nurse'], 'approach_nurse'], ['authenticate_person', ['nurse'], 'authenticate_nurse'], ['operate_drawer', ['open'], 'open_drawer_for_nurse'], ['send_message', ['nurse'], 'notify_nurse_of_open_drawer_for_nurse_completed'], ['wait_message', ['nurse'], 'wait_nurse_to_complete_deposit'], ['operate_drawer', ['close'], 'close_drawer_nurse'], ['navigation', ['Laboratory', [[-28.5, 18.0, -1.57], [-28.5, 16.0], [-26.0, 16.0], [-26.0, 13.0, 1.57]]], 'navto_lab'], ['approach_robot', ['lab_arm'], 'approach_arm'], ['operate_drawer', ['open'], 'open_drawer_lab'], ['send_message', ['lab_arm'], 'notify_lab_arm_of_open_drawer_lab_completed'], ['wait_message', ['lab_arm'], 'wait_lab_arm_to_complete_pick_up_sample'], ['operate_drawer', ['close'], 'close_drawer_lab']], 'location': 'PC Room 5', 'name': 'r2', 'position': [-21.0, 18.0, -1.57], 'skills': ['approach_person', 'approach_robot', 'authenticate_person', 'navigation', 'operate_drawer']}, None, None
0.00, [DEBUG], logger, Simulation open, None, None
10.04, [INFO], robot2, {'battery-level': '63.01'}, None, None
10.04, [INFO], robot2, {'y': 17.526, 'x': -20.97, 'yaw': -3.142}, None, None
20.07, [INFO], robot2, {'battery-level': '62.47'}, None, None
20.07, [INFO], robot2, {'y': 16.04, 'x': -21.755, 'yaw': -3.142}, None, None
30.02, [INFO], robot2, {'battery-level': '61.93'}, None, None
30.02, [INFO], robot2, {'y': 15.947, 'x': -23.858, 'yaw': 3.142}, None, None
40.04, [INFO], robot2, {'battery-level': '61.39'}, None, None
40.04, [INFO], robot2, {'y': 15.961, 'x': -25.984, 'yaw': 3.138}, None, None
50.05, [INFO], robot2, {'y': 16.011, 'x': -28.098, 'yaw': 3.141}, None, None
50.05, [INFO], robot2, {'battery-level': '60.85'}, None, None
59.98, [INFO], robot2, {'y': 17.803, 'x': -28.628, 'yaw': -3.142}, None, None
60.07, [INFO], robot2, {'battery-level': '60.31'}, None, None
68.67, [info], nurse, sync, received-request, (status=sending-request)
68.67, [info], nurse, sync, request-sent, (status=waiting)
68.67, [info], nurse, sync, wait-message, (status=message-received)
70.02, [INFO], robot2, {'y': 17.943, 'x': -28.608, 'yaw': 3.141}, None, None
70.02, [INFO], robot2, {'battery-level': '59.77'}, None, None
80.06, [INFO], robot2, {'battery-level': '59.23'}, None, None
80.06, [INFO], robot2, {'y': 16.047, 'x': -28.278, 'yaw': 3.14}, None, None
90.05, [INFO], robot2, {'battery-level': '58.69'}, None, None
90.05, [INFO], robot2, {'y': 15.722, 'x': -26.357, 'yaw': 3.141}, None, None
100.03, [INFO], robot2, {'battery-level': '58.15'}, None, None
100.03, [INFO], robot2, {'y': 13.692, 'x': -25.774, 'yaw': 3.142}, None, None
110.09, [INFO], robot2, {'y': 12.902, 'x': -25.99, 'yaw': 3.142}, None, None
110.09, [INFO], robot2, {'battery-level': '57.61'}, None, None
111.06, [info], lab_arm, sync, wait-message, (status=message-received)
112.03, [WARN], robot2, SUCCESS, None, None
