0.13, [DEBUG], logger, ROBOTS_CONFIG={'avg_speed': 0.15, 'battery_charge': 0.634952869577942, 'battery_discharge_rate': 0.00026000000000000003, 'id': 2, 'local_plan': [['navigation', ['IC Room 2', [[-19.0, 18.0, -1.57], [-19.0, 16.0], [-37.0, 16.0], [-37.0, 21.5], [-38.0, 21.5, 0.0]]], 'navto_room'], ['approach_person', ['nurse'], 'approach_nurse'], ['authenticate_person', ['nurse'], 'authenticate_nurse'], ['operate_drawer', ['open'], 'open_drawer_for_nurse'], ['send_message', ['nurse'], 'notify_nurse_of_open_drawer_for_nurse_completed'], ['wait_message', ['nurse'], 'wait_nurse_to_complete_deposit'], ['operate_drawer', ['close'], 'close_drawer_nurse'], ['navigation', ['Laboratory', [[-38.0, 21.5, 0.0], [-37.0, 21.5], [-37.0, 16.0], [-26.0, 16.0], [-26.0, 13.0, 1.57]]], 'navto_lab'], ['approach_robot', ['lab_arm'], 'approach_arm'], ['operate_drawer', ['open'], 'open_drawer_lab'], ['send_message', ['lab_arm'], 'notify_lab_arm_of_open_drawer_lab_completed'], ['wait_message', ['lab_arm'], 'wait_lab_arm_to_complete_pick_up_sample'], ['operate_drawer', ['close'], 'close_drawer_lab']], 'location': 'PC Room 6', 'name': 'r2', 'position': [-19.0, 18.0, -1.57], 'skills': ['approach_person', 'approach_robot', 'authenticate_person', 'navigation', 'operate_drawer']}, None, None
0.13, [DEBUG], logger, Simulation open, None, None
10.01, [INFO], robot2, {'battery-level': '63.26'}, None, None
10.01, [INFO], robot2, {'y': 17.663, 'x': -19.101, 'yaw': -3.142}, None, None
20.08, [INFO], robot2, {'battery-level': '63.00'}, None, None
20.08, [INFO], robot2, {'y': 16.129, 'x': -20.088, 'yaw': 3.141}, None, None
30.04, [INFO], robot2, {'y': 16.192, 'x': -22.17, 'yaw': 3.141}, None, None
30.04, [INFO], robot2, {'battery-level': '62.74'}, None, None
40.09, [INFO], robot2, {'battery-level': '62.48'}, None, None
40.09, [INFO], robot2, {'y': 16.086, 'x': -24.292, 'yaw': 3.141}, None, None
50.06, [INFO], robot2, {'y': 16.096, 'x': -26.385, 'yaw': 3.142}, None, None
50.06, [INFO], robot2, {'battery-level': '62.22'}, None, None
60.02, [INFO], robot2, {'battery-level': '61.96'}, None, None
60.02, [INFO], robot2, {'y': 16.195, 'x': -28.491, 'yaw': 3.142}, None, None
70.05, [INFO], robot2, {'battery-level': '61.70'}, None, None
70.05, [INFO], robot2, {'y': 16.135, 'x': -30.614, 'yaw': 3.142}, None, None
80.04, [INFO], robot2, {'y': 15.819, 'x': -32.726, 'yaw': 3.142}, None, None
80.04, [INFO], robot2, {'battery-level': '61.44'}, None, None
90.02, [INFO], robot2, {'battery-level': '61.18'}, None, None
90.02, [INFO], robot2, {'y': 15.341, 'x': -34.798, 'yaw': -3.141}, None, None
100.04, [INFO], robot2, {'y': 15.956, 'x': -36.772, 'yaw': 3.142}, None, None
100.04, [INFO], robot2, {'battery-level': '60.92'}, None, None
110.03, [INFO], robot2, {'y': 18.064, 'x': -36.689, 'yaw': -3.141}, None, None
110.03, [INFO], robot2, {'battery-level': '60.66'}, None, None
119.94, [INFO], robot2, {'y': 20.175, 'x': -36.828, 'yaw': 3.141}, None, None
120.04, [INFO], robot2, {'battery-level': '60.40'}, None, None
130.03, [INFO], robot2, {'y': 21.484, 'x': -37.942, 'yaw': 3.14}, None, None
130.03, [INFO], robot2, {'battery-level': '60.14'}, None, None
140.08, [INFO], robot2, {'y': 21.394, 'x': -38.098, 'yaw': -3.141}, None, None
140.08, [INFO], robot2, {'battery-level': '59.88'}, None, None
144.49, [info], nurse, sync, received-request, (status=sending-request)
144.49, [info], nurse, sync, request-sent, (status=waiting)
144.49, [info], nurse, sync, wait-message, (status=message-received)
150.09, [INFO], robot2, {'battery-level': '59.62'}, None, None
150.09, [INFO], robot2, {'y': 21.128, 'x': -37.267, 'yaw': -3.141}, None, None
160.00, [INFO], robot2, {'battery-level': '59.36'}, None, None
160.00, [INFO], robot2, {'y': 19.034, 'x': -37.179, 'yaw': -3.142}, None, None
170.09, [INFO], robot2, {'y': 16.903, 'x': -37.125, 'yaw': 3.141}, None, None
170.09, [INFO], robot2, {'battery-level': '59.10'}, None, None
180.01, [INFO], robot2, {'battery-level': '58.84'}, None, None
180.01, [INFO], robot2, {'y': 15.704, 'x': -35.711, 'yaw': 3.141}, None, None
190.03, [INFO], robot2, {'battery-level': '58.58'}, None, None
190.03, [INFO], robot2, {'y': 15.385, 'x': -33.61, 'yaw': 3.142}, None, None
200.00, [INFO], robot2, {'battery-level': '58.32'}, None, None
200.00, [INFO], robot2, {'y': 15.469, 'x': -31.498, 'yaw': 3.141}, None, None
210.02, [INFO], robot2, {'battery-level': '58.06'}, None, None
210.02, [INFO], robot2, {'y': 15.682, 'x': -29.385, 'yaw': 3.141}, None, None
220.06, [INFO], robot2, {'y': 15.803, 'x': -27.264, 'yaw': 3.142}, None, None
220.06, [INFO], robot2, {'battery-level': '57.80'}, None, None
230.02, [INFO], robot2, {'battery-level': '57.54'}, None, None
230.02, [INFO], robot2, {'y': 14.685, 'x': -25.85, 'yaw': 3.142}, None, None
240.03, [INFO], robot2, {'y': 12.971, 'x': -25.927, 'yaw': 3.141}, None, None
240.03, [INFO], robot2, {'battery-level': '57.28'}, None, None
245.98, [info], lab_arm, sync, wait-message, (status=message-received)
246.96, [WARN], robot2, SUCCESS, None, None
250.08, [INFO], robot2, {'battery-level': '57.02'}, None, None
250.08, [INFO], robot2, {'y': 12.93, 'x': -25.95, 'yaw': -3.142}, None, None
260.01, [INFO], robot2, {'y': 12.93, 'x': -25.95, 'yaw': -3.142}, None, None
260.01, [INFO], robot2, {'battery-level': '56.76'}, None, None
