0.00, [DEBUG], logger, ROBOTS_CONFIG={'avg_speed': 0.15, 'battery_charge': 0.634952869577942, 'battery_discharge_rate': 0.00026000000000000003, 'id': 2, 'local_plan': [['navigation', ['IC Room 2', [[-19.0, 18.0, -1.57], [-19.0, 16.0], [-37.0, 16.0], [-37.0, 21.5], [-38.0, 21.5, 0.0]]], 'navto_room'], ['approach_person', ['nurse'], 'approach_nurse'], ['authenticate_person', ['nurse'], 'authenticate_nurse'], ['operate_drawer', ['open'], 'open_drawer_for_nurse'], ['send_message', ['nurse'], 'notify_nurse_of_open_drawer_for_nurse_completed'], ['wait_message', ['nurse'], 'wait_nurse_to_complete_deposit'], ['operate_drawer', ['close'], 'close_drawer_nurse'], ['navigation', ['Laboratory', [[-38.0, 21.5, 0.0], [-37.0, 21.5], [-37.0, 16.0], [-26.0, 16.0], [-26.0, 13.0, 1.57]]], 'navto_lab'], ['approach_robot', ['lab_arm'], 'approach_arm'], ['operate_drawer', ['open'], 'open_drawer_lab'], ['send_message', ['lab_arm'], 'notify_lab_arm_of_open_drawer_lab_completed'], ['wait_message', ['lab_arm'], 'wait_lab_arm_to_complete_pick_up_sample'], ['operate_drawer', ['close'], 'close_drawer_lab']], 'location': 'PC Room 6', 'name': 'r2', 'position': [-19.0, 18.0, -1.57], 'skills': ['approach_person', 'approach_robot', 'authenticate_person', 'navigation', 'operate_drawer']}, None, None
0.00, [DEBUG], logger, Simulation open, None, None
10.05, [INFO], robot2, {'battery-level': '63.26'}, None, None
10.05, [INFO], robot2, {'y': 17.717, 'x': -19.007, 'yaw': -3.141}, None, None
20.05, [INFO], robot2, {'battery-level': '63.00'}, None, None
20.05, [INFO], robot2, {'y': 16.244, 'x': -20.043, 'yaw': 3.142}, None, None
30.02, [INFO], robot2, {'y': 16.262, 'x': -22.149, 'yaw': -3.142}, None, None
30.02, [INFO], robot2, {'battery-level': '62.74'}, None, None
40.09, [INFO], robot2, {'battery-level': '62.48'}, None, None
40.09, [INFO], robot2, {'y': 16.138, 'x': -24.277, 'yaw': 3.141}, None, None
50.09, [INFO], robot2, {'y': 16.115, 'x': -26.378, 'yaw': -3.142}, None, None
50.09, [INFO], robot2, {'battery-level': '62.22'}, None, None
60.04, [INFO], robot2, {'battery-level': '61.96'}, None, None
60.04, [INFO], robot2, {'y': 16.241, 'x': -28.465, 'yaw': 3.142}, None, None
70.00, [INFO], robot2, {'battery-level': '61.70'}, None, None
70.00, [INFO], robot2, {'y': 16.156, 'x': -30.569, 'yaw': 3.14}, None, None
80.08, [INFO], robot2, {'battery-level': '61.44'}, None, None
80.08, [INFO], robot2, {'y': 15.822, 'x': -32.69, 'yaw': -3.142}, None, None
90.04, [INFO], robot2, {'battery-level': '61.18'}, None, None
90.04, [INFO], robot2, {'y': 15.399, 'x': -34.77, 'yaw': -3.141}, None, None
100.02, [INFO], robot2, {'battery-level': '60.92'}, None, None
100.02, [INFO], robot2, {'y': 15.897, 'x': -36.817, 'yaw': 3.142}, None, None
110.06, [INFO], robot2, {'battery-level': '60.66'}, None, None
110.06, [INFO], robot2, {'y': 18.008, 'x': -36.858, 'yaw': -3.141}, None, None
120.00, [INFO], robot2, {'battery-level': '60.40'}, None, None
120.00, [INFO], robot2, {'y': 20.099, 'x': -36.903, 'yaw': 3.139}, None, None
130.06, [INFO], robot2, {'y': 21.641, 'x': -37.889, 'yaw': -3.142}, None, None
130.06, [INFO], robot2, {'battery-level': '60.14'}, None, None
140.01, [INFO], robot2, {'battery-level': '59.88'}, None, None
140.01, [INFO], robot2, {'y': 21.481, 'x': -38.125, 'yaw': 3.137}, None, None
140.01, [info], nurse, sync, received-request, (status=sending-request)
140.01, [info], nurse, sync, request-sent, (status=waiting)
140.01, [info], nurse, sync, wait-message, (status=message-received)
150.06, [INFO], robot2, {'battery-level': '59.62'}, None, None
150.06, [INFO], robot2, {'y': 20.33, 'x': -37.194, 'yaw': -3.138}, None, None
160.03, [INFO], robot2, {'y': 18.235, 'x': -37.117, 'yaw': 3.14}, None, None
160.03, [INFO], robot2, {'battery-level': '59.36'}, None, None
170.01, [INFO], robot2, {'battery-level': '59.10'}, None, None
170.01, [INFO], robot2, {'y': 16.126, 'x': -36.972, 'yaw': 3.142}, None, None
180.06, [INFO], robot2, {'battery-level': '58.84'}, None, None
180.06, [INFO], robot2, {'y': 15.477, 'x': -34.974, 'yaw': -3.141}, None, None
190.05, [INFO], robot2, {'y': 15.466, 'x': -32.86, 'yaw': -3.141}, None, None
190.05, [INFO], robot2, {'battery-level': '58.58'}, None, None
199.91, [INFO], robot2, {'battery-level': '58.32'}, None, None
200.01, [INFO], robot2, {'y': 15.51, 'x': -30.748, 'yaw': -3.141}, None, None
210.10, [INFO], robot2, {'battery-level': '58.06'}, None, None
210.10, [INFO], robot2, {'y': 15.74, 'x': -28.626, 'yaw': 3.138}, None, None
220.05, [INFO], robot2, {'y': 15.731, 'x': -26.523, 'yaw': 3.141}, None, None
220.05, [INFO], robot2, {'battery-level': '57.80'}, None, None
230.03, [INFO], robot2, {'battery-level': '57.54'}, None, None
230.03, [INFO], robot2, {'y': 13.966, 'x': -25.716, 'yaw': 3.141}, None, None
240.00, [INFO], robot2, {'battery-level': '57.28'}, None, None
240.00, [INFO], robot2, {'y': 12.909, 'x': -25.948, 'yaw': 3.141}, None, None
243.22, [info], lab_arm, sync, wait-message, (status=message-received)
244.20, [WARN], robot2, SUCCESS, None, None
250.00, [INFO], robot2, {'y': 12.906, 'x': -25.946, 'yaw': 3.142}, None, None
250.00, [INFO], robot2, {'battery-level': '57.02'}, None, None
260.08, [INFO], robot2, {'battery-level': '56.76'}, None, None
260.08, [INFO], robot2, {'y': 12.906, 'x': -25.946, 'yaw': -3.142}, None, None
