0.00, [DEBUG], nurse, NURSE_CONFIG={'location': 'PC Room 3', 'position': [-28.5, 18.0, -1.57]}, None, None
0.13, [DEBUG], logger, ROBOTS_CONFIG={'avg_speed': 0.15, 'battery_charge': 0.634952869577942, 'battery_discharge_rate': 0.00026000000000000003, 'id': 2, 'local_plan': [['navigation', ['PC Room 3', [[-21.0, 18.0, -1.57], [-21.0, 16.0], [-28.5, 16.0], [-28.5, 18.0, -1.57]]], 'navto_room'], ['approach_person', ['nurse'], 'approach_nurse'], ['authenticate_person', ['nurse'], 'authenticate_nurse'], ['operate_drawer', ['open'], 'open_drawer_for_nurse'], ['send_message', ['nurse'], 'notify_nurse_of_open_drawer_for_nurse_completed'], ['wait_message', ['nurse'], 'wait_nurse_to_complete_deposit'], ['operate_drawer', ['close'], 'close_drawer_nurse'], ['navigation', ['Laboratory', [[-28.5, 18.0, -1.57], [-28.5, 16.0], [-26.0, 16.0], [-26.0, 13.0, 1.57]]], 'navto_lab'], ['approach_robot', ['lab_arm'], 'approach_arm'], ['operate_drawer', ['open'], 'open_drawer_lab'], ['send_message', ['lab_arm'], 'notify_lab_arm_of_open_drawer_lab_completed'], ['wait_message', ['lab_arm'], 'wait_lab_arm_to_complete_pick_up_sample'], ['operate_drawer', ['close'], 'close_drawer_lab']], 'location': 'PC Room 5', 'name': 'r2', 'position': [-21.0, 18.0, -1.57], 'skills': ['approach_person', 'approach_robot', 'authenticate_person', 'navigation', 'operate_drawer']}, None, None
0.13, [DEBUG], logger, Simulation open, None, None
10.10, [INFO], robot2, {'battery-level': '63.26'}, None, None
10.10, [INFO], robot2, {'y': 17.54, 'x': -20.971, 'yaw': 3.142}, None, None
20.07, [INFO], robot2, {'y': 16.044, 'x': -21.724, 'yaw': -3.141}, None, None
20.07, [INFO], robot2, {'battery-level': '63.00'}, None, None
30.05, [INFO], robot2, {'battery-level': '62.74'}, None, None
30.05, [INFO], robot2, {'y': 15.991, 'x': -23.834, 'yaw': 3.141}, None, None
40.04, [INFO], robot2, {'y': 16.011, 'x': -25.944, 'yaw': 3.14}, None, None
40.04, [INFO], robot2, {'battery-level': '62.48'}, None, None
50.00, [INFO], robot2, {'y': 16.041, 'x': -28.048, 'yaw': -3.141}, None, None
50.00, [INFO], robot2, {'battery-level': '62.22'}, None, None
60.03, [INFO], robot2, {'battery-level': '61.96'}, None, None
60.03, [INFO], robot2, {'y': 17.8, 'x': -28.624, 'yaw': 3.142}, None, None
70.08, [INFO], robot2, {'battery-level': '61.70'}, None, None
70.08, [INFO], robot2, {'y': 18.017, 'x': -28.637, 'yaw': -3.142}, None, None
75.30, [info], nurse, sync, received-request, (status=sending-request)
75.30, [info], nurse, sync, request-sent, (status=waiting)
75.30, [info], nurse, sync, wait-message, (status=message-received)
80.05, [INFO], robot2, {'battery-level': '61.44'}, None, None
80.05, [INFO], robot2, {'y': 17.285, 'x': -28.658, 'yaw': -3.141}, None, None
90.03, [INFO], robot2, {'battery-level': '61.18'}, None, None
90.03, [INFO], robot2, {'y': 16.141, 'x': -27.562, 'yaw': -3.142}, None, None
100.08, [INFO], robot2, {'y': 15.213, 'x': -25.937, 'yaw': 3.141}, None, None
100.08, [INFO], robot2, {'battery-level': '60.92'}, None, None
110.04, [INFO], robot2, {'y': 13.145, 'x': -25.796, 'yaw': -3.142}, None, None
110.04, [INFO], robot2, {'battery-level': '60.66'}, None, None
119.05, [info], lab_arm, sync, wait-message, (status=message-received)
120.01, [INFO], robot2, {'battery-level': '60.40'}, None, None
120.01, [INFO], robot2, {'y': 12.881, 'x': -25.96, 'yaw': 3.141}, None, None
120.01, [WARN], robot2, SUCCESS, None, None
130.00, [INFO], robot2, {'y': 12.881, 'x': -25.96, 'yaw': -3.142}, None, None
130.00, [INFO], robot2, {'battery-level': '60.14'}, None, None
140.07, [INFO], robot2, {'battery-level': '59.88'}, None, None
140.07, [INFO], robot2, {'y': 12.881, 'x': -25.96, 'yaw': -3.142}, None, None
