0.13, [DEBUG], logger, ROBOTS_CONFIG={'avg_speed': 0.15, 'battery_charge': 0.7179616530181877, 'battery_discharge_rate': 0.00076, 'id': 5, 'local_plan': [['navigation', ['IC Room 6', [[-13.5, 18.0, -1.57], [-13.5, 16.0], [-37.0, 16.0], [-37.0, 18.93], [-33.9, 18.93, 3.14]]], 'navto_room'], ['approach_person', ['nurse'], 'approach_nurse'], ['authenticate_person', ['nurse'], 'authenticate_nurse'], ['operate_drawer', ['open'], 'open_drawer_for_nurse'], ['send_message', ['nurse'], 'notify_nurse_of_open_drawer_for_nurse_completed'], ['wait_message', ['nurse'], 'wait_nurse_to_complete_deposit'], ['operate_drawer', ['close'], 'close_drawer_nurse'], ['navigation', ['Laboratory', [[-33.9, 18.93, 3.14], [-37.0, 18.93], [-37.0, 16.0], [-26.0, 16.0], [-26.0, 13.0, 1.57]]], 'navto_lab'], ['approach_robot', ['lab_arm'], 'approach_arm'], ['operate_drawer', ['open'], 'open_drawer_lab'], ['send_message', ['lab_arm'], 'notify_lab_arm_of_open_drawer_lab_completed'], ['wait_message', ['lab_arm'], 'wait_lab_arm_to_complete_pick_up_sample'], ['operate_drawer', ['close'], 'close_drawer_lab']], 'location': 'PC Room 7', 'name': 'r5', 'position': [-13.5, 18.0, -1.57], 'skills': ['approach_person', 'approach_robot', 'authenticate_person', 'navigation', 'operate_drawer']}, None, None
0.13, [DEBUG], logger, Simulation open, None, None
10.05, [INFO], robot5, {'battery-level': '71.11'}, None, None
10.05, [INFO], robot5, {'y': 17.607, 'x': -13.496, 'yaw': 3.142}, None, None
20.02, [INFO], robot5, {'battery-level': '70.35'}, None, None
20.02, [INFO], robot5, {'y': 16.005, 'x': -14.224, 'yaw': -3.141}, None, None
30.00, [INFO], robot5, {'battery-level': '69.59'}, None, None
30.00, [INFO], robot5, {'y': 15.949, 'x': -16.334, 'yaw': 3.142}, None, None
40.04, [INFO], robot5, {'y': 15.967, 'x': -18.452, 'yaw': 3.141}, None, None
40.04, [INFO], robot5, {'battery-level': '68.83'}, None, None
49.96, [INFO], robot5, {'y': 16.084, 'x': -20.559, 'yaw': 3.142}, None, None
49.96, [INFO], robot5, {'battery-level': '68.07'}, None, None
60.01, [INFO], robot5, {'y': 16.126, 'x': -22.663, 'yaw': -3.142}, None, None
60.01, [INFO], robot5, {'battery-level': '67.31'}, None, None
70.10, [INFO], robot5, {'battery-level': '66.55'}, None, None
70.10, [INFO], robot5, {'y': 16.038, 'x': -24.803, 'yaw': 3.141}, None, None
80.02, [INFO], robot5, {'battery-level': '65.79'}, None, None
80.02, [INFO], robot5, {'y': 16.063, 'x': -26.901, 'yaw': 3.142}, None, None
90.03, [INFO], robot5, {'y': 16.172, 'x': -29.021, 'yaw': 3.141}, None, None
90.03, [INFO], robot5, {'battery-level': '65.03'}, None, None
100.01, [INFO], robot5, {'battery-level': '64.27'}, None, None
100.01, [INFO], robot5, {'y': 16.075, 'x': -31.125, 'yaw': 3.14}, None, None
110.09, [INFO], robot5, {'y': 15.707, 'x': -33.237, 'yaw': 3.138}, None, None
110.09, [INFO], robot5, {'battery-level': '63.51'}, None, None
120.02, [INFO], robot5, {'battery-level': '62.75'}, None, None
120.02, [INFO], robot5, {'y': 15.455, 'x': -35.311, 'yaw': -3.141}, None, None
130.07, [INFO], robot5, {'y': 16.404, 'x': -36.876, 'yaw': -3.141}, None, None
130.07, [INFO], robot5, {'battery-level': '61.99'}, None, None
140.01, [INFO], robot5, {'y': 17.601, 'x': -36.852, 'yaw': 3.142}, None, None
140.01, [INFO], robot5, {'battery-level': '61.23'}, None, None
150.02, [INFO], robot5, {'y': 17.619, 'x': -36.853, 'yaw': 3.142}, None, None
150.02, [INFO], robot5, {'battery-level': '60.47'}, None, None
160.08, [INFO], robot5, {'y': 17.651, 'x': -36.851, 'yaw': 3.141}, None, None
160.08, [INFO], robot5, {'battery-level': '59.71'}, None, None
170.01, [INFO], robot5, {'battery-level': '58.95'}, None, None
170.01, [INFO], robot5, {'y': 17.837, 'x': -35.882, 'yaw': 3.141}, None, None
180.03, [INFO], robot5, {'battery-level': '58.19'}, None, None
180.03, [INFO], robot5, {'y': 18.33, 'x': -35.582, 'yaw': -3.142}, None, None
190.01, [INFO], robot5, {'battery-level': '57.43'}, None, None
190.01, [INFO], robot5, {'y': 18.299, 'x': -35.797, 'yaw': 3.142}, None, None
200.01, [INFO], robot5, {'y': 18.3, 'x': -35.797, 'yaw': -3.142}, None, None
200.01, [INFO], robot5, {'battery-level': '56.67'}, None, None
210.07, [INFO], robot5, {'battery-level': '55.91'}, None, None
210.07, [INFO], robot5, {'y': 18.3, 'x': -35.797, 'yaw': 3.142}, None, None
220.06, [INFO], robot5, {'battery-level': '55.15'}, None, None
220.06, [INFO], robot5, {'y': 18.3, 'x': -35.798, 'yaw': -3.142}, None, None
230.03, [INFO], robot5, {'y': 18.302, 'x': -35.801, 'yaw': 3.142}, None, None
230.03, [INFO], robot5, {'battery-level': '54.39'}, None, None
240.08, [INFO], robot5, {'battery-level': '53.63'}, None, None
240.08, [INFO], robot5, {'y': 18.326, 'x': -35.755, 'yaw': 3.141}, None, None
250.04, [INFO], robot5, {'battery-level': '52.87'}, None, None
250.04, [INFO], robot5, {'y': 18.325, 'x': -35.757, 'yaw': 3.142}, None, None
250.63, [WARN], robot5, SKILL-FAILURE, navigation, navto_room
260.04, [INFO], robot5, {'battery-level': '52.11'}, None, None
260.04, [INFO], robot5, {'y': 18.326, 'x': -35.757, 'yaw': -3.142}, None, None
