0.00, [DEBUG], logger, ROBOTS_CONFIG={'avg_speed': 0.15, 'battery_charge': 0.7179616530181877, 'battery_discharge_rate': 0.00076, 'id': 5, 'local_plan': [['navigation', ['PC Room 3', [[-33.9, 18.93, 3.14], [-37.0, 18.93], [-37.0, 16.0], [-28.5, 16.0], [-28.5, 18.0, -1.57]]], 'navto_room'], ['approach_person', ['nurse'], 'approach_nurse'], ['authenticate_person', ['nurse'], 'authenticate_nurse'], ['operate_drawer', ['open'], 'open_drawer_for_nurse'], ['send_message', ['nurse'], 'notify_nurse_of_open_drawer_for_nurse_completed'], ['wait_message', ['nurse'], 'wait_nurse_to_complete_deposit'], ['operate_drawer', ['close'], 'close_drawer_nurse'], ['navigation', ['Laboratory', [[-28.5, 18.0, -1.57], [-28.5, 16.0], [-26.0, 16.0], [-26.0, 13.0, 1.57]]], 'navto_lab'], ['approach_robot', ['lab_arm'], 'approach_arm'], ['operate_drawer', ['open'], 'open_drawer_lab'], ['send_message', ['lab_arm'], 'notify_lab_arm_of_open_drawer_lab_completed'], ['wait_message', ['lab_arm'], 'wait_lab_arm_to_complete_pick_up_sample'], ['operate_drawer', ['close'], 'close_drawer_lab']], 'location': 'IC Room 6', 'name': 'r5', 'position': [-33.9, 18.93, 3.14], 'skills': ['approach_person', 'approach_robot', 'authenticate_person', 'navigation', 'operate_drawer']}, None, None
0.00, [DEBUG], logger, Simulation open, None, None
10.10, [INFO], robot5, {'battery-level': '71.11'}, None, None
10.10, [INFO], robot5, {'y': 18.733, 'x': -34.223, 'yaw': -3.142}, None, None
19.96, [INFO], robot5, {'y': 17.851, 'x': -35.873, 'yaw': 3.142}, None, None
20.06, [INFO], robot5, {'battery-level': '70.35'}, None, None
30.10, [INFO], robot5, {'battery-level': '69.59'}, None, None
30.10, [INFO], robot5, {'y': 18.016, 'x': -36.892, 'yaw': 3.142}, None, None
40.04, [INFO], robot5, {'battery-level': '68.83'}, None, None
40.04, [INFO], robot5, {'y': 17.34, 'x': -36.769, 'yaw': -3.141}, None, None
50.07, [INFO], robot5, {'y': 17.18, 'x': -36.785, 'yaw': -3.142}, None, None
50.07, [INFO], robot5, {'battery-level': '68.07'}, None, None
60.06, [INFO], robot5, {'y': 17.349, 'x': -36.95, 'yaw': 3.141}, None, None
60.06, [INFO], robot5, {'battery-level': '67.31'}, None, None
70.08, [INFO], robot5, {'y': 17.237, 'x': -36.811, 'yaw': 3.141}, None, None
70.08, [INFO], robot5, {'battery-level': '66.55'}, None, None
80.02, [INFO], robot5, {'y': 17.391, 'x': -36.829, 'yaw': 3.142}, None, None
80.02, [INFO], robot5, {'battery-level': '65.79'}, None, None
90.09, [INFO], robot5, {'battery-level': '65.03'}, None, None
90.09, [INFO], robot5, {'y': 17.152, 'x': -36.926, 'yaw': -3.141}, None, None
100.05, [INFO], robot5, {'y': 17.577, 'x': -36.968, 'yaw': -3.141}, None, None
100.05, [INFO], robot5, {'battery-level': '64.27'}, None, None
110.07, [INFO], robot5, {'y': 17.44, 'x': -36.907, 'yaw': -3.142}, None, None
110.07, [INFO], robot5, {'battery-level': '63.51'}, None, None
120.10, [INFO], robot5, {'y': 17.291, 'x': -36.698, 'yaw': -3.141}, None, None
120.10, [INFO], robot5, {'battery-level': '62.75'}, None, None
130.05, [INFO], robot5, {'battery-level': '61.99'}, None, None
130.05, [INFO], robot5, {'y': 17.191, 'x': -36.983, 'yaw': -3.142}, None, None
140.07, [INFO], robot5, {'y': 17.443, 'x': -36.927, 'yaw': -3.141}, None, None
140.07, [INFO], robot5, {'battery-level': '61.23'}, None, None
150.09, [INFO], robot5, {'battery-level': '60.47'}, None, None
150.09, [INFO], robot5, {'y': 17.202, 'x': -36.864, 'yaw': 3.142}, None, None
160.04, [INFO], robot5, {'y': 17.457, 'x': -36.909, 'yaw': 3.14}, None, None
160.04, [INFO], robot5, {'battery-level': '59.71'}, None, None
170.05, [INFO], robot5, {'battery-level': '58.95'}, None, None
170.05, [INFO], robot5, {'y': 17.32, 'x': -36.793, 'yaw': -3.141}, None, None
174.86, [WARN], robot5, SKILL-FAILURE, navigation, navto_room
