0.00, [DEBUG], nurse, NURSE_CONFIG={'location': 'PC Room 3', 'position': [-28.5, 18.0, -1.57]}, None, None
0.00, [INFO], robot6, {'battery-level': '54.08'}, None, None
0.00, [DEBUG], logger, ROBOTS_CONFIG={'avg_speed': 0.15, 'battery_charge': 0.5408465660492595, 'battery_discharge_rate': 0.00038, 'id': 6, 'local_plan': [['navigation', ['PC Room 3', [[-27.23, 18.0, -1.57], [-27.23, 16.0], [-28.5, 16.0], [-28.5, 18.0, -1.57]]], 'navto_room'], ['approach_person', ['nurse'], 'approach_nurse'], ['authenticate_person', ['nurse'], 'authenticate_nurse'], ['operate_drawer', ['open'], 'open_drawer_for_nurse'], ['send_message', ['nurse'], 'notify_nurse_of_open_drawer_for_nurse_completed'], ['wait_message', ['nurse'], 'wait_nurse_to_complete_deposit'], ['operate_drawer', ['close'], 'close_drawer_nurse'], ['navigation', ['Laboratory', [[-28.5, 18.0, -1.57], [-28.5, 16.0], [-26.0, 16.0], [-26.0, 13.0, 1.57]]], 'navto_lab'], ['approach_robot', ['lab_arm'], 'approach_arm'], ['operate_drawer', ['open'], 'open_drawer_lab'], ['send_message', ['lab_arm'], 'notify_lab_arm_of_open_drawer_lab_completed'], ['wait_message', ['lab_arm'], 'wait_lab_arm_to_complete_pick_up_sample'], ['operate_drawer', ['close'], 'close_drawer_lab']], 'location': 'PC Room 4', 'name': 'r6', 'position': [-27.23, 18.0, -1.57], 'skills': ['approach_person', 'approach_robot', 'authenticate_person', 'navigation', 'operate_drawer']}, None, None
0.00, [DEBUG], logger, Simulation open, None, None
10.07, [INFO], robot6, {'battery-level': '53.74'}, None, None
10.07, [INFO], robot6, {'y': 17.418, 'x': -27.136, 'yaw': -3.142}, None, None
20.05, [INFO], robot6, {'y': 16.34, 'x': -28.016, 'yaw': -3.139}, None, None
20.05, [INFO], robot6, {'battery-level': '53.36'}, None, None
30.01, [INFO], robot6, {'y': 17.837, 'x': -28.56, 'yaw': -3.142}, None, None
30.01, [INFO], robot6, {'battery-level': '52.98'}, None, None
40.06, [INFO], robot6, {'battery-level': '52.60'}, None, None
40.06, [INFO], robot6, {'y': 17.984, 'x': -28.619, 'yaw': 3.142}, None, None
45.38, [info], nurse, sync, received-request, (status=sending-request)
45.38, [info], nurse, sync, request-sent, (status=waiting)
45.48, [info], nurse, sync, wait-message, (status=message-received)
50.02, [INFO], robot6, {'y': 17.297, 'x': -28.728, 'yaw': 3.14}, None, None
50.02, [INFO], robot6, {'battery-level': '52.22'}, None, None
60.09, [INFO], robot6, {'battery-level': '51.84'}, None, None
60.09, [INFO], robot6, {'y': 16.109, 'x': -27.67, 'yaw': 3.141}, None, None
70.04, [INFO], robot6, {'y': 15.354, 'x': -25.948, 'yaw': 3.14}, None, None
70.04, [INFO], robot6, {'battery-level': '51.46'}, None, None
80.09, [INFO], robot6, {'battery-level': '51.08'}, None, None
80.09, [INFO], robot6, {'y': 13.238, 'x': -25.744, 'yaw': -3.142}, None, None
90.03, [INFO], robot6, {'battery-level': '50.70'}, None, None
90.03, [INFO], robot6, {'y': 12.948, 'x': -25.964, 'yaw': 3.142}, None, None
100.03, [INFO], robot6, {'battery-level': '50.32'}, None, None
100.03, [INFO], robot6, {'y': 12.866, 'x': -25.976, 'yaw': 3.142}, None, None
100.22, [info], lab_arm, sync, wait-message, (status=message-received)
101.18, [WARN], robot6, SUCCESS, None, None
110.09, [INFO], robot6, {'y': 12.868, 'x': -25.975, 'yaw': -3.142}, None, None
110.09, [INFO], robot6, {'battery-level': '49.94'}, None, None
