0.00, [DEBUG], nurse, NURSE_CONFIG={'location': 'IC Room 6', 'position': [-33.9, 18.93, 3.14]}, None, None
0.18, [DEBUG], logger, ROBOTS_CONFIG={'avg_speed': 0.15, 'battery_charge': 0.5408465660492595, 'battery_discharge_rate': 0.00038, 'id': 6, 'local_plan': [['navigation', ['IC Room 6', [[-32.88, 33.98, 3.14], [-37.0, 33.98], [-37.0, 18.93], [-33.9, 18.93, 3.14]]], 'navto_room'], ['approach_person', ['nurse'], 'approach_nurse'], ['authenticate_person', ['nurse'], 'authenticate_nurse'], ['operate_drawer', ['open'], 'open_drawer_for_nurse'], ['send_message', ['nurse'], 'notify_nurse_of_open_drawer_for_nurse_completed'], ['wait_message', ['nurse'], 'wait_nurse_to_complete_deposit'], ['operate_drawer', ['close'], 'close_drawer_nurse'], ['navigation', ['Laboratory', [[-33.9, 18.93, 3.14], [-37.0, 18.93], [-37.0, 16.0], [-26.0, 16.0], [-26.0, 13.0, 1.57]]], 'navto_lab'], ['approach_robot', ['lab_arm'], 'approach_arm'], ['operate_drawer', ['open'], 'open_drawer_lab'], ['send_message', ['lab_arm'], 'notify_lab_arm_of_open_drawer_lab_completed'], ['wait_message', ['lab_arm'], 'wait_lab_arm_to_complete_pick_up_sample'], ['operate_drawer', ['close'], 'close_drawer_lab']], 'location': 'IC Room 5', 'name': 'r6', 'position': [-32.88, 33.98, 3.14], 'skills': ['approach_person', 'approach_robot', 'authenticate_person', 'navigation', 'operate_drawer']}, None, None
0.18, [DEBUG], logger, Simulation open, None, None
10.04, [INFO], robot6, {'battery-level': '53.74'}, None, None
10.04, [INFO], robot6, {'y': 33.978, 'x': -32.88, 'yaw': -3.142}, None, None
20.00, [INFO], robot6, {'y': 34.53, 'x': -34.464, 'yaw': 3.141}, None, None
20.00, [INFO], robot6, {'battery-level': '53.36'}, None, None
30.04, [INFO], robot6, {'y': 34.376, 'x': -36.537, 'yaw': 3.141}, None, None
30.04, [INFO], robot6, {'battery-level': '52.98'}, None, None
40.02, [INFO], robot6, {'battery-level': '52.60'}, None, None
40.02, [INFO], robot6, {'y': 32.443, 'x': -36.879, 'yaw': -3.141}, None, None
50.09, [INFO], robot6, {'y': 30.329, 'x': -36.844, 'yaw': -3.141}, None, None
50.09, [INFO], robot6, {'battery-level': '52.22'}, None, None
60.04, [INFO], robot6, {'y': 28.229, 'x': -36.838, 'yaw': -3.142}, None, None
60.04, [INFO], robot6, {'battery-level': '51.84'}, None, None
70.02, [INFO], robot6, {'y': 26.116, 'x': -36.89, 'yaw': 3.142}, None, None
70.02, [INFO], robot6, {'battery-level': '51.46'}, None, None
80.09, [INFO], robot6, {'y': 23.986, 'x': -36.945, 'yaw': 3.14}, None, None
80.09, [INFO], robot6, {'battery-level': '51.08'}, None, None
90.01, [INFO], robot6, {'battery-level': '50.70'}, None, None
90.01, [INFO], robot6, {'y': 21.883, 'x': -37.015, 'yaw': -3.142}, None, None
100.06, [INFO], robot6, {'battery-level': '50.32'}, None, None
100.06, [INFO], robot6, {'y': 19.751, 'x': -37.029, 'yaw': -3.136}, None, None
110.10, [INFO], robot6, {'battery-level': '49.94'}, None, None
110.10, [INFO], robot6, {'y': 17.96, 'x': -36.007, 'yaw': 3.141}, None, None
120.05, [INFO], robot6, {'y': 18.465, 'x': -34.249, 'yaw': -3.142}, None, None
120.05, [INFO], robot6, {'battery-level': '49.56'}, None, None
130.00, [INFO], robot6, {'y': 18.965, 'x': -33.908, 'yaw': 3.142}, None, None
130.00, [INFO], robot6, {'battery-level': '49.18'}, None, None
130.10, [info], nurse, sync, received-request, (status=sending-request)
130.10, [info], nurse, sync, request-sent, (status=waiting)
130.10, [info], nurse, sync, wait-message, (status=message-received)
140.08, [INFO], robot6, {'battery-level': '48.80'}, None, None
140.08, [INFO], robot6, {'y': 17.802, 'x': -35.186, 'yaw': -3.142}, None, None
150.03, [INFO], robot6, {'battery-level': '48.42'}, None, None
150.03, [INFO], robot6, {'y': 18.004, 'x': -36.151, 'yaw': -3.142}, None, None
160.06, [INFO], robot6, {'battery-level': '48.04'}, None, None
160.06, [INFO], robot6, {'y': 17.271, 'x': -37.014, 'yaw': -3.141}, None, None
170.01, [INFO], robot6, {'y': 17.367, 'x': -36.863, 'yaw': -3.141}, None, None
170.01, [INFO], robot6, {'battery-level': '47.66'}, None, None
180.04, [INFO], robot6, {'battery-level': '47.28'}, None, None
180.04, [INFO], robot6, {'y': 17.239, 'x': -36.777, 'yaw': 3.141}, None, None
190.09, [INFO], robot6, {'y': 17.25, 'x': -36.896, 'yaw': 3.14}, None, None
190.09, [INFO], robot6, {'battery-level': '46.90'}, None, None
200.01, [INFO], robot6, {'y': 17.399, 'x': -36.986, 'yaw': 3.141}, None, None
200.01, [INFO], robot6, {'battery-level': '46.52'}, None, None
210.09, [INFO], robot6, {'battery-level': '46.14'}, None, None
210.09, [INFO], robot6, {'y': 17.326, 'x': -37.28, 'yaw': -3.141}, None, None
220.06, [INFO], robot6, {'battery-level': '45.76'}, None, None
220.06, [INFO], robot6, {'y': 17.458, 'x': -36.92, 'yaw': -3.141}, None, None
230.07, [INFO], robot6, {'battery-level': '45.38'}, None, None
230.07, [INFO], robot6, {'y': 17.239, 'x': -36.894, 'yaw': 3.141}, None, None
240.02, [INFO], robot6, {'battery-level': '45.00'}, None, None
240.02, [INFO], robot6, {'y': 17.247, 'x': -37.079, 'yaw': 3.141}, None, None
250.07, [INFO], robot6, {'y': 17.342, 'x': -36.905, 'yaw': 3.142}, None, None
250.07, [INFO], robot6, {'battery-level': '44.62'}, None, None
260.02, [INFO], robot6, {'battery-level': '44.24'}, None, None
260.02, [INFO], robot6, {'y': 17.242, 'x': -37.147, 'yaw': 3.141}, None, None
270.10, [INFO], robot6, {'battery-level': '43.86'}, None, None
270.10, [INFO], robot6, {'y': 17.405, 'x': -36.997, 'yaw': 3.141}, None, None
280.05, [INFO], robot6, {'y': 17.413, 'x': -37.007, 'yaw': 3.142}, None, None
280.05, [INFO], robot6, {'battery-level': '43.48'}, None, None
290.09, [INFO], robot6, {'y': 17.514, 'x': -37.059, 'yaw': 3.142}, None, None
290.09, [INFO], robot6, {'battery-level': '43.10'}, None, None
300.02, [INFO], robot6, {'y': 17.276, 'x': -36.838, 'yaw': -3.141}, None, None
300.02, [INFO], robot6, {'battery-level': '42.72'}, None, None
310.07, [INFO], robot6, {'y': 17.161, 'x': -37.124, 'yaw': 3.142}, None, None
310.07, [INFO], robot6, {'battery-level': '42.34'}, None, None
320.01, [INFO], robot6, {'battery-level': '41.96'}, None, None
320.01, [INFO], robot6, {'y': 17.227, 'x': -37.094, 'yaw': 3.141}, None, None
330.05, [INFO], robot6, {'battery-level': '41.58'}, None, None
330.05, [INFO], robot6, {'y': 17.324, 'x': -36.836, 'yaw': 3.14}, None, None
330.53, [WARN], robot6, SKILL-FAILURE, navigation, navto_lab
340.02, [INFO], robot6, {'battery-level': '41.20'}, None, None
340.02, [INFO], robot6, {'y': 17.422, 'x': -36.817, 'yaw': -3.142}, None, None
350.08, [INFO], robot6, {'battery-level': '40.82'}, None, None
350.08, [INFO], robot6, {'y': 17.42, 'x': -36.816, 'yaw': -3.142}, None, None
