0.00, [DEBUG], nurse, NURSE_CONFIG={'location': 'IC Room 6', 'position': [-33.9, 18.93, 3.14]}, None, None
0.00, [INFO], robot1, {'battery-level': '24.00'}, None, None
0.13, [DEBUG], logger, ROBOTS_CONFIG={'avg_speed': 0.15, 'battery_charge': 0.23995139509475963, 'battery_discharge_rate': 0.00068, 'id': 1, 'local_plan': [['navigation', ['IC Room 6', [[-11.5, 18.0, -1.57], [-11.5, 16.0], [-37.0, 16.0], [-37.0, 18.93], [-33.9, 18.93, 3.14]]], 'navto_room'], ['approach_person', ['nurse'], 'approach_nurse'], ['authenticate_person', ['nurse'], 'authenticate_nurse'], ['operate_drawer', ['open'], 'open_drawer_for_nurse'], ['send_message', ['nurse'], 'notify_nurse_of_open_drawer_for_nurse_completed'], ['wait_message', ['nurse'], 'wait_nurse_to_complete_deposit'], ['operate_drawer', ['close'], 'close_drawer_nurse'], ['navigation', ['Laboratory', [[-33.9, 18.93, 3.14], [-37.0, 18.93], [-37.0, 16.0], [-26.0, 16.0], [-26.0, 13.0, 1.57]]], 'navto_lab'], ['approach_robot', ['lab_arm'], 'approach_arm'], ['operate_drawer', ['open'], 'open_drawer_lab'], ['send_message', ['lab_arm'], 'notify_lab_arm_of_open_drawer_lab_completed'], ['wait_message', ['lab_arm'], 'wait_lab_arm_to_complete_pick_up_sample'], ['operate_drawer', ['close'], 'close_drawer_lab']], 'location': 'PC Room 8', 'name': 'r1', 'position': [-11.5, 18.0, -1.57], 'skills': ['approach_person', 'approach_robot', 'navigation', 'operate_drawer']}, None, None
0.13, [DEBUG], logger, Simulation open, None, None
10.01, [INFO], robot1, {'y': 18.0, 'x': -11.5, 'yaw': 3.142}, None, None
10.01, [INFO], robot1, {'battery-level': '23.38'}, None, None
20.05, [INFO], robot1, {'battery-level': '22.70'}, None, None
20.05, [INFO], robot1, {'y': 17.14, 'x': -11.703, 'yaw': 3.139}, None, None
30.01, [INFO], robot1, {'battery-level': '22.02'}, None, None
30.01, [INFO], robot1, {'y': 16.264, 'x': -13.037, 'yaw': 3.141}, None, None
40.06, [INFO], robot1, {'y': 16.018, 'x': -12.885, 'yaw': -3.142}, None, None
40.06, [INFO], robot1, {'battery-level': '21.34'}, None, None
50.05, [INFO], robot1, {'battery-level': '20.66'}, None, None
50.05, [INFO], robot1, {'y': 16.173, 'x': -12.941, 'yaw': 3.141}, None, None
60.06, [INFO], robot1, {'battery-level': '19.98'}, None, None
60.06, [INFO], robot1, {'y': 16.334, 'x': -13.125, 'yaw': 3.141}, None, None
70.01, [INFO], robot1, {'battery-level': '19.30'}, None, None
70.01, [INFO], robot1, {'y': 16.12, 'x': -12.977, 'yaw': -3.141}, None, None
80.05, [INFO], robot1, {'battery-level': '18.62'}, None, None
80.05, [INFO], robot1, {'y': 16.213, 'x': -13.163, 'yaw': 3.141}, None, None
90.01, [INFO], robot1, {'battery-level': '17.94'}, None, None
90.01, [INFO], robot1, {'y': 16.077, 'x': -12.816, 'yaw': 3.141}, None, None
100.06, [INFO], robot1, {'battery-level': '17.26'}, None, None
100.06, [INFO], robot1, {'y': 16.039, 'x': -13.02, 'yaw': 3.142}, None, None
110.00, [INFO], robot1, {'battery-level': '16.58'}, None, None
110.00, [INFO], robot1, {'y': 16.161, 'x': -13.027, 'yaw': -3.141}, None, None
120.03, [INFO], robot1, {'battery-level': '15.90'}, None, None
120.03, [INFO], robot1, {'y': 16.288, 'x': -12.928, 'yaw': 3.14}, None, None
130.09, [INFO], robot1, {'y': 16.268, 'x': -13.117, 'yaw': 3.141}, None, None
130.09, [INFO], robot1, {'battery-level': '15.22'}, None, None
140.05, [INFO], robot1, {'y': 16.055, 'x': -12.836, 'yaw': 3.141}, None, None
140.05, [INFO], robot1, {'battery-level': '14.54'}, None, None
150.09, [INFO], robot1, {'y': 16.239, 'x': -12.954, 'yaw': -3.141}, None, None
150.09, [INFO], robot1, {'battery-level': '13.86'}, None, None
160.04, [INFO], robot1, {'battery-level': '13.18'}, None, None
160.04, [INFO], robot1, {'y': 16.384, 'x': -13.071, 'yaw': 3.141}, None, None
167.44, [WARN], robot1, SKILL-FAILURE, navigation, navto_room
170.00, [INFO], robot1, {'battery-level': '12.50'}, None, None
170.00, [INFO], robot1, {'y': 16.372, 'x': -13.009, 'yaw': 3.141}, None, None
180.03, [INFO], robot1, {'battery-level': '11.82'}, None, None
180.03, [INFO], robot1, {'y': 16.371, 'x': -13.009, 'yaw': 3.141}, None, None
190.07, [INFO], robot1, {'battery-level': '11.14'}, None, None
190.07, [INFO], robot1, {'y': 16.371, 'x': -13.009, 'yaw': 3.142}, None, None
200.02, [INFO], robot1, {'y': 16.371, 'x': -13.01, 'yaw': -3.142}, None, None
200.02, [INFO], robot1, {'battery-level': '10.46'}, None, None
210.05, [INFO], robot1, {'y': 16.371, 'x': -13.01, 'yaw': -3.142}, None, None
210.05, [INFO], robot1, {'battery-level': '9.78'}, None, None
220.08, [INFO], robot1, {'battery-level': '9.10'}, None, None
220.08, [INFO], robot1, {'y': 16.371, 'x': -13.01, 'yaw': -3.142}, None, None
230.09, [INFO], robot1, {'y': 16.371, 'x': -13.01, 'yaw': -3.142}, None, None
230.09, [INFO], robot1, {'battery-level': '8.42'}, None, None
240.04, [INFO], robot1, {'battery-level': '7.74'}, None, None
240.04, [INFO], robot1, {'y': 16.371, 'x': -13.01, 'yaw': 3.142}, None, None
250.07, [INFO], robot1, {'y': 16.371, 'x': -13.009, 'yaw': 3.142}, None, None
250.07, [INFO], robot1, {'battery-level': '7.06'}, None, None
260.07, [INFO], robot1, {'battery-level': '6.38'}, None, None
260.07, [INFO], robot1, {'y': 16.371, 'x': -13.009, 'yaw': -3.142}, None, None
270.08, [INFO], robot1, {'battery-level': '5.70'}, None, None
270.08, [INFO], robot1, {'y': 16.371, 'x': -13.009, 'yaw': -3.142}, None, None
280.01, [INFO], robot1, {'y': 16.371, 'x': -13.009, 'yaw': -3.142}, None, None
280.01, [INFO], robot1, {'battery-level': '5.02'}, None, None
281.00, [WARN], robot1, LOWBATT, None, None
281.00, [WARN], None, end!, None, None
290.09, [INFO], robot1, {'y': 16.371, 'x': -13.009, 'yaw': -3.142}, None, None
300.07, [INFO], robot1, {'y': 16.371, 'x': -13.009, 'yaw': 3.142}, None, None
310.02, [INFO], robot1, {'y': 16.371, 'x': -13.009, 'yaw': -3.142}, None, None
320.07, [INFO], robot1, {'y': 16.371, 'x': -13.009, 'yaw': -3.142}, None, None
330.06, [INFO], robot1, {'y': 16.371, 'x': -13.009, 'yaw': 3.142}, None, None
340.07, [INFO], robot1, {'y': 16.371, 'x': -13.009, 'yaw': 3.142}, None, None
350.04, [INFO], robot1, {'y': 16.371, 'x': -13.009, 'yaw': 3.142}, None, None
360.06, [INFO], robot1, {'y': 16.372, 'x': -13.009, 'yaw': -3.142}, None, None
370.01, [INFO], robot1, {'y': 16.372, 'x': -13.009, 'yaw': -3.142}, None, None
380.02, [INFO], robot1, {'y': 16.372, 'x': -13.009, 'yaw': 3.142}, None, None
390.06, [INFO], robot1, {'y': 16.372, 'x': -13.009, 'yaw': -3.142}, None, None
400.07, [INFO], robot1, {'y': 16.372, 'x': -13.009, 'yaw': 3.142}, None, None
410.02, [INFO], robot1, {'y': 16.372, 'x': -13.009, 'yaw': 3.142}, None, None
420.02, [INFO], robot1, {'y': 16.372, 'x': -13.009, 'yaw': 3.142}, None, None
430.06, [INFO], robot1, {'y': 16.372, 'x': -13.009, 'yaw': -3.142}, None, None
440.02, [INFO], robot1, {'y': 16.372, 'x': -13.009, 'yaw': 3.142}, None, None
