0.00, [DEBUG], logger, ROBOTS_CONFIG={'avg_speed': 0.15, 'battery_charge': 0.17496190705907763, 'battery_discharge_rate': 0.0006000000000000001, 'id': 4, 'local_plan': [['navigation', ['IC Room 6', [[-39.44, 33.95, 0.0], [-37.0, 33.95], [-37.0, 18.93], [-33.9, 18.93, 3.14]]], 'navto_room'], ['approach_person', ['nurse'], 'approach_nurse'], ['authenticate_person', ['nurse'], 'authenticate_nurse'], ['operate_drawer', ['open'], 'open_drawer_for_nurse'], ['send_message', ['nurse'], 'notify_nurse_of_open_drawer_for_nurse_completed'], ['wait_message', ['nurse'], 'wait_nurse_to_complete_deposit'], ['operate_drawer', ['close'], 'close_drawer_nurse'], ['navigation', ['Laboratory', [[-33.9, 18.93, 3.14], [-37.0, 18.93], [-37.0, 16.0], [-26.0, 16.0], [-26.0, 13.0, 1.57]]], 'navto_lab'], ['approach_robot', ['lab_arm'], 'approach_arm'], ['operate_drawer', ['open'], 'open_drawer_lab'], ['send_message', ['lab_arm'], 'notify_lab_arm_of_open_drawer_lab_completed'], ['wait_message', ['lab_arm'], 'wait_lab_arm_to_complete_pick_up_sample'], ['operate_drawer', ['close'], 'close_drawer_lab']], 'location': 'IC Room 4', 'name': 'r4', 'position': [-39.44, 33.95, 0.0], 'skills': ['approach_person', 'approach_robot', 'authenticate_person', 'navigation', 'operate_drawer']}, None, None
0.00, [DEBUG], logger, Simulation open, None, None
10.07, [INFO], robot4, {'y': 34.102, 'x': -39.421, 'yaw': -3.141}, None, None
10.07, [INFO], robot4, {'battery-level': '16.96'}, None, None
20.06, [INFO], robot4, {'y': 34.401, 'x': -37.383, 'yaw': -3.141}, None, None
20.06, [INFO], robot4, {'battery-level': '16.36'}, None, None
30.02, [INFO], robot4, {'battery-level': '15.76'}, None, None
30.02, [INFO], robot4, {'y': 32.399, 'x': -37.033, 'yaw': 3.141}, None, None
40.09, [INFO], robot4, {'battery-level': '15.16'}, None, None
40.09, [INFO], robot4, {'y': 30.276, 'x': -37.042, 'yaw': 3.14}, None, None
50.05, [INFO], robot4, {'battery-level': '14.56'}, None, None
50.05, [INFO], robot4, {'y': 28.177, 'x': -37.048, 'yaw': 3.141}, None, None
59.92, [INFO], robot4, {'y': 26.077, 'x': -37.038, 'yaw': 3.141}, None, None
60.01, [INFO], robot4, {'battery-level': '13.96'}, None, None
70.07, [INFO], robot4, {'y': 23.958, 'x': -37.0, 'yaw': 3.141}, None, None
70.07, [INFO], robot4, {'battery-level': '13.36'}, None, None
80.03, [INFO], robot4, {'battery-level': '12.76'}, None, None
80.03, [INFO], robot4, {'y': 21.858, 'x': -37.096, 'yaw': 3.142}, None, None
90.08, [INFO], robot4, {'battery-level': '12.16'}, None, None
90.08, [INFO], robot4, {'y': 19.734, 'x': -37.072, 'yaw': 3.141}, None, None
100.03, [INFO], robot4, {'battery-level': '11.56'}, None, None
100.03, [INFO], robot4, {'y': 17.991, 'x': -35.934, 'yaw': 3.141}, None, None
110.06, [INFO], robot4, {'y': 18.573, 'x': -34.175, 'yaw': -3.142}, None, None
110.06, [INFO], robot4, {'battery-level': '10.96'}, None, None
120.02, [INFO], robot4, {'battery-level': '10.36'}, None, None
120.02, [INFO], robot4, {'y': 18.967, 'x': -33.92, 'yaw': -3.142}, None, None
122.12, [info], nurse, sync, received-request, (status=sending-request)
122.12, [info], nurse, sync, request-sent, (status=waiting)
122.12, [info], nurse, sync, wait-message, (status=message-received)
130.06, [INFO], robot4, {'y': 17.922, 'x': -34.713, 'yaw': 3.142}, None, None
130.06, [INFO], robot4, {'battery-level': '9.76'}, None, None
140.06, [INFO], robot4, {'battery-level': '9.16'}, None, None
140.06, [INFO], robot4, {'y': 18.008, 'x': -36.135, 'yaw': 3.142}, None, None
150.00, [INFO], robot4, {'y': 18.272, 'x': -36.523, 'yaw': 3.141}, None, None
150.00, [INFO], robot4, {'battery-level': '8.56'}, None, None
160.04, [INFO], robot4, {'y': 17.379, 'x': -36.883, 'yaw': -3.142}, None, None
160.04, [INFO], robot4, {'battery-level': '7.96'}, None, None
170.00, [INFO], robot4, {'y': 17.317, 'x': -36.745, 'yaw': 3.142}, None, None
170.00, [INFO], robot4, {'battery-level': '7.36'}, None, None
180.02, [INFO], robot4, {'battery-level': '6.76'}, None, None
180.02, [INFO], robot4, {'y': 17.275, 'x': -36.92, 'yaw': 3.141}, None, None
190.06, [INFO], robot4, {'battery-level': '6.16'}, None, None
190.06, [INFO], robot4, {'y': 17.5, 'x': -36.972, 'yaw': 3.141}, None, None
200.05, [INFO], robot4, {'battery-level': '5.56'}, None, None
200.05, [INFO], robot4, {'y': 17.395, 'x': -37.025, 'yaw': -3.142}, None, None
210.05, [WARN], robot4, LOWBATT, None, None
210.05, [WARN], None, end!, None, None
210.05, [INFO], robot4, {'y': 17.347, 'x': -37.001, 'yaw': 3.141}, None, None
220.01, [INFO], robot4, {'y': 17.379, 'x': -36.892, 'yaw': -3.14}, None, None
230.06, [INFO], robot4, {'y': 17.344, 'x': -37.064, 'yaw': 3.141}, None, None
