0.14, [DEBUG], logger, ROBOTS_CONFIG={'avg_speed': 0.15, 'battery_charge': 0.634952869577942, 'battery_discharge_rate': 0.00054, 'id': 2, 'local_plan': [['navigation', ['IC Room 6', [[-19.0, 18.0, -1.57], [-19.0, 16.0], [-37.0, 16.0], [-37.0, 18.93], [-33.9, 18.93, 3.14]]], 'navto_room'], ['approach_person', ['nurse'], 'approach_nurse'], ['authenticate_person', ['nurse'], 'authenticate_nurse'], ['operate_drawer', ['open'], 'open_drawer_for_nurse'], ['send_message', ['nurse'], 'notify_nurse_of_open_drawer_for_nurse_completed'], ['wait_message', ['nurse'], 'wait_nurse_to_complete_deposit'], ['operate_drawer', ['close'], 'close_drawer_nurse'], ['navigation', ['Laboratory', [[-33.9, 18.93, 3.14], [-37.0, 18.93], [-37.0, 16.0], [-26.0, 16.0], [-26.0, 13.0, 1.57]]], 'navto_lab'], ['approach_robot', ['lab_arm'], 'approach_arm'], ['operate_drawer', ['open'], 'open_drawer_lab'], ['send_message', ['lab_arm'], 'notify_lab_arm_of_open_drawer_lab_completed'], ['wait_message', ['lab_arm'], 'wait_lab_arm_to_complete_pick_up_sample'], ['operate_drawer', ['close'], 'close_drawer_lab']], 'location': 'PC Room 6', 'name': 'r2', 'position': [-19.0, 18.0, -1.57], 'skills': ['approach_person', 'approach_robot', 'authenticate_person', 'navigation', 'operate_drawer']}, None, None
0.14, [DEBUG], logger, Simulation open, None, None
10.06, [INFO], robot2, {'y': 17.509, 'x': -19.168, 'yaw': 3.141}, None, None
10.06, [INFO], robot2, {'battery-level': '63.01'}, None, None
20.09, [INFO], robot2, {'battery-level': '62.47'}, None, None
20.09, [INFO], robot2, {'y': 16.128, 'x': -20.239, 'yaw': -3.141}, None, None
30.02, [INFO], robot2, {'battery-level': '61.93'}, None, None
30.02, [INFO], robot2, {'y': 16.172, 'x': -22.337, 'yaw': -3.137}, None, None
40.05, [INFO], robot2, {'battery-level': '61.39'}, None, None
40.05, [INFO], robot2, {'y': 16.093, 'x': -24.449, 'yaw': 3.141}, None, None
50.03, [INFO], robot2, {'battery-level': '60.85'}, None, None
50.03, [INFO], robot2, {'y': 16.097, 'x': -26.547, 'yaw': 3.141}, None, None
59.91, [INFO], robot2, {'battery-level': '60.31'}, None, None
59.91, [INFO], robot2, {'y': 16.158, 'x': -28.657, 'yaw': 3.142}, None, None
70.06, [INFO], robot2, {'battery-level': '59.77'}, None, None
70.06, [INFO], robot2, {'y': 16.087, 'x': -30.781, 'yaw': -3.142}, None, None
80.05, [INFO], robot2, {'y': 15.818, 'x': -32.888, 'yaw': -3.141}, None, None
80.05, [INFO], robot2, {'battery-level': '59.23'}, None, None
90.05, [INFO], robot2, {'battery-level': '58.69'}, None, None
90.05, [INFO], robot2, {'y': 15.402, 'x': -34.985, 'yaw': -3.141}, None, None
100.08, [INFO], robot2, {'battery-level': '58.15'}, None, None
100.08, [INFO], robot2, {'y': 16.265, 'x': -36.648, 'yaw': -3.141}, None, None
110.03, [INFO], robot2, {'y': 17.567, 'x': -36.764, 'yaw': -3.142}, None, None
110.03, [INFO], robot2, {'battery-level': '57.61'}, None, None
120.08, [INFO], robot2, {'battery-level': '57.07'}, None, None
120.08, [INFO], robot2, {'y': 17.794, 'x': -35.862, 'yaw': 3.142}, None, None
130.05, [INFO], robot2, {'y': 18.147, 'x': -35.679, 'yaw': -3.139}, None, None
130.05, [INFO], robot2, {'battery-level': '56.53'}, None, None
140.03, [INFO], robot2, {'y': 18.08, 'x': -35.632, 'yaw': -3.136}, None, None
140.03, [INFO], robot2, {'battery-level': '55.99'}, None, None
150.03, [INFO], robot2, {'battery-level': '55.45'}, None, None
150.03, [INFO], robot2, {'y': 18.003, 'x': -35.432, 'yaw': -3.142}, None, None
160.06, [INFO], robot2, {'y': 17.996, 'x': -35.374, 'yaw': 3.142}, None, None
160.06, [INFO], robot2, {'battery-level': '54.91'}, None, None
170.01, [INFO], robot2, {'y': 18.145, 'x': -35.587, 'yaw': 3.137}, None, None
170.01, [INFO], robot2, {'battery-level': '54.37'}, None, None
174.11, [WARN], robot2, SKILL-FAILURE, navigation, navto_room
