0.00, [INFO], robot2, {'battery-level': '63.50'}, None, None
0.00, [DEBUG], logger, ROBOTS_CONFIG={'avg_speed': 0.15, 'battery_charge': 0.634952869577942, 'battery_discharge_rate': 0.0006000000000000001, 'id': 2, 'local_plan': [['navigation', ['PC Room 3', [[-21.0, 18.0, -1.57], [-21.0, 16.0], [-28.5, 16.0], [-28.5, 18.0, -1.57]]], 'navto_room'], ['approach_person', ['nurse'], 'approach_nurse'], ['authenticate_person', ['nurse'], 'authenticate_nurse'], ['operate_drawer', ['open'], 'open_drawer_for_nurse'], ['send_message', ['nurse'], 'notify_nurse_of_open_drawer_for_nurse_completed'], ['wait_message', ['nurse'], 'wait_nurse_to_complete_deposit'], ['operate_drawer', ['close'], 'close_drawer_nurse'], ['navigation', ['Laboratory', [[-28.5, 18.0, -1.57], [-28.5, 16.0], [-26.0, 16.0], [-26.0, 13.0, 1.57]]], 'navto_lab'], ['approach_robot', ['lab_arm'], 'approach_arm'], ['operate_drawer', ['open'], 'open_drawer_lab'], ['send_message', ['lab_arm'], 'notify_lab_arm_of_open_drawer_lab_completed'], ['wait_message', ['lab_arm'], 'wait_lab_arm_to_complete_pick_up_sample'], ['operate_drawer', ['close'], 'close_drawer_lab']], 'location': 'PC Room 5', 'name': 'r2', 'position': [-21.0, 18.0, -1.57], 'skills': ['approach_person', 'approach_robot', 'authenticate_person', 'navigation', 'operate_drawer']}, None, None
0.00, [DEBUG], logger, Simulation open, None, None
10.02, [INFO], robot2, {'battery-level': '62.96'}, None, None
10.02, [INFO], robot2, {'y': 17.6, 'x': -20.975, 'yaw': 3.142}, None, None
20.08, [INFO], robot2, {'y': 15.993, 'x': -21.644, 'yaw': 3.142}, None, None
20.08, [INFO], robot2, {'battery-level': '62.36'}, None, None
30.06, [INFO], robot2, {'y': 15.952, 'x': -23.756, 'yaw': 3.142}, None, None
30.06, [INFO], robot2, {'battery-level': '61.76'}, None, None
39.95, [INFO], robot2, {'battery-level': '61.16'}, None, None
40.05, [INFO], robot2, {'y': 15.933, 'x': -25.876, 'yaw': 3.14}, None, None
49.96, [INFO], robot2, {'y': 15.984, 'x': -27.984, 'yaw': 3.14}, None, None
50.06, [INFO], robot2, {'battery-level': '60.56'}, None, None
60.06, [INFO], robot2, {'y': 17.782, 'x': -28.629, 'yaw': -3.141}, None, None
60.06, [INFO], robot2, {'battery-level': '59.96'}, None, None
70.08, [INFO], robot2, {'y': 17.989, 'x': -28.655, 'yaw': 3.141}, None, None
70.08, [INFO], robot2, {'battery-level': '59.36'}, None, None
76.66, [info], nurse, sync, received-request, (status=sending-request)
76.66, [info], nurse, sync, request-sent, (status=waiting)
76.66, [info], nurse, sync, wait-message, (status=message-received)
80.08, [INFO], robot2, {'y': 17.609, 'x': -28.651, 'yaw': -3.141}, None, None
80.08, [INFO], robot2, {'battery-level': '58.76'}, None, None
89.96, [INFO], robot2, {'y': 16.129, 'x': -28.006, 'yaw': -3.141}, None, None
90.06, [INFO], robot2, {'battery-level': '58.16'}, None, None
100.06, [INFO], robot2, {'battery-level': '57.56'}, None, None
100.06, [INFO], robot2, {'y': 15.736, 'x': -26.06, 'yaw': 3.142}, None, None
110.05, [INFO], robot2, {'battery-level': '56.96'}, None, None
110.05, [INFO], robot2, {'y': 13.627, 'x': -25.772, 'yaw': -3.142}, None, None
120.04, [INFO], robot2, {'y': 12.914, 'x': -25.994, 'yaw': 3.142}, None, None
120.04, [INFO], robot2, {'battery-level': '56.36'}, None, None
121.22, [info], lab_arm, sync, wait-message, (status=message-received)
122.20, [WARN], robot2, SUCCESS, None, None
130.00, [INFO], robot2, {'battery-level': '55.76'}, None, None
130.00, [INFO], robot2, {'y': 12.912, 'x': -25.993, 'yaw': 3.142}, None, None
140.01, [INFO], robot2, {'battery-level': '55.16'}, None, None
140.01, [INFO], robot2, {'y': 12.912, 'x': -25.993, 'yaw': 3.142}, None, None
150.01, [INFO], robot2, {'y': 12.912, 'x': -25.993, 'yaw': -3.142}, None, None
150.01, [INFO], robot2, {'battery-level': '54.56'}, None, None
