0.00, [INFO], robot4, {'battery-level': '17.50'}, None, None
0.00, [DEBUG], logger, ROBOTS_CONFIG={'avg_speed': 0.15, 'battery_charge': 0.17496190705907763, 'battery_discharge_rate': 0.00026000000000000003, 'id': 4, 'local_plan': [['navigation', ['IC Room 6', [[-39.44, 33.95, 0.0], [-37.0, 33.95], [-37.0, 18.93], [-33.9, 18.93, 3.14]]], 'navto_room'], ['approach_person', ['nurse'], 'approach_nurse'], ['authenticate_person', ['nurse'], 'authenticate_nurse'], ['operate_drawer', ['open'], 'open_drawer_for_nurse'], ['send_message', ['nurse'], 'notify_nurse_of_open_drawer_for_nurse_completed'], ['wait_message', ['nurse'], 'wait_nurse_to_complete_deposit'], ['operate_drawer', ['close'], 'close_drawer_nurse'], ['navigation', ['Laboratory', [[-33.9, 18.93, 3.14], [-37.0, 18.93], [-37.0, 16.0], [-26.0, 16.0], [-26.0, 13.0, 1.57]]], 'navto_lab'], ['approach_robot', ['lab_arm'], 'approach_arm'], ['operate_drawer', ['open'], 'open_drawer_lab'], ['send_message', ['lab_arm'], 'notify_lab_arm_of_open_drawer_lab_completed'], ['wait_message', ['lab_arm'], 'wait_lab_arm_to_complete_pick_up_sample'], ['operate_drawer', ['close'], 'close_drawer_lab']], 'location': 'IC Room 4', 'name': 'r4', 'position': [-39.44, 33.95, 0.0], 'skills': ['approach_person', 'approach_robot', 'authenticate_person', 'navigation', 'operate_drawer']}, None, None
0.00, [DEBUG], logger, Simulation open, None, None
10.06, [INFO], robot4, {'y': 34.169, 'x': -38.849, 'yaw': 3.139}, None, None
10.06, [INFO], robot4, {'battery-level': '17.26'}, None, None
20.09, [INFO], robot4, {'y': 33.969, 'x': -37.085, 'yaw': 3.141}, None, None
20.09, [INFO], robot4, {'battery-level': '17.00'}, None, None
30.09, [INFO], robot4, {'battery-level': '16.74'}, None, None
30.09, [INFO], robot4, {'y': 31.861, 'x': -37.058, 'yaw': 3.14}, None, None
40.07, [INFO], robot4, {'battery-level': '16.48'}, None, None
40.07, [INFO], robot4, {'y': 29.757, 'x': -37.021, 'yaw': 3.141}, None, None
50.08, [INFO], robot4, {'y': 27.638, 'x': -36.99, 'yaw': 3.138}, None, None
50.08, [INFO], robot4, {'battery-level': '16.22'}, None, None
60.05, [INFO], robot4, {'y': 25.542, 'x': -36.993, 'yaw': 3.142}, None, None
60.05, [INFO], robot4, {'battery-level': '15.96'}, None, None
70.06, [INFO], robot4, {'battery-level': '15.70'}, None, None
70.06, [INFO], robot4, {'y': 23.42, 'x': -37.014, 'yaw': 3.141}, None, None
80.05, [INFO], robot4, {'y': 21.314, 'x': -37.144, 'yaw': 3.142}, None, None
80.05, [INFO], robot4, {'battery-level': '15.44'}, None, None
90.01, [INFO], robot4, {'battery-level': '15.18'}, None, None
90.01, [INFO], robot4, {'y': 19.202, 'x': -37.07, 'yaw': 3.141}, None, None
100.05, [INFO], robot4, {'battery-level': '14.92'}, None, None
100.05, [INFO], robot4, {'y': 17.609, 'x': -35.655, 'yaw': -3.14}, None, None
110.00, [INFO], robot4, {'battery-level': '14.66'}, None, None
110.00, [INFO], robot4, {'y': 18.72, 'x': -34.065, 'yaw': -3.142}, None, None
119.17, [info], nurse, sync, received-request, (status=sending-request)
119.17, [info], nurse, sync, request-sent, (status=waiting)
119.17, [info], nurse, sync, wait-message, (status=message-received)
120.05, [INFO], robot4, {'y': 18.947, 'x': -33.934, 'yaw': 3.141}, None, None
120.05, [INFO], robot4, {'battery-level': '14.40'}, None, None
130.03, [INFO], robot4, {'battery-level': '14.14'}, None, None
130.03, [INFO], robot4, {'y': 17.752, 'x': -35.392, 'yaw': 3.139}, None, None
140.07, [INFO], robot4, {'battery-level': '13.88'}, None, None
140.07, [INFO], robot4, {'y': 17.999, 'x': -36.151, 'yaw': 3.142}, None, None
150.02, [INFO], robot4, {'y': 17.309, 'x': -37.024, 'yaw': 3.141}, None, None
150.02, [INFO], robot4, {'battery-level': '13.62'}, None, None
160.07, [INFO], robot4, {'battery-level': '13.36'}, None, None
160.07, [INFO], robot4, {'y': 17.538, 'x': -36.898, 'yaw': -3.142}, None, None
170.09, [INFO], robot4, {'battery-level': '13.10'}, None, None
170.09, [INFO], robot4, {'y': 17.379, 'x': -36.88, 'yaw': 3.141}, None, None
180.02, [INFO], robot4, {'battery-level': '12.84'}, None, None
180.02, [INFO], robot4, {'y': 17.204, 'x': -37.118, 'yaw': -3.141}, None, None
190.04, [INFO], robot4, {'y': 17.208, 'x': -37.048, 'yaw': 3.141}, None, None
190.04, [INFO], robot4, {'battery-level': '12.58'}, None, None
200.04, [INFO], robot4, {'battery-level': '12.32'}, None, None
200.04, [INFO], robot4, {'y': 17.403, 'x': -36.907, 'yaw': 3.141}, None, None
210.07, [INFO], robot4, {'battery-level': '12.06'}, None, None
210.07, [INFO], robot4, {'y': 17.309, 'x': -37.134, 'yaw': 3.141}, None, None
220.00, [INFO], robot4, {'battery-level': '11.80'}, None, None
220.00, [INFO], robot4, {'y': 17.298, 'x': -36.935, 'yaw': 3.142}, None, None
230.06, [INFO], robot4, {'battery-level': '11.54'}, None, None
230.06, [INFO], robot4, {'y': 17.297, 'x': -36.935, 'yaw': 3.142}, None, None
240.07, [INFO], robot4, {'y': 17.296, 'x': -36.935, 'yaw': -3.142}, None, None
240.07, [INFO], robot4, {'battery-level': '11.28'}, None, None
250.04, [INFO], robot4, {'battery-level': '11.02'}, None, None
250.04, [INFO], robot4, {'y': 17.294, 'x': -36.936, 'yaw': 3.141}, None, None
260.06, [INFO], robot4, {'battery-level': '10.76'}, None, None
260.06, [INFO], robot4, {'y': 17.269, 'x': -36.979, 'yaw': 3.142}, None, None
270.01, [INFO], robot4, {'battery-level': '10.50'}, None, None
270.01, [INFO], robot4, {'y': 17.268, 'x': -36.979, 'yaw': -3.142}, None, None
280.02, [INFO], robot4, {'y': 17.268, 'x': -36.979, 'yaw': 3.142}, None, None
280.02, [INFO], robot4, {'battery-level': '10.24'}, None, None
290.06, [INFO], robot4, {'y': 17.247, 'x': -36.889, 'yaw': -3.141}, None, None
290.06, [INFO], robot4, {'battery-level': '9.98'}, None, None
297.51, [WARN], robot4, SKILL-FAILURE, navigation, navto_lab
300.00, [INFO], robot4, {'y': 17.285, 'x': -36.85, 'yaw': -3.142}, None, None
300.00, [INFO], robot4, {'battery-level': '9.72'}, None, None
310.00, [INFO], robot4, {'battery-level': '9.46'}, None, None
310.00, [INFO], robot4, {'y': 17.285, 'x': -36.85, 'yaw': 3.142}, None, None
320.00, [INFO], robot4, {'battery-level': '9.20'}, None, None
320.00, [INFO], robot4, {'y': 17.285, 'x': -36.85, 'yaw': -3.142}, None, None
