0.00, [DEBUG], nurse, NURSE_CONFIG={'location': 'IC Room 6', 'position': [-33.9, 18.93, 3.14]}, None, None
0.00, [INFO], robot4, {'battery-level': '17.50'}, None, None
0.00, [DEBUG], logger, ROBOTS_CONFIG={'avg_speed': 0.15, 'battery_charge': 0.17496190705907763, 'battery_discharge_rate': 0.00026000000000000003, 'id': 4, 'local_plan': [['navigation', ['IC Room 6', [[-39.44, 33.95, 0.0], [-37.0, 33.95], [-37.0, 18.93], [-33.9, 18.93, 3.14]]], 'navto_room'], ['approach_person', ['nurse'], 'approach_nurse'], ['authenticate_person', ['nurse'], 'authenticate_nurse'], ['operate_drawer', ['open'], 'open_drawer_for_nurse'], ['send_message', ['nurse'], 'notify_nurse_of_open_drawer_for_nurse_completed'], ['wait_message', ['nurse'], 'wait_nurse_to_complete_deposit'], ['operate_drawer', ['close'], 'close_drawer_nurse'], ['navigation', ['Laboratory', [[-33.9, 18.93, 3.14], [-37.0, 18.93], [-37.0, 16.0], [-26.0, 16.0], [-26.0, 13.0, 1.57]]], 'navto_lab'], ['approach_robot', ['lab_arm'], 'approach_arm'], ['operate_drawer', ['open'], 'open_drawer_lab'], ['send_message', ['lab_arm'], 'notify_lab_arm_of_open_drawer_lab_completed'], ['wait_message', ['lab_arm'], 'wait_lab_arm_to_complete_pick_up_sample'], ['operate_drawer', ['close'], 'close_drawer_lab']], 'location': 'IC Room 4', 'name': 'r4', 'position': [-39.44, 33.95, 0.0], 'skills': ['approach_person', 'approach_robot', 'authenticate_person', 'navigation', 'operate_drawer']}, None, None
0.00, [DEBUG], logger, Simulation open, None, None
10.07, [INFO], robot4, {'battery-level': '17.26'}, None, None
10.07, [INFO], robot4, {'y': 34.18, 'x': -38.841, 'yaw': 3.14}, None, None
20.06, [INFO], robot4, {'battery-level': '17.00'}, None, None
20.06, [INFO], robot4, {'y': 34.028, 'x': -37.068, 'yaw': 3.14}, None, None
30.01, [INFO], robot4, {'y': 31.915, 'x': -36.987, 'yaw': 3.141}, None, None
30.01, [INFO], robot4, {'battery-level': '16.74'}, None, None
40.08, [INFO], robot4, {'y': 29.784, 'x': -36.948, 'yaw': 3.14}, None, None
40.08, [INFO], robot4, {'battery-level': '16.48'}, None, None
50.00, [INFO], robot4, {'battery-level': '16.22'}, None, None
50.00, [INFO], robot4, {'y': 27.686, 'x': -36.961, 'yaw': 3.139}, None, None
60.08, [INFO], robot4, {'battery-level': '15.96'}, None, None
60.08, [INFO], robot4, {'y': 25.559, 'x': -37.026, 'yaw': -3.142}, None, None
70.08, [INFO], robot4, {'battery-level': '15.70'}, None, None
70.08, [INFO], robot4, {'y': 23.451, 'x': -37.006, 'yaw': 3.141}, None, None
80.02, [INFO], robot4, {'y': 21.345, 'x': -37.151, 'yaw': 3.141}, None, None
80.02, [INFO], robot4, {'battery-level': '15.44'}, None, None
90.06, [INFO], robot4, {'battery-level': '15.18'}, None, None
90.06, [INFO], robot4, {'y': 19.216, 'x': -37.08, 'yaw': 3.141}, None, None
100.00, [INFO], robot4, {'y': 17.747, 'x': -35.563, 'yaw': -3.142}, None, None
100.00, [INFO], robot4, {'battery-level': '14.92'}, None, None
110.02, [INFO], robot4, {'y': 18.816, 'x': -34.032, 'yaw': -3.142}, None, None
110.02, [INFO], robot4, {'battery-level': '14.66'}, None, None
120.03, [INFO], robot4, {'battery-level': '14.40'}, None, None
120.03, [INFO], robot4, {'y': 18.951, 'x': -33.944, 'yaw': -3.142}, None, None
120.98, [info], nurse, sync, received-request, (status=sending-request)
120.98, [info], nurse, sync, request-sent, (status=waiting)
120.98, [info], nurse, sync, wait-message, (status=message-received)
130.06, [INFO], robot4, {'battery-level': '14.14'}, None, None
130.06, [INFO], robot4, {'y': 17.828, 'x': -35.001, 'yaw': 3.141}, None, None
140.02, [INFO], robot4, {'y': 18.093, 'x': -36.277, 'yaw': 3.142}, None, None
140.02, [INFO], robot4, {'battery-level': '13.88'}, None, None
150.08, [INFO], robot4, {'battery-level': '13.62'}, None, None
150.08, [INFO], robot4, {'y': 17.41, 'x': -36.82, 'yaw': -3.141}, None, None
160.03, [INFO], robot4, {'battery-level': '13.36'}, None, None
160.03, [INFO], robot4, {'y': 17.457, 'x': -37.033, 'yaw': 3.141}, None, None
170.05, [INFO], robot4, {'y': 17.284, 'x': -36.964, 'yaw': -3.141}, None, None
170.05, [INFO], robot4, {'battery-level': '13.10'}, None, None
180.02, [INFO], robot4, {'y': 17.25, 'x': -36.936, 'yaw': 3.14}, None, None
180.02, [INFO], robot4, {'battery-level': '12.84'}, None, None
190.07, [INFO], robot4, {'battery-level': '12.58'}, None, None
190.07, [INFO], robot4, {'y': 17.295, 'x': -36.998, 'yaw': -3.142}, None, None
200.03, [INFO], robot4, {'y': 17.404, 'x': -37.052, 'yaw': 3.141}, None, None
200.03, [INFO], robot4, {'battery-level': '12.32'}, None, None
210.08, [INFO], robot4, {'battery-level': '12.06'}, None, None
210.08, [INFO], robot4, {'y': 17.264, 'x': -36.737, 'yaw': -3.141}, None, None
220.05, [INFO], robot4, {'battery-level': '11.80'}, None, None
220.05, [INFO], robot4, {'y': 17.363, 'x': -37.249, 'yaw': 3.142}, None, None
230.01, [INFO], robot4, {'battery-level': '11.54'}, None, None
230.01, [INFO], robot4, {'y': 17.469, 'x': -36.973, 'yaw': 3.141}, None, None
240.07, [INFO], robot4, {'y': 17.272, 'x': -37.068, 'yaw': 3.141}, None, None
240.07, [INFO], robot4, {'battery-level': '11.28'}, None, None
250.03, [INFO], robot4, {'battery-level': '11.02'}, None, None
250.03, [INFO], robot4, {'y': 17.424, 'x': -36.926, 'yaw': -3.142}, None, None
260.02, [INFO], robot4, {'battery-level': '10.76'}, None, None
260.02, [INFO], robot4, {'y': 17.493, 'x': -36.879, 'yaw': 3.141}, None, None
270.08, [INFO], robot4, {'y': 17.283, 'x': -36.828, 'yaw': -3.142}, None, None
270.08, [INFO], robot4, {'battery-level': '10.50'}, None, None
280.05, [INFO], robot4, {'battery-level': '10.24'}, None, None
280.05, [INFO], robot4, {'y': 17.511, 'x': -36.882, 'yaw': 3.141}, None, None
290.04, [INFO], robot4, {'battery-level': '9.98'}, None, None
290.04, [INFO], robot4, {'y': 17.413, 'x': -36.932, 'yaw': -3.142}, None, None
300.00, [INFO], robot4, {'battery-level': '9.72'}, None, None
300.00, [INFO], robot4, {'y': 17.411, 'x': -36.933, 'yaw': 3.142}, None, None
310.05, [INFO], robot4, {'battery-level': '9.46'}, None, None
310.05, [INFO], robot4, {'y': 17.21, 'x': -36.804, 'yaw': -3.141}, None, None
315.76, [WARN], robot4, SKILL-FAILURE, navigation, navto_lab
320.05, [INFO], robot4, {'y': 17.269, 'x': -36.79, 'yaw': -3.142}, None, None
320.05, [INFO], robot4, {'battery-level': '9.20'}, None, None
