0.00, [DEBUG], logger, ROBOTS_CONFIG={'avg_speed': 0.15, 'battery_charge': 0.634952869577942, 'battery_discharge_rate': 0.0006000000000000001, 'id': 2, 'local_plan': [['navigation', ['IC Room 6', [[-19.0, 18.0, -1.57], [-19.0, 16.0], [-37.0, 16.0], [-37.0, 18.93], [-33.9, 18.93, 3.14]]], 'navto_room'], ['approach_person', ['nurse'], 'approach_nurse'], ['authenticate_person', ['nurse'], 'authenticate_nurse'], ['operate_drawer', ['open'], 'open_drawer_for_nurse'], ['send_message', ['nurse'], 'notify_nurse_of_open_drawer_for_nurse_completed'], ['wait_message', ['nurse'], 'wait_nurse_to_complete_deposit'], ['operate_drawer', ['close'], 'close_drawer_nurse'], ['navigation', ['Laboratory', [[-33.9, 18.93, 3.14], [-37.0, 18.93], [-37.0, 16.0], [-26.0, 16.0], [-26.0, 13.0, 1.57]]], 'navto_lab'], ['approach_robot', ['lab_arm'], 'approach_arm'], ['operate_drawer', ['open'], 'open_drawer_lab'], ['send_message', ['lab_arm'], 'notify_lab_arm_of_open_drawer_lab_completed'], ['wait_message', ['lab_arm'], 'wait_lab_arm_to_complete_pick_up_sample'], ['operate_drawer', ['close'], 'close_drawer_lab']], 'location': 'PC Room 6', 'name': 'r2', 'position': [-19.0, 18.0, -1.57], 'skills': ['approach_person', 'approach_robot', 'authenticate_person', 'navigation', 'operate_drawer']}, None, None
0.00, [DEBUG], logger, Simulation open, None, None
10.09, [INFO], robot2, {'battery-level': '62.96'}, None, None
10.09, [INFO], robot2, {'y': 17.588, 'x': -19.131, 'yaw': 3.138}, None, None
20.06, [INFO], robot2, {'battery-level': '62.36'}, None, None
20.06, [INFO], robot2, {'y': 16.157, 'x': -20.16, 'yaw': 3.142}, None, None
30.02, [INFO], robot2, {'battery-level': '61.76'}, None, None
30.02, [INFO], robot2, {'y': 16.159, 'x': -22.265, 'yaw': 3.142}, None, None
40.07, [INFO], robot2, {'y': 16.042, 'x': -24.386, 'yaw': -3.141}, None, None
40.07, [INFO], robot2, {'battery-level': '61.16'}, None, None
50.03, [INFO], robot2, {'y': 15.992, 'x': -26.491, 'yaw': -3.14}, None, None
50.03, [INFO], robot2, {'battery-level': '60.56'}, None, None
60.08, [INFO], robot2, {'y': 16.065, 'x': -28.614, 'yaw': 3.142}, None, None
60.08, [INFO], robot2, {'battery-level': '59.96'}, None, None
70.05, [INFO], robot2, {'y': 16.041, 'x': -30.721, 'yaw': 3.142}, None, None
70.05, [INFO], robot2, {'battery-level': '59.36'}, None, None
80.03, [INFO], robot2, {'battery-level': '58.76'}, None, None
80.03, [INFO], robot2, {'y': 15.788, 'x': -32.824, 'yaw': 3.141}, None, None
90.09, [INFO], robot2, {'y': 15.383, 'x': -34.918, 'yaw': 3.141}, None, None
90.09, [INFO], robot2, {'battery-level': '58.16'}, None, None
100.03, [INFO], robot2, {'y': 16.156, 'x': -36.694, 'yaw': -3.142}, None, None
100.03, [INFO], robot2, {'battery-level': '57.56'}, None, None
110.02, [INFO], robot2, {'y': 17.613, 'x': -36.729, 'yaw': 3.141}, None, None
110.02, [INFO], robot2, {'battery-level': '56.96'}, None, None
120.04, [INFO], robot2, {'y': 17.998, 'x': -35.859, 'yaw': 3.141}, None, None
120.04, [INFO], robot2, {'battery-level': '56.36'}, None, None
130.09, [INFO], robot2, {'y': 18.051, 'x': -35.955, 'yaw': 3.141}, None, None
130.09, [INFO], robot2, {'battery-level': '55.76'}, None, None
140.09, [INFO], robot2, {'y': 18.055, 'x': -35.952, 'yaw': 3.137}, None, None
140.09, [INFO], robot2, {'battery-level': '55.16'}, None, None
150.04, [INFO], robot2, {'y': 18.083, 'x': -35.714, 'yaw': 3.141}, None, None
150.04, [INFO], robot2, {'battery-level': '54.56'}, None, None
159.94, [INFO], robot2, {'y': 17.929, 'x': -36.025, 'yaw': -3.142}, None, None
160.04, [INFO], robot2, {'battery-level': '53.96'}, None, None
170.02, [INFO], robot2, {'y': 17.93, 'x': -36.026, 'yaw': 3.141}, None, None
170.02, [INFO], robot2, {'battery-level': '53.36'}, None, None
180.10, [INFO], robot2, {'battery-level': '52.76'}, None, None
180.10, [INFO], robot2, {'y': 18.097, 'x': -35.837, 'yaw': 3.14}, None, None
190.00, [INFO], robot2, {'y': 17.88, 'x': -35.67, 'yaw': 3.141}, None, None
190.00, [INFO], robot2, {'battery-level': '52.16'}, None, None
200.04, [INFO], robot2, {'battery-level': '51.56'}, None, None
200.04, [INFO], robot2, {'y': 18.147, 'x': -35.704, 'yaw': -3.142}, None, None
209.17, [WARN], robot2, SKILL-FAILURE, navigation, navto_room
210.00, [INFO], robot2, {'battery-level': '50.96'}, None, None
210.00, [INFO], robot2, {'y': 18.27, 'x': -35.708, 'yaw': -3.142}, None, None
220.03, [INFO], robot2, {'y': 18.268, 'x': -35.707, 'yaw': -3.142}, None, None
220.03, [INFO], robot2, {'battery-level': '50.36'}, None, None
230.02, [INFO], robot2, {'y': 18.267, 'x': -35.707, 'yaw': -3.142}, None, None
230.02, [INFO], robot2, {'battery-level': '49.76'}, None, None
