0.00, [DEBUG], logger, ROBOTS_CONFIG={'avg_speed': 0.15, 'battery_charge': 0.17496190705907763, 'battery_discharge_rate': 0.00026000000000000003, 'id': 4, 'local_plan': [['navigation', ['IC Room 6', [[-39.44, 33.95, 0.0], [-37.0, 33.95], [-37.0, 18.93], [-33.9, 18.93, 3.14]]], 'navto_room'], ['approach_person', ['nurse'], 'approach_nurse'], ['authenticate_person', ['nurse'], 'authenticate_nurse'], ['operate_drawer', ['open'], 'open_drawer_for_nurse'], ['send_message', ['nurse'], 'notify_nurse_of_open_drawer_for_nurse_completed'], ['wait_message', ['nurse'], 'wait_nurse_to_complete_deposit'], ['operate_drawer', ['close'], 'close_drawer_nurse'], ['navigation', ['Laboratory', [[-33.9, 18.93, 3.14], [-37.0, 18.93], [-37.0, 16.0], [-26.0, 16.0], [-26.0, 13.0, 1.57]]], 'navto_lab'], ['approach_robot', ['lab_arm'], 'approach_arm'], ['operate_drawer', ['open'], 'open_drawer_lab'], ['send_message', ['lab_arm'], 'notify_lab_arm_of_open_drawer_lab_completed'], ['wait_message', ['lab_arm'], 'wait_lab_arm_to_complete_pick_up_sample'], ['operate_drawer', ['close'], 'close_drawer_lab']], 'location': 'IC Room 4', 'name': 'r4', 'position': [-39.44, 33.95, 0.0], 'skills': ['approach_person', 'approach_robot', 'authenticate_person', 'navigation', 'operate_drawer']}, None, None
0.00, [DEBUG], logger, Simulation open, None, None
10.04, [INFO], robot4, {'battery-level': '17.26'}, None, None
10.04, [INFO], robot4, {'y': 34.143, 'x': -38.898, 'yaw': 3.139}, None, None
20.09, [INFO], robot4, {'battery-level': '17.00'}, None, None
20.09, [INFO], robot4, {'y': 34.016, 'x': -37.103, 'yaw': 3.139}, None, None
30.03, [INFO], robot4, {'battery-level': '16.74'}, None, None
30.03, [INFO], robot4, {'y': 31.93, 'x': -37.039, 'yaw': 3.14}, None, None
40.04, [INFO], robot4, {'y': 29.819, 'x': -37.025, 'yaw': 3.141}, None, None
40.04, [INFO], robot4, {'battery-level': '16.48'}, None, None
50.08, [INFO], robot4, {'battery-level': '16.22'}, None, None
50.08, [INFO], robot4, {'y': 27.694, 'x': -36.992, 'yaw': 3.141}, None, None
60.04, [INFO], robot4, {'battery-level': '15.96'}, None, None
60.04, [INFO], robot4, {'y': 25.592, 'x': -37.024, 'yaw': 3.142}, None, None
70.07, [INFO], robot4, {'battery-level': '15.70'}, None, None
70.07, [INFO], robot4, {'y': 23.481, 'x': -37.001, 'yaw': -3.142}, None, None
79.92, [INFO], robot4, {'y': 21.393, 'x': -37.141, 'yaw': 3.142}, None, None
80.02, [INFO], robot4, {'battery-level': '15.44'}, None, None
90.06, [INFO], robot4, {'battery-level': '15.18'}, None, None
90.06, [INFO], robot4, {'y': 19.257, 'x': -37.056, 'yaw': 3.142}, None, None
100.08, [INFO], robot4, {'battery-level': '14.92'}, None, None
100.08, [INFO], robot4, {'y': 17.728, 'x': -35.575, 'yaw': 3.141}, None, None
110.08, [INFO], robot4, {'battery-level': '14.66'}, None, None
110.08, [INFO], robot4, {'y': 18.827, 'x': -34.018, 'yaw': -3.142}, None, None
117.33, [info], nurse, sync, received-request, (status=sending-request)
117.33, [info], nurse, sync, request-sent, (status=waiting)
117.33, [info], nurse, sync, wait-message, (status=message-received)
120.03, [INFO], robot4, {'battery-level': '14.40'}, None, None
120.03, [INFO], robot4, {'y': 18.885, 'x': -34.203, 'yaw': 3.142}, None, None
130.07, [INFO], robot4, {'y': 17.804, 'x': -35.789, 'yaw': 3.138}, None, None
130.07, [INFO], robot4, {'battery-level': '14.14'}, None, None
140.09, [INFO], robot4, {'battery-level': '13.88'}, None, None
140.09, [INFO], robot4, {'y': 17.307, 'x': -37.045, 'yaw': 3.14}, None, None
150.00, [INFO], robot4, {'battery-level': '13.62'}, None, None
150.00, [INFO], robot4, {'y': 17.4, 'x': -36.85, 'yaw': 3.14}, None, None
160.02, [INFO], robot4, {'battery-level': '13.36'}, None, None
160.02, [INFO], robot4, {'y': 17.396, 'x': -36.832, 'yaw': 3.141}, None, None
170.02, [INFO], robot4, {'y': 17.428, 'x': -36.961, 'yaw': 3.141}, None, None
170.02, [INFO], robot4, {'battery-level': '13.10'}, None, None
180.03, [INFO], robot4, {'battery-level': '12.84'}, None, None
180.03, [INFO], robot4, {'y': 17.435, 'x': -37.102, 'yaw': -3.141}, None, None
190.07, [INFO], robot4, {'battery-level': '12.58'}, None, None
190.07, [INFO], robot4, {'y': 17.372, 'x': -36.726, 'yaw': 3.141}, None, None
200.09, [INFO], robot4, {'y': 17.461, 'x': -37.014, 'yaw': 3.141}, None, None
200.09, [INFO], robot4, {'battery-level': '12.32'}, None, None
210.09, [INFO], robot4, {'battery-level': '12.06'}, None, None
210.09, [INFO], robot4, {'y': 17.47, 'x': -36.984, 'yaw': 3.142}, None, None
220.02, [INFO], robot4, {'battery-level': '11.80'}, None, None
220.02, [INFO], robot4, {'y': 17.292, 'x': -36.953, 'yaw': -3.141}, None, None
230.04, [INFO], robot4, {'y': 17.272, 'x': -36.829, 'yaw': -3.141}, None, None
230.04, [INFO], robot4, {'battery-level': '11.54'}, None, None
240.03, [INFO], robot4, {'battery-level': '11.28'}, None, None
240.03, [INFO], robot4, {'y': 17.438, 'x': -37.059, 'yaw': 3.142}, None, None
250.01, [INFO], robot4, {'battery-level': '11.02'}, None, None
250.01, [INFO], robot4, {'y': 17.27, 'x': -36.818, 'yaw': -3.142}, None, None
260.02, [INFO], robot4, {'battery-level': '10.76'}, None, None
260.02, [INFO], robot4, {'y': 17.408, 'x': -36.89, 'yaw': -3.142}, None, None
270.06, [INFO], robot4, {'battery-level': '10.50'}, None, None
270.06, [INFO], robot4, {'y': 17.292, 'x': -37.132, 'yaw': -3.141}, None, None
280.09, [INFO], robot4, {'battery-level': '10.24'}, None, None
280.09, [INFO], robot4, {'y': 17.32, 'x': -37.014, 'yaw': -3.142}, None, None
290.10, [INFO], robot4, {'y': 17.299, 'x': -36.916, 'yaw': 3.141}, None, None
290.10, [INFO], robot4, {'battery-level': '9.98'}, None, None
300.05, [INFO], robot4, {'y': 17.254, 'x': -37.116, 'yaw': -3.141}, None, None
300.05, [INFO], robot4, {'battery-level': '9.72'}, None, None
304.10, [WARN], robot4, SKILL-FAILURE, navigation, navto_lab
310.09, [INFO], robot4, {'battery-level': '9.46'}, None, None
310.09, [INFO], robot4, {'y': 17.344, 'x': -36.868, 'yaw': 3.142}, None, None
320.04, [INFO], robot4, {'y': 17.344, 'x': -36.868, 'yaw': 3.142}, None, None
320.04, [INFO], robot4, {'battery-level': '9.20'}, None, None
