0.13, [DEBUG], logger, ROBOTS_CONFIG={'avg_speed': 0.15, 'battery_charge': 0.6520875066754872, 'battery_discharge_rate': 0.0006000000000000001, 'id': 4, 'local_plan': [['navigation', ['IC Room 6', [[-39.44, 33.95, 0.0], [-37.0, 33.95], [-37.0, 18.93], [-33.9, 18.93, 3.14]]], 'navto_room'], ['approach_person', ['nurse'], 'approach_nurse'], ['authenticate_person', ['nurse'], 'authenticate_nurse'], ['operate_drawer', ['open'], 'open_drawer_for_nurse'], ['send_message', ['nurse'], 'notify_nurse_of_open_drawer_for_nurse_completed'], ['wait_message', ['nurse'], 'wait_nurse_to_complete_deposit'], ['operate_drawer', ['close'], 'close_drawer_nurse'], ['navigation', ['Laboratory', [[-33.9, 18.93, 3.14], [-37.0, 18.93], [-37.0, 16.0], [-26.0, 16.0], [-26.0, 13.0, 1.57]]], 'navto_lab'], ['approach_robot', ['lab_arm'], 'approach_arm'], ['operate_drawer', ['open'], 'open_drawer_lab'], ['send_message', ['lab_arm'], 'notify_lab_arm_of_open_drawer_lab_completed'], ['wait_message', ['lab_arm'], 'wait_lab_arm_to_complete_pick_up_sample'], ['operate_drawer', ['close'], 'close_drawer_lab']], 'location': 'IC Room 4', 'name': 'r4', 'position': [-39.44, 33.95, 0.0], 'skills': ['approach_person', 'approach_robot', 'authenticate_person', 'navigation', 'operate_drawer']}, None, None
0.13, [DEBUG], logger, Simulation open, None, None
10.08, [INFO], robot4, {'y': 34.011, 'x': -39.144, 'yaw': 3.14}, None, None
10.08, [INFO], robot4, {'battery-level': '64.67'}, None, None
20.05, [INFO], robot4, {'battery-level': '64.07'}, None, None
20.05, [INFO], robot4, {'y': 34.314, 'x': -37.239, 'yaw': -3.142}, None, None
30.09, [INFO], robot4, {'y': 32.234, 'x': -37.046, 'yaw': 3.141}, None, None
30.09, [INFO], robot4, {'battery-level': '63.47'}, None, None
40.04, [INFO], robot4, {'battery-level': '62.87'}, None, None
40.04, [INFO], robot4, {'y': 30.129, 'x': -36.994, 'yaw': 3.141}, None, None
50.01, [INFO], robot4, {'battery-level': '62.27'}, None, None
50.01, [INFO], robot4, {'y': 28.021, 'x': -36.974, 'yaw': 3.141}, None, None
60.10, [INFO], robot4, {'battery-level': '61.67'}, None, None
60.10, [INFO], robot4, {'y': 25.886, 'x': -37.007, 'yaw': 3.141}, None, None
70.06, [INFO], robot4, {'battery-level': '61.07'}, None, None
70.06, [INFO], robot4, {'y': 23.787, 'x': -37.048, 'yaw': 3.14}, None, None
80.06, [INFO], robot4, {'y': 21.671, 'x': -37.178, 'yaw': -3.141}, None, None
80.06, [INFO], robot4, {'battery-level': '60.47'}, None, None
90.01, [INFO], robot4, {'battery-level': '59.87'}, None, None
90.01, [INFO], robot4, {'y': 19.577, 'x': -37.134, 'yaw': 3.142}, None, None
100.03, [INFO], robot4, {'y': 17.875, 'x': -35.869, 'yaw': 3.141}, None, None
100.03, [INFO], robot4, {'battery-level': '59.27'}, None, None
110.08, [INFO], robot4, {'y': 18.627, 'x': -34.17, 'yaw': -3.142}, None, None
110.08, [INFO], robot4, {'battery-level': '58.67'}, None, None
120.03, [INFO], robot4, {'battery-level': '58.07'}, None, None
120.03, [INFO], robot4, {'y': 18.956, 'x': -33.941, 'yaw': -3.142}, None, None
121.47, [info], nurse, sync, received-request, (status=sending-request)
121.47, [info], nurse, sync, request-sent, (status=waiting)
121.47, [info], nurse, sync, wait-message, (status=message-received)
130.07, [INFO], robot4, {'y': 17.836, 'x': -34.87, 'yaw': -3.142}, None, None
130.07, [INFO], robot4, {'battery-level': '57.47'}, None, None
140.01, [INFO], robot4, {'y': 17.982, 'x': -36.104, 'yaw': -3.142}, None, None
140.01, [INFO], robot4, {'battery-level': '56.87'}, None, None
150.04, [INFO], robot4, {'y': 18.066, 'x': -36.201, 'yaw': 3.142}, None, None
150.04, [INFO], robot4, {'battery-level': '56.27'}, None, None
160.09, [INFO], robot4, {'battery-level': '55.67'}, None, None
160.09, [INFO], robot4, {'y': 17.83, 'x': -36.548, 'yaw': 3.141}, None, None
170.00, [INFO], robot4, {'y': 17.428, 'x': -37.082, 'yaw': 3.141}, None, None
170.00, [INFO], robot4, {'battery-level': '55.07'}, None, None
180.05, [INFO], robot4, {'battery-level': '54.47'}, None, None
180.05, [INFO], robot4, {'y': 17.366, 'x': -37.012, 'yaw': -3.141}, None, None
190.02, [INFO], robot4, {'battery-level': '53.87'}, None, None
190.02, [INFO], robot4, {'y': 17.342, 'x': -37.025, 'yaw': 3.142}, None, None
200.08, [INFO], robot4, {'y': 17.433, 'x': -37.084, 'yaw': -3.141}, None, None
200.08, [INFO], robot4, {'battery-level': '53.27'}, None, None
210.03, [INFO], robot4, {'y': 17.376, 'x': -37.047, 'yaw': -3.142}, None, None
210.03, [INFO], robot4, {'battery-level': '52.67'}, None, None
220.08, [INFO], robot4, {'battery-level': '52.07'}, None, None
220.08, [INFO], robot4, {'y': 17.47, 'x': -36.879, 'yaw': 3.141}, None, None
230.06, [INFO], robot4, {'battery-level': '51.47'}, None, None
230.06, [INFO], robot4, {'y': 17.234, 'x': -37.104, 'yaw': -3.141}, None, None
240.01, [INFO], robot4, {'battery-level': '50.87'}, None, None
240.01, [INFO], robot4, {'y': 17.166, 'x': -37.026, 'yaw': 3.141}, None, None
250.06, [INFO], robot4, {'y': 17.495, 'x': -36.947, 'yaw': -3.141}, None, None
250.06, [INFO], robot4, {'battery-level': '50.27'}, None, None
260.03, [INFO], robot4, {'battery-level': '49.67'}, None, None
260.03, [INFO], robot4, {'y': 17.285, 'x': -37.038, 'yaw': 3.141}, None, None
270.05, [INFO], robot4, {'battery-level': '49.07'}, None, None
270.05, [INFO], robot4, {'y': 17.27, 'x': -36.917, 'yaw': 3.14}, None, None
280.00, [INFO], robot4, {'battery-level': '48.47'}, None, None
280.00, [INFO], robot4, {'y': 17.352, 'x': -36.863, 'yaw': 3.142}, None, None
290.07, [INFO], robot4, {'battery-level': '47.87'}, None, None
290.07, [INFO], robot4, {'y': 17.375, 'x': -36.999, 'yaw': -3.141}, None, None
300.05, [INFO], robot4, {'battery-level': '47.27'}, None, None
300.05, [INFO], robot4, {'y': 17.167, 'x': -36.817, 'yaw': -3.141}, None, None
304.37, [WARN], robot4, SKILL-FAILURE, navigation, navto_lab
310.09, [INFO], robot4, {'y': 17.275, 'x': -36.986, 'yaw': -3.142}, None, None
310.09, [INFO], robot4, {'battery-level': '46.67'}, None, None
320.07, [INFO], robot4, {'y': 17.275, 'x': -36.987, 'yaw': -3.142}, None, None
320.07, [INFO], robot4, {'battery-level': '46.07'}, None, None
