0.00, [INFO], robot4, {'battery-level': '65.21'}, None, None
0.16, [DEBUG], logger, ROBOTS_CONFIG={'avg_speed': 0.15, 'battery_charge': 0.6520875066754872, 'battery_discharge_rate': 0.0006000000000000001, 'id': 4, 'local_plan': [['navigation', ['IC Room 2', [[-32.88, 33.98, 3.14], [-37.0, 33.98], [-37.0, 21.5], [-38.0, 21.5, 0.0]]], 'navto_room'], ['approach_person', ['nurse'], 'approach_nurse'], ['authenticate_person', ['nurse'], 'authenticate_nurse'], ['operate_drawer', ['open'], 'open_drawer_for_nurse'], ['send_message', ['nurse'], 'notify_nurse_of_open_drawer_for_nurse_completed'], ['wait_message', ['nurse'], 'wait_nurse_to_complete_deposit'], ['operate_drawer', ['close'], 'close_drawer_nurse'], ['navigation', ['Laboratory', [[-38.0, 21.5, 0.0], [-37.0, 21.5], [-37.0, 16.0], [-26.0, 16.0], [-26.0, 13.0, 1.57]]], 'navto_lab'], ['approach_robot', ['lab_arm'], 'approach_arm'], ['operate_drawer', ['open'], 'open_drawer_lab'], ['send_message', ['lab_arm'], 'notify_lab_arm_of_open_drawer_lab_completed'], ['wait_message', ['lab_arm'], 'wait_lab_arm_to_complete_pick_up_sample'], ['operate_drawer', ['close'], 'close_drawer_lab']], 'location': 'IC Room 5', 'name': 'r4', 'position': [-32.88, 33.98, 3.14], 'skills': ['approach_person', 'approach_robot', 'authenticate_person', 'navigation', 'operate_drawer']}, None, None
0.16, [DEBUG], logger, Simulation open, None, None
10.01, [INFO], robot4, {'battery-level': '64.67'}, None, None
10.01, [INFO], robot4, {'y': 34.097, 'x': -33.282, 'yaw': 3.141}, None, None
20.08, [INFO], robot4, {'battery-level': '64.07'}, None, None
20.08, [INFO], robot4, {'y': 34.772, 'x': -35.301, 'yaw': -3.141}, None, None
30.05, [INFO], robot4, {'battery-level': '63.47'}, None, None
30.05, [INFO], robot4, {'y': 33.646, 'x': -37.006, 'yaw': 3.141}, None, None
40.08, [INFO], robot4, {'battery-level': '62.87'}, None, None
40.08, [INFO], robot4, {'y': 31.522, 'x': -36.935, 'yaw': -3.142}, None, None
50.05, [INFO], robot4, {'y': 29.422, 'x': -36.96, 'yaw': -3.141}, None, None
50.05, [INFO], robot4, {'battery-level': '62.27'}, None, None
60.09, [INFO], robot4, {'y': 27.306, 'x': -36.938, 'yaw': 3.142}, None, None
60.09, [INFO], robot4, {'battery-level': '61.67'}, None, None
70.05, [INFO], robot4, {'battery-level': '61.07'}, None, None
70.05, [INFO], robot4, {'y': 25.207, 'x': -36.999, 'yaw': 3.142}, None, None
80.02, [INFO], robot4, {'battery-level': '60.47'}, None, None
80.02, [INFO], robot4, {'y': 23.099, 'x': -37.031, 'yaw': 3.141}, None, None
89.92, [INFO], robot4, {'y': 21.384, 'x': -37.742, 'yaw': 3.142}, None, None
90.02, [INFO], robot4, {'battery-level': '59.87'}, None, None
100.01, [INFO], robot4, {'battery-level': '59.27'}, None, None
100.01, [INFO], robot4, {'y': 21.4, 'x': -38.067, 'yaw': 3.136}, None, None
110.08, [INFO], robot4, {'y': 21.4, 'x': -38.07, 'yaw': 3.136}, None, None
110.08, [INFO], robot4, {'battery-level': '58.67'}, None, None
120.07, [INFO], robot4, {'battery-level': '58.07'}, None, None
120.07, [INFO], robot4, {'y': 21.4, 'x': -38.071, 'yaw': 3.136}, None, None
130.04, [INFO], robot4, {'y': 21.399, 'x': -38.071, 'yaw': 3.137}, None, None
130.04, [INFO], robot4, {'battery-level': '57.47'}, None, None
140.09, [INFO], robot4, {'battery-level': '56.87'}, None, None
140.09, [INFO], robot4, {'y': 21.399, 'x': -38.073, 'yaw': 3.138}, None, None
150.06, [INFO], robot4, {'y': 21.399, 'x': -38.074, 'yaw': 3.141}, None, None
150.06, [INFO], robot4, {'battery-level': '56.27'}, None, None
160.05, [INFO], robot4, {'battery-level': '55.67'}, None, None
160.05, [INFO], robot4, {'y': 21.399, 'x': -38.074, 'yaw': -3.142}, None, None
170.02, [INFO], robot4, {'battery-level': '55.07'}, None, None
170.02, [INFO], robot4, {'y': 21.399, 'x': -38.074, 'yaw': 3.142}, None, None
180.00, [INFO], robot4, {'battery-level': '54.47'}, None, None
180.00, [INFO], robot4, {'y': 21.399, 'x': -38.074, 'yaw': -3.142}, None, None
190.06, [INFO], robot4, {'battery-level': '53.87'}, None, None
190.06, [INFO], robot4, {'y': 21.399, 'x': -38.074, 'yaw': -3.142}, None, None
200.03, [INFO], robot4, {'battery-level': '53.27'}, None, None
200.03, [INFO], robot4, {'y': 21.399, 'x': -38.074, 'yaw': 3.142}, None, None
210.02, [INFO], robot4, {'battery-level': '52.67'}, None, None
210.02, [INFO], robot4, {'y': 21.399, 'x': -38.074, 'yaw': -3.142}, None, None
220.01, [INFO], robot4, {'y': 21.399, 'x': -38.074, 'yaw': 3.142}, None, None
220.01, [INFO], robot4, {'battery-level': '52.07'}, None, None
230.00, [INFO], robot4, {'y': 21.399, 'x': -38.074, 'yaw': 3.142}, None, None
230.00, [INFO], robot4, {'battery-level': '51.47'}, None, None
240.05, [INFO], robot4, {'battery-level': '50.87'}, None, None
240.05, [INFO], robot4, {'y': 21.399, 'x': -38.074, 'yaw': -3.142}, None, None
250.03, [INFO], robot4, {'battery-level': '50.27'}, None, None
250.03, [INFO], robot4, {'y': 21.399, 'x': -38.074, 'yaw': -3.142}, None, None
260.01, [INFO], robot4, {'y': 21.399, 'x': -38.074, 'yaw': 3.142}, None, None
260.01, [INFO], robot4, {'battery-level': '49.67'}, None, None
270.09, [INFO], robot4, {'y': 21.399, 'x': -38.074, 'yaw': 3.142}, None, None
270.09, [INFO], robot4, {'battery-level': '49.07'}, None, None
280.08, [INFO], robot4, {'y': 21.399, 'x': -38.074, 'yaw': -3.142}, None, None
280.08, [INFO], robot4, {'battery-level': '48.47'}, None, None
290.06, [INFO], robot4, {'y': 21.399, 'x': -38.074, 'yaw': -3.142}, None, None
290.06, [INFO], robot4, {'battery-level': '47.87'}, None, None
300.04, [INFO], robot4, {'battery-level': '47.27'}, None, None
300.04, [INFO], robot4, {'y': 21.399, 'x': -38.074, 'yaw': -3.142}, None, None
310.04, [INFO], robot4, {'y': 21.399, 'x': -38.074, 'yaw': 3.142}, None, None
310.04, [INFO], robot4, {'battery-level': '46.67'}, None, None
320.02, [INFO], robot4, {'battery-level': '46.07'}, None, None
320.02, [INFO], robot4, {'y': 21.399, 'x': -38.075, 'yaw': -3.142}, None, None
330.03, [INFO], robot4, {'battery-level': '45.47'}, None, None
330.03, [INFO], robot4, {'y': 21.399, 'x': -38.075, 'yaw': 3.142}, None, None
340.04, [INFO], robot4, {'battery-level': '44.87'}, None, None
340.04, [INFO], robot4, {'y': 21.399, 'x': -38.075, 'yaw': -3.142}, None, None
349.93, [INFO], robot4, {'y': 21.399, 'x': -38.075, 'yaw': 3.142}, None, None
350.02, [INFO], robot4, {'battery-level': '44.27'}, None, None
360.07, [INFO], robot4, {'battery-level': '43.67'}, None, None
360.07, [INFO], robot4, {'y': 21.399, 'x': -38.075, 'yaw': 3.142}, None, None
370.06, [INFO], robot4, {'y': 21.399, 'x': -38.075, 'yaw': -3.142}, None, None
370.06, [INFO], robot4, {'battery-level': '43.07'}, None, None
380.06, [INFO], robot4, {'battery-level': '42.47'}, None, None
380.06, [INFO], robot4, {'y': 21.399, 'x': -38.075, 'yaw': 3.142}, None, None
390.05, [INFO], robot4, {'battery-level': '41.87'}, None, None
390.05, [INFO], robot4, {'y': 21.399, 'x': -38.075, 'yaw': -3.142}, None, None
400.05, [INFO], robot4, {'y': 21.399, 'x': -38.075, 'yaw': -3.142}, None, None
400.05, [INFO], robot4, {'battery-level': '41.27'}, None, None
410.04, [INFO], robot4, {'battery-level': '40.67'}, None, None
410.04, [INFO], robot4, {'y': 21.399, 'x': -38.075, 'yaw': 3.142}, None, None
420.04, [INFO], robot4, {'battery-level': '40.07'}, None, None
420.04, [INFO], robot4, {'y': 21.399, 'x': -38.075, 'yaw': -3.142}, None, None
430.02, [INFO], robot4, {'battery-level': '39.47'}, None, None
430.02, [INFO], robot4, {'y': 21.399, 'x': -38.075, 'yaw': -3.142}, None, None
440.08, [INFO], robot4, {'battery-level': '38.87'}, None, None
440.08, [INFO], robot4, {'y': 21.399, 'x': -38.075, 'yaw': -3.142}, None, None
450.07, [INFO], robot4, {'y': 21.399, 'x': -38.075, 'yaw': -3.142}, None, None
450.07, [INFO], robot4, {'battery-level': '38.27'}, None, None
460.06, [INFO], robot4, {'battery-level': '37.67'}, None, None
460.06, [INFO], robot4, {'y': 21.399, 'x': -38.075, 'yaw': 3.142}, None, None
470.06, [INFO], robot4, {'battery-level': '37.07'}, None, None
470.06, [INFO], robot4, {'y': 21.399, 'x': -38.075, 'yaw': 3.142}, None, None
480.02, [INFO], robot4, {'y': 21.399, 'x': -38.075, 'yaw': -3.142}, None, None
480.02, [INFO], robot4, {'battery-level': '36.47'}, None, None
490.00, [INFO], robot4, {'battery-level': '35.87'}, None, None
490.00, [INFO], robot4, {'y': 21.399, 'x': -38.075, 'yaw': 3.142}, None, None
500.05, [INFO], robot4, {'y': 21.399, 'x': -38.075, 'yaw': 3.142}, None, None
500.05, [INFO], robot4, {'battery-level': '35.27'}, None, None
510.02, [INFO], robot4, {'y': 21.399, 'x': -38.075, 'yaw': -3.142}, None, None
510.02, [INFO], robot4, {'battery-level': '34.67'}, None, None
520.02, [INFO], robot4, {'battery-level': '34.07'}, None, None
520.02, [INFO], robot4, {'y': 21.399, 'x': -38.075, 'yaw': -3.142}, None, None
530.02, [INFO], robot4, {'y': 21.398, 'x': -38.075, 'yaw': -3.142}, None, None
530.02, [INFO], robot4, {'battery-level': '33.47'}, None, None
540.02, [INFO], robot4, {'y': 21.398, 'x': -38.075, 'yaw': -3.142}, None, None
540.02, [INFO], robot4, {'battery-level': '32.87'}, None, None
549.92, [INFO], robot4, {'battery-level': '32.27'}, None, None
550.01, [INFO], robot4, {'y': 21.398, 'x': -38.075, 'yaw': 3.142}, None, None
560.09, [INFO], robot4, {'y': 21.398, 'x': -38.075, 'yaw': -3.142}, None, None
560.09, [INFO], robot4, {'battery-level': '31.67'}, None, None
570.07, [INFO], robot4, {'y': 21.398, 'x': -38.075, 'yaw': -3.142}, None, None
570.07, [INFO], robot4, {'battery-level': '31.07'}, None, None
580.03, [INFO], robot4, {'y': 21.398, 'x': -38.075, 'yaw': 3.142}, None, None
580.03, [INFO], robot4, {'battery-level': '30.47'}, None, None
590.09, [INFO], robot4, {'battery-level': '29.87'}, None, None
590.09, [INFO], robot4, {'y': 21.398, 'x': -38.075, 'yaw': -3.142}, None, None
600.04, [INFO], robot4, {'y': 21.398, 'x': -38.075, 'yaw': -3.142}, None, None
600.04, [INFO], robot4, {'battery-level': '29.27'}, None, None
610.04, [INFO], robot4, {'battery-level': '28.67'}, None, None
610.04, [INFO], robot4, {'y': 21.398, 'x': -38.075, 'yaw': 3.142}, None, None
620.09, [INFO], robot4, {'battery-level': '28.07'}, None, None
620.09, [INFO], robot4, {'y': 21.398, 'x': -38.075, 'yaw': -3.142}, None, None
630.07, [INFO], robot4, {'battery-level': '27.47'}, None, None
630.07, [INFO], robot4, {'y': 21.398, 'x': -38.075, 'yaw': 3.142}, None, None
640.05, [INFO], robot4, {'battery-level': '26.87'}, None, None
640.05, [INFO], robot4, {'y': 21.398, 'x': -38.075, 'yaw': -3.142}, None, None
650.05, [INFO], robot4, {'battery-level': '26.27'}, None, None
650.05, [INFO], robot4, {'y': 21.398, 'x': -38.076, 'yaw': 3.142}, None, None
659.93, [INFO], robot4, {'battery-level': '25.67'}, None, None
660.03, [INFO], robot4, {'y': 21.398, 'x': -38.076, 'yaw': -3.142}, None, None
670.01, [INFO], robot4, {'battery-level': '25.07'}, None, None
670.01, [INFO], robot4, {'y': 21.398, 'x': -38.076, 'yaw': -3.142}, None, None
680.00, [INFO], robot4, {'y': 21.398, 'x': -38.076, 'yaw': 3.142}, None, None
680.00, [INFO], robot4, {'battery-level': '24.47'}, None, None
690.07, [INFO], robot4, {'battery-level': '23.87'}, None, None
690.07, [INFO], robot4, {'y': 21.398, 'x': -38.076, 'yaw': -3.142}, None, None
700.08, [INFO], robot4, {'battery-level': '23.27'}, None, None
700.08, [INFO], robot4, {'y': 21.398, 'x': -38.076, 'yaw': -3.142}, None, None
710.08, [INFO], robot4, {'y': 21.398, 'x': -38.076, 'yaw': 3.142}, None, None
710.08, [INFO], robot4, {'battery-level': '22.67'}, None, None
720.07, [INFO], robot4, {'y': 21.398, 'x': -38.076, 'yaw': -3.142}, None, None
720.07, [INFO], robot4, {'battery-level': '22.07'}, None, None
730.03, [INFO], robot4, {'y': 21.398, 'x': -38.076, 'yaw': -3.142}, None, None
730.03, [INFO], robot4, {'battery-level': '21.47'}, None, None
740.07, [INFO], robot4, {'battery-level': '20.87'}, None, None
740.07, [INFO], robot4, {'y': 21.398, 'x': -38.076, 'yaw': 3.142}, None, None
750.03, [INFO], robot4, {'battery-level': '20.27'}, None, None
750.03, [INFO], robot4, {'y': 21.398, 'x': -38.076, 'yaw': -3.142}, None, None
760.02, [INFO], robot4, {'y': 21.398, 'x': -38.076, 'yaw': -3.142}, None, None
760.02, [INFO], robot4, {'battery-level': '19.67'}, None, None
770.01, [INFO], robot4, {'battery-level': '19.07'}, None, None
770.01, [INFO], robot4, {'y': 21.398, 'x': -38.076, 'yaw': 3.142}, None, None
780.08, [INFO], robot4, {'battery-level': '18.47'}, None, None
780.08, [INFO], robot4, {'y': 21.398, 'x': -38.076, 'yaw': 3.142}, None, None
790.07, [INFO], robot4, {'battery-level': '17.87'}, None, None
790.07, [INFO], robot4, {'y': 21.398, 'x': -38.076, 'yaw': 3.142}, None, None
800.03, [INFO], robot4, {'battery-level': '17.27'}, None, None
800.03, [INFO], robot4, {'y': 21.398, 'x': -38.076, 'yaw': 3.142}, None, None
810.01, [INFO], robot4, {'battery-level': '16.67'}, None, None
810.01, [INFO], robot4, {'y': 21.398, 'x': -38.076, 'yaw': -3.142}, None, None
820.09, [INFO], robot4, {'y': 21.398, 'x': -38.076, 'yaw': -3.142}, None, None
820.09, [INFO], robot4, {'battery-level': '16.07'}, None, None
830.07, [INFO], robot4, {'battery-level': '15.47'}, None, None
830.07, [INFO], robot4, {'y': 21.398, 'x': -38.076, 'yaw': -3.142}, None, None
840.05, [INFO], robot4, {'battery-level': '14.87'}, None, None
840.05, [INFO], robot4, {'y': 21.398, 'x': -38.076, 'yaw': -3.142}, None, None

[WARN], logger, TIMEOUT, None, None
