0.13, [DEBUG], logger, ROBOTS_CONFIG={'avg_speed': 0.15, 'battery_charge': 0.8344531419634984, 'battery_discharge_rate': 0.00054, 'id': 2, 'local_plan': [['navigation', ['IC Room 2', [[-19.0, 18.0, -1.57], [-19.0, 16.0], [-37.0, 16.0], [-37.0, 21.5], [-38.0, 21.5, 0.0]]], 'navto_room'], ['approach_person', ['nurse'], 'approach_nurse'], ['authenticate_person', ['nurse'], 'authenticate_nurse'], ['operate_drawer', ['open'], 'open_drawer_for_nurse'], ['send_message', ['nurse'], 'notify_nurse_of_open_drawer_for_nurse_completed'], ['wait_message', ['nurse'], 'wait_nurse_to_complete_deposit'], ['operate_drawer', ['close'], 'close_drawer_nurse'], ['navigation', ['Laboratory', [[-38.0, 21.5, 0.0], [-37.0, 21.5], [-37.0, 16.0], [-26.0, 16.0], [-26.0, 13.0, 1.57]]], 'navto_lab'], ['approach_robot', ['lab_arm'], 'approach_arm'], ['operate_drawer', ['open'], 'open_drawer_lab'], ['send_message', ['lab_arm'], 'notify_lab_arm_of_open_drawer_lab_completed'], ['wait_message', ['lab_arm'], 'wait_lab_arm_to_complete_pick_up_sample'], ['operate_drawer', ['close'], 'close_drawer_lab']], 'location': 'PC Room 6', 'name': 'r2', 'position': [-19.0, 18.0, -1.57], 'skills': ['approach_person', 'approach_robot', 'authenticate_person', 'navigation', 'operate_drawer']}, None, None
0.13, [DEBUG], logger, Simulation open, None, None
10.05, [INFO], robot2, {'y': 17.545, 'x': -19.156, 'yaw': 3.142}, None, None
10.05, [INFO], robot2, {'battery-level': '82.96'}, None, None
20.00, [INFO], robot2, {'y': 16.207, 'x': -20.186, 'yaw': 3.141}, None, None
20.00, [INFO], robot2, {'battery-level': '82.42'}, None, None
30.08, [INFO], robot2, {'y': 16.184, 'x': -22.314, 'yaw': -3.138}, None, None
30.08, [INFO], robot2, {'battery-level': '81.88'}, None, None
40.03, [INFO], robot2, {'y': 16.138, 'x': -24.409, 'yaw': 3.14}, None, None
40.03, [INFO], robot2, {'battery-level': '81.34'}, None, None
50.03, [INFO], robot2, {'battery-level': '80.80'}, None, None
50.03, [INFO], robot2, {'y': 16.129, 'x': -26.508, 'yaw': -3.14}, None, None
60.06, [INFO], robot2, {'battery-level': '80.26'}, None, None
60.06, [INFO], robot2, {'y': 16.225, 'x': -28.629, 'yaw': 3.142}, None, None
70.05, [INFO], robot2, {'y': 16.143, 'x': -30.73, 'yaw': 3.141}, None, None
70.05, [INFO], robot2, {'battery-level': '79.72'}, None, None
80.01, [INFO], robot2, {'y': 15.84, 'x': -32.832, 'yaw': -3.141}, None, None
80.01, [INFO], robot2, {'battery-level': '79.18'}, None, None
90.06, [INFO], robot2, {'y': 15.395, 'x': -34.921, 'yaw': 3.142}, None, None
90.06, [INFO], robot2, {'battery-level': '78.64'}, None, None
99.92, [INFO], robot2, {'battery-level': '78.10'}, None, None
99.92, [INFO], robot2, {'y': 15.936, 'x': -36.911, 'yaw': -3.142}, None, None
110.00, [INFO], robot2, {'y': 18.042, 'x': -36.927, 'yaw': 3.141}, None, None
110.00, [INFO], robot2, {'battery-level': '77.56'}, None, None
120.04, [INFO], robot2, {'battery-level': '77.02'}, None, None
120.04, [INFO], robot2, {'y': 20.166, 'x': -36.902, 'yaw': 3.141}, None, None
130.04, [INFO], robot2, {'battery-level': '76.48'}, None, None
130.04, [INFO], robot2, {'y': 21.568, 'x': -37.894, 'yaw': 3.142}, None, None
140.09, [INFO], robot2, {'battery-level': '75.94'}, None, None
140.09, [INFO], robot2, {'y': 21.449, 'x': -38.075, 'yaw': 3.142}, None, None
143.62, [info], nurse, sync, received-request, (status=sending-request)
143.62, [info], nurse, sync, request-sent, (status=waiting)
143.62, [info], nurse, sync, wait-message, (status=message-received)
150.09, [INFO], robot2, {'battery-level': '75.40'}, None, None
150.09, [INFO], robot2, {'y': 21.012, 'x': -37.213, 'yaw': -3.142}, None, None
160.09, [INFO], robot2, {'battery-level': '74.86'}, None, None
160.09, [INFO], robot2, {'y': 18.898, 'x': -37.115, 'yaw': 3.142}, None, None
170.04, [INFO], robot2, {'y': 16.792, 'x': -37.051, 'yaw': 3.14}, None, None
170.04, [INFO], robot2, {'battery-level': '74.32'}, None, None
180.01, [INFO], robot2, {'y': 15.654, 'x': -35.461, 'yaw': -3.142}, None, None
180.01, [INFO], robot2, {'battery-level': '73.78'}, None, None
190.07, [INFO], robot2, {'y': 15.414, 'x': -33.349, 'yaw': -3.141}, None, None
190.07, [INFO], robot2, {'battery-level': '73.24'}, None, None
200.05, [INFO], robot2, {'y': 15.488, 'x': -31.234, 'yaw': -3.142}, None, None
200.05, [INFO], robot2, {'battery-level': '72.70'}, None, None
210.01, [INFO], robot2, {'battery-level': '72.16'}, None, None
210.01, [INFO], robot2, {'y': 15.712, 'x': -29.143, 'yaw': 3.141}, None, None
220.09, [INFO], robot2, {'battery-level': '71.62'}, None, None
220.09, [INFO], robot2, {'y': 15.803, 'x': -27.024, 'yaw': 3.139}, None, None
230.04, [INFO], robot2, {'y': 14.417, 'x': -25.748, 'yaw': -3.142}, None, None
230.04, [INFO], robot2, {'battery-level': '71.08'}, None, None
240.08, [INFO], robot2, {'battery-level': '70.54'}, None, None
240.08, [INFO], robot2, {'y': 12.922, 'x': -25.938, 'yaw': 3.142}, None, None
247.11, [info], lab_arm, sync, wait-message, (status=message-received)
248.09, [WARN], robot2, SUCCESS, None, None
250.03, [INFO], robot2, {'y': 12.892, 'x': -25.959, 'yaw': -3.142}, None, None
250.03, [INFO], robot2, {'battery-level': '70.00'}, None, None
260.00, [INFO], robot2, {'battery-level': '69.46'}, None, None
260.00, [INFO], robot2, {'y': 12.892, 'x': -25.959, 'yaw': 3.142}, None, None
