0.00, [INFO], robot2, {'battery-level': '63.50'}, None, None
0.18, [DEBUG], logger, ROBOTS_CONFIG={'avg_speed': 0.15, 'battery_charge': 0.634952869577942, 'battery_discharge_rate': 0.00054, 'id': 2, 'local_plan': [['navigation', ['IC Room 2', [[-19.0, 18.0, -1.57], [-19.0, 16.0], [-37.0, 16.0], [-37.0, 21.5], [-38.0, 21.5, 0.0]]], 'navto_room'], ['approach_person', ['nurse'], 'approach_nurse'], ['authenticate_person', ['nurse'], 'authenticate_nurse'], ['operate_drawer', ['open'], 'open_drawer_for_nurse'], ['send_message', ['nurse'], 'notify_nurse_of_open_drawer_for_nurse_completed'], ['wait_message', ['nurse'], 'wait_nurse_to_complete_deposit'], ['operate_drawer', ['close'], 'close_drawer_nurse'], ['navigation', ['Laboratory', [[-38.0, 21.5, 0.0], [-37.0, 21.5], [-37.0, 16.0], [-26.0, 16.0], [-26.0, 13.0, 1.57]]], 'navto_lab'], ['approach_robot', ['lab_arm'], 'approach_arm'], ['operate_drawer', ['open'], 'open_drawer_lab'], ['send_message', ['lab_arm'], 'notify_lab_arm_of_open_drawer_lab_completed'], ['wait_message', ['lab_arm'], 'wait_lab_arm_to_complete_pick_up_sample'], ['operate_drawer', ['close'], 'close_drawer_lab']], 'location': 'PC Room 6', 'name': 'r2', 'position': [-19.0, 18.0, -1.57], 'skills': ['approach_person', 'approach_robot', 'authenticate_person', 'navigation', 'operate_drawer']}, None, None
0.18, [DEBUG], logger, Simulation open, None, None
10.06, [INFO], robot2, {'y': 17.094, 'x': -19.326, 'yaw': -3.141}, None, None
10.06, [INFO], robot2, {'battery-level': '63.01'}, None, None
20.04, [INFO], robot2, {'y': 16.205, 'x': -20.667, 'yaw': 3.141}, None, None
20.04, [INFO], robot2, {'battery-level': '62.47'}, None, None
29.94, [INFO], robot2, {'y': 16.179, 'x': -22.778, 'yaw': 3.138}, None, None
30.04, [INFO], robot2, {'battery-level': '61.93'}, None, None
40.02, [INFO], robot2, {'y': 16.113, 'x': -24.878, 'yaw': 3.141}, None, None
40.02, [INFO], robot2, {'battery-level': '61.39'}, None, None
50.09, [INFO], robot2, {'battery-level': '60.85'}, None, None
50.09, [INFO], robot2, {'y': 16.101, 'x': -26.993, 'yaw': 3.141}, None, None
60.08, [INFO], robot2, {'y': 16.161, 'x': -29.094, 'yaw': -3.142}, None, None
60.08, [INFO], robot2, {'battery-level': '60.31'}, None, None
70.07, [INFO], robot2, {'y': 16.059, 'x': -31.214, 'yaw': 3.141}, None, None
70.07, [INFO], robot2, {'battery-level': '59.77'}, None, None
80.07, [INFO], robot2, {'y': 15.777, 'x': -33.32, 'yaw': 3.141}, None, None
80.07, [INFO], robot2, {'battery-level': '59.23'}, None, None
90.02, [INFO], robot2, {'y': 15.439, 'x': -35.399, 'yaw': -3.142}, None, None
90.02, [INFO], robot2, {'battery-level': '58.69'}, None, None
100.05, [INFO], robot2, {'battery-level': '58.15'}, None, None
100.05, [INFO], robot2, {'y': 16.583, 'x': -36.557, 'yaw': -3.141}, None, None
110.06, [INFO], robot2, {'battery-level': '57.61'}, None, None
110.06, [INFO], robot2, {'y': 18.702, 'x': -36.634, 'yaw': 3.141}, None, None
120.08, [INFO], robot2, {'battery-level': '57.07'}, None, None
120.08, [INFO], robot2, {'y': 20.818, 'x': -36.912, 'yaw': -3.142}, None, None
130.02, [INFO], robot2, {'battery-level': '56.53'}, None, None
130.02, [INFO], robot2, {'y': 21.503, 'x': -38.052, 'yaw': 3.141}, None, None
140.08, [INFO], robot2, {'y': 21.426, 'x': -38.082, 'yaw': 3.141}, None, None
140.08, [INFO], robot2, {'battery-level': '55.99'}, None, None
140.37, [info], nurse, sync, received-request, (status=sending-request)
140.37, [info], nurse, sync, request-sent, (status=waiting)
140.37, [info], nurse, sync, wait-message, (status=message-received)
150.09, [INFO], robot2, {'y': 20.334, 'x': -37.171, 'yaw': -3.137}, None, None
150.09, [INFO], robot2, {'battery-level': '55.45'}, None, None
160.00, [INFO], robot2, {'y': 18.234, 'x': -37.089, 'yaw': 3.14}, None, None
160.00, [INFO], robot2, {'battery-level': '54.91'}, None, None
170.04, [INFO], robot2, {'battery-level': '54.37'}, None, None
170.04, [INFO], robot2, {'y': 16.105, 'x': -36.954, 'yaw': 3.141}, None, None
180.08, [INFO], robot2, {'y': 15.431, 'x': -34.977, 'yaw': -3.142}, None, None
180.08, [INFO], robot2, {'battery-level': '53.83'}, None, None
190.07, [INFO], robot2, {'y': 15.548, 'x': -32.876, 'yaw': -3.137}, None, None
190.07, [INFO], robot2, {'battery-level': '53.29'}, None, None
200.04, [INFO], robot2, {'battery-level': '52.75'}, None, None
200.04, [INFO], robot2, {'y': 15.589, 'x': -30.777, 'yaw': -3.141}, None, None
210.02, [INFO], robot2, {'battery-level': '52.21'}, None, None
210.02, [INFO], robot2, {'y': 15.744, 'x': -28.666, 'yaw': 3.139}, None, None
220.06, [INFO], robot2, {'battery-level': '51.67'}, None, None
220.06, [INFO], robot2, {'y': 15.749, 'x': -26.524, 'yaw': 3.141}, None, None
230.04, [INFO], robot2, {'battery-level': '51.13'}, None, None
230.04, [INFO], robot2, {'y': 13.993, 'x': -25.754, 'yaw': 3.141}, None, None
240.09, [INFO], robot2, {'battery-level': '50.59'}, None, None
240.09, [INFO], robot2, {'y': 12.934, 'x': -25.978, 'yaw': -3.142}, None, None
242.04, [info], lab_arm, sync, wait-message, (status=message-received)
243.02, [WARN], robot2, SUCCESS, None, None
250.06, [INFO], robot2, {'y': 12.932, 'x': -25.977, 'yaw': -3.142}, None, None
250.06, [INFO], robot2, {'battery-level': '50.05'}, None, None
260.06, [INFO], robot2, {'y': 12.932, 'x': -25.977, 'yaw': -3.142}, None, None
260.06, [INFO], robot2, {'battery-level': '49.51'}, None, None
