0.00, [DEBUG], logger, ROBOTS_CONFIG={'avg_speed': 0.15, 'battery_charge': 0.8344531419634984, 'battery_discharge_rate': 0.00054, 'id': 2, 'local_plan': [['navigation', ['PC Room 3', [[-21.0, 18.0, -1.57], [-21.0, 16.0], [-28.5, 16.0], [-28.5, 18.0, -1.57]]], 'navto_room'], ['approach_person', ['nurse'], 'approach_nurse'], ['authenticate_person', ['nurse'], 'authenticate_nurse'], ['operate_drawer', ['open'], 'open_drawer_for_nurse'], ['send_message', ['nurse'], 'notify_nurse_of_open_drawer_for_nurse_completed'], ['wait_message', ['nurse'], 'wait_nurse_to_complete_deposit'], ['operate_drawer', ['close'], 'close_drawer_nurse'], ['navigation', ['Laboratory', [[-28.5, 18.0, -1.57], [-28.5, 16.0], [-26.0, 16.0], [-26.0, 13.0, 1.57]]], 'navto_lab'], ['approach_robot', ['lab_arm'], 'approach_arm'], ['operate_drawer', ['open'], 'open_drawer_lab'], ['send_message', ['lab_arm'], 'notify_lab_arm_of_open_drawer_lab_completed'], ['wait_message', ['lab_arm'], 'wait_lab_arm_to_complete_pick_up_sample'], ['operate_drawer', ['close'], 'close_drawer_lab']], 'location': 'PC Room 5', 'name': 'r2', 'position': [-21.0, 18.0, -1.57], 'skills': ['approach_person', 'approach_robot', 'authenticate_person', 'navigation', 'operate_drawer']}, None, None
0.00, [DEBUG], logger, Simulation open, None, None
10.06, [INFO], robot2, {'y': 17.434, 'x': -20.965, 'yaw': -3.142}, None, None
10.06, [INFO], robot2, {'battery-level': '82.96'}, None, None
20.05, [INFO], robot2, {'y': 16.072, 'x': -21.861, 'yaw': -3.141}, None, None
20.05, [INFO], robot2, {'battery-level': '82.42'}, None, None
30.09, [INFO], robot2, {'battery-level': '81.88'}, None, None
30.09, [INFO], robot2, {'y': 15.929, 'x': -23.972, 'yaw': 3.142}, None, None
40.00, [INFO], robot2, {'battery-level': '81.34'}, None, None
40.00, [INFO], robot2, {'y': 15.904, 'x': -26.065, 'yaw': 3.141}, None, None
50.04, [INFO], robot2, {'y': 16.018, 'x': -28.168, 'yaw': 3.141}, None, None
50.04, [INFO], robot2, {'battery-level': '80.80'}, None, None
60.05, [INFO], robot2, {'battery-level': '80.26'}, None, None
60.05, [INFO], robot2, {'y': 17.835, 'x': -28.608, 'yaw': 3.142}, None, None
70.01, [INFO], robot2, {'battery-level': '79.72'}, None, None
70.01, [INFO], robot2, {'y': 17.998, 'x': -28.615, 'yaw': -3.142}, None, None
75.86, [info], nurse, sync, received-request, (status=sending-request)
75.86, [info], nurse, sync, request-sent, (status=waiting)
75.86, [info], nurse, sync, wait-message, (status=message-received)
80.05, [INFO], robot2, {'y': 17.397, 'x': -28.719, 'yaw': 3.141}, None, None
80.05, [INFO], robot2, {'battery-level': '79.18'}, None, None
90.08, [INFO], robot2, {'y': 16.143, 'x': -27.717, 'yaw': 3.14}, None, None
90.08, [INFO], robot2, {'battery-level': '78.64'}, None, None
100.10, [INFO], robot2, {'y': 15.398, 'x': -25.99, 'yaw': 3.142}, None, None
100.10, [INFO], robot2, {'battery-level': '78.10'}, None, None
110.04, [INFO], robot2, {'battery-level': '77.56'}, None, None
110.04, [INFO], robot2, {'y': 13.292, 'x': -25.745, 'yaw': -3.141}, None, None
120.05, [INFO], robot2, {'battery-level': '77.02'}, None, None
120.05, [INFO], robot2, {'y': 12.882, 'x': -25.934, 'yaw': 3.141}, None, None
120.15, [info], lab_arm, sync, wait-message, (status=message-received)
121.13, [WARN], robot2, SUCCESS, None, None
130.06, [INFO], robot2, {'y': 12.882, 'x': -25.934, 'yaw': -3.142}, None, None
130.06, [INFO], robot2, {'battery-level': '76.48'}, None, None
140.04, [INFO], robot2, {'y': 12.882, 'x': -25.934, 'yaw': -3.142}, None, None
140.04, [INFO], robot2, {'battery-level': '75.94'}, None, None
