0.00, [DEBUG], logger, ROBOTS_CONFIG={'avg_speed': 0.15, 'battery_charge': 0.5080169438370433, 'battery_discharge_rate': 0.00072, 'id': 6, 'local_plan': [['navigation', ['IC Room 2', [[-33.9, 18.93, 3.14], [-37.0, 18.93], [-37.0, 21.5], [-38.0, 21.5, 0.0]]], 'navto_room'], ['approach_person', ['nurse'], 'approach_nurse'], ['authenticate_person', ['nurse'], 'authenticate_nurse'], ['operate_drawer', ['open'], 'open_drawer_for_nurse'], ['send_message', ['nurse'], 'notify_nurse_of_open_drawer_for_nurse_completed'], ['wait_message', ['nurse'], 'wait_nurse_to_complete_deposit'], ['operate_drawer', ['close'], 'close_drawer_nurse'], ['navigation', ['Laboratory', [[-38.0, 21.5, 0.0], [-37.0, 21.5], [-37.0, 16.0], [-26.0, 16.0], [-26.0, 13.0, 1.57]]], 'navto_lab'], ['approach_robot', ['lab_arm'], 'approach_arm'], ['operate_drawer', ['open'], 'open_drawer_lab'], ['send_message', ['lab_arm'], 'notify_lab_arm_of_open_drawer_lab_completed'], ['wait_message', ['lab_arm'], 'wait_lab_arm_to_complete_pick_up_sample'], ['operate_drawer', ['close'], 'close_drawer_lab']], 'location': 'IC Room 6', 'name': 'r6', 'position': [-33.9, 18.93, 3.14], 'skills': ['approach_person', 'approach_robot', 'authenticate_person', 'navigation', 'operate_drawer']}, None, None
0.00, [DEBUG], logger, Simulation open, None, None
10.06, [INFO], robot6, {'battery-level': '50.15'}, None, None
10.06, [INFO], robot6, {'y': 18.307, 'x': -34.425, 'yaw': -3.142}, None, None
20.09, [INFO], robot6, {'battery-level': '49.43'}, None, None
20.09, [INFO], robot6, {'y': 18.128, 'x': -36.268, 'yaw': -3.137}, None, None
30.01, [INFO], robot6, {'y': 19.99, 'x': -36.951, 'yaw': -3.142}, None, None
30.01, [INFO], robot6, {'battery-level': '48.71'}, None, None
40.04, [INFO], robot6, {'battery-level': '47.99'}, None, None
40.04, [INFO], robot6, {'y': 21.441, 'x': -37.871, 'yaw': 3.142}, None, None
50.08, [INFO], robot6, {'battery-level': '47.27'}, None, None
50.08, [INFO], robot6, {'y': 21.343, 'x': -38.068, 'yaw': -3.137}, None, None
57.99, [info], nurse, sync, received-request, (status=sending-request)
57.99, [info], nurse, sync, request-sent, (status=waiting)
58.08, [info], nurse, sync, wait-message, (status=message-received)
60.02, [INFO], robot6, {'y': 21.422, 'x': -37.955, 'yaw': -3.142}, None, None
60.02, [INFO], robot6, {'battery-level': '46.55'}, None, None
70.07, [INFO], robot6, {'y': 19.932, 'x': -37.174, 'yaw': 3.141}, None, None
70.07, [INFO], robot6, {'battery-level': '45.83'}, None, None
80.08, [INFO], robot6, {'battery-level': '45.11'}, None, None
80.08, [INFO], robot6, {'y': 17.8, 'x': -37.11, 'yaw': 3.141}, None, None
90.01, [INFO], robot6, {'battery-level': '44.39'}, None, None
90.01, [INFO], robot6, {'y': 16.146, 'x': -36.347, 'yaw': 3.141}, None, None
100.03, [INFO], robot6, {'y': 15.41, 'x': -34.334, 'yaw': -3.142}, None, None
100.03, [INFO], robot6, {'battery-level': '43.67'}, None, None
110.07, [INFO], robot6, {'battery-level': '42.95'}, None, None
110.07, [INFO], robot6, {'y': 15.522, 'x': -32.197, 'yaw': -3.142}, None, None
120.06, [INFO], robot6, {'battery-level': '42.23'}, None, None
120.06, [INFO], robot6, {'y': 15.635, 'x': -30.083, 'yaw': 3.141}, None, None
130.09, [INFO], robot6, {'battery-level': '41.51'}, None, None
130.09, [INFO], robot6, {'y': 15.787, 'x': -27.975, 'yaw': 3.142}, None, None
140.05, [INFO], robot6, {'battery-level': '40.79'}, None, None
140.05, [INFO], robot6, {'y': 15.469, 'x': -26.005, 'yaw': 3.141}, None, None
150.09, [INFO], robot6, {'battery-level': '40.07'}, None, None
150.09, [INFO], robot6, {'y': 13.35, 'x': -25.766, 'yaw': 3.142}, None, None
160.01, [INFO], robot6, {'battery-level': '39.35'}, None, None
160.01, [INFO], robot6, {'y': 12.886, 'x': -25.972, 'yaw': -3.142}, None, None
161.08, [info], lab_arm, sync, wait-message, (status=message-received)
162.04, [WARN], robot6, SUCCESS, None, None
170.09, [INFO], robot6, {'battery-level': '38.63'}, None, None
170.09, [INFO], robot6, {'y': 12.885, 'x': -25.971, 'yaw': -3.142}, None, None
