0.00, [DEBUG], nurse, NURSE_CONFIG={'location': 'IC Room 6', 'position': [-33.9, 18.93, 3.14]}, None, None
0.00, [INFO], robot2, {'battery-level': '83.45'}, None, None
0.13, [DEBUG], logger, ROBOTS_CONFIG={'avg_speed': 0.15, 'battery_charge': 0.8344531419634984, 'battery_discharge_rate': 0.00054, 'id': 2, 'local_plan': [['navigation', ['IC Room 6', [[-19.0, 18.0, -1.57], [-19.0, 16.0], [-37.0, 16.0], [-37.0, 18.93], [-33.9, 18.93, 3.14]]], 'navto_room'], ['approach_person', ['nurse'], 'approach_nurse'], ['authenticate_person', ['nurse'], 'authenticate_nurse'], ['operate_drawer', ['open'], 'open_drawer_for_nurse'], ['send_message', ['nurse'], 'notify_nurse_of_open_drawer_for_nurse_completed'], ['wait_message', ['nurse'], 'wait_nurse_to_complete_deposit'], ['operate_drawer', ['close'], 'close_drawer_nurse'], ['navigation', ['Laboratory', [[-33.9, 18.93, 3.14], [-37.0, 18.93], [-37.0, 16.0], [-26.0, 16.0], [-26.0, 13.0, 1.57]]], 'navto_lab'], ['approach_robot', ['lab_arm'], 'approach_arm'], ['operate_drawer', ['open'], 'open_drawer_lab'], ['send_message', ['lab_arm'], 'notify_lab_arm_of_open_drawer_lab_completed'], ['wait_message', ['lab_arm'], 'wait_lab_arm_to_complete_pick_up_sample'], ['operate_drawer', ['close'], 'close_drawer_lab']], 'location': 'PC Room 6', 'name': 'r2', 'position': [-19.0, 18.0, -1.57], 'skills': ['approach_person', 'approach_robot', 'authenticate_person', 'navigation', 'operate_drawer']}, None, None
0.13, [DEBUG], logger, Simulation open, None, None
10.03, [INFO], robot2, {'battery-level': '82.96'}, None, None
10.03, [INFO], robot2, {'y': 17.685, 'x': -19.093, 'yaw': -3.142}, None, None
20.08, [INFO], robot2, {'y': 16.126, 'x': -20.052, 'yaw': -3.139}, None, None
20.08, [INFO], robot2, {'battery-level': '82.42'}, None, None
30.07, [INFO], robot2, {'y': 16.105, 'x': -22.157, 'yaw': 3.142}, None, None
30.07, [INFO], robot2, {'battery-level': '81.88'}, None, None
39.92, [INFO], robot2, {'battery-level': '81.34'}, None, None
40.02, [INFO], robot2, {'y': 16.038, 'x': -24.266, 'yaw': 3.141}, None, None
50.07, [INFO], robot2, {'battery-level': '80.80'}, None, None
50.07, [INFO], robot2, {'y': 16.046, 'x': -26.38, 'yaw': 3.142}, None, None
60.00, [INFO], robot2, {'y': 16.162, 'x': -28.474, 'yaw': -3.142}, None, None
60.00, [INFO], robot2, {'battery-level': '80.26'}, None, None
70.05, [INFO], robot2, {'battery-level': '79.72'}, None, None
70.05, [INFO], robot2, {'y': 16.133, 'x': -30.595, 'yaw': 3.142}, None, None
80.02, [INFO], robot2, {'y': 15.844, 'x': -32.707, 'yaw': -3.141}, None, None
80.02, [INFO], robot2, {'battery-level': '79.18'}, None, None
90.04, [INFO], robot2, {'battery-level': '78.64'}, None, None
90.04, [INFO], robot2, {'y': 15.432, 'x': -34.806, 'yaw': -3.141}, None, None
100.03, [INFO], robot2, {'battery-level': '78.10'}, None, None
100.03, [INFO], robot2, {'y': 16.022, 'x': -36.701, 'yaw': 3.142}, None, None
110.03, [INFO], robot2, {'battery-level': '77.56'}, None, None
110.03, [INFO], robot2, {'y': 17.56, 'x': -36.72, 'yaw': -3.141}, None, None
120.02, [INFO], robot2, {'battery-level': '77.02'}, None, None
120.02, [INFO], robot2, {'y': 17.654, 'x': -36.704, 'yaw': 3.141}, None, None
130.04, [INFO], robot2, {'battery-level': '76.48'}, None, None
130.04, [INFO], robot2, {'y': 17.99, 'x': -35.844, 'yaw': 3.136}, None, None
140.09, [INFO], robot2, {'y': 18.178, 'x': -35.691, 'yaw': -3.139}, None, None
140.09, [INFO], robot2, {'battery-level': '75.94'}, None, None
150.00, [INFO], robot2, {'y': 18.099, 'x': -35.65, 'yaw': -3.136}, None, None
150.00, [INFO], robot2, {'battery-level': '75.40'}, None, None
159.99, [INFO], robot2, {'y': 18.095, 'x': -35.504, 'yaw': -3.14}, None, None
160.08, [INFO], robot2, {'battery-level': '74.86'}, None, None
170.05, [INFO], robot2, {'battery-level': '74.32'}, None, None
170.05, [INFO], robot2, {'y': 17.999, 'x': -35.408, 'yaw': -3.139}, None, None
180.02, [INFO], robot2, {'battery-level': '73.78'}, None, None
180.02, [INFO], robot2, {'y': 18.025, 'x': -35.442, 'yaw': 3.142}, None, None
187.69, [WARN], robot2, SKILL-FAILURE, navigation, navto_room
190.08, [INFO], robot2, {'y': 18.035, 'x': -35.455, 'yaw': -3.142}, None, None
190.08, [INFO], robot2, {'battery-level': '73.24'}, None, None
200.02, [INFO], robot2, {'y': 18.035, 'x': -35.455, 'yaw': -3.142}, None, None
200.02, [INFO], robot2, {'battery-level': '72.70'}, None, None
