0.00, [INFO], robot4, {'battery-level': '65.21'}, None, None
0.00, [DEBUG], logger, ROBOTS_CONFIG={'avg_speed': 0.15, 'battery_charge': 0.6520875066754872, 'battery_discharge_rate': 0.0006000000000000001, 'id': 4, 'local_plan': [['navigation', ['IC Room 2', [[-32.88, 33.98, 3.14], [-37.0, 33.98], [-37.0, 21.5], [-38.0, 21.5, 0.0]]], 'navto_room'], ['approach_person', ['nurse'], 'approach_nurse'], ['authenticate_person', ['nurse'], 'authenticate_nurse'], ['operate_drawer', ['open'], 'open_drawer_for_nurse'], ['send_message', ['nurse'], 'notify_nurse_of_open_drawer_for_nurse_completed'], ['wait_message', ['nurse'], 'wait_nurse_to_complete_deposit'], ['operate_drawer', ['close'], 'close_drawer_nurse'], ['navigation', ['Laboratory', [[-38.0, 21.5, 0.0], [-37.0, 21.5], [-37.0, 16.0], [-26.0, 16.0], [-26.0, 13.0, 1.57]]], 'navto_lab'], ['approach_robot', ['lab_arm'], 'approach_arm'], ['operate_drawer', ['open'], 'open_drawer_lab'], ['send_message', ['lab_arm'], 'notify_lab_arm_of_open_drawer_lab_completed'], ['wait_message', ['lab_arm'], 'wait_lab_arm_to_complete_pick_up_sample'], ['operate_drawer', ['close'], 'close_drawer_lab']], 'location': 'IC Room 5', 'name': 'r4', 'position': [-32.88, 33.98, 3.14], 'skills': ['approach_person', 'approach_robot', 'authenticate_person', 'navigation', 'operate_drawer']}, None, None
0.00, [DEBUG], logger, Simulation open, None, None
10.00, [INFO], robot4, {'battery-level': '64.67'}, None, None
10.00, [INFO], robot4, {'y': 33.865, 'x': -33.014, 'yaw': -3.142}, None, None
20.08, [INFO], robot4, {'battery-level': '64.07'}, None, None
20.08, [INFO], robot4, {'y': 34.653, 'x': -35.015, 'yaw': -3.141}, None, None
30.08, [INFO], robot4, {'battery-level': '63.47'}, None, None
30.08, [INFO], robot4, {'y': 33.833, 'x': -36.758, 'yaw': 3.141}, None, None
40.08, [INFO], robot4, {'battery-level': '62.87'}, None, None
40.08, [INFO], robot4, {'y': 31.721, 'x': -36.707, 'yaw': -3.142}, None, None
50.07, [INFO], robot4, {'battery-level': '62.27'}, None, None
50.07, [INFO], robot4, {'y': 29.624, 'x': -36.74, 'yaw': -3.142}, None, None
60.08, [INFO], robot4, {'battery-level': '61.67'}, None, None
60.08, [INFO], robot4, {'y': 27.501, 'x': -36.755, 'yaw': 3.142}, None, None
70.06, [INFO], robot4, {'battery-level': '61.07'}, None, None
70.06, [INFO], robot4, {'y': 25.406, 'x': -36.833, 'yaw': 3.141}, None, None
80.06, [INFO], robot4, {'y': 23.293, 'x': -36.898, 'yaw': 3.14}, None, None
80.06, [INFO], robot4, {'battery-level': '60.47'}, None, None
90.04, [INFO], robot4, {'battery-level': '59.87'}, None, None
90.04, [INFO], robot4, {'y': 21.354, 'x': -37.398, 'yaw': 3.139}, None, None
100.02, [INFO], robot4, {'battery-level': '59.27'}, None, None
100.02, [INFO], robot4, {'y': 21.373, 'x': -38.049, 'yaw': -3.139}, None, None
110.08, [INFO], robot4, {'y': 21.372, 'x': -38.05, 'yaw': 3.142}, None, None
110.08, [INFO], robot4, {'battery-level': '58.67'}, None, None
120.08, [INFO], robot4, {'y': 21.372, 'x': -38.05, 'yaw': -3.142}, None, None
120.08, [INFO], robot4, {'battery-level': '58.07'}, None, None
130.06, [INFO], robot4, {'battery-level': '57.47'}, None, None
130.06, [INFO], robot4, {'y': 21.371, 'x': -38.05, 'yaw': -3.142}, None, None
140.04, [INFO], robot4, {'battery-level': '56.87'}, None, None
140.04, [INFO], robot4, {'y': 21.371, 'x': -38.05, 'yaw': 3.142}, None, None
150.02, [INFO], robot4, {'battery-level': '56.27'}, None, None
150.02, [INFO], robot4, {'y': 21.371, 'x': -38.05, 'yaw': -3.142}, None, None
160.00, [INFO], robot4, {'y': 21.371, 'x': -38.05, 'yaw': 3.142}, None, None
160.00, [INFO], robot4, {'battery-level': '55.67'}, None, None
170.08, [INFO], robot4, {'y': 21.371, 'x': -38.05, 'yaw': 3.142}, None, None
170.08, [INFO], robot4, {'battery-level': '55.07'}, None, None
180.06, [INFO], robot4, {'battery-level': '54.47'}, None, None
180.06, [INFO], robot4, {'y': 21.371, 'x': -38.05, 'yaw': 3.142}, None, None
190.05, [INFO], robot4, {'battery-level': '53.87'}, None, None
190.05, [INFO], robot4, {'y': 21.371, 'x': -38.05, 'yaw': -3.142}, None, None
200.02, [INFO], robot4, {'battery-level': '53.27'}, None, None
200.02, [INFO], robot4, {'y': 21.371, 'x': -38.05, 'yaw': -3.142}, None, None
210.09, [INFO], robot4, {'y': 21.371, 'x': -38.05, 'yaw': -3.142}, None, None
210.09, [INFO], robot4, {'battery-level': '52.67'}, None, None
220.06, [INFO], robot4, {'battery-level': '52.07'}, None, None
220.06, [INFO], robot4, {'y': 21.371, 'x': -38.05, 'yaw': 3.142}, None, None
230.05, [INFO], robot4, {'battery-level': '51.47'}, None, None
230.05, [INFO], robot4, {'y': 21.371, 'x': -38.05, 'yaw': 3.142}, None, None
240.03, [INFO], robot4, {'battery-level': '50.87'}, None, None
240.03, [INFO], robot4, {'y': 21.371, 'x': -38.05, 'yaw': -3.142}, None, None
250.01, [INFO], robot4, {'battery-level': '50.27'}, None, None
250.01, [INFO], robot4, {'y': 21.371, 'x': -38.05, 'yaw': -3.142}, None, None
260.00, [INFO], robot4, {'battery-level': '49.67'}, None, None
260.00, [INFO], robot4, {'y': 21.371, 'x': -38.05, 'yaw': -3.142}, None, None
270.09, [INFO], robot4, {'y': 21.371, 'x': -38.05, 'yaw': 3.142}, None, None
270.09, [INFO], robot4, {'battery-level': '49.07'}, None, None
280.07, [INFO], robot4, {'battery-level': '48.47'}, None, None
280.07, [INFO], robot4, {'y': 21.371, 'x': -38.05, 'yaw': 3.142}, None, None
290.05, [INFO], robot4, {'y': 21.371, 'x': -38.05, 'yaw': -3.142}, None, None
290.05, [INFO], robot4, {'battery-level': '47.87'}, None, None
300.04, [INFO], robot4, {'battery-level': '47.27'}, None, None
300.04, [INFO], robot4, {'y': 21.371, 'x': -38.05, 'yaw': 3.142}, None, None
310.02, [INFO], robot4, {'battery-level': '46.67'}, None, None
310.02, [INFO], robot4, {'y': 21.371, 'x': -38.051, 'yaw': 3.142}, None, None
320.01, [INFO], robot4, {'y': 21.371, 'x': -38.051, 'yaw': 3.142}, None, None
320.01, [INFO], robot4, {'battery-level': '46.07'}, None, None
330.07, [INFO], robot4, {'battery-level': '45.47'}, None, None
330.07, [INFO], robot4, {'y': 21.371, 'x': -38.051, 'yaw': 3.142}, None, None
340.06, [INFO], robot4, {'battery-level': '44.87'}, None, None
340.06, [INFO], robot4, {'y': 21.371, 'x': -38.051, 'yaw': -3.142}, None, None
350.04, [INFO], robot4, {'battery-level': '44.27'}, None, None
350.04, [INFO], robot4, {'y': 21.371, 'x': -38.051, 'yaw': 3.142}, None, None
360.02, [INFO], robot4, {'battery-level': '43.67'}, None, None
360.02, [INFO], robot4, {'y': 21.371, 'x': -38.051, 'yaw': -3.142}, None, None
370.00, [INFO], robot4, {'y': 21.371, 'x': -38.051, 'yaw': -3.142}, None, None
370.00, [INFO], robot4, {'battery-level': '43.07'}, None, None
380.09, [INFO], robot4, {'y': 21.371, 'x': -38.051, 'yaw': -3.142}, None, None
380.09, [INFO], robot4, {'battery-level': '42.47'}, None, None
390.08, [INFO], robot4, {'y': 21.371, 'x': -38.051, 'yaw': 3.142}, None, None
390.08, [INFO], robot4, {'battery-level': '41.87'}, None, None
400.06, [INFO], robot4, {'y': 21.371, 'x': -38.051, 'yaw': 3.142}, None, None
400.06, [INFO], robot4, {'battery-level': '41.27'}, None, None
410.06, [INFO], robot4, {'y': 21.371, 'x': -38.051, 'yaw': -3.142}, None, None
410.06, [INFO], robot4, {'battery-level': '40.67'}, None, None
420.04, [INFO], robot4, {'battery-level': '40.07'}, None, None
420.04, [INFO], robot4, {'y': 21.371, 'x': -38.051, 'yaw': 3.142}, None, None
430.04, [INFO], robot4, {'y': 21.371, 'x': -38.051, 'yaw': 3.142}, None, None
430.04, [INFO], robot4, {'battery-level': '39.47'}, None, None
440.03, [INFO], robot4, {'battery-level': '38.87'}, None, None
440.03, [INFO], robot4, {'y': 21.371, 'x': -38.051, 'yaw': 3.142}, None, None
450.02, [INFO], robot4, {'battery-level': '38.27'}, None, None
450.02, [INFO], robot4, {'y': 21.371, 'x': -38.051, 'yaw': 3.142}, None, None
460.09, [INFO], robot4, {'y': 21.371, 'x': -38.051, 'yaw': -3.142}, None, None
460.09, [INFO], robot4, {'battery-level': '37.67'}, None, None
470.06, [INFO], robot4, {'y': 21.371, 'x': -38.051, 'yaw': 3.142}, None, None
470.06, [INFO], robot4, {'battery-level': '37.07'}, None, None
480.06, [INFO], robot4, {'battery-level': '36.47'}, None, None
480.06, [INFO], robot4, {'y': 21.371, 'x': -38.051, 'yaw': -3.142}, None, None
490.05, [INFO], robot4, {'y': 21.371, 'x': -38.051, 'yaw': -3.142}, None, None
490.05, [INFO], robot4, {'battery-level': '35.87'}, None, None
500.02, [INFO], robot4, {'battery-level': '35.27'}, None, None
500.02, [INFO], robot4, {'y': 21.371, 'x': -38.051, 'yaw': 3.142}, None, None
510.02, [INFO], robot4, {'battery-level': '34.67'}, None, None
510.02, [INFO], robot4, {'y': 21.371, 'x': -38.051, 'yaw': 3.142}, None, None
520.03, [INFO], robot4, {'battery-level': '34.07'}, None, None
520.03, [INFO], robot4, {'y': 21.371, 'x': -38.051, 'yaw': 3.142}, None, None
530.02, [INFO], robot4, {'battery-level': '33.47'}, None, None
530.02, [INFO], robot4, {'y': 21.371, 'x': -38.051, 'yaw': -3.142}, None, None
540.01, [INFO], robot4, {'y': 21.371, 'x': -38.051, 'yaw': 3.142}, None, None
540.01, [INFO], robot4, {'battery-level': '32.87'}, None, None
550.01, [INFO], robot4, {'y': 21.371, 'x': -38.051, 'yaw': -3.142}, None, None
550.01, [INFO], robot4, {'battery-level': '32.27'}, None, None
560.09, [INFO], robot4, {'y': 21.371, 'x': -38.051, 'yaw': -3.142}, None, None
560.09, [INFO], robot4, {'battery-level': '31.67'}, None, None
570.07, [INFO], robot4, {'y': 21.371, 'x': -38.051, 'yaw': 3.142}, None, None
570.07, [INFO], robot4, {'battery-level': '31.07'}, None, None
580.06, [INFO], robot4, {'battery-level': '30.47'}, None, None
580.06, [INFO], robot4, {'y': 21.371, 'x': -38.051, 'yaw': 3.142}, None, None
590.04, [INFO], robot4, {'battery-level': '29.87'}, None, None
590.04, [INFO], robot4, {'y': 21.371, 'x': -38.051, 'yaw': -3.142}, None, None
600.05, [INFO], robot4, {'battery-level': '29.27'}, None, None
600.05, [INFO], robot4, {'y': 21.371, 'x': -38.051, 'yaw': -3.142}, None, None
610.04, [INFO], robot4, {'y': 21.371, 'x': -38.051, 'yaw': -3.142}, None, None
610.04, [INFO], robot4, {'battery-level': '28.67'}, None, None
620.04, [INFO], robot4, {'battery-level': '28.07'}, None, None
620.04, [INFO], robot4, {'y': 21.371, 'x': -38.051, 'yaw': 3.142}, None, None
630.03, [INFO], robot4, {'y': 21.371, 'x': -38.051, 'yaw': 3.142}, None, None
630.03, [INFO], robot4, {'battery-level': '27.47'}, None, None
640.01, [INFO], robot4, {'battery-level': '26.87'}, None, None
640.01, [INFO], robot4, {'y': 21.371, 'x': -38.051, 'yaw': -3.142}, None, None
650.01, [INFO], robot4, {'battery-level': '26.27'}, None, None
650.01, [INFO], robot4, {'y': 21.371, 'x': -38.052, 'yaw': -3.142}, None, None
660.09, [INFO], robot4, {'battery-level': '25.67'}, None, None
660.09, [INFO], robot4, {'y': 21.371, 'x': -38.052, 'yaw': 3.142}, None, None
670.08, [INFO], robot4, {'y': 21.371, 'x': -38.052, 'yaw': -3.142}, None, None
670.08, [INFO], robot4, {'battery-level': '25.07'}, None, None
680.05, [INFO], robot4, {'battery-level': '24.47'}, None, None
680.05, [INFO], robot4, {'y': 21.371, 'x': -38.052, 'yaw': 3.142}, None, None
690.04, [INFO], robot4, {'battery-level': '23.87'}, None, None
690.04, [INFO], robot4, {'y': 21.371, 'x': -38.052, 'yaw': 3.141}, None, None
700.04, [INFO], robot4, {'y': 21.37, 'x': -38.053, 'yaw': 3.138}, None, None
700.04, [INFO], robot4, {'battery-level': '23.27'}, None, None
710.01, [INFO], robot4, {'y': 21.369, 'x': -38.057, 'yaw': 3.136}, None, None
710.01, [INFO], robot4, {'battery-level': '22.67'}, None, None
720.00, [INFO], robot4, {'battery-level': '22.07'}, None, None
720.00, [INFO], robot4, {'y': 21.368, 'x': -38.06, 'yaw': 3.138}, None, None
730.07, [INFO], robot4, {'battery-level': '21.47'}, None, None
730.07, [INFO], robot4, {'y': 21.368, 'x': -38.061, 'yaw': 3.137}, None, None
740.06, [INFO], robot4, {'battery-level': '20.87'}, None, None
740.06, [INFO], robot4, {'y': 21.367, 'x': -38.063, 'yaw': 3.139}, None, None
750.03, [INFO], robot4, {'battery-level': '20.27'}, None, None
750.03, [INFO], robot4, {'y': 21.367, 'x': -38.064, 'yaw': 3.141}, None, None
760.01, [INFO], robot4, {'battery-level': '19.67'}, None, None
760.01, [INFO], robot4, {'y': 21.367, 'x': -38.064, 'yaw': 3.142}, None, None
770.08, [INFO], robot4, {'y': 21.367, 'x': -38.064, 'yaw': -3.142}, None, None
770.08, [INFO], robot4, {'battery-level': '19.07'}, None, None
780.07, [INFO], robot4, {'battery-level': '18.47'}, None, None
780.07, [INFO], robot4, {'y': 21.367, 'x': -38.064, 'yaw': 3.142}, None, None
790.05, [INFO], robot4, {'y': 21.367, 'x': -38.064, 'yaw': -3.142}, None, None
790.05, [INFO], robot4, {'battery-level': '17.87'}, None, None
800.04, [INFO], robot4, {'y': 21.367, 'x': -38.064, 'yaw': 3.142}, None, None
800.04, [INFO], robot4, {'battery-level': '17.27'}, None, None
810.03, [INFO], robot4, {'battery-level': '16.67'}, None, None
810.03, [INFO], robot4, {'y': 21.367, 'x': -38.064, 'yaw': 3.142}, None, None
820.01, [INFO], robot4, {'y': 21.366, 'x': -38.064, 'yaw': -3.142}, None, None
820.01, [INFO], robot4, {'battery-level': '16.07'}, None, None

[WARN], logger, TIMEOUT, None, None
