0.00, [INFO], robot1, {'battery-level': '59.15'}, None, None
0.20, [DEBUG], logger, ROBOTS_CONFIG={'avg_speed': 0.15, 'battery_charge': 0.5914703710515797, 'battery_discharge_rate': 0.00048000000000000007, 'id': 1, 'local_plan': [['navigation', ['PC Room 3', [[-39.44, 33.95, 0.0], [-37.0, 33.95], [-37.0, 16.0], [-28.5, 16.0], [-28.5, 18.0, -1.57]]], 'navto_room'], ['approach_person', ['nurse'], 'approach_nurse'], ['authenticate_person', ['nurse'], 'authenticate_nurse'], ['operate_drawer', ['open'], 'open_drawer_for_nurse'], ['send_message', ['nurse'], 'notify_nurse_of_open_drawer_for_nurse_completed'], ['wait_message', ['nurse'], 'wait_nurse_to_complete_deposit'], ['operate_drawer', ['close'], 'close_drawer_nurse'], ['navigation', ['Laboratory', [[-28.5, 18.0, -1.57], [-28.5, 16.0], [-26.0, 16.0], [-26.0, 13.0, 1.57]]], 'navto_lab'], ['approach_robot', ['lab_arm'], 'approach_arm'], ['operate_drawer', ['open'], 'open_drawer_lab'], ['send_message', ['lab_arm'], 'notify_lab_arm_of_open_drawer_lab_completed'], ['wait_message', ['lab_arm'], 'wait_lab_arm_to_complete_pick_up_sample'], ['operate_drawer', ['close'], 'close_drawer_lab']], 'location': 'IC Room 4', 'name': 'r1', 'position': [-39.44, 33.95, 0.0], 'skills': ['approach_person', 'approach_robot', 'authenticate_person', 'navigation', 'operate_drawer']}, None, None
0.20, [DEBUG], logger, Simulation open, None, None
10.01, [INFO], robot1, {'battery-level': '58.72'}, None, None
10.01, [INFO], robot1, {'y': 33.95, 'x': -39.44, 'yaw': 3.142}, None, None
20.07, [INFO], robot1, {'battery-level': '58.24'}, None, None
20.07, [INFO], robot1, {'y': 34.426, 'x': -38.437, 'yaw': 3.141}, None, None
30.07, [INFO], robot1, {'y': 33.583, 'x': -37.008, 'yaw': -3.142}, None, None
30.07, [INFO], robot1, {'battery-level': '57.76'}, None, None
40.04, [INFO], robot1, {'battery-level': '57.28'}, None, None
40.04, [INFO], robot1, {'y': 31.479, 'x': -37.048, 'yaw': 3.14}, None, None
50.05, [INFO], robot1, {'battery-level': '56.80'}, None, None
50.05, [INFO], robot1, {'y': 29.363, 'x': -37.005, 'yaw': 3.141}, None, None
60.01, [INFO], robot1, {'y': 27.263, 'x': -36.999, 'yaw': 3.142}, None, None
60.01, [INFO], robot1, {'battery-level': '56.32'}, None, None
70.05, [INFO], robot1, {'battery-level': '55.84'}, None, None
70.05, [INFO], robot1, {'y': 25.137, 'x': -36.997, 'yaw': 3.142}, None, None
80.07, [INFO], robot1, {'battery-level': '55.36'}, None, None
80.07, [INFO], robot1, {'y': 23.02, 'x': -37.068, 'yaw': 3.141}, None, None
90.04, [INFO], robot1, {'battery-level': '54.88'}, None, None
90.04, [INFO], robot1, {'y': 20.923, 'x': -37.193, 'yaw': 3.141}, None, None
100.05, [INFO], robot1, {'y': 18.813, 'x': -37.145, 'yaw': 3.142}, None, None
100.05, [INFO], robot1, {'battery-level': '54.40'}, None, None
110.03, [INFO], robot1, {'y': 16.693, 'x': -37.059, 'yaw': 3.14}, None, None
110.03, [INFO], robot1, {'battery-level': '53.92'}, None, None
120.06, [INFO], robot1, {'y': 15.68, 'x': -35.534, 'yaw': 3.142}, None, None
120.06, [INFO], robot1, {'battery-level': '53.44'}, None, None
130.08, [INFO], robot1, {'battery-level': '52.96'}, None, None
130.08, [INFO], robot1, {'y': 15.44, 'x': -33.446, 'yaw': 3.142}, None, None
140.03, [INFO], robot1, {'battery-level': '52.48'}, None, None
140.03, [INFO], robot1, {'y': 15.478, 'x': -31.336, 'yaw': -3.142}, None, None
150.06, [INFO], robot1, {'y': 15.733, 'x': -29.224, 'yaw': -3.141}, None, None
150.06, [INFO], robot1, {'battery-level': '52.00'}, None, None
160.07, [INFO], robot1, {'battery-level': '51.52'}, None, None
160.07, [INFO], robot1, {'y': 17.464, 'x': -28.588, 'yaw': 3.142}, None, None
170.06, [INFO], robot1, {'battery-level': '51.04'}, None, None
170.06, [INFO], robot1, {'y': 17.981, 'x': -28.583, 'yaw': 3.142}, None, None
171.42, [info], nurse, sync, received-request, (status=sending-request)
171.42, [info], nurse, sync, request-sent, (status=waiting)
171.42, [info], nurse, sync, wait-message, (status=message-received)
180.04, [INFO], robot1, {'battery-level': '50.56'}, None, None
180.04, [INFO], robot1, {'y': 16.431, 'x': -28.739, 'yaw': 3.142}, None, None
190.05, [INFO], robot1, {'battery-level': '50.08'}, None, None
190.05, [INFO], robot1, {'y': 16.101, 'x': -26.851, 'yaw': 3.14}, None, None
200.01, [INFO], robot1, {'battery-level': '49.60'}, None, None
200.01, [INFO], robot1, {'y': 14.544, 'x': -25.85, 'yaw': 3.141}, None, None
210.05, [INFO], robot1, {'battery-level': '49.12'}, None, None
210.05, [INFO], robot1, {'y': 12.98, 'x': -25.946, 'yaw': 3.142}, None, None
215.22, [info], lab_arm, sync, wait-message, (status=message-received)
216.19, [WARN], robot1, SUCCESS, None, None
220.08, [INFO], robot1, {'battery-level': '48.64'}, None, None
220.08, [INFO], robot1, {'y': 12.932, 'x': -25.978, 'yaw': 3.142}, None, None
230.08, [INFO], robot1, {'battery-level': '48.16'}, None, None
230.08, [INFO], robot1, {'y': 12.931, 'x': -25.978, 'yaw': -3.142}, None, None
