0.00, [INFO], robot6, {'battery-level': '50.80'}, None, None
0.19, [DEBUG], logger, ROBOTS_CONFIG={'avg_speed': 0.15, 'battery_charge': 0.5080169438370433, 'battery_discharge_rate': 0.00072, 'id': 6, 'local_plan': [['navigation', ['PC Room 3', [[-27.23, 18.0, -1.57], [-27.23, 16.0], [-28.5, 16.0], [-28.5, 18.0, -1.57]]], 'navto_room'], ['approach_person', ['nurse'], 'approach_nurse'], ['authenticate_person', ['nurse'], 'authenticate_nurse'], ['operate_drawer', ['open'], 'open_drawer_for_nurse'], ['send_message', ['nurse'], 'notify_nurse_of_open_drawer_for_nurse_completed'], ['wait_message', ['nurse'], 'wait_nurse_to_complete_deposit'], ['operate_drawer', ['close'], 'close_drawer_nurse'], ['navigation', ['Laboratory', [[-28.5, 18.0, -1.57], [-28.5, 16.0], [-26.0, 16.0], [-26.0, 13.0, 1.57]]], 'navto_lab'], ['approach_robot', ['lab_arm'], 'approach_arm'], ['operate_drawer', ['open'], 'open_drawer_lab'], ['send_message', ['lab_arm'], 'notify_lab_arm_of_open_drawer_lab_completed'], ['wait_message', ['lab_arm'], 'wait_lab_arm_to_complete_pick_up_sample'], ['operate_drawer', ['close'], 'close_drawer_lab']], 'location': 'PC Room 4', 'name': 'r6', 'position': [-27.23, 18.0, -1.57], 'skills': ['approach_person', 'approach_robot', 'authenticate_person', 'navigation', 'operate_drawer']}, None, None
0.19, [DEBUG], logger, Simulation open, None, None
10.03, [INFO], robot6, {'battery-level': '50.15'}, None, None
10.03, [INFO], robot6, {'y': 17.519, 'x': -27.154, 'yaw': 3.142}, None, None
20.05, [INFO], robot6, {'battery-level': '49.43'}, None, None
20.05, [INFO], robot6, {'y': 16.358, 'x': -27.956, 'yaw': 3.141}, None, None
30.01, [INFO], robot6, {'battery-level': '48.71'}, None, None
30.01, [INFO], robot6, {'y': 17.827, 'x': -28.617, 'yaw': 3.142}, None, None
37.35, [info], nurse, sync, received-request, (status=sending-request)
37.35, [info], nurse, sync, request-sent, (status=waiting)
37.35, [info], nurse, sync, wait-message, (status=message-received)
40.05, [INFO], robot6, {'battery-level': '47.99'}, None, None
40.05, [INFO], robot6, {'y': 17.633, 'x': -28.62, 'yaw': -3.142}, None, None
50.04, [INFO], robot6, {'y': 16.026, 'x': -28.025, 'yaw': 3.142}, None, None
50.04, [INFO], robot6, {'battery-level': '47.27'}, None, None
60.04, [INFO], robot6, {'battery-level': '46.55'}, None, None
60.04, [INFO], robot6, {'y': 15.618, 'x': -26.076, 'yaw': -3.142}, None, None
70.00, [INFO], robot6, {'y': 13.526, 'x': -25.744, 'yaw': 3.142}, None, None
70.00, [INFO], robot6, {'battery-level': '45.83'}, None, None
80.06, [INFO], robot6, {'battery-level': '45.11'}, None, None
80.06, [INFO], robot6, {'y': 12.916, 'x': -25.958, 'yaw': 3.142}, None, None
80.64, [info], lab_arm, sync, wait-message, (status=message-received)
81.59, [WARN], robot6, SUCCESS, None, None
89.95, [INFO], robot6, {'y': 12.914, 'x': -25.957, 'yaw': -3.142}, None, None
90.05, [INFO], robot6, {'battery-level': '44.39'}, None, None
