0.00, [DEBUG], logger, ROBOTS_CONFIG={'avg_speed': 0.15, 'battery_charge': 0.2817995261312799, 'battery_discharge_rate': 0.00076, 'id': 5, 'local_plan': [['navigation', ['IC Room 6', [[-13.5, 18.0, -1.57], [-13.5, 16.0], [-37.0, 16.0], [-37.0, 18.93], [-33.9, 18.93, 3.14]]], 'navto_room'], ['approach_person', ['nurse'], 'approach_nurse'], ['authenticate_person', ['nurse'], 'authenticate_nurse'], ['operate_drawer', ['open'], 'open_drawer_for_nurse'], ['send_message', ['nurse'], 'notify_nurse_of_open_drawer_for_nurse_completed'], ['wait_message', ['nurse'], 'wait_nurse_to_complete_deposit'], ['operate_drawer', ['close'], 'close_drawer_nurse'], ['navigation', ['Laboratory', [[-33.9, 18.93, 3.14], [-37.0, 18.93], [-37.0, 16.0], [-26.0, 16.0], [-26.0, 13.0, 1.57]]], 'navto_lab'], ['approach_robot', ['lab_arm'], 'approach_arm'], ['operate_drawer', ['open'], 'open_drawer_lab'], ['send_message', ['lab_arm'], 'notify_lab_arm_of_open_drawer_lab_completed'], ['wait_message', ['lab_arm'], 'wait_lab_arm_to_complete_pick_up_sample'], ['operate_drawer', ['close'], 'close_drawer_lab']], 'location': 'PC Room 7', 'name': 'r5', 'position': [-13.5, 18.0, -1.57], 'skills': ['approach_person', 'authenticate_person', 'navigation', 'operate_drawer']}, None, None
0.00, [DEBUG], logger, Simulation open, None, None
10.02, [INFO], robot5, {'y': 17.665, 'x': -13.499, 'yaw': 3.142}, None, None
10.02, [INFO], robot5, {'battery-level': '27.50'}, None, None
20.09, [INFO], robot5, {'y': 15.961, 'x': -14.167, 'yaw': 3.14}, None, None
20.09, [INFO], robot5, {'battery-level': '26.74'}, None, None
30.04, [INFO], robot5, {'battery-level': '25.98'}, None, None
30.04, [INFO], robot5, {'y': 15.901, 'x': -16.271, 'yaw': 3.141}, None, None
40.06, [INFO], robot5, {'battery-level': '25.22'}, None, None
40.06, [INFO], robot5, {'y': 15.955, 'x': -18.378, 'yaw': -3.138}, None, None
50.08, [INFO], robot5, {'battery-level': '24.46'}, None, None
50.08, [INFO], robot5, {'y': 16.139, 'x': -20.492, 'yaw': 3.142}, None, None
60.00, [INFO], robot5, {'battery-level': '23.70'}, None, None
60.00, [INFO], robot5, {'y': 16.123, 'x': -22.586, 'yaw': 3.141}, None, None
70.09, [INFO], robot5, {'battery-level': '22.94'}, None, None
70.09, [INFO], robot5, {'y': 16.113, 'x': -24.726, 'yaw': 3.141}, None, None
80.01, [INFO], robot5, {'y': 16.019, 'x': -26.815, 'yaw': 3.142}, None, None
80.01, [INFO], robot5, {'battery-level': '22.18'}, None, None
90.08, [INFO], robot5, {'battery-level': '21.42'}, None, None
90.08, [INFO], robot5, {'y': 16.135, 'x': -28.947, 'yaw': -3.141}, None, None
100.04, [INFO], robot5, {'battery-level': '20.66'}, None, None
100.04, [INFO], robot5, {'y': 16.006, 'x': -31.047, 'yaw': 3.142}, None, None
110.08, [INFO], robot5, {'y': 15.764, 'x': -33.161, 'yaw': -3.142}, None, None
110.08, [INFO], robot5, {'battery-level': '19.90'}, None, None
119.96, [INFO], robot5, {'y': 15.401, 'x': -35.234, 'yaw': 3.141}, None, None
120.06, [INFO], robot5, {'battery-level': '19.14'}, None, None
130.02, [INFO], robot5, {'battery-level': '18.38'}, None, None
130.02, [INFO], robot5, {'y': 16.41, 'x': -36.753, 'yaw': -3.141}, None, None
140.03, [INFO], robot5, {'battery-level': '17.62'}, None, None
140.03, [INFO], robot5, {'y': 17.568, 'x': -36.752, 'yaw': -3.141}, None, None
150.01, [INFO], robot5, {'battery-level': '16.86'}, None, None
150.01, [INFO], robot5, {'y': 17.654, 'x': -36.721, 'yaw': -3.142}, None, None
160.09, [INFO], robot5, {'battery-level': '16.10'}, None, None
160.09, [INFO], robot5, {'y': 17.667, 'x': -36.707, 'yaw': 3.141}, None, None
170.06, [INFO], robot5, {'battery-level': '15.34'}, None, None
170.06, [INFO], robot5, {'y': 18.215, 'x': -35.623, 'yaw': -3.084}, None, None
180.03, [INFO], robot5, {'battery-level': '14.58'}, None, None
180.03, [INFO], robot5, {'y': 18.132, 'x': -35.665, 'yaw': -3.142}, None, None
190.02, [INFO], robot5, {'battery-level': '13.82'}, None, None
190.02, [INFO], robot5, {'y': 18.189, 'x': -35.791, 'yaw': -3.141}, None, None
200.01, [INFO], robot5, {'battery-level': '13.06'}, None, None
200.01, [INFO], robot5, {'y': 18.195, 'x': -35.79, 'yaw': 3.142}, None, None
210.08, [INFO], robot5, {'y': 18.203, 'x': -35.748, 'yaw': -3.142}, None, None
210.08, [INFO], robot5, {'battery-level': '12.30'}, None, None
220.06, [INFO], robot5, {'battery-level': '11.54'}, None, None
220.06, [INFO], robot5, {'y': 18.203, 'x': -35.748, 'yaw': -3.142}, None, None
230.05, [INFO], robot5, {'battery-level': '10.78'}, None, None
230.05, [INFO], robot5, {'y': 18.203, 'x': -35.734, 'yaw': -3.142}, None, None
240.09, [INFO], robot5, {'battery-level': '10.02'}, None, None
240.09, [INFO], robot5, {'y': 18.2, 'x': -35.733, 'yaw': 3.142}, None, None
247.83, [WARN], robot5, SKILL-FAILURE, navigation, navto_room
250.00, [INFO], robot5, {'battery-level': '9.26'}, None, None
250.00, [INFO], robot5, {'y': 18.201, 'x': -35.733, 'yaw': 3.142}, None, None
260.10, [INFO], robot5, {'y': 18.2, 'x': -35.733, 'yaw': 3.142}, None, None
260.10, [INFO], robot5, {'battery-level': '8.50'}, None, None
