0.00, [DEBUG], logger, ROBOTS_CONFIG={'avg_speed': 0.15, 'battery_charge': 0.6520875066754872, 'battery_discharge_rate': 0.0005600000000000001, 'id': 4, 'local_plan': [['navigation', ['IC Room 6', [[-39.44, 33.95, 0.0], [-37.0, 33.95], [-37.0, 18.93], [-33.9, 18.93, 3.14]]], 'navto_room'], ['approach_person', ['nurse'], 'approach_nurse'], ['authenticate_person', ['nurse'], 'authenticate_nurse'], ['operate_drawer', ['open'], 'open_drawer_for_nurse'], ['send_message', ['nurse'], 'notify_nurse_of_open_drawer_for_nurse_completed'], ['wait_message', ['nurse'], 'wait_nurse_to_complete_deposit'], ['operate_drawer', ['close'], 'close_drawer_nurse'], ['navigation', ['Laboratory', [[-33.9, 18.93, 3.14], [-37.0, 18.93], [-37.0, 16.0], [-26.0, 16.0], [-26.0, 13.0, 1.57]]], 'navto_lab'], ['approach_robot', ['lab_arm'], 'approach_arm'], ['operate_drawer', ['open'], 'open_drawer_lab'], ['send_message', ['lab_arm'], 'notify_lab_arm_of_open_drawer_lab_completed'], ['wait_message', ['lab_arm'], 'wait_lab_arm_to_complete_pick_up_sample'], ['operate_drawer', ['close'], 'close_drawer_lab']], 'location': 'IC Room 4', 'name': 'r4', 'position': [-39.44, 33.95, 0.0], 'skills': ['approach_person', 'approach_robot', 'authenticate_person', 'navigation', 'operate_drawer']}, None, None
0.00, [DEBUG], logger, Simulation open, None, None
10.03, [INFO], robot4, {'battery-level': '64.70'}, None, None
10.03, [INFO], robot4, {'y': 34.042, 'x': -39.077, 'yaw': 3.141}, None, None
20.06, [INFO], robot4, {'battery-level': '64.14'}, None, None
20.06, [INFO], robot4, {'y': 34.263, 'x': -37.203, 'yaw': 3.141}, None, None
30.03, [INFO], robot4, {'battery-level': '63.58'}, None, None
30.03, [INFO], robot4, {'y': 32.18, 'x': -37.037, 'yaw': 3.141}, None, None
40.05, [INFO], robot4, {'battery-level': '63.02'}, None, None
40.05, [INFO], robot4, {'y': 30.071, 'x': -37.039, 'yaw': 3.14}, None, None
50.08, [INFO], robot4, {'battery-level': '62.46'}, None, None
50.08, [INFO], robot4, {'y': 27.954, 'x': -36.993, 'yaw': 3.14}, None, None
60.00, [INFO], robot4, {'battery-level': '61.90'}, None, None
60.00, [INFO], robot4, {'y': 25.845, 'x': -37.019, 'yaw': 3.141}, None, None
70.05, [INFO], robot4, {'battery-level': '61.34'}, None, None
70.05, [INFO], robot4, {'y': 23.721, 'x': -37.009, 'yaw': 3.14}, None, None
80.08, [INFO], robot4, {'battery-level': '60.78'}, None, None
80.08, [INFO], robot4, {'y': 21.609, 'x': -37.131, 'yaw': 3.141}, None, None
90.09, [INFO], robot4, {'battery-level': '60.22'}, None, None
90.09, [INFO], robot4, {'y': 19.493, 'x': -37.066, 'yaw': 3.142}, None, None
100.05, [INFO], robot4, {'battery-level': '59.66'}, None, None
100.05, [INFO], robot4, {'y': 17.83, 'x': -35.758, 'yaw': -3.138}, None, None
110.09, [INFO], robot4, {'battery-level': '59.10'}, None, None
110.09, [INFO], robot4, {'y': 18.731, 'x': -34.103, 'yaw': -3.142}, None, None
120.03, [INFO], robot4, {'battery-level': '58.54'}, None, None
120.03, [INFO], robot4, {'y': 18.989, 'x': -33.963, 'yaw': 3.141}, None, None
122.54, [info], nurse, sync, received-request, (status=sending-request)
122.54, [info], nurse, sync, request-sent, (status=waiting)
122.54, [info], nurse, sync, wait-message, (status=message-received)
129.97, [INFO], robot4, {'y': 17.982, 'x': -34.68, 'yaw': -3.14}, None, None
130.07, [INFO], robot4, {'battery-level': '57.98'}, None, None
140.00, [INFO], robot4, {'battery-level': '57.42'}, None, None
140.00, [INFO], robot4, {'y': 18.175, 'x': -36.507, 'yaw': 3.141}, None, None
150.09, [INFO], robot4, {'y': 17.294, 'x': -36.795, 'yaw': -3.141}, None, None
150.09, [INFO], robot4, {'battery-level': '56.86'}, None, None
160.05, [INFO], robot4, {'battery-level': '56.30'}, None, None
160.05, [INFO], robot4, {'y': 17.344, 'x': -36.92, 'yaw': 3.141}, None, None
170.09, [INFO], robot4, {'battery-level': '55.74'}, None, None
170.09, [INFO], robot4, {'y': 17.46, 'x': -37.051, 'yaw': 3.141}, None, None
180.03, [INFO], robot4, {'battery-level': '55.18'}, None, None
180.03, [INFO], robot4, {'y': 17.322, 'x': -36.827, 'yaw': 3.142}, None, None
190.01, [INFO], robot4, {'battery-level': '54.62'}, None, None
190.01, [INFO], robot4, {'y': 17.371, 'x': -36.92, 'yaw': -3.142}, None, None
200.02, [INFO], robot4, {'battery-level': '54.06'}, None, None
200.02, [INFO], robot4, {'y': 17.253, 'x': -37.093, 'yaw': 3.141}, None, None
210.08, [INFO], robot4, {'battery-level': '53.50'}, None, None
210.08, [INFO], robot4, {'y': 17.322, 'x': -36.957, 'yaw': -3.141}, None, None
220.02, [INFO], robot4, {'battery-level': '52.94'}, None, None
220.02, [INFO], robot4, {'y': 17.444, 'x': -36.842, 'yaw': -3.141}, None, None
230.04, [INFO], robot4, {'battery-level': '52.38'}, None, None
230.04, [INFO], robot4, {'y': 17.154, 'x': -36.948, 'yaw': -3.142}, None, None
240.07, [INFO], robot4, {'battery-level': '51.82'}, None, None
240.07, [INFO], robot4, {'y': 17.502, 'x': -36.991, 'yaw': -3.141}, None, None
250.08, [INFO], robot4, {'y': 17.368, 'x': -36.845, 'yaw': -3.141}, None, None
250.08, [INFO], robot4, {'battery-level': '51.26'}, None, None
260.09, [INFO], robot4, {'y': 17.232, 'x': -37.115, 'yaw': 3.14}, None, None
260.09, [INFO], robot4, {'battery-level': '50.70'}, None, None
270.03, [INFO], robot4, {'y': 17.208, 'x': -36.769, 'yaw': -3.141}, None, None
270.03, [INFO], robot4, {'battery-level': '50.14'}, None, None
280.04, [INFO], robot4, {'y': 17.295, 'x': -37.044, 'yaw': 3.142}, None, None
280.04, [INFO], robot4, {'battery-level': '49.58'}, None, None
289.95, [INFO], robot4, {'y': 17.2, 'x': -36.89, 'yaw': -3.141}, None, None
289.95, [INFO], robot4, {'battery-level': '49.02'}, None, None
300.08, [INFO], robot4, {'battery-level': '48.46'}, None, None
300.08, [INFO], robot4, {'y': 17.317, 'x': -36.853, 'yaw': -3.142}, None, None
308.37, [WARN], robot4, SKILL-FAILURE, navigation, navto_lab
310.04, [INFO], robot4, {'y': 17.243, 'x': -36.807, 'yaw': 3.142}, None, None
310.04, [INFO], robot4, {'battery-level': '47.90'}, None, None
320.09, [INFO], robot4, {'battery-level': '47.34'}, None, None
320.09, [INFO], robot4, {'y': 17.243, 'x': -36.807, 'yaw': -3.142}, None, None
