0.00, [INFO], robot2, {'battery-level': '83.45'}, None, None
0.00, [DEBUG], logger, ROBOTS_CONFIG={'avg_speed': 0.15, 'battery_charge': 0.8344531419634984, 'battery_discharge_rate': 0.00026000000000000003, 'id': 2, 'local_plan': [['navigation', ['IC Room 2', [[-19.0, 18.0, -1.57], [-19.0, 16.0], [-37.0, 16.0], [-37.0, 21.5], [-38.0, 21.5, 0.0]]], 'navto_room'], ['approach_person', ['nurse'], 'approach_nurse'], ['authenticate_person', ['nurse'], 'authenticate_nurse'], ['operate_drawer', ['open'], 'open_drawer_for_nurse'], ['send_message', ['nurse'], 'notify_nurse_of_open_drawer_for_nurse_completed'], ['wait_message', ['nurse'], 'wait_nurse_to_complete_deposit'], ['operate_drawer', ['close'], 'close_drawer_nurse'], ['navigation', ['Laboratory', [[-38.0, 21.5, 0.0], [-37.0, 21.5], [-37.0, 16.0], [-26.0, 16.0], [-26.0, 13.0, 1.57]]], 'navto_lab'], ['approach_robot', ['lab_arm'], 'approach_arm'], ['operate_drawer', ['open'], 'open_drawer_lab'], ['send_message', ['lab_arm'], 'notify_lab_arm_of_open_drawer_lab_completed'], ['wait_message', ['lab_arm'], 'wait_lab_arm_to_complete_pick_up_sample'], ['operate_drawer', ['close'], 'close_drawer_lab']], 'location': 'PC Room 6', 'name': 'r2', 'position': [-19.0, 18.0, -1.57], 'skills': ['approach_person', 'approach_robot', 'authenticate_person', 'navigation', 'operate_drawer']}, None, None
0.00, [DEBUG], logger, Simulation open, None, None
10.08, [INFO], robot2, {'battery-level': '83.21'}, None, None
10.08, [INFO], robot2, {'y': 17.455, 'x': -19.178, 'yaw': -3.141}, None, None
20.02, [INFO], robot2, {'y': 16.164, 'x': -20.321, 'yaw': 3.142}, None, None
20.02, [INFO], robot2, {'battery-level': '82.95'}, None, None
30.06, [INFO], robot2, {'y': 16.142, 'x': -22.434, 'yaw': 3.141}, None, None
30.06, [INFO], robot2, {'battery-level': '82.69'}, None, None
40.01, [INFO], robot2, {'y': 16.089, 'x': -24.53, 'yaw': 3.141}, None, None
40.01, [INFO], robot2, {'battery-level': '82.43'}, None, None
50.06, [INFO], robot2, {'battery-level': '82.17'}, None, None
50.06, [INFO], robot2, {'y': 16.064, 'x': -26.647, 'yaw': 3.141}, None, None
60.00, [INFO], robot2, {'battery-level': '81.91'}, None, None
60.00, [INFO], robot2, {'y': 16.167, 'x': -28.757, 'yaw': 3.137}, None, None
70.04, [INFO], robot2, {'battery-level': '81.65'}, None, None
70.04, [INFO], robot2, {'y': 16.112, 'x': -30.865, 'yaw': 3.141}, None, None
80.08, [INFO], robot2, {'battery-level': '81.39'}, None, None
80.08, [INFO], robot2, {'y': 15.812, 'x': -32.985, 'yaw': -3.142}, None, None
90.00, [INFO], robot2, {'battery-level': '81.13'}, None, None
90.00, [INFO], robot2, {'y': 15.357, 'x': -35.048, 'yaw': 3.14}, None, None
100.06, [INFO], robot2, {'battery-level': '80.87'}, None, None
100.06, [INFO], robot2, {'y': 16.11, 'x': -36.922, 'yaw': -3.141}, None, None
110.09, [INFO], robot2, {'battery-level': '80.61'}, None, None
110.09, [INFO], robot2, {'y': 18.227, 'x': -36.922, 'yaw': -3.142}, None, None
120.02, [INFO], robot2, {'battery-level': '80.35'}, None, None
120.02, [INFO], robot2, {'y': 20.34, 'x': -36.908, 'yaw': 3.141}, None, None
130.08, [INFO], robot2, {'battery-level': '80.09'}, None, None
130.08, [INFO], robot2, {'y': 21.536, 'x': -38.011, 'yaw': -3.142}, None, None
140.04, [INFO], robot2, {'battery-level': '79.83'}, None, None
140.04, [INFO], robot2, {'y': 21.423, 'x': -38.096, 'yaw': -3.142}, None, None
142.34, [info], nurse, sync, received-request, (status=sending-request)
142.34, [info], nurse, sync, request-sent, (status=waiting)
142.34, [info], nurse, sync, wait-message, (status=message-received)
150.08, [INFO], robot2, {'battery-level': '79.57'}, None, None
150.08, [INFO], robot2, {'y': 20.712, 'x': -37.176, 'yaw': 3.141}, None, None
160.03, [INFO], robot2, {'battery-level': '79.31'}, None, None
160.03, [INFO], robot2, {'y': 18.609, 'x': -37.139, 'yaw': 3.142}, None, None
170.09, [INFO], robot2, {'y': 16.482, 'x': -37.085, 'yaw': 3.141}, None, None
170.09, [INFO], robot2, {'battery-level': '79.05'}, None, None
180.02, [INFO], robot2, {'battery-level': '78.79'}, None, None
180.02, [INFO], robot2, {'y': 15.666, 'x': -35.203, 'yaw': 3.142}, None, None
190.03, [INFO], robot2, {'y': 15.434, 'x': -33.104, 'yaw': 3.14}, None, None
190.03, [INFO], robot2, {'battery-level': '78.53'}, None, None
200.06, [INFO], robot2, {'battery-level': '78.27'}, None, None
200.06, [INFO], robot2, {'y': 15.539, 'x': -30.986, 'yaw': -3.141}, None, None
210.07, [INFO], robot2, {'y': 15.708, 'x': -28.872, 'yaw': 3.14}, None, None
210.07, [INFO], robot2, {'battery-level': '78.01'}, None, None
220.03, [INFO], robot2, {'battery-level': '77.75'}, None, None
220.03, [INFO], robot2, {'y': 15.784, 'x': -26.776, 'yaw': 3.142}, None, None
230.09, [INFO], robot2, {'battery-level': '77.49'}, None, None
230.09, [INFO], robot2, {'y': 14.321, 'x': -25.753, 'yaw': 3.14}, None, None
240.03, [INFO], robot2, {'battery-level': '77.23'}, None, None
240.03, [INFO], robot2, {'y': 12.924, 'x': -25.942, 'yaw': -3.142}, None, None
249.49, [info], lab_arm, sync, wait-message, (status=message-received)
250.07, [INFO], robot2, {'battery-level': '76.97'}, None, None
250.07, [INFO], robot2, {'y': 12.899, 'x': -26.024, 'yaw': 3.14}, None, None
250.46, [WARN], robot2, SUCCESS, None, None
260.06, [INFO], robot2, {'y': 12.899, 'x': -26.024, 'yaw': -3.142}, None, None
260.06, [INFO], robot2, {'battery-level': '76.71'}, None, None
