0.19, [DEBUG], logger, ROBOTS_CONFIG={'avg_speed': 0.15, 'battery_charge': 0.2817995261312799, 'battery_discharge_rate': 0.00076, 'id': 5, 'local_plan': [['navigation', ['PC Room 3', [[-33.9, 18.93, 3.14], [-37.0, 18.93], [-37.0, 16.0], [-28.5, 16.0], [-28.5, 18.0, -1.57]]], 'navto_room'], ['approach_person', ['nurse'], 'approach_nurse'], ['authenticate_person', ['nurse'], 'authenticate_nurse'], ['operate_drawer', ['open'], 'open_drawer_for_nurse'], ['send_message', ['nurse'], 'notify_nurse_of_open_drawer_for_nurse_completed'], ['wait_message', ['nurse'], 'wait_nurse_to_complete_deposit'], ['operate_drawer', ['close'], 'close_drawer_nurse'], ['navigation', ['Laboratory', [[-28.5, 18.0, -1.57], [-28.5, 16.0], [-26.0, 16.0], [-26.0, 13.0, 1.57]]], 'navto_lab'], ['approach_robot', ['lab_arm'], 'approach_arm'], ['operate_drawer', ['open'], 'open_drawer_lab'], ['send_message', ['lab_arm'], 'notify_lab_arm_of_open_drawer_lab_completed'], ['wait_message', ['lab_arm'], 'wait_lab_arm_to_complete_pick_up_sample'], ['operate_drawer', ['close'], 'close_drawer_lab']], 'location': 'IC Room 6', 'name': 'r5', 'position': [-33.9, 18.93, 3.14], 'skills': ['approach_person', 'authenticate_person', 'navigation', 'operate_drawer']}, None, None
0.19, [DEBUG], logger, Simulation open, None, None
10.07, [INFO], robot5, {'battery-level': '27.50'}, None, None
10.07, [INFO], robot5, {'y': 18.383, 'x': -34.386, 'yaw': 3.142}, None, None
20.07, [INFO], robot5, {'battery-level': '26.74'}, None, None
20.07, [INFO], robot5, {'y': 17.926, 'x': -36.067, 'yaw': 3.142}, None, None
30.02, [INFO], robot5, {'battery-level': '25.98'}, None, None
30.02, [INFO], robot5, {'y': 17.994, 'x': -36.158, 'yaw': -3.14}, None, None
40.06, [INFO], robot5, {'battery-level': '25.22'}, None, None
40.06, [INFO], robot5, {'y': 17.579, 'x': -37.059, 'yaw': -3.142}, None, None
50.05, [INFO], robot5, {'battery-level': '24.46'}, None, None
50.05, [INFO], robot5, {'y': 17.439, 'x': -37.032, 'yaw': 3.141}, None, None
60.02, [INFO], robot5, {'y': 17.27, 'x': -36.938, 'yaw': -3.141}, None, None
60.02, [INFO], robot5, {'battery-level': '23.70'}, None, None
70.00, [INFO], robot5, {'battery-level': '22.94'}, None, None
70.00, [INFO], robot5, {'y': 17.392, 'x': -36.91, 'yaw': -3.141}, None, None
80.04, [INFO], robot5, {'battery-level': '22.18'}, None, None
80.04, [INFO], robot5, {'y': 17.44, 'x': -37.021, 'yaw': -3.141}, None, None
90.09, [INFO], robot5, {'battery-level': '21.42'}, None, None
90.09, [INFO], robot5, {'y': 17.291, 'x': -36.816, 'yaw': -3.141}, None, None
100.05, [INFO], robot5, {'battery-level': '20.66'}, None, None
100.05, [INFO], robot5, {'y': 17.386, 'x': -37.021, 'yaw': 3.141}, None, None
110.04, [INFO], robot5, {'y': 17.472, 'x': -36.956, 'yaw': 3.142}, None, None
110.04, [INFO], robot5, {'battery-level': '19.90'}, None, None
120.01, [INFO], robot5, {'battery-level': '19.14'}, None, None
120.01, [INFO], robot5, {'y': 17.279, 'x': -36.956, 'yaw': 3.141}, None, None
130.06, [INFO], robot5, {'battery-level': '18.38'}, None, None
130.06, [INFO], robot5, {'y': 17.299, 'x': -36.925, 'yaw': 3.141}, None, None
140.02, [INFO], robot5, {'battery-level': '17.62'}, None, None
140.02, [INFO], robot5, {'y': 17.402, 'x': -36.923, 'yaw': 3.142}, None, None
150.02, [INFO], robot5, {'battery-level': '16.86'}, None, None
150.02, [INFO], robot5, {'y': 17.342, 'x': -37.14, 'yaw': 3.141}, None, None
160.00, [INFO], robot5, {'y': 17.423, 'x': -37.011, 'yaw': -3.141}, None, None
160.00, [INFO], robot5, {'battery-level': '16.10'}, None, None
170.06, [INFO], robot5, {'battery-level': '15.34'}, None, None
170.06, [INFO], robot5, {'y': 17.268, 'x': -36.794, 'yaw': -3.142}, None, None
171.03, [WARN], robot5, SKILL-FAILURE, navigation, navto_room
