0.00, [DEBUG], nurse, NURSE_CONFIG={'location': 'PC Room 3', 'position': [-28.5, 18.0, -1.57]}, None, None
0.13, [DEBUG], logger, ROBOTS_CONFIG={'avg_speed': 0.15, 'battery_charge': 0.8344531419634984, 'battery_discharge_rate': 0.00026000000000000003, 'id': 2, 'local_plan': [['navigation', ['PC Room 3', [[-21.0, 18.0, -1.57], [-21.0, 16.0], [-28.5, 16.0], [-28.5, 18.0, -1.57]]], 'navto_room'], ['approach_person', ['nurse'], 'approach_nurse'], ['authenticate_person', ['nurse'], 'authenticate_nurse'], ['operate_drawer', ['open'], 'open_drawer_for_nurse'], ['send_message', ['nurse'], 'notify_nurse_of_open_drawer_for_nurse_completed'], ['wait_message', ['nurse'], 'wait_nurse_to_complete_deposit'], ['operate_drawer', ['close'], 'close_drawer_nurse'], ['navigation', ['Laboratory', [[-28.5, 18.0, -1.57], [-28.5, 16.0], [-26.0, 16.0], [-26.0, 13.0, 1.57]]], 'navto_lab'], ['approach_robot', ['lab_arm'], 'approach_arm'], ['operate_drawer', ['open'], 'open_drawer_lab'], ['send_message', ['lab_arm'], 'notify_lab_arm_of_open_drawer_lab_completed'], ['wait_message', ['lab_arm'], 'wait_lab_arm_to_complete_pick_up_sample'], ['operate_drawer', ['close'], 'close_drawer_lab']], 'location': 'PC Room 5', 'name': 'r2', 'position': [-21.0, 18.0, -1.57], 'skills': ['approach_person', 'approach_robot', 'authenticate_person', 'navigation', 'operate_drawer']}, None, None
0.13, [DEBUG], logger, Simulation open, None, None
10.07, [INFO], robot2, {'battery-level': '83.21'}, None, None
10.07, [INFO], robot2, {'y': 17.5, 'x': -20.962, 'yaw': -3.142}, None, None
20.03, [INFO], robot2, {'y': 16.091, 'x': -21.761, 'yaw': -3.141}, None, None
20.03, [INFO], robot2, {'battery-level': '82.95'}, None, None
30.00, [INFO], robot2, {'battery-level': '82.69'}, None, None
30.00, [INFO], robot2, {'y': 15.99, 'x': -23.872, 'yaw': 3.141}, None, None
40.03, [INFO], robot2, {'y': 15.943, 'x': -25.994, 'yaw': 3.138}, None, None
40.03, [INFO], robot2, {'battery-level': '82.43'}, None, None
50.05, [INFO], robot2, {'y': 16.047, 'x': -28.082, 'yaw': -3.137}, None, None
50.05, [INFO], robot2, {'battery-level': '82.17'}, None, None
60.01, [INFO], robot2, {'battery-level': '81.91'}, None, None
60.01, [INFO], robot2, {'y': 17.86, 'x': -28.591, 'yaw': -3.142}, None, None
67.05, [info], nurse, sync, received-request, (status=sending-request)
67.05, [info], nurse, sync, request-sent, (status=waiting)
67.05, [info], nurse, sync, wait-message, (status=message-received)
70.04, [INFO], robot2, {'battery-level': '81.65'}, None, None
70.04, [INFO], robot2, {'y': 17.625, 'x': -28.617, 'yaw': -3.142}, None, None
80.09, [INFO], robot2, {'battery-level': '81.39'}, None, None
80.09, [INFO], robot2, {'y': 16.071, 'x': -28.036, 'yaw': 3.141}, None, None
90.05, [INFO], robot2, {'y': 15.767, 'x': -26.045, 'yaw': -3.142}, None, None
90.05, [INFO], robot2, {'battery-level': '81.13'}, None, None
100.07, [INFO], robot2, {'battery-level': '80.87'}, None, None
100.07, [INFO], robot2, {'y': 13.668, 'x': -25.698, 'yaw': -3.142}, None, None
110.03, [INFO], robot2, {'y': 12.95, 'x': -25.954, 'yaw': -3.142}, None, None
110.03, [INFO], robot2, {'battery-level': '80.61'}, None, None
112.16, [info], lab_arm, sync, wait-message, (status=message-received)
113.13, [WARN], robot2, SUCCESS, None, None
