0.13, [DEBUG], logger, ROBOTS_CONFIG={'avg_speed': 0.15, 'battery_charge': 0.634952869577942, 'battery_discharge_rate': 0.00054, 'id': 2, 'local_plan': [['navigation', ['PC Room 3', [[-21.0, 18.0, -1.57], [-21.0, 16.0], [-28.5, 16.0], [-28.5, 18.0, -1.57]]], 'navto_room'], ['approach_person', ['nurse'], 'approach_nurse'], ['authenticate_person', ['nurse'], 'authenticate_nurse'], ['operate_drawer', ['open'], 'open_drawer_for_nurse'], ['send_message', ['nurse'], 'notify_nurse_of_open_drawer_for_nurse_completed'], ['wait_message', ['nurse'], 'wait_nurse_to_complete_deposit'], ['operate_drawer', ['close'], 'close_drawer_nurse'], ['navigation', ['Laboratory', [[-28.5, 18.0, -1.57], [-28.5, 16.0], [-26.0, 16.0], [-26.0, 13.0, 1.57]]], 'navto_lab'], ['approach_robot', ['lab_arm'], 'approach_arm'], ['operate_drawer', ['open'], 'open_drawer_lab'], ['send_message', ['lab_arm'], 'notify_lab_arm_of_open_drawer_lab_completed'], ['wait_message', ['lab_arm'], 'wait_lab_arm_to_complete_pick_up_sample'], ['operate_drawer', ['close'], 'close_drawer_lab']], 'location': 'PC Room 5', 'name': 'r2', 'position': [-21.0, 18.0, -1.57], 'skills': ['approach_person', 'approach_robot', 'authenticate_person', 'navigation', 'operate_drawer']}, None, None
0.13, [DEBUG], logger, Simulation open, None, None
10.05, [INFO], robot2, {'battery-level': '63.01'}, None, None
10.05, [INFO], robot2, {'y': 17.445, 'x': -20.962, 'yaw': 3.142}, None, None
20.05, [INFO], robot2, {'battery-level': '62.47'}, None, None
20.05, [INFO], robot2, {'y': 16.039, 'x': -21.814, 'yaw': -3.141}, None, None
30.09, [INFO], robot2, {'y': 15.996, 'x': -23.927, 'yaw': 3.14}, None, None
30.09, [INFO], robot2, {'battery-level': '61.93'}, None, None
40.07, [INFO], robot2, {'battery-level': '61.39'}, None, None
40.07, [INFO], robot2, {'y': 15.987, 'x': -26.044, 'yaw': 3.141}, None, None
50.07, [INFO], robot2, {'battery-level': '60.85'}, None, None
50.07, [INFO], robot2, {'y': 16.126, 'x': -28.132, 'yaw': -3.141}, None, None
60.09, [INFO], robot2, {'battery-level': '60.31'}, None, None
60.09, [INFO], robot2, {'y': 17.896, 'x': -28.559, 'yaw': 3.142}, None, None
70.01, [INFO], robot2, {'y': 17.971, 'x': -28.576, 'yaw': -3.142}, None, None
70.01, [INFO], robot2, {'battery-level': '59.77'}, None, None
70.80, [info], nurse, sync, received-request, (status=sending-request)
70.80, [info], nurse, sync, request-sent, (status=waiting)
70.80, [info], nurse, sync, wait-message, (status=message-received)
80.00, [INFO], robot2, {'y': 16.286, 'x': -28.679, 'yaw': 3.141}, None, None
80.00, [INFO], robot2, {'battery-level': '59.23'}, None, None
90.07, [INFO], robot2, {'y': 16.011, 'x': -26.647, 'yaw': 3.142}, None, None
90.07, [INFO], robot2, {'battery-level': '58.69'}, None, None
100.05, [INFO], robot2, {'y': 14.297, 'x': -25.738, 'yaw': 3.138}, None, None
100.05, [INFO], robot2, {'battery-level': '58.15'}, None, None
110.05, [INFO], robot2, {'y': 12.927, 'x': -25.953, 'yaw': -3.142}, None, None
110.05, [INFO], robot2, {'battery-level': '57.61'}, None, None
113.99, [info], lab_arm, sync, wait-message, (status=message-received)
114.98, [WARN], robot2, SUCCESS, None, None
