0.00, [DEBUG], nurse, NURSE_CONFIG={'location': 'IC Room 2', 'position': [-38.0, 21.5, 0.0]}, None, None
0.20, [DEBUG], logger, ROBOTS_CONFIG={'avg_speed': 0.15, 'battery_charge': 0.5080169438370433, 'battery_discharge_rate': 0.00038, 'id': 6, 'local_plan': [['navigation', ['IC Room 2', [[-33.9, 18.93, 3.14], [-37.0, 18.93], [-37.0, 21.5], [-38.0, 21.5, 0.0]]], 'navto_room'], ['approach_person', ['nurse'], 'approach_nurse'], ['authenticate_person', ['nurse'], 'authenticate_nurse'], ['operate_drawer', ['open'], 'open_drawer_for_nurse'], ['send_message', ['nurse'], 'notify_nurse_of_open_drawer_for_nurse_completed'], ['wait_message', ['nurse'], 'wait_nurse_to_complete_deposit'], ['operate_drawer', ['close'], 'close_drawer_nurse'], ['navigation', ['Laboratory', [[-38.0, 21.5, 0.0], [-37.0, 21.5], [-37.0, 16.0], [-26.0, 16.0], [-26.0, 13.0, 1.57]]], 'navto_lab'], ['approach_robot', ['lab_arm'], 'approach_arm'], ['operate_drawer', ['open'], 'open_drawer_lab'], ['send_message', ['lab_arm'], 'notify_lab_arm_of_open_drawer_lab_completed'], ['wait_message', ['lab_arm'], 'wait_lab_arm_to_complete_pick_up_sample'], ['operate_drawer', ['close'], 'close_drawer_lab']], 'location': 'IC Room 6', 'name': 'r6', 'position': [-33.9, 18.93, 3.14], 'skills': ['approach_person', 'approach_robot', 'authenticate_person', 'navigation', 'operate_drawer']}, None, None
0.20, [DEBUG], logger, Simulation open, None, None
10.01, [INFO], robot6, {'y': 18.598, 'x': -34.298, 'yaw': 3.142}, None, None
10.01, [INFO], robot6, {'battery-level': '50.46'}, None, None
20.07, [INFO], robot6, {'y': 17.921, 'x': -36.039, 'yaw': -3.142}, None, None
20.07, [INFO], robot6, {'battery-level': '50.08'}, None, None
30.01, [INFO], robot6, {'battery-level': '49.70'}, None, None
30.01, [INFO], robot6, {'y': 19.722, 'x': -36.831, 'yaw': 3.141}, None, None
40.06, [INFO], robot6, {'y': 21.593, 'x': -37.512, 'yaw': 3.137}, None, None
40.06, [INFO], robot6, {'battery-level': '49.32'}, None, None
50.04, [INFO], robot6, {'battery-level': '48.94'}, None, None
50.04, [INFO], robot6, {'y': 21.476, 'x': -38.1, 'yaw': -3.142}, None, None
50.68, [info], nurse, sync, received-request, (status=sending-request)
50.68, [info], nurse, sync, request-sent, (status=waiting)
50.68, [info], nurse, sync, wait-message, (status=message-received)
60.01, [INFO], robot6, {'battery-level': '48.56'}, None, None
60.01, [INFO], robot6, {'y': 20.435, 'x': -37.219, 'yaw': -3.142}, None, None
70.02, [INFO], robot6, {'y': 18.317, 'x': -37.163, 'yaw': 3.141}, None, None
70.02, [INFO], robot6, {'battery-level': '48.18'}, None, None
80.00, [INFO], robot6, {'battery-level': '47.80'}, None, None
80.00, [INFO], robot6, {'y': 16.212, 'x': -37.01, 'yaw': 3.14}, None, None
90.01, [INFO], robot6, {'battery-level': '47.42'}, None, None
90.01, [INFO], robot6, {'y': 15.458, 'x': -35.019, 'yaw': 3.141}, None, None
100.08, [INFO], robot6, {'battery-level': '47.04'}, None, None
100.08, [INFO], robot6, {'y': 15.503, 'x': -32.886, 'yaw': -3.142}, None, None
110.08, [INFO], robot6, {'y': 15.514, 'x': -30.762, 'yaw': -3.141}, None, None
110.08, [INFO], robot6, {'battery-level': '46.66'}, None, None
120.02, [INFO], robot6, {'battery-level': '46.28'}, None, None
120.02, [INFO], robot6, {'y': 15.729, 'x': -28.662, 'yaw': -3.141}, None, None
130.02, [INFO], robot6, {'y': 15.788, 'x': -26.541, 'yaw': 3.141}, None, None
130.02, [INFO], robot6, {'battery-level': '45.90'}, None, None
140.06, [INFO], robot6, {'y': 13.914, 'x': -25.71, 'yaw': 3.142}, None, None
140.06, [INFO], robot6, {'battery-level': '45.52'}, None, None
150.07, [INFO], robot6, {'y': 12.916, 'x': -25.933, 'yaw': -3.142}, None, None
150.07, [INFO], robot6, {'battery-level': '45.14'}, None, None
152.09, [info], lab_arm, sync, wait-message, (status=message-received)
153.01, [WARN], robot6, SUCCESS, None, None
