0.00, [INFO], robot1, {'battery-level': '59.15'}, None, None
0.13, [DEBUG], logger, ROBOTS_CONFIG={'avg_speed': 0.15, 'battery_charge': 0.5914703710515797, 'battery_discharge_rate': 0.0006600000000000001, 'id': 1, 'local_plan': [['navigation', ['IC Room 6', [[-11.5, 18.0, -1.57], [-11.5, 16.0], [-37.0, 16.0], [-37.0, 18.93], [-33.9, 18.93, 3.14]]], 'navto_room'], ['approach_person', ['nurse'], 'approach_nurse'], ['authenticate_person', ['nurse'], 'authenticate_nurse'], ['operate_drawer', ['open'], 'open_drawer_for_nurse'], ['send_message', ['nurse'], 'notify_nurse_of_open_drawer_for_nurse_completed'], ['wait_message', ['nurse'], 'wait_nurse_to_complete_deposit'], ['operate_drawer', ['close'], 'close_drawer_nurse'], ['navigation', ['Laboratory', [[-33.9, 18.93, 3.14], [-37.0, 18.93], [-37.0, 16.0], [-26.0, 16.0], [-26.0, 13.0, 1.57]]], 'navto_lab'], ['approach_robot', ['lab_arm'], 'approach_arm'], ['operate_drawer', ['open'], 'open_drawer_lab'], ['send_message', ['lab_arm'], 'notify_lab_arm_of_open_drawer_lab_completed'], ['wait_message', ['lab_arm'], 'wait_lab_arm_to_complete_pick_up_sample'], ['operate_drawer', ['close'], 'close_drawer_lab']], 'location': 'PC Room 8', 'name': 'r1', 'position': [-11.5, 18.0, -1.57], 'skills': ['approach_person', 'approach_robot', 'authenticate_person', 'navigation', 'operate_drawer']}, None, None
0.13, [DEBUG], logger, Simulation open, None, None
10.04, [INFO], robot1, {'battery-level': '58.55'}, None, None
10.04, [INFO], robot1, {'y': 17.485, 'x': -11.619, 'yaw': 3.141}, None, None
20.09, [INFO], robot1, {'y': 16.273, 'x': -12.875, 'yaw': 3.142}, None, None
20.09, [INFO], robot1, {'battery-level': '57.89'}, None, None
30.09, [INFO], robot1, {'battery-level': '57.23'}, None, None
30.09, [INFO], robot1, {'y': 16.19, 'x': -14.995, 'yaw': 3.141}, None, None
40.05, [INFO], robot1, {'battery-level': '56.57'}, None, None
40.05, [INFO], robot1, {'y': 16.116, 'x': -17.084, 'yaw': -3.141}, None, None
50.00, [INFO], robot1, {'battery-level': '55.91'}, None, None
50.00, [INFO], robot1, {'y': 16.248, 'x': -19.18, 'yaw': 3.142}, None, None
60.06, [INFO], robot1, {'battery-level': '55.25'}, None, None
60.06, [INFO], robot1, {'y': 16.323, 'x': -21.292, 'yaw': -3.142}, None, None
70.00, [INFO], robot1, {'battery-level': '54.59'}, None, None
70.00, [INFO], robot1, {'y': 16.152, 'x': -23.385, 'yaw': 3.14}, None, None
80.03, [INFO], robot1, {'battery-level': '53.93'}, None, None
80.03, [INFO], robot1, {'y': 16.117, 'x': -25.492, 'yaw': 3.14}, None, None
90.07, [INFO], robot1, {'battery-level': '53.27'}, None, None
90.07, [INFO], robot1, {'y': 16.181, 'x': -27.607, 'yaw': -3.142}, None, None
100.05, [INFO], robot1, {'battery-level': '52.61'}, None, None
100.05, [INFO], robot1, {'y': 16.222, 'x': -29.716, 'yaw': 3.142}, None, None
110.02, [INFO], robot1, {'battery-level': '51.95'}, None, None
110.02, [INFO], robot1, {'y': 16.039, 'x': -31.823, 'yaw': 3.142}, None, None
120.06, [INFO], robot1, {'battery-level': '51.29'}, None, None
120.06, [INFO], robot1, {'y': 15.507, 'x': -33.91, 'yaw': -3.142}, None, None
130.04, [INFO], robot1, {'battery-level': '50.63'}, None, None
130.04, [INFO], robot1, {'y': 15.524, 'x': -36.015, 'yaw': -3.14}, None, None
140.01, [INFO], robot1, {'y': 17.099, 'x': -36.795, 'yaw': -3.142}, None, None
140.01, [INFO], robot1, {'battery-level': '49.97'}, None, None
150.06, [INFO], robot1, {'battery-level': '49.31'}, None, None
150.06, [INFO], robot1, {'y': 17.639, 'x': -36.801, 'yaw': -3.142}, None, None
160.02, [INFO], robot1, {'battery-level': '48.65'}, None, None
160.02, [INFO], robot1, {'y': 17.701, 'x': -36.79, 'yaw': 3.142}, None, None
170.05, [INFO], robot1, {'battery-level': '47.99'}, None, None
170.05, [INFO], robot1, {'y': 17.7, 'x': -36.785, 'yaw': 3.142}, None, None
180.00, [INFO], robot1, {'battery-level': '47.33'}, None, None
180.00, [INFO], robot1, {'y': 17.702, 'x': -36.712, 'yaw': -3.141}, None, None
190.04, [INFO], robot1, {'battery-level': '46.67'}, None, None
190.04, [INFO], robot1, {'y': 18.071, 'x': -35.717, 'yaw': -3.141}, None, None
200.06, [INFO], robot1, {'battery-level': '46.01'}, None, None
200.06, [INFO], robot1, {'y': 18.054, 'x': -35.712, 'yaw': 3.142}, None, None
210.02, [INFO], robot1, {'y': 17.952, 'x': -36.007, 'yaw': 3.141}, None, None
210.02, [INFO], robot1, {'battery-level': '45.35'}, None, None
220.04, [INFO], robot1, {'battery-level': '44.69'}, None, None
220.04, [INFO], robot1, {'y': 18.137, 'x': -35.623, 'yaw': -3.136}, None, None
230.03, [INFO], robot1, {'battery-level': '44.03'}, None, None
230.03, [INFO], robot1, {'y': 18.148, 'x': -35.939, 'yaw': -3.138}, None, None
240.04, [INFO], robot1, {'battery-level': '43.37'}, None, None
240.04, [INFO], robot1, {'y': 18.289, 'x': -35.753, 'yaw': -3.142}, None, None
250.07, [INFO], robot1, {'y': 18.305, 'x': -35.731, 'yaw': 3.142}, None, None
250.07, [INFO], robot1, {'battery-level': '42.71'}, None, None
260.07, [INFO], robot1, {'battery-level': '42.05'}, None, None
260.07, [INFO], robot1, {'y': 18.3, 'x': -35.734, 'yaw': -3.141}, None, None
270.06, [INFO], robot1, {'battery-level': '41.39'}, None, None
270.06, [INFO], robot1, {'y': 18.297, 'x': -35.727, 'yaw': -3.136}, None, None
280.06, [INFO], robot1, {'battery-level': '40.73'}, None, None
280.06, [INFO], robot1, {'y': 18.301, 'x': -35.724, 'yaw': 3.141}, None, None
288.62, [WARN], robot1, SKILL-FAILURE, navigation, navto_room
