0.00, [INFO], robot6, {'battery-level': '50.80'}, None, None
0.00, [DEBUG], logger, ROBOTS_CONFIG={'avg_speed': 0.15, 'battery_charge': 0.5080169438370433, 'battery_discharge_rate': 0.00038, 'id': 6, 'local_plan': [['navigation', ['IC Room 2', [[-33.9, 18.93, 3.14], [-37.0, 18.93], [-37.0, 21.5], [-38.0, 21.5, 0.0]]], 'navto_room'], ['approach_person', ['nurse'], 'approach_nurse'], ['authenticate_person', ['nurse'], 'authenticate_nurse'], ['operate_drawer', ['open'], 'open_drawer_for_nurse'], ['send_message', ['nurse'], 'notify_nurse_of_open_drawer_for_nurse_completed'], ['wait_message', ['nurse'], 'wait_nurse_to_complete_deposit'], ['operate_drawer', ['close'], 'close_drawer_nurse'], ['navigation', ['Laboratory', [[-38.0, 21.5, 0.0], [-37.0, 21.5], [-37.0, 16.0], [-26.0, 16.0], [-26.0, 13.0, 1.57]]], 'navto_lab'], ['approach_robot', ['lab_arm'], 'approach_arm'], ['operate_drawer', ['open'], 'open_drawer_lab'], ['send_message', ['lab_arm'], 'notify_lab_arm_of_open_drawer_lab_completed'], ['wait_message', ['lab_arm'], 'wait_lab_arm_to_complete_pick_up_sample'], ['operate_drawer', ['close'], 'close_drawer_lab']], 'location': 'IC Room 6', 'name': 'r6', 'position': [-33.9, 18.93, 3.14], 'skills': ['approach_person', 'approach_robot', 'authenticate_person', 'navigation', 'operate_drawer']}, None, None
0.00, [DEBUG], logger, Simulation open, None, None
10.00, [INFO], robot6, {'battery-level': '50.46'}, None, None
10.00, [INFO], robot6, {'y': 18.599, 'x': -34.297, 'yaw': -3.142}, None, None
20.02, [INFO], robot6, {'battery-level': '50.08'}, None, None
20.02, [INFO], robot6, {'y': 17.913, 'x': -36.009, 'yaw': -3.142}, None, None
30.03, [INFO], robot6, {'battery-level': '49.70'}, None, None
30.03, [INFO], robot6, {'y': 19.686, 'x': -36.934, 'yaw': 3.141}, None, None
40.05, [INFO], robot6, {'y': 21.466, 'x': -37.584, 'yaw': -3.142}, None, None
40.05, [INFO], robot6, {'battery-level': '49.32'}, None, None
49.67, [info], nurse, sync, received-request, (status=sending-request)
49.67, [info], nurse, sync, request-sent, (status=waiting)
49.67, [info], nurse, sync, wait-message, (status=message-received)
50.06, [INFO], robot6, {'battery-level': '48.94'}, None, None
50.06, [INFO], robot6, {'y': 21.414, 'x': -38.068, 'yaw': 3.141}, None, None
60.10, [INFO], robot6, {'y': 20.173, 'x': -37.187, 'yaw': 3.141}, None, None
60.10, [INFO], robot6, {'battery-level': '48.56'}, None, None
70.01, [INFO], robot6, {'y': 18.086, 'x': -37.137, 'yaw': 3.14}, None, None
70.01, [INFO], robot6, {'battery-level': '48.18'}, None, None
80.02, [INFO], robot6, {'battery-level': '47.80'}, None, None
80.02, [INFO], robot6, {'y': 15.994, 'x': -36.884, 'yaw': 3.142}, None, None
90.06, [INFO], robot6, {'y': 15.439, 'x': -34.831, 'yaw': -3.142}, None, None
90.06, [INFO], robot6, {'battery-level': '47.42'}, None, None
100.02, [INFO], robot6, {'y': 15.489, 'x': -32.727, 'yaw': -3.141}, None, None
100.02, [INFO], robot6, {'battery-level': '47.04'}, None, None
110.05, [INFO], robot6, {'battery-level': '46.66'}, None, None
110.05, [INFO], robot6, {'y': 15.617, 'x': -30.606, 'yaw': -3.141}, None, None
120.08, [INFO], robot6, {'battery-level': '46.28'}, None, None
120.08, [INFO], robot6, {'y': 15.787, 'x': -28.487, 'yaw': -3.141}, None, None
130.02, [INFO], robot6, {'battery-level': '45.90'}, None, None
130.02, [INFO], robot6, {'y': 15.798, 'x': -26.383, 'yaw': -3.141}, None, None
140.02, [INFO], robot6, {'y': 13.864, 'x': -25.723, 'yaw': 3.142}, None, None
140.02, [INFO], robot6, {'battery-level': '45.52'}, None, None
150.08, [INFO], robot6, {'y': 12.913, 'x': -25.985, 'yaw': -3.142}, None, None
150.08, [INFO], robot6, {'battery-level': '45.14'}, None, None
152.47, [info], lab_arm, sync, wait-message, (status=message-received)
153.44, [WARN], robot6, SUCCESS, None, None
160.01, [INFO], robot6, {'y': 12.91, 'x': -25.983, 'yaw': 3.142}, None, None
160.01, [INFO], robot6, {'battery-level': '44.76'}, None, None
170.06, [INFO], robot6, {'battery-level': '44.38'}, None, None
170.06, [INFO], robot6, {'y': 12.91, 'x': -25.983, 'yaw': 3.142}, None, None
