0.00, [DEBUG], nurse, NURSE_CONFIG={'location': 'IC Room 2', 'position': [-38.0, 21.5, 0.0]}, None, None
0.00, [DEBUG], logger, ROBOTS_CONFIG={'avg_speed': 0.15, 'battery_charge': 0.6520875066754872, 'battery_discharge_rate': 0.0005600000000000001, 'id': 4, 'local_plan': [['navigation', ['IC Room 2', [[-32.88, 33.98, 3.14], [-37.0, 33.98], [-37.0, 21.5], [-38.0, 21.5, 0.0]]], 'navto_room'], ['approach_person', ['nurse'], 'approach_nurse'], ['authenticate_person', ['nurse'], 'authenticate_nurse'], ['operate_drawer', ['open'], 'open_drawer_for_nurse'], ['send_message', ['nurse'], 'notify_nurse_of_open_drawer_for_nurse_completed'], ['wait_message', ['nurse'], 'wait_nurse_to_complete_deposit'], ['operate_drawer', ['close'], 'close_drawer_nurse'], ['navigation', ['Laboratory', [[-38.0, 21.5, 0.0], [-37.0, 21.5], [-37.0, 16.0], [-26.0, 16.0], [-26.0, 13.0, 1.57]]], 'navto_lab'], ['approach_robot', ['lab_arm'], 'approach_arm'], ['operate_drawer', ['open'], 'open_drawer_lab'], ['send_message', ['lab_arm'], 'notify_lab_arm_of_open_drawer_lab_completed'], ['wait_message', ['lab_arm'], 'wait_lab_arm_to_complete_pick_up_sample'], ['operate_drawer', ['close'], 'close_drawer_lab']], 'location': 'IC Room 5', 'name': 'r4', 'position': [-32.88, 33.98, 3.14], 'skills': ['approach_person', 'approach_robot', 'authenticate_person', 'navigation', 'operate_drawer']}, None, None
0.00, [DEBUG], logger, Simulation open, None, None
10.00, [INFO], robot4, {'battery-level': '64.70'}, None, None
10.00, [INFO], robot4, {'y': 34.034, 'x': -33.149, 'yaw': 3.141}, None, None
20.03, [INFO], robot4, {'battery-level': '64.14'}, None, None
20.03, [INFO], robot4, {'y': 34.698, 'x': -35.166, 'yaw': -3.141}, None, None
30.02, [INFO], robot4, {'y': 33.762, 'x': -37.006, 'yaw': 3.142}, None, None
30.02, [INFO], robot4, {'battery-level': '63.58'}, None, None
40.01, [INFO], robot4, {'y': 31.65, 'x': -36.964, 'yaw': -3.142}, None, None
40.01, [INFO], robot4, {'battery-level': '63.02'}, None, None
50.00, [INFO], robot4, {'battery-level': '62.46'}, None, None
50.00, [INFO], robot4, {'y': 29.548, 'x': -37.008, 'yaw': -3.141}, None, None
60.05, [INFO], robot4, {'y': 27.437, 'x': -36.943, 'yaw': 3.142}, None, None
60.05, [INFO], robot4, {'battery-level': '61.90'}, None, None
70.06, [INFO], robot4, {'y': 25.312, 'x': -36.993, 'yaw': 3.142}, None, None
70.06, [INFO], robot4, {'battery-level': '61.34'}, None, None
79.95, [INFO], robot4, {'battery-level': '60.78'}, None, None
80.05, [INFO], robot4, {'y': 23.222, 'x': -37.027, 'yaw': 3.141}, None, None
90.08, [INFO], robot4, {'y': 21.38, 'x': -37.586, 'yaw': -3.14}, None, None
90.08, [INFO], robot4, {'battery-level': '60.22'}, None, None
100.01, [INFO], robot4, {'y': 21.351, 'x': -38.04, 'yaw': -3.142}, None, None
100.01, [INFO], robot4, {'battery-level': '59.66'}, None, None
107.32, [info], nurse, sync, received-request, (status=sending-request)
107.32, [info], nurse, sync, request-sent, (status=waiting)
107.32, [info], nurse, sync, wait-message, (status=message-received)
110.02, [INFO], robot4, {'y': 21.469, 'x': -37.763, 'yaw': 3.141}, None, None
110.02, [INFO], robot4, {'battery-level': '59.10'}, None, None
120.09, [INFO], robot4, {'battery-level': '58.54'}, None, None
120.09, [INFO], robot4, {'y': 19.763, 'x': -37.155, 'yaw': 3.142}, None, None
130.02, [INFO], robot4, {'battery-level': '57.98'}, None, None
130.02, [INFO], robot4, {'y': 17.671, 'x': -37.104, 'yaw': 3.14}, None, None
140.04, [INFO], robot4, {'battery-level': '57.42'}, None, None
140.04, [INFO], robot4, {'y': 15.858, 'x': -36.519, 'yaw': 3.142}, None, None
150.08, [INFO], robot4, {'battery-level': '56.86'}, None, None
150.08, [INFO], robot4, {'y': 15.413, 'x': -34.429, 'yaw': -3.141}, None, None
160.00, [INFO], robot4, {'battery-level': '56.30'}, None, None
160.00, [INFO], robot4, {'y': 15.556, 'x': -32.328, 'yaw': -3.141}, None, None
170.01, [INFO], robot4, {'y': 15.632, 'x': -30.214, 'yaw': -3.142}, None, None
170.01, [INFO], robot4, {'battery-level': '55.74'}, None, None
180.07, [INFO], robot4, {'battery-level': '55.18'}, None, None
180.07, [INFO], robot4, {'y': 15.783, 'x': -28.101, 'yaw': -3.142}, None, None
190.06, [INFO], robot4, {'battery-level': '54.62'}, None, None
190.06, [INFO], robot4, {'y': 15.483, 'x': -26.127, 'yaw': 3.142}, None, None
200.02, [INFO], robot4, {'battery-level': '54.06'}, None, None
200.02, [INFO], robot4, {'y': 13.428, 'x': -25.707, 'yaw': -3.142}, None, None
210.02, [INFO], robot4, {'battery-level': '53.50'}, None, None
210.02, [INFO], robot4, {'y': 12.903, 'x': -25.965, 'yaw': 3.142}, None, None
210.69, [info], lab_arm, sync, wait-message, (status=message-received)
211.66, [WARN], robot4, SUCCESS, None, None
220.09, [INFO], robot4, {'battery-level': '52.94'}, None, None
220.09, [INFO], robot4, {'y': 12.901, 'x': -25.964, 'yaw': -3.142}, None, None
230.03, [INFO], robot4, {'y': 12.901, 'x': -25.964, 'yaw': -3.142}, None, None
230.03, [INFO], robot4, {'battery-level': '52.38'}, None, None
