0.00, [INFO], robot5, {'battery-level': '28.18'}, None, None
0.12, [DEBUG], logger, ROBOTS_CONFIG={'avg_speed': 0.15, 'battery_charge': 0.2817995261312799, 'battery_discharge_rate': 0.00042, 'id': 5, 'local_plan': [['navigation', ['IC Room 6', [[-13.5, 18.0, -1.57], [-13.5, 16.0], [-37.0, 16.0], [-37.0, 18.93], [-33.9, 18.93, 3.14]]], 'navto_room'], ['approach_person', ['nurse'], 'approach_nurse'], ['authenticate_person', ['nurse'], 'authenticate_nurse'], ['operate_drawer', ['open'], 'open_drawer_for_nurse'], ['send_message', ['nurse'], 'notify_nurse_of_open_drawer_for_nurse_completed'], ['wait_message', ['nurse'], 'wait_nurse_to_complete_deposit'], ['operate_drawer', ['close'], 'close_drawer_nurse'], ['navigation', ['Laboratory', [[-33.9, 18.93, 3.14], [-37.0, 18.93], [-37.0, 16.0], [-26.0, 16.0], [-26.0, 13.0, 1.57]]], 'navto_lab'], ['approach_robot', ['lab_arm'], 'approach_arm'], ['operate_drawer', ['open'], 'open_drawer_lab'], ['send_message', ['lab_arm'], 'notify_lab_arm_of_open_drawer_lab_completed'], ['wait_message', ['lab_arm'], 'wait_lab_arm_to_complete_pick_up_sample'], ['operate_drawer', ['close'], 'close_drawer_lab']], 'location': 'PC Room 7', 'name': 'r5', 'position': [-13.5, 18.0, -1.57], 'skills': ['approach_person', 'authenticate_person', 'navigation', 'operate_drawer']}, None, None
0.12, [DEBUG], logger, Simulation open, None, None
10.07, [INFO], robot5, {'battery-level': '27.80'}, None, None
10.07, [INFO], robot5, {'y': 17.394, 'x': -13.49, 'yaw': 3.142}, None, None
20.08, [INFO], robot5, {'y': 16.016, 'x': -14.424, 'yaw': -3.142}, None, None
20.08, [INFO], robot5, {'battery-level': '27.38'}, None, None
30.03, [INFO], robot5, {'battery-level': '26.96'}, None, None
30.03, [INFO], robot5, {'y': 15.903, 'x': -16.52, 'yaw': 3.14}, None, None
40.03, [INFO], robot5, {'battery-level': '26.54'}, None, None
40.03, [INFO], robot5, {'y': 15.979, 'x': -18.637, 'yaw': -3.142}, None, None
50.07, [INFO], robot5, {'y': 16.171, 'x': -20.758, 'yaw': -3.142}, None, None
50.07, [INFO], robot5, {'battery-level': '26.12'}, None, None
60.09, [INFO], robot5, {'battery-level': '25.70'}, None, None
60.09, [INFO], robot5, {'y': 16.117, 'x': -22.867, 'yaw': 3.137}, None, None
70.09, [INFO], robot5, {'y': 16.087, 'x': -24.966, 'yaw': 3.14}, None, None
70.09, [INFO], robot5, {'battery-level': '25.28'}, None, None
80.01, [INFO], robot5, {'battery-level': '24.86'}, None, None
80.01, [INFO], robot5, {'y': 16.051, 'x': -27.065, 'yaw': 3.141}, None, None
90.05, [INFO], robot5, {'y': 16.137, 'x': -29.18, 'yaw': 3.142}, None, None
90.05, [INFO], robot5, {'battery-level': '24.44'}, None, None
100.08, [INFO], robot5, {'y': 16.042, 'x': -31.295, 'yaw': 3.142}, None, None
100.08, [INFO], robot5, {'battery-level': '24.02'}, None, None
110.04, [INFO], robot5, {'battery-level': '23.60'}, None, None
110.04, [INFO], robot5, {'y': 15.67, 'x': -33.38, 'yaw': 3.141}, None, None
120.08, [INFO], robot5, {'y': 15.45, 'x': -35.477, 'yaw': 3.141}, None, None
120.08, [INFO], robot5, {'battery-level': '23.18'}, None, None
130.03, [INFO], robot5, {'y': 16.536, 'x': -36.815, 'yaw': -3.141}, None, None
130.03, [INFO], robot5, {'battery-level': '22.76'}, None, None
140.07, [INFO], robot5, {'battery-level': '22.34'}, None, None
140.07, [INFO], robot5, {'y': 17.602, 'x': -36.8, 'yaw': -3.142}, None, None
150.07, [INFO], robot5, {'battery-level': '21.92'}, None, None
150.07, [INFO], robot5, {'y': 17.737, 'x': -36.788, 'yaw': 3.142}, None, None
160.03, [INFO], robot5, {'battery-level': '21.50'}, None, None
160.03, [INFO], robot5, {'y': 18.076, 'x': -35.904, 'yaw': 3.139}, None, None
170.03, [INFO], robot5, {'battery-level': '21.08'}, None, None
170.03, [INFO], robot5, {'y': 18.092, 'x': -35.573, 'yaw': -3.141}, None, None
180.04, [INFO], robot5, {'y': 18.092, 'x': -35.502, 'yaw': -3.138}, None, None
180.04, [INFO], robot5, {'battery-level': '20.66'}, None, None
190.07, [INFO], robot5, {'battery-level': '20.24'}, None, None
190.07, [INFO], robot5, {'y': 18.047, 'x': -35.497, 'yaw': -3.14}, None, None
198.78, [WARN], robot5, SKILL-FAILURE, navigation, navto_room
200.08, [INFO], robot5, {'y': 17.996, 'x': -35.411, 'yaw': -3.142}, None, None
200.08, [INFO], robot5, {'battery-level': '19.82'}, None, None
