0.00, [DEBUG], logger, ROBOTS_CONFIG={'avg_speed': 0.15, 'battery_charge': 0.6520875066754872, 'battery_discharge_rate': 0.00026000000000000003, 'id': 4, 'local_plan': [['navigation', ['IC Room 2', [[-32.88, 33.98, 3.14], [-37.0, 33.98], [-37.0, 21.5], [-38.0, 21.5, 0.0]]], 'navto_room'], ['approach_person', ['nurse'], 'approach_nurse'], ['authenticate_person', ['nurse'], 'authenticate_nurse'], ['operate_drawer', ['open'], 'open_drawer_for_nurse'], ['send_message', ['nurse'], 'notify_nurse_of_open_drawer_for_nurse_completed'], ['wait_message', ['nurse'], 'wait_nurse_to_complete_deposit'], ['operate_drawer', ['close'], 'close_drawer_nurse'], ['navigation', ['Laboratory', [[-38.0, 21.5, 0.0], [-37.0, 21.5], [-37.0, 16.0], [-26.0, 16.0], [-26.0, 13.0, 1.57]]], 'navto_lab'], ['approach_robot', ['lab_arm'], 'approach_arm'], ['operate_drawer', ['open'], 'open_drawer_lab'], ['send_message', ['lab_arm'], 'notify_lab_arm_of_open_drawer_lab_completed'], ['wait_message', ['lab_arm'], 'wait_lab_arm_to_complete_pick_up_sample'], ['operate_drawer', ['close'], 'close_drawer_lab']], 'location': 'IC Room 5', 'name': 'r4', 'position': [-32.88, 33.98, 3.14], 'skills': ['approach_person', 'approach_robot', 'authenticate_person', 'navigation', 'operate_drawer']}, None, None
0.00, [DEBUG], logger, Simulation open, None, None
10.04, [INFO], robot4, {'y': 34.344, 'x': -33.732, 'yaw': 3.142}, None, None
10.04, [INFO], robot4, {'battery-level': '64.97'}, None, None
20.00, [INFO], robot4, {'battery-level': '64.71'}, None, None
20.00, [INFO], robot4, {'y': 34.646, 'x': -35.794, 'yaw': 3.141}, None, None
30.02, [INFO], robot4, {'battery-level': '64.45'}, None, None
30.02, [INFO], robot4, {'y': 33.155, 'x': -36.948, 'yaw': -3.141}, None, None
40.06, [INFO], robot4, {'y': 31.045, 'x': -36.947, 'yaw': -3.141}, None, None
40.06, [INFO], robot4, {'battery-level': '64.19'}, None, None
50.01, [INFO], robot4, {'y': 28.945, 'x': -36.972, 'yaw': -3.141}, None, None
50.01, [INFO], robot4, {'battery-level': '63.93'}, None, None
60.02, [INFO], robot4, {'y': 26.818, 'x': -37.032, 'yaw': 3.142}, None, None
60.02, [INFO], robot4, {'battery-level': '63.67'}, None, None
70.05, [INFO], robot4, {'battery-level': '63.41'}, None, None
70.05, [INFO], robot4, {'y': 24.698, 'x': -36.999, 'yaw': 3.142}, None, None
80.02, [INFO], robot4, {'y': 22.602, 'x': -37.052, 'yaw': 3.14}, None, None
80.02, [INFO], robot4, {'battery-level': '63.15'}, None, None
90.08, [INFO], robot4, {'battery-level': '62.89'}, None, None
90.08, [INFO], robot4, {'y': 21.325, 'x': -37.955, 'yaw': 3.141}, None, None
98.94, [info], nurse, sync, received-request, (status=sending-request)
98.94, [info], nurse, sync, request-sent, (status=waiting)
98.94, [info], nurse, sync, wait-message, (status=message-received)
100.00, [INFO], robot4, {'y': 21.375, 'x': -38.1, 'yaw': 3.142}, None, None
100.00, [INFO], robot4, {'battery-level': '62.63'}, None, None
110.01, [INFO], robot4, {'battery-level': '62.37'}, None, None
110.01, [INFO], robot4, {'y': 20.109, 'x': -37.208, 'yaw': -3.139}, None, None
120.05, [INFO], robot4, {'battery-level': '62.11'}, None, None
120.05, [INFO], robot4, {'y': 17.991, 'x': -37.103, 'yaw': 3.141}, None, None
130.03, [INFO], robot4, {'y': 15.897, 'x': -36.852, 'yaw': 3.141}, None, None
130.03, [INFO], robot4, {'battery-level': '61.85'}, None, None
140.06, [INFO], robot4, {'y': 15.424, 'x': -34.783, 'yaw': -3.142}, None, None
140.06, [INFO], robot4, {'battery-level': '61.59'}, None, None
150.02, [INFO], robot4, {'battery-level': '61.33'}, None, None
150.02, [INFO], robot4, {'y': 15.457, 'x': -32.664, 'yaw': 3.141}, None, None
160.09, [INFO], robot4, {'y': 15.539, 'x': -30.53, 'yaw': -3.14}, None, None
160.09, [INFO], robot4, {'battery-level': '61.07'}, None, None
170.04, [INFO], robot4, {'battery-level': '60.81'}, None, None
170.04, [INFO], robot4, {'y': 15.729, 'x': -28.421, 'yaw': 3.141}, None, None
180.03, [INFO], robot4, {'battery-level': '60.55'}, None, None
180.03, [INFO], robot4, {'y': 15.702, 'x': -26.322, 'yaw': 3.141}, None, None
190.04, [INFO], robot4, {'battery-level': '60.29'}, None, None
190.04, [INFO], robot4, {'y': 13.672, 'x': -25.834, 'yaw': 3.141}, None, None
200.05, [INFO], robot4, {'y': 12.921, 'x': -25.993, 'yaw': -3.142}, None, None
200.05, [INFO], robot4, {'battery-level': '60.03'}, None, None
200.72, [info], lab_arm, sync, wait-message, (status=message-received)
201.69, [WARN], robot4, SUCCESS, None, None
