0.00, [INFO], robot3, {'battery-level': '46.27'}, None, None
0.00, [DEBUG], nurse, NURSE_CONFIG={'location': 'IC Room 6', 'position': [-33.9, 18.93, 3.14]}, None, None
0.20, [DEBUG], logger, ROBOTS_CONFIG={'avg_speed': 0.15, 'battery_charge': 0.462681764358839, 'battery_discharge_rate': 0.0004, 'id': 3, 'local_plan': [['navigation', ['IC Room 6', [[-38.0, 21.5, 0.0], [-37.0, 21.5], [-37.0, 18.93], [-33.9, 18.93, 3.14]]], 'navto_room'], ['approach_person', ['nurse'], 'approach_nurse'], ['authenticate_person', ['nurse'], 'authenticate_nurse'], ['operate_drawer', ['open'], 'open_drawer_for_nurse'], ['send_message', ['nurse'], 'notify_nurse_of_open_drawer_for_nurse_completed'], ['wait_message', ['nurse'], 'wait_nurse_to_complete_deposit'], ['operate_drawer', ['close'], 'close_drawer_nurse'], ['navigation', ['Laboratory', [[-33.9, 18.93, 3.14], [-37.0, 18.93], [-37.0, 16.0], [-26.0, 16.0], [-26.0, 13.0, 1.57]]], 'navto_lab'], ['approach_robot', ['lab_arm'], 'approach_arm'], ['operate_drawer', ['open'], 'open_drawer_lab'], ['send_message', ['lab_arm'], 'notify_lab_arm_of_open_drawer_lab_completed'], ['wait_message', ['lab_arm'], 'wait_lab_arm_to_complete_pick_up_sample'], ['operate_drawer', ['close'], 'close_drawer_lab']], 'location': 'IC Room 2', 'name': 'r3', 'position': [-38.0, 21.5, 0.0], 'skills': ['approach_person', 'approach_robot', 'authenticate_person', 'navigation', 'operate_drawer']}, None, None
0.20, [DEBUG], logger, Simulation open, None, None
10.03, [INFO], robot3, {'battery-level': '45.91'}, None, None
10.03, [INFO], robot3, {'y': 21.364, 'x': -37.201, 'yaw': -3.142}, None, None
20.07, [INFO], robot3, {'battery-level': '45.51'}, None, None
20.07, [INFO], robot3, {'y': 19.233, 'x': -37.082, 'yaw': 3.14}, None, None
30.07, [INFO], robot3, {'battery-level': '45.11'}, None, None
30.07, [INFO], robot3, {'y': 17.775, 'x': -35.533, 'yaw': 3.142}, None, None
40.01, [INFO], robot3, {'battery-level': '44.71'}, None, None
40.01, [INFO], robot3, {'y': 18.826, 'x': -34.003, 'yaw': -3.142}, None, None
47.06, [info], nurse, sync, received-request, (status=sending-request)
47.06, [info], nurse, sync, request-sent, (status=waiting)
47.06, [info], nurse, sync, wait-message, (status=message-received)
50.07, [INFO], robot3, {'battery-level': '44.31'}, None, None
50.07, [INFO], robot3, {'y': 18.809, 'x': -34.218, 'yaw': 3.142}, None, None
60.05, [INFO], robot3, {'battery-level': '43.91'}, None, None
60.05, [INFO], robot3, {'y': 17.833, 'x': -35.802, 'yaw': 3.137}, None, None
70.03, [INFO], robot3, {'y': 17.347, 'x': -37.014, 'yaw': 3.141}, None, None
70.03, [INFO], robot3, {'battery-level': '43.51'}, None, None
80.08, [INFO], robot3, {'y': 17.522, 'x': -36.897, 'yaw': 3.141}, None, None
80.08, [INFO], robot3, {'battery-level': '43.11'}, None, None
90.06, [INFO], robot3, {'battery-level': '42.71'}, None, None
90.06, [INFO], robot3, {'y': 17.203, 'x': -37.09, 'yaw': 3.141}, None, None
100.03, [INFO], robot3, {'y': 17.394, 'x': -36.966, 'yaw': 3.141}, None, None
100.03, [INFO], robot3, {'battery-level': '42.31'}, None, None
110.01, [INFO], robot3, {'battery-level': '41.91'}, None, None
110.01, [INFO], robot3, {'y': 17.262, 'x': -37.068, 'yaw': 3.142}, None, None
120.09, [INFO], robot3, {'battery-level': '41.51'}, None, None
120.09, [INFO], robot3, {'y': 17.502, 'x': -36.93, 'yaw': 3.142}, None, None
130.06, [INFO], robot3, {'y': 17.268, 'x': -37.025, 'yaw': 3.141}, None, None
130.06, [INFO], robot3, {'battery-level': '41.11'}, None, None
140.01, [INFO], robot3, {'y': 17.296, 'x': -36.933, 'yaw': -3.141}, None, None
140.01, [INFO], robot3, {'battery-level': '40.71'}, None, None
150.01, [INFO], robot3, {'y': 17.435, 'x': -37.033, 'yaw': -3.142}, None, None
150.01, [INFO], robot3, {'battery-level': '40.31'}, None, None
160.00, [INFO], robot3, {'battery-level': '39.91'}, None, None
160.00, [INFO], robot3, {'y': 17.434, 'x': -36.873, 'yaw': 3.141}, None, None
170.07, [INFO], robot3, {'y': 17.251, 'x': -37.074, 'yaw': -3.141}, None, None
170.07, [INFO], robot3, {'battery-level': '39.51'}, None, None
180.00, [INFO], robot3, {'y': 17.373, 'x': -36.789, 'yaw': 3.142}, None, None
180.00, [INFO], robot3, {'battery-level': '39.11'}, None, None
190.00, [INFO], robot3, {'battery-level': '38.71'}, None, None
190.00, [INFO], robot3, {'y': 17.289, 'x': -36.855, 'yaw': 3.141}, None, None
200.05, [INFO], robot3, {'battery-level': '38.31'}, None, None
200.05, [INFO], robot3, {'y': 17.444, 'x': -36.993, 'yaw': 3.142}, None, None
210.07, [INFO], robot3, {'battery-level': '37.91'}, None, None
210.07, [INFO], robot3, {'y': 17.286, 'x': -36.873, 'yaw': 3.142}, None, None
220.03, [INFO], robot3, {'battery-level': '37.51'}, None, None
220.03, [INFO], robot3, {'y': 17.357, 'x': -37.015, 'yaw': -3.142}, None, None
230.05, [INFO], robot3, {'battery-level': '37.11'}, None, None
230.05, [INFO], robot3, {'y': 17.415, 'x': -37.086, 'yaw': -3.141}, None, None
240.06, [INFO], robot3, {'battery-level': '36.71'}, None, None
240.06, [INFO], robot3, {'y': 17.333, 'x': -36.803, 'yaw': -3.141}, None, None
242.44, [WARN], robot3, SKILL-FAILURE, navigation, navto_lab
