0.00, [INFO], robot3, {'battery-level': '46.27'}, None, None
0.00, [DEBUG], nurse, NURSE_CONFIG={'location': 'IC Room 6', 'position': [-33.9, 18.93, 3.14]}, None, None
0.13, [DEBUG], logger, ROBOTS_CONFIG={'avg_speed': 0.15, 'battery_charge': 0.462681764358839, 'battery_discharge_rate': 0.0004, 'id': 3, 'local_plan': [['navigation', ['IC Room 6', [[-38.0, 21.5, 0.0], [-37.0, 21.5], [-37.0, 18.93], [-33.9, 18.93, 3.14]]], 'navto_room'], ['approach_person', ['nurse'], 'approach_nurse'], ['authenticate_person', ['nurse'], 'authenticate_nurse'], ['operate_drawer', ['open'], 'open_drawer_for_nurse'], ['send_message', ['nurse'], 'notify_nurse_of_open_drawer_for_nurse_completed'], ['wait_message', ['nurse'], 'wait_nurse_to_complete_deposit'], ['operate_drawer', ['close'], 'close_drawer_nurse'], ['navigation', ['Laboratory', [[-33.9, 18.93, 3.14], [-37.0, 18.93], [-37.0, 16.0], [-26.0, 16.0], [-26.0, 13.0, 1.57]]], 'navto_lab'], ['approach_robot', ['lab_arm'], 'approach_arm'], ['operate_drawer', ['open'], 'open_drawer_lab'], ['send_message', ['lab_arm'], 'notify_lab_arm_of_open_drawer_lab_completed'], ['wait_message', ['lab_arm'], 'wait_lab_arm_to_complete_pick_up_sample'], ['operate_drawer', ['close'], 'close_drawer_lab']], 'location': 'IC Room 2', 'name': 'r3', 'position': [-38.0, 21.5, 0.0], 'skills': ['approach_person', 'approach_robot', 'authenticate_person', 'navigation', 'operate_drawer']}, None, None
0.13, [DEBUG], logger, Simulation open, None, None
10.05, [INFO], robot3, {'battery-level': '45.91'}, None, None
10.05, [INFO], robot3, {'y': 21.276, 'x': -37.318, 'yaw': -3.141}, None, None
20.04, [INFO], robot3, {'battery-level': '45.51'}, None, None
20.04, [INFO], robot3, {'y': 19.192, 'x': -37.056, 'yaw': 3.141}, None, None
30.05, [INFO], robot3, {'y': 17.758, 'x': -35.503, 'yaw': 3.138}, None, None
30.05, [INFO], robot3, {'battery-level': '45.11'}, None, None
40.03, [INFO], robot3, {'battery-level': '44.71'}, None, None
40.03, [INFO], robot3, {'y': 18.821, 'x': -34.02, 'yaw': -3.142}, None, None
47.85, [info], nurse, sync, received-request, (status=sending-request)
47.85, [info], nurse, sync, request-sent, (status=waiting)
47.85, [info], nurse, sync, wait-message, (status=message-received)
50.05, [INFO], robot3, {'battery-level': '44.31'}, None, None
50.05, [INFO], robot3, {'y': 18.906, 'x': -34.138, 'yaw': 3.141}, None, None
60.00, [INFO], robot3, {'y': 17.734, 'x': -35.669, 'yaw': -3.142}, None, None
60.00, [INFO], robot3, {'battery-level': '43.91'}, None, None
70.04, [INFO], robot3, {'battery-level': '43.51'}, None, None
70.04, [INFO], robot3, {'y': 18.026, 'x': -36.201, 'yaw': -3.136}, None, None
80.02, [INFO], robot3, {'y': 18.026, 'x': -36.201, 'yaw': -3.136}, None, None
80.02, [INFO], robot3, {'battery-level': '43.11'}, None, None
90.04, [INFO], robot3, {'battery-level': '42.71'}, None, None
90.04, [INFO], robot3, {'y': 17.315, 'x': -36.955, 'yaw': -3.141}, None, None
100.01, [INFO], robot3, {'battery-level': '42.31'}, None, None
100.01, [INFO], robot3, {'y': 17.26, 'x': -37.105, 'yaw': 3.141}, None, None
110.01, [INFO], robot3, {'battery-level': '41.91'}, None, None
110.01, [INFO], robot3, {'y': 17.31, 'x': -36.953, 'yaw': -3.141}, None, None
120.07, [INFO], robot3, {'battery-level': '41.51'}, None, None
120.07, [INFO], robot3, {'y': 17.339, 'x': -37.025, 'yaw': -3.142}, None, None
130.07, [INFO], robot3, {'battery-level': '41.11'}, None, None
130.07, [INFO], robot3, {'y': 17.311, 'x': -36.861, 'yaw': -3.142}, None, None
140.02, [INFO], robot3, {'y': 17.263, 'x': -36.708, 'yaw': -3.142}, None, None
140.02, [INFO], robot3, {'battery-level': '40.71'}, None, None
150.05, [INFO], robot3, {'y': 17.397, 'x': -36.862, 'yaw': 3.141}, None, None
150.05, [INFO], robot3, {'battery-level': '40.31'}, None, None
160.08, [INFO], robot3, {'y': 17.221, 'x': -36.812, 'yaw': -3.141}, None, None
160.08, [INFO], robot3, {'battery-level': '39.91'}, None, None
170.06, [INFO], robot3, {'battery-level': '39.51'}, None, None
170.06, [INFO], robot3, {'y': 17.371, 'x': -36.932, 'yaw': -3.142}, None, None
180.08, [INFO], robot3, {'battery-level': '39.11'}, None, None
180.08, [INFO], robot3, {'y': 17.227, 'x': -37.134, 'yaw': 3.141}, None, None
190.00, [INFO], robot3, {'battery-level': '38.71'}, None, None
190.00, [INFO], robot3, {'y': 17.281, 'x': -36.814, 'yaw': -3.142}, None, None
200.07, [INFO], robot3, {'battery-level': '38.31'}, None, None
200.07, [INFO], robot3, {'y': 17.366, 'x': -36.949, 'yaw': 3.142}, None, None
210.08, [INFO], robot3, {'y': 17.364, 'x': -36.895, 'yaw': 3.141}, None, None
210.08, [INFO], robot3, {'battery-level': '37.91'}, None, None
220.01, [INFO], robot3, {'battery-level': '37.51'}, None, None
220.01, [INFO], robot3, {'y': 17.334, 'x': -36.898, 'yaw': -3.141}, None, None
229.57, [WARN], robot3, SKILL-FAILURE, navigation, navto_lab
230.09, [INFO], robot3, {'y': 17.173, 'x': -36.905, 'yaw': -3.141}, None, None
230.09, [INFO], robot3, {'battery-level': '37.11'}, None, None
240.08, [INFO], robot3, {'battery-level': '36.71'}, None, None
240.08, [INFO], robot3, {'y': 17.172, 'x': -36.904, 'yaw': -3.142}, None, None
