0.00, [DEBUG], logger, ROBOTS_CONFIG={'avg_speed': 0.15, 'battery_charge': 0.5408465660492595, 'battery_discharge_rate': 0.00072, 'id': 6, 'local_plan': [['navigation', ['IC Room 6', [[-32.88, 33.98, 3.14], [-37.0, 33.98], [-37.0, 18.93], [-33.9, 18.93, 3.14]]], 'navto_room'], ['approach_person', ['nurse'], 'approach_nurse'], ['authenticate_person', ['nurse'], 'authenticate_nurse'], ['operate_drawer', ['open'], 'open_drawer_for_nurse'], ['send_message', ['nurse'], 'notify_nurse_of_open_drawer_for_nurse_completed'], ['wait_message', ['nurse'], 'wait_nurse_to_complete_deposit'], ['operate_drawer', ['close'], 'close_drawer_nurse'], ['navigation', ['Laboratory', [[-33.9, 18.93, 3.14], [-37.0, 18.93], [-37.0, 16.0], [-26.0, 16.0], [-26.0, 13.0, 1.57]]], 'navto_lab'], ['approach_robot', ['lab_arm'], 'approach_arm'], ['operate_drawer', ['open'], 'open_drawer_lab'], ['send_message', ['lab_arm'], 'notify_lab_arm_of_open_drawer_lab_completed'], ['wait_message', ['lab_arm'], 'wait_lab_arm_to_complete_pick_up_sample'], ['operate_drawer', ['close'], 'close_drawer_lab']], 'location': 'IC Room 5', 'name': 'r6', 'position': [-32.88, 33.98, 3.14], 'skills': ['approach_person', 'approach_robot', 'authenticate_person', 'navigation', 'operate_drawer']}, None, None
0.00, [DEBUG], logger, Simulation open, None, None
10.09, [INFO], robot6, {'battery-level': '53.44'}, None, None
10.09, [INFO], robot6, {'y': 34.208, 'x': -33.472, 'yaw': -3.141}, None, None
20.02, [INFO], robot6, {'battery-level': '52.72'}, None, None
20.02, [INFO], robot6, {'y': 34.723, 'x': -35.504, 'yaw': 3.14}, None, None
30.04, [INFO], robot6, {'y': 33.469, 'x': -36.966, 'yaw': -3.142}, None, None
30.04, [INFO], robot6, {'battery-level': '52.00'}, None, None
40.02, [INFO], robot6, {'battery-level': '51.28'}, None, None
40.02, [INFO], robot6, {'y': 31.347, 'x': -36.98, 'yaw': -3.142}, None, None
50.03, [INFO], robot6, {'battery-level': '50.56'}, None, None
50.03, [INFO], robot6, {'y': 29.236, 'x': -37.046, 'yaw': -3.142}, None, None
60.05, [INFO], robot6, {'battery-level': '49.84'}, None, None
60.05, [INFO], robot6, {'y': 27.116, 'x': -36.991, 'yaw': 3.142}, None, None
70.06, [INFO], robot6, {'y': 24.986, 'x': -37.034, 'yaw': 3.142}, None, None
70.06, [INFO], robot6, {'battery-level': '49.12'}, None, None
80.02, [INFO], robot6, {'battery-level': '48.40'}, None, None
80.02, [INFO], robot6, {'y': 22.865, 'x': -37.025, 'yaw': -3.142}, None, None
90.02, [INFO], robot6, {'battery-level': '47.68'}, None, None
90.02, [INFO], robot6, {'y': 20.735, 'x': -37.105, 'yaw': -3.142}, None, None
100.02, [INFO], robot6, {'battery-level': '46.96'}, None, None
100.02, [INFO], robot6, {'y': 18.692, 'x': -36.743, 'yaw': -3.142}, None, None
110.03, [INFO], robot6, {'battery-level': '46.24'}, None, None
110.03, [INFO], robot6, {'y': 17.69, 'x': -34.984, 'yaw': 3.142}, None, None
120.04, [INFO], robot6, {'y': 18.92, 'x': -33.954, 'yaw': -3.142}, None, None
120.04, [INFO], robot6, {'battery-level': '45.52'}, None, None
126.49, [info], nurse, sync, received-request, (status=sending-request)
126.49, [info], nurse, sync, request-sent, (status=waiting)
126.49, [info], nurse, sync, wait-message, (status=message-received)
130.05, [INFO], robot6, {'battery-level': '44.80'}, None, None
130.05, [INFO], robot6, {'y': 18.713, 'x': -34.313, 'yaw': -3.142}, None, None
140.06, [INFO], robot6, {'y': 17.911, 'x': -35.965, 'yaw': 3.138}, None, None
140.06, [INFO], robot6, {'battery-level': '44.08'}, None, None
150.01, [INFO], robot6, {'battery-level': '43.36'}, None, None
150.01, [INFO], robot6, {'y': 17.363, 'x': -37.05, 'yaw': 3.142}, None, None
160.02, [INFO], robot6, {'battery-level': '42.64'}, None, None
160.02, [INFO], robot6, {'y': 17.272, 'x': -37.02, 'yaw': 3.141}, None, None
170.09, [INFO], robot6, {'battery-level': '41.92'}, None, None
170.09, [INFO], robot6, {'y': 17.49, 'x': -36.861, 'yaw': -3.141}, None, None
180.02, [INFO], robot6, {'battery-level': '41.20'}, None, None
180.02, [INFO], robot6, {'y': 17.361, 'x': -37.072, 'yaw': 3.141}, None, None
190.03, [INFO], robot6, {'battery-level': '40.48'}, None, None
190.03, [INFO], robot6, {'y': 17.395, 'x': -36.914, 'yaw': -3.142}, None, None
200.05, [INFO], robot6, {'battery-level': '39.76'}, None, None
200.05, [INFO], robot6, {'y': 17.41, 'x': -36.928, 'yaw': -3.142}, None, None
210.01, [INFO], robot6, {'battery-level': '39.04'}, None, None
210.01, [INFO], robot6, {'y': 17.403, 'x': -37.08, 'yaw': 3.141}, None, None
220.06, [INFO], robot6, {'battery-level': '38.32'}, None, None
220.06, [INFO], robot6, {'y': 17.296, 'x': -36.767, 'yaw': 3.142}, None, None
230.09, [INFO], robot6, {'battery-level': '37.60'}, None, None
230.09, [INFO], robot6, {'y': 17.282, 'x': -37.101, 'yaw': 3.141}, None, None
240.03, [INFO], robot6, {'battery-level': '36.88'}, None, None
240.03, [INFO], robot6, {'y': 17.462, 'x': -36.899, 'yaw': 3.14}, None, None
250.06, [INFO], robot6, {'battery-level': '36.16'}, None, None
250.06, [INFO], robot6, {'y': 17.41, 'x': -36.922, 'yaw': 3.142}, None, None
260.03, [INFO], robot6, {'y': 17.297, 'x': -36.825, 'yaw': 3.141}, None, None
260.03, [INFO], robot6, {'battery-level': '35.44'}, None, None
270.07, [INFO], robot6, {'battery-level': '34.72'}, None, None
270.07, [INFO], robot6, {'y': 17.453, 'x': -37.075, 'yaw': 3.142}, None, None
280.03, [INFO], robot6, {'battery-level': '34.00'}, None, None
280.03, [INFO], robot6, {'y': 17.345, 'x': -36.916, 'yaw': -3.141}, None, None
290.05, [INFO], robot6, {'battery-level': '33.28'}, None, None
290.05, [INFO], robot6, {'y': 17.278, 'x': -36.878, 'yaw': -3.142}, None, None
300.01, [INFO], robot6, {'battery-level': '32.56'}, None, None
300.01, [INFO], robot6, {'y': 17.318, 'x': -36.828, 'yaw': 3.141}, None, None
310.04, [INFO], robot6, {'battery-level': '31.84'}, None, None
310.04, [INFO], robot6, {'y': 17.306, 'x': -36.985, 'yaw': 3.142}, None, None
317.67, [WARN], robot6, SKILL-FAILURE, navigation, navto_lab
320.06, [INFO], robot6, {'y': 17.356, 'x': -37.002, 'yaw': -3.142}, None, None
320.06, [INFO], robot6, {'battery-level': '31.12'}, None, None
