0.00, [INFO], robot5, {'battery-level': '71.80'}, None, None
0.00, [DEBUG], logger, ROBOTS_CONFIG={'avg_speed': 0.15, 'battery_charge': 0.7179616530181877, 'battery_discharge_rate': 0.0002, 'id': 5, 'local_plan': [['navigation', ['IC Room 6', [[-13.5, 18.0, -1.57], [-13.5, 16.0], [-37.0, 16.0], [-37.0, 18.93], [-33.9, 18.93, 3.14]]], 'navto_room'], ['approach_person', ['nurse'], 'approach_nurse'], ['authenticate_person', ['nurse'], 'authenticate_nurse'], ['operate_drawer', ['open'], 'open_drawer_for_nurse'], ['send_message', ['nurse'], 'notify_nurse_of_open_drawer_for_nurse_completed'], ['wait_message', ['nurse'], 'wait_nurse_to_complete_deposit'], ['operate_drawer', ['close'], 'close_drawer_nurse'], ['navigation', ['Laboratory', [[-33.9, 18.93, 3.14], [-37.0, 18.93], [-37.0, 16.0], [-26.0, 16.0], [-26.0, 13.0, 1.57]]], 'navto_lab'], ['approach_robot', ['lab_arm'], 'approach_arm'], ['operate_drawer', ['open'], 'open_drawer_lab'], ['send_message', ['lab_arm'], 'notify_lab_arm_of_open_drawer_lab_completed'], ['wait_message', ['lab_arm'], 'wait_lab_arm_to_complete_pick_up_sample'], ['operate_drawer', ['close'], 'close_drawer_lab']], 'location': 'PC Room 7', 'name': 'r5', 'position': [-13.5, 18.0, -1.57], 'skills': ['approach_person', 'approach_robot', 'authenticate_person', 'navigation', 'operate_drawer']}, None, None
0.00, [DEBUG], logger, Simulation open, None, None
10.10, [INFO], robot5, {'battery-level': '71.62'}, None, None
10.10, [INFO], robot5, {'y': 17.685, 'x': -13.502, 'yaw': -3.142}, None, None
20.05, [INFO], robot5, {'battery-level': '71.42'}, None, None
20.05, [INFO], robot5, {'y': 15.938, 'x': -14.108, 'yaw': 3.14}, None, None
30.10, [INFO], robot5, {'battery-level': '71.22'}, None, None
30.10, [INFO], robot5, {'y': 15.88, 'x': -16.239, 'yaw': -3.142}, None, None
40.03, [INFO], robot5, {'y': 15.926, 'x': -18.337, 'yaw': -3.141}, None, None
40.03, [INFO], robot5, {'battery-level': '71.02'}, None, None
50.05, [INFO], robot5, {'battery-level': '70.82'}, None, None
50.05, [INFO], robot5, {'y': 16.107, 'x': -20.444, 'yaw': 3.142}, None, None
60.10, [INFO], robot5, {'battery-level': '70.62'}, None, None
60.10, [INFO], robot5, {'y': 16.093, 'x': -22.559, 'yaw': 3.141}, None, None
70.02, [INFO], robot5, {'y': 16.045, 'x': -24.65, 'yaw': 3.14}, None, None
70.02, [INFO], robot5, {'battery-level': '70.42'}, None, None
80.03, [INFO], robot5, {'battery-level': '70.22'}, None, None
80.03, [INFO], robot5, {'y': 16.037, 'x': -26.759, 'yaw': -3.142}, None, None
90.06, [INFO], robot5, {'y': 16.163, 'x': -28.866, 'yaw': 3.141}, None, None
90.06, [INFO], robot5, {'battery-level': '70.02'}, None, None
100.07, [INFO], robot5, {'battery-level': '69.82'}, None, None
100.07, [INFO], robot5, {'y': 16.081, 'x': -30.972, 'yaw': -3.142}, None, None
110.05, [INFO], robot5, {'battery-level': '69.62'}, None, None
110.05, [INFO], robot5, {'y': 15.723, 'x': -33.077, 'yaw': -3.141}, None, None
120.06, [INFO], robot5, {'battery-level': '69.42'}, None, None
120.06, [INFO], robot5, {'y': 15.416, 'x': -35.177, 'yaw': -3.141}, None, None
130.02, [INFO], robot5, {'y': 16.3, 'x': -36.823, 'yaw': -3.141}, None, None
130.02, [INFO], robot5, {'battery-level': '69.22'}, None, None
140.01, [INFO], robot5, {'battery-level': '69.02'}, None, None
140.01, [INFO], robot5, {'y': 17.651, 'x': -36.803, 'yaw': -3.142}, None, None
150.05, [INFO], robot5, {'y': 17.651, 'x': -36.803, 'yaw': -3.142}, None, None
150.05, [INFO], robot5, {'battery-level': '68.82'}, None, None
160.04, [INFO], robot5, {'battery-level': '68.62'}, None, None
160.04, [INFO], robot5, {'y': 17.651, 'x': -36.797, 'yaw': -3.141}, None, None
170.01, [INFO], robot5, {'battery-level': '68.42'}, None, None
170.01, [INFO], robot5, {'y': 17.732, 'x': -35.904, 'yaw': 3.141}, None, None
180.04, [INFO], robot5, {'y': 17.999, 'x': -35.908, 'yaw': -3.141}, None, None
180.04, [INFO], robot5, {'battery-level': '68.22'}, None, None
190.01, [INFO], robot5, {'battery-level': '68.02'}, None, None
190.01, [INFO], robot5, {'y': 18.141, 'x': -35.678, 'yaw': -3.142}, None, None
200.06, [INFO], robot5, {'battery-level': '67.82'}, None, None
200.06, [INFO], robot5, {'y': 18.25, 'x': -35.775, 'yaw': -3.142}, None, None
210.06, [INFO], robot5, {'battery-level': '67.62'}, None, None
210.06, [INFO], robot5, {'y': 18.249, 'x': -35.774, 'yaw': 3.141}, None, None
220.03, [INFO], robot5, {'battery-level': '67.42'}, None, None
220.03, [INFO], robot5, {'y': 18.251, 'x': -35.772, 'yaw': -3.142}, None, None
230.09, [INFO], robot5, {'battery-level': '67.22'}, None, None
230.09, [INFO], robot5, {'y': 18.246, 'x': -35.765, 'yaw': 3.142}, None, None
240.06, [INFO], robot5, {'y': 18.244, 'x': -35.75, 'yaw': 3.141}, None, None
240.06, [INFO], robot5, {'battery-level': '67.02'}, None, None
250.03, [INFO], robot5, {'battery-level': '66.82'}, None, None
250.03, [INFO], robot5, {'y': 18.302, 'x': -35.716, 'yaw': -3.142}, None, None
254.02, [WARN], robot5, SKILL-FAILURE, navigation, navto_room
260.00, [INFO], robot5, {'battery-level': '66.62'}, None, None
260.00, [INFO], robot5, {'y': 18.406, 'x': -35.693, 'yaw': 3.142}, None, None
