0.00, [INFO], robot3, {'battery-level': '46.27'}, None, None
0.00, [DEBUG], nurse, NURSE_CONFIG={'location': 'IC Room 2', 'position': [-38.0, 21.5, 0.0]}, None, None
0.13, [DEBUG], logger, ROBOTS_CONFIG={'avg_speed': 0.15, 'battery_charge': 0.462681764358839, 'battery_discharge_rate': 0.0004, 'id': 3, 'local_plan': [['navigation', ['IC Room 2', [[-13.5, 18.0, -1.57], [-13.5, 16.0], [-37.0, 16.0], [-37.0, 21.5], [-38.0, 21.5, 0.0]]], 'navto_room'], ['approach_person', ['nurse'], 'approach_nurse'], ['authenticate_person', ['nurse'], 'authenticate_nurse'], ['operate_drawer', ['open'], 'open_drawer_for_nurse'], ['send_message', ['nurse'], 'notify_nurse_of_open_drawer_for_nurse_completed'], ['wait_message', ['nurse'], 'wait_nurse_to_complete_deposit'], ['operate_drawer', ['close'], 'close_drawer_nurse'], ['navigation', ['Laboratory', [[-38.0, 21.5, 0.0], [-37.0, 21.5], [-37.0, 16.0], [-26.0, 16.0], [-26.0, 13.0, 1.57]]], 'navto_lab'], ['approach_robot', ['lab_arm'], 'approach_arm'], ['operate_drawer', ['open'], 'open_drawer_lab'], ['send_message', ['lab_arm'], 'notify_lab_arm_of_open_drawer_lab_completed'], ['wait_message', ['lab_arm'], 'wait_lab_arm_to_complete_pick_up_sample'], ['operate_drawer', ['close'], 'close_drawer_lab']], 'location': 'PC Room 7', 'name': 'r3', 'position': [-13.5, 18.0, -1.57], 'skills': ['approach_person', 'approach_robot', 'authenticate_person', 'navigation', 'operate_drawer']}, None, None
0.13, [DEBUG], logger, Simulation open, None, None
10.02, [INFO], robot3, {'battery-level': '45.91'}, None, None
10.02, [INFO], robot3, {'y': 17.357, 'x': -13.494, 'yaw': -3.142}, None, None
20.08, [INFO], robot3, {'y': 16.059, 'x': -14.544, 'yaw': 3.142}, None, None
20.08, [INFO], robot3, {'battery-level': '45.51'}, None, None
30.03, [INFO], robot3, {'battery-level': '45.11'}, None, None
30.03, [INFO], robot3, {'y': 15.961, 'x': -16.637, 'yaw': 3.141}, None, None
40.09, [INFO], robot3, {'battery-level': '44.71'}, None, None
40.09, [INFO], robot3, {'y': 16.049, 'x': -18.749, 'yaw': 3.141}, None, None
50.03, [INFO], robot3, {'battery-level': '44.31'}, None, None
50.03, [INFO], robot3, {'y': 16.223, 'x': -20.835, 'yaw': 3.142}, None, None
60.06, [INFO], robot3, {'y': 16.136, 'x': -22.954, 'yaw': 3.141}, None, None
60.06, [INFO], robot3, {'battery-level': '43.91'}, None, None
70.04, [INFO], robot3, {'battery-level': '43.51'}, None, None
70.04, [INFO], robot3, {'y': 16.087, 'x': -25.057, 'yaw': 3.141}, None, None
80.08, [INFO], robot3, {'y': 16.074, 'x': -27.17, 'yaw': -3.141}, None, None
80.08, [INFO], robot3, {'battery-level': '43.11'}, None, None
90.02, [INFO], robot3, {'battery-level': '42.71'}, None, None
90.02, [INFO], robot3, {'y': 16.194, 'x': -29.264, 'yaw': -3.142}, None, None
100.04, [INFO], robot3, {'battery-level': '42.31'}, None, None
100.04, [INFO], robot3, {'y': 15.992, 'x': -31.375, 'yaw': -3.142}, None, None
110.08, [INFO], robot3, {'battery-level': '41.91'}, None, None
110.08, [INFO], robot3, {'y': 15.643, 'x': -33.485, 'yaw': 3.142}, None, None
120.01, [INFO], robot3, {'battery-level': '41.51'}, None, None
120.01, [INFO], robot3, {'y': 15.48, 'x': -35.581, 'yaw': -3.141}, None, None
130.04, [INFO], robot3, {'y': 16.664, 'x': -36.857, 'yaw': 3.142}, None, None
130.04, [INFO], robot3, {'battery-level': '41.11'}, None, None
140.05, [INFO], robot3, {'battery-level': '40.71'}, None, None
140.05, [INFO], robot3, {'y': 18.781, 'x': -36.863, 'yaw': -3.142}, None, None
150.07, [INFO], robot3, {'battery-level': '40.31'}, None, None
150.07, [INFO], robot3, {'y': 20.899, 'x': -36.97, 'yaw': -3.141}, None, None
160.03, [INFO], robot3, {'y': 21.483, 'x': -38.08, 'yaw': 3.141}, None, None
160.03, [INFO], robot3, {'battery-level': '39.91'}, None, None
169.78, [info], nurse, sync, received-request, (status=sending-request)
169.78, [info], nurse, sync, request-sent, (status=waiting)
169.87, [info], nurse, sync, wait-message, (status=message-received)
170.05, [INFO], robot3, {'battery-level': '39.51'}, None, None
170.05, [INFO], robot3, {'y': 21.407, 'x': -38.089, 'yaw': 3.141}, None, None
180.05, [INFO], robot3, {'y': 20.159, 'x': -37.201, 'yaw': -3.141}, None, None
180.05, [INFO], robot3, {'battery-level': '39.11'}, None, None
190.05, [INFO], robot3, {'battery-level': '38.71'}, None, None
190.05, [INFO], robot3, {'y': 18.044, 'x': -37.111, 'yaw': 3.141}, None, None
200.07, [INFO], robot3, {'y': 16.001, 'x': -36.868, 'yaw': 3.141}, None, None
200.07, [INFO], robot3, {'battery-level': '38.31'}, None, None
210.01, [INFO], robot3, {'y': 15.436, 'x': -34.817, 'yaw': 3.142}, None, None
210.01, [INFO], robot3, {'battery-level': '37.91'}, None, None
220.01, [INFO], robot3, {'battery-level': '37.51'}, None, None
220.01, [INFO], robot3, {'y': 15.516, 'x': -32.696, 'yaw': 3.141}, None, None
230.01, [INFO], robot3, {'y': 15.572, 'x': -30.582, 'yaw': -3.141}, None, None
230.01, [INFO], robot3, {'battery-level': '37.11'}, None, None
240.00, [INFO], robot3, {'battery-level': '36.71'}, None, None
240.00, [INFO], robot3, {'y': 15.71, 'x': -28.477, 'yaw': -3.138}, None, None
250.04, [INFO], robot3, {'battery-level': '36.31'}, None, None
250.04, [INFO], robot3, {'y': 15.745, 'x': -26.343, 'yaw': 3.142}, None, None
260.05, [INFO], robot3, {'battery-level': '35.91'}, None, None
260.05, [INFO], robot3, {'y': 13.857, 'x': -25.719, 'yaw': 3.142}, None, None
270.09, [INFO], robot3, {'y': 12.922, 'x': -25.997, 'yaw': 3.142}, None, None
270.09, [INFO], robot3, {'battery-level': '35.51'}, None, None
272.28, [info], lab_arm, sync, wait-message, (status=message-received)
273.19, [WARN], robot3, SUCCESS, None, None
280.03, [INFO], robot3, {'y': 12.919, 'x': -25.995, 'yaw': -3.142}, None, None
280.03, [INFO], robot3, {'battery-level': '35.11'}, None, None
