0.13, [DEBUG], logger, ROBOTS_CONFIG={'avg_speed': 0.15, 'battery_charge': 0.5080169438370433, 'battery_discharge_rate': 0.0005200000000000001, 'id': 6, 'local_plan': [['navigation', ['IC Room 6', [[-32.88, 33.98, 3.14], [-37.0, 33.98], [-37.0, 18.93], [-33.9, 18.93, 3.14]]], 'navto_room'], ['approach_person', ['nurse'], 'approach_nurse'], ['authenticate_person', ['nurse'], 'authenticate_nurse'], ['operate_drawer', ['open'], 'open_drawer_for_nurse'], ['send_message', ['nurse'], 'notify_nurse_of_open_drawer_for_nurse_completed'], ['wait_message', ['nurse'], 'wait_nurse_to_complete_deposit'], ['operate_drawer', ['close'], 'close_drawer_nurse'], ['navigation', ['Laboratory', [[-33.9, 18.93, 3.14], [-37.0, 18.93], [-37.0, 16.0], [-26.0, 16.0], [-26.0, 13.0, 1.57]]], 'navto_lab'], ['approach_robot', ['lab_arm'], 'approach_arm'], ['operate_drawer', ['open'], 'open_drawer_lab'], ['send_message', ['lab_arm'], 'notify_lab_arm_of_open_drawer_lab_completed'], ['wait_message', ['lab_arm'], 'wait_lab_arm_to_complete_pick_up_sample'], ['operate_drawer', ['close'], 'close_drawer_lab']], 'location': 'IC Room 5', 'name': 'r6', 'position': [-32.88, 33.98, 3.14], 'skills': ['approach_person', 'approach_robot', 'authenticate_person', 'navigation', 'operate_drawer']}, None, None
0.13, [DEBUG], logger, Simulation open, None, None
10.04, [INFO], robot6, {'y': 34.305, 'x': -33.662, 'yaw': 3.142}, None, None
10.04, [INFO], robot6, {'battery-level': '50.33'}, None, None
20.07, [INFO], robot6, {'battery-level': '49.81'}, None, None
20.07, [INFO], robot6, {'y': 34.639, 'x': -35.741, 'yaw': -3.139}, None, None
29.93, [INFO], robot6, {'battery-level': '49.29'}, None, None
30.03, [INFO], robot6, {'y': 33.225, 'x': -36.943, 'yaw': -3.142}, None, None
40.06, [INFO], robot6, {'battery-level': '48.77'}, None, None
40.06, [INFO], robot6, {'y': 31.108, 'x': -36.955, 'yaw': -3.142}, None, None
50.04, [INFO], robot6, {'y': 29.007, 'x': -36.946, 'yaw': -3.141}, None, None
50.04, [INFO], robot6, {'battery-level': '48.25'}, None, None
60.00, [INFO], robot6, {'y': 26.906, 'x': -36.975, 'yaw': 3.141}, None, None
60.00, [INFO], robot6, {'battery-level': '47.73'}, None, None
70.05, [INFO], robot6, {'battery-level': '47.21'}, None, None
70.05, [INFO], robot6, {'y': 24.793, 'x': -37.002, 'yaw': 3.142}, None, None
80.04, [INFO], robot6, {'battery-level': '46.69'}, None, None
80.04, [INFO], robot6, {'y': 22.691, 'x': -37.018, 'yaw': 3.14}, None, None
90.06, [INFO], robot6, {'battery-level': '46.17'}, None, None
90.06, [INFO], robot6, {'y': 20.563, 'x': -37.102, 'yaw': 3.14}, None, None
100.07, [INFO], robot6, {'battery-level': '45.65'}, None, None
100.07, [INFO], robot6, {'y': 18.565, 'x': -36.588, 'yaw': 3.141}, None, None
110.00, [INFO], robot6, {'battery-level': '45.13'}, None, None
110.00, [INFO], robot6, {'y': 17.864, 'x': -34.739, 'yaw': -3.142}, None, None
120.06, [INFO], robot6, {'battery-level': '44.61'}, None, None
120.06, [INFO], robot6, {'y': 18.917, 'x': -33.911, 'yaw': -3.142}, None, None
123.15, [info], nurse, sync, received-request, (status=sending-request)
123.15, [info], nurse, sync, request-sent, (status=waiting)
123.15, [info], nurse, sync, wait-message, (status=message-received)
130.01, [INFO], robot6, {'battery-level': '44.09'}, None, None
130.01, [INFO], robot6, {'y': 18.051, 'x': -34.595, 'yaw': 3.141}, None, None
140.03, [INFO], robot6, {'y': 17.969, 'x': -36.199, 'yaw': 3.141}, None, None
140.03, [INFO], robot6, {'battery-level': '43.57'}, None, None
150.05, [INFO], robot6, {'battery-level': '43.05'}, None, None
150.05, [INFO], robot6, {'y': 17.411, 'x': -36.825, 'yaw': 3.141}, None, None
160.09, [INFO], robot6, {'battery-level': '42.53'}, None, None
160.09, [INFO], robot6, {'y': 17.49, 'x': -36.948, 'yaw': -3.141}, None, None
170.01, [INFO], robot6, {'y': 17.438, 'x': -36.944, 'yaw': -3.141}, None, None
170.01, [INFO], robot6, {'battery-level': '42.01'}, None, None
180.04, [INFO], robot6, {'battery-level': '41.49'}, None, None
180.04, [INFO], robot6, {'y': 17.234, 'x': -37.095, 'yaw': 3.141}, None, None
190.00, [INFO], robot6, {'battery-level': '40.97'}, None, None
190.00, [INFO], robot6, {'y': 17.362, 'x': -36.859, 'yaw': 3.142}, None, None
200.03, [INFO], robot6, {'battery-level': '40.45'}, None, None
200.03, [INFO], robot6, {'y': 17.291, 'x': -36.753, 'yaw': -3.142}, None, None
210.04, [INFO], robot6, {'battery-level': '39.93'}, None, None
210.04, [INFO], robot6, {'y': 17.272, 'x': -37.051, 'yaw': 3.14}, None, None
220.06, [INFO], robot6, {'y': 17.247, 'x': -36.721, 'yaw': -3.142}, None, None
220.06, [INFO], robot6, {'battery-level': '39.41'}, None, None
230.01, [INFO], robot6, {'y': 17.372, 'x': -36.893, 'yaw': 3.14}, None, None
230.01, [INFO], robot6, {'battery-level': '38.89'}, None, None
240.05, [INFO], robot6, {'battery-level': '38.37'}, None, None
240.05, [INFO], robot6, {'y': 17.449, 'x': -36.92, 'yaw': -3.141}, None, None
250.08, [INFO], robot6, {'battery-level': '37.85'}, None, None
250.08, [INFO], robot6, {'y': 17.446, 'x': -36.921, 'yaw': 3.142}, None, None
260.09, [INFO], robot6, {'y': 17.445, 'x': -36.921, 'yaw': -3.142}, None, None
260.09, [INFO], robot6, {'battery-level': '37.33'}, None, None
270.02, [INFO], robot6, {'battery-level': '36.81'}, None, None
270.02, [INFO], robot6, {'y': 17.306, 'x': -36.973, 'yaw': 3.141}, None, None
280.06, [INFO], robot6, {'battery-level': '36.29'}, None, None
280.06, [INFO], robot6, {'y': 17.301, 'x': -37.043, 'yaw': 3.141}, None, None
290.09, [INFO], robot6, {'y': 17.325, 'x': -36.833, 'yaw': -3.142}, None, None
290.09, [INFO], robot6, {'battery-level': '35.77'}, None, None
299.94, [INFO], robot6, {'y': 17.327, 'x': -36.919, 'yaw': 3.141}, None, None
300.03, [INFO], robot6, {'battery-level': '35.25'}, None, None
310.09, [INFO], robot6, {'battery-level': '34.73'}, None, None
310.09, [INFO], robot6, {'y': 17.404, 'x': -37.027, 'yaw': -3.142}, None, None
311.32, [WARN], robot6, SKILL-FAILURE, navigation, navto_lab
