0.00, [INFO], robot3, {'battery-level': '46.27'}, None, None
0.00, [DEBUG], nurse, NURSE_CONFIG={'location': 'IC Room 6', 'position': [-33.9, 18.93, 3.14]}, None, None
0.13, [DEBUG], logger, ROBOTS_CONFIG={'avg_speed': 0.15, 'battery_charge': 0.462681764358839, 'battery_discharge_rate': 0.0004, 'id': 3, 'local_plan': [['navigation', ['IC Room 6', [[-38.0, 21.5, 0.0], [-37.0, 21.5], [-37.0, 18.93], [-33.9, 18.93, 3.14]]], 'navto_room'], ['approach_person', ['nurse'], 'approach_nurse'], ['authenticate_person', ['nurse'], 'authenticate_nurse'], ['operate_drawer', ['open'], 'open_drawer_for_nurse'], ['send_message', ['nurse'], 'notify_nurse_of_open_drawer_for_nurse_completed'], ['wait_message', ['nurse'], 'wait_nurse_to_complete_deposit'], ['operate_drawer', ['close'], 'close_drawer_nurse'], ['navigation', ['Laboratory', [[-33.9, 18.93, 3.14], [-37.0, 18.93], [-37.0, 16.0], [-26.0, 16.0], [-26.0, 13.0, 1.57]]], 'navto_lab'], ['approach_robot', ['lab_arm'], 'approach_arm'], ['operate_drawer', ['open'], 'open_drawer_lab'], ['send_message', ['lab_arm'], 'notify_lab_arm_of_open_drawer_lab_completed'], ['wait_message', ['lab_arm'], 'wait_lab_arm_to_complete_pick_up_sample'], ['operate_drawer', ['close'], 'close_drawer_lab']], 'location': 'IC Room 2', 'name': 'r3', 'position': [-38.0, 21.5, 0.0], 'skills': ['approach_person', 'approach_robot', 'authenticate_person', 'navigation', 'operate_drawer']}, None, None
0.13, [DEBUG], logger, Simulation open, None, None
10.03, [INFO], robot3, {'battery-level': '45.91'}, None, None
10.03, [INFO], robot3, {'y': 21.348, 'x': -37.195, 'yaw': -3.142}, None, None
20.08, [INFO], robot3, {'y': 19.222, 'x': -37.051, 'yaw': 3.141}, None, None
20.08, [INFO], robot3, {'battery-level': '45.51'}, None, None
30.01, [INFO], robot3, {'y': 17.792, 'x': -35.497, 'yaw': 3.138}, None, None
30.01, [INFO], robot3, {'battery-level': '45.11'}, None, None
40.02, [INFO], robot3, {'battery-level': '44.71'}, None, None
40.02, [INFO], robot3, {'y': 18.835, 'x': -34.011, 'yaw': 3.141}, None, None
47.22, [info], nurse, sync, received-request, (status=sending-request)
47.22, [info], nurse, sync, request-sent, (status=waiting)
47.31, [info], nurse, sync, wait-message, (status=message-received)
50.03, [INFO], robot3, {'battery-level': '44.31'}, None, None
50.03, [INFO], robot3, {'y': 18.826, 'x': -34.235, 'yaw': 3.142}, None, None
60.08, [INFO], robot3, {'y': 17.819, 'x': -35.826, 'yaw': 3.141}, None, None
60.08, [INFO], robot3, {'battery-level': '43.91'}, None, None
70.03, [INFO], robot3, {'y': 17.932, 'x': -36.752, 'yaw': 3.141}, None, None
70.03, [INFO], robot3, {'battery-level': '43.51'}, None, None
80.05, [INFO], robot3, {'y': 17.445, 'x': -37.005, 'yaw': 3.141}, None, None
80.05, [INFO], robot3, {'battery-level': '43.11'}, None, None
90.02, [INFO], robot3, {'y': 17.22, 'x': -36.827, 'yaw': 3.142}, None, None
90.02, [INFO], robot3, {'battery-level': '42.71'}, None, None
100.08, [INFO], robot3, {'battery-level': '42.31'}, None, None
100.08, [INFO], robot3, {'y': 17.288, 'x': -36.737, 'yaw': -3.142}, None, None
110.07, [INFO], robot3, {'battery-level': '41.91'}, None, None
110.07, [INFO], robot3, {'y': 17.333, 'x': -37.036, 'yaw': -3.142}, None, None
120.09, [INFO], robot3, {'battery-level': '41.51'}, None, None
120.09, [INFO], robot3, {'y': 17.256, 'x': -37.021, 'yaw': -3.142}, None, None
129.99, [INFO], robot3, {'battery-level': '41.11'}, None, None
130.09, [INFO], robot3, {'y': 17.284, 'x': -37.008, 'yaw': -3.141}, None, None
140.03, [INFO], robot3, {'y': 17.486, 'x': -36.915, 'yaw': -3.141}, None, None
140.03, [INFO], robot3, {'battery-level': '40.71'}, None, None
150.04, [INFO], robot3, {'y': 17.376, 'x': -36.778, 'yaw': 3.142}, None, None
150.04, [INFO], robot3, {'battery-level': '40.31'}, None, None
160.02, [INFO], robot3, {'battery-level': '39.91'}, None, None
160.02, [INFO], robot3, {'y': 17.316, 'x': -36.98, 'yaw': 3.142}, None, None
170.00, [INFO], robot3, {'battery-level': '39.51'}, None, None
170.00, [INFO], robot3, {'y': 17.2, 'x': -37.108, 'yaw': 3.141}, None, None
180.08, [INFO], robot3, {'battery-level': '39.11'}, None, None
180.08, [INFO], robot3, {'y': 17.314, 'x': -36.935, 'yaw': -3.141}, None, None
190.09, [INFO], robot3, {'y': 17.144, 'x': -37.013, 'yaw': 3.141}, None, None
190.09, [INFO], robot3, {'battery-level': '38.71'}, None, None
200.05, [INFO], robot3, {'battery-level': '38.31'}, None, None
200.05, [INFO], robot3, {'y': 17.287, 'x': -37.058, 'yaw': -3.141}, None, None
210.03, [INFO], robot3, {'battery-level': '37.91'}, None, None
210.03, [INFO], robot3, {'y': 17.096, 'x': -37.135, 'yaw': 3.141}, None, None
220.07, [INFO], robot3, {'battery-level': '37.51'}, None, None
220.07, [INFO], robot3, {'y': 17.276, 'x': -36.746, 'yaw': -3.142}, None, None
230.03, [INFO], robot3, {'y': 17.387, 'x': -36.916, 'yaw': 3.141}, None, None
230.03, [INFO], robot3, {'battery-level': '37.11'}, None, None
237.63, [WARN], robot3, SKILL-FAILURE, navigation, navto_lab
240.03, [INFO], robot3, {'battery-level': '36.71'}, None, None
240.03, [INFO], robot3, {'y': 17.216, 'x': -36.736, 'yaw': -3.142}, None, None
