0.00, [DEBUG], nurse, NURSE_CONFIG={'location': 'IC Room 6', 'position': [-33.9, 18.93, 3.14]}, None, None
0.12, [DEBUG], logger, ROBOTS_CONFIG={'avg_speed': 0.15, 'battery_charge': 0.5779176354739738, 'battery_discharge_rate': 0.00054, 'id': 2, 'local_plan': [['navigation', ['IC Room 6', [[-19.0, 18.0, -1.57], [-19.0, 16.0], [-37.0, 16.0], [-37.0, 18.93], [-33.9, 18.93, 3.14]]], 'navto_room'], ['approach_person', ['nurse'], 'approach_nurse'], ['authenticate_person', ['nurse'], 'authenticate_nurse'], ['operate_drawer', ['open'], 'open_drawer_for_nurse'], ['send_message', ['nurse'], 'notify_nurse_of_open_drawer_for_nurse_completed'], ['wait_message', ['nurse'], 'wait_nurse_to_complete_deposit'], ['operate_drawer', ['close'], 'close_drawer_nurse'], ['navigation', ['Laboratory', [[-33.9, 18.93, 3.14], [-37.0, 18.93], [-37.0, 16.0], [-26.0, 16.0], [-26.0, 13.0, 1.57]]], 'navto_lab'], ['approach_robot', ['lab_arm'], 'approach_arm'], ['operate_drawer', ['open'], 'open_drawer_lab'], ['send_message', ['lab_arm'], 'notify_lab_arm_of_open_drawer_lab_completed'], ['wait_message', ['lab_arm'], 'wait_lab_arm_to_complete_pick_up_sample'], ['operate_drawer', ['close'], 'close_drawer_lab']], 'location': 'PC Room 6', 'name': 'r2', 'position': [-19.0, 18.0, -1.57], 'skills': ['approach_person', 'approach_robot', 'authenticate_person', 'navigation', 'operate_drawer']}, None, None
0.12, [DEBUG], logger, Simulation open, None, None
10.08, [INFO], robot2, {'y': 17.624, 'x': -19.121, 'yaw': 3.136}, None, None
10.08, [INFO], robot2, {'battery-level': '57.31'}, None, None
20.08, [INFO], robot2, {'battery-level': '56.77'}, None, None
20.08, [INFO], robot2, {'y': 16.14, 'x': -20.111, 'yaw': 3.141}, None, None
30.06, [INFO], robot2, {'y': 16.153, 'x': -22.214, 'yaw': -3.142}, None, None
30.06, [INFO], robot2, {'battery-level': '56.23'}, None, None
40.02, [INFO], robot2, {'battery-level': '55.69'}, None, None
40.02, [INFO], robot2, {'y': 16.093, 'x': -24.308, 'yaw': 3.14}, None, None
50.02, [INFO], robot2, {'battery-level': '55.15'}, None, None
50.02, [INFO], robot2, {'y': 16.083, 'x': -26.416, 'yaw': -3.142}, None, None
60.07, [INFO], robot2, {'y': 16.169, 'x': -28.538, 'yaw': 3.142}, None, None
60.07, [INFO], robot2, {'battery-level': '54.61'}, None, None
70.03, [INFO], robot2, {'battery-level': '54.07'}, None, None
70.03, [INFO], robot2, {'y': 16.15, 'x': -30.642, 'yaw': -3.142}, None, None
80.09, [INFO], robot2, {'battery-level': '53.53'}, None, None
80.09, [INFO], robot2, {'y': 15.89, 'x': -32.765, 'yaw': -3.141}, None, None
90.09, [INFO], robot2, {'battery-level': '52.99'}, None, None
90.09, [INFO], robot2, {'y': 15.394, 'x': -34.843, 'yaw': -3.141}, None, None
100.03, [INFO], robot2, {'battery-level': '52.45'}, None, None
100.03, [INFO], robot2, {'y': 16.101, 'x': -36.688, 'yaw': 3.141}, None, None
110.03, [INFO], robot2, {'y': 17.553, 'x': -36.702, 'yaw': -3.142}, None, None
110.03, [INFO], robot2, {'battery-level': '51.91'}, None, None
120.03, [INFO], robot2, {'y': 17.635, 'x': -36.697, 'yaw': -3.142}, None, None
120.03, [INFO], robot2, {'battery-level': '51.37'}, None, None
130.01, [INFO], robot2, {'battery-level': '50.83'}, None, None
130.01, [INFO], robot2, {'y': 18.063, 'x': -35.811, 'yaw': -3.142}, None, None
140.09, [INFO], robot2, {'y': 18.08, 'x': -35.669, 'yaw': -3.142}, None, None
140.09, [INFO], robot2, {'battery-level': '50.29'}, None, None
150.06, [INFO], robot2, {'y': 18.227, 'x': -35.795, 'yaw': -3.141}, None, None
150.06, [INFO], robot2, {'battery-level': '49.75'}, None, None
160.03, [INFO], robot2, {'battery-level': '49.21'}, None, None
160.03, [INFO], robot2, {'y': 18.25, 'x': -35.746, 'yaw': -3.142}, None, None
170.09, [INFO], robot2, {'battery-level': '48.67'}, None, None
170.09, [INFO], robot2, {'y': 18.259, 'x': -35.745, 'yaw': -3.141}, None, None
179.96, [INFO], robot2, {'y': 18.252, 'x': -35.742, 'yaw': -3.142}, None, None
180.06, [INFO], robot2, {'battery-level': '48.13'}, None, None
190.03, [INFO], robot2, {'battery-level': '47.59'}, None, None
190.03, [INFO], robot2, {'y': 18.299, 'x': -35.834, 'yaw': -3.142}, None, None
200.05, [INFO], robot2, {'y': 18.22, 'x': -35.637, 'yaw': -3.136}, None, None
200.05, [INFO], robot2, {'battery-level': '47.05'}, None, None
201.42, [WARN], robot2, SKILL-FAILURE, navigation, navto_room
