0.00, [DEBUG], nurse, NURSE_CONFIG={'location': 'IC Room 6', 'position': [-33.9, 18.93, 3.14]}, None, None
0.11, [DEBUG], logger, ROBOTS_CONFIG={'avg_speed': 0.15, 'battery_charge': 0.4863040833267539, 'battery_discharge_rate': 0.0006000000000000001, 'id': 4, 'local_plan': [['navigation', ['IC Room 6', [[-39.44, 33.95, 0.0], [-37.0, 33.95], [-37.0, 18.93], [-33.9, 18.93, 3.14]]], 'navto_room'], ['approach_person', ['nurse'], 'approach_nurse'], ['authenticate_person', ['nurse'], 'authenticate_nurse'], ['operate_drawer', ['open'], 'open_drawer_for_nurse'], ['send_message', ['nurse'], 'notify_nurse_of_open_drawer_for_nurse_completed'], ['wait_message', ['nurse'], 'wait_nurse_to_complete_deposit'], ['operate_drawer', ['close'], 'close_drawer_nurse'], ['navigation', ['Laboratory', [[-33.9, 18.93, 3.14], [-37.0, 18.93], [-37.0, 16.0], [-26.0, 16.0], [-26.0, 13.0, 1.57]]], 'navto_lab'], ['approach_robot', ['lab_arm'], 'approach_arm'], ['operate_drawer', ['open'], 'open_drawer_lab'], ['send_message', ['lab_arm'], 'notify_lab_arm_of_open_drawer_lab_completed'], ['wait_message', ['lab_arm'], 'wait_lab_arm_to_complete_pick_up_sample'], ['operate_drawer', ['close'], 'close_drawer_lab']], 'location': 'IC Room 4', 'name': 'r4', 'position': [-39.44, 33.95, 0.0], 'skills': ['approach_person', 'approach_robot', 'authenticate_person', 'navigation', 'operate_drawer']}, None, None
0.11, [DEBUG], logger, Simulation open, None, None
10.00, [INFO], robot4, {'battery-level': '48.09'}, None, None
10.00, [INFO], robot4, {'y': 34.361, 'x': -38.521, 'yaw': 3.141}, None, None
20.03, [INFO], robot4, {'battery-level': '47.49'}, None, None
20.03, [INFO], robot4, {'y': 33.591, 'x': -37.045, 'yaw': -3.142}, None, None
30.09, [INFO], robot4, {'battery-level': '46.89'}, None, None
30.09, [INFO], robot4, {'y': 31.472, 'x': -37.037, 'yaw': -3.142}, None, None
40.01, [INFO], robot4, {'battery-level': '46.29'}, None, None
40.01, [INFO], robot4, {'y': 29.381, 'x': -37.034, 'yaw': -3.142}, None, None
50.07, [INFO], robot4, {'battery-level': '45.69'}, None, None
50.07, [INFO], robot4, {'y': 27.259, 'x': -36.991, 'yaw': -3.142}, None, None
60.01, [INFO], robot4, {'y': 25.158, 'x': -36.99, 'yaw': 3.142}, None, None
60.01, [INFO], robot4, {'battery-level': '45.09'}, None, None
70.02, [INFO], robot4, {'battery-level': '44.49'}, None, None
70.02, [INFO], robot4, {'y': 23.05, 'x': -37.033, 'yaw': 3.14}, None, None
80.07, [INFO], robot4, {'battery-level': '43.89'}, None, None
80.07, [INFO], robot4, {'y': 20.945, 'x': -37.149, 'yaw': 3.141}, None, None
90.10, [INFO], robot4, {'y': 18.839, 'x': -36.943, 'yaw': 3.142}, None, None
90.10, [INFO], robot4, {'battery-level': '43.29'}, None, None
100.02, [INFO], robot4, {'battery-level': '42.69'}, None, None
100.02, [INFO], robot4, {'y': 17.647, 'x': -35.268, 'yaw': 3.139}, None, None
110.06, [INFO], robot4, {'battery-level': '42.09'}, None, None
110.06, [INFO], robot4, {'y': 18.885, 'x': -33.983, 'yaw': 3.142}, None, None
120.08, [INFO], robot4, {'y': 18.98, 'x': -33.947, 'yaw': -3.142}, None, None
120.08, [INFO], robot4, {'battery-level': '41.49'}, None, None
120.65, [info], nurse, sync, received-request, (status=sending-request)
120.65, [info], nurse, sync, request-sent, (status=waiting)
120.75, [info], nurse, sync, wait-message, (status=message-received)
130.09, [INFO], robot4, {'y': 17.842, 'x': -35.072, 'yaw': -3.142}, None, None
130.09, [INFO], robot4, {'battery-level': '40.89'}, None, None
140.09, [INFO], robot4, {'y': 18.002, 'x': -36.841, 'yaw': 3.141}, None, None
140.09, [INFO], robot4, {'battery-level': '40.29'}, None, None
150.07, [INFO], robot4, {'battery-level': '39.69'}, None, None
150.07, [INFO], robot4, {'y': 17.334, 'x': -37.1, 'yaw': 3.141}, None, None
160.00, [INFO], robot4, {'y': 17.361, 'x': -37.024, 'yaw': 3.14}, None, None
160.00, [INFO], robot4, {'battery-level': '39.09'}, None, None
170.03, [INFO], robot4, {'y': 17.326, 'x': -36.807, 'yaw': 3.142}, None, None
170.03, [INFO], robot4, {'battery-level': '38.49'}, None, None
180.06, [INFO], robot4, {'battery-level': '37.89'}, None, None
180.06, [INFO], robot4, {'y': 17.345, 'x': -37.047, 'yaw': -3.141}, None, None
190.06, [INFO], robot4, {'y': 17.406, 'x': -37.023, 'yaw': 3.141}, None, None
190.06, [INFO], robot4, {'battery-level': '37.29'}, None, None
200.10, [INFO], robot4, {'battery-level': '36.69'}, None, None
200.10, [INFO], robot4, {'y': 17.33, 'x': -36.8, 'yaw': -3.141}, None, None
210.06, [INFO], robot4, {'battery-level': '36.09'}, None, None
210.06, [INFO], robot4, {'y': 17.236, 'x': -36.849, 'yaw': -3.142}, None, None
220.00, [INFO], robot4, {'y': 17.331, 'x': -36.791, 'yaw': 3.142}, None, None
220.00, [INFO], robot4, {'battery-level': '35.49'}, None, None
230.02, [INFO], robot4, {'battery-level': '34.89'}, None, None
230.02, [INFO], robot4, {'y': 17.413, 'x': -37.048, 'yaw': 3.141}, None, None
240.03, [INFO], robot4, {'y': 17.469, 'x': -37.069, 'yaw': -3.142}, None, None
240.03, [INFO], robot4, {'battery-level': '34.29'}, None, None
250.01, [INFO], robot4, {'battery-level': '33.69'}, None, None
250.01, [INFO], robot4, {'y': 17.319, 'x': -37.114, 'yaw': 3.142}, None, None
260.05, [INFO], robot4, {'y': 17.542, 'x': -36.842, 'yaw': 3.141}, None, None
260.05, [INFO], robot4, {'battery-level': '33.09'}, None, None
270.09, [INFO], robot4, {'battery-level': '32.49'}, None, None
270.09, [INFO], robot4, {'y': 17.391, 'x': -36.781, 'yaw': 3.141}, None, None
280.09, [INFO], robot4, {'y': 17.248, 'x': -37.013, 'yaw': 3.141}, None, None
280.09, [INFO], robot4, {'battery-level': '31.89'}, None, None
290.00, [INFO], robot4, {'y': 17.399, 'x': -36.922, 'yaw': 3.14}, None, None
290.00, [INFO], robot4, {'battery-level': '31.29'}, None, None
300.02, [INFO], robot4, {'y': 17.401, 'x': -36.829, 'yaw': -3.141}, None, None
300.02, [INFO], robot4, {'battery-level': '30.69'}, None, None
310.03, [INFO], robot4, {'y': 17.39, 'x': -36.776, 'yaw': -3.142}, None, None
310.03, [INFO], robot4, {'battery-level': '30.09'}, None, None
317.83, [WARN], robot4, SKILL-FAILURE, navigation, navto_lab
