0.00, [DEBUG], nurse, NURSE_CONFIG={'location': 'IC Room 2', 'position': [-38.0, 21.5, 0.0]}, None, None
0.00, [INFO], robot4, {'battery-level': '48.63'}, None, None
0.13, [DEBUG], logger, ROBOTS_CONFIG={'avg_speed': 0.15, 'battery_charge': 0.4863040833267539, 'battery_discharge_rate': 0.0006000000000000001, 'id': 4, 'local_plan': [['navigation', ['IC Room 2', [[-32.88, 33.98, 3.14], [-37.0, 33.98], [-37.0, 21.5], [-38.0, 21.5, 0.0]]], 'navto_room'], ['approach_person', ['nurse'], 'approach_nurse'], ['authenticate_person', ['nurse'], 'authenticate_nurse'], ['operate_drawer', ['open'], 'open_drawer_for_nurse'], ['send_message', ['nurse'], 'notify_nurse_of_open_drawer_for_nurse_completed'], ['wait_message', ['nurse'], 'wait_nurse_to_complete_deposit'], ['operate_drawer', ['close'], 'close_drawer_nurse'], ['navigation', ['Laboratory', [[-38.0, 21.5, 0.0], [-37.0, 21.5], [-37.0, 16.0], [-26.0, 16.0], [-26.0, 13.0, 1.57]]], 'navto_lab'], ['approach_robot', ['lab_arm'], 'approach_arm'], ['operate_drawer', ['open'], 'open_drawer_lab'], ['send_message', ['lab_arm'], 'notify_lab_arm_of_open_drawer_lab_completed'], ['wait_message', ['lab_arm'], 'wait_lab_arm_to_complete_pick_up_sample'], ['operate_drawer', ['close'], 'close_drawer_lab']], 'location': 'IC Room 5', 'name': 'r4', 'position': [-32.88, 33.98, 3.14], 'skills': ['approach_person', 'approach_robot', 'authenticate_person', 'navigation', 'operate_drawer']}, None, None
0.13, [DEBUG], logger, Simulation open, None, None
10.02, [INFO], robot4, {'battery-level': '48.09'}, None, None
10.02, [INFO], robot4, {'y': 34.259, 'x': -33.606, 'yaw': 3.142}, None, None
20.07, [INFO], robot4, {'battery-level': '47.49'}, None, None
20.07, [INFO], robot4, {'y': 34.701, 'x': -35.672, 'yaw': 3.138}, None, None
30.05, [INFO], robot4, {'battery-level': '46.89'}, None, None
30.05, [INFO], robot4, {'y': 33.244, 'x': -36.771, 'yaw': -3.142}, None, None
40.02, [INFO], robot4, {'y': 31.136, 'x': -36.789, 'yaw': 3.14}, None, None
40.02, [INFO], robot4, {'battery-level': '46.29'}, None, None
50.00, [INFO], robot4, {'battery-level': '45.69'}, None, None
50.00, [INFO], robot4, {'y': 29.023, 'x': -36.828, 'yaw': 3.141}, None, None
60.06, [INFO], robot4, {'battery-level': '45.09'}, None, None
60.06, [INFO], robot4, {'y': 26.906, 'x': -36.831, 'yaw': -3.141}, None, None
70.02, [INFO], robot4, {'battery-level': '44.49'}, None, None
70.02, [INFO], robot4, {'y': 24.795, 'x': -36.931, 'yaw': 3.141}, None, None
80.09, [INFO], robot4, {'y': 22.657, 'x': -37.0, 'yaw': 3.141}, None, None
80.09, [INFO], robot4, {'battery-level': '43.89'}, None, None
90.05, [INFO], robot4, {'battery-level': '43.29'}, None, None
90.05, [INFO], robot4, {'y': 21.311, 'x': -37.904, 'yaw': 3.14}, None, None
100.00, [INFO], robot4, {'y': 21.426, 'x': -38.034, 'yaw': 3.141}, None, None
100.00, [INFO], robot4, {'battery-level': '42.69'}, None, None
110.06, [INFO], robot4, {'y': 21.398, 'x': -38.108, 'yaw': 3.141}, None, None
110.06, [INFO], robot4, {'battery-level': '42.09'}, None, None
110.92, [info], nurse, sync, received-request, (status=sending-request)
110.92, [info], nurse, sync, request-sent, (status=waiting)
110.92, [info], nurse, sync, wait-message, (status=message-received)
120.01, [INFO], robot4, {'battery-level': '41.49'}, None, None
120.01, [INFO], robot4, {'y': 20.558, 'x': -37.222, 'yaw': 3.141}, None, None
130.05, [INFO], robot4, {'y': 18.435, 'x': -37.083, 'yaw': 3.141}, None, None
130.05, [INFO], robot4, {'battery-level': '40.89'}, None, None
140.02, [INFO], robot4, {'y': 16.323, 'x': -37.033, 'yaw': 3.142}, None, None
140.02, [INFO], robot4, {'battery-level': '40.29'}, None, None
150.09, [INFO], robot4, {'battery-level': '39.69'}, None, None
150.09, [INFO], robot4, {'y': 15.546, 'x': -35.173, 'yaw': -3.141}, None, None
160.06, [INFO], robot4, {'battery-level': '39.09'}, None, None
160.06, [INFO], robot4, {'y': 15.405, 'x': -33.075, 'yaw': 3.14}, None, None
170.03, [INFO], robot4, {'battery-level': '38.49'}, None, None
170.03, [INFO], robot4, {'y': 15.496, 'x': -30.956, 'yaw': -3.141}, None, None
180.09, [INFO], robot4, {'battery-level': '37.89'}, None, None
180.09, [INFO], robot4, {'y': 15.754, 'x': -28.834, 'yaw': 3.14}, None, None
190.05, [INFO], robot4, {'battery-level': '37.29'}, None, None
190.05, [INFO], robot4, {'y': 15.812, 'x': -26.728, 'yaw': -3.142}, None, None
200.01, [INFO], robot4, {'battery-level': '36.69'}, None, None
200.01, [INFO], robot4, {'y': 14.301, 'x': -25.703, 'yaw': 3.138}, None, None
210.07, [INFO], robot4, {'battery-level': '36.09'}, None, None
210.07, [INFO], robot4, {'y': 12.912, 'x': -25.953, 'yaw': 3.142}, None, None
214.72, [info], lab_arm, sync, wait-message, (status=message-received)
215.68, [WARN], robot4, SUCCESS, None, None
