0.00, [DEBUG], nurse, NURSE_CONFIG={'location': 'PC Room 3', 'position': [-28.5, 18.0, -1.57]}, None, None
0.00, [DEBUG], logger, ROBOTS_CONFIG={'avg_speed': 0.15, 'battery_charge': 0.5779176354739738, 'battery_discharge_rate': 0.00054, 'id': 2, 'local_plan': [['navigation', ['PC Room 3', [[-21.0, 18.0, -1.57], [-21.0, 16.0], [-28.5, 16.0], [-28.5, 18.0, -1.57]]], 'navto_room'], ['approach_person', ['nurse'], 'approach_nurse'], ['authenticate_person', ['nurse'], 'authenticate_nurse'], ['operate_drawer', ['open'], 'open_drawer_for_nurse'], ['send_message', ['nurse'], 'notify_nurse_of_open_drawer_for_nurse_completed'], ['wait_message', ['nurse'], 'wait_nurse_to_complete_deposit'], ['operate_drawer', ['close'], 'close_drawer_nurse'], ['navigation', ['Laboratory', [[-28.5, 18.0, -1.57], [-28.5, 16.0], [-26.0, 16.0], [-26.0, 13.0, 1.57]]], 'navto_lab'], ['approach_robot', ['lab_arm'], 'approach_arm'], ['operate_drawer', ['open'], 'open_drawer_lab'], ['send_message', ['lab_arm'], 'notify_lab_arm_of_open_drawer_lab_completed'], ['wait_message', ['lab_arm'], 'wait_lab_arm_to_complete_pick_up_sample'], ['operate_drawer', ['close'], 'close_drawer_lab']], 'location': 'PC Room 5', 'name': 'r2', 'position': [-21.0, 18.0, -1.57], 'skills': ['approach_person', 'approach_robot', 'authenticate_person', 'navigation', 'operate_drawer']}, None, None
0.00, [DEBUG], logger, Simulation open, None, None
10.01, [INFO], robot2, {'battery-level': '57.31'}, None, None
10.01, [INFO], robot2, {'y': 17.678, 'x': -20.982, 'yaw': 3.142}, None, None
20.07, [INFO], robot2, {'battery-level': '56.77'}, None, None
20.07, [INFO], robot2, {'y': 16.035, 'x': -21.61, 'yaw': 3.141}, None, None
30.05, [INFO], robot2, {'y': 15.988, 'x': -23.724, 'yaw': 3.141}, None, None
30.05, [INFO], robot2, {'battery-level': '56.23'}, None, None
40.08, [INFO], robot2, {'y': 15.942, 'x': -25.834, 'yaw': 3.141}, None, None
40.08, [INFO], robot2, {'battery-level': '55.69'}, None, None
50.06, [INFO], robot2, {'y': 15.983, 'x': -27.934, 'yaw': 3.141}, None, None
50.06, [INFO], robot2, {'battery-level': '55.15'}, None, None
60.04, [INFO], robot2, {'y': 17.764, 'x': -28.625, 'yaw': 3.142}, None, None
60.04, [INFO], robot2, {'battery-level': '54.61'}, None, None
70.05, [INFO], robot2, {'y': 17.972, 'x': -28.607, 'yaw': 3.141}, None, None
70.05, [INFO], robot2, {'battery-level': '54.07'}, None, None
73.75, [info], nurse, sync, received-request, (status=sending-request)
73.75, [info], nurse, sync, request-sent, (status=waiting)
73.75, [info], nurse, sync, wait-message, (status=message-received)
80.01, [INFO], robot2, {'y': 16.915, 'x': -28.741, 'yaw': 3.139}, None, None
80.01, [INFO], robot2, {'battery-level': '53.53'}, None, None
90.06, [INFO], robot2, {'y': 16.083, 'x': -27.349, 'yaw': 3.142}, None, None
90.06, [INFO], robot2, {'battery-level': '52.99'}, None, None
100.06, [INFO], robot2, {'y': 15.007, 'x': -25.883, 'yaw': 3.141}, None, None
100.06, [INFO], robot2, {'battery-level': '52.45'}, None, None
109.92, [INFO], robot2, {'y': 13.014, 'x': -25.855, 'yaw': 3.142}, None, None
110.02, [INFO], robot2, {'battery-level': '51.91'}, None, None
116.72, [info], lab_arm, sync, wait-message, (status=message-received)
117.71, [WARN], robot2, SUCCESS, None, None
120.02, [INFO], robot2, {'battery-level': '51.37'}, None, None
120.02, [INFO], robot2, {'y': 12.876, 'x': -25.964, 'yaw': 3.142}, None, None
