0.00, [INFO], robot6, {'battery-level': '54.08'}, None, None
0.00, [DEBUG], logger, ROBOTS_CONFIG={'avg_speed': 0.15, 'battery_charge': 0.5408465660492595, 'battery_discharge_rate': 0.00072, 'id': 6, 'local_plan': [['navigation', ['IC Room 2', [[-33.9, 18.93, 3.14], [-37.0, 18.93], [-37.0, 21.5], [-38.0, 21.5, 0.0]]], 'navto_room'], ['approach_person', ['nurse'], 'approach_nurse'], ['authenticate_person', ['nurse'], 'authenticate_nurse'], ['operate_drawer', ['open'], 'open_drawer_for_nurse'], ['send_message', ['nurse'], 'notify_nurse_of_open_drawer_for_nurse_completed'], ['wait_message', ['nurse'], 'wait_nurse_to_complete_deposit'], ['operate_drawer', ['close'], 'close_drawer_nurse'], ['navigation', ['Laboratory', [[-38.0, 21.5, 0.0], [-37.0, 21.5], [-37.0, 16.0], [-26.0, 16.0], [-26.0, 13.0, 1.57]]], 'navto_lab'], ['approach_robot', ['lab_arm'], 'approach_arm'], ['operate_drawer', ['open'], 'open_drawer_lab'], ['send_message', ['lab_arm'], 'notify_lab_arm_of_open_drawer_lab_completed'], ['wait_message', ['lab_arm'], 'wait_lab_arm_to_complete_pick_up_sample'], ['operate_drawer', ['close'], 'close_drawer_lab']], 'location': 'IC Room 6', 'name': 'r6', 'position': [-33.9, 18.93, 3.14], 'skills': ['approach_person', 'approach_robot', 'authenticate_person', 'navigation', 'operate_drawer']}, None, None
0.00, [DEBUG], logger, Simulation open, None, None
10.05, [INFO], robot6, {'y': 18.536, 'x': -34.323, 'yaw': 3.142}, None, None
10.05, [INFO], robot6, {'battery-level': '53.44'}, None, None
20.06, [INFO], robot6, {'battery-level': '52.72'}, None, None
20.06, [INFO], robot6, {'y': 17.94, 'x': -36.046, 'yaw': 3.142}, None, None
30.09, [INFO], robot6, {'battery-level': '52.00'}, None, None
30.09, [INFO], robot6, {'y': 19.76, 'x': -36.919, 'yaw': -3.141}, None, None
40.03, [INFO], robot6, {'y': 21.537, 'x': -37.573, 'yaw': 3.141}, None, None
40.03, [INFO], robot6, {'battery-level': '51.28'}, None, None
50.08, [INFO], robot6, {'battery-level': '50.56'}, None, None
50.08, [INFO], robot6, {'y': 21.449, 'x': -38.055, 'yaw': -3.142}, None, None
55.58, [info], nurse, sync, received-request, (status=sending-request)
55.58, [info], nurse, sync, request-sent, (status=waiting)
55.58, [info], nurse, sync, wait-message, (status=message-received)
60.03, [INFO], robot6, {'battery-level': '49.84'}, None, None
60.03, [INFO], robot6, {'y': 21.348, 'x': -37.378, 'yaw': 3.141}, None, None
70.08, [INFO], robot6, {'battery-level': '49.12'}, None, None
70.08, [INFO], robot6, {'y': 19.279, 'x': -37.101, 'yaw': -3.142}, None, None
80.09, [INFO], robot6, {'battery-level': '48.40'}, None, None
80.09, [INFO], robot6, {'y': 17.18, 'x': -37.091, 'yaw': 3.141}, None, None
90.09, [INFO], robot6, {'y': 15.866, 'x': -35.805, 'yaw': -3.141}, None, None
90.09, [INFO], robot6, {'battery-level': '47.68'}, None, None
100.02, [INFO], robot6, {'y': 15.396, 'x': -33.755, 'yaw': -3.141}, None, None
100.02, [INFO], robot6, {'battery-level': '46.96'}, None, None
110.09, [INFO], robot6, {'y': 15.478, 'x': -31.623, 'yaw': -3.142}, None, None
110.09, [INFO], robot6, {'battery-level': '46.24'}, None, None
120.01, [INFO], robot6, {'battery-level': '45.52'}, None, None
120.01, [INFO], robot6, {'y': 15.661, 'x': -29.521, 'yaw': 3.142}, None, None
130.02, [INFO], robot6, {'y': 15.759, 'x': -27.409, 'yaw': 3.142}, None, None
130.02, [INFO], robot6, {'battery-level': '44.80'}, None, None
140.07, [INFO], robot6, {'y': 14.836, 'x': -25.836, 'yaw': 3.142}, None, None
140.07, [INFO], robot6, {'battery-level': '44.08'}, None, None
150.02, [INFO], robot6, {'y': 12.995, 'x': -25.898, 'yaw': -3.142}, None, None
150.02, [INFO], robot6, {'battery-level': '43.36'}, None, None
157.24, [info], lab_arm, sync, wait-message, (status=message-received)
158.19, [WARN], robot6, SUCCESS, None, None
160.06, [INFO], robot6, {'battery-level': '42.64'}, None, None
160.06, [INFO], robot6, {'y': 12.929, 'x': -25.995, 'yaw': -3.142}, None, None
170.09, [INFO], robot6, {'battery-level': '41.92'}, None, None
170.09, [INFO], robot6, {'y': 12.929, 'x': -25.995, 'yaw': 3.142}, None, None
