0.00, [INFO], robot6, {'battery-level': '54.08'}, None, None
0.19, [DEBUG], logger, ROBOTS_CONFIG={'avg_speed': 0.15, 'battery_charge': 0.5408465660492595, 'battery_discharge_rate': 0.00072, 'id': 6, 'local_plan': [['navigation', ['IC Room 2', [[-33.9, 18.93, 3.14], [-37.0, 18.93], [-37.0, 21.5], [-38.0, 21.5, 0.0]]], 'navto_room'], ['approach_person', ['nurse'], 'approach_nurse'], ['authenticate_person', ['nurse'], 'authenticate_nurse'], ['operate_drawer', ['open'], 'open_drawer_for_nurse'], ['send_message', ['nurse'], 'notify_nurse_of_open_drawer_for_nurse_completed'], ['wait_message', ['nurse'], 'wait_nurse_to_complete_deposit'], ['operate_drawer', ['close'], 'close_drawer_nurse'], ['navigation', ['Laboratory', [[-38.0, 21.5, 0.0], [-37.0, 21.5], [-37.0, 16.0], [-26.0, 16.0], [-26.0, 13.0, 1.57]]], 'navto_lab'], ['approach_robot', ['lab_arm'], 'approach_arm'], ['operate_drawer', ['open'], 'open_drawer_lab'], ['send_message', ['lab_arm'], 'notify_lab_arm_of_open_drawer_lab_completed'], ['wait_message', ['lab_arm'], 'wait_lab_arm_to_complete_pick_up_sample'], ['operate_drawer', ['close'], 'close_drawer_lab']], 'location': 'IC Room 6', 'name': 'r6', 'position': [-33.9, 18.93, 3.14], 'skills': ['approach_person', 'approach_robot', 'authenticate_person', 'navigation', 'operate_drawer']}, None, None
0.19, [DEBUG], logger, Simulation open, None, None
10.04, [INFO], robot6, {'battery-level': '53.44'}, None, None
10.04, [INFO], robot6, {'y': 18.697, 'x': -34.245, 'yaw': -3.142}, None, None
20.04, [INFO], robot6, {'y': 17.863, 'x': -35.926, 'yaw': 3.14}, None, None
20.04, [INFO], robot6, {'battery-level': '52.72'}, None, None
30.00, [INFO], robot6, {'battery-level': '52.00'}, None, None
30.00, [INFO], robot6, {'y': 19.542, 'x': -36.961, 'yaw': 3.142}, None, None
40.05, [INFO], robot6, {'battery-level': '51.28'}, None, None
40.05, [INFO], robot6, {'y': 21.478, 'x': -37.405, 'yaw': 3.136}, None, None
50.01, [INFO], robot6, {'battery-level': '50.56'}, None, None
50.01, [INFO], robot6, {'y': 21.48, 'x': -38.032, 'yaw': 3.141}, None, None
60.03, [INFO], robot6, {'battery-level': '49.84'}, None, None
60.03, [INFO], robot6, {'y': 21.399, 'x': -38.072, 'yaw': -3.141}, None, None
60.99, [info], nurse, sync, received-request, (status=sending-request)
60.99, [info], nurse, sync, request-sent, (status=waiting)
60.99, [info], nurse, sync, wait-message, (status=message-received)
70.09, [INFO], robot6, {'battery-level': '49.12'}, None, None
70.09, [INFO], robot6, {'y': 20.443, 'x': -37.181, 'yaw': 3.142}, None, None
80.03, [INFO], robot6, {'y': 18.343, 'x': -37.11, 'yaw': 3.141}, None, None
80.03, [INFO], robot6, {'battery-level': '48.40'}, None, None
90.04, [INFO], robot6, {'y': 16.218, 'x': -36.989, 'yaw': 3.141}, None, None
90.04, [INFO], robot6, {'battery-level': '47.68'}, None, None
100.09, [INFO], robot6, {'battery-level': '46.96'}, None, None
100.09, [INFO], robot6, {'y': 15.506, 'x': -35.028, 'yaw': -3.141}, None, None
110.01, [INFO], robot6, {'battery-level': '46.24'}, None, None
110.01, [INFO], robot6, {'y': 15.514, 'x': -32.933, 'yaw': -3.142}, None, None
120.10, [INFO], robot6, {'y': 15.511, 'x': -30.806, 'yaw': -3.141}, None, None
120.10, [INFO], robot6, {'battery-level': '45.52'}, None, None
130.02, [INFO], robot6, {'battery-level': '44.80'}, None, None
130.02, [INFO], robot6, {'y': 15.726, 'x': -28.713, 'yaw': 3.141}, None, None
140.04, [INFO], robot6, {'y': 15.824, 'x': -26.59, 'yaw': -3.14}, None, None
140.04, [INFO], robot6, {'battery-level': '44.08'}, None, None
150.07, [INFO], robot6, {'y': 14.114, 'x': -25.672, 'yaw': 3.141}, None, None
150.07, [INFO], robot6, {'battery-level': '43.36'}, None, None
160.09, [INFO], robot6, {'y': 12.904, 'x': -25.95, 'yaw': -3.142}, None, None
160.09, [INFO], robot6, {'battery-level': '42.64'}, None, None
168.36, [info], lab_arm, sync, wait-message, (status=message-received)
169.33, [WARN], robot6, SUCCESS, None, None
170.07, [INFO], robot6, {'battery-level': '41.92'}, None, None
170.07, [INFO], robot6, {'y': 12.872, 'x': -26.012, 'yaw': 3.142}, None, None
