0.00, [DEBUG], nurse, NURSE_CONFIG={'location': 'PC Room 3', 'position': [-28.5, 18.0, -1.57]}, None, None
0.00, [DEBUG], logger, ROBOTS_CONFIG={'avg_speed': 0.15, 'battery_charge': 0.9109794326728246, 'battery_discharge_rate': 0.00072, 'id': 6, 'local_plan': [['navigation', ['PC Room 3', [[-27.23, 18.0, -1.57], [-27.23, 16.0], [-28.5, 16.0], [-28.5, 18.0, -1.57]]], 'navto_room'], ['approach_person', ['nurse'], 'approach_nurse'], ['authenticate_person', ['nurse'], 'authenticate_nurse'], ['operate_drawer', ['open'], 'open_drawer_for_nurse'], ['send_message', ['nurse'], 'notify_nurse_of_open_drawer_for_nurse_completed'], ['wait_message', ['nurse'], 'wait_nurse_to_complete_deposit'], ['operate_drawer', ['close'], 'close_drawer_nurse'], ['navigation', ['Laboratory', [[-28.5, 18.0, -1.57], [-28.5, 16.0], [-26.0, 16.0], [-26.0, 13.0, 1.57]]], 'navto_lab'], ['approach_robot', ['lab_arm'], 'approach_arm'], ['operate_drawer', ['open'], 'open_drawer_lab'], ['send_message', ['lab_arm'], 'notify_lab_arm_of_open_drawer_lab_completed'], ['wait_message', ['lab_arm'], 'wait_lab_arm_to_complete_pick_up_sample'], ['operate_drawer', ['close'], 'close_drawer_lab']], 'location': 'PC Room 4', 'name': 'r6', 'position': [-27.23, 18.0, -1.57], 'skills': ['approach_person', 'approach_robot', 'authenticate_person', 'navigation', 'operate_drawer']}, None, None
0.00, [DEBUG], logger, Simulation open, None, None
10.08, [INFO], robot6, {'battery-level': '90.45'}, None, None
20.04, [INFO], robot6, {'battery-level': '89.73'}, None, None
30.08, [INFO], robot6, {'battery-level': '89.01'}, None, None
40.04, [INFO], robot6, {'battery-level': '88.29'}, None, None
50.09, [INFO], robot6, {'battery-level': '87.57'}, None, None
60.04, [INFO], robot6, {'battery-level': '86.85'}, None, None
70.08, [INFO], robot6, {'battery-level': '86.13'}, None, None
80.08, [INFO], robot6, {'battery-level': '85.41'}, None, None
90.03, [INFO], robot6, {'battery-level': '84.69'}, None, None
100.05, [INFO], robot6, {'battery-level': '83.97'}, None, None
110.09, [INFO], robot6, {'battery-level': '83.25'}, None, None
120.05, [INFO], robot6, {'battery-level': '82.53'}, None, None
130.00, [INFO], robot6, {'battery-level': '81.81'}, None, None
140.04, [INFO], robot6, {'battery-level': '81.09'}, None, None
150.09, [INFO], robot6, {'battery-level': '80.37'}, None, None
160.08, [INFO], robot6, {'battery-level': '79.65'}, None, None
170.04, [INFO], robot6, {'battery-level': '78.93'}, None, None
180.09, [INFO], robot6, {'battery-level': '78.21'}, None, None
190.04, [INFO], robot6, {'battery-level': '77.49'}, None, None
200.00, [INFO], robot6, {'battery-level': '76.77'}, None, None
210.05, [INFO], robot6, {'battery-level': '76.05'}, None, None
220.09, [INFO], robot6, {'battery-level': '75.33'}, None, None
230.03, [INFO], robot6, {'battery-level': '74.61'}, None, None
240.10, [INFO], robot6, {'battery-level': '73.89'}, None, None
250.04, [INFO], robot6, {'battery-level': '73.17'}, None, None
260.07, [INFO], robot6, {'battery-level': '72.45'}, None, None
270.08, [INFO], robot6, {'battery-level': '71.73'}, None, None
280.04, [INFO], robot6, {'battery-level': '71.01'}, None, None
290.08, [INFO], robot6, {'battery-level': '70.29'}, None, None
300.03, [INFO], robot6, {'battery-level': '69.57'}, None, None
310.06, [INFO], robot6, {'battery-level': '68.85'}, None, None
320.01, [INFO], robot6, {'battery-level': '68.13'}, None, None
330.04, [INFO], robot6, {'battery-level': '67.41'}, None, None
340.10, [INFO], robot6, {'battery-level': '66.69'}, None, None
350.04, [INFO], robot6, {'battery-level': '65.97'}, None, None
360.04, [INFO], robot6, {'battery-level': '65.25'}, None, None
370.08, [INFO], robot6, {'battery-level': '64.53'}, None, None
380.05, [INFO], robot6, {'battery-level': '63.81'}, None, None
390.00, [INFO], robot6, {'battery-level': '63.09'}, None, None
400.05, [INFO], robot6, {'battery-level': '62.37'}, None, None
410.09, [INFO], robot6, {'battery-level': '61.65'}, None, None
420.06, [INFO], robot6, {'battery-level': '60.93'}, None, None
430.07, [INFO], robot6, {'battery-level': '60.21'}, None, None
440.02, [INFO], robot6, {'battery-level': '59.49'}, None, None
450.04, [INFO], robot6, {'battery-level': '58.77'}, None, None
460.07, [INFO], robot6, {'battery-level': '58.05'}, None, None
470.03, [INFO], robot6, {'battery-level': '57.33'}, None, None
480.08, [INFO], robot6, {'battery-level': '56.61'}, None, None
490.04, [INFO], robot6, {'battery-level': '55.89'}, None, None
500.10, [INFO], robot6, {'battery-level': '55.17'}, None, None
510.07, [INFO], robot6, {'battery-level': '54.45'}, None, None
520.02, [INFO], robot6, {'battery-level': '53.73'}, None, None
530.08, [INFO], robot6, {'battery-level': '53.01'}, None, None
540.04, [INFO], robot6, {'battery-level': '52.29'}, None, None
550.06, [INFO], robot6, {'battery-level': '51.57'}, None, None
560.09, [INFO], robot6, {'battery-level': '50.85'}, None, None
570.02, [INFO], robot6, {'battery-level': '50.13'}, None, None
580.09, [INFO], robot6, {'battery-level': '49.41'}, None, None
590.05, [INFO], robot6, {'battery-level': '48.69'}, None, None
600.02, [INFO], robot6, {'battery-level': '47.97'}, None, None
610.08, [INFO], robot6, {'battery-level': '47.25'}, None, None
620.01, [INFO], robot6, {'battery-level': '46.53'}, None, None
630.06, [INFO], robot6, {'battery-level': '45.81'}, None, None
640.10, [INFO], robot6, {'battery-level': '45.09'}, None, None
650.05, [INFO], robot6, {'battery-level': '44.37'}, None, None
660.10, [INFO], robot6, {'battery-level': '43.65'}, None, None
670.04, [INFO], robot6, {'battery-level': '42.93'}, None, None
680.10, [INFO], robot6, {'battery-level': '42.21'}, None, None
690.05, [INFO], robot6, {'battery-level': '41.49'}, None, None
700.00, [INFO], robot6, {'battery-level': '40.77'}, None, None
710.05, [INFO], robot6, {'battery-level': '40.05'}, None, None
720.01, [INFO], robot6, {'battery-level': '39.33'}, None, None
730.05, [INFO], robot6, {'battery-level': '38.61'}, None, None
740.01, [INFO], robot6, {'battery-level': '37.89'}, None, None
750.03, [INFO], robot6, {'battery-level': '37.17'}, None, None
760.07, [INFO], robot6, {'battery-level': '36.45'}, None, None
770.02, [INFO], robot6, {'battery-level': '35.73'}, None, None
780.04, [INFO], robot6, {'battery-level': '35.01'}, None, None
790.00, [INFO], robot6, {'battery-level': '34.29'}, None, None
800.07, [INFO], robot6, {'battery-level': '33.57'}, None, None
810.02, [INFO], robot6, {'battery-level': '32.85'}, None, None
820.06, [INFO], robot6, {'battery-level': '32.13'}, None, None
830.00, [INFO], robot6, {'battery-level': '31.41'}, None, None
840.05, [INFO], robot6, {'battery-level': '30.69'}, None, None
850.01, [INFO], robot6, {'battery-level': '29.97'}, None, None
859.96, [INFO], robot6, {'battery-level': '29.25'}, None, None
870.10, [INFO], robot6, {'battery-level': '28.53'}, None, None

[WARN], logger, TIMEOUT, None, None
