0.00, [DEBUG], nurse, NURSE_CONFIG={'location': 'IC Room 6', 'position': [-33.9, 18.93, 3.14]}, None, None
0.20, [DEBUG], logger, ROBOTS_CONFIG={'avg_speed': 0.15, 'battery_charge': 0.7232396784987936, 'battery_discharge_rate': 0.00036, 'id': 3, 'local_plan': [['navigation', ['IC Room 6', [[-38.0, 21.5, 0.0], [-37.0, 21.5], [-37.0, 18.93], [-33.9, 18.93, 3.14]]], 'navto_room'], ['approach_person', ['nurse'], 'approach_nurse'], ['authenticate_person', ['nurse'], 'authenticate_nurse'], ['operate_drawer', ['open'], 'open_drawer_for_nurse'], ['send_message', ['nurse'], 'notify_nurse_of_open_drawer_for_nurse_completed'], ['wait_message', ['nurse'], 'wait_nurse_to_complete_deposit'], ['operate_drawer', ['close'], 'close_drawer_nurse'], ['navigation', ['Laboratory', [[-33.9, 18.93, 3.14], [-37.0, 18.93], [-37.0, 16.0], [-26.0, 16.0], [-26.0, 13.0, 1.57]]], 'navto_lab'], ['approach_robot', ['lab_arm'], 'approach_arm'], ['operate_drawer', ['open'], 'open_drawer_lab'], ['send_message', ['lab_arm'], 'notify_lab_arm_of_open_drawer_lab_completed'], ['wait_message', ['lab_arm'], 'wait_lab_arm_to_complete_pick_up_sample'], ['operate_drawer', ['close'], 'close_drawer_lab']], 'location': 'IC Room 2', 'name': 'r3', 'position': [-38.0, 21.5, 0.0], 'skills': ['approach_person', 'approach_robot', 'authenticate_person', 'navigation', 'operate_drawer']}, None, None
0.20, [DEBUG], logger, Simulation open, None, None
10.06, [INFO], robot3, {'y': 21.473, 'x': -37.283, 'yaw': -3.141}, None, None
10.06, [INFO], robot3, {'battery-level': '72.00'}, None, None
20.01, [INFO], robot3, {'y': 19.412, 'x': -37.078, 'yaw': 3.14}, None, None
20.01, [INFO], robot3, {'battery-level': '71.64'}, None, None
30.03, [INFO], robot3, {'battery-level': '71.28'}, None, None
30.03, [INFO], robot3, {'y': 17.77, 'x': -35.731, 'yaw': -3.139}, None, None
40.08, [INFO], robot3, {'battery-level': '70.92'}, None, None
40.08, [INFO], robot3, {'y': 18.719, 'x': -34.079, 'yaw': 3.142}, None, None
48.85, [info], nurse, sync, received-request, (status=sending-request)
48.85, [info], nurse, sync, request-sent, (status=waiting)
48.85, [info], nurse, sync, wait-message, (status=message-received)
50.04, [INFO], robot3, {'y': 18.98, 'x': -33.908, 'yaw': 3.141}, None, None
50.04, [INFO], robot3, {'battery-level': '70.56'}, None, None
60.01, [INFO], robot3, {'y': 17.779, 'x': -35.437, 'yaw': 3.141}, None, None
60.01, [INFO], robot3, {'battery-level': '70.20'}, None, None
70.05, [INFO], robot3, {'battery-level': '69.84'}, None, None
70.05, [INFO], robot3, {'y': 18.05, 'x': -36.163, 'yaw': -3.142}, None, None
80.02, [INFO], robot3, {'battery-level': '69.48'}, None, None
80.02, [INFO], robot3, {'y': 18.154, 'x': -36.718, 'yaw': -3.141}, None, None
90.00, [INFO], robot3, {'battery-level': '69.12'}, None, None
90.00, [INFO], robot3, {'y': 17.462, 'x': -36.932, 'yaw': 3.141}, None, None
100.06, [INFO], robot3, {'battery-level': '68.76'}, None, None
100.06, [INFO], robot3, {'y': 17.405, 'x': -36.922, 'yaw': -3.142}, None, None
110.03, [INFO], robot3, {'y': 17.224, 'x': -36.925, 'yaw': 3.141}, None, None
110.03, [INFO], robot3, {'battery-level': '68.40'}, None, None
120.05, [INFO], robot3, {'y': 17.174, 'x': -36.806, 'yaw': -3.142}, None, None
120.05, [INFO], robot3, {'battery-level': '68.04'}, None, None
130.06, [INFO], robot3, {'y': 17.335, 'x': -36.995, 'yaw': -3.141}, None, None
130.06, [INFO], robot3, {'battery-level': '67.68'}, None, None
140.02, [INFO], robot3, {'y': 17.261, 'x': -36.85, 'yaw': 3.141}, None, None
140.02, [INFO], robot3, {'battery-level': '67.32'}, None, None
150.08, [INFO], robot3, {'y': 17.251, 'x': -37.066, 'yaw': -3.141}, None, None
150.08, [INFO], robot3, {'battery-level': '66.96'}, None, None
160.07, [INFO], robot3, {'battery-level': '66.60'}, None, None
160.07, [INFO], robot3, {'y': 17.318, 'x': -36.991, 'yaw': 3.141}, None, None
170.06, [INFO], robot3, {'battery-level': '66.24'}, None, None
170.06, [INFO], robot3, {'y': 17.413, 'x': -36.928, 'yaw': 3.142}, None, None
180.04, [INFO], robot3, {'y': 17.296, 'x': -37.111, 'yaw': -3.142}, None, None
180.04, [INFO], robot3, {'battery-level': '65.88'}, None, None
190.00, [INFO], robot3, {'y': 17.373, 'x': -36.967, 'yaw': -3.141}, None, None
190.00, [INFO], robot3, {'battery-level': '65.52'}, None, None
200.08, [INFO], robot3, {'battery-level': '65.16'}, None, None
200.08, [INFO], robot3, {'y': 17.086, 'x': -37.136, 'yaw': -3.141}, None, None
210.07, [INFO], robot3, {'battery-level': '64.80'}, None, None
210.07, [INFO], robot3, {'y': 17.222, 'x': -37.096, 'yaw': -3.142}, None, None
220.06, [INFO], robot3, {'battery-level': '64.44'}, None, None
220.06, [INFO], robot3, {'y': 17.397, 'x': -36.912, 'yaw': 3.141}, None, None
230.03, [INFO], robot3, {'battery-level': '64.08'}, None, None
230.03, [INFO], robot3, {'y': 17.244, 'x': -37.117, 'yaw': 3.142}, None, None
240.00, [INFO], robot3, {'battery-level': '63.72'}, None, None
240.00, [INFO], robot3, {'y': 17.177, 'x': -37.032, 'yaw': 3.142}, None, None
250.07, [INFO], robot3, {'battery-level': '63.36'}, None, None
250.07, [INFO], robot3, {'y': 17.336, 'x': -36.819, 'yaw': -3.142}, None, None
251.81, [WARN], robot3, SKILL-FAILURE, navigation, navto_lab
