0.15, [DEBUG], logger, ROBOTS_CONFIG={'avg_speed': 0.15, 'battery_charge': 0.7232396784987936, 'battery_discharge_rate': 0.00036, 'id': 3, 'local_plan': [['navigation', ['IC Room 6', [[-38.0, 21.5, 0.0], [-37.0, 21.5], [-37.0, 18.93], [-33.9, 18.93, 3.14]]], 'navto_room'], ['approach_person', ['nurse'], 'approach_nurse'], ['authenticate_person', ['nurse'], 'authenticate_nurse'], ['operate_drawer', ['open'], 'open_drawer_for_nurse'], ['send_message', ['nurse'], 'notify_nurse_of_open_drawer_for_nurse_completed'], ['wait_message', ['nurse'], 'wait_nurse_to_complete_deposit'], ['operate_drawer', ['close'], 'close_drawer_nurse'], ['navigation', ['Laboratory', [[-33.9, 18.93, 3.14], [-37.0, 18.93], [-37.0, 16.0], [-26.0, 16.0], [-26.0, 13.0, 1.57]]], 'navto_lab'], ['approach_robot', ['lab_arm'], 'approach_arm'], ['operate_drawer', ['open'], 'open_drawer_lab'], ['send_message', ['lab_arm'], 'notify_lab_arm_of_open_drawer_lab_completed'], ['wait_message', ['lab_arm'], 'wait_lab_arm_to_complete_pick_up_sample'], ['operate_drawer', ['close'], 'close_drawer_lab']], 'location': 'IC Room 2', 'name': 'r3', 'position': [-38.0, 21.5, 0.0], 'skills': ['approach_person', 'approach_robot', 'authenticate_person', 'navigation', 'operate_drawer']}, None, None
0.15, [DEBUG], logger, Simulation open, None, None
10.01, [INFO], robot3, {'battery-level': '72.00'}, None, None
10.01, [INFO], robot3, {'y': 21.545, 'x': -37.492, 'yaw': -3.14}, None, None
20.08, [INFO], robot3, {'battery-level': '71.64'}, None, None
20.08, [INFO], robot3, {'y': 19.606, 'x': -37.072, 'yaw': -3.142}, None, None
30.05, [INFO], robot3, {'y': 17.925, 'x': -35.818, 'yaw': -3.139}, None, None
30.05, [INFO], robot3, {'battery-level': '71.28'}, None, None
40.05, [INFO], robot3, {'battery-level': '70.92'}, None, None
40.05, [INFO], robot3, {'y': 18.675, 'x': -34.109, 'yaw': 3.142}, None, None
48.92, [info], nurse, sync, received-request, (status=sending-request)
48.92, [info], nurse, sync, request-sent, (status=waiting)
48.92, [info], nurse, sync, wait-message, (status=message-received)
50.03, [INFO], robot3, {'battery-level': '70.56'}, None, None
50.03, [INFO], robot3, {'y': 18.982, 'x': -33.934, 'yaw': 3.141}, None, None
60.07, [INFO], robot3, {'battery-level': '70.20'}, None, None
60.07, [INFO], robot3, {'y': 17.79, 'x': -35.432, 'yaw': 3.141}, None, None
70.03, [INFO], robot3, {'y': 17.969, 'x': -36.051, 'yaw': 3.141}, None, None
70.03, [INFO], robot3, {'battery-level': '69.84'}, None, None
80.02, [INFO], robot3, {'y': 17.319, 'x': -37.033, 'yaw': 3.141}, None, None
80.02, [INFO], robot3, {'battery-level': '69.48'}, None, None
90.07, [INFO], robot3, {'y': 17.427, 'x': -37.051, 'yaw': 3.142}, None, None
90.07, [INFO], robot3, {'battery-level': '69.12'}, None, None
100.03, [INFO], robot3, {'battery-level': '68.76'}, None, None
100.03, [INFO], robot3, {'y': 17.206, 'x': -37.033, 'yaw': 3.141}, None, None
110.07, [INFO], robot3, {'y': 17.349, 'x': -36.798, 'yaw': -3.141}, None, None
110.07, [INFO], robot3, {'battery-level': '68.40'}, None, None
120.02, [INFO], robot3, {'battery-level': '68.04'}, None, None
120.02, [INFO], robot3, {'y': 17.376, 'x': -36.998, 'yaw': 3.14}, None, None
130.08, [INFO], robot3, {'battery-level': '67.68'}, None, None
130.08, [INFO], robot3, {'y': 17.411, 'x': -36.952, 'yaw': -3.142}, None, None
140.03, [INFO], robot3, {'battery-level': '67.32'}, None, None
140.03, [INFO], robot3, {'y': 17.311, 'x': -37.093, 'yaw': 3.14}, None, None
150.02, [INFO], robot3, {'battery-level': '66.96'}, None, None
150.02, [INFO], robot3, {'y': 17.223, 'x': -37.075, 'yaw': 3.141}, None, None
160.01, [INFO], robot3, {'y': 17.254, 'x': -37.126, 'yaw': 3.141}, None, None
160.01, [INFO], robot3, {'battery-level': '66.60'}, None, None
170.04, [INFO], robot3, {'battery-level': '66.24'}, None, None
170.04, [INFO], robot3, {'y': 17.458, 'x': -36.846, 'yaw': 3.141}, None, None
180.06, [INFO], robot3, {'y': 17.269, 'x': -36.839, 'yaw': -3.141}, None, None
180.06, [INFO], robot3, {'battery-level': '65.88'}, None, None
190.05, [INFO], robot3, {'battery-level': '65.52'}, None, None
190.05, [INFO], robot3, {'y': 17.363, 'x': -37.0, 'yaw': -3.142}, None, None
200.07, [INFO], robot3, {'battery-level': '65.16'}, None, None
200.07, [INFO], robot3, {'y': 17.28, 'x': -36.849, 'yaw': 3.141}, None, None
210.03, [INFO], robot3, {'y': 17.196, 'x': -37.047, 'yaw': 3.141}, None, None
210.03, [INFO], robot3, {'battery-level': '64.80'}, None, None
220.05, [INFO], robot3, {'battery-level': '64.44'}, None, None
220.05, [INFO], robot3, {'y': 17.349, 'x': -36.862, 'yaw': 3.142}, None, None
230.02, [INFO], robot3, {'battery-level': '64.08'}, None, None
230.02, [INFO], robot3, {'y': 17.369, 'x': -37.203, 'yaw': 3.142}, None, None
240.01, [INFO], robot3, {'y': 17.416, 'x': -36.862, 'yaw': -3.141}, None, None
240.01, [INFO], robot3, {'battery-level': '63.72'}, None, None
247.41, [WARN], robot3, SKILL-FAILURE, navigation, navto_lab
250.05, [INFO], robot3, {'y': 17.275, 'x': -36.826, 'yaw': -3.142}, None, None
250.05, [INFO], robot3, {'battery-level': '63.36'}, None, None
