0.19, [DEBUG], logger, ROBOTS_CONFIG={'avg_speed': 0.15, 'battery_charge': 0.9109794326728246, 'battery_discharge_rate': 0.00072, 'id': 6, 'local_plan': [['navigation', ['IC Room 2', [[-33.9, 18.93, 3.14], [-37.0, 18.93], [-37.0, 21.5], [-38.0, 21.5, 0.0]]], 'navto_room'], ['approach_person', ['nurse'], 'approach_nurse'], ['authenticate_person', ['nurse'], 'authenticate_nurse'], ['operate_drawer', ['open'], 'open_drawer_for_nurse'], ['send_message', ['nurse'], 'notify_nurse_of_open_drawer_for_nurse_completed'], ['wait_message', ['nurse'], 'wait_nurse_to_complete_deposit'], ['operate_drawer', ['close'], 'close_drawer_nurse'], ['navigation', ['Laboratory', [[-38.0, 21.5, 0.0], [-37.0, 21.5], [-37.0, 16.0], [-26.0, 16.0], [-26.0, 13.0, 1.57]]], 'navto_lab'], ['approach_robot', ['lab_arm'], 'approach_arm'], ['operate_drawer', ['open'], 'open_drawer_lab'], ['send_message', ['lab_arm'], 'notify_lab_arm_of_open_drawer_lab_completed'], ['wait_message', ['lab_arm'], 'wait_lab_arm_to_complete_pick_up_sample'], ['operate_drawer', ['close'], 'close_drawer_lab']], 'location': 'IC Room 6', 'name': 'r6', 'position': [-33.9, 18.93, 3.14], 'skills': ['approach_person', 'approach_robot', 'authenticate_person', 'navigation', 'operate_drawer']}, None, None
0.19, [DEBUG], logger, Simulation open, None, None
10.05, [INFO], robot6, {'battery-level': '90.45'}, None, None
10.05, [INFO], robot6, {'y': 18.314, 'x': -34.41, 'yaw': -3.141}, None, None
20.08, [INFO], robot6, {'y': 18.107, 'x': -36.258, 'yaw': -3.138}, None, None
20.08, [INFO], robot6, {'battery-level': '89.73'}, None, None
30.03, [INFO], robot6, {'battery-level': '89.01'}, None, None
30.03, [INFO], robot6, {'y': 20.021, 'x': -36.851, 'yaw': 3.137}, None, None
40.02, [INFO], robot6, {'y': 21.592, 'x': -37.829, 'yaw': 3.141}, None, None
40.02, [INFO], robot6, {'battery-level': '88.29'}, None, None
50.02, [INFO], robot6, {'battery-level': '87.57'}, None, None
50.02, [INFO], robot6, {'y': 21.4, 'x': -38.102, 'yaw': 3.14}, None, None
53.97, [info], nurse, sync, received-request, (status=sending-request)
53.97, [info], nurse, sync, request-sent, (status=waiting)
54.05, [info], nurse, sync, wait-message, (status=message-received)
60.01, [INFO], robot6, {'battery-level': '86.85'}, None, None
60.01, [INFO], robot6, {'y': 21.046, 'x': -37.243, 'yaw': -3.142}, None, None
70.08, [INFO], robot6, {'y': 18.922, 'x': -37.109, 'yaw': 3.142}, None, None
70.08, [INFO], robot6, {'battery-level': '86.13'}, None, None
80.04, [INFO], robot6, {'battery-level': '85.41'}, None, None
80.04, [INFO], robot6, {'y': 16.804, 'x': -37.082, 'yaw': 3.141}, None, None
90.08, [INFO], robot6, {'battery-level': '84.69'}, None, None
90.08, [INFO], robot6, {'y': 15.721, 'x': -35.622, 'yaw': 3.142}, None, None
100.02, [INFO], robot6, {'y': 15.415, 'x': -33.553, 'yaw': -3.141}, None, None
100.02, [INFO], robot6, {'battery-level': '83.97'}, None, None
110.08, [INFO], robot6, {'y': 15.511, 'x': -31.421, 'yaw': 3.141}, None, None
110.08, [INFO], robot6, {'battery-level': '83.25'}, None, None
120.05, [INFO], robot6, {'battery-level': '82.53'}, None, None
120.05, [INFO], robot6, {'y': 15.688, 'x': -29.316, 'yaw': -3.141}, None, None
130.04, [INFO], robot6, {'battery-level': '81.81'}, None, None
130.04, [INFO], robot6, {'y': 15.753, 'x': -27.214, 'yaw': -3.14}, None, None
140.09, [INFO], robot6, {'battery-level': '81.09'}, None, None
140.09, [INFO], robot6, {'y': 14.734, 'x': -25.771, 'yaw': 3.142}, None, None
150.03, [INFO], robot6, {'y': 12.963, 'x': -25.92, 'yaw': -3.142}, None, None
150.03, [INFO], robot6, {'battery-level': '80.37'}, None, None
156.55, [info], lab_arm, sync, wait-message, (status=message-received)
157.47, [WARN], robot6, SUCCESS, None, None
