0.00, [DEBUG], nurse, NURSE_CONFIG={'location': 'IC Room 6', 'position': [-33.9, 18.93, 3.14]}, None, None
0.19, [DEBUG], logger, ROBOTS_CONFIG={'avg_speed': 0.15, 'battery_charge': 0.4863040833267539, 'battery_discharge_rate': 0.0005600000000000001, 'id': 4, 'local_plan': [['navigation', ['IC Room 6', [[-39.44, 33.95, 0.0], [-37.0, 33.95], [-37.0, 18.93], [-33.9, 18.93, 3.14]]], 'navto_room'], ['approach_person', ['nurse'], 'approach_nurse'], ['authenticate_person', ['nurse'], 'authenticate_nurse'], ['operate_drawer', ['open'], 'open_drawer_for_nurse'], ['send_message', ['nurse'], 'notify_nurse_of_open_drawer_for_nurse_completed'], ['wait_message', ['nurse'], 'wait_nurse_to_complete_deposit'], ['operate_drawer', ['close'], 'close_drawer_nurse'], ['navigation', ['Laboratory', [[-33.9, 18.93, 3.14], [-37.0, 18.93], [-37.0, 16.0], [-26.0, 16.0], [-26.0, 13.0, 1.57]]], 'navto_lab'], ['approach_robot', ['lab_arm'], 'approach_arm'], ['operate_drawer', ['open'], 'open_drawer_lab'], ['send_message', ['lab_arm'], 'notify_lab_arm_of_open_drawer_lab_completed'], ['wait_message', ['lab_arm'], 'wait_lab_arm_to_complete_pick_up_sample'], ['operate_drawer', ['close'], 'close_drawer_lab']], 'location': 'IC Room 4', 'name': 'r4', 'position': [-39.44, 33.95, 0.0], 'skills': ['approach_person', 'approach_robot', 'authenticate_person', 'navigation', 'operate_drawer']}, None, None
0.19, [DEBUG], logger, Simulation open, None, None
10.05, [INFO], robot4, {'y': 33.948, 'x': -39.43, 'yaw': -3.141}, None, None
10.05, [INFO], robot4, {'battery-level': '48.13'}, None, None
20.09, [INFO], robot4, {'battery-level': '47.57'}, None, None
20.09, [INFO], robot4, {'y': 34.503, 'x': -37.565, 'yaw': -3.141}, None, None
30.01, [INFO], robot4, {'y': 32.606, 'x': -37.044, 'yaw': 3.141}, None, None
30.01, [INFO], robot4, {'battery-level': '47.01'}, None, None
40.01, [INFO], robot4, {'y': 30.494, 'x': -37.009, 'yaw': 3.141}, None, None
40.01, [INFO], robot4, {'battery-level': '46.45'}, None, None
50.02, [INFO], robot4, {'battery-level': '45.89'}, None, None
50.02, [INFO], robot4, {'y': 28.38, 'x': -37.012, 'yaw': 3.141}, None, None
60.01, [INFO], robot4, {'battery-level': '45.33'}, None, None
60.01, [INFO], robot4, {'y': 26.279, 'x': -37.048, 'yaw': 3.141}, None, None
70.00, [INFO], robot4, {'battery-level': '44.77'}, None, None
70.00, [INFO], robot4, {'y': 24.165, 'x': -37.003, 'yaw': 3.141}, None, None
80.02, [INFO], robot4, {'y': 22.055, 'x': -37.125, 'yaw': 3.142}, None, None
80.02, [INFO], robot4, {'battery-level': '44.21'}, None, None
90.02, [INFO], robot4, {'battery-level': '43.65'}, None, None
90.02, [INFO], robot4, {'y': 19.935, 'x': -37.099, 'yaw': -3.14}, None, None
100.02, [INFO], robot4, {'battery-level': '43.09'}, None, None
100.02, [INFO], robot4, {'y': 18.142, 'x': -36.147, 'yaw': -3.142}, None, None
110.00, [INFO], robot4, {'y': 18.276, 'x': -34.332, 'yaw': 3.141}, None, None
110.00, [INFO], robot4, {'battery-level': '42.53'}, None, None
120.04, [INFO], robot4, {'battery-level': '41.97'}, None, None
120.04, [INFO], robot4, {'y': 18.98, 'x': -33.892, 'yaw': 3.142}, None, None
121.23, [info], nurse, sync, received-request, (status=sending-request)
121.23, [info], nurse, sync, request-sent, (status=waiting)
121.23, [info], nurse, sync, wait-message, (status=message-received)
130.07, [INFO], robot4, {'y': 17.844, 'x': -34.94, 'yaw': -3.142}, None, None
130.07, [INFO], robot4, {'battery-level': '41.41'}, None, None
140.01, [INFO], robot4, {'battery-level': '40.85'}, None, None
140.01, [INFO], robot4, {'y': 18.214, 'x': -36.55, 'yaw': 3.141}, None, None
150.05, [INFO], robot4, {'battery-level': '40.29'}, None, None
150.05, [INFO], robot4, {'y': 17.444, 'x': -36.879, 'yaw': 3.142}, None, None
160.03, [INFO], robot4, {'y': 17.287, 'x': -37.115, 'yaw': 3.141}, None, None
160.03, [INFO], robot4, {'battery-level': '39.73'}, None, None
170.07, [INFO], robot4, {'battery-level': '39.17'}, None, None
170.07, [INFO], robot4, {'y': 17.481, 'x': -37.034, 'yaw': 3.141}, None, None
180.02, [INFO], robot4, {'battery-level': '38.61'}, None, None
180.02, [INFO], robot4, {'y': 17.27, 'x': -37.006, 'yaw': 3.141}, None, None
190.08, [INFO], robot4, {'battery-level': '38.05'}, None, None
190.08, [INFO], robot4, {'y': 17.352, 'x': -36.887, 'yaw': 3.142}, None, None
200.04, [INFO], robot4, {'battery-level': '37.49'}, None, None
200.04, [INFO], robot4, {'y': 17.11, 'x': -36.966, 'yaw': 3.141}, None, None
210.07, [INFO], robot4, {'battery-level': '36.93'}, None, None
210.07, [INFO], robot4, {'y': 17.473, 'x': -37.09, 'yaw': -3.141}, None, None
220.02, [INFO], robot4, {'battery-level': '36.37'}, None, None
220.02, [INFO], robot4, {'y': 17.345, 'x': -36.837, 'yaw': 3.142}, None, None
230.04, [INFO], robot4, {'y': 17.285, 'x': -36.872, 'yaw': 3.142}, None, None
230.04, [INFO], robot4, {'battery-level': '35.81'}, None, None
240.06, [INFO], robot4, {'battery-level': '35.25'}, None, None
240.06, [INFO], robot4, {'y': 17.437, 'x': -36.755, 'yaw': -3.141}, None, None
250.01, [INFO], robot4, {'battery-level': '34.69'}, None, None
250.01, [INFO], robot4, {'y': 17.431, 'x': -36.924, 'yaw': -3.141}, None, None
260.04, [INFO], robot4, {'battery-level': '34.13'}, None, None
260.04, [INFO], robot4, {'y': 17.152, 'x': -36.845, 'yaw': 3.142}, None, None
270.06, [INFO], robot4, {'y': 17.224, 'x': -36.824, 'yaw': -3.141}, None, None
270.06, [INFO], robot4, {'battery-level': '33.57'}, None, None
280.06, [INFO], robot4, {'battery-level': '33.01'}, None, None
280.06, [INFO], robot4, {'y': 17.402, 'x': -37.016, 'yaw': 3.141}, None, None
290.08, [INFO], robot4, {'y': 17.377, 'x': -36.912, 'yaw': 3.142}, None, None
290.08, [INFO], robot4, {'battery-level': '32.45'}, None, None
300.03, [INFO], robot4, {'y': 17.244, 'x': -36.988, 'yaw': -3.142}, None, None
300.03, [INFO], robot4, {'battery-level': '31.89'}, None, None
310.05, [INFO], robot4, {'y': 17.314, 'x': -36.814, 'yaw': -3.142}, None, None
310.05, [INFO], robot4, {'battery-level': '31.33'}, None, None
316.11, [WARN], robot4, SKILL-FAILURE, navigation, navto_lab
320.07, [INFO], robot4, {'y': 17.332, 'x': -37.083, 'yaw': 3.142}, None, None
320.07, [INFO], robot4, {'battery-level': '30.77'}, None, None
