0.00, [INFO], robot1, {'battery-level': '30.20'}, None, None
0.12, [DEBUG], logger, ROBOTS_CONFIG={'avg_speed': 0.15, 'battery_charge': 0.3020349930380309, 'battery_discharge_rate': 0.0006600000000000001, 'id': 1, 'local_plan': [['navigation', ['IC Room 6', [[-11.5, 18.0, -1.57], [-11.5, 16.0], [-37.0, 16.0], [-37.0, 18.93], [-33.9, 18.93, 3.14]]], 'navto_room'], ['approach_person', ['nurse'], 'approach_nurse'], ['authenticate_person', ['nurse'], 'authenticate_nurse'], ['operate_drawer', ['open'], 'open_drawer_for_nurse'], ['send_message', ['nurse'], 'notify_nurse_of_open_drawer_for_nurse_completed'], ['wait_message', ['nurse'], 'wait_nurse_to_complete_deposit'], ['operate_drawer', ['close'], 'close_drawer_nurse'], ['navigation', ['Laboratory', [[-33.9, 18.93, 3.14], [-37.0, 18.93], [-37.0, 16.0], [-26.0, 16.0], [-26.0, 13.0, 1.57]]], 'navto_lab'], ['approach_robot', ['lab_arm'], 'approach_arm'], ['operate_drawer', ['open'], 'open_drawer_lab'], ['send_message', ['lab_arm'], 'notify_lab_arm_of_open_drawer_lab_completed'], ['wait_message', ['lab_arm'], 'wait_lab_arm_to_complete_pick_up_sample'], ['operate_drawer', ['close'], 'close_drawer_lab']], 'location': 'PC Room 8', 'name': 'r1', 'position': [-11.5, 18.0, -1.57], 'skills': ['approach_person', 'approach_robot', 'navigation', 'operate_drawer']}, None, None
0.12, [DEBUG], logger, Simulation open, None, None
10.07, [INFO], robot1, {'battery-level': '29.61'}, None, None
10.07, [INFO], robot1, {'y': 18.0, 'x': -11.5, 'yaw': -3.142}, None, None
20.02, [INFO], robot1, {'battery-level': '28.95'}, None, None
20.02, [INFO], robot1, {'y': 16.432, 'x': -11.911, 'yaw': 3.142}, None, None
30.03, [INFO], robot1, {'y': 16.286, 'x': -14.003, 'yaw': -3.142}, None, None
30.03, [INFO], robot1, {'battery-level': '28.29'}, None, None
40.02, [INFO], robot1, {'battery-level': '27.63'}, None, None
40.02, [INFO], robot1, {'y': 16.194, 'x': -16.123, 'yaw': 3.14}, None, None
50.02, [INFO], robot1, {'battery-level': '26.97'}, None, None
50.02, [INFO], robot1, {'y': 16.192, 'x': -18.23, 'yaw': 3.14}, None, None
60.02, [INFO], robot1, {'battery-level': '26.31'}, None, None
60.02, [INFO], robot1, {'y': 16.342, 'x': -20.332, 'yaw': 3.142}, None, None
70.04, [INFO], robot1, {'y': 16.229, 'x': -22.46, 'yaw': 3.142}, None, None
70.04, [INFO], robot1, {'battery-level': '25.65'}, None, None
80.04, [INFO], robot1, {'battery-level': '24.99'}, None, None
80.04, [INFO], robot1, {'y': 16.169, 'x': -24.562, 'yaw': -3.142}, None, None
90.02, [INFO], robot1, {'battery-level': '24.33'}, None, None
90.02, [INFO], robot1, {'y': 16.088, 'x': -26.673, 'yaw': -3.141}, None, None
100.03, [INFO], robot1, {'battery-level': '23.67'}, None, None
100.03, [INFO], robot1, {'y': 16.213, 'x': -28.77, 'yaw': 3.138}, None, None
110.07, [INFO], robot1, {'y': 16.129, 'x': -30.887, 'yaw': 3.14}, None, None
110.07, [INFO], robot1, {'battery-level': '23.01'}, None, None
120.02, [INFO], robot1, {'y': 15.811, 'x': -32.984, 'yaw': 3.142}, None, None
120.02, [INFO], robot1, {'battery-level': '22.35'}, None, None
130.01, [INFO], robot1, {'battery-level': '21.69'}, None, None
130.01, [INFO], robot1, {'y': 15.425, 'x': -35.065, 'yaw': -3.142}, None, None
140.04, [INFO], robot1, {'y': 16.195, 'x': -36.845, 'yaw': -3.141}, None, None
140.04, [INFO], robot1, {'battery-level': '21.03'}, None, None
150.06, [INFO], robot1, {'battery-level': '20.37'}, None, None
150.06, [INFO], robot1, {'y': 17.627, 'x': -36.846, 'yaw': -3.141}, None, None
160.09, [INFO], robot1, {'battery-level': '19.71'}, None, None
160.09, [INFO], robot1, {'y': 17.813, 'x': -36.176, 'yaw': -3.141}, None, None
170.05, [INFO], robot1, {'battery-level': '19.05'}, None, None
170.05, [INFO], robot1, {'y': 18.095, 'x': -35.877, 'yaw': -3.142}, None, None
180.04, [INFO], robot1, {'battery-level': '18.39'}, None, None
180.04, [INFO], robot1, {'y': 18.354, 'x': -35.71, 'yaw': -3.141}, None, None
190.03, [INFO], robot1, {'y': 18.412, 'x': -35.725, 'yaw': 3.142}, None, None
190.03, [INFO], robot1, {'battery-level': '17.73'}, None, None
200.07, [INFO], robot1, {'battery-level': '17.07'}, None, None
200.07, [INFO], robot1, {'y': 18.247, 'x': -35.71, 'yaw': -3.142}, None, None
210.08, [INFO], robot1, {'battery-level': '16.41'}, None, None
210.08, [INFO], robot1, {'y': 18.102, 'x': -35.656, 'yaw': -3.139}, None, None
220.04, [INFO], robot1, {'battery-level': '15.75'}, None, None
220.04, [INFO], robot1, {'y': 18.098, 'x': -35.603, 'yaw': -3.139}, None, None
229.78, [WARN], robot1, SKILL-FAILURE, navigation, navto_room
230.04, [INFO], robot1, {'battery-level': '15.09'}, None, None
230.04, [INFO], robot1, {'y': 18.021, 'x': -35.371, 'yaw': 3.142}, None, None
240.00, [INFO], robot1, {'battery-level': '14.43'}, None, None
240.00, [INFO], robot1, {'y': 18.021, 'x': -35.371, 'yaw': -3.142}, None, None
