0.00, [DEBUG], nurse, NURSE_CONFIG={'location': 'IC Room 2', 'position': [-38.0, 21.5, 0.0]}, None, None
0.00, [INFO], robot4, {'battery-level': '48.63'}, None, None
0.19, [DEBUG], logger, ROBOTS_CONFIG={'avg_speed': 0.15, 'battery_charge': 0.4863040833267539, 'battery_discharge_rate': 0.0005600000000000001, 'id': 4, 'local_plan': [['navigation', ['IC Room 2', [[-32.88, 33.98, 3.14], [-37.0, 33.98], [-37.0, 21.5], [-38.0, 21.5, 0.0]]], 'navto_room'], ['approach_person', ['nurse'], 'approach_nurse'], ['authenticate_person', ['nurse'], 'authenticate_nurse'], ['operate_drawer', ['open'], 'open_drawer_for_nurse'], ['send_message', ['nurse'], 'notify_nurse_of_open_drawer_for_nurse_completed'], ['wait_message', ['nurse'], 'wait_nurse_to_complete_deposit'], ['operate_drawer', ['close'], 'close_drawer_nurse'], ['navigation', ['Laboratory', [[-38.0, 21.5, 0.0], [-37.0, 21.5], [-37.0, 16.0], [-26.0, 16.0], [-26.0, 13.0, 1.57]]], 'navto_lab'], ['approach_robot', ['lab_arm'], 'approach_arm'], ['operate_drawer', ['open'], 'open_drawer_lab'], ['send_message', ['lab_arm'], 'notify_lab_arm_of_open_drawer_lab_completed'], ['wait_message', ['lab_arm'], 'wait_lab_arm_to_complete_pick_up_sample'], ['operate_drawer', ['close'], 'close_drawer_lab']], 'location': 'IC Room 5', 'name': 'r4', 'position': [-32.88, 33.98, 3.14], 'skills': ['approach_person', 'approach_robot', 'authenticate_person', 'navigation', 'operate_drawer']}, None, None
0.19, [DEBUG], logger, Simulation open, None, None
10.06, [INFO], robot4, {'battery-level': '48.13'}, None, None
10.06, [INFO], robot4, {'y': 34.164, 'x': -33.399, 'yaw': 3.141}, None, None
20.02, [INFO], robot4, {'battery-level': '47.57'}, None, None
20.02, [INFO], robot4, {'y': 34.719, 'x': -35.412, 'yaw': 3.141}, None, None
30.07, [INFO], robot4, {'battery-level': '47.01'}, None, None
30.07, [INFO], robot4, {'y': 33.465, 'x': -36.976, 'yaw': -3.142}, None, None
40.08, [INFO], robot4, {'y': 31.373, 'x': -36.89, 'yaw': -3.142}, None, None
40.08, [INFO], robot4, {'battery-level': '46.45'}, None, None
50.09, [INFO], robot4, {'y': 29.266, 'x': -36.883, 'yaw': -3.142}, None, None
50.09, [INFO], robot4, {'battery-level': '45.89'}, None, None
60.06, [INFO], robot4, {'battery-level': '45.33'}, None, None
60.06, [INFO], robot4, {'y': 27.172, 'x': -36.906, 'yaw': 3.141}, None, None
70.03, [INFO], robot4, {'y': 25.071, 'x': -36.936, 'yaw': 3.142}, None, None
70.03, [INFO], robot4, {'battery-level': '44.77'}, None, None
80.03, [INFO], robot4, {'y': 22.945, 'x': -36.979, 'yaw': -3.141}, None, None
80.03, [INFO], robot4, {'battery-level': '44.21'}, None, None
90.08, [INFO], robot4, {'y': 21.333, 'x': -37.766, 'yaw': -3.142}, None, None
90.08, [INFO], robot4, {'battery-level': '43.65'}, None, None
100.09, [INFO], robot4, {'y': 21.398, 'x': -38.027, 'yaw': 3.141}, None, None
100.09, [INFO], robot4, {'battery-level': '43.09'}, None, None
106.84, [info], nurse, sync, received-request, (status=sending-request)
106.84, [info], nurse, sync, request-sent, (status=waiting)
106.94, [info], nurse, sync, wait-message, (status=message-received)
110.09, [INFO], robot4, {'battery-level': '42.53'}, None, None
110.09, [INFO], robot4, {'y': 21.497, 'x': -37.631, 'yaw': 3.14}, None, None
120.04, [INFO], robot4, {'battery-level': '41.97'}, None, None
120.04, [INFO], robot4, {'y': 19.68, 'x': -37.188, 'yaw': 3.142}, None, None
130.06, [INFO], robot4, {'y': 17.566, 'x': -37.053, 'yaw': 3.14}, None, None
130.06, [INFO], robot4, {'battery-level': '41.41'}, None, None
140.09, [INFO], robot4, {'battery-level': '40.85'}, None, None
140.09, [INFO], robot4, {'y': 15.799, 'x': -36.347, 'yaw': 3.141}, None, None
150.06, [INFO], robot4, {'y': 15.334, 'x': -34.276, 'yaw': 3.142}, None, None
150.06, [INFO], robot4, {'battery-level': '40.29'}, None, None
160.02, [INFO], robot4, {'y': 15.565, 'x': -32.171, 'yaw': -3.141}, None, None
160.02, [INFO], robot4, {'battery-level': '39.73'}, None, None
170.03, [INFO], robot4, {'battery-level': '39.17'}, None, None
170.03, [INFO], robot4, {'y': 15.681, 'x': -30.056, 'yaw': 3.141}, None, None
180.03, [INFO], robot4, {'y': 15.845, 'x': -27.95, 'yaw': -3.141}, None, None
180.03, [INFO], robot4, {'battery-level': '38.61'}, None, None
190.04, [INFO], robot4, {'battery-level': '38.05'}, None, None
190.04, [INFO], robot4, {'y': 15.386, 'x': -26.072, 'yaw': 3.141}, None, None
200.03, [INFO], robot4, {'y': 13.303, 'x': -25.782, 'yaw': -3.142}, None, None
200.03, [INFO], robot4, {'battery-level': '37.49'}, None, None
209.13, [info], lab_arm, sync, wait-message, (status=message-received)
210.09, [INFO], robot4, {'battery-level': '36.93'}, None, None
210.09, [WARN], robot4, SUCCESS, None, None
210.09, [INFO], robot4, {'y': 12.931, 'x': -25.954, 'yaw': 3.141}, None, None
