0.00, [DEBUG], nurse, NURSE_CONFIG={'location': 'IC Room 6', 'position': [-33.9, 18.93, 3.14]}, None, None
0.12, [DEBUG], logger, ROBOTS_CONFIG={'avg_speed': 0.15, 'battery_charge': 0.7258412726774711, 'battery_discharge_rate': 0.00076, 'id': 5, 'local_plan': [['navigation', ['IC Room 6', [[-13.5, 18.0, -1.57], [-13.5, 16.0], [-37.0, 16.0], [-37.0, 18.93], [-33.9, 18.93, 3.14]]], 'navto_room'], ['approach_person', ['nurse'], 'approach_nurse'], ['authenticate_person', ['nurse'], 'authenticate_nurse'], ['operate_drawer', ['open'], 'open_drawer_for_nurse'], ['send_message', ['nurse'], 'notify_nurse_of_open_drawer_for_nurse_completed'], ['wait_message', ['nurse'], 'wait_nurse_to_complete_deposit'], ['operate_drawer', ['close'], 'close_drawer_nurse'], ['navigation', ['Laboratory', [[-33.9, 18.93, 3.14], [-37.0, 18.93], [-37.0, 16.0], [-26.0, 16.0], [-26.0, 13.0, 1.57]]], 'navto_lab'], ['approach_robot', ['lab_arm'], 'approach_arm'], ['operate_drawer', ['open'], 'open_drawer_lab'], ['send_message', ['lab_arm'], 'notify_lab_arm_of_open_drawer_lab_completed'], ['wait_message', ['lab_arm'], 'wait_lab_arm_to_complete_pick_up_sample'], ['operate_drawer', ['close'], 'close_drawer_lab']], 'location': 'PC Room 7', 'name': 'r5', 'position': [-13.5, 18.0, -1.57], 'skills': ['approach_person', 'approach_robot', 'authenticate_person', 'navigation', 'operate_drawer']}, None, None
0.12, [DEBUG], logger, Simulation open, None, None
10.06, [INFO], robot5, {'battery-level': '71.90'}, None, None
10.06, [INFO], robot5, {'y': 17.599, 'x': -13.498, 'yaw': 3.142}, None, None
20.02, [INFO], robot5, {'battery-level': '71.14'}, None, None
20.02, [INFO], robot5, {'y': 15.979, 'x': -14.203, 'yaw': -3.141}, None, None
30.08, [INFO], robot5, {'y': 15.919, 'x': -16.32, 'yaw': 3.142}, None, None
30.08, [INFO], robot5, {'battery-level': '70.38'}, None, None
40.04, [INFO], robot5, {'y': 15.955, 'x': -18.43, 'yaw': 3.141}, None, None
40.04, [INFO], robot5, {'battery-level': '69.62'}, None, None
50.06, [INFO], robot5, {'battery-level': '68.86'}, None, None
50.06, [INFO], robot5, {'y': 16.114, 'x': -20.533, 'yaw': 3.138}, None, None
60.03, [INFO], robot5, {'battery-level': '68.10'}, None, None
60.03, [INFO], robot5, {'y': 16.101, 'x': -22.653, 'yaw': -3.142}, None, None
70.01, [INFO], robot5, {'y': 16.039, 'x': -24.758, 'yaw': 3.141}, None, None
70.01, [INFO], robot5, {'battery-level': '67.34'}, None, None
80.02, [INFO], robot5, {'battery-level': '66.58'}, None, None
80.02, [INFO], robot5, {'y': 16.043, 'x': -26.873, 'yaw': 3.142}, None, None
90.06, [INFO], robot5, {'y': 16.183, 'x': -28.977, 'yaw': -3.142}, None, None
90.06, [INFO], robot5, {'battery-level': '65.82'}, None, None
100.08, [INFO], robot5, {'y': 16.01, 'x': -31.086, 'yaw': 3.141}, None, None
100.08, [INFO], robot5, {'battery-level': '65.06'}, None, None
110.01, [INFO], robot5, {'battery-level': '64.30'}, None, None
110.01, [INFO], robot5, {'y': 15.784, 'x': -33.189, 'yaw': -3.141}, None, None
120.04, [INFO], robot5, {'battery-level': '63.54'}, None, None
120.04, [INFO], robot5, {'y': 15.46, 'x': -35.279, 'yaw': -3.141}, None, None
130.09, [INFO], robot5, {'battery-level': '62.78'}, None, None
130.09, [INFO], robot5, {'y': 16.406, 'x': -36.896, 'yaw': 3.141}, None, None
140.06, [INFO], robot5, {'battery-level': '62.02'}, None, None
140.06, [INFO], robot5, {'y': 17.601, 'x': -36.863, 'yaw': 3.142}, None, None
150.06, [INFO], robot5, {'battery-level': '61.26'}, None, None
150.06, [INFO], robot5, {'y': 17.609, 'x': -36.863, 'yaw': 3.141}, None, None
160.05, [INFO], robot5, {'battery-level': '60.50'}, None, None
160.05, [INFO], robot5, {'y': 17.733, 'x': -36.875, 'yaw': 3.141}, None, None
170.04, [INFO], robot5, {'battery-level': '59.74'}, None, None
170.04, [INFO], robot5, {'y': 17.757, 'x': -36.85, 'yaw': -3.142}, None, None
180.03, [INFO], robot5, {'battery-level': '58.98'}, None, None
180.03, [INFO], robot5, {'y': 17.757, 'x': -36.85, 'yaw': -3.142}, None, None
190.02, [INFO], robot5, {'y': 17.757, 'x': -36.85, 'yaw': -3.142}, None, None
190.02, [INFO], robot5, {'battery-level': '58.22'}, None, None
200.00, [INFO], robot5, {'y': 17.758, 'x': -36.848, 'yaw': -3.142}, None, None
200.00, [INFO], robot5, {'battery-level': '57.46'}, None, None
210.05, [INFO], robot5, {'y': 17.697, 'x': -37.127, 'yaw': 3.14}, None, None
210.05, [INFO], robot5, {'battery-level': '56.70'}, None, None
220.07, [INFO], robot5, {'y': 17.8, 'x': -37.033, 'yaw': 3.141}, None, None
220.07, [INFO], robot5, {'battery-level': '55.94'}, None, None
230.01, [INFO], robot5, {'battery-level': '55.18'}, None, None
230.01, [INFO], robot5, {'y': 17.8, 'x': -37.014, 'yaw': 3.142}, None, None
240.08, [INFO], robot5, {'battery-level': '54.42'}, None, None
240.08, [INFO], robot5, {'y': 17.8, 'x': -37.014, 'yaw': 3.142}, None, None
250.07, [INFO], robot5, {'battery-level': '53.66'}, None, None
250.07, [INFO], robot5, {'y': 17.8, 'x': -37.014, 'yaw': -3.142}, None, None
260.08, [INFO], robot5, {'y': 17.801, 'x': -36.976, 'yaw': 3.14}, None, None
260.08, [INFO], robot5, {'battery-level': '52.90'}, None, None
270.09, [INFO], robot5, {'battery-level': '52.14'}, None, None
270.09, [INFO], robot5, {'y': 17.799, 'x': -36.974, 'yaw': 3.142}, None, None
273.80, [WARN], robot5, SKILL-FAILURE, navigation, navto_room
280.01, [INFO], robot5, {'battery-level': '51.38'}, None, None
280.01, [INFO], robot5, {'y': 17.799, 'x': -36.974, 'yaw': 3.142}, None, None
