0.00, [DEBUG], nurse, NURSE_CONFIG={'location': 'IC Room 6', 'position': [-33.9, 18.93, 3.14]}, None, None
0.13, [DEBUG], logger, ROBOTS_CONFIG={'avg_speed': 0.15, 'battery_charge': 0.7232396784987936, 'battery_discharge_rate': 0.00064, 'id': 3, 'local_plan': [['navigation', ['IC Room 6', [[-38.0, 21.5, 0.0], [-37.0, 21.5], [-37.0, 18.93], [-33.9, 18.93, 3.14]]], 'navto_room'], ['approach_person', ['nurse'], 'approach_nurse'], ['authenticate_person', ['nurse'], 'authenticate_nurse'], ['operate_drawer', ['open'], 'open_drawer_for_nurse'], ['send_message', ['nurse'], 'notify_nurse_of_open_drawer_for_nurse_completed'], ['wait_message', ['nurse'], 'wait_nurse_to_complete_deposit'], ['operate_drawer', ['close'], 'close_drawer_nurse'], ['navigation', ['Laboratory', [[-33.9, 18.93, 3.14], [-37.0, 18.93], [-37.0, 16.0], [-26.0, 16.0], [-26.0, 13.0, 1.57]]], 'navto_lab'], ['approach_robot', ['lab_arm'], 'approach_arm'], ['operate_drawer', ['open'], 'open_drawer_lab'], ['send_message', ['lab_arm'], 'notify_lab_arm_of_open_drawer_lab_completed'], ['wait_message', ['lab_arm'], 'wait_lab_arm_to_complete_pick_up_sample'], ['operate_drawer', ['close'], 'close_drawer_lab']], 'location': 'IC Room 2', 'name': 'r3', 'position': [-38.0, 21.5, 0.0], 'skills': ['approach_person', 'approach_robot', 'authenticate_person', 'navigation', 'operate_drawer']}, None, None
0.13, [DEBUG], logger, Simulation open, None, None
10.06, [INFO], robot3, {'battery-level': '71.75'}, None, None
10.06, [INFO], robot3, {'y': 21.471, 'x': -37.27, 'yaw': -3.142}, None, None
20.02, [INFO], robot3, {'battery-level': '71.11'}, None, None
20.02, [INFO], robot3, {'y': 19.387, 'x': -37.098, 'yaw': 3.14}, None, None
30.06, [INFO], robot3, {'battery-level': '70.47'}, None, None
30.06, [INFO], robot3, {'y': 17.813, 'x': -35.669, 'yaw': 3.141}, None, None
40.01, [INFO], robot3, {'battery-level': '69.83'}, None, None
40.01, [INFO], robot3, {'y': 18.792, 'x': -34.077, 'yaw': 3.142}, None, None
48.11, [info], nurse, sync, received-request, (status=sending-request)
48.11, [info], nurse, sync, request-sent, (status=waiting)
48.11, [info], nurse, sync, wait-message, (status=message-received)
50.05, [INFO], robot3, {'battery-level': '69.19'}, None, None
50.05, [INFO], robot3, {'y': 18.983, 'x': -34.083, 'yaw': 3.141}, None, None
60.02, [INFO], robot3, {'battery-level': '68.55'}, None, None
60.02, [INFO], robot3, {'y': 17.751, 'x': -35.583, 'yaw': 3.141}, None, None
70.05, [INFO], robot3, {'battery-level': '67.91'}, None, None
70.05, [INFO], robot3, {'y': 18.107, 'x': -36.295, 'yaw': 3.141}, None, None
80.01, [INFO], robot3, {'battery-level': '67.27'}, None, None
80.01, [INFO], robot3, {'y': 17.402, 'x': -36.869, 'yaw': 3.141}, None, None
90.05, [INFO], robot3, {'battery-level': '66.63'}, None, None
90.05, [INFO], robot3, {'y': 17.293, 'x': -36.808, 'yaw': -3.141}, None, None
100.06, [INFO], robot3, {'battery-level': '65.99'}, None, None
100.06, [INFO], robot3, {'y': 17.426, 'x': -36.629, 'yaw': -3.141}, None, None
110.08, [INFO], robot3, {'battery-level': '65.35'}, None, None
110.08, [INFO], robot3, {'y': 17.482, 'x': -36.77, 'yaw': 3.142}, None, None
120.09, [INFO], robot3, {'y': 17.504, 'x': -36.925, 'yaw': 3.142}, None, None
120.09, [INFO], robot3, {'battery-level': '64.71'}, None, None
130.06, [INFO], robot3, {'y': 17.389, 'x': -36.91, 'yaw': 3.141}, None, None
130.06, [INFO], robot3, {'battery-level': '64.07'}, None, None
140.01, [INFO], robot3, {'battery-level': '63.43'}, None, None
140.01, [INFO], robot3, {'y': 17.256, 'x': -37.145, 'yaw': -3.141}, None, None
150.07, [INFO], robot3, {'battery-level': '62.79'}, None, None
150.07, [INFO], robot3, {'y': 17.32, 'x': -37.024, 'yaw': 3.142}, None, None
160.01, [INFO], robot3, {'battery-level': '62.15'}, None, None
160.01, [INFO], robot3, {'y': 17.235, 'x': -36.848, 'yaw': 3.141}, None, None
170.08, [INFO], robot3, {'battery-level': '61.51'}, None, None
170.08, [INFO], robot3, {'y': 17.507, 'x': -37.079, 'yaw': 3.141}, None, None
180.01, [INFO], robot3, {'y': 17.348, 'x': -36.847, 'yaw': 3.142}, None, None
180.01, [INFO], robot3, {'battery-level': '60.87'}, None, None
190.02, [INFO], robot3, {'battery-level': '60.23'}, None, None
190.02, [INFO], robot3, {'y': 17.385, 'x': -36.988, 'yaw': 3.142}, None, None
200.07, [INFO], robot3, {'y': 17.281, 'x': -36.826, 'yaw': -3.141}, None, None
200.07, [INFO], robot3, {'battery-level': '59.59'}, None, None
210.03, [INFO], robot3, {'y': 17.327, 'x': -36.965, 'yaw': -3.142}, None, None
210.03, [INFO], robot3, {'battery-level': '58.95'}, None, None
220.09, [INFO], robot3, {'battery-level': '58.31'}, None, None
220.09, [INFO], robot3, {'y': 17.171, 'x': -36.925, 'yaw': 3.141}, None, None
230.07, [INFO], robot3, {'battery-level': '57.67'}, None, None
230.07, [INFO], robot3, {'y': 17.347, 'x': -36.965, 'yaw': 3.141}, None, None
239.73, [WARN], robot3, SKILL-FAILURE, navigation, navto_lab
240.09, [INFO], robot3, {'battery-level': '57.03'}, None, None
240.09, [INFO], robot3, {'y': 17.224, 'x': -36.851, 'yaw': 3.141}, None, None
