0.00, [DEBUG], nurse, NURSE_CONFIG={'location': 'IC Room 2', 'position': [-38.0, 21.5, 0.0]}, None, None
0.00, [INFO], robot6, {'battery-level': '91.10'}, None, None
0.00, [DEBUG], logger, ROBOTS_CONFIG={'avg_speed': 0.15, 'battery_charge': 0.9109794326728246, 'battery_discharge_rate': 0.00038, 'id': 6, 'local_plan': [['navigation', ['IC Room 2', [[-33.9, 18.93, 3.14], [-37.0, 18.93], [-37.0, 21.5], [-38.0, 21.5, 0.0]]], 'navto_room'], ['approach_person', ['nurse'], 'approach_nurse'], ['authenticate_person', ['nurse'], 'authenticate_nurse'], ['operate_drawer', ['open'], 'open_drawer_for_nurse'], ['send_message', ['nurse'], 'notify_nurse_of_open_drawer_for_nurse_completed'], ['wait_message', ['nurse'], 'wait_nurse_to_complete_deposit'], ['operate_drawer', ['close'], 'close_drawer_nurse'], ['navigation', ['Laboratory', [[-38.0, 21.5, 0.0], [-37.0, 21.5], [-37.0, 16.0], [-26.0, 16.0], [-26.0, 13.0, 1.57]]], 'navto_lab'], ['approach_robot', ['lab_arm'], 'approach_arm'], ['operate_drawer', ['open'], 'open_drawer_lab'], ['send_message', ['lab_arm'], 'notify_lab_arm_of_open_drawer_lab_completed'], ['wait_message', ['lab_arm'], 'wait_lab_arm_to_complete_pick_up_sample'], ['operate_drawer', ['close'], 'close_drawer_lab']], 'location': 'IC Room 6', 'name': 'r6', 'position': [-33.9, 18.93, 3.14], 'skills': ['approach_person', 'approach_robot', 'authenticate_person', 'navigation', 'operate_drawer']}, None, None
0.00, [DEBUG], logger, Simulation open, None, None
10.08, [INFO], robot6, {'battery-level': '90.76'}, None, None
10.08, [INFO], robot6, {'y': 18.484, 'x': -34.347, 'yaw': 3.141}, None, None
20.01, [INFO], robot6, {'battery-level': '90.38'}, None, None
20.01, [INFO], robot6, {'y': 17.992, 'x': -36.104, 'yaw': 3.141}, None, None
30.05, [INFO], robot6, {'battery-level': '90.00'}, None, None
30.05, [INFO], robot6, {'y': 19.814, 'x': -36.945, 'yaw': 3.141}, None, None
39.97, [INFO], robot6, {'y': 21.552, 'x': -37.645, 'yaw': 3.142}, None, None
40.07, [INFO], robot6, {'battery-level': '89.62'}, None, None
50.07, [INFO], robot6, {'battery-level': '89.24'}, None, None
50.07, [INFO], robot6, {'y': 21.398, 'x': -38.058, 'yaw': 3.136}, None, None
54.81, [info], nurse, sync, received-request, (status=sending-request)
54.81, [info], nurse, sync, request-sent, (status=waiting)
54.81, [info], nurse, sync, wait-message, (status=message-received)
60.02, [INFO], robot6, {'battery-level': '88.86'}, None, None
60.02, [INFO], robot6, {'y': 21.114, 'x': -37.282, 'yaw': -3.142}, None, None
70.04, [INFO], robot6, {'y': 19.007, 'x': -37.145, 'yaw': 3.142}, None, None
70.04, [INFO], robot6, {'battery-level': '88.48'}, None, None
80.00, [INFO], robot6, {'y': 16.905, 'x': -37.102, 'yaw': 3.141}, None, None
80.00, [INFO], robot6, {'battery-level': '88.10'}, None, None
90.06, [INFO], robot6, {'battery-level': '87.72'}, None, None
90.06, [INFO], robot6, {'y': 15.783, 'x': -35.618, 'yaw': 3.142}, None, None
100.08, [INFO], robot6, {'battery-level': '87.34'}, None, None
100.08, [INFO], robot6, {'y': 15.414, 'x': -33.55, 'yaw': -3.141}, None, None
110.03, [INFO], robot6, {'battery-level': '86.96'}, None, None
110.03, [INFO], robot6, {'y': 15.562, 'x': -31.455, 'yaw': 3.14}, None, None
120.06, [INFO], robot6, {'y': 15.755, 'x': -29.335, 'yaw': 3.141}, None, None
120.06, [INFO], robot6, {'battery-level': '86.58'}, None, None
130.01, [INFO], robot6, {'battery-level': '86.20'}, None, None
130.01, [INFO], robot6, {'y': 15.792, 'x': -27.243, 'yaw': -3.141}, None, None
140.07, [INFO], robot6, {'battery-level': '85.82'}, None, None
140.07, [INFO], robot6, {'y': 14.759, 'x': -25.826, 'yaw': 3.142}, None, None
150.10, [INFO], robot6, {'y': 12.965, 'x': -25.908, 'yaw': 3.142}, None, None
150.10, [INFO], robot6, {'battery-level': '85.44'}, None, None
157.92, [info], lab_arm, sync, wait-message, (status=message-received)
158.89, [WARN], robot6, SUCCESS, None, None
160.09, [INFO], robot6, {'battery-level': '85.06'}, None, None
160.09, [INFO], robot6, {'y': 12.899, 'x': -25.951, 'yaw': 3.142}, None, None
