0.00, [INFO], robot3, {'battery-level': '72.32'}, None, None
0.00, [DEBUG], nurse, NURSE_CONFIG={'location': 'IC Room 6', 'position': [-33.9, 18.93, 3.14]}, None, None
0.13, [DEBUG], logger, ROBOTS_CONFIG={'avg_speed': 0.15, 'battery_charge': 0.7232396784987936, 'battery_discharge_rate': 0.00064, 'id': 3, 'local_plan': [['navigation', ['IC Room 6', [[-38.0, 21.5, 0.0], [-37.0, 21.5], [-37.0, 18.93], [-33.9, 18.93, 3.14]]], 'navto_room'], ['approach_person', ['nurse'], 'approach_nurse'], ['authenticate_person', ['nurse'], 'authenticate_nurse'], ['operate_drawer', ['open'], 'open_drawer_for_nurse'], ['send_message', ['nurse'], 'notify_nurse_of_open_drawer_for_nurse_completed'], ['wait_message', ['nurse'], 'wait_nurse_to_complete_deposit'], ['operate_drawer', ['close'], 'close_drawer_nurse'], ['navigation', ['Laboratory', [[-33.9, 18.93, 3.14], [-37.0, 18.93], [-37.0, 16.0], [-26.0, 16.0], [-26.0, 13.0, 1.57]]], 'navto_lab'], ['approach_robot', ['lab_arm'], 'approach_arm'], ['operate_drawer', ['open'], 'open_drawer_lab'], ['send_message', ['lab_arm'], 'notify_lab_arm_of_open_drawer_lab_completed'], ['wait_message', ['lab_arm'], 'wait_lab_arm_to_complete_pick_up_sample'], ['operate_drawer', ['close'], 'close_drawer_lab']], 'location': 'IC Room 2', 'name': 'r3', 'position': [-38.0, 21.5, 0.0], 'skills': ['approach_person', 'approach_robot', 'authenticate_person', 'navigation', 'operate_drawer']}, None, None
0.13, [DEBUG], logger, Simulation open, None, None
10.05, [INFO], robot3, {'battery-level': '71.75'}, None, None
10.05, [INFO], robot3, {'y': 21.541, 'x': -37.613, 'yaw': 3.139}, None, None
20.03, [INFO], robot3, {'battery-level': '71.11'}, None, None
20.03, [INFO], robot3, {'y': 19.726, 'x': -37.111, 'yaw': 3.141}, None, None
30.08, [INFO], robot3, {'y': 17.956, 'x': -35.965, 'yaw': -3.137}, None, None
30.08, [INFO], robot3, {'battery-level': '70.47'}, None, None
40.07, [INFO], robot3, {'battery-level': '69.83'}, None, None
40.07, [INFO], robot3, {'y': 18.507, 'x': -34.196, 'yaw': -3.142}, None, None
49.61, [info], nurse, sync, received-request, (status=sending-request)
49.61, [info], nurse, sync, request-sent, (status=waiting)
49.61, [info], nurse, sync, wait-message, (status=message-received)
50.07, [INFO], robot3, {'battery-level': '69.19'}, None, None
50.07, [INFO], robot3, {'y': 18.972, 'x': -33.94, 'yaw': 3.14}, None, None
60.09, [INFO], robot3, {'y': 17.747, 'x': -35.292, 'yaw': -3.139}, None, None
60.09, [INFO], robot3, {'battery-level': '68.55'}, None, None
70.03, [INFO], robot3, {'y': 17.909, 'x': -36.101, 'yaw': 3.142}, None, None
70.03, [INFO], robot3, {'battery-level': '67.91'}, None, None
80.02, [INFO], robot3, {'battery-level': '67.27'}, None, None
80.02, [INFO], robot3, {'y': 17.909, 'x': -36.101, 'yaw': 3.142}, None, None
90.08, [INFO], robot3, {'y': 17.677, 'x': -36.754, 'yaw': 3.142}, None, None
90.08, [INFO], robot3, {'battery-level': '66.63'}, None, None
100.06, [INFO], robot3, {'battery-level': '65.99'}, None, None
100.06, [INFO], robot3, {'y': 17.247, 'x': -37.129, 'yaw': 3.142}, None, None
110.03, [INFO], robot3, {'battery-level': '65.35'}, None, None
110.03, [INFO], robot3, {'y': 17.47, 'x': -36.861, 'yaw': -3.142}, None, None
120.06, [INFO], robot3, {'y': 17.348, 'x': -37.061, 'yaw': 3.141}, None, None
120.06, [INFO], robot3, {'battery-level': '64.71'}, None, None
130.07, [INFO], robot3, {'y': 17.247, 'x': -37.057, 'yaw': 3.142}, None, None
130.07, [INFO], robot3, {'battery-level': '64.07'}, None, None
140.09, [INFO], robot3, {'y': 17.352, 'x': -37.208, 'yaw': -3.142}, None, None
140.09, [INFO], robot3, {'battery-level': '63.43'}, None, None
150.07, [INFO], robot3, {'y': 17.419, 'x': -36.954, 'yaw': 3.141}, None, None
150.07, [INFO], robot3, {'battery-level': '62.79'}, None, None
160.06, [INFO], robot3, {'y': 17.279, 'x': -36.781, 'yaw': -3.142}, None, None
160.06, [INFO], robot3, {'battery-level': '62.15'}, None, None
170.07, [INFO], robot3, {'battery-level': '61.51'}, None, None
170.07, [INFO], robot3, {'y': 17.308, 'x': -36.894, 'yaw': 3.141}, None, None
180.02, [INFO], robot3, {'y': 17.417, 'x': -36.773, 'yaw': 3.141}, None, None
180.02, [INFO], robot3, {'battery-level': '60.87'}, None, None
190.07, [INFO], robot3, {'battery-level': '60.23'}, None, None
190.07, [INFO], robot3, {'y': 17.261, 'x': -37.11, 'yaw': -3.141}, None, None
200.05, [INFO], robot3, {'battery-level': '59.59'}, None, None
200.05, [INFO], robot3, {'y': 17.279, 'x': -36.959, 'yaw': -3.141}, None, None
210.08, [INFO], robot3, {'battery-level': '58.95'}, None, None
210.08, [INFO], robot3, {'y': 17.308, 'x': -36.967, 'yaw': -3.142}, None, None
220.09, [INFO], robot3, {'battery-level': '58.31'}, None, None
220.09, [INFO], robot3, {'y': 17.161, 'x': -37.019, 'yaw': -3.142}, None, None
230.02, [INFO], robot3, {'y': 17.119, 'x': -37.06, 'yaw': 3.142}, None, None
230.02, [INFO], robot3, {'battery-level': '57.67'}, None, None
232.37, [WARN], robot3, SKILL-FAILURE, navigation, navto_lab
240.03, [INFO], robot3, {'y': 17.211, 'x': -36.824, 'yaw': -3.142}, None, None
240.03, [INFO], robot3, {'battery-level': '57.03'}, None, None
