0.00, [INFO], robot5, {'battery-level': '72.58'}, None, None
0.20, [DEBUG], logger, ROBOTS_CONFIG={'avg_speed': 0.15, 'battery_charge': 0.7258412726774711, 'battery_discharge_rate': 0.00076, 'id': 5, 'local_plan': [['navigation', ['IC Room 2', [[-11.5, 18.0, -1.57], [-11.5, 16.0], [-37.0, 16.0], [-37.0, 21.5], [-38.0, 21.5, 0.0]]], 'navto_room'], ['approach_person', ['nurse'], 'approach_nurse'], ['authenticate_person', ['nurse'], 'authenticate_nurse'], ['operate_drawer', ['open'], 'open_drawer_for_nurse'], ['send_message', ['nurse'], 'notify_nurse_of_open_drawer_for_nurse_completed'], ['wait_message', ['nurse'], 'wait_nurse_to_complete_deposit'], ['operate_drawer', ['close'], 'close_drawer_nurse'], ['navigation', ['Laboratory', [[-38.0, 21.5, 0.0], [-37.0, 21.5], [-37.0, 16.0], [-26.0, 16.0], [-26.0, 13.0, 1.57]]], 'navto_lab'], ['approach_robot', ['lab_arm'], 'approach_arm'], ['operate_drawer', ['open'], 'open_drawer_lab'], ['send_message', ['lab_arm'], 'notify_lab_arm_of_open_drawer_lab_completed'], ['wait_message', ['lab_arm'], 'wait_lab_arm_to_complete_pick_up_sample'], ['operate_drawer', ['close'], 'close_drawer_lab']], 'location': 'PC Room 8', 'name': 'r5', 'position': [-11.5, 18.0, -1.57], 'skills': ['approach_person', 'approach_robot', 'authenticate_person', 'navigation', 'operate_drawer']}, None, None
0.20, [DEBUG], logger, Simulation open, None, None
10.07, [INFO], robot5, {'y': 18.0, 'x': -11.5, 'yaw': 3.141}, None, None
10.07, [INFO], robot5, {'battery-level': '71.90'}, None, None
20.08, [INFO], robot5, {'y': 16.285, 'x': -12.151, 'yaw': 3.137}, None, None
20.08, [INFO], robot5, {'battery-level': '71.14'}, None, None
30.02, [INFO], robot5, {'battery-level': '70.38'}, None, None
30.02, [INFO], robot5, {'y': 16.262, 'x': -14.264, 'yaw': 3.141}, None, None
40.02, [INFO], robot5, {'y': 16.146, 'x': -16.374, 'yaw': 3.141}, None, None
40.02, [INFO], robot5, {'battery-level': '69.62'}, None, None
50.03, [INFO], robot5, {'y': 16.214, 'x': -18.487, 'yaw': 3.141}, None, None
50.03, [INFO], robot5, {'battery-level': '68.86'}, None, None
60.02, [INFO], robot5, {'battery-level': '68.10'}, None, None
60.02, [INFO], robot5, {'y': 16.335, 'x': -20.585, 'yaw': 3.142}, None, None
70.03, [INFO], robot5, {'battery-level': '67.34'}, None, None
70.03, [INFO], robot5, {'y': 16.225, 'x': -22.701, 'yaw': 3.136}, None, None
80.05, [INFO], robot5, {'y': 16.122, 'x': -24.821, 'yaw': 3.141}, None, None
80.05, [INFO], robot5, {'battery-level': '66.58'}, None, None
90.00, [INFO], robot5, {'y': 16.113, 'x': -26.914, 'yaw': -3.138}, None, None
90.00, [INFO], robot5, {'battery-level': '65.82'}, None, None
100.03, [INFO], robot5, {'y': 16.233, 'x': -29.028, 'yaw': 3.141}, None, None
100.03, [INFO], robot5, {'battery-level': '65.06'}, None, None
110.06, [INFO], robot5, {'battery-level': '64.30'}, None, None
110.06, [INFO], robot5, {'y': 16.135, 'x': -31.144, 'yaw': 3.141}, None, None
120.08, [INFO], robot5, {'battery-level': '63.54'}, None, None
120.08, [INFO], robot5, {'y': 15.74, 'x': -33.256, 'yaw': 3.142}, None, None
130.01, [INFO], robot5, {'y': 15.403, 'x': -35.329, 'yaw': -3.141}, None, None
130.01, [INFO], robot5, {'battery-level': '62.78'}, None, None
140.03, [INFO], robot5, {'battery-level': '62.02'}, None, None
140.03, [INFO], robot5, {'y': 16.464, 'x': -36.661, 'yaw': -3.142}, None, None
150.04, [INFO], robot5, {'battery-level': '61.26'}, None, None
150.04, [INFO], robot5, {'y': 18.572, 'x': -36.723, 'yaw': -3.142}, None, None
160.03, [INFO], robot5, {'battery-level': '60.50'}, None, None
160.03, [INFO], robot5, {'y': 20.68, 'x': -36.908, 'yaw': 3.142}, None, None
170.01, [INFO], robot5, {'battery-level': '59.74'}, None, None
170.01, [INFO], robot5, {'y': 21.455, 'x': -38.072, 'yaw': 3.141}, None, None
177.15, [info], nurse, sync, received-request, (status=sending-request)
177.15, [info], nurse, sync, request-sent, (status=waiting)
177.15, [info], nurse, sync, wait-message, (status=message-received)
180.08, [INFO], robot5, {'battery-level': '58.98'}, None, None
180.08, [INFO], robot5, {'y': 21.407, 'x': -37.706, 'yaw': -3.141}, None, None
190.02, [INFO], robot5, {'battery-level': '58.22'}, None, None
190.02, [INFO], robot5, {'y': 19.589, 'x': -37.149, 'yaw': 3.139}, None, None
200.01, [INFO], robot5, {'battery-level': '57.46'}, None, None
200.01, [INFO], robot5, {'y': 17.485, 'x': -37.138, 'yaw': 3.141}, None, None
210.07, [INFO], robot5, {'battery-level': '56.70'}, None, None
210.07, [INFO], robot5, {'y': 15.848, 'x': -36.271, 'yaw': 3.142}, None, None
220.04, [INFO], robot5, {'battery-level': '55.94'}, None, None
220.04, [INFO], robot5, {'y': 15.36, 'x': -34.196, 'yaw': -3.141}, None, None
230.03, [INFO], robot5, {'y': 15.496, 'x': -32.086, 'yaw': -3.142}, None, None
230.03, [INFO], robot5, {'battery-level': '55.18'}, None, None
240.02, [INFO], robot5, {'y': 15.62, 'x': -29.985, 'yaw': -3.142}, None, None
240.02, [INFO], robot5, {'battery-level': '54.42'}, None, None
250.01, [INFO], robot5, {'y': 15.759, 'x': -27.878, 'yaw': -3.141}, None, None
250.01, [INFO], robot5, {'battery-level': '53.66'}, None, None
260.07, [INFO], robot5, {'battery-level': '52.90'}, None, None
260.07, [INFO], robot5, {'y': 15.165, 'x': -26.081, 'yaw': 3.142}, None, None
270.02, [INFO], robot5, {'battery-level': '52.14'}, None, None
270.02, [INFO], robot5, {'y': 13.136, 'x': -25.779, 'yaw': 3.142}, None, None
279.28, [info], lab_arm, sync, wait-message, (status=message-received)
280.01, [INFO], robot5, {'battery-level': '51.38'}, None, None
280.01, [INFO], robot5, {'y': 12.895, 'x': -25.952, 'yaw': 3.141}, None, None
280.19, [WARN], robot5, SUCCESS, None, None
