0.00, [DEBUG], nurse, NURSE_CONFIG={'location': 'IC Room 2', 'position': [-38.0, 21.5, 0.0]}, None, None
0.00, [INFO], robot6, {'battery-level': '91.10'}, None, None
0.19, [DEBUG], logger, ROBOTS_CONFIG={'avg_speed': 0.15, 'battery_charge': 0.9109794326728246, 'battery_discharge_rate': 0.00038, 'id': 6, 'local_plan': [['navigation', ['IC Room 2', [[-33.9, 18.93, 3.14], [-37.0, 18.93], [-37.0, 21.5], [-38.0, 21.5, 0.0]]], 'navto_room'], ['approach_person', ['nurse'], 'approach_nurse'], ['authenticate_person', ['nurse'], 'authenticate_nurse'], ['operate_drawer', ['open'], 'open_drawer_for_nurse'], ['send_message', ['nurse'], 'notify_nurse_of_open_drawer_for_nurse_completed'], ['wait_message', ['nurse'], 'wait_nurse_to_complete_deposit'], ['operate_drawer', ['close'], 'close_drawer_nurse'], ['navigation', ['Laboratory', [[-38.0, 21.5, 0.0], [-37.0, 21.5], [-37.0, 16.0], [-26.0, 16.0], [-26.0, 13.0, 1.57]]], 'navto_lab'], ['approach_robot', ['lab_arm'], 'approach_arm'], ['operate_drawer', ['open'], 'open_drawer_lab'], ['send_message', ['lab_arm'], 'notify_lab_arm_of_open_drawer_lab_completed'], ['wait_message', ['lab_arm'], 'wait_lab_arm_to_complete_pick_up_sample'], ['operate_drawer', ['close'], 'close_drawer_lab']], 'location': 'IC Room 6', 'name': 'r6', 'position': [-33.9, 18.93, 3.14], 'skills': ['approach_person', 'approach_robot', 'authenticate_person', 'navigation', 'operate_drawer']}, None, None
0.19, [DEBUG], logger, Simulation open, None, None
10.02, [INFO], robot6, {'battery-level': '90.76'}, None, None
10.02, [INFO], robot6, {'y': 18.927, 'x': -33.901, 'yaw': -3.142}, None, None
20.03, [INFO], robot6, {'battery-level': '90.38'}, None, None
20.03, [INFO], robot6, {'y': 17.736, 'x': -35.38, 'yaw': 3.141}, None, None
30.02, [INFO], robot6, {'battery-level': '90.00'}, None, None
30.02, [INFO], robot6, {'y': 19.037, 'x': -36.782, 'yaw': -3.137}, None, None
40.01, [INFO], robot6, {'battery-level': '89.62'}, None, None
40.01, [INFO], robot6, {'y': 21.151, 'x': -36.993, 'yaw': 3.141}, None, None
50.04, [INFO], robot6, {'battery-level': '89.24'}, None, None
50.04, [INFO], robot6, {'y': 21.532, 'x': -38.095, 'yaw': -3.142}, None, None
60.07, [INFO], robot6, {'battery-level': '88.86'}, None, None
60.07, [INFO], robot6, {'y': 21.421, 'x': -38.073, 'yaw': 3.141}, None, None
60.90, [info], nurse, sync, received-request, (status=sending-request)
60.90, [info], nurse, sync, request-sent, (status=waiting)
60.90, [info], nurse, sync, wait-message, (status=message-received)
70.06, [INFO], robot6, {'y': 20.405, 'x': -37.183, 'yaw': 3.142}, None, None
70.06, [INFO], robot6, {'battery-level': '88.48'}, None, None
80.04, [INFO], robot6, {'battery-level': '88.10'}, None, None
80.04, [INFO], robot6, {'y': 18.293, 'x': -37.154, 'yaw': 3.141}, None, None
90.08, [INFO], robot6, {'y': 16.157, 'x': -36.998, 'yaw': 3.14}, None, None
90.08, [INFO], robot6, {'battery-level': '87.72'}, None, None
100.05, [INFO], robot6, {'battery-level': '87.34'}, None, None
100.05, [INFO], robot6, {'y': 15.424, 'x': -35.025, 'yaw': -3.141}, None, None
110.05, [INFO], robot6, {'battery-level': '86.96'}, None, None
110.05, [INFO], robot6, {'y': 15.438, 'x': -32.908, 'yaw': 3.141}, None, None
120.05, [INFO], robot6, {'battery-level': '86.58'}, None, None
120.05, [INFO], robot6, {'y': 15.548, 'x': -30.797, 'yaw': -3.141}, None, None
130.04, [INFO], robot6, {'battery-level': '86.20'}, None, None
130.04, [INFO], robot6, {'y': 15.709, 'x': -28.7, 'yaw': 3.141}, None, None
140.03, [INFO], robot6, {'y': 15.779, 'x': -26.6, 'yaw': -3.14}, None, None
140.03, [INFO], robot6, {'battery-level': '85.82'}, None, None
150.03, [INFO], robot6, {'battery-level': '85.44'}, None, None
150.03, [INFO], robot6, {'y': 14.107, 'x': -25.727, 'yaw': 3.138}, None, None
160.01, [INFO], robot6, {'y': 12.935, 'x': -25.931, 'yaw': -3.142}, None, None
160.01, [INFO], robot6, {'battery-level': '85.06'}, None, None
163.85, [info], lab_arm, sync, wait-message, (status=message-received)
164.78, [WARN], robot6, SUCCESS, None, None
170.02, [INFO], robot6, {'battery-level': '84.68'}, None, None
170.02, [INFO], robot6, {'y': 12.933, 'x': -25.927, 'yaw': 3.142}, None, None
