0.15, [DEBUG], logger, ROBOTS_CONFIG={'avg_speed': 0.15, 'battery_charge': 0.7258412726774711, 'battery_discharge_rate': 0.00042, 'id': 5, 'local_plan': [['navigation', ['IC Room 6', [[-13.5, 18.0, -1.57], [-13.5, 16.0], [-37.0, 16.0], [-37.0, 18.93], [-33.9, 18.93, 3.14]]], 'navto_room'], ['approach_person', ['nurse'], 'approach_nurse'], ['authenticate_person', ['nurse'], 'authenticate_nurse'], ['operate_drawer', ['open'], 'open_drawer_for_nurse'], ['send_message', ['nurse'], 'notify_nurse_of_open_drawer_for_nurse_completed'], ['wait_message', ['nurse'], 'wait_nurse_to_complete_deposit'], ['operate_drawer', ['close'], 'close_drawer_nurse'], ['navigation', ['Laboratory', [[-33.9, 18.93, 3.14], [-37.0, 18.93], [-37.0, 16.0], [-26.0, 16.0], [-26.0, 13.0, 1.57]]], 'navto_lab'], ['approach_robot', ['lab_arm'], 'approach_arm'], ['operate_drawer', ['open'], 'open_drawer_lab'], ['send_message', ['lab_arm'], 'notify_lab_arm_of_open_drawer_lab_completed'], ['wait_message', ['lab_arm'], 'wait_lab_arm_to_complete_pick_up_sample'], ['operate_drawer', ['close'], 'close_drawer_lab']], 'location': 'PC Room 7', 'name': 'r5', 'position': [-13.5, 18.0, -1.57], 'skills': ['approach_person', 'authenticate_person', 'navigation', 'operate_drawer']}, None, None
0.15, [DEBUG], logger, Simulation open, None, None
10.03, [INFO], robot5, {'y': 17.486, 'x': -13.495, 'yaw': 3.142}, None, None
10.03, [INFO], robot5, {'battery-level': '72.21'}, None, None
20.06, [INFO], robot5, {'battery-level': '71.79'}, None, None
20.06, [INFO], robot5, {'y': 16.088, 'x': -14.405, 'yaw': 3.142}, None, None
30.07, [INFO], robot5, {'battery-level': '71.37'}, None, None
30.07, [INFO], robot5, {'y': 16.004, 'x': -16.509, 'yaw': 3.14}, None, None
40.02, [INFO], robot5, {'y': 16.065, 'x': -18.601, 'yaw': 3.141}, None, None
40.02, [INFO], robot5, {'battery-level': '70.95'}, None, None
50.05, [INFO], robot5, {'battery-level': '70.53'}, None, None
50.05, [INFO], robot5, {'y': 16.279, 'x': -20.717, 'yaw': 3.138}, None, None
60.01, [INFO], robot5, {'y': 16.22, 'x': -22.828, 'yaw': 3.141}, None, None
60.01, [INFO], robot5, {'battery-level': '70.11'}, None, None
70.05, [INFO], robot5, {'battery-level': '69.69'}, None, None
70.05, [INFO], robot5, {'y': 16.107, 'x': -24.958, 'yaw': -3.141}, None, None
80.06, [INFO], robot5, {'battery-level': '69.27'}, None, None
80.06, [INFO], robot5, {'y': 16.093, 'x': -27.073, 'yaw': 3.138}, None, None
90.00, [INFO], robot5, {'battery-level': '68.85'}, None, None
90.00, [INFO], robot5, {'y': 16.198, 'x': -29.166, 'yaw': 3.142}, None, None
100.04, [INFO], robot5, {'battery-level': '68.43'}, None, None
100.04, [INFO], robot5, {'y': 16.09, 'x': -31.287, 'yaw': 3.141}, None, None
110.02, [INFO], robot5, {'y': 15.699, 'x': -33.381, 'yaw': 3.141}, None, None
110.02, [INFO], robot5, {'battery-level': '68.01'}, None, None
120.06, [INFO], robot5, {'y': 15.474, 'x': -35.474, 'yaw': -3.142}, None, None
120.06, [INFO], robot5, {'battery-level': '67.59'}, None, None
130.07, [INFO], robot5, {'battery-level': '67.17'}, None, None
130.07, [INFO], robot5, {'y': 16.701, 'x': -36.711, 'yaw': -3.142}, None, None
140.02, [INFO], robot5, {'battery-level': '66.75'}, None, None
140.02, [INFO], robot5, {'y': 17.648, 'x': -36.734, 'yaw': -3.142}, None, None
150.03, [INFO], robot5, {'y': 17.653, 'x': -36.731, 'yaw': 3.141}, None, None
150.03, [INFO], robot5, {'battery-level': '66.33'}, None, None
160.03, [INFO], robot5, {'y': 17.732, 'x': -36.667, 'yaw': 3.141}, None, None
160.03, [INFO], robot5, {'battery-level': '65.91'}, None, None
170.07, [INFO], robot5, {'y': 18.217, 'x': -35.637, 'yaw': -3.142}, None, None
170.07, [INFO], robot5, {'battery-level': '65.49'}, None, None
180.06, [INFO], robot5, {'battery-level': '65.07'}, None, None
180.06, [INFO], robot5, {'y': 18.118, 'x': -35.676, 'yaw': 3.142}, None, None
190.07, [INFO], robot5, {'y': 18.14, 'x': -35.74, 'yaw': 3.141}, None, None
190.07, [INFO], robot5, {'battery-level': '64.65'}, None, None
200.07, [INFO], robot5, {'y': 18.333, 'x': -35.696, 'yaw': -3.14}, None, None
200.07, [INFO], robot5, {'battery-level': '64.23'}, None, None
207.59, [WARN], robot5, SKILL-FAILURE, navigation, navto_room
210.06, [INFO], robot5, {'battery-level': '63.81'}, None, None
210.06, [INFO], robot5, {'y': 18.311, 'x': -35.713, 'yaw': -3.142}, None, None
