0.00, [DEBUG], nurse, NURSE_CONFIG={'location': 'IC Room 6', 'position': [-33.9, 18.93, 3.14]}, None, None
0.12, [DEBUG], logger, ROBOTS_CONFIG={'avg_speed': 0.15, 'battery_charge': 0.4863040833267539, 'battery_discharge_rate': 0.00026000000000000003, 'id': 4, 'local_plan': [['navigation', ['IC Room 6', [[-39.44, 33.95, 0.0], [-37.0, 33.95], [-37.0, 18.93], [-33.9, 18.93, 3.14]]], 'navto_room'], ['approach_person', ['nurse'], 'approach_nurse'], ['authenticate_person', ['nurse'], 'authenticate_nurse'], ['operate_drawer', ['open'], 'open_drawer_for_nurse'], ['send_message', ['nurse'], 'notify_nurse_of_open_drawer_for_nurse_completed'], ['wait_message', ['nurse'], 'wait_nurse_to_complete_deposit'], ['operate_drawer', ['close'], 'close_drawer_nurse'], ['navigation', ['Laboratory', [[-33.9, 18.93, 3.14], [-37.0, 18.93], [-37.0, 16.0], [-26.0, 16.0], [-26.0, 13.0, 1.57]]], 'navto_lab'], ['approach_robot', ['lab_arm'], 'approach_arm'], ['operate_drawer', ['open'], 'open_drawer_lab'], ['send_message', ['lab_arm'], 'notify_lab_arm_of_open_drawer_lab_completed'], ['wait_message', ['lab_arm'], 'wait_lab_arm_to_complete_pick_up_sample'], ['operate_drawer', ['close'], 'close_drawer_lab']], 'location': 'IC Room 4', 'name': 'r4', 'position': [-39.44, 33.95, 0.0], 'skills': ['approach_person', 'approach_robot', 'authenticate_person', 'navigation', 'operate_drawer']}, None, None
0.12, [DEBUG], logger, Simulation open, None, None
10.08, [INFO], robot4, {'battery-level': '48.40'}, None, None
10.08, [INFO], robot4, {'y': 34.186, 'x': -38.82, 'yaw': 3.141}, None, None
20.07, [INFO], robot4, {'y': 34.027, 'x': -37.082, 'yaw': 3.14}, None, None
20.07, [INFO], robot4, {'battery-level': '48.14'}, None, None
30.06, [INFO], robot4, {'y': 31.921, 'x': -37.049, 'yaw': 3.14}, None, None
30.06, [INFO], robot4, {'battery-level': '47.88'}, None, None
40.05, [INFO], robot4, {'battery-level': '47.62'}, None, None
40.05, [INFO], robot4, {'y': 29.809, 'x': -36.999, 'yaw': 3.141}, None, None
50.06, [INFO], robot4, {'y': 27.695, 'x': -37.019, 'yaw': 3.141}, None, None
50.06, [INFO], robot4, {'battery-level': '47.36'}, None, None
60.04, [INFO], robot4, {'y': 25.586, 'x': -37.04, 'yaw': 3.142}, None, None
60.04, [INFO], robot4, {'battery-level': '47.10'}, None, None
70.03, [INFO], robot4, {'y': 23.485, 'x': -37.007, 'yaw': 3.14}, None, None
70.03, [INFO], robot4, {'battery-level': '46.84'}, None, None
80.02, [INFO], robot4, {'battery-level': '46.58'}, None, None
80.02, [INFO], robot4, {'y': 21.385, 'x': -37.146, 'yaw': -3.142}, None, None
90.01, [INFO], robot4, {'battery-level': '46.32'}, None, None
90.01, [INFO], robot4, {'y': 19.289, 'x': -37.086, 'yaw': -3.142}, None, None
100.08, [INFO], robot4, {'battery-level': '46.06'}, None, None
100.08, [INFO], robot4, {'y': 17.8, 'x': -35.548, 'yaw': -3.141}, None, None
110.06, [INFO], robot4, {'battery-level': '45.80'}, None, None
110.06, [INFO], robot4, {'y': 18.838, 'x': -33.993, 'yaw': -3.142}, None, None
117.58, [info], nurse, sync, received-request, (status=sending-request)
117.58, [info], nurse, sync, request-sent, (status=waiting)
117.58, [info], nurse, sync, wait-message, (status=message-received)
120.07, [INFO], robot4, {'battery-level': '45.54'}, None, None
120.07, [INFO], robot4, {'y': 18.914, 'x': -34.142, 'yaw': 3.141}, None, None
130.06, [INFO], robot4, {'y': 17.78, 'x': -35.719, 'yaw': -3.141}, None, None
130.06, [INFO], robot4, {'battery-level': '45.28'}, None, None
140.06, [INFO], robot4, {'battery-level': '45.02'}, None, None
140.06, [INFO], robot4, {'y': 18.058, 'x': -36.498, 'yaw': 3.141}, None, None
150.05, [INFO], robot4, {'battery-level': '44.76'}, None, None
150.05, [INFO], robot4, {'y': 17.292, 'x': -36.833, 'yaw': -3.141}, None, None
160.01, [INFO], robot4, {'battery-level': '44.50'}, None, None
160.01, [INFO], robot4, {'y': 17.418, 'x': -36.971, 'yaw': 3.141}, None, None
170.00, [INFO], robot4, {'y': 17.26, 'x': -37.079, 'yaw': 3.141}, None, None
170.00, [INFO], robot4, {'battery-level': '44.24'}, None, None
180.09, [INFO], robot4, {'y': 17.447, 'x': -37.011, 'yaw': 3.142}, None, None
180.09, [INFO], robot4, {'battery-level': '43.98'}, None, None
190.00, [INFO], robot4, {'y': 17.556, 'x': -36.678, 'yaw': 3.14}, None, None
190.00, [INFO], robot4, {'battery-level': '43.72'}, None, None
200.02, [INFO], robot4, {'y': 17.346, 'x': -36.842, 'yaw': -3.141}, None, None
200.02, [INFO], robot4, {'battery-level': '43.46'}, None, None
210.02, [INFO], robot4, {'y': 17.199, 'x': -36.899, 'yaw': -3.141}, None, None
210.02, [INFO], robot4, {'battery-level': '43.20'}, None, None
220.02, [INFO], robot4, {'battery-level': '42.94'}, None, None
220.02, [INFO], robot4, {'y': 17.327, 'x': -37.227, 'yaw': 3.141}, None, None
230.03, [INFO], robot4, {'battery-level': '42.68'}, None, None
230.03, [INFO], robot4, {'y': 17.173, 'x': -36.817, 'yaw': -3.141}, None, None
240.01, [INFO], robot4, {'battery-level': '42.42'}, None, None
240.01, [INFO], robot4, {'y': 17.35, 'x': -37.033, 'yaw': 3.14}, None, None
250.08, [INFO], robot4, {'y': 17.282, 'x': -36.869, 'yaw': 3.142}, None, None
250.08, [INFO], robot4, {'battery-level': '42.16'}, None, None
260.10, [INFO], robot4, {'y': 17.363, 'x': -37.015, 'yaw': -3.142}, None, None
260.10, [INFO], robot4, {'battery-level': '41.90'}, None, None
270.09, [INFO], robot4, {'battery-level': '41.64'}, None, None
270.09, [INFO], robot4, {'y': 17.505, 'x': -36.907, 'yaw': 3.142}, None, None
280.01, [INFO], robot4, {'battery-level': '41.38'}, None, None
280.01, [INFO], robot4, {'y': 17.268, 'x': -37.095, 'yaw': 3.141}, None, None
290.04, [INFO], robot4, {'y': 17.431, 'x': -37.052, 'yaw': 3.141}, None, None
290.04, [INFO], robot4, {'battery-level': '41.12'}, None, None
300.02, [INFO], robot4, {'battery-level': '40.86'}, None, None
300.02, [INFO], robot4, {'y': 17.375, 'x': -37.107, 'yaw': 3.141}, None, None
308.54, [WARN], robot4, SKILL-FAILURE, navigation, navto_lab
310.00, [INFO], robot4, {'y': 17.22, 'x': -37.076, 'yaw': 3.142}, None, None
310.00, [INFO], robot4, {'battery-level': '40.60'}, None, None
