0.00, [DEBUG], nurse, NURSE_CONFIG={'location': 'IC Room 2', 'position': [-38.0, 21.5, 0.0]}, None, None
0.00, [DEBUG], logger, ROBOTS_CONFIG={'avg_speed': 0.15, 'battery_charge': 0.4863040833267539, 'battery_discharge_rate': 0.00026000000000000003, 'id': 4, 'local_plan': [['navigation', ['IC Room 2', [[-32.88, 33.98, 3.14], [-37.0, 33.98], [-37.0, 21.5], [-38.0, 21.5, 0.0]]], 'navto_room'], ['approach_person', ['nurse'], 'approach_nurse'], ['authenticate_person', ['nurse'], 'authenticate_nurse'], ['operate_drawer', ['open'], 'open_drawer_for_nurse'], ['send_message', ['nurse'], 'notify_nurse_of_open_drawer_for_nurse_completed'], ['wait_message', ['nurse'], 'wait_nurse_to_complete_deposit'], ['operate_drawer', ['close'], 'close_drawer_nurse'], ['navigation', ['Laboratory', [[-38.0, 21.5, 0.0], [-37.0, 21.5], [-37.0, 16.0], [-26.0, 16.0], [-26.0, 13.0, 1.57]]], 'navto_lab'], ['approach_robot', ['lab_arm'], 'approach_arm'], ['operate_drawer', ['open'], 'open_drawer_lab'], ['send_message', ['lab_arm'], 'notify_lab_arm_of_open_drawer_lab_completed'], ['wait_message', ['lab_arm'], 'wait_lab_arm_to_complete_pick_up_sample'], ['operate_drawer', ['close'], 'close_drawer_lab']], 'location': 'IC Room 5', 'name': 'r4', 'position': [-32.88, 33.98, 3.14], 'skills': ['approach_person', 'approach_robot', 'authenticate_person', 'navigation', 'operate_drawer']}, None, None
0.00, [DEBUG], logger, Simulation open, None, None
10.03, [INFO], robot4, {'battery-level': '48.40'}, None, None
10.03, [INFO], robot4, {'y': 33.991, 'x': -32.894, 'yaw': -3.141}, None, None
20.06, [INFO], robot4, {'y': 34.566, 'x': -34.727, 'yaw': 3.141}, None, None
20.06, [INFO], robot4, {'battery-level': '48.14'}, None, None
30.01, [INFO], robot4, {'battery-level': '47.88'}, None, None
30.01, [INFO], robot4, {'y': 34.162, 'x': -36.731, 'yaw': -3.141}, None, None
40.06, [INFO], robot4, {'y': 32.072, 'x': -36.754, 'yaw': -3.142}, None, None
40.06, [INFO], robot4, {'battery-level': '47.62'}, None, None
50.01, [INFO], robot4, {'y': 29.966, 'x': -36.775, 'yaw': -3.142}, None, None
50.01, [INFO], robot4, {'battery-level': '47.36'}, None, None
60.05, [INFO], robot4, {'battery-level': '47.10'}, None, None
60.05, [INFO], robot4, {'y': 27.844, 'x': -36.785, 'yaw': 3.142}, None, None
70.07, [INFO], robot4, {'battery-level': '46.84'}, None, None
70.07, [INFO], robot4, {'y': 25.73, 'x': -36.82, 'yaw': 3.141}, None, None
80.02, [INFO], robot4, {'battery-level': '46.58'}, None, None
80.02, [INFO], robot4, {'y': 23.634, 'x': -36.837, 'yaw': 3.14}, None, None
90.04, [INFO], robot4, {'y': 21.519, 'x': -37.02, 'yaw': 3.137}, None, None
90.04, [INFO], robot4, {'battery-level': '46.32'}, None, None
100.08, [INFO], robot4, {'y': 21.25, 'x': -38.042, 'yaw': 3.139}, None, None
100.08, [INFO], robot4, {'battery-level': '46.06'}, None, None
110.04, [INFO], robot4, {'y': 21.483, 'x': -38.138, 'yaw': 3.141}, None, None
110.04, [INFO], robot4, {'battery-level': '45.80'}, None, None
114.87, [info], nurse, sync, received-request, (status=sending-request)
114.87, [info], nurse, sync, request-sent, (status=waiting)
114.87, [info], nurse, sync, wait-message, (status=message-received)
120.06, [INFO], robot4, {'y': 21.317, 'x': -37.365, 'yaw': -3.141}, None, None
120.06, [INFO], robot4, {'battery-level': '45.54'}, None, None
130.09, [INFO], robot4, {'battery-level': '45.28'}, None, None
130.09, [INFO], robot4, {'y': 19.221, 'x': -37.143, 'yaw': -3.142}, None, None
140.01, [INFO], robot4, {'battery-level': '45.02'}, None, None
140.01, [INFO], robot4, {'y': 17.117, 'x': -37.064, 'yaw': 3.141}, None, None
150.03, [INFO], robot4, {'battery-level': '44.76'}, None, None
150.03, [INFO], robot4, {'y': 15.775, 'x': -35.955, 'yaw': 3.142}, None, None
160.08, [INFO], robot4, {'battery-level': '44.50'}, None, None
160.08, [INFO], robot4, {'y': 15.384, 'x': -33.853, 'yaw': -3.141}, None, None
170.02, [INFO], robot4, {'battery-level': '44.24'}, None, None
170.02, [INFO], robot4, {'y': 15.474, 'x': -31.73, 'yaw': -3.142}, None, None
180.03, [INFO], robot4, {'battery-level': '43.98'}, None, None
180.03, [INFO], robot4, {'y': 15.646, 'x': -29.626, 'yaw': 3.141}, None, None
190.03, [INFO], robot4, {'y': 15.774, 'x': -27.497, 'yaw': 3.142}, None, None
190.03, [INFO], robot4, {'battery-level': '43.72'}, None, None
200.05, [INFO], robot4, {'battery-level': '43.46'}, None, None
200.05, [INFO], robot4, {'y': 14.957, 'x': -25.822, 'yaw': 3.142}, None, None
210.05, [INFO], robot4, {'battery-level': '43.20'}, None, None
210.05, [INFO], robot4, {'y': 13.013, 'x': -25.836, 'yaw': -3.142}, None, None
217.68, [info], lab_arm, sync, wait-message, (status=message-received)
218.63, [WARN], robot4, SUCCESS, None, None
220.01, [INFO], robot4, {'y': 12.874, 'x': -25.934, 'yaw': -3.142}, None, None
220.01, [INFO], robot4, {'battery-level': '42.94'}, None, None
230.07, [INFO], robot4, {'y': 12.874, 'x': -25.934, 'yaw': -3.142}, None, None
230.07, [INFO], robot4, {'battery-level': '42.68'}, None, None
