0.00, [DEBUG], nurse, NURSE_CONFIG={'location': 'IC Room 2', 'position': [-38.0, 21.5, 0.0]}, None, None
0.12, [DEBUG], logger, ROBOTS_CONFIG={'avg_speed': 0.15, 'battery_charge': 0.7232396784987936, 'battery_discharge_rate': 0.0004, 'id': 3, 'local_plan': [['navigation', ['IC Room 2', [[-13.5, 18.0, -1.57], [-13.5, 16.0], [-37.0, 16.0], [-37.0, 21.5], [-38.0, 21.5, 0.0]]], 'navto_room'], ['approach_person', ['nurse'], 'approach_nurse'], ['authenticate_person', ['nurse'], 'authenticate_nurse'], ['operate_drawer', ['open'], 'open_drawer_for_nurse'], ['send_message', ['nurse'], 'notify_nurse_of_open_drawer_for_nurse_completed'], ['wait_message', ['nurse'], 'wait_nurse_to_complete_deposit'], ['operate_drawer', ['close'], 'close_drawer_nurse'], ['navigation', ['Laboratory', [[-38.0, 21.5, 0.0], [-37.0, 21.5], [-37.0, 16.0], [-26.0, 16.0], [-26.0, 13.0, 1.57]]], 'navto_lab'], ['approach_robot', ['lab_arm'], 'approach_arm'], ['operate_drawer', ['open'], 'open_drawer_lab'], ['send_message', ['lab_arm'], 'notify_lab_arm_of_open_drawer_lab_completed'], ['wait_message', ['lab_arm'], 'wait_lab_arm_to_complete_pick_up_sample'], ['operate_drawer', ['close'], 'close_drawer_lab']], 'location': 'PC Room 7', 'name': 'r3', 'position': [-13.5, 18.0, -1.57], 'skills': ['approach_person', 'approach_robot', 'navigation', 'operate_drawer']}, None, None
0.12, [DEBUG], logger, Simulation open, None, None
10.07, [INFO], robot3, {'y': 17.507, 'x': -13.497, 'yaw': 3.142}, None, None
10.07, [INFO], robot3, {'battery-level': '71.96'}, None, None
20.08, [INFO], robot3, {'y': 16.047, 'x': -14.365, 'yaw': -3.142}, None, None
20.08, [INFO], robot3, {'battery-level': '71.56'}, None, None
30.08, [INFO], robot3, {'y': 15.998, 'x': -16.477, 'yaw': 3.141}, None, None
30.08, [INFO], robot3, {'battery-level': '71.16'}, None, None
40.02, [INFO], robot3, {'battery-level': '70.76'}, None, None
40.02, [INFO], robot3, {'y': 16.051, 'x': -18.572, 'yaw': 3.141}, None, None
50.08, [INFO], robot3, {'y': 16.184, 'x': -20.683, 'yaw': -3.142}, None, None
50.08, [INFO], robot3, {'battery-level': '70.36'}, None, None
60.01, [INFO], robot3, {'battery-level': '69.96'}, None, None
60.01, [INFO], robot3, {'y': 16.103, 'x': -22.792, 'yaw': 3.142}, None, None
70.05, [INFO], robot3, {'battery-level': '69.56'}, None, None
70.05, [INFO], robot3, {'y': 16.086, 'x': -24.907, 'yaw': 3.141}, None, None
80.01, [INFO], robot3, {'battery-level': '69.16'}, None, None
80.01, [INFO], robot3, {'y': 16.065, 'x': -27.001, 'yaw': 3.141}, None, None
90.05, [INFO], robot3, {'battery-level': '68.76'}, None, None
90.05, [INFO], robot3, {'y': 16.138, 'x': -29.115, 'yaw': 3.142}, None, None
100.03, [INFO], robot3, {'battery-level': '68.36'}, None, None
100.03, [INFO], robot3, {'y': 16.052, 'x': -31.223, 'yaw': 3.141}, None, None
110.04, [INFO], robot3, {'y': 15.726, 'x': -33.344, 'yaw': 3.139}, None, None
110.04, [INFO], robot3, {'battery-level': '67.96'}, None, None
120.06, [INFO], robot3, {'battery-level': '67.56'}, None, None
120.06, [INFO], robot3, {'y': 15.543, 'x': -35.444, 'yaw': -3.141}, None, None
130.09, [INFO], robot3, {'y': 16.732, 'x': -36.627, 'yaw': -3.142}, None, None
130.09, [INFO], robot3, {'battery-level': '67.16'}, None, None
140.03, [INFO], robot3, {'y': 18.83, 'x': -36.773, 'yaw': -3.136}, None, None
140.03, [INFO], robot3, {'battery-level': '66.76'}, None, None
150.03, [INFO], robot3, {'battery-level': '66.36'}, None, None
150.03, [INFO], robot3, {'y': 20.957, 'x': -36.968, 'yaw': 3.141}, None, None
160.08, [INFO], robot3, {'y': 21.438, 'x': -38.053, 'yaw': 3.141}, None, None
160.08, [INFO], robot3, {'battery-level': '65.96'}, None, None
170.02, [INFO], robot3, {'battery-level': '65.56'}, None, None
170.02, [INFO], robot3, {'y': 21.363, 'x': -38.079, 'yaw': 3.14}, None, None
179.20, [WARN], robot3, NO-SKILL, authenticate_person, authenticate_nurse
180.02, [INFO], robot3, {'battery-level': '65.16'}, None, None
180.02, [INFO], robot3, {'y': 21.463, 'x': -38.086, 'yaw': 3.142}, None, None
