0.00, [DEBUG], nurse, NURSE_CONFIG={'location': 'IC Room 6', 'position': [-33.9, 18.93, 3.14]}, None, None
0.19, [DEBUG], logger, ROBOTS_CONFIG={'avg_speed': 0.15, 'battery_charge': 0.7232396784987936, 'battery_discharge_rate': 0.0004, 'id': 3, 'local_plan': [['navigation', ['IC Room 6', [[-38.0, 21.5, 0.0], [-37.0, 21.5], [-37.0, 18.93], [-33.9, 18.93, 3.14]]], 'navto_room'], ['approach_person', ['nurse'], 'approach_nurse'], ['authenticate_person', ['nurse'], 'authenticate_nurse'], ['operate_drawer', ['open'], 'open_drawer_for_nurse'], ['send_message', ['nurse'], 'notify_nurse_of_open_drawer_for_nurse_completed'], ['wait_message', ['nurse'], 'wait_nurse_to_complete_deposit'], ['operate_drawer', ['close'], 'close_drawer_nurse'], ['navigation', ['Laboratory', [[-33.9, 18.93, 3.14], [-37.0, 18.93], [-37.0, 16.0], [-26.0, 16.0], [-26.0, 13.0, 1.57]]], 'navto_lab'], ['approach_robot', ['lab_arm'], 'approach_arm'], ['operate_drawer', ['open'], 'open_drawer_lab'], ['send_message', ['lab_arm'], 'notify_lab_arm_of_open_drawer_lab_completed'], ['wait_message', ['lab_arm'], 'wait_lab_arm_to_complete_pick_up_sample'], ['operate_drawer', ['close'], 'close_drawer_lab']], 'location': 'IC Room 2', 'name': 'r3', 'position': [-38.0, 21.5, 0.0], 'skills': ['approach_person', 'approach_robot', 'authenticate_person', 'navigation', 'operate_drawer']}, None, None
0.19, [DEBUG], logger, Simulation open, None, None
10.03, [INFO], robot3, {'battery-level': '71.96'}, None, None
10.03, [INFO], robot3, {'y': 21.522, 'x': -37.372, 'yaw': 3.141}, None, None
20.03, [INFO], robot3, {'battery-level': '71.56'}, None, None
20.03, [INFO], robot3, {'y': 19.499, 'x': -37.103, 'yaw': 3.137}, None, None
30.06, [INFO], robot3, {'battery-level': '71.16'}, None, None
30.06, [INFO], robot3, {'y': 17.826, 'x': -35.798, 'yaw': 3.14}, None, None
40.05, [INFO], robot3, {'y': 18.707, 'x': -34.141, 'yaw': 3.142}, None, None
40.05, [INFO], robot3, {'battery-level': '70.76'}, None, None
48.72, [info], nurse, sync, received-request, (status=sending-request)
48.72, [info], nurse, sync, request-sent, (status=waiting)
48.72, [info], nurse, sync, wait-message, (status=message-received)
50.08, [INFO], robot3, {'battery-level': '70.36'}, None, None
50.08, [INFO], robot3, {'y': 18.99, 'x': -34.0, 'yaw': -3.141}, None, None
60.05, [INFO], robot3, {'y': 17.736, 'x': -35.483, 'yaw': 3.141}, None, None
60.05, [INFO], robot3, {'battery-level': '69.96'}, None, None
70.06, [INFO], robot3, {'battery-level': '69.56'}, None, None
70.06, [INFO], robot3, {'y': 18.046, 'x': -36.209, 'yaw': -3.141}, None, None
80.03, [INFO], robot3, {'battery-level': '69.16'}, None, None
80.03, [INFO], robot3, {'y': 18.078, 'x': -36.26, 'yaw': -3.142}, None, None
90.01, [INFO], robot3, {'battery-level': '68.76'}, None, None
90.01, [INFO], robot3, {'y': 17.367, 'x': -36.975, 'yaw': 3.142}, None, None
100.02, [INFO], robot3, {'battery-level': '68.36'}, None, None
100.02, [INFO], robot3, {'y': 17.244, 'x': -37.095, 'yaw': 3.142}, None, None
110.09, [INFO], robot3, {'battery-level': '67.96'}, None, None
110.09, [INFO], robot3, {'y': 17.35, 'x': -36.901, 'yaw': 3.14}, None, None
120.03, [INFO], robot3, {'battery-level': '67.56'}, None, None
120.03, [INFO], robot3, {'y': 17.28, 'x': -37.069, 'yaw': -3.141}, None, None
130.03, [INFO], robot3, {'y': 17.495, 'x': -36.852, 'yaw': 3.142}, None, None
130.03, [INFO], robot3, {'battery-level': '67.16'}, None, None
140.01, [INFO], robot3, {'battery-level': '66.76'}, None, None
140.01, [INFO], robot3, {'y': 17.276, 'x': -36.98, 'yaw': 3.142}, None, None
150.08, [INFO], robot3, {'y': 17.498, 'x': -36.956, 'yaw': -3.142}, None, None
150.08, [INFO], robot3, {'battery-level': '66.36'}, None, None
160.02, [INFO], robot3, {'battery-level': '65.96'}, None, None
160.02, [INFO], robot3, {'y': 17.498, 'x': -36.956, 'yaw': 3.142}, None, None
170.06, [INFO], robot3, {'battery-level': '65.56'}, None, None
170.06, [INFO], robot3, {'y': 17.498, 'x': -36.956, 'yaw': -3.142}, None, None
180.05, [INFO], robot3, {'battery-level': '65.16'}, None, None
180.05, [INFO], robot3, {'y': 17.358, 'x': -36.882, 'yaw': -3.142}, None, None
190.00, [INFO], robot3, {'battery-level': '64.76'}, None, None
190.00, [INFO], robot3, {'y': 17.46, 'x': -36.913, 'yaw': 3.141}, None, None
200.01, [INFO], robot3, {'battery-level': '64.36'}, None, None
200.01, [INFO], robot3, {'y': 17.46, 'x': -36.913, 'yaw': -3.142}, None, None
210.04, [INFO], robot3, {'y': 17.46, 'x': -36.913, 'yaw': -3.142}, None, None
210.04, [INFO], robot3, {'battery-level': '63.96'}, None, None
220.06, [INFO], robot3, {'battery-level': '63.56'}, None, None
220.06, [INFO], robot3, {'y': 17.461, 'x': -36.913, 'yaw': 3.142}, None, None
230.01, [INFO], robot3, {'battery-level': '63.16'}, None, None
230.01, [INFO], robot3, {'y': 17.461, 'x': -36.913, 'yaw': 3.142}, None, None
231.10, [WARN], robot3, SKILL-FAILURE, navigation, navto_lab
240.01, [INFO], robot3, {'y': 17.461, 'x': -36.913, 'yaw': 3.142}, None, None
240.01, [INFO], robot3, {'battery-level': '62.76'}, None, None
