0.00, [DEBUG], nurse, NURSE_CONFIG={'location': 'IC Room 6', 'position': [-33.9, 18.93, 3.14]}, None, None
0.20, [DEBUG], logger, ROBOTS_CONFIG={'avg_speed': 0.15, 'battery_charge': 0.7232396784987936, 'battery_discharge_rate': 0.0004, 'id': 3, 'local_plan': [['navigation', ['IC Room 6', [[-38.0, 21.5, 0.0], [-37.0, 21.5], [-37.0, 18.93], [-33.9, 18.93, 3.14]]], 'navto_room'], ['approach_person', ['nurse'], 'approach_nurse'], ['authenticate_person', ['nurse'], 'authenticate_nurse'], ['operate_drawer', ['open'], 'open_drawer_for_nurse'], ['send_message', ['nurse'], 'notify_nurse_of_open_drawer_for_nurse_completed'], ['wait_message', ['nurse'], 'wait_nurse_to_complete_deposit'], ['operate_drawer', ['close'], 'close_drawer_nurse'], ['navigation', ['Laboratory', [[-33.9, 18.93, 3.14], [-37.0, 18.93], [-37.0, 16.0], [-26.0, 16.0], [-26.0, 13.0, 1.57]]], 'navto_lab'], ['approach_robot', ['lab_arm'], 'approach_arm'], ['operate_drawer', ['open'], 'open_drawer_lab'], ['send_message', ['lab_arm'], 'notify_lab_arm_of_open_drawer_lab_completed'], ['wait_message', ['lab_arm'], 'wait_lab_arm_to_complete_pick_up_sample'], ['operate_drawer', ['close'], 'close_drawer_lab']], 'location': 'IC Room 2', 'name': 'r3', 'position': [-38.0, 21.5, 0.0], 'skills': ['approach_person', 'approach_robot', 'authenticate_person', 'navigation', 'operate_drawer']}, None, None
0.20, [DEBUG], logger, Simulation open, None, None
10.01, [INFO], robot3, {'y': 21.537, 'x': -37.533, 'yaw': -3.141}, None, None
10.01, [INFO], robot3, {'battery-level': '71.96'}, None, None
20.05, [INFO], robot3, {'battery-level': '71.56'}, None, None
20.05, [INFO], robot3, {'y': 19.628, 'x': -37.121, 'yaw': 3.142}, None, None
30.04, [INFO], robot3, {'battery-level': '71.16'}, None, None
30.04, [INFO], robot3, {'y': 17.942, 'x': -35.846, 'yaw': 3.141}, None, None
40.02, [INFO], robot3, {'battery-level': '70.76'}, None, None
40.02, [INFO], robot3, {'y': 18.666, 'x': -34.103, 'yaw': 3.142}, None, None
48.85, [info], nurse, sync, received-request, (status=sending-request)
48.85, [info], nurse, sync, request-sent, (status=waiting)
48.85, [info], nurse, sync, wait-message, (status=message-received)
50.05, [INFO], robot3, {'y': 18.946, 'x': -33.952, 'yaw': 3.141}, None, None
50.05, [INFO], robot3, {'battery-level': '70.36'}, None, None
60.05, [INFO], robot3, {'battery-level': '69.96'}, None, None
60.05, [INFO], robot3, {'y': 17.718, 'x': -35.419, 'yaw': 3.14}, None, None
70.04, [INFO], robot3, {'battery-level': '69.56'}, None, None
70.04, [INFO], robot3, {'y': 17.95, 'x': -36.083, 'yaw': 3.141}, None, None
80.06, [INFO], robot3, {'y': 18.024, 'x': -36.201, 'yaw': -3.136}, None, None
80.06, [INFO], robot3, {'battery-level': '69.16'}, None, None
90.00, [INFO], robot3, {'y': 17.383, 'x': -36.917, 'yaw': 3.142}, None, None
90.00, [INFO], robot3, {'battery-level': '68.76'}, None, None
100.02, [INFO], robot3, {'y': 17.254, 'x': -37.017, 'yaw': 3.141}, None, None
100.02, [INFO], robot3, {'battery-level': '68.36'}, None, None
110.01, [INFO], robot3, {'y': 17.481, 'x': -36.936, 'yaw': 3.141}, None, None
110.01, [INFO], robot3, {'battery-level': '67.96'}, None, None
120.04, [INFO], robot3, {'y': 17.487, 'x': -36.889, 'yaw': 3.141}, None, None
120.04, [INFO], robot3, {'battery-level': '67.56'}, None, None
130.03, [INFO], robot3, {'battery-level': '67.16'}, None, None
130.03, [INFO], robot3, {'y': 17.243, 'x': -36.83, 'yaw': 3.141}, None, None
140.03, [INFO], robot3, {'battery-level': '66.76'}, None, None
140.03, [INFO], robot3, {'y': 17.454, 'x': -36.722, 'yaw': 3.142}, None, None
150.06, [INFO], robot3, {'battery-level': '66.36'}, None, None
150.06, [INFO], robot3, {'y': 17.403, 'x': -36.752, 'yaw': 3.141}, None, None
160.03, [INFO], robot3, {'battery-level': '65.96'}, None, None
160.03, [INFO], robot3, {'y': 17.225, 'x': -37.098, 'yaw': 3.142}, None, None
170.04, [INFO], robot3, {'y': 17.403, 'x': -36.915, 'yaw': -3.142}, None, None
170.04, [INFO], robot3, {'battery-level': '65.56'}, None, None
180.06, [INFO], robot3, {'y': 17.4, 'x': -36.905, 'yaw': 3.142}, None, None
180.06, [INFO], robot3, {'battery-level': '65.16'}, None, None
190.04, [INFO], robot3, {'battery-level': '64.76'}, None, None
190.04, [INFO], robot3, {'y': 17.29, 'x': -36.829, 'yaw': -3.142}, None, None
200.03, [INFO], robot3, {'battery-level': '64.36'}, None, None
200.03, [INFO], robot3, {'y': 17.296, 'x': -37.065, 'yaw': 3.141}, None, None
210.04, [INFO], robot3, {'y': 17.356, 'x': -36.922, 'yaw': 3.141}, None, None
210.04, [INFO], robot3, {'battery-level': '63.96'}, None, None
220.07, [INFO], robot3, {'battery-level': '63.56'}, None, None
220.07, [INFO], robot3, {'y': 17.321, 'x': -37.115, 'yaw': -3.142}, None, None
230.09, [INFO], robot3, {'y': 17.455, 'x': -36.922, 'yaw': 3.142}, None, None
230.09, [INFO], robot3, {'battery-level': '63.16'}, None, None
240.03, [INFO], robot3, {'battery-level': '62.76'}, None, None
240.03, [INFO], robot3, {'y': 17.461, 'x': -36.921, 'yaw': -3.142}, None, None
241.05, [WARN], robot3, SKILL-FAILURE, navigation, navto_lab
