0.20, [DEBUG], logger, ROBOTS_CONFIG={'avg_speed': 0.15, 'battery_charge': 0.9109794326728246, 'battery_discharge_rate': 0.0005200000000000001, 'id': 6, 'local_plan': [['navigation', ['IC Room 2', [[-33.9, 18.93, 3.14], [-37.0, 18.93], [-37.0, 21.5], [-38.0, 21.5, 0.0]]], 'navto_room'], ['approach_person', ['nurse'], 'approach_nurse'], ['authenticate_person', ['nurse'], 'authenticate_nurse'], ['operate_drawer', ['open'], 'open_drawer_for_nurse'], ['send_message', ['nurse'], 'notify_nurse_of_open_drawer_for_nurse_completed'], ['wait_message', ['nurse'], 'wait_nurse_to_complete_deposit'], ['operate_drawer', ['close'], 'close_drawer_nurse'], ['navigation', ['Laboratory', [[-38.0, 21.5, 0.0], [-37.0, 21.5], [-37.0, 16.0], [-26.0, 16.0], [-26.0, 13.0, 1.57]]], 'navto_lab'], ['approach_robot', ['lab_arm'], 'approach_arm'], ['operate_drawer', ['open'], 'open_drawer_lab'], ['send_message', ['lab_arm'], 'notify_lab_arm_of_open_drawer_lab_completed'], ['wait_message', ['lab_arm'], 'wait_lab_arm_to_complete_pick_up_sample'], ['operate_drawer', ['close'], 'close_drawer_lab']], 'location': 'IC Room 6', 'name': 'r6', 'position': [-33.9, 18.93, 3.14], 'skills': ['approach_person', 'approach_robot', 'authenticate_person', 'navigation', 'operate_drawer']}, None, None
0.20, [DEBUG], logger, Simulation open, None, None
10.04, [INFO], robot6, {'battery-level': '90.63'}, None, None
10.04, [INFO], robot6, {'y': 18.336, 'x': -34.411, 'yaw': -3.142}, None, None
20.08, [INFO], robot6, {'y': 18.076, 'x': -36.26, 'yaw': 3.141}, None, None
20.08, [INFO], robot6, {'battery-level': '90.11'}, None, None
30.05, [INFO], robot6, {'battery-level': '89.59'}, None, None
30.05, [INFO], robot6, {'y': 20.0, 'x': -36.826, 'yaw': 3.137}, None, None
40.01, [INFO], robot6, {'y': 21.562, 'x': -37.805, 'yaw': 3.141}, None, None
40.01, [INFO], robot6, {'battery-level': '89.07'}, None, None
50.08, [INFO], robot6, {'y': 21.437, 'x': -38.073, 'yaw': 3.136}, None, None
50.08, [INFO], robot6, {'battery-level': '88.55'}, None, None
53.57, [info], nurse, sync, received-request, (status=sending-request)
53.57, [info], nurse, sync, request-sent, (status=waiting)
53.57, [info], nurse, sync, wait-message, (status=message-received)
60.06, [INFO], robot6, {'battery-level': '88.03'}, None, None
60.06, [INFO], robot6, {'y': 20.971, 'x': -37.197, 'yaw': 3.14}, None, None
70.03, [INFO], robot6, {'battery-level': '87.51'}, None, None
70.03, [INFO], robot6, {'y': 18.862, 'x': -37.14, 'yaw': 3.142}, None, None
80.08, [INFO], robot6, {'y': 16.732, 'x': -37.071, 'yaw': 3.141}, None, None
80.08, [INFO], robot6, {'battery-level': '86.99'}, None, None
90.09, [INFO], robot6, {'battery-level': '86.47'}, None, None
90.09, [INFO], robot6, {'y': 15.73, 'x': -35.486, 'yaw': -3.141}, None, None
100.02, [INFO], robot6, {'y': 15.394, 'x': -33.419, 'yaw': -3.141}, None, None
100.02, [INFO], robot6, {'battery-level': '85.95'}, None, None
110.03, [INFO], robot6, {'battery-level': '85.43'}, None, None
110.03, [INFO], robot6, {'y': 15.494, 'x': -31.306, 'yaw': 3.14}, None, None
120.03, [INFO], robot6, {'y': 15.705, 'x': -29.207, 'yaw': 3.14}, None, None
120.03, [INFO], robot6, {'battery-level': '84.91'}, None, None
130.08, [INFO], robot6, {'y': 15.775, 'x': -27.092, 'yaw': 3.14}, None, None
130.08, [INFO], robot6, {'battery-level': '84.39'}, None, None
140.01, [INFO], robot6, {'y': 14.447, 'x': -25.771, 'yaw': 3.142}, None, None
140.01, [INFO], robot6, {'battery-level': '83.87'}, None, None
150.07, [INFO], robot6, {'y': 12.917, 'x': -25.941, 'yaw': 3.142}, None, None
150.07, [INFO], robot6, {'battery-level': '83.35'}, None, None
154.84, [info], lab_arm, sync, wait-message, (status=message-received)
155.77, [WARN], robot6, SUCCESS, None, None
