0.00, [INFO], robot3, {'battery-level': '72.32'}, None, None
0.00, [DEBUG], nurse, NURSE_CONFIG={'location': 'IC Room 6', 'position': [-33.9, 18.93, 3.14]}, None, None
0.12, [DEBUG], logger, ROBOTS_CONFIG={'avg_speed': 0.15, 'battery_charge': 0.7232396784987936, 'battery_discharge_rate': 0.0004, 'id': 3, 'local_plan': [['navigation', ['IC Room 6', [[-38.0, 21.5, 0.0], [-37.0, 21.5], [-37.0, 18.93], [-33.9, 18.93, 3.14]]], 'navto_room'], ['approach_person', ['nurse'], 'approach_nurse'], ['authenticate_person', ['nurse'], 'authenticate_nurse'], ['operate_drawer', ['open'], 'open_drawer_for_nurse'], ['send_message', ['nurse'], 'notify_nurse_of_open_drawer_for_nurse_completed'], ['wait_message', ['nurse'], 'wait_nurse_to_complete_deposit'], ['operate_drawer', ['close'], 'close_drawer_nurse'], ['navigation', ['Laboratory', [[-33.9, 18.93, 3.14], [-37.0, 18.93], [-37.0, 16.0], [-26.0, 16.0], [-26.0, 13.0, 1.57]]], 'navto_lab'], ['approach_robot', ['lab_arm'], 'approach_arm'], ['operate_drawer', ['open'], 'open_drawer_lab'], ['send_message', ['lab_arm'], 'notify_lab_arm_of_open_drawer_lab_completed'], ['wait_message', ['lab_arm'], 'wait_lab_arm_to_complete_pick_up_sample'], ['operate_drawer', ['close'], 'close_drawer_lab']], 'location': 'IC Room 2', 'name': 'r3', 'position': [-38.0, 21.5, 0.0], 'skills': ['approach_person', 'approach_robot', 'authenticate_person', 'navigation', 'operate_drawer']}, None, None
0.12, [DEBUG], logger, Simulation open, None, None
10.05, [INFO], robot3, {'battery-level': '71.96'}, None, None
10.05, [INFO], robot3, {'y': 21.394, 'x': -37.217, 'yaw': 3.142}, None, None
20.03, [INFO], robot3, {'battery-level': '71.56'}, None, None
20.03, [INFO], robot3, {'y': 19.29, 'x': -37.099, 'yaw': 3.141}, None, None
30.06, [INFO], robot3, {'battery-level': '71.16'}, None, None
30.06, [INFO], robot3, {'y': 17.787, 'x': -35.592, 'yaw': 3.142}, None, None
40.08, [INFO], robot3, {'battery-level': '70.76'}, None, None
40.08, [INFO], robot3, {'y': 18.829, 'x': -34.013, 'yaw': -3.142}, None, None
47.46, [info], nurse, sync, received-request, (status=sending-request)
47.46, [info], nurse, sync, request-sent, (status=waiting)
47.46, [info], nurse, sync, wait-message, (status=message-received)
50.03, [INFO], robot3, {'y': 18.884, 'x': -34.179, 'yaw': 3.141}, None, None
50.03, [INFO], robot3, {'battery-level': '70.36'}, None, None
60.05, [INFO], robot3, {'battery-level': '69.96'}, None, None
60.05, [INFO], robot3, {'y': 17.764, 'x': -35.73, 'yaw': -3.141}, None, None
70.01, [INFO], robot3, {'y': 17.544, 'x': -37.045, 'yaw': 3.141}, None, None
70.01, [INFO], robot3, {'battery-level': '69.56'}, None, None
80.01, [INFO], robot3, {'y': 17.361, 'x': -36.923, 'yaw': 3.141}, None, None
80.01, [INFO], robot3, {'battery-level': '69.16'}, None, None
90.05, [INFO], robot3, {'battery-level': '68.76'}, None, None
90.05, [INFO], robot3, {'y': 17.496, 'x': -36.693, 'yaw': 3.141}, None, None
100.02, [INFO], robot3, {'y': 17.576, 'x': -36.9, 'yaw': 3.141}, None, None
100.02, [INFO], robot3, {'battery-level': '68.36'}, None, None
110.08, [INFO], robot3, {'battery-level': '67.96'}, None, None
110.08, [INFO], robot3, {'y': 17.231, 'x': -36.837, 'yaw': -3.141}, None, None
120.07, [INFO], robot3, {'battery-level': '67.56'}, None, None
120.07, [INFO], robot3, {'y': 17.194, 'x': -37.122, 'yaw': 3.141}, None, None
130.04, [INFO], robot3, {'battery-level': '67.16'}, None, None
130.04, [INFO], robot3, {'y': 17.433, 'x': -37.044, 'yaw': -3.142}, None, None
140.08, [INFO], robot3, {'y': 17.221, 'x': -37.147, 'yaw': 3.142}, None, None
140.08, [INFO], robot3, {'battery-level': '66.76'}, None, None
150.09, [INFO], robot3, {'y': 17.242, 'x': -36.847, 'yaw': -3.141}, None, None
150.09, [INFO], robot3, {'battery-level': '66.36'}, None, None
160.09, [INFO], robot3, {'y': 17.283, 'x': -36.998, 'yaw': -3.141}, None, None
160.09, [INFO], robot3, {'battery-level': '65.96'}, None, None
170.05, [INFO], robot3, {'battery-level': '65.56'}, None, None
170.05, [INFO], robot3, {'y': 17.259, 'x': -37.091, 'yaw': 3.141}, None, None
180.05, [INFO], robot3, {'battery-level': '65.16'}, None, None
180.05, [INFO], robot3, {'y': 17.398, 'x': -36.914, 'yaw': 3.142}, None, None
190.04, [INFO], robot3, {'battery-level': '64.76'}, None, None
190.04, [INFO], robot3, {'y': 17.254, 'x': -37.109, 'yaw': 3.141}, None, None
200.05, [INFO], robot3, {'battery-level': '64.36'}, None, None
200.05, [INFO], robot3, {'y': 17.368, 'x': -37.039, 'yaw': -3.142}, None, None
210.07, [INFO], robot3, {'y': 17.284, 'x': -36.838, 'yaw': -3.142}, None, None
210.07, [INFO], robot3, {'battery-level': '63.96'}, None, None
220.04, [INFO], robot3, {'y': 17.399, 'x': -37.002, 'yaw': -3.142}, None, None
220.04, [INFO], robot3, {'battery-level': '63.56'}, None, None
230.08, [INFO], robot3, {'y': 17.286, 'x': -36.877, 'yaw': 3.142}, None, None
230.08, [INFO], robot3, {'battery-level': '63.16'}, None, None
238.15, [WARN], robot3, SKILL-FAILURE, navigation, navto_lab
240.07, [INFO], robot3, {'y': 17.315, 'x': -37.026, 'yaw': 3.141}, None, None
240.07, [INFO], robot3, {'battery-level': '62.76'}, None, None
