0.19, [DEBUG], logger, ROBOTS_CONFIG={'avg_speed': 0.15, 'battery_charge': 0.17496190705907763, 'battery_discharge_rate': 0.0006000000000000001, 'id': 4, 'local_plan': [['navigation', ['IC Room 6', [[-39.44, 33.95, 0.0], [-37.0, 33.95], [-37.0, 18.93], [-33.9, 18.93, 3.14]]], 'navto_room'], ['approach_person', ['nurse'], 'approach_nurse'], ['authenticate_person', ['nurse'], 'authenticate_nurse'], ['operate_drawer', ['open'], 'open_drawer_for_nurse'], ['send_message', ['nurse'], 'notify_nurse_of_open_drawer_for_nurse_completed'], ['wait_message', ['nurse'], 'wait_nurse_to_complete_deposit'], ['operate_drawer', ['close'], 'close_drawer_nurse'], ['navigation', ['Laboratory', [[-33.9, 18.93, 3.14], [-37.0, 18.93], [-37.0, 16.0], [-26.0, 16.0], [-26.0, 13.0, 1.57]]], 'navto_lab'], ['approach_robot', ['lab_arm'], 'approach_arm'], ['operate_drawer', ['open'], 'open_drawer_lab'], ['send_message', ['lab_arm'], 'notify_lab_arm_of_open_drawer_lab_completed'], ['wait_message', ['lab_arm'], 'wait_lab_arm_to_complete_pick_up_sample'], ['operate_drawer', ['close'], 'close_drawer_lab']], 'location': 'IC Room 4', 'name': 'r4', 'position': [-39.44, 33.95, 0.0], 'skills': ['approach_person', 'approach_robot', 'authenticate_person', 'navigation', 'operate_drawer']}, None, None
0.19, [DEBUG], logger, Simulation open, None, None
10.04, [INFO], robot4, {'y': 34.104, 'x': -38.957, 'yaw': 3.141}, None, None
10.04, [INFO], robot4, {'battery-level': '16.96'}, None, None
20.01, [INFO], robot4, {'y': 34.142, 'x': -37.106, 'yaw': 3.142}, None, None
20.01, [INFO], robot4, {'battery-level': '16.36'}, None, None
30.08, [INFO], robot4, {'battery-level': '15.76'}, None, None
30.08, [INFO], robot4, {'y': 32.026, 'x': -37.002, 'yaw': 3.14}, None, None
40.05, [INFO], robot4, {'battery-level': '15.16'}, None, None
40.05, [INFO], robot4, {'y': 29.921, 'x': -37.043, 'yaw': 3.141}, None, None
50.00, [INFO], robot4, {'y': 27.814, 'x': -37.013, 'yaw': 3.141}, None, None
50.00, [INFO], robot4, {'battery-level': '14.56'}, None, None
60.07, [INFO], robot4, {'battery-level': '13.96'}, None, None
60.07, [INFO], robot4, {'y': 25.702, 'x': -37.01, 'yaw': 3.142}, None, None
70.02, [INFO], robot4, {'battery-level': '13.36'}, None, None
70.02, [INFO], robot4, {'y': 23.597, 'x': -36.987, 'yaw': -3.142}, None, None
80.08, [INFO], robot4, {'battery-level': '12.76'}, None, None
80.08, [INFO], robot4, {'y': 21.467, 'x': -37.142, 'yaw': 3.142}, None, None
90.02, [INFO], robot4, {'battery-level': '12.16'}, None, None
90.02, [INFO], robot4, {'y': 19.373, 'x': -37.064, 'yaw': 3.141}, None, None
100.06, [INFO], robot4, {'y': 17.777, 'x': -35.647, 'yaw': 3.141}, None, None
100.06, [INFO], robot4, {'battery-level': '11.56'}, None, None
110.03, [INFO], robot4, {'y': 18.774, 'x': -34.047, 'yaw': 3.142}, None, None
110.03, [INFO], robot4, {'battery-level': '10.96'}, None, None
117.96, [info], nurse, sync, received-request, (status=sending-request)
117.96, [info], nurse, sync, request-sent, (status=waiting)
117.96, [info], nurse, sync, wait-message, (status=message-received)
120.05, [INFO], robot4, {'y': 18.97, 'x': -34.068, 'yaw': 3.141}, None, None
120.05, [INFO], robot4, {'battery-level': '10.36'}, None, None
130.05, [INFO], robot4, {'y': 17.728, 'x': -35.557, 'yaw': -3.141}, None, None
130.05, [INFO], robot4, {'battery-level': '9.76'}, None, None
140.02, [INFO], robot4, {'y': 17.554, 'x': -37.034, 'yaw': 3.142}, None, None
140.02, [INFO], robot4, {'battery-level': '9.16'}, None, None
150.03, [INFO], robot4, {'y': 17.3, 'x': -37.007, 'yaw': -3.141}, None, None
150.03, [INFO], robot4, {'battery-level': '8.56'}, None, None
160.03, [INFO], robot4, {'y': 17.275, 'x': -36.921, 'yaw': -3.142}, None, None
160.03, [INFO], robot4, {'battery-level': '7.96'}, None, None
170.04, [INFO], robot4, {'y': 17.381, 'x': -37.069, 'yaw': 3.141}, None, None
170.04, [INFO], robot4, {'battery-level': '7.36'}, None, None
180.03, [INFO], robot4, {'y': 17.319, 'x': -36.844, 'yaw': 3.142}, None, None
180.03, [INFO], robot4, {'battery-level': '6.76'}, None, None
190.06, [INFO], robot4, {'battery-level': '6.16'}, None, None
190.06, [INFO], robot4, {'y': 17.275, 'x': -37.087, 'yaw': 3.142}, None, None
200.02, [INFO], robot4, {'battery-level': '5.56'}, None, None
200.02, [INFO], robot4, {'y': 17.478, 'x': -37.047, 'yaw': 3.142}, None, None
210.08, [WARN], robot4, LOWBATT, None, None
210.08, [WARN], None, end!, None, None
210.08, [INFO], robot4, {'y': 17.396, 'x': -37.083, 'yaw': -3.142}, None, None
220.08, [INFO], robot4, {'y': 17.351, 'x': -37.189, 'yaw': -3.141}, None, None
230.04, [INFO], robot4, {'y': 17.361, 'x': -36.894, 'yaw': -3.141}, None, None
