0.00, [INFO], robot6, {'battery-level': '54.08'}, None, None
0.13, [DEBUG], logger, ROBOTS_CONFIG={'avg_speed': 0.15, 'battery_charge': 0.5408465660492595, 'battery_discharge_rate': 0.00072, 'id': 6, 'local_plan': [['navigation', ['IC Room 6', [[-32.88, 33.98, 3.14], [-37.0, 33.98], [-37.0, 18.93], [-33.9, 18.93, 3.14]]], 'navto_room'], ['approach_person', ['nurse'], 'approach_nurse'], ['authenticate_person', ['nurse'], 'authenticate_nurse'], ['operate_drawer', ['open'], 'open_drawer_for_nurse'], ['send_message', ['nurse'], 'notify_nurse_of_open_drawer_for_nurse_completed'], ['wait_message', ['nurse'], 'wait_nurse_to_complete_deposit'], ['operate_drawer', ['close'], 'close_drawer_nurse'], ['navigation', ['Laboratory', [[-33.9, 18.93, 3.14], [-37.0, 18.93], [-37.0, 16.0], [-26.0, 16.0], [-26.0, 13.0, 1.57]]], 'navto_lab'], ['approach_robot', ['lab_arm'], 'approach_arm'], ['operate_drawer', ['open'], 'open_drawer_lab'], ['send_message', ['lab_arm'], 'notify_lab_arm_of_open_drawer_lab_completed'], ['wait_message', ['lab_arm'], 'wait_lab_arm_to_complete_pick_up_sample'], ['operate_drawer', ['close'], 'close_drawer_lab']], 'location': 'IC Room 5', 'name': 'r6', 'position': [-32.88, 33.98, 3.14], 'skills': ['approach_person', 'approach_robot', 'authenticate_person', 'navigation', 'operate_drawer']}, None, None
0.13, [DEBUG], logger, Simulation open, None, None
10.09, [INFO], robot6, {'battery-level': '53.44'}, None, None
10.09, [INFO], robot6, {'y': 34.048, 'x': -33.299, 'yaw': -3.142}, None, None
20.03, [INFO], robot6, {'y': 34.695, 'x': -35.288, 'yaw': -3.141}, None, None
20.03, [INFO], robot6, {'battery-level': '52.72'}, None, None
30.01, [INFO], robot6, {'battery-level': '52.00'}, None, None
30.01, [INFO], robot6, {'y': 33.659, 'x': -37.013, 'yaw': 3.142}, None, None
40.06, [INFO], robot6, {'y': 31.536, 'x': -36.94, 'yaw': -3.142}, None, None
40.06, [INFO], robot6, {'battery-level': '51.28'}, None, None
50.01, [INFO], robot6, {'battery-level': '50.56'}, None, None
50.01, [INFO], robot6, {'y': 29.434, 'x': -36.993, 'yaw': -3.142}, None, None
60.08, [INFO], robot6, {'battery-level': '49.84'}, None, None
60.08, [INFO], robot6, {'y': 27.315, 'x': -36.991, 'yaw': 3.142}, None, None
70.05, [INFO], robot6, {'battery-level': '49.12'}, None, None
70.05, [INFO], robot6, {'y': 25.215, 'x': -37.048, 'yaw': 3.142}, None, None
80.09, [INFO], robot6, {'battery-level': '48.40'}, None, None
80.09, [INFO], robot6, {'y': 23.092, 'x': -36.998, 'yaw': 3.141}, None, None
90.04, [INFO], robot6, {'battery-level': '47.68'}, None, None
90.04, [INFO], robot6, {'y': 20.992, 'x': -37.093, 'yaw': -3.138}, None, None
100.01, [INFO], robot6, {'battery-level': '46.96'}, None, None
100.01, [INFO], robot6, {'y': 18.891, 'x': -36.938, 'yaw': 3.141}, None, None
110.07, [INFO], robot6, {'battery-level': '46.24'}, None, None
110.07, [INFO], robot6, {'y': 17.7, 'x': -35.224, 'yaw': 3.141}, None, None
120.02, [INFO], robot6, {'battery-level': '45.52'}, None, None
120.02, [INFO], robot6, {'y': 18.895, 'x': -33.942, 'yaw': 3.142}, None, None
127.66, [info], nurse, sync, received-request, (status=sending-request)
127.66, [info], nurse, sync, request-sent, (status=waiting)
127.66, [info], nurse, sync, wait-message, (status=message-received)
130.08, [INFO], robot6, {'y': 18.904, 'x': -34.124, 'yaw': 3.141}, None, None
130.08, [INFO], robot6, {'battery-level': '44.80'}, None, None
140.03, [INFO], robot6, {'battery-level': '44.08'}, None, None
140.03, [INFO], robot6, {'y': 17.753, 'x': -35.683, 'yaw': -3.142}, None, None
150.07, [INFO], robot6, {'battery-level': '43.36'}, None, None
150.07, [INFO], robot6, {'y': 17.371, 'x': -37.032, 'yaw': 3.142}, None, None
160.02, [INFO], robot6, {'battery-level': '42.64'}, None, None
160.02, [INFO], robot6, {'y': 17.309, 'x': -36.943, 'yaw': -3.141}, None, None
170.06, [INFO], robot6, {'battery-level': '41.92'}, None, None
170.06, [INFO], robot6, {'y': 17.252, 'x': -36.764, 'yaw': 3.141}, None, None
180.01, [INFO], robot6, {'battery-level': '41.20'}, None, None
180.01, [INFO], robot6, {'y': 17.27, 'x': -37.084, 'yaw': 3.141}, None, None
190.05, [INFO], robot6, {'battery-level': '40.48'}, None, None
190.05, [INFO], robot6, {'y': 17.438, 'x': -36.883, 'yaw': 3.141}, None, None
200.01, [INFO], robot6, {'y': 17.344, 'x': -37.071, 'yaw': 3.142}, None, None
200.01, [INFO], robot6, {'battery-level': '39.76'}, None, None
210.06, [INFO], robot6, {'battery-level': '39.04'}, None, None
210.06, [INFO], robot6, {'y': 17.25, 'x': -37.133, 'yaw': -3.142}, None, None
220.01, [INFO], robot6, {'y': 17.371, 'x': -36.864, 'yaw': -3.142}, None, None
220.01, [INFO], robot6, {'battery-level': '38.32'}, None, None
230.06, [INFO], robot6, {'battery-level': '37.60'}, None, None
230.06, [INFO], robot6, {'y': 17.438, 'x': -37.119, 'yaw': -3.142}, None, None
240.09, [INFO], robot6, {'battery-level': '36.88'}, None, None
240.09, [INFO], robot6, {'y': 17.282, 'x': -36.82, 'yaw': -3.141}, None, None
250.04, [INFO], robot6, {'battery-level': '36.16'}, None, None
250.04, [INFO], robot6, {'y': 17.402, 'x': -37.005, 'yaw': 3.14}, None, None
260.01, [INFO], robot6, {'battery-level': '35.44'}, None, None
260.01, [INFO], robot6, {'y': 17.37, 'x': -37.077, 'yaw': 3.142}, None, None
270.04, [INFO], robot6, {'battery-level': '34.72'}, None, None
270.04, [INFO], robot6, {'y': 17.314, 'x': -37.013, 'yaw': 3.141}, None, None
280.09, [INFO], robot6, {'y': 17.344, 'x': -36.693, 'yaw': -3.141}, None, None
280.09, [INFO], robot6, {'battery-level': '34.00'}, None, None
290.02, [INFO], robot6, {'battery-level': '33.28'}, None, None
290.02, [INFO], robot6, {'y': 17.171, 'x': -37.111, 'yaw': 3.141}, None, None
300.07, [INFO], robot6, {'y': 17.274, 'x': -37.072, 'yaw': 3.14}, None, None
300.07, [INFO], robot6, {'battery-level': '32.56'}, None, None
310.07, [INFO], robot6, {'battery-level': '31.84'}, None, None
310.07, [INFO], robot6, {'y': 17.358, 'x': -37.046, 'yaw': -3.141}, None, None
318.05, [WARN], robot6, SKILL-FAILURE, navigation, navto_lab
320.00, [INFO], robot6, {'y': 17.348, 'x': -36.972, 'yaw': -3.142}, None, None
320.00, [INFO], robot6, {'battery-level': '31.12'}, None, None
