0.11, [DEBUG], logger, ROBOTS_CONFIG={'avg_speed': 0.15, 'battery_charge': 0.634952869577942, 'battery_discharge_rate': 0.00054, 'id': 2, 'local_plan': [['navigation', ['IC Room 2', [[-19.0, 18.0, -1.57], [-19.0, 16.0], [-37.0, 16.0], [-37.0, 21.5], [-38.0, 21.5, 0.0]]], 'navto_room'], ['approach_person', ['nurse'], 'approach_nurse'], ['authenticate_person', ['nurse'], 'authenticate_nurse'], ['operate_drawer', ['open'], 'open_drawer_for_nurse'], ['send_message', ['nurse'], 'notify_nurse_of_open_drawer_for_nurse_completed'], ['wait_message', ['nurse'], 'wait_nurse_to_complete_deposit'], ['operate_drawer', ['close'], 'close_drawer_nurse'], ['navigation', ['Laboratory', [[-38.0, 21.5, 0.0], [-37.0, 21.5], [-37.0, 16.0], [-26.0, 16.0], [-26.0, 13.0, 1.57]]], 'navto_lab'], ['approach_robot', ['lab_arm'], 'approach_arm'], ['operate_drawer', ['open'], 'open_drawer_lab'], ['send_message', ['lab_arm'], 'notify_lab_arm_of_open_drawer_lab_completed'], ['wait_message', ['lab_arm'], 'wait_lab_arm_to_complete_pick_up_sample'], ['operate_drawer', ['close'], 'close_drawer_lab']], 'location': 'PC Room 6', 'name': 'r2', 'position': [-19.0, 18.0, -1.57], 'skills': ['approach_person', 'approach_robot', 'authenticate_person', 'navigation', 'operate_drawer']}, None, None
0.11, [DEBUG], logger, Simulation open, None, None
10.01, [INFO], robot2, {'battery-level': '63.01'}, None, None
10.01, [INFO], robot2, {'y': 17.543, 'x': -19.157, 'yaw': 3.141}, None, None
20.02, [INFO], robot2, {'battery-level': '62.47'}, None, None
20.02, [INFO], robot2, {'y': 16.177, 'x': -20.147, 'yaw': 3.141}, None, None
30.06, [INFO], robot2, {'battery-level': '61.93'}, None, None
30.06, [INFO], robot2, {'y': 16.216, 'x': -22.265, 'yaw': -3.138}, None, None
40.02, [INFO], robot2, {'y': 16.15, 'x': -24.364, 'yaw': 3.141}, None, None
40.02, [INFO], robot2, {'battery-level': '61.39'}, None, None
50.05, [INFO], robot2, {'battery-level': '60.85'}, None, None
50.05, [INFO], robot2, {'y': 16.093, 'x': -26.486, 'yaw': 3.139}, None, None
60.09, [INFO], robot2, {'battery-level': '60.31'}, None, None
60.09, [INFO], robot2, {'y': 16.183, 'x': -28.606, 'yaw': 3.142}, None, None
70.05, [INFO], robot2, {'y': 16.132, 'x': -30.71, 'yaw': 3.14}, None, None
70.05, [INFO], robot2, {'battery-level': '59.77'}, None, None
80.03, [INFO], robot2, {'y': 15.864, 'x': -32.827, 'yaw': -3.142}, None, None
80.03, [INFO], robot2, {'battery-level': '59.23'}, None, None
90.04, [INFO], robot2, {'battery-level': '58.69'}, None, None
90.04, [INFO], robot2, {'y': 15.392, 'x': -34.902, 'yaw': -3.141}, None, None
100.08, [INFO], robot2, {'battery-level': '58.15'}, None, None
100.08, [INFO], robot2, {'y': 16.183, 'x': -36.588, 'yaw': -3.141}, None, None
110.03, [INFO], robot2, {'battery-level': '57.61'}, None, None
110.03, [INFO], robot2, {'y': 18.286, 'x': -36.626, 'yaw': -3.142}, None, None
120.00, [INFO], robot2, {'battery-level': '57.07'}, None, None
120.00, [INFO], robot2, {'y': 20.39, 'x': -36.802, 'yaw': -3.142}, None, None
130.06, [INFO], robot2, {'battery-level': '56.53'}, None, None
130.06, [INFO], robot2, {'y': 21.566, 'x': -37.976, 'yaw': 3.139}, None, None
140.08, [INFO], robot2, {'y': 21.416, 'x': -38.115, 'yaw': 3.142}, None, None
140.08, [INFO], robot2, {'battery-level': '55.99'}, None, None
144.06, [info], nurse, sync, received-request, (status=sending-request)
144.06, [info], nurse, sync, request-sent, (status=waiting)
144.06, [info], nurse, sync, wait-message, (status=message-received)
150.02, [INFO], robot2, {'battery-level': '55.45'}, None, None
150.02, [INFO], robot2, {'y': 21.107, 'x': -37.242, 'yaw': 3.142}, None, None
160.00, [INFO], robot2, {'y': 18.997, 'x': -37.146, 'yaw': 3.142}, None, None
160.00, [INFO], robot2, {'battery-level': '54.91'}, None, None
170.07, [INFO], robot2, {'y': 16.85, 'x': -37.062, 'yaw': 3.14}, None, None
170.07, [INFO], robot2, {'battery-level': '54.37'}, None, None
180.01, [INFO], robot2, {'y': 15.731, 'x': -35.563, 'yaw': -3.142}, None, None
180.01, [INFO], robot2, {'battery-level': '53.83'}, None, None
189.92, [INFO], robot2, {'y': 15.417, 'x': -33.464, 'yaw': -3.141}, None, None
190.02, [INFO], robot2, {'battery-level': '53.29'}, None, None
200.01, [INFO], robot2, {'y': 15.494, 'x': -31.356, 'yaw': 3.142}, None, None
200.01, [INFO], robot2, {'battery-level': '52.75'}, None, None
210.09, [INFO], robot2, {'battery-level': '52.21'}, None, None
210.09, [INFO], robot2, {'y': 15.72, 'x': -29.228, 'yaw': 3.142}, None, None
220.01, [INFO], robot2, {'y': 15.773, 'x': -27.12, 'yaw': 3.141}, None, None
220.01, [INFO], robot2, {'battery-level': '51.67'}, None, None
230.01, [INFO], robot2, {'battery-level': '51.13'}, None, None
230.01, [INFO], robot2, {'y': 14.622, 'x': -25.755, 'yaw': 3.141}, None, None
240.07, [INFO], robot2, {'battery-level': '50.59'}, None, None
240.07, [INFO], robot2, {'y': 12.904, 'x': -25.964, 'yaw': 3.141}, None, None
245.96, [info], lab_arm, sync, wait-message, (status=message-received)
246.94, [WARN], robot2, SUCCESS, None, None
250.01, [INFO], robot2, {'y': 12.876, 'x': -25.976, 'yaw': -3.142}, None, None
250.01, [INFO], robot2, {'battery-level': '50.05'}, None, None
260.01, [INFO], robot2, {'battery-level': '49.51'}, None, None
260.01, [INFO], robot2, {'y': 12.877, 'x': -25.976, 'yaw': -3.142}, None, None
