0.00, [DEBUG], logger, ROBOTS_CONFIG={'avg_speed': 0.15, 'battery_charge': 0.5408465660492595, 'battery_discharge_rate': 0.00072, 'id': 6, 'local_plan': [['navigation', ['IC Room 2', [[-33.9, 18.93, 3.14], [-37.0, 18.93], [-37.0, 21.5], [-38.0, 21.5, 0.0]]], 'navto_room'], ['approach_person', ['nurse'], 'approach_nurse'], ['authenticate_person', ['nurse'], 'authenticate_nurse'], ['operate_drawer', ['open'], 'open_drawer_for_nurse'], ['send_message', ['nurse'], 'notify_nurse_of_open_drawer_for_nurse_completed'], ['wait_message', ['nurse'], 'wait_nurse_to_complete_deposit'], ['operate_drawer', ['close'], 'close_drawer_nurse'], ['navigation', ['Laboratory', [[-38.0, 21.5, 0.0], [-37.0, 21.5], [-37.0, 16.0], [-26.0, 16.0], [-26.0, 13.0, 1.57]]], 'navto_lab'], ['approach_robot', ['lab_arm'], 'approach_arm'], ['operate_drawer', ['open'], 'open_drawer_lab'], ['send_message', ['lab_arm'], 'notify_lab_arm_of_open_drawer_lab_completed'], ['wait_message', ['lab_arm'], 'wait_lab_arm_to_complete_pick_up_sample'], ['operate_drawer', ['close'], 'close_drawer_lab']], 'location': 'IC Room 6', 'name': 'r6', 'position': [-33.9, 18.93, 3.14], 'skills': ['approach_person', 'approach_robot', 'authenticate_person', 'navigation', 'operate_drawer']}, None, None
0.00, [DEBUG], logger, Simulation open, None, None
10.02, [INFO], robot6, {'battery-level': '53.44'}, None, None
10.02, [INFO], robot6, {'y': 18.964, 'x': -33.733, 'yaw': -3.142}, None, None
20.07, [INFO], robot6, {'battery-level': '52.72'}, None, None
20.07, [INFO], robot6, {'y': 18.993, 'x': -33.599, 'yaw': 3.142}, None, None
30.05, [INFO], robot6, {'y': 18.993, 'x': -33.599, 'yaw': -3.142}, None, None
30.05, [INFO], robot6, {'battery-level': '52.00'}, None, None
40.09, [INFO], robot6, {'y': 18.993, 'x': -33.599, 'yaw': 3.142}, None, None
40.09, [INFO], robot6, {'battery-level': '51.28'}, None, None
50.04, [INFO], robot6, {'battery-level': '50.56'}, None, None
50.04, [INFO], robot6, {'y': 18.993, 'x': -33.599, 'yaw': -3.142}, None, None
60.08, [INFO], robot6, {'battery-level': '49.84'}, None, None
60.08, [INFO], robot6, {'y': 18.993, 'x': -33.599, 'yaw': -3.142}, None, None
70.02, [INFO], robot6, {'battery-level': '49.12'}, None, None
70.02, [INFO], robot6, {'y': 18.993, 'x': -33.599, 'yaw': -3.142}, None, None
80.08, [INFO], robot6, {'y': 18.993, 'x': -33.599, 'yaw': -3.142}, None, None
80.08, [INFO], robot6, {'battery-level': '48.40'}, None, None
90.01, [INFO], robot6, {'battery-level': '47.68'}, None, None
90.01, [INFO], robot6, {'y': 18.993, 'x': -33.599, 'yaw': -3.142}, None, None
100.07, [INFO], robot6, {'y': 18.993, 'x': -33.599, 'yaw': 3.142}, None, None
100.07, [INFO], robot6, {'battery-level': '46.96'}, None, None
110.03, [INFO], robot6, {'y': 18.993, 'x': -33.599, 'yaw': -3.142}, None, None
110.03, [INFO], robot6, {'battery-level': '46.24'}, None, None
120.06, [INFO], robot6, {'battery-level': '45.52'}, None, None
120.06, [INFO], robot6, {'y': 18.993, 'x': -33.599, 'yaw': -3.142}, None, None
130.06, [INFO], robot6, {'battery-level': '44.80'}, None, None
130.06, [INFO], robot6, {'y': 18.993, 'x': -33.599, 'yaw': -3.142}, None, None
140.07, [INFO], robot6, {'battery-level': '44.08'}, None, None
140.07, [INFO], robot6, {'y': 18.993, 'x': -33.599, 'yaw': -3.142}, None, None
150.04, [INFO], robot6, {'y': 18.993, 'x': -33.599, 'yaw': 3.142}, None, None
150.04, [INFO], robot6, {'battery-level': '43.36'}, None, None
160.00, [INFO], robot6, {'y': 18.993, 'x': -33.599, 'yaw': 3.142}, None, None
160.00, [INFO], robot6, {'battery-level': '42.64'}, None, None
170.01, [INFO], robot6, {'battery-level': '41.92'}, None, None
170.01, [INFO], robot6, {'y': 18.993, 'x': -33.599, 'yaw': 3.142}, None, None
180.08, [INFO], robot6, {'y': 18.993, 'x': -33.599, 'yaw': -3.142}, None, None
180.08, [INFO], robot6, {'battery-level': '41.20'}, None, None
190.05, [INFO], robot6, {'y': 18.993, 'x': -33.599, 'yaw': 3.142}, None, None
190.05, [INFO], robot6, {'battery-level': '40.48'}, None, None
200.02, [INFO], robot6, {'y': 18.993, 'x': -33.599, 'yaw': 3.142}, None, None
200.02, [INFO], robot6, {'battery-level': '39.76'}, None, None
210.06, [INFO], robot6, {'y': 18.993, 'x': -33.599, 'yaw': 3.142}, None, None
210.06, [INFO], robot6, {'battery-level': '39.04'}, None, None
220.01, [INFO], robot6, {'battery-level': '38.32'}, None, None
220.01, [INFO], robot6, {'y': 18.993, 'x': -33.599, 'yaw': 3.142}, None, None
230.06, [INFO], robot6, {'battery-level': '37.60'}, None, None
230.06, [INFO], robot6, {'y': 18.993, 'x': -33.599, 'yaw': -3.142}, None, None
240.02, [INFO], robot6, {'y': 18.993, 'x': -33.599, 'yaw': 3.142}, None, None
240.02, [INFO], robot6, {'battery-level': '36.88'}, None, None
250.09, [INFO], robot6, {'y': 18.993, 'x': -33.599, 'yaw': -3.142}, None, None
250.09, [INFO], robot6, {'battery-level': '36.16'}, None, None
260.05, [INFO], robot6, {'y': 18.993, 'x': -33.599, 'yaw': -3.142}, None, None
260.05, [INFO], robot6, {'battery-level': '35.44'}, None, None
269.92, [INFO], robot6, {'battery-level': '34.72'}, None, None
269.92, [INFO], robot6, {'y': 18.993, 'x': -33.599, 'yaw': -3.142}, None, None
280.06, [INFO], robot6, {'y': 18.993, 'x': -33.599, 'yaw': -3.142}, None, None
280.06, [INFO], robot6, {'battery-level': '34.00'}, None, None
290.01, [INFO], robot6, {'y': 18.993, 'x': -33.599, 'yaw': -3.142}, None, None
290.01, [INFO], robot6, {'battery-level': '33.28'}, None, None
300.07, [INFO], robot6, {'battery-level': '32.56'}, None, None
300.07, [INFO], robot6, {'y': 18.993, 'x': -33.599, 'yaw': 3.142}, None, None
310.03, [INFO], robot6, {'y': 18.993, 'x': -33.599, 'yaw': 3.142}, None, None
310.03, [INFO], robot6, {'battery-level': '31.84'}, None, None
320.05, [INFO], robot6, {'y': 18.993, 'x': -33.599, 'yaw': -3.142}, None, None
320.05, [INFO], robot6, {'battery-level': '31.12'}, None, None
330.02, [INFO], robot6, {'battery-level': '30.40'}, None, None
330.02, [INFO], robot6, {'y': 18.993, 'x': -33.599, 'yaw': 3.142}, None, None
340.07, [INFO], robot6, {'battery-level': '29.68'}, None, None
340.07, [INFO], robot6, {'y': 18.993, 'x': -33.599, 'yaw': -3.142}, None, None
350.04, [INFO], robot6, {'y': 18.993, 'x': -33.599, 'yaw': -3.142}, None, None
350.04, [INFO], robot6, {'battery-level': '28.96'}, None, None
359.99, [INFO], robot6, {'y': 18.993, 'x': -33.599, 'yaw': -3.142}, None, None
360.08, [INFO], robot6, {'battery-level': '28.24'}, None, None
370.08, [INFO], robot6, {'battery-level': '27.52'}, None, None
370.08, [INFO], robot6, {'y': 18.993, 'x': -33.599, 'yaw': -3.142}, None, None
380.05, [INFO], robot6, {'y': 18.993, 'x': -33.599, 'yaw': 3.142}, None, None
380.05, [INFO], robot6, {'battery-level': '26.80'}, None, None
390.08, [INFO], robot6, {'y': 18.993, 'x': -33.599, 'yaw': 3.142}, None, None
390.08, [INFO], robot6, {'battery-level': '26.08'}, None, None
400.06, [INFO], robot6, {'y': 18.993, 'x': -33.598, 'yaw': -3.142}, None, None
400.06, [INFO], robot6, {'battery-level': '25.36'}, None, None
410.02, [INFO], robot6, {'y': 18.993, 'x': -33.598, 'yaw': 3.142}, None, None
410.02, [INFO], robot6, {'battery-level': '24.64'}, None, None
420.08, [INFO], robot6, {'battery-level': '23.92'}, None, None
420.08, [INFO], robot6, {'y': 18.993, 'x': -33.598, 'yaw': -3.142}, None, None
430.05, [INFO], robot6, {'battery-level': '23.20'}, None, None
430.05, [INFO], robot6, {'y': 18.993, 'x': -33.598, 'yaw': -3.142}, None, None
440.07, [INFO], robot6, {'battery-level': '22.48'}, None, None
440.07, [INFO], robot6, {'y': 18.993, 'x': -33.598, 'yaw': -3.142}, None, None
450.02, [INFO], robot6, {'battery-level': '21.76'}, None, None
450.02, [INFO], robot6, {'y': 18.993, 'x': -33.598, 'yaw': -3.142}, None, None
460.06, [INFO], robot6, {'battery-level': '21.04'}, None, None
460.06, [INFO], robot6, {'y': 18.993, 'x': -33.598, 'yaw': 3.142}, None, None
470.00, [INFO], robot6, {'y': 18.993, 'x': -33.598, 'yaw': -3.142}, None, None
470.00, [INFO], robot6, {'battery-level': '20.32'}, None, None
480.04, [INFO], robot6, {'battery-level': '19.60'}, None, None
480.04, [INFO], robot6, {'y': 18.993, 'x': -33.598, 'yaw': 3.142}, None, None
490.01, [INFO], robot6, {'battery-level': '18.88'}, None, None
490.01, [INFO], robot6, {'y': 18.993, 'x': -33.598, 'yaw': -3.142}, None, None
500.07, [INFO], robot6, {'battery-level': '18.16'}, None, None
500.07, [INFO], robot6, {'y': 18.993, 'x': -33.598, 'yaw': -3.142}, None, None
510.03, [INFO], robot6, {'y': 18.993, 'x': -33.598, 'yaw': 3.142}, None, None
510.03, [INFO], robot6, {'battery-level': '17.44'}, None, None
520.00, [INFO], robot6, {'y': 18.993, 'x': -33.598, 'yaw': -3.142}, None, None
520.00, [INFO], robot6, {'battery-level': '16.72'}, None, None
530.08, [INFO], robot6, {'battery-level': '16.00'}, None, None
530.08, [INFO], robot6, {'y': 18.993, 'x': -33.598, 'yaw': -3.142}, None, None
540.01, [INFO], robot6, {'battery-level': '15.28'}, None, None
540.01, [INFO], robot6, {'y': 18.993, 'x': -33.598, 'yaw': 3.142}, None, None
550.08, [INFO], robot6, {'battery-level': '14.56'}, None, None
550.08, [INFO], robot6, {'y': 18.993, 'x': -33.598, 'yaw': -3.142}, None, None
560.03, [INFO], robot6, {'battery-level': '13.84'}, None, None
560.03, [INFO], robot6, {'y': 18.993, 'x': -33.598, 'yaw': 3.142}, None, None
570.06, [INFO], robot6, {'battery-level': '13.12'}, None, None
570.06, [INFO], robot6, {'y': 18.993, 'x': -33.598, 'yaw': 3.142}, None, None
580.03, [INFO], robot6, {'battery-level': '12.40'}, None, None
580.03, [INFO], robot6, {'y': 18.993, 'x': -33.598, 'yaw': -3.142}, None, None
590.08, [INFO], robot6, {'battery-level': '11.68'}, None, None
590.08, [INFO], robot6, {'y': 18.993, 'x': -33.598, 'yaw': -3.142}, None, None
600.05, [INFO], robot6, {'battery-level': '10.96'}, None, None
600.05, [INFO], robot6, {'y': 18.993, 'x': -33.598, 'yaw': 3.142}, None, None
610.06, [INFO], robot6, {'battery-level': '10.24'}, None, None
610.06, [INFO], robot6, {'y': 18.993, 'x': -33.598, 'yaw': -3.142}, None, None
620.02, [INFO], robot6, {'y': 18.993, 'x': -33.598, 'yaw': 3.142}, None, None
620.02, [INFO], robot6, {'battery-level': '9.52'}, None, None
630.06, [INFO], robot6, {'y': 18.993, 'x': -33.598, 'yaw': -3.142}, None, None
630.06, [INFO], robot6, {'battery-level': '8.80'}, None, None
639.92, [INFO], robot6, {'battery-level': '8.08'}, None, None
640.02, [INFO], robot6, {'y': 18.993, 'x': -33.598, 'yaw': -3.142}, None, None
650.06, [INFO], robot6, {'battery-level': '7.36'}, None, None
650.06, [INFO], robot6, {'y': 18.993, 'x': -33.598, 'yaw': 3.142}, None, None
660.03, [INFO], robot6, {'battery-level': '6.64'}, None, None
660.03, [INFO], robot6, {'y': 18.993, 'x': -33.598, 'yaw': -3.142}, None, None
670.01, [INFO], robot6, {'y': 18.993, 'x': -33.598, 'yaw': 3.142}, None, None
670.01, [INFO], robot6, {'battery-level': '5.92'}, None, None
680.05, [INFO], robot6, {'battery-level': '5.20'}, None, None
680.05, [INFO], robot6, {'y': 18.993, 'x': -33.598, 'yaw': -3.142}, None, None
683.06, [WARN], robot6, LOWBATT, None, None
683.06, [WARN], None, end!, None, None
690.01, [INFO], robot6, {'y': 18.993, 'x': -33.598, 'yaw': 3.142}, None, None
