0.00, [DEBUG], nurse, NURSE_CONFIG={'location': 'IC Room 2', 'position': [-38.0, 21.5, 0.0]}, None, None
0.00, [INFO], robot6, {'battery-level': '54.08'}, None, None
0.11, [DEBUG], logger, ROBOTS_CONFIG={'avg_speed': 0.15, 'battery_charge': 0.5408465660492595, 'battery_discharge_rate': 0.00038, 'id': 6, 'local_plan': [['navigation', ['IC Room 2', [[-33.9, 18.93, 3.14], [-37.0, 18.93], [-37.0, 21.5], [-38.0, 21.5, 0.0]]], 'navto_room'], ['approach_person', ['nurse'], 'approach_nurse'], ['authenticate_person', ['nurse'], 'authenticate_nurse'], ['operate_drawer', ['open'], 'open_drawer_for_nurse'], ['send_message', ['nurse'], 'notify_nurse_of_open_drawer_for_nurse_completed'], ['wait_message', ['nurse'], 'wait_nurse_to_complete_deposit'], ['operate_drawer', ['close'], 'close_drawer_nurse'], ['navigation', ['Laboratory', [[-38.0, 21.5, 0.0], [-37.0, 21.5], [-37.0, 16.0], [-26.0, 16.0], [-26.0, 13.0, 1.57]]], 'navto_lab'], ['approach_robot', ['lab_arm'], 'approach_arm'], ['operate_drawer', ['open'], 'open_drawer_lab'], ['send_message', ['lab_arm'], 'notify_lab_arm_of_open_drawer_lab_completed'], ['wait_message', ['lab_arm'], 'wait_lab_arm_to_complete_pick_up_sample'], ['operate_drawer', ['close'], 'close_drawer_lab']], 'location': 'IC Room 6', 'name': 'r6', 'position': [-33.9, 18.93, 3.14], 'skills': ['approach_person', 'approach_robot', 'authenticate_person', 'navigation', 'operate_drawer']}, None, None
0.11, [DEBUG], logger, Simulation open, None, None
10.03, [INFO], robot6, {'battery-level': '53.74'}, None, None
10.03, [INFO], robot6, {'y': 18.272, 'x': -34.433, 'yaw': 3.142}, None, None
20.05, [INFO], robot6, {'y': 18.103, 'x': -36.3, 'yaw': 3.141}, None, None
20.05, [INFO], robot6, {'battery-level': '53.36'}, None, None
30.07, [INFO], robot6, {'battery-level': '52.98'}, None, None
30.07, [INFO], robot6, {'y': 20.075, 'x': -36.778, 'yaw': -3.137}, None, None
40.04, [INFO], robot6, {'y': 21.628, 'x': -37.823, 'yaw': 3.141}, None, None
40.04, [INFO], robot6, {'battery-level': '52.60'}, None, None
50.08, [INFO], robot6, {'y': 21.482, 'x': -38.093, 'yaw': -3.141}, None, None
50.08, [INFO], robot6, {'battery-level': '52.22'}, None, None
57.08, [info], nurse, sync, received-request, (status=sending-request)
57.08, [info], nurse, sync, request-sent, (status=waiting)
57.08, [info], nurse, sync, wait-message, (status=message-received)
60.02, [INFO], robot6, {'battery-level': '51.84'}, None, None
60.02, [INFO], robot6, {'y': 21.397, 'x': -37.674, 'yaw': -3.141}, None, None
70.00, [INFO], robot6, {'y': 19.547, 'x': -37.159, 'yaw': 3.139}, None, None
70.00, [INFO], robot6, {'battery-level': '51.46'}, None, None
80.08, [INFO], robot6, {'y': 17.405, 'x': -37.078, 'yaw': 3.14}, None, None
80.08, [INFO], robot6, {'battery-level': '51.08'}, None, None
90.03, [INFO], robot6, {'battery-level': '50.70'}, None, None
90.03, [INFO], robot6, {'y': 15.88, 'x': -36.144, 'yaw': 3.142}, None, None
100.07, [INFO], robot6, {'battery-level': '50.32'}, None, None
100.07, [INFO], robot6, {'y': 15.381, 'x': -34.051, 'yaw': -3.141}, None, None
110.02, [INFO], robot6, {'battery-level': '49.94'}, None, None
110.02, [INFO], robot6, {'y': 15.493, 'x': -31.945, 'yaw': 3.142}, None, None
120.01, [INFO], robot6, {'y': 15.647, 'x': -29.822, 'yaw': 3.142}, None, None
120.01, [INFO], robot6, {'battery-level': '49.56'}, None, None
130.07, [INFO], robot6, {'y': 15.763, 'x': -27.7, 'yaw': 3.141}, None, None
130.07, [INFO], robot6, {'battery-level': '49.18'}, None, None
140.04, [INFO], robot6, {'battery-level': '48.80'}, None, None
140.04, [INFO], robot6, {'y': 15.208, 'x': -25.902, 'yaw': 3.142}, None, None
150.06, [INFO], robot6, {'battery-level': '48.42'}, None, None
150.06, [INFO], robot6, {'y': 13.168, 'x': -25.8, 'yaw': 3.141}, None, None
160.01, [INFO], robot6, {'battery-level': '48.04'}, None, None
160.01, [INFO], robot6, {'y': 12.951, 'x': -26.0, 'yaw': 3.141}, None, None
164.49, [info], lab_arm, sync, wait-message, (status=message-received)
165.38, [WARN], robot6, SUCCESS, None, None
