0.13, [DEBUG], logger, ROBOTS_CONFIG={'avg_speed': 0.15, 'battery_charge': 0.5408465660492595, 'battery_discharge_rate': 0.00038, 'id': 6, 'local_plan': [['navigation', ['IC Room 2', [[-33.9, 18.93, 3.14], [-37.0, 18.93], [-37.0, 21.5], [-38.0, 21.5, 0.0]]], 'navto_room'], ['approach_person', ['nurse'], 'approach_nurse'], ['authenticate_person', ['nurse'], 'authenticate_nurse'], ['operate_drawer', ['open'], 'open_drawer_for_nurse'], ['send_message', ['nurse'], 'notify_nurse_of_open_drawer_for_nurse_completed'], ['wait_message', ['nurse'], 'wait_nurse_to_complete_deposit'], ['operate_drawer', ['close'], 'close_drawer_nurse'], ['navigation', ['Laboratory', [[-38.0, 21.5, 0.0], [-37.0, 21.5], [-37.0, 16.0], [-26.0, 16.0], [-26.0, 13.0, 1.57]]], 'navto_lab'], ['approach_robot', ['lab_arm'], 'approach_arm'], ['operate_drawer', ['open'], 'open_drawer_lab'], ['send_message', ['lab_arm'], 'notify_lab_arm_of_open_drawer_lab_completed'], ['wait_message', ['lab_arm'], 'wait_lab_arm_to_complete_pick_up_sample'], ['operate_drawer', ['close'], 'close_drawer_lab']], 'location': 'IC Room 6', 'name': 'r6', 'position': [-33.9, 18.93, 3.14], 'skills': ['approach_person', 'approach_robot', 'authenticate_person', 'navigation', 'operate_drawer']}, None, None
0.13, [DEBUG], logger, Simulation open, None, None
10.05, [INFO], robot6, {'battery-level': '53.74'}, None, None
10.05, [INFO], robot6, {'y': 18.344, 'x': -34.42, 'yaw': -3.142}, None, None
20.05, [INFO], robot6, {'battery-level': '53.36'}, None, None
20.05, [INFO], robot6, {'y': 18.078, 'x': -36.269, 'yaw': 3.141}, None, None
30.00, [INFO], robot6, {'battery-level': '52.98'}, None, None
30.00, [INFO], robot6, {'y': 19.985, 'x': -36.858, 'yaw': 3.139}, None, None
40.04, [INFO], robot6, {'y': 21.477, 'x': -37.883, 'yaw': 3.142}, None, None
40.04, [INFO], robot6, {'battery-level': '52.60'}, None, None
50.07, [INFO], robot6, {'battery-level': '52.22'}, None, None
50.07, [INFO], robot6, {'y': 21.416, 'x': -38.094, 'yaw': 3.142}, None, None
55.87, [info], nurse, sync, received-request, (status=sending-request)
55.87, [info], nurse, sync, request-sent, (status=waiting)
55.87, [info], nurse, sync, wait-message, (status=message-received)
60.00, [INFO], robot6, {'y': 21.341, 'x': -37.452, 'yaw': -3.141}, None, None
60.00, [INFO], robot6, {'battery-level': '51.84'}, None, None
70.07, [INFO], robot6, {'battery-level': '51.46'}, None, None
70.07, [INFO], robot6, {'y': 19.274, 'x': -37.209, 'yaw': 3.142}, None, None
80.08, [INFO], robot6, {'y': 17.155, 'x': -37.079, 'yaw': 3.14}, None, None
80.08, [INFO], robot6, {'battery-level': '51.08'}, None, None
90.02, [INFO], robot6, {'battery-level': '50.70'}, None, None
90.02, [INFO], robot6, {'y': 15.78, 'x': -36.016, 'yaw': 3.142}, None, None
100.04, [INFO], robot6, {'battery-level': '50.32'}, None, None
100.04, [INFO], robot6, {'y': 15.376, 'x': -33.928, 'yaw': -3.141}, None, None
110.08, [INFO], robot6, {'battery-level': '49.94'}, None, None
110.08, [INFO], robot6, {'y': 15.5, 'x': -31.798, 'yaw': -3.141}, None, None
120.08, [INFO], robot6, {'battery-level': '49.56'}, None, None
120.08, [INFO], robot6, {'y': 15.691, 'x': -29.688, 'yaw': -3.142}, None, None
130.00, [INFO], robot6, {'battery-level': '49.18'}, None, None
130.00, [INFO], robot6, {'y': 15.813, 'x': -27.589, 'yaw': -3.142}, None, None
140.04, [INFO], robot6, {'battery-level': '48.80'}, None, None
140.04, [INFO], robot6, {'y': 15.019, 'x': -25.947, 'yaw': -3.142}, None, None
150.08, [INFO], robot6, {'y': 13.032, 'x': -25.825, 'yaw': -3.142}, None, None
150.08, [INFO], robot6, {'battery-level': '48.42'}, None, None
157.71, [info], lab_arm, sync, wait-message, (status=message-received)
158.62, [WARN], robot6, SUCCESS, None, None
