0.00, [INFO], robot1, {'battery-level': '24.00'}, None, None
0.15, [DEBUG], logger, ROBOTS_CONFIG={'avg_speed': 0.15, 'battery_charge': 0.23995139509475963, 'battery_discharge_rate': 0.00068, 'id': 1, 'local_plan': [['navigation', ['IC Room 6', [[-11.5, 18.0, -1.57], [-11.5, 16.0], [-37.0, 16.0], [-37.0, 18.93], [-33.9, 18.93, 3.14]]], 'navto_room'], ['approach_person', ['nurse'], 'approach_nurse'], ['authenticate_person', ['nurse'], 'authenticate_nurse'], ['operate_drawer', ['open'], 'open_drawer_for_nurse'], ['send_message', ['nurse'], 'notify_nurse_of_open_drawer_for_nurse_completed'], ['wait_message', ['nurse'], 'wait_nurse_to_complete_deposit'], ['operate_drawer', ['close'], 'close_drawer_nurse'], ['navigation', ['Laboratory', [[-33.9, 18.93, 3.14], [-37.0, 18.93], [-37.0, 16.0], [-26.0, 16.0], [-26.0, 13.0, 1.57]]], 'navto_lab'], ['approach_robot', ['lab_arm'], 'approach_arm'], ['operate_drawer', ['open'], 'open_drawer_lab'], ['send_message', ['lab_arm'], 'notify_lab_arm_of_open_drawer_lab_completed'], ['wait_message', ['lab_arm'], 'wait_lab_arm_to_complete_pick_up_sample'], ['operate_drawer', ['close'], 'close_drawer_lab']], 'location': 'PC Room 8', 'name': 'r1', 'position': [-11.5, 18.0, -1.57], 'skills': ['approach_person', 'approach_robot', 'navigation', 'operate_drawer']}, None, None
0.15, [DEBUG], logger, Simulation open, None, None
9.98, [INFO], robot1, {'battery-level': '23.38'}, None, None
9.98, [INFO], robot1, {'y': 16.815, 'x': -11.746, 'yaw': 3.14}, None, None
20.01, [INFO], robot1, {'battery-level': '22.70'}, None, None
20.01, [INFO], robot1, {'y': 16.299, 'x': -13.587, 'yaw': -3.142}, None, None
30.01, [INFO], robot1, {'y': 16.192, 'x': -15.702, 'yaw': 3.142}, None, None
30.01, [INFO], robot1, {'battery-level': '22.02'}, None, None
40.01, [INFO], robot1, {'battery-level': '21.34'}, None, None
40.01, [INFO], robot1, {'y': 16.148, 'x': -17.822, 'yaw': 3.141}, None, None
50.01, [INFO], robot1, {'y': 16.28, 'x': -19.943, 'yaw': 3.139}, None, None
50.01, [INFO], robot1, {'battery-level': '20.66'}, None, None
60.00, [INFO], robot1, {'battery-level': '19.98'}, None, None
60.00, [INFO], robot1, {'y': 16.289, 'x': -22.058, 'yaw': 3.141}, None, None
70.01, [INFO], robot1, {'y': 16.139, 'x': -24.173, 'yaw': 3.14}, None, None
70.01, [INFO], robot1, {'battery-level': '19.30'}, None, None
80.03, [INFO], robot1, {'y': 16.148, 'x': -26.301, 'yaw': 3.141}, None, None
80.03, [INFO], robot1, {'battery-level': '18.62'}, None, None
90.00, [INFO], robot1, {'battery-level': '17.94'}, None, None
90.00, [INFO], robot1, {'y': 16.198, 'x': -28.417, 'yaw': -3.142}, None, None
100.01, [INFO], robot1, {'y': 16.182, 'x': -30.544, 'yaw': 3.141}, None, None
100.01, [INFO], robot1, {'battery-level': '17.26'}, None, None
110.00, [INFO], robot1, {'battery-level': '16.58'}, None, None
110.00, [INFO], robot1, {'y': 15.936, 'x': -32.658, 'yaw': 3.142}, None, None
119.99, [INFO], robot1, {'y': 15.385, 'x': -34.734, 'yaw': -3.141}, None, None
120.03, [INFO], robot1, {'battery-level': '15.90'}, None, None
129.99, [INFO], robot1, {'battery-level': '15.22'}, None, None
129.99, [INFO], robot1, {'y': 15.594, 'x': -36.23, 'yaw': -3.141}, None, None
140.01, [INFO], robot1, {'y': 17.492, 'x': -36.676, 'yaw': -3.141}, None, None
140.01, [INFO], robot1, {'battery-level': '14.54'}, None, None
150.02, [INFO], robot1, {'y': 17.892, 'x': -35.998, 'yaw': 3.141}, None, None
150.02, [INFO], robot1, {'battery-level': '13.86'}, None, None
159.99, [INFO], robot1, {'battery-level': '13.18'}, None, None
159.99, [INFO], robot1, {'y': 17.948, 'x': -35.893, 'yaw': -3.142}, None, None
170.01, [INFO], robot1, {'y': 18.088, 'x': -35.821, 'yaw': 3.141}, None, None
170.01, [INFO], robot1, {'battery-level': '12.50'}, None, None
180.00, [INFO], robot1, {'battery-level': '11.82'}, None, None
180.00, [INFO], robot1, {'y': 18.307, 'x': -35.717, 'yaw': 3.141}, None, None
190.03, [INFO], robot1, {'y': 18.306, 'x': -35.719, 'yaw': 3.142}, None, None
190.03, [INFO], robot1, {'battery-level': '11.14'}, None, None

[WARN], logger, TIMEOUT, None, None
