0.00, [DEBUG], nurse, NURSE_CONFIG={'location': 'IC Room 6', 'position': [-33.9, 18.93, 3.14]}, None, None
0.00, [INFO], robot4, {'battery-level': '17.50'}, None, None
0.19, [DEBUG], logger, ROBOTS_CONFIG={'avg_speed': 0.15, 'battery_charge': 0.17496190705907763, 'battery_discharge_rate': 0.00026000000000000003, 'id': 4, 'local_plan': [['navigation', ['IC Room 6', [[-39.44, 33.95, 0.0], [-37.0, 33.95], [-37.0, 18.93], [-33.9, 18.93, 3.14]]], 'navto_room'], ['approach_person', ['nurse'], 'approach_nurse'], ['authenticate_person', ['nurse'], 'authenticate_nurse'], ['operate_drawer', ['open'], 'open_drawer_for_nurse'], ['send_message', ['nurse'], 'notify_nurse_of_open_drawer_for_nurse_completed'], ['wait_message', ['nurse'], 'wait_nurse_to_complete_deposit'], ['operate_drawer', ['close'], 'close_drawer_nurse'], ['navigation', ['Laboratory', [[-33.9, 18.93, 3.14], [-37.0, 18.93], [-37.0, 16.0], [-26.0, 16.0], [-26.0, 13.0, 1.57]]], 'navto_lab'], ['approach_robot', ['lab_arm'], 'approach_arm'], ['operate_drawer', ['open'], 'open_drawer_lab'], ['send_message', ['lab_arm'], 'notify_lab_arm_of_open_drawer_lab_completed'], ['wait_message', ['lab_arm'], 'wait_lab_arm_to_complete_pick_up_sample'], ['operate_drawer', ['close'], 'close_drawer_lab']], 'location': 'IC Room 4', 'name': 'r4', 'position': [-39.44, 33.95, 0.0], 'skills': ['approach_person', 'approach_robot', 'authenticate_person', 'navigation', 'operate_drawer']}, None, None
0.19, [DEBUG], logger, Simulation open, None, None
10.01, [INFO], robot4, {'y': 34.259, 'x': -38.707, 'yaw': 3.142}, None, None
10.01, [INFO], robot4, {'battery-level': '17.26'}, None, None
20.03, [INFO], robot4, {'battery-level': '17.00'}, None, None
20.03, [INFO], robot4, {'y': 33.836, 'x': -37.054, 'yaw': -3.142}, None, None
30.06, [INFO], robot4, {'battery-level': '16.74'}, None, None
30.06, [INFO], robot4, {'y': 31.72, 'x': -37.094, 'yaw': 3.141}, None, None
40.08, [INFO], robot4, {'y': 29.602, 'x': -37.038, 'yaw': 3.141}, None, None
40.08, [INFO], robot4, {'battery-level': '16.48'}, None, None
50.09, [INFO], robot4, {'battery-level': '16.22'}, None, None
50.09, [INFO], robot4, {'y': 27.501, 'x': -36.997, 'yaw': 3.139}, None, None
60.02, [INFO], robot4, {'y': 25.409, 'x': -37.032, 'yaw': 3.142}, None, None
60.02, [INFO], robot4, {'battery-level': '15.96'}, None, None
70.04, [INFO], robot4, {'y': 23.302, 'x': -37.021, 'yaw': 3.141}, None, None
70.04, [INFO], robot4, {'battery-level': '15.70'}, None, None
80.06, [INFO], robot4, {'battery-level': '15.44'}, None, None
80.06, [INFO], robot4, {'y': 21.194, 'x': -37.145, 'yaw': 3.142}, None, None
90.04, [INFO], robot4, {'battery-level': '15.18'}, None, None
90.04, [INFO], robot4, {'y': 19.079, 'x': -37.049, 'yaw': 3.141}, None, None
100.06, [INFO], robot4, {'y': 17.712, 'x': -35.405, 'yaw': -3.141}, None, None
100.06, [INFO], robot4, {'battery-level': '14.92'}, None, None
110.08, [INFO], robot4, {'y': 18.854, 'x': -33.982, 'yaw': 3.142}, None, None
110.08, [INFO], robot4, {'battery-level': '14.66'}, None, None
116.52, [info], nurse, sync, received-request, (status=sending-request)
116.52, [info], nurse, sync, request-sent, (status=waiting)
116.52, [info], nurse, sync, wait-message, (status=message-received)
120.07, [INFO], robot4, {'y': 18.683, 'x': -34.313, 'yaw': -3.142}, None, None
120.07, [INFO], robot4, {'battery-level': '14.40'}, None, None
130.03, [INFO], robot4, {'y': 17.866, 'x': -35.966, 'yaw': 3.138}, None, None
130.03, [INFO], robot4, {'battery-level': '14.14'}, None, None
140.03, [INFO], robot4, {'battery-level': '13.88'}, None, None
140.03, [INFO], robot4, {'y': 17.633, 'x': -37.056, 'yaw': 3.142}, None, None
150.02, [INFO], robot4, {'battery-level': '13.62'}, None, None
150.02, [INFO], robot4, {'y': 17.333, 'x': -37.093, 'yaw': 3.14}, None, None
160.00, [INFO], robot4, {'y': 17.326, 'x': -36.987, 'yaw': 3.142}, None, None
160.00, [INFO], robot4, {'battery-level': '13.36'}, None, None
170.08, [INFO], robot4, {'battery-level': '13.10'}, None, None
170.08, [INFO], robot4, {'y': 17.282, 'x': -36.858, 'yaw': -3.142}, None, None
180.00, [INFO], robot4, {'y': 17.582, 'x': -37.069, 'yaw': -3.141}, None, None
180.00, [INFO], robot4, {'battery-level': '12.84'}, None, None
190.01, [INFO], robot4, {'y': 17.347, 'x': -37.016, 'yaw': -3.142}, None, None
190.01, [INFO], robot4, {'battery-level': '12.58'}, None, None
200.09, [INFO], robot4, {'battery-level': '12.32'}, None, None
200.09, [INFO], robot4, {'y': 17.353, 'x': -37.106, 'yaw': -3.141}, None, None
210.01, [INFO], robot4, {'battery-level': '12.06'}, None, None
210.01, [INFO], robot4, {'y': 17.475, 'x': -36.93, 'yaw': -3.142}, None, None
220.08, [INFO], robot4, {'battery-level': '11.80'}, None, None
220.08, [INFO], robot4, {'y': 17.303, 'x': -36.958, 'yaw': -3.142}, None, None
230.05, [INFO], robot4, {'battery-level': '11.54'}, None, None
230.05, [INFO], robot4, {'y': 17.32, 'x': -37.039, 'yaw': 3.141}, None, None
240.02, [INFO], robot4, {'y': 17.445, 'x': -37.04, 'yaw': 3.141}, None, None
240.02, [INFO], robot4, {'battery-level': '11.28'}, None, None
250.07, [INFO], robot4, {'y': 17.338, 'x': -36.953, 'yaw': -3.142}, None, None
250.07, [INFO], robot4, {'battery-level': '11.02'}, None, None
260.01, [INFO], robot4, {'battery-level': '10.76'}, None, None
260.01, [INFO], robot4, {'y': 17.327, 'x': -36.924, 'yaw': 3.142}, None, None
270.02, [INFO], robot4, {'y': 17.247, 'x': -37.081, 'yaw': 3.141}, None, None
270.02, [INFO], robot4, {'battery-level': '10.50'}, None, None
280.01, [INFO], robot4, {'y': 17.301, 'x': -36.936, 'yaw': 3.142}, None, None
280.01, [INFO], robot4, {'battery-level': '10.24'}, None, None
290.02, [INFO], robot4, {'y': 17.391, 'x': -37.002, 'yaw': 3.142}, None, None
290.02, [INFO], robot4, {'battery-level': '9.98'}, None, None
300.02, [INFO], robot4, {'battery-level': '9.72'}, None, None
300.02, [INFO], robot4, {'y': 17.481, 'x': -37.039, 'yaw': 3.142}, None, None
310.04, [INFO], robot4, {'battery-level': '9.46'}, None, None
310.04, [INFO], robot4, {'y': 17.183, 'x': -36.86, 'yaw': -3.141}, None, None
313.36, [WARN], robot4, SKILL-FAILURE, navigation, navto_lab
