0.00, [DEBUG], nurse, NURSE_CONFIG={'location': 'IC Room 6', 'position': [-33.9, 18.93, 3.14]}, None, None
0.00, [INFO], robot4, {'battery-level': '17.50'}, None, None
0.12, [DEBUG], logger, ROBOTS_CONFIG={'avg_speed': 0.15, 'battery_charge': 0.17496190705907763, 'battery_discharge_rate': 0.0006000000000000001, 'id': 4, 'local_plan': [['navigation', ['IC Room 6', [[-39.44, 33.95, 0.0], [-37.0, 33.95], [-37.0, 18.93], [-33.9, 18.93, 3.14]]], 'navto_room'], ['approach_person', ['nurse'], 'approach_nurse'], ['authenticate_person', ['nurse'], 'authenticate_nurse'], ['operate_drawer', ['open'], 'open_drawer_for_nurse'], ['send_message', ['nurse'], 'notify_nurse_of_open_drawer_for_nurse_completed'], ['wait_message', ['nurse'], 'wait_nurse_to_complete_deposit'], ['operate_drawer', ['close'], 'close_drawer_nurse'], ['navigation', ['Laboratory', [[-33.9, 18.93, 3.14], [-37.0, 18.93], [-37.0, 16.0], [-26.0, 16.0], [-26.0, 13.0, 1.57]]], 'navto_lab'], ['approach_robot', ['lab_arm'], 'approach_arm'], ['operate_drawer', ['open'], 'open_drawer_lab'], ['send_message', ['lab_arm'], 'notify_lab_arm_of_open_drawer_lab_completed'], ['wait_message', ['lab_arm'], 'wait_lab_arm_to_complete_pick_up_sample'], ['operate_drawer', ['close'], 'close_drawer_lab']], 'location': 'IC Room 4', 'name': 'r4', 'position': [-39.44, 33.95, 0.0], 'skills': ['approach_person', 'approach_robot', 'authenticate_person', 'navigation', 'operate_drawer']}, None, None
0.12, [DEBUG], logger, Simulation open, None, None
10.08, [INFO], robot4, {'y': 34.255, 'x': -38.699, 'yaw': 3.142}, None, None
10.08, [INFO], robot4, {'battery-level': '16.96'}, None, None
20.07, [INFO], robot4, {'y': 33.847, 'x': -37.052, 'yaw': -3.142}, None, None
20.07, [INFO], robot4, {'battery-level': '16.36'}, None, None
30.00, [INFO], robot4, {'y': 31.757, 'x': -36.99, 'yaw': 3.141}, None, None
30.00, [INFO], robot4, {'battery-level': '15.76'}, None, None
40.00, [INFO], robot4, {'battery-level': '15.16'}, None, None
40.00, [INFO], robot4, {'y': 29.636, 'x': -36.99, 'yaw': 3.14}, None, None
50.04, [INFO], robot4, {'y': 27.505, 'x': -37.01, 'yaw': 3.136}, None, None
50.04, [INFO], robot4, {'battery-level': '14.56'}, None, None
60.03, [INFO], robot4, {'y': 25.387, 'x': -37.018, 'yaw': -3.142}, None, None
60.03, [INFO], robot4, {'battery-level': '13.96'}, None, None
70.07, [INFO], robot4, {'battery-level': '13.36'}, None, None
70.07, [INFO], robot4, {'y': 23.277, 'x': -37.064, 'yaw': 3.141}, None, None
80.01, [INFO], robot4, {'battery-level': '12.76'}, None, None
80.01, [INFO], robot4, {'y': 21.177, 'x': -37.18, 'yaw': -3.142}, None, None
90.00, [INFO], robot4, {'battery-level': '12.16'}, None, None
90.00, [INFO], robot4, {'y': 19.066, 'x': -37.031, 'yaw': 3.141}, None, None
100.01, [INFO], robot4, {'y': 17.711, 'x': -35.405, 'yaw': -3.141}, None, None
100.01, [INFO], robot4, {'battery-level': '11.56'}, None, None
110.02, [INFO], robot4, {'battery-level': '10.96'}, None, None
110.02, [INFO], robot4, {'y': 18.846, 'x': -34.003, 'yaw': 3.142}, None, None
116.62, [info], nurse, sync, received-request, (status=sending-request)
116.62, [info], nurse, sync, request-sent, (status=waiting)
116.69, [info], nurse, sync, wait-message, (status=message-received)
120.06, [INFO], robot4, {'y': 18.69, 'x': -34.309, 'yaw': 3.142}, None, None
120.06, [INFO], robot4, {'battery-level': '10.36'}, None, None
130.06, [INFO], robot4, {'battery-level': '9.76'}, None, None
130.06, [INFO], robot4, {'y': 17.84, 'x': -35.952, 'yaw': 3.138}, None, None
140.05, [INFO], robot4, {'y': 18.011, 'x': -36.195, 'yaw': -3.137}, None, None
140.05, [INFO], robot4, {'battery-level': '9.16'}, None, None
150.01, [INFO], robot4, {'y': 17.378, 'x': -37.038, 'yaw': 3.141}, None, None
150.01, [INFO], robot4, {'battery-level': '8.56'}, None, None
160.03, [INFO], robot4, {'y': 17.3, 'x': -36.788, 'yaw': -3.142}, None, None
160.03, [INFO], robot4, {'battery-level': '7.96'}, None, None
170.07, [INFO], robot4, {'battery-level': '7.36'}, None, None
170.07, [INFO], robot4, {'y': 17.368, 'x': -36.871, 'yaw': 3.141}, None, None
180.00, [INFO], robot4, {'battery-level': '6.76'}, None, None
180.00, [INFO], robot4, {'y': 17.315, 'x': -36.726, 'yaw': -3.141}, None, None
190.06, [INFO], robot4, {'battery-level': '6.16'}, None, None
190.06, [INFO], robot4, {'y': 17.263, 'x': -37.065, 'yaw': 3.141}, None, None
200.09, [INFO], robot4, {'battery-level': '5.56'}, None, None
200.09, [INFO], robot4, {'y': 17.357, 'x': -36.893, 'yaw': 3.141}, None, None
210.02, [INFO], robot4, {'y': 17.395, 'x': -37.047, 'yaw': 3.141}, None, None
210.02, [WARN], robot4, LOWBATT, None, None
210.02, [WARN], None, end!, None, None
