0.00, [DEBUG], nurse, NURSE_CONFIG={'location': 'IC Room 6', 'position': [-33.9, 18.93, 3.14]}, None, None
0.17, [DEBUG], logger, ROBOTS_CONFIG={'avg_speed': 0.15, 'battery_charge': 0.634952869577942, 'battery_discharge_rate': 0.00054, 'id': 2, 'local_plan': [['navigation', ['IC Room 6', [[-19.0, 18.0, -1.57], [-19.0, 16.0], [-37.0, 16.0], [-37.0, 18.93], [-33.9, 18.93, 3.14]]], 'navto_room'], ['approach_person', ['nurse'], 'approach_nurse'], ['authenticate_person', ['nurse'], 'authenticate_nurse'], ['operate_drawer', ['open'], 'open_drawer_for_nurse'], ['send_message', ['nurse'], 'notify_nurse_of_open_drawer_for_nurse_completed'], ['wait_message', ['nurse'], 'wait_nurse_to_complete_deposit'], ['operate_drawer', ['close'], 'close_drawer_nurse'], ['navigation', ['Laboratory', [[-33.9, 18.93, 3.14], [-37.0, 18.93], [-37.0, 16.0], [-26.0, 16.0], [-26.0, 13.0, 1.57]]], 'navto_lab'], ['approach_robot', ['lab_arm'], 'approach_arm'], ['operate_drawer', ['open'], 'open_drawer_lab'], ['send_message', ['lab_arm'], 'notify_lab_arm_of_open_drawer_lab_completed'], ['wait_message', ['lab_arm'], 'wait_lab_arm_to_complete_pick_up_sample'], ['operate_drawer', ['close'], 'close_drawer_lab']], 'location': 'PC Room 6', 'name': 'r2', 'position': [-19.0, 18.0, -1.57], 'skills': ['approach_person', 'approach_robot', 'authenticate_person', 'navigation', 'operate_drawer']}, None, None
0.17, [DEBUG], logger, Simulation open, None, None
10.01, [INFO], robot2, {'battery-level': '63.01'}, None, None
10.01, [INFO], robot2, {'y': 17.11, 'x': -19.335, 'yaw': 3.141}, None, None
20.00, [INFO], robot2, {'battery-level': '62.47'}, None, None
20.00, [INFO], robot2, {'y': 16.255, 'x': -20.729, 'yaw': 3.141}, None, None
30.06, [INFO], robot2, {'y': 16.199, 'x': -22.866, 'yaw': 3.141}, None, None
30.06, [INFO], robot2, {'battery-level': '61.93'}, None, None
40.05, [INFO], robot2, {'battery-level': '61.39'}, None, None
40.05, [INFO], robot2, {'y': 16.16, 'x': -24.988, 'yaw': 3.14}, None, None
50.06, [INFO], robot2, {'battery-level': '60.85'}, None, None
50.06, [INFO], robot2, {'y': 16.111, 'x': -27.127, 'yaw': 3.141}, None, None
60.00, [INFO], robot2, {'battery-level': '60.31'}, None, None
60.00, [INFO], robot2, {'y': 16.214, 'x': -29.237, 'yaw': -3.142}, None, None
70.04, [INFO], robot2, {'y': 16.085, 'x': -31.368, 'yaw': 3.141}, None, None
70.04, [INFO], robot2, {'battery-level': '59.77'}, None, None
80.07, [INFO], robot2, {'battery-level': '59.23'}, None, None
80.07, [INFO], robot2, {'y': 15.665, 'x': -33.475, 'yaw': 3.142}, None, None
90.01, [INFO], robot2, {'battery-level': '58.69'}, None, None
90.01, [INFO], robot2, {'y': 15.486, 'x': -35.571, 'yaw': -3.142}, None, None
100.04, [INFO], robot2, {'y': 16.638, 'x': -36.883, 'yaw': -3.142}, None, None
100.04, [INFO], robot2, {'battery-level': '58.15'}, None, None
110.05, [INFO], robot2, {'battery-level': '57.61'}, None, None
110.05, [INFO], robot2, {'y': 17.602, 'x': -36.833, 'yaw': -3.142}, None, None
120.08, [INFO], robot2, {'y': 17.66, 'x': -36.805, 'yaw': -3.142}, None, None
120.08, [INFO], robot2, {'battery-level': '57.07'}, None, None
130.04, [INFO], robot2, {'y': 18.041, 'x': -36.352, 'yaw': -3.142}, None, None
130.04, [INFO], robot2, {'battery-level': '56.53'}, None, None
140.00, [INFO], robot2, {'y': 18.12, 'x': -35.851, 'yaw': -3.142}, None, None
140.00, [INFO], robot2, {'battery-level': '55.99'}, None, None
150.05, [INFO], robot2, {'y': 18.174, 'x': -35.85, 'yaw': -3.141}, None, None
150.05, [INFO], robot2, {'battery-level': '55.45'}, None, None
160.00, [INFO], robot2, {'battery-level': '54.91'}, None, None
160.00, [INFO], robot2, {'y': 18.202, 'x': -35.847, 'yaw': 3.141}, None, None
170.06, [INFO], robot2, {'y': 18.222, 'x': -35.847, 'yaw': -3.142}, None, None
170.06, [INFO], robot2, {'battery-level': '54.37'}, None, None
180.00, [INFO], robot2, {'y': 18.222, 'x': -35.847, 'yaw': -3.142}, None, None
180.00, [INFO], robot2, {'battery-level': '53.83'}, None, None
190.05, [INFO], robot2, {'y': 18.241, 'x': -36.008, 'yaw': 3.142}, None, None
190.05, [INFO], robot2, {'battery-level': '53.29'}, None, None
200.04, [INFO], robot2, {'battery-level': '52.75'}, None, None
200.04, [INFO], robot2, {'y': 18.309, 'x': -35.742, 'yaw': 3.141}, None, None
210.03, [INFO], robot2, {'battery-level': '52.21'}, None, None
210.03, [INFO], robot2, {'y': 18.306, 'x': -35.746, 'yaw': 3.141}, None, None
220.02, [INFO], robot2, {'y': 18.308, 'x': -35.745, 'yaw': 3.142}, None, None
220.02, [INFO], robot2, {'battery-level': '51.67'}, None, None
230.07, [INFO], robot2, {'y': 18.308, 'x': -35.745, 'yaw': -3.142}, None, None
230.07, [INFO], robot2, {'battery-level': '51.13'}, None, None
240.06, [INFO], robot2, {'y': 18.329, 'x': -35.754, 'yaw': 3.141}, None, None
240.06, [INFO], robot2, {'battery-level': '50.59'}, None, None
246.43, [WARN], robot2, SKILL-FAILURE, navigation, navto_room
