0.00, [DEBUG], nurse, NURSE_CONFIG={'location': 'IC Room 2', 'position': [-38.0, 21.5, 0.0]}, None, None
0.00, [INFO], robot1, {'battery-level': '24.00'}, None, None
0.13, [DEBUG], logger, ROBOTS_CONFIG={'avg_speed': 0.15, 'battery_charge': 0.23995139509475963, 'battery_discharge_rate': 0.00068, 'id': 1, 'local_plan': [['navigation', ['IC Room 2', [[-27.23, 18.0, -1.57], [-27.23, 16.0], [-37.0, 16.0], [-37.0, 21.5], [-38.0, 21.5, 0.0]]], 'navto_room'], ['approach_person', ['nurse'], 'approach_nurse'], ['authenticate_person', ['nurse'], 'authenticate_nurse'], ['operate_drawer', ['open'], 'open_drawer_for_nurse'], ['send_message', ['nurse'], 'notify_nurse_of_open_drawer_for_nurse_completed'], ['wait_message', ['nurse'], 'wait_nurse_to_complete_deposit'], ['operate_drawer', ['close'], 'close_drawer_nurse'], ['navigation', ['Laboratory', [[-38.0, 21.5, 0.0], [-37.0, 21.5], [-37.0, 16.0], [-26.0, 16.0], [-26.0, 13.0, 1.57]]], 'navto_lab'], ['approach_robot', ['lab_arm'], 'approach_arm'], ['operate_drawer', ['open'], 'open_drawer_lab'], ['send_message', ['lab_arm'], 'notify_lab_arm_of_open_drawer_lab_completed'], ['wait_message', ['lab_arm'], 'wait_lab_arm_to_complete_pick_up_sample'], ['operate_drawer', ['close'], 'close_drawer_lab']], 'location': 'PC Room 4', 'name': 'r1', 'position': [-27.23, 18.0, -1.57], 'skills': ['approach_person', 'approach_robot', 'navigation', 'operate_drawer']}, None, None
0.13, [DEBUG], logger, Simulation open, None, None
10.07, [INFO], robot1, {'y': 17.399, 'x': -27.132, 'yaw': -3.142}, None, None
10.07, [INFO], robot1, {'battery-level': '23.38'}, None, None
20.08, [INFO], robot1, {'y': 16.131, 'x': -28.056, 'yaw': 3.141}, None, None
20.08, [INFO], robot1, {'battery-level': '22.70'}, None, None
30.02, [INFO], robot1, {'battery-level': '22.02'}, None, None
30.02, [INFO], robot1, {'y': 16.069, 'x': -30.16, 'yaw': -3.142}, None, None
40.06, [INFO], robot1, {'battery-level': '21.34'}, None, None
40.06, [INFO], robot1, {'y': 15.84, 'x': -32.275, 'yaw': 3.14}, None, None
50.07, [INFO], robot1, {'battery-level': '20.66'}, None, None
50.07, [INFO], robot1, {'y': 15.398, 'x': -34.373, 'yaw': 3.142}, None, None
60.02, [INFO], robot1, {'y': 15.708, 'x': -36.459, 'yaw': 3.142}, None, None
60.02, [INFO], robot1, {'battery-level': '19.98'}, None, None
70.04, [INFO], robot1, {'y': 17.67, 'x': -36.674, 'yaw': -3.142}, None, None
70.04, [INFO], robot1, {'battery-level': '19.30'}, None, None
80.06, [INFO], robot1, {'battery-level': '18.62'}, None, None
80.06, [INFO], robot1, {'y': 19.785, 'x': -36.813, 'yaw': 3.141}, None, None
90.06, [INFO], robot1, {'battery-level': '17.94'}, None, None
90.06, [INFO], robot1, {'y': 21.475, 'x': -37.76, 'yaw': 3.141}, None, None
100.02, [INFO], robot1, {'battery-level': '17.26'}, None, None
100.02, [INFO], robot1, {'y': 21.404, 'x': -38.062, 'yaw': 3.141}, None, None
102.05, [WARN], robot1, NO-SKILL, authenticate_person, authenticate_nurse
