0.19, [DEBUG], logger, ROBOTS_CONFIG={'avg_speed': 0.15, 'battery_charge': 0.634952869577942, 'battery_discharge_rate': 0.0006000000000000001, 'id': 2, 'local_plan': [['navigation', ['PC Room 3', [[-21.0, 18.0, -1.57], [-21.0, 16.0], [-28.5, 16.0], [-28.5, 18.0, -1.57]]], 'navto_room'], ['approach_person', ['nurse'], 'approach_nurse'], ['authenticate_person', ['nurse'], 'authenticate_nurse'], ['operate_drawer', ['open'], 'open_drawer_for_nurse'], ['send_message', ['nurse'], 'notify_nurse_of_open_drawer_for_nurse_completed'], ['wait_message', ['nurse'], 'wait_nurse_to_complete_deposit'], ['operate_drawer', ['close'], 'close_drawer_nurse'], ['navigation', ['Laboratory', [[-28.5, 18.0, -1.57], [-28.5, 16.0], [-26.0, 16.0], [-26.0, 13.0, 1.57]]], 'navto_lab'], ['approach_robot', ['lab_arm'], 'approach_arm'], ['operate_drawer', ['open'], 'open_drawer_lab'], ['send_message', ['lab_arm'], 'notify_lab_arm_of_open_drawer_lab_completed'], ['wait_message', ['lab_arm'], 'wait_lab_arm_to_complete_pick_up_sample'], ['operate_drawer', ['close'], 'close_drawer_lab']], 'location': 'PC Room 5', 'name': 'r2', 'position': [-21.0, 18.0, -1.57], 'skills': ['approach_person', 'approach_robot', 'authenticate_person', 'navigation', 'operate_drawer']}, None, None
0.19, [DEBUG], logger, Simulation open, None, None
9.98, [INFO], robot2, {'y': 18.0, 'x': -21.0, 'yaw': -3.142}, None, None
9.98, [INFO], robot2, {'battery-level': '62.96'}, None, None
19.98, [INFO], robot2, {'battery-level': '62.36'}, None, None
20.00, [INFO], robot2, {'y': 16.488, 'x': -20.903, 'yaw': -3.141}, None, None
30.02, [INFO], robot2, {'battery-level': '61.76'}, None, None
30.02, [INFO], robot2, {'y': 16.117, 'x': -22.899, 'yaw': 3.141}, None, None
40.01, [INFO], robot2, {'battery-level': '61.16'}, None, None
40.01, [INFO], robot2, {'y': 16.089, 'x': -25.014, 'yaw': 3.141}, None, None
49.97, [INFO], robot2, {'battery-level': '60.56'}, None, None
49.97, [INFO], robot2, {'y': 16.071, 'x': -27.123, 'yaw': 3.14}, None, None
60.00, [INFO], robot2, {'y': 17.111, 'x': -28.605, 'yaw': 3.141}, None, None
60.00, [INFO], robot2, {'battery-level': '59.96'}, None, None
70.02, [INFO], robot2, {'battery-level': '59.36'}, None, None
70.02, [INFO], robot2, {'y': 17.936, 'x': -28.595, 'yaw': -3.142}, None, None
80.00, [INFO], robot2, {'battery-level': '58.76'}, None, None
80.00, [INFO], robot2, {'y': 17.987, 'x': -28.613, 'yaw': -3.141}, None, None
90.00, [INFO], robot2, {'battery-level': '58.16'}, None, None
90.01, [INFO], robot2, {'y': 18.051, 'x': -28.583, 'yaw': -3.142}, None, None
92.99, [info], nurse, sync, received-request, (status=sending-request)
92.99, [info], nurse, sync, request-sent, (status=waiting)
93.01, [info], nurse, sync, wait-message, (status=message-received)
99.99, [INFO], robot2, {'y': 16.651, 'x': -28.706, 'yaw': 3.142}, None, None
99.99, [INFO], robot2, {'battery-level': '57.56'}, None, None
110.02, [INFO], robot2, {'y': 16.153, 'x': -26.86, 'yaw': 3.138}, None, None
110.02, [INFO], robot2, {'battery-level': '56.96'}, None, None
120.00, [INFO], robot2, {'battery-level': '56.36'}, None, None
120.00, [INFO], robot2, {'y': 15.219, 'x': -25.821, 'yaw': 3.136}, None, None
129.99, [INFO], robot2, {'y': 13.122, 'x': -25.822, 'yaw': -3.141}, None, None
129.99, [INFO], robot2, {'battery-level': '55.76'}, None, None
139.99, [INFO], robot2, {'y': 12.849, 'x': -25.945, 'yaw': 3.141}, None, None
140.01, [INFO], robot2, {'battery-level': '55.16'}, None, None
141.28, [info], lab_arm, sync, wait-message, (status=message-received)
141.47, [WARN], robot2, SUCCESS, None, None
