0.00, [INFO], robot4, {'battery-level': '17.50'}, None, None
0.00, [DEBUG], logger, ROBOTS_CONFIG={'avg_speed': 0.15, 'battery_charge': 0.17496190705907763, 'battery_discharge_rate': 0.00026000000000000003, 'id': 4, 'local_plan': [['navigation', ['IC Room 6', [[-39.44, 33.95, 0.0], [-37.0, 33.95], [-37.0, 18.93], [-33.9, 18.93, 3.14]]], 'navto_room'], ['approach_person', ['nurse'], 'approach_nurse'], ['authenticate_person', ['nurse'], 'authenticate_nurse'], ['operate_drawer', ['open'], 'open_drawer_for_nurse'], ['send_message', ['nurse'], 'notify_nurse_of_open_drawer_for_nurse_completed'], ['wait_message', ['nurse'], 'wait_nurse_to_complete_deposit'], ['operate_drawer', ['close'], 'close_drawer_nurse'], ['navigation', ['Laboratory', [[-33.9, 18.93, 3.14], [-37.0, 18.93], [-37.0, 16.0], [-26.0, 16.0], [-26.0, 13.0, 1.57]]], 'navto_lab'], ['approach_robot', ['lab_arm'], 'approach_arm'], ['operate_drawer', ['open'], 'open_drawer_lab'], ['send_message', ['lab_arm'], 'notify_lab_arm_of_open_drawer_lab_completed'], ['wait_message', ['lab_arm'], 'wait_lab_arm_to_complete_pick_up_sample'], ['operate_drawer', ['close'], 'close_drawer_lab']], 'location': 'IC Room 4', 'name': 'r4', 'position': [-39.44, 33.95, 0.0], 'skills': ['approach_person', 'approach_robot', 'authenticate_person', 'navigation', 'operate_drawer']}, None, None
0.00, [DEBUG], logger, Simulation open, None, None
10.08, [INFO], robot4, {'battery-level': '17.26'}, None, None
10.08, [INFO], robot4, {'y': 34.245, 'x': -38.768, 'yaw': 3.141}, None, None
20.02, [INFO], robot4, {'battery-level': '17.00'}, None, None
20.02, [INFO], robot4, {'y': 33.921, 'x': -37.077, 'yaw': 3.142}, None, None
30.06, [INFO], robot4, {'y': 31.805, 'x': -37.033, 'yaw': 3.141}, None, None
30.06, [INFO], robot4, {'battery-level': '16.74'}, None, None
40.09, [INFO], robot4, {'y': 29.678, 'x': -37.003, 'yaw': 3.14}, None, None
40.09, [INFO], robot4, {'battery-level': '16.48'}, None, None
50.02, [INFO], robot4, {'y': 27.583, 'x': -36.999, 'yaw': 3.138}, None, None
50.02, [INFO], robot4, {'battery-level': '16.22'}, None, None
60.06, [INFO], robot4, {'battery-level': '15.96'}, None, None
60.06, [INFO], robot4, {'y': 25.471, 'x': -37.046, 'yaw': 3.142}, None, None
70.03, [INFO], robot4, {'battery-level': '15.70'}, None, None
70.03, [INFO], robot4, {'y': 23.372, 'x': -37.067, 'yaw': 3.141}, None, None
80.05, [INFO], robot4, {'battery-level': '15.44'}, None, None
80.05, [INFO], robot4, {'y': 21.262, 'x': -37.189, 'yaw': -3.142}, None, None
90.02, [INFO], robot4, {'battery-level': '15.18'}, None, None
90.02, [INFO], robot4, {'y': 19.162, 'x': -37.04, 'yaw': 3.141}, None, None
100.07, [INFO], robot4, {'y': 17.693, 'x': -35.497, 'yaw': 3.138}, None, None
100.07, [INFO], robot4, {'battery-level': '14.92'}, None, None
110.03, [INFO], robot4, {'y': 18.808, 'x': -34.002, 'yaw': 3.142}, None, None
110.03, [INFO], robot4, {'battery-level': '14.66'}, None, None
118.40, [info], nurse, sync, received-request, (status=sending-request)
118.40, [info], nurse, sync, request-sent, (status=waiting)
118.40, [info], nurse, sync, wait-message, (status=message-received)
120.06, [INFO], robot4, {'battery-level': '14.40'}, None, None
120.06, [INFO], robot4, {'y': 18.959, 'x': -33.983, 'yaw': -3.14}, None, None
130.07, [INFO], robot4, {'battery-level': '14.14'}, None, None
130.07, [INFO], robot4, {'y': 17.769, 'x': -35.561, 'yaw': 3.141}, None, None
140.07, [INFO], robot4, {'y': 17.681, 'x': -36.98, 'yaw': 3.142}, None, None
140.07, [INFO], robot4, {'battery-level': '13.88'}, None, None
150.03, [INFO], robot4, {'y': 17.332, 'x': -36.999, 'yaw': -3.141}, None, None
150.03, [INFO], robot4, {'battery-level': '13.62'}, None, None
160.04, [INFO], robot4, {'battery-level': '13.36'}, None, None
160.04, [INFO], robot4, {'y': 17.323, 'x': -36.85, 'yaw': -3.141}, None, None
170.04, [INFO], robot4, {'battery-level': '13.10'}, None, None
170.04, [INFO], robot4, {'y': 17.422, 'x': -37.078, 'yaw': 3.141}, None, None
180.05, [INFO], robot4, {'y': 17.148, 'x': -37.017, 'yaw': 3.141}, None, None
180.05, [INFO], robot4, {'battery-level': '12.84'}, None, None
190.08, [INFO], robot4, {'battery-level': '12.58'}, None, None
190.08, [INFO], robot4, {'y': 17.254, 'x': -37.095, 'yaw': 3.141}, None, None
200.01, [INFO], robot4, {'battery-level': '12.32'}, None, None
200.01, [INFO], robot4, {'y': 17.427, 'x': -37.059, 'yaw': -3.141}, None, None
210.01, [INFO], robot4, {'battery-level': '12.06'}, None, None
210.01, [INFO], robot4, {'y': 17.352, 'x': -36.824, 'yaw': 3.141}, None, None
220.03, [INFO], robot4, {'battery-level': '11.80'}, None, None
220.03, [INFO], robot4, {'y': 17.328, 'x': -36.891, 'yaw': -3.142}, None, None
230.04, [INFO], robot4, {'battery-level': '11.54'}, None, None
230.04, [INFO], robot4, {'y': 17.386, 'x': -36.874, 'yaw': -3.141}, None, None
240.02, [INFO], robot4, {'battery-level': '11.28'}, None, None
240.02, [INFO], robot4, {'y': 17.478, 'x': -36.882, 'yaw': -3.142}, None, None
250.03, [INFO], robot4, {'battery-level': '11.02'}, None, None
250.03, [INFO], robot4, {'y': 17.331, 'x': -36.88, 'yaw': -3.141}, None, None
260.03, [INFO], robot4, {'battery-level': '10.76'}, None, None
260.03, [INFO], robot4, {'y': 17.432, 'x': -36.876, 'yaw': -3.141}, None, None
270.04, [INFO], robot4, {'battery-level': '10.50'}, None, None
270.04, [INFO], robot4, {'y': 17.211, 'x': -37.113, 'yaw': -3.142}, None, None
280.05, [INFO], robot4, {'y': 17.465, 'x': -36.899, 'yaw': 3.141}, None, None
280.05, [INFO], robot4, {'battery-level': '10.24'}, None, None
290.00, [INFO], robot4, {'battery-level': '9.98'}, None, None
290.00, [INFO], robot4, {'y': 17.273, 'x': -37.099, 'yaw': 3.142}, None, None
300.00, [INFO], robot4, {'battery-level': '9.72'}, None, None
300.00, [INFO], robot4, {'y': 17.326, 'x': -37.031, 'yaw': 3.141}, None, None
305.21, [WARN], robot4, SKILL-FAILURE, navigation, navto_lab
