0.00, [DEBUG], nurse, NURSE_CONFIG={'location': 'IC Room 6', 'position': [-33.9, 18.93, 3.14]}, None, None
0.13, [DEBUG], logger, ROBOTS_CONFIG={'avg_speed': 0.15, 'battery_charge': 0.17496190705907763, 'battery_discharge_rate': 0.00026000000000000003, 'id': 4, 'local_plan': [['navigation', ['IC Room 6', [[-39.44, 33.95, 0.0], [-37.0, 33.95], [-37.0, 18.93], [-33.9, 18.93, 3.14]]], 'navto_room'], ['approach_person', ['nurse'], 'approach_nurse'], ['authenticate_person', ['nurse'], 'authenticate_nurse'], ['operate_drawer', ['open'], 'open_drawer_for_nurse'], ['send_message', ['nurse'], 'notify_nurse_of_open_drawer_for_nurse_completed'], ['wait_message', ['nurse'], 'wait_nurse_to_complete_deposit'], ['operate_drawer', ['close'], 'close_drawer_nurse'], ['navigation', ['Laboratory', [[-33.9, 18.93, 3.14], [-37.0, 18.93], [-37.0, 16.0], [-26.0, 16.0], [-26.0, 13.0, 1.57]]], 'navto_lab'], ['approach_robot', ['lab_arm'], 'approach_arm'], ['operate_drawer', ['open'], 'open_drawer_lab'], ['send_message', ['lab_arm'], 'notify_lab_arm_of_open_drawer_lab_completed'], ['wait_message', ['lab_arm'], 'wait_lab_arm_to_complete_pick_up_sample'], ['operate_drawer', ['close'], 'close_drawer_lab']], 'location': 'IC Room 4', 'name': 'r4', 'position': [-39.44, 33.95, 0.0], 'skills': ['approach_person', 'approach_robot', 'authenticate_person', 'navigation', 'operate_drawer']}, None, None
0.13, [DEBUG], logger, Simulation open, None, None
10.03, [INFO], robot4, {'y': 34.177, 'x': -38.839, 'yaw': 3.14}, None, None
10.03, [INFO], robot4, {'battery-level': '17.26'}, None, None
20.08, [INFO], robot4, {'y': 33.94, 'x': -37.098, 'yaw': -3.141}, None, None
20.08, [INFO], robot4, {'battery-level': '17.00'}, None, None
30.04, [INFO], robot4, {'y': 31.848, 'x': -37.064, 'yaw': 3.141}, None, None
30.04, [INFO], robot4, {'battery-level': '16.74'}, None, None
40.06, [INFO], robot4, {'y': 29.737, 'x': -37.037, 'yaw': 3.141}, None, None
40.06, [INFO], robot4, {'battery-level': '16.48'}, None, None
50.02, [INFO], robot4, {'battery-level': '16.22'}, None, None
50.02, [INFO], robot4, {'y': 27.621, 'x': -37.014, 'yaw': 3.14}, None, None
60.08, [INFO], robot4, {'battery-level': '15.96'}, None, None
60.08, [INFO], robot4, {'y': 25.498, 'x': -37.042, 'yaw': -3.142}, None, None
70.03, [INFO], robot4, {'battery-level': '15.70'}, None, None
70.03, [INFO], robot4, {'y': 23.408, 'x': -36.999, 'yaw': 3.14}, None, None
80.04, [INFO], robot4, {'battery-level': '15.44'}, None, None
80.04, [INFO], robot4, {'y': 21.293, 'x': -37.145, 'yaw': 3.142}, None, None
90.07, [INFO], robot4, {'battery-level': '15.18'}, None, None
90.07, [INFO], robot4, {'y': 19.175, 'x': -37.067, 'yaw': 3.141}, None, None
100.09, [INFO], robot4, {'y': 17.738, 'x': -35.511, 'yaw': 3.138}, None, None
100.09, [INFO], robot4, {'battery-level': '14.92'}, None, None
110.06, [INFO], robot4, {'battery-level': '14.66'}, None, None
110.06, [INFO], robot4, {'y': 18.814, 'x': -34.027, 'yaw': -3.142}, None, None
117.15, [info], nurse, sync, received-request, (status=sending-request)
117.15, [info], nurse, sync, request-sent, (status=waiting)
117.15, [info], nurse, sync, wait-message, (status=message-received)
120.02, [INFO], robot4, {'battery-level': '14.40'}, None, None
120.02, [INFO], robot4, {'y': 18.853, 'x': -34.226, 'yaw': -3.142}, None, None
129.93, [INFO], robot4, {'y': 17.781, 'x': -35.767, 'yaw': 3.138}, None, None
130.03, [INFO], robot4, {'battery-level': '14.14'}, None, None
140.06, [INFO], robot4, {'y': 17.31, 'x': -37.009, 'yaw': 3.14}, None, None
140.06, [INFO], robot4, {'battery-level': '13.88'}, None, None
150.01, [INFO], robot4, {'battery-level': '13.62'}, None, None
150.01, [INFO], robot4, {'y': 17.366, 'x': -36.898, 'yaw': 3.142}, None, None
160.04, [INFO], robot4, {'battery-level': '13.36'}, None, None
160.04, [INFO], robot4, {'y': 17.444, 'x': -36.924, 'yaw': 3.141}, None, None
170.07, [INFO], robot4, {'battery-level': '13.10'}, None, None
170.07, [INFO], robot4, {'y': 17.19, 'x': -37.076, 'yaw': 3.141}, None, None
180.06, [INFO], robot4, {'battery-level': '12.84'}, None, None
180.06, [INFO], robot4, {'y': 17.392, 'x': -36.889, 'yaw': 3.141}, None, None
190.03, [INFO], robot4, {'y': 17.273, 'x': -37.057, 'yaw': 3.141}, None, None
190.03, [INFO], robot4, {'battery-level': '12.58'}, None, None
200.04, [INFO], robot4, {'y': 17.306, 'x': -36.777, 'yaw': -3.142}, None, None
200.04, [INFO], robot4, {'battery-level': '12.32'}, None, None
210.08, [INFO], robot4, {'battery-level': '12.06'}, None, None
210.08, [INFO], robot4, {'y': 17.446, 'x': -36.873, 'yaw': 3.142}, None, None
220.03, [INFO], robot4, {'battery-level': '11.80'}, None, None
220.03, [INFO], robot4, {'y': 17.415, 'x': -37.038, 'yaw': 3.142}, None, None
230.07, [INFO], robot4, {'battery-level': '11.54'}, None, None
230.07, [INFO], robot4, {'y': 17.234, 'x': -36.815, 'yaw': -3.141}, None, None
240.08, [INFO], robot4, {'battery-level': '11.28'}, None, None
240.08, [INFO], robot4, {'y': 17.312, 'x': -36.964, 'yaw': -3.142}, None, None
250.00, [INFO], robot4, {'battery-level': '11.02'}, None, None
250.00, [INFO], robot4, {'y': 17.264, 'x': -36.849, 'yaw': -3.142}, None, None
260.09, [INFO], robot4, {'battery-level': '10.76'}, None, None
260.09, [INFO], robot4, {'y': 17.245, 'x': -37.0, 'yaw': 3.14}, None, None
270.08, [INFO], robot4, {'y': 17.228, 'x': -37.1, 'yaw': -3.141}, None, None
270.08, [INFO], robot4, {'battery-level': '10.50'}, None, None
280.09, [INFO], robot4, {'battery-level': '10.24'}, None, None
280.09, [INFO], robot4, {'y': 17.308, 'x': -37.071, 'yaw': -3.142}, None, None
290.09, [INFO], robot4, {'battery-level': '9.98'}, None, None
290.09, [INFO], robot4, {'y': 17.223, 'x': -37.067, 'yaw': 3.142}, None, None
300.08, [INFO], robot4, {'battery-level': '9.72'}, None, None
300.08, [INFO], robot4, {'y': 17.385, 'x': -36.882, 'yaw': 3.142}, None, None
302.18, [WARN], robot4, SKILL-FAILURE, navigation, navto_lab
