0.13, [DEBUG], logger, ROBOTS_CONFIG={'avg_speed': 0.15, 'battery_charge': 0.7179616530181877, 'battery_discharge_rate': 0.00042, 'id': 5, 'local_plan': [['navigation', ['IC Room 2', [[-11.5, 18.0, -1.57], [-11.5, 16.0], [-37.0, 16.0], [-37.0, 21.5], [-38.0, 21.5, 0.0]]], 'navto_room'], ['approach_person', ['nurse'], 'approach_nurse'], ['authenticate_person', ['nurse'], 'authenticate_nurse'], ['operate_drawer', ['open'], 'open_drawer_for_nurse'], ['send_message', ['nurse'], 'notify_nurse_of_open_drawer_for_nurse_completed'], ['wait_message', ['nurse'], 'wait_nurse_to_complete_deposit'], ['operate_drawer', ['close'], 'close_drawer_nurse'], ['navigation', ['Laboratory', [[-38.0, 21.5, 0.0], [-37.0, 21.5], [-37.0, 16.0], [-26.0, 16.0], [-26.0, 13.0, 1.57]]], 'navto_lab'], ['approach_robot', ['lab_arm'], 'approach_arm'], ['operate_drawer', ['open'], 'open_drawer_lab'], ['send_message', ['lab_arm'], 'notify_lab_arm_of_open_drawer_lab_completed'], ['wait_message', ['lab_arm'], 'wait_lab_arm_to_complete_pick_up_sample'], ['operate_drawer', ['close'], 'close_drawer_lab']], 'location': 'PC Room 8', 'name': 'r5', 'position': [-11.5, 18.0, -1.57], 'skills': ['approach_person', 'approach_robot', 'authenticate_person', 'navigation', 'operate_drawer']}, None, None
0.13, [DEBUG], logger, Simulation open, None, None
10.04, [INFO], robot5, {'battery-level': '71.42'}, None, None
10.04, [INFO], robot5, {'y': 17.301, 'x': -11.685, 'yaw': 3.142}, None, None
20.04, [INFO], robot5, {'battery-level': '71.00'}, None, None
20.04, [INFO], robot5, {'y': 16.295, 'x': -13.108, 'yaw': 3.141}, None, None
30.05, [INFO], robot5, {'battery-level': '70.58'}, None, None
30.05, [INFO], robot5, {'y': 16.159, 'x': -15.223, 'yaw': 3.136}, None, None
40.08, [INFO], robot5, {'y': 16.099, 'x': -17.328, 'yaw': 3.141}, None, None
40.08, [INFO], robot5, {'battery-level': '70.16'}, None, None
50.00, [INFO], robot5, {'battery-level': '69.74'}, None, None
50.00, [INFO], robot5, {'y': 16.164, 'x': -19.427, 'yaw': 3.142}, None, None
60.06, [INFO], robot5, {'battery-level': '69.32'}, None, None
60.06, [INFO], robot5, {'y': 16.243, 'x': -21.551, 'yaw': 3.142}, None, None
70.08, [INFO], robot5, {'battery-level': '68.90'}, None, None
70.08, [INFO], robot5, {'y': 16.154, 'x': -23.657, 'yaw': 3.141}, None, None
80.07, [INFO], robot5, {'battery-level': '68.48'}, None, None
80.07, [INFO], robot5, {'y': 16.147, 'x': -25.757, 'yaw': 3.14}, None, None
90.01, [INFO], robot5, {'battery-level': '68.06'}, None, None
90.01, [INFO], robot5, {'y': 16.181, 'x': -27.852, 'yaw': -3.141}, None, None
100.06, [INFO], robot5, {'battery-level': '67.64'}, None, None
100.06, [INFO], robot5, {'y': 16.236, 'x': -29.972, 'yaw': 3.14}, None, None
110.07, [INFO], robot5, {'y': 16.022, 'x': -32.089, 'yaw': -3.141}, None, None
110.07, [INFO], robot5, {'battery-level': '67.22'}, None, None
120.09, [INFO], robot5, {'y': 15.453, 'x': -34.164, 'yaw': 3.142}, None, None
120.09, [INFO], robot5, {'battery-level': '66.80'}, None, None
130.04, [INFO], robot5, {'battery-level': '66.38'}, None, None
130.04, [INFO], robot5, {'y': 15.623, 'x': -36.271, 'yaw': -3.142}, None, None
140.01, [INFO], robot5, {'battery-level': '65.96'}, None, None
140.01, [INFO], robot5, {'y': 17.371, 'x': -36.793, 'yaw': -3.142}, None, None
150.00, [INFO], robot5, {'y': 19.476, 'x': -36.823, 'yaw': 3.14}, None, None
150.00, [INFO], robot5, {'battery-level': '65.54'}, None, None
160.02, [INFO], robot5, {'battery-level': '65.12'}, None, None
160.02, [INFO], robot5, {'y': 21.41, 'x': -37.357, 'yaw': 3.139}, None, None
170.05, [INFO], robot5, {'y': 21.448, 'x': -38.068, 'yaw': 3.141}, None, None
170.05, [INFO], robot5, {'battery-level': '64.70'}, None, None
170.61, [info], nurse, sync, received-request, (status=sending-request)
170.61, [info], nurse, sync, request-sent, (status=waiting)
170.70, [info], nurse, sync, wait-message, (status=message-received)
180.08, [INFO], robot5, {'battery-level': '64.28'}, None, None
180.08, [INFO], robot5, {'y': 20.366, 'x': -37.156, 'yaw': -3.142}, None, None
190.05, [INFO], robot5, {'y': 18.263, 'x': -37.092, 'yaw': 3.141}, None, None
190.05, [INFO], robot5, {'battery-level': '63.86'}, None, None
200.01, [INFO], robot5, {'battery-level': '63.44'}, None, None
200.01, [INFO], robot5, {'y': 16.158, 'x': -36.961, 'yaw': 3.14}, None, None
210.06, [INFO], robot5, {'battery-level': '63.02'}, None, None
210.06, [INFO], robot5, {'y': 15.511, 'x': -34.943, 'yaw': -3.142}, None, None
220.01, [INFO], robot5, {'battery-level': '62.60'}, None, None
220.01, [INFO], robot5, {'y': 15.486, 'x': -32.842, 'yaw': 3.142}, None, None
230.04, [INFO], robot5, {'battery-level': '62.18'}, None, None
230.04, [INFO], robot5, {'y': 15.553, 'x': -30.722, 'yaw': 3.14}, None, None
240.09, [INFO], robot5, {'battery-level': '61.76'}, None, None
240.09, [INFO], robot5, {'y': 15.719, 'x': -28.6, 'yaw': 3.14}, None, None
250.02, [INFO], robot5, {'battery-level': '61.34'}, None, None
250.02, [INFO], robot5, {'y': 15.749, 'x': -26.502, 'yaw': 3.141}, None, None
260.03, [INFO], robot5, {'y': 13.894, 'x': -25.7, 'yaw': 3.142}, None, None
260.03, [INFO], robot5, {'battery-level': '60.92'}, None, None
270.06, [INFO], robot5, {'y': 12.887, 'x': -25.97, 'yaw': 3.142}, None, None
270.06, [INFO], robot5, {'battery-level': '60.50'}, None, None
273.56, [info], lab_arm, sync, wait-message, (status=message-received)
274.49, [WARN], robot5, SUCCESS, None, None
