0.13, [DEBUG], logger, ROBOTS_CONFIG={'avg_speed': 0.15, 'battery_charge': 0.5408465660492595, 'battery_discharge_rate': 0.0005200000000000001, 'id': 6, 'local_plan': [['navigation', ['IC Room 2', [[-33.9, 18.93, 3.14], [-37.0, 18.93], [-37.0, 21.5], [-38.0, 21.5, 0.0]]], 'navto_room'], ['approach_person', ['nurse'], 'approach_nurse'], ['authenticate_person', ['nurse'], 'authenticate_nurse'], ['operate_drawer', ['open'], 'open_drawer_for_nurse'], ['send_message', ['nurse'], 'notify_nurse_of_open_drawer_for_nurse_completed'], ['wait_message', ['nurse'], 'wait_nurse_to_complete_deposit'], ['operate_drawer', ['close'], 'close_drawer_nurse'], ['navigation', ['Laboratory', [[-38.0, 21.5, 0.0], [-37.0, 21.5], [-37.0, 16.0], [-26.0, 16.0], [-26.0, 13.0, 1.57]]], 'navto_lab'], ['approach_robot', ['lab_arm'], 'approach_arm'], ['operate_drawer', ['open'], 'open_drawer_lab'], ['send_message', ['lab_arm'], 'notify_lab_arm_of_open_drawer_lab_completed'], ['wait_message', ['lab_arm'], 'wait_lab_arm_to_complete_pick_up_sample'], ['operate_drawer', ['close'], 'close_drawer_lab']], 'location': 'IC Room 6', 'name': 'r6', 'position': [-33.9, 18.93, 3.14], 'skills': ['approach_person', 'approach_robot', 'authenticate_person', 'navigation', 'operate_drawer']}, None, None
0.13, [DEBUG], logger, Simulation open, None, None
10.07, [INFO], robot6, {'y': 18.535, 'x': -34.331, 'yaw': 3.142}, None, None
10.07, [INFO], robot6, {'battery-level': '53.62'}, None, None
20.04, [INFO], robot6, {'y': 17.984, 'x': -36.066, 'yaw': 3.141}, None, None
20.04, [INFO], robot6, {'battery-level': '53.10'}, None, None
30.03, [INFO], robot6, {'battery-level': '52.58'}, None, None
30.03, [INFO], robot6, {'y': 19.84, 'x': -36.834, 'yaw': 3.142}, None, None
40.06, [INFO], robot6, {'y': 21.521, 'x': -37.715, 'yaw': -3.14}, None, None
40.06, [INFO], robot6, {'battery-level': '52.06'}, None, None
50.06, [INFO], robot6, {'battery-level': '51.54'}, None, None
50.06, [INFO], robot6, {'y': 21.481, 'x': -38.095, 'yaw': -3.137}, None, None
50.06, [info], nurse, sync, received-request, (status=sending-request)
50.06, [info], nurse, sync, request-sent, (status=waiting)
50.06, [info], nurse, sync, wait-message, (status=message-received)
60.05, [INFO], robot6, {'y': 20.33, 'x': -37.173, 'yaw': -3.137}, None, None
60.05, [INFO], robot6, {'battery-level': '51.02'}, None, None
70.05, [INFO], robot6, {'y': 18.214, 'x': -37.111, 'yaw': 3.141}, None, None
70.05, [INFO], robot6, {'battery-level': '50.50'}, None, None
80.06, [INFO], robot6, {'battery-level': '49.98'}, None, None
80.06, [INFO], robot6, {'y': 16.126, 'x': -36.942, 'yaw': 3.141}, None, None
90.07, [INFO], robot6, {'battery-level': '49.46'}, None, None
90.07, [INFO], robot6, {'y': 15.508, 'x': -34.891, 'yaw': -3.141}, None, None
100.09, [INFO], robot6, {'battery-level': '48.94'}, None, None
100.09, [INFO], robot6, {'y': 15.472, 'x': -32.763, 'yaw': -3.138}, None, None
110.01, [INFO], robot6, {'y': 15.535, 'x': -30.656, 'yaw': -3.141}, None, None
110.01, [INFO], robot6, {'battery-level': '48.42'}, None, None
120.03, [INFO], robot6, {'battery-level': '47.90'}, None, None
120.03, [INFO], robot6, {'y': 15.773, 'x': -28.548, 'yaw': 3.142}, None, None
130.05, [INFO], robot6, {'y': 15.734, 'x': -26.442, 'yaw': -3.141}, None, None
130.05, [INFO], robot6, {'battery-level': '47.38'}, None, None
140.07, [INFO], robot6, {'battery-level': '46.86'}, None, None
140.07, [INFO], robot6, {'y': 13.777, 'x': -25.706, 'yaw': 3.142}, None, None
150.01, [INFO], robot6, {'battery-level': '46.34'}, None, None
150.01, [INFO], robot6, {'y': 12.941, 'x': -25.965, 'yaw': 3.141}, None, None
154.95, [info], lab_arm, sync, wait-message, (status=message-received)
155.87, [WARN], robot6, SUCCESS, None, None
