0.00, [DEBUG], nurse, NURSE_CONFIG={'location': 'PC Room 3', 'position': [-28.5, 18.0, -1.57]}, None, None
0.00, [DEBUG], logger, ROBOTS_CONFIG={'avg_speed': 0.15, 'battery_charge': 0.5408465660492595, 'battery_discharge_rate': 0.0005200000000000001, 'id': 6, 'local_plan': [['navigation', ['PC Room 3', [[-27.23, 18.0, -1.57], [-27.23, 16.0], [-28.5, 16.0], [-28.5, 18.0, -1.57]]], 'navto_room'], ['approach_person', ['nurse'], 'approach_nurse'], ['authenticate_person', ['nurse'], 'authenticate_nurse'], ['operate_drawer', ['open'], 'open_drawer_for_nurse'], ['send_message', ['nurse'], 'notify_nurse_of_open_drawer_for_nurse_completed'], ['wait_message', ['nurse'], 'wait_nurse_to_complete_deposit'], ['operate_drawer', ['close'], 'close_drawer_nurse'], ['navigation', ['Laboratory', [[-28.5, 18.0, -1.57], [-28.5, 16.0], [-26.0, 16.0], [-26.0, 13.0, 1.57]]], 'navto_lab'], ['approach_robot', ['lab_arm'], 'approach_arm'], ['operate_drawer', ['open'], 'open_drawer_lab'], ['send_message', ['lab_arm'], 'notify_lab_arm_of_open_drawer_lab_completed'], ['wait_message', ['lab_arm'], 'wait_lab_arm_to_complete_pick_up_sample'], ['operate_drawer', ['close'], 'close_drawer_lab']], 'location': 'PC Room 4', 'name': 'r6', 'position': [-27.23, 18.0, -1.57], 'skills': ['approach_person', 'approach_robot', 'authenticate_person', 'navigation', 'operate_drawer']}, None, None
0.00, [DEBUG], logger, Simulation open, None, None
9.99, [INFO], robot6, {'battery-level': '53.62'}, None, None
9.99, [INFO], robot6, {'y': 17.689, 'x': -26.901, 'yaw': -3.142}, None, None
19.98, [INFO], robot6, {'y': 16.157, 'x': -27.909, 'yaw': 3.142}, None, None
19.98, [INFO], robot6, {'battery-level': '53.10'}, None, None
30.02, [INFO], robot6, {'y': 17.791, 'x': -28.651, 'yaw': -3.141}, None, None
30.02, [INFO], robot6, {'battery-level': '52.58'}, None, None
38.18, [info], nurse, sync, received-request, (status=sending-request)
38.18, [info], nurse, sync, request-sent, (status=waiting)
38.20, [info], nurse, sync, wait-message, (status=message-received)
39.99, [INFO], robot6, {'y': 17.696, 'x': -28.623, 'yaw': -3.142}, None, None
39.99, [INFO], robot6, {'battery-level': '52.06'}, None, None
50.01, [INFO], robot6, {'battery-level': '51.54'}, None, None
50.01, [INFO], robot6, {'y': 16.208, 'x': -27.916, 'yaw': -3.141}, None, None
60.01, [INFO], robot6, {'y': 15.476, 'x': -26.174, 'yaw': -3.142}, None, None
60.01, [INFO], robot6, {'battery-level': '51.02'}, None, None
70.00, [INFO], robot6, {'y': 13.401, 'x': -25.753, 'yaw': -3.141}, None, None
70.00, [INFO], robot6, {'battery-level': '50.50'}, None, None
80.01, [INFO], robot6, {'battery-level': '49.98'}, None, None
80.01, [INFO], robot6, {'y': 12.891, 'x': -25.991, 'yaw': 3.141}, None, None
81.31, [info], lab_arm, sync, wait-message, (status=message-received)
81.51, [WARN], robot6, SUCCESS, None, None
