0.19, [DEBUG], logger, ROBOTS_CONFIG={'avg_speed': 0.15, 'battery_charge': 0.7179616530181877, 'battery_discharge_rate': 0.00042, 'id': 5, 'local_plan': [['navigation', ['PC Room 3', [[-33.9, 18.93, 3.14], [-37.0, 18.93], [-37.0, 16.0], [-28.5, 16.0], [-28.5, 18.0, -1.57]]], 'navto_room'], ['approach_person', ['nurse'], 'approach_nurse'], ['authenticate_person', ['nurse'], 'authenticate_nurse'], ['operate_drawer', ['open'], 'open_drawer_for_nurse'], ['send_message', ['nurse'], 'notify_nurse_of_open_drawer_for_nurse_completed'], ['wait_message', ['nurse'], 'wait_nurse_to_complete_deposit'], ['operate_drawer', ['close'], 'close_drawer_nurse'], ['navigation', ['Laboratory', [[-28.5, 18.0, -1.57], [-28.5, 16.0], [-26.0, 16.0], [-26.0, 13.0, 1.57]]], 'navto_lab'], ['approach_robot', ['lab_arm'], 'approach_arm'], ['operate_drawer', ['open'], 'open_drawer_lab'], ['send_message', ['lab_arm'], 'notify_lab_arm_of_open_drawer_lab_completed'], ['wait_message', ['lab_arm'], 'wait_lab_arm_to_complete_pick_up_sample'], ['operate_drawer', ['close'], 'close_drawer_lab']], 'location': 'IC Room 6', 'name': 'r5', 'position': [-33.9, 18.93, 3.14], 'skills': ['approach_person', 'approach_robot', 'authenticate_person', 'navigation', 'operate_drawer']}, None, None
0.19, [DEBUG], logger, Simulation open, None, None
10.02, [INFO], robot5, {'y': 18.93, 'x': -33.9, 'yaw': -3.142}, None, None
10.02, [INFO], robot5, {'battery-level': '71.42'}, None, None
20.00, [INFO], robot5, {'battery-level': '71.00'}, None, None
20.00, [INFO], robot5, {'y': 17.783, 'x': -35.031, 'yaw': -3.142}, None, None
29.99, [INFO], robot5, {'battery-level': '70.58'}, None, None
29.99, [INFO], robot5, {'y': 18.065, 'x': -36.251, 'yaw': 3.141}, None, None
40.00, [INFO], robot5, {'y': 18.065, 'x': -36.251, 'yaw': -3.142}, None, None
40.00, [INFO], robot5, {'battery-level': '70.16'}, None, None
50.03, [INFO], robot5, {'y': 18.066, 'x': -36.251, 'yaw': 3.142}, None, None
50.03, [INFO], robot5, {'battery-level': '69.74'}, None, None
60.02, [INFO], robot5, {'battery-level': '69.32'}, None, None
60.02, [INFO], robot5, {'y': 18.089, 'x': -36.35, 'yaw': -3.139}, None, None
70.02, [INFO], robot5, {'y': 17.441, 'x': -36.891, 'yaw': 3.141}, None, None
70.02, [INFO], robot5, {'battery-level': '68.90'}, None, None
80.00, [INFO], robot5, {'y': 17.345, 'x': -36.922, 'yaw': 3.141}, None, None
80.02, [INFO], robot5, {'battery-level': '68.48'}, None, None
89.99, [INFO], robot5, {'y': 17.314, 'x': -36.982, 'yaw': 3.142}, None, None
89.99, [INFO], robot5, {'battery-level': '68.06'}, None, None
100.00, [INFO], robot5, {'y': 17.485, 'x': -36.852, 'yaw': 3.14}, None, None
100.00, [INFO], robot5, {'battery-level': '67.64'}, None, None
105.34, [WARN], robot5, SKILL-FAILURE, navigation, navto_room
