0.00, [INFO], robot4, {'battery-level': '17.50'}, None, None
0.13, [DEBUG], logger, ROBOTS_CONFIG={'avg_speed': 0.15, 'battery_charge': 0.17496190705907763, 'battery_discharge_rate': 0.00026000000000000003, 'id': 4, 'local_plan': [['navigation', ['IC Room 6', [[-39.44, 33.95, 0.0], [-37.0, 33.95], [-37.0, 18.93], [-33.9, 18.93, 3.14]]], 'navto_room'], ['approach_person', ['nurse'], 'approach_nurse'], ['authenticate_person', ['nurse'], 'authenticate_nurse'], ['operate_drawer', ['open'], 'open_drawer_for_nurse'], ['send_message', ['nurse'], 'notify_nurse_of_open_drawer_for_nurse_completed'], ['wait_message', ['nurse'], 'wait_nurse_to_complete_deposit'], ['operate_drawer', ['close'], 'close_drawer_nurse'], ['navigation', ['Laboratory', [[-33.9, 18.93, 3.14], [-37.0, 18.93], [-37.0, 16.0], [-26.0, 16.0], [-26.0, 13.0, 1.57]]], 'navto_lab'], ['approach_robot', ['lab_arm'], 'approach_arm'], ['operate_drawer', ['open'], 'open_drawer_lab'], ['send_message', ['lab_arm'], 'notify_lab_arm_of_open_drawer_lab_completed'], ['wait_message', ['lab_arm'], 'wait_lab_arm_to_complete_pick_up_sample'], ['operate_drawer', ['close'], 'close_drawer_lab']], 'location': 'IC Room 4', 'name': 'r4', 'position': [-39.44, 33.95, 0.0], 'skills': ['approach_person', 'approach_robot', 'authenticate_person', 'navigation', 'operate_drawer']}, None, None
0.13, [DEBUG], logger, Simulation open, None, None
10.08, [INFO], robot4, {'y': 34.128, 'x': -38.928, 'yaw': -3.142}, None, None
10.08, [INFO], robot4, {'battery-level': '17.26'}, None, None
20.06, [INFO], robot4, {'y': 34.072, 'x': -37.122, 'yaw': -3.138}, None, None
20.06, [INFO], robot4, {'battery-level': '17.00'}, None, None
30.08, [INFO], robot4, {'y': 31.956, 'x': -37.048, 'yaw': 3.142}, None, None
30.08, [INFO], robot4, {'battery-level': '16.74'}, None, None
40.08, [INFO], robot4, {'y': 29.843, 'x': -37.032, 'yaw': 3.14}, None, None
40.08, [INFO], robot4, {'battery-level': '16.48'}, None, None
50.00, [INFO], robot4, {'y': 27.747, 'x': -36.998, 'yaw': 3.14}, None, None
50.00, [INFO], robot4, {'battery-level': '16.22'}, None, None
60.03, [INFO], robot4, {'battery-level': '15.96'}, None, None
60.03, [INFO], robot4, {'y': 25.637, 'x': -37.043, 'yaw': 3.142}, None, None
70.04, [INFO], robot4, {'y': 23.524, 'x': -37.042, 'yaw': 3.14}, None, None
70.04, [INFO], robot4, {'battery-level': '15.70'}, None, None
80.01, [INFO], robot4, {'battery-level': '15.44'}, None, None
80.01, [INFO], robot4, {'y': 21.421, 'x': -37.142, 'yaw': -3.142}, None, None
90.02, [INFO], robot4, {'y': 19.304, 'x': -37.028, 'yaw': -3.142}, None, None
90.02, [INFO], robot4, {'battery-level': '15.18'}, None, None
100.07, [INFO], robot4, {'battery-level': '14.92'}, None, None
100.07, [INFO], robot4, {'y': 17.775, 'x': -35.571, 'yaw': 3.141}, None, None
110.01, [INFO], robot4, {'y': 18.789, 'x': -34.046, 'yaw': 3.142}, None, None
110.01, [INFO], robot4, {'battery-level': '14.66'}, None, None
117.62, [info], nurse, sync, received-request, (status=sending-request)
117.62, [info], nurse, sync, request-sent, (status=waiting)
117.71, [info], nurse, sync, wait-message, (status=message-received)
120.00, [INFO], robot4, {'y': 18.888, 'x': -34.168, 'yaw': -3.142}, None, None
120.00, [INFO], robot4, {'battery-level': '14.40'}, None, None
130.02, [INFO], robot4, {'battery-level': '14.14'}, None, None
130.02, [INFO], robot4, {'y': 17.77, 'x': -35.715, 'yaw': -3.142}, None, None
140.04, [INFO], robot4, {'y': 17.76, 'x': -37.046, 'yaw': 3.142}, None, None
140.04, [INFO], robot4, {'battery-level': '13.88'}, None, None
150.06, [INFO], robot4, {'battery-level': '13.62'}, None, None
150.06, [INFO], robot4, {'y': 17.257, 'x': -36.822, 'yaw': 3.141}, None, None
160.09, [INFO], robot4, {'y': 17.407, 'x': -37.076, 'yaw': -3.141}, None, None
160.09, [INFO], robot4, {'battery-level': '13.36'}, None, None
170.03, [INFO], robot4, {'y': 17.241, 'x': -36.884, 'yaw': 3.142}, None, None
170.03, [INFO], robot4, {'battery-level': '13.10'}, None, None
180.06, [INFO], robot4, {'battery-level': '12.84'}, None, None
180.06, [INFO], robot4, {'y': 17.46, 'x': -37.014, 'yaw': 3.142}, None, None
190.03, [INFO], robot4, {'battery-level': '12.58'}, None, None
190.03, [INFO], robot4, {'y': 17.401, 'x': -37.102, 'yaw': 3.141}, None, None
200.04, [INFO], robot4, {'battery-level': '12.32'}, None, None
200.04, [INFO], robot4, {'y': 17.274, 'x': -36.831, 'yaw': -3.141}, None, None
210.06, [INFO], robot4, {'battery-level': '12.06'}, None, None
210.06, [INFO], robot4, {'y': 17.343, 'x': -36.898, 'yaw': 3.142}, None, None
220.04, [INFO], robot4, {'y': 17.252, 'x': -36.809, 'yaw': -3.142}, None, None
220.04, [INFO], robot4, {'battery-level': '11.80'}, None, None
230.03, [INFO], robot4, {'battery-level': '11.54'}, None, None
230.03, [INFO], robot4, {'y': 17.297, 'x': -36.968, 'yaw': -3.141}, None, None
240.01, [INFO], robot4, {'battery-level': '11.28'}, None, None
240.01, [INFO], robot4, {'y': 17.495, 'x': -37.02, 'yaw': -3.141}, None, None
250.00, [INFO], robot4, {'battery-level': '11.02'}, None, None
250.00, [INFO], robot4, {'y': 17.17, 'x': -36.87, 'yaw': -3.141}, None, None
260.09, [INFO], robot4, {'battery-level': '10.76'}, None, None
260.09, [INFO], robot4, {'y': 17.327, 'x': -36.867, 'yaw': -3.141}, None, None
270.02, [INFO], robot4, {'y': 17.33, 'x': -36.949, 'yaw': 3.142}, None, None
270.02, [INFO], robot4, {'battery-level': '10.50'}, None, None
280.03, [INFO], robot4, {'battery-level': '10.24'}, None, None
280.03, [INFO], robot4, {'y': 17.276, 'x': -36.834, 'yaw': 3.14}, None, None
290.03, [INFO], robot4, {'battery-level': '9.98'}, None, None
290.03, [INFO], robot4, {'y': 17.413, 'x': -36.88, 'yaw': 3.141}, None, None
300.07, [INFO], robot4, {'y': 17.286, 'x': -37.003, 'yaw': -3.141}, None, None
300.07, [INFO], robot4, {'battery-level': '9.72'}, None, None
304.53, [WARN], robot4, SKILL-FAILURE, navigation, navto_lab
