0.00, [DEBUG], nurse, NURSE_CONFIG={'location': 'IC Room 6', 'position': [-33.9, 18.93, 3.14]}, None, None
0.00, [INFO], robot2, {'battery-level': '63.50'}, None, None
0.20, [DEBUG], logger, ROBOTS_CONFIG={'avg_speed': 0.15, 'battery_charge': 0.634952869577942, 'battery_discharge_rate': 0.0006000000000000001, 'id': 2, 'local_plan': [['navigation', ['IC Room 6', [[-19.0, 18.0, -1.57], [-19.0, 16.0], [-37.0, 16.0], [-37.0, 18.93], [-33.9, 18.93, 3.14]]], 'navto_room'], ['approach_person', ['nurse'], 'approach_nurse'], ['authenticate_person', ['nurse'], 'authenticate_nurse'], ['operate_drawer', ['open'], 'open_drawer_for_nurse'], ['send_message', ['nurse'], 'notify_nurse_of_open_drawer_for_nurse_completed'], ['wait_message', ['nurse'], 'wait_nurse_to_complete_deposit'], ['operate_drawer', ['close'], 'close_drawer_nurse'], ['navigation', ['Laboratory', [[-33.9, 18.93, 3.14], [-37.0, 18.93], [-37.0, 16.0], [-26.0, 16.0], [-26.0, 13.0, 1.57]]], 'navto_lab'], ['approach_robot', ['lab_arm'], 'approach_arm'], ['operate_drawer', ['open'], 'open_drawer_lab'], ['send_message', ['lab_arm'], 'notify_lab_arm_of_open_drawer_lab_completed'], ['wait_message', ['lab_arm'], 'wait_lab_arm_to_complete_pick_up_sample'], ['operate_drawer', ['close'], 'close_drawer_lab']], 'location': 'PC Room 6', 'name': 'r2', 'position': [-19.0, 18.0, -1.57], 'skills': ['approach_person', 'approach_robot', 'authenticate_person', 'navigation', 'operate_drawer']}, None, None
0.20, [DEBUG], logger, Simulation open, None, None
10.04, [INFO], robot2, {'battery-level': '62.96'}, None, None
10.04, [INFO], robot2, {'y': 17.352, 'x': -19.244, 'yaw': -3.142}, None, None
20.04, [INFO], robot2, {'y': 16.239, 'x': -20.405, 'yaw': 3.142}, None, None
20.04, [INFO], robot2, {'battery-level': '62.36'}, None, None
30.01, [INFO], robot2, {'y': 16.171, 'x': -22.514, 'yaw': 3.141}, None, None
30.01, [INFO], robot2, {'battery-level': '61.76'}, None, None
40.08, [INFO], robot2, {'y': 16.122, 'x': -24.651, 'yaw': 3.141}, None, None
40.08, [INFO], robot2, {'battery-level': '61.16'}, None, None
50.03, [INFO], robot2, {'y': 16.103, 'x': -26.743, 'yaw': 3.141}, None, None
50.03, [INFO], robot2, {'battery-level': '60.56'}, None, None
60.02, [INFO], robot2, {'y': 16.222, 'x': -28.844, 'yaw': 3.141}, None, None
60.02, [INFO], robot2, {'battery-level': '59.96'}, None, None
70.00, [INFO], robot2, {'y': 16.124, 'x': -30.953, 'yaw': 3.14}, None, None
70.00, [INFO], robot2, {'battery-level': '59.36'}, None, None
80.01, [INFO], robot2, {'y': 15.748, 'x': -33.055, 'yaw': -3.141}, None, None
80.01, [INFO], robot2, {'battery-level': '58.76'}, None, None
90.01, [INFO], robot2, {'battery-level': '58.16'}, None, None
90.01, [INFO], robot2, {'y': 15.44, 'x': -35.151, 'yaw': -3.142}, None, None
100.00, [INFO], robot2, {'battery-level': '57.56'}, None, None
100.00, [INFO], robot2, {'y': 16.351, 'x': -36.709, 'yaw': -3.141}, None, None
110.01, [INFO], robot2, {'battery-level': '56.96'}, None, None
110.01, [INFO], robot2, {'y': 17.6, 'x': -36.72, 'yaw': 3.141}, None, None
120.01, [INFO], robot2, {'battery-level': '56.36'}, None, None
120.01, [INFO], robot2, {'y': 17.6, 'x': -36.72, 'yaw': -3.142}, None, None
130.08, [INFO], robot2, {'y': 18.004, 'x': -35.868, 'yaw': 3.141}, None, None
130.08, [INFO], robot2, {'battery-level': '55.76'}, None, None
140.07, [INFO], robot2, {'battery-level': '55.16'}, None, None
140.07, [INFO], robot2, {'y': 18.182, 'x': -35.619, 'yaw': -3.136}, None, None
150.06, [INFO], robot2, {'y': 18.067, 'x': -35.498, 'yaw': 3.141}, None, None
150.06, [INFO], robot2, {'battery-level': '54.56'}, None, None
160.02, [INFO], robot2, {'y': 18.0, 'x': -35.306, 'yaw': -3.14}, None, None
160.02, [INFO], robot2, {'battery-level': '53.96'}, None, None
169.17, [WARN], robot2, SKILL-FAILURE, navigation, navto_room
