0.00, [INFO], robot6, {'battery-level': '54.08'}, None, None
0.12, [DEBUG], logger, ROBOTS_CONFIG={'avg_speed': 0.15, 'battery_charge': 0.5408465660492595, 'battery_discharge_rate': 0.0005200000000000001, 'id': 6, 'local_plan': [['navigation', ['IC Room 2', [[-33.9, 18.93, 3.14], [-37.0, 18.93], [-37.0, 21.5], [-38.0, 21.5, 0.0]]], 'navto_room'], ['approach_person', ['nurse'], 'approach_nurse'], ['authenticate_person', ['nurse'], 'authenticate_nurse'], ['operate_drawer', ['open'], 'open_drawer_for_nurse'], ['send_message', ['nurse'], 'notify_nurse_of_open_drawer_for_nurse_completed'], ['wait_message', ['nurse'], 'wait_nurse_to_complete_deposit'], ['operate_drawer', ['close'], 'close_drawer_nurse'], ['navigation', ['Laboratory', [[-38.0, 21.5, 0.0], [-37.0, 21.5], [-37.0, 16.0], [-26.0, 16.0], [-26.0, 13.0, 1.57]]], 'navto_lab'], ['approach_robot', ['lab_arm'], 'approach_arm'], ['operate_drawer', ['open'], 'open_drawer_lab'], ['send_message', ['lab_arm'], 'notify_lab_arm_of_open_drawer_lab_completed'], ['wait_message', ['lab_arm'], 'wait_lab_arm_to_complete_pick_up_sample'], ['operate_drawer', ['close'], 'close_drawer_lab']], 'location': 'IC Room 6', 'name': 'r6', 'position': [-33.9, 18.93, 3.14], 'skills': ['approach_person', 'approach_robot', 'authenticate_person', 'navigation', 'operate_drawer']}, None, None
0.12, [DEBUG], logger, Simulation open, None, None
10.08, [INFO], robot6, {'y': 18.93, 'x': -33.9, 'yaw': 3.142}, None, None
10.08, [INFO], robot6, {'battery-level': '53.62'}, None, None
20.08, [INFO], robot6, {'y': 18.93, 'x': -33.9, 'yaw': 3.142}, None, None
20.08, [INFO], robot6, {'battery-level': '53.10'}, None, None
30.05, [INFO], robot6, {'y': 18.93, 'x': -33.9, 'yaw': -3.142}, None, None
30.05, [INFO], robot6, {'battery-level': '52.58'}, None, None
40.04, [INFO], robot6, {'y': 18.93, 'x': -33.9, 'yaw': -3.142}, None, None
40.04, [INFO], robot6, {'battery-level': '52.06'}, None, None
50.04, [INFO], robot6, {'y': 18.93, 'x': -33.9, 'yaw': 3.142}, None, None
50.04, [INFO], robot6, {'battery-level': '51.54'}, None, None
60.02, [INFO], robot6, {'battery-level': '51.02'}, None, None
60.02, [INFO], robot6, {'y': 18.93, 'x': -33.9, 'yaw': 3.142}, None, None
70.01, [INFO], robot6, {'battery-level': '50.50'}, None, None
70.01, [INFO], robot6, {'y': 18.93, 'x': -33.9, 'yaw': -3.142}, None, None
80.02, [INFO], robot6, {'battery-level': '49.98'}, None, None
80.02, [INFO], robot6, {'y': 18.93, 'x': -33.9, 'yaw': 3.142}, None, None
90.06, [INFO], robot6, {'y': 18.93, 'x': -33.9, 'yaw': 3.142}, None, None
90.06, [INFO], robot6, {'battery-level': '49.46'}, None, None
100.06, [INFO], robot6, {'y': 18.93, 'x': -33.9, 'yaw': -3.142}, None, None
100.06, [INFO], robot6, {'battery-level': '48.94'}, None, None
110.01, [INFO], robot6, {'y': 18.93, 'x': -33.9, 'yaw': -3.142}, None, None
110.01, [INFO], robot6, {'battery-level': '48.42'}, None, None
120.02, [INFO], robot6, {'y': 18.93, 'x': -33.9, 'yaw': 3.142}, None, None
120.02, [INFO], robot6, {'battery-level': '47.90'}, None, None
130.09, [INFO], robot6, {'battery-level': '47.38'}, None, None
130.09, [INFO], robot6, {'y': 18.93, 'x': -33.9, 'yaw': 3.142}, None, None
140.06, [INFO], robot6, {'battery-level': '46.86'}, None, None
140.06, [INFO], robot6, {'y': 18.93, 'x': -33.9, 'yaw': -3.142}, None, None
150.03, [INFO], robot6, {'y': 18.93, 'x': -33.899, 'yaw': -3.142}, None, None
150.03, [INFO], robot6, {'battery-level': '46.34'}, None, None
160.02, [INFO], robot6, {'battery-level': '45.82'}, None, None
160.02, [INFO], robot6, {'y': 18.93, 'x': -33.899, 'yaw': -3.142}, None, None
170.05, [INFO], robot6, {'y': 18.93, 'x': -33.899, 'yaw': -3.142}, None, None
170.05, [INFO], robot6, {'battery-level': '45.30'}, None, None
180.08, [INFO], robot6, {'battery-level': '44.78'}, None, None
180.08, [INFO], robot6, {'y': 18.93, 'x': -33.899, 'yaw': 3.142}, None, None
190.08, [INFO], robot6, {'y': 18.93, 'x': -33.899, 'yaw': 3.142}, None, None
190.08, [INFO], robot6, {'battery-level': '44.26'}, None, None
200.06, [INFO], robot6, {'battery-level': '43.74'}, None, None
200.06, [INFO], robot6, {'y': 18.93, 'x': -33.899, 'yaw': -3.142}, None, None
210.00, [INFO], robot6, {'battery-level': '43.22'}, None, None
210.00, [INFO], robot6, {'y': 18.93, 'x': -33.899, 'yaw': 3.142}, None, None
219.96, [INFO], robot6, {'y': 18.93, 'x': -33.899, 'yaw': 3.142}, None, None
220.05, [INFO], robot6, {'battery-level': '42.70'}, None, None
230.05, [INFO], robot6, {'y': 18.93, 'x': -33.899, 'yaw': 3.142}, None, None
230.05, [INFO], robot6, {'battery-level': '42.18'}, None, None
240.06, [INFO], robot6, {'y': 18.93, 'x': -33.899, 'yaw': -3.142}, None, None
240.06, [INFO], robot6, {'battery-level': '41.66'}, None, None
250.02, [INFO], robot6, {'y': 18.93, 'x': -33.899, 'yaw': -3.142}, None, None
250.02, [INFO], robot6, {'battery-level': '41.14'}, None, None
260.02, [INFO], robot6, {'y': 18.93, 'x': -33.899, 'yaw': -3.142}, None, None
260.02, [INFO], robot6, {'battery-level': '40.62'}, None, None
270.03, [INFO], robot6, {'y': 18.93, 'x': -33.899, 'yaw': 3.142}, None, None
270.03, [INFO], robot6, {'battery-level': '40.10'}, None, None
280.02, [INFO], robot6, {'y': 18.93, 'x': -33.899, 'yaw': 3.142}, None, None
280.02, [INFO], robot6, {'battery-level': '39.58'}, None, None
290.07, [INFO], robot6, {'y': 18.93, 'x': -33.899, 'yaw': -3.142}, None, None
290.07, [INFO], robot6, {'battery-level': '39.06'}, None, None
300.00, [INFO], robot6, {'y': 18.93, 'x': -33.899, 'yaw': 3.142}, None, None
300.00, [INFO], robot6, {'battery-level': '38.54'}, None, None
310.02, [INFO], robot6, {'y': 18.93, 'x': -33.899, 'yaw': 3.142}, None, None
310.02, [INFO], robot6, {'battery-level': '38.02'}, None, None
320.06, [INFO], robot6, {'y': 18.93, 'x': -33.899, 'yaw': -3.142}, None, None
320.06, [INFO], robot6, {'battery-level': '37.50'}, None, None
330.02, [INFO], robot6, {'y': 18.93, 'x': -33.899, 'yaw': 3.142}, None, None
330.02, [INFO], robot6, {'battery-level': '36.98'}, None, None
340.03, [INFO], robot6, {'y': 18.93, 'x': -33.899, 'yaw': 3.142}, None, None
340.03, [INFO], robot6, {'battery-level': '36.46'}, None, None
350.02, [INFO], robot6, {'y': 18.93, 'x': -33.899, 'yaw': -3.142}, None, None
350.02, [INFO], robot6, {'battery-level': '35.94'}, None, None
360.06, [INFO], robot6, {'battery-level': '35.42'}, None, None
360.06, [INFO], robot6, {'y': 18.93, 'x': -33.899, 'yaw': -3.142}, None, None
370.03, [INFO], robot6, {'battery-level': '34.90'}, None, None
370.03, [INFO], robot6, {'y': 18.93, 'x': -33.899, 'yaw': 3.142}, None, None
380.03, [INFO], robot6, {'battery-level': '34.38'}, None, None
380.03, [INFO], robot6, {'y': 18.93, 'x': -33.899, 'yaw': 3.142}, None, None
390.09, [INFO], robot6, {'battery-level': '33.86'}, None, None
390.09, [INFO], robot6, {'y': 18.93, 'x': -33.899, 'yaw': -3.142}, None, None
400.05, [INFO], robot6, {'y': 18.93, 'x': -33.898, 'yaw': -3.142}, None, None
400.05, [INFO], robot6, {'battery-level': '33.34'}, None, None
410.03, [INFO], robot6, {'y': 18.93, 'x': -33.898, 'yaw': -3.142}, None, None
410.03, [INFO], robot6, {'battery-level': '32.82'}, None, None
420.05, [INFO], robot6, {'y': 18.93, 'x': -33.898, 'yaw': -3.142}, None, None
420.05, [INFO], robot6, {'battery-level': '32.30'}, None, None
430.05, [INFO], robot6, {'y': 18.93, 'x': -33.898, 'yaw': -3.142}, None, None
430.05, [INFO], robot6, {'battery-level': '31.78'}, None, None
440.05, [INFO], robot6, {'y': 18.93, 'x': -33.898, 'yaw': 3.142}, None, None
440.05, [INFO], robot6, {'battery-level': '31.26'}, None, None
450.07, [INFO], robot6, {'y': 18.93, 'x': -33.898, 'yaw': -3.142}, None, None
450.07, [INFO], robot6, {'battery-level': '30.74'}, None, None
460.07, [INFO], robot6, {'battery-level': '30.22'}, None, None
460.07, [INFO], robot6, {'y': 18.93, 'x': -33.898, 'yaw': -3.142}, None, None
470.09, [INFO], robot6, {'y': 18.93, 'x': -33.898, 'yaw': -3.142}, None, None
470.09, [INFO], robot6, {'battery-level': '29.70'}, None, None
480.09, [INFO], robot6, {'y': 18.93, 'x': -33.898, 'yaw': -3.142}, None, None
480.09, [INFO], robot6, {'battery-level': '29.18'}, None, None
490.02, [INFO], robot6, {'y': 18.93, 'x': -33.898, 'yaw': -3.142}, None, None
490.02, [INFO], robot6, {'battery-level': '28.66'}, None, None
500.09, [INFO], robot6, {'y': 18.93, 'x': -33.898, 'yaw': -3.142}, None, None
500.09, [INFO], robot6, {'battery-level': '28.14'}, None, None
510.04, [INFO], robot6, {'battery-level': '27.62'}, None, None
510.04, [INFO], robot6, {'y': 18.93, 'x': -33.898, 'yaw': 3.142}, None, None
520.06, [INFO], robot6, {'y': 18.93, 'x': -33.898, 'yaw': -3.142}, None, None
520.06, [INFO], robot6, {'battery-level': '27.10'}, None, None
530.01, [INFO], robot6, {'y': 18.93, 'x': -33.898, 'yaw': 3.142}, None, None
530.01, [INFO], robot6, {'battery-level': '26.58'}, None, None
540.05, [INFO], robot6, {'y': 18.93, 'x': -33.898, 'yaw': -3.142}, None, None
540.05, [INFO], robot6, {'battery-level': '26.06'}, None, None
550.05, [INFO], robot6, {'y': 18.93, 'x': -33.898, 'yaw': 3.142}, None, None
550.05, [INFO], robot6, {'battery-level': '25.54'}, None, None
560.01, [INFO], robot6, {'y': 18.93, 'x': -33.898, 'yaw': 3.142}, None, None
560.01, [INFO], robot6, {'battery-level': '25.02'}, None, None
570.04, [INFO], robot6, {'battery-level': '24.50'}, None, None
570.04, [INFO], robot6, {'y': 18.93, 'x': -33.898, 'yaw': 3.142}, None, None
580.09, [INFO], robot6, {'y': 18.93, 'x': -33.898, 'yaw': 3.142}, None, None
580.09, [INFO], robot6, {'battery-level': '23.98'}, None, None
590.06, [INFO], robot6, {'y': 18.93, 'x': -33.898, 'yaw': 3.142}, None, None
590.06, [INFO], robot6, {'battery-level': '23.46'}, None, None
600.03, [INFO], robot6, {'y': 18.93, 'x': -33.898, 'yaw': 3.142}, None, None
600.03, [INFO], robot6, {'battery-level': '22.94'}, None, None
610.07, [INFO], robot6, {'battery-level': '22.42'}, None, None
610.07, [INFO], robot6, {'y': 18.93, 'x': -33.898, 'yaw': -3.142}, None, None
620.05, [INFO], robot6, {'y': 18.93, 'x': -33.898, 'yaw': 3.142}, None, None
620.05, [INFO], robot6, {'battery-level': '21.90'}, None, None
630.03, [INFO], robot6, {'y': 18.93, 'x': -33.898, 'yaw': -3.142}, None, None
630.03, [INFO], robot6, {'battery-level': '21.38'}, None, None
640.01, [INFO], robot6, {'battery-level': '20.86'}, None, None
640.01, [INFO], robot6, {'y': 18.93, 'x': -33.898, 'yaw': -3.142}, None, None
650.07, [INFO], robot6, {'y': 18.93, 'x': -33.898, 'yaw': -3.142}, None, None
650.07, [INFO], robot6, {'battery-level': '20.34'}, None, None
660.04, [INFO], robot6, {'y': 18.93, 'x': -33.897, 'yaw': -3.142}, None, None
660.04, [INFO], robot6, {'battery-level': '19.82'}, None, None
670.09, [INFO], robot6, {'y': 18.93, 'x': -33.897, 'yaw': -3.142}, None, None
670.09, [INFO], robot6, {'battery-level': '19.30'}, None, None
680.01, [INFO], robot6, {'y': 18.93, 'x': -33.897, 'yaw': 3.142}, None, None
680.01, [INFO], robot6, {'battery-level': '18.78'}, None, None
690.08, [INFO], robot6, {'y': 18.93, 'x': -33.897, 'yaw': -3.142}, None, None
690.08, [INFO], robot6, {'battery-level': '18.26'}, None, None
700.03, [INFO], robot6, {'y': 18.93, 'x': -33.897, 'yaw': -3.142}, None, None
700.03, [INFO], robot6, {'battery-level': '17.74'}, None, None
710.00, [INFO], robot6, {'battery-level': '17.22'}, None, None
710.00, [INFO], robot6, {'y': 18.93, 'x': -33.897, 'yaw': -3.142}, None, None
720.06, [INFO], robot6, {'y': 18.93, 'x': -33.897, 'yaw': -3.142}, None, None
720.06, [INFO], robot6, {'battery-level': '16.70'}, None, None
730.06, [INFO], robot6, {'y': 18.93, 'x': -33.897, 'yaw': -3.142}, None, None
730.06, [INFO], robot6, {'battery-level': '16.18'}, None, None
740.03, [INFO], robot6, {'battery-level': '15.66'}, None, None
740.03, [INFO], robot6, {'y': 18.93, 'x': -33.897, 'yaw': 3.142}, None, None
750.01, [INFO], robot6, {'y': 18.93, 'x': -33.897, 'yaw': 3.142}, None, None
750.01, [INFO], robot6, {'battery-level': '15.14'}, None, None
760.09, [INFO], robot6, {'y': 18.93, 'x': -33.897, 'yaw': -3.142}, None, None
760.09, [INFO], robot6, {'battery-level': '14.62'}, None, None
770.08, [INFO], robot6, {'y': 18.93, 'x': -33.897, 'yaw': -3.142}, None, None
770.08, [INFO], robot6, {'battery-level': '14.10'}, None, None
780.01, [INFO], robot6, {'battery-level': '13.58'}, None, None
780.01, [INFO], robot6, {'y': 18.93, 'x': -33.897, 'yaw': -3.142}, None, None
790.05, [INFO], robot6, {'battery-level': '13.06'}, None, None
790.05, [INFO], robot6, {'y': 18.93, 'x': -33.897, 'yaw': -3.142}, None, None
800.04, [INFO], robot6, {'y': 18.93, 'x': -33.897, 'yaw': -3.142}, None, None
800.04, [INFO], robot6, {'battery-level': '12.54'}, None, None
810.02, [INFO], robot6, {'y': 18.93, 'x': -33.897, 'yaw': 3.142}, None, None
810.02, [INFO], robot6, {'battery-level': '12.02'}, None, None
820.08, [INFO], robot6, {'battery-level': '11.50'}, None, None
820.08, [INFO], robot6, {'y': 18.93, 'x': -33.897, 'yaw': 3.142}, None, None

[WARN], logger, TIMEOUT, None, None
