0.13, [DEBUG], logger, ROBOTS_CONFIG={'avg_speed': 0.15, 'battery_charge': 0.23995139509475963, 'battery_discharge_rate': 0.00068, 'id': 1, 'local_plan': [['navigation', ['IC Room 2', [[-27.23, 18.0, -1.57], [-27.23, 16.0], [-37.0, 16.0], [-37.0, 21.5], [-38.0, 21.5, 0.0]]], 'navto_room'], ['approach_person', ['nurse'], 'approach_nurse'], ['authenticate_person', ['nurse'], 'authenticate_nurse'], ['operate_drawer', ['open'], 'open_drawer_for_nurse'], ['send_message', ['nurse'], 'notify_nurse_of_open_drawer_for_nurse_completed'], ['wait_message', ['nurse'], 'wait_nurse_to_complete_deposit'], ['operate_drawer', ['close'], 'close_drawer_nurse'], ['navigation', ['Laboratory', [[-38.0, 21.5, 0.0], [-37.0, 21.5], [-37.0, 16.0], [-26.0, 16.0], [-26.0, 13.0, 1.57]]], 'navto_lab'], ['approach_robot', ['lab_arm'], 'approach_arm'], ['operate_drawer', ['open'], 'open_drawer_lab'], ['send_message', ['lab_arm'], 'notify_lab_arm_of_open_drawer_lab_completed'], ['wait_message', ['lab_arm'], 'wait_lab_arm_to_complete_pick_up_sample'], ['operate_drawer', ['close'], 'close_drawer_lab']], 'location': 'PC Room 4', 'name': 'r1', 'position': [-27.23, 18.0, -1.57], 'skills': ['approach_person', 'approach_robot', 'authenticate_person', 'navigation', 'operate_drawer']}, None, None
0.13, [DEBUG], logger, Simulation open, None, None
10.09, [INFO], robot1, {'battery-level': '23.38'}, None, None
10.09, [INFO], robot1, {'y': 17.22, 'x': -27.1, 'yaw': -3.142}, None, None
20.00, [INFO], robot1, {'battery-level': '22.70'}, None, None
20.00, [INFO], robot1, {'y': 16.127, 'x': -28.238, 'yaw': 3.142}, None, None
30.05, [INFO], robot1, {'battery-level': '22.02'}, None, None
30.05, [INFO], robot1, {'y': 16.112, 'x': -30.357, 'yaw': -3.142}, None, None
40.07, [INFO], robot1, {'y': 15.863, 'x': -32.461, 'yaw': -3.142}, None, None
40.07, [INFO], robot1, {'battery-level': '21.34'}, None, None
50.09, [INFO], robot1, {'battery-level': '20.66'}, None, None
50.09, [INFO], robot1, {'y': 15.392, 'x': -34.554, 'yaw': 3.141}, None, None
60.07, [INFO], robot1, {'battery-level': '19.98'}, None, None
60.07, [INFO], robot1, {'y': 15.761, 'x': -36.636, 'yaw': -3.141}, None, None
70.09, [INFO], robot1, {'y': 17.863, 'x': -36.679, 'yaw': -3.142}, None, None
70.09, [INFO], robot1, {'battery-level': '19.30'}, None, None
80.09, [INFO], robot1, {'y': 19.972, 'x': -36.8, 'yaw': 3.137}, None, None
80.09, [INFO], robot1, {'battery-level': '18.62'}, None, None
90.08, [INFO], robot1, {'battery-level': '17.94'}, None, None
90.08, [INFO], robot1, {'y': 21.602, 'x': -37.754, 'yaw': -3.14}, None, None
100.09, [INFO], robot1, {'battery-level': '17.26'}, None, None
100.09, [INFO], robot1, {'y': 21.469, 'x': -38.107, 'yaw': -3.142}, None, None
102.48, [info], nurse, sync, received-request, (status=sending-request)
102.48, [info], nurse, sync, request-sent, (status=waiting)
102.48, [info], nurse, sync, wait-message, (status=message-received)
110.01, [INFO], robot1, {'battery-level': '16.58'}, None, None
110.01, [INFO], robot1, {'y': 20.809, 'x': -37.224, 'yaw': -3.142}, None, None
120.00, [INFO], robot1, {'battery-level': '15.90'}, None, None
120.00, [INFO], robot1, {'y': 18.693, 'x': -37.174, 'yaw': 3.141}, None, None
130.02, [INFO], robot1, {'y': 16.575, 'x': -37.086, 'yaw': 3.141}, None, None
130.02, [INFO], robot1, {'battery-level': '15.22'}, None, None
140.03, [INFO], robot1, {'y': 15.653, 'x': -35.405, 'yaw': 3.141}, None, None
140.03, [INFO], robot1, {'battery-level': '14.54'}, None, None
150.08, [INFO], robot1, {'y': 15.413, 'x': -33.291, 'yaw': -3.141}, None, None
150.08, [INFO], robot1, {'battery-level': '13.86'}, None, None
160.07, [INFO], robot1, {'y': 15.551, 'x': -31.172, 'yaw': -3.141}, None, None
160.07, [INFO], robot1, {'battery-level': '13.18'}, None, None
170.09, [INFO], robot1, {'battery-level': '12.50'}, None, None
170.09, [INFO], robot1, {'y': 15.666, 'x': -29.048, 'yaw': 3.142}, None, None
180.01, [INFO], robot1, {'y': 15.773, 'x': -26.956, 'yaw': 3.142}, None, None
180.01, [INFO], robot1, {'battery-level': '11.82'}, None, None
190.05, [INFO], robot1, {'battery-level': '11.14'}, None, None
190.05, [INFO], robot1, {'y': 14.301, 'x': -25.804, 'yaw': 3.138}, None, None
200.07, [INFO], robot1, {'y': 12.902, 'x': -25.97, 'yaw': 3.142}, None, None
200.07, [INFO], robot1, {'battery-level': '10.46'}, None, None
204.76, [info], lab_arm, sync, wait-message, (status=message-received)
205.69, [WARN], robot1, SUCCESS, None, None
