0.19, [DEBUG], logger, ROBOTS_CONFIG={'avg_speed': 0.15, 'battery_charge': 0.7179616530181877, 'battery_discharge_rate': 0.00042, 'id': 5, 'local_plan': [['navigation', ['PC Room 3', [[-33.9, 18.93, 3.14], [-37.0, 18.93], [-37.0, 16.0], [-28.5, 16.0], [-28.5, 18.0, -1.57]]], 'navto_room'], ['approach_person', ['nurse'], 'approach_nurse'], ['authenticate_person', ['nurse'], 'authenticate_nurse'], ['operate_drawer', ['open'], 'open_drawer_for_nurse'], ['send_message', ['nurse'], 'notify_nurse_of_open_drawer_for_nurse_completed'], ['wait_message', ['nurse'], 'wait_nurse_to_complete_deposit'], ['operate_drawer', ['close'], 'close_drawer_nurse'], ['navigation', ['Laboratory', [[-28.5, 18.0, -1.57], [-28.5, 16.0], [-26.0, 16.0], [-26.0, 13.0, 1.57]]], 'navto_lab'], ['approach_robot', ['lab_arm'], 'approach_arm'], ['operate_drawer', ['open'], 'open_drawer_lab'], ['send_message', ['lab_arm'], 'notify_lab_arm_of_open_drawer_lab_completed'], ['wait_message', ['lab_arm'], 'wait_lab_arm_to_complete_pick_up_sample'], ['operate_drawer', ['close'], 'close_drawer_lab']], 'location': 'IC Room 6', 'name': 'r5', 'position': [-33.9, 18.93, 3.14], 'skills': ['approach_person', 'approach_robot', 'authenticate_person', 'navigation', 'operate_drawer']}, None, None
0.19, [DEBUG], logger, Simulation open, None, None
10.03, [INFO], robot5, {'battery-level': '71.42'}, None, None
10.03, [INFO], robot5, {'y': 18.93, 'x': -33.9, 'yaw': -3.142}, None, None
20.00, [INFO], robot5, {'battery-level': '71.00'}, None, None
20.00, [INFO], robot5, {'y': 17.79, 'x': -34.945, 'yaw': -3.142}, None, None
30.00, [INFO], robot5, {'y': 18.093, 'x': -36.757, 'yaw': 3.141}, None, None
30.00, [INFO], robot5, {'battery-level': '70.58'}, None, None
39.98, [INFO], robot5, {'y': 17.329, 'x': -36.804, 'yaw': 3.141}, None, None
40.00, [INFO], robot5, {'battery-level': '70.16'}, None, None
49.98, [INFO], robot5, {'y': 17.342, 'x': -36.804, 'yaw': 3.141}, None, None
50.00, [INFO], robot5, {'battery-level': '69.74'}, None, None
60.01, [INFO], robot5, {'battery-level': '69.32'}, None, None
60.01, [INFO], robot5, {'y': 17.403, 'x': -36.871, 'yaw': -3.142}, None, None
70.00, [INFO], robot5, {'y': 17.422, 'x': -37.008, 'yaw': 3.141}, None, None
70.00, [INFO], robot5, {'battery-level': '68.90'}, None, None
80.02, [INFO], robot5, {'y': 17.305, 'x': -36.983, 'yaw': -3.142}, None, None
80.02, [INFO], robot5, {'battery-level': '68.48'}, None, None
90.02, [INFO], robot5, {'battery-level': '68.06'}, None, None
90.02, [INFO], robot5, {'y': 17.259, 'x': -36.794, 'yaw': -3.142}, None, None
100.03, [INFO], robot5, {'battery-level': '67.64'}, None, None
100.03, [INFO], robot5, {'y': 17.327, 'x': -36.908, 'yaw': 3.142}, None, None
110.00, [INFO], robot5, {'battery-level': '67.22'}, None, None
110.02, [INFO], robot5, {'y': 17.428, 'x': -37.073, 'yaw': -3.141}, None, None
118.39, [WARN], robot5, SKILL-FAILURE, navigation, navto_room
