0.00, [DEBUG], nurse, NURSE_CONFIG={'location': 'IC Room 6', 'position': [-33.9, 18.93, 3.14]}, None, None
0.13, [DEBUG], logger, ROBOTS_CONFIG={'avg_speed': 0.15, 'battery_charge': 0.5914703710515797, 'battery_discharge_rate': 0.00048000000000000007, 'id': 1, 'local_plan': [['navigation', ['IC Room 6', [[-11.5, 18.0, -1.57], [-11.5, 16.0], [-37.0, 16.0], [-37.0, 18.93], [-33.9, 18.93, 3.14]]], 'navto_room'], ['approach_person', ['nurse'], 'approach_nurse'], ['authenticate_person', ['nurse'], 'authenticate_nurse'], ['operate_drawer', ['open'], 'open_drawer_for_nurse'], ['send_message', ['nurse'], 'notify_nurse_of_open_drawer_for_nurse_completed'], ['wait_message', ['nurse'], 'wait_nurse_to_complete_deposit'], ['operate_drawer', ['close'], 'close_drawer_nurse'], ['navigation', ['Laboratory', [[-33.9, 18.93, 3.14], [-37.0, 18.93], [-37.0, 16.0], [-26.0, 16.0], [-26.0, 13.0, 1.57]]], 'navto_lab'], ['approach_robot', ['lab_arm'], 'approach_arm'], ['operate_drawer', ['open'], 'open_drawer_lab'], ['send_message', ['lab_arm'], 'notify_lab_arm_of_open_drawer_lab_completed'], ['wait_message', ['lab_arm'], 'wait_lab_arm_to_complete_pick_up_sample'], ['operate_drawer', ['close'], 'close_drawer_lab']], 'location': 'PC Room 8', 'name': 'r1', 'position': [-11.5, 18.0, -1.57], 'skills': ['approach_person', 'approach_robot', 'navigation', 'operate_drawer']}, None, None
0.13, [DEBUG], logger, Simulation open, None, None
10.03, [INFO], robot1, {'y': 17.373, 'x': -11.66, 'yaw': 3.141}, None, None
10.03, [INFO], robot1, {'battery-level': '58.72'}, None, None
20.07, [INFO], robot1, {'battery-level': '58.24'}, None, None
20.07, [INFO], robot1, {'y': 16.291, 'x': -13.009, 'yaw': 3.141}, None, None
30.01, [INFO], robot1, {'battery-level': '57.76'}, None, None
30.01, [INFO], robot1, {'y': 16.195, 'x': -15.114, 'yaw': 3.142}, None, None
40.07, [INFO], robot1, {'battery-level': '57.28'}, None, None
40.07, [INFO], robot1, {'y': 16.137, 'x': -17.227, 'yaw': 3.141}, None, None
50.01, [INFO], robot1, {'y': 16.194, 'x': -19.32, 'yaw': 3.142}, None, None
50.01, [INFO], robot1, {'battery-level': '56.80'}, None, None
60.04, [INFO], robot1, {'battery-level': '56.32'}, None, None
60.04, [INFO], robot1, {'y': 16.302, 'x': -21.44, 'yaw': 3.142}, None, None
70.06, [INFO], robot1, {'battery-level': '55.84'}, None, None
70.06, [INFO], robot1, {'y': 16.166, 'x': -23.56, 'yaw': 3.141}, None, None
80.02, [INFO], robot1, {'battery-level': '55.36'}, None, None
80.02, [INFO], robot1, {'y': 16.12, 'x': -25.665, 'yaw': 3.141}, None, None
90.06, [INFO], robot1, {'battery-level': '54.88'}, None, None
90.06, [INFO], robot1, {'y': 16.185, 'x': -27.786, 'yaw': -3.141}, None, None
100.01, [INFO], robot1, {'battery-level': '54.40'}, None, None
100.01, [INFO], robot1, {'y': 16.222, 'x': -29.886, 'yaw': -3.142}, None, None
110.02, [INFO], robot1, {'battery-level': '53.92'}, None, None
110.02, [INFO], robot1, {'y': 15.995, 'x': -31.998, 'yaw': 3.141}, None, None
120.06, [INFO], robot1, {'battery-level': '53.44'}, None, None
120.06, [INFO], robot1, {'y': 15.451, 'x': -34.075, 'yaw': -3.142}, None, None
130.01, [INFO], robot1, {'y': 15.58, 'x': -36.165, 'yaw': 3.141}, None, None
130.01, [INFO], robot1, {'battery-level': '52.96'}, None, None
140.07, [INFO], robot1, {'battery-level': '52.48'}, None, None
140.07, [INFO], robot1, {'y': 17.27, 'x': -36.855, 'yaw': -3.141}, None, None
150.03, [INFO], robot1, {'y': 17.7, 'x': -36.787, 'yaw': 3.141}, None, None
150.03, [INFO], robot1, {'battery-level': '52.00'}, None, None
160.05, [INFO], robot1, {'y': 17.7, 'x': -36.79, 'yaw': -3.142}, None, None
160.05, [INFO], robot1, {'battery-level': '51.52'}, None, None
170.09, [INFO], robot1, {'battery-level': '51.04'}, None, None
170.09, [INFO], robot1, {'y': 17.741, 'x': -36.146, 'yaw': -3.141}, None, None
180.04, [INFO], robot1, {'battery-level': '50.56'}, None, None
180.04, [INFO], robot1, {'y': 18.091, 'x': -35.986, 'yaw': -3.142}, None, None
190.09, [INFO], robot1, {'battery-level': '50.08'}, None, None
190.09, [INFO], robot1, {'y': 18.011, 'x': -35.748, 'yaw': -3.141}, None, None
200.02, [INFO], robot1, {'battery-level': '49.60'}, None, None
200.02, [INFO], robot1, {'y': 18.15, 'x': -35.712, 'yaw': 3.141}, None, None
210.04, [INFO], robot1, {'battery-level': '49.12'}, None, None
210.04, [INFO], robot1, {'y': 18.083, 'x': -35.697, 'yaw': 3.141}, None, None
220.08, [INFO], robot1, {'battery-level': '48.64'}, None, None
220.08, [INFO], robot1, {'y': 18.155, 'x': -35.839, 'yaw': -3.142}, None, None
230.07, [INFO], robot1, {'battery-level': '48.16'}, None, None
230.07, [INFO], robot1, {'y': 18.201, 'x': -35.843, 'yaw': -3.142}, None, None
240.06, [INFO], robot1, {'battery-level': '47.68'}, None, None
240.06, [INFO], robot1, {'y': 18.201, 'x': -35.843, 'yaw': -3.142}, None, None
250.07, [INFO], robot1, {'battery-level': '47.20'}, None, None
250.07, [INFO], robot1, {'y': 18.199, 'x': -35.843, 'yaw': 3.141}, None, None
260.08, [INFO], robot1, {'battery-level': '46.72'}, None, None
260.08, [INFO], robot1, {'y': 18.215, 'x': -35.851, 'yaw': -3.142}, None, None
270.01, [INFO], robot1, {'y': 18.214, 'x': -35.847, 'yaw': -3.142}, None, None
270.01, [INFO], robot1, {'battery-level': '46.24'}, None, None
272.40, [WARN], robot1, SKILL-FAILURE, navigation, navto_room
