0.00, [DEBUG], nurse, NURSE_CONFIG={'location': 'IC Room 6', 'position': [-33.9, 18.93, 3.14]}, None, None
0.00, [INFO], robot4, {'battery-level': '65.21'}, None, None
0.13, [DEBUG], logger, ROBOTS_CONFIG={'avg_speed': 0.15, 'battery_charge': 0.6520875066754872, 'battery_discharge_rate': 0.0006000000000000001, 'id': 4, 'local_plan': [['navigation', ['IC Room 6', [[-39.44, 33.95, 0.0], [-37.0, 33.95], [-37.0, 18.93], [-33.9, 18.93, 3.14]]], 'navto_room'], ['approach_person', ['nurse'], 'approach_nurse'], ['authenticate_person', ['nurse'], 'authenticate_nurse'], ['operate_drawer', ['open'], 'open_drawer_for_nurse'], ['send_message', ['nurse'], 'notify_nurse_of_open_drawer_for_nurse_completed'], ['wait_message', ['nurse'], 'wait_nurse_to_complete_deposit'], ['operate_drawer', ['close'], 'close_drawer_nurse'], ['navigation', ['Laboratory', [[-33.9, 18.93, 3.14], [-37.0, 18.93], [-37.0, 16.0], [-26.0, 16.0], [-26.0, 13.0, 1.57]]], 'navto_lab'], ['approach_robot', ['lab_arm'], 'approach_arm'], ['operate_drawer', ['open'], 'open_drawer_lab'], ['send_message', ['lab_arm'], 'notify_lab_arm_of_open_drawer_lab_completed'], ['wait_message', ['lab_arm'], 'wait_lab_arm_to_complete_pick_up_sample'], ['operate_drawer', ['close'], 'close_drawer_lab']], 'location': 'IC Room 4', 'name': 'r4', 'position': [-39.44, 33.95, 0.0], 'skills': ['approach_person', 'approach_robot', 'authenticate_person', 'navigation', 'operate_drawer']}, None, None
0.13, [DEBUG], logger, Simulation open, None, None
10.05, [INFO], robot4, {'battery-level': '64.67'}, None, None
10.05, [INFO], robot4, {'y': 34.242, 'x': -38.747, 'yaw': 3.141}, None, None
20.07, [INFO], robot4, {'y': 33.871, 'x': -37.073, 'yaw': -3.142}, None, None
20.07, [INFO], robot4, {'battery-level': '64.07'}, None, None
30.09, [INFO], robot4, {'y': 31.758, 'x': -37.07, 'yaw': 3.141}, None, None
30.09, [INFO], robot4, {'battery-level': '63.47'}, None, None
40.04, [INFO], robot4, {'y': 29.658, 'x': -36.996, 'yaw': 3.141}, None, None
40.04, [INFO], robot4, {'battery-level': '62.87'}, None, None
50.00, [INFO], robot4, {'y': 27.55, 'x': -36.996, 'yaw': 3.136}, None, None
50.00, [INFO], robot4, {'battery-level': '62.27'}, None, None
60.09, [INFO], robot4, {'battery-level': '61.67'}, None, None
60.09, [INFO], robot4, {'y': 25.431, 'x': -37.046, 'yaw': 3.142}, None, None
70.03, [INFO], robot4, {'y': 23.327, 'x': -37.067, 'yaw': 3.141}, None, None
70.03, [INFO], robot4, {'battery-level': '61.07'}, None, None
80.07, [INFO], robot4, {'battery-level': '60.47'}, None, None
80.07, [INFO], robot4, {'y': 21.215, 'x': -37.188, 'yaw': 3.142}, None, None
90.02, [INFO], robot4, {'battery-level': '59.87'}, None, None
90.02, [INFO], robot4, {'y': 19.116, 'x': -37.078, 'yaw': 3.141}, None, None
100.06, [INFO], robot4, {'y': 17.707, 'x': -35.477, 'yaw': 3.139}, None, None
100.06, [INFO], robot4, {'battery-level': '59.27'}, None, None
110.08, [INFO], robot4, {'y': 18.821, 'x': -34.015, 'yaw': -3.142}, None, None
110.08, [INFO], robot4, {'battery-level': '58.67'}, None, None
117.73, [info], nurse, sync, received-request, (status=sending-request)
117.73, [info], nurse, sync, request-sent, (status=waiting)
117.73, [info], nurse, sync, wait-message, (status=message-received)
120.03, [INFO], robot4, {'y': 18.903, 'x': -34.146, 'yaw': 3.141}, None, None
120.03, [INFO], robot4, {'battery-level': '58.07'}, None, None
130.00, [INFO], robot4, {'battery-level': '57.47'}, None, None
130.00, [INFO], robot4, {'y': 17.795, 'x': -35.71, 'yaw': -3.142}, None, None
140.04, [INFO], robot4, {'battery-level': '56.87'}, None, None
140.04, [INFO], robot4, {'y': 18.084, 'x': -36.204, 'yaw': 3.141}, None, None
150.09, [INFO], robot4, {'battery-level': '56.27'}, None, None
150.09, [INFO], robot4, {'y': 17.308, 'x': -37.057, 'yaw': -3.142}, None, None
160.03, [INFO], robot4, {'battery-level': '55.67'}, None, None
160.03, [INFO], robot4, {'y': 17.327, 'x': -36.76, 'yaw': 3.141}, None, None
170.07, [INFO], robot4, {'battery-level': '55.07'}, None, None
170.07, [INFO], robot4, {'y': 17.474, 'x': -36.9, 'yaw': -3.142}, None, None
180.04, [INFO], robot4, {'battery-level': '54.47'}, None, None
180.04, [INFO], robot4, {'y': 17.189, 'x': -36.887, 'yaw': 3.142}, None, None
190.02, [INFO], robot4, {'battery-level': '53.87'}, None, None
190.02, [INFO], robot4, {'y': 17.307, 'x': -36.86, 'yaw': 3.141}, None, None
200.06, [INFO], robot4, {'battery-level': '53.27'}, None, None
200.06, [INFO], robot4, {'y': 17.348, 'x': -36.987, 'yaw': -3.142}, None, None
210.02, [INFO], robot4, {'battery-level': '52.67'}, None, None
210.02, [INFO], robot4, {'y': 17.283, 'x': -36.648, 'yaw': -3.142}, None, None
220.09, [INFO], robot4, {'battery-level': '52.07'}, None, None
220.09, [INFO], robot4, {'y': 17.374, 'x': -37.048, 'yaw': -3.141}, None, None
230.03, [INFO], robot4, {'battery-level': '51.47'}, None, None
230.03, [INFO], robot4, {'y': 17.269, 'x': -37.044, 'yaw': -3.142}, None, None
240.09, [INFO], robot4, {'y': 17.354, 'x': -36.974, 'yaw': 3.14}, None, None
240.09, [INFO], robot4, {'battery-level': '50.87'}, None, None
250.03, [INFO], robot4, {'battery-level': '50.27'}, None, None
250.03, [INFO], robot4, {'y': 17.42, 'x': -37.085, 'yaw': -3.142}, None, None
260.08, [INFO], robot4, {'y': 17.498, 'x': -37.041, 'yaw': -3.141}, None, None
260.08, [INFO], robot4, {'battery-level': '49.67'}, None, None
270.06, [INFO], robot4, {'battery-level': '49.07'}, None, None
270.06, [INFO], robot4, {'y': 17.261, 'x': -36.939, 'yaw': 3.142}, None, None
280.02, [INFO], robot4, {'y': 17.384, 'x': -36.876, 'yaw': -3.142}, None, None
280.02, [INFO], robot4, {'battery-level': '48.47'}, None, None
290.07, [INFO], robot4, {'y': 17.318, 'x': -36.947, 'yaw': 3.141}, None, None
290.07, [INFO], robot4, {'battery-level': '47.87'}, None, None
300.02, [INFO], robot4, {'y': 17.232, 'x': -37.086, 'yaw': -3.142}, None, None
300.02, [INFO], robot4, {'battery-level': '47.27'}, None, None
305.63, [WARN], robot4, SKILL-FAILURE, navigation, navto_lab
