0.00, [INFO], robot2, {'battery-level': '83.45'}, None, None
0.19, [DEBUG], logger, ROBOTS_CONFIG={'avg_speed': 0.15, 'battery_charge': 0.8344531419634984, 'battery_discharge_rate': 0.00054, 'id': 2, 'local_plan': [['navigation', ['IC Room 2', [[-19.0, 18.0, -1.57], [-19.0, 16.0], [-37.0, 16.0], [-37.0, 21.5], [-38.0, 21.5, 0.0]]], 'navto_room'], ['approach_person', ['nurse'], 'approach_nurse'], ['authenticate_person', ['nurse'], 'authenticate_nurse'], ['operate_drawer', ['open'], 'open_drawer_for_nurse'], ['send_message', ['nurse'], 'notify_nurse_of_open_drawer_for_nurse_completed'], ['wait_message', ['nurse'], 'wait_nurse_to_complete_deposit'], ['operate_drawer', ['close'], 'close_drawer_nurse'], ['navigation', ['Laboratory', [[-38.0, 21.5, 0.0], [-37.0, 21.5], [-37.0, 16.0], [-26.0, 16.0], [-26.0, 13.0, 1.57]]], 'navto_lab'], ['approach_robot', ['lab_arm'], 'approach_arm'], ['operate_drawer', ['open'], 'open_drawer_lab'], ['send_message', ['lab_arm'], 'notify_lab_arm_of_open_drawer_lab_completed'], ['wait_message', ['lab_arm'], 'wait_lab_arm_to_complete_pick_up_sample'], ['operate_drawer', ['close'], 'close_drawer_lab']], 'location': 'PC Room 6', 'name': 'r2', 'position': [-19.0, 18.0, -1.57], 'skills': ['approach_person', 'approach_robot', 'authenticate_person', 'navigation', 'operate_drawer']}, None, None
0.19, [DEBUG], logger, Simulation open, None, None
10.02, [INFO], robot2, {'battery-level': '82.96'}, None, None
10.02, [INFO], robot2, {'y': 17.2, 'x': -19.31, 'yaw': 3.141}, None, None
20.01, [INFO], robot2, {'y': 16.286, 'x': -20.532, 'yaw': -3.142}, None, None
20.01, [INFO], robot2, {'battery-level': '82.42'}, None, None
30.05, [INFO], robot2, {'battery-level': '81.88'}, None, None
30.05, [INFO], robot2, {'y': 16.248, 'x': -22.656, 'yaw': 3.136}, None, None
40.00, [INFO], robot2, {'y': 16.153, 'x': -24.758, 'yaw': 3.14}, None, None
40.00, [INFO], robot2, {'battery-level': '81.34'}, None, None
50.00, [INFO], robot2, {'battery-level': '80.80'}, None, None
50.00, [INFO], robot2, {'y': 16.117, 'x': -26.872, 'yaw': -3.141}, None, None
60.03, [INFO], robot2, {'y': 16.22, 'x': -28.993, 'yaw': -3.141}, None, None
60.03, [INFO], robot2, {'battery-level': '80.26'}, None, None
70.06, [INFO], robot2, {'battery-level': '79.72'}, None, None
70.06, [INFO], robot2, {'y': 16.083, 'x': -31.127, 'yaw': 3.14}, None, None
80.03, [INFO], robot2, {'y': 15.717, 'x': -33.21, 'yaw': -3.141}, None, None
80.03, [INFO], robot2, {'battery-level': '79.18'}, None, None
90.09, [INFO], robot2, {'battery-level': '78.64'}, None, None
90.09, [INFO], robot2, {'y': 15.41, 'x': -35.306, 'yaw': -3.141}, None, None
100.05, [INFO], robot2, {'battery-level': '78.10'}, None, None
100.05, [INFO], robot2, {'y': 16.562, 'x': -36.528, 'yaw': -3.142}, None, None
110.09, [INFO], robot2, {'battery-level': '77.56'}, None, None
110.09, [INFO], robot2, {'y': 18.694, 'x': -36.627, 'yaw': 3.141}, None, None
120.03, [INFO], robot2, {'battery-level': '77.02'}, None, None
120.03, [INFO], robot2, {'y': 20.806, 'x': -36.858, 'yaw': 3.141}, None, None
130.04, [INFO], robot2, {'y': 21.524, 'x': -38.071, 'yaw': 3.141}, None, None
130.04, [INFO], robot2, {'battery-level': '76.48'}, None, None
140.00, [INFO], robot2, {'y': 21.468, 'x': -38.074, 'yaw': -3.136}, None, None
140.00, [INFO], robot2, {'battery-level': '75.94'}, None, None
141.29, [info], nurse, sync, received-request, (status=sending-request)
141.29, [info], nurse, sync, request-sent, (status=waiting)
141.29, [info], nurse, sync, wait-message, (status=message-received)
150.02, [INFO], robot2, {'battery-level': '75.40'}, None, None
150.02, [INFO], robot2, {'y': 20.557, 'x': -37.166, 'yaw': -3.142}, None, None
160.03, [INFO], robot2, {'battery-level': '74.86'}, None, None
160.03, [INFO], robot2, {'y': 18.441, 'x': -37.131, 'yaw': 3.141}, None, None
170.09, [INFO], robot2, {'battery-level': '74.32'}, None, None
170.09, [INFO], robot2, {'y': 16.307, 'x': -37.007, 'yaw': 3.14}, None, None
180.02, [INFO], robot2, {'battery-level': '73.78'}, None, None
180.02, [INFO], robot2, {'y': 15.581, 'x': -35.081, 'yaw': 3.142}, None, None
190.04, [INFO], robot2, {'y': 15.472, 'x': -32.959, 'yaw': -3.142}, None, None
190.04, [INFO], robot2, {'battery-level': '73.24'}, None, None
200.08, [INFO], robot2, {'battery-level': '72.70'}, None, None
200.08, [INFO], robot2, {'y': 15.521, 'x': -30.821, 'yaw': -3.141}, None, None
210.03, [INFO], robot2, {'battery-level': '72.16'}, None, None
210.03, [INFO], robot2, {'y': 15.694, 'x': -28.722, 'yaw': 3.141}, None, None
220.07, [INFO], robot2, {'y': 15.771, 'x': -26.623, 'yaw': 3.142}, None, None
220.07, [INFO], robot2, {'battery-level': '71.62'}, None, None
230.04, [INFO], robot2, {'battery-level': '71.08'}, None, None
230.04, [INFO], robot2, {'y': 14.01, 'x': -25.727, 'yaw': 3.141}, None, None
240.08, [INFO], robot2, {'battery-level': '70.54'}, None, None
240.08, [INFO], robot2, {'y': 12.91, 'x': -25.923, 'yaw': -3.142}, None, None
247.54, [info], lab_arm, sync, wait-message, (status=message-received)
248.46, [WARN], robot2, SUCCESS, None, None
