0.13, [DEBUG], logger, ROBOTS_CONFIG={'avg_speed': 0.15, 'battery_charge': 0.6520875066754872, 'battery_discharge_rate': 0.0006000000000000001, 'id': 4, 'local_plan': [['navigation', ['IC Room 2', [[-32.88, 33.98, 3.14], [-37.0, 33.98], [-37.0, 21.5], [-38.0, 21.5, 0.0]]], 'navto_room'], ['approach_person', ['nurse'], 'approach_nurse'], ['authenticate_person', ['nurse'], 'authenticate_nurse'], ['operate_drawer', ['open'], 'open_drawer_for_nurse'], ['send_message', ['nurse'], 'notify_nurse_of_open_drawer_for_nurse_completed'], ['wait_message', ['nurse'], 'wait_nurse_to_complete_deposit'], ['operate_drawer', ['close'], 'close_drawer_nurse'], ['navigation', ['Laboratory', [[-38.0, 21.5, 0.0], [-37.0, 21.5], [-37.0, 16.0], [-26.0, 16.0], [-26.0, 13.0, 1.57]]], 'navto_lab'], ['approach_robot', ['lab_arm'], 'approach_arm'], ['operate_drawer', ['open'], 'open_drawer_lab'], ['send_message', ['lab_arm'], 'notify_lab_arm_of_open_drawer_lab_completed'], ['wait_message', ['lab_arm'], 'wait_lab_arm_to_complete_pick_up_sample'], ['operate_drawer', ['close'], 'close_drawer_lab']], 'location': 'IC Room 5', 'name': 'r4', 'position': [-32.88, 33.98, 3.14], 'skills': ['approach_person', 'approach_robot', 'authenticate_person', 'navigation', 'operate_drawer']}, None, None
0.13, [DEBUG], logger, Simulation open, None, None
10.09, [INFO], robot4, {'battery-level': '64.67'}, None, None
10.09, [INFO], robot4, {'y': 34.108, 'x': -33.304, 'yaw': -3.141}, None, None
20.09, [INFO], robot4, {'y': 34.728, 'x': -35.323, 'yaw': -3.142}, None, None
20.09, [INFO], robot4, {'battery-level': '64.07'}, None, None
30.08, [INFO], robot4, {'battery-level': '63.47'}, None, None
30.08, [INFO], robot4, {'y': 33.59, 'x': -36.881, 'yaw': 3.142}, None, None
40.01, [INFO], robot4, {'battery-level': '62.87'}, None, None
40.01, [INFO], robot4, {'y': 31.5, 'x': -36.83, 'yaw': -3.141}, None, None
50.09, [INFO], robot4, {'y': 29.38, 'x': -36.848, 'yaw': -3.142}, None, None
50.09, [INFO], robot4, {'battery-level': '62.27'}, None, None
60.05, [INFO], robot4, {'y': 27.278, 'x': -36.851, 'yaw': 3.141}, None, None
60.05, [INFO], robot4, {'battery-level': '61.67'}, None, None
70.05, [INFO], robot4, {'battery-level': '61.07'}, None, None
70.05, [INFO], robot4, {'y': 25.164, 'x': -36.931, 'yaw': 3.141}, None, None
80.08, [INFO], robot4, {'battery-level': '60.47'}, None, None
80.08, [INFO], robot4, {'y': 23.038, 'x': -36.993, 'yaw': 3.141}, None, None
90.06, [INFO], robot4, {'battery-level': '59.87'}, None, None
90.06, [INFO], robot4, {'y': 21.411, 'x': -37.794, 'yaw': 3.142}, None, None
97.82, [info], nurse, sync, received-request, (status=sending-request)
97.82, [info], nurse, sync, request-sent, (status=waiting)
97.82, [info], nurse, sync, wait-message, (status=message-received)
100.03, [INFO], robot4, {'battery-level': '59.27'}, None, None
100.03, [INFO], robot4, {'y': 21.368, 'x': -37.852, 'yaw': 3.141}, None, None
110.04, [INFO], robot4, {'battery-level': '58.67'}, None, None
110.04, [INFO], robot4, {'y': 19.731, 'x': -37.188, 'yaw': -3.142}, None, None
120.05, [INFO], robot4, {'battery-level': '58.07'}, None, None
120.05, [INFO], robot4, {'y': 17.623, 'x': -37.144, 'yaw': 3.141}, None, None
130.09, [INFO], robot4, {'battery-level': '57.47'}, None, None
130.09, [INFO], robot4, {'y': 15.881, 'x': -36.426, 'yaw': 3.141}, None, None
140.09, [INFO], robot4, {'battery-level': '56.87'}, None, None
140.09, [INFO], robot4, {'y': 15.352, 'x': -34.35, 'yaw': -3.141}, None, None
150.01, [INFO], robot4, {'battery-level': '56.27'}, None, None
150.01, [INFO], robot4, {'y': 15.519, 'x': -32.255, 'yaw': -3.142}, None, None
160.07, [INFO], robot4, {'battery-level': '55.67'}, None, None
160.07, [INFO], robot4, {'y': 15.566, 'x': -30.127, 'yaw': 3.141}, None, None
170.03, [INFO], robot4, {'y': 15.745, 'x': -28.034, 'yaw': 3.142}, None, None
170.03, [INFO], robot4, {'battery-level': '55.07'}, None, None
180.07, [INFO], robot4, {'battery-level': '54.47'}, None, None
180.07, [INFO], robot4, {'y': 15.345, 'x': -26.125, 'yaw': -3.142}, None, None
190.01, [INFO], robot4, {'battery-level': '53.87'}, None, None
190.01, [INFO], robot4, {'y': 13.289, 'x': -25.764, 'yaw': 3.142}, None, None
200.07, [INFO], robot4, {'battery-level': '53.27'}, None, None
200.07, [INFO], robot4, {'y': 12.927, 'x': -25.952, 'yaw': 3.142}, None, None
200.90, [info], lab_arm, sync, wait-message, (status=message-received)
201.81, [WARN], robot4, SUCCESS, None, None
