0.00, [DEBUG], nurse, NURSE_CONFIG={'location': 'IC Room 6', 'position': [-33.9, 18.93, 3.14]}, None, None
0.00, [DEBUG], logger, ROBOTS_CONFIG={'avg_speed': 0.15, 'battery_charge': 0.2817995261312799, 'battery_discharge_rate': 0.0002, 'id': 5, 'local_plan': [['navigation', ['IC Room 6', [[-13.5, 18.0, -1.57], [-13.5, 16.0], [-37.0, 16.0], [-37.0, 18.93], [-33.9, 18.93, 3.14]]], 'navto_room'], ['approach_person', ['nurse'], 'approach_nurse'], ['authenticate_person', ['nurse'], 'authenticate_nurse'], ['operate_drawer', ['open'], 'open_drawer_for_nurse'], ['send_message', ['nurse'], 'notify_nurse_of_open_drawer_for_nurse_completed'], ['wait_message', ['nurse'], 'wait_nurse_to_complete_deposit'], ['operate_drawer', ['close'], 'close_drawer_nurse'], ['navigation', ['Laboratory', [[-33.9, 18.93, 3.14], [-37.0, 18.93], [-37.0, 16.0], [-26.0, 16.0], [-26.0, 13.0, 1.57]]], 'navto_lab'], ['approach_robot', ['lab_arm'], 'approach_arm'], ['operate_drawer', ['open'], 'open_drawer_lab'], ['send_message', ['lab_arm'], 'notify_lab_arm_of_open_drawer_lab_completed'], ['wait_message', ['lab_arm'], 'wait_lab_arm_to_complete_pick_up_sample'], ['operate_drawer', ['close'], 'close_drawer_lab']], 'location': 'PC Room 7', 'name': 'r5', 'position': [-13.5, 18.0, -1.57], 'skills': ['approach_person', 'approach_robot', 'authenticate_person', 'navigation', 'operate_drawer']}, None, None
0.00, [DEBUG], logger, Simulation open, None, None
10.08, [INFO], robot5, {'battery-level': '28.00'}, None, None
10.08, [INFO], robot5, {'y': 17.12, 'x': -13.493, 'yaw': -3.141}, None, None
20.02, [INFO], robot5, {'battery-level': '27.80'}, None, None
20.02, [INFO], robot5, {'y': 16.105, 'x': -14.743, 'yaw': 3.142}, None, None
30.06, [INFO], robot5, {'battery-level': '27.60'}, None, None
30.06, [INFO], robot5, {'y': 16.041, 'x': -16.863, 'yaw': 3.14}, None, None
40.09, [INFO], robot5, {'y': 16.1, 'x': -18.965, 'yaw': 3.141}, None, None
40.09, [INFO], robot5, {'battery-level': '27.40'}, None, None
50.04, [INFO], robot5, {'battery-level': '27.20'}, None, None
50.04, [INFO], robot5, {'y': 16.257, 'x': -21.064, 'yaw': 3.141}, None, None
60.00, [INFO], robot5, {'battery-level': '27.00'}, None, None
60.00, [INFO], robot5, {'y': 16.134, 'x': -23.166, 'yaw': -3.142}, None, None
70.04, [INFO], robot5, {'battery-level': '26.80'}, None, None
70.04, [INFO], robot5, {'y': 16.083, 'x': -25.294, 'yaw': 3.141}, None, None
80.07, [INFO], robot5, {'y': 16.107, 'x': -27.422, 'yaw': 3.142}, None, None
80.07, [INFO], robot5, {'battery-level': '26.60'}, None, None
90.01, [INFO], robot5, {'y': 16.238, 'x': -29.521, 'yaw': -3.142}, None, None
90.01, [INFO], robot5, {'battery-level': '26.40'}, None, None
100.00, [INFO], robot5, {'battery-level': '26.20'}, None, None
100.00, [INFO], robot5, {'y': 16.003, 'x': -31.63, 'yaw': -3.142}, None, None
110.03, [INFO], robot5, {'battery-level': '26.00'}, None, None
110.03, [INFO], robot5, {'y': 15.574, 'x': -33.739, 'yaw': -3.142}, None, None
120.05, [INFO], robot5, {'y': 15.528, 'x': -35.832, 'yaw': 3.142}, None, None
120.05, [INFO], robot5, {'battery-level': '25.80'}, None, None
130.08, [INFO], robot5, {'y': 17.05, 'x': -36.744, 'yaw': -3.141}, None, None
130.08, [INFO], robot5, {'battery-level': '25.60'}, None, None
140.02, [INFO], robot5, {'battery-level': '25.40'}, None, None
140.02, [INFO], robot5, {'y': 17.663, 'x': -36.711, 'yaw': 3.142}, None, None
150.07, [INFO], robot5, {'battery-level': '25.20'}, None, None
150.07, [INFO], robot5, {'y': 18.105, 'x': -35.93, 'yaw': 3.141}, None, None
160.09, [INFO], robot5, {'y': 17.912, 'x': -35.826, 'yaw': -3.142}, None, None
160.09, [INFO], robot5, {'battery-level': '25.00'}, None, None
170.05, [INFO], robot5, {'battery-level': '24.80'}, None, None
170.05, [INFO], robot5, {'y': 18.197, 'x': -35.813, 'yaw': 3.141}, None, None
180.09, [INFO], robot5, {'battery-level': '24.60'}, None, None
180.09, [INFO], robot5, {'y': 18.21, 'x': -35.797, 'yaw': -3.142}, None, None
190.03, [INFO], robot5, {'y': 18.201, 'x': -35.793, 'yaw': 3.141}, None, None
190.03, [INFO], robot5, {'battery-level': '24.40'}, None, None
200.07, [INFO], robot5, {'battery-level': '24.20'}, None, None
200.07, [INFO], robot5, {'y': 18.199, 'x': -35.763, 'yaw': -3.142}, None, None
210.02, [INFO], robot5, {'y': 18.241, 'x': -35.944, 'yaw': -3.141}, None, None
210.02, [INFO], robot5, {'battery-level': '24.00'}, None, None
216.22, [WARN], robot5, SKILL-FAILURE, navigation, navto_room
