0.13, [DEBUG], logger, ROBOTS_CONFIG={'avg_speed': 0.15, 'battery_charge': 0.5914703710515797, 'battery_discharge_rate': 0.00048000000000000007, 'id': 1, 'local_plan': [['navigation', ['PC Room 3', [[-39.44, 33.95, 0.0], [-37.0, 33.95], [-37.0, 16.0], [-28.5, 16.0], [-28.5, 18.0, -1.57]]], 'navto_room'], ['approach_person', ['nurse'], 'approach_nurse'], ['authenticate_person', ['nurse'], 'authenticate_nurse'], ['operate_drawer', ['open'], 'open_drawer_for_nurse'], ['send_message', ['nurse'], 'notify_nurse_of_open_drawer_for_nurse_completed'], ['wait_message', ['nurse'], 'wait_nurse_to_complete_deposit'], ['operate_drawer', ['close'], 'close_drawer_nurse'], ['navigation', ['Laboratory', [[-28.5, 18.0, -1.57], [-28.5, 16.0], [-26.0, 16.0], [-26.0, 13.0, 1.57]]], 'navto_lab'], ['approach_robot', ['lab_arm'], 'approach_arm'], ['operate_drawer', ['open'], 'open_drawer_lab'], ['send_message', ['lab_arm'], 'notify_lab_arm_of_open_drawer_lab_completed'], ['wait_message', ['lab_arm'], 'wait_lab_arm_to_complete_pick_up_sample'], ['operate_drawer', ['close'], 'close_drawer_lab']], 'location': 'IC Room 4', 'name': 'r1', 'position': [-39.44, 33.95, 0.0], 'skills': ['approach_person', 'approach_robot', 'authenticate_person', 'navigation', 'operate_drawer']}, None, None
0.13, [DEBUG], logger, Simulation open, None, None
10.03, [INFO], robot1, {'battery-level': '58.72'}, None, None
10.03, [INFO], robot1, {'y': 33.951, 'x': -39.441, 'yaw': -3.141}, None, None
20.04, [INFO], robot1, {'battery-level': '58.24'}, None, None
20.04, [INFO], robot1, {'y': 34.498, 'x': -37.57, 'yaw': -3.141}, None, None
30.09, [INFO], robot1, {'battery-level': '57.76'}, None, None
30.09, [INFO], robot1, {'y': 32.573, 'x': -37.044, 'yaw': 3.14}, None, None
40.05, [INFO], robot1, {'y': 30.468, 'x': -37.049, 'yaw': 3.141}, None, None
40.05, [INFO], robot1, {'battery-level': '57.28'}, None, None
50.08, [INFO], robot1, {'battery-level': '56.80'}, None, None
50.08, [INFO], robot1, {'y': 28.349, 'x': -36.998, 'yaw': 3.141}, None, None
60.02, [INFO], robot1, {'battery-level': '56.32'}, None, None
60.02, [INFO], robot1, {'y': 26.264, 'x': -37.043, 'yaw': 3.141}, None, None
70.05, [INFO], robot1, {'battery-level': '55.84'}, None, None
70.05, [INFO], robot1, {'y': 24.149, 'x': -37.02, 'yaw': 3.141}, None, None
80.00, [INFO], robot1, {'y': 22.041, 'x': -37.115, 'yaw': 3.141}, None, None
80.00, [INFO], robot1, {'battery-level': '55.36'}, None, None
90.04, [INFO], robot1, {'battery-level': '54.88'}, None, None
90.04, [INFO], robot1, {'y': 19.931, 'x': -37.101, 'yaw': 3.141}, None, None
100.01, [INFO], robot1, {'y': 17.822, 'x': -37.0, 'yaw': 3.14}, None, None
100.01, [INFO], robot1, {'battery-level': '54.40'}, None, None
110.03, [INFO], robot1, {'battery-level': '53.92'}, None, None
110.03, [INFO], robot1, {'y': 15.868, 'x': -36.645, 'yaw': 3.141}, None, None
120.09, [INFO], robot1, {'y': 15.388, 'x': -34.564, 'yaw': -3.142}, None, None
120.09, [INFO], robot1, {'battery-level': '53.44'}, None, None
130.01, [INFO], robot1, {'y': 15.497, 'x': -32.457, 'yaw': 3.142}, None, None
130.01, [INFO], robot1, {'battery-level': '52.96'}, None, None
140.03, [INFO], robot1, {'battery-level': '52.48'}, None, None
140.03, [INFO], robot1, {'y': 15.565, 'x': -30.342, 'yaw': 3.141}, None, None
150.06, [INFO], robot1, {'battery-level': '52.00'}, None, None
150.06, [INFO], robot1, {'y': 16.432, 'x': -28.615, 'yaw': 3.141}, None, None
160.01, [INFO], robot1, {'battery-level': '51.52'}, None, None
160.01, [INFO], robot1, {'y': 17.955, 'x': -28.602, 'yaw': -3.141}, None, None
166.53, [info], nurse, sync, received-request, (status=sending-request)
166.53, [info], nurse, sync, request-sent, (status=waiting)
166.53, [info], nurse, sync, wait-message, (status=message-received)
170.05, [INFO], robot1, {'battery-level': '51.04'}, None, None
170.05, [INFO], robot1, {'y': 17.492, 'x': -28.725, 'yaw': 3.141}, None, None
180.07, [INFO], robot1, {'battery-level': '50.56'}, None, None
180.07, [INFO], robot1, {'y': 16.166, 'x': -27.869, 'yaw': 3.141}, None, None
190.04, [INFO], robot1, {'battery-level': '50.08'}, None, None
190.04, [INFO], robot1, {'y': 15.54, 'x': -26.083, 'yaw': 3.142}, None, None
200.01, [INFO], robot1, {'battery-level': '49.60'}, None, None
200.01, [INFO], robot1, {'y': 13.457, 'x': -25.729, 'yaw': -3.142}, None, None
210.05, [INFO], robot1, {'y': 12.906, 'x': -25.952, 'yaw': 3.141}, None, None
210.05, [INFO], robot1, {'battery-level': '49.12'}, None, None
218.88, [info], lab_arm, sync, wait-message, (status=message-received)
219.80, [WARN], robot1, SUCCESS, None, None
220.07, [INFO], robot1, {'battery-level': '48.64'}, None, None
220.07, [INFO], robot1, {'y': 12.844, 'x': -26.004, 'yaw': 3.141}, None, None
