0.00, [INFO], robot4, {'battery-level': '65.21'}, None, None
0.13, [DEBUG], logger, ROBOTS_CONFIG={'avg_speed': 0.15, 'battery_charge': 0.6520875066754872, 'battery_discharge_rate': 0.0005600000000000001, 'id': 4, 'local_plan': [['navigation', ['IC Room 6', [[-39.44, 33.95, 0.0], [-37.0, 33.95], [-37.0, 18.93], [-33.9, 18.93, 3.14]]], 'navto_room'], ['approach_person', ['nurse'], 'approach_nurse'], ['authenticate_person', ['nurse'], 'authenticate_nurse'], ['operate_drawer', ['open'], 'open_drawer_for_nurse'], ['send_message', ['nurse'], 'notify_nurse_of_open_drawer_for_nurse_completed'], ['wait_message', ['nurse'], 'wait_nurse_to_complete_deposit'], ['operate_drawer', ['close'], 'close_drawer_nurse'], ['navigation', ['Laboratory', [[-33.9, 18.93, 3.14], [-37.0, 18.93], [-37.0, 16.0], [-26.0, 16.0], [-26.0, 13.0, 1.57]]], 'navto_lab'], ['approach_robot', ['lab_arm'], 'approach_arm'], ['operate_drawer', ['open'], 'open_drawer_lab'], ['send_message', ['lab_arm'], 'notify_lab_arm_of_open_drawer_lab_completed'], ['wait_message', ['lab_arm'], 'wait_lab_arm_to_complete_pick_up_sample'], ['operate_drawer', ['close'], 'close_drawer_lab']], 'location': 'IC Room 4', 'name': 'r4', 'position': [-39.44, 33.95, 0.0], 'skills': ['approach_person', 'approach_robot', 'authenticate_person', 'navigation', 'operate_drawer']}, None, None
0.13, [DEBUG], logger, Simulation open, None, None
10.03, [INFO], robot4, {'battery-level': '64.70'}, None, None
10.03, [INFO], robot4, {'y': 34.231, 'x': -38.754, 'yaw': 3.141}, None, None
20.06, [INFO], robot4, {'battery-level': '64.14'}, None, None
20.06, [INFO], robot4, {'y': 33.913, 'x': -37.055, 'yaw': 3.142}, None, None
30.03, [INFO], robot4, {'battery-level': '63.58'}, None, None
30.03, [INFO], robot4, {'y': 31.807, 'x': -36.988, 'yaw': 3.14}, None, None
40.05, [INFO], robot4, {'battery-level': '63.02'}, None, None
40.05, [INFO], robot4, {'y': 29.7, 'x': -37.048, 'yaw': 3.141}, None, None
50.08, [INFO], robot4, {'y': 27.584, 'x': -36.989, 'yaw': 3.136}, None, None
50.08, [INFO], robot4, {'battery-level': '62.46'}, None, None
60.02, [INFO], robot4, {'y': 25.493, 'x': -36.99, 'yaw': 3.142}, None, None
60.02, [INFO], robot4, {'battery-level': '61.90'}, None, None
70.04, [INFO], robot4, {'battery-level': '61.34'}, None, None
70.04, [INFO], robot4, {'y': 23.384, 'x': -37.02, 'yaw': 3.141}, None, None
80.06, [INFO], robot4, {'y': 21.272, 'x': -37.13, 'yaw': -3.142}, None, None
80.06, [INFO], robot4, {'battery-level': '60.78'}, None, None
90.06, [INFO], robot4, {'y': 19.157, 'x': -37.039, 'yaw': 3.141}, None, None
90.06, [INFO], robot4, {'battery-level': '60.22'}, None, None
100.08, [INFO], robot4, {'y': 17.817, 'x': -35.414, 'yaw': -3.141}, None, None
100.08, [INFO], robot4, {'battery-level': '59.66'}, None, None
110.06, [INFO], robot4, {'y': 18.874, 'x': -33.97, 'yaw': -3.142}, None, None
110.06, [INFO], robot4, {'battery-level': '59.10'}, None, None
117.58, [info], nurse, sync, received-request, (status=sending-request)
117.58, [info], nurse, sync, request-sent, (status=waiting)
117.67, [info], nurse, sync, wait-message, (status=message-received)
120.07, [INFO], robot4, {'battery-level': '58.54'}, None, None
120.07, [INFO], robot4, {'y': 18.914, 'x': -34.134, 'yaw': -3.142}, None, None
130.01, [INFO], robot4, {'battery-level': '57.98'}, None, None
130.01, [INFO], robot4, {'y': 17.809, 'x': -35.691, 'yaw': 3.142}, None, None
140.07, [INFO], robot4, {'y': 18.067, 'x': -36.201, 'yaw': -3.142}, None, None
140.07, [INFO], robot4, {'battery-level': '57.42'}, None, None
150.02, [INFO], robot4, {'battery-level': '56.86'}, None, None
150.02, [INFO], robot4, {'y': 18.067, 'x': -36.201, 'yaw': -3.142}, None, None
160.08, [INFO], robot4, {'y': 17.354, 'x': -36.983, 'yaw': 3.142}, None, None
160.08, [INFO], robot4, {'battery-level': '56.30'}, None, None
170.05, [INFO], robot4, {'battery-level': '55.74'}, None, None
170.05, [INFO], robot4, {'y': 17.414, 'x': -36.883, 'yaw': 3.14}, None, None
180.01, [INFO], robot4, {'y': 17.219, 'x': -36.922, 'yaw': -3.141}, None, None
180.01, [INFO], robot4, {'battery-level': '55.18'}, None, None
190.01, [INFO], robot4, {'battery-level': '54.62'}, None, None
190.01, [INFO], robot4, {'y': 17.215, 'x': -37.099, 'yaw': -3.141}, None, None
200.03, [INFO], robot4, {'y': 17.361, 'x': -37.043, 'yaw': 3.14}, None, None
200.03, [INFO], robot4, {'battery-level': '54.06'}, None, None
210.02, [INFO], robot4, {'battery-level': '53.50'}, None, None
210.02, [INFO], robot4, {'y': 17.192, 'x': -36.819, 'yaw': -3.142}, None, None
220.04, [INFO], robot4, {'y': 17.404, 'x': -36.858, 'yaw': 3.141}, None, None
220.04, [INFO], robot4, {'battery-level': '52.94'}, None, None
230.07, [INFO], robot4, {'y': 17.421, 'x': -36.865, 'yaw': 3.141}, None, None
230.07, [INFO], robot4, {'battery-level': '52.38'}, None, None
240.08, [INFO], robot4, {'y': 17.337, 'x': -37.026, 'yaw': 3.141}, None, None
240.08, [INFO], robot4, {'battery-level': '51.82'}, None, None
250.04, [INFO], robot4, {'battery-level': '51.26'}, None, None
250.04, [INFO], robot4, {'y': 17.185, 'x': -37.03, 'yaw': -3.141}, None, None
260.07, [INFO], robot4, {'y': 17.382, 'x': -36.738, 'yaw': 3.142}, None, None
260.07, [INFO], robot4, {'battery-level': '50.70'}, None, None
270.01, [INFO], robot4, {'battery-level': '50.14'}, None, None
270.01, [INFO], robot4, {'y': 17.375, 'x': -36.984, 'yaw': 3.141}, None, None
280.04, [INFO], robot4, {'battery-level': '49.58'}, None, None
280.04, [INFO], robot4, {'y': 17.317, 'x': -36.885, 'yaw': -3.142}, None, None
290.03, [INFO], robot4, {'y': 17.308, 'x': -37.057, 'yaw': 3.141}, None, None
290.03, [INFO], robot4, {'battery-level': '49.02'}, None, None
300.04, [INFO], robot4, {'battery-level': '48.46'}, None, None
300.04, [INFO], robot4, {'y': 17.254, 'x': -36.902, 'yaw': -3.141}, None, None
300.22, [WARN], robot4, SKILL-FAILURE, navigation, navto_lab
