0.12, [DEBUG], logger, ROBOTS_CONFIG={'avg_speed': 0.15, 'battery_charge': 0.8344531419634984, 'battery_discharge_rate': 0.00026000000000000003, 'id': 2, 'local_plan': [['navigation', ['PC Room 3', [[-21.0, 18.0, -1.57], [-21.0, 16.0], [-28.5, 16.0], [-28.5, 18.0, -1.57]]], 'navto_room'], ['approach_person', ['nurse'], 'approach_nurse'], ['authenticate_person', ['nurse'], 'authenticate_nurse'], ['operate_drawer', ['open'], 'open_drawer_for_nurse'], ['send_message', ['nurse'], 'notify_nurse_of_open_drawer_for_nurse_completed'], ['wait_message', ['nurse'], 'wait_nurse_to_complete_deposit'], ['operate_drawer', ['close'], 'close_drawer_nurse'], ['navigation', ['Laboratory', [[-28.5, 18.0, -1.57], [-28.5, 16.0], [-26.0, 16.0], [-26.0, 13.0, 1.57]]], 'navto_lab'], ['approach_robot', ['lab_arm'], 'approach_arm'], ['operate_drawer', ['open'], 'open_drawer_lab'], ['send_message', ['lab_arm'], 'notify_lab_arm_of_open_drawer_lab_completed'], ['wait_message', ['lab_arm'], 'wait_lab_arm_to_complete_pick_up_sample'], ['operate_drawer', ['close'], 'close_drawer_lab']], 'location': 'PC Room 5', 'name': 'r2', 'position': [-21.0, 18.0, -1.57], 'skills': ['approach_person', 'approach_robot', 'authenticate_person', 'navigation', 'operate_drawer']}, None, None
0.12, [DEBUG], logger, Simulation open, None, None
10.03, [INFO], robot2, {'battery-level': '83.21'}, None, None
10.03, [INFO], robot2, {'y': 17.129, 'x': -20.945, 'yaw': 3.142}, None, None
20.09, [INFO], robot2, {'battery-level': '82.95'}, None, None
20.09, [INFO], robot2, {'y': 16.088, 'x': -22.215, 'yaw': -3.141}, None, None
30.07, [INFO], robot2, {'battery-level': '82.69'}, None, None
30.07, [INFO], robot2, {'y': 16.056, 'x': -24.32, 'yaw': 3.141}, None, None
40.00, [INFO], robot2, {'battery-level': '82.43'}, None, None
40.00, [INFO], robot2, {'y': 16.036, 'x': -26.412, 'yaw': 3.142}, None, None
50.05, [INFO], robot2, {'battery-level': '82.17'}, None, None
50.05, [INFO], robot2, {'y': 16.358, 'x': -28.429, 'yaw': -3.142}, None, None
60.08, [INFO], robot2, {'battery-level': '81.91'}, None, None
60.08, [INFO], robot2, {'y': 17.925, 'x': -28.608, 'yaw': -3.142}, None, None
70.03, [INFO], robot2, {'battery-level': '81.65'}, None, None
70.03, [INFO], robot2, {'y': 17.992, 'x': -28.662, 'yaw': -3.142}, None, None
72.88, [info], nurse, sync, received-request, (status=sending-request)
72.88, [info], nurse, sync, request-sent, (status=waiting)
72.88, [info], nurse, sync, wait-message, (status=message-received)
80.07, [INFO], robot2, {'y': 16.712, 'x': -28.722, 'yaw': -3.142}, None, None
80.07, [INFO], robot2, {'battery-level': '81.39'}, None, None
90.05, [INFO], robot2, {'battery-level': '81.13'}, None, None
90.05, [INFO], robot2, {'y': 16.067, 'x': -27.049, 'yaw': -3.138}, None, None
100.07, [INFO], robot2, {'y': 14.654, 'x': -25.824, 'yaw': -3.142}, None, None
100.07, [INFO], robot2, {'battery-level': '80.87'}, None, None
110.03, [INFO], robot2, {'y': 12.952, 'x': -25.928, 'yaw': 3.141}, None, None
110.03, [INFO], robot2, {'battery-level': '80.61'}, None, None
117.05, [info], lab_arm, sync, wait-message, (status=message-received)
117.97, [WARN], robot2, SUCCESS, None, None
