0.19, [DEBUG], logger, ROBOTS_CONFIG={'avg_speed': 0.15, 'battery_charge': 0.462681764358839, 'battery_discharge_rate': 0.00064, 'id': 3, 'local_plan': [['navigation', ['IC Room 6', [[-38.0, 21.5, 0.0], [-37.0, 21.5], [-37.0, 18.93], [-33.9, 18.93, 3.14]]], 'navto_room'], ['approach_person', ['nurse'], 'approach_nurse'], ['authenticate_person', ['nurse'], 'authenticate_nurse'], ['operate_drawer', ['open'], 'open_drawer_for_nurse'], ['send_message', ['nurse'], 'notify_nurse_of_open_drawer_for_nurse_completed'], ['wait_message', ['nurse'], 'wait_nurse_to_complete_deposit'], ['operate_drawer', ['close'], 'close_drawer_nurse'], ['navigation', ['Laboratory', [[-33.9, 18.93, 3.14], [-37.0, 18.93], [-37.0, 16.0], [-26.0, 16.0], [-26.0, 13.0, 1.57]]], 'navto_lab'], ['approach_robot', ['lab_arm'], 'approach_arm'], ['operate_drawer', ['open'], 'open_drawer_lab'], ['send_message', ['lab_arm'], 'notify_lab_arm_of_open_drawer_lab_completed'], ['wait_message', ['lab_arm'], 'wait_lab_arm_to_complete_pick_up_sample'], ['operate_drawer', ['close'], 'close_drawer_lab']], 'location': 'IC Room 2', 'name': 'r3', 'position': [-38.0, 21.5, 0.0], 'skills': ['approach_person', 'approach_robot', 'authenticate_person', 'navigation', 'operate_drawer']}, None, None
0.19, [DEBUG], logger, Simulation open, None, None
9.97, [INFO], robot3, {'y': 21.501, 'x': -38.002, 'yaw': 3.141}, None, None
9.97, [INFO], robot3, {'battery-level': '45.69'}, None, None
20.00, [INFO], robot3, {'battery-level': '45.05'}, None, None
20.00, [INFO], robot3, {'y': 20.472, 'x': -37.239, 'yaw': 3.142}, None, None
30.01, [INFO], robot3, {'y': 18.544, 'x': -36.549, 'yaw': 3.142}, None, None
30.01, [INFO], robot3, {'battery-level': '44.41'}, None, None
40.01, [INFO], robot3, {'battery-level': '43.77'}, None, None
40.01, [INFO], robot3, {'y': 17.855, 'x': -34.693, 'yaw': 3.141}, None, None
49.98, [INFO], robot3, {'y': 18.944, 'x': -33.939, 'yaw': 3.142}, None, None
50.00, [INFO], robot3, {'battery-level': '43.13'}, None, None
54.92, [info], nurse, sync, received-request, (status=sending-request)
54.92, [info], nurse, sync, request-sent, (status=waiting)
54.93, [info], nurse, sync, wait-message, (status=message-received)
60.02, [INFO], robot3, {'battery-level': '42.49'}, None, None
60.02, [INFO], robot3, {'y': 18.251, 'x': -34.522, 'yaw': -3.142}, None, None
70.02, [INFO], robot3, {'battery-level': '41.85'}, None, None
70.02, [INFO], robot3, {'y': 17.964, 'x': -36.069, 'yaw': -3.142}, None, None
79.98, [INFO], robot3, {'y': 17.913, 'x': -37.016, 'yaw': 3.141}, None, None
80.00, [INFO], robot3, {'battery-level': '41.21'}, None, None
90.02, [INFO], robot3, {'y': 17.43, 'x': -37.221, 'yaw': 3.142}, None, None
90.02, [INFO], robot3, {'battery-level': '40.57'}, None, None
100.01, [INFO], robot3, {'battery-level': '39.93'}, None, None
100.01, [INFO], robot3, {'y': 17.433, 'x': -37.0, 'yaw': 3.142}, None, None
109.98, [INFO], robot3, {'battery-level': '39.29'}, None, None
109.98, [INFO], robot3, {'y': 17.432, 'x': -37.001, 'yaw': 3.142}, None, None
120.00, [INFO], robot3, {'battery-level': '38.65'}, None, None
120.00, [INFO], robot3, {'y': 17.227, 'x': -36.794, 'yaw': 3.141}, None, None
130.01, [INFO], robot3, {'battery-level': '38.01'}, None, None
130.01, [INFO], robot3, {'y': 17.277, 'x': -36.981, 'yaw': -3.141}, None, None
140.02, [INFO], robot3, {'y': 17.166, 'x': -36.804, 'yaw': 3.141}, None, None
140.02, [INFO], robot3, {'battery-level': '37.37'}, None, None
150.00, [INFO], robot3, {'y': 17.404, 'x': -36.871, 'yaw': 3.141}, None, None
150.00, [INFO], robot3, {'battery-level': '36.73'}, None, None
160.01, [INFO], robot3, {'y': 17.362, 'x': -36.749, 'yaw': 3.141}, None, None
160.01, [INFO], robot3, {'battery-level': '36.09'}, None, None
170.00, [INFO], robot3, {'y': 17.336, 'x': -36.821, 'yaw': -3.141}, None, None
170.00, [INFO], robot3, {'battery-level': '35.45'}, None, None
176.81, [WARN], robot3, SKILL-FAILURE, navigation, navto_lab
