0.00, [INFO], robot3, {'battery-level': '46.27'}, None, None
0.19, [DEBUG], logger, ROBOTS_CONFIG={'avg_speed': 0.15, 'battery_charge': 0.462681764358839, 'battery_discharge_rate': 0.00064, 'id': 3, 'local_plan': [['navigation', ['IC Room 6', [[-38.0, 21.5, 0.0], [-37.0, 21.5], [-37.0, 18.93], [-33.9, 18.93, 3.14]]], 'navto_room'], ['approach_person', ['nurse'], 'approach_nurse'], ['authenticate_person', ['nurse'], 'authenticate_nurse'], ['operate_drawer', ['open'], 'open_drawer_for_nurse'], ['send_message', ['nurse'], 'notify_nurse_of_open_drawer_for_nurse_completed'], ['wait_message', ['nurse'], 'wait_nurse_to_complete_deposit'], ['operate_drawer', ['close'], 'close_drawer_nurse'], ['navigation', ['Laboratory', [[-33.9, 18.93, 3.14], [-37.0, 18.93], [-37.0, 16.0], [-26.0, 16.0], [-26.0, 13.0, 1.57]]], 'navto_lab'], ['approach_robot', ['lab_arm'], 'approach_arm'], ['operate_drawer', ['open'], 'open_drawer_lab'], ['send_message', ['lab_arm'], 'notify_lab_arm_of_open_drawer_lab_completed'], ['wait_message', ['lab_arm'], 'wait_lab_arm_to_complete_pick_up_sample'], ['operate_drawer', ['close'], 'close_drawer_lab']], 'location': 'IC Room 2', 'name': 'r3', 'position': [-38.0, 21.5, 0.0], 'skills': ['approach_person', 'approach_robot', 'authenticate_person', 'navigation', 'operate_drawer']}, None, None
0.19, [DEBUG], logger, Simulation open, None, None
10.04, [INFO], robot3, {'battery-level': '45.69'}, None, None
10.04, [INFO], robot3, {'y': 21.537, 'x': -37.512, 'yaw': 3.142}, None, None
20.08, [INFO], robot3, {'y': 19.624, 'x': -37.103, 'yaw': 3.142}, None, None
20.08, [INFO], robot3, {'battery-level': '45.05'}, None, None
30.08, [INFO], robot3, {'y': 17.905, 'x': -35.86, 'yaw': 3.141}, None, None
30.08, [INFO], robot3, {'battery-level': '44.41'}, None, None
40.03, [INFO], robot3, {'battery-level': '43.77'}, None, None
40.03, [INFO], robot3, {'y': 18.565, 'x': -34.154, 'yaw': -3.142}, None, None
48.81, [info], nurse, sync, received-request, (status=sending-request)
48.81, [info], nurse, sync, request-sent, (status=waiting)
48.81, [info], nurse, sync, wait-message, (status=message-received)
50.01, [INFO], robot3, {'y': 18.971, 'x': -33.933, 'yaw': 3.141}, None, None
50.01, [INFO], robot3, {'battery-level': '43.13'}, None, None
60.02, [INFO], robot3, {'y': 17.731, 'x': -35.41, 'yaw': 3.139}, None, None
60.02, [INFO], robot3, {'battery-level': '42.49'}, None, None
70.08, [INFO], robot3, {'y': 17.941, 'x': -36.102, 'yaw': -3.142}, None, None
70.08, [INFO], robot3, {'battery-level': '41.85'}, None, None
80.02, [INFO], robot3, {'battery-level': '41.21'}, None, None
80.02, [INFO], robot3, {'y': 17.941, 'x': -36.102, 'yaw': -3.142}, None, None
90.04, [INFO], robot3, {'y': 17.481, 'x': -36.826, 'yaw': 3.142}, None, None
90.04, [INFO], robot3, {'battery-level': '40.57'}, None, None
100.06, [INFO], robot3, {'y': 17.199, 'x': -36.82, 'yaw': -3.141}, None, None
100.06, [INFO], robot3, {'battery-level': '39.93'}, None, None
110.01, [INFO], robot3, {'battery-level': '39.29'}, None, None
110.01, [INFO], robot3, {'y': 17.452, 'x': -37.062, 'yaw': 3.142}, None, None
120.07, [INFO], robot3, {'y': 17.339, 'x': -37.081, 'yaw': -3.142}, None, None
120.07, [INFO], robot3, {'battery-level': '38.65'}, None, None
130.07, [INFO], robot3, {'battery-level': '38.01'}, None, None
130.07, [INFO], robot3, {'y': 17.345, 'x': -36.856, 'yaw': 3.14}, None, None
140.08, [INFO], robot3, {'battery-level': '37.37'}, None, None
140.08, [INFO], robot3, {'y': 17.577, 'x': -36.998, 'yaw': -3.142}, None, None
150.02, [INFO], robot3, {'battery-level': '36.73'}, None, None
150.02, [INFO], robot3, {'y': 17.395, 'x': -36.888, 'yaw': 3.141}, None, None
160.07, [INFO], robot3, {'y': 17.377, 'x': -36.855, 'yaw': 3.142}, None, None
160.07, [INFO], robot3, {'battery-level': '36.09'}, None, None
170.02, [INFO], robot3, {'battery-level': '35.45'}, None, None
170.02, [INFO], robot3, {'y': 17.386, 'x': -36.946, 'yaw': 3.141}, None, None
180.00, [INFO], robot3, {'y': 17.399, 'x': -37.182, 'yaw': 3.142}, None, None
180.00, [INFO], robot3, {'battery-level': '34.81'}, None, None
190.07, [INFO], robot3, {'battery-level': '34.17'}, None, None
190.07, [INFO], robot3, {'y': 17.399, 'x': -36.711, 'yaw': 3.142}, None, None
200.02, [INFO], robot3, {'battery-level': '33.53'}, None, None
200.02, [INFO], robot3, {'y': 17.391, 'x': -37.08, 'yaw': 3.141}, None, None
210.06, [INFO], robot3, {'battery-level': '32.89'}, None, None
210.06, [INFO], robot3, {'y': 17.45, 'x': -36.885, 'yaw': 3.142}, None, None
220.07, [INFO], robot3, {'y': 17.328, 'x': -36.82, 'yaw': -3.141}, None, None
220.07, [INFO], robot3, {'battery-level': '32.25'}, None, None
230.00, [INFO], robot3, {'y': 17.339, 'x': -37.021, 'yaw': -3.141}, None, None
230.00, [INFO], robot3, {'battery-level': '31.61'}, None, None
232.53, [WARN], robot3, SKILL-FAILURE, navigation, navto_lab
