0.00, [INFO], robot4, {'battery-level': '65.21'}, None, None
0.12, [DEBUG], logger, ROBOTS_CONFIG={'avg_speed': 0.15, 'battery_charge': 0.6520875066754872, 'battery_discharge_rate': 0.0005600000000000001, 'id': 4, 'local_plan': [['navigation', ['IC Room 2', [[-32.88, 33.98, 3.14], [-37.0, 33.98], [-37.0, 21.5], [-38.0, 21.5, 0.0]]], 'navto_room'], ['approach_person', ['nurse'], 'approach_nurse'], ['authenticate_person', ['nurse'], 'authenticate_nurse'], ['operate_drawer', ['open'], 'open_drawer_for_nurse'], ['send_message', ['nurse'], 'notify_nurse_of_open_drawer_for_nurse_completed'], ['wait_message', ['nurse'], 'wait_nurse_to_complete_deposit'], ['operate_drawer', ['close'], 'close_drawer_nurse'], ['navigation', ['Laboratory', [[-38.0, 21.5, 0.0], [-37.0, 21.5], [-37.0, 16.0], [-26.0, 16.0], [-26.0, 13.0, 1.57]]], 'navto_lab'], ['approach_robot', ['lab_arm'], 'approach_arm'], ['operate_drawer', ['open'], 'open_drawer_lab'], ['send_message', ['lab_arm'], 'notify_lab_arm_of_open_drawer_lab_completed'], ['wait_message', ['lab_arm'], 'wait_lab_arm_to_complete_pick_up_sample'], ['operate_drawer', ['close'], 'close_drawer_lab']], 'location': 'IC Room 5', 'name': 'r4', 'position': [-32.88, 33.98, 3.14], 'skills': ['approach_person', 'approach_robot', 'authenticate_person', 'navigation', 'operate_drawer']}, None, None
0.12, [DEBUG], logger, Simulation open, None, None
10.01, [INFO], robot4, {'battery-level': '64.70'}, None, None
10.01, [INFO], robot4, {'y': 34.241, 'x': -33.519, 'yaw': 3.142}, None, None
20.08, [INFO], robot4, {'y': 34.69, 'x': -35.586, 'yaw': 3.141}, None, None
20.08, [INFO], robot4, {'battery-level': '64.14'}, None, None
30.09, [INFO], robot4, {'y': 33.284, 'x': -36.835, 'yaw': -3.142}, None, None
30.09, [INFO], robot4, {'battery-level': '63.58'}, None, None
40.02, [INFO], robot4, {'battery-level': '63.02'}, None, None
40.02, [INFO], robot4, {'y': 31.201, 'x': -36.919, 'yaw': -3.141}, None, None
50.05, [INFO], robot4, {'battery-level': '62.46'}, None, None
50.05, [INFO], robot4, {'y': 29.093, 'x': -36.944, 'yaw': -3.142}, None, None
60.00, [INFO], robot4, {'y': 27.0, 'x': -36.991, 'yaw': 3.142}, None, None
60.00, [INFO], robot4, {'battery-level': '61.90'}, None, None
70.09, [INFO], robot4, {'y': 24.87, 'x': -37.041, 'yaw': 3.141}, None, None
70.09, [INFO], robot4, {'battery-level': '61.34'}, None, None
80.03, [INFO], robot4, {'battery-level': '60.78'}, None, None
80.03, [INFO], robot4, {'y': 22.771, 'x': -37.035, 'yaw': 3.141}, None, None
90.08, [INFO], robot4, {'battery-level': '60.22'}, None, None
90.08, [INFO], robot4, {'y': 21.326, 'x': -37.909, 'yaw': -3.136}, None, None
100.00, [INFO], robot4, {'battery-level': '59.66'}, None, None
100.00, [INFO], robot4, {'y': 21.443, 'x': -38.061, 'yaw': 3.141}, None, None
108.75, [info], nurse, sync, received-request, (status=sending-request)
108.75, [info], nurse, sync, request-sent, (status=waiting)
108.75, [info], nurse, sync, wait-message, (status=message-received)
110.04, [INFO], robot4, {'battery-level': '59.10'}, None, None
110.04, [INFO], robot4, {'y': 21.387, 'x': -38.117, 'yaw': 3.139}, None, None
120.08, [INFO], robot4, {'y': 19.899, 'x': -37.172, 'yaw': 3.141}, None, None
120.08, [INFO], robot4, {'battery-level': '58.54'}, None, None
130.09, [INFO], robot4, {'battery-level': '57.98'}, None, None
130.09, [INFO], robot4, {'y': 17.79, 'x': -37.14, 'yaw': 3.141}, None, None
140.03, [INFO], robot4, {'battery-level': '57.42'}, None, None
140.03, [INFO], robot4, {'y': 15.922, 'x': -36.59, 'yaw': -3.142}, None, None
150.05, [INFO], robot4, {'battery-level': '56.86'}, None, None
150.05, [INFO], robot4, {'y': 15.371, 'x': -34.517, 'yaw': -3.142}, None, None
160.05, [INFO], robot4, {'battery-level': '56.30'}, None, None
160.05, [INFO], robot4, {'y': 15.497, 'x': -32.387, 'yaw': -3.142}, None, None
169.97, [INFO], robot4, {'y': 15.6, 'x': -30.269, 'yaw': -3.142}, None, None
170.06, [INFO], robot4, {'battery-level': '55.74'}, None, None
180.09, [INFO], robot4, {'battery-level': '55.18'}, None, None
180.09, [INFO], robot4, {'y': 15.812, 'x': -28.156, 'yaw': -3.142}, None, None
190.03, [INFO], robot4, {'battery-level': '54.62'}, None, None
190.03, [INFO], robot4, {'y': 15.562, 'x': -26.19, 'yaw': 3.142}, None, None
200.07, [INFO], robot4, {'battery-level': '54.06'}, None, None
200.07, [INFO], robot4, {'y': 13.503, 'x': -25.695, 'yaw': 3.141}, None, None
210.07, [INFO], robot4, {'y': 12.872, 'x': -25.949, 'yaw': 3.142}, None, None
210.07, [INFO], robot4, {'battery-level': '53.50'}, None, None
210.62, [info], lab_arm, sync, wait-message, (status=message-received)
211.54, [WARN], robot4, SUCCESS, None, None
