0.00, [DEBUG], nurse, NURSE_CONFIG={'location': 'IC Room 2', 'position': [-38.0, 21.5, 0.0]}, None, None
0.00, [INFO], robot6, {'battery-level': '50.80'}, None, None
0.12, [DEBUG], logger, ROBOTS_CONFIG={'avg_speed': 0.15, 'battery_charge': 0.5080169438370433, 'battery_discharge_rate': 0.00038, 'id': 6, 'local_plan': [['navigation', ['IC Room 2', [[-33.9, 18.93, 3.14], [-37.0, 18.93], [-37.0, 21.5], [-38.0, 21.5, 0.0]]], 'navto_room'], ['approach_person', ['nurse'], 'approach_nurse'], ['authenticate_person', ['nurse'], 'authenticate_nurse'], ['operate_drawer', ['open'], 'open_drawer_for_nurse'], ['send_message', ['nurse'], 'notify_nurse_of_open_drawer_for_nurse_completed'], ['wait_message', ['nurse'], 'wait_nurse_to_complete_deposit'], ['operate_drawer', ['close'], 'close_drawer_nurse'], ['navigation', ['Laboratory', [[-38.0, 21.5, 0.0], [-37.0, 21.5], [-37.0, 16.0], [-26.0, 16.0], [-26.0, 13.0, 1.57]]], 'navto_lab'], ['approach_robot', ['lab_arm'], 'approach_arm'], ['operate_drawer', ['open'], 'open_drawer_lab'], ['send_message', ['lab_arm'], 'notify_lab_arm_of_open_drawer_lab_completed'], ['wait_message', ['lab_arm'], 'wait_lab_arm_to_complete_pick_up_sample'], ['operate_drawer', ['close'], 'close_drawer_lab']], 'location': 'IC Room 6', 'name': 'r6', 'position': [-33.9, 18.93, 3.14], 'skills': ['approach_person', 'approach_robot', 'authenticate_person', 'navigation', 'operate_drawer']}, None, None
0.12, [DEBUG], logger, Simulation open, None, None
10.00, [INFO], robot6, {'battery-level': '50.46'}, None, None
10.00, [INFO], robot6, {'y': 18.918, 'x': -33.898, 'yaw': -3.141}, None, None
20.01, [INFO], robot6, {'y': 17.781, 'x': -35.51, 'yaw': 3.141}, None, None
20.01, [INFO], robot6, {'battery-level': '50.08'}, None, None
30.01, [INFO], robot6, {'battery-level': '49.70'}, None, None
30.01, [INFO], robot6, {'y': 19.205, 'x': -36.833, 'yaw': 3.141}, None, None
40.05, [INFO], robot6, {'y': 21.27, 'x': -37.243, 'yaw': 3.137}, None, None
40.05, [INFO], robot6, {'battery-level': '49.32'}, None, None
50.05, [INFO], robot6, {'y': 21.489, 'x': -38.087, 'yaw': -3.142}, None, None
50.05, [INFO], robot6, {'battery-level': '48.94'}, None, None
60.07, [INFO], robot6, {'battery-level': '48.56'}, None, None
60.07, [INFO], robot6, {'y': 21.36, 'x': -38.082, 'yaw': 3.141}, None, None
68.58, [info], nurse, sync, received-request, (status=sending-request)
68.58, [info], nurse, sync, request-sent, (status=waiting)
68.58, [info], nurse, sync, wait-message, (status=message-received)
70.05, [INFO], robot6, {'y': 21.345, 'x': -38.018, 'yaw': 3.141}, None, None
70.05, [INFO], robot6, {'battery-level': '48.18'}, None, None
80.09, [INFO], robot6, {'battery-level': '47.80'}, None, None
80.09, [INFO], robot6, {'y': 19.79, 'x': -37.179, 'yaw': 3.142}, None, None
90.02, [INFO], robot6, {'battery-level': '47.42'}, None, None
90.02, [INFO], robot6, {'y': 17.701, 'x': -37.137, 'yaw': 3.141}, None, None
100.06, [INFO], robot6, {'battery-level': '47.04'}, None, None
100.06, [INFO], robot6, {'y': 15.894, 'x': -36.526, 'yaw': 3.141}, None, None
110.06, [INFO], robot6, {'battery-level': '46.66'}, None, None
110.06, [INFO], robot6, {'y': 15.372, 'x': -34.457, 'yaw': -3.142}, None, None
120.01, [INFO], robot6, {'battery-level': '46.28'}, None, None
120.01, [INFO], robot6, {'y': 15.532, 'x': -32.349, 'yaw': 3.142}, None, None
130.06, [INFO], robot6, {'y': 15.567, 'x': -30.226, 'yaw': 3.14}, None, None
130.06, [INFO], robot6, {'battery-level': '45.90'}, None, None
140.01, [INFO], robot6, {'y': 15.729, 'x': -28.127, 'yaw': -3.142}, None, None
140.01, [INFO], robot6, {'battery-level': '45.52'}, None, None
150.07, [INFO], robot6, {'battery-level': '45.14'}, None, None
150.07, [INFO], robot6, {'y': 15.422, 'x': -26.151, 'yaw': -3.142}, None, None
160.03, [INFO], robot6, {'battery-level': '44.76'}, None, None
160.03, [INFO], robot6, {'y': 13.35, 'x': -25.762, 'yaw': 3.142}, None, None
170.07, [INFO], robot6, {'battery-level': '44.38'}, None, None
170.07, [INFO], robot6, {'y': 12.905, 'x': -26.0, 'yaw': 3.141}, None, None
173.75, [info], lab_arm, sync, wait-message, (status=message-received)
174.68, [WARN], robot6, SUCCESS, None, None
