0.20, [DEBUG], logger, ROBOTS_CONFIG={'avg_speed': 0.15, 'battery_charge': 0.5080169438370433, 'battery_discharge_rate': 0.00038, 'id': 6, 'local_plan': [['navigation', ['PC Room 3', [[-27.23, 18.0, -1.57], [-27.23, 16.0], [-28.5, 16.0], [-28.5, 18.0, -1.57]]], 'navto_room'], ['approach_person', ['nurse'], 'approach_nurse'], ['authenticate_person', ['nurse'], 'authenticate_nurse'], ['operate_drawer', ['open'], 'open_drawer_for_nurse'], ['send_message', ['nurse'], 'notify_nurse_of_open_drawer_for_nurse_completed'], ['wait_message', ['nurse'], 'wait_nurse_to_complete_deposit'], ['operate_drawer', ['close'], 'close_drawer_nurse'], ['navigation', ['Laboratory', [[-28.5, 18.0, -1.57], [-28.5, 16.0], [-26.0, 16.0], [-26.0, 13.0, 1.57]]], 'navto_lab'], ['approach_robot', ['lab_arm'], 'approach_arm'], ['operate_drawer', ['open'], 'open_drawer_lab'], ['send_message', ['lab_arm'], 'notify_lab_arm_of_open_drawer_lab_completed'], ['wait_message', ['lab_arm'], 'wait_lab_arm_to_complete_pick_up_sample'], ['operate_drawer', ['close'], 'close_drawer_lab']], 'location': 'PC Room 4', 'name': 'r6', 'position': [-27.23, 18.0, -1.57], 'skills': ['approach_person', 'approach_robot', 'authenticate_person', 'navigation', 'operate_drawer']}, None, None
0.20, [DEBUG], logger, Simulation open, None, None
10.02, [INFO], robot6, {'battery-level': '50.46'}, None, None
10.02, [INFO], robot6, {'y': 18.012, 'x': -27.151, 'yaw': -3.14}, None, None
20.01, [INFO], robot6, {'battery-level': '50.08'}, None, None
20.01, [INFO], robot6, {'y': 16.243, 'x': -27.46, 'yaw': 3.14}, None, None
30.00, [INFO], robot6, {'battery-level': '49.70'}, None, None
30.00, [INFO], robot6, {'y': 17.457, 'x': -28.649, 'yaw': -3.141}, None, None
39.97, [INFO], robot6, {'battery-level': '49.32'}, None, None
39.97, [INFO], robot6, {'y': 17.928, 'x': -28.551, 'yaw': 3.14}, None, None
47.45, [info], nurse, sync, received-request, (status=sending-request)
47.45, [info], nurse, sync, request-sent, (status=waiting)
47.45, [info], nurse, sync, wait-message, (status=message-received)
50.01, [INFO], robot6, {'y': 17.599, 'x': -28.662, 'yaw': 3.142}, None, None
50.01, [INFO], robot6, {'battery-level': '48.94'}, None, None
59.99, [INFO], robot6, {'battery-level': '48.56'}, None, None
60.03, [INFO], robot6, {'y': 16.264, 'x': -27.656, 'yaw': 3.141}, None, None
70.00, [INFO], robot6, {'battery-level': '48.18'}, None, None
70.00, [INFO], robot6, {'y': 15.283, 'x': -26.095, 'yaw': 3.142}, None, None
79.99, [INFO], robot6, {'y': 13.2, 'x': -25.826, 'yaw': -3.141}, None, None
80.02, [INFO], robot6, {'battery-level': '47.80'}, None, None
89.99, [INFO], robot6, {'battery-level': '47.42'}, None, None
89.99, [INFO], robot6, {'y': 12.885, 'x': -25.98, 'yaw': 3.142}, None, None
91.11, [info], lab_arm, sync, wait-message, (status=message-received)
91.41, [WARN], robot6, SUCCESS, None, None
