0.00, [DEBUG], nurse, NURSE_CONFIG={'location': 'IC Room 6', 'position': [-33.9, 18.93, 3.14]}, None, None
0.00, [INFO], robot5, {'battery-level': '28.18'}, None, None
0.13, [DEBUG], logger, ROBOTS_CONFIG={'avg_speed': 0.15, 'battery_charge': 0.2817995261312799, 'battery_discharge_rate': 0.00042, 'id': 5, 'local_plan': [['navigation', ['IC Room 6', [[-13.5, 18.0, -1.57], [-13.5, 16.0], [-37.0, 16.0], [-37.0, 18.93], [-33.9, 18.93, 3.14]]], 'navto_room'], ['approach_person', ['nurse'], 'approach_nurse'], ['authenticate_person', ['nurse'], 'authenticate_nurse'], ['operate_drawer', ['open'], 'open_drawer_for_nurse'], ['send_message', ['nurse'], 'notify_nurse_of_open_drawer_for_nurse_completed'], ['wait_message', ['nurse'], 'wait_nurse_to_complete_deposit'], ['operate_drawer', ['close'], 'close_drawer_nurse'], ['navigation', ['Laboratory', [[-33.9, 18.93, 3.14], [-37.0, 18.93], [-37.0, 16.0], [-26.0, 16.0], [-26.0, 13.0, 1.57]]], 'navto_lab'], ['approach_robot', ['lab_arm'], 'approach_arm'], ['operate_drawer', ['open'], 'open_drawer_lab'], ['send_message', ['lab_arm'], 'notify_lab_arm_of_open_drawer_lab_completed'], ['wait_message', ['lab_arm'], 'wait_lab_arm_to_complete_pick_up_sample'], ['operate_drawer', ['close'], 'close_drawer_lab']], 'location': 'PC Room 7', 'name': 'r5', 'position': [-13.5, 18.0, -1.57], 'skills': ['approach_person', 'authenticate_person', 'navigation', 'operate_drawer']}, None, None
0.13, [DEBUG], logger, Simulation open, None, None
10.08, [INFO], robot5, {'y': 17.228, 'x': -13.498, 'yaw': 3.142}, None, None
10.08, [INFO], robot5, {'battery-level': '27.80'}, None, None
20.06, [INFO], robot5, {'battery-level': '27.38'}, None, None
20.06, [INFO], robot5, {'y': 16.049, 'x': -14.656, 'yaw': -3.142}, None, None
30.03, [INFO], robot5, {'battery-level': '26.96'}, None, None
30.03, [INFO], robot5, {'y': 15.977, 'x': -16.762, 'yaw': 3.142}, None, None
40.09, [INFO], robot5, {'battery-level': '26.54'}, None, None
40.09, [INFO], robot5, {'y': 16.07, 'x': -18.879, 'yaw': -3.139}, None, None
50.03, [INFO], robot5, {'battery-level': '26.12'}, None, None
50.03, [INFO], robot5, {'y': 16.191, 'x': -20.977, 'yaw': 3.141}, None, None
60.09, [INFO], robot5, {'battery-level': '25.70'}, None, None
60.09, [INFO], robot5, {'y': 16.144, 'x': -23.101, 'yaw': 3.142}, None, None
70.06, [INFO], robot5, {'battery-level': '25.28'}, None, None
70.06, [INFO], robot5, {'y': 16.099, 'x': -25.205, 'yaw': 3.141}, None, None
80.07, [INFO], robot5, {'battery-level': '24.86'}, None, None
80.07, [INFO], robot5, {'y': 16.087, 'x': -27.318, 'yaw': -3.142}, None, None
90.03, [INFO], robot5, {'y': 16.146, 'x': -29.415, 'yaw': 3.142}, None, None
90.03, [INFO], robot5, {'battery-level': '24.44'}, None, None
100.08, [INFO], robot5, {'y': 15.965, 'x': -31.541, 'yaw': 3.142}, None, None
100.08, [INFO], robot5, {'battery-level': '24.02'}, None, None
110.04, [INFO], robot5, {'y': 15.552, 'x': -33.634, 'yaw': 3.141}, None, None
110.04, [INFO], robot5, {'battery-level': '23.60'}, None, None
120.09, [INFO], robot5, {'y': 15.523, 'x': -35.744, 'yaw': -3.142}, None, None
120.09, [INFO], robot5, {'battery-level': '23.18'}, None, None
130.01, [INFO], robot5, {'battery-level': '22.76'}, None, None
130.01, [INFO], robot5, {'y': 16.971, 'x': -36.7, 'yaw': -3.142}, None, None
140.09, [INFO], robot5, {'y': 17.717, 'x': -36.703, 'yaw': 3.141}, None, None
140.09, [INFO], robot5, {'battery-level': '22.34'}, None, None
150.03, [INFO], robot5, {'y': 18.066, 'x': -35.864, 'yaw': -3.142}, None, None
150.03, [INFO], robot5, {'battery-level': '21.92'}, None, None
160.02, [INFO], robot5, {'battery-level': '21.50'}, None, None
160.02, [INFO], robot5, {'y': 18.099, 'x': -35.682, 'yaw': -3.142}, None, None
170.06, [INFO], robot5, {'y': 18.022, 'x': -35.974, 'yaw': -3.137}, None, None
170.06, [INFO], robot5, {'battery-level': '21.08'}, None, None
180.09, [INFO], robot5, {'y': 17.898, 'x': -36.046, 'yaw': -3.142}, None, None
180.09, [INFO], robot5, {'battery-level': '20.66'}, None, None
190.09, [INFO], robot5, {'battery-level': '20.24'}, None, None
190.09, [INFO], robot5, {'y': 17.905, 'x': -36.051, 'yaw': 3.142}, None, None
200.01, [INFO], robot5, {'battery-level': '19.82'}, None, None
200.01, [INFO], robot5, {'y': 17.905, 'x': -36.051, 'yaw': -3.142}, None, None
210.06, [INFO], robot5, {'battery-level': '19.40'}, None, None
210.06, [INFO], robot5, {'y': 17.905, 'x': -36.051, 'yaw': 3.141}, None, None
220.08, [INFO], robot5, {'battery-level': '18.98'}, None, None
220.08, [INFO], robot5, {'y': 18.08, 'x': -35.715, 'yaw': 3.142}, None, None
227.15, [WARN], robot5, SKILL-FAILURE, navigation, navto_room
