0.00, [INFO], robot5, {'battery-level': '28.18'}, None, None
0.16, [DEBUG], logger, ROBOTS_CONFIG={'avg_speed': 0.15, 'battery_charge': 0.2817995261312799, 'battery_discharge_rate': 0.00042, 'id': 5, 'local_plan': [['navigation', ['PC Room 3', [[-33.9, 18.93, 3.14], [-37.0, 18.93], [-37.0, 16.0], [-28.5, 16.0], [-28.5, 18.0, -1.57]]], 'navto_room'], ['approach_person', ['nurse'], 'approach_nurse'], ['authenticate_person', ['nurse'], 'authenticate_nurse'], ['operate_drawer', ['open'], 'open_drawer_for_nurse'], ['send_message', ['nurse'], 'notify_nurse_of_open_drawer_for_nurse_completed'], ['wait_message', ['nurse'], 'wait_nurse_to_complete_deposit'], ['operate_drawer', ['close'], 'close_drawer_nurse'], ['navigation', ['Laboratory', [[-28.5, 18.0, -1.57], [-28.5, 16.0], [-26.0, 16.0], [-26.0, 13.0, 1.57]]], 'navto_lab'], ['approach_robot', ['lab_arm'], 'approach_arm'], ['operate_drawer', ['open'], 'open_drawer_lab'], ['send_message', ['lab_arm'], 'notify_lab_arm_of_open_drawer_lab_completed'], ['wait_message', ['lab_arm'], 'wait_lab_arm_to_complete_pick_up_sample'], ['operate_drawer', ['close'], 'close_drawer_lab']], 'location': 'IC Room 6', 'name': 'r5', 'position': [-33.9, 18.93, 3.14], 'skills': ['approach_person', 'authenticate_person', 'navigation', 'operate_drawer']}, None, None
0.16, [DEBUG], logger, Simulation open, None, None
10.01, [INFO], robot5, {'y': 18.542, 'x': -34.328, 'yaw': -3.142}, None, None
10.01, [INFO], robot5, {'battery-level': '27.80'}, None, None
20.06, [INFO], robot5, {'battery-level': '27.38'}, None, None
20.06, [INFO], robot5, {'y': 17.92, 'x': -36.025, 'yaw': 3.141}, None, None
30.01, [INFO], robot5, {'y': 17.3, 'x': -37.016, 'yaw': -3.142}, None, None
30.01, [INFO], robot5, {'battery-level': '26.96'}, None, None
40.02, [INFO], robot5, {'y': 17.324, 'x': -37.049, 'yaw': 3.141}, None, None
40.02, [INFO], robot5, {'battery-level': '26.54'}, None, None
50.02, [INFO], robot5, {'y': 17.316, 'x': -36.948, 'yaw': -3.141}, None, None
50.02, [INFO], robot5, {'battery-level': '26.12'}, None, None
60.02, [INFO], robot5, {'battery-level': '25.70'}, None, None
60.02, [INFO], robot5, {'y': 17.278, 'x': -37.016, 'yaw': -3.141}, None, None
70.01, [INFO], robot5, {'battery-level': '25.28'}, None, None
70.01, [INFO], robot5, {'y': 17.398, 'x': -36.975, 'yaw': -3.142}, None, None
80.00, [INFO], robot5, {'battery-level': '24.86'}, None, None
80.00, [INFO], robot5, {'y': 17.49, 'x': -36.844, 'yaw': 3.141}, None, None
90.02, [INFO], robot5, {'y': 17.199, 'x': -36.759, 'yaw': -3.141}, None, None
90.02, [INFO], robot5, {'battery-level': '24.44'}, None, None
100.02, [INFO], robot5, {'battery-level': '24.02'}, None, None
100.02, [INFO], robot5, {'y': 17.407, 'x': -36.813, 'yaw': -3.142}, None, None
110.08, [INFO], robot5, {'battery-level': '23.60'}, None, None
110.08, [INFO], robot5, {'y': 17.188, 'x': -36.822, 'yaw': -3.141}, None, None
120.06, [INFO], robot5, {'y': 17.29, 'x': -36.962, 'yaw': 3.141}, None, None
120.06, [INFO], robot5, {'battery-level': '23.18'}, None, None
130.00, [INFO], robot5, {'y': 17.22, 'x': -37.045, 'yaw': -3.142}, None, None
130.00, [INFO], robot5, {'battery-level': '22.76'}, None, None
140.00, [INFO], robot5, {'y': 17.344, 'x': -36.835, 'yaw': -3.142}, None, None
140.00, [INFO], robot5, {'battery-level': '22.34'}, None, None
150.03, [INFO], robot5, {'y': 17.156, 'x': -37.024, 'yaw': 3.14}, None, None
150.03, [INFO], robot5, {'battery-level': '21.92'}, None, None
160.03, [INFO], robot5, {'battery-level': '21.50'}, None, None
160.03, [INFO], robot5, {'y': 17.3, 'x': -36.874, 'yaw': -3.142}, None, None
165.91, [WARN], robot5, SKILL-FAILURE, navigation, navto_room
