0.19, [DEBUG], logger, ROBOTS_CONFIG={'avg_speed': 0.15, 'battery_charge': 0.462681764358839, 'battery_discharge_rate': 0.0004, 'id': 3, 'local_plan': [['navigation', ['IC Room 6', [[-38.0, 21.5, 0.0], [-37.0, 21.5], [-37.0, 18.93], [-33.9, 18.93, 3.14]]], 'navto_room'], ['approach_person', ['nurse'], 'approach_nurse'], ['authenticate_person', ['nurse'], 'authenticate_nurse'], ['operate_drawer', ['open'], 'open_drawer_for_nurse'], ['send_message', ['nurse'], 'notify_nurse_of_open_drawer_for_nurse_completed'], ['wait_message', ['nurse'], 'wait_nurse_to_complete_deposit'], ['operate_drawer', ['close'], 'close_drawer_nurse'], ['navigation', ['Laboratory', [[-33.9, 18.93, 3.14], [-37.0, 18.93], [-37.0, 16.0], [-26.0, 16.0], [-26.0, 13.0, 1.57]]], 'navto_lab'], ['approach_robot', ['lab_arm'], 'approach_arm'], ['operate_drawer', ['open'], 'open_drawer_lab'], ['send_message', ['lab_arm'], 'notify_lab_arm_of_open_drawer_lab_completed'], ['wait_message', ['lab_arm'], 'wait_lab_arm_to_complete_pick_up_sample'], ['operate_drawer', ['close'], 'close_drawer_lab']], 'location': 'IC Room 2', 'name': 'r3', 'position': [-38.0, 21.5, 0.0], 'skills': ['approach_person', 'approach_robot', 'authenticate_person', 'navigation', 'operate_drawer']}, None, None
0.19, [DEBUG], logger, Simulation open, None, None
10.06, [INFO], robot3, {'battery-level': '45.91'}, None, None
10.06, [INFO], robot3, {'y': 21.522, 'x': -37.379, 'yaw': 3.141}, None, None
20.08, [INFO], robot3, {'battery-level': '45.51'}, None, None
20.08, [INFO], robot3, {'y': 19.493, 'x': -37.057, 'yaw': -3.142}, None, None
30.03, [INFO], robot3, {'y': 17.837, 'x': -35.766, 'yaw': -3.139}, None, None
30.03, [INFO], robot3, {'battery-level': '45.11'}, None, None
40.05, [INFO], robot3, {'battery-level': '44.71'}, None, None
40.05, [INFO], robot3, {'y': 18.717, 'x': -34.108, 'yaw': -3.142}, None, None
48.73, [info], nurse, sync, received-request, (status=sending-request)
48.73, [info], nurse, sync, request-sent, (status=waiting)
48.73, [info], nurse, sync, wait-message, (status=message-received)
50.01, [INFO], robot3, {'battery-level': '44.31'}, None, None
50.01, [INFO], robot3, {'y': 18.987, 'x': -33.972, 'yaw': 3.141}, None, None
60.03, [INFO], robot3, {'battery-level': '43.91'}, None, None
60.03, [INFO], robot3, {'y': 17.785, 'x': -35.506, 'yaw': -3.141}, None, None
70.06, [INFO], robot3, {'y': 18.166, 'x': -36.242, 'yaw': -3.142}, None, None
70.06, [INFO], robot3, {'battery-level': '43.51'}, None, None
80.02, [INFO], robot3, {'battery-level': '43.11'}, None, None
80.02, [INFO], robot3, {'y': 17.299, 'x': -37.041, 'yaw': 3.141}, None, None
90.04, [INFO], robot3, {'y': 17.159, 'x': -36.913, 'yaw': -3.141}, None, None
90.04, [INFO], robot3, {'battery-level': '42.71'}, None, None
100.07, [INFO], robot3, {'battery-level': '42.31'}, None, None
100.07, [INFO], robot3, {'y': 17.4, 'x': -37.019, 'yaw': 3.141}, None, None
110.07, [INFO], robot3, {'battery-level': '41.91'}, None, None
110.07, [INFO], robot3, {'y': 17.332, 'x': -36.758, 'yaw': 3.14}, None, None
120.06, [INFO], robot3, {'battery-level': '41.51'}, None, None
120.06, [INFO], robot3, {'y': 17.321, 'x': -36.868, 'yaw': -3.141}, None, None
130.03, [INFO], robot3, {'battery-level': '41.11'}, None, None
130.03, [INFO], robot3, {'y': 17.194, 'x': -36.844, 'yaw': 3.142}, None, None
140.06, [INFO], robot3, {'y': 17.381, 'x': -37.073, 'yaw': -3.141}, None, None
140.06, [INFO], robot3, {'battery-level': '40.71'}, None, None
150.08, [INFO], robot3, {'y': 17.479, 'x': -37.162, 'yaw': -3.141}, None, None
150.08, [INFO], robot3, {'battery-level': '40.31'}, None, None
160.01, [INFO], robot3, {'battery-level': '39.91'}, None, None
160.01, [INFO], robot3, {'y': 17.65, 'x': -37.117, 'yaw': 3.141}, None, None
170.03, [INFO], robot3, {'y': 17.265, 'x': -36.861, 'yaw': -3.141}, None, None
170.03, [INFO], robot3, {'battery-level': '39.51'}, None, None
180.03, [INFO], robot3, {'battery-level': '39.11'}, None, None
180.03, [INFO], robot3, {'y': 17.389, 'x': -36.981, 'yaw': -3.141}, None, None
190.03, [INFO], robot3, {'battery-level': '38.71'}, None, None
190.03, [INFO], robot3, {'y': 17.309, 'x': -36.904, 'yaw': 3.142}, None, None
200.04, [INFO], robot3, {'battery-level': '38.31'}, None, None
200.04, [INFO], robot3, {'y': 17.381, 'x': -36.978, 'yaw': -3.142}, None, None
210.06, [INFO], robot3, {'battery-level': '37.91'}, None, None
210.06, [INFO], robot3, {'y': 17.524, 'x': -36.69, 'yaw': 3.141}, None, None
220.07, [INFO], robot3, {'battery-level': '37.51'}, None, None
220.07, [INFO], robot3, {'y': 17.353, 'x': -37.146, 'yaw': 3.141}, None, None
230.07, [INFO], robot3, {'y': 17.471, 'x': -36.938, 'yaw': -3.142}, None, None
230.07, [INFO], robot3, {'battery-level': '37.11'}, None, None
240.08, [INFO], robot3, {'battery-level': '36.71'}, None, None
240.08, [INFO], robot3, {'y': 17.463, 'x': -36.903, 'yaw': 3.141}, None, None
250.01, [INFO], robot3, {'battery-level': '36.31'}, None, None
250.01, [INFO], robot3, {'y': 17.193, 'x': -37.105, 'yaw': 3.141}, None, None
250.65, [WARN], robot3, SKILL-FAILURE, navigation, navto_lab
