0.18, [DEBUG], logger, ROBOTS_CONFIG={'avg_speed': 0.15, 'battery_charge': 0.5408465660492595, 'battery_discharge_rate': 0.00072, 'id': 6, 'local_plan': [['navigation', ['IC Room 6', [[-32.88, 33.98, 3.14], [-37.0, 33.98], [-37.0, 18.93], [-33.9, 18.93, 3.14]]], 'navto_room'], ['approach_person', ['nurse'], 'approach_nurse'], ['authenticate_person', ['nurse'], 'authenticate_nurse'], ['operate_drawer', ['open'], 'open_drawer_for_nurse'], ['send_message', ['nurse'], 'notify_nurse_of_open_drawer_for_nurse_completed'], ['wait_message', ['nurse'], 'wait_nurse_to_complete_deposit'], ['operate_drawer', ['close'], 'close_drawer_nurse'], ['navigation', ['Laboratory', [[-33.9, 18.93, 3.14], [-37.0, 18.93], [-37.0, 16.0], [-26.0, 16.0], [-26.0, 13.0, 1.57]]], 'navto_lab'], ['approach_robot', ['lab_arm'], 'approach_arm'], ['operate_drawer', ['open'], 'open_drawer_lab'], ['send_message', ['lab_arm'], 'notify_lab_arm_of_open_drawer_lab_completed'], ['wait_message', ['lab_arm'], 'wait_lab_arm_to_complete_pick_up_sample'], ['operate_drawer', ['close'], 'close_drawer_lab']], 'location': 'IC Room 5', 'name': 'r6', 'position': [-32.88, 33.98, 3.14], 'skills': ['approach_person', 'approach_robot', 'authenticate_person', 'navigation', 'operate_drawer']}, None, None
0.18, [DEBUG], logger, Simulation open, None, None
9.97, [INFO], robot6, {'battery-level': '53.44'}, None, None
9.97, [INFO], robot6, {'y': 34.328, 'x': -33.846, 'yaw': -3.141}, None, None
20.00, [INFO], robot6, {'battery-level': '52.72'}, None, None
20.00, [INFO], robot6, {'y': 34.605, 'x': -35.921, 'yaw': 3.141}, None, None
30.01, [INFO], robot6, {'battery-level': '52.00'}, None, None
30.01, [INFO], robot6, {'y': 32.878, 'x': -36.746, 'yaw': -3.142}, None, None
40.01, [INFO], robot6, {'y': 31.421, 'x': -36.507, 'yaw': 3.141}, None, None
40.01, [INFO], robot6, {'battery-level': '51.28'}, None, None
49.99, [INFO], robot6, {'y': 29.307, 'x': -36.593, 'yaw': 3.141}, None, None
49.99, [INFO], robot6, {'battery-level': '50.56'}, None, None
60.02, [INFO], robot6, {'y': 27.191, 'x': -36.619, 'yaw': -3.142}, None, None
60.02, [INFO], robot6, {'battery-level': '49.84'}, None, None
69.99, [INFO], robot6, {'y': 25.065, 'x': -36.688, 'yaw': 3.141}, None, None
69.99, [INFO], robot6, {'battery-level': '49.12'}, None, None
79.98, [INFO], robot6, {'battery-level': '48.40'}, None, None
79.98, [INFO], robot6, {'y': 22.985, 'x': -36.711, 'yaw': -3.141}, None, None
90.02, [INFO], robot6, {'y': 20.873, 'x': -36.85, 'yaw': 3.142}, None, None
90.02, [INFO], robot6, {'battery-level': '47.68'}, None, None
99.99, [INFO], robot6, {'y': 18.789, 'x': -36.627, 'yaw': 3.142}, None, None
100.02, [INFO], robot6, {'battery-level': '46.96'}, None, None
103.44, [WARN], robot6, SKILL-FAILURE, navigation, navto_room
