0.00, [DEBUG], nurse, NURSE_CONFIG={'location': 'IC Room 6', 'position': [-33.9, 18.93, 3.14]}, None, None
0.00, [INFO], robot5, {'battery-level': '71.80'}, None, None
0.12, [DEBUG], logger, ROBOTS_CONFIG={'avg_speed': 0.15, 'battery_charge': 0.7179616530181877, 'battery_discharge_rate': 0.0002, 'id': 5, 'local_plan': [['navigation', ['IC Room 6', [[-13.5, 18.0, -1.57], [-13.5, 16.0], [-37.0, 16.0], [-37.0, 18.93], [-33.9, 18.93, 3.14]]], 'navto_room'], ['approach_person', ['nurse'], 'approach_nurse'], ['authenticate_person', ['nurse'], 'authenticate_nurse'], ['operate_drawer', ['open'], 'open_drawer_for_nurse'], ['send_message', ['nurse'], 'notify_nurse_of_open_drawer_for_nurse_completed'], ['wait_message', ['nurse'], 'wait_nurse_to_complete_deposit'], ['operate_drawer', ['close'], 'close_drawer_nurse'], ['navigation', ['Laboratory', [[-33.9, 18.93, 3.14], [-37.0, 18.93], [-37.0, 16.0], [-26.0, 16.0], [-26.0, 13.0, 1.57]]], 'navto_lab'], ['approach_robot', ['lab_arm'], 'approach_arm'], ['operate_drawer', ['open'], 'open_drawer_lab'], ['send_message', ['lab_arm'], 'notify_lab_arm_of_open_drawer_lab_completed'], ['wait_message', ['lab_arm'], 'wait_lab_arm_to_complete_pick_up_sample'], ['operate_drawer', ['close'], 'close_drawer_lab']], 'location': 'PC Room 7', 'name': 'r5', 'position': [-13.5, 18.0, -1.57], 'skills': ['approach_person', 'approach_robot', 'authenticate_person', 'navigation', 'operate_drawer']}, None, None
0.12, [DEBUG], logger, Simulation open, None, None
10.03, [INFO], robot5, {'battery-level': '71.62'}, None, None
10.03, [INFO], robot5, {'y': 17.155, 'x': -13.504, 'yaw': -3.138}, None, None
20.02, [INFO], robot5, {'battery-level': '71.42'}, None, None
20.02, [INFO], robot5, {'y': 16.117, 'x': -14.785, 'yaw': 3.141}, None, None
30.04, [INFO], robot5, {'y': 16.015, 'x': -16.9, 'yaw': 3.141}, None, None
30.04, [INFO], robot5, {'battery-level': '71.22'}, None, None
40.05, [INFO], robot5, {'y': 16.101, 'x': -19.004, 'yaw': 3.141}, None, None
40.05, [INFO], robot5, {'battery-level': '71.02'}, None, None
50.03, [INFO], robot5, {'y': 16.278, 'x': -21.114, 'yaw': 3.141}, None, None
50.03, [INFO], robot5, {'battery-level': '70.82'}, None, None
60.05, [INFO], robot5, {'y': 16.176, 'x': -23.237, 'yaw': 3.142}, None, None
60.05, [INFO], robot5, {'battery-level': '70.62'}, None, None
70.00, [INFO], robot5, {'battery-level': '70.42'}, None, None
70.00, [INFO], robot5, {'y': 16.113, 'x': -25.34, 'yaw': 3.14}, None, None
80.05, [INFO], robot5, {'battery-level': '70.22'}, None, None
80.05, [INFO], robot5, {'y': 16.123, 'x': -27.46, 'yaw': 3.142}, None, None
90.07, [INFO], robot5, {'battery-level': '70.02'}, None, None
90.07, [INFO], robot5, {'y': 16.179, 'x': -29.579, 'yaw': 3.142}, None, None
100.03, [INFO], robot5, {'y': 15.986, 'x': -31.676, 'yaw': -3.142}, None, None
100.03, [INFO], robot5, {'battery-level': '69.82'}, None, None
110.01, [INFO], robot5, {'y': 15.6, 'x': -33.768, 'yaw': 3.142}, None, None
110.01, [INFO], robot5, {'battery-level': '69.62'}, None, None
120.04, [INFO], robot5, {'y': 15.524, 'x': -35.88, 'yaw': -3.141}, None, None
120.04, [INFO], robot5, {'battery-level': '69.42'}, None, None
130.06, [INFO], robot5, {'battery-level': '69.22'}, None, None
130.06, [INFO], robot5, {'y': 17.035, 'x': -36.744, 'yaw': -3.142}, None, None
140.01, [INFO], robot5, {'battery-level': '69.02'}, None, None
140.01, [INFO], robot5, {'y': 17.684, 'x': -36.741, 'yaw': 3.141}, None, None
150.08, [INFO], robot5, {'battery-level': '68.82'}, None, None
150.08, [INFO], robot5, {'y': 17.956, 'x': -35.836, 'yaw': 3.136}, None, None
160.02, [INFO], robot5, {'y': 18.273, 'x': -35.717, 'yaw': -3.141}, None, None
160.02, [INFO], robot5, {'battery-level': '68.62'}, None, None
170.01, [INFO], robot5, {'y': 18.359, 'x': -35.722, 'yaw': 3.141}, None, None
170.01, [INFO], robot5, {'battery-level': '68.42'}, None, None
180.03, [INFO], robot5, {'battery-level': '68.22'}, None, None
180.03, [INFO], robot5, {'y': 18.357, 'x': -35.72, 'yaw': 3.14}, None, None
190.07, [INFO], robot5, {'y': 18.356, 'x': -35.719, 'yaw': 3.14}, None, None
190.07, [INFO], robot5, {'battery-level': '68.02'}, None, None
200.03, [INFO], robot5, {'battery-level': '67.82'}, None, None
200.03, [INFO], robot5, {'y': 18.356, 'x': -35.719, 'yaw': 3.137}, None, None
210.02, [INFO], robot5, {'y': 18.356, 'x': -35.719, 'yaw': 3.141}, None, None
210.02, [INFO], robot5, {'battery-level': '67.62'}, None, None
220.00, [INFO], robot5, {'y': 18.432, 'x': -35.841, 'yaw': -3.141}, None, None
220.00, [INFO], robot5, {'battery-level': '67.42'}, None, None
230.05, [INFO], robot5, {'battery-level': '67.22'}, None, None
230.05, [INFO], robot5, {'y': 18.424, 'x': -35.839, 'yaw': 3.14}, None, None
240.08, [INFO], robot5, {'battery-level': '67.02'}, None, None
240.08, [INFO], robot5, {'y': 18.422, 'x': -35.838, 'yaw': -3.142}, None, None
250.06, [INFO], robot5, {'y': 18.421, 'x': -35.832, 'yaw': 3.142}, None, None
250.06, [INFO], robot5, {'battery-level': '66.82'}, None, None
260.08, [INFO], robot5, {'y': 18.412, 'x': -35.793, 'yaw': 3.141}, None, None
260.08, [INFO], robot5, {'battery-level': '66.62'}, None, None
270.00, [INFO], robot5, {'battery-level': '66.42'}, None, None
270.00, [INFO], robot5, {'y': 18.401, 'x': -35.796, 'yaw': 3.142}, None, None
280.01, [INFO], robot5, {'y': 18.401, 'x': -35.796, 'yaw': 3.142}, None, None
280.01, [INFO], robot5, {'battery-level': '66.22'}, None, None
281.18, [WARN], robot5, SKILL-FAILURE, navigation, navto_room
