0.00, [DEBUG], nurse, NURSE_CONFIG={'location': 'IC Room 2', 'position': [-38.0, 21.5, 0.0]}, None, None
0.00, [DEBUG], logger, ROBOTS_CONFIG={'avg_speed': 0.15, 'battery_charge': 0.462681764358839, 'battery_discharge_rate': 0.0004, 'id': 3, 'local_plan': [['navigation', ['IC Room 2', [[-13.5, 18.0, -1.57], [-13.5, 16.0], [-37.0, 16.0], [-37.0, 21.5], [-38.0, 21.5, 0.0]]], 'navto_room'], ['approach_person', ['nurse'], 'approach_nurse'], ['authenticate_person', ['nurse'], 'authenticate_nurse'], ['operate_drawer', ['open'], 'open_drawer_for_nurse'], ['send_message', ['nurse'], 'notify_nurse_of_open_drawer_for_nurse_completed'], ['wait_message', ['nurse'], 'wait_nurse_to_complete_deposit'], ['operate_drawer', ['close'], 'close_drawer_nurse'], ['navigation', ['Laboratory', [[-38.0, 21.5, 0.0], [-37.0, 21.5], [-37.0, 16.0], [-26.0, 16.0], [-26.0, 13.0, 1.57]]], 'navto_lab'], ['approach_robot', ['lab_arm'], 'approach_arm'], ['operate_drawer', ['open'], 'open_drawer_lab'], ['send_message', ['lab_arm'], 'notify_lab_arm_of_open_drawer_lab_completed'], ['wait_message', ['lab_arm'], 'wait_lab_arm_to_complete_pick_up_sample'], ['operate_drawer', ['close'], 'close_drawer_lab']], 'location': 'PC Room 7', 'name': 'r3', 'position': [-13.5, 18.0, -1.57], 'skills': ['approach_person', 'approach_robot', 'authenticate_person', 'navigation', 'operate_drawer']}, None, None
0.00, [DEBUG], logger, Simulation open, None, None
10.05, [INFO], robot3, {'battery-level': '45.91'}, None, None
10.05, [INFO], robot3, {'y': 18.0, 'x': -13.5, 'yaw': -3.142}, None, None
20.08, [INFO], robot3, {'battery-level': '45.51'}, None, None
20.08, [INFO], robot3, {'y': 16.126, 'x': -13.642, 'yaw': -3.141}, None, None
30.01, [INFO], robot3, {'y': 15.992, 'x': -15.743, 'yaw': 3.142}, None, None
30.01, [INFO], robot3, {'battery-level': '45.11'}, None, None
40.07, [INFO], robot3, {'y': 15.96, 'x': -17.865, 'yaw': 3.14}, None, None
40.07, [INFO], robot3, {'battery-level': '44.71'}, None, None
50.09, [INFO], robot3, {'battery-level': '44.31'}, None, None
50.09, [INFO], robot3, {'y': 16.14, 'x': -19.971, 'yaw': -3.142}, None, None
60.03, [INFO], robot3, {'battery-level': '43.91'}, None, None
60.03, [INFO], robot3, {'y': 16.163, 'x': -22.073, 'yaw': 3.142}, None, None
70.05, [INFO], robot3, {'battery-level': '43.51'}, None, None
70.05, [INFO], robot3, {'y': 16.098, 'x': -24.201, 'yaw': 3.141}, None, None
80.07, [INFO], robot3, {'battery-level': '43.11'}, None, None
80.07, [INFO], robot3, {'y': 16.037, 'x': -26.315, 'yaw': 3.142}, None, None
90.00, [INFO], robot3, {'y': 16.182, 'x': -28.41, 'yaw': -3.142}, None, None
90.00, [INFO], robot3, {'battery-level': '42.71'}, None, None
100.05, [INFO], robot3, {'battery-level': '42.31'}, None, None
100.05, [INFO], robot3, {'y': 16.117, 'x': -30.529, 'yaw': 3.142}, None, None
110.08, [INFO], robot3, {'y': 15.855, 'x': -32.652, 'yaw': -3.141}, None, None
110.08, [INFO], robot3, {'battery-level': '41.91'}, None, None
120.02, [INFO], robot3, {'battery-level': '41.51'}, None, None
120.02, [INFO], robot3, {'y': 15.353, 'x': -34.716, 'yaw': -3.142}, None, None
130.02, [INFO], robot3, {'battery-level': '41.11'}, None, None
130.02, [INFO], robot3, {'y': 15.937, 'x': -36.699, 'yaw': 3.141}, None, None
140.07, [INFO], robot3, {'battery-level': '40.71'}, None, None
140.07, [INFO], robot3, {'y': 18.058, 'x': -36.625, 'yaw': 3.141}, None, None
150.09, [INFO], robot3, {'battery-level': '40.31'}, None, None
150.09, [INFO], robot3, {'y': 20.168, 'x': -36.83, 'yaw': -3.138}, None, None
160.03, [INFO], robot3, {'y': 21.529, 'x': -37.913, 'yaw': 3.142}, None, None
160.03, [INFO], robot3, {'battery-level': '39.91'}, None, None
170.06, [INFO], robot3, {'battery-level': '39.51'}, None, None
170.06, [INFO], robot3, {'y': 21.419, 'x': -38.066, 'yaw': 3.141}, None, None
172.37, [info], nurse, sync, received-request, (status=sending-request)
172.37, [info], nurse, sync, request-sent, (status=waiting)
172.37, [info], nurse, sync, wait-message, (status=message-received)
180.02, [INFO], robot3, {'battery-level': '39.11'}, None, None
180.02, [INFO], robot3, {'y': 20.755, 'x': -37.19, 'yaw': 3.141}, None, None
190.01, [INFO], robot3, {'battery-level': '38.71'}, None, None
190.01, [INFO], robot3, {'y': 18.648, 'x': -37.137, 'yaw': 3.142}, None, None
200.04, [INFO], robot3, {'battery-level': '38.31'}, None, None
200.04, [INFO], robot3, {'y': 16.534, 'x': -37.095, 'yaw': 3.141}, None, None
210.03, [INFO], robot3, {'battery-level': '37.91'}, None, None
210.03, [INFO], robot3, {'y': 15.627, 'x': -35.367, 'yaw': 3.142}, None, None
220.08, [INFO], robot3, {'y': 15.405, 'x': -33.262, 'yaw': -3.141}, None, None
220.08, [INFO], robot3, {'battery-level': '37.51'}, None, None
230.05, [INFO], robot3, {'battery-level': '37.11'}, None, None
230.05, [INFO], robot3, {'y': 15.53, 'x': -31.145, 'yaw': -3.141}, None, None
240.08, [INFO], robot3, {'battery-level': '36.71'}, None, None
240.08, [INFO], robot3, {'y': 15.736, 'x': -29.036, 'yaw': 3.141}, None, None
250.03, [INFO], robot3, {'battery-level': '36.31'}, None, None
250.03, [INFO], robot3, {'y': 15.787, 'x': -26.938, 'yaw': 3.141}, None, None
260.01, [INFO], robot3, {'battery-level': '35.91'}, None, None
260.01, [INFO], robot3, {'y': 14.328, 'x': -25.726, 'yaw': -3.141}, None, None
270.03, [INFO], robot3, {'y': 12.912, 'x': -25.955, 'yaw': 3.141}, None, None
270.03, [INFO], robot3, {'battery-level': '35.51'}, None, None
276.00, [info], lab_arm, sync, wait-message, (status=message-received)
276.93, [WARN], robot3, SUCCESS, None, None
