0.00, [DEBUG], nurse, NURSE_CONFIG={'location': 'IC Room 2', 'position': [-38.0, 21.5, 0.0]}, None, None
0.19, [DEBUG], logger, ROBOTS_CONFIG={'avg_speed': 0.15, 'battery_charge': 0.5080169438370433, 'battery_discharge_rate': 0.0005200000000000001, 'id': 6, 'local_plan': [['navigation', ['IC Room 2', [[-33.9, 18.93, 3.14], [-37.0, 18.93], [-37.0, 21.5], [-38.0, 21.5, 0.0]]], 'navto_room'], ['approach_person', ['nurse'], 'approach_nurse'], ['authenticate_person', ['nurse'], 'authenticate_nurse'], ['operate_drawer', ['open'], 'open_drawer_for_nurse'], ['send_message', ['nurse'], 'notify_nurse_of_open_drawer_for_nurse_completed'], ['wait_message', ['nurse'], 'wait_nurse_to_complete_deposit'], ['operate_drawer', ['close'], 'close_drawer_nurse'], ['navigation', ['Laboratory', [[-38.0, 21.5, 0.0], [-37.0, 21.5], [-37.0, 16.0], [-26.0, 16.0], [-26.0, 13.0, 1.57]]], 'navto_lab'], ['approach_robot', ['lab_arm'], 'approach_arm'], ['operate_drawer', ['open'], 'open_drawer_lab'], ['send_message', ['lab_arm'], 'notify_lab_arm_of_open_drawer_lab_completed'], ['wait_message', ['lab_arm'], 'wait_lab_arm_to_complete_pick_up_sample'], ['operate_drawer', ['close'], 'close_drawer_lab']], 'location': 'IC Room 6', 'name': 'r6', 'position': [-33.9, 18.93, 3.14], 'skills': ['approach_person', 'approach_robot', 'authenticate_person', 'navigation', 'operate_drawer']}, None, None
0.19, [DEBUG], logger, Simulation open, None, None
10.06, [INFO], robot6, {'battery-level': '50.33'}, None, None
10.06, [INFO], robot6, {'y': 18.901, 'x': -33.896, 'yaw': -3.141}, None, None
20.02, [INFO], robot6, {'battery-level': '49.81'}, None, None
20.02, [INFO], robot6, {'y': 17.8, 'x': -35.526, 'yaw': -3.141}, None, None
30.09, [INFO], robot6, {'y': 19.242, 'x': -36.839, 'yaw': 3.141}, None, None
30.09, [INFO], robot6, {'battery-level': '49.29'}, None, None
40.02, [INFO], robot6, {'battery-level': '48.77'}, None, None
40.02, [INFO], robot6, {'y': 21.328, 'x': -37.086, 'yaw': -3.142}, None, None
50.09, [INFO], robot6, {'y': 21.501, 'x': -38.11, 'yaw': 3.141}, None, None
50.09, [INFO], robot6, {'battery-level': '48.25'}, None, None
57.72, [info], nurse, sync, received-request, (status=sending-request)
57.72, [info], nurse, sync, request-sent, (status=waiting)
57.72, [info], nurse, sync, wait-message, (status=message-received)
60.02, [INFO], robot6, {'battery-level': '47.73'}, None, None
60.02, [INFO], robot6, {'y': 21.42, 'x': -37.843, 'yaw': -3.141}, None, None
70.07, [INFO], robot6, {'battery-level': '47.21'}, None, None
70.07, [INFO], robot6, {'y': 19.72, 'x': -37.153, 'yaw': 3.142}, None, None
80.05, [INFO], robot6, {'battery-level': '46.69'}, None, None
80.05, [INFO], robot6, {'y': 17.612, 'x': -37.101, 'yaw': 3.14}, None, None
90.06, [INFO], robot6, {'battery-level': '46.17'}, None, None
90.06, [INFO], robot6, {'y': 15.914, 'x': -36.384, 'yaw': 3.142}, None, None
100.05, [INFO], robot6, {'battery-level': '45.65'}, None, None
100.05, [INFO], robot6, {'y': 15.343, 'x': -34.319, 'yaw': 3.14}, None, None
110.06, [INFO], robot6, {'battery-level': '45.13'}, None, None
110.06, [INFO], robot6, {'y': 15.523, 'x': -32.197, 'yaw': -3.142}, None, None
120.06, [INFO], robot6, {'y': 15.676, 'x': -30.093, 'yaw': 3.137}, None, None
120.06, [INFO], robot6, {'battery-level': '44.61'}, None, None
130.05, [INFO], robot6, {'battery-level': '44.09'}, None, None
130.05, [INFO], robot6, {'y': 15.821, 'x': -27.983, 'yaw': 3.142}, None, None
140.03, [INFO], robot6, {'battery-level': '43.57'}, None, None
140.03, [INFO], robot6, {'y': 15.409, 'x': -26.141, 'yaw': -3.142}, None, None
150.07, [INFO], robot6, {'battery-level': '43.05'}, None, None
150.07, [INFO], robot6, {'y': 13.335, 'x': -25.761, 'yaw': -3.142}, None, None
160.05, [INFO], robot6, {'y': 12.862, 'x': -25.965, 'yaw': -3.142}, None, None
160.05, [INFO], robot6, {'battery-level': '42.53'}, None, None
160.78, [info], lab_arm, sync, wait-message, (status=message-received)
161.70, [WARN], robot6, SUCCESS, None, None
