0.00, [DEBUG], nurse, NURSE_CONFIG={'location': 'IC Room 6', 'position': [-33.9, 18.93, 3.14]}, None, None
0.00, [INFO], robot3, {'battery-level': '46.27'}, None, None
0.11, [DEBUG], logger, ROBOTS_CONFIG={'avg_speed': 0.15, 'battery_charge': 0.462681764358839, 'battery_discharge_rate': 0.0004, 'id': 3, 'local_plan': [['navigation', ['IC Room 6', [[-38.0, 21.5, 0.0], [-37.0, 21.5], [-37.0, 18.93], [-33.9, 18.93, 3.14]]], 'navto_room'], ['approach_person', ['nurse'], 'approach_nurse'], ['authenticate_person', ['nurse'], 'authenticate_nurse'], ['operate_drawer', ['open'], 'open_drawer_for_nurse'], ['send_message', ['nurse'], 'notify_nurse_of_open_drawer_for_nurse_completed'], ['wait_message', ['nurse'], 'wait_nurse_to_complete_deposit'], ['operate_drawer', ['close'], 'close_drawer_nurse'], ['navigation', ['Laboratory', [[-33.9, 18.93, 3.14], [-37.0, 18.93], [-37.0, 16.0], [-26.0, 16.0], [-26.0, 13.0, 1.57]]], 'navto_lab'], ['approach_robot', ['lab_arm'], 'approach_arm'], ['operate_drawer', ['open'], 'open_drawer_lab'], ['send_message', ['lab_arm'], 'notify_lab_arm_of_open_drawer_lab_completed'], ['wait_message', ['lab_arm'], 'wait_lab_arm_to_complete_pick_up_sample'], ['operate_drawer', ['close'], 'close_drawer_lab']], 'location': 'IC Room 2', 'name': 'r3', 'position': [-38.0, 21.5, 0.0], 'skills': ['approach_person', 'approach_robot', 'authenticate_person', 'navigation', 'operate_drawer']}, None, None
0.11, [DEBUG], logger, Simulation open, None, None
10.01, [INFO], robot3, {'battery-level': '45.91'}, None, None
10.01, [INFO], robot3, {'y': 21.498, 'x': -38.002, 'yaw': -3.142}, None, None
20.04, [INFO], robot3, {'y': 20.313, 'x': -37.288, 'yaw': 3.141}, None, None
20.04, [INFO], robot3, {'battery-level': '45.51'}, None, None
30.07, [INFO], robot3, {'battery-level': '45.11'}, None, None
30.07, [INFO], robot3, {'y': 18.39, 'x': -36.481, 'yaw': 3.141}, None, None
40.06, [INFO], robot3, {'y': 17.946, 'x': -34.592, 'yaw': 3.141}, None, None
40.06, [INFO], robot3, {'battery-level': '44.71'}, None, None
50.01, [INFO], robot3, {'battery-level': '44.31'}, None, None
50.01, [INFO], robot3, {'y': 18.906, 'x': -33.913, 'yaw': -3.141}, None, None
53.79, [info], nurse, sync, received-request, (status=sending-request)
53.79, [info], nurse, sync, request-sent, (status=waiting)
53.79, [info], nurse, sync, wait-message, (status=message-received)
60.04, [INFO], robot3, {'y': 18.129, 'x': -34.552, 'yaw': 3.142}, None, None
60.04, [INFO], robot3, {'battery-level': '43.91'}, None, None
70.03, [INFO], robot3, {'y': 17.973, 'x': -36.037, 'yaw': -3.142}, None, None
70.03, [INFO], robot3, {'battery-level': '43.51'}, None, None
80.02, [INFO], robot3, {'battery-level': '43.11'}, None, None
80.02, [INFO], robot3, {'y': 18.099, 'x': -36.706, 'yaw': -3.142}, None, None
90.04, [INFO], robot3, {'y': 17.463, 'x': -36.888, 'yaw': 3.142}, None, None
90.04, [INFO], robot3, {'battery-level': '42.71'}, None, None
100.07, [INFO], robot3, {'y': 17.389, 'x': -36.908, 'yaw': 3.14}, None, None
100.07, [INFO], robot3, {'battery-level': '42.31'}, None, None
110.01, [INFO], robot3, {'y': 17.284, 'x': -36.812, 'yaw': 3.142}, None, None
110.01, [INFO], robot3, {'battery-level': '41.91'}, None, None
120.05, [INFO], robot3, {'battery-level': '41.51'}, None, None
120.05, [INFO], robot3, {'y': 17.282, 'x': -36.769, 'yaw': -3.142}, None, None
130.02, [INFO], robot3, {'y': 17.11, 'x': -37.083, 'yaw': 3.141}, None, None
130.02, [INFO], robot3, {'battery-level': '41.11'}, None, None
140.04, [INFO], robot3, {'y': 17.261, 'x': -37.026, 'yaw': 3.141}, None, None
140.04, [INFO], robot3, {'battery-level': '40.71'}, None, None
150.06, [INFO], robot3, {'y': 17.048, 'x': -36.801, 'yaw': 3.141}, None, None
150.06, [INFO], robot3, {'battery-level': '40.31'}, None, None
160.07, [INFO], robot3, {'battery-level': '39.91'}, None, None
160.07, [INFO], robot3, {'y': 17.297, 'x': -37.03, 'yaw': -3.141}, None, None
170.02, [INFO], robot3, {'battery-level': '39.51'}, None, None
170.02, [INFO], robot3, {'y': 17.358, 'x': -36.928, 'yaw': -3.142}, None, None
180.03, [INFO], robot3, {'battery-level': '39.11'}, None, None
180.03, [INFO], robot3, {'y': 17.388, 'x': -37.041, 'yaw': 3.142}, None, None
190.07, [INFO], robot3, {'y': 17.332, 'x': -36.856, 'yaw': -3.142}, None, None
190.07, [INFO], robot3, {'battery-level': '38.71'}, None, None
200.09, [INFO], robot3, {'battery-level': '38.31'}, None, None
200.09, [INFO], robot3, {'y': 17.345, 'x': -36.947, 'yaw': -3.142}, None, None
210.01, [INFO], robot3, {'y': 17.274, 'x': -36.994, 'yaw': -3.141}, None, None
210.01, [INFO], robot3, {'battery-level': '37.91'}, None, None
220.03, [INFO], robot3, {'y': 17.272, 'x': -37.023, 'yaw': 3.142}, None, None
220.03, [INFO], robot3, {'battery-level': '37.51'}, None, None
230.00, [INFO], robot3, {'battery-level': '37.11'}, None, None
230.00, [INFO], robot3, {'y': 17.445, 'x': -36.788, 'yaw': -3.142}, None, None
240.03, [INFO], robot3, {'y': 17.216, 'x': -36.92, 'yaw': -3.141}, None, None
240.03, [INFO], robot3, {'battery-level': '36.71'}, None, None
250.04, [INFO], robot3, {'y': 17.163, 'x': -37.107, 'yaw': 3.141}, None, None
250.04, [INFO], robot3, {'battery-level': '36.31'}, None, None
250.41, [WARN], robot3, SKILL-FAILURE, navigation, navto_lab
