0.20, [DEBUG], logger, ROBOTS_CONFIG={'avg_speed': 0.15, 'battery_charge': 0.5080169438370433, 'battery_discharge_rate': 0.0005200000000000001, 'id': 6, 'local_plan': [['navigation', ['IC Room 2', [[-33.9, 18.93, 3.14], [-37.0, 18.93], [-37.0, 21.5], [-38.0, 21.5, 0.0]]], 'navto_room'], ['approach_person', ['nurse'], 'approach_nurse'], ['authenticate_person', ['nurse'], 'authenticate_nurse'], ['operate_drawer', ['open'], 'open_drawer_for_nurse'], ['send_message', ['nurse'], 'notify_nurse_of_open_drawer_for_nurse_completed'], ['wait_message', ['nurse'], 'wait_nurse_to_complete_deposit'], ['operate_drawer', ['close'], 'close_drawer_nurse'], ['navigation', ['Laboratory', [[-38.0, 21.5, 0.0], [-37.0, 21.5], [-37.0, 16.0], [-26.0, 16.0], [-26.0, 13.0, 1.57]]], 'navto_lab'], ['approach_robot', ['lab_arm'], 'approach_arm'], ['operate_drawer', ['open'], 'open_drawer_lab'], ['send_message', ['lab_arm'], 'notify_lab_arm_of_open_drawer_lab_completed'], ['wait_message', ['lab_arm'], 'wait_lab_arm_to_complete_pick_up_sample'], ['operate_drawer', ['close'], 'close_drawer_lab']], 'location': 'IC Room 6', 'name': 'r6', 'position': [-33.9, 18.93, 3.14], 'skills': ['approach_person', 'approach_robot', 'authenticate_person', 'navigation', 'operate_drawer']}, None, None
0.20, [DEBUG], logger, Simulation open, None, None
10.09, [INFO], robot6, {'y': 18.93, 'x': -33.9, 'yaw': 3.142}, None, None
10.09, [INFO], robot6, {'battery-level': '50.33'}, None, None
20.00, [INFO], robot6, {'battery-level': '49.81'}, None, None
20.00, [INFO], robot6, {'y': 17.853, 'x': -34.885, 'yaw': 3.141}, None, None
30.07, [INFO], robot6, {'battery-level': '49.29'}, None, None
30.07, [INFO], robot6, {'y': 18.548, 'x': -36.751, 'yaw': -3.142}, None, None
40.05, [INFO], robot6, {'battery-level': '48.77'}, None, None
40.05, [INFO], robot6, {'y': 20.674, 'x': -36.903, 'yaw': 3.142}, None, None
50.08, [INFO], robot6, {'battery-level': '48.25'}, None, None
50.08, [INFO], robot6, {'y': 21.505, 'x': -38.052, 'yaw': 3.141}, None, None
57.61, [info], nurse, sync, received-request, (status=sending-request)
57.61, [info], nurse, sync, request-sent, (status=waiting)
57.61, [info], nurse, sync, wait-message, (status=message-received)
60.01, [INFO], robot6, {'battery-level': '47.73'}, None, None
60.01, [INFO], robot6, {'y': 21.401, 'x': -37.833, 'yaw': -3.142}, None, None
70.01, [INFO], robot6, {'y': 19.748, 'x': -37.183, 'yaw': 3.142}, None, None
70.01, [INFO], robot6, {'battery-level': '47.21'}, None, None
80.03, [INFO], robot6, {'battery-level': '46.69'}, None, None
80.03, [INFO], robot6, {'y': 17.636, 'x': -37.084, 'yaw': 3.141}, None, None
90.03, [INFO], robot6, {'battery-level': '46.17'}, None, None
90.03, [INFO], robot6, {'y': 15.933, 'x': -36.427, 'yaw': 3.141}, None, None
100.07, [INFO], robot6, {'battery-level': '45.65'}, None, None
100.07, [INFO], robot6, {'y': 15.332, 'x': -34.377, 'yaw': 3.142}, None, None
110.08, [INFO], robot6, {'y': 15.5, 'x': -32.25, 'yaw': -3.142}, None, None
110.08, [INFO], robot6, {'battery-level': '45.13'}, None, None
120.01, [INFO], robot6, {'y': 15.599, 'x': -30.152, 'yaw': 3.136}, None, None
120.01, [INFO], robot6, {'battery-level': '44.61'}, None, None
130.06, [INFO], robot6, {'y': 15.805, 'x': -28.035, 'yaw': 3.142}, None, None
130.06, [INFO], robot6, {'battery-level': '44.09'}, None, None
140.00, [INFO], robot6, {'battery-level': '43.57'}, None, None
140.00, [INFO], robot6, {'y': 15.412, 'x': -26.158, 'yaw': 3.141}, None, None
150.02, [INFO], robot6, {'battery-level': '43.05'}, None, None
150.02, [INFO], robot6, {'y': 13.372, 'x': -25.697, 'yaw': 3.142}, None, None
160.06, [INFO], robot6, {'battery-level': '42.53'}, None, None
160.06, [INFO], robot6, {'y': 12.896, 'x': -25.951, 'yaw': 3.142}, None, None
161.17, [info], lab_arm, sync, wait-message, (status=message-received)
162.10, [WARN], robot6, SUCCESS, None, None
