0.00, [DEBUG], logger, ROBOTS_CONFIG={'avg_speed': 0.15, 'battery_charge': 0.462681764358839, 'battery_discharge_rate': 0.0004, 'id': 3, 'local_plan': [['navigation', ['PC Room 3', [[-38.0, 21.5, 0.0], [-37.0, 21.5], [-37.0, 16.0], [-28.5, 16.0], [-28.5, 18.0, -1.57]]], 'navto_room'], ['approach_person', ['nurse'], 'approach_nurse'], ['authenticate_person', ['nurse'], 'authenticate_nurse'], ['operate_drawer', ['open'], 'open_drawer_for_nurse'], ['send_message', ['nurse'], 'notify_nurse_of_open_drawer_for_nurse_completed'], ['wait_message', ['nurse'], 'wait_nurse_to_complete_deposit'], ['operate_drawer', ['close'], 'close_drawer_nurse'], ['navigation', ['Laboratory', [[-28.5, 18.0, -1.57], [-28.5, 16.0], [-26.0, 16.0], [-26.0, 13.0, 1.57]]], 'navto_lab'], ['approach_robot', ['lab_arm'], 'approach_arm'], ['operate_drawer', ['open'], 'open_drawer_lab'], ['send_message', ['lab_arm'], 'notify_lab_arm_of_open_drawer_lab_completed'], ['wait_message', ['lab_arm'], 'wait_lab_arm_to_complete_pick_up_sample'], ['operate_drawer', ['close'], 'close_drawer_lab']], 'location': 'IC Room 2', 'name': 'r3', 'position': [-38.0, 21.5, 0.0], 'skills': ['approach_person', 'approach_robot', 'authenticate_person', 'navigation', 'operate_drawer']}, None, None
0.00, [DEBUG], logger, Simulation open, None, None
10.09, [INFO], robot3, {'y': 21.546, 'x': -37.478, 'yaw': -3.138}, None, None
10.09, [INFO], robot3, {'battery-level': '45.91'}, None, None
20.03, [INFO], robot3, {'battery-level': '45.51'}, None, None
20.03, [INFO], robot3, {'y': 19.628, 'x': -37.145, 'yaw': 3.142}, None, None
30.05, [INFO], robot3, {'y': 17.512, 'x': -37.061, 'yaw': 3.141}, None, None
30.05, [INFO], robot3, {'battery-level': '45.11'}, None, None
40.01, [INFO], robot3, {'y': 15.988, 'x': -36.149, 'yaw': 3.141}, None, None
40.01, [INFO], robot3, {'battery-level': '44.71'}, None, None
50.08, [INFO], robot3, {'battery-level': '44.31'}, None, None
50.08, [INFO], robot3, {'y': 15.406, 'x': -34.08, 'yaw': 3.142}, None, None
60.04, [INFO], robot3, {'battery-level': '43.91'}, None, None
60.04, [INFO], robot3, {'y': 15.535, 'x': -31.964, 'yaw': -3.141}, None, None
69.96, [INFO], robot3, {'y': 15.616, 'x': -29.845, 'yaw': 3.141}, None, None
70.05, [INFO], robot3, {'battery-level': '43.51'}, None, None
80.01, [INFO], robot3, {'battery-level': '43.11'}, None, None
80.01, [INFO], robot3, {'y': 16.952, 'x': -28.613, 'yaw': -3.14}, None, None
90.07, [INFO], robot3, {'y': 17.975, 'x': -28.536, 'yaw': 3.141}, None, None
90.07, [INFO], robot3, {'battery-level': '42.71'}, None, None
98.72, [info], nurse, sync, received-request, (status=sending-request)
98.72, [info], nurse, sync, request-sent, (status=waiting)
98.72, [info], nurse, sync, wait-message, (status=message-received)
100.00, [INFO], robot3, {'battery-level': '42.31'}, None, None
100.00, [INFO], robot3, {'y': 18.001, 'x': -28.632, 'yaw': 3.141}, None, None
110.06, [INFO], robot3, {'battery-level': '41.91'}, None, None
110.06, [INFO], robot3, {'y': 16.088, 'x': -28.343, 'yaw': 3.141}, None, None
120.03, [INFO], robot3, {'y': 15.957, 'x': -26.243, 'yaw': -3.141}, None, None
120.03, [INFO], robot3, {'battery-level': '41.51'}, None, None
130.07, [INFO], robot3, {'y': 13.886, 'x': -25.761, 'yaw': -3.142}, None, None
130.07, [INFO], robot3, {'battery-level': '41.11'}, None, None
140.05, [INFO], robot3, {'battery-level': '40.71'}, None, None
140.05, [INFO], robot3, {'y': 12.887, 'x': -25.962, 'yaw': -3.142}, None, None
142.44, [info], lab_arm, sync, wait-message, (status=message-received)
143.37, [WARN], robot3, SUCCESS, None, None
