0.00, [INFO], robot3, {'battery-level': '72.32'}, None, None
0.13, [DEBUG], logger, ROBOTS_CONFIG={'avg_speed': 0.15, 'battery_charge': 0.7232396784987936, 'battery_discharge_rate': 0.00036, 'id': 3, 'local_plan': [['navigation', ['IC Room 2', [[-13.5, 18.0, -1.57], [-13.5, 16.0], [-37.0, 16.0], [-37.0, 21.5], [-38.0, 21.5, 0.0]]], 'navto_room'], ['approach_person', ['nurse'], 'approach_nurse'], ['authenticate_person', ['nurse'], 'authenticate_nurse'], ['operate_drawer', ['open'], 'open_drawer_for_nurse'], ['send_message', ['nurse'], 'notify_nurse_of_open_drawer_for_nurse_completed'], ['wait_message', ['nurse'], 'wait_nurse_to_complete_deposit'], ['operate_drawer', ['close'], 'close_drawer_nurse'], ['navigation', ['Laboratory', [[-38.0, 21.5, 0.0], [-37.0, 21.5], [-37.0, 16.0], [-26.0, 16.0], [-26.0, 13.0, 1.57]]], 'navto_lab'], ['approach_robot', ['lab_arm'], 'approach_arm'], ['operate_drawer', ['open'], 'open_drawer_lab'], ['send_message', ['lab_arm'], 'notify_lab_arm_of_open_drawer_lab_completed'], ['wait_message', ['lab_arm'], 'wait_lab_arm_to_complete_pick_up_sample'], ['operate_drawer', ['close'], 'close_drawer_lab']], 'location': 'PC Room 7', 'name': 'r3', 'position': [-13.5, 18.0, -1.57], 'skills': ['approach_person', 'approach_robot', 'navigation', 'operate_drawer']}, None, None
0.13, [DEBUG], logger, Simulation open, None, None
10.09, [INFO], robot3, {'battery-level': '72.00'}, None, None
10.09, [INFO], robot3, {'y': 18.001, 'x': -13.498, 'yaw': -3.142}, None, None
20.09, [INFO], robot3, {'y': 16.237, 'x': -13.733, 'yaw': 3.142}, None, None
20.09, [INFO], robot3, {'battery-level': '71.64'}, None, None
30.07, [INFO], robot3, {'battery-level': '71.28'}, None, None
30.07, [INFO], robot3, {'y': 16.09, 'x': -15.848, 'yaw': 3.142}, None, None
40.06, [INFO], robot3, {'battery-level': '70.92'}, None, None
40.06, [INFO], robot3, {'y': 16.071, 'x': -17.95, 'yaw': 3.141}, None, None
50.02, [INFO], robot3, {'y': 16.201, 'x': -20.051, 'yaw': -3.139}, None, None
50.02, [INFO], robot3, {'battery-level': '70.56'}, None, None
60.05, [INFO], robot3, {'battery-level': '70.20'}, None, None
60.05, [INFO], robot3, {'y': 16.251, 'x': -22.172, 'yaw': 3.142}, None, None
70.07, [INFO], robot3, {'battery-level': '69.84'}, None, None
70.07, [INFO], robot3, {'y': 16.18, 'x': -24.294, 'yaw': 3.14}, None, None
80.08, [INFO], robot3, {'battery-level': '69.48'}, None, None
80.08, [INFO], robot3, {'y': 16.074, 'x': -26.4, 'yaw': 3.142}, None, None
90.08, [INFO], robot3, {'battery-level': '69.12'}, None, None
90.08, [INFO], robot3, {'y': 16.121, 'x': -28.529, 'yaw': -3.142}, None, None
100.02, [INFO], robot3, {'battery-level': '68.76'}, None, None
100.02, [INFO], robot3, {'y': 16.071, 'x': -30.635, 'yaw': 3.142}, None, None
110.06, [INFO], robot3, {'y': 15.8, 'x': -32.751, 'yaw': -3.141}, None, None
110.06, [INFO], robot3, {'battery-level': '68.40'}, None, None
120.00, [INFO], robot3, {'battery-level': '68.04'}, None, None
120.00, [INFO], robot3, {'y': 15.387, 'x': -34.832, 'yaw': 3.141}, None, None
130.05, [INFO], robot3, {'y': 16.073, 'x': -36.65, 'yaw': -3.142}, None, None
130.05, [INFO], robot3, {'battery-level': '67.68'}, None, None
140.06, [INFO], robot3, {'battery-level': '67.32'}, None, None
140.06, [INFO], robot3, {'y': 18.195, 'x': -36.636, 'yaw': -3.141}, None, None
150.09, [INFO], robot3, {'y': 20.314, 'x': -36.833, 'yaw': 3.141}, None, None
150.09, [INFO], robot3, {'battery-level': '66.96'}, None, None
160.08, [INFO], robot3, {'battery-level': '66.60'}, None, None
160.08, [INFO], robot3, {'y': 21.51, 'x': -37.996, 'yaw': 3.141}, None, None
170.03, [INFO], robot3, {'y': 21.434, 'x': -38.086, 'yaw': -3.142}, None, None
170.03, [INFO], robot3, {'battery-level': '66.24'}, None, None
172.86, [WARN], robot3, NO-SKILL, authenticate_person, authenticate_nurse
