0.00, [DEBUG], nurse, NURSE_CONFIG={'location': 'PC Room 3', 'position': [-28.5, 18.0, -1.57]}, None, None
0.00, [INFO], robot4, {'battery-level': '48.63'}, None, None
0.15, [DEBUG], logger, ROBOTS_CONFIG={'avg_speed': 0.15, 'battery_charge': 0.4863040833267539, 'battery_discharge_rate': 0.0006000000000000001, 'id': 4, 'local_plan': [['navigation', ['PC Room 3', [[-13.5, 18.0, -1.57], [-13.5, 16.0], [-28.5, 16.0], [-28.5, 18.0, -1.57]]], 'navto_room'], ['approach_person', ['nurse'], 'approach_nurse'], ['authenticate_person', ['nurse'], 'authenticate_nurse'], ['operate_drawer', ['open'], 'open_drawer_for_nurse'], ['send_message', ['nurse'], 'notify_nurse_of_open_drawer_for_nurse_completed'], ['wait_message', ['nurse'], 'wait_nurse_to_complete_deposit'], ['operate_drawer', ['close'], 'close_drawer_nurse'], ['navigation', ['Laboratory', [[-28.5, 18.0, -1.57], [-28.5, 16.0], [-26.0, 16.0], [-26.0, 13.0, 1.57]]], 'navto_lab'], ['approach_robot', ['lab_arm'], 'approach_arm'], ['operate_drawer', ['open'], 'open_drawer_lab'], ['send_message', ['lab_arm'], 'notify_lab_arm_of_open_drawer_lab_completed'], ['wait_message', ['lab_arm'], 'wait_lab_arm_to_complete_pick_up_sample'], ['operate_drawer', ['close'], 'close_drawer_lab']], 'location': 'PC Room 7', 'name': 'r4', 'position': [-13.5, 18.0, -1.57], 'skills': ['approach_person', 'approach_robot', 'authenticate_person', 'navigation', 'operate_drawer']}, None, None
0.15, [DEBUG], logger, Simulation open, None, None
10.02, [INFO], robot4, {'battery-level': '48.09'}, None, None
10.02, [INFO], robot4, {'y': 17.272, 'x': -13.491, 'yaw': -3.142}, None, None
20.07, [INFO], robot4, {'battery-level': '47.49'}, None, None
20.07, [INFO], robot4, {'y': 16.02, 'x': -14.565, 'yaw': -3.142}, None, None
30.01, [INFO], robot4, {'battery-level': '46.89'}, None, None
30.01, [INFO], robot4, {'y': 15.955, 'x': -16.668, 'yaw': 3.14}, None, None
40.04, [INFO], robot4, {'y': 15.983, 'x': -18.776, 'yaw': -3.142}, None, None
40.04, [INFO], robot4, {'battery-level': '46.29'}, None, None
50.05, [INFO], robot4, {'battery-level': '45.69'}, None, None
50.05, [INFO], robot4, {'y': 16.202, 'x': -20.891, 'yaw': -3.142}, None, None
60.00, [INFO], robot4, {'y': 16.147, 'x': -22.985, 'yaw': 3.141}, None, None
60.00, [INFO], robot4, {'battery-level': '45.09'}, None, None
70.07, [INFO], robot4, {'y': 16.127, 'x': -25.109, 'yaw': 3.14}, None, None
70.07, [INFO], robot4, {'battery-level': '44.49'}, None, None
80.02, [INFO], robot4, {'battery-level': '43.89'}, None, None
80.02, [INFO], robot4, {'y': 16.052, 'x': -27.213, 'yaw': 3.142}, None, None
90.04, [INFO], robot4, {'y': 17.075, 'x': -28.649, 'yaw': -3.14}, None, None
90.04, [INFO], robot4, {'battery-level': '43.29'}, None, None
100.05, [INFO], robot4, {'y': 17.982, 'x': -28.645, 'yaw': 3.141}, None, None
100.05, [INFO], robot4, {'battery-level': '42.69'}, None, None
109.33, [info], nurse, sync, received-request, (status=sending-request)
109.43, [info], nurse, sync, request-sent, (status=waiting)
109.43, [info], nurse, sync, wait-message, (status=message-received)
110.07, [INFO], robot4, {'y': 18.068, 'x': -28.636, 'yaw': 3.141}, None, None
110.07, [INFO], robot4, {'battery-level': '42.09'}, None, None
120.06, [INFO], robot4, {'y': 16.144, 'x': -28.547, 'yaw': 3.14}, None, None
120.06, [INFO], robot4, {'battery-level': '41.49'}, None, None
130.00, [INFO], robot4, {'y': 16.054, 'x': -26.44, 'yaw': 3.141}, None, None
130.00, [INFO], robot4, {'battery-level': '40.89'}, None, None
140.00, [INFO], robot4, {'battery-level': '40.29'}, None, None
140.00, [INFO], robot4, {'y': 14.078, 'x': -25.779, 'yaw': 3.141}, None, None
150.01, [INFO], robot4, {'battery-level': '39.69'}, None, None
150.01, [INFO], robot4, {'y': 12.9, 'x': -25.966, 'yaw': 3.141}, None, None
160.08, [INFO], robot4, {'battery-level': '39.09'}, None, None
160.08, [INFO], robot4, {'y': 12.811, 'x': -25.942, 'yaw': -3.142}, None, None
161.09, [info], lab_arm, sync, wait-message, (status=message-received)
162.01, [WARN], robot4, SUCCESS, None, None
