0.00, [INFO], robot2, {'battery-level': '57.79'}, None, None
0.12, [DEBUG], logger, ROBOTS_CONFIG={'avg_speed': 0.15, 'battery_charge': 0.5779176354739738, 'battery_discharge_rate': 0.00054, 'id': 2, 'local_plan': [['navigation', ['PC Room 3', [[-21.0, 18.0, -1.57], [-21.0, 16.0], [-28.5, 16.0], [-28.5, 18.0, -1.57]]], 'navto_room'], ['approach_person', ['nurse'], 'approach_nurse'], ['authenticate_person', ['nurse'], 'authenticate_nurse'], ['operate_drawer', ['open'], 'open_drawer_for_nurse'], ['send_message', ['nurse'], 'notify_nurse_of_open_drawer_for_nurse_completed'], ['wait_message', ['nurse'], 'wait_nurse_to_complete_deposit'], ['operate_drawer', ['close'], 'close_drawer_nurse'], ['navigation', ['Laboratory', [[-28.5, 18.0, -1.57], [-28.5, 16.0], [-26.0, 16.0], [-26.0, 13.0, 1.57]]], 'navto_lab'], ['approach_robot', ['lab_arm'], 'approach_arm'], ['operate_drawer', ['open'], 'open_drawer_lab'], ['send_message', ['lab_arm'], 'notify_lab_arm_of_open_drawer_lab_completed'], ['wait_message', ['lab_arm'], 'wait_lab_arm_to_complete_pick_up_sample'], ['operate_drawer', ['close'], 'close_drawer_lab']], 'location': 'PC Room 5', 'name': 'r2', 'position': [-21.0, 18.0, -1.57], 'skills': ['approach_person', 'approach_robot', 'authenticate_person', 'navigation', 'operate_drawer']}, None, None
0.12, [DEBUG], logger, Simulation open, None, None
10.01, [INFO], robot2, {'y': 17.256, 'x': -20.947, 'yaw': 3.142}, None, None
10.01, [INFO], robot2, {'battery-level': '57.31'}, None, None
20.02, [INFO], robot2, {'battery-level': '56.77'}, None, None
20.02, [INFO], robot2, {'y': 16.102, 'x': -22.07, 'yaw': -3.141}, None, None
30.05, [INFO], robot2, {'battery-level': '56.23'}, None, None
30.05, [INFO], robot2, {'y': 16.054, 'x': -24.178, 'yaw': 3.141}, None, None
40.09, [INFO], robot2, {'battery-level': '55.69'}, None, None
40.09, [INFO], robot2, {'y': 16.036, 'x': -26.285, 'yaw': 3.141}, None, None
50.07, [INFO], robot2, {'y': 16.23, 'x': -28.335, 'yaw': 3.142}, None, None
50.07, [INFO], robot2, {'battery-level': '55.15'}, None, None
60.09, [INFO], robot2, {'y': 17.916, 'x': -28.634, 'yaw': 3.141}, None, None
60.09, [INFO], robot2, {'battery-level': '54.61'}, None, None
66.48, [info], nurse, sync, received-request, (status=sending-request)
66.48, [info], nurse, sync, request-sent, (status=waiting)
66.48, [info], nurse, sync, wait-message, (status=message-received)
70.04, [INFO], robot2, {'y': 17.466, 'x': -28.665, 'yaw': -3.141}, None, None
70.04, [INFO], robot2, {'battery-level': '54.07'}, None, None
80.08, [INFO], robot2, {'battery-level': '53.53'}, None, None
80.08, [INFO], robot2, {'y': 16.121, 'x': -27.836, 'yaw': 3.141}, None, None
90.02, [INFO], robot2, {'battery-level': '52.99'}, None, None
90.02, [INFO], robot2, {'y': 15.47, 'x': -26.069, 'yaw': -3.142}, None, None
100.07, [INFO], robot2, {'battery-level': '52.45'}, None, None
100.07, [INFO], robot2, {'y': 13.372, 'x': -25.745, 'yaw': 3.142}, None, None
110.08, [INFO], robot2, {'battery-level': '51.91'}, None, None
110.08, [INFO], robot2, {'y': 12.82, 'x': -26.024, 'yaw': 3.141}, None, None
116.72, [info], lab_arm, sync, wait-message, (status=message-received)
117.56, [WARN], robot2, SUCCESS, None, None
