0.13, [DEBUG], logger, ROBOTS_CONFIG={'avg_speed': 0.15, 'battery_charge': 0.7232396784987936, 'battery_discharge_rate': 0.00036, 'id': 3, 'local_plan': [['navigation', ['IC Room 6', [[-38.0, 21.5, 0.0], [-37.0, 21.5], [-37.0, 18.93], [-33.9, 18.93, 3.14]]], 'navto_room'], ['approach_person', ['nurse'], 'approach_nurse'], ['authenticate_person', ['nurse'], 'authenticate_nurse'], ['operate_drawer', ['open'], 'open_drawer_for_nurse'], ['send_message', ['nurse'], 'notify_nurse_of_open_drawer_for_nurse_completed'], ['wait_message', ['nurse'], 'wait_nurse_to_complete_deposit'], ['operate_drawer', ['close'], 'close_drawer_nurse'], ['navigation', ['Laboratory', [[-33.9, 18.93, 3.14], [-37.0, 18.93], [-37.0, 16.0], [-26.0, 16.0], [-26.0, 13.0, 1.57]]], 'navto_lab'], ['approach_robot', ['lab_arm'], 'approach_arm'], ['operate_drawer', ['open'], 'open_drawer_lab'], ['send_message', ['lab_arm'], 'notify_lab_arm_of_open_drawer_lab_completed'], ['wait_message', ['lab_arm'], 'wait_lab_arm_to_complete_pick_up_sample'], ['operate_drawer', ['close'], 'close_drawer_lab']], 'location': 'IC Room 2', 'name': 'r3', 'position': [-38.0, 21.5, 0.0], 'skills': ['approach_person', 'approach_robot', 'authenticate_person', 'navigation', 'operate_drawer']}, None, None
0.13, [DEBUG], logger, Simulation open, None, None
10.02, [INFO], robot3, {'y': 21.542, 'x': -37.449, 'yaw': -3.138}, None, None
10.02, [INFO], robot3, {'battery-level': '72.00'}, None, None
20.04, [INFO], robot3, {'y': 19.59, 'x': -37.136, 'yaw': 3.142}, None, None
20.04, [INFO], robot3, {'battery-level': '71.64'}, None, None
30.03, [INFO], robot3, {'y': 17.915, 'x': -35.86, 'yaw': -3.141}, None, None
30.03, [INFO], robot3, {'battery-level': '71.28'}, None, None
40.06, [INFO], robot3, {'y': 18.644, 'x': -34.114, 'yaw': -3.142}, None, None
40.06, [INFO], robot3, {'battery-level': '70.92'}, None, None
50.07, [INFO], robot3, {'battery-level': '70.56'}, None, None
50.07, [INFO], robot3, {'y': 18.953, 'x': -33.891, 'yaw': -3.142}, None, None
50.34, [info], nurse, sync, received-request, (status=sending-request)
50.34, [info], nurse, sync, request-sent, (status=waiting)
50.34, [info], nurse, sync, wait-message, (status=message-received)
60.00, [INFO], robot3, {'y': 17.799, 'x': -35.138, 'yaw': 3.141}, None, None
60.00, [INFO], robot3, {'battery-level': '70.20'}, None, None
70.05, [INFO], robot3, {'y': 17.692, 'x': -36.987, 'yaw': 3.141}, None, None
70.05, [INFO], robot3, {'battery-level': '69.84'}, None, None
80.08, [INFO], robot3, {'y': 17.41, 'x': -37.005, 'yaw': 3.142}, None, None
80.08, [INFO], robot3, {'battery-level': '69.48'}, None, None
90.05, [INFO], robot3, {'y': 17.328, 'x': -36.88, 'yaw': -3.141}, None, None
90.05, [INFO], robot3, {'battery-level': '69.12'}, None, None
100.03, [INFO], robot3, {'battery-level': '68.76'}, None, None
100.03, [INFO], robot3, {'y': 17.294, 'x': -37.036, 'yaw': -3.142}, None, None
110.02, [INFO], robot3, {'battery-level': '68.40'}, None, None
110.02, [INFO], robot3, {'y': 17.394, 'x': -36.752, 'yaw': -3.141}, None, None
120.05, [INFO], robot3, {'y': 17.399, 'x': -37.029, 'yaw': 3.14}, None, None
120.05, [INFO], robot3, {'battery-level': '68.04'}, None, None
130.08, [INFO], robot3, {'battery-level': '67.68'}, None, None
130.08, [INFO], robot3, {'y': 17.263, 'x': -37.076, 'yaw': 3.141}, None, None
140.03, [INFO], robot3, {'y': 17.48, 'x': -36.905, 'yaw': -3.141}, None, None
140.03, [INFO], robot3, {'battery-level': '67.32'}, None, None
150.07, [INFO], robot3, {'y': 17.432, 'x': -36.992, 'yaw': 3.141}, None, None
150.07, [INFO], robot3, {'battery-level': '66.96'}, None, None
160.00, [INFO], robot3, {'battery-level': '66.60'}, None, None
160.00, [INFO], robot3, {'y': 17.293, 'x': -36.813, 'yaw': 3.141}, None, None
170.06, [INFO], robot3, {'y': 17.451, 'x': -37.041, 'yaw': 3.141}, None, None
170.06, [INFO], robot3, {'battery-level': '66.24'}, None, None
180.09, [INFO], robot3, {'battery-level': '65.88'}, None, None
180.09, [INFO], robot3, {'y': 17.376, 'x': -36.835, 'yaw': -3.141}, None, None
190.03, [INFO], robot3, {'battery-level': '65.52'}, None, None
190.03, [INFO], robot3, {'y': 17.381, 'x': -36.897, 'yaw': 3.142}, None, None
200.03, [INFO], robot3, {'battery-level': '65.16'}, None, None
200.03, [INFO], robot3, {'y': 17.449, 'x': -36.698, 'yaw': 3.142}, None, None
210.09, [INFO], robot3, {'battery-level': '64.80'}, None, None
210.09, [INFO], robot3, {'y': 17.314, 'x': -37.058, 'yaw': 3.141}, None, None
220.04, [INFO], robot3, {'battery-level': '64.44'}, None, None
220.04, [INFO], robot3, {'y': 17.411, 'x': -36.897, 'yaw': 3.142}, None, None
230.05, [INFO], robot3, {'battery-level': '64.08'}, None, None
230.05, [INFO], robot3, {'y': 17.227, 'x': -36.798, 'yaw': -3.141}, None, None
235.29, [WARN], robot3, SKILL-FAILURE, navigation, navto_lab
