0.00, [DEBUG], logger, ROBOTS_CONFIG={'avg_speed': 0.15, 'battery_charge': 0.9109794326728246, 'battery_discharge_rate': 0.00072, 'id': 6, 'local_plan': [['navigation', ['IC Room 2', [[-33.9, 18.93, 3.14], [-37.0, 18.93], [-37.0, 21.5], [-38.0, 21.5, 0.0]]], 'navto_room'], ['approach_person', ['nurse'], 'approach_nurse'], ['authenticate_person', ['nurse'], 'authenticate_nurse'], ['operate_drawer', ['open'], 'open_drawer_for_nurse'], ['send_message', ['nurse'], 'notify_nurse_of_open_drawer_for_nurse_completed'], ['wait_message', ['nurse'], 'wait_nurse_to_complete_deposit'], ['operate_drawer', ['close'], 'close_drawer_nurse'], ['navigation', ['Laboratory', [[-38.0, 21.5, 0.0], [-37.0, 21.5], [-37.0, 16.0], [-26.0, 16.0], [-26.0, 13.0, 1.57]]], 'navto_lab'], ['approach_robot', ['lab_arm'], 'approach_arm'], ['operate_drawer', ['open'], 'open_drawer_lab'], ['send_message', ['lab_arm'], 'notify_lab_arm_of_open_drawer_lab_completed'], ['wait_message', ['lab_arm'], 'wait_lab_arm_to_complete_pick_up_sample'], ['operate_drawer', ['close'], 'close_drawer_lab']], 'location': 'IC Room 6', 'name': 'r6', 'position': [-33.9, 18.93, 3.14], 'skills': ['approach_person', 'approach_robot', 'authenticate_person', 'navigation', 'operate_drawer']}, None, None
0.00, [DEBUG], logger, Simulation open, None, None
10.02, [INFO], robot6, {'battery-level': '90.45'}, None, None
10.02, [INFO], robot6, {'y': 18.412, 'x': -34.385, 'yaw': 3.14}, None, None
20.09, [INFO], robot6, {'y': 18.038, 'x': -36.198, 'yaw': -3.137}, None, None
20.09, [INFO], robot6, {'battery-level': '89.73'}, None, None
30.04, [INFO], robot6, {'y': 19.921, 'x': -36.869, 'yaw': -3.142}, None, None
30.04, [INFO], robot6, {'battery-level': '89.01'}, None, None
40.02, [INFO], robot6, {'y': 21.65, 'x': -37.654, 'yaw': 3.141}, None, None
40.02, [INFO], robot6, {'battery-level': '88.29'}, None, None
50.01, [INFO], robot6, {'battery-level': '87.57'}, None, None
50.01, [INFO], robot6, {'y': 21.483, 'x': -38.063, 'yaw': 3.137}, None, None
54.97, [info], nurse, sync, received-request, (status=sending-request)
54.97, [info], nurse, sync, request-sent, (status=waiting)
54.97, [info], nurse, sync, wait-message, (status=message-received)
60.02, [INFO], robot6, {'y': 21.31, 'x': -37.278, 'yaw': -3.141}, None, None
60.02, [INFO], robot6, {'battery-level': '86.85'}, None, None
70.04, [INFO], robot6, {'y': 19.207, 'x': -37.154, 'yaw': -3.142}, None, None
70.04, [INFO], robot6, {'battery-level': '86.13'}, None, None
80.08, [INFO], robot6, {'battery-level': '85.41'}, None, None
80.08, [INFO], robot6, {'y': 17.096, 'x': -37.09, 'yaw': 3.14}, None, None
90.02, [INFO], robot6, {'battery-level': '84.69'}, None, None
90.02, [INFO], robot6, {'y': 15.782, 'x': -35.9, 'yaw': -3.14}, None, None
100.03, [INFO], robot6, {'battery-level': '83.97'}, None, None
100.03, [INFO], robot6, {'y': 15.384, 'x': -33.815, 'yaw': -3.142}, None, None
110.07, [INFO], robot6, {'battery-level': '83.25'}, None, None
110.07, [INFO], robot6, {'y': 15.485, 'x': -31.693, 'yaw': 3.142}, None, None
120.02, [INFO], robot6, {'battery-level': '82.53'}, None, None
120.02, [INFO], robot6, {'y': 15.658, 'x': -29.599, 'yaw': 3.142}, None, None
130.08, [INFO], robot6, {'y': 15.749, 'x': -27.486, 'yaw': 3.142}, None, None
130.08, [INFO], robot6, {'battery-level': '81.81'}, None, None
140.02, [INFO], robot6, {'y': 14.816, 'x': -25.934, 'yaw': 3.142}, None, None
140.02, [INFO], robot6, {'battery-level': '81.09'}, None, None
150.05, [INFO], robot6, {'battery-level': '80.37'}, None, None
150.05, [INFO], robot6, {'y': 12.982, 'x': -25.905, 'yaw': 3.142}, None, None
156.52, [info], lab_arm, sync, wait-message, (status=message-received)
157.44, [WARN], robot6, SUCCESS, None, None
