0.13, [DEBUG], logger, ROBOTS_CONFIG={'avg_speed': 0.15, 'battery_charge': 0.9109794326728246, 'battery_discharge_rate': 0.00072, 'id': 6, 'local_plan': [['navigation', ['IC Room 2', [[-33.9, 18.93, 3.14], [-37.0, 18.93], [-37.0, 21.5], [-38.0, 21.5, 0.0]]], 'navto_room'], ['approach_person', ['nurse'], 'approach_nurse'], ['authenticate_person', ['nurse'], 'authenticate_nurse'], ['operate_drawer', ['open'], 'open_drawer_for_nurse'], ['send_message', ['nurse'], 'notify_nurse_of_open_drawer_for_nurse_completed'], ['wait_message', ['nurse'], 'wait_nurse_to_complete_deposit'], ['operate_drawer', ['close'], 'close_drawer_nurse'], ['navigation', ['Laboratory', [[-38.0, 21.5, 0.0], [-37.0, 21.5], [-37.0, 16.0], [-26.0, 16.0], [-26.0, 13.0, 1.57]]], 'navto_lab'], ['approach_robot', ['lab_arm'], 'approach_arm'], ['operate_drawer', ['open'], 'open_drawer_lab'], ['send_message', ['lab_arm'], 'notify_lab_arm_of_open_drawer_lab_completed'], ['wait_message', ['lab_arm'], 'wait_lab_arm_to_complete_pick_up_sample'], ['operate_drawer', ['close'], 'close_drawer_lab']], 'location': 'IC Room 6', 'name': 'r6', 'position': [-33.9, 18.93, 3.14], 'skills': ['approach_person', 'approach_robot', 'authenticate_person', 'navigation', 'operate_drawer']}, None, None
0.13, [DEBUG], logger, Simulation open, None, None
10.00, [INFO], robot6, {'battery-level': '90.45'}, None, None
10.00, [INFO], robot6, {'y': 18.328, 'x': -34.414, 'yaw': 3.142}, None, None
20.01, [INFO], robot6, {'y': 18.127, 'x': -36.251, 'yaw': -3.139}, None, None
20.01, [INFO], robot6, {'battery-level': '89.73'}, None, None
30.08, [INFO], robot6, {'battery-level': '89.01'}, None, None
30.08, [INFO], robot6, {'y': 20.057, 'x': -36.841, 'yaw': 3.141}, None, None
40.01, [INFO], robot6, {'y': 21.5, 'x': -37.897, 'yaw': 3.142}, None, None
40.01, [INFO], robot6, {'battery-level': '88.29'}, None, None
48.18, [info], nurse, sync, received-request, (status=sending-request)
48.18, [info], nurse, sync, request-sent, (status=waiting)
48.18, [info], nurse, sync, wait-message, (status=message-received)
50.02, [INFO], robot6, {'battery-level': '87.57'}, None, None
50.02, [INFO], robot6, {'y': 21.423, 'x': -37.921, 'yaw': 3.139}, None, None
60.05, [INFO], robot6, {'battery-level': '86.85'}, None, None
60.05, [INFO], robot6, {'y': 19.851, 'x': -37.181, 'yaw': 3.141}, None, None
70.08, [INFO], robot6, {'battery-level': '86.13'}, None, None
70.08, [INFO], robot6, {'y': 17.736, 'x': -37.11, 'yaw': 3.141}, None, None
80.09, [INFO], robot6, {'y': 15.923, 'x': -36.433, 'yaw': 3.14}, None, None
80.09, [INFO], robot6, {'battery-level': '85.41'}, None, None
90.03, [INFO], robot6, {'battery-level': '84.69'}, None, None
90.03, [INFO], robot6, {'y': 15.384, 'x': -34.38, 'yaw': -3.141}, None, None
100.05, [INFO], robot6, {'y': 15.525, 'x': -32.251, 'yaw': 3.142}, None, None
100.05, [INFO], robot6, {'battery-level': '83.97'}, None, None
110.08, [INFO], robot6, {'y': 15.604, 'x': -30.127, 'yaw': 3.141}, None, None
110.08, [INFO], robot6, {'battery-level': '83.25'}, None, None
120.02, [INFO], robot6, {'y': 15.699, 'x': -28.029, 'yaw': 3.142}, None, None
120.02, [INFO], robot6, {'battery-level': '82.53'}, None, None
130.05, [INFO], robot6, {'y': 15.417, 'x': -26.08, 'yaw': 3.142}, None, None
130.05, [INFO], robot6, {'battery-level': '81.81'}, None, None
140.09, [INFO], robot6, {'battery-level': '81.09'}, None, None
140.09, [INFO], robot6, {'y': 13.352, 'x': -25.684, 'yaw': -3.142}, None, None
150.01, [INFO], robot6, {'battery-level': '80.37'}, None, None
150.01, [INFO], robot6, {'y': 12.928, 'x': -25.946, 'yaw': -3.142}, None, None
151.48, [info], lab_arm, sync, wait-message, (status=message-received)
152.40, [WARN], robot6, SUCCESS, None, None
