0.00, [DEBUG], nurse, NURSE_CONFIG={'location': 'IC Room 2', 'position': [-38.0, 21.5, 0.0]}, None, None
0.00, [INFO], robot6, {'battery-level': '54.08'}, None, None
0.18, [DEBUG], logger, ROBOTS_CONFIG={'avg_speed': 0.15, 'battery_charge': 0.5408465660492595, 'battery_discharge_rate': 0.00072, 'id': 6, 'local_plan': [['navigation', ['IC Room 2', [[-33.9, 18.93, 3.14], [-37.0, 18.93], [-37.0, 21.5], [-38.0, 21.5, 0.0]]], 'navto_room'], ['approach_person', ['nurse'], 'approach_nurse'], ['authenticate_person', ['nurse'], 'authenticate_nurse'], ['operate_drawer', ['open'], 'open_drawer_for_nurse'], ['send_message', ['nurse'], 'notify_nurse_of_open_drawer_for_nurse_completed'], ['wait_message', ['nurse'], 'wait_nurse_to_complete_deposit'], ['operate_drawer', ['close'], 'close_drawer_nurse'], ['navigation', ['Laboratory', [[-38.0, 21.5, 0.0], [-37.0, 21.5], [-37.0, 16.0], [-26.0, 16.0], [-26.0, 13.0, 1.57]]], 'navto_lab'], ['approach_robot', ['lab_arm'], 'approach_arm'], ['operate_drawer', ['open'], 'open_drawer_lab'], ['send_message', ['lab_arm'], 'notify_lab_arm_of_open_drawer_lab_completed'], ['wait_message', ['lab_arm'], 'wait_lab_arm_to_complete_pick_up_sample'], ['operate_drawer', ['close'], 'close_drawer_lab']], 'location': 'IC Room 6', 'name': 'r6', 'position': [-33.9, 18.93, 3.14], 'skills': ['approach_person', 'approach_robot', 'authenticate_person', 'navigation', 'operate_drawer']}, None, None
0.18, [DEBUG], logger, Simulation open, None, None
10.06, [INFO], robot6, {'y': 18.369, 'x': -34.394, 'yaw': 3.141}, None, None
10.06, [INFO], robot6, {'battery-level': '53.44'}, None, None
20.01, [INFO], robot6, {'battery-level': '52.72'}, None, None
20.01, [INFO], robot6, {'y': 18.034, 'x': -36.204, 'yaw': -3.136}, None, None
30.05, [INFO], robot6, {'y': 19.927, 'x': -36.865, 'yaw': 3.142}, None, None
30.05, [INFO], robot6, {'battery-level': '52.00'}, None, None
40.01, [INFO], robot6, {'battery-level': '51.28'}, None, None
40.01, [INFO], robot6, {'y': 21.56, 'x': -37.79, 'yaw': 3.141}, None, None
50.04, [INFO], robot6, {'battery-level': '50.56'}, None, None
50.04, [INFO], robot6, {'y': 21.415, 'x': -38.068, 'yaw': 3.136}, None, None
53.26, [info], nurse, sync, received-request, (status=sending-request)
53.26, [info], nurse, sync, request-sent, (status=waiting)
53.26, [info], nurse, sync, wait-message, (status=message-received)
60.02, [INFO], robot6, {'battery-level': '49.84'}, None, None
60.02, [INFO], robot6, {'y': 20.84, 'x': -37.209, 'yaw': 3.142}, None, None
70.04, [INFO], robot6, {'battery-level': '49.12'}, None, None
70.04, [INFO], robot6, {'y': 18.706, 'x': -37.142, 'yaw': 3.142}, None, None
80.05, [INFO], robot6, {'battery-level': '48.40'}, None, None
80.05, [INFO], robot6, {'y': 16.588, 'x': -37.039, 'yaw': -3.142}, None, None
90.02, [INFO], robot6, {'battery-level': '47.68'}, None, None
90.02, [INFO], robot6, {'y': 15.635, 'x': -35.296, 'yaw': 3.142}, None, None
100.01, [INFO], robot6, {'battery-level': '46.96'}, None, None
100.01, [INFO], robot6, {'y': 15.429, 'x': -33.195, 'yaw': 3.141}, None, None
110.04, [INFO], robot6, {'battery-level': '46.24'}, None, None
110.04, [INFO], robot6, {'y': 15.457, 'x': -31.069, 'yaw': -3.141}, None, None
119.95, [INFO], robot6, {'battery-level': '45.52'}, None, None
120.02, [INFO], robot6, {'y': 15.721, 'x': -28.966, 'yaw': -3.142}, None, None
130.05, [INFO], robot6, {'battery-level': '44.80'}, None, None
130.05, [INFO], robot6, {'y': 15.766, 'x': -26.831, 'yaw': -3.142}, None, None
140.01, [INFO], robot6, {'battery-level': '44.08'}, None, None
140.01, [INFO], robot6, {'y': 14.301, 'x': -25.741, 'yaw': 3.138}, None, None
150.03, [INFO], robot6, {'battery-level': '43.36'}, None, None
150.03, [INFO], robot6, {'y': 12.879, 'x': -25.976, 'yaw': -3.141}, None, None
155.33, [info], lab_arm, sync, wait-message, (status=message-received)
156.07, [WARN], robot6, SUCCESS, None, None
