0.00, [INFO], robot3, {'battery-level': '72.32'}, None, None
0.00, [DEBUG], nurse, NURSE_CONFIG={'location': 'IC Room 6', 'position': [-33.9, 18.93, 3.14]}, None, None
0.13, [DEBUG], logger, ROBOTS_CONFIG={'avg_speed': 0.15, 'battery_charge': 0.7232396784987936, 'battery_discharge_rate': 0.00036, 'id': 3, 'local_plan': [['navigation', ['IC Room 6', [[-38.0, 21.5, 0.0], [-37.0, 21.5], [-37.0, 18.93], [-33.9, 18.93, 3.14]]], 'navto_room'], ['approach_person', ['nurse'], 'approach_nurse'], ['authenticate_person', ['nurse'], 'authenticate_nurse'], ['operate_drawer', ['open'], 'open_drawer_for_nurse'], ['send_message', ['nurse'], 'notify_nurse_of_open_drawer_for_nurse_completed'], ['wait_message', ['nurse'], 'wait_nurse_to_complete_deposit'], ['operate_drawer', ['close'], 'close_drawer_nurse'], ['navigation', ['Laboratory', [[-33.9, 18.93, 3.14], [-37.0, 18.93], [-37.0, 16.0], [-26.0, 16.0], [-26.0, 13.0, 1.57]]], 'navto_lab'], ['approach_robot', ['lab_arm'], 'approach_arm'], ['operate_drawer', ['open'], 'open_drawer_lab'], ['send_message', ['lab_arm'], 'notify_lab_arm_of_open_drawer_lab_completed'], ['wait_message', ['lab_arm'], 'wait_lab_arm_to_complete_pick_up_sample'], ['operate_drawer', ['close'], 'close_drawer_lab']], 'location': 'IC Room 2', 'name': 'r3', 'position': [-38.0, 21.5, 0.0], 'skills': ['approach_person', 'approach_robot', 'authenticate_person', 'navigation', 'operate_drawer']}, None, None
0.13, [DEBUG], logger, Simulation open, None, None
10.09, [INFO], robot3, {'battery-level': '72.00'}, None, None
10.09, [INFO], robot3, {'y': 21.261, 'x': -37.15, 'yaw': -3.142}, None, None
20.00, [INFO], robot3, {'battery-level': '71.64'}, None, None
20.00, [INFO], robot3, {'y': 19.163, 'x': -37.04, 'yaw': 3.14}, None, None
30.02, [INFO], robot3, {'battery-level': '71.28'}, None, None
30.02, [INFO], robot3, {'y': 17.705, 'x': -35.498, 'yaw': 3.138}, None, None
40.01, [INFO], robot3, {'battery-level': '70.92'}, None, None
40.01, [INFO], robot3, {'y': 18.821, 'x': -33.997, 'yaw': 3.142}, None, None
47.09, [info], nurse, sync, received-request, (status=sending-request)
47.09, [info], nurse, sync, request-sent, (status=waiting)
47.09, [info], nurse, sync, wait-message, (status=message-received)
50.04, [INFO], robot3, {'battery-level': '70.56'}, None, None
50.04, [INFO], robot3, {'y': 18.824, 'x': -34.231, 'yaw': -3.142}, None, None
60.07, [INFO], robot3, {'battery-level': '70.20'}, None, None
60.07, [INFO], robot3, {'y': 17.816, 'x': -35.828, 'yaw': 3.141}, None, None
70.09, [INFO], robot3, {'battery-level': '69.84'}, None, None
70.09, [INFO], robot3, {'y': 18.081, 'x': -36.739, 'yaw': -3.142}, None, None
80.03, [INFO], robot3, {'battery-level': '69.48'}, None, None
80.03, [INFO], robot3, {'y': 17.421, 'x': -37.054, 'yaw': 3.141}, None, None
90.06, [INFO], robot3, {'y': 17.268, 'x': -37.031, 'yaw': 3.141}, None, None
90.06, [INFO], robot3, {'battery-level': '69.12'}, None, None
100.08, [INFO], robot3, {'battery-level': '68.76'}, None, None
100.08, [INFO], robot3, {'y': 17.363, 'x': -36.753, 'yaw': 3.14}, None, None
110.08, [INFO], robot3, {'battery-level': '68.40'}, None, None
110.08, [INFO], robot3, {'y': 17.386, 'x': -36.891, 'yaw': -3.141}, None, None
120.06, [INFO], robot3, {'y': 17.221, 'x': -36.994, 'yaw': -3.142}, None, None
120.06, [INFO], robot3, {'battery-level': '68.04'}, None, None
130.07, [INFO], robot3, {'y': 17.414, 'x': -36.919, 'yaw': -3.141}, None, None
130.07, [INFO], robot3, {'battery-level': '67.68'}, None, None
140.03, [INFO], robot3, {'battery-level': '67.32'}, None, None
140.03, [INFO], robot3, {'y': 17.271, 'x': -37.1, 'yaw': 3.14}, None, None
150.04, [INFO], robot3, {'battery-level': '66.96'}, None, None
150.04, [INFO], robot3, {'y': 17.274, 'x': -37.148, 'yaw': -3.142}, None, None
160.08, [INFO], robot3, {'battery-level': '66.60'}, None, None
160.08, [INFO], robot3, {'y': 17.386, 'x': -37.161, 'yaw': -3.141}, None, None
170.02, [INFO], robot3, {'battery-level': '66.24'}, None, None
170.02, [INFO], robot3, {'y': 17.29, 'x': -36.812, 'yaw': 3.14}, None, None
180.02, [INFO], robot3, {'battery-level': '65.88'}, None, None
180.02, [INFO], robot3, {'y': 17.352, 'x': -36.924, 'yaw': 3.142}, None, None
190.02, [INFO], robot3, {'y': 17.315, 'x': -36.826, 'yaw': -3.141}, None, None
190.02, [INFO], robot3, {'battery-level': '65.52'}, None, None
200.02, [INFO], robot3, {'y': 17.315, 'x': -36.905, 'yaw': 3.141}, None, None
200.02, [INFO], robot3, {'battery-level': '65.16'}, None, None
210.04, [INFO], robot3, {'y': 17.439, 'x': -36.957, 'yaw': 3.141}, None, None
210.04, [INFO], robot3, {'battery-level': '64.80'}, None, None
220.08, [INFO], robot3, {'battery-level': '64.44'}, None, None
220.08, [INFO], robot3, {'y': 17.324, 'x': -36.917, 'yaw': -3.142}, None, None
230.09, [INFO], robot3, {'y': 17.271, 'x': -36.845, 'yaw': 3.141}, None, None
230.09, [INFO], robot3, {'battery-level': '64.08'}, None, None
237.24, [WARN], robot3, SKILL-FAILURE, navigation, navto_lab
