0.13, [DEBUG], logger, ROBOTS_CONFIG={'avg_speed': 0.15, 'battery_charge': 0.9109794326728246, 'battery_discharge_rate': 0.00072, 'id': 6, 'local_plan': [['navigation', ['IC Room 2', [[-33.9, 18.93, 3.14], [-37.0, 18.93], [-37.0, 21.5], [-38.0, 21.5, 0.0]]], 'navto_room'], ['approach_person', ['nurse'], 'approach_nurse'], ['authenticate_person', ['nurse'], 'authenticate_nurse'], ['operate_drawer', ['open'], 'open_drawer_for_nurse'], ['send_message', ['nurse'], 'notify_nurse_of_open_drawer_for_nurse_completed'], ['wait_message', ['nurse'], 'wait_nurse_to_complete_deposit'], ['operate_drawer', ['close'], 'close_drawer_nurse'], ['navigation', ['Laboratory', [[-38.0, 21.5, 0.0], [-37.0, 21.5], [-37.0, 16.0], [-26.0, 16.0], [-26.0, 13.0, 1.57]]], 'navto_lab'], ['approach_robot', ['lab_arm'], 'approach_arm'], ['operate_drawer', ['open'], 'open_drawer_lab'], ['send_message', ['lab_arm'], 'notify_lab_arm_of_open_drawer_lab_completed'], ['wait_message', ['lab_arm'], 'wait_lab_arm_to_complete_pick_up_sample'], ['operate_drawer', ['close'], 'close_drawer_lab']], 'location': 'IC Room 6', 'name': 'r6', 'position': [-33.9, 18.93, 3.14], 'skills': ['approach_person', 'approach_robot', 'authenticate_person', 'navigation', 'operate_drawer']}, None, None
0.13, [DEBUG], logger, Simulation open, None, None
10.09, [INFO], robot6, {'y': 18.931, 'x': -33.913, 'yaw': -3.141}, None, None
10.09, [INFO], robot6, {'battery-level': '90.45'}, None, None
20.05, [INFO], robot6, {'battery-level': '89.73'}, None, None
20.05, [INFO], robot6, {'y': 17.743, 'x': -35.472, 'yaw': 3.141}, None, None
30.08, [INFO], robot6, {'y': 19.181, 'x': -36.799, 'yaw': 3.141}, None, None
30.08, [INFO], robot6, {'battery-level': '89.01'}, None, None
40.06, [INFO], robot6, {'y': 21.217, 'x': -37.18, 'yaw': 3.142}, None, None
40.06, [INFO], robot6, {'battery-level': '88.29'}, None, None
50.09, [INFO], robot6, {'battery-level': '87.57'}, None, None
50.09, [INFO], robot6, {'y': 21.419, 'x': -38.088, 'yaw': -3.141}, None, None
53.41, [info], nurse, sync, received-request, (status=sending-request)
53.41, [info], nurse, sync, request-sent, (status=waiting)
53.50, [info], nurse, sync, wait-message, (status=message-received)
60.05, [INFO], robot6, {'battery-level': '86.85'}, None, None
60.05, [INFO], robot6, {'y': 20.94, 'x': -37.234, 'yaw': 3.142}, None, None
70.08, [INFO], robot6, {'y': 18.823, 'x': -37.128, 'yaw': 3.142}, None, None
70.08, [INFO], robot6, {'battery-level': '86.13'}, None, None
80.05, [INFO], robot6, {'battery-level': '85.41'}, None, None
80.05, [INFO], robot6, {'y': 16.707, 'x': -37.09, 'yaw': 3.141}, None, None
90.09, [INFO], robot6, {'y': 15.71, 'x': -35.473, 'yaw': -3.142}, None, None
90.09, [INFO], robot6, {'battery-level': '84.69'}, None, None
100.05, [INFO], robot6, {'battery-level': '83.97'}, None, None
100.05, [INFO], robot6, {'y': 15.427, 'x': -33.393, 'yaw': -3.141}, None, None
110.01, [INFO], robot6, {'y': 15.586, 'x': -31.293, 'yaw': -3.141}, None, None
110.01, [INFO], robot6, {'battery-level': '83.25'}, None, None
120.06, [INFO], robot6, {'battery-level': '82.53'}, None, None
120.06, [INFO], robot6, {'y': 15.726, 'x': -29.173, 'yaw': 3.141}, None, None
130.02, [INFO], robot6, {'battery-level': '81.81'}, None, None
130.02, [INFO], robot6, {'y': 15.738, 'x': -27.068, 'yaw': 3.139}, None, None
140.07, [INFO], robot6, {'battery-level': '81.09'}, None, None
140.07, [INFO], robot6, {'y': 14.433, 'x': -25.762, 'yaw': 3.142}, None, None
150.01, [INFO], robot6, {'y': 12.924, 'x': -25.939, 'yaw': -3.142}, None, None
150.01, [INFO], robot6, {'battery-level': '80.37'}, None, None
160.06, [INFO], robot6, {'battery-level': '79.65'}, None, None
160.06, [INFO], robot6, {'y': 12.837, 'x': -25.995, 'yaw': 3.142}, None, None
160.61, [info], lab_arm, sync, wait-message, (status=message-received)
161.52, [WARN], robot6, SUCCESS, None, None
