0.00, [DEBUG], nurse, NURSE_CONFIG={'location': 'IC Room 6', 'position': [-33.9, 18.93, 3.14]}, None, None
0.00, [INFO], robot1, {'battery-level': '30.20'}, None, None
0.13, [DEBUG], logger, ROBOTS_CONFIG={'avg_speed': 0.15, 'battery_charge': 0.3020349930380309, 'battery_discharge_rate': 0.0006600000000000001, 'id': 1, 'local_plan': [['navigation', ['IC Room 6', [[-11.5, 18.0, -1.57], [-11.5, 16.0], [-37.0, 16.0], [-37.0, 18.93], [-33.9, 18.93, 3.14]]], 'navto_room'], ['approach_person', ['nurse'], 'approach_nurse'], ['authenticate_person', ['nurse'], 'authenticate_nurse'], ['operate_drawer', ['open'], 'open_drawer_for_nurse'], ['send_message', ['nurse'], 'notify_nurse_of_open_drawer_for_nurse_completed'], ['wait_message', ['nurse'], 'wait_nurse_to_complete_deposit'], ['operate_drawer', ['close'], 'close_drawer_nurse'], ['navigation', ['Laboratory', [[-33.9, 18.93, 3.14], [-37.0, 18.93], [-37.0, 16.0], [-26.0, 16.0], [-26.0, 13.0, 1.57]]], 'navto_lab'], ['approach_robot', ['lab_arm'], 'approach_arm'], ['operate_drawer', ['open'], 'open_drawer_lab'], ['send_message', ['lab_arm'], 'notify_lab_arm_of_open_drawer_lab_completed'], ['wait_message', ['lab_arm'], 'wait_lab_arm_to_complete_pick_up_sample'], ['operate_drawer', ['close'], 'close_drawer_lab']], 'location': 'PC Room 8', 'name': 'r1', 'position': [-11.5, 18.0, -1.57], 'skills': ['approach_person', 'approach_robot', 'navigation', 'operate_drawer']}, None, None
0.13, [DEBUG], logger, Simulation open, None, None
10.01, [INFO], robot1, {'y': 17.429, 'x': -11.642, 'yaw': -3.141}, None, None
10.01, [INFO], robot1, {'battery-level': '29.61'}, None, None
20.07, [INFO], robot1, {'battery-level': '28.95'}, None, None
20.07, [INFO], robot1, {'y': 16.275, 'x': -12.96, 'yaw': 3.14}, None, None
30.04, [INFO], robot1, {'battery-level': '28.29'}, None, None
30.04, [INFO], robot1, {'y': 16.16, 'x': -15.074, 'yaw': -3.142}, None, None
40.02, [INFO], robot1, {'battery-level': '27.63'}, None, None
40.02, [INFO], robot1, {'y': 16.147, 'x': -17.166, 'yaw': 3.141}, None, None
50.06, [INFO], robot1, {'battery-level': '26.97'}, None, None
50.06, [INFO], robot1, {'y': 16.242, 'x': -19.278, 'yaw': 3.142}, None, None
60.08, [INFO], robot1, {'y': 16.338, 'x': -21.393, 'yaw': 3.142}, None, None
60.08, [INFO], robot1, {'battery-level': '26.31'}, None, None
70.00, [INFO], robot1, {'battery-level': '25.65'}, None, None
70.00, [INFO], robot1, {'y': 16.193, 'x': -23.479, 'yaw': 3.142}, None, None
80.04, [INFO], robot1, {'y': 16.105, 'x': -25.6, 'yaw': 3.141}, None, None
80.04, [INFO], robot1, {'battery-level': '24.99'}, None, None
90.05, [INFO], robot1, {'y': 16.175, 'x': -27.708, 'yaw': 3.142}, None, None
90.05, [INFO], robot1, {'battery-level': '24.33'}, None, None
100.08, [INFO], robot1, {'battery-level': '23.67'}, None, None
100.08, [INFO], robot1, {'y': 16.199, 'x': -29.821, 'yaw': 3.141}, None, None
110.06, [INFO], robot1, {'y': 16.022, 'x': -31.925, 'yaw': 3.14}, None, None
110.06, [INFO], robot1, {'battery-level': '23.01'}, None, None
120.03, [INFO], robot1, {'battery-level': '22.35'}, None, None
120.03, [INFO], robot1, {'y': 15.527, 'x': -34.014, 'yaw': 3.142}, None, None
130.08, [INFO], robot1, {'y': 15.576, 'x': -36.126, 'yaw': -3.141}, None, None
130.08, [INFO], robot1, {'battery-level': '21.69'}, None, None
140.05, [INFO], robot1, {'y': 17.22, 'x': -36.846, 'yaw': -3.141}, None, None
140.05, [INFO], robot1, {'battery-level': '21.03'}, None, None
150.02, [INFO], robot1, {'battery-level': '20.37'}, None, None
150.02, [INFO], robot1, {'y': 17.601, 'x': -36.807, 'yaw': 3.141}, None, None
160.06, [INFO], robot1, {'battery-level': '19.71'}, None, None
160.06, [INFO], robot1, {'y': 17.836, 'x': -36.204, 'yaw': -3.141}, None, None
170.05, [INFO], robot1, {'battery-level': '19.05'}, None, None
170.05, [INFO], robot1, {'y': 18.336, 'x': -35.712, 'yaw': 3.141}, None, None
180.05, [INFO], robot1, {'y': 18.299, 'x': -35.733, 'yaw': 3.141}, None, None
180.05, [INFO], robot1, {'battery-level': '18.39'}, None, None
190.06, [INFO], robot1, {'y': 18.3, 'x': -35.731, 'yaw': -3.142}, None, None
190.06, [INFO], robot1, {'battery-level': '17.73'}, None, None
200.09, [INFO], robot1, {'battery-level': '17.07'}, None, None
200.09, [INFO], robot1, {'y': 18.301, 'x': -35.715, 'yaw': 3.142}, None, None
210.09, [INFO], robot1, {'battery-level': '16.41'}, None, None
210.09, [INFO], robot1, {'y': 18.305, 'x': -35.718, 'yaw': -3.142}, None, None
220.08, [INFO], robot1, {'y': 18.305, 'x': -35.719, 'yaw': -3.142}, None, None
220.08, [INFO], robot1, {'battery-level': '15.75'}, None, None
230.01, [INFO], robot1, {'battery-level': '15.09'}, None, None
230.01, [INFO], robot1, {'y': 18.262, 'x': -35.78, 'yaw': 3.141}, None, None
235.61, [WARN], robot1, SKILL-FAILURE, navigation, navto_room
