0.00, [INFO], robot4, {'battery-level': '48.63'}, None, None
0.19, [DEBUG], logger, ROBOTS_CONFIG={'avg_speed': 0.15, 'battery_charge': 0.4863040833267539, 'battery_discharge_rate': 0.0005600000000000001, 'id': 4, 'local_plan': [['navigation', ['IC Room 2', [[-32.88, 33.98, 3.14], [-37.0, 33.98], [-37.0, 21.5], [-38.0, 21.5, 0.0]]], 'navto_room'], ['approach_person', ['nurse'], 'approach_nurse'], ['authenticate_person', ['nurse'], 'authenticate_nurse'], ['operate_drawer', ['open'], 'open_drawer_for_nurse'], ['send_message', ['nurse'], 'notify_nurse_of_open_drawer_for_nurse_completed'], ['wait_message', ['nurse'], 'wait_nurse_to_complete_deposit'], ['operate_drawer', ['close'], 'close_drawer_nurse'], ['navigation', ['Laboratory', [[-38.0, 21.5, 0.0], [-37.0, 21.5], [-37.0, 16.0], [-26.0, 16.0], [-26.0, 13.0, 1.57]]], 'navto_lab'], ['approach_robot', ['lab_arm'], 'approach_arm'], ['operate_drawer', ['open'], 'open_drawer_lab'], ['send_message', ['lab_arm'], 'notify_lab_arm_of_open_drawer_lab_completed'], ['wait_message', ['lab_arm'], 'wait_lab_arm_to_complete_pick_up_sample'], ['operate_drawer', ['close'], 'close_drawer_lab']], 'location': 'IC Room 5', 'name': 'r4', 'position': [-32.88, 33.98, 3.14], 'skills': ['approach_person', 'approach_robot', 'authenticate_person', 'navigation', 'operate_drawer']}, None, None
0.19, [DEBUG], logger, Simulation open, None, None
10.02, [INFO], robot4, {'battery-level': '48.13'}, None, None
10.02, [INFO], robot4, {'y': 34.249, 'x': -33.55, 'yaw': 3.141}, None, None
20.00, [INFO], robot4, {'y': 34.688, 'x': -35.601, 'yaw': -3.141}, None, None
20.00, [INFO], robot4, {'battery-level': '47.57'}, None, None
30.01, [INFO], robot4, {'battery-level': '47.01'}, None, None
30.01, [INFO], robot4, {'y': 33.322, 'x': -36.865, 'yaw': -3.141}, None, None
40.05, [INFO], robot4, {'y': 31.205, 'x': -36.85, 'yaw': -3.141}, None, None
40.05, [INFO], robot4, {'battery-level': '46.45'}, None, None
50.08, [INFO], robot4, {'y': 29.091, 'x': -36.878, 'yaw': -3.142}, None, None
50.08, [INFO], robot4, {'battery-level': '45.89'}, None, None
60.03, [INFO], robot4, {'y': 27.009, 'x': -36.887, 'yaw': 3.141}, None, None
60.03, [INFO], robot4, {'battery-level': '45.33'}, None, None
70.03, [INFO], robot4, {'y': 24.883, 'x': -36.914, 'yaw': 3.141}, None, None
70.03, [INFO], robot4, {'battery-level': '44.77'}, None, None
80.03, [INFO], robot4, {'battery-level': '44.21'}, None, None
80.03, [INFO], robot4, {'y': 22.77, 'x': -36.975, 'yaw': 3.14}, None, None
90.03, [INFO], robot4, {'y': 21.425, 'x': -37.92, 'yaw': -3.136}, None, None
90.03, [INFO], robot4, {'battery-level': '43.65'}, None, None
100.03, [INFO], robot4, {'battery-level': '43.09'}, None, None
100.03, [INFO], robot4, {'y': 21.373, 'x': -38.123, 'yaw': 3.141}, None, None
106.22, [info], nurse, sync, received-request, (status=sending-request)
106.22, [info], nurse, sync, request-sent, (status=waiting)
106.22, [info], nurse, sync, wait-message, (status=message-received)
110.07, [INFO], robot4, {'battery-level': '42.53'}, None, None
110.07, [INFO], robot4, {'y': 21.528, 'x': -37.552, 'yaw': -3.141}, None, None
120.06, [INFO], robot4, {'battery-level': '41.97'}, None, None
120.06, [INFO], robot4, {'y': 19.584, 'x': -37.203, 'yaw': 3.14}, None, None
130.04, [INFO], robot4, {'battery-level': '41.41'}, None, None
130.04, [INFO], robot4, {'y': 17.471, 'x': -37.097, 'yaw': 3.14}, None, None
140.01, [INFO], robot4, {'battery-level': '40.85'}, None, None
140.01, [INFO], robot4, {'y': 15.971, 'x': -36.147, 'yaw': -3.141}, None, None
150.00, [INFO], robot4, {'y': 15.371, 'x': -34.102, 'yaw': -3.141}, None, None
150.00, [INFO], robot4, {'battery-level': '40.29'}, None, None
160.06, [INFO], robot4, {'y': 15.501, 'x': -31.972, 'yaw': 3.142}, None, None
160.06, [INFO], robot4, {'battery-level': '39.73'}, None, None
170.02, [INFO], robot4, {'y': 15.647, 'x': -29.874, 'yaw': 3.141}, None, None
170.02, [INFO], robot4, {'battery-level': '39.17'}, None, None
180.02, [INFO], robot4, {'battery-level': '38.61'}, None, None
180.02, [INFO], robot4, {'y': 15.814, 'x': -27.758, 'yaw': 3.14}, None, None
190.02, [INFO], robot4, {'y': 15.265, 'x': -25.957, 'yaw': 3.141}, None, None
190.02, [INFO], robot4, {'battery-level': '38.05'}, None, None
200.01, [INFO], robot4, {'battery-level': '37.49'}, None, None
200.01, [INFO], robot4, {'y': 13.161, 'x': -25.791, 'yaw': -3.142}, None, None
209.38, [info], lab_arm, sync, wait-message, (status=message-received)
210.01, [INFO], robot4, {'battery-level': '36.93'}, None, None
210.01, [INFO], robot4, {'y': 12.856, 'x': -25.952, 'yaw': 3.14}, None, None
210.29, [WARN], robot4, SUCCESS, None, None
