0.00, [INFO], robot4, {'battery-level': '48.63'}, None, None
0.12, [DEBUG], logger, ROBOTS_CONFIG={'avg_speed': 0.15, 'battery_charge': 0.4863040833267539, 'battery_discharge_rate': 0.0005600000000000001, 'id': 4, 'local_plan': [['navigation', ['PC Room 3', [[-13.5, 18.0, -1.57], [-13.5, 16.0], [-28.5, 16.0], [-28.5, 18.0, -1.57]]], 'navto_room'], ['approach_person', ['nurse'], 'approach_nurse'], ['authenticate_person', ['nurse'], 'authenticate_nurse'], ['operate_drawer', ['open'], 'open_drawer_for_nurse'], ['send_message', ['nurse'], 'notify_nurse_of_open_drawer_for_nurse_completed'], ['wait_message', ['nurse'], 'wait_nurse_to_complete_deposit'], ['operate_drawer', ['close'], 'close_drawer_nurse'], ['navigation', ['Laboratory', [[-28.5, 18.0, -1.57], [-28.5, 16.0], [-26.0, 16.0], [-26.0, 13.0, 1.57]]], 'navto_lab'], ['approach_robot', ['lab_arm'], 'approach_arm'], ['operate_drawer', ['open'], 'open_drawer_lab'], ['send_message', ['lab_arm'], 'notify_lab_arm_of_open_drawer_lab_completed'], ['wait_message', ['lab_arm'], 'wait_lab_arm_to_complete_pick_up_sample'], ['operate_drawer', ['close'], 'close_drawer_lab']], 'location': 'PC Room 7', 'name': 'r4', 'position': [-13.5, 18.0, -1.57], 'skills': ['approach_person', 'approach_robot', 'authenticate_person', 'navigation', 'operate_drawer']}, None, None
0.12, [DEBUG], logger, Simulation open, None, None
9.99, [INFO], robot4, {'y': 18.063, 'x': -13.623, 'yaw': -3.141}, None, None
9.99, [INFO], robot4, {'battery-level': '48.13'}, None, None
20.01, [INFO], robot4, {'battery-level': '47.57'}, None, None
20.01, [INFO], robot4, {'y': 16.219, 'x': -13.932, 'yaw': 3.141}, None, None
30.00, [INFO], robot4, {'y': 16.09, 'x': -16.051, 'yaw': 3.141}, None, None
30.00, [INFO], robot4, {'battery-level': '47.01'}, None, None
40.00, [INFO], robot4, {'y': 16.041, 'x': -18.17, 'yaw': 3.142}, None, None
40.00, [INFO], robot4, {'battery-level': '46.45'}, None, None
49.99, [INFO], robot4, {'y': 16.207, 'x': -20.28, 'yaw': 3.142}, None, None
49.99, [INFO], robot4, {'battery-level': '45.89'}, None, None
60.00, [INFO], robot4, {'battery-level': '45.33'}, None, None
60.00, [INFO], robot4, {'y': 16.231, 'x': -22.403, 'yaw': 3.141}, None, None
70.00, [INFO], robot4, {'y': 16.127, 'x': -24.526, 'yaw': 3.141}, None, None
70.00, [INFO], robot4, {'battery-level': '44.77'}, None, None
80.03, [INFO], robot4, {'y': 16.054, 'x': -26.657, 'yaw': 3.141}, None, None
80.03, [INFO], robot4, {'battery-level': '44.21'}, None, None
90.02, [INFO], robot4, {'battery-level': '43.65'}, None, None
90.02, [INFO], robot4, {'y': 16.589, 'x': -28.535, 'yaw': 3.142}, None, None
100.02, [INFO], robot4, {'y': 17.891, 'x': -28.596, 'yaw': 3.141}, None, None
100.02, [INFO], robot4, {'battery-level': '43.09'}, None, None
110.01, [INFO], robot4, {'battery-level': '42.53'}, None, None
110.01, [INFO], robot4, {'y': 17.976, 'x': -28.554, 'yaw': -3.141}, None, None
119.19, [info], nurse, sync, received-request, (status=sending-request)
119.19, [info], nurse, sync, request-sent, (status=waiting)
119.21, [info], nurse, sync, wait-message, (status=message-received)
120.00, [INFO], robot4, {'battery-level': '41.97'}, None, None
120.00, [INFO], robot4, {'y': 17.891, 'x': -28.671, 'yaw': -3.141}, None, None
130.00, [INFO], robot4, {'battery-level': '41.41'}, None, None
130.00, [INFO], robot4, {'y': 16.26, 'x': -28.085, 'yaw': 3.141}, None, None
139.97, [INFO], robot4, {'y': 15.611, 'x': -26.253, 'yaw': 3.141}, None, None
140.00, [INFO], robot4, {'battery-level': '40.85'}, None, None
149.98, [INFO], robot4, {'y': 13.556, 'x': -25.715, 'yaw': -3.141}, None, None
149.98, [INFO], robot4, {'battery-level': '40.29'}, None, None
160.01, [INFO], robot4, {'battery-level': '39.73'}, None, None
160.01, [INFO], robot4, {'y': 12.898, 'x': -25.961, 'yaw': 3.139}, None, None
167.62, [info], lab_arm, sync, wait-message, (status=message-received)
167.88, [WARN], robot4, SUCCESS, None, None
