0.00, [DEBUG], nurse, NURSE_CONFIG={'location': 'IC Room 6', 'position': [-33.9, 18.93, 3.14]}, None, None
0.13, [DEBUG], logger, ROBOTS_CONFIG={'avg_speed': 0.15, 'battery_charge': 0.7258412726774711, 'battery_discharge_rate': 0.00076, 'id': 5, 'local_plan': [['navigation', ['IC Room 6', [[-13.5, 18.0, -1.57], [-13.5, 16.0], [-37.0, 16.0], [-37.0, 18.93], [-33.9, 18.93, 3.14]]], 'navto_room'], ['approach_person', ['nurse'], 'approach_nurse'], ['authenticate_person', ['nurse'], 'authenticate_nurse'], ['operate_drawer', ['open'], 'open_drawer_for_nurse'], ['send_message', ['nurse'], 'notify_nurse_of_open_drawer_for_nurse_completed'], ['wait_message', ['nurse'], 'wait_nurse_to_complete_deposit'], ['operate_drawer', ['close'], 'close_drawer_nurse'], ['navigation', ['Laboratory', [[-33.9, 18.93, 3.14], [-37.0, 18.93], [-37.0, 16.0], [-26.0, 16.0], [-26.0, 13.0, 1.57]]], 'navto_lab'], ['approach_robot', ['lab_arm'], 'approach_arm'], ['operate_drawer', ['open'], 'open_drawer_lab'], ['send_message', ['lab_arm'], 'notify_lab_arm_of_open_drawer_lab_completed'], ['wait_message', ['lab_arm'], 'wait_lab_arm_to_complete_pick_up_sample'], ['operate_drawer', ['close'], 'close_drawer_lab']], 'location': 'PC Room 7', 'name': 'r5', 'position': [-13.5, 18.0, -1.57], 'skills': ['approach_person', 'approach_robot', 'authenticate_person', 'navigation', 'operate_drawer']}, None, None
0.13, [DEBUG], logger, Simulation open, None, None
10.02, [INFO], robot5, {'battery-level': '71.90'}, None, None
10.02, [INFO], robot5, {'y': 17.198, 'x': -13.5, 'yaw': -3.142}, None, None
20.06, [INFO], robot5, {'y': 16.021, 'x': -14.666, 'yaw': 3.142}, None, None
20.06, [INFO], robot5, {'battery-level': '71.14'}, None, None
30.01, [INFO], robot5, {'battery-level': '70.38'}, None, None
30.01, [INFO], robot5, {'y': 15.925, 'x': -16.772, 'yaw': 3.14}, None, None
40.06, [INFO], robot5, {'battery-level': '69.62'}, None, None
40.06, [INFO], robot5, {'y': 15.999, 'x': -18.895, 'yaw': -3.141}, None, None
50.09, [INFO], robot5, {'battery-level': '68.86'}, None, None
50.09, [INFO], robot5, {'y': 16.152, 'x': -21.001, 'yaw': 3.141}, None, None
60.03, [INFO], robot5, {'y': 16.128, 'x': -23.086, 'yaw': 3.142}, None, None
60.03, [INFO], robot5, {'battery-level': '68.10'}, None, None
70.00, [INFO], robot5, {'y': 16.061, 'x': -25.2, 'yaw': 3.141}, None, None
70.00, [INFO], robot5, {'battery-level': '67.34'}, None, None
80.08, [INFO], robot5, {'battery-level': '66.58'}, None, None
80.08, [INFO], robot5, {'y': 16.052, 'x': -27.328, 'yaw': 3.141}, None, None
90.04, [INFO], robot5, {'battery-level': '65.82'}, None, None
90.04, [INFO], robot5, {'y': 16.092, 'x': -29.444, 'yaw': -3.142}, None, None
100.07, [INFO], robot5, {'y': 15.969, 'x': -31.567, 'yaw': 3.141}, None, None
100.07, [INFO], robot5, {'battery-level': '65.06'}, None, None
110.02, [INFO], robot5, {'battery-level': '64.30'}, None, None
110.02, [INFO], robot5, {'y': 15.626, 'x': -33.668, 'yaw': 3.141}, None, None
120.06, [INFO], robot5, {'battery-level': '63.54'}, None, None
120.06, [INFO], robot5, {'y': 15.549, 'x': -35.775, 'yaw': -3.141}, None, None
130.08, [INFO], robot5, {'battery-level': '62.78'}, None, None
130.08, [INFO], robot5, {'y': 17.019, 'x': -36.708, 'yaw': -3.142}, None, None
140.03, [INFO], robot5, {'y': 17.613, 'x': -36.729, 'yaw': -3.142}, None, None
140.03, [INFO], robot5, {'battery-level': '62.02'}, None, None
150.08, [INFO], robot5, {'battery-level': '61.26'}, None, None
150.08, [INFO], robot5, {'y': 17.876, 'x': -36.153, 'yaw': 3.138}, None, None
160.01, [INFO], robot5, {'battery-level': '60.50'}, None, None
160.01, [INFO], robot5, {'y': 18.305, 'x': -35.656, 'yaw': -3.136}, None, None
170.02, [INFO], robot5, {'battery-level': '59.74'}, None, None
170.02, [INFO], robot5, {'y': 18.299, 'x': -35.702, 'yaw': 3.142}, None, None
180.07, [INFO], robot5, {'battery-level': '58.98'}, None, None
180.07, [INFO], robot5, {'y': 18.166, 'x': -35.948, 'yaw': 3.142}, None, None
190.04, [INFO], robot5, {'y': 18.361, 'x': -35.705, 'yaw': 3.141}, None, None
190.04, [INFO], robot5, {'battery-level': '58.22'}, None, None
195.37, [WARN], robot5, SKILL-FAILURE, navigation, navto_room
