0.00, [INFO], robot3, {'battery-level': '72.32'}, None, None
0.00, [DEBUG], logger, ROBOTS_CONFIG={'avg_speed': 0.15, 'battery_charge': 0.7232396784987936, 'battery_discharge_rate': 0.00064, 'id': 3, 'local_plan': [['navigation', ['IC Room 6', [[-38.0, 21.5, 0.0], [-37.0, 21.5], [-37.0, 18.93], [-33.9, 18.93, 3.14]]], 'navto_room'], ['approach_person', ['nurse'], 'approach_nurse'], ['authenticate_person', ['nurse'], 'authenticate_nurse'], ['operate_drawer', ['open'], 'open_drawer_for_nurse'], ['send_message', ['nurse'], 'notify_nurse_of_open_drawer_for_nurse_completed'], ['wait_message', ['nurse'], 'wait_nurse_to_complete_deposit'], ['operate_drawer', ['close'], 'close_drawer_nurse'], ['navigation', ['Laboratory', [[-33.9, 18.93, 3.14], [-37.0, 18.93], [-37.0, 16.0], [-26.0, 16.0], [-26.0, 13.0, 1.57]]], 'navto_lab'], ['approach_robot', ['lab_arm'], 'approach_arm'], ['operate_drawer', ['open'], 'open_drawer_lab'], ['send_message', ['lab_arm'], 'notify_lab_arm_of_open_drawer_lab_completed'], ['wait_message', ['lab_arm'], 'wait_lab_arm_to_complete_pick_up_sample'], ['operate_drawer', ['close'], 'close_drawer_lab']], 'location': 'IC Room 2', 'name': 'r3', 'position': [-38.0, 21.5, 0.0], 'skills': ['approach_person', 'approach_robot', 'authenticate_person', 'navigation', 'operate_drawer']}, None, None
0.00, [DEBUG], logger, Simulation open, None, None
10.04, [INFO], robot3, {'y': 21.272, 'x': -37.326, 'yaw': 3.141}, None, None
10.04, [INFO], robot3, {'battery-level': '71.75'}, None, None
20.08, [INFO], robot3, {'battery-level': '71.11'}, None, None
20.08, [INFO], robot3, {'y': 19.157, 'x': -37.051, 'yaw': -3.141}, None, None
30.04, [INFO], robot3, {'battery-level': '70.47'}, None, None
30.04, [INFO], robot3, {'y': 17.763, 'x': -35.483, 'yaw': 3.138}, None, None
40.09, [INFO], robot3, {'battery-level': '69.83'}, None, None
40.09, [INFO], robot3, {'y': 18.846, 'x': -34.01, 'yaw': -3.142}, None, None
47.73, [info], nurse, sync, received-request, (status=sending-request)
47.73, [info], nurse, sync, request-sent, (status=waiting)
47.73, [info], nurse, sync, wait-message, (status=message-received)
50.04, [INFO], robot3, {'y': 18.925, 'x': -34.13, 'yaw': -3.142}, None, None
50.04, [INFO], robot3, {'battery-level': '69.19'}, None, None
60.04, [INFO], robot3, {'battery-level': '68.55'}, None, None
60.04, [INFO], robot3, {'y': 17.788, 'x': -35.687, 'yaw': 3.141}, None, None
70.01, [INFO], robot3, {'y': 18.016, 'x': -36.2, 'yaw': -3.141}, None, None
70.01, [INFO], robot3, {'battery-level': '67.91'}, None, None
80.07, [INFO], robot3, {'y': 17.522, 'x': -37.036, 'yaw': -3.142}, None, None
80.07, [INFO], robot3, {'battery-level': '67.27'}, None, None
90.03, [INFO], robot3, {'battery-level': '66.63'}, None, None
90.03, [INFO], robot3, {'y': 17.221, 'x': -37.064, 'yaw': -3.141}, None, None
100.07, [INFO], robot3, {'battery-level': '65.99'}, None, None
100.07, [INFO], robot3, {'y': 17.265, 'x': -36.902, 'yaw': -3.142}, None, None
110.03, [INFO], robot3, {'battery-level': '65.35'}, None, None
110.03, [INFO], robot3, {'y': 17.255, 'x': -36.846, 'yaw': -3.142}, None, None
120.06, [INFO], robot3, {'battery-level': '64.71'}, None, None
120.06, [INFO], robot3, {'y': 17.163, 'x': -36.881, 'yaw': -3.141}, None, None
130.02, [INFO], robot3, {'battery-level': '64.07'}, None, None
130.02, [INFO], robot3, {'y': 17.204, 'x': -36.815, 'yaw': 3.141}, None, None
140.05, [INFO], robot3, {'battery-level': '63.43'}, None, None
140.05, [INFO], robot3, {'y': 17.472, 'x': -37.029, 'yaw': -3.141}, None, None
150.02, [INFO], robot3, {'y': 17.265, 'x': -36.951, 'yaw': 3.142}, None, None
150.02, [INFO], robot3, {'battery-level': '62.79'}, None, None
160.08, [INFO], robot3, {'y': 17.353, 'x': -36.898, 'yaw': -3.141}, None, None
160.08, [INFO], robot3, {'battery-level': '62.15'}, None, None
170.05, [INFO], robot3, {'battery-level': '61.51'}, None, None
170.05, [INFO], robot3, {'y': 17.46, 'x': -36.968, 'yaw': -3.141}, None, None
179.99, [INFO], robot3, {'y': 17.251, 'x': -36.863, 'yaw': -3.141}, None, None
180.09, [INFO], robot3, {'battery-level': '60.87'}, None, None
190.04, [INFO], robot3, {'y': 17.47, 'x': -37.051, 'yaw': -3.141}, None, None
190.04, [INFO], robot3, {'battery-level': '60.23'}, None, None
200.04, [INFO], robot3, {'battery-level': '59.59'}, None, None
200.04, [INFO], robot3, {'y': 17.323, 'x': -37.019, 'yaw': 3.141}, None, None
210.00, [INFO], robot3, {'battery-level': '58.95'}, None, None
210.00, [INFO], robot3, {'y': 17.413, 'x': -36.957, 'yaw': -3.142}, None, None
220.00, [INFO], robot3, {'y': 17.346, 'x': -36.819, 'yaw': 3.142}, None, None
220.00, [INFO], robot3, {'battery-level': '58.31'}, None, None
230.08, [INFO], robot3, {'battery-level': '57.67'}, None, None
230.08, [INFO], robot3, {'y': 17.31, 'x': -37.088, 'yaw': -3.141}, None, None
240.04, [INFO], robot3, {'battery-level': '57.03'}, None, None
240.04, [INFO], robot3, {'y': 17.369, 'x': -36.921, 'yaw': 3.142}, None, None
242.44, [WARN], robot3, SKILL-FAILURE, navigation, navto_lab
