0.13, [DEBUG], logger, ROBOTS_CONFIG={'avg_speed': 0.15, 'battery_charge': 0.7258412726774711, 'battery_discharge_rate': 0.00076, 'id': 5, 'local_plan': [['navigation', ['IC Room 2', [[-11.5, 18.0, -1.57], [-11.5, 16.0], [-37.0, 16.0], [-37.0, 21.5], [-38.0, 21.5, 0.0]]], 'navto_room'], ['approach_person', ['nurse'], 'approach_nurse'], ['authenticate_person', ['nurse'], 'authenticate_nurse'], ['operate_drawer', ['open'], 'open_drawer_for_nurse'], ['send_message', ['nurse'], 'notify_nurse_of_open_drawer_for_nurse_completed'], ['wait_message', ['nurse'], 'wait_nurse_to_complete_deposit'], ['operate_drawer', ['close'], 'close_drawer_nurse'], ['navigation', ['Laboratory', [[-38.0, 21.5, 0.0], [-37.0, 21.5], [-37.0, 16.0], [-26.0, 16.0], [-26.0, 13.0, 1.57]]], 'navto_lab'], ['approach_robot', ['lab_arm'], 'approach_arm'], ['operate_drawer', ['open'], 'open_drawer_lab'], ['send_message', ['lab_arm'], 'notify_lab_arm_of_open_drawer_lab_completed'], ['wait_message', ['lab_arm'], 'wait_lab_arm_to_complete_pick_up_sample'], ['operate_drawer', ['close'], 'close_drawer_lab']], 'location': 'PC Room 8', 'name': 'r5', 'position': [-11.5, 18.0, -1.57], 'skills': ['approach_person', 'approach_robot', 'authenticate_person', 'navigation', 'operate_drawer']}, None, None
0.13, [DEBUG], logger, Simulation open, None, None
10.09, [INFO], robot5, {'y': 17.277, 'x': -11.684, 'yaw': -3.141}, None, None
10.09, [INFO], robot5, {'battery-level': '71.90'}, None, None
20.01, [INFO], robot5, {'y': 16.281, 'x': -13.102, 'yaw': 3.142}, None, None
20.01, [INFO], robot5, {'battery-level': '71.14'}, None, None
30.04, [INFO], robot5, {'battery-level': '70.38'}, None, None
30.04, [INFO], robot5, {'y': 16.122, 'x': -15.224, 'yaw': 3.141}, None, None
40.08, [INFO], robot5, {'battery-level': '69.62'}, None, None
40.08, [INFO], robot5, {'y': 16.095, 'x': -17.334, 'yaw': 3.14}, None, None
50.02, [INFO], robot5, {'y': 16.195, 'x': -19.422, 'yaw': 3.142}, None, None
50.02, [INFO], robot5, {'battery-level': '68.86'}, None, None
60.01, [INFO], robot5, {'battery-level': '68.10'}, None, None
60.01, [INFO], robot5, {'y': 16.316, 'x': -21.535, 'yaw': 3.142}, None, None
70.07, [INFO], robot5, {'battery-level': '67.34'}, None, None
70.07, [INFO], robot5, {'y': 16.172, 'x': -23.664, 'yaw': 3.141}, None, None
80.08, [INFO], robot5, {'battery-level': '66.58'}, None, None
80.08, [INFO], robot5, {'y': 16.137, 'x': -25.777, 'yaw': 3.141}, None, None
90.02, [INFO], robot5, {'y': 16.191, 'x': -27.875, 'yaw': -3.141}, None, None
90.02, [INFO], robot5, {'battery-level': '65.82'}, None, None
100.05, [INFO], robot5, {'battery-level': '65.06'}, None, None
100.05, [INFO], robot5, {'y': 16.193, 'x': -29.988, 'yaw': 3.137}, None, None
110.09, [INFO], robot5, {'y': 15.938, 'x': -32.102, 'yaw': -3.142}, None, None
110.09, [INFO], robot5, {'battery-level': '64.30'}, None, None
120.07, [INFO], robot5, {'battery-level': '63.54'}, None, None
120.07, [INFO], robot5, {'y': 15.446, 'x': -34.185, 'yaw': 3.142}, None, None
130.08, [INFO], robot5, {'battery-level': '62.78'}, None, None
130.08, [INFO], robot5, {'y': 15.633, 'x': -36.301, 'yaw': -3.142}, None, None
140.01, [INFO], robot5, {'battery-level': '62.02'}, None, None
140.01, [INFO], robot5, {'y': 17.433, 'x': -36.794, 'yaw': -3.142}, None, None
150.02, [INFO], robot5, {'battery-level': '61.26'}, None, None
150.02, [INFO], robot5, {'y': 19.551, 'x': -36.894, 'yaw': 3.137}, None, None
160.02, [INFO], robot5, {'battery-level': '60.50'}, None, None
160.02, [INFO], robot5, {'y': 21.493, 'x': -37.352, 'yaw': 3.141}, None, None
170.03, [INFO], robot5, {'y': 21.446, 'x': -38.088, 'yaw': -3.142}, None, None
170.03, [INFO], robot5, {'battery-level': '59.74'}, None, None
178.31, [info], nurse, sync, received-request, (status=sending-request)
178.31, [info], nurse, sync, request-sent, (status=waiting)
178.40, [info], nurse, sync, wait-message, (status=message-received)
180.07, [INFO], robot5, {'y': 21.418, 'x': -37.983, 'yaw': 3.141}, None, None
180.07, [INFO], robot5, {'battery-level': '58.98'}, None, None
190.02, [INFO], robot5, {'y': 19.92, 'x': -37.159, 'yaw': 3.141}, None, None
190.02, [INFO], robot5, {'battery-level': '58.22'}, None, None
200.04, [INFO], robot5, {'battery-level': '57.46'}, None, None
200.04, [INFO], robot5, {'y': 17.808, 'x': -37.054, 'yaw': 3.141}, None, None
210.02, [INFO], robot5, {'battery-level': '56.70'}, None, None
210.02, [INFO], robot5, {'y': 15.942, 'x': -36.554, 'yaw': 3.141}, None, None
220.06, [INFO], robot5, {'y': 15.44, 'x': -34.471, 'yaw': -3.141}, None, None
220.06, [INFO], robot5, {'battery-level': '55.94'}, None, None
230.08, [INFO], robot5, {'y': 15.578, 'x': -32.348, 'yaw': 3.142}, None, None
230.08, [INFO], robot5, {'battery-level': '55.18'}, None, None
240.03, [INFO], robot5, {'battery-level': '54.42'}, None, None
240.03, [INFO], robot5, {'y': 15.599, 'x': -30.249, 'yaw': -3.142}, None, None
250.06, [INFO], robot5, {'y': 15.796, 'x': -28.134, 'yaw': 3.142}, None, None
250.06, [INFO], robot5, {'battery-level': '53.66'}, None, None
260.01, [INFO], robot5, {'battery-level': '52.90'}, None, None
260.01, [INFO], robot5, {'y': 15.49, 'x': -26.171, 'yaw': 3.142}, None, None
270.06, [INFO], robot5, {'battery-level': '52.14'}, None, None
270.06, [INFO], robot5, {'y': 13.434, 'x': -25.73, 'yaw': 3.141}, None, None
280.05, [INFO], robot5, {'battery-level': '51.38'}, None, None
280.05, [INFO], robot5, {'y': 12.827, 'x': -25.926, 'yaw': 3.142}, None, None
282.45, [info], lab_arm, sync, wait-message, (status=message-received)
283.37, [WARN], robot5, SUCCESS, None, None
