0.00, [DEBUG], nurse, NURSE_CONFIG={'location': 'PC Room 3', 'position': [-28.5, 18.0, -1.57]}, None, None
0.13, [DEBUG], logger, ROBOTS_CONFIG={'avg_speed': 0.15, 'battery_charge': 0.3020349930380309, 'battery_discharge_rate': 0.0006600000000000001, 'id': 1, 'local_plan': [['navigation', ['PC Room 3', [[-39.44, 33.95, 0.0], [-37.0, 33.95], [-37.0, 16.0], [-28.5, 16.0], [-28.5, 18.0, -1.57]]], 'navto_room'], ['approach_person', ['nurse'], 'approach_nurse'], ['authenticate_person', ['nurse'], 'authenticate_nurse'], ['operate_drawer', ['open'], 'open_drawer_for_nurse'], ['send_message', ['nurse'], 'notify_nurse_of_open_drawer_for_nurse_completed'], ['wait_message', ['nurse'], 'wait_nurse_to_complete_deposit'], ['operate_drawer', ['close'], 'close_drawer_nurse'], ['navigation', ['Laboratory', [[-28.5, 18.0, -1.57], [-28.5, 16.0], [-26.0, 16.0], [-26.0, 13.0, 1.57]]], 'navto_lab'], ['approach_robot', ['lab_arm'], 'approach_arm'], ['operate_drawer', ['open'], 'open_drawer_lab'], ['send_message', ['lab_arm'], 'notify_lab_arm_of_open_drawer_lab_completed'], ['wait_message', ['lab_arm'], 'wait_lab_arm_to_complete_pick_up_sample'], ['operate_drawer', ['close'], 'close_drawer_lab']], 'location': 'IC Room 4', 'name': 'r1', 'position': [-39.44, 33.95, 0.0], 'skills': ['approach_person', 'approach_robot', 'authenticate_person', 'navigation']}, None, None
0.13, [DEBUG], logger, Simulation open, None, None
10.04, [INFO], robot1, {'battery-level': '29.61'}, None, None
10.04, [INFO], robot1, {'y': 34.07, 'x': -39.027, 'yaw': 3.141}, None, None
20.09, [INFO], robot1, {'y': 34.175, 'x': -37.143, 'yaw': -3.142}, None, None
20.09, [INFO], robot1, {'battery-level': '28.95'}, None, None
30.08, [INFO], robot1, {'battery-level': '28.29'}, None, None
30.08, [INFO], robot1, {'y': 32.08, 'x': -37.006, 'yaw': 3.141}, None, None
40.03, [INFO], robot1, {'battery-level': '27.63'}, None, None
40.03, [INFO], robot1, {'y': 29.978, 'x': -37.042, 'yaw': 3.141}, None, None
50.00, [INFO], robot1, {'battery-level': '26.97'}, None, None
50.00, [INFO], robot1, {'y': 27.878, 'x': -36.982, 'yaw': 3.141}, None, None
60.04, [INFO], robot1, {'battery-level': '26.31'}, None, None
60.04, [INFO], robot1, {'y': 25.751, 'x': -37.058, 'yaw': 3.141}, None, None
70.07, [INFO], robot1, {'battery-level': '25.65'}, None, None
70.07, [INFO], robot1, {'y': 23.641, 'x': -37.037, 'yaw': -3.142}, None, None
80.01, [INFO], robot1, {'y': 21.548, 'x': -37.138, 'yaw': 3.141}, None, None
80.01, [INFO], robot1, {'battery-level': '24.99'}, None, None
90.09, [INFO], robot1, {'battery-level': '24.33'}, None, None
90.09, [INFO], robot1, {'y': 19.406, 'x': -37.111, 'yaw': 3.138}, None, None
100.04, [INFO], robot1, {'y': 17.313, 'x': -37.072, 'yaw': 3.141}, None, None
100.04, [INFO], robot1, {'battery-level': '23.67'}, None, None
110.02, [INFO], robot1, {'y': 15.807, 'x': -36.13, 'yaw': -3.142}, None, None
110.02, [INFO], robot1, {'battery-level': '23.01'}, None, None
120.06, [INFO], robot1, {'battery-level': '22.35'}, None, None
120.06, [INFO], robot1, {'y': 15.351, 'x': -34.037, 'yaw': 3.14}, None, None
130.03, [INFO], robot1, {'battery-level': '21.69'}, None, None
130.03, [INFO], robot1, {'y': 15.5, 'x': -31.929, 'yaw': 3.142}, None, None
140.00, [INFO], robot1, {'y': 15.668, 'x': -29.816, 'yaw': -3.142}, None, None
140.00, [INFO], robot1, {'battery-level': '21.03'}, None, None
150.06, [INFO], robot1, {'y': 16.989, 'x': -28.569, 'yaw': -3.141}, None, None
150.06, [INFO], robot1, {'battery-level': '20.37'}, None, None
160.02, [INFO], robot1, {'battery-level': '19.71'}, None, None
160.02, [INFO], robot1, {'y': 17.948, 'x': -28.584, 'yaw': 3.141}, None, None
170.05, [INFO], robot1, {'battery-level': '19.05'}, None, None
170.05, [INFO], robot1, {'y': 18.03, 'x': -28.597, 'yaw': 3.142}, None, None
170.51, [info], nurse, sync, received-request, (status=sending-request)
170.51, [info], nurse, sync, request-sent, (status=waiting)
170.51, [WARN], robot1, NO-SKILL, operate_drawer, open_drawer_for_nurse
