0.00, [DEBUG], nurse, NURSE_CONFIG={'location': 'PC Room 3', 'position': [-28.5, 18.0, -1.57]}, None, None
0.00, [INFO], robot6, {'battery-level': '54.08'}, None, None
0.12, [DEBUG], logger, ROBOTS_CONFIG={'avg_speed': 0.15, 'battery_charge': 0.5408465660492595, 'battery_discharge_rate': 0.00072, 'id': 6, 'local_plan': [['navigation', ['PC Room 3', [[-27.23, 18.0, -1.57], [-27.23, 16.0], [-28.5, 16.0], [-28.5, 18.0, -1.57]]], 'navto_room'], ['approach_person', ['nurse'], 'approach_nurse'], ['authenticate_person', ['nurse'], 'authenticate_nurse'], ['operate_drawer', ['open'], 'open_drawer_for_nurse'], ['send_message', ['nurse'], 'notify_nurse_of_open_drawer_for_nurse_completed'], ['wait_message', ['nurse'], 'wait_nurse_to_complete_deposit'], ['operate_drawer', ['close'], 'close_drawer_nurse'], ['navigation', ['Laboratory', [[-28.5, 18.0, -1.57], [-28.5, 16.0], [-26.0, 16.0], [-26.0, 13.0, 1.57]]], 'navto_lab'], ['approach_robot', ['lab_arm'], 'approach_arm'], ['operate_drawer', ['open'], 'open_drawer_lab'], ['send_message', ['lab_arm'], 'notify_lab_arm_of_open_drawer_lab_completed'], ['wait_message', ['lab_arm'], 'wait_lab_arm_to_complete_pick_up_sample'], ['operate_drawer', ['close'], 'close_drawer_lab']], 'location': 'PC Room 4', 'name': 'r6', 'position': [-27.23, 18.0, -1.57], 'skills': ['approach_person', 'approach_robot', 'authenticate_person', 'navigation', 'operate_drawer']}, None, None
0.12, [DEBUG], logger, Simulation open, None, None
10.05, [INFO], robot6, {'y': 17.177, 'x': -27.11, 'yaw': 3.142}, None, None
10.05, [INFO], robot6, {'battery-level': '53.44'}, None, None
20.02, [INFO], robot6, {'battery-level': '52.72'}, None, None
20.02, [INFO], robot6, {'y': 16.392, 'x': -28.367, 'yaw': -3.141}, None, None
30.07, [INFO], robot6, {'battery-level': '52.00'}, None, None
30.07, [INFO], robot6, {'y': 17.965, 'x': -28.589, 'yaw': 3.141}, None, None
35.15, [info], nurse, sync, received-request, (status=sending-request)
35.15, [info], nurse, sync, request-sent, (status=waiting)
35.15, [info], nurse, sync, wait-message, (status=message-received)
40.04, [INFO], robot6, {'battery-level': '51.28'}, None, None
40.04, [INFO], robot6, {'y': 17.178, 'x': -28.69, 'yaw': -3.141}, None, None
50.03, [INFO], robot6, {'y': 16.194, 'x': -27.462, 'yaw': -3.142}, None, None
50.03, [INFO], robot6, {'battery-level': '50.56'}, None, None
60.01, [INFO], robot6, {'y': 15.099, 'x': -25.996, 'yaw': 3.142}, None, None
60.01, [INFO], robot6, {'battery-level': '49.84'}, None, None
70.02, [INFO], robot6, {'y': 13.067, 'x': -25.848, 'yaw': -3.142}, None, None
70.02, [INFO], robot6, {'battery-level': '49.12'}, None, None
80.00, [INFO], robot6, {'battery-level': '48.40'}, None, None
80.00, [INFO], robot6, {'y': 12.887, 'x': -25.968, 'yaw': 3.142}, None, None
80.22, [info], lab_arm, sync, wait-message, (status=message-received)
81.02, [WARN], robot6, SUCCESS, None, None
