0.00, [INFO], robot3, {'battery-level': '72.32'}, None, None
0.13, [DEBUG], logger, ROBOTS_CONFIG={'avg_speed': 0.15, 'battery_charge': 0.7232396784987936, 'battery_discharge_rate': 0.00064, 'id': 3, 'local_plan': [['navigation', ['IC Room 6', [[-38.0, 21.5, 0.0], [-37.0, 21.5], [-37.0, 18.93], [-33.9, 18.93, 3.14]]], 'navto_room'], ['approach_person', ['nurse'], 'approach_nurse'], ['authenticate_person', ['nurse'], 'authenticate_nurse'], ['operate_drawer', ['open'], 'open_drawer_for_nurse'], ['send_message', ['nurse'], 'notify_nurse_of_open_drawer_for_nurse_completed'], ['wait_message', ['nurse'], 'wait_nurse_to_complete_deposit'], ['operate_drawer', ['close'], 'close_drawer_nurse'], ['navigation', ['Laboratory', [[-33.9, 18.93, 3.14], [-37.0, 18.93], [-37.0, 16.0], [-26.0, 16.0], [-26.0, 13.0, 1.57]]], 'navto_lab'], ['approach_robot', ['lab_arm'], 'approach_arm'], ['operate_drawer', ['open'], 'open_drawer_lab'], ['send_message', ['lab_arm'], 'notify_lab_arm_of_open_drawer_lab_completed'], ['wait_message', ['lab_arm'], 'wait_lab_arm_to_complete_pick_up_sample'], ['operate_drawer', ['close'], 'close_drawer_lab']], 'location': 'IC Room 2', 'name': 'r3', 'position': [-38.0, 21.5, 0.0], 'skills': ['approach_person', 'approach_robot', 'authenticate_person', 'navigation', 'operate_drawer']}, None, None
0.13, [DEBUG], logger, Simulation open, None, None
10.02, [INFO], robot3, {'battery-level': '71.75'}, None, None
10.02, [INFO], robot3, {'y': 21.54, 'x': -37.484, 'yaw': -3.14}, None, None
20.03, [INFO], robot3, {'battery-level': '71.11'}, None, None
20.03, [INFO], robot3, {'y': 19.605, 'x': -37.066, 'yaw': 3.141}, None, None
30.04, [INFO], robot3, {'battery-level': '70.47'}, None, None
30.04, [INFO], robot3, {'y': 17.924, 'x': -35.817, 'yaw': -3.139}, None, None
40.05, [INFO], robot3, {'y': 18.665, 'x': -34.095, 'yaw': -3.142}, None, None
40.05, [INFO], robot3, {'battery-level': '69.83'}, None, None
50.05, [INFO], robot3, {'y': 18.951, 'x': -33.927, 'yaw': -3.142}, None, None
50.05, [INFO], robot3, {'battery-level': '69.19'}, None, None
50.69, [info], nurse, sync, received-request, (status=sending-request)
50.69, [info], nurse, sync, request-sent, (status=waiting)
50.69, [info], nurse, sync, wait-message, (status=message-received)
60.01, [INFO], robot3, {'battery-level': '68.55'}, None, None
60.01, [INFO], robot3, {'y': 17.818, 'x': -35.053, 'yaw': -3.142}, None, None
70.09, [INFO], robot3, {'y': 18.062, 'x': -36.192, 'yaw': 3.142}, None, None
70.09, [INFO], robot3, {'battery-level': '67.91'}, None, None
80.08, [INFO], robot3, {'y': 18.069, 'x': -36.202, 'yaw': -3.142}, None, None
80.08, [INFO], robot3, {'battery-level': '67.27'}, None, None
90.07, [INFO], robot3, {'battery-level': '66.63'}, None, None
90.07, [INFO], robot3, {'y': 17.721, 'x': -36.68, 'yaw': 3.141}, None, None
100.06, [INFO], robot3, {'battery-level': '65.99'}, None, None
100.06, [INFO], robot3, {'y': 17.355, 'x': -36.854, 'yaw': -3.141}, None, None
110.08, [INFO], robot3, {'y': 17.406, 'x': -37.059, 'yaw': -3.141}, None, None
110.08, [INFO], robot3, {'battery-level': '65.35'}, None, None
120.08, [INFO], robot3, {'y': 17.369, 'x': -36.854, 'yaw': 3.142}, None, None
120.08, [INFO], robot3, {'battery-level': '64.71'}, None, None
130.09, [INFO], robot3, {'y': 17.353, 'x': -36.969, 'yaw': -3.142}, None, None
130.09, [INFO], robot3, {'battery-level': '64.07'}, None, None
140.09, [INFO], robot3, {'y': 17.222, 'x': -36.804, 'yaw': 3.142}, None, None
140.09, [INFO], robot3, {'battery-level': '63.43'}, None, None
150.04, [INFO], robot3, {'battery-level': '62.79'}, None, None
150.04, [INFO], robot3, {'y': 17.427, 'x': -37.059, 'yaw': -3.141}, None, None
160.03, [INFO], robot3, {'y': 17.325, 'x': -36.837, 'yaw': 3.141}, None, None
160.03, [INFO], robot3, {'battery-level': '62.15'}, None, None
170.07, [INFO], robot3, {'battery-level': '61.51'}, None, None
170.07, [INFO], robot3, {'y': 17.354, 'x': -36.907, 'yaw': 3.142}, None, None
180.08, [INFO], robot3, {'battery-level': '60.87'}, None, None
180.08, [INFO], robot3, {'y': 17.408, 'x': -36.912, 'yaw': 3.142}, None, None
190.09, [INFO], robot3, {'battery-level': '60.23'}, None, None
190.09, [INFO], robot3, {'y': 17.398, 'x': -36.995, 'yaw': 3.141}, None, None
200.03, [INFO], robot3, {'battery-level': '59.59'}, None, None
200.03, [INFO], robot3, {'y': 17.128, 'x': -37.091, 'yaw': 3.141}, None, None
210.05, [INFO], robot3, {'y': 17.324, 'x': -36.905, 'yaw': -3.142}, None, None
210.05, [INFO], robot3, {'battery-level': '58.95'}, None, None
220.06, [INFO], robot3, {'y': 17.268, 'x': -36.956, 'yaw': 3.142}, None, None
220.06, [INFO], robot3, {'battery-level': '58.31'}, None, None
230.05, [INFO], robot3, {'y': 17.259, 'x': -36.905, 'yaw': -3.141}, None, None
230.05, [INFO], robot3, {'battery-level': '57.67'}, None, None
234.08, [WARN], robot3, SKILL-FAILURE, navigation, navto_lab
