0.15, [DEBUG], logger, ROBOTS_CONFIG={'avg_speed': 0.15, 'battery_charge': 0.4863040833267539, 'battery_discharge_rate': 0.00026000000000000003, 'id': 4, 'local_plan': [['navigation', ['IC Room 6', [[-39.44, 33.95, 0.0], [-37.0, 33.95], [-37.0, 18.93], [-33.9, 18.93, 3.14]]], 'navto_room'], ['approach_person', ['nurse'], 'approach_nurse'], ['authenticate_person', ['nurse'], 'authenticate_nurse'], ['operate_drawer', ['open'], 'open_drawer_for_nurse'], ['send_message', ['nurse'], 'notify_nurse_of_open_drawer_for_nurse_completed'], ['wait_message', ['nurse'], 'wait_nurse_to_complete_deposit'], ['operate_drawer', ['close'], 'close_drawer_nurse'], ['navigation', ['Laboratory', [[-33.9, 18.93, 3.14], [-37.0, 18.93], [-37.0, 16.0], [-26.0, 16.0], [-26.0, 13.0, 1.57]]], 'navto_lab'], ['approach_robot', ['lab_arm'], 'approach_arm'], ['operate_drawer', ['open'], 'open_drawer_lab'], ['send_message', ['lab_arm'], 'notify_lab_arm_of_open_drawer_lab_completed'], ['wait_message', ['lab_arm'], 'wait_lab_arm_to_complete_pick_up_sample'], ['operate_drawer', ['close'], 'close_drawer_lab']], 'location': 'IC Room 4', 'name': 'r4', 'position': [-39.44, 33.95, 0.0], 'skills': ['approach_person', 'approach_robot', 'authenticate_person', 'navigation', 'operate_drawer']}, None, None
0.15, [DEBUG], logger, Simulation open, None, None
10.01, [INFO], robot4, {'y': 34.36, 'x': -39.045, 'yaw': 3.142}, None, None
10.01, [INFO], robot4, {'battery-level': '48.40'}, None, None
20.01, [INFO], robot4, {'y': 34.037, 'x': -37.124, 'yaw': -3.142}, None, None
20.01, [INFO], robot4, {'battery-level': '48.14'}, None, None
30.02, [INFO], robot4, {'battery-level': '47.88'}, None, None
30.02, [INFO], robot4, {'y': 31.912, 'x': -37.048, 'yaw': 3.141}, None, None
39.99, [INFO], robot4, {'battery-level': '47.62'}, None, None
39.99, [INFO], robot4, {'y': 29.798, 'x': -37.039, 'yaw': 3.141}, None, None
50.02, [INFO], robot4, {'battery-level': '47.36'}, None, None
50.02, [INFO], robot4, {'y': 27.67, 'x': -36.992, 'yaw': 3.141}, None, None
60.01, [INFO], robot4, {'y': 25.557, 'x': -37.015, 'yaw': -3.142}, None, None
60.01, [INFO], robot4, {'battery-level': '47.10'}, None, None
69.99, [INFO], robot4, {'battery-level': '46.84'}, None, None
69.99, [INFO], robot4, {'y': 23.436, 'x': -37.041, 'yaw': 3.141}, None, None
80.03, [INFO], robot4, {'battery-level': '46.58'}, None, None
80.03, [INFO], robot4, {'y': 21.308, 'x': -37.138, 'yaw': 3.142}, None, None
90.02, [INFO], robot4, {'battery-level': '46.32'}, None, None
90.02, [INFO], robot4, {'y': 19.186, 'x': -37.037, 'yaw': 3.141}, None, None
100.00, [INFO], robot4, {'y': 17.686, 'x': -35.537, 'yaw': 3.141}, None, None
100.00, [INFO], robot4, {'battery-level': '46.06'}, None, None
109.99, [INFO], robot4, {'battery-level': '45.80'}, None, None
109.99, [INFO], robot4, {'y': 18.811, 'x': -34.034, 'yaw': -3.142}, None, None
120.01, [INFO], robot4, {'y': 18.957, 'x': -33.938, 'yaw': 3.141}, None, None
120.01, [INFO], robot4, {'battery-level': '45.54'}, None, None
120.20, [info], nurse, sync, received-request, (status=sending-request)
120.20, [info], nurse, sync, request-sent, (status=waiting)
120.21, [info], nurse, sync, wait-message, (status=message-received)
130.00, [INFO], robot4, {'battery-level': '45.28'}, None, None
130.00, [INFO], robot4, {'y': 17.731, 'x': -35.293, 'yaw': -3.138}, None, None
140.02, [INFO], robot4, {'y': 17.965, 'x': -36.156, 'yaw': -3.136}, None, None
140.02, [INFO], robot4, {'battery-level': '45.02'}, None, None
149.99, [INFO], robot4, {'battery-level': '44.76'}, None, None
149.99, [INFO], robot4, {'y': 17.253, 'x': -36.951, 'yaw': 3.141}, None, None
160.01, [INFO], robot4, {'y': 17.383, 'x': -36.923, 'yaw': 3.141}, None, None
160.01, [INFO], robot4, {'battery-level': '44.50'}, None, None
170.01, [INFO], robot4, {'y': 17.369, 'x': -36.92, 'yaw': 3.142}, None, None
170.01, [INFO], robot4, {'battery-level': '44.24'}, None, None
180.02, [INFO], robot4, {'y': 17.176, 'x': -37.095, 'yaw': 3.141}, None, None
180.02, [INFO], robot4, {'battery-level': '43.98'}, None, None
190.01, [INFO], robot4, {'battery-level': '43.72'}, None, None
190.01, [INFO], robot4, {'y': 17.383, 'x': -37.011, 'yaw': 3.141}, None, None
200.00, [INFO], robot4, {'y': 17.311, 'x': -36.81, 'yaw': 3.141}, None, None
200.00, [INFO], robot4, {'battery-level': '43.46'}, None, None
210.02, [INFO], robot4, {'battery-level': '43.20'}, None, None
210.02, [INFO], robot4, {'y': 17.482, 'x': -36.855, 'yaw': 3.141}, None, None

[WARN], logger, TIMEOUT, None, None
