0.20, [DEBUG], logger, ROBOTS_CONFIG={'avg_speed': 0.15, 'battery_charge': 0.7258412726774711, 'battery_discharge_rate': 0.00042, 'id': 5, 'local_plan': [['navigation', ['IC Room 6', [[-13.5, 18.0, -1.57], [-13.5, 16.0], [-37.0, 16.0], [-37.0, 18.93], [-33.9, 18.93, 3.14]]], 'navto_room'], ['approach_person', ['nurse'], 'approach_nurse'], ['authenticate_person', ['nurse'], 'authenticate_nurse'], ['operate_drawer', ['open'], 'open_drawer_for_nurse'], ['send_message', ['nurse'], 'notify_nurse_of_open_drawer_for_nurse_completed'], ['wait_message', ['nurse'], 'wait_nurse_to_complete_deposit'], ['operate_drawer', ['close'], 'close_drawer_nurse'], ['navigation', ['Laboratory', [[-33.9, 18.93, 3.14], [-37.0, 18.93], [-37.0, 16.0], [-26.0, 16.0], [-26.0, 13.0, 1.57]]], 'navto_lab'], ['approach_robot', ['lab_arm'], 'approach_arm'], ['operate_drawer', ['open'], 'open_drawer_lab'], ['send_message', ['lab_arm'], 'notify_lab_arm_of_open_drawer_lab_completed'], ['wait_message', ['lab_arm'], 'wait_lab_arm_to_complete_pick_up_sample'], ['operate_drawer', ['close'], 'close_drawer_lab']], 'location': 'PC Room 7', 'name': 'r5', 'position': [-13.5, 18.0, -1.57], 'skills': ['approach_person', 'authenticate_person', 'navigation', 'operate_drawer']}, None, None
0.20, [DEBUG], logger, Simulation open, None, None
10.01, [INFO], robot5, {'battery-level': '72.21'}, None, None
10.01, [INFO], robot5, {'y': 17.758, 'x': -13.494, 'yaw': -3.142}, None, None
20.01, [INFO], robot5, {'y': 16.209, 'x': -14.263, 'yaw': 3.142}, None, None
20.01, [INFO], robot5, {'battery-level': '71.79'}, None, None
30.01, [INFO], robot5, {'battery-level': '71.37'}, None, None
30.01, [INFO], robot5, {'y': 16.087, 'x': -16.38, 'yaw': 3.141}, None, None
40.01, [INFO], robot5, {'battery-level': '70.95'}, None, None
40.01, [INFO], robot5, {'y': 16.121, 'x': -18.495, 'yaw': -3.139}, None, None
49.98, [INFO], robot5, {'battery-level': '70.53'}, None, None
49.98, [INFO], robot5, {'y': 16.232, 'x': -20.622, 'yaw': 3.138}, None, None
60.01, [INFO], robot5, {'y': 16.189, 'x': -22.746, 'yaw': 3.136}, None, None
60.01, [INFO], robot5, {'battery-level': '70.11'}, None, None
69.99, [INFO], robot5, {'battery-level': '69.69'}, None, None
69.99, [INFO], robot5, {'y': 16.133, 'x': -24.869, 'yaw': 3.14}, None, None
80.04, [INFO], robot5, {'y': 16.1, 'x': -26.994, 'yaw': 3.141}, None, None
80.04, [INFO], robot5, {'battery-level': '69.27'}, None, None
90.00, [INFO], robot5, {'battery-level': '68.85'}, None, None
90.00, [INFO], robot5, {'y': 16.181, 'x': -29.108, 'yaw': 3.141}, None, None
99.99, [INFO], robot5, {'y': 16.094, 'x': -31.229, 'yaw': 3.141}, None, None
99.99, [INFO], robot5, {'battery-level': '68.43'}, None, None
110.00, [INFO], robot5, {'y': 15.706, 'x': -33.325, 'yaw': 3.14}, None, None
110.00, [INFO], robot5, {'battery-level': '68.01'}, None, None
119.98, [INFO], robot5, {'battery-level': '67.59'}, None, None
119.98, [INFO], robot5, {'y': 15.411, 'x': -35.409, 'yaw': -3.141}, None, None
130.01, [INFO], robot5, {'y': 16.586, 'x': -36.747, 'yaw': 3.141}, None, None
130.01, [INFO], robot5, {'battery-level': '67.17'}, None, None
140.00, [INFO], robot5, {'battery-level': '66.75'}, None, None
140.00, [INFO], robot5, {'y': 17.893, 'x': -36.494, 'yaw': -3.142}, None, None
150.03, [INFO], robot5, {'battery-level': '66.33'}, None, None
150.03, [INFO], robot5, {'y': 18.102, 'x': -35.842, 'yaw': 3.142}, None, None
160.03, [INFO], robot5, {'y': 18.127, 'x': -35.848, 'yaw': 3.141}, None, None
160.03, [INFO], robot5, {'battery-level': '65.91'}, None, None
170.00, [INFO], robot5, {'battery-level': '65.49'}, None, None
170.00, [INFO], robot5, {'y': 18.151, 'x': -35.846, 'yaw': 3.141}, None, None
180.00, [INFO], robot5, {'battery-level': '65.07'}, None, None
180.02, [INFO], robot5, {'y': 18.15, 'x': -35.846, 'yaw': 3.142}, None, None
190.01, [INFO], robot5, {'battery-level': '64.65'}, None, None
190.01, [INFO], robot5, {'y': 18.15, 'x': -35.846, 'yaw': 3.142}, None, None
199.97, [INFO], robot5, {'y': 18.15, 'x': -35.847, 'yaw': 3.141}, None, None
200.01, [INFO], robot5, {'battery-level': '64.23'}, None, None
210.02, [INFO], robot5, {'y': 18.167, 'x': -35.655, 'yaw': -3.14}, None, None
210.02, [INFO], robot5, {'battery-level': '63.81'}, None, None

[WARN], logger, TIMEOUT, None, None
