0.13, [DEBUG], logger, ROBOTS_CONFIG={'avg_speed': 0.15, 'battery_charge': 0.7232396784987936, 'battery_discharge_rate': 0.0004, 'id': 3, 'local_plan': [['navigation', ['IC Room 2', [[-13.5, 18.0, -1.57], [-13.5, 16.0], [-37.0, 16.0], [-37.0, 21.5], [-38.0, 21.5, 0.0]]], 'navto_room'], ['approach_person', ['nurse'], 'approach_nurse'], ['authenticate_person', ['nurse'], 'authenticate_nurse'], ['operate_drawer', ['open'], 'open_drawer_for_nurse'], ['send_message', ['nurse'], 'notify_nurse_of_open_drawer_for_nurse_completed'], ['wait_message', ['nurse'], 'wait_nurse_to_complete_deposit'], ['operate_drawer', ['close'], 'close_drawer_nurse'], ['navigation', ['Laboratory', [[-38.0, 21.5, 0.0], [-37.0, 21.5], [-37.0, 16.0], [-26.0, 16.0], [-26.0, 13.0, 1.57]]], 'navto_lab'], ['approach_robot', ['lab_arm'], 'approach_arm'], ['operate_drawer', ['open'], 'open_drawer_lab'], ['send_message', ['lab_arm'], 'notify_lab_arm_of_open_drawer_lab_completed'], ['wait_message', ['lab_arm'], 'wait_lab_arm_to_complete_pick_up_sample'], ['operate_drawer', ['close'], 'close_drawer_lab']], 'location': 'PC Room 7', 'name': 'r3', 'position': [-13.5, 18.0, -1.57], 'skills': ['approach_person', 'approach_robot', 'navigation', 'operate_drawer']}, None, None
0.13, [DEBUG], logger, Simulation open, None, None
10.08, [INFO], robot3, {'y': 17.995, 'x': -13.511, 'yaw': -3.141}, None, None
10.08, [INFO], robot3, {'battery-level': '71.96'}, None, None
20.03, [INFO], robot3, {'y': 16.178, 'x': -13.903, 'yaw': 3.142}, None, None
20.03, [INFO], robot3, {'battery-level': '71.56'}, None, None
30.07, [INFO], robot3, {'y': 16.09, 'x': -16.027, 'yaw': -3.142}, None, None
30.07, [INFO], robot3, {'battery-level': '71.16'}, None, None
40.03, [INFO], robot3, {'battery-level': '70.76'}, None, None
40.03, [INFO], robot3, {'y': 16.115, 'x': -18.127, 'yaw': 3.14}, None, None
50.08, [INFO], robot3, {'y': 16.27, 'x': -20.245, 'yaw': 3.141}, None, None
50.08, [INFO], robot3, {'battery-level': '70.36'}, None, None
60.06, [INFO], robot3, {'battery-level': '69.96'}, None, None
60.06, [INFO], robot3, {'y': 16.253, 'x': -22.334, 'yaw': 3.141}, None, None
70.00, [INFO], robot3, {'battery-level': '69.56'}, None, None
70.00, [INFO], robot3, {'y': 16.167, 'x': -24.443, 'yaw': 3.141}, None, None
80.05, [INFO], robot3, {'battery-level': '69.16'}, None, None
80.05, [INFO], robot3, {'y': 16.106, 'x': -26.549, 'yaw': -3.141}, None, None
90.00, [INFO], robot3, {'battery-level': '68.76'}, None, None
90.00, [INFO], robot3, {'y': 16.239, 'x': -28.643, 'yaw': 3.142}, None, None
100.06, [INFO], robot3, {'y': 16.116, 'x': -30.767, 'yaw': -3.142}, None, None
100.06, [INFO], robot3, {'battery-level': '68.36'}, None, None
110.04, [INFO], robot3, {'y': 15.813, 'x': -32.868, 'yaw': 3.141}, None, None
110.04, [INFO], robot3, {'battery-level': '67.96'}, None, None
120.09, [INFO], robot3, {'y': 15.436, 'x': -34.957, 'yaw': 3.142}, None, None
120.09, [INFO], robot3, {'battery-level': '67.56'}, None, None
130.07, [INFO], robot3, {'battery-level': '67.16'}, None, None
130.07, [INFO], robot3, {'y': 16.154, 'x': -36.67, 'yaw': -3.141}, None, None
140.01, [INFO], robot3, {'y': 18.252, 'x': -36.683, 'yaw': -3.142}, None, None
140.01, [INFO], robot3, {'battery-level': '66.76'}, None, None
150.01, [INFO], robot3, {'battery-level': '66.36'}, None, None
150.01, [INFO], robot3, {'y': 20.358, 'x': -36.832, 'yaw': 3.142}, None, None
160.08, [INFO], robot3, {'battery-level': '65.96'}, None, None
160.08, [INFO], robot3, {'y': 21.573, 'x': -37.952, 'yaw': 3.136}, None, None
170.03, [INFO], robot3, {'battery-level': '65.56'}, None, None
170.03, [INFO], robot3, {'y': 21.448, 'x': -38.044, 'yaw': -3.141}, None, None
177.59, [WARN], robot3, NO-SKILL, authenticate_person, authenticate_nurse
