0.00, [DEBUG], nurse, NURSE_CONFIG={'location': 'IC Room 6', 'position': [-33.9, 18.93, 3.14]}, None, None
0.13, [DEBUG], logger, ROBOTS_CONFIG={'avg_speed': 0.15, 'battery_charge': 0.7232396784987936, 'battery_discharge_rate': 0.0004, 'id': 3, 'local_plan': [['navigation', ['IC Room 6', [[-38.0, 21.5, 0.0], [-37.0, 21.5], [-37.0, 18.93], [-33.9, 18.93, 3.14]]], 'navto_room'], ['approach_person', ['nurse'], 'approach_nurse'], ['authenticate_person', ['nurse'], 'authenticate_nurse'], ['operate_drawer', ['open'], 'open_drawer_for_nurse'], ['send_message', ['nurse'], 'notify_nurse_of_open_drawer_for_nurse_completed'], ['wait_message', ['nurse'], 'wait_nurse_to_complete_deposit'], ['operate_drawer', ['close'], 'close_drawer_nurse'], ['navigation', ['Laboratory', [[-33.9, 18.93, 3.14], [-37.0, 18.93], [-37.0, 16.0], [-26.0, 16.0], [-26.0, 13.0, 1.57]]], 'navto_lab'], ['approach_robot', ['lab_arm'], 'approach_arm'], ['operate_drawer', ['open'], 'open_drawer_lab'], ['send_message', ['lab_arm'], 'notify_lab_arm_of_open_drawer_lab_completed'], ['wait_message', ['lab_arm'], 'wait_lab_arm_to_complete_pick_up_sample'], ['operate_drawer', ['close'], 'close_drawer_lab']], 'location': 'IC Room 2', 'name': 'r3', 'position': [-38.0, 21.5, 0.0], 'skills': ['approach_person', 'approach_robot', 'authenticate_person', 'navigation', 'operate_drawer']}, None, None
0.13, [DEBUG], logger, Simulation open, None, None
10.01, [INFO], robot3, {'battery-level': '71.96'}, None, None
10.01, [INFO], robot3, {'y': 21.45, 'x': -37.28, 'yaw': -3.141}, None, None
20.02, [INFO], robot3, {'y': 19.362, 'x': -37.133, 'yaw': -3.141}, None, None
20.02, [INFO], robot3, {'battery-level': '71.56'}, None, None
30.06, [INFO], robot3, {'battery-level': '71.16'}, None, None
30.06, [INFO], robot3, {'y': 17.779, 'x': -35.705, 'yaw': -3.14}, None, None
40.07, [INFO], robot3, {'y': 18.729, 'x': -34.068, 'yaw': -3.142}, None, None
40.07, [INFO], robot3, {'battery-level': '70.76'}, None, None
48.72, [info], nurse, sync, received-request, (status=sending-request)
48.72, [info], nurse, sync, request-sent, (status=waiting)
48.72, [info], nurse, sync, wait-message, (status=message-received)
50.01, [INFO], robot3, {'y': 18.917, 'x': -33.965, 'yaw': 3.141}, None, None
50.01, [INFO], robot3, {'battery-level': '70.36'}, None, None
60.05, [INFO], robot3, {'y': 17.748, 'x': -35.549, 'yaw': 3.141}, None, None
60.05, [INFO], robot3, {'battery-level': '69.96'}, None, None
70.02, [INFO], robot3, {'y': 17.888, 'x': -36.002, 'yaw': -3.142}, None, None
70.02, [INFO], robot3, {'battery-level': '69.56'}, None, None
80.03, [INFO], robot3, {'battery-level': '69.16'}, None, None
80.03, [INFO], robot3, {'y': 17.912, 'x': -36.035, 'yaw': 3.142}, None, None
90.08, [INFO], robot3, {'battery-level': '68.76'}, None, None
90.08, [INFO], robot3, {'y': 17.389, 'x': -36.938, 'yaw': 3.142}, None, None
100.03, [INFO], robot3, {'battery-level': '68.36'}, None, None
100.03, [INFO], robot3, {'y': 17.24, 'x': -37.093, 'yaw': -3.142}, None, None
110.07, [INFO], robot3, {'battery-level': '67.96'}, None, None
110.07, [INFO], robot3, {'y': 17.478, 'x': -36.899, 'yaw': 3.142}, None, None
120.04, [INFO], robot3, {'y': 17.364, 'x': -36.904, 'yaw': -3.141}, None, None
120.04, [INFO], robot3, {'battery-level': '67.56'}, None, None
130.07, [INFO], robot3, {'y': 17.23, 'x': -36.823, 'yaw': -3.142}, None, None
130.07, [INFO], robot3, {'battery-level': '67.16'}, None, None
140.01, [INFO], robot3, {'battery-level': '66.76'}, None, None
140.01, [INFO], robot3, {'y': 17.419, 'x': -37.011, 'yaw': -3.142}, None, None
150.05, [INFO], robot3, {'y': 17.425, 'x': -36.968, 'yaw': 3.14}, None, None
150.05, [INFO], robot3, {'battery-level': '66.36'}, None, None
160.06, [INFO], robot3, {'battery-level': '65.96'}, None, None
160.06, [INFO], robot3, {'y': 17.18, 'x': -37.04, 'yaw': 3.141}, None, None
170.03, [INFO], robot3, {'battery-level': '65.56'}, None, None
170.03, [INFO], robot3, {'y': 17.428, 'x': -36.9, 'yaw': 3.14}, None, None
180.03, [INFO], robot3, {'y': 17.264, 'x': -36.743, 'yaw': -3.141}, None, None
180.03, [INFO], robot3, {'battery-level': '65.16'}, None, None
190.05, [INFO], robot3, {'battery-level': '64.76'}, None, None
190.05, [INFO], robot3, {'y': 17.313, 'x': -37.119, 'yaw': 3.142}, None, None
200.00, [INFO], robot3, {'y': 17.461, 'x': -37.057, 'yaw': 3.141}, None, None
200.00, [INFO], robot3, {'battery-level': '64.36'}, None, None
210.03, [INFO], robot3, {'y': 17.467, 'x': -37.05, 'yaw': 3.142}, None, None
210.03, [INFO], robot3, {'battery-level': '63.96'}, None, None
220.04, [INFO], robot3, {'battery-level': '63.56'}, None, None
220.04, [INFO], robot3, {'y': 17.404, 'x': -36.861, 'yaw': -3.141}, None, None
230.05, [INFO], robot3, {'battery-level': '63.16'}, None, None
230.05, [INFO], robot3, {'y': 17.416, 'x': -36.851, 'yaw': 3.141}, None, None
231.80, [WARN], robot3, SKILL-FAILURE, navigation, navto_lab
