0.00, [DEBUG], nurse, NURSE_CONFIG={'location': 'IC Room 6', 'position': [-33.9, 18.93, 3.14]}, None, None
0.12, [DEBUG], logger, ROBOTS_CONFIG={'avg_speed': 0.15, 'battery_charge': 0.7232396784987936, 'battery_discharge_rate': 0.0004, 'id': 3, 'local_plan': [['navigation', ['IC Room 6', [[-38.0, 21.5, 0.0], [-37.0, 21.5], [-37.0, 18.93], [-33.9, 18.93, 3.14]]], 'navto_room'], ['approach_person', ['nurse'], 'approach_nurse'], ['authenticate_person', ['nurse'], 'authenticate_nurse'], ['operate_drawer', ['open'], 'open_drawer_for_nurse'], ['send_message', ['nurse'], 'notify_nurse_of_open_drawer_for_nurse_completed'], ['wait_message', ['nurse'], 'wait_nurse_to_complete_deposit'], ['operate_drawer', ['close'], 'close_drawer_nurse'], ['navigation', ['Laboratory', [[-33.9, 18.93, 3.14], [-37.0, 18.93], [-37.0, 16.0], [-26.0, 16.0], [-26.0, 13.0, 1.57]]], 'navto_lab'], ['approach_robot', ['lab_arm'], 'approach_arm'], ['operate_drawer', ['open'], 'open_drawer_lab'], ['send_message', ['lab_arm'], 'notify_lab_arm_of_open_drawer_lab_completed'], ['wait_message', ['lab_arm'], 'wait_lab_arm_to_complete_pick_up_sample'], ['operate_drawer', ['close'], 'close_drawer_lab']], 'location': 'IC Room 2', 'name': 'r3', 'position': [-38.0, 21.5, 0.0], 'skills': ['approach_person', 'approach_robot', 'authenticate_person', 'navigation', 'operate_drawer']}, None, None
0.12, [DEBUG], logger, Simulation open, None, None
10.10, [INFO], robot3, {'y': 21.343, 'x': -37.187, 'yaw': -3.142}, None, None
10.10, [INFO], robot3, {'battery-level': '71.96'}, None, None
20.02, [INFO], robot3, {'y': 19.247, 'x': -37.017, 'yaw': 3.141}, None, None
20.02, [INFO], robot3, {'battery-level': '71.56'}, None, None
30.02, [INFO], robot3, {'y': 17.77, 'x': -35.504, 'yaw': 3.138}, None, None
30.02, [INFO], robot3, {'battery-level': '71.16'}, None, None
40.07, [INFO], robot3, {'y': 18.827, 'x': -34.007, 'yaw': -3.142}, None, None
40.07, [INFO], robot3, {'battery-level': '70.76'}, None, None
47.33, [info], nurse, sync, received-request, (status=sending-request)
47.33, [info], nurse, sync, request-sent, (status=waiting)
47.33, [info], nurse, sync, wait-message, (status=message-received)
50.09, [INFO], robot3, {'battery-level': '70.36'}, None, None
50.09, [INFO], robot3, {'y': 18.847, 'x': -34.219, 'yaw': -3.142}, None, None
60.03, [INFO], robot3, {'battery-level': '69.96'}, None, None
60.03, [INFO], robot3, {'y': 17.79, 'x': -35.764, 'yaw': 3.137}, None, None
70.05, [INFO], robot3, {'battery-level': '69.56'}, None, None
70.05, [INFO], robot3, {'y': 17.557, 'x': -37.043, 'yaw': 3.141}, None, None
80.04, [INFO], robot3, {'battery-level': '69.16'}, None, None
80.04, [INFO], robot3, {'y': 17.321, 'x': -37.024, 'yaw': 3.14}, None, None
90.08, [INFO], robot3, {'battery-level': '68.76'}, None, None
90.08, [INFO], robot3, {'y': 17.318, 'x': -36.871, 'yaw': -3.141}, None, None
100.04, [INFO], robot3, {'battery-level': '68.36'}, None, None
100.04, [INFO], robot3, {'y': 17.225, 'x': -36.761, 'yaw': 3.142}, None, None
110.06, [INFO], robot3, {'y': 17.457, 'x': -37.045, 'yaw': -3.142}, None, None
110.06, [INFO], robot3, {'battery-level': '67.96'}, None, None
120.01, [INFO], robot3, {'battery-level': '67.56'}, None, None
120.01, [INFO], robot3, {'y': 17.378, 'x': -37.049, 'yaw': 3.142}, None, None
130.06, [INFO], robot3, {'y': 17.263, 'x': -36.866, 'yaw': 3.141}, None, None
130.06, [INFO], robot3, {'battery-level': '67.16'}, None, None
140.07, [INFO], robot3, {'battery-level': '66.76'}, None, None
140.07, [INFO], robot3, {'y': 17.514, 'x': -36.623, 'yaw': 3.142}, None, None
150.01, [INFO], robot3, {'y': 17.264, 'x': -37.044, 'yaw': 3.142}, None, None
150.01, [INFO], robot3, {'battery-level': '66.36'}, None, None
160.01, [INFO], robot3, {'y': 17.255, 'x': -36.937, 'yaw': 3.141}, None, None
160.01, [INFO], robot3, {'battery-level': '65.96'}, None, None
170.04, [INFO], robot3, {'y': 17.254, 'x': -36.832, 'yaw': -3.142}, None, None
170.04, [INFO], robot3, {'battery-level': '65.56'}, None, None
180.06, [INFO], robot3, {'y': 17.345, 'x': -36.999, 'yaw': -3.141}, None, None
180.06, [INFO], robot3, {'battery-level': '65.16'}, None, None
190.01, [INFO], robot3, {'y': 17.343, 'x': -36.939, 'yaw': 3.141}, None, None
190.01, [INFO], robot3, {'battery-level': '64.76'}, None, None
200.08, [INFO], robot3, {'battery-level': '64.36'}, None, None
200.08, [INFO], robot3, {'y': 17.31, 'x': -36.909, 'yaw': -3.141}, None, None
210.03, [INFO], robot3, {'battery-level': '63.96'}, None, None
210.03, [INFO], robot3, {'y': 17.416, 'x': -37.022, 'yaw': -3.142}, None, None
220.05, [INFO], robot3, {'y': 17.417, 'x': -37.08, 'yaw': -3.142}, None, None
220.05, [INFO], robot3, {'battery-level': '63.56'}, None, None
230.06, [INFO], robot3, {'y': 17.308, 'x': -36.839, 'yaw': 3.142}, None, None
230.06, [INFO], robot3, {'battery-level': '63.16'}, None, None
237.71, [WARN], robot3, SKILL-FAILURE, navigation, navto_lab
