0.00, [DEBUG], nurse, NURSE_CONFIG={'location': 'IC Room 2', 'position': [-38.0, 21.5, 0.0]}, None, None
0.16, [DEBUG], logger, ROBOTS_CONFIG={'avg_speed': 0.15, 'battery_charge': 0.9109794326728246, 'battery_discharge_rate': 0.0005200000000000001, 'id': 6, 'local_plan': [['navigation', ['IC Room 2', [[-33.9, 18.93, 3.14], [-37.0, 18.93], [-37.0, 21.5], [-38.0, 21.5, 0.0]]], 'navto_room'], ['approach_person', ['nurse'], 'approach_nurse'], ['authenticate_person', ['nurse'], 'authenticate_nurse'], ['operate_drawer', ['open'], 'open_drawer_for_nurse'], ['send_message', ['nurse'], 'notify_nurse_of_open_drawer_for_nurse_completed'], ['wait_message', ['nurse'], 'wait_nurse_to_complete_deposit'], ['operate_drawer', ['close'], 'close_drawer_nurse'], ['navigation', ['Laboratory', [[-38.0, 21.5, 0.0], [-37.0, 21.5], [-37.0, 16.0], [-26.0, 16.0], [-26.0, 13.0, 1.57]]], 'navto_lab'], ['approach_robot', ['lab_arm'], 'approach_arm'], ['operate_drawer', ['open'], 'open_drawer_lab'], ['send_message', ['lab_arm'], 'notify_lab_arm_of_open_drawer_lab_completed'], ['wait_message', ['lab_arm'], 'wait_lab_arm_to_complete_pick_up_sample'], ['operate_drawer', ['close'], 'close_drawer_lab']], 'location': 'IC Room 6', 'name': 'r6', 'position': [-33.9, 18.93, 3.14], 'skills': ['approach_person', 'approach_robot', 'authenticate_person', 'navigation', 'operate_drawer']}, None, None
0.16, [DEBUG], logger, Simulation open, None, None
10.07, [INFO], robot6, {'battery-level': '90.63'}, None, None
10.07, [INFO], robot6, {'y': 18.399, 'x': -34.38, 'yaw': -3.142}, None, None
20.06, [INFO], robot6, {'battery-level': '90.11'}, None, None
20.06, [INFO], robot6, {'y': 18.051, 'x': -36.189, 'yaw': 3.142}, None, None
30.07, [INFO], robot6, {'y': 19.941, 'x': -36.845, 'yaw': 3.142}, None, None
30.07, [INFO], robot6, {'battery-level': '89.59'}, None, None
40.03, [INFO], robot6, {'y': 21.478, 'x': -37.83, 'yaw': 3.142}, None, None
40.03, [INFO], robot6, {'battery-level': '89.07'}, None, None
50.04, [INFO], robot6, {'battery-level': '88.55'}, None, None
50.04, [INFO], robot6, {'y': 21.388, 'x': -38.061, 'yaw': 3.138}, None, None
54.03, [info], nurse, sync, received-request, (status=sending-request)
54.03, [info], nurse, sync, request-sent, (status=waiting)
54.03, [info], nurse, sync, wait-message, (status=message-received)
60.01, [INFO], robot6, {'battery-level': '88.03'}, None, None
60.01, [INFO], robot6, {'y': 21.038, 'x': -37.204, 'yaw': 3.142}, None, None
70.02, [INFO], robot6, {'battery-level': '87.51'}, None, None
70.02, [INFO], robot6, {'y': 18.926, 'x': -37.153, 'yaw': 3.141}, None, None
80.05, [INFO], robot6, {'y': 16.806, 'x': -37.046, 'yaw': 3.142}, None, None
80.05, [INFO], robot6, {'battery-level': '86.99'}, None, None
90.07, [INFO], robot6, {'battery-level': '86.47'}, None, None
90.07, [INFO], robot6, {'y': 15.676, 'x': -35.583, 'yaw': 3.141}, None, None
100.06, [INFO], robot6, {'y': 15.392, 'x': -33.505, 'yaw': -3.141}, None, None
100.06, [INFO], robot6, {'battery-level': '85.95'}, None, None
110.08, [INFO], robot6, {'battery-level': '85.43'}, None, None
110.08, [INFO], robot6, {'y': 15.545, 'x': -31.393, 'yaw': -3.141}, None, None
120.02, [INFO], robot6, {'battery-level': '84.91'}, None, None
120.02, [INFO], robot6, {'y': 15.737, 'x': -29.3, 'yaw': 3.14}, None, None
130.04, [INFO], robot6, {'battery-level': '84.39'}, None, None
130.04, [INFO], robot6, {'y': 15.852, 'x': -27.185, 'yaw': -3.138}, None, None
140.07, [INFO], robot6, {'battery-level': '83.87'}, None, None
140.07, [INFO], robot6, {'y': 14.602, 'x': -25.873, 'yaw': -3.142}, None, None
150.07, [INFO], robot6, {'battery-level': '83.35'}, None, None
150.07, [INFO], robot6, {'y': 12.949, 'x': -25.952, 'yaw': 3.141}, None, None
160.06, [INFO], robot6, {'battery-level': '82.83'}, None, None
160.06, [INFO], robot6, {'y': 12.878, 'x': -26.018, 'yaw': -3.142}, None, None
170.07, [INFO], robot6, {'y': 12.908, 'x': -25.965, 'yaw': -3.141}, None, None
170.07, [INFO], robot6, {'battery-level': '82.31'}, None, None
172.91, [info], lab_arm, sync, wait-message, (status=message-received)
173.84, [WARN], robot6, SUCCESS, None, None
