0.00, [DEBUG], nurse, NURSE_CONFIG={'location': 'IC Room 6', 'position': [-33.9, 18.93, 3.14]}, None, None
0.12, [DEBUG], logger, ROBOTS_CONFIG={'avg_speed': 0.15, 'battery_charge': 0.7232396784987936, 'battery_discharge_rate': 0.0004, 'id': 3, 'local_plan': [['navigation', ['IC Room 6', [[-38.0, 21.5, 0.0], [-37.0, 21.5], [-37.0, 18.93], [-33.9, 18.93, 3.14]]], 'navto_room'], ['approach_person', ['nurse'], 'approach_nurse'], ['authenticate_person', ['nurse'], 'authenticate_nurse'], ['operate_drawer', ['open'], 'open_drawer_for_nurse'], ['send_message', ['nurse'], 'notify_nurse_of_open_drawer_for_nurse_completed'], ['wait_message', ['nurse'], 'wait_nurse_to_complete_deposit'], ['operate_drawer', ['close'], 'close_drawer_nurse'], ['navigation', ['Laboratory', [[-33.9, 18.93, 3.14], [-37.0, 18.93], [-37.0, 16.0], [-26.0, 16.0], [-26.0, 13.0, 1.57]]], 'navto_lab'], ['approach_robot', ['lab_arm'], 'approach_arm'], ['operate_drawer', ['open'], 'open_drawer_lab'], ['send_message', ['lab_arm'], 'notify_lab_arm_of_open_drawer_lab_completed'], ['wait_message', ['lab_arm'], 'wait_lab_arm_to_complete_pick_up_sample'], ['operate_drawer', ['close'], 'close_drawer_lab']], 'location': 'IC Room 2', 'name': 'r3', 'position': [-38.0, 21.5, 0.0], 'skills': ['approach_person', 'approach_robot', 'authenticate_person', 'navigation', 'operate_drawer']}, None, None
0.12, [DEBUG], logger, Simulation open, None, None
10.04, [INFO], robot3, {'battery-level': '71.96'}, None, None
10.04, [INFO], robot3, {'y': 21.502, 'x': -37.988, 'yaw': 3.141}, None, None
20.08, [INFO], robot3, {'battery-level': '71.56'}, None, None
20.08, [INFO], robot3, {'y': 20.436, 'x': -37.252, 'yaw': -3.138}, None, None
30.09, [INFO], robot3, {'battery-level': '71.16'}, None, None
30.09, [INFO], robot3, {'y': 18.517, 'x': -36.488, 'yaw': 3.141}, None, None
40.09, [INFO], robot3, {'battery-level': '70.76'}, None, None
40.09, [INFO], robot3, {'y': 17.78, 'x': -34.731, 'yaw': 3.141}, None, None
50.03, [INFO], robot3, {'battery-level': '70.36'}, None, None
50.03, [INFO], robot3, {'y': 18.934, 'x': -33.944, 'yaw': 3.141}, None, None
54.28, [info], nurse, sync, received-request, (status=sending-request)
54.28, [info], nurse, sync, request-sent, (status=waiting)
54.28, [info], nurse, sync, wait-message, (status=message-received)
60.06, [INFO], robot3, {'y': 18.247, 'x': -34.482, 'yaw': 3.141}, None, None
60.06, [INFO], robot3, {'battery-level': '69.96'}, None, None
70.08, [INFO], robot3, {'y': 18.066, 'x': -36.224, 'yaw': -3.138}, None, None
70.08, [INFO], robot3, {'battery-level': '69.56'}, None, None
80.07, [INFO], robot3, {'y': 17.447, 'x': -36.885, 'yaw': -3.141}, None, None
80.07, [INFO], robot3, {'battery-level': '69.16'}, None, None
90.07, [INFO], robot3, {'y': 17.467, 'x': -37.082, 'yaw': 3.141}, None, None
90.07, [INFO], robot3, {'battery-level': '68.76'}, None, None
100.00, [INFO], robot3, {'battery-level': '68.36'}, None, None
100.00, [INFO], robot3, {'y': 17.42, 'x': -36.914, 'yaw': 3.142}, None, None
110.02, [INFO], robot3, {'battery-level': '67.96'}, None, None
110.02, [INFO], robot3, {'y': 17.234, 'x': -37.116, 'yaw': -3.141}, None, None
120.07, [INFO], robot3, {'battery-level': '67.56'}, None, None
120.07, [INFO], robot3, {'y': 17.322, 'x': -36.915, 'yaw': 3.141}, None, None
130.01, [INFO], robot3, {'battery-level': '67.16'}, None, None
130.01, [INFO], robot3, {'y': 17.351, 'x': -36.966, 'yaw': 3.141}, None, None
140.05, [INFO], robot3, {'y': 17.297, 'x': -37.098, 'yaw': 3.14}, None, None
140.05, [INFO], robot3, {'battery-level': '66.76'}, None, None
150.08, [INFO], robot3, {'battery-level': '66.36'}, None, None
150.08, [INFO], robot3, {'y': 17.287, 'x': -37.03, 'yaw': 3.141}, None, None
160.03, [INFO], robot3, {'battery-level': '65.96'}, None, None
160.03, [INFO], robot3, {'y': 17.431, 'x': -36.882, 'yaw': 3.141}, None, None
170.08, [INFO], robot3, {'y': 17.399, 'x': -36.923, 'yaw': 3.14}, None, None
170.08, [INFO], robot3, {'battery-level': '65.56'}, None, None
180.03, [INFO], robot3, {'battery-level': '65.16'}, None, None
180.03, [INFO], robot3, {'y': 17.314, 'x': -37.05, 'yaw': -3.141}, None, None
190.04, [INFO], robot3, {'battery-level': '64.76'}, None, None
190.04, [INFO], robot3, {'y': 17.283, 'x': -36.975, 'yaw': 3.14}, None, None
200.09, [INFO], robot3, {'y': 17.361, 'x': -37.131, 'yaw': 3.141}, None, None
200.09, [INFO], robot3, {'battery-level': '64.36'}, None, None
210.09, [INFO], robot3, {'y': 17.31, 'x': -37.099, 'yaw': 3.141}, None, None
210.09, [INFO], robot3, {'battery-level': '63.96'}, None, None
220.03, [INFO], robot3, {'y': 17.459, 'x': -37.2, 'yaw': 3.142}, None, None
220.03, [INFO], robot3, {'battery-level': '63.56'}, None, None
230.07, [INFO], robot3, {'battery-level': '63.16'}, None, None
230.07, [INFO], robot3, {'y': 17.339, 'x': -36.814, 'yaw': -3.14}, None, None
240.01, [INFO], robot3, {'battery-level': '62.76'}, None, None
240.01, [INFO], robot3, {'y': 17.341, 'x': -36.842, 'yaw': -3.142}, None, None
250.01, [INFO], robot3, {'y': 17.364, 'x': -36.977, 'yaw': -3.141}, None, None
250.01, [INFO], robot3, {'battery-level': '62.36'}, None, None
250.20, [WARN], robot3, SKILL-FAILURE, navigation, navto_lab
