0.00, [DEBUG], nurse, NURSE_CONFIG={'location': 'IC Room 6', 'position': [-33.9, 18.93, 3.14]}, None, None
0.18, [DEBUG], logger, ROBOTS_CONFIG={'avg_speed': 0.15, 'battery_charge': 0.5408465660492595, 'battery_discharge_rate': 0.00072, 'id': 6, 'local_plan': [['navigation', ['IC Room 6', [[-32.88, 33.98, 3.14], [-37.0, 33.98], [-37.0, 18.93], [-33.9, 18.93, 3.14]]], 'navto_room'], ['approach_person', ['nurse'], 'approach_nurse'], ['authenticate_person', ['nurse'], 'authenticate_nurse'], ['operate_drawer', ['open'], 'open_drawer_for_nurse'], ['send_message', ['nurse'], 'notify_nurse_of_open_drawer_for_nurse_completed'], ['wait_message', ['nurse'], 'wait_nurse_to_complete_deposit'], ['operate_drawer', ['close'], 'close_drawer_nurse'], ['navigation', ['Laboratory', [[-33.9, 18.93, 3.14], [-37.0, 18.93], [-37.0, 16.0], [-26.0, 16.0], [-26.0, 13.0, 1.57]]], 'navto_lab'], ['approach_robot', ['lab_arm'], 'approach_arm'], ['operate_drawer', ['open'], 'open_drawer_lab'], ['send_message', ['lab_arm'], 'notify_lab_arm_of_open_drawer_lab_completed'], ['wait_message', ['lab_arm'], 'wait_lab_arm_to_complete_pick_up_sample'], ['operate_drawer', ['close'], 'close_drawer_lab']], 'location': 'IC Room 5', 'name': 'r6', 'position': [-32.88, 33.98, 3.14], 'skills': ['approach_person', 'approach_robot', 'authenticate_person', 'navigation', 'operate_drawer']}, None, None
0.18, [DEBUG], logger, Simulation open, None, None
9.99, [INFO], robot6, {'y': 34.014, 'x': -33.523, 'yaw': -3.141}, None, None
10.00, [INFO], robot6, {'battery-level': '53.44'}, None, None
20.02, [INFO], robot6, {'battery-level': '52.72'}, None, None
20.02, [INFO], robot6, {'y': 34.665, 'x': -35.539, 'yaw': 3.141}, None, None
29.99, [INFO], robot6, {'battery-level': '52.00'}, None, None
29.99, [INFO], robot6, {'y': 33.267, 'x': -36.782, 'yaw': 3.142}, None, None
40.03, [INFO], robot6, {'battery-level': '51.28'}, None, None
40.03, [INFO], robot6, {'y': 31.137, 'x': -36.798, 'yaw': -3.142}, None, None
49.98, [INFO], robot6, {'y': 29.029, 'x': -36.838, 'yaw': 3.141}, None, None
49.98, [INFO], robot6, {'battery-level': '50.56'}, None, None
59.98, [INFO], robot6, {'y': 26.913, 'x': -36.868, 'yaw': 3.141}, None, None
59.98, [INFO], robot6, {'battery-level': '49.84'}, None, None
69.97, [INFO], robot6, {'y': 24.791, 'x': -36.942, 'yaw': 3.142}, None, None
69.97, [INFO], robot6, {'battery-level': '49.12'}, None, None
80.01, [INFO], robot6, {'y': 22.682, 'x': -37.008, 'yaw': 3.141}, None, None
80.01, [INFO], robot6, {'battery-level': '48.40'}, None, None
90.01, [INFO], robot6, {'battery-level': '47.68'}, None, None
90.01, [INFO], robot6, {'y': 20.562, 'x': -37.109, 'yaw': 3.138}, None, None
100.03, [INFO], robot6, {'y': 18.569, 'x': -36.577, 'yaw': 3.142}, None, None
100.03, [INFO], robot6, {'battery-level': '46.96'}, None, None
109.99, [INFO], robot6, {'y': 17.829, 'x': -34.798, 'yaw': 3.142}, None, None
109.99, [INFO], robot6, {'battery-level': '46.24'}, None, None
120.00, [INFO], robot6, {'y': 18.94, 'x': -33.897, 'yaw': 3.142}, None, None
120.00, [INFO], robot6, {'battery-level': '45.52'}, None, None
124.18, [info], nurse, sync, received-request, (status=sending-request)
124.18, [info], nurse, sync, request-sent, (status=waiting)
124.19, [info], nurse, sync, wait-message, (status=message-received)
130.02, [INFO], robot6, {'battery-level': '44.80'}, None, None
130.02, [INFO], robot6, {'y': 18.115, 'x': -34.587, 'yaw': 3.139}, None, None
140.01, [INFO], robot6, {'y': 17.944, 'x': -36.102, 'yaw': 3.142}, None, None
140.01, [INFO], robot6, {'battery-level': '44.08'}, None, None
149.98, [INFO], robot6, {'y': 17.943, 'x': -36.101, 'yaw': -3.142}, None, None
150.00, [INFO], robot6, {'battery-level': '43.36'}, None, None
159.99, [INFO], robot6, {'y': 18.053, 'x': -36.251, 'yaw': 3.141}, None, None
160.01, [INFO], robot6, {'battery-level': '42.64'}, None, None
170.00, [INFO], robot6, {'y': 17.296, 'x': -37.034, 'yaw': 3.141}, None, None
170.00, [INFO], robot6, {'battery-level': '41.92'}, None, None
180.01, [INFO], robot6, {'y': 17.273, 'x': -37.011, 'yaw': -3.142}, None, None
180.01, [INFO], robot6, {'battery-level': '41.20'}, None, None
190.01, [INFO], robot6, {'battery-level': '40.48'}, None, None
190.01, [INFO], robot6, {'y': 17.248, 'x': -36.927, 'yaw': 3.14}, None, None
200.01, [INFO], robot6, {'battery-level': '39.76'}, None, None
200.01, [INFO], robot6, {'y': 17.643, 'x': -36.693, 'yaw': 3.141}, None, None

[WARN], logger, TIMEOUT, None, None
