0.00, [INFO], robot6, {'battery-level': '54.08'}, None, None
0.11, [DEBUG], logger, ROBOTS_CONFIG={'avg_speed': 0.15, 'battery_charge': 0.5408465660492595, 'battery_discharge_rate': 0.00072, 'id': 6, 'local_plan': [['navigation', ['IC Room 2', [[-33.9, 18.93, 3.14], [-37.0, 18.93], [-37.0, 21.5], [-38.0, 21.5, 0.0]]], 'navto_room'], ['approach_person', ['nurse'], 'approach_nurse'], ['authenticate_person', ['nurse'], 'authenticate_nurse'], ['operate_drawer', ['open'], 'open_drawer_for_nurse'], ['send_message', ['nurse'], 'notify_nurse_of_open_drawer_for_nurse_completed'], ['wait_message', ['nurse'], 'wait_nurse_to_complete_deposit'], ['operate_drawer', ['close'], 'close_drawer_nurse'], ['navigation', ['Laboratory', [[-38.0, 21.5, 0.0], [-37.0, 21.5], [-37.0, 16.0], [-26.0, 16.0], [-26.0, 13.0, 1.57]]], 'navto_lab'], ['approach_robot', ['lab_arm'], 'approach_arm'], ['operate_drawer', ['open'], 'open_drawer_lab'], ['send_message', ['lab_arm'], 'notify_lab_arm_of_open_drawer_lab_completed'], ['wait_message', ['lab_arm'], 'wait_lab_arm_to_complete_pick_up_sample'], ['operate_drawer', ['close'], 'close_drawer_lab']], 'location': 'IC Room 6', 'name': 'r6', 'position': [-33.9, 18.93, 3.14], 'skills': ['approach_person', 'approach_robot', 'authenticate_person', 'navigation', 'operate_drawer']}, None, None
0.11, [DEBUG], logger, Simulation open, None, None
10.07, [INFO], robot6, {'battery-level': '53.44'}, None, None
10.07, [INFO], robot6, {'y': 18.344, 'x': -34.404, 'yaw': -3.142}, None, None
20.03, [INFO], robot6, {'battery-level': '52.72'}, None, None
20.03, [INFO], robot6, {'y': 18.036, 'x': -36.228, 'yaw': 3.141}, None, None
30.04, [INFO], robot6, {'battery-level': '52.00'}, None, None
30.04, [INFO], robot6, {'y': 19.901, 'x': -36.906, 'yaw': 3.141}, None, None
40.05, [INFO], robot6, {'y': 21.553, 'x': -37.754, 'yaw': 3.141}, None, None
40.05, [INFO], robot6, {'battery-level': '51.28'}, None, None
49.96, [info], nurse, sync, received-request, (status=sending-request)
49.96, [info], nurse, sync, request-sent, (status=waiting)
50.05, [info], nurse, sync, wait-message, (status=message-received)
50.05, [INFO], robot6, {'battery-level': '50.56'}, None, None
50.05, [INFO], robot6, {'y': 21.389, 'x': -38.115, 'yaw': -3.137}, None, None
60.03, [INFO], robot6, {'battery-level': '49.84'}, None, None
60.03, [INFO], robot6, {'y': 20.202, 'x': -37.202, 'yaw': 3.141}, None, None
70.01, [INFO], robot6, {'battery-level': '49.12'}, None, None
70.01, [INFO], robot6, {'y': 18.086, 'x': -37.145, 'yaw': 3.14}, None, None
80.01, [INFO], robot6, {'battery-level': '48.40'}, None, None
80.01, [INFO], robot6, {'y': 16.121, 'x': -36.753, 'yaw': 3.142}, None, None
90.05, [INFO], robot6, {'y': 15.447, 'x': -34.703, 'yaw': 3.141}, None, None
90.05, [INFO], robot6, {'battery-level': '47.68'}, None, None
100.07, [INFO], robot6, {'y': 15.484, 'x': -32.575, 'yaw': 3.141}, None, None
100.07, [INFO], robot6, {'battery-level': '46.96'}, None, None
110.01, [INFO], robot6, {'battery-level': '46.24'}, None, None
110.01, [INFO], robot6, {'y': 15.612, 'x': -30.456, 'yaw': -3.137}, None, None
120.01, [INFO], robot6, {'y': 15.813, 'x': -28.361, 'yaw': 3.142}, None, None
120.01, [INFO], robot6, {'battery-level': '45.52'}, None, None
130.06, [INFO], robot6, {'y': 15.788, 'x': -26.232, 'yaw': 3.141}, None, None
130.06, [INFO], robot6, {'battery-level': '44.80'}, None, None
140.03, [INFO], robot6, {'battery-level': '44.08'}, None, None
140.03, [INFO], robot6, {'y': 13.772, 'x': -25.708, 'yaw': 3.142}, None, None
150.01, [INFO], robot6, {'battery-level': '43.36'}, None, None
150.01, [INFO], robot6, {'y': 12.918, 'x': -25.948, 'yaw': -3.142}, None, None
151.81, [info], lab_arm, sync, wait-message, (status=message-received)
152.63, [WARN], robot6, SUCCESS, None, None
