0.00, [DEBUG], nurse, NURSE_CONFIG={'location': 'PC Room 3', 'position': [-28.5, 18.0, -1.57]}, None, None
0.12, [DEBUG], logger, ROBOTS_CONFIG={'avg_speed': 0.15, 'battery_charge': 0.634952869577942, 'battery_discharge_rate': 0.00054, 'id': 2, 'local_plan': [['navigation', ['PC Room 3', [[-21.0, 18.0, -1.57], [-21.0, 16.0], [-28.5, 16.0], [-28.5, 18.0, -1.57]]], 'navto_room'], ['approach_person', ['nurse'], 'approach_nurse'], ['authenticate_person', ['nurse'], 'authenticate_nurse'], ['operate_drawer', ['open'], 'open_drawer_for_nurse'], ['send_message', ['nurse'], 'notify_nurse_of_open_drawer_for_nurse_completed'], ['wait_message', ['nurse'], 'wait_nurse_to_complete_deposit'], ['operate_drawer', ['close'], 'close_drawer_nurse'], ['navigation', ['Laboratory', [[-28.5, 18.0, -1.57], [-28.5, 16.0], [-26.0, 16.0], [-26.0, 13.0, 1.57]]], 'navto_lab'], ['approach_robot', ['lab_arm'], 'approach_arm'], ['operate_drawer', ['open'], 'open_drawer_lab'], ['send_message', ['lab_arm'], 'notify_lab_arm_of_open_drawer_lab_completed'], ['wait_message', ['lab_arm'], 'wait_lab_arm_to_complete_pick_up_sample'], ['operate_drawer', ['close'], 'close_drawer_lab']], 'location': 'PC Room 5', 'name': 'r2', 'position': [-21.0, 18.0, -1.57], 'skills': ['approach_person', 'approach_robot', 'authenticate_person', 'navigation', 'operate_drawer']}, None, None
0.12, [DEBUG], logger, Simulation open, None, None
10.07, [INFO], robot2, {'battery-level': '63.01'}, None, None
10.07, [INFO], robot2, {'y': 17.464, 'x': -20.961, 'yaw': 3.142}, None, None
20.00, [INFO], robot2, {'battery-level': '62.47'}, None, None
20.00, [INFO], robot2, {'y': 16.149, 'x': -21.871, 'yaw': -3.142}, None, None
30.06, [INFO], robot2, {'y': 16.09, 'x': -24.009, 'yaw': 3.141}, None, None
30.06, [INFO], robot2, {'battery-level': '61.93'}, None, None
40.02, [INFO], robot2, {'battery-level': '61.39'}, None, None
40.02, [INFO], robot2, {'y': 16.088, 'x': -26.099, 'yaw': 3.141}, None, None
50.05, [INFO], robot2, {'y': 16.14, 'x': -28.218, 'yaw': -3.141}, None, None
50.05, [INFO], robot2, {'battery-level': '60.85'}, None, None
60.00, [INFO], robot2, {'y': 17.881, 'x': -28.606, 'yaw': -3.142}, None, None
60.00, [INFO], robot2, {'battery-level': '60.31'}, None, None
70.01, [INFO], robot2, {'y': 17.989, 'x': -28.669, 'yaw': 3.14}, None, None
70.01, [INFO], robot2, {'battery-level': '59.77'}, None, None
80.08, [INFO], robot2, {'battery-level': '59.23'}, None, None
80.08, [INFO], robot2, {'y': 18.086, 'x': -28.634, 'yaw': 3.14}, None, None
86.29, [info], nurse, sync, received-request, (status=sending-request)
86.29, [info], nurse, sync, request-sent, (status=waiting)
86.29, [info], nurse, sync, wait-message, (status=message-received)
90.08, [INFO], robot2, {'y': 17.523, 'x': -28.635, 'yaw': 3.142}, None, None
90.08, [INFO], robot2, {'battery-level': '58.69'}, None, None
100.07, [INFO], robot2, {'y': 16.202, 'x': -27.716, 'yaw': 3.14}, None, None
100.07, [INFO], robot2, {'battery-level': '58.15'}, None, None
110.05, [INFO], robot2, {'battery-level': '57.61'}, None, None
110.05, [INFO], robot2, {'y': 15.324, 'x': -26.137, 'yaw': 3.142}, None, None
120.02, [INFO], robot2, {'battery-level': '57.07'}, None, None
120.02, [INFO], robot2, {'y': 13.278, 'x': -25.744, 'yaw': -3.142}, None, None
129.49, [info], lab_arm, sync, wait-message, (status=message-received)
130.01, [INFO], robot2, {'y': 12.902, 'x': -25.949, 'yaw': 3.14}, None, None
130.01, [INFO], robot2, {'battery-level': '56.53'}, None, None
130.37, [WARN], robot2, SUCCESS, None, None
