[DEBUG] [launch.launch_context]: emitting event synchronously: 'launch.events.IncludeLaunchDescription'
[INFO] [launch]: All log files can be found below /root/.ros/log/2022-08-18-17-41-08-001771-f5a3fc0cd606-1
[INFO] [launch]: Default logging verbosity is set to DEBUG
[DEBUG] [launch]: processing event: '<launch.events.include_launch_description.IncludeLaunchDescription object at 0x7f25a0822dd0>'
[DEBUG] [launch]: processing event: '<launch.events.include_launch_description.IncludeLaunchDescription object at 0x7f25a0822dd0>' ✓ '<launch.event_handlers.on_include_launch_description.OnIncludeLaunchDescription object at 0x7f25a1343880>'
Executing <Task finished name='Task-2' coro=<LaunchService._process_one_event() done, defined at /opt/ros/humble/lib/python3.10/site-packages/launch/launch_service.py:228> result=None created at /opt/ros/humble/lib/python3.10/site-packages/launch/launch_service.py:318> took 0.472 seconds
[INFO] [gzserver-1]: process started with pid [44]
[DEBUG] [launch.launch_context]: emitting event: 'launch.events.process.ProcessStarted'
[DEBUG] [launch]: processing event: '<launch.events.process.process_started.ProcessStarted object at 0x7f25a0823eb0>'
[DEBUG] [launch.launch_context]: emitting event synchronously: 'launch.events.process.ProcessStderr'
[DEBUG] [launch]: processing event: '<launch.events.process.process_stderr.ProcessStderr object at 0x7f25a0823e20>'
[DEBUG] [launch]: processing event: '<launch.events.process.process_stderr.ProcessStderr object at 0x7f25a0823e20>' ✓ '<launch.event_handlers.on_process_io.OnProcessIO object at 0x7f25a06879a0>'
[gzserver-1] Gazebo multi-robot simulator, version 11.10.2
[gzserver-1] Copyright (C) 2012 Open Source Robotics Foundation.
[gzserver-1] Released under the Apache 2 License.
[gzserver-1] http://gazebosim.org
[gzserver-1] 
[DEBUG] [launch.launch_context]: emitting event synchronously: 'launch.events.process.ProcessStdout'
[DEBUG] [launch.launch_context]: emitting event synchronously: 'launch.events.process.ProcessStderr'
[DEBUG] [launch]: processing event: '<launch.events.process.process_stdout.ProcessStdout object at 0x7f25a0823e80>'
[DEBUG] [launch]: processing event: '<launch.events.process.process_stdout.ProcessStdout object at 0x7f25a0823e80>' ✓ '<launch.event_handlers.on_process_io.OnProcessIO object at 0x7f25a06879a0>'
[gzserver-1] [1;32m[Msg] [0m[1;32mWaiting for master.[0m[1;32m
[gzserver-1] [0m[1;32m[0m[1;32m[0m[1;32m[Msg] [0m[1;32mConnected to gazebo master @ [0m[1;32mhttp://127.0.0.1:11345[0m[1;32m
[gzserver-1] [0m[1;32m[0m[1;32m[0m[1;32m[Msg] [0m[1;32mPublicized address: [0m[1;32m172.20.0.2[0m[1;32m
[DEBUG] [launch]: processing event: '<launch.events.process.process_stderr.ProcessStderr object at 0x7f25a0687580>'
[DEBUG] [launch]: processing event: '<launch.events.process.process_stderr.ProcessStderr object at 0x7f25a0687580>' ✓ '<launch.event_handlers.on_process_io.OnProcessIO object at 0x7f25a06879a0>'
[gzserver-1] [1;31m[Err] [RenderEngine.cc:749] [0m[1;31mCan't open display: [0m[1;31m[0m[1;31m
[gzserver-1] [0m[1;33m[Wrn] [RenderEngine.cc:89] [0m[1;33mUnable to create X window. Rendering will be disabled
[gzserver-1] [0m[1;33m[Wrn] [RenderEngine.cc:292] [0m[1;33mCannot initialize render engine since [0m[1;33mrender path type is NONE. Ignore this warning if[0m[1;33mrendering has been turned off on purpose.
[DEBUG] [launch.launch_context]: emitting event synchronously: 'launch.events.process.ProcessStderr'
[DEBUG] [launch]: processing event: '<launch.events.process.process_stderr.ProcessStderr object at 0x7f25a0823d30>'
[DEBUG] [launch]: processing event: '<launch.events.process.process_stderr.ProcessStderr object at 0x7f25a0823d30>' ✓ '<launch.event_handlers.on_process_io.OnProcessIO object at 0x7f25a06879a0>'
[gzserver-1] [0m[1;31m[Err] [Server.cc:472] [0m[1;31mCould not open file[[0m[1;31m[0m[1;31m]
[DEBUG] [launch.launch_context]: emitting event synchronously: 'launch.events.process.ProcessStderr'
[DEBUG] [launch]: processing event: '<launch.events.process.process_stderr.ProcessStderr object at 0x7f25a0823b50>'
[DEBUG] [launch]: processing event: '<launch.events.process.process_stderr.ProcessStderr object at 0x7f25a0823b50>' ✓ '<launch.event_handlers.on_process_io.OnProcessIO object at 0x7f25a06879a0>'
[gzserver-1] [0m[1;33m[Wrn] [Server.cc:381] [0m[1;33mFalling back on worlds/empty.world
[DEBUG] [launch.launch_context]: emitting event synchronously: 'launch.events.process.ProcessStderr'
[DEBUG] [launch]: processing event: '<launch.events.process.process_stderr.ProcessStderr object at 0x7f25a0823eb0>'
[DEBUG] [launch]: processing event: '<launch.events.process.process_stderr.ProcessStderr object at 0x7f25a0823eb0>' ✓ '<launch.event_handlers.on_process_io.OnProcessIO object at 0x7f25a06879a0>'
[gzserver-1] [0mALSA lib confmisc.c:855:(parse_card) cannot find card '0'
[gzserver-1] ALSA lib conf.c:5178:(_snd_config_evaluate) function snd_func_card_inum returned error: No such file or directory
[gzserver-1] ALSA lib confmisc.c:422:(snd_func_concat) error evaluating strings
[gzserver-1] ALSA lib conf.c:5178:(_snd_config_evaluate) function snd_func_concat returned error: No such file or directory
[gzserver-1] ALSA lib confmisc.c:1334:(snd_func_refer) error evaluating name
[gzserver-1] ALSA lib conf.c:5178:(_snd_config_evaluate) function snd_func_refer returned error: No such file or directory
[gzserver-1] ALSA lib conf.c:5701:(snd_config_expand) Evaluate error: No such file or directory
[gzserver-1] ALSA lib pcm.c:2664:(snd_pcm_open_noupdate) Unknown PCM default
[gzserver-1] AL lib: (EE) ALCplaybackAlsa_open: Could not open playback device 'default': No such file or directory
[DEBUG] [launch.launch_context]: emitting event synchronously: 'launch.events.process.ProcessStderr'
[DEBUG] [launch.launch_context]: emitting event synchronously: 'launch.events.process.ProcessStdout'
[DEBUG] [launch]: processing event: '<launch.events.process.process_stderr.ProcessStderr object at 0x7f25a0823eb0>'
[DEBUG] [launch]: processing event: '<launch.events.process.process_stderr.ProcessStderr object at 0x7f25a0823eb0>' ✓ '<launch.event_handlers.on_process_io.OnProcessIO object at 0x7f25a06879a0>'
[gzserver-1] [1;31m[Err] [OpenAL.cc:84] [0m[1;31mUnable to open audio device[[0m[1;31mdefault[0m[1;31m]
[gzserver-1]  Audio will be disabled.
[DEBUG] [launch]: processing event: '<launch.events.process.process_stdout.ProcessStdout object at 0x7f25a0687d90>'
[DEBUG] [launch]: processing event: '<launch.events.process.process_stdout.ProcessStdout object at 0x7f25a0687d90>' ✓ '<launch.event_handlers.on_process_io.OnProcessIO object at 0x7f25a06879a0>'
[gzserver-1] [0m[1;32m[0m[1;32m[0m[1;32m[Msg] [0m[1;32mLoading world file [[0m[1;32m/usr/share/gazebo-11/worlds/empty.world[0m[1;32m][0m[1;32m
