0.00, [INFO], robot2, {'battery-level': '63.50'}, None, None
0.00, [DEBUG], logger, ROBOTS_CONFIG={'avg_speed': 0.15, 'battery_charge': 0.634952869577942, 'battery_discharge_rate': 0.00026000000000000003, 'id': 2, 'local_plan': [['navigation', ['IC Room 6', [[-19.0, 18.0, -1.57], [-19.0, 16.0], [-37.0, 16.0], [-37.0, 18.93], [-33.9, 18.93, 3.14]]], 'navto_room'], ['approach_person', ['nurse'], 'approach_nurse'], ['authenticate_person', ['nurse'], 'authenticate_nurse'], ['operate_drawer', ['open'], 'open_drawer_for_nurse'], ['send_message', ['nurse'], 'notify_nurse_of_open_drawer_for_nurse_completed'], ['wait_message', ['nurse'], 'wait_nurse_to_complete_deposit'], ['operate_drawer', ['close'], 'close_drawer_nurse'], ['navigation', ['Laboratory', [[-33.9, 18.93, 3.14], [-37.0, 18.93], [-37.0, 16.0], [-26.0, 16.0], [-26.0, 13.0, 1.57]]], 'navto_lab'], ['approach_robot', ['lab_arm'], 'approach_arm'], ['operate_drawer', ['open'], 'open_drawer_lab'], ['send_message', ['lab_arm'], 'notify_lab_arm_of_open_drawer_lab_completed'], ['wait_message', ['lab_arm'], 'wait_lab_arm_to_complete_pick_up_sample'], ['operate_drawer', ['close'], 'close_drawer_lab']], 'location': 'PC Room 6', 'name': 'r2', 'position': [-19.0, 18.0, -1.57], 'skills': ['approach_person', 'approach_robot', 'authenticate_person', 'navigation', 'operate_drawer']}, None, None
0.00, [DEBUG], logger, Simulation open, None, None
10.07, [INFO], robot2, {'battery-level': '63.26'}, None, None
10.07, [INFO], robot2, {'y': 17.388, 'x': -19.212, 'yaw': 3.141}, None, None
20.01, [INFO], robot2, {'battery-level': '63.00'}, None, None
20.01, [INFO], robot2, {'y': 16.26, 'x': -20.367, 'yaw': 3.141}, None, None
30.00, [INFO], robot2, {'battery-level': '62.74'}, None, None
30.00, [INFO], robot2, {'y': 16.148, 'x': -22.481, 'yaw': 3.141}, None, None
40.01, [INFO], robot2, {'y': 16.086, 'x': -24.588, 'yaw': 3.141}, None, None
40.01, [INFO], robot2, {'battery-level': '62.48'}, None, None
50.05, [INFO], robot2, {'battery-level': '62.22'}, None, None
50.05, [INFO], robot2, {'y': 16.086, 'x': -26.716, 'yaw': 3.142}, None, None
60.08, [INFO], robot2, {'battery-level': '61.96'}, None, None
60.08, [INFO], robot2, {'y': 16.176, 'x': -28.827, 'yaw': 3.142}, None, None
70.03, [INFO], robot2, {'y': 16.137, 'x': -30.925, 'yaw': -3.142}, None, None
70.03, [INFO], robot2, {'battery-level': '61.70'}, None, None
80.09, [INFO], robot2, {'battery-level': '61.44'}, None, None
80.09, [INFO], robot2, {'y': 15.754, 'x': -33.042, 'yaw': -3.142}, None, None
90.07, [INFO], robot2, {'y': 15.37, 'x': -35.114, 'yaw': 3.142}, None, None
90.07, [INFO], robot2, {'battery-level': '61.18'}, None, None
100.02, [INFO], robot2, {'y': 16.199, 'x': -36.873, 'yaw': 3.142}, None, None
100.02, [INFO], robot2, {'battery-level': '60.92'}, None, None
110.05, [INFO], robot2, {'battery-level': '60.66'}, None, None
110.05, [INFO], robot2, {'y': 17.574, 'x': -36.801, 'yaw': 3.141}, None, None
120.02, [INFO], robot2, {'y': 17.601, 'x': -36.792, 'yaw': -3.142}, None, None
120.02, [INFO], robot2, {'battery-level': '60.40'}, None, None
130.03, [INFO], robot2, {'y': 17.6, 'x': -36.792, 'yaw': -3.142}, None, None
130.03, [INFO], robot2, {'battery-level': '60.14'}, None, None
140.08, [INFO], robot2, {'y': 17.602, 'x': -36.791, 'yaw': -3.142}, None, None
140.08, [INFO], robot2, {'battery-level': '59.88'}, None, None
150.07, [INFO], robot2, {'y': 17.597, 'x': -36.795, 'yaw': -3.141}, None, None
150.07, [INFO], robot2, {'battery-level': '59.62'}, None, None
160.04, [INFO], robot2, {'y': 17.601, 'x': -36.794, 'yaw': 3.142}, None, None
160.04, [INFO], robot2, {'battery-level': '59.36'}, None, None
170.00, [INFO], robot2, {'battery-level': '59.10'}, None, None
170.00, [INFO], robot2, {'y': 17.601, 'x': -36.794, 'yaw': -3.142}, None, None
180.09, [INFO], robot2, {'battery-level': '58.84'}, None, None
180.09, [INFO], robot2, {'y': 17.601, 'x': -36.794, 'yaw': 3.142}, None, None
190.06, [INFO], robot2, {'y': 17.601, 'x': -36.794, 'yaw': -3.142}, None, None
190.06, [INFO], robot2, {'battery-level': '58.58'}, None, None
200.04, [INFO], robot2, {'battery-level': '58.32'}, None, None
200.04, [INFO], robot2, {'y': 17.524, 'x': -36.967, 'yaw': 3.142}, None, None
210.09, [INFO], robot2, {'battery-level': '58.06'}, None, None
210.09, [INFO], robot2, {'y': 17.65, 'x': -37.024, 'yaw': -3.142}, None, None
220.06, [INFO], robot2, {'battery-level': '57.80'}, None, None
220.06, [INFO], robot2, {'y': 17.65, 'x': -37.025, 'yaw': -3.142}, None, None
230.05, [INFO], robot2, {'battery-level': '57.54'}, None, None
230.05, [INFO], robot2, {'y': 17.65, 'x': -37.025, 'yaw': 3.142}, None, None
240.09, [INFO], robot2, {'y': 17.65, 'x': -37.025, 'yaw': -3.142}, None, None
240.09, [INFO], robot2, {'battery-level': '57.28'}, None, None
243.67, [WARN], robot2, SKILL-FAILURE, navigation, navto_room
250.03, [INFO], robot2, {'battery-level': '57.02'}, None, None
250.03, [INFO], robot2, {'y': 17.65, 'x': -37.025, 'yaw': -3.142}, None, None
260.04, [INFO], robot2, {'y': 17.65, 'x': -37.025, 'yaw': -3.142}, None, None
260.04, [INFO], robot2, {'battery-level': '56.76'}, None, None
