0.00, [INFO], robot2, {'battery-level': '63.50'}, None, None
0.13, [DEBUG], logger, ROBOTS_CONFIG={'avg_speed': 0.15, 'battery_charge': 0.634952869577942, 'battery_discharge_rate': 0.00026000000000000003, 'id': 2, 'local_plan': [['navigation', ['IC Room 2', [[-19.0, 18.0, -1.57], [-19.0, 16.0], [-37.0, 16.0], [-37.0, 21.5], [-38.0, 21.5, 0.0]]], 'navto_room'], ['approach_person', ['nurse'], 'approach_nurse'], ['authenticate_person', ['nurse'], 'authenticate_nurse'], ['operate_drawer', ['open'], 'open_drawer_for_nurse'], ['send_message', ['nurse'], 'notify_nurse_of_open_drawer_for_nurse_completed'], ['wait_message', ['nurse'], 'wait_nurse_to_complete_deposit'], ['operate_drawer', ['close'], 'close_drawer_nurse'], ['navigation', ['Laboratory', [[-38.0, 21.5, 0.0], [-37.0, 21.5], [-37.0, 16.0], [-26.0, 16.0], [-26.0, 13.0, 1.57]]], 'navto_lab'], ['approach_robot', ['lab_arm'], 'approach_arm'], ['operate_drawer', ['open'], 'open_drawer_lab'], ['send_message', ['lab_arm'], 'notify_lab_arm_of_open_drawer_lab_completed'], ['wait_message', ['lab_arm'], 'wait_lab_arm_to_complete_pick_up_sample'], ['operate_drawer', ['close'], 'close_drawer_lab']], 'location': 'PC Room 6', 'name': 'r2', 'position': [-19.0, 18.0, -1.57], 'skills': ['approach_person', 'approach_robot', 'authenticate_person', 'navigation', 'operate_drawer']}, None, None
0.13, [DEBUG], logger, Simulation open, None, None
10.04, [INFO], robot2, {'y': 17.65, 'x': -19.106, 'yaw': 3.141}, None, None
10.04, [INFO], robot2, {'battery-level': '63.26'}, None, None
20.02, [INFO], robot2, {'battery-level': '63.00'}, None, None
20.02, [INFO], robot2, {'y': 16.155, 'x': -20.104, 'yaw': 3.141}, None, None
30.01, [INFO], robot2, {'y': 16.174, 'x': -22.213, 'yaw': 3.14}, None, None
30.01, [INFO], robot2, {'battery-level': '62.74'}, None, None
40.05, [INFO], robot2, {'battery-level': '62.48'}, None, None
40.05, [INFO], robot2, {'y': 16.112, 'x': -24.329, 'yaw': 3.141}, None, None
50.03, [INFO], robot2, {'battery-level': '62.22'}, None, None
50.03, [INFO], robot2, {'y': 16.097, 'x': -26.443, 'yaw': 3.142}, None, None
60.05, [INFO], robot2, {'battery-level': '61.96'}, None, None
60.05, [INFO], robot2, {'y': 16.194, 'x': -28.56, 'yaw': -3.142}, None, None
70.04, [INFO], robot2, {'y': 16.163, 'x': -30.675, 'yaw': 3.141}, None, None
70.04, [INFO], robot2, {'battery-level': '61.70'}, None, None
80.02, [INFO], robot2, {'battery-level': '61.44'}, None, None
80.02, [INFO], robot2, {'y': 15.826, 'x': -32.773, 'yaw': -3.142}, None, None
90.08, [INFO], robot2, {'y': 15.412, 'x': -34.882, 'yaw': -3.141}, None, None
90.08, [INFO], robot2, {'battery-level': '61.18'}, None, None
100.01, [INFO], robot2, {'battery-level': '60.92'}, None, None
100.01, [INFO], robot2, {'y': 15.954, 'x': -36.875, 'yaw': -3.142}, None, None
110.10, [INFO], robot2, {'battery-level': '60.66'}, None, None
110.10, [INFO], robot2, {'y': 18.078, 'x': -36.849, 'yaw': -3.142}, None, None
120.05, [INFO], robot2, {'y': 20.177, 'x': -36.912, 'yaw': 3.141}, None, None
120.05, [INFO], robot2, {'battery-level': '60.40'}, None, None
130.02, [INFO], robot2, {'y': 21.528, 'x': -37.91, 'yaw': 3.141}, None, None
130.02, [INFO], robot2, {'battery-level': '60.14'}, None, None
140.01, [INFO], robot2, {'battery-level': '59.88'}, None, None
140.01, [INFO], robot2, {'y': 21.456, 'x': -38.072, 'yaw': 3.142}, None, None
150.08, [INFO], robot2, {'battery-level': '59.62'}, None, None
150.08, [INFO], robot2, {'y': 21.456, 'x': -38.072, 'yaw': -3.142}, None, None
160.05, [INFO], robot2, {'battery-level': '59.36'}, None, None
160.05, [INFO], robot2, {'y': 21.456, 'x': -38.072, 'yaw': -3.142}, None, None
170.04, [INFO], robot2, {'battery-level': '59.10'}, None, None
170.04, [INFO], robot2, {'y': 21.456, 'x': -38.072, 'yaw': -3.142}, None, None
180.02, [INFO], robot2, {'y': 21.456, 'x': -38.072, 'yaw': -3.142}, None, None
180.02, [INFO], robot2, {'battery-level': '58.84'}, None, None
190.01, [INFO], robot2, {'battery-level': '58.58'}, None, None
190.01, [INFO], robot2, {'y': 21.456, 'x': -38.072, 'yaw': -3.142}, None, None
200.10, [INFO], robot2, {'battery-level': '58.32'}, None, None
200.10, [INFO], robot2, {'y': 21.456, 'x': -38.072, 'yaw': -3.142}, None, None
210.08, [INFO], robot2, {'y': 21.456, 'x': -38.072, 'yaw': -3.142}, None, None
210.08, [INFO], robot2, {'battery-level': '58.06'}, None, None
220.07, [INFO], robot2, {'battery-level': '57.80'}, None, None
220.07, [INFO], robot2, {'y': 21.456, 'x': -38.072, 'yaw': 3.142}, None, None
230.05, [INFO], robot2, {'battery-level': '57.54'}, None, None
230.05, [INFO], robot2, {'y': 21.456, 'x': -38.072, 'yaw': -3.142}, None, None
240.09, [INFO], robot2, {'battery-level': '57.28'}, None, None
240.09, [INFO], robot2, {'y': 21.456, 'x': -38.072, 'yaw': 3.142}, None, None
250.07, [INFO], robot2, {'y': 21.456, 'x': -38.073, 'yaw': 3.142}, None, None
250.07, [INFO], robot2, {'battery-level': '57.02'}, None, None
260.05, [INFO], robot2, {'battery-level': '56.76'}, None, None
260.05, [INFO], robot2, {'y': 21.456, 'x': -38.073, 'yaw': -3.142}, None, None
270.03, [INFO], robot2, {'battery-level': '56.50'}, None, None
270.03, [INFO], robot2, {'y': 21.456, 'x': -38.073, 'yaw': 3.142}, None, None
280.01, [INFO], robot2, {'battery-level': '56.24'}, None, None
280.01, [INFO], robot2, {'y': 21.456, 'x': -38.073, 'yaw': -3.142}, None, None
290.08, [INFO], robot2, {'y': 21.456, 'x': -38.073, 'yaw': 3.142}, None, None
290.08, [INFO], robot2, {'battery-level': '55.98'}, None, None
300.03, [INFO], robot2, {'y': 21.456, 'x': -38.073, 'yaw': 3.142}, None, None
300.03, [INFO], robot2, {'battery-level': '55.72'}, None, None
310.02, [INFO], robot2, {'y': 21.456, 'x': -38.073, 'yaw': -3.142}, None, None
310.02, [INFO], robot2, {'battery-level': '55.46'}, None, None
320.07, [INFO], robot2, {'battery-level': '55.20'}, None, None
320.07, [INFO], robot2, {'y': 21.456, 'x': -38.073, 'yaw': 3.142}, None, None
330.07, [INFO], robot2, {'battery-level': '54.94'}, None, None
330.07, [INFO], robot2, {'y': 21.456, 'x': -38.073, 'yaw': -3.142}, None, None
340.05, [INFO], robot2, {'battery-level': '54.68'}, None, None
340.05, [INFO], robot2, {'y': 21.456, 'x': -38.073, 'yaw': -3.142}, None, None
350.05, [INFO], robot2, {'y': 21.456, 'x': -38.073, 'yaw': -3.142}, None, None
350.05, [INFO], robot2, {'battery-level': '54.42'}, None, None
360.04, [INFO], robot2, {'battery-level': '54.16'}, None, None
360.04, [INFO], robot2, {'y': 21.456, 'x': -38.073, 'yaw': -3.142}, None, None
370.08, [INFO], robot2, {'y': 21.456, 'x': -38.073, 'yaw': -3.142}, None, None
370.08, [INFO], robot2, {'battery-level': '53.90'}, None, None
380.08, [INFO], robot2, {'battery-level': '53.64'}, None, None
380.08, [INFO], robot2, {'y': 21.456, 'x': -38.073, 'yaw': 3.142}, None, None
390.06, [INFO], robot2, {'y': 21.456, 'x': -38.073, 'yaw': -3.142}, None, None
390.06, [INFO], robot2, {'battery-level': '53.38'}, None, None
400.05, [INFO], robot2, {'battery-level': '53.12'}, None, None
400.05, [INFO], robot2, {'y': 21.456, 'x': -38.073, 'yaw': -3.142}, None, None
410.03, [INFO], robot2, {'battery-level': '52.86'}, None, None
410.03, [INFO], robot2, {'y': 21.456, 'x': -38.073, 'yaw': -3.142}, None, None
420.09, [INFO], robot2, {'battery-level': '52.60'}, None, None
420.09, [INFO], robot2, {'y': 21.456, 'x': -38.074, 'yaw': 3.142}, None, None
430.07, [INFO], robot2, {'battery-level': '52.34'}, None, None
430.07, [INFO], robot2, {'y': 21.456, 'x': -38.074, 'yaw': -3.142}, None, None
440.03, [INFO], robot2, {'y': 21.456, 'x': -38.074, 'yaw': -3.142}, None, None
440.03, [INFO], robot2, {'battery-level': '52.08'}, None, None
450.08, [INFO], robot2, {'y': 21.456, 'x': -38.074, 'yaw': -3.142}, None, None
450.08, [INFO], robot2, {'battery-level': '51.82'}, None, None
460.05, [INFO], robot2, {'battery-level': '51.56'}, None, None
460.05, [INFO], robot2, {'y': 21.456, 'x': -38.074, 'yaw': 3.142}, None, None
470.02, [INFO], robot2, {'y': 21.456, 'x': -38.074, 'yaw': 3.142}, None, None
470.02, [INFO], robot2, {'battery-level': '51.30'}, None, None
480.01, [INFO], robot2, {'battery-level': '51.04'}, None, None
480.01, [INFO], robot2, {'y': 21.456, 'x': -38.074, 'yaw': -3.142}, None, None
490.08, [INFO], robot2, {'y': 21.456, 'x': -38.074, 'yaw': -3.142}, None, None
490.08, [INFO], robot2, {'battery-level': '50.78'}, None, None
500.09, [INFO], robot2, {'battery-level': '50.52'}, None, None
500.09, [INFO], robot2, {'y': 21.456, 'x': -38.074, 'yaw': -3.142}, None, None
510.08, [INFO], robot2, {'y': 21.456, 'x': -38.074, 'yaw': 3.142}, None, None
510.08, [INFO], robot2, {'battery-level': '50.26'}, None, None
520.07, [INFO], robot2, {'battery-level': '50.00'}, None, None
520.07, [INFO], robot2, {'y': 21.456, 'x': -38.074, 'yaw': -3.142}, None, None
530.06, [INFO], robot2, {'y': 21.456, 'x': -38.074, 'yaw': -3.142}, None, None
530.06, [INFO], robot2, {'battery-level': '49.74'}, None, None
540.03, [INFO], robot2, {'y': 21.456, 'x': -38.074, 'yaw': -3.142}, None, None
540.03, [INFO], robot2, {'battery-level': '49.48'}, None, None
550.02, [INFO], robot2, {'battery-level': '49.22'}, None, None
550.02, [INFO], robot2, {'y': 21.456, 'x': -38.074, 'yaw': -3.142}, None, None
560.09, [INFO], robot2, {'battery-level': '48.96'}, None, None
560.09, [INFO], robot2, {'y': 21.456, 'x': -38.074, 'yaw': -3.142}, None, None
570.04, [INFO], robot2, {'battery-level': '48.70'}, None, None
570.04, [INFO], robot2, {'y': 21.456, 'x': -38.074, 'yaw': -3.142}, None, None
580.02, [INFO], robot2, {'battery-level': '48.44'}, None, None
580.02, [INFO], robot2, {'y': 21.456, 'x': -38.074, 'yaw': -3.142}, None, None
590.10, [INFO], robot2, {'y': 21.456, 'x': -38.075, 'yaw': -3.142}, None, None
590.10, [INFO], robot2, {'battery-level': '48.18'}, None, None
600.06, [INFO], robot2, {'battery-level': '47.92'}, None, None
600.06, [INFO], robot2, {'y': 21.456, 'x': -38.075, 'yaw': 3.142}, None, None
610.03, [INFO], robot2, {'battery-level': '47.66'}, None, None
610.03, [INFO], robot2, {'y': 21.456, 'x': -38.075, 'yaw': -3.142}, None, None
620.02, [INFO], robot2, {'battery-level': '47.40'}, None, None
620.02, [INFO], robot2, {'y': 21.456, 'x': -38.075, 'yaw': 3.142}, None, None
630.01, [INFO], robot2, {'y': 21.456, 'x': -38.075, 'yaw': 3.142}, None, None
630.01, [INFO], robot2, {'battery-level': '47.14'}, None, None
640.09, [INFO], robot2, {'battery-level': '46.88'}, None, None
640.09, [INFO], robot2, {'y': 21.456, 'x': -38.075, 'yaw': -3.142}, None, None
650.07, [INFO], robot2, {'y': 21.456, 'x': -38.075, 'yaw': 3.142}, None, None
650.07, [INFO], robot2, {'battery-level': '46.62'}, None, None
660.05, [INFO], robot2, {'y': 21.456, 'x': -38.075, 'yaw': -3.142}, None, None
660.05, [INFO], robot2, {'battery-level': '46.36'}, None, None
670.05, [INFO], robot2, {'battery-level': '46.10'}, None, None
670.05, [INFO], robot2, {'y': 21.456, 'x': -38.075, 'yaw': -3.142}, None, None
680.03, [INFO], robot2, {'battery-level': '45.84'}, None, None
680.03, [INFO], robot2, {'y': 21.456, 'x': -38.075, 'yaw': -3.142}, None, None
690.03, [INFO], robot2, {'y': 21.456, 'x': -38.075, 'yaw': -3.142}, None, None
690.03, [INFO], robot2, {'battery-level': '45.58'}, None, None
700.01, [INFO], robot2, {'y': 21.456, 'x': -38.075, 'yaw': -3.142}, None, None
700.01, [INFO], robot2, {'battery-level': '45.32'}, None, None
710.03, [INFO], robot2, {'y': 21.456, 'x': -38.075, 'yaw': 3.142}, None, None
710.03, [INFO], robot2, {'battery-level': '45.06'}, None, None
720.01, [INFO], robot2, {'battery-level': '44.80'}, None, None
720.01, [INFO], robot2, {'y': 21.456, 'x': -38.075, 'yaw': -3.142}, None, None
730.08, [INFO], robot2, {'y': 21.456, 'x': -38.075, 'yaw': -3.142}, None, None
730.08, [INFO], robot2, {'battery-level': '44.54'}, None, None
740.04, [INFO], robot2, {'y': 21.456, 'x': -38.075, 'yaw': -3.142}, None, None
740.04, [INFO], robot2, {'battery-level': '44.28'}, None, None
750.02, [INFO], robot2, {'y': 21.456, 'x': -38.075, 'yaw': -3.142}, None, None
750.02, [INFO], robot2, {'battery-level': '44.02'}, None, None
760.02, [INFO], robot2, {'battery-level': '43.76'}, None, None
760.02, [INFO], robot2, {'y': 21.456, 'x': -38.075, 'yaw': 3.142}, None, None
770.01, [INFO], robot2, {'y': 21.456, 'x': -38.076, 'yaw': 3.142}, None, None
770.01, [INFO], robot2, {'battery-level': '43.50'}, None, None
780.00, [INFO], robot2, {'battery-level': '43.24'}, None, None
780.00, [INFO], robot2, {'y': 21.456, 'x': -38.076, 'yaw': -3.142}, None, None
790.06, [INFO], robot2, {'battery-level': '42.98'}, None, None
790.06, [INFO], robot2, {'y': 21.456, 'x': -38.076, 'yaw': -3.142}, None, None
800.04, [INFO], robot2, {'y': 21.456, 'x': -38.076, 'yaw': -3.142}, None, None
800.04, [INFO], robot2, {'battery-level': '42.72'}, None, None
810.04, [INFO], robot2, {'y': 21.456, 'x': -38.076, 'yaw': -3.142}, None, None
810.04, [INFO], robot2, {'battery-level': '42.46'}, None, None
820.02, [INFO], robot2, {'battery-level': '42.20'}, None, None
820.02, [INFO], robot2, {'y': 21.456, 'x': -38.076, 'yaw': -3.142}, None, None
830.01, [INFO], robot2, {'battery-level': '41.94'}, None, None
830.01, [INFO], robot2, {'y': 21.456, 'x': -38.076, 'yaw': -3.142}, None, None
840.01, [INFO], robot2, {'y': 21.456, 'x': -38.076, 'yaw': -3.142}, None, None
840.01, [INFO], robot2, {'battery-level': '41.68'}, None, None

[WARN], logger, TIMEOUT, None, None
