0.00, [DEBUG], logger, ROBOTS_CONFIG={'avg_speed': 0.15, 'battery_charge': 0.634952869577942, 'battery_discharge_rate': 0.00026000000000000003, 'id': 2, 'local_plan': [['navigation', ['IC Room 2', [[-19.0, 18.0, -1.57], [-19.0, 16.0], [-37.0, 16.0], [-37.0, 21.5], [-38.0, 21.5, 0.0]]], 'navto_room'], ['approach_person', ['nurse'], 'approach_nurse'], ['authenticate_person', ['nurse'], 'authenticate_nurse'], ['operate_drawer', ['open'], 'open_drawer_for_nurse'], ['send_message', ['nurse'], 'notify_nurse_of_open_drawer_for_nurse_completed'], ['wait_message', ['nurse'], 'wait_nurse_to_complete_deposit'], ['operate_drawer', ['close'], 'close_drawer_nurse'], ['navigation', ['Laboratory', [[-38.0, 21.5, 0.0], [-37.0, 21.5], [-37.0, 16.0], [-26.0, 16.0], [-26.0, 13.0, 1.57]]], 'navto_lab'], ['approach_robot', ['lab_arm'], 'approach_arm'], ['operate_drawer', ['open'], 'open_drawer_lab'], ['send_message', ['lab_arm'], 'notify_lab_arm_of_open_drawer_lab_completed'], ['wait_message', ['lab_arm'], 'wait_lab_arm_to_complete_pick_up_sample'], ['operate_drawer', ['close'], 'close_drawer_lab']], 'location': 'PC Room 6', 'name': 'r2', 'position': [-19.0, 18.0, -1.57], 'skills': ['approach_person', 'approach_robot', 'authenticate_person', 'navigation', 'operate_drawer']}, None, None
0.00, [DEBUG], logger, Simulation open, None, None
10.08, [INFO], robot2, {'y': 17.737, 'x': -19.076, 'yaw': -3.141}, None, None
10.08, [INFO], robot2, {'battery-level': '63.26'}, None, None
20.01, [INFO], robot2, {'battery-level': '63.00'}, None, None
20.01, [INFO], robot2, {'y': 16.11, 'x': -19.983, 'yaw': 3.142}, None, None
30.01, [INFO], robot2, {'battery-level': '62.74'}, None, None
30.01, [INFO], robot2, {'y': 16.204, 'x': -22.098, 'yaw': 3.142}, None, None
40.10, [INFO], robot2, {'y': 16.139, 'x': -24.234, 'yaw': 3.14}, None, None
40.10, [INFO], robot2, {'battery-level': '62.48'}, None, None
50.09, [INFO], robot2, {'y': 16.104, 'x': -26.343, 'yaw': -3.142}, None, None
50.09, [INFO], robot2, {'battery-level': '62.22'}, None, None
60.01, [INFO], robot2, {'y': 16.21, 'x': -28.428, 'yaw': 3.142}, None, None
60.01, [INFO], robot2, {'battery-level': '61.96'}, None, None
70.06, [INFO], robot2, {'battery-level': '61.70'}, None, None
70.06, [INFO], robot2, {'y': 16.172, 'x': -30.547, 'yaw': 3.142}, None, None
80.05, [INFO], robot2, {'battery-level': '61.44'}, None, None
80.05, [INFO], robot2, {'y': 15.788, 'x': -32.653, 'yaw': -3.142}, None, None
90.05, [INFO], robot2, {'battery-level': '61.18'}, None, None
90.05, [INFO], robot2, {'y': 15.447, 'x': -34.754, 'yaw': 3.141}, None, None
100.07, [INFO], robot2, {'battery-level': '60.92'}, None, None
100.07, [INFO], robot2, {'y': 15.977, 'x': -36.757, 'yaw': 3.141}, None, None
110.10, [INFO], robot2, {'battery-level': '60.66'}, None, None
110.10, [INFO], robot2, {'y': 18.1, 'x': -36.645, 'yaw': -3.142}, None, None
120.02, [INFO], robot2, {'y': 20.19, 'x': -36.809, 'yaw': 3.141}, None, None
120.02, [INFO], robot2, {'battery-level': '60.40'}, None, None
130.00, [INFO], robot2, {'battery-level': '60.14'}, None, None
130.00, [INFO], robot2, {'y': 21.462, 'x': -37.944, 'yaw': 3.138}, None, None
137.58, [info], nurse, sync, received-request, (status=sending-request)
137.58, [info], nurse, sync, request-sent, (status=waiting)
137.58, [info], nurse, sync, wait-message, (status=message-received)
140.04, [INFO], robot2, {'battery-level': '59.88'}, None, None
140.04, [INFO], robot2, {'y': 21.415, 'x': -37.822, 'yaw': 3.141}, None, None
150.08, [INFO], robot2, {'y': 19.736, 'x': -37.131, 'yaw': -3.141}, None, None
150.08, [INFO], robot2, {'battery-level': '59.62'}, None, None
160.09, [INFO], robot2, {'y': 17.622, 'x': -37.09, 'yaw': 3.141}, None, None
160.09, [INFO], robot2, {'battery-level': '59.36'}, None, None
170.02, [INFO], robot2, {'y': 15.98, 'x': -36.331, 'yaw': -3.141}, None, None
170.02, [INFO], robot2, {'battery-level': '59.10'}, None, None
180.05, [INFO], robot2, {'y': 15.335, 'x': -34.289, 'yaw': -3.141}, None, None
180.05, [INFO], robot2, {'battery-level': '58.84'}, None, None
190.10, [INFO], robot2, {'y': 15.507, 'x': -32.162, 'yaw': 3.141}, None, None
190.10, [INFO], robot2, {'battery-level': '58.58'}, None, None
200.00, [INFO], robot2, {'y': 15.677, 'x': -30.073, 'yaw': 3.139}, None, None
200.00, [INFO], robot2, {'battery-level': '58.32'}, None, None
210.04, [INFO], robot2, {'y': 15.903, 'x': -27.971, 'yaw': -3.14}, None, None
210.04, [INFO], robot2, {'battery-level': '58.06'}, None, None
220.09, [INFO], robot2, {'y': 15.409, 'x': -26.14, 'yaw': 3.142}, None, None
220.09, [INFO], robot2, {'battery-level': '57.80'}, None, None
230.04, [INFO], robot2, {'y': 13.352, 'x': -25.738, 'yaw': -3.142}, None, None
230.04, [INFO], robot2, {'battery-level': '57.54'}, None, None
240.04, [INFO], robot2, {'battery-level': '57.28'}, None, None
240.04, [INFO], robot2, {'y': 12.834, 'x': -25.972, 'yaw': -3.142}, None, None
241.03, [info], lab_arm, sync, wait-message, (status=message-received)
242.01, [WARN], robot2, SUCCESS, None, None
250.05, [INFO], robot2, {'battery-level': '57.02'}, None, None
250.05, [INFO], robot2, {'y': 12.832, 'x': -25.971, 'yaw': -3.142}, None, None
260.08, [INFO], robot2, {'y': 12.832, 'x': -25.971, 'yaw': -3.142}, None, None
260.08, [INFO], robot2, {'battery-level': '56.76'}, None, None
