0.00, [DEBUG], nurse, NURSE_CONFIG={'location': 'PC Room 3', 'position': [-28.5, 18.0, -1.57]}, None, None
0.00, [INFO], robot2, {'battery-level': '63.50'}, None, None
0.00, [DEBUG], logger, ROBOTS_CONFIG={'avg_speed': 0.15, 'battery_charge': 0.634952869577942, 'battery_discharge_rate': 0.00026000000000000003, 'id': 2, 'local_plan': [['navigation', ['PC Room 3', [[-21.0, 18.0, -1.57], [-21.0, 16.0], [-28.5, 16.0], [-28.5, 18.0, -1.57]]], 'navto_room'], ['approach_person', ['nurse'], 'approach_nurse'], ['authenticate_person', ['nurse'], 'authenticate_nurse'], ['operate_drawer', ['open'], 'open_drawer_for_nurse'], ['send_message', ['nurse'], 'notify_nurse_of_open_drawer_for_nurse_completed'], ['wait_message', ['nurse'], 'wait_nurse_to_complete_deposit'], ['operate_drawer', ['close'], 'close_drawer_nurse'], ['navigation', ['Laboratory', [[-28.5, 18.0, -1.57], [-28.5, 16.0], [-26.0, 16.0], [-26.0, 13.0, 1.57]]], 'navto_lab'], ['approach_robot', ['lab_arm'], 'approach_arm'], ['operate_drawer', ['open'], 'open_drawer_lab'], ['send_message', ['lab_arm'], 'notify_lab_arm_of_open_drawer_lab_completed'], ['wait_message', ['lab_arm'], 'wait_lab_arm_to_complete_pick_up_sample'], ['operate_drawer', ['close'], 'close_drawer_lab']], 'location': 'PC Room 5', 'name': 'r2', 'position': [-21.0, 18.0, -1.57], 'skills': ['approach_person', 'approach_robot', 'authenticate_person', 'navigation', 'operate_drawer']}, None, None
0.00, [DEBUG], logger, Simulation open, None, None
10.02, [INFO], robot2, {'battery-level': '63.26'}, None, None
10.02, [INFO], robot2, {'y': 17.636, 'x': -20.977, 'yaw': -3.142}, None, None
20.08, [INFO], robot2, {'battery-level': '63.00'}, None, None
20.08, [INFO], robot2, {'y': 16.026, 'x': -21.642, 'yaw': 3.142}, None, None
30.07, [INFO], robot2, {'battery-level': '62.74'}, None, None
30.07, [INFO], robot2, {'y': 16.048, 'x': -23.755, 'yaw': 3.141}, None, None
40.05, [INFO], robot2, {'battery-level': '62.48'}, None, None
40.05, [INFO], robot2, {'y': 15.957, 'x': -25.857, 'yaw': 3.14}, None, None
50.02, [INFO], robot2, {'y': 15.954, 'x': -27.964, 'yaw': 3.139}, None, None
50.02, [INFO], robot2, {'battery-level': '62.22'}, None, None
60.08, [INFO], robot2, {'battery-level': '61.96'}, None, None
60.08, [INFO], robot2, {'y': 17.779, 'x': -28.641, 'yaw': 3.14}, None, None
69.97, [INFO], robot2, {'battery-level': '61.70'}, None, None
70.07, [INFO], robot2, {'y': 18.03, 'x': -28.582, 'yaw': 3.141}, None, None
72.95, [info], nurse, sync, received-request, (status=sending-request)
72.95, [info], nurse, sync, request-sent, (status=waiting)
72.95, [info], nurse, sync, wait-message, (status=message-received)
80.09, [INFO], robot2, {'y': 16.787, 'x': -28.687, 'yaw': 3.141}, None, None
80.09, [INFO], robot2, {'battery-level': '61.44'}, None, None
90.07, [INFO], robot2, {'y': 16.08, 'x': -27.119, 'yaw': 3.142}, None, None
90.07, [INFO], robot2, {'battery-level': '61.18'}, None, None
100.04, [INFO], robot2, {'battery-level': '60.92'}, None, None
100.04, [INFO], robot2, {'y': 14.632, 'x': -25.85, 'yaw': -3.142}, None, None
110.01, [INFO], robot2, {'battery-level': '60.66'}, None, None
110.01, [INFO], robot2, {'y': 12.91, 'x': -25.912, 'yaw': 3.142}, None, None
115.96, [info], lab_arm, sync, wait-message, (status=message-received)
116.94, [WARN], robot2, SUCCESS, None, None
