0.00, [DEBUG], nurse, NURSE_CONFIG={'location': 'PC Room 3', 'position': [-28.5, 18.0, -1.57]}, None, None
0.00, [INFO], robot1, {'battery-level': '24.00'}, None, None
0.14, [DEBUG], logger, ROBOTS_CONFIG={'avg_speed': 0.15, 'battery_charge': 0.23995139509475963, 'battery_discharge_rate': 0.0006600000000000001, 'id': 1, 'local_plan': [['navigation', ['PC Room 3', [[-39.44, 33.95, 0.0], [-37.0, 33.95], [-37.0, 16.0], [-28.5, 16.0], [-28.5, 18.0, -1.57]]], 'navto_room'], ['approach_person', ['nurse'], 'approach_nurse'], ['authenticate_person', ['nurse'], 'authenticate_nurse'], ['operate_drawer', ['open'], 'open_drawer_for_nurse'], ['send_message', ['nurse'], 'notify_nurse_of_open_drawer_for_nurse_completed'], ['wait_message', ['nurse'], 'wait_nurse_to_complete_deposit'], ['operate_drawer', ['close'], 'close_drawer_nurse'], ['navigation', ['Laboratory', [[-28.5, 18.0, -1.57], [-28.5, 16.0], [-26.0, 16.0], [-26.0, 13.0, 1.57]]], 'navto_lab'], ['approach_robot', ['lab_arm'], 'approach_arm'], ['operate_drawer', ['open'], 'open_drawer_lab'], ['send_message', ['lab_arm'], 'notify_lab_arm_of_open_drawer_lab_completed'], ['wait_message', ['lab_arm'], 'wait_lab_arm_to_complete_pick_up_sample'], ['operate_drawer', ['close'], 'close_drawer_lab']], 'location': 'IC Room 4', 'name': 'r1', 'position': [-39.44, 33.95, 0.0], 'skills': ['approach_person', 'approach_robot', 'navigation', 'operate_drawer']}, None, None
0.14, [DEBUG], logger, Simulation open, None, None
10.02, [INFO], robot1, {'battery-level': '23.40'}, None, None
10.02, [INFO], robot1, {'y': 33.95, 'x': -39.44, 'yaw': -3.142}, None, None
20.09, [INFO], robot1, {'y': 34.484, 'x': -38.287, 'yaw': 3.141}, None, None
20.09, [INFO], robot1, {'battery-level': '22.74'}, None, None
30.03, [INFO], robot1, {'battery-level': '22.08'}, None, None
30.03, [INFO], robot1, {'y': 33.386, 'x': -37.0, 'yaw': 3.142}, None, None
40.06, [INFO], robot1, {'battery-level': '21.42'}, None, None
40.06, [INFO], robot1, {'y': 31.273, 'x': -36.998, 'yaw': 3.141}, None, None
50.00, [INFO], robot1, {'battery-level': '20.76'}, None, None
50.00, [INFO], robot1, {'y': 29.179, 'x': -36.987, 'yaw': 3.141}, None, None
60.07, [INFO], robot1, {'battery-level': '20.10'}, None, None
60.07, [INFO], robot1, {'y': 27.057, 'x': -37.024, 'yaw': 3.142}, None, None
70.00, [INFO], robot1, {'battery-level': '19.44'}, None, None
70.00, [INFO], robot1, {'y': 24.958, 'x': -37.027, 'yaw': -3.142}, None, None
80.00, [INFO], robot1, {'y': 22.851, 'x': -37.014, 'yaw': -3.141}, None, None
80.00, [INFO], robot1, {'battery-level': '18.78'}, None, None
90.06, [INFO], robot1, {'battery-level': '18.12'}, None, None
90.06, [INFO], robot1, {'y': 20.735, 'x': -37.096, 'yaw': 3.142}, None, None
100.00, [INFO], robot1, {'battery-level': '17.46'}, None, None
100.00, [INFO], robot1, {'y': 18.65, 'x': -37.042, 'yaw': 3.142}, None, None
110.01, [INFO], robot1, {'battery-level': '16.80'}, None, None
110.01, [INFO], robot1, {'y': 16.539, 'x': -36.97, 'yaw': 3.142}, None, None
120.10, [INFO], robot1, {'y': 15.52, 'x': -35.375, 'yaw': -3.141}, None, None
120.10, [INFO], robot1, {'battery-level': '16.14'}, None, None
130.08, [INFO], robot1, {'battery-level': '15.48'}, None, None
130.08, [INFO], robot1, {'y': 15.434, 'x': -33.276, 'yaw': 3.142}, None, None
140.06, [INFO], robot1, {'y': 15.519, 'x': -31.166, 'yaw': -3.141}, None, None
140.06, [INFO], robot1, {'battery-level': '14.82'}, None, None
150.03, [INFO], robot1, {'battery-level': '14.16'}, None, None
150.03, [INFO], robot1, {'y': 15.82, 'x': -29.07, 'yaw': -3.141}, None, None
160.03, [INFO], robot1, {'battery-level': '13.50'}, None, None
160.03, [INFO], robot1, {'y': 17.712, 'x': -28.653, 'yaw': -3.142}, None, None
170.04, [INFO], robot1, {'y': 17.952, 'x': -28.59, 'yaw': 3.142}, None, None
170.04, [INFO], robot1, {'battery-level': '12.84'}, None, None
170.81, [WARN], robot1, NO-SKILL, authenticate_person, authenticate_nurse
