0.00, [DEBUG], nurse, NURSE_CONFIG={'location': 'IC Room 6', 'position': [-33.9, 18.93, 3.14]}, None, None
0.00, [DEBUG], logger, ROBOTS_CONFIG={'avg_speed': 0.15, 'battery_charge': 0.7179616530181877, 'battery_discharge_rate': 0.00076, 'id': 5, 'local_plan': [['navigation', ['IC Room 6', [[-13.5, 18.0, -1.57], [-13.5, 16.0], [-37.0, 16.0], [-37.0, 18.93], [-33.9, 18.93, 3.14]]], 'navto_room'], ['approach_person', ['nurse'], 'approach_nurse'], ['authenticate_person', ['nurse'], 'authenticate_nurse'], ['operate_drawer', ['open'], 'open_drawer_for_nurse'], ['send_message', ['nurse'], 'notify_nurse_of_open_drawer_for_nurse_completed'], ['wait_message', ['nurse'], 'wait_nurse_to_complete_deposit'], ['operate_drawer', ['close'], 'close_drawer_nurse'], ['navigation', ['Laboratory', [[-33.9, 18.93, 3.14], [-37.0, 18.93], [-37.0, 16.0], [-26.0, 16.0], [-26.0, 13.0, 1.57]]], 'navto_lab'], ['approach_robot', ['lab_arm'], 'approach_arm'], ['operate_drawer', ['open'], 'open_drawer_lab'], ['send_message', ['lab_arm'], 'notify_lab_arm_of_open_drawer_lab_completed'], ['wait_message', ['lab_arm'], 'wait_lab_arm_to_complete_pick_up_sample'], ['operate_drawer', ['close'], 'close_drawer_lab']], 'location': 'PC Room 7', 'name': 'r5', 'position': [-13.5, 18.0, -1.57], 'skills': ['approach_person', 'approach_robot', 'authenticate_person', 'navigation', 'operate_drawer']}, None, None
0.00, [DEBUG], logger, Simulation open, None, None
10.08, [INFO], robot5, {'y': 17.191, 'x': -13.474, 'yaw': -3.141}, None, None
10.08, [INFO], robot5, {'battery-level': '71.11'}, None, None
20.04, [INFO], robot5, {'battery-level': '70.35'}, None, None
20.04, [INFO], robot5, {'y': 16.014, 'x': -14.661, 'yaw': -3.141}, None, None
30.10, [INFO], robot5, {'y': 15.949, 'x': -16.786, 'yaw': 3.14}, None, None
30.10, [INFO], robot5, {'battery-level': '69.59'}, None, None
40.02, [INFO], robot5, {'y': 16.043, 'x': -18.871, 'yaw': -3.139}, None, None
40.02, [INFO], robot5, {'battery-level': '68.83'}, None, None
50.00, [INFO], robot5, {'battery-level': '68.07'}, None, None
50.00, [INFO], robot5, {'y': 16.19, 'x': -20.966, 'yaw': 3.141}, None, None
60.01, [INFO], robot5, {'battery-level': '67.31'}, None, None
60.01, [INFO], robot5, {'y': 16.119, 'x': -23.071, 'yaw': 3.142}, None, None
70.02, [INFO], robot5, {'battery-level': '66.55'}, None, None
70.02, [INFO], robot5, {'y': 16.136, 'x': -25.185, 'yaw': 3.141}, None, None
80.01, [INFO], robot5, {'y': 16.14, 'x': -27.285, 'yaw': -3.142}, None, None
80.01, [INFO], robot5, {'battery-level': '65.79'}, None, None
90.03, [INFO], robot5, {'battery-level': '65.03'}, None, None
90.03, [INFO], robot5, {'y': 16.197, 'x': -29.399, 'yaw': 3.142}, None, None
100.05, [INFO], robot5, {'battery-level': '64.27'}, None, None
100.05, [INFO], robot5, {'y': 15.998, 'x': -31.511, 'yaw': 3.141}, None, None
110.06, [INFO], robot5, {'battery-level': '63.51'}, None, None
110.06, [INFO], robot5, {'y': 15.591, 'x': -33.616, 'yaw': 3.141}, None, None
120.00, [INFO], robot5, {'battery-level': '62.75'}, None, None
120.00, [INFO], robot5, {'y': 15.501, 'x': -35.693, 'yaw': -3.141}, None, None
130.10, [INFO], robot5, {'battery-level': '61.99'}, None, None
130.10, [INFO], robot5, {'y': 16.815, 'x': -36.815, 'yaw': -3.142}, None, None
140.03, [INFO], robot5, {'y': 17.652, 'x': -36.808, 'yaw': -3.142}, None, None
140.03, [INFO], robot5, {'battery-level': '61.23'}, None, None
150.02, [INFO], robot5, {'battery-level': '60.47'}, None, None
150.02, [INFO], robot5, {'y': 17.689, 'x': -36.794, 'yaw': -3.142}, None, None
160.02, [INFO], robot5, {'y': 18.204, 'x': -35.656, 'yaw': 3.14}, None, None
160.02, [INFO], robot5, {'battery-level': '59.71'}, None, None
170.07, [INFO], robot5, {'battery-level': '58.95'}, None, None
170.07, [INFO], robot5, {'y': 18.188, 'x': -35.633, 'yaw': -3.136}, None, None
180.01, [INFO], robot5, {'battery-level': '58.19'}, None, None
180.01, [INFO], robot5, {'y': 18.091, 'x': -35.497, 'yaw': -3.141}, None, None
190.06, [INFO], robot5, {'y': 18.007, 'x': -35.375, 'yaw': 3.136}, None, None
190.06, [INFO], robot5, {'battery-level': '57.43'}, None, None
193.59, [WARN], robot5, SKILL-FAILURE, navigation, navto_room
200.07, [INFO], robot5, {'y': 18.007, 'x': -35.375, 'yaw': 3.136}, None, None
200.07, [INFO], robot5, {'battery-level': '56.67'}, None, None
