0.00, [INFO], robot6, {'battery-level': '54.08'}, None, None
0.00, [DEBUG], logger, ROBOTS_CONFIG={'avg_speed': 0.15, 'battery_charge': 0.5408465660492595, 'battery_discharge_rate': 0.00038, 'id': 6, 'local_plan': [['navigation', ['IC Room 2', [[-33.9, 18.93, 3.14], [-37.0, 18.93], [-37.0, 21.5], [-38.0, 21.5, 0.0]]], 'navto_room'], ['approach_person', ['nurse'], 'approach_nurse'], ['authenticate_person', ['nurse'], 'authenticate_nurse'], ['operate_drawer', ['open'], 'open_drawer_for_nurse'], ['send_message', ['nurse'], 'notify_nurse_of_open_drawer_for_nurse_completed'], ['wait_message', ['nurse'], 'wait_nurse_to_complete_deposit'], ['operate_drawer', ['close'], 'close_drawer_nurse'], ['navigation', ['Laboratory', [[-38.0, 21.5, 0.0], [-37.0, 21.5], [-37.0, 16.0], [-26.0, 16.0], [-26.0, 13.0, 1.57]]], 'navto_lab'], ['approach_robot', ['lab_arm'], 'approach_arm'], ['operate_drawer', ['open'], 'open_drawer_lab'], ['send_message', ['lab_arm'], 'notify_lab_arm_of_open_drawer_lab_completed'], ['wait_message', ['lab_arm'], 'wait_lab_arm_to_complete_pick_up_sample'], ['operate_drawer', ['close'], 'close_drawer_lab']], 'location': 'IC Room 6', 'name': 'r6', 'position': [-33.9, 18.93, 3.14], 'skills': ['approach_person', 'approach_robot', 'authenticate_person', 'navigation', 'operate_drawer']}, None, None
0.00, [DEBUG], logger, Simulation open, None, None
10.01, [INFO], robot6, {'battery-level': '53.74'}, None, None
10.01, [INFO], robot6, {'y': 18.257, 'x': -34.447, 'yaw': -3.142}, None, None
20.03, [INFO], robot6, {'battery-level': '53.36'}, None, None
20.03, [INFO], robot6, {'y': 18.159, 'x': -36.325, 'yaw': 3.141}, None, None
30.03, [INFO], robot6, {'y': 20.083, 'x': -36.853, 'yaw': 3.142}, None, None
30.03, [INFO], robot6, {'battery-level': '52.98'}, None, None
40.05, [INFO], robot6, {'y': 21.553, 'x': -37.866, 'yaw': 3.142}, None, None
40.05, [INFO], robot6, {'battery-level': '52.60'}, None, None
50.01, [INFO], robot6, {'battery-level': '52.22'}, None, None
50.01, [INFO], robot6, {'y': 21.447, 'x': -38.062, 'yaw': 3.142}, None, None
51.35, [info], nurse, sync, received-request, (status=sending-request)
51.35, [info], nurse, sync, request-sent, (status=waiting)
51.35, [info], nurse, sync, wait-message, (status=message-received)
60.01, [INFO], robot6, {'y': 20.579, 'x': -37.159, 'yaw': 3.141}, None, None
60.01, [INFO], robot6, {'battery-level': '51.84'}, None, None
70.03, [INFO], robot6, {'battery-level': '51.46'}, None, None
70.03, [INFO], robot6, {'y': 18.469, 'x': -37.128, 'yaw': -3.142}, None, None
80.05, [INFO], robot6, {'battery-level': '51.08'}, None, None
80.05, [INFO], robot6, {'y': 16.347, 'x': -37.037, 'yaw': 3.141}, None, None
90.04, [INFO], robot6, {'y': 15.522, 'x': -35.165, 'yaw': -3.142}, None, None
90.04, [INFO], robot6, {'battery-level': '50.70'}, None, None
100.09, [INFO], robot6, {'y': 15.509, 'x': -33.034, 'yaw': -3.141}, None, None
100.09, [INFO], robot6, {'battery-level': '50.32'}, None, None
110.00, [INFO], robot6, {'y': 15.533, 'x': -30.941, 'yaw': 3.14}, None, None
110.00, [INFO], robot6, {'battery-level': '49.94'}, None, None
120.09, [INFO], robot6, {'battery-level': '49.56'}, None, None
120.09, [INFO], robot6, {'y': 15.7, 'x': -28.806, 'yaw': 3.141}, None, None
130.03, [INFO], robot6, {'battery-level': '49.18'}, None, None
130.03, [INFO], robot6, {'y': 15.82, 'x': -26.714, 'yaw': 3.141}, None, None
140.08, [INFO], robot6, {'battery-level': '48.80'}, None, None
140.08, [INFO], robot6, {'y': 14.215, 'x': -25.736, 'yaw': -3.138}, None, None
150.01, [INFO], robot6, {'battery-level': '48.42'}, None, None
150.01, [INFO], robot6, {'y': 12.91, 'x': -25.925, 'yaw': 3.142}, None, None
159.05, [info], lab_arm, sync, wait-message, (status=message-received)
160.00, [INFO], robot6, {'y': 12.895, 'x': -25.985, 'yaw': 3.141}, None, None
160.00, [INFO], robot6, {'battery-level': '48.04'}, None, None
160.00, [WARN], robot6, SUCCESS, None, None
170.06, [INFO], robot6, {'battery-level': '47.66'}, None, None
170.06, [INFO], robot6, {'y': 12.895, 'x': -25.985, 'yaw': -3.142}, None, None
