0.00, [DEBUG], nurse, NURSE_CONFIG={'location': 'IC Room 2', 'position': [-38.0, 21.5, 0.0]}, None, None
0.00, [INFO], robot6, {'battery-level': '54.08'}, None, None
0.13, [DEBUG], logger, ROBOTS_CONFIG={'avg_speed': 0.15, 'battery_charge': 0.5408465660492595, 'battery_discharge_rate': 0.00038, 'id': 6, 'local_plan': [['navigation', ['IC Room 2', [[-33.9, 18.93, 3.14], [-37.0, 18.93], [-37.0, 21.5], [-38.0, 21.5, 0.0]]], 'navto_room'], ['approach_person', ['nurse'], 'approach_nurse'], ['authenticate_person', ['nurse'], 'authenticate_nurse'], ['operate_drawer', ['open'], 'open_drawer_for_nurse'], ['send_message', ['nurse'], 'notify_nurse_of_open_drawer_for_nurse_completed'], ['wait_message', ['nurse'], 'wait_nurse_to_complete_deposit'], ['operate_drawer', ['close'], 'close_drawer_nurse'], ['navigation', ['Laboratory', [[-38.0, 21.5, 0.0], [-37.0, 21.5], [-37.0, 16.0], [-26.0, 16.0], [-26.0, 13.0, 1.57]]], 'navto_lab'], ['approach_robot', ['lab_arm'], 'approach_arm'], ['operate_drawer', ['open'], 'open_drawer_lab'], ['send_message', ['lab_arm'], 'notify_lab_arm_of_open_drawer_lab_completed'], ['wait_message', ['lab_arm'], 'wait_lab_arm_to_complete_pick_up_sample'], ['operate_drawer', ['close'], 'close_drawer_lab']], 'location': 'IC Room 6', 'name': 'r6', 'position': [-33.9, 18.93, 3.14], 'skills': ['approach_person', 'approach_robot', 'authenticate_person', 'navigation', 'operate_drawer']}, None, None
0.13, [DEBUG], logger, Simulation open, None, None
10.08, [INFO], robot6, {'battery-level': '53.74'}, None, None
10.08, [INFO], robot6, {'y': 18.565, 'x': -34.313, 'yaw': 3.142}, None, None
20.08, [INFO], robot6, {'battery-level': '53.36'}, None, None
20.08, [INFO], robot6, {'y': 17.963, 'x': -36.058, 'yaw': -3.142}, None, None
30.08, [INFO], robot6, {'y': 19.741, 'x': -36.928, 'yaw': -3.139}, None, None
30.08, [INFO], robot6, {'battery-level': '52.98'}, None, None
40.08, [INFO], robot6, {'y': 21.531, 'x': -37.582, 'yaw': 3.141}, None, None
40.08, [INFO], robot6, {'battery-level': '52.60'}, None, None
50.05, [INFO], robot6, {'battery-level': '52.22'}, None, None
50.05, [INFO], robot6, {'y': 21.459, 'x': -38.086, 'yaw': -3.142}, None, None
55.46, [info], nurse, sync, received-request, (status=sending-request)
55.46, [info], nurse, sync, request-sent, (status=waiting)
55.46, [info], nurse, sync, wait-message, (status=message-received)
60.09, [INFO], robot6, {'battery-level': '51.84'}, None, None
60.09, [INFO], robot6, {'y': 21.36, 'x': -37.361, 'yaw': -3.142}, None, None
70.01, [INFO], robot6, {'battery-level': '51.46'}, None, None
70.01, [INFO], robot6, {'y': 19.315, 'x': -37.132, 'yaw': -3.142}, None, None
80.05, [INFO], robot6, {'battery-level': '51.08'}, None, None
80.05, [INFO], robot6, {'y': 17.187, 'x': -37.1, 'yaw': 3.141}, None, None
90.07, [INFO], robot6, {'y': 15.834, 'x': -35.816, 'yaw': -3.141}, None, None
90.07, [INFO], robot6, {'battery-level': '50.70'}, None, None
99.91, [INFO], robot6, {'y': 15.418, 'x': -33.76, 'yaw': -3.141}, None, None
100.00, [INFO], robot6, {'battery-level': '50.32'}, None, None
110.00, [INFO], robot6, {'y': 15.501, 'x': -31.635, 'yaw': -3.142}, None, None
110.00, [INFO], robot6, {'battery-level': '49.94'}, None, None
120.03, [INFO], robot6, {'y': 15.645, 'x': -29.526, 'yaw': -3.142}, None, None
120.03, [INFO], robot6, {'battery-level': '49.56'}, None, None
130.04, [INFO], robot6, {'battery-level': '49.18'}, None, None
130.04, [INFO], robot6, {'y': 15.744, 'x': -27.406, 'yaw': 3.142}, None, None
140.05, [INFO], robot6, {'battery-level': '48.80'}, None, None
140.05, [INFO], robot6, {'y': 14.93, 'x': -25.849, 'yaw': 3.141}, None, None
150.05, [INFO], robot6, {'battery-level': '48.42'}, None, None
150.05, [INFO], robot6, {'y': 13.01, 'x': -25.886, 'yaw': 3.141}, None, None
160.04, [INFO], robot6, {'battery-level': '48.04'}, None, None
160.04, [INFO], robot6, {'y': 12.905, 'x': -25.96, 'yaw': 3.142}, None, None
160.71, [info], lab_arm, sync, wait-message, (status=message-received)
161.67, [WARN], robot6, SUCCESS, None, None
170.05, [INFO], robot6, {'battery-level': '47.66'}, None, None
170.05, [INFO], robot6, {'y': 12.905, 'x': -25.96, 'yaw': -3.142}, None, None
