0.00, [DEBUG], logger, ROBOTS_CONFIG={'avg_speed': 0.15, 'battery_charge': 0.7179616530181877, 'battery_discharge_rate': 0.00076, 'id': 5, 'local_plan': [['navigation', ['PC Room 3', [[-33.9, 18.93, 3.14], [-37.0, 18.93], [-37.0, 16.0], [-28.5, 16.0], [-28.5, 18.0, -1.57]]], 'navto_room'], ['approach_person', ['nurse'], 'approach_nurse'], ['authenticate_person', ['nurse'], 'authenticate_nurse'], ['operate_drawer', ['open'], 'open_drawer_for_nurse'], ['send_message', ['nurse'], 'notify_nurse_of_open_drawer_for_nurse_completed'], ['wait_message', ['nurse'], 'wait_nurse_to_complete_deposit'], ['operate_drawer', ['close'], 'close_drawer_nurse'], ['navigation', ['Laboratory', [[-28.5, 18.0, -1.57], [-28.5, 16.0], [-26.0, 16.0], [-26.0, 13.0, 1.57]]], 'navto_lab'], ['approach_robot', ['lab_arm'], 'approach_arm'], ['operate_drawer', ['open'], 'open_drawer_lab'], ['send_message', ['lab_arm'], 'notify_lab_arm_of_open_drawer_lab_completed'], ['wait_message', ['lab_arm'], 'wait_lab_arm_to_complete_pick_up_sample'], ['operate_drawer', ['close'], 'close_drawer_lab']], 'location': 'IC Room 6', 'name': 'r5', 'position': [-33.9, 18.93, 3.14], 'skills': ['approach_person', 'approach_robot', 'authenticate_person', 'navigation', 'operate_drawer']}, None, None
0.00, [DEBUG], logger, Simulation open, None, None
10.08, [INFO], robot5, {'battery-level': '71.11'}, None, None
10.08, [INFO], robot5, {'y': 18.513, 'x': -34.326, 'yaw': 3.14}, None, None
20.07, [INFO], robot5, {'y': 17.912, 'x': -36.002, 'yaw': 3.142}, None, None
20.07, [INFO], robot5, {'battery-level': '70.35'}, None, None
30.09, [INFO], robot5, {'battery-level': '69.59'}, None, None
30.09, [INFO], robot5, {'y': 17.943, 'x': -36.053, 'yaw': -3.142}, None, None
40.01, [INFO], robot5, {'battery-level': '68.83'}, None, None
40.01, [INFO], robot5, {'y': 17.943, 'x': -36.053, 'yaw': -3.142}, None, None
50.02, [INFO], robot5, {'battery-level': '68.07'}, None, None
50.02, [INFO], robot5, {'y': 17.292, 'x': -36.999, 'yaw': 3.141}, None, None
60.01, [INFO], robot5, {'y': 17.377, 'x': -36.861, 'yaw': 3.141}, None, None
60.01, [INFO], robot5, {'battery-level': '67.31'}, None, None
70.07, [INFO], robot5, {'y': 17.391, 'x': -36.927, 'yaw': -3.142}, None, None
70.07, [INFO], robot5, {'battery-level': '66.55'}, None, None
80.05, [INFO], robot5, {'battery-level': '65.79'}, None, None
80.05, [INFO], robot5, {'y': 17.444, 'x': -36.878, 'yaw': 3.141}, None, None
90.06, [INFO], robot5, {'battery-level': '65.03'}, None, None
90.06, [INFO], robot5, {'y': 17.271, 'x': -36.873, 'yaw': -3.141}, None, None
100.10, [INFO], robot5, {'battery-level': '64.27'}, None, None
100.10, [INFO], robot5, {'y': 17.26, 'x': -37.278, 'yaw': 3.142}, None, None
110.05, [INFO], robot5, {'y': 17.478, 'x': -36.997, 'yaw': -3.142}, None, None
110.05, [INFO], robot5, {'battery-level': '63.51'}, None, None
120.05, [INFO], robot5, {'battery-level': '62.75'}, None, None
120.05, [INFO], robot5, {'y': 17.303, 'x': -36.857, 'yaw': 3.141}, None, None
130.05, [INFO], robot5, {'y': 17.334, 'x': -36.8, 'yaw': -3.142}, None, None
130.05, [INFO], robot5, {'battery-level': '61.99'}, None, None
140.00, [INFO], robot5, {'y': 17.344, 'x': -36.979, 'yaw': 3.141}, None, None
140.00, [INFO], robot5, {'battery-level': '61.23'}, None, None
150.05, [INFO], robot5, {'y': 17.386, 'x': -37.037, 'yaw': 3.14}, None, None
150.05, [INFO], robot5, {'battery-level': '60.47'}, None, None
160.08, [INFO], robot5, {'y': 17.337, 'x': -36.946, 'yaw': 3.141}, None, None
160.08, [INFO], robot5, {'battery-level': '59.71'}, None, None
164.54, [WARN], robot5, SKILL-FAILURE, navigation, navto_room
170.05, [INFO], robot5, {'y': 17.398, 'x': -36.855, 'yaw': 3.142}, None, None
170.05, [INFO], robot5, {'battery-level': '58.95'}, None, None
