0.00, [DEBUG], nurse, NURSE_CONFIG={'location': 'PC Room 3', 'position': [-28.5, 18.0, -1.57]}, None, None
0.00, [INFO], robot6, {'battery-level': '54.08'}, None, None
0.00, [DEBUG], logger, ROBOTS_CONFIG={'avg_speed': 0.15, 'battery_charge': 0.5408465660492595, 'battery_discharge_rate': 0.00038, 'id': 6, 'local_plan': [['navigation', ['PC Room 3', [[-27.23, 18.0, -1.57], [-27.23, 16.0], [-28.5, 16.0], [-28.5, 18.0, -1.57]]], 'navto_room'], ['approach_person', ['nurse'], 'approach_nurse'], ['authenticate_person', ['nurse'], 'authenticate_nurse'], ['operate_drawer', ['open'], 'open_drawer_for_nurse'], ['send_message', ['nurse'], 'notify_nurse_of_open_drawer_for_nurse_completed'], ['wait_message', ['nurse'], 'wait_nurse_to_complete_deposit'], ['operate_drawer', ['close'], 'close_drawer_nurse'], ['navigation', ['Laboratory', [[-28.5, 18.0, -1.57], [-28.5, 16.0], [-26.0, 16.0], [-26.0, 13.0, 1.57]]], 'navto_lab'], ['approach_robot', ['lab_arm'], 'approach_arm'], ['operate_drawer', ['open'], 'open_drawer_lab'], ['send_message', ['lab_arm'], 'notify_lab_arm_of_open_drawer_lab_completed'], ['wait_message', ['lab_arm'], 'wait_lab_arm_to_complete_pick_up_sample'], ['operate_drawer', ['close'], 'close_drawer_lab']], 'location': 'PC Room 4', 'name': 'r6', 'position': [-27.23, 18.0, -1.57], 'skills': ['approach_person', 'approach_robot', 'authenticate_person', 'navigation', 'operate_drawer']}, None, None
0.00, [DEBUG], logger, Simulation open, None, None
9.93, [INFO], robot6, {'battery-level': '53.74'}, None, None
10.03, [INFO], robot6, {'y': 17.647, 'x': -27.18, 'yaw': -3.141}, None, None
20.07, [INFO], robot6, {'battery-level': '53.36'}, None, None
20.07, [INFO], robot6, {'y': 16.436, 'x': -27.848, 'yaw': 3.141}, None, None
30.03, [INFO], robot6, {'battery-level': '52.98'}, None, None
30.03, [INFO], robot6, {'y': 17.38, 'x': -28.486, 'yaw': 3.142}, None, None
40.01, [INFO], robot6, {'y': 17.396, 'x': -28.771, 'yaw': -3.141}, None, None
40.01, [INFO], robot6, {'battery-level': '52.60'}, None, None
50.05, [INFO], robot6, {'battery-level': '52.22'}, None, None
50.05, [INFO], robot6, {'y': 17.422, 'x': -28.783, 'yaw': -3.142}, None, None
60.01, [INFO], robot6, {'battery-level': '51.84'}, None, None
60.01, [INFO], robot6, {'y': 17.38, 'x': -28.535, 'yaw': 3.141}, None, None
69.95, [INFO], robot6, {'battery-level': '51.46'}, None, None
70.05, [INFO], robot6, {'y': 17.531, 'x': -28.579, 'yaw': 3.141}, None, None
80.09, [INFO], robot6, {'y': 17.513, 'x': -28.495, 'yaw': -3.141}, None, None
80.09, [INFO], robot6, {'battery-level': '51.08'}, None, None
90.02, [INFO], robot6, {'battery-level': '50.70'}, None, None
90.02, [INFO], robot6, {'y': 17.546, 'x': -28.734, 'yaw': 3.141}, None, None
100.07, [INFO], robot6, {'y': 17.279, 'x': -28.488, 'yaw': -3.142}, None, None
100.07, [INFO], robot6, {'battery-level': '50.32'}, None, None
110.01, [INFO], robot6, {'battery-level': '49.94'}, None, None
110.01, [INFO], robot6, {'y': 17.431, 'x': -28.493, 'yaw': 3.14}, None, None
120.05, [INFO], robot6, {'battery-level': '49.56'}, None, None
120.05, [INFO], robot6, {'y': 17.542, 'x': -28.658, 'yaw': 3.141}, None, None
130.04, [INFO], robot6, {'y': 17.286, 'x': -28.78, 'yaw': 3.141}, None, None
130.04, [INFO], robot6, {'battery-level': '49.18'}, None, None
140.09, [INFO], robot6, {'battery-level': '48.80'}, None, None
140.09, [INFO], robot6, {'y': 17.532, 'x': -28.518, 'yaw': 3.141}, None, None
150.04, [INFO], robot6, {'battery-level': '48.42'}, None, None
150.04, [INFO], robot6, {'y': 17.53, 'x': -28.677, 'yaw': 3.141}, None, None
160.01, [INFO], robot6, {'battery-level': '48.04'}, None, None
160.01, [INFO], robot6, {'y': 17.297, 'x': -28.767, 'yaw': -3.141}, None, None
166.17, [WARN], robot6, SKILL-FAILURE, navigation, navto_room
170.04, [INFO], robot6, {'battery-level': '47.66'}, None, None
170.04, [INFO], robot6, {'y': 17.302, 'x': -28.823, 'yaw': -3.142}, None, None
