0.00, [DEBUG], logger, ROBOTS_CONFIG={'avg_speed': 0.15, 'battery_charge': 0.5408465660492595, 'battery_discharge_rate': 0.00038, 'id': 6, 'local_plan': [['navigation', ['IC Room 6', [[-32.88, 33.98, 3.14], [-37.0, 33.98], [-37.0, 18.93], [-33.9, 18.93, 3.14]]], 'navto_room'], ['approach_person', ['nurse'], 'approach_nurse'], ['authenticate_person', ['nurse'], 'authenticate_nurse'], ['operate_drawer', ['open'], 'open_drawer_for_nurse'], ['send_message', ['nurse'], 'notify_nurse_of_open_drawer_for_nurse_completed'], ['wait_message', ['nurse'], 'wait_nurse_to_complete_deposit'], ['operate_drawer', ['close'], 'close_drawer_nurse'], ['navigation', ['Laboratory', [[-33.9, 18.93, 3.14], [-37.0, 18.93], [-37.0, 16.0], [-26.0, 16.0], [-26.0, 13.0, 1.57]]], 'navto_lab'], ['approach_robot', ['lab_arm'], 'approach_arm'], ['operate_drawer', ['open'], 'open_drawer_lab'], ['send_message', ['lab_arm'], 'notify_lab_arm_of_open_drawer_lab_completed'], ['wait_message', ['lab_arm'], 'wait_lab_arm_to_complete_pick_up_sample'], ['operate_drawer', ['close'], 'close_drawer_lab']], 'location': 'IC Room 5', 'name': 'r6', 'position': [-32.88, 33.98, 3.14], 'skills': ['approach_person', 'approach_robot', 'authenticate_person', 'navigation', 'operate_drawer']}, None, None
0.00, [DEBUG], logger, Simulation open, None, None
10.06, [INFO], robot6, {'y': 34.19, 'x': -33.43, 'yaw': 3.141}, None, None
10.06, [INFO], robot6, {'battery-level': '53.74'}, None, None
20.02, [INFO], robot6, {'battery-level': '53.36'}, None, None
20.02, [INFO], robot6, {'y': 34.687, 'x': -35.46, 'yaw': 3.138}, None, None
30.09, [INFO], robot6, {'y': 33.486, 'x': -37.009, 'yaw': -3.142}, None, None
30.09, [INFO], robot6, {'battery-level': '52.98'}, None, None
40.07, [INFO], robot6, {'battery-level': '52.60'}, None, None
40.07, [INFO], robot6, {'y': 31.385, 'x': -36.997, 'yaw': -3.141}, None, None
50.02, [INFO], robot6, {'y': 29.292, 'x': -37.043, 'yaw': -3.142}, None, None
50.02, [INFO], robot6, {'battery-level': '52.22'}, None, None
60.06, [INFO], robot6, {'battery-level': '51.84'}, None, None
60.06, [INFO], robot6, {'y': 27.18, 'x': -36.987, 'yaw': 3.142}, None, None
70.01, [INFO], robot6, {'y': 25.086, 'x': -37.023, 'yaw': 3.142}, None, None
70.01, [INFO], robot6, {'battery-level': '51.46'}, None, None
80.08, [INFO], robot6, {'y': 22.965, 'x': -37.045, 'yaw': -3.142}, None, None
80.08, [INFO], robot6, {'battery-level': '51.08'}, None, None
90.00, [INFO], robot6, {'battery-level': '50.70'}, None, None
90.00, [INFO], robot6, {'y': 20.871, 'x': -37.116, 'yaw': 3.141}, None, None
100.06, [INFO], robot6, {'battery-level': '50.32'}, None, None
100.06, [INFO], robot6, {'y': 18.79, 'x': -36.818, 'yaw': 3.142}, None, None
110.02, [INFO], robot6, {'battery-level': '49.94'}, None, None
110.02, [INFO], robot6, {'y': 17.758, 'x': -35.033, 'yaw': 3.142}, None, None
120.07, [INFO], robot6, {'battery-level': '49.56'}, None, None
120.07, [INFO], robot6, {'y': 18.925, 'x': -33.912, 'yaw': -3.142}, None, None
125.01, [info], nurse, sync, received-request, (status=sending-request)
125.01, [info], nurse, sync, request-sent, (status=waiting)
125.01, [info], nurse, sync, wait-message, (status=message-received)
130.03, [INFO], robot6, {'battery-level': '49.18'}, None, None
130.03, [INFO], robot6, {'y': 18.409, 'x': -34.39, 'yaw': -3.141}, None, None
140.07, [INFO], robot6, {'battery-level': '48.80'}, None, None
140.07, [INFO], robot6, {'y': 17.885, 'x': -36.028, 'yaw': 3.141}, None, None
150.02, [INFO], robot6, {'battery-level': '48.42'}, None, None
150.02, [INFO], robot6, {'y': 17.915, 'x': -36.961, 'yaw': -3.142}, None, None
160.07, [INFO], robot6, {'battery-level': '48.04'}, None, None
160.07, [INFO], robot6, {'y': 17.27, 'x': -36.911, 'yaw': -3.141}, None, None
170.03, [INFO], robot6, {'battery-level': '47.66'}, None, None
170.03, [INFO], robot6, {'y': 17.454, 'x': -37.101, 'yaw': -3.142}, None, None
180.07, [INFO], robot6, {'y': 17.285, 'x': -37.024, 'yaw': 3.141}, None, None
180.07, [INFO], robot6, {'battery-level': '47.28'}, None, None
190.07, [INFO], robot6, {'battery-level': '46.90'}, None, None
190.07, [INFO], robot6, {'y': 17.433, 'x': -36.905, 'yaw': 3.141}, None, None
200.02, [INFO], robot6, {'y': 17.324, 'x': -36.855, 'yaw': 3.141}, None, None
200.02, [INFO], robot6, {'battery-level': '46.52'}, None, None
210.07, [INFO], robot6, {'y': 17.198, 'x': -36.97, 'yaw': 3.14}, None, None
210.07, [INFO], robot6, {'battery-level': '46.14'}, None, None
220.02, [INFO], robot6, {'battery-level': '45.76'}, None, None
220.02, [INFO], robot6, {'y': 17.332, 'x': -36.851, 'yaw': -3.141}, None, None
230.05, [INFO], robot6, {'battery-level': '45.38'}, None, None
230.05, [INFO], robot6, {'y': 17.352, 'x': -36.97, 'yaw': 3.141}, None, None
240.05, [INFO], robot6, {'battery-level': '45.00'}, None, None
240.05, [INFO], robot6, {'y': 17.271, 'x': -37.053, 'yaw': 3.142}, None, None
250.08, [INFO], robot6, {'y': 17.343, 'x': -36.949, 'yaw': -3.142}, None, None
250.08, [INFO], robot6, {'battery-level': '44.62'}, None, None
260.00, [INFO], robot6, {'battery-level': '44.24'}, None, None
260.00, [INFO], robot6, {'y': 17.373, 'x': -36.887, 'yaw': -3.142}, None, None
270.06, [INFO], robot6, {'battery-level': '43.86'}, None, None
270.06, [INFO], robot6, {'y': 17.312, 'x': -36.8, 'yaw': -3.142}, None, None
280.02, [INFO], robot6, {'battery-level': '43.48'}, None, None
280.02, [INFO], robot6, {'y': 17.464, 'x': -36.872, 'yaw': -3.142}, None, None
290.02, [INFO], robot6, {'battery-level': '43.10'}, None, None
290.02, [INFO], robot6, {'y': 17.46, 'x': -36.989, 'yaw': 3.141}, None, None
300.04, [INFO], robot6, {'battery-level': '42.72'}, None, None
300.04, [INFO], robot6, {'y': 17.377, 'x': -36.92, 'yaw': 3.142}, None, None
310.09, [INFO], robot6, {'y': 17.247, 'x': -36.853, 'yaw': -3.141}, None, None
310.09, [INFO], robot6, {'battery-level': '42.34'}, None, None
315.79, [WARN], robot6, SKILL-FAILURE, navigation, navto_lab
320.10, [INFO], robot6, {'y': 17.202, 'x': -36.834, 'yaw': -3.142}, None, None
320.10, [INFO], robot6, {'battery-level': '41.96'}, None, None
