0.00, [DEBUG], nurse, NURSE_CONFIG={'location': 'PC Room 3', 'position': [-28.5, 18.0, -1.57]}, None, None
0.00, [INFO], robot6, {'battery-level': '54.08'}, None, None
0.00, [DEBUG], logger, ROBOTS_CONFIG={'avg_speed': 0.15, 'battery_charge': 0.5408465660492595, 'battery_discharge_rate': 0.00038, 'id': 6, 'local_plan': [['navigation', ['PC Room 3', [[-27.23, 18.0, -1.57], [-27.23, 16.0], [-28.5, 16.0], [-28.5, 18.0, -1.57]]], 'navto_room'], ['approach_person', ['nurse'], 'approach_nurse'], ['authenticate_person', ['nurse'], 'authenticate_nurse'], ['operate_drawer', ['open'], 'open_drawer_for_nurse'], ['send_message', ['nurse'], 'notify_nurse_of_open_drawer_for_nurse_completed'], ['wait_message', ['nurse'], 'wait_nurse_to_complete_deposit'], ['operate_drawer', ['close'], 'close_drawer_nurse'], ['navigation', ['Laboratory', [[-28.5, 18.0, -1.57], [-28.5, 16.0], [-26.0, 16.0], [-26.0, 13.0, 1.57]]], 'navto_lab'], ['approach_robot', ['lab_arm'], 'approach_arm'], ['operate_drawer', ['open'], 'open_drawer_lab'], ['send_message', ['lab_arm'], 'notify_lab_arm_of_open_drawer_lab_completed'], ['wait_message', ['lab_arm'], 'wait_lab_arm_to_complete_pick_up_sample'], ['operate_drawer', ['close'], 'close_drawer_lab']], 'location': 'PC Room 4', 'name': 'r6', 'position': [-27.23, 18.0, -1.57], 'skills': ['approach_person', 'approach_robot', 'authenticate_person', 'navigation', 'operate_drawer']}, None, None
0.00, [DEBUG], logger, Simulation open, None, None
10.08, [INFO], robot6, {'battery-level': '53.74'}, None, None
10.08, [INFO], robot6, {'y': 17.942, 'x': -27.033, 'yaw': -3.141}, None, None
20.04, [INFO], robot6, {'y': 16.276, 'x': -27.623, 'yaw': 3.141}, None, None
20.04, [INFO], robot6, {'battery-level': '53.36'}, None, None
30.09, [INFO], robot6, {'battery-level': '52.98'}, None, None
30.09, [INFO], robot6, {'y': 17.706, 'x': -28.634, 'yaw': -3.141}, None, None
40.06, [INFO], robot6, {'battery-level': '52.60'}, None, None
40.06, [INFO], robot6, {'y': 17.973, 'x': -28.584, 'yaw': -3.142}, None, None
50.03, [INFO], robot6, {'y': 17.973, 'x': -28.584, 'yaw': 3.142}, None, None
50.03, [INFO], robot6, {'battery-level': '52.22'}, None, None
60.03, [INFO], robot6, {'battery-level': '51.84'}, None, None
60.03, [INFO], robot6, {'y': 17.972, 'x': -28.584, 'yaw': -3.142}, None, None
70.02, [INFO], robot6, {'battery-level': '51.46'}, None, None
70.02, [INFO], robot6, {'y': 17.972, 'x': -28.584, 'yaw': -3.142}, None, None
80.08, [INFO], robot6, {'battery-level': '51.08'}, None, None
80.08, [INFO], robot6, {'y': 17.972, 'x': -28.584, 'yaw': 3.142}, None, None
90.06, [INFO], robot6, {'y': 17.972, 'x': -28.584, 'yaw': -3.142}, None, None
90.06, [INFO], robot6, {'battery-level': '50.70'}, None, None
100.03, [INFO], robot6, {'y': 17.972, 'x': -28.584, 'yaw': -3.142}, None, None
100.03, [INFO], robot6, {'battery-level': '50.32'}, None, None
110.00, [INFO], robot6, {'y': 17.972, 'x': -28.584, 'yaw': -3.142}, None, None
110.00, [INFO], robot6, {'battery-level': '49.94'}, None, None
120.06, [INFO], robot6, {'y': 17.973, 'x': -28.584, 'yaw': 3.142}, None, None
120.06, [INFO], robot6, {'battery-level': '49.56'}, None, None
130.05, [INFO], robot6, {'battery-level': '49.18'}, None, None
130.05, [INFO], robot6, {'y': 17.973, 'x': -28.584, 'yaw': -3.142}, None, None
140.01, [INFO], robot6, {'y': 17.973, 'x': -28.584, 'yaw': -3.142}, None, None
140.01, [INFO], robot6, {'battery-level': '48.80'}, None, None
150.04, [INFO], robot6, {'y': 17.973, 'x': -28.584, 'yaw': -3.142}, None, None
150.04, [INFO], robot6, {'battery-level': '48.42'}, None, None
160.01, [INFO], robot6, {'battery-level': '48.04'}, None, None
160.01, [INFO], robot6, {'y': 17.973, 'x': -28.584, 'yaw': 3.142}, None, None
170.07, [INFO], robot6, {'battery-level': '47.66'}, None, None
170.07, [INFO], robot6, {'y': 17.973, 'x': -28.584, 'yaw': 3.142}, None, None
180.03, [INFO], robot6, {'y': 17.973, 'x': -28.584, 'yaw': -3.142}, None, None
180.03, [INFO], robot6, {'battery-level': '47.28'}, None, None
190.02, [INFO], robot6, {'y': 17.973, 'x': -28.584, 'yaw': -3.142}, None, None
190.02, [INFO], robot6, {'battery-level': '46.90'}, None, None
200.08, [INFO], robot6, {'battery-level': '46.52'}, None, None
200.08, [INFO], robot6, {'y': 17.973, 'x': -28.584, 'yaw': -3.142}, None, None
210.05, [INFO], robot6, {'battery-level': '46.14'}, None, None
210.05, [INFO], robot6, {'y': 17.973, 'x': -28.584, 'yaw': -3.142}, None, None
220.02, [INFO], robot6, {'battery-level': '45.76'}, None, None
220.02, [INFO], robot6, {'y': 17.974, 'x': -28.584, 'yaw': -3.142}, None, None
230.09, [INFO], robot6, {'y': 17.974, 'x': -28.584, 'yaw': 3.142}, None, None
230.09, [INFO], robot6, {'battery-level': '45.38'}, None, None
240.08, [INFO], robot6, {'battery-level': '45.00'}, None, None
240.08, [INFO], robot6, {'y': 17.974, 'x': -28.584, 'yaw': 3.142}, None, None
250.06, [INFO], robot6, {'y': 17.974, 'x': -28.584, 'yaw': -3.142}, None, None
250.06, [INFO], robot6, {'battery-level': '44.62'}, None, None
260.03, [INFO], robot6, {'y': 17.974, 'x': -28.584, 'yaw': -3.142}, None, None
260.03, [INFO], robot6, {'battery-level': '44.24'}, None, None
270.00, [INFO], robot6, {'battery-level': '43.86'}, None, None
270.00, [INFO], robot6, {'y': 17.974, 'x': -28.584, 'yaw': -3.142}, None, None
280.08, [INFO], robot6, {'y': 17.974, 'x': -28.584, 'yaw': -3.142}, None, None
280.08, [INFO], robot6, {'battery-level': '43.48'}, None, None
290.04, [INFO], robot6, {'battery-level': '43.10'}, None, None
290.04, [INFO], robot6, {'y': 17.974, 'x': -28.584, 'yaw': -3.142}, None, None
300.02, [INFO], robot6, {'y': 17.975, 'x': -28.584, 'yaw': -3.142}, None, None
300.02, [INFO], robot6, {'battery-level': '42.72'}, None, None
310.00, [INFO], robot6, {'y': 17.975, 'x': -28.584, 'yaw': 3.142}, None, None
310.00, [INFO], robot6, {'battery-level': '42.34'}, None, None
320.08, [INFO], robot6, {'battery-level': '41.96'}, None, None
320.08, [INFO], robot6, {'y': 17.975, 'x': -28.584, 'yaw': 3.142}, None, None
330.04, [INFO], robot6, {'y': 17.975, 'x': -28.584, 'yaw': -3.142}, None, None
330.04, [INFO], robot6, {'battery-level': '41.58'}, None, None
340.02, [INFO], robot6, {'battery-level': '41.20'}, None, None
340.02, [INFO], robot6, {'y': 17.975, 'x': -28.584, 'yaw': -3.142}, None, None
350.01, [INFO], robot6, {'battery-level': '40.82'}, None, None
350.01, [INFO], robot6, {'y': 17.975, 'x': -28.584, 'yaw': -3.142}, None, None
360.08, [INFO], robot6, {'y': 17.975, 'x': -28.584, 'yaw': -3.142}, None, None
360.08, [INFO], robot6, {'battery-level': '40.44'}, None, None
370.01, [INFO], robot6, {'battery-level': '40.06'}, None, None
370.01, [INFO], robot6, {'y': 17.975, 'x': -28.584, 'yaw': -3.142}, None, None
380.00, [INFO], robot6, {'y': 17.976, 'x': -28.584, 'yaw': -3.142}, None, None
380.00, [INFO], robot6, {'battery-level': '39.68'}, None, None
390.05, [INFO], robot6, {'y': 17.976, 'x': -28.584, 'yaw': -3.142}, None, None
390.05, [INFO], robot6, {'battery-level': '39.30'}, None, None
400.03, [INFO], robot6, {'y': 17.976, 'x': -28.584, 'yaw': -3.142}, None, None
400.03, [INFO], robot6, {'battery-level': '38.92'}, None, None
410.00, [INFO], robot6, {'battery-level': '38.54'}, None, None
410.00, [INFO], robot6, {'y': 17.976, 'x': -28.584, 'yaw': -3.142}, None, None
420.08, [INFO], robot6, {'battery-level': '38.16'}, None, None
420.08, [INFO], robot6, {'y': 17.976, 'x': -28.584, 'yaw': 3.142}, None, None
430.07, [INFO], robot6, {'battery-level': '37.78'}, None, None
430.07, [INFO], robot6, {'y': 17.976, 'x': -28.584, 'yaw': -3.142}, None, None
440.07, [INFO], robot6, {'y': 17.976, 'x': -28.584, 'yaw': -3.142}, None, None
440.07, [INFO], robot6, {'battery-level': '37.40'}, None, None
450.02, [INFO], robot6, {'battery-level': '37.02'}, None, None
450.02, [INFO], robot6, {'y': 17.976, 'x': -28.584, 'yaw': 3.142}, None, None
460.09, [INFO], robot6, {'y': 17.976, 'x': -28.584, 'yaw': 3.142}, None, None
460.09, [INFO], robot6, {'battery-level': '36.64'}, None, None
470.08, [INFO], robot6, {'battery-level': '36.26'}, None, None
470.08, [INFO], robot6, {'y': 17.977, 'x': -28.584, 'yaw': -3.142}, None, None
480.06, [INFO], robot6, {'y': 17.977, 'x': -28.584, 'yaw': -3.142}, None, None
480.06, [INFO], robot6, {'battery-level': '35.88'}, None, None
490.05, [INFO], robot6, {'y': 17.977, 'x': -28.585, 'yaw': 3.142}, None, None
490.05, [INFO], robot6, {'battery-level': '35.50'}, None, None
500.03, [INFO], robot6, {'y': 17.977, 'x': -28.585, 'yaw': -3.142}, None, None
500.03, [INFO], robot6, {'battery-level': '35.12'}, None, None
509.90, [INFO], robot6, {'y': 17.977, 'x': -28.585, 'yaw': -3.142}, None, None
510.00, [INFO], robot6, {'battery-level': '34.74'}, None, None
520.04, [INFO], robot6, {'battery-level': '34.36'}, None, None
520.04, [INFO], robot6, {'y': 17.977, 'x': -28.585, 'yaw': 3.142}, None, None
530.00, [INFO], robot6, {'battery-level': '33.98'}, None, None
530.00, [INFO], robot6, {'y': 17.977, 'x': -28.585, 'yaw': -3.142}, None, None
540.07, [INFO], robot6, {'y': 17.977, 'x': -28.585, 'yaw': -3.142}, None, None
540.07, [INFO], robot6, {'battery-level': '33.60'}, None, None
550.01, [INFO], robot6, {'y': 17.978, 'x': -28.585, 'yaw': -3.142}, None, None
550.01, [INFO], robot6, {'battery-level': '33.22'}, None, None
560.06, [INFO], robot6, {'y': 17.978, 'x': -28.585, 'yaw': 3.142}, None, None
560.06, [INFO], robot6, {'battery-level': '32.84'}, None, None
570.03, [INFO], robot6, {'y': 17.978, 'x': -28.585, 'yaw': -3.142}, None, None
570.03, [INFO], robot6, {'battery-level': '32.46'}, None, None
580.09, [INFO], robot6, {'y': 17.978, 'x': -28.585, 'yaw': 3.142}, None, None
580.09, [INFO], robot6, {'battery-level': '32.08'}, None, None
590.05, [INFO], robot6, {'y': 17.978, 'x': -28.585, 'yaw': 3.142}, None, None
590.05, [INFO], robot6, {'battery-level': '31.70'}, None, None
600.03, [INFO], robot6, {'battery-level': '31.32'}, None, None
600.03, [INFO], robot6, {'y': 17.978, 'x': -28.585, 'yaw': -3.142}, None, None
610.09, [INFO], robot6, {'y': 17.978, 'x': -28.585, 'yaw': 3.142}, None, None
610.09, [INFO], robot6, {'battery-level': '30.94'}, None, None
620.05, [INFO], robot6, {'y': 17.978, 'x': -28.585, 'yaw': -3.142}, None, None
620.05, [INFO], robot6, {'battery-level': '30.56'}, None, None
630.08, [INFO], robot6, {'battery-level': '30.18'}, None, None
630.08, [INFO], robot6, {'y': 17.978, 'x': -28.585, 'yaw': -3.142}, None, None
640.07, [INFO], robot6, {'y': 17.979, 'x': -28.585, 'yaw': -3.142}, None, None
640.07, [INFO], robot6, {'battery-level': '29.80'}, None, None
650.05, [INFO], robot6, {'battery-level': '29.42'}, None, None
650.05, [INFO], robot6, {'y': 17.979, 'x': -28.585, 'yaw': -3.142}, None, None
660.05, [INFO], robot6, {'battery-level': '29.04'}, None, None
660.05, [INFO], robot6, {'y': 17.979, 'x': -28.585, 'yaw': -3.142}, None, None
669.92, [INFO], robot6, {'battery-level': '28.66'}, None, None
670.02, [INFO], robot6, {'y': 17.979, 'x': -28.585, 'yaw': 3.142}, None, None
680.04, [INFO], robot6, {'battery-level': '28.28'}, None, None
680.04, [INFO], robot6, {'y': 17.979, 'x': -28.585, 'yaw': -3.142}, None, None
690.09, [INFO], robot6, {'y': 17.979, 'x': -28.585, 'yaw': -3.142}, None, None
690.09, [INFO], robot6, {'battery-level': '27.90'}, None, None
700.01, [INFO], robot6, {'battery-level': '27.52'}, None, None
700.01, [INFO], robot6, {'y': 17.979, 'x': -28.585, 'yaw': -3.142}, None, None
710.00, [INFO], robot6, {'battery-level': '27.14'}, None, None
710.00, [INFO], robot6, {'y': 17.979, 'x': -28.585, 'yaw': 3.142}, None, None
720.08, [INFO], robot6, {'battery-level': '26.76'}, None, None
720.08, [INFO], robot6, {'y': 17.98, 'x': -28.585, 'yaw': 3.142}, None, None
730.00, [INFO], robot6, {'y': 17.98, 'x': -28.585, 'yaw': -3.142}, None, None
730.00, [INFO], robot6, {'battery-level': '26.38'}, None, None
740.02, [INFO], robot6, {'y': 17.98, 'x': -28.585, 'yaw': -3.142}, None, None
740.02, [INFO], robot6, {'battery-level': '26.00'}, None, None
749.91, [INFO], robot6, {'y': 17.98, 'x': -28.585, 'yaw': 3.142}, None, None
750.01, [INFO], robot6, {'battery-level': '25.62'}, None, None
760.09, [INFO], robot6, {'y': 17.98, 'x': -28.585, 'yaw': -3.142}, None, None
760.09, [INFO], robot6, {'battery-level': '25.24'}, None, None
770.07, [INFO], robot6, {'battery-level': '24.86'}, None, None
770.07, [INFO], robot6, {'y': 17.98, 'x': -28.585, 'yaw': -3.142}, None, None
780.05, [INFO], robot6, {'y': 17.98, 'x': -28.585, 'yaw': -3.142}, None, None
780.05, [INFO], robot6, {'battery-level': '24.48'}, None, None
790.08, [INFO], robot6, {'y': 17.98, 'x': -28.585, 'yaw': -3.142}, None, None
790.08, [INFO], robot6, {'battery-level': '24.10'}, None, None
800.06, [INFO], robot6, {'y': 17.98, 'x': -28.585, 'yaw': 3.142}, None, None
800.06, [INFO], robot6, {'battery-level': '23.72'}, None, None
810.05, [INFO], robot6, {'battery-level': '23.34'}, None, None
810.05, [INFO], robot6, {'y': 17.981, 'x': -28.585, 'yaw': 3.142}, None, None
820.09, [INFO], robot6, {'y': 17.981, 'x': -28.585, 'yaw': -3.142}, None, None
820.09, [INFO], robot6, {'battery-level': '22.96'}, None, None
830.01, [INFO], robot6, {'y': 17.981, 'x': -28.585, 'yaw': -3.142}, None, None
830.01, [INFO], robot6, {'battery-level': '22.58'}, None, None
840.09, [INFO], robot6, {'battery-level': '22.20'}, None, None
840.09, [INFO], robot6, {'y': 17.981, 'x': -28.585, 'yaw': -3.142}, None, None
850.06, [INFO], robot6, {'battery-level': '21.82'}, None, None
850.06, [INFO], robot6, {'y': 17.981, 'x': -28.585, 'yaw': -3.142}, None, None

[WARN], logger, TIMEOUT, None, None
