0.00, [DEBUG], nurse, NURSE_CONFIG={'location': 'IC Room 6', 'position': [-33.9, 18.93, 3.14]}, None, None
0.00, [INFO], robot1, {'battery-level': '24.00'}, None, None
0.00, [DEBUG], logger, ROBOTS_CONFIG={'avg_speed': 0.15, 'battery_charge': 0.23995139509475963, 'battery_discharge_rate': 0.00068, 'id': 1, 'local_plan': [['navigation', ['IC Room 6', [[-11.5, 18.0, -1.57], [-11.5, 16.0], [-37.0, 16.0], [-37.0, 18.93], [-33.9, 18.93, 3.14]]], 'navto_room'], ['approach_person', ['nurse'], 'approach_nurse'], ['authenticate_person', ['nurse'], 'authenticate_nurse'], ['operate_drawer', ['open'], 'open_drawer_for_nurse'], ['send_message', ['nurse'], 'notify_nurse_of_open_drawer_for_nurse_completed'], ['wait_message', ['nurse'], 'wait_nurse_to_complete_deposit'], ['operate_drawer', ['close'], 'close_drawer_nurse'], ['navigation', ['Laboratory', [[-33.9, 18.93, 3.14], [-37.0, 18.93], [-37.0, 16.0], [-26.0, 16.0], [-26.0, 13.0, 1.57]]], 'navto_lab'], ['approach_robot', ['lab_arm'], 'approach_arm'], ['operate_drawer', ['open'], 'open_drawer_lab'], ['send_message', ['lab_arm'], 'notify_lab_arm_of_open_drawer_lab_completed'], ['wait_message', ['lab_arm'], 'wait_lab_arm_to_complete_pick_up_sample'], ['operate_drawer', ['close'], 'close_drawer_lab']], 'location': 'PC Room 8', 'name': 'r1', 'position': [-11.5, 18.0, -1.57], 'skills': ['approach_person', 'approach_robot', 'navigation', 'operate_drawer']}, None, None
0.00, [DEBUG], logger, Simulation open, None, None
10.05, [INFO], robot1, {'y': 18.0, 'x': -11.5, 'yaw': -3.142}, None, None
10.05, [INFO], robot1, {'battery-level': '23.38'}, None, None
20.03, [INFO], robot1, {'battery-level': '22.70'}, None, None
20.03, [INFO], robot1, {'y': 17.007, 'x': -11.725, 'yaw': 3.141}, None, None
30.09, [INFO], robot1, {'battery-level': '22.02'}, None, None
30.09, [INFO], robot1, {'y': 16.189, 'x': -13.061, 'yaw': 3.141}, None, None
40.09, [INFO], robot1, {'y': 16.142, 'x': -12.814, 'yaw': 3.142}, None, None
40.09, [INFO], robot1, {'battery-level': '21.34'}, None, None
50.02, [INFO], robot1, {'battery-level': '20.66'}, None, None
50.02, [INFO], robot1, {'y': 16.197, 'x': -12.885, 'yaw': -3.141}, None, None
60.06, [INFO], robot1, {'battery-level': '19.98'}, None, None
60.06, [INFO], robot1, {'y': 16.317, 'x': -13.095, 'yaw': 3.14}, None, None
70.09, [INFO], robot1, {'battery-level': '19.30'}, None, None
70.09, [INFO], robot1, {'y': 16.05, 'x': -12.895, 'yaw': -3.142}, None, None
80.06, [INFO], robot1, {'battery-level': '18.62'}, None, None
80.06, [INFO], robot1, {'y': 16.116, 'x': -13.066, 'yaw': -3.141}, None, None
90.04, [INFO], robot1, {'y': 16.176, 'x': -12.918, 'yaw': 3.141}, None, None
90.04, [INFO], robot1, {'battery-level': '17.94'}, None, None
100.10, [INFO], robot1, {'y': 16.052, 'x': -13.121, 'yaw': -3.142}, None, None
100.10, [INFO], robot1, {'battery-level': '17.26'}, None, None
110.01, [INFO], robot1, {'battery-level': '16.58'}, None, None
110.01, [INFO], robot1, {'y': 16.128, 'x': -13.13, 'yaw': -3.141}, None, None
120.06, [INFO], robot1, {'battery-level': '15.90'}, None, None
120.06, [INFO], robot1, {'y': 16.163, 'x': -12.745, 'yaw': 3.14}, None, None
130.01, [INFO], robot1, {'battery-level': '15.22'}, None, None
130.01, [INFO], robot1, {'y': 16.405, 'x': -13.143, 'yaw': 3.14}, None, None
140.07, [INFO], robot1, {'battery-level': '14.54'}, None, None
140.07, [INFO], robot1, {'y': 16.053, 'x': -12.989, 'yaw': -3.141}, None, None
150.07, [INFO], robot1, {'y': 16.231, 'x': -12.928, 'yaw': 3.14}, None, None
150.07, [INFO], robot1, {'battery-level': '13.86'}, None, None
160.09, [INFO], robot1, {'battery-level': '13.18'}, None, None
160.09, [INFO], robot1, {'y': 16.331, 'x': -13.05, 'yaw': 3.14}, None, None
166.11, [WARN], robot1, SKILL-FAILURE, navigation, navto_room
170.10, [INFO], robot1, {'y': 15.938, 'x': -12.958, 'yaw': 3.142}, None, None
170.10, [INFO], robot1, {'battery-level': '12.50'}, None, None
