0.00, [DEBUG], logger, ROBOTS_CONFIG={'avg_speed': 0.15, 'battery_charge': 0.17496190705907763, 'battery_discharge_rate': 0.00026000000000000003, 'id': 4, 'local_plan': [['navigation', ['IC Room 6', [[-39.44, 33.95, 0.0], [-37.0, 33.95], [-37.0, 18.93], [-33.9, 18.93, 3.14]]], 'navto_room'], ['approach_person', ['nurse'], 'approach_nurse'], ['authenticate_person', ['nurse'], 'authenticate_nurse'], ['operate_drawer', ['open'], 'open_drawer_for_nurse'], ['send_message', ['nurse'], 'notify_nurse_of_open_drawer_for_nurse_completed'], ['wait_message', ['nurse'], 'wait_nurse_to_complete_deposit'], ['operate_drawer', ['close'], 'close_drawer_nurse'], ['navigation', ['Laboratory', [[-33.9, 18.93, 3.14], [-37.0, 18.93], [-37.0, 16.0], [-26.0, 16.0], [-26.0, 13.0, 1.57]]], 'navto_lab'], ['approach_robot', ['lab_arm'], 'approach_arm'], ['operate_drawer', ['open'], 'open_drawer_lab'], ['send_message', ['lab_arm'], 'notify_lab_arm_of_open_drawer_lab_completed'], ['wait_message', ['lab_arm'], 'wait_lab_arm_to_complete_pick_up_sample'], ['operate_drawer', ['close'], 'close_drawer_lab']], 'location': 'IC Room 4', 'name': 'r4', 'position': [-39.44, 33.95, 0.0], 'skills': ['approach_person', 'approach_robot', 'authenticate_person', 'navigation', 'operate_drawer']}, None, None
0.00, [DEBUG], logger, Simulation open, None, None
10.00, [INFO], robot4, {'battery-level': '17.26'}, None, None
10.09, [INFO], robot4, {'y': 34.035, 'x': -39.091, 'yaw': 3.141}, None, None
20.05, [INFO], robot4, {'battery-level': '17.00'}, None, None
20.05, [INFO], robot4, {'y': 34.247, 'x': -37.207, 'yaw': 3.142}, None, None
30.09, [INFO], robot4, {'battery-level': '16.74'}, None, None
30.09, [INFO], robot4, {'y': 32.136, 'x': -37.018, 'yaw': 3.141}, None, None
40.03, [INFO], robot4, {'y': 30.036, 'x': -37.055, 'yaw': 3.141}, None, None
40.03, [INFO], robot4, {'battery-level': '16.48'}, None, None
50.07, [INFO], robot4, {'y': 27.917, 'x': -36.987, 'yaw': 3.14}, None, None
50.07, [INFO], robot4, {'battery-level': '16.22'}, None, None
60.09, [INFO], robot4, {'battery-level': '15.96'}, None, None
60.09, [INFO], robot4, {'y': 25.797, 'x': -37.007, 'yaw': 3.142}, None, None
70.04, [INFO], robot4, {'y': 23.684, 'x': -37.046, 'yaw': 3.141}, None, None
70.04, [INFO], robot4, {'battery-level': '15.70'}, None, None
80.07, [INFO], robot4, {'y': 21.56, 'x': -37.15, 'yaw': -3.142}, None, None
80.07, [INFO], robot4, {'battery-level': '15.44'}, None, None
90.00, [INFO], robot4, {'battery-level': '15.18'}, None, None
90.00, [INFO], robot4, {'y': 19.471, 'x': -37.095, 'yaw': 3.136}, None, None
100.04, [INFO], robot4, {'y': 17.836, 'x': -35.759, 'yaw': -3.137}, None, None
100.04, [INFO], robot4, {'battery-level': '14.92'}, None, None
110.06, [INFO], robot4, {'battery-level': '14.66'}, None, None
110.06, [INFO], robot4, {'y': 18.723, 'x': -34.113, 'yaw': -3.142}, None, None
118.67, [info], nurse, sync, received-request, (status=sending-request)
118.67, [info], nurse, sync, request-sent, (status=waiting)
118.67, [info], nurse, sync, wait-message, (status=message-received)
120.00, [INFO], robot4, {'battery-level': '14.40'}, None, None
120.00, [INFO], robot4, {'y': 18.974, 'x': -33.95, 'yaw': 3.141}, None, None
130.01, [INFO], robot4, {'battery-level': '14.14'}, None, None
130.01, [INFO], robot4, {'y': 17.73, 'x': -35.433, 'yaw': 3.141}, None, None
140.02, [INFO], robot4, {'y': 18.194, 'x': -36.488, 'yaw': 3.141}, None, None
140.02, [INFO], robot4, {'battery-level': '13.88'}, None, None
150.04, [INFO], robot4, {'y': 17.316, 'x': -36.896, 'yaw': 3.141}, None, None
150.04, [INFO], robot4, {'battery-level': '13.62'}, None, None
160.07, [INFO], robot4, {'y': 17.28, 'x': -36.863, 'yaw': -3.141}, None, None
160.07, [INFO], robot4, {'battery-level': '13.36'}, None, None
170.01, [INFO], robot4, {'battery-level': '13.10'}, None, None
170.01, [INFO], robot4, {'y': 17.418, 'x': -36.95, 'yaw': -3.141}, None, None
180.01, [INFO], robot4, {'battery-level': '12.84'}, None, None
180.01, [INFO], robot4, {'y': 17.357, 'x': -37.1, 'yaw': -3.142}, None, None
190.04, [INFO], robot4, {'y': 17.402, 'x': -36.974, 'yaw': 3.14}, None, None
190.04, [INFO], robot4, {'battery-level': '12.58'}, None, None
200.05, [INFO], robot4, {'battery-level': '12.32'}, None, None
200.05, [INFO], robot4, {'y': 17.28, 'x': -37.001, 'yaw': 3.141}, None, None
210.07, [INFO], robot4, {'y': 17.308, 'x': -36.816, 'yaw': 3.142}, None, None
210.07, [INFO], robot4, {'battery-level': '12.06'}, None, None
220.01, [INFO], robot4, {'battery-level': '11.80'}, None, None
220.01, [INFO], robot4, {'y': 17.512, 'x': -36.943, 'yaw': 3.141}, None, None
230.03, [INFO], robot4, {'y': 17.163, 'x': -37.082, 'yaw': 3.141}, None, None
230.03, [INFO], robot4, {'battery-level': '11.54'}, None, None
240.09, [INFO], robot4, {'battery-level': '11.28'}, None, None
240.09, [INFO], robot4, {'y': 17.464, 'x': -37.02, 'yaw': -3.142}, None, None
250.02, [INFO], robot4, {'battery-level': '11.02'}, None, None
250.02, [INFO], robot4, {'y': 17.314, 'x': -36.894, 'yaw': -3.142}, None, None
260.02, [INFO], robot4, {'y': 17.153, 'x': -37.052, 'yaw': 3.141}, None, None
260.02, [INFO], robot4, {'battery-level': '10.76'}, None, None
270.04, [INFO], robot4, {'battery-level': '10.50'}, None, None
270.04, [INFO], robot4, {'y': 17.389, 'x': -36.917, 'yaw': 3.141}, None, None
280.08, [INFO], robot4, {'y': 17.155, 'x': -36.773, 'yaw': -3.142}, None, None
280.08, [INFO], robot4, {'battery-level': '10.24'}, None, None
290.02, [INFO], robot4, {'battery-level': '9.98'}, None, None
290.02, [INFO], robot4, {'y': 17.369, 'x': -36.933, 'yaw': -3.141}, None, None
300.07, [INFO], robot4, {'battery-level': '9.72'}, None, None
300.07, [INFO], robot4, {'y': 17.203, 'x': -36.844, 'yaw': 3.141}, None, None
306.61, [WARN], robot4, SKILL-FAILURE, navigation, navto_lab
310.07, [INFO], robot4, {'y': 17.239, 'x': -36.865, 'yaw': -3.142}, None, None
310.07, [INFO], robot4, {'battery-level': '9.46'}, None, None
