0.00, [INFO], robot4, {'battery-level': '17.50'}, None, None
0.00, [DEBUG], logger, ROBOTS_CONFIG={'avg_speed': 0.15, 'battery_charge': 0.17496190705907763, 'battery_discharge_rate': 0.0006000000000000001, 'id': 4, 'local_plan': [['navigation', ['IC Room 6', [[-39.44, 33.95, 0.0], [-37.0, 33.95], [-37.0, 18.93], [-33.9, 18.93, 3.14]]], 'navto_room'], ['approach_person', ['nurse'], 'approach_nurse'], ['authenticate_person', ['nurse'], 'authenticate_nurse'], ['operate_drawer', ['open'], 'open_drawer_for_nurse'], ['send_message', ['nurse'], 'notify_nurse_of_open_drawer_for_nurse_completed'], ['wait_message', ['nurse'], 'wait_nurse_to_complete_deposit'], ['operate_drawer', ['close'], 'close_drawer_nurse'], ['navigation', ['Laboratory', [[-33.9, 18.93, 3.14], [-37.0, 18.93], [-37.0, 16.0], [-26.0, 16.0], [-26.0, 13.0, 1.57]]], 'navto_lab'], ['approach_robot', ['lab_arm'], 'approach_arm'], ['operate_drawer', ['open'], 'open_drawer_lab'], ['send_message', ['lab_arm'], 'notify_lab_arm_of_open_drawer_lab_completed'], ['wait_message', ['lab_arm'], 'wait_lab_arm_to_complete_pick_up_sample'], ['operate_drawer', ['close'], 'close_drawer_lab']], 'location': 'IC Room 4', 'name': 'r4', 'position': [-39.44, 33.95, 0.0], 'skills': ['approach_person', 'approach_robot', 'authenticate_person', 'navigation', 'operate_drawer']}, None, None
0.00, [DEBUG], logger, Simulation open, None, None
10.04, [INFO], robot4, {'battery-level': '16.96'}, None, None
10.04, [INFO], robot4, {'y': 34.032, 'x': -39.094, 'yaw': 3.142}, None, None
20.03, [INFO], robot4, {'battery-level': '16.36'}, None, None
20.03, [INFO], robot4, {'y': 34.253, 'x': -37.18, 'yaw': 3.141}, None, None
30.07, [INFO], robot4, {'y': 32.161, 'x': -37.045, 'yaw': 3.14}, None, None
30.07, [INFO], robot4, {'battery-level': '15.76'}, None, None
40.02, [INFO], robot4, {'battery-level': '15.16'}, None, None
40.02, [INFO], robot4, {'y': 30.047, 'x': -37.027, 'yaw': 3.141}, None, None
50.04, [INFO], robot4, {'y': 27.925, 'x': -37.004, 'yaw': 3.141}, None, None
50.04, [INFO], robot4, {'battery-level': '14.56'}, None, None
60.06, [INFO], robot4, {'battery-level': '13.96'}, None, None
60.06, [INFO], robot4, {'y': 25.82, 'x': -37.025, 'yaw': -3.142}, None, None
70.08, [INFO], robot4, {'y': 23.703, 'x': -37.001, 'yaw': 3.141}, None, None
70.08, [INFO], robot4, {'battery-level': '13.36'}, None, None
80.02, [INFO], robot4, {'battery-level': '12.76'}, None, None
80.02, [INFO], robot4, {'y': 21.606, 'x': -37.139, 'yaw': 3.141}, None, None
90.06, [INFO], robot4, {'y': 19.485, 'x': -37.002, 'yaw': 3.142}, None, None
90.06, [INFO], robot4, {'battery-level': '12.16'}, None, None
100.01, [INFO], robot4, {'y': 17.781, 'x': -35.782, 'yaw': 3.141}, None, None
100.01, [INFO], robot4, {'battery-level': '11.56'}, None, None
110.03, [INFO], robot4, {'battery-level': '10.96'}, None, None
110.03, [INFO], robot4, {'y': 18.712, 'x': -34.117, 'yaw': 3.142}, None, None
118.79, [info], nurse, sync, received-request, (status=sending-request)
118.79, [info], nurse, sync, request-sent, (status=waiting)
118.79, [info], nurse, sync, wait-message, (status=message-received)
120.04, [INFO], robot4, {'y': 18.952, 'x': -33.957, 'yaw': 3.141}, None, None
120.04, [INFO], robot4, {'battery-level': '10.36'}, None, None
130.03, [INFO], robot4, {'y': 17.754, 'x': -35.476, 'yaw': -3.141}, None, None
130.03, [INFO], robot4, {'battery-level': '9.76'}, None, None
140.06, [INFO], robot4, {'battery-level': '9.16'}, None, None
140.06, [INFO], robot4, {'y': 17.407, 'x': -37.04, 'yaw': -3.142}, None, None
149.95, [INFO], robot4, {'battery-level': '8.56'}, None, None
150.05, [INFO], robot4, {'y': 17.361, 'x': -36.91, 'yaw': -3.141}, None, None
160.07, [INFO], robot4, {'y': 17.455, 'x': -36.853, 'yaw': 3.142}, None, None
160.07, [INFO], robot4, {'battery-level': '7.96'}, None, None
170.02, [INFO], robot4, {'y': 17.378, 'x': -36.881, 'yaw': -3.142}, None, None
170.02, [INFO], robot4, {'battery-level': '7.36'}, None, None
180.09, [INFO], robot4, {'y': 17.35, 'x': -37.088, 'yaw': 3.141}, None, None
180.09, [INFO], robot4, {'battery-level': '6.76'}, None, None
190.02, [INFO], robot4, {'battery-level': '6.16'}, None, None
190.02, [INFO], robot4, {'y': 17.349, 'x': -36.905, 'yaw': -3.141}, None, None
200.01, [INFO], robot4, {'battery-level': '5.56'}, None, None
200.01, [INFO], robot4, {'y': 17.279, 'x': -36.919, 'yaw': 3.142}, None, None
210.05, [INFO], robot4, {'y': 17.43, 'x': -37.078, 'yaw': -3.142}, None, None
210.05, [WARN], robot4, LOWBATT, None, None
210.05, [WARN], None, end!, None, None
220.02, [INFO], robot4, {'y': 17.402, 'x': -36.864, 'yaw': -3.141}, None, None
230.04, [INFO], robot4, {'y': 17.401, 'x': -37.048, 'yaw': -3.141}, None, None
