0.00, [INFO], robot4, {'battery-level': '17.50'}, None, None
0.13, [DEBUG], logger, ROBOTS_CONFIG={'avg_speed': 0.15, 'battery_charge': 0.17496190705907763, 'battery_discharge_rate': 0.00026000000000000003, 'id': 4, 'local_plan': [['navigation', ['IC Room 2', [[-32.88, 33.98, 3.14], [-37.0, 33.98], [-37.0, 21.5], [-38.0, 21.5, 0.0]]], 'navto_room'], ['approach_person', ['nurse'], 'approach_nurse'], ['authenticate_person', ['nurse'], 'authenticate_nurse'], ['operate_drawer', ['open'], 'open_drawer_for_nurse'], ['send_message', ['nurse'], 'notify_nurse_of_open_drawer_for_nurse_completed'], ['wait_message', ['nurse'], 'wait_nurse_to_complete_deposit'], ['operate_drawer', ['close'], 'close_drawer_nurse'], ['navigation', ['Laboratory', [[-38.0, 21.5, 0.0], [-37.0, 21.5], [-37.0, 16.0], [-26.0, 16.0], [-26.0, 13.0, 1.57]]], 'navto_lab'], ['approach_robot', ['lab_arm'], 'approach_arm'], ['operate_drawer', ['open'], 'open_drawer_lab'], ['send_message', ['lab_arm'], 'notify_lab_arm_of_open_drawer_lab_completed'], ['wait_message', ['lab_arm'], 'wait_lab_arm_to_complete_pick_up_sample'], ['operate_drawer', ['close'], 'close_drawer_lab']], 'location': 'IC Room 5', 'name': 'r4', 'position': [-32.88, 33.98, 3.14], 'skills': ['approach_person', 'approach_robot', 'authenticate_person', 'navigation', 'operate_drawer']}, None, None
0.13, [DEBUG], logger, Simulation open, None, None
10.03, [INFO], robot4, {'battery-level': '17.26'}, None, None
10.03, [INFO], robot4, {'y': 34.391, 'x': -33.812, 'yaw': -3.142}, None, None
20.02, [INFO], robot4, {'battery-level': '17.00'}, None, None
20.02, [INFO], robot4, {'y': 34.599, 'x': -35.889, 'yaw': 3.142}, None, None
30.04, [INFO], robot4, {'battery-level': '16.74'}, None, None
30.04, [INFO], robot4, {'y': 33.077, 'x': -36.975, 'yaw': -3.142}, None, None
40.08, [INFO], robot4, {'y': 30.966, 'x': -37.044, 'yaw': -3.142}, None, None
40.08, [INFO], robot4, {'battery-level': '16.48'}, None, None
50.08, [INFO], robot4, {'y': 28.861, 'x': -37.033, 'yaw': -3.142}, None, None
50.08, [INFO], robot4, {'battery-level': '16.22'}, None, None
60.00, [INFO], robot4, {'battery-level': '15.96'}, None, None
60.00, [INFO], robot4, {'y': 26.779, 'x': -37.016, 'yaw': 3.141}, None, None
70.05, [INFO], robot4, {'y': 24.656, 'x': -37.02, 'yaw': 3.142}, None, None
70.05, [INFO], robot4, {'battery-level': '15.70'}, None, None
80.10, [INFO], robot4, {'battery-level': '15.44'}, None, None
80.10, [INFO], robot4, {'y': 22.532, 'x': -37.045, 'yaw': 3.141}, None, None
90.02, [INFO], robot4, {'battery-level': '15.18'}, None, None
90.02, [INFO], robot4, {'y': 21.209, 'x': -37.963, 'yaw': 3.141}, None, None
100.05, [INFO], robot4, {'y': 21.413, 'x': -38.1, 'yaw': 3.142}, None, None
100.05, [INFO], robot4, {'battery-level': '14.92'}, None, None
100.93, [info], nurse, sync, received-request, (status=sending-request)
100.93, [info], nurse, sync, request-sent, (status=waiting)
100.93, [info], nurse, sync, wait-message, (status=message-received)
110.08, [INFO], robot4, {'battery-level': '14.66'}, None, None
110.08, [INFO], robot4, {'y': 20.584, 'x': -37.185, 'yaw': -3.142}, None, None
120.03, [INFO], robot4, {'y': 18.473, 'x': -37.142, 'yaw': -3.142}, None, None
120.03, [INFO], robot4, {'battery-level': '14.40'}, None, None
130.01, [INFO], robot4, {'battery-level': '14.14'}, None, None
130.01, [INFO], robot4, {'y': 16.358, 'x': -37.032, 'yaw': 3.14}, None, None
140.03, [INFO], robot4, {'y': 15.544, 'x': -35.176, 'yaw': 3.141}, None, None
140.03, [INFO], robot4, {'battery-level': '13.88'}, None, None
149.94, [INFO], robot4, {'y': 15.487, 'x': -33.076, 'yaw': 3.142}, None, None
150.04, [INFO], robot4, {'battery-level': '13.62'}, None, None
160.05, [INFO], robot4, {'battery-level': '13.36'}, None, None
160.05, [INFO], robot4, {'y': 15.598, 'x': -30.961, 'yaw': 3.14}, None, None
170.05, [INFO], robot4, {'y': 15.789, 'x': -28.854, 'yaw': 3.141}, None, None
170.05, [INFO], robot4, {'battery-level': '13.10'}, None, None
180.01, [INFO], robot4, {'battery-level': '12.84'}, None, None
180.01, [INFO], robot4, {'y': 15.864, 'x': -26.764, 'yaw': -3.142}, None, None
190.01, [INFO], robot4, {'battery-level': '12.58'}, None, None
190.01, [INFO], robot4, {'y': 14.231, 'x': -25.797, 'yaw': -3.139}, None, None
200.07, [INFO], robot4, {'y': 12.887, 'x': -25.95, 'yaw': -3.142}, None, None
200.07, [INFO], robot4, {'battery-level': '12.32'}, None, None
203.69, [info], lab_arm, sync, wait-message, (status=message-received)
204.66, [WARN], robot4, SUCCESS, None, None
