0.00, [DEBUG], nurse, NURSE_CONFIG={'location': 'PC Room 3', 'position': [-28.5, 18.0, -1.57]}, None, None
0.00, [INFO], robot5, {'battery-level': '71.80'}, None, None
0.19, [DEBUG], logger, ROBOTS_CONFIG={'avg_speed': 0.15, 'battery_charge': 0.7179616530181877, 'battery_discharge_rate': 0.00042, 'id': 5, 'local_plan': [['navigation', ['PC Room 3', [[-33.9, 18.93, 3.14], [-37.0, 18.93], [-37.0, 16.0], [-28.5, 16.0], [-28.5, 18.0, -1.57]]], 'navto_room'], ['approach_person', ['nurse'], 'approach_nurse'], ['authenticate_person', ['nurse'], 'authenticate_nurse'], ['operate_drawer', ['open'], 'open_drawer_for_nurse'], ['send_message', ['nurse'], 'notify_nurse_of_open_drawer_for_nurse_completed'], ['wait_message', ['nurse'], 'wait_nurse_to_complete_deposit'], ['operate_drawer', ['close'], 'close_drawer_nurse'], ['navigation', ['Laboratory', [[-28.5, 18.0, -1.57], [-28.5, 16.0], [-26.0, 16.0], [-26.0, 13.0, 1.57]]], 'navto_lab'], ['approach_robot', ['lab_arm'], 'approach_arm'], ['operate_drawer', ['open'], 'open_drawer_lab'], ['send_message', ['lab_arm'], 'notify_lab_arm_of_open_drawer_lab_completed'], ['wait_message', ['lab_arm'], 'wait_lab_arm_to_complete_pick_up_sample'], ['operate_drawer', ['close'], 'close_drawer_lab']], 'location': 'IC Room 6', 'name': 'r5', 'position': [-33.9, 18.93, 3.14], 'skills': ['approach_person', 'authenticate_person', 'navigation', 'operate_drawer']}, None, None
0.19, [DEBUG], logger, Simulation open, None, None
10.03, [INFO], robot5, {'y': 18.698, 'x': -34.247, 'yaw': -3.142}, None, None
10.03, [INFO], robot5, {'battery-level': '71.42'}, None, None
20.00, [INFO], robot5, {'battery-level': '71.00'}, None, None
20.00, [INFO], robot5, {'y': 17.877, 'x': -35.919, 'yaw': 3.141}, None, None
30.04, [INFO], robot5, {'y': 17.3, 'x': -37.027, 'yaw': 3.141}, None, None
30.04, [INFO], robot5, {'battery-level': '70.58'}, None, None
40.07, [INFO], robot5, {'battery-level': '70.16'}, None, None
40.07, [INFO], robot5, {'y': 17.411, 'x': -36.858, 'yaw': 3.14}, None, None
50.08, [INFO], robot5, {'battery-level': '69.74'}, None, None
50.08, [INFO], robot5, {'y': 17.411, 'x': -36.851, 'yaw': 3.141}, None, None
60.06, [INFO], robot5, {'y': 17.244, 'x': -37.068, 'yaw': 3.141}, None, None
60.06, [INFO], robot5, {'battery-level': '69.32'}, None, None
70.09, [INFO], robot5, {'battery-level': '68.90'}, None, None
70.09, [INFO], robot5, {'y': 17.378, 'x': -36.909, 'yaw': -3.141}, None, None
80.05, [INFO], robot5, {'battery-level': '68.48'}, None, None
80.05, [INFO], robot5, {'y': 17.261, 'x': -36.94, 'yaw': 3.142}, None, None
90.09, [INFO], robot5, {'y': 17.287, 'x': -36.813, 'yaw': -3.142}, None, None
90.09, [INFO], robot5, {'battery-level': '68.06'}, None, None
100.06, [INFO], robot5, {'y': 17.42, 'x': -36.897, 'yaw': -3.142}, None, None
100.06, [INFO], robot5, {'battery-level': '67.64'}, None, None
110.01, [INFO], robot5, {'battery-level': '67.22'}, None, None
110.01, [INFO], robot5, {'y': 17.391, 'x': -37.02, 'yaw': -3.141}, None, None
120.09, [INFO], robot5, {'battery-level': '66.80'}, None, None
120.09, [INFO], robot5, {'y': 17.302, 'x': -36.83, 'yaw': -3.141}, None, None
130.00, [INFO], robot5, {'battery-level': '66.38'}, None, None
130.00, [INFO], robot5, {'y': 17.47, 'x': -37.091, 'yaw': -3.141}, None, None
140.08, [INFO], robot5, {'battery-level': '65.96'}, None, None
140.08, [INFO], robot5, {'y': 17.338, 'x': -36.812, 'yaw': 3.141}, None, None
150.02, [INFO], robot5, {'y': 17.366, 'x': -36.977, 'yaw': 3.142}, None, None
150.02, [INFO], robot5, {'battery-level': '65.54'}, None, None
160.03, [INFO], robot5, {'battery-level': '65.12'}, None, None
160.03, [INFO], robot5, {'y': 17.227, 'x': -36.892, 'yaw': 3.141}, None, None
167.92, [WARN], robot5, SKILL-FAILURE, navigation, navto_room
170.00, [INFO], robot5, {'battery-level': '64.70'}, None, None
170.00, [INFO], robot5, {'y': 17.229, 'x': -36.744, 'yaw': 3.142}, None, None
