0.00, [DEBUG], logger, ROBOTS_CONFIG={'avg_speed': 0.15, 'battery_charge': 0.17496190705907763, 'battery_discharge_rate': 0.00026000000000000003, 'id': 4, 'local_plan': [['navigation', ['IC Room 6', [[-39.44, 33.95, 0.0], [-37.0, 33.95], [-37.0, 18.93], [-33.9, 18.93, 3.14]]], 'navto_room'], ['approach_person', ['nurse'], 'approach_nurse'], ['authenticate_person', ['nurse'], 'authenticate_nurse'], ['operate_drawer', ['open'], 'open_drawer_for_nurse'], ['send_message', ['nurse'], 'notify_nurse_of_open_drawer_for_nurse_completed'], ['wait_message', ['nurse'], 'wait_nurse_to_complete_deposit'], ['operate_drawer', ['close'], 'close_drawer_nurse'], ['navigation', ['Laboratory', [[-33.9, 18.93, 3.14], [-37.0, 18.93], [-37.0, 16.0], [-26.0, 16.0], [-26.0, 13.0, 1.57]]], 'navto_lab'], ['approach_robot', ['lab_arm'], 'approach_arm'], ['operate_drawer', ['open'], 'open_drawer_lab'], ['send_message', ['lab_arm'], 'notify_lab_arm_of_open_drawer_lab_completed'], ['wait_message', ['lab_arm'], 'wait_lab_arm_to_complete_pick_up_sample'], ['operate_drawer', ['close'], 'close_drawer_lab']], 'location': 'IC Room 4', 'name': 'r4', 'position': [-39.44, 33.95, 0.0], 'skills': ['approach_person', 'approach_robot', 'authenticate_person', 'navigation', 'operate_drawer']}, None, None
0.00, [DEBUG], logger, Simulation open, None, None
10.02, [INFO], robot4, {'y': 34.002, 'x': -39.166, 'yaw': 3.141}, None, None
10.02, [INFO], robot4, {'battery-level': '17.26'}, None, None
20.08, [INFO], robot4, {'battery-level': '17.00'}, None, None
20.08, [INFO], robot4, {'y': 34.304, 'x': -37.21, 'yaw': 3.14}, None, None
30.04, [INFO], robot4, {'battery-level': '16.74'}, None, None
30.04, [INFO], robot4, {'y': 32.239, 'x': -37.044, 'yaw': 3.141}, None, None
40.00, [INFO], robot4, {'y': 30.125, 'x': -37.035, 'yaw': 3.14}, None, None
40.00, [INFO], robot4, {'battery-level': '16.48'}, None, None
50.05, [INFO], robot4, {'battery-level': '16.22'}, None, None
50.05, [INFO], robot4, {'y': 28.002, 'x': -36.989, 'yaw': 3.14}, None, None
60.01, [INFO], robot4, {'battery-level': '15.96'}, None, None
60.01, [INFO], robot4, {'y': 25.892, 'x': -37.015, 'yaw': 3.141}, None, None
70.06, [INFO], robot4, {'battery-level': '15.70'}, None, None
70.06, [INFO], robot4, {'y': 23.78, 'x': -37.004, 'yaw': 3.141}, None, None
80.02, [INFO], robot4, {'y': 21.672, 'x': -37.136, 'yaw': 3.141}, None, None
80.02, [INFO], robot4, {'battery-level': '15.44'}, None, None
90.07, [INFO], robot4, {'battery-level': '15.18'}, None, None
90.07, [INFO], robot4, {'y': 19.545, 'x': -37.081, 'yaw': 3.142}, None, None
100.03, [INFO], robot4, {'y': 17.879, 'x': -35.853, 'yaw': 3.141}, None, None
100.03, [INFO], robot4, {'battery-level': '14.92'}, None, None
110.07, [INFO], robot4, {'battery-level': '14.66'}, None, None
110.07, [INFO], robot4, {'y': 18.66, 'x': -34.166, 'yaw': 3.142}, None, None
118.79, [info], nurse, sync, received-request, (status=sending-request)
118.79, [info], nurse, sync, request-sent, (status=waiting)
118.79, [info], nurse, sync, wait-message, (status=message-received)
120.02, [INFO], robot4, {'battery-level': '14.40'}, None, None
120.02, [INFO], robot4, {'y': 18.973, 'x': -33.956, 'yaw': 3.141}, None, None
130.05, [INFO], robot4, {'battery-level': '14.14'}, None, None
130.05, [INFO], robot4, {'y': 17.735, 'x': -35.439, 'yaw': 3.141}, None, None
140.02, [INFO], robot4, {'y': 17.815, 'x': -36.977, 'yaw': -3.142}, None, None
140.02, [INFO], robot4, {'battery-level': '13.88'}, None, None
150.09, [INFO], robot4, {'battery-level': '13.62'}, None, None
150.09, [INFO], robot4, {'y': 17.352, 'x': -36.884, 'yaw': -3.141}, None, None
160.07, [INFO], robot4, {'y': 17.185, 'x': -36.817, 'yaw': -3.142}, None, None
160.07, [INFO], robot4, {'battery-level': '13.36'}, None, None
170.05, [INFO], robot4, {'battery-level': '13.10'}, None, None
170.05, [INFO], robot4, {'y': 17.471, 'x': -36.941, 'yaw': -3.141}, None, None
180.01, [INFO], robot4, {'y': 17.245, 'x': -36.876, 'yaw': 3.142}, None, None
180.01, [INFO], robot4, {'battery-level': '12.84'}, None, None
190.04, [INFO], robot4, {'y': 17.329, 'x': -36.81, 'yaw': -3.141}, None, None
190.04, [INFO], robot4, {'battery-level': '12.58'}, None, None
200.01, [INFO], robot4, {'battery-level': '12.32'}, None, None
200.01, [INFO], robot4, {'y': 17.389, 'x': -37.043, 'yaw': 3.141}, None, None
210.07, [INFO], robot4, {'y': 17.369, 'x': -36.905, 'yaw': 3.14}, None, None
210.07, [INFO], robot4, {'battery-level': '12.06'}, None, None
220.03, [INFO], robot4, {'y': 17.272, 'x': -36.856, 'yaw': 3.141}, None, None
220.03, [INFO], robot4, {'battery-level': '11.80'}, None, None
230.08, [INFO], robot4, {'y': 17.321, 'x': -36.916, 'yaw': 3.141}, None, None
230.08, [INFO], robot4, {'battery-level': '11.54'}, None, None
240.03, [INFO], robot4, {'y': 17.372, 'x': -36.895, 'yaw': 3.14}, None, None
240.03, [INFO], robot4, {'battery-level': '11.28'}, None, None
250.08, [INFO], robot4, {'battery-level': '11.02'}, None, None
250.08, [INFO], robot4, {'y': 17.291, 'x': -37.096, 'yaw': 3.141}, None, None
260.04, [INFO], robot4, {'y': 17.362, 'x': -36.93, 'yaw': -3.142}, None, None
260.04, [INFO], robot4, {'battery-level': '10.76'}, None, None
270.02, [INFO], robot4, {'battery-level': '10.50'}, None, None
270.02, [INFO], robot4, {'y': 17.367, 'x': -36.834, 'yaw': 3.141}, None, None
280.07, [INFO], robot4, {'battery-level': '10.24'}, None, None
280.07, [INFO], robot4, {'y': 17.427, 'x': -36.838, 'yaw': 3.141}, None, None
290.03, [INFO], robot4, {'y': 17.279, 'x': -36.747, 'yaw': -3.141}, None, None
290.03, [INFO], robot4, {'battery-level': '9.98'}, None, None
300.08, [INFO], robot4, {'battery-level': '9.72'}, None, None
300.08, [INFO], robot4, {'y': 17.227, 'x': -37.054, 'yaw': -3.142}, None, None
310.03, [INFO], robot4, {'y': 17.319, 'x': -36.883, 'yaw': 3.142}, None, None
310.03, [INFO], robot4, {'battery-level': '9.46'}, None, None
316.76, [WARN], robot4, SKILL-FAILURE, navigation, navto_lab
320.06, [INFO], robot4, {'y': 17.251, 'x': -37.088, 'yaw': 3.142}, None, None
320.06, [INFO], robot4, {'battery-level': '9.20'}, None, None
330.05, [INFO], robot4, {'battery-level': '8.94'}, None, None
330.05, [INFO], robot4, {'y': 17.25, 'x': -37.088, 'yaw': -3.142}, None, None
340.05, [INFO], robot4, {'battery-level': '8.68'}, None, None
340.05, [INFO], robot4, {'y': 17.25, 'x': -37.088, 'yaw': 3.142}, None, None
