0.00, [INFO], robot2, {'battery-level': '63.50'}, None, None
0.00, [DEBUG], logger, ROBOTS_CONFIG={'avg_speed': 0.15, 'battery_charge': 0.634952869577942, 'battery_discharge_rate': 0.0006000000000000001, 'id': 2, 'local_plan': [['navigation', ['IC Room 6', [[-19.0, 18.0, -1.57], [-19.0, 16.0], [-37.0, 16.0], [-37.0, 18.93], [-33.9, 18.93, 3.14]]], 'navto_room'], ['approach_person', ['nurse'], 'approach_nurse'], ['authenticate_person', ['nurse'], 'authenticate_nurse'], ['operate_drawer', ['open'], 'open_drawer_for_nurse'], ['send_message', ['nurse'], 'notify_nurse_of_open_drawer_for_nurse_completed'], ['wait_message', ['nurse'], 'wait_nurse_to_complete_deposit'], ['operate_drawer', ['close'], 'close_drawer_nurse'], ['navigation', ['Laboratory', [[-33.9, 18.93, 3.14], [-37.0, 18.93], [-37.0, 16.0], [-26.0, 16.0], [-26.0, 13.0, 1.57]]], 'navto_lab'], ['approach_robot', ['lab_arm'], 'approach_arm'], ['operate_drawer', ['open'], 'open_drawer_lab'], ['send_message', ['lab_arm'], 'notify_lab_arm_of_open_drawer_lab_completed'], ['wait_message', ['lab_arm'], 'wait_lab_arm_to_complete_pick_up_sample'], ['operate_drawer', ['close'], 'close_drawer_lab']], 'location': 'PC Room 6', 'name': 'r2', 'position': [-19.0, 18.0, -1.57], 'skills': ['approach_person', 'approach_robot', 'authenticate_person', 'navigation', 'operate_drawer']}, None, None
0.00, [DEBUG], logger, Simulation open, None, None
10.09, [INFO], robot2, {'y': 17.094, 'x': -19.345, 'yaw': 3.141}, None, None
10.09, [INFO], robot2, {'battery-level': '62.96'}, None, None
20.08, [INFO], robot2, {'y': 16.169, 'x': -20.607, 'yaw': 3.138}, None, None
20.08, [INFO], robot2, {'battery-level': '62.36'}, None, None
30.06, [INFO], robot2, {'battery-level': '61.76'}, None, None
30.06, [INFO], robot2, {'y': 16.094, 'x': -22.723, 'yaw': 3.142}, None, None
40.04, [INFO], robot2, {'y': 16.089, 'x': -24.831, 'yaw': -3.141}, None, None
40.04, [INFO], robot2, {'battery-level': '61.16'}, None, None
50.00, [INFO], robot2, {'battery-level': '60.56'}, None, None
50.00, [INFO], robot2, {'y': 16.129, 'x': -26.937, 'yaw': -3.141}, None, None
60.08, [INFO], robot2, {'battery-level': '59.96'}, None, None
60.08, [INFO], robot2, {'y': 16.247, 'x': -29.049, 'yaw': 3.141}, None, None
70.02, [INFO], robot2, {'y': 16.08, 'x': -31.149, 'yaw': 3.141}, None, None
70.02, [INFO], robot2, {'battery-level': '59.36'}, None, None
80.08, [INFO], robot2, {'battery-level': '58.76'}, None, None
80.08, [INFO], robot2, {'y': 15.632, 'x': -33.248, 'yaw': 3.142}, None, None
90.00, [INFO], robot2, {'battery-level': '58.16'}, None, None
90.00, [INFO], robot2, {'y': 15.462, 'x': -35.328, 'yaw': -3.142}, None, None
100.05, [INFO], robot2, {'battery-level': '57.56'}, None, None
100.05, [INFO], robot2, {'y': 16.611, 'x': -36.64, 'yaw': -3.141}, None, None
110.03, [INFO], robot2, {'battery-level': '56.96'}, None, None
110.03, [INFO], robot2, {'y': 17.643, 'x': -36.725, 'yaw': -3.142}, None, None
120.08, [INFO], robot2, {'y': 18.319, 'x': -35.728, 'yaw': 3.142}, None, None
120.08, [INFO], robot2, {'battery-level': '56.36'}, None, None
130.01, [INFO], robot2, {'battery-level': '55.76'}, None, None
130.01, [INFO], robot2, {'y': 18.298, 'x': -35.698, 'yaw': -3.136}, None, None
139.90, [INFO], robot2, {'battery-level': '55.16'}, None, None
139.90, [INFO], robot2, {'y': 18.04, 'x': -35.612, 'yaw': -3.139}, None, None
150.06, [INFO], robot2, {'y': 18.146, 'x': -35.706, 'yaw': 3.141}, None, None
150.06, [INFO], robot2, {'battery-level': '54.56'}, None, None
160.00, [INFO], robot2, {'battery-level': '53.96'}, None, None
160.00, [INFO], robot2, {'y': 18.221, 'x': -35.659, 'yaw': -3.142}, None, None
161.55, [WARN], robot2, SKILL-FAILURE, navigation, navto_room
170.01, [INFO], robot2, {'battery-level': '53.36'}, None, None
170.01, [INFO], robot2, {'y': 18.219, 'x': -35.656, 'yaw': -3.142}, None, None
