0.00, [DEBUG], logger, ROBOTS_CONFIG={'avg_speed': 0.15, 'battery_charge': 0.17496190705907763, 'battery_discharge_rate': 0.00026000000000000003, 'id': 4, 'local_plan': [['navigation', ['IC Room 6', [[-39.44, 33.95, 0.0], [-37.0, 33.95], [-37.0, 18.93], [-33.9, 18.93, 3.14]]], 'navto_room'], ['approach_person', ['nurse'], 'approach_nurse'], ['authenticate_person', ['nurse'], 'authenticate_nurse'], ['operate_drawer', ['open'], 'open_drawer_for_nurse'], ['send_message', ['nurse'], 'notify_nurse_of_open_drawer_for_nurse_completed'], ['wait_message', ['nurse'], 'wait_nurse_to_complete_deposit'], ['operate_drawer', ['close'], 'close_drawer_nurse'], ['navigation', ['Laboratory', [[-33.9, 18.93, 3.14], [-37.0, 18.93], [-37.0, 16.0], [-26.0, 16.0], [-26.0, 13.0, 1.57]]], 'navto_lab'], ['approach_robot', ['lab_arm'], 'approach_arm'], ['operate_drawer', ['open'], 'open_drawer_lab'], ['send_message', ['lab_arm'], 'notify_lab_arm_of_open_drawer_lab_completed'], ['wait_message', ['lab_arm'], 'wait_lab_arm_to_complete_pick_up_sample'], ['operate_drawer', ['close'], 'close_drawer_lab']], 'location': 'IC Room 4', 'name': 'r4', 'position': [-39.44, 33.95, 0.0], 'skills': ['approach_person', 'approach_robot', 'authenticate_person', 'navigation', 'operate_drawer']}, None, None
0.00, [DEBUG], logger, Simulation open, None, None
10.08, [INFO], robot4, {'y': 34.2, 'x': -38.802, 'yaw': 3.141}, None, None
10.08, [INFO], robot4, {'battery-level': '17.26'}, None, None
20.03, [INFO], robot4, {'y': 33.931, 'x': -37.056, 'yaw': -3.142}, None, None
20.03, [INFO], robot4, {'battery-level': '17.00'}, None, None
30.08, [INFO], robot4, {'y': 31.819, 'x': -37.035, 'yaw': 3.14}, None, None
30.08, [INFO], robot4, {'battery-level': '16.74'}, None, None
40.01, [INFO], robot4, {'y': 29.713, 'x': -37.011, 'yaw': 3.141}, None, None
40.01, [INFO], robot4, {'battery-level': '16.48'}, None, None
50.06, [INFO], robot4, {'battery-level': '16.22'}, None, None
50.06, [INFO], robot4, {'y': 27.584, 'x': -36.994, 'yaw': 3.136}, None, None
60.09, [INFO], robot4, {'y': 25.457, 'x': -37.0, 'yaw': -3.142}, None, None
60.09, [INFO], robot4, {'battery-level': '15.96'}, None, None
70.02, [INFO], robot4, {'battery-level': '15.70'}, None, None
70.02, [INFO], robot4, {'y': 23.351, 'x': -36.999, 'yaw': 3.142}, None, None
80.05, [INFO], robot4, {'battery-level': '15.44'}, None, None
80.05, [INFO], robot4, {'y': 21.243, 'x': -37.1, 'yaw': 3.142}, None, None
90.06, [INFO], robot4, {'y': 19.127, 'x': -36.961, 'yaw': 3.136}, None, None
90.06, [INFO], robot4, {'battery-level': '15.18'}, None, None
100.02, [INFO], robot4, {'y': 17.597, 'x': -35.489, 'yaw': 3.139}, None, None
100.02, [INFO], robot4, {'battery-level': '14.92'}, None, None
110.03, [INFO], robot4, {'battery-level': '14.66'}, None, None
110.03, [INFO], robot4, {'y': 18.768, 'x': -34.028, 'yaw': 3.142}, None, None
117.64, [info], nurse, sync, received-request, (status=sending-request)
117.64, [info], nurse, sync, request-sent, (status=waiting)
117.64, [info], nurse, sync, wait-message, (status=message-received)
120.04, [INFO], robot4, {'battery-level': '14.40'}, None, None
120.04, [INFO], robot4, {'y': 18.869, 'x': -34.135, 'yaw': 3.142}, None, None
130.07, [INFO], robot4, {'y': 17.76, 'x': -35.75, 'yaw': 3.139}, None, None
130.07, [INFO], robot4, {'battery-level': '14.14'}, None, None
140.09, [INFO], robot4, {'battery-level': '13.88'}, None, None
140.09, [INFO], robot4, {'y': 17.932, 'x': -36.103, 'yaw': -3.142}, None, None
150.01, [INFO], robot4, {'battery-level': '13.62'}, None, None
150.01, [INFO], robot4, {'y': 17.932, 'x': -36.103, 'yaw': 3.142}, None, None
160.09, [INFO], robot4, {'battery-level': '13.36'}, None, None
160.09, [INFO], robot4, {'y': 17.272, 'x': -36.906, 'yaw': 3.142}, None, None
170.03, [INFO], robot4, {'battery-level': '13.10'}, None, None
170.03, [INFO], robot4, {'y': 17.35, 'x': -36.976, 'yaw': 3.142}, None, None
180.06, [INFO], robot4, {'y': 17.234, 'x': -36.8, 'yaw': 3.142}, None, None
180.06, [INFO], robot4, {'battery-level': '12.84'}, None, None
190.04, [INFO], robot4, {'y': 17.276, 'x': -36.812, 'yaw': 3.142}, None, None
190.04, [INFO], robot4, {'battery-level': '12.58'}, None, None
200.05, [INFO], robot4, {'battery-level': '12.32'}, None, None
200.05, [INFO], robot4, {'y': 17.196, 'x': -36.986, 'yaw': 3.14}, None, None
210.07, [INFO], robot4, {'battery-level': '12.06'}, None, None
210.07, [INFO], robot4, {'y': 17.544, 'x': -37.053, 'yaw': -3.142}, None, None
220.09, [INFO], robot4, {'battery-level': '11.80'}, None, None
220.09, [INFO], robot4, {'y': 17.254, 'x': -37.106, 'yaw': -3.142}, None, None
230.02, [INFO], robot4, {'battery-level': '11.54'}, None, None
230.02, [INFO], robot4, {'y': 17.248, 'x': -36.935, 'yaw': 3.141}, None, None
240.06, [INFO], robot4, {'y': 17.488, 'x': -36.881, 'yaw': 3.141}, None, None
240.06, [INFO], robot4, {'battery-level': '11.28'}, None, None
250.07, [INFO], robot4, {'y': 17.25, 'x': -37.131, 'yaw': 3.142}, None, None
250.07, [INFO], robot4, {'battery-level': '11.02'}, None, None
259.92, [INFO], robot4, {'y': 17.23, 'x': -37.014, 'yaw': 3.141}, None, None
260.02, [INFO], robot4, {'battery-level': '10.76'}, None, None
270.05, [INFO], robot4, {'y': 17.362, 'x': -36.87, 'yaw': -3.141}, None, None
270.05, [INFO], robot4, {'battery-level': '10.50'}, None, None
280.09, [INFO], robot4, {'y': 17.309, 'x': -36.957, 'yaw': 3.142}, None, None
280.09, [INFO], robot4, {'battery-level': '10.24'}, None, None
290.02, [INFO], robot4, {'battery-level': '9.98'}, None, None
290.02, [INFO], robot4, {'y': 17.373, 'x': -36.887, 'yaw': 3.142}, None, None
299.98, [INFO], robot4, {'battery-level': '9.72'}, None, None
300.08, [INFO], robot4, {'y': 17.276, 'x': -37.077, 'yaw': -3.141}, None, None
300.74, [WARN], robot4, SKILL-FAILURE, navigation, navto_lab
310.04, [INFO], robot4, {'y': 17.237, 'x': -37.051, 'yaw': -3.142}, None, None
310.04, [INFO], robot4, {'battery-level': '9.46'}, None, None
320.07, [INFO], robot4, {'y': 17.237, 'x': -37.051, 'yaw': -3.142}, None, None
320.07, [INFO], robot4, {'battery-level': '9.20'}, None, None
