0.00, [DEBUG], nurse, NURSE_CONFIG={'location': 'IC Room 2', 'position': [-38.0, 21.5, 0.0]}, None, None
0.00, [INFO], robot6, {'battery-level': '54.08'}, None, None
0.00, [DEBUG], logger, ROBOTS_CONFIG={'avg_speed': 0.15, 'battery_charge': 0.5408465660492595, 'battery_discharge_rate': 0.0005200000000000001, 'id': 6, 'local_plan': [['navigation', ['IC Room 2', [[-33.9, 18.93, 3.14], [-37.0, 18.93], [-37.0, 21.5], [-38.0, 21.5, 0.0]]], 'navto_room'], ['approach_person', ['nurse'], 'approach_nurse'], ['authenticate_person', ['nurse'], 'authenticate_nurse'], ['operate_drawer', ['open'], 'open_drawer_for_nurse'], ['send_message', ['nurse'], 'notify_nurse_of_open_drawer_for_nurse_completed'], ['wait_message', ['nurse'], 'wait_nurse_to_complete_deposit'], ['operate_drawer', ['close'], 'close_drawer_nurse'], ['navigation', ['Laboratory', [[-38.0, 21.5, 0.0], [-37.0, 21.5], [-37.0, 16.0], [-26.0, 16.0], [-26.0, 13.0, 1.57]]], 'navto_lab'], ['approach_robot', ['lab_arm'], 'approach_arm'], ['operate_drawer', ['open'], 'open_drawer_lab'], ['send_message', ['lab_arm'], 'notify_lab_arm_of_open_drawer_lab_completed'], ['wait_message', ['lab_arm'], 'wait_lab_arm_to_complete_pick_up_sample'], ['operate_drawer', ['close'], 'close_drawer_lab']], 'location': 'IC Room 6', 'name': 'r6', 'position': [-33.9, 18.93, 3.14], 'skills': ['approach_person', 'approach_robot', 'authenticate_person', 'navigation', 'operate_drawer']}, None, None
0.00, [DEBUG], logger, Simulation open, None, None
10.06, [INFO], robot6, {'battery-level': '53.62'}, None, None
10.06, [INFO], robot6, {'y': 18.613, 'x': -34.287, 'yaw': 3.141}, None, None
20.08, [INFO], robot6, {'y': 17.869, 'x': -35.966, 'yaw': 3.139}, None, None
20.08, [INFO], robot6, {'battery-level': '53.10'}, None, None
30.08, [INFO], robot6, {'battery-level': '52.58'}, None, None
30.08, [INFO], robot6, {'y': 19.635, 'x': -36.895, 'yaw': 3.141}, None, None
40.08, [INFO], robot6, {'battery-level': '52.06'}, None, None
40.08, [INFO], robot6, {'y': 21.495, 'x': -37.431, 'yaw': 3.136}, None, None
50.02, [INFO], robot6, {'battery-level': '51.54'}, None, None
50.02, [INFO], robot6, {'y': 21.437, 'x': -38.084, 'yaw': -3.142}, None, None
51.86, [info], nurse, sync, received-request, (status=sending-request)
51.86, [info], nurse, sync, request-sent, (status=waiting)
51.86, [info], nurse, sync, wait-message, (status=message-received)
60.04, [INFO], robot6, {'y': 20.641, 'x': -37.192, 'yaw': 3.139}, None, None
60.04, [INFO], robot6, {'battery-level': '51.02'}, None, None
70.04, [INFO], robot6, {'battery-level': '50.50'}, None, None
70.04, [INFO], robot6, {'y': 18.517, 'x': -37.095, 'yaw': 3.141}, None, None
80.05, [INFO], robot6, {'battery-level': '49.98'}, None, None
80.05, [INFO], robot6, {'y': 16.388, 'x': -37.006, 'yaw': 3.14}, None, None
90.07, [INFO], robot6, {'y': 15.565, 'x': -35.037, 'yaw': -3.141}, None, None
90.07, [INFO], robot6, {'battery-level': '49.46'}, None, None
100.09, [INFO], robot6, {'y': 15.436, 'x': -32.927, 'yaw': -3.142}, None, None
100.09, [INFO], robot6, {'battery-level': '48.94'}, None, None
110.08, [INFO], robot6, {'battery-level': '48.42'}, None, None
110.08, [INFO], robot6, {'y': 15.524, 'x': -30.814, 'yaw': -3.141}, None, None
120.08, [INFO], robot6, {'y': 15.715, 'x': -28.706, 'yaw': 3.141}, None, None
120.08, [INFO], robot6, {'battery-level': '47.90'}, None, None
130.08, [INFO], robot6, {'battery-level': '47.38'}, None, None
130.08, [INFO], robot6, {'y': 15.738, 'x': -26.601, 'yaw': -3.139}, None, None
140.04, [INFO], robot6, {'y': 14.042, 'x': -25.769, 'yaw': 3.141}, None, None
140.04, [INFO], robot6, {'battery-level': '46.86'}, None, None
150.03, [INFO], robot6, {'y': 12.926, 'x': -25.979, 'yaw': -3.141}, None, None
150.03, [INFO], robot6, {'battery-level': '46.34'}, None, None
159.44, [info], lab_arm, sync, wait-message, (status=message-received)
160.01, [INFO], robot6, {'y': 12.929, 'x': -25.935, 'yaw': 3.14}, None, None
160.01, [INFO], robot6, {'battery-level': '45.82'}, None, None
160.40, [WARN], robot6, SUCCESS, None, None
170.02, [INFO], robot6, {'y': 12.93, 'x': -25.935, 'yaw': -3.142}, None, None
170.02, [INFO], robot6, {'battery-level': '45.30'}, None, None
