0.00, [INFO], robot1, {'battery-level': '24.00'}, None, None
0.16, [DEBUG], logger, ROBOTS_CONFIG={'avg_speed': 0.15, 'battery_charge': 0.23995139509475963, 'battery_discharge_rate': 0.00068, 'id': 1, 'local_plan': [['navigation', ['IC Room 2', [[-27.23, 18.0, -1.57], [-27.23, 16.0], [-37.0, 16.0], [-37.0, 21.5], [-38.0, 21.5, 0.0]]], 'navto_room'], ['approach_person', ['nurse'], 'approach_nurse'], ['authenticate_person', ['nurse'], 'authenticate_nurse'], ['operate_drawer', ['open'], 'open_drawer_for_nurse'], ['send_message', ['nurse'], 'notify_nurse_of_open_drawer_for_nurse_completed'], ['wait_message', ['nurse'], 'wait_nurse_to_complete_deposit'], ['operate_drawer', ['close'], 'close_drawer_nurse'], ['navigation', ['Laboratory', [[-38.0, 21.5, 0.0], [-37.0, 21.5], [-37.0, 16.0], [-26.0, 16.0], [-26.0, 13.0, 1.57]]], 'navto_lab'], ['approach_robot', ['lab_arm'], 'approach_arm'], ['operate_drawer', ['open'], 'open_drawer_lab'], ['send_message', ['lab_arm'], 'notify_lab_arm_of_open_drawer_lab_completed'], ['wait_message', ['lab_arm'], 'wait_lab_arm_to_complete_pick_up_sample'], ['operate_drawer', ['close'], 'close_drawer_lab']], 'location': 'PC Room 4', 'name': 'r1', 'position': [-27.23, 18.0, -1.57], 'skills': ['approach_person', 'approach_robot', 'authenticate_person', 'navigation', 'operate_drawer']}, None, None
0.16, [DEBUG], logger, Simulation open, None, None
10.03, [INFO], robot1, {'battery-level': '23.38'}, None, None
10.03, [INFO], robot1, {'y': 18.0, 'x': -27.23, 'yaw': 3.142}, None, None
20.05, [INFO], robot1, {'battery-level': '22.70'}, None, None
20.05, [INFO], robot1, {'y': 16.821, 'x': -27.06, 'yaw': -3.142}, None, None
30.04, [INFO], robot1, {'battery-level': '22.02'}, None, None
30.04, [INFO], robot1, {'y': 16.086, 'x': -28.636, 'yaw': 3.142}, None, None
40.05, [INFO], robot1, {'battery-level': '21.34'}, None, None
40.05, [INFO], robot1, {'y': 16.05, 'x': -30.766, 'yaw': 3.141}, None, None
50.08, [INFO], robot1, {'battery-level': '20.66'}, None, None
50.08, [INFO], robot1, {'y': 15.808, 'x': -32.884, 'yaw': -3.141}, None, None
60.05, [INFO], robot1, {'y': 15.424, 'x': -34.965, 'yaw': -3.141}, None, None
60.05, [INFO], robot1, {'battery-level': '19.98'}, None, None
70.06, [INFO], robot1, {'battery-level': '19.30'}, None, None
70.06, [INFO], robot1, {'y': 16.15, 'x': -36.758, 'yaw': -3.141}, None, None
80.08, [INFO], robot1, {'battery-level': '18.62'}, None, None
80.08, [INFO], robot1, {'y': 18.251, 'x': -36.762, 'yaw': -3.142}, None, None
90.03, [INFO], robot1, {'battery-level': '17.94'}, None, None
90.03, [INFO], robot1, {'y': 20.359, 'x': -36.863, 'yaw': 3.141}, None, None
100.05, [INFO], robot1, {'y': 21.51, 'x': -37.981, 'yaw': -3.141}, None, None
100.05, [INFO], robot1, {'battery-level': '17.26'}, None, None
110.07, [INFO], robot1, {'y': 21.399, 'x': -38.069, 'yaw': 3.141}, None, None
110.07, [INFO], robot1, {'battery-level': '16.58'}, None, None
110.85, [info], nurse, sync, received-request, (status=sending-request)
110.85, [info], nurse, sync, request-sent, (status=waiting)
110.85, [info], nurse, sync, wait-message, (status=message-received)
120.05, [INFO], robot1, {'battery-level': '15.90'}, None, None
120.05, [INFO], robot1, {'y': 20.4, 'x': -37.179, 'yaw': -3.142}, None, None
130.03, [INFO], robot1, {'battery-level': '15.22'}, None, None
130.03, [INFO], robot1, {'y': 18.293, 'x': -37.06, 'yaw': 3.14}, None, None
140.03, [INFO], robot1, {'y': 16.205, 'x': -36.876, 'yaw': 3.141}, None, None
140.03, [INFO], robot1, {'battery-level': '14.54'}, None, None
150.01, [INFO], robot1, {'battery-level': '13.86'}, None, None
150.01, [INFO], robot1, {'y': 15.476, 'x': -34.868, 'yaw': 3.142}, None, None
160.06, [INFO], robot1, {'y': 15.478, 'x': -32.741, 'yaw': -3.14}, None, None
160.06, [INFO], robot1, {'battery-level': '13.18'}, None, None
170.08, [INFO], robot1, {'y': 15.534, 'x': -30.618, 'yaw': -3.141}, None, None
170.08, [INFO], robot1, {'battery-level': '12.50'}, None, None
180.05, [INFO], robot1, {'y': 15.701, 'x': -28.508, 'yaw': -3.141}, None, None
180.05, [INFO], robot1, {'battery-level': '11.82'}, None, None
190.04, [INFO], robot1, {'y': 15.767, 'x': -26.402, 'yaw': -3.137}, None, None
190.04, [INFO], robot1, {'battery-level': '11.14'}, None, None
200.02, [INFO], robot1, {'y': 13.829, 'x': -25.729, 'yaw': -3.142}, None, None
200.02, [INFO], robot1, {'battery-level': '10.46'}, None, None
210.07, [INFO], robot1, {'battery-level': '9.78'}, None, None
210.07, [INFO], robot1, {'y': 12.911, 'x': -25.949, 'yaw': -3.142}, None, None
212.31, [info], lab_arm, sync, wait-message, (status=message-received)
213.29, [WARN], robot1, SUCCESS, None, None
220.05, [INFO], robot1, {'battery-level': '9.10'}, None, None
220.05, [INFO], robot1, {'y': 12.908, 'x': -25.947, 'yaw': -3.142}, None, None
230.01, [INFO], robot1, {'battery-level': '8.42'}, None, None
230.01, [INFO], robot1, {'y': 12.909, 'x': -25.947, 'yaw': 3.142}, None, None
