0.00, [DEBUG], nurse, NURSE_CONFIG={'location': 'IC Room 2', 'position': [-38.0, 21.5, 0.0]}, None, None
0.00, [INFO], robot2, {'battery-level': '83.45'}, None, None
0.13, [DEBUG], logger, ROBOTS_CONFIG={'avg_speed': 0.15, 'battery_charge': 0.8344531419634984, 'battery_discharge_rate': 0.00054, 'id': 2, 'local_plan': [['navigation', ['IC Room 2', [[-19.0, 18.0, -1.57], [-19.0, 16.0], [-37.0, 16.0], [-37.0, 21.5], [-38.0, 21.5, 0.0]]], 'navto_room'], ['approach_person', ['nurse'], 'approach_nurse'], ['authenticate_person', ['nurse'], 'authenticate_nurse'], ['operate_drawer', ['open'], 'open_drawer_for_nurse'], ['send_message', ['nurse'], 'notify_nurse_of_open_drawer_for_nurse_completed'], ['wait_message', ['nurse'], 'wait_nurse_to_complete_deposit'], ['operate_drawer', ['close'], 'close_drawer_nurse'], ['navigation', ['Laboratory', [[-38.0, 21.5, 0.0], [-37.0, 21.5], [-37.0, 16.0], [-26.0, 16.0], [-26.0, 13.0, 1.57]]], 'navto_lab'], ['approach_robot', ['lab_arm'], 'approach_arm'], ['operate_drawer', ['open'], 'open_drawer_lab'], ['send_message', ['lab_arm'], 'notify_lab_arm_of_open_drawer_lab_completed'], ['wait_message', ['lab_arm'], 'wait_lab_arm_to_complete_pick_up_sample'], ['operate_drawer', ['close'], 'close_drawer_lab']], 'location': 'PC Room 6', 'name': 'r2', 'position': [-19.0, 18.0, -1.57], 'skills': ['approach_person', 'approach_robot', 'authenticate_person', 'navigation', 'operate_drawer']}, None, None
0.13, [DEBUG], logger, Simulation open, None, None
10.01, [INFO], robot2, {'battery-level': '82.96'}, None, None
10.01, [INFO], robot2, {'y': 17.436, 'x': -19.229, 'yaw': -3.142}, None, None
20.08, [INFO], robot2, {'battery-level': '82.42'}, None, None
20.08, [INFO], robot2, {'y': 16.184, 'x': -20.314, 'yaw': -3.142}, None, None
30.03, [INFO], robot2, {'y': 16.184, 'x': -22.423, 'yaw': 3.141}, None, None
30.03, [INFO], robot2, {'battery-level': '81.88'}, None, None
40.08, [INFO], robot2, {'y': 16.079, 'x': -24.55, 'yaw': 3.14}, None, None
40.08, [INFO], robot2, {'battery-level': '81.34'}, None, None
50.03, [INFO], robot2, {'battery-level': '80.80'}, None, None
50.03, [INFO], robot2, {'y': 16.129, 'x': -26.635, 'yaw': 3.14}, None, None
60.03, [INFO], robot2, {'battery-level': '80.26'}, None, None
60.03, [INFO], robot2, {'y': 16.192, 'x': -28.759, 'yaw': 3.139}, None, None
70.00, [INFO], robot2, {'battery-level': '79.72'}, None, None
70.00, [INFO], robot2, {'y': 16.126, 'x': -30.859, 'yaw': 3.14}, None, None
80.05, [INFO], robot2, {'battery-level': '79.18'}, None, None
80.05, [INFO], robot2, {'y': 15.837, 'x': -32.972, 'yaw': 3.142}, None, None
90.03, [INFO], robot2, {'y': 15.386, 'x': -35.043, 'yaw': -3.141}, None, None
90.03, [INFO], robot2, {'battery-level': '78.64'}, None, None
100.03, [INFO], robot2, {'y': 16.32, 'x': -36.569, 'yaw': -3.141}, None, None
100.03, [INFO], robot2, {'battery-level': '78.10'}, None, None
110.05, [INFO], robot2, {'battery-level': '77.56'}, None, None
110.05, [INFO], robot2, {'y': 18.435, 'x': -36.646, 'yaw': -3.142}, None, None
120.04, [INFO], robot2, {'battery-level': '77.02'}, None, None
120.04, [INFO], robot2, {'y': 20.546, 'x': -36.849, 'yaw': 3.142}, None, None
130.01, [INFO], robot2, {'battery-level': '76.48'}, None, None
130.01, [INFO], robot2, {'y': 21.47, 'x': -38.03, 'yaw': -3.139}, None, None
136.06, [info], nurse, sync, received-request, (status=sending-request)
136.06, [info], nurse, sync, request-sent, (status=waiting)
136.06, [info], nurse, sync, wait-message, (status=message-received)
140.07, [INFO], robot2, {'battery-level': '75.94'}, None, None
140.07, [INFO], robot2, {'y': 21.435, 'x': -37.49, 'yaw': 3.141}, None, None
150.10, [INFO], robot2, {'y': 19.449, 'x': -37.096, 'yaw': 3.139}, None, None
150.10, [INFO], robot2, {'battery-level': '75.40'}, None, None
160.02, [INFO], robot2, {'battery-level': '74.86'}, None, None
160.02, [INFO], robot2, {'y': 17.336, 'x': -37.039, 'yaw': 3.14}, None, None
170.05, [INFO], robot2, {'battery-level': '74.32'}, None, None
170.05, [INFO], robot2, {'y': 15.891, 'x': -35.946, 'yaw': -3.142}, None, None
180.03, [INFO], robot2, {'y': 15.425, 'x': -33.886, 'yaw': 3.141}, None, None
180.03, [INFO], robot2, {'battery-level': '73.78'}, None, None
190.07, [INFO], robot2, {'battery-level': '73.24'}, None, None
190.07, [INFO], robot2, {'y': 15.528, 'x': -31.762, 'yaw': -3.141}, None, None
200.08, [INFO], robot2, {'y': 15.681, 'x': -29.653, 'yaw': -3.142}, None, None
200.08, [INFO], robot2, {'battery-level': '72.70'}, None, None
210.09, [INFO], robot2, {'battery-level': '72.16'}, None, None
210.09, [INFO], robot2, {'y': 15.819, 'x': -27.531, 'yaw': -3.142}, None, None
220.03, [INFO], robot2, {'y': 15.128, 'x': -25.844, 'yaw': 3.141}, None, None
220.03, [INFO], robot2, {'battery-level': '71.62'}, None, None
230.09, [INFO], robot2, {'battery-level': '71.08'}, None, None
230.09, [INFO], robot2, {'y': 13.069, 'x': -25.805, 'yaw': -3.142}, None, None
240.06, [INFO], robot2, {'battery-level': '70.54'}, None, None
240.06, [INFO], robot2, {'y': 12.866, 'x': -25.978, 'yaw': 3.141}, None, None
244.43, [info], lab_arm, sync, wait-message, (status=message-received)
245.41, [WARN], robot2, SUCCESS, None, None
250.08, [INFO], robot2, {'y': 12.863, 'x': -25.978, 'yaw': -3.142}, None, None
250.08, [INFO], robot2, {'battery-level': '70.00'}, None, None
260.06, [INFO], robot2, {'battery-level': '69.46'}, None, None
260.06, [INFO], robot2, {'y': 12.863, 'x': -25.978, 'yaw': -3.142}, None, None
