0.00, [INFO], robot2, {'battery-level': '63.50'}, None, None
0.08, [DEBUG], logger, ROBOTS_CONFIG={'avg_speed': 0.15, 'battery_charge': 0.634952869577942, 'battery_discharge_rate': 0.00054, 'id': 2, 'local_plan': [['navigation', ['IC Room 2', [[-19.0, 18.0, -1.57], [-19.0, 16.0], [-37.0, 16.0], [-37.0, 21.5], [-38.0, 21.5, 0.0]]], 'navto_room'], ['approach_person', ['nurse'], 'approach_nurse'], ['authenticate_person', ['nurse'], 'authenticate_nurse'], ['operate_drawer', ['open'], 'open_drawer_for_nurse'], ['send_message', ['nurse'], 'notify_nurse_of_open_drawer_for_nurse_completed'], ['wait_message', ['nurse'], 'wait_nurse_to_complete_deposit'], ['operate_drawer', ['close'], 'close_drawer_nurse'], ['navigation', ['Laboratory', [[-38.0, 21.5, 0.0], [-37.0, 21.5], [-37.0, 16.0], [-26.0, 16.0], [-26.0, 13.0, 1.57]]], 'navto_lab'], ['approach_robot', ['lab_arm'], 'approach_arm'], ['operate_drawer', ['open'], 'open_drawer_lab'], ['send_message', ['lab_arm'], 'notify_lab_arm_of_open_drawer_lab_completed'], ['wait_message', ['lab_arm'], 'wait_lab_arm_to_complete_pick_up_sample'], ['operate_drawer', ['close'], 'close_drawer_lab']], 'location': 'PC Room 6', 'name': 'r2', 'position': [-19.0, 18.0, -1.57], 'skills': ['approach_person', 'approach_robot', 'authenticate_person', 'navigation', 'operate_drawer']}, None, None
0.08, [DEBUG], logger, Simulation open, None, None
10.07, [INFO], robot2, {'battery-level': '63.01'}, None, None
10.07, [INFO], robot2, {'y': 17.428, 'x': -19.191, 'yaw': -3.141}, None, None
20.02, [INFO], robot2, {'y': 16.184, 'x': -20.302, 'yaw': 3.142}, None, None
20.02, [INFO], robot2, {'battery-level': '62.47'}, None, None
30.05, [INFO], robot2, {'battery-level': '61.93'}, None, None
30.05, [INFO], robot2, {'y': 16.164, 'x': -22.424, 'yaw': 3.142}, None, None
40.00, [INFO], robot2, {'battery-level': '61.39'}, None, None
40.00, [INFO], robot2, {'y': 16.093, 'x': -24.517, 'yaw': 3.141}, None, None
50.01, [INFO], robot2, {'y': 16.034, 'x': -26.634, 'yaw': 3.14}, None, None
50.01, [INFO], robot2, {'battery-level': '60.85'}, None, None
60.07, [INFO], robot2, {'y': 16.151, 'x': -28.751, 'yaw': 3.137}, None, None
60.07, [INFO], robot2, {'battery-level': '60.31'}, None, None
70.00, [INFO], robot2, {'battery-level': '59.77'}, None, None
70.00, [INFO], robot2, {'y': 16.101, 'x': -30.856, 'yaw': 3.141}, None, None
80.00, [INFO], robot2, {'y': 15.802, 'x': -32.967, 'yaw': -3.141}, None, None
80.00, [INFO], robot2, {'battery-level': '59.23'}, None, None
90.05, [INFO], robot2, {'battery-level': '58.69'}, None, None
90.05, [INFO], robot2, {'y': 15.403, 'x': -35.062, 'yaw': -3.141}, None, None
100.08, [INFO], robot2, {'battery-level': '58.15'}, None, None
100.08, [INFO], robot2, {'y': 16.154, 'x': -36.917, 'yaw': 3.141}, None, None
110.09, [INFO], robot2, {'y': 18.272, 'x': -36.944, 'yaw': -3.142}, None, None
110.09, [INFO], robot2, {'battery-level': '57.61'}, None, None
120.04, [INFO], robot2, {'battery-level': '57.07'}, None, None
120.04, [INFO], robot2, {'y': 20.369, 'x': -36.969, 'yaw': -3.136}, None, None
130.08, [INFO], robot2, {'y': 21.539, 'x': -37.96, 'yaw': 3.141}, None, None
130.08, [INFO], robot2, {'battery-level': '56.53'}, None, None
140.07, [INFO], robot2, {'battery-level': '55.99'}, None, None
140.07, [INFO], robot2, {'y': 21.407, 'x': -38.097, 'yaw': -3.142}, None, None
143.44, [info], nurse, sync, received-request, (status=sending-request)
143.44, [info], nurse, sync, request-sent, (status=waiting)
143.44, [info], nurse, sync, wait-message, (status=message-received)
150.00, [INFO], robot2, {'y': 20.969, 'x': -37.215, 'yaw': -3.141}, None, None
150.00, [INFO], robot2, {'battery-level': '55.45'}, None, None
160.08, [INFO], robot2, {'battery-level': '54.91'}, None, None
160.08, [INFO], robot2, {'y': 18.845, 'x': -37.15, 'yaw': 3.142}, None, None
170.03, [INFO], robot2, {'y': 16.729, 'x': -37.104, 'yaw': 3.141}, None, None
170.03, [INFO], robot2, {'battery-level': '54.37'}, None, None
180.03, [INFO], robot2, {'y': 15.726, 'x': -35.46, 'yaw': -3.142}, None, None
180.03, [INFO], robot2, {'battery-level': '53.83'}, None, None
190.06, [INFO], robot2, {'y': 15.505, 'x': -33.37, 'yaw': -3.142}, None, None
190.06, [INFO], robot2, {'battery-level': '53.29'}, None, None
200.09, [INFO], robot2, {'y': 15.5, 'x': -31.253, 'yaw': 3.141}, None, None
200.09, [INFO], robot2, {'battery-level': '52.75'}, None, None
210.07, [INFO], robot2, {'battery-level': '52.21'}, None, None
210.07, [INFO], robot2, {'y': 15.648, 'x': -29.149, 'yaw': 3.141}, None, None
220.05, [INFO], robot2, {'battery-level': '51.67'}, None, None
220.05, [INFO], robot2, {'y': 15.695, 'x': -27.035, 'yaw': -3.142}, None, None
230.09, [INFO], robot2, {'y': 14.504, 'x': -25.75, 'yaw': -3.142}, None, None
230.09, [INFO], robot2, {'battery-level': '51.13'}, None, None
240.00, [INFO], robot2, {'y': 12.934, 'x': -25.949, 'yaw': 3.141}, None, None
240.00, [INFO], robot2, {'battery-level': '50.59'}, None, None
245.93, [info], lab_arm, sync, wait-message, (status=message-received)
246.90, [WARN], robot2, SUCCESS, None, None
250.02, [INFO], robot2, {'y': 12.929, 'x': -25.949, 'yaw': 3.142}, None, None
250.02, [INFO], robot2, {'battery-level': '50.05'}, None, None
260.08, [INFO], robot2, {'battery-level': '49.51'}, None, None
260.08, [INFO], robot2, {'y': 12.929, 'x': -25.949, 'yaw': -3.142}, None, None
