0.00, [DEBUG], logger, ROBOTS_CONFIG={'avg_speed': 0.15, 'battery_charge': 0.5914703710515797, 'battery_discharge_rate': 0.00048000000000000007, 'id': 1, 'local_plan': [['navigation', ['PC Room 3', [[-39.44, 33.95, 0.0], [-37.0, 33.95], [-37.0, 16.0], [-28.5, 16.0], [-28.5, 18.0, -1.57]]], 'navto_room'], ['approach_person', ['nurse'], 'approach_nurse'], ['authenticate_person', ['nurse'], 'authenticate_nurse'], ['operate_drawer', ['open'], 'open_drawer_for_nurse'], ['send_message', ['nurse'], 'notify_nurse_of_open_drawer_for_nurse_completed'], ['wait_message', ['nurse'], 'wait_nurse_to_complete_deposit'], ['operate_drawer', ['close'], 'close_drawer_nurse'], ['navigation', ['Laboratory', [[-28.5, 18.0, -1.57], [-28.5, 16.0], [-26.0, 16.0], [-26.0, 13.0, 1.57]]], 'navto_lab'], ['approach_robot', ['lab_arm'], 'approach_arm'], ['operate_drawer', ['open'], 'open_drawer_lab'], ['send_message', ['lab_arm'], 'notify_lab_arm_of_open_drawer_lab_completed'], ['wait_message', ['lab_arm'], 'wait_lab_arm_to_complete_pick_up_sample'], ['operate_drawer', ['close'], 'close_drawer_lab']], 'location': 'IC Room 4', 'name': 'r1', 'position': [-39.44, 33.95, 0.0], 'skills': ['approach_person', 'approach_robot', 'navigation', 'operate_drawer']}, None, None
0.00, [DEBUG], logger, Simulation open, None, None
10.05, [INFO], robot1, {'y': 33.95, 'x': -39.44, 'yaw': 3.142}, None, None
10.05, [INFO], robot1, {'battery-level': '58.72'}, None, None
20.00, [INFO], robot1, {'battery-level': '58.24'}, None, None
20.00, [INFO], robot1, {'y': 34.433, 'x': -38.459, 'yaw': 3.142}, None, None
30.09, [INFO], robot1, {'battery-level': '57.76'}, None, None
30.09, [INFO], robot1, {'y': 33.532, 'x': -37.031, 'yaw': 3.142}, None, None
40.05, [INFO], robot1, {'battery-level': '57.28'}, None, None
40.05, [INFO], robot1, {'y': 31.417, 'x': -37.035, 'yaw': 3.141}, None, None
50.03, [INFO], robot1, {'battery-level': '56.80'}, None, None
50.03, [INFO], robot1, {'y': 29.304, 'x': -37.003, 'yaw': 3.141}, None, None
60.09, [INFO], robot1, {'battery-level': '56.32'}, None, None
60.09, [INFO], robot1, {'y': 27.17, 'x': -36.998, 'yaw': -3.142}, None, None
70.07, [INFO], robot1, {'battery-level': '55.84'}, None, None
70.07, [INFO], robot1, {'y': 25.052, 'x': -37.005, 'yaw': 3.142}, None, None
80.09, [INFO], robot1, {'y': 22.936, 'x': -37.007, 'yaw': 3.141}, None, None
80.09, [INFO], robot1, {'battery-level': '55.36'}, None, None
90.02, [INFO], robot1, {'battery-level': '54.88'}, None, None
90.02, [INFO], robot1, {'y': 20.833, 'x': -37.089, 'yaw': 3.141}, None, None
100.07, [INFO], robot1, {'battery-level': '54.40'}, None, None
100.07, [INFO], robot1, {'y': 18.699, 'x': -36.994, 'yaw': -3.142}, None, None
110.08, [INFO], robot1, {'y': 16.579, 'x': -36.938, 'yaw': 3.14}, None, None
110.08, [INFO], robot1, {'battery-level': '53.92'}, None, None
120.05, [INFO], robot1, {'y': 15.598, 'x': -35.38, 'yaw': 3.141}, None, None
120.05, [INFO], robot1, {'battery-level': '53.44'}, None, None
130.08, [INFO], robot1, {'battery-level': '52.96'}, None, None
130.08, [INFO], robot1, {'y': 15.442, 'x': -33.271, 'yaw': -3.141}, None, None
140.09, [INFO], robot1, {'battery-level': '52.48'}, None, None
140.09, [INFO], robot1, {'y': 15.549, 'x': -31.151, 'yaw': 3.141}, None, None
150.04, [INFO], robot1, {'battery-level': '52.00'}, None, None
150.04, [INFO], robot1, {'y': 15.8, 'x': -29.042, 'yaw': -3.142}, None, None
160.00, [INFO], robot1, {'y': 17.701, 'x': -28.649, 'yaw': 3.142}, None, None
160.09, [INFO], robot1, {'battery-level': '51.52'}, None, None
169.35, [WARN], robot1, NO-SKILL, authenticate_person, authenticate_nurse
170.00, [INFO], robot1, {'y': 17.988, 'x': -28.6, 'yaw': 3.141}, None, None
170.00, [INFO], robot1, {'battery-level': '51.04'}, None, None
