0.00, [DEBUG], nurse, NURSE_CONFIG={'location': 'IC Room 6', 'position': [-33.9, 18.93, 3.14]}, None, None
0.00, [INFO], robot5, {'battery-level': '28.18'}, None, None
0.13, [DEBUG], logger, ROBOTS_CONFIG={'avg_speed': 0.15, 'battery_charge': 0.2817995261312799, 'battery_discharge_rate': 0.0002, 'id': 5, 'local_plan': [['navigation', ['IC Room 6', [[-13.5, 18.0, -1.57], [-13.5, 16.0], [-37.0, 16.0], [-37.0, 18.93], [-33.9, 18.93, 3.14]]], 'navto_room'], ['approach_person', ['nurse'], 'approach_nurse'], ['authenticate_person', ['nurse'], 'authenticate_nurse'], ['operate_drawer', ['open'], 'open_drawer_for_nurse'], ['send_message', ['nurse'], 'notify_nurse_of_open_drawer_for_nurse_completed'], ['wait_message', ['nurse'], 'wait_nurse_to_complete_deposit'], ['operate_drawer', ['close'], 'close_drawer_nurse'], ['navigation', ['Laboratory', [[-33.9, 18.93, 3.14], [-37.0, 18.93], [-37.0, 16.0], [-26.0, 16.0], [-26.0, 13.0, 1.57]]], 'navto_lab'], ['approach_robot', ['lab_arm'], 'approach_arm'], ['operate_drawer', ['open'], 'open_drawer_lab'], ['send_message', ['lab_arm'], 'notify_lab_arm_of_open_drawer_lab_completed'], ['wait_message', ['lab_arm'], 'wait_lab_arm_to_complete_pick_up_sample'], ['operate_drawer', ['close'], 'close_drawer_lab']], 'location': 'PC Room 7', 'name': 'r5', 'position': [-13.5, 18.0, -1.57], 'skills': ['approach_person', 'approach_robot', 'authenticate_person', 'navigation', 'operate_drawer']}, None, None
0.13, [DEBUG], logger, Simulation open, None, None
10.10, [INFO], robot5, {'battery-level': '28.00'}, None, None
10.10, [INFO], robot5, {'y': 17.526, 'x': -13.499, 'yaw': 3.142}, None, None
20.02, [INFO], robot5, {'battery-level': '27.80'}, None, None
20.02, [INFO], robot5, {'y': 16.036, 'x': -14.273, 'yaw': 3.142}, None, None
30.06, [INFO], robot5, {'battery-level': '27.60'}, None, None
30.06, [INFO], robot5, {'y': 15.988, 'x': -16.384, 'yaw': 3.14}, None, None
40.04, [INFO], robot5, {'y': 15.96, 'x': -18.5, 'yaw': -3.14}, None, None
40.04, [INFO], robot5, {'battery-level': '27.40'}, None, None
50.08, [INFO], robot5, {'battery-level': '27.20'}, None, None
50.08, [INFO], robot5, {'y': 16.059, 'x': -20.623, 'yaw': 3.141}, None, None
60.00, [INFO], robot5, {'battery-level': '27.00'}, None, None
60.00, [INFO], robot5, {'y': 16.026, 'x': -22.718, 'yaw': 3.141}, None, None
70.02, [INFO], robot5, {'battery-level': '26.80'}, None, None
70.02, [INFO], robot5, {'y': 15.99, 'x': -24.814, 'yaw': 3.14}, None, None
80.04, [INFO], robot5, {'y': 15.986, 'x': -26.927, 'yaw': -3.142}, None, None
80.04, [INFO], robot5, {'battery-level': '26.60'}, None, None
90.08, [INFO], robot5, {'y': 16.125, 'x': -29.051, 'yaw': 3.142}, None, None
90.08, [INFO], robot5, {'battery-level': '26.40'}, None, None
100.02, [INFO], robot5, {'battery-level': '26.20'}, None, None
100.02, [INFO], robot5, {'y': 15.967, 'x': -31.149, 'yaw': 3.141}, None, None
110.08, [INFO], robot5, {'y': 15.723, 'x': -33.269, 'yaw': 3.138}, None, None
110.08, [INFO], robot5, {'battery-level': '26.00'}, None, None
120.09, [INFO], robot5, {'battery-level': '25.80'}, None, None
120.09, [INFO], robot5, {'y': 15.455, 'x': -35.363, 'yaw': -3.141}, None, None
130.01, [INFO], robot5, {'battery-level': '25.60'}, None, None
130.01, [INFO], robot5, {'y': 16.526, 'x': -36.734, 'yaw': -3.142}, None, None
140.06, [INFO], robot5, {'battery-level': '25.40'}, None, None
140.06, [INFO], robot5, {'y': 17.605, 'x': -36.756, 'yaw': 3.142}, None, None
150.08, [INFO], robot5, {'y': 17.957, 'x': -35.858, 'yaw': 3.142}, None, None
150.08, [INFO], robot5, {'battery-level': '25.20'}, None, None
160.09, [INFO], robot5, {'battery-level': '25.00'}, None, None
160.09, [INFO], robot5, {'y': 18.264, 'x': -35.71, 'yaw': -3.139}, None, None
170.00, [INFO], robot5, {'y': 18.262, 'x': -35.715, 'yaw': -3.142}, None, None
170.00, [INFO], robot5, {'battery-level': '24.80'}, None, None
180.01, [INFO], robot5, {'battery-level': '24.60'}, None, None
180.01, [INFO], robot5, {'y': 18.5, 'x': -35.709, 'yaw': 3.141}, None, None
189.77, [WARN], robot5, SKILL-FAILURE, navigation, navto_room
190.03, [INFO], robot5, {'battery-level': '24.40'}, None, None
190.03, [INFO], robot5, {'y': 18.5, 'x': -35.71, 'yaw': 3.142}, None, None
200.02, [INFO], robot5, {'battery-level': '24.20'}, None, None
200.02, [INFO], robot5, {'y': 18.5, 'x': -35.71, 'yaw': 3.142}, None, None
