0.00, [INFO], robot6, {'battery-level': '50.80'}, None, None
0.00, [DEBUG], logger, ROBOTS_CONFIG={'avg_speed': 0.15, 'battery_charge': 0.5080169438370433, 'battery_discharge_rate': 0.00072, 'id': 6, 'local_plan': [['navigation', ['IC Room 2', [[-33.9, 18.93, 3.14], [-37.0, 18.93], [-37.0, 21.5], [-38.0, 21.5, 0.0]]], 'navto_room'], ['approach_person', ['nurse'], 'approach_nurse'], ['authenticate_person', ['nurse'], 'authenticate_nurse'], ['operate_drawer', ['open'], 'open_drawer_for_nurse'], ['send_message', ['nurse'], 'notify_nurse_of_open_drawer_for_nurse_completed'], ['wait_message', ['nurse'], 'wait_nurse_to_complete_deposit'], ['operate_drawer', ['close'], 'close_drawer_nurse'], ['navigation', ['Laboratory', [[-38.0, 21.5, 0.0], [-37.0, 21.5], [-37.0, 16.0], [-26.0, 16.0], [-26.0, 13.0, 1.57]]], 'navto_lab'], ['approach_robot', ['lab_arm'], 'approach_arm'], ['operate_drawer', ['open'], 'open_drawer_lab'], ['send_message', ['lab_arm'], 'notify_lab_arm_of_open_drawer_lab_completed'], ['wait_message', ['lab_arm'], 'wait_lab_arm_to_complete_pick_up_sample'], ['operate_drawer', ['close'], 'close_drawer_lab']], 'location': 'IC Room 6', 'name': 'r6', 'position': [-33.9, 18.93, 3.14], 'skills': ['approach_person', 'approach_robot', 'authenticate_person', 'navigation', 'operate_drawer']}, None, None
0.00, [DEBUG], logger, Simulation open, None, None
10.06, [INFO], robot6, {'battery-level': '50.15'}, None, None
10.06, [INFO], robot6, {'y': 18.746, 'x': -34.214, 'yaw': 3.142}, None, None
20.01, [INFO], robot6, {'battery-level': '49.43'}, None, None
20.01, [INFO], robot6, {'y': 17.835, 'x': -35.855, 'yaw': -3.142}, None, None
30.03, [INFO], robot6, {'battery-level': '48.71'}, None, None
30.03, [INFO], robot6, {'y': 19.511, 'x': -36.932, 'yaw': 3.142}, None, None
40.08, [INFO], robot6, {'battery-level': '47.99'}, None, None
40.08, [INFO], robot6, {'y': 21.47, 'x': -37.354, 'yaw': 3.141}, None, None
50.09, [INFO], robot6, {'y': 21.45, 'x': -38.118, 'yaw': 3.142}, None, None
50.09, [INFO], robot6, {'battery-level': '47.27'}, None, None
53.18, [info], nurse, sync, received-request, (status=sending-request)
53.18, [info], nurse, sync, request-sent, (status=waiting)
53.18, [info], nurse, sync, wait-message, (status=message-received)
60.03, [INFO], robot6, {'y': 20.969, 'x': -37.215, 'yaw': -3.142}, None, None
60.03, [INFO], robot6, {'battery-level': '46.55'}, None, None
70.06, [INFO], robot6, {'y': 18.831, 'x': -37.157, 'yaw': -3.142}, None, None
70.06, [INFO], robot6, {'battery-level': '45.83'}, None, None
80.00, [INFO], robot6, {'battery-level': '45.11'}, None, None
80.00, [INFO], robot6, {'y': 16.735, 'x': -37.113, 'yaw': 3.141}, None, None
90.04, [INFO], robot6, {'y': 15.696, 'x': -35.378, 'yaw': 3.142}, None, None
90.04, [INFO], robot6, {'battery-level': '44.39'}, None, None
100.06, [INFO], robot6, {'y': 15.443, 'x': -33.278, 'yaw': -3.141}, None, None
100.06, [INFO], robot6, {'battery-level': '43.67'}, None, None
110.02, [INFO], robot6, {'battery-level': '42.95'}, None, None
110.02, [INFO], robot6, {'y': 15.456, 'x': -31.166, 'yaw': 3.141}, None, None
120.01, [INFO], robot6, {'battery-level': '42.23'}, None, None
120.01, [INFO], robot6, {'y': 15.736, 'x': -29.065, 'yaw': -3.141}, None, None
130.02, [INFO], robot6, {'y': 15.794, 'x': -26.966, 'yaw': -3.142}, None, None
130.02, [INFO], robot6, {'battery-level': '41.51'}, None, None
140.03, [INFO], robot6, {'battery-level': '40.79'}, None, None
140.03, [INFO], robot6, {'y': 14.451, 'x': -25.762, 'yaw': -3.142}, None, None
150.07, [INFO], robot6, {'y': 12.926, 'x': -25.987, 'yaw': 3.142}, None, None
150.07, [INFO], robot6, {'battery-level': '40.07'}, None, None
156.52, [info], lab_arm, sync, wait-message, (status=message-received)
157.49, [WARN], robot6, SUCCESS, None, None
160.01, [INFO], robot6, {'battery-level': '39.35'}, None, None
160.01, [INFO], robot6, {'y': 12.917, 'x': -25.992, 'yaw': 3.142}, None, None
170.07, [INFO], robot6, {'battery-level': '38.63'}, None, None
170.07, [INFO], robot6, {'y': 12.918, 'x': -25.993, 'yaw': -3.142}, None, None
