0.00, [INFO], robot6, {'battery-level': '50.80'}, None, None
0.13, [DEBUG], logger, ROBOTS_CONFIG={'avg_speed': 0.15, 'battery_charge': 0.5080169438370433, 'battery_discharge_rate': 0.00072, 'id': 6, 'local_plan': [['navigation', ['PC Room 3', [[-27.23, 18.0, -1.57], [-27.23, 16.0], [-28.5, 16.0], [-28.5, 18.0, -1.57]]], 'navto_room'], ['approach_person', ['nurse'], 'approach_nurse'], ['authenticate_person', ['nurse'], 'authenticate_nurse'], ['operate_drawer', ['open'], 'open_drawer_for_nurse'], ['send_message', ['nurse'], 'notify_nurse_of_open_drawer_for_nurse_completed'], ['wait_message', ['nurse'], 'wait_nurse_to_complete_deposit'], ['operate_drawer', ['close'], 'close_drawer_nurse'], ['navigation', ['Laboratory', [[-28.5, 18.0, -1.57], [-28.5, 16.0], [-26.0, 16.0], [-26.0, 13.0, 1.57]]], 'navto_lab'], ['approach_robot', ['lab_arm'], 'approach_arm'], ['operate_drawer', ['open'], 'open_drawer_lab'], ['send_message', ['lab_arm'], 'notify_lab_arm_of_open_drawer_lab_completed'], ['wait_message', ['lab_arm'], 'wait_lab_arm_to_complete_pick_up_sample'], ['operate_drawer', ['close'], 'close_drawer_lab']], 'location': 'PC Room 4', 'name': 'r6', 'position': [-27.23, 18.0, -1.57], 'skills': ['approach_person', 'approach_robot', 'authenticate_person', 'navigation', 'operate_drawer']}, None, None
0.13, [DEBUG], logger, Simulation open, None, None
10.02, [INFO], robot6, {'battery-level': '50.15'}, None, None
10.02, [INFO], robot6, {'y': 17.568, 'x': -27.165, 'yaw': -3.142}, None, None
20.07, [INFO], robot6, {'battery-level': '49.43'}, None, None
20.07, [INFO], robot6, {'y': 16.37, 'x': -27.876, 'yaw': 3.141}, None, None
30.06, [INFO], robot6, {'battery-level': '48.71'}, None, None
30.06, [INFO], robot6, {'y': 17.838, 'x': -28.637, 'yaw': -3.141}, None, None
40.01, [INFO], robot6, {'battery-level': '47.99'}, None, None
40.01, [INFO], robot6, {'y': 17.951, 'x': -28.57, 'yaw': 3.141}, None, None
47.04, [info], nurse, sync, received-request, (status=sending-request)
47.04, [info], nurse, sync, request-sent, (status=waiting)
47.04, [info], nurse, sync, wait-message, (status=message-received)
50.04, [INFO], robot6, {'battery-level': '47.27'}, None, None
50.04, [INFO], robot6, {'y': 17.619, 'x': -28.648, 'yaw': 3.14}, None, None
60.01, [INFO], robot6, {'battery-level': '46.55'}, None, None
60.01, [INFO], robot6, {'y': 16.059, 'x': -27.925, 'yaw': 3.139}, None, None
70.07, [INFO], robot6, {'y': 15.552, 'x': -26.01, 'yaw': 3.139}, None, None
70.07, [INFO], robot6, {'battery-level': '45.83'}, None, None
80.01, [INFO], robot6, {'battery-level': '45.11'}, None, None
80.01, [INFO], robot6, {'y': 13.476, 'x': -25.731, 'yaw': 3.141}, None, None
89.67, [info], lab_arm, sync, wait-message, (status=message-received)
90.06, [INFO], robot6, {'battery-level': '44.39'}, None, None
90.06, [INFO], robot6, {'y': 12.922, 'x': -25.942, 'yaw': 3.141}, None, None
90.65, [WARN], robot6, SUCCESS, None, None
100.06, [INFO], robot6, {'y': 12.922, 'x': -25.942, 'yaw': -3.142}, None, None
100.06, [INFO], robot6, {'battery-level': '43.67'}, None, None
110.05, [INFO], robot6, {'battery-level': '42.95'}, None, None
110.05, [INFO], robot6, {'y': 12.923, 'x': -25.942, 'yaw': -3.142}, None, None
