0.00, [INFO], robot6, {'battery-level': '50.80'}, None, None
0.00, [DEBUG], logger, ROBOTS_CONFIG={'avg_speed': 0.15, 'battery_charge': 0.5080169438370433, 'battery_discharge_rate': 0.00072, 'id': 6, 'local_plan': [['navigation', ['PC Room 3', [[-27.23, 18.0, -1.57], [-27.23, 16.0], [-28.5, 16.0], [-28.5, 18.0, -1.57]]], 'navto_room'], ['approach_person', ['nurse'], 'approach_nurse'], ['authenticate_person', ['nurse'], 'authenticate_nurse'], ['operate_drawer', ['open'], 'open_drawer_for_nurse'], ['send_message', ['nurse'], 'notify_nurse_of_open_drawer_for_nurse_completed'], ['wait_message', ['nurse'], 'wait_nurse_to_complete_deposit'], ['operate_drawer', ['close'], 'close_drawer_nurse'], ['navigation', ['Laboratory', [[-28.5, 18.0, -1.57], [-28.5, 16.0], [-26.0, 16.0], [-26.0, 13.0, 1.57]]], 'navto_lab'], ['approach_robot', ['lab_arm'], 'approach_arm'], ['operate_drawer', ['open'], 'open_drawer_lab'], ['send_message', ['lab_arm'], 'notify_lab_arm_of_open_drawer_lab_completed'], ['wait_message', ['lab_arm'], 'wait_lab_arm_to_complete_pick_up_sample'], ['operate_drawer', ['close'], 'close_drawer_lab']], 'location': 'PC Room 4', 'name': 'r6', 'position': [-27.23, 18.0, -1.57], 'skills': ['approach_person', 'approach_robot', 'authenticate_person', 'navigation', 'operate_drawer']}, None, None
0.00, [DEBUG], logger, Simulation open, None, None
10.08, [INFO], robot6, {'y': 17.602, 'x': -27.164, 'yaw': -3.142}, None, None
10.08, [INFO], robot6, {'battery-level': '50.15'}, None, None
20.04, [INFO], robot6, {'battery-level': '49.43'}, None, None
20.04, [INFO], robot6, {'y': 16.462, 'x': -27.903, 'yaw': 3.142}, None, None
30.00, [INFO], robot6, {'y': 17.426, 'x': -28.781, 'yaw': 3.14}, None, None
30.00, [INFO], robot6, {'battery-level': '48.71'}, None, None
40.09, [INFO], robot6, {'y': 17.391, 'x': -28.7, 'yaw': 3.141}, None, None
40.09, [INFO], robot6, {'battery-level': '47.99'}, None, None
50.05, [INFO], robot6, {'battery-level': '47.27'}, None, None
50.05, [INFO], robot6, {'y': 17.512, 'x': -28.703, 'yaw': 3.14}, None, None
60.08, [INFO], robot6, {'battery-level': '46.55'}, None, None
60.08, [INFO], robot6, {'y': 17.411, 'x': -28.546, 'yaw': -3.142}, None, None
70.03, [INFO], robot6, {'battery-level': '45.83'}, None, None
70.03, [INFO], robot6, {'y': 17.351, 'x': -28.603, 'yaw': -3.141}, None, None
80.07, [INFO], robot6, {'battery-level': '45.11'}, None, None
80.07, [INFO], robot6, {'y': 17.36, 'x': -28.515, 'yaw': -3.141}, None, None
90.01, [INFO], robot6, {'battery-level': '44.39'}, None, None
90.01, [INFO], robot6, {'y': 17.485, 'x': -28.812, 'yaw': 3.142}, None, None
100.05, [INFO], robot6, {'battery-level': '43.67'}, None, None
100.05, [INFO], robot6, {'y': 17.584, 'x': -28.425, 'yaw': 3.142}, None, None
110.09, [INFO], robot6, {'y': 17.377, 'x': -28.556, 'yaw': 3.142}, None, None
110.09, [INFO], robot6, {'battery-level': '42.95'}, None, None
120.03, [INFO], robot6, {'battery-level': '42.23'}, None, None
120.03, [INFO], robot6, {'y': 17.528, 'x': -28.803, 'yaw': -3.141}, None, None
130.08, [INFO], robot6, {'battery-level': '41.51'}, None, None
130.08, [INFO], robot6, {'y': 17.457, 'x': -28.547, 'yaw': 3.142}, None, None
140.07, [INFO], robot6, {'battery-level': '40.79'}, None, None
140.07, [INFO], robot6, {'y': 17.403, 'x': -28.741, 'yaw': -3.141}, None, None
150.04, [INFO], robot6, {'battery-level': '40.07'}, None, None
150.04, [INFO], robot6, {'y': 17.357, 'x': -28.502, 'yaw': 3.141}, None, None
160.09, [INFO], robot6, {'battery-level': '39.35'}, None, None
160.09, [INFO], robot6, {'y': 17.491, 'x': -28.814, 'yaw': -3.141}, None, None
165.80, [WARN], robot6, SKILL-FAILURE, navigation, navto_room
170.08, [INFO], robot6, {'y': 17.496, 'x': -28.806, 'yaw': 3.142}, None, None
170.08, [INFO], robot6, {'battery-level': '38.63'}, None, None
