0.00, [INFO], robot2, {'battery-level': '83.45'}, None, None
0.00, [DEBUG], logger, ROBOTS_CONFIG={'avg_speed': 0.15, 'battery_charge': 0.8344531419634984, 'battery_discharge_rate': 0.00054, 'id': 2, 'local_plan': [['navigation', ['IC Room 6', [[-19.0, 18.0, -1.57], [-19.0, 16.0], [-37.0, 16.0], [-37.0, 18.93], [-33.9, 18.93, 3.14]]], 'navto_room'], ['approach_person', ['nurse'], 'approach_nurse'], ['authenticate_person', ['nurse'], 'authenticate_nurse'], ['operate_drawer', ['open'], 'open_drawer_for_nurse'], ['send_message', ['nurse'], 'notify_nurse_of_open_drawer_for_nurse_completed'], ['wait_message', ['nurse'], 'wait_nurse_to_complete_deposit'], ['operate_drawer', ['close'], 'close_drawer_nurse'], ['navigation', ['Laboratory', [[-33.9, 18.93, 3.14], [-37.0, 18.93], [-37.0, 16.0], [-26.0, 16.0], [-26.0, 13.0, 1.57]]], 'navto_lab'], ['approach_robot', ['lab_arm'], 'approach_arm'], ['operate_drawer', ['open'], 'open_drawer_lab'], ['send_message', ['lab_arm'], 'notify_lab_arm_of_open_drawer_lab_completed'], ['wait_message', ['lab_arm'], 'wait_lab_arm_to_complete_pick_up_sample'], ['operate_drawer', ['close'], 'close_drawer_lab']], 'location': 'PC Room 6', 'name': 'r2', 'position': [-19.0, 18.0, -1.57], 'skills': ['approach_person', 'approach_robot', 'authenticate_person', 'navigation', 'operate_drawer']}, None, None
0.00, [DEBUG], logger, Simulation open, None, None
10.04, [INFO], robot2, {'battery-level': '82.96'}, None, None
10.04, [INFO], robot2, {'y': 17.441, 'x': -19.213, 'yaw': 3.142}, None, None
20.09, [INFO], robot2, {'y': 16.198, 'x': -20.28, 'yaw': 3.141}, None, None
20.09, [INFO], robot2, {'battery-level': '82.42'}, None, None
30.07, [INFO], robot2, {'battery-level': '81.88'}, None, None
30.07, [INFO], robot2, {'y': 16.134, 'x': -22.386, 'yaw': -3.137}, None, None
40.09, [INFO], robot2, {'battery-level': '81.34'}, None, None
40.09, [INFO], robot2, {'y': 16.099, 'x': -24.498, 'yaw': 3.14}, None, None
50.07, [INFO], robot2, {'y': 16.043, 'x': -26.613, 'yaw': 3.139}, None, None
50.07, [INFO], robot2, {'battery-level': '80.80'}, None, None
60.00, [INFO], robot2, {'battery-level': '80.26'}, None, None
60.00, [INFO], robot2, {'y': 16.133, 'x': -28.699, 'yaw': 3.142}, None, None
70.10, [INFO], robot2, {'y': 16.063, 'x': -30.835, 'yaw': -3.141}, None, None
70.10, [INFO], robot2, {'battery-level': '79.72'}, None, None
80.01, [INFO], robot2, {'y': 15.797, 'x': -32.926, 'yaw': -3.141}, None, None
80.01, [INFO], robot2, {'battery-level': '79.18'}, None, None
90.03, [INFO], robot2, {'battery-level': '78.64'}, None, None
90.03, [INFO], robot2, {'y': 15.383, 'x': -35.022, 'yaw': -3.141}, None, None
100.03, [INFO], robot2, {'y': 16.05, 'x': -36.938, 'yaw': -3.142}, None, None
100.03, [INFO], robot2, {'battery-level': '78.10'}, None, None
110.04, [INFO], robot2, {'y': 17.605, 'x': -36.904, 'yaw': -3.141}, None, None
110.04, [INFO], robot2, {'battery-level': '77.56'}, None, None
120.03, [INFO], robot2, {'battery-level': '77.02'}, None, None
120.03, [INFO], robot2, {'y': 17.673, 'x': -36.896, 'yaw': -3.142}, None, None
130.05, [INFO], robot2, {'battery-level': '76.48'}, None, None
130.05, [INFO], robot2, {'y': 17.663, 'x': -36.895, 'yaw': 3.142}, None, None
140.05, [INFO], robot2, {'battery-level': '75.94'}, None, None
140.05, [INFO], robot2, {'y': 17.662, 'x': -36.886, 'yaw': -3.142}, None, None
150.10, [INFO], robot2, {'battery-level': '75.40'}, None, None
150.10, [INFO], robot2, {'y': 17.663, 'x': -36.886, 'yaw': -3.142}, None, None
160.05, [INFO], robot2, {'battery-level': '74.86'}, None, None
160.05, [INFO], robot2, {'y': 17.663, 'x': -36.886, 'yaw': 3.142}, None, None
170.00, [INFO], robot2, {'battery-level': '74.32'}, None, None
170.00, [INFO], robot2, {'y': 17.663, 'x': -36.886, 'yaw': 3.142}, None, None
180.04, [INFO], robot2, {'battery-level': '73.78'}, None, None
180.04, [INFO], robot2, {'y': 17.672, 'x': -37.116, 'yaw': 3.142}, None, None
190.02, [INFO], robot2, {'y': 17.675, 'x': -37.188, 'yaw': 3.142}, None, None
190.02, [INFO], robot2, {'battery-level': '73.24'}, None, None
200.01, [INFO], robot2, {'battery-level': '72.70'}, None, None
200.01, [INFO], robot2, {'y': 17.675, 'x': -37.188, 'yaw': 3.142}, None, None
210.01, [INFO], robot2, {'y': 17.675, 'x': -37.188, 'yaw': -3.142}, None, None
210.01, [INFO], robot2, {'battery-level': '72.16'}, None, None
220.09, [INFO], robot2, {'battery-level': '71.62'}, None, None
220.09, [INFO], robot2, {'y': 17.675, 'x': -37.188, 'yaw': -3.142}, None, None
230.03, [INFO], robot2, {'y': 17.669, 'x': -37.194, 'yaw': -3.142}, None, None
230.03, [INFO], robot2, {'battery-level': '71.08'}, None, None
239.98, [INFO], robot2, {'y': 17.667, 'x': -37.186, 'yaw': -3.141}, None, None
240.07, [INFO], robot2, {'battery-level': '70.54'}, None, None
245.75, [WARN], robot2, SKILL-FAILURE, navigation, navto_room
250.04, [INFO], robot2, {'battery-level': '70.00'}, None, None
250.04, [INFO], robot2, {'y': 17.664, 'x': -37.155, 'yaw': -3.142}, None, None
260.07, [INFO], robot2, {'battery-level': '69.46'}, None, None
260.07, [INFO], robot2, {'y': 17.664, 'x': -37.155, 'yaw': 3.142}, None, None
