0.00, [DEBUG], nurse, NURSE_CONFIG={'location': 'PC Room 3', 'position': [-28.5, 18.0, -1.57]}, None, None
0.13, [DEBUG], logger, ROBOTS_CONFIG={'avg_speed': 0.15, 'battery_charge': 0.5914703710515797, 'battery_discharge_rate': 0.00048000000000000007, 'id': 1, 'local_plan': [['navigation', ['PC Room 3', [[-39.44, 33.95, 0.0], [-37.0, 33.95], [-37.0, 16.0], [-28.5, 16.0], [-28.5, 18.0, -1.57]]], 'navto_room'], ['approach_person', ['nurse'], 'approach_nurse'], ['authenticate_person', ['nurse'], 'authenticate_nurse'], ['operate_drawer', ['open'], 'open_drawer_for_nurse'], ['send_message', ['nurse'], 'notify_nurse_of_open_drawer_for_nurse_completed'], ['wait_message', ['nurse'], 'wait_nurse_to_complete_deposit'], ['operate_drawer', ['close'], 'close_drawer_nurse'], ['navigation', ['Laboratory', [[-28.5, 18.0, -1.57], [-28.5, 16.0], [-26.0, 16.0], [-26.0, 13.0, 1.57]]], 'navto_lab'], ['approach_robot', ['lab_arm'], 'approach_arm'], ['operate_drawer', ['open'], 'open_drawer_lab'], ['send_message', ['lab_arm'], 'notify_lab_arm_of_open_drawer_lab_completed'], ['wait_message', ['lab_arm'], 'wait_lab_arm_to_complete_pick_up_sample'], ['operate_drawer', ['close'], 'close_drawer_lab']], 'location': 'IC Room 4', 'name': 'r1', 'position': [-39.44, 33.95, 0.0], 'skills': ['approach_person', 'approach_robot', 'authenticate_person', 'navigation', 'operate_drawer']}, None, None
0.13, [DEBUG], logger, Simulation open, None, None
10.01, [INFO], robot1, {'y': 33.95, 'x': -39.44, 'yaw': 3.142}, None, None
10.01, [INFO], robot1, {'battery-level': '58.72'}, None, None
20.05, [INFO], robot1, {'battery-level': '58.24'}, None, None
20.05, [INFO], robot1, {'y': 34.34, 'x': -38.606, 'yaw': 3.141}, None, None
30.09, [INFO], robot1, {'y': 33.736, 'x': -37.012, 'yaw': -3.142}, None, None
30.09, [INFO], robot1, {'battery-level': '57.76'}, None, None
40.04, [INFO], robot1, {'battery-level': '57.28'}, None, None
40.04, [INFO], robot1, {'y': 31.642, 'x': -37.043, 'yaw': 3.14}, None, None
50.08, [INFO], robot1, {'y': 29.527, 'x': -37.049, 'yaw': 3.14}, None, None
50.08, [INFO], robot1, {'battery-level': '56.80'}, None, None
60.03, [INFO], robot1, {'y': 27.434, 'x': -37.029, 'yaw': 3.136}, None, None
60.03, [INFO], robot1, {'battery-level': '56.32'}, None, None
70.06, [INFO], robot1, {'battery-level': '55.84'}, None, None
70.06, [INFO], robot1, {'y': 25.312, 'x': -37.049, 'yaw': -3.142}, None, None
80.02, [INFO], robot1, {'battery-level': '55.36'}, None, None
80.02, [INFO], robot1, {'y': 23.203, 'x': -37.028, 'yaw': 3.14}, None, None
90.10, [INFO], robot1, {'y': 21.07, 'x': -37.116, 'yaw': 3.142}, None, None
90.10, [INFO], robot1, {'battery-level': '54.88'}, None, None
100.08, [INFO], robot1, {'battery-level': '54.40'}, None, None
100.08, [INFO], robot1, {'y': 18.966, 'x': -37.006, 'yaw': 3.142}, None, None
110.03, [INFO], robot1, {'y': 16.864, 'x': -36.98, 'yaw': 3.14}, None, None
110.03, [INFO], robot1, {'battery-level': '53.92'}, None, None
120.01, [INFO], robot1, {'battery-level': '53.44'}, None, None
120.01, [INFO], robot1, {'y': 15.708, 'x': -35.603, 'yaw': -3.142}, None, None
130.08, [INFO], robot1, {'battery-level': '52.96'}, None, None
130.08, [INFO], robot1, {'y': 15.446, 'x': -33.484, 'yaw': -3.142}, None, None
140.05, [INFO], robot1, {'y': 15.524, 'x': -31.373, 'yaw': -3.141}, None, None
140.05, [INFO], robot1, {'battery-level': '52.48'}, None, None
150.01, [INFO], robot1, {'battery-level': '52.00'}, None, None
150.01, [INFO], robot1, {'y': 15.763, 'x': -29.262, 'yaw': 3.141}, None, None
160.01, [INFO], robot1, {'battery-level': '51.52'}, None, None
160.01, [INFO], robot1, {'y': 17.525, 'x': -28.649, 'yaw': 3.141}, None, None
170.07, [INFO], robot1, {'y': 18.018, 'x': -28.646, 'yaw': -3.142}, None, None
170.07, [INFO], robot1, {'battery-level': '51.04'}, None, None
175.55, [info], nurse, sync, received-request, (status=sending-request)
175.55, [info], nurse, sync, request-sent, (status=waiting)
175.55, [info], nurse, sync, wait-message, (status=message-received)
180.02, [INFO], robot1, {'battery-level': '50.56'}, None, None
180.02, [INFO], robot1, {'y': 17.341, 'x': -28.712, 'yaw': 3.14}, None, None
190.02, [INFO], robot1, {'battery-level': '50.08'}, None, None
190.02, [INFO], robot1, {'y': 16.115, 'x': -27.676, 'yaw': 3.141}, None, None
200.03, [INFO], robot1, {'battery-level': '49.60'}, None, None
200.03, [INFO], robot1, {'y': 15.109, 'x': -26.054, 'yaw': 3.142}, None, None
210.09, [INFO], robot1, {'y': 13.069, 'x': -25.772, 'yaw': -3.142}, None, None
210.09, [INFO], robot1, {'battery-level': '49.12'}, None, None
220.03, [INFO], robot1, {'battery-level': '48.64'}, None, None
220.03, [INFO], robot1, {'y': 12.866, 'x': -25.945, 'yaw': 3.142}, None, None
221.40, [info], lab_arm, sync, wait-message, (status=message-received)
222.37, [WARN], robot1, SUCCESS, None, None
230.02, [INFO], robot1, {'battery-level': '48.16'}, None, None
230.02, [INFO], robot1, {'y': 12.864, 'x': -25.944, 'yaw': -3.142}, None, None
