0.00, [DEBUG], nurse, NURSE_CONFIG={'location': 'IC Room 6', 'position': [-33.9, 18.93, 3.14]}, None, None
0.13, [DEBUG], logger, ROBOTS_CONFIG={'avg_speed': 0.15, 'battery_charge': 0.2817995261312799, 'battery_discharge_rate': 0.00076, 'id': 5, 'local_plan': [['navigation', ['IC Room 6', [[-13.5, 18.0, -1.57], [-13.5, 16.0], [-37.0, 16.0], [-37.0, 18.93], [-33.9, 18.93, 3.14]]], 'navto_room'], ['approach_person', ['nurse'], 'approach_nurse'], ['authenticate_person', ['nurse'], 'authenticate_nurse'], ['operate_drawer', ['open'], 'open_drawer_for_nurse'], ['send_message', ['nurse'], 'notify_nurse_of_open_drawer_for_nurse_completed'], ['wait_message', ['nurse'], 'wait_nurse_to_complete_deposit'], ['operate_drawer', ['close'], 'close_drawer_nurse'], ['navigation', ['Laboratory', [[-33.9, 18.93, 3.14], [-37.0, 18.93], [-37.0, 16.0], [-26.0, 16.0], [-26.0, 13.0, 1.57]]], 'navto_lab'], ['approach_robot', ['lab_arm'], 'approach_arm'], ['operate_drawer', ['open'], 'open_drawer_lab'], ['send_message', ['lab_arm'], 'notify_lab_arm_of_open_drawer_lab_completed'], ['wait_message', ['lab_arm'], 'wait_lab_arm_to_complete_pick_up_sample'], ['operate_drawer', ['close'], 'close_drawer_lab']], 'location': 'PC Room 7', 'name': 'r5', 'position': [-13.5, 18.0, -1.57], 'skills': ['approach_person', 'authenticate_person', 'navigation', 'operate_drawer']}, None, None
0.13, [DEBUG], logger, Simulation open, None, None
10.03, [INFO], robot5, {'battery-level': '27.50'}, None, None
10.03, [INFO], robot5, {'y': 17.359, 'x': -13.493, 'yaw': 3.142}, None, None
20.08, [INFO], robot5, {'y': 15.986, 'x': -14.496, 'yaw': 3.142}, None, None
20.08, [INFO], robot5, {'battery-level': '26.74'}, None, None
30.00, [INFO], robot5, {'battery-level': '25.98'}, None, None
30.00, [INFO], robot5, {'y': 15.906, 'x': -16.597, 'yaw': 3.141}, None, None
40.08, [INFO], robot5, {'y': 15.917, 'x': -18.722, 'yaw': 3.142}, None, None
40.08, [INFO], robot5, {'battery-level': '25.22'}, None, None
50.04, [INFO], robot5, {'battery-level': '24.46'}, None, None
50.04, [INFO], robot5, {'y': 16.107, 'x': -20.819, 'yaw': -3.139}, None, None
60.10, [INFO], robot5, {'battery-level': '23.70'}, None, None
60.10, [INFO], robot5, {'y': 16.092, 'x': -22.945, 'yaw': 3.141}, None, None
70.07, [INFO], robot5, {'y': 16.066, 'x': -25.057, 'yaw': 3.141}, None, None
70.07, [INFO], robot5, {'battery-level': '22.94'}, None, None
80.01, [INFO], robot5, {'y': 16.062, 'x': -27.149, 'yaw': 3.141}, None, None
80.01, [INFO], robot5, {'battery-level': '22.18'}, None, None
90.04, [INFO], robot5, {'y': 16.141, 'x': -29.271, 'yaw': 3.142}, None, None
90.04, [INFO], robot5, {'battery-level': '21.42'}, None, None
100.04, [INFO], robot5, {'y': 16.024, 'x': -31.393, 'yaw': 3.141}, None, None
100.04, [INFO], robot5, {'battery-level': '20.66'}, None, None
110.03, [INFO], robot5, {'battery-level': '19.90'}, None, None
110.03, [INFO], robot5, {'y': 15.722, 'x': -33.496, 'yaw': 3.141}, None, None
120.07, [INFO], robot5, {'battery-level': '19.14'}, None, None
120.07, [INFO], robot5, {'y': 15.468, 'x': -35.591, 'yaw': -3.141}, None, None
130.07, [INFO], robot5, {'y': 16.698, 'x': -36.861, 'yaw': 3.142}, None, None
130.07, [INFO], robot5, {'battery-level': '18.38'}, None, None
140.04, [INFO], robot5, {'battery-level': '17.62'}, None, None
140.04, [INFO], robot5, {'y': 17.701, 'x': -36.831, 'yaw': -3.142}, None, None
150.04, [INFO], robot5, {'battery-level': '16.86'}, None, None
150.04, [INFO], robot5, {'y': 17.751, 'x': -36.811, 'yaw': -3.142}, None, None
160.05, [INFO], robot5, {'battery-level': '16.10'}, None, None
160.05, [INFO], robot5, {'y': 17.749, 'x': -36.801, 'yaw': -3.141}, None, None
170.03, [INFO], robot5, {'battery-level': '15.34'}, None, None
170.03, [INFO], robot5, {'y': 17.756, 'x': -36.796, 'yaw': -3.142}, None, None
180.09, [INFO], robot5, {'battery-level': '14.58'}, None, None
180.09, [INFO], robot5, {'y': 17.756, 'x': -36.796, 'yaw': -3.142}, None, None
190.04, [INFO], robot5, {'y': 17.756, 'x': -36.796, 'yaw': -3.142}, None, None
190.04, [INFO], robot5, {'battery-level': '13.82'}, None, None
200.01, [INFO], robot5, {'battery-level': '13.06'}, None, None
200.01, [INFO], robot5, {'y': 17.756, 'x': -36.797, 'yaw': -3.142}, None, None
210.05, [INFO], robot5, {'y': 17.685, 'x': -36.999, 'yaw': 3.142}, None, None
210.05, [INFO], robot5, {'battery-level': '12.30'}, None, None
220.07, [INFO], robot5, {'y': 17.746, 'x': -37.03, 'yaw': 3.142}, None, None
220.07, [INFO], robot5, {'battery-level': '11.54'}, None, None
230.03, [INFO], robot5, {'battery-level': '10.78'}, None, None
230.03, [INFO], robot5, {'y': 17.746, 'x': -37.031, 'yaw': -3.142}, None, None
240.02, [INFO], robot5, {'battery-level': '10.02'}, None, None
240.02, [INFO], robot5, {'y': 17.738, 'x': -37.02, 'yaw': -3.141}, None, None
250.06, [INFO], robot5, {'battery-level': '9.26'}, None, None
250.06, [INFO], robot5, {'y': 17.73, 'x': -37.002, 'yaw': -3.142}, None, None
260.05, [INFO], robot5, {'y': 17.751, 'x': -36.971, 'yaw': -3.142}, None, None
260.05, [INFO], robot5, {'battery-level': '8.50'}, None, None
270.06, [INFO], robot5, {'y': 17.75, 'x': -36.954, 'yaw': 3.142}, None, None
270.06, [INFO], robot5, {'battery-level': '7.74'}, None, None
275.60, [WARN], robot5, SKILL-FAILURE, navigation, navto_room
280.08, [INFO], robot5, {'y': 17.75, 'x': -36.954, 'yaw': -3.142}, None, None
280.08, [INFO], robot5, {'battery-level': '6.98'}, None, None
290.01, [INFO], robot5, {'y': 17.75, 'x': -36.954, 'yaw': -3.142}, None, None
290.01, [INFO], robot5, {'battery-level': '6.22'}, None, None
