0.00, [INFO], robot4, {'battery-level': '65.21'}, None, None
0.12, [DEBUG], logger, ROBOTS_CONFIG={'avg_speed': 0.15, 'battery_charge': 0.6520875066754872, 'battery_discharge_rate': 0.0005600000000000001, 'id': 4, 'local_plan': [['navigation', ['IC Room 6', [[-39.44, 33.95, 0.0], [-37.0, 33.95], [-37.0, 18.93], [-33.9, 18.93, 3.14]]], 'navto_room'], ['approach_person', ['nurse'], 'approach_nurse'], ['authenticate_person', ['nurse'], 'authenticate_nurse'], ['operate_drawer', ['open'], 'open_drawer_for_nurse'], ['send_message', ['nurse'], 'notify_nurse_of_open_drawer_for_nurse_completed'], ['wait_message', ['nurse'], 'wait_nurse_to_complete_deposit'], ['operate_drawer', ['close'], 'close_drawer_nurse'], ['navigation', ['Laboratory', [[-33.9, 18.93, 3.14], [-37.0, 18.93], [-37.0, 16.0], [-26.0, 16.0], [-26.0, 13.0, 1.57]]], 'navto_lab'], ['approach_robot', ['lab_arm'], 'approach_arm'], ['operate_drawer', ['open'], 'open_drawer_lab'], ['send_message', ['lab_arm'], 'notify_lab_arm_of_open_drawer_lab_completed'], ['wait_message', ['lab_arm'], 'wait_lab_arm_to_complete_pick_up_sample'], ['operate_drawer', ['close'], 'close_drawer_lab']], 'location': 'IC Room 4', 'name': 'r4', 'position': [-39.44, 33.95, 0.0], 'skills': ['approach_person', 'approach_robot', 'authenticate_person', 'navigation', 'operate_drawer']}, None, None
0.12, [DEBUG], logger, Simulation open, None, None
10.08, [INFO], robot4, {'battery-level': '64.70'}, None, None
10.08, [INFO], robot4, {'y': 34.164, 'x': -38.867, 'yaw': 3.137}, None, None
20.03, [INFO], robot4, {'battery-level': '64.14'}, None, None
20.03, [INFO], robot4, {'y': 34.026, 'x': -37.088, 'yaw': 3.14}, None, None
30.06, [INFO], robot4, {'battery-level': '63.58'}, None, None
30.06, [INFO], robot4, {'y': 31.904, 'x': -36.998, 'yaw': 3.141}, None, None
40.03, [INFO], robot4, {'battery-level': '63.02'}, None, None
40.03, [INFO], robot4, {'y': 29.805, 'x': -37.065, 'yaw': 3.141}, None, None
50.08, [INFO], robot4, {'battery-level': '62.46'}, None, None
50.08, [INFO], robot4, {'y': 27.673, 'x': -37.0, 'yaw': 3.141}, None, None
60.08, [INFO], robot4, {'y': 25.566, 'x': -36.988, 'yaw': -3.142}, None, None
60.08, [INFO], robot4, {'battery-level': '61.90'}, None, None
70.03, [INFO], robot4, {'battery-level': '61.34'}, None, None
70.03, [INFO], robot4, {'y': 23.473, 'x': -37.052, 'yaw': 3.141}, None, None
80.05, [INFO], robot4, {'y': 21.366, 'x': -37.168, 'yaw': 3.141}, None, None
80.05, [INFO], robot4, {'battery-level': '60.78'}, None, None
90.07, [INFO], robot4, {'battery-level': '60.22'}, None, None
90.07, [INFO], robot4, {'y': 19.256, 'x': -37.051, 'yaw': 3.136}, None, None
100.06, [INFO], robot4, {'y': 17.774, 'x': -35.526, 'yaw': 3.141}, None, None
100.06, [INFO], robot4, {'battery-level': '59.66'}, None, None
110.08, [INFO], robot4, {'battery-level': '59.10'}, None, None
110.08, [INFO], robot4, {'y': 18.832, 'x': -33.981, 'yaw': -3.142}, None, None
117.02, [info], nurse, sync, received-request, (status=sending-request)
117.02, [info], nurse, sync, request-sent, (status=waiting)
117.02, [info], nurse, sync, wait-message, (status=message-received)
120.01, [INFO], robot4, {'y': 18.846, 'x': -34.209, 'yaw': 3.141}, None, None
120.01, [INFO], robot4, {'battery-level': '58.54'}, None, None
130.03, [INFO], robot4, {'battery-level': '57.98'}, None, None
130.03, [INFO], robot4, {'y': 17.771, 'x': -35.791, 'yaw': 3.14}, None, None
140.02, [INFO], robot4, {'y': 17.982, 'x': -36.172, 'yaw': -3.136}, None, None
140.02, [INFO], robot4, {'battery-level': '57.42'}, None, None
150.02, [INFO], robot4, {'battery-level': '56.86'}, None, None
150.02, [INFO], robot4, {'y': 17.326, 'x': -36.997, 'yaw': 3.141}, None, None
160.06, [INFO], robot4, {'battery-level': '56.30'}, None, None
160.06, [INFO], robot4, {'y': 17.485, 'x': -37.017, 'yaw': 3.141}, None, None
170.02, [INFO], robot4, {'battery-level': '55.74'}, None, None
170.02, [INFO], robot4, {'y': 17.29, 'x': -36.802, 'yaw': 3.142}, None, None
180.00, [INFO], robot4, {'battery-level': '55.18'}, None, None
180.00, [INFO], robot4, {'y': 17.37, 'x': -36.996, 'yaw': -3.142}, None, None
190.03, [INFO], robot4, {'battery-level': '54.62'}, None, None
190.03, [INFO], robot4, {'y': 17.251, 'x': -36.9, 'yaw': -3.142}, None, None
200.06, [INFO], robot4, {'y': 17.375, 'x': -37.006, 'yaw': -3.141}, None, None
200.06, [INFO], robot4, {'battery-level': '54.06'}, None, None
210.01, [INFO], robot4, {'battery-level': '53.50'}, None, None
210.01, [INFO], robot4, {'y': 17.075, 'x': -36.929, 'yaw': 3.142}, None, None
220.01, [INFO], robot4, {'y': 17.224, 'x': -37.112, 'yaw': -3.141}, None, None
220.01, [INFO], robot4, {'battery-level': '52.94'}, None, None
230.04, [INFO], robot4, {'y': 17.349, 'x': -36.926, 'yaw': -3.142}, None, None
230.04, [INFO], robot4, {'battery-level': '52.38'}, None, None
240.07, [INFO], robot4, {'battery-level': '51.82'}, None, None
240.07, [INFO], robot4, {'y': 17.349, 'x': -36.926, 'yaw': 3.142}, None, None
250.00, [INFO], robot4, {'y': 17.348, 'x': -36.926, 'yaw': 3.142}, None, None
250.00, [INFO], robot4, {'battery-level': '51.26'}, None, None
260.01, [INFO], robot4, {'battery-level': '50.70'}, None, None
260.01, [INFO], robot4, {'y': 17.19, 'x': -37.058, 'yaw': -3.142}, None, None
270.08, [INFO], robot4, {'battery-level': '50.14'}, None, None
270.08, [INFO], robot4, {'y': 17.388, 'x': -36.905, 'yaw': 3.142}, None, None
280.09, [INFO], robot4, {'battery-level': '49.58'}, None, None
280.09, [INFO], robot4, {'y': 17.364, 'x': -36.854, 'yaw': 3.142}, None, None
290.07, [INFO], robot4, {'y': 17.346, 'x': -36.85, 'yaw': 3.141}, None, None
290.07, [INFO], robot4, {'battery-level': '49.02'}, None, None
300.00, [INFO], robot4, {'battery-level': '48.46'}, None, None
300.00, [INFO], robot4, {'y': 17.477, 'x': -36.866, 'yaw': 3.141}, None, None
301.64, [WARN], robot4, SKILL-FAILURE, navigation, navto_lab
310.05, [INFO], robot4, {'y': 17.384, 'x': -37.072, 'yaw': 3.141}, None, None
310.05, [INFO], robot4, {'battery-level': '47.90'}, None, None
320.03, [INFO], robot4, {'battery-level': '47.34'}, None, None
320.03, [INFO], robot4, {'y': 17.383, 'x': -37.072, 'yaw': -3.142}, None, None
