0.00, [INFO], robot5, {'battery-level': '28.18'}, None, None
0.13, [DEBUG], logger, ROBOTS_CONFIG={'avg_speed': 0.15, 'battery_charge': 0.2817995261312799, 'battery_discharge_rate': 0.00076, 'id': 5, 'local_plan': [['navigation', ['PC Room 3', [[-33.9, 18.93, 3.14], [-37.0, 18.93], [-37.0, 16.0], [-28.5, 16.0], [-28.5, 18.0, -1.57]]], 'navto_room'], ['approach_person', ['nurse'], 'approach_nurse'], ['authenticate_person', ['nurse'], 'authenticate_nurse'], ['operate_drawer', ['open'], 'open_drawer_for_nurse'], ['send_message', ['nurse'], 'notify_nurse_of_open_drawer_for_nurse_completed'], ['wait_message', ['nurse'], 'wait_nurse_to_complete_deposit'], ['operate_drawer', ['close'], 'close_drawer_nurse'], ['navigation', ['Laboratory', [[-28.5, 18.0, -1.57], [-28.5, 16.0], [-26.0, 16.0], [-26.0, 13.0, 1.57]]], 'navto_lab'], ['approach_robot', ['lab_arm'], 'approach_arm'], ['operate_drawer', ['open'], 'open_drawer_lab'], ['send_message', ['lab_arm'], 'notify_lab_arm_of_open_drawer_lab_completed'], ['wait_message', ['lab_arm'], 'wait_lab_arm_to_complete_pick_up_sample'], ['operate_drawer', ['close'], 'close_drawer_lab']], 'location': 'IC Room 6', 'name': 'r5', 'position': [-33.9, 18.93, 3.14], 'skills': ['approach_person', 'authenticate_person', 'navigation', 'operate_drawer']}, None, None
0.13, [DEBUG], logger, Simulation open, None, None
10.07, [INFO], robot5, {'battery-level': '27.50'}, None, None
10.07, [INFO], robot5, {'y': 18.818, 'x': -34.157, 'yaw': -3.142}, None, None
20.03, [INFO], robot5, {'y': 17.774, 'x': -35.767, 'yaw': 3.137}, None, None
20.03, [INFO], robot5, {'battery-level': '26.74'}, None, None
30.08, [INFO], robot5, {'battery-level': '25.98'}, None, None
30.08, [INFO], robot5, {'y': 18.051, 'x': -36.665, 'yaw': 3.142}, None, None
40.03, [INFO], robot5, {'battery-level': '25.22'}, None, None
40.03, [INFO], robot5, {'y': 17.306, 'x': -36.763, 'yaw': 3.142}, None, None
50.08, [INFO], robot5, {'y': 17.438, 'x': -37.018, 'yaw': 3.141}, None, None
50.08, [INFO], robot5, {'battery-level': '24.46'}, None, None
60.04, [INFO], robot5, {'y': 17.518, 'x': -36.675, 'yaw': 3.142}, None, None
60.04, [INFO], robot5, {'battery-level': '23.70'}, None, None
70.06, [INFO], robot5, {'y': 17.254, 'x': -37.107, 'yaw': 3.142}, None, None
70.06, [INFO], robot5, {'battery-level': '22.94'}, None, None
80.08, [INFO], robot5, {'battery-level': '22.18'}, None, None
80.08, [INFO], robot5, {'y': 17.287, 'x': -37.149, 'yaw': -3.142}, None, None
90.08, [INFO], robot5, {'battery-level': '21.42'}, None, None
90.08, [INFO], robot5, {'y': 17.322, 'x': -36.819, 'yaw': 3.141}, None, None
100.05, [INFO], robot5, {'y': 17.519, 'x': -36.992, 'yaw': -3.142}, None, None
100.05, [INFO], robot5, {'battery-level': '20.66'}, None, None
110.01, [INFO], robot5, {'y': 17.479, 'x': -36.677, 'yaw': 3.141}, None, None
110.01, [INFO], robot5, {'battery-level': '19.90'}, None, None
120.04, [INFO], robot5, {'battery-level': '19.14'}, None, None
120.04, [INFO], robot5, {'y': 17.422, 'x': -36.887, 'yaw': 3.142}, None, None
130.05, [INFO], robot5, {'battery-level': '18.38'}, None, None
130.05, [INFO], robot5, {'y': 17.234, 'x': -37.089, 'yaw': 3.141}, None, None
140.04, [INFO], robot5, {'y': 17.338, 'x': -36.848, 'yaw': 3.142}, None, None
140.04, [INFO], robot5, {'battery-level': '17.62'}, None, None
150.03, [INFO], robot5, {'y': 17.404, 'x': -36.86, 'yaw': 3.14}, None, None
150.03, [INFO], robot5, {'battery-level': '16.86'}, None, None
160.03, [INFO], robot5, {'battery-level': '16.10'}, None, None
160.03, [INFO], robot5, {'y': 17.346, 'x': -36.958, 'yaw': -3.142}, None, None
170.10, [INFO], robot5, {'battery-level': '15.34'}, None, None
170.10, [INFO], robot5, {'y': 17.253, 'x': -36.905, 'yaw': -3.141}, None, None
179.07, [WARN], robot5, SKILL-FAILURE, navigation, navto_room
180.09, [INFO], robot5, {'y': 17.448, 'x': -36.982, 'yaw': 3.142}, None, None
180.09, [INFO], robot5, {'battery-level': '14.58'}, None, None
189.96, [INFO], robot5, {'y': 17.448, 'x': -36.982, 'yaw': -3.142}, None, None
190.06, [INFO], robot5, {'battery-level': '13.82'}, None, None
200.08, [INFO], robot5, {'y': 17.448, 'x': -36.982, 'yaw': -3.142}, None, None
200.08, [INFO], robot5, {'battery-level': '13.06'}, None, None
