0.00, [DEBUG], nurse, NURSE_CONFIG={'location': 'IC Room 6', 'position': [-33.9, 18.93, 3.14]}, None, None
0.00, [INFO], robot5, {'battery-level': '28.18'}, None, None
0.18, [DEBUG], logger, ROBOTS_CONFIG={'avg_speed': 0.15, 'battery_charge': 0.2817995261312799, 'battery_discharge_rate': 0.00076, 'id': 5, 'local_plan': [['navigation', ['IC Room 6', [[-13.5, 18.0, -1.57], [-13.5, 16.0], [-37.0, 16.0], [-37.0, 18.93], [-33.9, 18.93, 3.14]]], 'navto_room'], ['approach_person', ['nurse'], 'approach_nurse'], ['authenticate_person', ['nurse'], 'authenticate_nurse'], ['operate_drawer', ['open'], 'open_drawer_for_nurse'], ['send_message', ['nurse'], 'notify_nurse_of_open_drawer_for_nurse_completed'], ['wait_message', ['nurse'], 'wait_nurse_to_complete_deposit'], ['operate_drawer', ['close'], 'close_drawer_nurse'], ['navigation', ['Laboratory', [[-33.9, 18.93, 3.14], [-37.0, 18.93], [-37.0, 16.0], [-26.0, 16.0], [-26.0, 13.0, 1.57]]], 'navto_lab'], ['approach_robot', ['lab_arm'], 'approach_arm'], ['operate_drawer', ['open'], 'open_drawer_lab'], ['send_message', ['lab_arm'], 'notify_lab_arm_of_open_drawer_lab_completed'], ['wait_message', ['lab_arm'], 'wait_lab_arm_to_complete_pick_up_sample'], ['operate_drawer', ['close'], 'close_drawer_lab']], 'location': 'PC Room 7', 'name': 'r5', 'position': [-13.5, 18.0, -1.57], 'skills': ['approach_person', 'approach_robot', 'authenticate_person', 'navigation', 'operate_drawer']}, None, None
0.18, [DEBUG], logger, Simulation open, None, None
10.09, [INFO], robot5, {'y': 17.362, 'x': -13.499, 'yaw': 3.142}, None, None
10.09, [INFO], robot5, {'battery-level': '27.50'}, None, None
20.07, [INFO], robot5, {'battery-level': '26.74'}, None, None
20.07, [INFO], robot5, {'y': 15.97, 'x': -14.465, 'yaw': -3.141}, None, None
30.05, [INFO], robot5, {'battery-level': '25.98'}, None, None
30.05, [INFO], robot5, {'y': 15.855, 'x': -16.567, 'yaw': 3.141}, None, None
40.02, [INFO], robot5, {'y': 15.884, 'x': -18.666, 'yaw': -3.142}, None, None
40.02, [INFO], robot5, {'battery-level': '25.22'}, None, None
50.01, [INFO], robot5, {'y': 16.087, 'x': -20.771, 'yaw': -3.141}, None, None
50.01, [INFO], robot5, {'battery-level': '24.46'}, None, None
60.02, [INFO], robot5, {'battery-level': '23.70'}, None, None
60.02, [INFO], robot5, {'y': 16.001, 'x': -22.887, 'yaw': 3.142}, None, None
70.08, [INFO], robot5, {'y': 15.951, 'x': -25.013, 'yaw': 3.14}, None, None
70.08, [INFO], robot5, {'battery-level': '22.94'}, None, None
80.00, [INFO], robot5, {'battery-level': '22.18'}, None, None
80.00, [INFO], robot5, {'y': 15.923, 'x': -27.1, 'yaw': 3.141}, None, None
90.03, [INFO], robot5, {'y': 16.069, 'x': -29.204, 'yaw': -3.142}, None, None
90.03, [INFO], robot5, {'battery-level': '21.42'}, None, None
100.04, [INFO], robot5, {'battery-level': '20.66'}, None, None
100.04, [INFO], robot5, {'y': 15.93, 'x': -31.33, 'yaw': 3.14}, None, None
110.02, [INFO], robot5, {'battery-level': '19.90'}, None, None
110.02, [INFO], robot5, {'y': 15.669, 'x': -33.433, 'yaw': 3.141}, None, None
120.06, [INFO], robot5, {'battery-level': '19.14'}, None, None
120.06, [INFO], robot5, {'y': 15.507, 'x': -35.551, 'yaw': -3.141}, None, None
130.02, [INFO], robot5, {'battery-level': '18.38'}, None, None
130.02, [INFO], robot5, {'y': 16.708, 'x': -36.855, 'yaw': 3.142}, None, None
140.07, [INFO], robot5, {'y': 17.656, 'x': -36.855, 'yaw': 3.141}, None, None
140.07, [INFO], robot5, {'battery-level': '17.62'}, None, None
150.01, [INFO], robot5, {'y': 17.655, 'x': -36.857, 'yaw': -3.142}, None, None
150.01, [INFO], robot5, {'battery-level': '16.86'}, None, None
160.08, [INFO], robot5, {'y': 17.653, 'x': -36.843, 'yaw': -3.142}, None, None
160.08, [INFO], robot5, {'battery-level': '16.10'}, None, None
170.04, [INFO], robot5, {'battery-level': '15.34'}, None, None
170.04, [INFO], robot5, {'y': 17.652, 'x': -36.808, 'yaw': -3.142}, None, None
180.07, [INFO], robot5, {'battery-level': '14.58'}, None, None
180.07, [INFO], robot5, {'y': 18.023, 'x': -35.982, 'yaw': 3.142}, None, None
190.03, [INFO], robot5, {'battery-level': '13.82'}, None, None
190.03, [INFO], robot5, {'y': 18.292, 'x': -35.679, 'yaw': -3.136}, None, None
200.03, [INFO], robot5, {'battery-level': '13.06'}, None, None
200.03, [INFO], robot5, {'y': 18.156, 'x': -35.923, 'yaw': 3.142}, None, None
210.04, [INFO], robot5, {'y': 18.34, 'x': -35.698, 'yaw': 3.141}, None, None
210.04, [INFO], robot5, {'battery-level': '12.30'}, None, None
220.08, [INFO], robot5, {'y': 18.371, 'x': -35.713, 'yaw': 3.142}, None, None
220.08, [INFO], robot5, {'battery-level': '11.54'}, None, None
230.05, [INFO], robot5, {'battery-level': '10.78'}, None, None
230.05, [INFO], robot5, {'y': 18.371, 'x': -35.708, 'yaw': -3.14}, None, None
234.65, [WARN], robot5, SKILL-FAILURE, navigation, navto_room
