0.13, [DEBUG], logger, ROBOTS_CONFIG={'avg_speed': 0.15, 'battery_charge': 0.5080169438370433, 'battery_discharge_rate': 0.00038, 'id': 6, 'local_plan': [['navigation', ['PC Room 3', [[-27.23, 18.0, -1.57], [-27.23, 16.0], [-28.5, 16.0], [-28.5, 18.0, -1.57]]], 'navto_room'], ['approach_person', ['nurse'], 'approach_nurse'], ['authenticate_person', ['nurse'], 'authenticate_nurse'], ['operate_drawer', ['open'], 'open_drawer_for_nurse'], ['send_message', ['nurse'], 'notify_nurse_of_open_drawer_for_nurse_completed'], ['wait_message', ['nurse'], 'wait_nurse_to_complete_deposit'], ['operate_drawer', ['close'], 'close_drawer_nurse'], ['navigation', ['Laboratory', [[-28.5, 18.0, -1.57], [-28.5, 16.0], [-26.0, 16.0], [-26.0, 13.0, 1.57]]], 'navto_lab'], ['approach_robot', ['lab_arm'], 'approach_arm'], ['operate_drawer', ['open'], 'open_drawer_lab'], ['send_message', ['lab_arm'], 'notify_lab_arm_of_open_drawer_lab_completed'], ['wait_message', ['lab_arm'], 'wait_lab_arm_to_complete_pick_up_sample'], ['operate_drawer', ['close'], 'close_drawer_lab']], 'location': 'PC Room 4', 'name': 'r6', 'position': [-27.23, 18.0, -1.57], 'skills': ['approach_person', 'approach_robot', 'authenticate_person', 'navigation', 'operate_drawer']}, None, None
0.13, [DEBUG], logger, Simulation open, None, None
10.04, [INFO], robot6, {'y': 18.0, 'x': -27.23, 'yaw': 3.142}, None, None
10.04, [INFO], robot6, {'battery-level': '50.46'}, None, None
20.04, [INFO], robot6, {'y': 18.0, 'x': -27.23, 'yaw': -3.142}, None, None
20.04, [INFO], robot6, {'battery-level': '50.08'}, None, None
30.03, [INFO], robot6, {'y': 18.0, 'x': -27.23, 'yaw': 3.142}, None, None
30.03, [INFO], robot6, {'battery-level': '49.70'}, None, None
40.05, [INFO], robot6, {'y': 18.0, 'x': -27.23, 'yaw': -3.142}, None, None
40.05, [INFO], robot6, {'battery-level': '49.32'}, None, None
50.06, [INFO], robot6, {'battery-level': '48.94'}, None, None
50.06, [INFO], robot6, {'y': 18.001, 'x': -27.23, 'yaw': 3.142}, None, None
60.04, [INFO], robot6, {'y': 18.001, 'x': -27.23, 'yaw': -3.142}, None, None
60.04, [INFO], robot6, {'battery-level': '48.56'}, None, None
70.09, [INFO], robot6, {'y': 18.001, 'x': -27.23, 'yaw': 3.142}, None, None
70.09, [INFO], robot6, {'battery-level': '48.18'}, None, None
80.02, [INFO], robot6, {'battery-level': '47.80'}, None, None
80.02, [INFO], robot6, {'y': 18.001, 'x': -27.23, 'yaw': -3.142}, None, None
90.03, [INFO], robot6, {'battery-level': '47.42'}, None, None
90.03, [INFO], robot6, {'y': 18.001, 'x': -27.23, 'yaw': 3.142}, None, None
100.01, [INFO], robot6, {'y': 18.001, 'x': -27.23, 'yaw': -3.142}, None, None
100.01, [INFO], robot6, {'battery-level': '47.04'}, None, None
110.03, [INFO], robot6, {'y': 18.001, 'x': -27.23, 'yaw': 3.142}, None, None
110.03, [INFO], robot6, {'battery-level': '46.66'}, None, None
120.09, [INFO], robot6, {'y': 18.001, 'x': -27.23, 'yaw': -3.142}, None, None
120.09, [INFO], robot6, {'battery-level': '46.28'}, None, None
130.08, [INFO], robot6, {'battery-level': '45.90'}, None, None
130.08, [INFO], robot6, {'y': 18.001, 'x': -27.23, 'yaw': -3.142}, None, None
140.08, [INFO], robot6, {'y': 18.002, 'x': -27.23, 'yaw': -3.142}, None, None
140.08, [INFO], robot6, {'battery-level': '45.52'}, None, None
150.06, [INFO], robot6, {'battery-level': '45.14'}, None, None
150.06, [INFO], robot6, {'y': 18.002, 'x': -27.23, 'yaw': -3.142}, None, None
160.00, [INFO], robot6, {'y': 18.002, 'x': -27.23, 'yaw': -3.142}, None, None
160.00, [INFO], robot6, {'battery-level': '44.76'}, None, None
170.00, [INFO], robot6, {'y': 18.002, 'x': -27.23, 'yaw': -3.142}, None, None
170.00, [INFO], robot6, {'battery-level': '44.38'}, None, None
180.05, [INFO], robot6, {'y': 18.002, 'x': -27.23, 'yaw': -3.142}, None, None
180.05, [INFO], robot6, {'battery-level': '44.00'}, None, None
190.09, [INFO], robot6, {'battery-level': '43.62'}, None, None
190.09, [INFO], robot6, {'y': 18.002, 'x': -27.23, 'yaw': 3.142}, None, None
200.06, [INFO], robot6, {'battery-level': '43.24'}, None, None
200.06, [INFO], robot6, {'y': 18.002, 'x': -27.23, 'yaw': -3.142}, None, None
210.07, [INFO], robot6, {'y': 18.002, 'x': -27.23, 'yaw': -3.142}, None, None
210.07, [INFO], robot6, {'battery-level': '42.86'}, None, None
220.09, [INFO], robot6, {'battery-level': '42.48'}, None, None
220.09, [INFO], robot6, {'y': 18.002, 'x': -27.23, 'yaw': -3.142}, None, None
230.09, [INFO], robot6, {'y': 18.003, 'x': -27.23, 'yaw': -3.142}, None, None
230.09, [INFO], robot6, {'battery-level': '42.10'}, None, None
240.04, [INFO], robot6, {'y': 18.003, 'x': -27.23, 'yaw': 3.142}, None, None
240.04, [INFO], robot6, {'battery-level': '41.72'}, None, None
250.09, [INFO], robot6, {'y': 18.003, 'x': -27.23, 'yaw': -3.142}, None, None
250.09, [INFO], robot6, {'battery-level': '41.34'}, None, None
260.00, [INFO], robot6, {'y': 18.003, 'x': -27.23, 'yaw': -3.142}, None, None
260.00, [INFO], robot6, {'battery-level': '40.96'}, None, None
270.04, [INFO], robot6, {'y': 18.003, 'x': -27.23, 'yaw': -3.142}, None, None
270.04, [INFO], robot6, {'battery-level': '40.58'}, None, None
280.09, [INFO], robot6, {'y': 18.003, 'x': -27.23, 'yaw': -3.142}, None, None
280.09, [INFO], robot6, {'battery-level': '40.20'}, None, None
290.09, [INFO], robot6, {'y': 18.003, 'x': -27.23, 'yaw': 3.142}, None, None
290.09, [INFO], robot6, {'battery-level': '39.82'}, None, None
300.07, [INFO], robot6, {'battery-level': '39.44'}, None, None
300.07, [INFO], robot6, {'y': 18.003, 'x': -27.23, 'yaw': -3.142}, None, None
310.02, [INFO], robot6, {'y': 18.004, 'x': -27.23, 'yaw': 3.142}, None, None
310.02, [INFO], robot6, {'battery-level': '39.06'}, None, None
320.01, [INFO], robot6, {'y': 18.004, 'x': -27.23, 'yaw': -3.142}, None, None
320.01, [INFO], robot6, {'battery-level': '38.68'}, None, None
330.01, [INFO], robot6, {'y': 18.004, 'x': -27.23, 'yaw': -3.142}, None, None
330.01, [INFO], robot6, {'battery-level': '38.30'}, None, None
340.07, [INFO], robot6, {'battery-level': '37.92'}, None, None
340.07, [INFO], robot6, {'y': 18.004, 'x': -27.23, 'yaw': -3.142}, None, None
350.01, [INFO], robot6, {'battery-level': '37.54'}, None, None
350.01, [INFO], robot6, {'y': 18.004, 'x': -27.23, 'yaw': -3.142}, None, None
360.00, [INFO], robot6, {'battery-level': '37.16'}, None, None
360.00, [INFO], robot6, {'y': 18.004, 'x': -27.23, 'yaw': -3.142}, None, None
370.04, [INFO], robot6, {'y': 18.004, 'x': -27.23, 'yaw': -3.142}, None, None
370.04, [INFO], robot6, {'battery-level': '36.78'}, None, None
380.06, [INFO], robot6, {'y': 18.004, 'x': -27.23, 'yaw': -3.142}, None, None
380.06, [INFO], robot6, {'battery-level': '36.40'}, None, None
390.07, [INFO], robot6, {'y': 18.004, 'x': -27.23, 'yaw': -3.142}, None, None
390.07, [INFO], robot6, {'battery-level': '36.02'}, None, None
400.08, [INFO], robot6, {'y': 18.005, 'x': -27.23, 'yaw': -3.142}, None, None
400.08, [INFO], robot6, {'battery-level': '35.64'}, None, None
410.07, [INFO], robot6, {'y': 18.005, 'x': -27.23, 'yaw': -3.142}, None, None
410.07, [INFO], robot6, {'battery-level': '35.26'}, None, None
420.09, [INFO], robot6, {'battery-level': '34.88'}, None, None
420.09, [INFO], robot6, {'y': 18.005, 'x': -27.23, 'yaw': -3.142}, None, None
430.08, [INFO], robot6, {'battery-level': '34.50'}, None, None
430.08, [INFO], robot6, {'y': 18.005, 'x': -27.23, 'yaw': 3.142}, None, None
440.02, [INFO], robot6, {'battery-level': '34.12'}, None, None
440.02, [INFO], robot6, {'y': 18.005, 'x': -27.23, 'yaw': -3.142}, None, None
450.03, [INFO], robot6, {'y': 18.005, 'x': -27.23, 'yaw': 3.142}, None, None
450.03, [INFO], robot6, {'battery-level': '33.74'}, None, None
460.00, [INFO], robot6, {'battery-level': '33.36'}, None, None
460.00, [INFO], robot6, {'y': 18.005, 'x': -27.23, 'yaw': -3.142}, None, None
470.00, [INFO], robot6, {'y': 18.005, 'x': -27.23, 'yaw': -3.142}, None, None
470.00, [INFO], robot6, {'battery-level': '32.98'}, None, None
480.05, [INFO], robot6, {'y': 18.005, 'x': -27.23, 'yaw': -3.142}, None, None
480.05, [INFO], robot6, {'battery-level': '32.60'}, None, None
490.08, [INFO], robot6, {'battery-level': '32.22'}, None, None
490.08, [INFO], robot6, {'y': 18.006, 'x': -27.23, 'yaw': 3.142}, None, None
500.04, [INFO], robot6, {'y': 18.006, 'x': -27.23, 'yaw': -3.142}, None, None
500.04, [INFO], robot6, {'battery-level': '31.84'}, None, None
510.06, [INFO], robot6, {'y': 18.006, 'x': -27.23, 'yaw': -3.142}, None, None
510.06, [INFO], robot6, {'battery-level': '31.46'}, None, None
520.08, [INFO], robot6, {'battery-level': '31.08'}, None, None
520.08, [INFO], robot6, {'y': 18.006, 'x': -27.23, 'yaw': 3.142}, None, None
530.09, [INFO], robot6, {'battery-level': '30.70'}, None, None
530.09, [INFO], robot6, {'y': 18.006, 'x': -27.23, 'yaw': 3.142}, None, None
540.09, [INFO], robot6, {'y': 18.006, 'x': -27.23, 'yaw': -3.142}, None, None
540.09, [INFO], robot6, {'battery-level': '30.32'}, None, None
550.07, [INFO], robot6, {'y': 18.006, 'x': -27.23, 'yaw': 3.142}, None, None
550.07, [INFO], robot6, {'battery-level': '29.94'}, None, None
560.00, [INFO], robot6, {'battery-level': '29.56'}, None, None
560.00, [INFO], robot6, {'y': 18.006, 'x': -27.23, 'yaw': -3.142}, None, None
570.02, [INFO], robot6, {'y': 18.007, 'x': -27.23, 'yaw': -3.142}, None, None
570.02, [INFO], robot6, {'battery-level': '29.18'}, None, None
580.08, [INFO], robot6, {'battery-level': '28.80'}, None, None
580.08, [INFO], robot6, {'y': 18.007, 'x': -27.23, 'yaw': -3.142}, None, None
590.10, [INFO], robot6, {'y': 18.007, 'x': -27.23, 'yaw': 3.142}, None, None
590.10, [INFO], robot6, {'battery-level': '28.42'}, None, None
600.08, [INFO], robot6, {'battery-level': '28.04'}, None, None
600.08, [INFO], robot6, {'y': 18.007, 'x': -27.23, 'yaw': -3.142}, None, None
610.05, [INFO], robot6, {'y': 18.007, 'x': -27.23, 'yaw': -3.142}, None, None
610.05, [INFO], robot6, {'battery-level': '27.66'}, None, None
620.02, [INFO], robot6, {'y': 18.007, 'x': -27.23, 'yaw': -3.142}, None, None
620.02, [INFO], robot6, {'battery-level': '27.28'}, None, None
630.08, [INFO], robot6, {'y': 18.007, 'x': -27.23, 'yaw': -3.142}, None, None
630.08, [INFO], robot6, {'battery-level': '26.90'}, None, None
640.08, [INFO], robot6, {'y': 18.007, 'x': -27.23, 'yaw': 3.142}, None, None
640.08, [INFO], robot6, {'battery-level': '26.52'}, None, None
650.10, [INFO], robot6, {'battery-level': '26.14'}, None, None
650.10, [INFO], robot6, {'y': 18.007, 'x': -27.23, 'yaw': 3.142}, None, None
660.09, [INFO], robot6, {'battery-level': '25.76'}, None, None
660.09, [INFO], robot6, {'y': 18.008, 'x': -27.23, 'yaw': -3.142}, None, None
670.10, [INFO], robot6, {'battery-level': '25.38'}, None, None
670.10, [INFO], robot6, {'y': 18.008, 'x': -27.23, 'yaw': 3.142}, None, None
680.04, [INFO], robot6, {'y': 18.008, 'x': -27.23, 'yaw': -3.142}, None, None
680.04, [INFO], robot6, {'battery-level': '25.00'}, None, None
690.04, [INFO], robot6, {'y': 18.008, 'x': -27.23, 'yaw': 3.142}, None, None
690.04, [INFO], robot6, {'battery-level': '24.62'}, None, None
700.07, [INFO], robot6, {'y': 18.008, 'x': -27.23, 'yaw': -3.142}, None, None
700.07, [INFO], robot6, {'battery-level': '24.24'}, None, None
710.07, [INFO], robot6, {'battery-level': '23.86'}, None, None
710.07, [INFO], robot6, {'y': 18.008, 'x': -27.23, 'yaw': -3.142}, None, None
720.06, [INFO], robot6, {'battery-level': '23.48'}, None, None
720.06, [INFO], robot6, {'y': 18.008, 'x': -27.23, 'yaw': 3.142}, None, None
730.08, [INFO], robot6, {'battery-level': '23.10'}, None, None
730.08, [INFO], robot6, {'y': 18.008, 'x': -27.23, 'yaw': 3.142}, None, None
740.07, [INFO], robot6, {'battery-level': '22.72'}, None, None
740.07, [INFO], robot6, {'y': 18.008, 'x': -27.23, 'yaw': 3.142}, None, None
750.01, [INFO], robot6, {'y': 18.009, 'x': -27.23, 'yaw': 3.142}, None, None
750.01, [INFO], robot6, {'battery-level': '22.34'}, None, None
760.04, [INFO], robot6, {'y': 18.009, 'x': -27.23, 'yaw': 3.142}, None, None
760.04, [INFO], robot6, {'battery-level': '21.96'}, None, None
770.03, [INFO], robot6, {'y': 18.009, 'x': -27.23, 'yaw': -3.142}, None, None
770.03, [INFO], robot6, {'battery-level': '21.58'}, None, None
780.02, [INFO], robot6, {'y': 18.009, 'x': -27.23, 'yaw': -3.142}, None, None
780.02, [INFO], robot6, {'battery-level': '21.20'}, None, None
790.09, [INFO], robot6, {'y': 18.009, 'x': -27.23, 'yaw': -3.142}, None, None
790.09, [INFO], robot6, {'battery-level': '20.82'}, None, None
800.02, [INFO], robot6, {'battery-level': '20.44'}, None, None
800.02, [INFO], robot6, {'y': 18.009, 'x': -27.23, 'yaw': -3.142}, None, None
810.02, [INFO], robot6, {'y': 18.009, 'x': -27.23, 'yaw': -3.142}, None, None
810.02, [INFO], robot6, {'battery-level': '20.06'}, None, None
820.03, [INFO], robot6, {'battery-level': '19.68'}, None, None
820.03, [INFO], robot6, {'y': 18.009, 'x': -27.23, 'yaw': -3.142}, None, None

[WARN], logger, TIMEOUT, None, None
