0.00, [DEBUG], nurse, NURSE_CONFIG={'location': 'IC Room 2', 'position': [-38.0, 21.5, 0.0]}, None, None
0.00, [INFO], robot6, {'battery-level': '50.80'}, None, None
0.00, [DEBUG], logger, ROBOTS_CONFIG={'avg_speed': 0.15, 'battery_charge': 0.5080169438370433, 'battery_discharge_rate': 0.00038, 'id': 6, 'local_plan': [['navigation', ['IC Room 2', [[-33.9, 18.93, 3.14], [-37.0, 18.93], [-37.0, 21.5], [-38.0, 21.5, 0.0]]], 'navto_room'], ['approach_person', ['nurse'], 'approach_nurse'], ['authenticate_person', ['nurse'], 'authenticate_nurse'], ['operate_drawer', ['open'], 'open_drawer_for_nurse'], ['send_message', ['nurse'], 'notify_nurse_of_open_drawer_for_nurse_completed'], ['wait_message', ['nurse'], 'wait_nurse_to_complete_deposit'], ['operate_drawer', ['close'], 'close_drawer_nurse'], ['navigation', ['Laboratory', [[-38.0, 21.5, 0.0], [-37.0, 21.5], [-37.0, 16.0], [-26.0, 16.0], [-26.0, 13.0, 1.57]]], 'navto_lab'], ['approach_robot', ['lab_arm'], 'approach_arm'], ['operate_drawer', ['open'], 'open_drawer_lab'], ['send_message', ['lab_arm'], 'notify_lab_arm_of_open_drawer_lab_completed'], ['wait_message', ['lab_arm'], 'wait_lab_arm_to_complete_pick_up_sample'], ['operate_drawer', ['close'], 'close_drawer_lab']], 'location': 'IC Room 6', 'name': 'r6', 'position': [-33.9, 18.93, 3.14], 'skills': ['approach_person', 'approach_robot', 'authenticate_person', 'navigation', 'operate_drawer']}, None, None
0.00, [DEBUG], logger, Simulation open, None, None
10.03, [INFO], robot6, {'battery-level': '50.46'}, None, None
10.03, [INFO], robot6, {'y': 18.586, 'x': -34.307, 'yaw': 3.142}, None, None
20.03, [INFO], robot6, {'y': 17.933, 'x': -36.041, 'yaw': 3.142}, None, None
20.03, [INFO], robot6, {'battery-level': '50.08'}, None, None
30.05, [INFO], robot6, {'battery-level': '49.70'}, None, None
30.05, [INFO], robot6, {'y': 19.728, 'x': -36.943, 'yaw': 3.138}, None, None
40.08, [INFO], robot6, {'y': 21.527, 'x': -37.642, 'yaw': 3.142}, None, None
40.08, [INFO], robot6, {'battery-level': '49.32'}, None, None
50.03, [INFO], robot6, {'y': 21.464, 'x': -38.037, 'yaw': 3.142}, None, None
50.03, [INFO], robot6, {'battery-level': '48.94'}, None, None
59.45, [info], nurse, sync, received-request, (status=sending-request)
59.45, [info], nurse, sync, request-sent, (status=waiting)
59.45, [info], nurse, sync, wait-message, (status=message-received)
60.03, [INFO], robot6, {'y': 21.429, 'x': -38.039, 'yaw': 3.14}, None, None
60.03, [INFO], robot6, {'battery-level': '48.56'}, None, None
70.06, [INFO], robot6, {'battery-level': '48.18'}, None, None
70.06, [INFO], robot6, {'y': 20.107, 'x': -37.185, 'yaw': -3.138}, None, None
80.06, [INFO], robot6, {'y': 17.993, 'x': -37.132, 'yaw': 3.14}, None, None
80.06, [INFO], robot6, {'battery-level': '47.80'}, None, None
90.06, [INFO], robot6, {'y': 16.156, 'x': -36.618, 'yaw': 3.141}, None, None
90.06, [INFO], robot6, {'battery-level': '47.42'}, None, None
100.08, [INFO], robot6, {'battery-level': '47.04'}, None, None
100.08, [INFO], robot6, {'y': 15.398, 'x': -34.606, 'yaw': 3.142}, None, None
110.00, [INFO], robot6, {'battery-level': '46.66'}, None, None
110.00, [INFO], robot6, {'y': 15.482, 'x': -32.505, 'yaw': 3.142}, None, None
120.04, [INFO], robot6, {'battery-level': '46.28'}, None, None
120.04, [INFO], robot6, {'y': 15.588, 'x': -30.377, 'yaw': 3.141}, None, None
130.08, [INFO], robot6, {'battery-level': '45.90'}, None, None
130.08, [INFO], robot6, {'y': 15.735, 'x': -28.264, 'yaw': -3.142}, None, None
140.02, [INFO], robot6, {'y': 15.652, 'x': -26.176, 'yaw': -3.142}, None, None
140.02, [INFO], robot6, {'battery-level': '45.52'}, None, None
150.03, [INFO], robot6, {'y': 13.603, 'x': -25.709, 'yaw': 3.142}, None, None
150.03, [INFO], robot6, {'battery-level': '45.14'}, None, None
160.04, [INFO], robot6, {'battery-level': '44.76'}, None, None
160.04, [INFO], robot6, {'y': 12.916, 'x': -25.945, 'yaw': -3.142}, None, None
162.85, [info], lab_arm, sync, wait-message, (status=message-received)
163.81, [WARN], robot6, SUCCESS, None, None
170.08, [INFO], robot6, {'battery-level': '44.38'}, None, None
170.08, [INFO], robot6, {'y': 12.913, 'x': -25.943, 'yaw': -3.142}, None, None
