0.00, [INFO], robot3, {'battery-level': '46.27'}, None, None
0.00, [DEBUG], nurse, NURSE_CONFIG={'location': 'IC Room 6', 'position': [-33.9, 18.93, 3.14]}, None, None
0.11, [DEBUG], logger, ROBOTS_CONFIG={'avg_speed': 0.15, 'battery_charge': 0.462681764358839, 'battery_discharge_rate': 0.0004, 'id': 3, 'local_plan': [['navigation', ['IC Room 6', [[-38.0, 21.5, 0.0], [-37.0, 21.5], [-37.0, 18.93], [-33.9, 18.93, 3.14]]], 'navto_room'], ['approach_person', ['nurse'], 'approach_nurse'], ['authenticate_person', ['nurse'], 'authenticate_nurse'], ['operate_drawer', ['open'], 'open_drawer_for_nurse'], ['send_message', ['nurse'], 'notify_nurse_of_open_drawer_for_nurse_completed'], ['wait_message', ['nurse'], 'wait_nurse_to_complete_deposit'], ['operate_drawer', ['close'], 'close_drawer_nurse'], ['navigation', ['Laboratory', [[-33.9, 18.93, 3.14], [-37.0, 18.93], [-37.0, 16.0], [-26.0, 16.0], [-26.0, 13.0, 1.57]]], 'navto_lab'], ['approach_robot', ['lab_arm'], 'approach_arm'], ['operate_drawer', ['open'], 'open_drawer_lab'], ['send_message', ['lab_arm'], 'notify_lab_arm_of_open_drawer_lab_completed'], ['wait_message', ['lab_arm'], 'wait_lab_arm_to_complete_pick_up_sample'], ['operate_drawer', ['close'], 'close_drawer_lab']], 'location': 'IC Room 2', 'name': 'r3', 'position': [-38.0, 21.5, 0.0], 'skills': ['approach_person', 'approach_robot', 'authenticate_person', 'navigation', 'operate_drawer']}, None, None
0.11, [DEBUG], logger, Simulation open, None, None
10.07, [INFO], robot3, {'battery-level': '45.91'}, None, None
10.07, [INFO], robot3, {'y': 21.59, 'x': -37.979, 'yaw': -3.141}, None, None
20.06, [INFO], robot3, {'battery-level': '45.51'}, None, None
20.06, [INFO], robot3, {'y': 20.092, 'x': -37.236, 'yaw': -3.139}, None, None
30.07, [INFO], robot3, {'battery-level': '45.11'}, None, None
30.07, [INFO], robot3, {'y': 18.24, 'x': -36.324, 'yaw': 3.136}, None, None
40.00, [INFO], robot3, {'battery-level': '44.71'}, None, None
40.00, [INFO], robot3, {'y': 18.031, 'x': -34.518, 'yaw': 3.138}, None, None
50.08, [INFO], robot3, {'battery-level': '44.31'}, None, None
50.08, [INFO], robot3, {'y': 18.938, 'x': -33.949, 'yaw': -3.142}, None, None
52.03, [info], nurse, sync, received-request, (status=sending-request)
52.03, [info], nurse, sync, request-sent, (status=waiting)
52.12, [info], nurse, sync, wait-message, (status=message-received)
60.04, [INFO], robot3, {'battery-level': '43.91'}, None, None
60.04, [INFO], robot3, {'y': 17.919, 'x': -34.839, 'yaw': 3.142}, None, None
70.08, [INFO], robot3, {'y': 17.983, 'x': -36.059, 'yaw': 3.142}, None, None
70.08, [INFO], robot3, {'battery-level': '43.51'}, None, None
80.05, [INFO], robot3, {'y': 17.983, 'x': -36.059, 'yaw': -3.142}, None, None
80.05, [INFO], robot3, {'battery-level': '43.11'}, None, None
90.08, [INFO], robot3, {'battery-level': '42.71'}, None, None
90.08, [INFO], robot3, {'y': 17.983, 'x': -36.059, 'yaw': 3.142}, None, None
100.05, [INFO], robot3, {'battery-level': '42.31'}, None, None
100.05, [INFO], robot3, {'y': 17.983, 'x': -36.059, 'yaw': 3.142}, None, None
110.02, [INFO], robot3, {'y': 17.983, 'x': -36.059, 'yaw': -3.142}, None, None
110.02, [INFO], robot3, {'battery-level': '41.91'}, None, None
120.04, [INFO], robot3, {'battery-level': '41.51'}, None, None
120.04, [INFO], robot3, {'y': 18.077, 'x': -36.188, 'yaw': 3.14}, None, None
130.01, [INFO], robot3, {'y': 17.349, 'x': -37.062, 'yaw': 3.141}, None, None
130.01, [INFO], robot3, {'battery-level': '41.11'}, None, None
140.05, [INFO], robot3, {'y': 17.429, 'x': -36.97, 'yaw': -3.141}, None, None
140.05, [INFO], robot3, {'battery-level': '40.71'}, None, None
150.05, [INFO], robot3, {'battery-level': '40.31'}, None, None
150.05, [INFO], robot3, {'y': 17.265, 'x': -37.116, 'yaw': 3.141}, None, None
160.00, [INFO], robot3, {'battery-level': '39.91'}, None, None
160.00, [INFO], robot3, {'y': 17.265, 'x': -37.068, 'yaw': 3.141}, None, None
170.07, [INFO], robot3, {'y': 17.22, 'x': -37.027, 'yaw': 3.142}, None, None
170.07, [INFO], robot3, {'battery-level': '39.51'}, None, None
180.08, [INFO], robot3, {'battery-level': '39.11'}, None, None
180.08, [INFO], robot3, {'y': 17.388, 'x': -36.904, 'yaw': 3.141}, None, None
190.01, [INFO], robot3, {'y': 17.323, 'x': -36.828, 'yaw': -3.141}, None, None
190.01, [INFO], robot3, {'battery-level': '38.71'}, None, None
200.01, [INFO], robot3, {'battery-level': '38.31'}, None, None
200.01, [INFO], robot3, {'y': 17.255, 'x': -37.047, 'yaw': -3.142}, None, None
210.01, [INFO], robot3, {'battery-level': '37.91'}, None, None
210.01, [INFO], robot3, {'y': 17.394, 'x': -36.917, 'yaw': 3.142}, None, None
220.01, [INFO], robot3, {'battery-level': '37.51'}, None, None
220.01, [INFO], robot3, {'y': 17.397, 'x': -37.134, 'yaw': -3.142}, None, None
230.06, [INFO], robot3, {'battery-level': '37.11'}, None, None
230.06, [INFO], robot3, {'y': 17.368, 'x': -37.084, 'yaw': -3.141}, None, None
240.03, [INFO], robot3, {'battery-level': '36.71'}, None, None
240.03, [INFO], robot3, {'y': 17.327, 'x': -36.967, 'yaw': 3.141}, None, None
243.26, [WARN], robot3, SKILL-FAILURE, navigation, navto_lab
