0.00, [DEBUG], logger, ROBOTS_CONFIG={'avg_speed': 0.15, 'battery_charge': 0.7179616530181877, 'battery_discharge_rate': 0.0002, 'id': 5, 'local_plan': [['navigation', ['IC Room 6', [[-13.5, 18.0, -1.57], [-13.5, 16.0], [-37.0, 16.0], [-37.0, 18.93], [-33.9, 18.93, 3.14]]], 'navto_room'], ['approach_person', ['nurse'], 'approach_nurse'], ['authenticate_person', ['nurse'], 'authenticate_nurse'], ['operate_drawer', ['open'], 'open_drawer_for_nurse'], ['send_message', ['nurse'], 'notify_nurse_of_open_drawer_for_nurse_completed'], ['wait_message', ['nurse'], 'wait_nurse_to_complete_deposit'], ['operate_drawer', ['close'], 'close_drawer_nurse'], ['navigation', ['Laboratory', [[-33.9, 18.93, 3.14], [-37.0, 18.93], [-37.0, 16.0], [-26.0, 16.0], [-26.0, 13.0, 1.57]]], 'navto_lab'], ['approach_robot', ['lab_arm'], 'approach_arm'], ['operate_drawer', ['open'], 'open_drawer_lab'], ['send_message', ['lab_arm'], 'notify_lab_arm_of_open_drawer_lab_completed'], ['wait_message', ['lab_arm'], 'wait_lab_arm_to_complete_pick_up_sample'], ['operate_drawer', ['close'], 'close_drawer_lab']], 'location': 'PC Room 7', 'name': 'r5', 'position': [-13.5, 18.0, -1.57], 'skills': ['approach_person', 'approach_robot', 'authenticate_person', 'navigation', 'operate_drawer']}, None, None
0.00, [DEBUG], logger, Simulation open, None, None
10.02, [INFO], robot5, {'battery-level': '71.62'}, None, None
10.02, [INFO], robot5, {'y': 17.383, 'x': -13.5, 'yaw': -3.142}, None, None
20.00, [INFO], robot5, {'battery-level': '71.42'}, None, None
20.00, [INFO], robot5, {'y': 16.015, 'x': -14.424, 'yaw': -3.141}, None, None
30.04, [INFO], robot5, {'battery-level': '71.22'}, None, None
30.04, [INFO], robot5, {'y': 15.945, 'x': -16.549, 'yaw': 3.142}, None, None
40.01, [INFO], robot5, {'battery-level': '71.02'}, None, None
40.01, [INFO], robot5, {'y': 15.951, 'x': -18.651, 'yaw': -3.142}, None, None
50.08, [INFO], robot5, {'battery-level': '70.82'}, None, None
50.08, [INFO], robot5, {'y': 16.114, 'x': -20.772, 'yaw': 3.142}, None, None
60.01, [INFO], robot5, {'y': 16.053, 'x': -22.864, 'yaw': -3.142}, None, None
60.01, [INFO], robot5, {'battery-level': '70.62'}, None, None
70.03, [INFO], robot5, {'battery-level': '70.42'}, None, None
70.03, [INFO], robot5, {'y': 15.987, 'x': -24.978, 'yaw': 3.141}, None, None
80.03, [INFO], robot5, {'battery-level': '70.22'}, None, None
80.03, [INFO], robot5, {'y': 15.986, 'x': -27.092, 'yaw': 3.141}, None, None
90.03, [INFO], robot5, {'battery-level': '70.02'}, None, None
90.03, [INFO], robot5, {'y': 16.094, 'x': -29.197, 'yaw': 3.142}, None, None
100.03, [INFO], robot5, {'battery-level': '69.82'}, None, None
100.03, [INFO], robot5, {'y': 16.028, 'x': -31.307, 'yaw': 3.14}, None, None
110.03, [INFO], robot5, {'battery-level': '69.62'}, None, None
110.03, [INFO], robot5, {'y': 15.683, 'x': -33.419, 'yaw': 3.141}, None, None
120.04, [INFO], robot5, {'battery-level': '69.42'}, None, None
120.04, [INFO], robot5, {'y': 15.434, 'x': -35.516, 'yaw': -3.142}, None, None
130.00, [INFO], robot5, {'battery-level': '69.22'}, None, None
130.00, [INFO], robot5, {'y': 16.597, 'x': -36.826, 'yaw': -3.142}, None, None
140.06, [INFO], robot5, {'battery-level': '69.02'}, None, None
140.06, [INFO], robot5, {'y': 17.664, 'x': -36.812, 'yaw': 3.141}, None, None
150.00, [INFO], robot5, {'battery-level': '68.82'}, None, None
150.00, [INFO], robot5, {'y': 17.722, 'x': -36.639, 'yaw': -3.142}, None, None
160.04, [INFO], robot5, {'battery-level': '68.62'}, None, None
160.04, [INFO], robot5, {'y': 18.152, 'x': -35.706, 'yaw': -3.142}, None, None
170.08, [INFO], robot5, {'y': 18.394, 'x': -35.717, 'yaw': -3.141}, None, None
170.08, [INFO], robot5, {'battery-level': '68.42'}, None, None
180.04, [INFO], robot5, {'battery-level': '68.22'}, None, None
180.04, [INFO], robot5, {'y': 18.363, 'x': -35.699, 'yaw': 3.142}, None, None
190.02, [INFO], robot5, {'battery-level': '68.02'}, None, None
190.02, [INFO], robot5, {'y': 18.129, 'x': -35.586, 'yaw': 3.141}, None, None
193.72, [WARN], robot5, SKILL-FAILURE, navigation, navto_room
200.05, [INFO], robot5, {'battery-level': '67.82'}, None, None
200.05, [INFO], robot5, {'y': 17.992, 'x': -35.442, 'yaw': -3.142}, None, None
