0.00, [DEBUG], nurse, NURSE_CONFIG={'location': 'IC Room 2', 'position': [-38.0, 21.5, 0.0]}, None, None
0.13, [DEBUG], logger, ROBOTS_CONFIG={'avg_speed': 0.15, 'battery_charge': 0.462681764358839, 'battery_discharge_rate': 0.0004, 'id': 3, 'local_plan': [['navigation', ['IC Room 2', [[-13.5, 18.0, -1.57], [-13.5, 16.0], [-37.0, 16.0], [-37.0, 21.5], [-38.0, 21.5, 0.0]]], 'navto_room'], ['approach_person', ['nurse'], 'approach_nurse'], ['authenticate_person', ['nurse'], 'authenticate_nurse'], ['operate_drawer', ['open'], 'open_drawer_for_nurse'], ['send_message', ['nurse'], 'notify_nurse_of_open_drawer_for_nurse_completed'], ['wait_message', ['nurse'], 'wait_nurse_to_complete_deposit'], ['operate_drawer', ['close'], 'close_drawer_nurse'], ['navigation', ['Laboratory', [[-38.0, 21.5, 0.0], [-37.0, 21.5], [-37.0, 16.0], [-26.0, 16.0], [-26.0, 13.0, 1.57]]], 'navto_lab'], ['approach_robot', ['lab_arm'], 'approach_arm'], ['operate_drawer', ['open'], 'open_drawer_lab'], ['send_message', ['lab_arm'], 'notify_lab_arm_of_open_drawer_lab_completed'], ['wait_message', ['lab_arm'], 'wait_lab_arm_to_complete_pick_up_sample'], ['operate_drawer', ['close'], 'close_drawer_lab']], 'location': 'PC Room 7', 'name': 'r3', 'position': [-13.5, 18.0, -1.57], 'skills': ['approach_person', 'approach_robot', 'authenticate_person', 'navigation', 'operate_drawer']}, None, None
0.13, [DEBUG], logger, Simulation open, None, None
10.08, [INFO], robot3, {'y': 17.172, 'x': -13.501, 'yaw': -3.14}, None, None
10.08, [INFO], robot3, {'battery-level': '45.91'}, None, None
20.08, [INFO], robot3, {'y': 16.129, 'x': -14.757, 'yaw': 3.142}, None, None
20.08, [INFO], robot3, {'battery-level': '45.51'}, None, None
30.01, [INFO], robot3, {'y': 16.087, 'x': -16.852, 'yaw': 3.141}, None, None
30.01, [INFO], robot3, {'battery-level': '45.11'}, None, None
40.06, [INFO], robot3, {'battery-level': '44.71'}, None, None
40.06, [INFO], robot3, {'y': 16.14, 'x': -18.963, 'yaw': 3.141}, None, None
50.07, [INFO], robot3, {'battery-level': '44.31'}, None, None
50.07, [INFO], robot3, {'y': 16.242, 'x': -21.071, 'yaw': 3.141}, None, None
60.04, [INFO], robot3, {'battery-level': '43.91'}, None, None
60.04, [INFO], robot3, {'y': 16.15, 'x': -23.177, 'yaw': -3.142}, None, None
70.05, [INFO], robot3, {'battery-level': '43.51'}, None, None
70.05, [INFO], robot3, {'y': 16.188, 'x': -25.293, 'yaw': 3.141}, None, None
80.02, [INFO], robot3, {'battery-level': '43.11'}, None, None
80.02, [INFO], robot3, {'y': 16.156, 'x': -27.395, 'yaw': 3.141}, None, None
90.08, [INFO], robot3, {'y': 16.194, 'x': -29.524, 'yaw': 3.142}, None, None
90.08, [INFO], robot3, {'battery-level': '42.71'}, None, None
100.07, [INFO], robot3, {'battery-level': '42.31'}, None, None
100.07, [INFO], robot3, {'y': 16.09, 'x': -31.635, 'yaw': 3.142}, None, None
110.05, [INFO], robot3, {'battery-level': '41.91'}, None, None
110.05, [INFO], robot3, {'y': 15.559, 'x': -33.696, 'yaw': -3.142}, None, None
120.06, [INFO], robot3, {'battery-level': '41.51'}, None, None
120.06, [INFO], robot3, {'y': 15.52, 'x': -35.801, 'yaw': -3.141}, None, None
130.05, [INFO], robot3, {'battery-level': '41.11'}, None, None
130.05, [INFO], robot3, {'y': 17.065, 'x': -36.504, 'yaw': -3.141}, None, None
140.01, [INFO], robot3, {'battery-level': '40.71'}, None, None
140.01, [INFO], robot3, {'y': 19.17, 'x': -36.656, 'yaw': 3.137}, None, None
150.05, [INFO], robot3, {'battery-level': '40.31'}, None, None
150.05, [INFO], robot3, {'y': 21.229, 'x': -37.136, 'yaw': 3.142}, None, None
160.04, [INFO], robot3, {'y': 21.464, 'x': -38.074, 'yaw': 3.142}, None, None
160.04, [INFO], robot3, {'battery-level': '39.91'}, None, None
169.00, [info], nurse, sync, received-request, (status=sending-request)
169.00, [info], nurse, sync, request-sent, (status=waiting)
169.00, [info], nurse, sync, wait-message, (status=message-received)
170.01, [INFO], robot3, {'y': 21.411, 'x': -38.062, 'yaw': 3.141}, None, None
170.01, [INFO], robot3, {'battery-level': '39.51'}, None, None
180.09, [INFO], robot3, {'y': 20.005, 'x': -37.181, 'yaw': 3.139}, None, None
180.09, [INFO], robot3, {'battery-level': '39.11'}, None, None
190.01, [INFO], robot3, {'battery-level': '38.71'}, None, None
190.01, [INFO], robot3, {'y': 17.915, 'x': -37.147, 'yaw': 3.141}, None, None
200.06, [INFO], robot3, {'battery-level': '38.31'}, None, None
200.06, [INFO], robot3, {'y': 15.979, 'x': -36.715, 'yaw': 3.14}, None, None
210.04, [INFO], robot3, {'y': 15.392, 'x': -34.65, 'yaw': 3.142}, None, None
210.04, [INFO], robot3, {'battery-level': '37.91'}, None, None
220.01, [INFO], robot3, {'y': 15.521, 'x': -32.538, 'yaw': -3.142}, None, None
220.01, [INFO], robot3, {'battery-level': '37.51'}, None, None
230.08, [INFO], robot3, {'battery-level': '37.11'}, None, None
230.08, [INFO], robot3, {'y': 15.605, 'x': -30.419, 'yaw': -3.141}, None, None
240.04, [INFO], robot3, {'battery-level': '36.71'}, None, None
240.04, [INFO], robot3, {'y': 15.796, 'x': -28.321, 'yaw': -3.142}, None, None
250.01, [INFO], robot3, {'y': 15.738, 'x': -26.205, 'yaw': -3.142}, None, None
250.01, [INFO], robot3, {'battery-level': '36.31'}, None, None
260.06, [INFO], robot3, {'battery-level': '35.91'}, None, None
260.06, [INFO], robot3, {'y': 13.728, 'x': -25.73, 'yaw': -3.142}, None, None
270.01, [INFO], robot3, {'y': 12.953, 'x': -25.966, 'yaw': -3.142}, None, None
270.01, [INFO], robot3, {'battery-level': '35.51'}, None, None
272.65, [info], lab_arm, sync, wait-message, (status=message-received)
273.57, [WARN], robot3, SUCCESS, None, None
280.01, [INFO], robot3, {'battery-level': '35.11'}, None, None
280.01, [INFO], robot3, {'y': 12.951, 'x': -25.964, 'yaw': -3.142}, None, None
