0.00, [DEBUG], nurse, NURSE_CONFIG={'location': 'IC Room 6', 'position': [-33.9, 18.93, 3.14]}, None, None
0.13, [DEBUG], logger, ROBOTS_CONFIG={'avg_speed': 0.15, 'battery_charge': 0.462681764358839, 'battery_discharge_rate': 0.0004, 'id': 3, 'local_plan': [['navigation', ['IC Room 6', [[-38.0, 21.5, 0.0], [-37.0, 21.5], [-37.0, 18.93], [-33.9, 18.93, 3.14]]], 'navto_room'], ['approach_person', ['nurse'], 'approach_nurse'], ['authenticate_person', ['nurse'], 'authenticate_nurse'], ['operate_drawer', ['open'], 'open_drawer_for_nurse'], ['send_message', ['nurse'], 'notify_nurse_of_open_drawer_for_nurse_completed'], ['wait_message', ['nurse'], 'wait_nurse_to_complete_deposit'], ['operate_drawer', ['close'], 'close_drawer_nurse'], ['navigation', ['Laboratory', [[-33.9, 18.93, 3.14], [-37.0, 18.93], [-37.0, 16.0], [-26.0, 16.0], [-26.0, 13.0, 1.57]]], 'navto_lab'], ['approach_robot', ['lab_arm'], 'approach_arm'], ['operate_drawer', ['open'], 'open_drawer_lab'], ['send_message', ['lab_arm'], 'notify_lab_arm_of_open_drawer_lab_completed'], ['wait_message', ['lab_arm'], 'wait_lab_arm_to_complete_pick_up_sample'], ['operate_drawer', ['close'], 'close_drawer_lab']], 'location': 'IC Room 2', 'name': 'r3', 'position': [-38.0, 21.5, 0.0], 'skills': ['approach_person', 'approach_robot', 'authenticate_person', 'navigation', 'operate_drawer']}, None, None
0.13, [DEBUG], logger, Simulation open, None, None
10.04, [INFO], robot3, {'y': 21.255, 'x': -37.146, 'yaw': 3.141}, None, None
10.04, [INFO], robot3, {'battery-level': '45.91'}, None, None
20.06, [INFO], robot3, {'battery-level': '45.51'}, None, None
20.06, [INFO], robot3, {'y': 19.136, 'x': -36.965, 'yaw': 3.137}, None, None
30.08, [INFO], robot3, {'y': 17.714, 'x': -35.384, 'yaw': 3.141}, None, None
30.08, [INFO], robot3, {'battery-level': '45.11'}, None, None
40.05, [INFO], robot3, {'battery-level': '44.71'}, None, None
40.05, [INFO], robot3, {'y': 18.86, 'x': -33.992, 'yaw': -3.142}, None, None
47.53, [info], nurse, sync, received-request, (status=sending-request)
47.53, [info], nurse, sync, request-sent, (status=waiting)
47.58, [info], nurse, sync, wait-message, (status=message-received)
50.04, [INFO], robot3, {'battery-level': '44.31'}, None, None
50.04, [INFO], robot3, {'y': 18.878, 'x': -34.161, 'yaw': 3.142}, None, None
60.08, [INFO], robot3, {'battery-level': '43.91'}, None, None
60.08, [INFO], robot3, {'y': 17.827, 'x': -35.768, 'yaw': 3.141}, None, None
70.03, [INFO], robot3, {'battery-level': '43.51'}, None, None
70.03, [INFO], robot3, {'y': 17.949, 'x': -36.977, 'yaw': -3.142}, None, None
80.06, [INFO], robot3, {'battery-level': '43.11'}, None, None
80.06, [INFO], robot3, {'y': 17.288, 'x': -36.729, 'yaw': -3.141}, None, None
90.01, [INFO], robot3, {'y': 17.321, 'x': -36.948, 'yaw': -3.141}, None, None
90.01, [INFO], robot3, {'battery-level': '42.71'}, None, None
100.06, [INFO], robot3, {'y': 17.305, 'x': -36.987, 'yaw': -3.141}, None, None
100.06, [INFO], robot3, {'battery-level': '42.31'}, None, None
110.05, [INFO], robot3, {'battery-level': '41.91'}, None, None
110.05, [INFO], robot3, {'y': 17.166, 'x': -36.821, 'yaw': 3.141}, None, None
120.09, [INFO], robot3, {'y': 17.152, 'x': -36.788, 'yaw': 3.141}, None, None
120.09, [INFO], robot3, {'battery-level': '41.51'}, None, None
130.07, [INFO], robot3, {'y': 17.292, 'x': -37.05, 'yaw': -3.141}, None, None
130.07, [INFO], robot3, {'battery-level': '41.11'}, None, None
140.00, [INFO], robot3, {'battery-level': '40.71'}, None, None
140.00, [INFO], robot3, {'y': 17.272, 'x': -36.832, 'yaw': 3.14}, None, None
150.08, [INFO], robot3, {'y': 17.253, 'x': -36.864, 'yaw': 3.142}, None, None
150.08, [INFO], robot3, {'battery-level': '40.31'}, None, None
160.03, [INFO], robot3, {'y': 17.371, 'x': -36.886, 'yaw': 3.142}, None, None
160.03, [INFO], robot3, {'battery-level': '39.91'}, None, None
170.03, [INFO], robot3, {'battery-level': '39.51'}, None, None
170.03, [INFO], robot3, {'y': 17.401, 'x': -36.91, 'yaw': 3.14}, None, None
180.08, [INFO], robot3, {'y': 17.304, 'x': -36.811, 'yaw': -3.141}, None, None
180.08, [INFO], robot3, {'battery-level': '39.11'}, None, None
190.07, [INFO], robot3, {'battery-level': '38.71'}, None, None
190.07, [INFO], robot3, {'y': 17.27, 'x': -36.848, 'yaw': -3.142}, None, None
200.02, [INFO], robot3, {'battery-level': '38.31'}, None, None
200.02, [INFO], robot3, {'y': 17.252, 'x': -37.072, 'yaw': 3.141}, None, None
210.06, [INFO], robot3, {'battery-level': '37.91'}, None, None
210.06, [INFO], robot3, {'y': 17.461, 'x': -36.987, 'yaw': -3.142}, None, None
220.02, [INFO], robot3, {'y': 17.305, 'x': -37.07, 'yaw': 3.14}, None, None
220.02, [INFO], robot3, {'battery-level': '37.51'}, None, None
230.04, [INFO], robot3, {'y': 17.137, 'x': -36.966, 'yaw': 3.141}, None, None
230.04, [INFO], robot3, {'battery-level': '37.11'}, None, None
235.60, [WARN], robot3, SKILL-FAILURE, navigation, navto_lab
240.06, [INFO], robot3, {'battery-level': '36.71'}, None, None
240.06, [INFO], robot3, {'y': 17.276, 'x': -37.054, 'yaw': 3.141}, None, None
