0.00, [DEBUG], nurse, NURSE_CONFIG={'location': 'IC Room 2', 'position': [-38.0, 21.5, 0.0]}, None, None
0.00, [INFO], robot6, {'battery-level': '50.80'}, None, None
0.13, [DEBUG], logger, ROBOTS_CONFIG={'avg_speed': 0.15, 'battery_charge': 0.5080169438370433, 'battery_discharge_rate': 0.0005200000000000001, 'id': 6, 'local_plan': [['navigation', ['IC Room 2', [[-33.9, 18.93, 3.14], [-37.0, 18.93], [-37.0, 21.5], [-38.0, 21.5, 0.0]]], 'navto_room'], ['approach_person', ['nurse'], 'approach_nurse'], ['authenticate_person', ['nurse'], 'authenticate_nurse'], ['operate_drawer', ['open'], 'open_drawer_for_nurse'], ['send_message', ['nurse'], 'notify_nurse_of_open_drawer_for_nurse_completed'], ['wait_message', ['nurse'], 'wait_nurse_to_complete_deposit'], ['operate_drawer', ['close'], 'close_drawer_nurse'], ['navigation', ['Laboratory', [[-38.0, 21.5, 0.0], [-37.0, 21.5], [-37.0, 16.0], [-26.0, 16.0], [-26.0, 13.0, 1.57]]], 'navto_lab'], ['approach_robot', ['lab_arm'], 'approach_arm'], ['operate_drawer', ['open'], 'open_drawer_lab'], ['send_message', ['lab_arm'], 'notify_lab_arm_of_open_drawer_lab_completed'], ['wait_message', ['lab_arm'], 'wait_lab_arm_to_complete_pick_up_sample'], ['operate_drawer', ['close'], 'close_drawer_lab']], 'location': 'IC Room 6', 'name': 'r6', 'position': [-33.9, 18.93, 3.14], 'skills': ['approach_person', 'approach_robot', 'authenticate_person', 'navigation', 'operate_drawer']}, None, None
0.13, [DEBUG], logger, Simulation open, None, None
10.09, [INFO], robot6, {'battery-level': '50.33'}, None, None
10.09, [INFO], robot6, {'y': 18.485, 'x': -34.347, 'yaw': 3.141}, None, None
20.00, [INFO], robot6, {'y': 17.933, 'x': -36.1, 'yaw': 3.141}, None, None
20.00, [INFO], robot6, {'battery-level': '49.81'}, None, None
30.01, [INFO], robot6, {'y': 19.802, 'x': -36.834, 'yaw': 3.141}, None, None
30.01, [INFO], robot6, {'battery-level': '49.29'}, None, None
40.03, [INFO], robot6, {'battery-level': '48.77'}, None, None
40.03, [INFO], robot6, {'y': 21.555, 'x': -37.575, 'yaw': 3.141}, None, None
50.05, [INFO], robot6, {'battery-level': '48.25'}, None, None
50.05, [INFO], robot6, {'y': 21.436, 'x': -38.068, 'yaw': 3.136}, None, None
54.40, [info], nurse, sync, received-request, (status=sending-request)
54.40, [info], nurse, sync, request-sent, (status=waiting)
54.40, [info], nurse, sync, wait-message, (status=message-received)
60.06, [INFO], robot6, {'battery-level': '47.73'}, None, None
60.06, [INFO], robot6, {'y': 21.171, 'x': -37.244, 'yaw': 3.142}, None, None
70.02, [INFO], robot6, {'battery-level': '47.21'}, None, None
70.02, [INFO], robot6, {'y': 19.063, 'x': -37.14, 'yaw': 3.142}, None, None
80.07, [INFO], robot6, {'battery-level': '46.69'}, None, None
80.07, [INFO], robot6, {'y': 16.933, 'x': -37.035, 'yaw': 3.141}, None, None
90.07, [INFO], robot6, {'y': 15.69, 'x': -35.692, 'yaw': 3.142}, None, None
90.07, [INFO], robot6, {'battery-level': '46.17'}, None, None
100.09, [INFO], robot6, {'y': 15.378, 'x': -33.607, 'yaw': -3.142}, None, None
100.09, [INFO], robot6, {'battery-level': '45.65'}, None, None
110.08, [INFO], robot6, {'battery-level': '45.13'}, None, None
110.08, [INFO], robot6, {'y': 15.528, 'x': -31.506, 'yaw': -3.141}, None, None
120.08, [INFO], robot6, {'y': 15.692, 'x': -29.4, 'yaw': 3.142}, None, None
120.08, [INFO], robot6, {'battery-level': '44.61'}, None, None
130.00, [INFO], robot6, {'battery-level': '44.09'}, None, None
130.00, [INFO], robot6, {'y': 15.781, 'x': -27.32, 'yaw': 3.142}, None, None
140.09, [INFO], robot6, {'battery-level': '43.57'}, None, None
140.09, [INFO], robot6, {'y': 14.794, 'x': -25.824, 'yaw': 3.142}, None, None
150.07, [INFO], robot6, {'battery-level': '43.05'}, None, None
150.07, [INFO], robot6, {'y': 12.933, 'x': -25.891, 'yaw': -3.142}, None, None
156.90, [info], lab_arm, sync, wait-message, (status=message-received)
157.81, [WARN], robot6, SUCCESS, None, None
160.09, [INFO], robot6, {'battery-level': '42.53'}, None, None
160.09, [INFO], robot6, {'y': 12.864, 'x': -25.942, 'yaw': -3.142}, None, None
