0.00, [DEBUG], nurse, NURSE_CONFIG={'location': 'IC Room 6', 'position': [-33.9, 18.93, 3.14]}, None, None
0.00, [INFO], robot4, {'battery-level': '48.63'}, None, None
0.13, [DEBUG], logger, ROBOTS_CONFIG={'avg_speed': 0.15, 'battery_charge': 0.4863040833267539, 'battery_discharge_rate': 0.0006000000000000001, 'id': 4, 'local_plan': [['navigation', ['IC Room 6', [[-39.44, 33.95, 0.0], [-37.0, 33.95], [-37.0, 18.93], [-33.9, 18.93, 3.14]]], 'navto_room'], ['approach_person', ['nurse'], 'approach_nurse'], ['authenticate_person', ['nurse'], 'authenticate_nurse'], ['operate_drawer', ['open'], 'open_drawer_for_nurse'], ['send_message', ['nurse'], 'notify_nurse_of_open_drawer_for_nurse_completed'], ['wait_message', ['nurse'], 'wait_nurse_to_complete_deposit'], ['operate_drawer', ['close'], 'close_drawer_nurse'], ['navigation', ['Laboratory', [[-33.9, 18.93, 3.14], [-37.0, 18.93], [-37.0, 16.0], [-26.0, 16.0], [-26.0, 13.0, 1.57]]], 'navto_lab'], ['approach_robot', ['lab_arm'], 'approach_arm'], ['operate_drawer', ['open'], 'open_drawer_lab'], ['send_message', ['lab_arm'], 'notify_lab_arm_of_open_drawer_lab_completed'], ['wait_message', ['lab_arm'], 'wait_lab_arm_to_complete_pick_up_sample'], ['operate_drawer', ['close'], 'close_drawer_lab']], 'location': 'IC Room 4', 'name': 'r4', 'position': [-39.44, 33.95, 0.0], 'skills': ['approach_person', 'approach_robot', 'authenticate_person', 'navigation', 'operate_drawer']}, None, None
0.13, [DEBUG], logger, Simulation open, None, None
10.02, [INFO], robot4, {'y': 34.11, 'x': -38.943, 'yaw': 3.142}, None, None
10.02, [INFO], robot4, {'battery-level': '48.09'}, None, None
20.06, [INFO], robot4, {'battery-level': '47.49'}, None, None
20.06, [INFO], robot4, {'y': 34.533, 'x': -37.75, 'yaw': 3.139}, None, None
30.09, [INFO], robot4, {'y': 32.755, 'x': -37.007, 'yaw': 3.141}, None, None
30.09, [INFO], robot4, {'battery-level': '46.89'}, None, None
40.08, [INFO], robot4, {'y': 30.63, 'x': -37.046, 'yaw': 3.141}, None, None
40.08, [INFO], robot4, {'battery-level': '46.29'}, None, None
50.05, [INFO], robot4, {'y': 28.521, 'x': -36.996, 'yaw': 3.141}, None, None
50.05, [INFO], robot4, {'battery-level': '45.69'}, None, None
60.02, [INFO], robot4, {'battery-level': '45.09'}, None, None
60.02, [INFO], robot4, {'y': 26.405, 'x': -36.971, 'yaw': -3.142}, None, None
70.01, [INFO], robot4, {'y': 24.299, 'x': -36.962, 'yaw': -3.141}, None, None
70.01, [INFO], robot4, {'battery-level': '44.49'}, None, None
80.00, [INFO], robot4, {'battery-level': '43.89'}, None, None
80.00, [INFO], robot4, {'y': 22.185, 'x': -37.097, 'yaw': 3.141}, None, None
89.97, [INFO], robot4, {'y': 20.054, 'x': -37.041, 'yaw': 3.141}, None, None
90.07, [INFO], robot4, {'battery-level': '43.29'}, None, None
100.05, [INFO], robot4, {'battery-level': '42.69'}, None, None
100.05, [INFO], robot4, {'y': 18.174, 'x': -36.208, 'yaw': 3.142}, None, None
110.03, [INFO], robot4, {'battery-level': '42.09'}, None, None
110.03, [INFO], robot4, {'y': 18.136, 'x': -34.416, 'yaw': -3.142}, None, None
120.01, [INFO], robot4, {'y': 18.966, 'x': -33.974, 'yaw': -3.141}, None, None
120.01, [INFO], robot4, {'battery-level': '41.49'}, None, None
130.09, [INFO], robot4, {'y': 19.0, 'x': -33.939, 'yaw': -3.142}, None, None
130.09, [INFO], robot4, {'battery-level': '40.89'}, None, None
131.23, [info], nurse, sync, received-request, (status=sending-request)
131.23, [info], nurse, sync, request-sent, (status=waiting)
131.23, [info], nurse, sync, wait-message, (status=message-received)
140.07, [INFO], robot4, {'y': 17.862, 'x': -35.008, 'yaw': 3.142}, None, None
140.07, [INFO], robot4, {'battery-level': '40.29'}, None, None
150.02, [INFO], robot4, {'y': 17.952, 'x': -36.857, 'yaw': 3.141}, None, None
150.02, [INFO], robot4, {'battery-level': '39.69'}, None, None
160.09, [INFO], robot4, {'y': 17.289, 'x': -37.077, 'yaw': 3.142}, None, None
160.09, [INFO], robot4, {'battery-level': '39.09'}, None, None
170.07, [INFO], robot4, {'battery-level': '38.49'}, None, None
170.07, [INFO], robot4, {'y': 17.281, 'x': -36.948, 'yaw': -3.141}, None, None
180.02, [INFO], robot4, {'y': 17.257, 'x': -36.96, 'yaw': 3.141}, None, None
180.02, [INFO], robot4, {'battery-level': '37.89'}, None, None
190.07, [INFO], robot4, {'battery-level': '37.29'}, None, None
190.07, [INFO], robot4, {'y': 17.293, 'x': -37.141, 'yaw': -3.142}, None, None
200.03, [INFO], robot4, {'battery-level': '36.69'}, None, None
200.03, [INFO], robot4, {'y': 17.266, 'x': -37.132, 'yaw': -3.142}, None, None
210.01, [INFO], robot4, {'y': 17.334, 'x': -36.852, 'yaw': -3.141}, None, None
210.01, [INFO], robot4, {'battery-level': '36.09'}, None, None
220.08, [INFO], robot4, {'y': 17.189, 'x': -37.053, 'yaw': 3.14}, None, None
220.08, [INFO], robot4, {'battery-level': '35.49'}, None, None
230.05, [INFO], robot4, {'battery-level': '34.89'}, None, None
230.05, [INFO], robot4, {'y': 17.239, 'x': -37.096, 'yaw': -3.142}, None, None
240.01, [INFO], robot4, {'battery-level': '34.29'}, None, None
240.01, [INFO], robot4, {'y': 17.241, 'x': -37.098, 'yaw': 3.141}, None, None
250.08, [INFO], robot4, {'battery-level': '33.69'}, None, None
250.08, [INFO], robot4, {'y': 17.222, 'x': -36.976, 'yaw': 3.141}, None, None
260.03, [INFO], robot4, {'y': 17.391, 'x': -37.059, 'yaw': 3.141}, None, None
260.03, [INFO], robot4, {'battery-level': '33.09'}, None, None
270.09, [INFO], robot4, {'y': 17.357, 'x': -36.888, 'yaw': -3.142}, None, None
270.09, [INFO], robot4, {'battery-level': '32.49'}, None, None
280.07, [INFO], robot4, {'y': 17.532, 'x': -36.889, 'yaw': 3.141}, None, None
280.07, [INFO], robot4, {'battery-level': '31.89'}, None, None
290.02, [INFO], robot4, {'battery-level': '31.29'}, None, None
290.02, [INFO], robot4, {'y': 17.227, 'x': -37.137, 'yaw': -3.141}, None, None
300.07, [INFO], robot4, {'battery-level': '30.69'}, None, None
300.07, [INFO], robot4, {'y': 17.525, 'x': -36.861, 'yaw': -3.142}, None, None
310.04, [INFO], robot4, {'battery-level': '30.09'}, None, None
310.04, [INFO], robot4, {'y': 17.268, 'x': -37.19, 'yaw': -3.141}, None, None
320.01, [INFO], robot4, {'y': 17.536, 'x': -37.011, 'yaw': -3.142}, None, None
320.01, [INFO], robot4, {'battery-level': '29.49'}, None, None
330.06, [INFO], robot4, {'battery-level': '28.89'}, None, None
330.06, [INFO], robot4, {'y': 17.224, 'x': -36.841, 'yaw': -3.141}, None, None
331.58, [WARN], robot4, SKILL-FAILURE, navigation, navto_lab
340.02, [INFO], robot4, {'y': 17.348, 'x': -37.007, 'yaw': 3.142}, None, None
340.02, [INFO], robot4, {'battery-level': '28.29'}, None, None
