0.00, [DEBUG], nurse, NURSE_CONFIG={'location': 'IC Room 6', 'position': [-33.9, 18.93, 3.14]}, None, None
0.12, [DEBUG], logger, ROBOTS_CONFIG={'avg_speed': 0.15, 'battery_charge': 0.5779176354739738, 'battery_discharge_rate': 0.00054, 'id': 2, 'local_plan': [['navigation', ['IC Room 6', [[-19.0, 18.0, -1.57], [-19.0, 16.0], [-37.0, 16.0], [-37.0, 18.93], [-33.9, 18.93, 3.14]]], 'navto_room'], ['approach_person', ['nurse'], 'approach_nurse'], ['authenticate_person', ['nurse'], 'authenticate_nurse'], ['operate_drawer', ['open'], 'open_drawer_for_nurse'], ['send_message', ['nurse'], 'notify_nurse_of_open_drawer_for_nurse_completed'], ['wait_message', ['nurse'], 'wait_nurse_to_complete_deposit'], ['operate_drawer', ['close'], 'close_drawer_nurse'], ['navigation', ['Laboratory', [[-33.9, 18.93, 3.14], [-37.0, 18.93], [-37.0, 16.0], [-26.0, 16.0], [-26.0, 13.0, 1.57]]], 'navto_lab'], ['approach_robot', ['lab_arm'], 'approach_arm'], ['operate_drawer', ['open'], 'open_drawer_lab'], ['send_message', ['lab_arm'], 'notify_lab_arm_of_open_drawer_lab_completed'], ['wait_message', ['lab_arm'], 'wait_lab_arm_to_complete_pick_up_sample'], ['operate_drawer', ['close'], 'close_drawer_lab']], 'location': 'PC Room 6', 'name': 'r2', 'position': [-19.0, 18.0, -1.57], 'skills': ['approach_person', 'approach_robot', 'authenticate_person', 'navigation', 'operate_drawer']}, None, None
0.12, [DEBUG], logger, Simulation open, None, None
10.04, [INFO], robot2, {'y': 17.303, 'x': -19.246, 'yaw': -3.142}, None, None
10.04, [INFO], robot2, {'battery-level': '57.31'}, None, None
20.02, [INFO], robot2, {'y': 16.268, 'x': -20.44, 'yaw': 3.142}, None, None
20.02, [INFO], robot2, {'battery-level': '56.77'}, None, None
30.03, [INFO], robot2, {'y': 16.245, 'x': -22.558, 'yaw': -3.142}, None, None
30.03, [INFO], robot2, {'battery-level': '56.23'}, None, None
40.02, [INFO], robot2, {'y': 16.14, 'x': -24.656, 'yaw': 3.141}, None, None
40.02, [INFO], robot2, {'battery-level': '55.69'}, None, None
50.08, [INFO], robot2, {'y': 16.18, 'x': -26.771, 'yaw': 3.142}, None, None
50.08, [INFO], robot2, {'battery-level': '55.15'}, None, None
60.06, [INFO], robot2, {'battery-level': '54.61'}, None, None
60.06, [INFO], robot2, {'y': 16.244, 'x': -28.866, 'yaw': 3.141}, None, None
70.04, [INFO], robot2, {'battery-level': '54.07'}, None, None
70.04, [INFO], robot2, {'y': 16.096, 'x': -30.981, 'yaw': 3.14}, None, None
80.04, [INFO], robot2, {'y': 15.751, 'x': -33.084, 'yaw': 3.141}, None, None
80.04, [INFO], robot2, {'battery-level': '53.53'}, None, None
90.02, [INFO], robot2, {'battery-level': '52.99'}, None, None
90.02, [INFO], robot2, {'y': 15.43, 'x': -35.179, 'yaw': 3.141}, None, None
100.06, [INFO], robot2, {'battery-level': '52.45'}, None, None
100.06, [INFO], robot2, {'y': 16.305, 'x': -36.871, 'yaw': -3.141}, None, None
110.01, [INFO], robot2, {'y': 17.658, 'x': -36.808, 'yaw': 3.14}, None, None
110.01, [INFO], robot2, {'battery-level': '51.91'}, None, None
120.02, [INFO], robot2, {'battery-level': '51.37'}, None, None
120.02, [INFO], robot2, {'y': 17.889, 'x': -36.451, 'yaw': -3.142}, None, None
130.01, [INFO], robot2, {'y': 18.117, 'x': -35.894, 'yaw': -3.142}, None, None
130.01, [INFO], robot2, {'battery-level': '50.83'}, None, None
140.09, [INFO], robot2, {'battery-level': '50.29'}, None, None
140.09, [INFO], robot2, {'y': 18.194, 'x': -35.668, 'yaw': -3.142}, None, None
150.02, [INFO], robot2, {'battery-level': '49.75'}, None, None
150.02, [INFO], robot2, {'y': 18.101, 'x': -35.949, 'yaw': -3.142}, None, None
160.05, [INFO], robot2, {'battery-level': '49.21'}, None, None
160.05, [INFO], robot2, {'y': 18.102, 'x': -35.948, 'yaw': -3.142}, None, None
170.03, [INFO], robot2, {'battery-level': '48.67'}, None, None
170.03, [INFO], robot2, {'y': 18.102, 'x': -35.948, 'yaw': 3.142}, None, None
180.08, [INFO], robot2, {'y': 18.102, 'x': -35.948, 'yaw': 3.142}, None, None
180.08, [INFO], robot2, {'battery-level': '48.13'}, None, None
190.02, [INFO], robot2, {'battery-level': '47.59'}, None, None
190.02, [INFO], robot2, {'y': 18.102, 'x': -35.946, 'yaw': 3.141}, None, None
200.04, [INFO], robot2, {'battery-level': '47.05'}, None, None
200.04, [INFO], robot2, {'y': 18.103, 'x': -35.94, 'yaw': -3.142}, None, None
210.06, [INFO], robot2, {'battery-level': '46.51'}, None, None
210.06, [INFO], robot2, {'y': 18.103, 'x': -35.939, 'yaw': -3.142}, None, None
212.27, [WARN], robot2, SKILL-FAILURE, navigation, navto_room
