0.00, [INFO], robot3, {'battery-level': '72.32'}, None, None
0.00, [DEBUG], nurse, NURSE_CONFIG={'location': 'IC Room 6', 'position': [-33.9, 18.93, 3.14]}, None, None
0.00, [DEBUG], logger, ROBOTS_CONFIG={'avg_speed': 0.15, 'battery_charge': 0.7232396784987936, 'battery_discharge_rate': 0.00036, 'id': 3, 'local_plan': [['navigation', ['IC Room 6', [[-38.0, 21.5, 0.0], [-37.0, 21.5], [-37.0, 18.93], [-33.9, 18.93, 3.14]]], 'navto_room'], ['approach_person', ['nurse'], 'approach_nurse'], ['authenticate_person', ['nurse'], 'authenticate_nurse'], ['operate_drawer', ['open'], 'open_drawer_for_nurse'], ['send_message', ['nurse'], 'notify_nurse_of_open_drawer_for_nurse_completed'], ['wait_message', ['nurse'], 'wait_nurse_to_complete_deposit'], ['operate_drawer', ['close'], 'close_drawer_nurse'], ['navigation', ['Laboratory', [[-33.9, 18.93, 3.14], [-37.0, 18.93], [-37.0, 16.0], [-26.0, 16.0], [-26.0, 13.0, 1.57]]], 'navto_lab'], ['approach_robot', ['lab_arm'], 'approach_arm'], ['operate_drawer', ['open'], 'open_drawer_lab'], ['send_message', ['lab_arm'], 'notify_lab_arm_of_open_drawer_lab_completed'], ['wait_message', ['lab_arm'], 'wait_lab_arm_to_complete_pick_up_sample'], ['operate_drawer', ['close'], 'close_drawer_lab']], 'location': 'IC Room 2', 'name': 'r3', 'position': [-38.0, 21.5, 0.0], 'skills': ['approach_person', 'approach_robot', 'authenticate_person', 'navigation', 'operate_drawer']}, None, None
0.00, [DEBUG], logger, Simulation open, None, None
10.05, [INFO], robot3, {'battery-level': '72.00'}, None, None
10.05, [INFO], robot3, {'y': 21.45, 'x': -37.262, 'yaw': -3.141}, None, None
20.08, [INFO], robot3, {'battery-level': '71.64'}, None, None
20.08, [INFO], robot3, {'y': 19.349, 'x': -37.046, 'yaw': 3.141}, None, None
30.02, [INFO], robot3, {'y': 17.776, 'x': -35.647, 'yaw': 3.141}, None, None
30.02, [INFO], robot3, {'battery-level': '71.28'}, None, None
40.07, [INFO], robot3, {'battery-level': '70.92'}, None, None
40.07, [INFO], robot3, {'y': 18.776, 'x': -34.05, 'yaw': -3.142}, None, None
49.40, [info], nurse, sync, received-request, (status=sending-request)
49.40, [info], nurse, sync, request-sent, (status=waiting)
49.40, [info], nurse, sync, wait-message, (status=message-received)
50.01, [INFO], robot3, {'y': 18.955, 'x': -33.929, 'yaw': 3.14}, None, None
50.01, [INFO], robot3, {'battery-level': '70.56'}, None, None
60.06, [INFO], robot3, {'y': 17.755, 'x': -35.364, 'yaw': 3.141}, None, None
60.06, [INFO], robot3, {'battery-level': '70.20'}, None, None
70.08, [INFO], robot3, {'battery-level': '69.84'}, None, None
70.08, [INFO], robot3, {'y': 17.826, 'x': -36.986, 'yaw': -3.142}, None, None
80.03, [INFO], robot3, {'y': 17.251, 'x': -36.749, 'yaw': -3.141}, None, None
80.03, [INFO], robot3, {'battery-level': '69.48'}, None, None
90.08, [INFO], robot3, {'y': 17.454, 'x': -36.996, 'yaw': 3.141}, None, None
90.08, [INFO], robot3, {'battery-level': '69.12'}, None, None
100.02, [INFO], robot3, {'battery-level': '68.76'}, None, None
100.02, [INFO], robot3, {'y': 17.267, 'x': -37.039, 'yaw': 3.142}, None, None
110.07, [INFO], robot3, {'battery-level': '68.40'}, None, None
110.07, [INFO], robot3, {'y': 17.367, 'x': -36.846, 'yaw': 3.14}, None, None
120.03, [INFO], robot3, {'battery-level': '68.04'}, None, None
120.03, [INFO], robot3, {'y': 17.207, 'x': -37.104, 'yaw': 3.142}, None, None
130.00, [INFO], robot3, {'battery-level': '67.68'}, None, None
130.00, [INFO], robot3, {'y': 17.258, 'x': -36.903, 'yaw': 3.142}, None, None
140.06, [INFO], robot3, {'y': 17.374, 'x': -36.971, 'yaw': 3.142}, None, None
140.06, [INFO], robot3, {'battery-level': '67.32'}, None, None
150.05, [INFO], robot3, {'battery-level': '66.96'}, None, None
150.05, [INFO], robot3, {'y': 17.238, 'x': -36.963, 'yaw': -3.141}, None, None
160.02, [INFO], robot3, {'y': 17.275, 'x': -36.841, 'yaw': 3.14}, None, None
160.02, [INFO], robot3, {'battery-level': '66.60'}, None, None
170.03, [INFO], robot3, {'battery-level': '66.24'}, None, None
170.03, [INFO], robot3, {'y': 17.436, 'x': -37.014, 'yaw': 3.141}, None, None
180.00, [INFO], robot3, {'battery-level': '65.88'}, None, None
180.00, [INFO], robot3, {'y': 17.197, 'x': -37.043, 'yaw': -3.142}, None, None
190.07, [INFO], robot3, {'y': 17.37, 'x': -36.887, 'yaw': 3.141}, None, None
190.07, [INFO], robot3, {'battery-level': '65.52'}, None, None
200.01, [INFO], robot3, {'battery-level': '65.16'}, None, None
200.01, [INFO], robot3, {'y': 17.366, 'x': -36.879, 'yaw': 3.142}, None, None
210.02, [INFO], robot3, {'battery-level': '64.80'}, None, None
210.02, [INFO], robot3, {'y': 17.299, 'x': -36.893, 'yaw': -3.141}, None, None
220.02, [INFO], robot3, {'y': 17.235, 'x': -37.072, 'yaw': -3.141}, None, None
220.02, [INFO], robot3, {'battery-level': '64.44'}, None, None
230.05, [INFO], robot3, {'battery-level': '64.08'}, None, None
230.05, [INFO], robot3, {'y': 17.34, 'x': -36.828, 'yaw': -3.141}, None, None
240.07, [INFO], robot3, {'battery-level': '63.72'}, None, None
240.07, [INFO], robot3, {'y': 17.198, 'x': -36.931, 'yaw': 3.141}, None, None
245.35, [WARN], robot3, SKILL-FAILURE, navigation, navto_lab
250.04, [INFO], robot3, {'y': 17.241, 'x': -36.805, 'yaw': 3.142}, None, None
250.04, [INFO], robot3, {'battery-level': '63.36'}, None, None
