0.13, [DEBUG], logger, ROBOTS_CONFIG={'avg_speed': 0.15, 'battery_charge': 0.5408465660492595, 'battery_discharge_rate': 0.00072, 'id': 6, 'local_plan': [['navigation', ['IC Room 2', [[-33.9, 18.93, 3.14], [-37.0, 18.93], [-37.0, 21.5], [-38.0, 21.5, 0.0]]], 'navto_room'], ['approach_person', ['nurse'], 'approach_nurse'], ['authenticate_person', ['nurse'], 'authenticate_nurse'], ['operate_drawer', ['open'], 'open_drawer_for_nurse'], ['send_message', ['nurse'], 'notify_nurse_of_open_drawer_for_nurse_completed'], ['wait_message', ['nurse'], 'wait_nurse_to_complete_deposit'], ['operate_drawer', ['close'], 'close_drawer_nurse'], ['navigation', ['Laboratory', [[-38.0, 21.5, 0.0], [-37.0, 21.5], [-37.0, 16.0], [-26.0, 16.0], [-26.0, 13.0, 1.57]]], 'navto_lab'], ['approach_robot', ['lab_arm'], 'approach_arm'], ['operate_drawer', ['open'], 'open_drawer_lab'], ['send_message', ['lab_arm'], 'notify_lab_arm_of_open_drawer_lab_completed'], ['wait_message', ['lab_arm'], 'wait_lab_arm_to_complete_pick_up_sample'], ['operate_drawer', ['close'], 'close_drawer_lab']], 'location': 'IC Room 6', 'name': 'r6', 'position': [-33.9, 18.93, 3.14], 'skills': ['approach_person', 'approach_robot', 'authenticate_person', 'navigation', 'operate_drawer']}, None, None
0.13, [DEBUG], logger, Simulation open, None, None
10.06, [INFO], robot6, {'battery-level': '53.44'}, None, None
10.06, [INFO], robot6, {'y': 18.933, 'x': -33.9, 'yaw': -3.141}, None, None
20.07, [INFO], robot6, {'y': 17.78, 'x': -35.046, 'yaw': 3.142}, None, None
20.07, [INFO], robot6, {'battery-level': '52.72'}, None, None
30.08, [INFO], robot6, {'battery-level': '52.00'}, None, None
30.08, [INFO], robot6, {'y': 18.705, 'x': -36.857, 'yaw': -3.142}, None, None
40.07, [INFO], robot6, {'y': 20.821, 'x': -36.963, 'yaw': 3.136}, None, None
40.07, [INFO], robot6, {'battery-level': '51.28'}, None, None
50.08, [INFO], robot6, {'y': 21.446, 'x': -38.081, 'yaw': -3.142}, None, None
50.08, [INFO], robot6, {'battery-level': '50.56'}, None, None
55.00, [info], nurse, sync, received-request, (status=sending-request)
55.00, [info], nurse, sync, request-sent, (status=waiting)
55.00, [info], nurse, sync, wait-message, (status=message-received)
60.08, [INFO], robot6, {'y': 21.257, 'x': -37.314, 'yaw': 3.142}, None, None
60.08, [INFO], robot6, {'battery-level': '49.84'}, None, None
70.09, [INFO], robot6, {'y': 19.173, 'x': -37.144, 'yaw': -3.142}, None, None
70.09, [INFO], robot6, {'battery-level': '49.12'}, None, None
80.08, [INFO], robot6, {'battery-level': '48.40'}, None, None
80.08, [INFO], robot6, {'y': 17.066, 'x': -37.09, 'yaw': 3.141}, None, None
90.08, [INFO], robot6, {'battery-level': '47.68'}, None, None
90.08, [INFO], robot6, {'y': 15.712, 'x': -35.938, 'yaw': -3.139}, None, None
100.07, [INFO], robot6, {'y': 15.349, 'x': -33.855, 'yaw': 3.141}, None, None
100.07, [INFO], robot6, {'battery-level': '46.96'}, None, None
110.08, [INFO], robot6, {'y': 15.59, 'x': -31.753, 'yaw': -3.141}, None, None
110.08, [INFO], robot6, {'battery-level': '46.24'}, None, None
120.08, [INFO], robot6, {'battery-level': '45.52'}, None, None
120.08, [INFO], robot6, {'y': 15.708, 'x': -29.629, 'yaw': -3.142}, None, None
130.07, [INFO], robot6, {'battery-level': '44.80'}, None, None
130.07, [INFO], robot6, {'y': 15.852, 'x': -27.513, 'yaw': -3.142}, None, None
140.04, [INFO], robot6, {'battery-level': '44.08'}, None, None
140.04, [INFO], robot6, {'y': 14.954, 'x': -25.938, 'yaw': 3.141}, None, None
150.02, [INFO], robot6, {'y': 12.991, 'x': -25.867, 'yaw': -3.142}, None, None
150.02, [INFO], robot6, {'battery-level': '43.36'}, None, None
158.17, [info], lab_arm, sync, wait-message, (status=message-received)
159.13, [WARN], robot6, SUCCESS, None, None
160.05, [INFO], robot6, {'battery-level': '42.64'}, None, None
160.05, [INFO], robot6, {'y': 12.853, 'x': -25.964, 'yaw': 3.142}, None, None
170.08, [INFO], robot6, {'battery-level': '41.92'}, None, None
170.08, [INFO], robot6, {'y': 12.853, 'x': -25.964, 'yaw': -3.142}, None, None
