0.00, [INFO], robot3, {'battery-level': '72.32'}, None, None
0.00, [DEBUG], nurse, NURSE_CONFIG={'location': 'IC Room 6', 'position': [-33.9, 18.93, 3.14]}, None, None
0.12, [DEBUG], logger, ROBOTS_CONFIG={'avg_speed': 0.15, 'battery_charge': 0.7232396784987936, 'battery_discharge_rate': 0.00036, 'id': 3, 'local_plan': [['navigation', ['IC Room 6', [[-38.0, 21.5, 0.0], [-37.0, 21.5], [-37.0, 18.93], [-33.9, 18.93, 3.14]]], 'navto_room'], ['approach_person', ['nurse'], 'approach_nurse'], ['authenticate_person', ['nurse'], 'authenticate_nurse'], ['operate_drawer', ['open'], 'open_drawer_for_nurse'], ['send_message', ['nurse'], 'notify_nurse_of_open_drawer_for_nurse_completed'], ['wait_message', ['nurse'], 'wait_nurse_to_complete_deposit'], ['operate_drawer', ['close'], 'close_drawer_nurse'], ['navigation', ['Laboratory', [[-33.9, 18.93, 3.14], [-37.0, 18.93], [-37.0, 16.0], [-26.0, 16.0], [-26.0, 13.0, 1.57]]], 'navto_lab'], ['approach_robot', ['lab_arm'], 'approach_arm'], ['operate_drawer', ['open'], 'open_drawer_lab'], ['send_message', ['lab_arm'], 'notify_lab_arm_of_open_drawer_lab_completed'], ['wait_message', ['lab_arm'], 'wait_lab_arm_to_complete_pick_up_sample'], ['operate_drawer', ['close'], 'close_drawer_lab']], 'location': 'IC Room 2', 'name': 'r3', 'position': [-38.0, 21.5, 0.0], 'skills': ['approach_person', 'approach_robot', 'authenticate_person', 'navigation', 'operate_drawer']}, None, None
0.12, [DEBUG], logger, Simulation open, None, None
10.00, [INFO], robot3, {'y': 21.533, 'x': -37.991, 'yaw': -3.141}, None, None
10.00, [INFO], robot3, {'battery-level': '72.00'}, None, None
20.05, [INFO], robot3, {'battery-level': '71.64'}, None, None
20.05, [INFO], robot3, {'y': 20.174, 'x': -37.213, 'yaw': -3.138}, None, None
30.04, [INFO], robot3, {'y': 18.313, 'x': -36.359, 'yaw': 3.137}, None, None
30.04, [INFO], robot3, {'battery-level': '71.28'}, None, None
40.06, [INFO], robot3, {'y': 18.066, 'x': -34.493, 'yaw': 3.141}, None, None
40.06, [INFO], robot3, {'battery-level': '70.92'}, None, None
50.03, [INFO], robot3, {'battery-level': '70.56'}, None, None
50.03, [INFO], robot3, {'y': 18.934, 'x': -33.92, 'yaw': -3.141}, None, None
55.62, [info], nurse, sync, received-request, (status=sending-request)
55.62, [info], nurse, sync, request-sent, (status=waiting)
55.70, [info], nurse, sync, wait-message, (status=message-received)
60.08, [INFO], robot3, {'battery-level': '70.20'}, None, None
60.08, [INFO], robot3, {'y': 18.571, 'x': -34.386, 'yaw': 3.142}, None, None
70.06, [INFO], robot3, {'battery-level': '69.84'}, None, None
70.06, [INFO], robot3, {'y': 17.966, 'x': -36.09, 'yaw': -3.141}, None, None
80.04, [INFO], robot3, {'y': 17.982, 'x': -36.117, 'yaw': -3.142}, None, None
80.04, [INFO], robot3, {'battery-level': '69.48'}, None, None
90.02, [INFO], robot3, {'y': 17.982, 'x': -36.117, 'yaw': -3.142}, None, None
90.02, [INFO], robot3, {'battery-level': '69.12'}, None, None
100.08, [INFO], robot3, {'battery-level': '68.76'}, None, None
100.08, [INFO], robot3, {'y': 17.981, 'x': -36.117, 'yaw': 3.142}, None, None
110.02, [INFO], robot3, {'y': 17.982, 'x': -36.118, 'yaw': -3.142}, None, None
110.02, [INFO], robot3, {'battery-level': '68.40'}, None, None
120.06, [INFO], robot3, {'battery-level': '68.04'}, None, None
120.06, [INFO], robot3, {'y': 17.84, 'x': -35.946, 'yaw': -3.142}, None, None
130.07, [INFO], robot3, {'y': 17.985, 'x': -36.153, 'yaw': -3.136}, None, None
130.07, [INFO], robot3, {'battery-level': '67.68'}, None, None
140.01, [INFO], robot3, {'y': 18.02, 'x': -36.195, 'yaw': -3.136}, None, None
140.01, [INFO], robot3, {'battery-level': '67.32'}, None, None
150.04, [INFO], robot3, {'battery-level': '66.96'}, None, None
150.04, [INFO], robot3, {'y': 17.325, 'x': -37.023, 'yaw': 3.142}, None, None
160.08, [INFO], robot3, {'battery-level': '66.60'}, None, None
160.08, [INFO], robot3, {'y': 17.392, 'x': -36.913, 'yaw': 3.141}, None, None
170.01, [INFO], robot3, {'y': 17.417, 'x': -36.9, 'yaw': 3.141}, None, None
170.01, [INFO], robot3, {'battery-level': '66.24'}, None, None
180.04, [INFO], robot3, {'battery-level': '65.88'}, None, None
180.04, [INFO], robot3, {'y': 17.35, 'x': -37.082, 'yaw': -3.142}, None, None
190.04, [INFO], robot3, {'battery-level': '65.52'}, None, None
190.04, [INFO], robot3, {'y': 17.421, 'x': -36.882, 'yaw': -3.141}, None, None
200.04, [INFO], robot3, {'battery-level': '65.16'}, None, None
200.04, [INFO], robot3, {'y': 17.311, 'x': -36.948, 'yaw': 3.141}, None, None
210.06, [INFO], robot3, {'battery-level': '64.80'}, None, None
210.06, [INFO], robot3, {'y': 17.263, 'x': -36.817, 'yaw': -3.142}, None, None
220.05, [INFO], robot3, {'y': 17.583, 'x': -36.953, 'yaw': 3.142}, None, None
220.05, [INFO], robot3, {'battery-level': '64.44'}, None, None
230.04, [INFO], robot3, {'y': 17.344, 'x': -36.824, 'yaw': -3.141}, None, None
230.04, [INFO], robot3, {'battery-level': '64.08'}, None, None
240.03, [INFO], robot3, {'battery-level': '63.72'}, None, None
240.03, [INFO], robot3, {'y': 17.306, 'x': -36.993, 'yaw': -3.141}, None, None
242.88, [WARN], robot3, SKILL-FAILURE, navigation, navto_lab
250.05, [INFO], robot3, {'y': 17.317, 'x': -36.916, 'yaw': 3.142}, None, None
250.05, [INFO], robot3, {'battery-level': '63.36'}, None, None
