0.00, [DEBUG], nurse, NURSE_CONFIG={'location': 'IC Room 6', 'position': [-33.9, 18.93, 3.14]}, None, None
0.12, [DEBUG], logger, ROBOTS_CONFIG={'avg_speed': 0.15, 'battery_charge': 0.7232396784987936, 'battery_discharge_rate': 0.00036, 'id': 3, 'local_plan': [['navigation', ['IC Room 6', [[-38.0, 21.5, 0.0], [-37.0, 21.5], [-37.0, 18.93], [-33.9, 18.93, 3.14]]], 'navto_room'], ['approach_person', ['nurse'], 'approach_nurse'], ['authenticate_person', ['nurse'], 'authenticate_nurse'], ['operate_drawer', ['open'], 'open_drawer_for_nurse'], ['send_message', ['nurse'], 'notify_nurse_of_open_drawer_for_nurse_completed'], ['wait_message', ['nurse'], 'wait_nurse_to_complete_deposit'], ['operate_drawer', ['close'], 'close_drawer_nurse'], ['navigation', ['Laboratory', [[-33.9, 18.93, 3.14], [-37.0, 18.93], [-37.0, 16.0], [-26.0, 16.0], [-26.0, 13.0, 1.57]]], 'navto_lab'], ['approach_robot', ['lab_arm'], 'approach_arm'], ['operate_drawer', ['open'], 'open_drawer_lab'], ['send_message', ['lab_arm'], 'notify_lab_arm_of_open_drawer_lab_completed'], ['wait_message', ['lab_arm'], 'wait_lab_arm_to_complete_pick_up_sample'], ['operate_drawer', ['close'], 'close_drawer_lab']], 'location': 'IC Room 2', 'name': 'r3', 'position': [-38.0, 21.5, 0.0], 'skills': ['approach_person', 'approach_robot', 'authenticate_person', 'navigation', 'operate_drawer']}, None, None
0.12, [DEBUG], logger, Simulation open, None, None
10.08, [INFO], robot3, {'y': 21.456, 'x': -37.237, 'yaw': -3.142}, None, None
10.08, [INFO], robot3, {'battery-level': '72.00'}, None, None
20.05, [INFO], robot3, {'y': 19.363, 'x': -37.075, 'yaw': 3.142}, None, None
20.05, [INFO], robot3, {'battery-level': '71.64'}, None, None
30.09, [INFO], robot3, {'y': 17.794, 'x': -35.603, 'yaw': -3.142}, None, None
30.09, [INFO], robot3, {'battery-level': '71.28'}, None, None
40.00, [INFO], robot3, {'y': 18.794, 'x': -34.029, 'yaw': 3.142}, None, None
40.00, [INFO], robot3, {'battery-level': '70.92'}, None, None
50.06, [INFO], robot3, {'battery-level': '70.56'}, None, None
50.06, [INFO], robot3, {'y': 18.977, 'x': -33.912, 'yaw': 3.141}, None, None
52.70, [info], nurse, sync, received-request, (status=sending-request)
52.70, [info], nurse, sync, request-sent, (status=waiting)
52.70, [info], nurse, sync, wait-message, (status=message-received)
60.05, [INFO], robot3, {'battery-level': '70.20'}, None, None
60.05, [INFO], robot3, {'y': 17.987, 'x': -34.648, 'yaw': -3.138}, None, None
70.05, [INFO], robot3, {'y': 17.996, 'x': -36.11, 'yaw': 3.142}, None, None
70.05, [INFO], robot3, {'battery-level': '69.84'}, None, None
80.09, [INFO], robot3, {'battery-level': '69.48'}, None, None
80.09, [INFO], robot3, {'y': 17.816, 'x': -37.006, 'yaw': 3.142}, None, None
90.02, [INFO], robot3, {'y': 17.313, 'x': -36.768, 'yaw': -3.141}, None, None
90.02, [INFO], robot3, {'battery-level': '69.12'}, None, None
100.00, [INFO], robot3, {'battery-level': '68.76'}, None, None
100.00, [INFO], robot3, {'y': 17.568, 'x': -36.896, 'yaw': 3.14}, None, None
110.05, [INFO], robot3, {'battery-level': '68.40'}, None, None
110.05, [INFO], robot3, {'y': 17.294, 'x': -37.065, 'yaw': 3.141}, None, None
120.07, [INFO], robot3, {'battery-level': '68.04'}, None, None
120.07, [INFO], robot3, {'y': 17.345, 'x': -37.082, 'yaw': 3.141}, None, None
130.09, [INFO], robot3, {'y': 17.374, 'x': -36.946, 'yaw': -3.142}, None, None
130.09, [INFO], robot3, {'battery-level': '67.68'}, None, None
140.03, [INFO], robot3, {'y': 17.343, 'x': -36.908, 'yaw': -3.142}, None, None
140.03, [INFO], robot3, {'battery-level': '67.32'}, None, None
150.03, [INFO], robot3, {'y': 17.462, 'x': -36.96, 'yaw': -3.142}, None, None
150.03, [INFO], robot3, {'battery-level': '66.96'}, None, None
160.03, [INFO], robot3, {'battery-level': '66.60'}, None, None
160.03, [INFO], robot3, {'y': 17.413, 'x': -36.893, 'yaw': -3.141}, None, None
170.04, [INFO], robot3, {'y': 17.508, 'x': -36.925, 'yaw': 3.141}, None, None
170.04, [INFO], robot3, {'battery-level': '66.24'}, None, None
180.04, [INFO], robot3, {'y': 17.501, 'x': -36.918, 'yaw': -3.141}, None, None
180.04, [INFO], robot3, {'battery-level': '65.88'}, None, None
190.06, [INFO], robot3, {'y': 17.285, 'x': -36.956, 'yaw': -3.141}, None, None
190.06, [INFO], robot3, {'battery-level': '65.52'}, None, None
200.08, [INFO], robot3, {'y': 17.43, 'x': -36.857, 'yaw': 3.142}, None, None
200.08, [INFO], robot3, {'battery-level': '65.16'}, None, None
210.04, [INFO], robot3, {'y': 17.533, 'x': -36.61, 'yaw': 3.141}, None, None
210.04, [INFO], robot3, {'battery-level': '64.80'}, None, None
220.01, [INFO], robot3, {'battery-level': '64.44'}, None, None
220.01, [INFO], robot3, {'y': 17.278, 'x': -37.109, 'yaw': -3.142}, None, None
229.96, [INFO], robot3, {'battery-level': '64.08'}, None, None
230.04, [INFO], robot3, {'y': 17.392, 'x': -36.97, 'yaw': -3.142}, None, None
238.61, [WARN], robot3, SKILL-FAILURE, navigation, navto_lab
240.00, [INFO], robot3, {'y': 17.278, 'x': -36.832, 'yaw': 3.142}, None, None
240.00, [INFO], robot3, {'battery-level': '63.72'}, None, None
