0.00, [DEBUG], nurse, NURSE_CONFIG={'location': 'IC Room 2', 'position': [-38.0, 21.5, 0.0]}, None, None
0.00, [INFO], robot6, {'battery-level': '91.10'}, None, None
0.00, [DEBUG], logger, ROBOTS_CONFIG={'avg_speed': 0.15, 'battery_charge': 0.9109794326728246, 'battery_discharge_rate': 0.00072, 'id': 6, 'local_plan': [['navigation', ['IC Room 2', [[-33.9, 18.93, 3.14], [-37.0, 18.93], [-37.0, 21.5], [-38.0, 21.5, 0.0]]], 'navto_room'], ['approach_person', ['nurse'], 'approach_nurse'], ['authenticate_person', ['nurse'], 'authenticate_nurse'], ['operate_drawer', ['open'], 'open_drawer_for_nurse'], ['send_message', ['nurse'], 'notify_nurse_of_open_drawer_for_nurse_completed'], ['wait_message', ['nurse'], 'wait_nurse_to_complete_deposit'], ['operate_drawer', ['close'], 'close_drawer_nurse'], ['navigation', ['Laboratory', [[-38.0, 21.5, 0.0], [-37.0, 21.5], [-37.0, 16.0], [-26.0, 16.0], [-26.0, 13.0, 1.57]]], 'navto_lab'], ['approach_robot', ['lab_arm'], 'approach_arm'], ['operate_drawer', ['open'], 'open_drawer_lab'], ['send_message', ['lab_arm'], 'notify_lab_arm_of_open_drawer_lab_completed'], ['wait_message', ['lab_arm'], 'wait_lab_arm_to_complete_pick_up_sample'], ['operate_drawer', ['close'], 'close_drawer_lab']], 'location': 'IC Room 6', 'name': 'r6', 'position': [-33.9, 18.93, 3.14], 'skills': ['approach_person', 'approach_robot', 'authenticate_person', 'navigation', 'operate_drawer']}, None, None
0.00, [DEBUG], logger, Simulation open, None, None
10.07, [INFO], robot6, {'battery-level': '90.45'}, None, None
10.07, [INFO], robot6, {'y': 18.767, 'x': -34.201, 'yaw': -3.142}, None, None
20.09, [INFO], robot6, {'y': 17.859, 'x': -35.878, 'yaw': -3.142}, None, None
20.09, [INFO], robot6, {'battery-level': '89.73'}, None, None
30.06, [INFO], robot6, {'y': 19.512, 'x': -36.948, 'yaw': -3.142}, None, None
30.06, [INFO], robot6, {'battery-level': '89.01'}, None, None
40.07, [INFO], robot6, {'y': 21.469, 'x': -37.362, 'yaw': 3.141}, None, None
40.07, [INFO], robot6, {'battery-level': '88.29'}, None, None
50.08, [INFO], robot6, {'battery-level': '87.57'}, None, None
50.08, [INFO], robot6, {'y': 21.433, 'x': -38.05, 'yaw': 3.141}, None, None
58.65, [info], nurse, sync, received-request, (status=sending-request)
58.65, [info], nurse, sync, request-sent, (status=waiting)
58.65, [info], nurse, sync, wait-message, (status=message-received)
60.10, [INFO], robot6, {'y': 21.376, 'x': -38.076, 'yaw': 3.14}, None, None
60.10, [INFO], robot6, {'battery-level': '86.85'}, None, None
70.06, [INFO], robot6, {'y': 20.067, 'x': -37.198, 'yaw': -3.139}, None, None
70.06, [INFO], robot6, {'battery-level': '86.13'}, None, None
80.04, [INFO], robot6, {'battery-level': '85.41'}, None, None
80.04, [INFO], robot6, {'y': 17.948, 'x': -37.151, 'yaw': 3.141}, None, None
90.06, [INFO], robot6, {'battery-level': '84.69'}, None, None
90.06, [INFO], robot6, {'y': 15.922, 'x': -36.703, 'yaw': 3.141}, None, None
100.07, [INFO], robot6, {'battery-level': '83.97'}, None, None
100.07, [INFO], robot6, {'y': 15.447, 'x': -34.621, 'yaw': -3.142}, None, None
110.01, [INFO], robot6, {'y': 15.561, 'x': -32.505, 'yaw': 3.142}, None, None
110.01, [INFO], robot6, {'battery-level': '83.25'}, None, None
120.02, [INFO], robot6, {'y': 15.625, 'x': -30.385, 'yaw': 3.141}, None, None
120.02, [INFO], robot6, {'battery-level': '82.53'}, None, None
130.09, [INFO], robot6, {'y': 15.758, 'x': -28.266, 'yaw': 3.142}, None, None
130.09, [INFO], robot6, {'battery-level': '81.81'}, None, None
140.02, [INFO], robot6, {'battery-level': '81.09'}, None, None
140.02, [INFO], robot6, {'y': 15.675, 'x': -26.181, 'yaw': -3.142}, None, None
150.05, [INFO], robot6, {'battery-level': '80.37'}, None, None
150.05, [INFO], robot6, {'y': 13.619, 'x': -25.726, 'yaw': 3.142}, None, None
160.07, [INFO], robot6, {'battery-level': '79.65'}, None, None
160.07, [INFO], robot6, {'y': 12.898, 'x': -25.962, 'yaw': 3.141}, None, None
164.03, [info], lab_arm, sync, wait-message, (status=message-received)
164.99, [WARN], robot6, SUCCESS, None, None
170.01, [INFO], robot6, {'battery-level': '78.93'}, None, None
170.01, [INFO], robot6, {'y': 12.9, 'x': -25.958, 'yaw': 3.142}, None, None
