0.00, [DEBUG], nurse, NURSE_CONFIG={'location': 'IC Room 2', 'position': [-38.0, 21.5, 0.0]}, None, None
0.00, [INFO], robot4, {'battery-level': '48.63'}, None, None
0.00, [DEBUG], logger, ROBOTS_CONFIG={'avg_speed': 0.15, 'battery_charge': 0.4863040833267539, 'battery_discharge_rate': 0.0006000000000000001, 'id': 4, 'local_plan': [['navigation', ['IC Room 2', [[-32.88, 33.98, 3.14], [-37.0, 33.98], [-37.0, 21.5], [-38.0, 21.5, 0.0]]], 'navto_room'], ['approach_person', ['nurse'], 'approach_nurse'], ['authenticate_person', ['nurse'], 'authenticate_nurse'], ['operate_drawer', ['open'], 'open_drawer_for_nurse'], ['send_message', ['nurse'], 'notify_nurse_of_open_drawer_for_nurse_completed'], ['wait_message', ['nurse'], 'wait_nurse_to_complete_deposit'], ['operate_drawer', ['close'], 'close_drawer_nurse'], ['navigation', ['Laboratory', [[-38.0, 21.5, 0.0], [-37.0, 21.5], [-37.0, 16.0], [-26.0, 16.0], [-26.0, 13.0, 1.57]]], 'navto_lab'], ['approach_robot', ['lab_arm'], 'approach_arm'], ['operate_drawer', ['open'], 'open_drawer_lab'], ['send_message', ['lab_arm'], 'notify_lab_arm_of_open_drawer_lab_completed'], ['wait_message', ['lab_arm'], 'wait_lab_arm_to_complete_pick_up_sample'], ['operate_drawer', ['close'], 'close_drawer_lab']], 'location': 'IC Room 5', 'name': 'r4', 'position': [-32.88, 33.98, 3.14], 'skills': ['approach_person', 'approach_robot', 'authenticate_person', 'navigation', 'operate_drawer']}, None, None
0.00, [DEBUG], logger, Simulation open, None, None
10.05, [INFO], robot4, {'battery-level': '48.09'}, None, None
10.05, [INFO], robot4, {'y': 34.1, 'x': -33.283, 'yaw': 3.142}, None, None
20.03, [INFO], robot4, {'battery-level': '47.49'}, None, None
20.03, [INFO], robot4, {'y': 34.699, 'x': -35.302, 'yaw': 3.141}, None, None
30.02, [INFO], robot4, {'battery-level': '46.89'}, None, None
30.02, [INFO], robot4, {'y': 33.598, 'x': -36.983, 'yaw': 3.142}, None, None
40.08, [INFO], robot4, {'y': 31.48, 'x': -36.968, 'yaw': -3.142}, None, None
40.08, [INFO], robot4, {'battery-level': '46.29'}, None, None
50.06, [INFO], robot4, {'y': 29.373, 'x': -36.941, 'yaw': -3.141}, None, None
50.06, [INFO], robot4, {'battery-level': '45.69'}, None, None
60.03, [INFO], robot4, {'battery-level': '45.09'}, None, None
60.03, [INFO], robot4, {'y': 27.271, 'x': -36.985, 'yaw': 3.142}, None, None
70.02, [INFO], robot4, {'battery-level': '44.49'}, None, None
70.02, [INFO], robot4, {'y': 25.162, 'x': -37.038, 'yaw': 3.142}, None, None
80.08, [INFO], robot4, {'y': 23.048, 'x': -37.028, 'yaw': 3.141}, None, None
80.08, [INFO], robot4, {'battery-level': '43.89'}, None, None
90.08, [INFO], robot4, {'battery-level': '43.29'}, None, None
90.08, [INFO], robot4, {'y': 21.392, 'x': -37.794, 'yaw': 3.142}, None, None
100.04, [INFO], robot4, {'y': 21.417, 'x': -38.063, 'yaw': -3.136}, None, None
100.04, [INFO], robot4, {'battery-level': '42.69'}, None, None
110.03, [INFO], robot4, {'battery-level': '42.09'}, None, None
110.03, [INFO], robot4, {'y': 21.414, 'x': -38.066, 'yaw': 3.136}, None, None
120.02, [INFO], robot4, {'battery-level': '41.49'}, None, None
120.02, [INFO], robot4, {'y': 21.414, 'x': -38.067, 'yaw': 3.137}, None, None
130.03, [INFO], robot4, {'battery-level': '40.89'}, None, None
130.03, [INFO], robot4, {'y': 21.413, 'x': -38.068, 'yaw': 3.138}, None, None
140.02, [INFO], robot4, {'battery-level': '40.29'}, None, None
140.02, [INFO], robot4, {'y': 21.413, 'x': -38.069, 'yaw': 3.141}, None, None
150.02, [INFO], robot4, {'y': 21.413, 'x': -38.069, 'yaw': -3.142}, None, None
150.02, [INFO], robot4, {'battery-level': '39.69'}, None, None
160.01, [INFO], robot4, {'y': 21.413, 'x': -38.069, 'yaw': 3.142}, None, None
160.01, [INFO], robot4, {'battery-level': '39.09'}, None, None
170.02, [INFO], robot4, {'y': 21.413, 'x': -38.069, 'yaw': -3.142}, None, None
170.02, [INFO], robot4, {'battery-level': '38.49'}, None, None
180.00, [INFO], robot4, {'battery-level': '37.89'}, None, None
180.00, [INFO], robot4, {'y': 21.413, 'x': -38.069, 'yaw': 3.142}, None, None
190.01, [INFO], robot4, {'y': 21.413, 'x': -38.07, 'yaw': 3.142}, None, None
190.01, [INFO], robot4, {'battery-level': '37.29'}, None, None
200.00, [INFO], robot4, {'battery-level': '36.69'}, None, None
200.00, [INFO], robot4, {'y': 21.413, 'x': -38.07, 'yaw': -3.142}, None, None
210.00, [INFO], robot4, {'y': 21.413, 'x': -38.07, 'yaw': 3.142}, None, None
210.09, [INFO], robot4, {'battery-level': '36.09'}, None, None
220.09, [INFO], robot4, {'battery-level': '35.49'}, None, None
220.09, [INFO], robot4, {'y': 21.413, 'x': -38.07, 'yaw': 3.142}, None, None
230.07, [INFO], robot4, {'battery-level': '34.89'}, None, None
230.07, [INFO], robot4, {'y': 21.413, 'x': -38.07, 'yaw': -3.142}, None, None
240.06, [INFO], robot4, {'battery-level': '34.29'}, None, None
240.06, [INFO], robot4, {'y': 21.413, 'x': -38.07, 'yaw': -3.142}, None, None
250.06, [INFO], robot4, {'y': 21.413, 'x': -38.07, 'yaw': 3.142}, None, None
250.06, [INFO], robot4, {'battery-level': '33.69'}, None, None
260.04, [INFO], robot4, {'battery-level': '33.09'}, None, None
260.04, [INFO], robot4, {'y': 21.413, 'x': -38.07, 'yaw': -3.142}, None, None
270.04, [INFO], robot4, {'battery-level': '32.49'}, None, None
270.04, [INFO], robot4, {'y': 21.413, 'x': -38.07, 'yaw': -3.142}, None, None
280.02, [INFO], robot4, {'y': 21.413, 'x': -38.07, 'yaw': -3.142}, None, None
280.02, [INFO], robot4, {'battery-level': '31.89'}, None, None
290.01, [INFO], robot4, {'battery-level': '31.29'}, None, None
290.01, [INFO], robot4, {'y': 21.413, 'x': -38.07, 'yaw': -3.142}, None, None
300.09, [INFO], robot4, {'y': 21.413, 'x': -38.07, 'yaw': -3.142}, None, None
300.09, [INFO], robot4, {'battery-level': '30.69'}, None, None
310.08, [INFO], robot4, {'battery-level': '30.09'}, None, None
310.08, [INFO], robot4, {'y': 21.413, 'x': -38.07, 'yaw': 3.142}, None, None
320.06, [INFO], robot4, {'y': 21.413, 'x': -38.07, 'yaw': 3.142}, None, None
320.06, [INFO], robot4, {'battery-level': '29.49'}, None, None
330.06, [INFO], robot4, {'y': 21.413, 'x': -38.07, 'yaw': -3.142}, None, None
330.06, [INFO], robot4, {'battery-level': '28.89'}, None, None
340.05, [INFO], robot4, {'battery-level': '28.29'}, None, None
340.05, [INFO], robot4, {'y': 21.413, 'x': -38.07, 'yaw': -3.142}, None, None
350.05, [INFO], robot4, {'y': 21.413, 'x': -38.07, 'yaw': -3.142}, None, None
350.05, [INFO], robot4, {'battery-level': '27.69'}, None, None
360.05, [INFO], robot4, {'battery-level': '27.09'}, None, None
360.05, [INFO], robot4, {'y': 21.413, 'x': -38.07, 'yaw': 3.142}, None, None
370.04, [INFO], robot4, {'y': 21.413, 'x': -38.07, 'yaw': 3.142}, None, None
370.04, [INFO], robot4, {'battery-level': '26.49'}, None, None
380.04, [INFO], robot4, {'battery-level': '25.89'}, None, None
380.04, [INFO], robot4, {'y': 21.413, 'x': -38.07, 'yaw': -3.142}, None, None
390.05, [INFO], robot4, {'battery-level': '25.29'}, None, None
390.05, [INFO], robot4, {'y': 21.413, 'x': -38.07, 'yaw': -3.142}, None, None
400.04, [INFO], robot4, {'y': 21.413, 'x': -38.07, 'yaw': 3.142}, None, None
400.04, [INFO], robot4, {'battery-level': '24.69'}, None, None
410.04, [INFO], robot4, {'battery-level': '24.09'}, None, None
410.04, [INFO], robot4, {'y': 21.413, 'x': -38.07, 'yaw': 3.142}, None, None
420.05, [INFO], robot4, {'battery-level': '23.49'}, None, None
420.05, [INFO], robot4, {'y': 21.413, 'x': -38.07, 'yaw': 3.142}, None, None
430.04, [INFO], robot4, {'y': 21.413, 'x': -38.07, 'yaw': -3.142}, None, None
430.04, [INFO], robot4, {'battery-level': '22.89'}, None, None
440.06, [INFO], robot4, {'battery-level': '22.29'}, None, None
440.06, [INFO], robot4, {'y': 21.413, 'x': -38.07, 'yaw': 3.142}, None, None
450.04, [INFO], robot4, {'battery-level': '21.69'}, None, None
450.04, [INFO], robot4, {'y': 21.412, 'x': -38.07, 'yaw': -3.142}, None, None
460.04, [INFO], robot4, {'battery-level': '21.09'}, None, None
460.04, [INFO], robot4, {'y': 21.412, 'x': -38.07, 'yaw': 3.142}, None, None
470.03, [INFO], robot4, {'battery-level': '20.49'}, None, None
470.03, [INFO], robot4, {'y': 21.412, 'x': -38.07, 'yaw': 3.142}, None, None
480.04, [INFO], robot4, {'battery-level': '19.89'}, None, None
480.04, [INFO], robot4, {'y': 21.412, 'x': -38.07, 'yaw': 3.142}, None, None
490.05, [INFO], robot4, {'battery-level': '19.29'}, None, None
490.05, [INFO], robot4, {'y': 21.412, 'x': -38.07, 'yaw': -3.142}, None, None
500.06, [INFO], robot4, {'battery-level': '18.69'}, None, None
500.06, [INFO], robot4, {'y': 21.412, 'x': -38.07, 'yaw': -3.142}, None, None
510.05, [INFO], robot4, {'battery-level': '18.09'}, None, None
510.05, [INFO], robot4, {'y': 21.412, 'x': -38.071, 'yaw': -3.142}, None, None
520.06, [INFO], robot4, {'battery-level': '17.49'}, None, None
520.06, [INFO], robot4, {'y': 21.412, 'x': -38.071, 'yaw': 3.142}, None, None
530.06, [INFO], robot4, {'battery-level': '16.89'}, None, None
530.06, [INFO], robot4, {'y': 21.412, 'x': -38.071, 'yaw': -3.142}, None, None
540.06, [INFO], robot4, {'y': 21.412, 'x': -38.071, 'yaw': -3.142}, None, None
540.06, [INFO], robot4, {'battery-level': '16.29'}, None, None
550.04, [INFO], robot4, {'battery-level': '15.69'}, None, None
550.04, [INFO], robot4, {'y': 21.412, 'x': -38.071, 'yaw': 3.142}, None, None
560.03, [INFO], robot4, {'battery-level': '15.09'}, None, None
560.03, [INFO], robot4, {'y': 21.412, 'x': -38.071, 'yaw': -3.142}, None, None
570.03, [INFO], robot4, {'y': 21.412, 'x': -38.071, 'yaw': -3.142}, None, None
570.03, [INFO], robot4, {'battery-level': '14.49'}, None, None
580.02, [INFO], robot4, {'battery-level': '13.89'}, None, None
580.02, [INFO], robot4, {'y': 21.412, 'x': -38.071, 'yaw': -3.142}, None, None
590.02, [INFO], robot4, {'y': 21.412, 'x': -38.071, 'yaw': 3.142}, None, None
590.02, [INFO], robot4, {'battery-level': '13.29'}, None, None
600.02, [INFO], robot4, {'battery-level': '12.69'}, None, None
600.02, [INFO], robot4, {'y': 21.412, 'x': -38.071, 'yaw': -3.142}, None, None
610.02, [INFO], robot4, {'battery-level': '12.09'}, None, None
610.02, [INFO], robot4, {'y': 21.412, 'x': -38.071, 'yaw': -3.142}, None, None
619.93, [INFO], robot4, {'battery-level': '11.49'}, None, None
620.02, [INFO], robot4, {'y': 21.412, 'x': -38.071, 'yaw': -3.142}, None, None
630.03, [INFO], robot4, {'battery-level': '10.89'}, None, None
630.03, [INFO], robot4, {'y': 21.412, 'x': -38.071, 'yaw': 3.142}, None, None
640.04, [INFO], robot4, {'battery-level': '10.29'}, None, None
640.04, [INFO], robot4, {'y': 21.412, 'x': -38.071, 'yaw': 3.142}, None, None
650.02, [INFO], robot4, {'battery-level': '9.69'}, None, None
650.02, [INFO], robot4, {'y': 21.412, 'x': -38.071, 'yaw': -3.142}, None, None
660.02, [INFO], robot4, {'y': 21.412, 'x': -38.071, 'yaw': 3.142}, None, None
660.02, [INFO], robot4, {'battery-level': '9.09'}, None, None
670.02, [INFO], robot4, {'battery-level': '8.49'}, None, None
670.02, [INFO], robot4, {'y': 21.412, 'x': -38.071, 'yaw': -3.142}, None, None
680.03, [INFO], robot4, {'battery-level': '7.89'}, None, None
680.03, [INFO], robot4, {'y': 21.412, 'x': -38.071, 'yaw': -3.142}, None, None
690.04, [INFO], robot4, {'y': 21.412, 'x': -38.071, 'yaw': -3.142}, None, None
690.04, [INFO], robot4, {'battery-level': '7.29'}, None, None
700.04, [INFO], robot4, {'y': 21.412, 'x': -38.071, 'yaw': 3.142}, None, None
700.04, [INFO], robot4, {'battery-level': '6.69'}, None, None
710.04, [INFO], robot4, {'battery-level': '6.09'}, None, None
710.04, [INFO], robot4, {'y': 21.412, 'x': -38.071, 'yaw': 3.142}, None, None
720.02, [INFO], robot4, {'battery-level': '5.49'}, None, None
720.02, [INFO], robot4, {'y': 21.412, 'x': -38.071, 'yaw': 3.142}, None, None
729.05, [WARN], robot4, LOWBATT, None, None
729.05, [WARN], None, end!, None, None
730.09, [INFO], robot4, {'y': 21.412, 'x': -38.071, 'yaw': -3.142}, None, None
740.08, [INFO], robot4, {'y': 21.412, 'x': -38.071, 'yaw': 3.142}, None, None
