0.00, [DEBUG], nurse, NURSE_CONFIG={'location': 'IC Room 6', 'position': [-33.9, 18.93, 3.14]}, None, None
0.19, [DEBUG], logger, ROBOTS_CONFIG={'avg_speed': 0.15, 'battery_charge': 0.3020349930380309, 'battery_discharge_rate': 0.0006600000000000001, 'id': 1, 'local_plan': [['navigation', ['IC Room 6', [[-11.5, 18.0, -1.57], [-11.5, 16.0], [-37.0, 16.0], [-37.0, 18.93], [-33.9, 18.93, 3.14]]], 'navto_room'], ['approach_person', ['nurse'], 'approach_nurse'], ['authenticate_person', ['nurse'], 'authenticate_nurse'], ['operate_drawer', ['open'], 'open_drawer_for_nurse'], ['send_message', ['nurse'], 'notify_nurse_of_open_drawer_for_nurse_completed'], ['wait_message', ['nurse'], 'wait_nurse_to_complete_deposit'], ['operate_drawer', ['close'], 'close_drawer_nurse'], ['navigation', ['Laboratory', [[-33.9, 18.93, 3.14], [-37.0, 18.93], [-37.0, 16.0], [-26.0, 16.0], [-26.0, 13.0, 1.57]]], 'navto_lab'], ['approach_robot', ['lab_arm'], 'approach_arm'], ['operate_drawer', ['open'], 'open_drawer_lab'], ['send_message', ['lab_arm'], 'notify_lab_arm_of_open_drawer_lab_completed'], ['wait_message', ['lab_arm'], 'wait_lab_arm_to_complete_pick_up_sample'], ['operate_drawer', ['close'], 'close_drawer_lab']], 'location': 'PC Room 8', 'name': 'r1', 'position': [-11.5, 18.0, -1.57], 'skills': ['approach_person', 'approach_robot', 'navigation', 'operate_drawer']}, None, None
0.19, [DEBUG], logger, Simulation open, None, None
10.02, [INFO], robot1, {'battery-level': '29.61'}, None, None
10.02, [INFO], robot1, {'y': 17.99, 'x': -11.496, 'yaw': 3.142}, None, None
20.09, [INFO], robot1, {'y': 16.352, 'x': -12.132, 'yaw': -3.142}, None, None
20.09, [INFO], robot1, {'battery-level': '28.95'}, None, None
30.01, [INFO], robot1, {'y': 16.16, 'x': -12.804, 'yaw': 3.14}, None, None
30.01, [INFO], robot1, {'battery-level': '28.29'}, None, None
40.06, [INFO], robot1, {'y': 16.28, 'x': -13.17, 'yaw': -3.137}, None, None
40.06, [INFO], robot1, {'battery-level': '27.63'}, None, None
50.04, [INFO], robot1, {'y': 16.37, 'x': -13.052, 'yaw': -3.14}, None, None
50.04, [INFO], robot1, {'battery-level': '26.97'}, None, None
60.00, [INFO], robot1, {'y': 16.078, 'x': -12.994, 'yaw': 3.141}, None, None
60.00, [INFO], robot1, {'battery-level': '26.31'}, None, None
70.07, [INFO], robot1, {'battery-level': '25.65'}, None, None
70.07, [INFO], robot1, {'y': 16.021, 'x': -12.977, 'yaw': 3.142}, None, None
80.01, [INFO], robot1, {'battery-level': '24.99'}, None, None
80.01, [INFO], robot1, {'y': 16.358, 'x': -13.129, 'yaw': 3.141}, None, None
90.02, [INFO], robot1, {'battery-level': '24.33'}, None, None
90.02, [INFO], robot1, {'y': 16.115, 'x': -12.989, 'yaw': 3.141}, None, None
100.01, [INFO], robot1, {'battery-level': '23.67'}, None, None
100.01, [INFO], robot1, {'y': 16.287, 'x': -12.873, 'yaw': 3.14}, None, None
110.03, [INFO], robot1, {'battery-level': '23.01'}, None, None
110.03, [INFO], robot1, {'y': 16.227, 'x': -13.012, 'yaw': -3.14}, None, None
120.02, [INFO], robot1, {'y': 16.145, 'x': -13.016, 'yaw': 3.14}, None, None
120.02, [INFO], robot1, {'battery-level': '22.35'}, None, None
130.06, [INFO], robot1, {'y': 16.204, 'x': -12.817, 'yaw': 3.14}, None, None
130.06, [INFO], robot1, {'battery-level': '21.69'}, None, None
140.07, [INFO], robot1, {'battery-level': '21.03'}, None, None
140.07, [INFO], robot1, {'y': 16.334, 'x': -13.019, 'yaw': 3.141}, None, None
142.38, [WARN], robot1, SKILL-FAILURE, navigation, navto_room
