0.00, [DEBUG], nurse, NURSE_CONFIG={'location': 'IC Room 2', 'position': [-38.0, 21.5, 0.0]}, None, None
0.00, [DEBUG], logger, ROBOTS_CONFIG={'avg_speed': 0.15, 'battery_charge': 0.4863040833267539, 'battery_discharge_rate': 0.0005600000000000001, 'id': 4, 'local_plan': [['navigation', ['IC Room 2', [[-32.88, 33.98, 3.14], [-37.0, 33.98], [-37.0, 21.5], [-38.0, 21.5, 0.0]]], 'navto_room'], ['approach_person', ['nurse'], 'approach_nurse'], ['authenticate_person', ['nurse'], 'authenticate_nurse'], ['operate_drawer', ['open'], 'open_drawer_for_nurse'], ['send_message', ['nurse'], 'notify_nurse_of_open_drawer_for_nurse_completed'], ['wait_message', ['nurse'], 'wait_nurse_to_complete_deposit'], ['operate_drawer', ['close'], 'close_drawer_nurse'], ['navigation', ['Laboratory', [[-38.0, 21.5, 0.0], [-37.0, 21.5], [-37.0, 16.0], [-26.0, 16.0], [-26.0, 13.0, 1.57]]], 'navto_lab'], ['approach_robot', ['lab_arm'], 'approach_arm'], ['operate_drawer', ['open'], 'open_drawer_lab'], ['send_message', ['lab_arm'], 'notify_lab_arm_of_open_drawer_lab_completed'], ['wait_message', ['lab_arm'], 'wait_lab_arm_to_complete_pick_up_sample'], ['operate_drawer', ['close'], 'close_drawer_lab']], 'location': 'IC Room 5', 'name': 'r4', 'position': [-32.88, 33.98, 3.14], 'skills': ['approach_person', 'approach_robot', 'authenticate_person', 'navigation', 'operate_drawer']}, None, None
0.00, [DEBUG], logger, Simulation open, None, None
10.05, [INFO], robot4, {'battery-level': '48.13'}, None, None
10.05, [INFO], robot4, {'y': 33.982, 'x': -32.884, 'yaw': -3.141}, None, None
20.08, [INFO], robot4, {'y': 34.227, 'x': -33.821, 'yaw': -3.142}, None, None
20.08, [INFO], robot4, {'battery-level': '47.57'}, None, None
30.02, [INFO], robot4, {'battery-level': '47.01'}, None, None
30.02, [INFO], robot4, {'y': 34.601, 'x': -35.868, 'yaw': 3.142}, None, None
40.08, [INFO], robot4, {'y': 33.0, 'x': -36.798, 'yaw': -3.141}, None, None
40.08, [INFO], robot4, {'battery-level': '46.45'}, None, None
50.07, [INFO], robot4, {'battery-level': '45.89'}, None, None
50.07, [INFO], robot4, {'y': 30.894, 'x': -36.788, 'yaw': -3.142}, None, None
60.03, [INFO], robot4, {'battery-level': '45.33'}, None, None
60.03, [INFO], robot4, {'y': 28.779, 'x': -36.816, 'yaw': -3.141}, None, None
70.09, [INFO], robot4, {'battery-level': '44.77'}, None, None
70.09, [INFO], robot4, {'y': 26.65, 'x': -36.863, 'yaw': -3.142}, None, None
80.06, [INFO], robot4, {'battery-level': '44.21'}, None, None
80.06, [INFO], robot4, {'y': 24.551, 'x': -36.896, 'yaw': 3.142}, None, None
90.03, [INFO], robot4, {'battery-level': '43.65'}, None, None
90.03, [INFO], robot4, {'y': 22.454, 'x': -36.949, 'yaw': -3.141}, None, None
100.08, [INFO], robot4, {'y': 21.353, 'x': -37.979, 'yaw': 3.141}, None, None
100.08, [INFO], robot4, {'battery-level': '43.09'}, None, None
107.39, [info], nurse, sync, received-request, (status=sending-request)
107.39, [info], nurse, sync, request-sent, (status=waiting)
107.48, [info], nurse, sync, wait-message, (status=message-received)
110.04, [INFO], robot4, {'y': 21.419, 'x': -37.754, 'yaw': 3.141}, None, None
110.04, [INFO], robot4, {'battery-level': '42.53'}, None, None
120.00, [INFO], robot4, {'battery-level': '41.97'}, None, None
120.00, [INFO], robot4, {'y': 19.699, 'x': -37.119, 'yaw': 3.142}, None, None
130.04, [INFO], robot4, {'battery-level': '41.41'}, None, None
130.04, [INFO], robot4, {'y': 17.579, 'x': -37.05, 'yaw': 3.141}, None, None
140.02, [INFO], robot4, {'y': 15.842, 'x': -36.347, 'yaw': 3.142}, None, None
140.02, [INFO], robot4, {'battery-level': '40.85'}, None, None
150.08, [INFO], robot4, {'y': 15.333, 'x': -34.265, 'yaw': 3.142}, None, None
150.08, [INFO], robot4, {'battery-level': '40.29'}, None, None
160.03, [INFO], robot4, {'y': 15.502, 'x': -32.152, 'yaw': -3.141}, None, None
160.03, [INFO], robot4, {'battery-level': '39.73'}, None, None
170.08, [INFO], robot4, {'y': 15.618, 'x': -30.017, 'yaw': 3.141}, None, None
170.08, [INFO], robot4, {'battery-level': '39.17'}, None, None
180.01, [INFO], robot4, {'y': 15.756, 'x': -27.918, 'yaw': -3.14}, None, None
180.01, [INFO], robot4, {'battery-level': '38.61'}, None, None
190.06, [INFO], robot4, {'battery-level': '38.05'}, None, None
190.06, [INFO], robot4, {'y': 15.279, 'x': -26.041, 'yaw': -3.142}, None, None
200.00, [INFO], robot4, {'battery-level': '37.49'}, None, None
200.00, [INFO], robot4, {'y': 13.235, 'x': -25.779, 'yaw': -3.142}, None, None
210.04, [INFO], robot4, {'battery-level': '36.93'}, None, None
210.04, [INFO], robot4, {'y': 12.908, 'x': -25.968, 'yaw': 3.141}, None, None
218.95, [info], lab_arm, sync, wait-message, (status=message-received)
219.90, [WARN], robot4, SUCCESS, None, None
220.07, [INFO], robot4, {'y': 12.833, 'x': -26.0, 'yaw': 3.141}, None, None
220.07, [INFO], robot4, {'battery-level': '36.37'}, None, None
230.01, [INFO], robot4, {'battery-level': '35.81'}, None, None
230.01, [INFO], robot4, {'y': 12.833, 'x': -26.0, 'yaw': -3.142}, None, None
