0.00, [DEBUG], nurse, NURSE_CONFIG={'location': 'PC Room 3', 'position': [-28.5, 18.0, -1.57]}, None, None
0.00, [DEBUG], logger, ROBOTS_CONFIG={'avg_speed': 0.15, 'battery_charge': 0.4863040833267539, 'battery_discharge_rate': 0.0005600000000000001, 'id': 4, 'local_plan': [['navigation', ['PC Room 3', [[-13.5, 18.0, -1.57], [-13.5, 16.0], [-28.5, 16.0], [-28.5, 18.0, -1.57]]], 'navto_room'], ['approach_person', ['nurse'], 'approach_nurse'], ['authenticate_person', ['nurse'], 'authenticate_nurse'], ['operate_drawer', ['open'], 'open_drawer_for_nurse'], ['send_message', ['nurse'], 'notify_nurse_of_open_drawer_for_nurse_completed'], ['wait_message', ['nurse'], 'wait_nurse_to_complete_deposit'], ['operate_drawer', ['close'], 'close_drawer_nurse'], ['navigation', ['Laboratory', [[-28.5, 18.0, -1.57], [-28.5, 16.0], [-26.0, 16.0], [-26.0, 13.0, 1.57]]], 'navto_lab'], ['approach_robot', ['lab_arm'], 'approach_arm'], ['operate_drawer', ['open'], 'open_drawer_lab'], ['send_message', ['lab_arm'], 'notify_lab_arm_of_open_drawer_lab_completed'], ['wait_message', ['lab_arm'], 'wait_lab_arm_to_complete_pick_up_sample'], ['operate_drawer', ['close'], 'close_drawer_lab']], 'location': 'PC Room 7', 'name': 'r4', 'position': [-13.5, 18.0, -1.57], 'skills': ['approach_person', 'approach_robot', 'authenticate_person', 'navigation', 'operate_drawer']}, None, None
0.00, [DEBUG], logger, Simulation open, None, None
9.97, [INFO], robot4, {'y': 17.995, 'x': -13.497, 'yaw': 3.141}, None, None
10.06, [INFO], robot4, {'battery-level': '48.13'}, None, None
20.09, [INFO], robot4, {'y': 16.354, 'x': -13.731, 'yaw': 3.141}, None, None
20.09, [INFO], robot4, {'battery-level': '47.57'}, None, None
30.07, [INFO], robot4, {'y': 16.119, 'x': -15.781, 'yaw': 3.142}, None, None
30.07, [INFO], robot4, {'battery-level': '47.01'}, None, None
40.05, [INFO], robot4, {'y': 16.116, 'x': -17.885, 'yaw': 3.141}, None, None
40.05, [INFO], robot4, {'battery-level': '46.45'}, None, None
50.01, [INFO], robot4, {'y': 16.257, 'x': -19.985, 'yaw': 3.141}, None, None
50.01, [INFO], robot4, {'battery-level': '45.89'}, None, None
60.08, [INFO], robot4, {'battery-level': '45.33'}, None, None
60.08, [INFO], robot4, {'y': 16.271, 'x': -22.115, 'yaw': 3.142}, None, None
70.02, [INFO], robot4, {'battery-level': '44.77'}, None, None
70.02, [INFO], robot4, {'y': 16.124, 'x': -24.207, 'yaw': 3.14}, None, None
80.06, [INFO], robot4, {'y': 16.104, 'x': -26.319, 'yaw': 3.141}, None, None
80.06, [INFO], robot4, {'battery-level': '44.21'}, None, None
89.91, [INFO], robot4, {'y': 16.32, 'x': -28.351, 'yaw': 3.142}, None, None
89.91, [INFO], robot4, {'battery-level': '43.65'}, None, None
100.02, [INFO], robot4, {'y': 17.912, 'x': -28.621, 'yaw': -3.141}, None, None
100.02, [INFO], robot4, {'battery-level': '43.09'}, None, None
107.45, [info], nurse, sync, received-request, (status=sending-request)
107.45, [info], nurse, sync, request-sent, (status=waiting)
107.45, [info], nurse, sync, wait-message, (status=message-received)
110.08, [INFO], robot4, {'battery-level': '42.53'}, None, None
110.08, [INFO], robot4, {'y': 17.669, 'x': -28.591, 'yaw': -3.141}, None, None
120.03, [INFO], robot4, {'y': 16.031, 'x': -28.041, 'yaw': -3.142}, None, None
120.03, [INFO], robot4, {'battery-level': '41.97'}, None, None
130.09, [INFO], robot4, {'battery-level': '41.41'}, None, None
130.09, [INFO], robot4, {'y': 15.665, 'x': -26.044, 'yaw': 3.138}, None, None
140.08, [INFO], robot4, {'battery-level': '40.85'}, None, None
140.08, [INFO], robot4, {'y': 13.57, 'x': -25.758, 'yaw': -3.142}, None, None
150.06, [INFO], robot4, {'y': 12.909, 'x': -25.958, 'yaw': 3.141}, None, None
150.06, [INFO], robot4, {'battery-level': '40.29'}, None, None
154.53, [info], lab_arm, sync, wait-message, (status=message-received)
155.50, [WARN], robot4, SUCCESS, None, None
160.04, [INFO], robot4, {'battery-level': '39.73'}, None, None
160.04, [INFO], robot4, {'y': 12.91, 'x': -25.958, 'yaw': -3.142}, None, None
