0.00, [DEBUG], nurse, NURSE_CONFIG={'location': 'IC Room 2', 'position': [-38.0, 21.5, 0.0]}, None, None
0.12, [DEBUG], logger, ROBOTS_CONFIG={'avg_speed': 0.15, 'battery_charge': 0.9109794326728246, 'battery_discharge_rate': 0.00038, 'id': 6, 'local_plan': [['navigation', ['IC Room 2', [[-33.9, 18.93, 3.14], [-37.0, 18.93], [-37.0, 21.5], [-38.0, 21.5, 0.0]]], 'navto_room'], ['approach_person', ['nurse'], 'approach_nurse'], ['authenticate_person', ['nurse'], 'authenticate_nurse'], ['operate_drawer', ['open'], 'open_drawer_for_nurse'], ['send_message', ['nurse'], 'notify_nurse_of_open_drawer_for_nurse_completed'], ['wait_message', ['nurse'], 'wait_nurse_to_complete_deposit'], ['operate_drawer', ['close'], 'close_drawer_nurse'], ['navigation', ['Laboratory', [[-38.0, 21.5, 0.0], [-37.0, 21.5], [-37.0, 16.0], [-26.0, 16.0], [-26.0, 13.0, 1.57]]], 'navto_lab'], ['approach_robot', ['lab_arm'], 'approach_arm'], ['operate_drawer', ['open'], 'open_drawer_lab'], ['send_message', ['lab_arm'], 'notify_lab_arm_of_open_drawer_lab_completed'], ['wait_message', ['lab_arm'], 'wait_lab_arm_to_complete_pick_up_sample'], ['operate_drawer', ['close'], 'close_drawer_lab']], 'location': 'IC Room 6', 'name': 'r6', 'position': [-33.9, 18.93, 3.14], 'skills': ['approach_person', 'approach_robot', 'authenticate_person', 'navigation', 'operate_drawer']}, None, None
0.12, [DEBUG], logger, Simulation open, None, None
10.08, [INFO], robot6, {'y': 18.51, 'x': -34.345, 'yaw': 3.142}, None, None
10.08, [INFO], robot6, {'battery-level': '90.76'}, None, None
20.08, [INFO], robot6, {'y': 18.043, 'x': -36.111, 'yaw': 3.141}, None, None
20.08, [INFO], robot6, {'battery-level': '90.38'}, None, None
30.02, [INFO], robot6, {'battery-level': '90.00'}, None, None
30.02, [INFO], robot6, {'y': 19.92, 'x': -36.826, 'yaw': 3.142}, None, None
40.08, [INFO], robot6, {'battery-level': '89.62'}, None, None
40.08, [INFO], robot6, {'y': 21.63, 'x': -37.726, 'yaw': -3.141}, None, None
50.01, [INFO], robot6, {'battery-level': '89.24'}, None, None
50.01, [INFO], robot6, {'y': 21.476, 'x': -38.099, 'yaw': 3.142}, None, None
60.04, [INFO], robot6, {'battery-level': '88.86'}, None, None
60.04, [INFO], robot6, {'y': 21.373, 'x': -38.114, 'yaw': 3.142}, None, None
67.39, [info], nurse, sync, received-request, (status=sending-request)
67.39, [info], nurse, sync, request-sent, (status=waiting)
67.39, [info], nurse, sync, wait-message, (status=message-received)
70.03, [INFO], robot6, {'battery-level': '88.48'}, None, None
70.03, [INFO], robot6, {'y': 21.449, 'x': -37.792, 'yaw': 3.141}, None, None
80.02, [INFO], robot6, {'y': 19.77, 'x': -37.186, 'yaw': -3.142}, None, None
80.02, [INFO], robot6, {'battery-level': '88.10'}, None, None
90.09, [INFO], robot6, {'y': 17.643, 'x': -37.136, 'yaw': 3.141}, None, None
90.09, [INFO], robot6, {'battery-level': '87.72'}, None, None
100.06, [INFO], robot6, {'battery-level': '87.34'}, None, None
100.06, [INFO], robot6, {'y': 15.963, 'x': -36.34, 'yaw': -3.141}, None, None
110.05, [INFO], robot6, {'battery-level': '86.96'}, None, None
110.05, [INFO], robot6, {'y': 15.386, 'x': -34.284, 'yaw': -3.141}, None, None
120.06, [INFO], robot6, {'battery-level': '86.58'}, None, None
120.06, [INFO], robot6, {'y': 15.519, 'x': -32.173, 'yaw': -3.142}, None, None
130.06, [INFO], robot6, {'battery-level': '86.20'}, None, None
130.06, [INFO], robot6, {'y': 15.535, 'x': -30.056, 'yaw': -3.142}, None, None
140.06, [INFO], robot6, {'battery-level': '85.82'}, None, None
140.06, [INFO], robot6, {'y': 15.704, 'x': -27.95, 'yaw': 3.141}, None, None
150.05, [INFO], robot6, {'battery-level': '85.44'}, None, None
150.05, [INFO], robot6, {'y': 15.466, 'x': -25.986, 'yaw': -3.142}, None, None
160.07, [INFO], robot6, {'y': 13.351, 'x': -25.727, 'yaw': -3.141}, None, None
160.07, [INFO], robot6, {'battery-level': '85.06'}, None, None
170.06, [INFO], robot6, {'y': 12.871, 'x': -25.994, 'yaw': -3.142}, None, None
170.06, [INFO], robot6, {'battery-level': '84.68'}, None, None
174.05, [info], lab_arm, sync, wait-message, (status=message-received)
174.87, [WARN], robot6, SUCCESS, None, None
180.06, [INFO], robot6, {'battery-level': '84.30'}, None, None
180.06, [INFO], robot6, {'y': 12.868, 'x': -25.99, 'yaw': 3.142}, None, None
