0.00, [DEBUG], nurse, NURSE_CONFIG={'location': 'IC Room 2', 'position': [-38.0, 21.5, 0.0]}, None, None
0.00, [DEBUG], logger, ROBOTS_CONFIG={'avg_speed': 0.15, 'battery_charge': 0.7258412726774711, 'battery_discharge_rate': 0.00076, 'id': 5, 'local_plan': [['navigation', ['IC Room 2', [[-11.5, 18.0, -1.57], [-11.5, 16.0], [-37.0, 16.0], [-37.0, 21.5], [-38.0, 21.5, 0.0]]], 'navto_room'], ['approach_person', ['nurse'], 'approach_nurse'], ['authenticate_person', ['nurse'], 'authenticate_nurse'], ['operate_drawer', ['open'], 'open_drawer_for_nurse'], ['send_message', ['nurse'], 'notify_nurse_of_open_drawer_for_nurse_completed'], ['wait_message', ['nurse'], 'wait_nurse_to_complete_deposit'], ['operate_drawer', ['close'], 'close_drawer_nurse'], ['navigation', ['Laboratory', [[-38.0, 21.5, 0.0], [-37.0, 21.5], [-37.0, 16.0], [-26.0, 16.0], [-26.0, 13.0, 1.57]]], 'navto_lab'], ['approach_robot', ['lab_arm'], 'approach_arm'], ['operate_drawer', ['open'], 'open_drawer_lab'], ['send_message', ['lab_arm'], 'notify_lab_arm_of_open_drawer_lab_completed'], ['wait_message', ['lab_arm'], 'wait_lab_arm_to_complete_pick_up_sample'], ['operate_drawer', ['close'], 'close_drawer_lab']], 'location': 'PC Room 8', 'name': 'r5', 'position': [-11.5, 18.0, -1.57], 'skills': ['approach_person', 'approach_robot', 'authenticate_person', 'navigation', 'operate_drawer']}, None, None
0.00, [DEBUG], logger, Simulation open, None, None
10.03, [INFO], robot5, {'battery-level': '71.90'}, None, None
10.03, [INFO], robot5, {'y': 17.286, 'x': -11.678, 'yaw': -3.142}, None, None
20.05, [INFO], robot5, {'battery-level': '71.14'}, None, None
20.05, [INFO], robot5, {'y': 16.338, 'x': -13.123, 'yaw': 3.141}, None, None
30.06, [INFO], robot5, {'battery-level': '70.38'}, None, None
30.06, [INFO], robot5, {'y': 16.174, 'x': -15.239, 'yaw': 3.139}, None, None
40.09, [INFO], robot5, {'battery-level': '69.62'}, None, None
40.09, [INFO], robot5, {'y': 16.13, 'x': -17.351, 'yaw': 3.141}, None, None
50.09, [INFO], robot5, {'battery-level': '68.86'}, None, None
50.09, [INFO], robot5, {'y': 16.222, 'x': -19.464, 'yaw': 3.142}, None, None
60.08, [INFO], robot5, {'y': 16.297, 'x': -21.572, 'yaw': -3.142}, None, None
60.08, [INFO], robot5, {'battery-level': '68.10'}, None, None
70.08, [INFO], robot5, {'y': 16.193, 'x': -23.689, 'yaw': 3.141}, None, None
70.08, [INFO], robot5, {'battery-level': '67.34'}, None, None
80.00, [INFO], robot5, {'battery-level': '66.58'}, None, None
80.00, [INFO], robot5, {'y': 16.1, 'x': -25.793, 'yaw': 3.141}, None, None
90.03, [INFO], robot5, {'battery-level': '65.82'}, None, None
90.03, [INFO], robot5, {'y': 16.113, 'x': -27.902, 'yaw': 3.141}, None, None
100.05, [INFO], robot5, {'battery-level': '65.06'}, None, None
100.05, [INFO], robot5, {'y': 16.19, 'x': -30.026, 'yaw': 3.141}, None, None
110.00, [INFO], robot5, {'battery-level': '64.30'}, None, None
110.00, [INFO], robot5, {'y': 15.955, 'x': -32.124, 'yaw': 3.141}, None, None
120.06, [INFO], robot5, {'battery-level': '63.54'}, None, None
120.06, [INFO], robot5, {'y': 15.461, 'x': -34.217, 'yaw': 3.142}, None, None
130.04, [INFO], robot5, {'battery-level': '62.78'}, None, None
130.04, [INFO], robot5, {'y': 15.624, 'x': -36.319, 'yaw': -3.141}, None, None
140.07, [INFO], robot5, {'battery-level': '62.02'}, None, None
140.07, [INFO], robot5, {'y': 17.528, 'x': -36.645, 'yaw': -3.142}, None, None
150.04, [INFO], robot5, {'battery-level': '61.26'}, None, None
150.04, [INFO], robot5, {'y': 19.632, 'x': -36.794, 'yaw': -3.142}, None, None
160.07, [INFO], robot5, {'battery-level': '60.50'}, None, None
160.07, [INFO], robot5, {'y': 21.437, 'x': -37.591, 'yaw': 3.142}, None, None
170.00, [INFO], robot5, {'y': 21.418, 'x': -38.076, 'yaw': 3.141}, None, None
170.00, [INFO], robot5, {'battery-level': '59.74'}, None, None
175.65, [info], nurse, sync, received-request, (status=sending-request)
175.65, [info], nurse, sync, request-sent, (status=waiting)
175.65, [info], nurse, sync, wait-message, (status=message-received)
180.03, [INFO], robot5, {'y': 21.368, 'x': -37.413, 'yaw': 3.141}, None, None
180.03, [INFO], robot5, {'battery-level': '58.98'}, None, None
190.01, [INFO], robot5, {'y': 19.323, 'x': -37.169, 'yaw': 3.142}, None, None
190.01, [INFO], robot5, {'battery-level': '58.22'}, None, None
200.06, [INFO], robot5, {'battery-level': '57.46'}, None, None
200.06, [INFO], robot5, {'y': 17.205, 'x': -37.115, 'yaw': 3.14}, None, None
210.04, [INFO], robot5, {'y': 15.836, 'x': -35.967, 'yaw': -3.141}, None, None
210.04, [INFO], robot5, {'battery-level': '56.70'}, None, None
220.08, [INFO], robot5, {'y': 15.34, 'x': -33.887, 'yaw': -3.141}, None, None
220.08, [INFO], robot5, {'battery-level': '55.94'}, None, None
230.00, [INFO], robot5, {'battery-level': '55.18'}, None, None
230.00, [INFO], robot5, {'y': 15.502, 'x': -31.79, 'yaw': -3.141}, None, None
240.08, [INFO], robot5, {'battery-level': '54.42'}, None, None
240.08, [INFO], robot5, {'y': 15.649, 'x': -29.662, 'yaw': 3.142}, None, None
250.04, [INFO], robot5, {'battery-level': '53.66'}, None, None
250.04, [INFO], robot5, {'y': 15.746, 'x': -27.571, 'yaw': 3.142}, None, None
260.01, [INFO], robot5, {'battery-level': '52.90'}, None, None
260.01, [INFO], robot5, {'y': 15.072, 'x': -25.852, 'yaw': 3.141}, None, None
270.06, [INFO], robot5, {'y': 13.05, 'x': -25.849, 'yaw': -3.141}, None, None
270.06, [INFO], robot5, {'battery-level': '52.14'}, None, None
278.36, [info], lab_arm, sync, wait-message, (status=message-received)
279.28, [WARN], robot5, SUCCESS, None, None
280.08, [INFO], robot5, {'y': 12.91, 'x': -25.948, 'yaw': -3.142}, None, None
280.08, [INFO], robot5, {'battery-level': '51.38'}, None, None
