0.00, [DEBUG], nurse, NURSE_CONFIG={'location': 'PC Room 3', 'position': [-28.5, 18.0, -1.57]}, None, None
0.00, [INFO], robot1, {'battery-level': '30.20'}, None, None
0.12, [DEBUG], logger, ROBOTS_CONFIG={'avg_speed': 0.15, 'battery_charge': 0.3020349930380309, 'battery_discharge_rate': 0.0006600000000000001, 'id': 1, 'local_plan': [['navigation', ['PC Room 3', [[-39.44, 33.95, 0.0], [-37.0, 33.95], [-37.0, 16.0], [-28.5, 16.0], [-28.5, 18.0, -1.57]]], 'navto_room'], ['approach_person', ['nurse'], 'approach_nurse'], ['authenticate_person', ['nurse'], 'authenticate_nurse'], ['operate_drawer', ['open'], 'open_drawer_for_nurse'], ['send_message', ['nurse'], 'notify_nurse_of_open_drawer_for_nurse_completed'], ['wait_message', ['nurse'], 'wait_nurse_to_complete_deposit'], ['operate_drawer', ['close'], 'close_drawer_nurse'], ['navigation', ['Laboratory', [[-28.5, 18.0, -1.57], [-28.5, 16.0], [-26.0, 16.0], [-26.0, 13.0, 1.57]]], 'navto_lab'], ['approach_robot', ['lab_arm'], 'approach_arm'], ['operate_drawer', ['open'], 'open_drawer_lab'], ['send_message', ['lab_arm'], 'notify_lab_arm_of_open_drawer_lab_completed'], ['wait_message', ['lab_arm'], 'wait_lab_arm_to_complete_pick_up_sample'], ['operate_drawer', ['close'], 'close_drawer_lab']], 'location': 'IC Room 4', 'name': 'r1', 'position': [-39.44, 33.95, 0.0], 'skills': ['approach_person', 'approach_robot', 'authenticate_person', 'navigation']}, None, None
0.12, [DEBUG], logger, Simulation open, None, None
10.01, [INFO], robot1, {'battery-level': '29.61'}, None, None
10.01, [INFO], robot1, {'y': 34.248, 'x': -38.713, 'yaw': 3.142}, None, None
20.07, [INFO], robot1, {'battery-level': '28.95'}, None, None
20.07, [INFO], robot1, {'y': 33.842, 'x': -37.069, 'yaw': -3.142}, None, None
30.01, [INFO], robot1, {'battery-level': '28.29'}, None, None
30.01, [INFO], robot1, {'y': 31.755, 'x': -37.045, 'yaw': 3.141}, None, None
40.03, [INFO], robot1, {'battery-level': '27.63'}, None, None
40.03, [INFO], robot1, {'y': 29.643, 'x': -37.061, 'yaw': 3.14}, None, None
50.02, [INFO], robot1, {'battery-level': '26.97'}, None, None
50.02, [INFO], robot1, {'y': 27.536, 'x': -36.987, 'yaw': 3.14}, None, None
60.03, [INFO], robot1, {'battery-level': '26.31'}, None, None
60.03, [INFO], robot1, {'y': 25.417, 'x': -37.026, 'yaw': 3.142}, None, None
70.07, [INFO], robot1, {'battery-level': '25.65'}, None, None
70.07, [INFO], robot1, {'y': 23.308, 'x': -37.027, 'yaw': 3.142}, None, None
80.08, [INFO], robot1, {'battery-level': '24.99'}, None, None
80.08, [INFO], robot1, {'y': 21.204, 'x': -37.159, 'yaw': 3.142}, None, None
90.08, [INFO], robot1, {'y': 19.099, 'x': -37.052, 'yaw': -3.142}, None, None
90.08, [INFO], robot1, {'battery-level': '24.33'}, None, None
100.05, [INFO], robot1, {'battery-level': '23.67'}, None, None
100.05, [INFO], robot1, {'y': 16.99, 'x': -36.991, 'yaw': 3.14}, None, None
110.01, [INFO], robot1, {'y': 15.695, 'x': -35.725, 'yaw': 3.141}, None, None
110.01, [INFO], robot1, {'battery-level': '23.01'}, None, None
120.07, [INFO], robot1, {'battery-level': '22.35'}, None, None
120.07, [INFO], robot1, {'y': 15.415, 'x': -33.624, 'yaw': -3.141}, None, None
130.02, [INFO], robot1, {'battery-level': '21.69'}, None, None
130.02, [INFO], robot1, {'y': 15.524, 'x': -31.516, 'yaw': -3.141}, None, None
140.07, [INFO], robot1, {'y': 15.684, 'x': -29.386, 'yaw': 3.142}, None, None
140.07, [INFO], robot1, {'battery-level': '21.03'}, None, None
150.00, [INFO], robot1, {'battery-level': '20.37'}, None, None
150.00, [INFO], robot1, {'y': 17.355, 'x': -28.566, 'yaw': -3.142}, None, None
160.01, [INFO], robot1, {'battery-level': '19.71'}, None, None
160.01, [INFO], robot1, {'y': 17.955, 'x': -28.587, 'yaw': -3.141}, None, None
170.00, [INFO], robot1, {'battery-level': '19.05'}, None, None
170.00, [INFO], robot1, {'y': 17.982, 'x': -28.641, 'yaw': 3.142}, None, None
170.82, [info], nurse, sync, received-request, (status=sending-request)
170.82, [info], nurse, sync, request-sent, (status=waiting)
170.82, [WARN], robot1, NO-SKILL, operate_drawer, open_drawer_for_nurse
