0.00, [INFO], robot6, {'battery-level': '54.08'}, None, None
0.19, [DEBUG], logger, ROBOTS_CONFIG={'avg_speed': 0.15, 'battery_charge': 0.5408465660492595, 'battery_discharge_rate': 0.00072, 'id': 6, 'local_plan': [['navigation', ['PC Room 3', [[-27.23, 18.0, -1.57], [-27.23, 16.0], [-28.5, 16.0], [-28.5, 18.0, -1.57]]], 'navto_room'], ['approach_person', ['nurse'], 'approach_nurse'], ['authenticate_person', ['nurse'], 'authenticate_nurse'], ['operate_drawer', ['open'], 'open_drawer_for_nurse'], ['send_message', ['nurse'], 'notify_nurse_of_open_drawer_for_nurse_completed'], ['wait_message', ['nurse'], 'wait_nurse_to_complete_deposit'], ['operate_drawer', ['close'], 'close_drawer_nurse'], ['navigation', ['Laboratory', [[-28.5, 18.0, -1.57], [-28.5, 16.0], [-26.0, 16.0], [-26.0, 13.0, 1.57]]], 'navto_lab'], ['approach_robot', ['lab_arm'], 'approach_arm'], ['operate_drawer', ['open'], 'open_drawer_lab'], ['send_message', ['lab_arm'], 'notify_lab_arm_of_open_drawer_lab_completed'], ['wait_message', ['lab_arm'], 'wait_lab_arm_to_complete_pick_up_sample'], ['operate_drawer', ['close'], 'close_drawer_lab']], 'location': 'PC Room 4', 'name': 'r6', 'position': [-27.23, 18.0, -1.57], 'skills': ['approach_person', 'approach_robot', 'authenticate_person', 'navigation', 'operate_drawer']}, None, None
0.19, [DEBUG], logger, Simulation open, None, None
10.02, [INFO], robot6, {'battery-level': '53.44'}, None, None
10.02, [INFO], robot6, {'y': 17.482, 'x': -27.145, 'yaw': -3.141}, None, None
20.02, [INFO], robot6, {'battery-level': '52.72'}, None, None
20.02, [INFO], robot6, {'y': 16.332, 'x': -28.009, 'yaw': -3.14}, None, None
30.09, [INFO], robot6, {'battery-level': '52.00'}, None, None
30.09, [INFO], robot6, {'y': 17.827, 'x': -28.622, 'yaw': 3.141}, None, None
40.04, [INFO], robot6, {'battery-level': '51.28'}, None, None
40.04, [INFO], robot6, {'y': 17.971, 'x': -28.628, 'yaw': -3.141}, None, None
46.32, [info], nurse, sync, received-request, (status=sending-request)
46.32, [info], nurse, sync, request-sent, (status=waiting)
46.41, [info], nurse, sync, wait-message, (status=message-received)
50.09, [INFO], robot6, {'y': 17.471, 'x': -28.665, 'yaw': -3.141}, None, None
50.09, [INFO], robot6, {'battery-level': '50.56'}, None, None
59.95, [INFO], robot6, {'battery-level': '49.84'}, None, None
60.05, [INFO], robot6, {'y': 16.067, 'x': -27.88, 'yaw': 3.141}, None, None
70.09, [INFO], robot6, {'battery-level': '49.12'}, None, None
70.09, [INFO], robot6, {'y': 15.484, 'x': -26.026, 'yaw': 3.142}, None, None
80.05, [INFO], robot6, {'y': 13.394, 'x': -25.717, 'yaw': 3.142}, None, None
80.05, [INFO], robot6, {'battery-level': '48.40'}, None, None
90.09, [INFO], robot6, {'battery-level': '47.68'}, None, None
90.09, [INFO], robot6, {'y': 12.85, 'x': -25.908, 'yaw': -3.142}, None, None
92.31, [info], lab_arm, sync, wait-message, (status=message-received)
93.27, [WARN], robot6, SUCCESS, None, None
100.00, [INFO], robot6, {'battery-level': '46.96'}, None, None
100.00, [INFO], robot6, {'y': 12.853, 'x': -25.906, 'yaw': -3.142}, None, None
110.07, [INFO], robot6, {'y': 12.853, 'x': -25.906, 'yaw': -3.142}, None, None
110.07, [INFO], robot6, {'battery-level': '46.24'}, None, None
