0.13, [DEBUG], logger, ROBOTS_CONFIG={'avg_speed': 0.15, 'battery_charge': 0.5408465660492595, 'battery_discharge_rate': 0.00072, 'id': 6, 'local_plan': [['navigation', ['PC Room 3', [[-27.23, 18.0, -1.57], [-27.23, 16.0], [-28.5, 16.0], [-28.5, 18.0, -1.57]]], 'navto_room'], ['approach_person', ['nurse'], 'approach_nurse'], ['authenticate_person', ['nurse'], 'authenticate_nurse'], ['operate_drawer', ['open'], 'open_drawer_for_nurse'], ['send_message', ['nurse'], 'notify_nurse_of_open_drawer_for_nurse_completed'], ['wait_message', ['nurse'], 'wait_nurse_to_complete_deposit'], ['operate_drawer', ['close'], 'close_drawer_nurse'], ['navigation', ['Laboratory', [[-28.5, 18.0, -1.57], [-28.5, 16.0], [-26.0, 16.0], [-26.0, 13.0, 1.57]]], 'navto_lab'], ['approach_robot', ['lab_arm'], 'approach_arm'], ['operate_drawer', ['open'], 'open_drawer_lab'], ['send_message', ['lab_arm'], 'notify_lab_arm_of_open_drawer_lab_completed'], ['wait_message', ['lab_arm'], 'wait_lab_arm_to_complete_pick_up_sample'], ['operate_drawer', ['close'], 'close_drawer_lab']], 'location': 'PC Room 4', 'name': 'r6', 'position': [-27.23, 18.0, -1.57], 'skills': ['approach_person', 'approach_robot', 'authenticate_person', 'navigation', 'operate_drawer']}, None, None
0.13, [DEBUG], logger, Simulation open, None, None
10.04, [INFO], robot6, {'y': 17.412, 'x': -27.138, 'yaw': 3.142}, None, None
10.04, [INFO], robot6, {'battery-level': '53.44'}, None, None
20.01, [INFO], robot6, {'y': 16.207, 'x': -28.04, 'yaw': -3.14}, None, None
20.01, [INFO], robot6, {'battery-level': '52.72'}, None, None
30.06, [INFO], robot6, {'y': 17.832, 'x': -28.613, 'yaw': -3.141}, None, None
30.06, [INFO], robot6, {'battery-level': '52.00'}, None, None
36.11, [info], nurse, sync, received-request, (status=sending-request)
36.11, [info], nurse, sync, request-sent, (status=waiting)
36.11, [info], nurse, sync, wait-message, (status=message-received)
40.08, [INFO], robot6, {'battery-level': '51.28'}, None, None
40.08, [INFO], robot6, {'y': 17.351, 'x': -28.657, 'yaw': -3.141}, None, None
50.04, [INFO], robot6, {'battery-level': '50.56'}, None, None
50.04, [INFO], robot6, {'y': 16.071, 'x': -27.707, 'yaw': 3.141}, None, None
60.09, [INFO], robot6, {'battery-level': '49.84'}, None, None
60.09, [INFO], robot6, {'y': 15.192, 'x': -26.058, 'yaw': -3.142}, None, None
70.04, [INFO], robot6, {'battery-level': '49.12'}, None, None
70.04, [INFO], robot6, {'y': 13.164, 'x': -25.815, 'yaw': 3.142}, None, None
79.10, [info], lab_arm, sync, wait-message, (status=message-received)
80.07, [INFO], robot6, {'battery-level': '48.40'}, None, None
80.07, [INFO], robot6, {'y': 12.879, 'x': -25.96, 'yaw': 3.141}, None, None
80.07, [WARN], robot6, SUCCESS, None, None
