0.00, [DEBUG], nurse, NURSE_CONFIG={'location': 'IC Room 6', 'position': [-33.9, 18.93, 3.14]}, None, None
0.12, [DEBUG], logger, ROBOTS_CONFIG={'avg_speed': 0.15, 'battery_charge': 0.7232396784987936, 'battery_discharge_rate': 0.00064, 'id': 3, 'local_plan': [['navigation', ['IC Room 6', [[-38.0, 21.5, 0.0], [-37.0, 21.5], [-37.0, 18.93], [-33.9, 18.93, 3.14]]], 'navto_room'], ['approach_person', ['nurse'], 'approach_nurse'], ['authenticate_person', ['nurse'], 'authenticate_nurse'], ['operate_drawer', ['open'], 'open_drawer_for_nurse'], ['send_message', ['nurse'], 'notify_nurse_of_open_drawer_for_nurse_completed'], ['wait_message', ['nurse'], 'wait_nurse_to_complete_deposit'], ['operate_drawer', ['close'], 'close_drawer_nurse'], ['navigation', ['Laboratory', [[-33.9, 18.93, 3.14], [-37.0, 18.93], [-37.0, 16.0], [-26.0, 16.0], [-26.0, 13.0, 1.57]]], 'navto_lab'], ['approach_robot', ['lab_arm'], 'approach_arm'], ['operate_drawer', ['open'], 'open_drawer_lab'], ['send_message', ['lab_arm'], 'notify_lab_arm_of_open_drawer_lab_completed'], ['wait_message', ['lab_arm'], 'wait_lab_arm_to_complete_pick_up_sample'], ['operate_drawer', ['close'], 'close_drawer_lab']], 'location': 'IC Room 2', 'name': 'r3', 'position': [-38.0, 21.5, 0.0], 'skills': ['approach_person', 'approach_robot', 'authenticate_person', 'navigation', 'operate_drawer']}, None, None
0.12, [DEBUG], logger, Simulation open, None, None
10.03, [INFO], robot3, {'y': 21.461, 'x': -37.277, 'yaw': -3.141}, None, None
10.03, [INFO], robot3, {'battery-level': '71.75'}, None, None
20.05, [INFO], robot3, {'y': 19.366, 'x': -37.115, 'yaw': 3.139}, None, None
20.05, [INFO], robot3, {'battery-level': '71.11'}, None, None
30.08, [INFO], robot3, {'battery-level': '70.47'}, None, None
30.08, [INFO], robot3, {'y': 17.824, 'x': -35.626, 'yaw': 3.14}, None, None
40.01, [INFO], robot3, {'battery-level': '69.83'}, None, None
40.01, [INFO], robot3, {'y': 18.779, 'x': -34.023, 'yaw': 3.141}, None, None
48.45, [info], nurse, sync, received-request, (status=sending-request)
48.45, [info], nurse, sync, request-sent, (status=waiting)
48.45, [info], nurse, sync, wait-message, (status=message-received)
50.09, [INFO], robot3, {'battery-level': '69.19'}, None, None
50.09, [INFO], robot3, {'y': 19.006, 'x': -33.97, 'yaw': -3.141}, None, None
60.06, [INFO], robot3, {'battery-level': '68.55'}, None, None
60.06, [INFO], robot3, {'y': 17.765, 'x': -35.469, 'yaw': -3.141}, None, None
70.07, [INFO], robot3, {'y': 18.043, 'x': -36.175, 'yaw': -3.142}, None, None
70.07, [INFO], robot3, {'battery-level': '67.91'}, None, None
80.00, [INFO], robot3, {'battery-level': '67.27'}, None, None
80.00, [INFO], robot3, {'y': 18.172, 'x': -36.808, 'yaw': 3.141}, None, None
90.04, [INFO], robot3, {'battery-level': '66.63'}, None, None
90.04, [INFO], robot3, {'y': 17.439, 'x': -37.043, 'yaw': -3.141}, None, None
100.05, [INFO], robot3, {'y': 17.187, 'x': -37.085, 'yaw': 3.141}, None, None
100.05, [INFO], robot3, {'battery-level': '65.99'}, None, None
110.02, [INFO], robot3, {'y': 17.403, 'x': -36.872, 'yaw': 3.141}, None, None
110.02, [INFO], robot3, {'battery-level': '65.35'}, None, None
120.03, [INFO], robot3, {'battery-level': '64.71'}, None, None
120.03, [INFO], robot3, {'y': 17.394, 'x': -36.889, 'yaw': 3.141}, None, None
130.05, [INFO], robot3, {'y': 17.415, 'x': -36.959, 'yaw': 3.142}, None, None
130.05, [INFO], robot3, {'battery-level': '64.07'}, None, None
140.04, [INFO], robot3, {'y': 17.218, 'x': -37.12, 'yaw': -3.142}, None, None
140.04, [INFO], robot3, {'battery-level': '63.43'}, None, None
150.01, [INFO], robot3, {'battery-level': '62.79'}, None, None
150.01, [INFO], robot3, {'y': 17.155, 'x': -36.915, 'yaw': 3.141}, None, None
160.04, [INFO], robot3, {'battery-level': '62.15'}, None, None
160.04, [INFO], robot3, {'y': 17.372, 'x': -36.762, 'yaw': -3.142}, None, None
170.04, [INFO], robot3, {'battery-level': '61.51'}, None, None
170.04, [INFO], robot3, {'y': 17.461, 'x': -36.884, 'yaw': 3.142}, None, None
180.06, [INFO], robot3, {'battery-level': '60.87'}, None, None
180.06, [INFO], robot3, {'y': 17.226, 'x': -36.764, 'yaw': 3.141}, None, None
190.01, [INFO], robot3, {'battery-level': '60.23'}, None, None
190.01, [INFO], robot3, {'y': 17.39, 'x': -37.014, 'yaw': 3.14}, None, None
200.01, [INFO], robot3, {'battery-level': '59.59'}, None, None
200.01, [INFO], robot3, {'y': 17.417, 'x': -36.907, 'yaw': 3.141}, None, None
210.01, [INFO], robot3, {'y': 17.369, 'x': -36.935, 'yaw': 3.141}, None, None
210.01, [INFO], robot3, {'battery-level': '58.95'}, None, None
220.06, [INFO], robot3, {'battery-level': '58.31'}, None, None
220.06, [INFO], robot3, {'y': 17.325, 'x': -36.944, 'yaw': 3.141}, None, None
230.00, [INFO], robot3, {'battery-level': '57.67'}, None, None
230.00, [INFO], robot3, {'y': 17.24, 'x': -36.824, 'yaw': 3.141}, None, None
238.27, [WARN], robot3, SKILL-FAILURE, navigation, navto_lab
240.09, [INFO], robot3, {'y': 17.225, 'x': -36.908, 'yaw': -3.142}, None, None
240.09, [INFO], robot3, {'battery-level': '57.03'}, None, None
