0.00, [DEBUG], nurse, NURSE_CONFIG={'location': 'IC Room 2', 'position': [-38.0, 21.5, 0.0]}, None, None
0.00, [INFO], robot5, {'battery-level': '72.58'}, None, None
0.13, [DEBUG], logger, ROBOTS_CONFIG={'avg_speed': 0.15, 'battery_charge': 0.7258412726774711, 'battery_discharge_rate': 0.00076, 'id': 5, 'local_plan': [['navigation', ['IC Room 2', [[-11.5, 18.0, -1.57], [-11.5, 16.0], [-37.0, 16.0], [-37.0, 21.5], [-38.0, 21.5, 0.0]]], 'navto_room'], ['approach_person', ['nurse'], 'approach_nurse'], ['authenticate_person', ['nurse'], 'authenticate_nurse'], ['operate_drawer', ['open'], 'open_drawer_for_nurse'], ['send_message', ['nurse'], 'notify_nurse_of_open_drawer_for_nurse_completed'], ['wait_message', ['nurse'], 'wait_nurse_to_complete_deposit'], ['operate_drawer', ['close'], 'close_drawer_nurse'], ['navigation', ['Laboratory', [[-38.0, 21.5, 0.0], [-37.0, 21.5], [-37.0, 16.0], [-26.0, 16.0], [-26.0, 13.0, 1.57]]], 'navto_lab'], ['approach_robot', ['lab_arm'], 'approach_arm'], ['operate_drawer', ['open'], 'open_drawer_lab'], ['send_message', ['lab_arm'], 'notify_lab_arm_of_open_drawer_lab_completed'], ['wait_message', ['lab_arm'], 'wait_lab_arm_to_complete_pick_up_sample'], ['operate_drawer', ['close'], 'close_drawer_lab']], 'location': 'PC Room 8', 'name': 'r5', 'position': [-11.5, 18.0, -1.57], 'skills': ['approach_person', 'approach_robot', 'authenticate_person', 'navigation', 'operate_drawer']}, None, None
0.13, [DEBUG], logger, Simulation open, None, None
10.09, [INFO], robot5, {'battery-level': '71.90'}, None, None
10.09, [INFO], robot5, {'y': 18.0, 'x': -11.5, 'yaw': -3.142}, None, None
20.06, [INFO], robot5, {'battery-level': '71.14'}, None, None
20.06, [INFO], robot5, {'y': 17.761, 'x': -11.381, 'yaw': -3.142}, None, None
30.05, [INFO], robot5, {'y': 16.246, 'x': -12.58, 'yaw': -3.142}, None, None
30.05, [INFO], robot5, {'battery-level': '70.38'}, None, None
40.03, [INFO], robot5, {'battery-level': '69.62'}, None, None
40.03, [INFO], robot5, {'y': 16.26, 'x': -14.685, 'yaw': 3.142}, None, None
50.02, [INFO], robot5, {'y': 16.147, 'x': -16.795, 'yaw': 3.141}, None, None
50.02, [INFO], robot5, {'battery-level': '68.86'}, None, None
60.02, [INFO], robot5, {'battery-level': '68.10'}, None, None
60.02, [INFO], robot5, {'y': 16.209, 'x': -18.908, 'yaw': -3.141}, None, None
70.06, [INFO], robot5, {'battery-level': '67.34'}, None, None
70.06, [INFO], robot5, {'y': 16.331, 'x': -21.037, 'yaw': -3.139}, None, None
80.04, [INFO], robot5, {'battery-level': '66.58'}, None, None
80.04, [INFO], robot5, {'y': 16.228, 'x': -23.151, 'yaw': 3.142}, None, None
90.00, [INFO], robot5, {'battery-level': '65.82'}, None, None
90.00, [INFO], robot5, {'y': 16.117, 'x': -25.244, 'yaw': 3.141}, None, None
100.09, [INFO], robot5, {'y': 16.142, 'x': -27.365, 'yaw': -3.142}, None, None
100.09, [INFO], robot5, {'battery-level': '65.06'}, None, None
110.05, [INFO], robot5, {'battery-level': '64.30'}, None, None
110.05, [INFO], robot5, {'y': 16.237, 'x': -29.466, 'yaw': 3.142}, None, None
120.03, [INFO], robot5, {'battery-level': '63.54'}, None, None
120.03, [INFO], robot5, {'y': 16.052, 'x': -31.582, 'yaw': -3.142}, None, None
130.00, [INFO], robot5, {'battery-level': '62.78'}, None, None
130.00, [INFO], robot5, {'y': 15.591, 'x': -33.663, 'yaw': 3.141}, None, None
140.07, [INFO], robot5, {'y': 15.552, 'x': -35.793, 'yaw': -3.141}, None, None
140.07, [INFO], robot5, {'battery-level': '62.02'}, None, None
150.01, [INFO], robot5, {'y': 16.892, 'x': -36.8, 'yaw': -3.142}, None, None
150.01, [INFO], robot5, {'battery-level': '61.26'}, None, None
160.03, [INFO], robot5, {'battery-level': '60.50'}, None, None
160.03, [INFO], robot5, {'y': 19.007, 'x': -36.919, 'yaw': -3.142}, None, None
170.07, [INFO], robot5, {'battery-level': '59.74'}, None, None
170.07, [INFO], robot5, {'y': 21.132, 'x': -37.023, 'yaw': 3.141}, None, None
180.03, [INFO], robot5, {'y': 21.498, 'x': -38.052, 'yaw': -3.14}, None, None
180.03, [INFO], robot5, {'battery-level': '58.98'}, None, None
187.91, [info], nurse, sync, received-request, (status=sending-request)
187.91, [info], nurse, sync, request-sent, (status=waiting)
187.91, [info], nurse, sync, wait-message, (status=message-received)
190.08, [INFO], robot5, {'y': 21.397, 'x': -37.934, 'yaw': 3.138}, None, None
190.08, [INFO], robot5, {'battery-level': '58.22'}, None, None
200.01, [INFO], robot5, {'battery-level': '57.46'}, None, None
200.01, [INFO], robot5, {'y': 19.807, 'x': -37.164, 'yaw': 3.141}, None, None
210.03, [INFO], robot5, {'y': 17.692, 'x': -37.128, 'yaw': 3.14}, None, None
210.03, [INFO], robot5, {'battery-level': '56.70'}, None, None
220.06, [INFO], robot5, {'battery-level': '55.94'}, None, None
220.06, [INFO], robot5, {'y': 15.977, 'x': -36.368, 'yaw': -3.142}, None, None
230.03, [INFO], robot5, {'y': 15.379, 'x': -34.316, 'yaw': 3.142}, None, None
230.03, [INFO], robot5, {'battery-level': '55.18'}, None, None
240.01, [INFO], robot5, {'battery-level': '54.42'}, None, None
240.01, [INFO], robot5, {'y': 15.463, 'x': -32.193, 'yaw': -3.142}, None, None
250.00, [INFO], robot5, {'battery-level': '53.66'}, None, None
250.00, [INFO], robot5, {'y': 15.568, 'x': -30.078, 'yaw': 3.141}, None, None
260.05, [INFO], robot5, {'battery-level': '52.90'}, None, None
260.05, [INFO], robot5, {'y': 15.692, 'x': -27.964, 'yaw': 3.141}, None, None
270.07, [INFO], robot5, {'battery-level': '52.14'}, None, None
270.07, [INFO], robot5, {'y': 15.409, 'x': -25.975, 'yaw': 3.142}, None, None
280.01, [INFO], robot5, {'battery-level': '51.38'}, None, None
280.01, [INFO], robot5, {'y': 13.332, 'x': -25.705, 'yaw': -3.142}, None, None
289.72, [info], lab_arm, sync, wait-message, (status=message-received)
290.08, [INFO], robot5, {'y': 12.92, 'x': -25.937, 'yaw': 3.14}, None, None
290.08, [INFO], robot5, {'battery-level': '50.62'}, None, None
290.60, [WARN], robot5, SUCCESS, None, None
