0.00, [DEBUG], nurse, NURSE_CONFIG={'location': 'IC Room 6', 'position': [-33.9, 18.93, 3.14]}, None, None
0.00, [DEBUG], logger, ROBOTS_CONFIG={'avg_speed': 0.15, 'battery_charge': 0.4863040833267539, 'battery_discharge_rate': 0.00026000000000000003, 'id': 4, 'local_plan': [['navigation', ['IC Room 6', [[-39.44, 33.95, 0.0], [-37.0, 33.95], [-37.0, 18.93], [-33.9, 18.93, 3.14]]], 'navto_room'], ['approach_person', ['nurse'], 'approach_nurse'], ['authenticate_person', ['nurse'], 'authenticate_nurse'], ['operate_drawer', ['open'], 'open_drawer_for_nurse'], ['send_message', ['nurse'], 'notify_nurse_of_open_drawer_for_nurse_completed'], ['wait_message', ['nurse'], 'wait_nurse_to_complete_deposit'], ['operate_drawer', ['close'], 'close_drawer_nurse'], ['navigation', ['Laboratory', [[-33.9, 18.93, 3.14], [-37.0, 18.93], [-37.0, 16.0], [-26.0, 16.0], [-26.0, 13.0, 1.57]]], 'navto_lab'], ['approach_robot', ['lab_arm'], 'approach_arm'], ['operate_drawer', ['open'], 'open_drawer_lab'], ['send_message', ['lab_arm'], 'notify_lab_arm_of_open_drawer_lab_completed'], ['wait_message', ['lab_arm'], 'wait_lab_arm_to_complete_pick_up_sample'], ['operate_drawer', ['close'], 'close_drawer_lab']], 'location': 'IC Room 4', 'name': 'r4', 'position': [-39.44, 33.95, 0.0], 'skills': ['approach_person', 'approach_robot', 'authenticate_person', 'navigation', 'operate_drawer']}, None, None
0.00, [DEBUG], logger, Simulation open, None, None
10.02, [INFO], robot4, {'y': 34.114, 'x': -38.939, 'yaw': -3.142}, None, None
10.02, [INFO], robot4, {'battery-level': '48.40'}, None, None
20.07, [INFO], robot4, {'battery-level': '48.14'}, None, None
20.07, [INFO], robot4, {'y': 34.063, 'x': -37.138, 'yaw': -3.138}, None, None
30.06, [INFO], robot4, {'battery-level': '47.88'}, None, None
30.06, [INFO], robot4, {'y': 31.963, 'x': -37.032, 'yaw': 3.14}, None, None
40.03, [INFO], robot4, {'y': 29.855, 'x': -37.011, 'yaw': 3.14}, None, None
40.03, [INFO], robot4, {'battery-level': '47.62'}, None, None
50.01, [INFO], robot4, {'battery-level': '47.36'}, None, None
50.01, [INFO], robot4, {'y': 27.736, 'x': -37.009, 'yaw': 3.141}, None, None
60.08, [INFO], robot4, {'y': 25.609, 'x': -37.03, 'yaw': 3.142}, None, None
60.08, [INFO], robot4, {'battery-level': '47.10'}, None, None
70.07, [INFO], robot4, {'y': 23.5, 'x': -37.027, 'yaw': 3.14}, None, None
70.07, [INFO], robot4, {'battery-level': '46.84'}, None, None
80.03, [INFO], robot4, {'battery-level': '46.58'}, None, None
80.03, [INFO], robot4, {'y': 21.393, 'x': -37.143, 'yaw': -3.142}, None, None
90.08, [INFO], robot4, {'battery-level': '46.32'}, None, None
90.08, [INFO], robot4, {'y': 19.271, 'x': -37.045, 'yaw': 3.136}, None, None
100.05, [INFO], robot4, {'y': 17.75, 'x': -35.649, 'yaw': 3.141}, None, None
100.05, [INFO], robot4, {'battery-level': '46.06'}, None, None
110.04, [INFO], robot4, {'battery-level': '45.80'}, None, None
110.04, [INFO], robot4, {'y': 18.739, 'x': -34.05, 'yaw': -3.142}, None, None
118.11, [info], nurse, sync, received-request, (status=sending-request)
118.11, [info], nurse, sync, request-sent, (status=waiting)
118.11, [info], nurse, sync, wait-message, (status=message-received)
120.09, [INFO], robot4, {'y': 18.928, 'x': -34.066, 'yaw': 3.141}, None, None
120.09, [INFO], robot4, {'battery-level': '45.54'}, None, None
130.06, [INFO], robot4, {'battery-level': '45.28'}, None, None
130.06, [INFO], robot4, {'y': 17.744, 'x': -35.584, 'yaw': -3.141}, None, None
140.05, [INFO], robot4, {'y': 17.974, 'x': -36.051, 'yaw': -3.142}, None, None
140.05, [INFO], robot4, {'battery-level': '45.02'}, None, None
150.04, [INFO], robot4, {'y': 17.974, 'x': -36.051, 'yaw': 3.142}, None, None
150.04, [INFO], robot4, {'battery-level': '44.76'}, None, None
160.01, [INFO], robot4, {'battery-level': '44.50'}, None, None
160.01, [INFO], robot4, {'y': 17.548, 'x': -36.935, 'yaw': -3.142}, None, None
170.00, [INFO], robot4, {'y': 17.183, 'x': -37.014, 'yaw': -3.142}, None, None
170.00, [INFO], robot4, {'battery-level': '44.24'}, None, None
180.07, [INFO], robot4, {'battery-level': '43.98'}, None, None
180.07, [INFO], robot4, {'y': 17.26, 'x': -37.051, 'yaw': 3.141}, None, None
190.06, [INFO], robot4, {'y': 17.349, 'x': -36.895, 'yaw': 3.142}, None, None
190.06, [INFO], robot4, {'battery-level': '43.72'}, None, None
200.04, [INFO], robot4, {'y': 17.162, 'x': -37.17, 'yaw': 3.141}, None, None
200.04, [INFO], robot4, {'battery-level': '43.46'}, None, None
210.03, [INFO], robot4, {'battery-level': '43.20'}, None, None
210.03, [INFO], robot4, {'y': 17.301, 'x': -36.727, 'yaw': 3.142}, None, None
220.03, [INFO], robot4, {'battery-level': '42.94'}, None, None
220.03, [INFO], robot4, {'y': 17.388, 'x': -36.812, 'yaw': 3.141}, None, None
230.03, [INFO], robot4, {'battery-level': '42.68'}, None, None
230.03, [INFO], robot4, {'y': 17.246, 'x': -37.146, 'yaw': 3.141}, None, None
240.01, [INFO], robot4, {'battery-level': '42.42'}, None, None
240.01, [INFO], robot4, {'y': 17.297, 'x': -36.748, 'yaw': 3.142}, None, None
250.08, [INFO], robot4, {'battery-level': '42.16'}, None, None
250.08, [INFO], robot4, {'y': 17.461, 'x': -37.062, 'yaw': 3.141}, None, None
260.07, [INFO], robot4, {'battery-level': '41.90'}, None, None
260.07, [INFO], robot4, {'y': 17.526, 'x': -36.89, 'yaw': 3.141}, None, None
270.07, [INFO], robot4, {'battery-level': '41.64'}, None, None
270.07, [INFO], robot4, {'y': 17.4, 'x': -36.915, 'yaw': -3.142}, None, None
279.97, [INFO], robot4, {'y': 17.42, 'x': -36.913, 'yaw': 3.142}, None, None
280.06, [INFO], robot4, {'battery-level': '41.38'}, None, None
290.08, [INFO], robot4, {'y': 17.223, 'x': -36.791, 'yaw': -3.141}, None, None
290.08, [INFO], robot4, {'battery-level': '41.12'}, None, None
300.08, [INFO], robot4, {'battery-level': '40.86'}, None, None
300.08, [INFO], robot4, {'y': 17.332, 'x': -36.936, 'yaw': -3.142}, None, None
301.71, [WARN], robot4, SKILL-FAILURE, navigation, navto_lab
