0.20, [DEBUG], logger, ROBOTS_CONFIG={'avg_speed': 0.15, 'battery_charge': 0.7232396784987936, 'battery_discharge_rate': 0.0004, 'id': 3, 'local_plan': [['navigation', ['IC Room 2', [[-13.5, 18.0, -1.57], [-13.5, 16.0], [-37.0, 16.0], [-37.0, 21.5], [-38.0, 21.5, 0.0]]], 'navto_room'], ['approach_person', ['nurse'], 'approach_nurse'], ['authenticate_person', ['nurse'], 'authenticate_nurse'], ['operate_drawer', ['open'], 'open_drawer_for_nurse'], ['send_message', ['nurse'], 'notify_nurse_of_open_drawer_for_nurse_completed'], ['wait_message', ['nurse'], 'wait_nurse_to_complete_deposit'], ['operate_drawer', ['close'], 'close_drawer_nurse'], ['navigation', ['Laboratory', [[-38.0, 21.5, 0.0], [-37.0, 21.5], [-37.0, 16.0], [-26.0, 16.0], [-26.0, 13.0, 1.57]]], 'navto_lab'], ['approach_robot', ['lab_arm'], 'approach_arm'], ['operate_drawer', ['open'], 'open_drawer_lab'], ['send_message', ['lab_arm'], 'notify_lab_arm_of_open_drawer_lab_completed'], ['wait_message', ['lab_arm'], 'wait_lab_arm_to_complete_pick_up_sample'], ['operate_drawer', ['close'], 'close_drawer_lab']], 'location': 'PC Room 7', 'name': 'r3', 'position': [-13.5, 18.0, -1.57], 'skills': ['approach_person', 'approach_robot', 'navigation', 'operate_drawer']}, None, None
0.20, [DEBUG], logger, Simulation open, None, None
10.04, [INFO], robot3, {'y': 17.994, 'x': -13.5, 'yaw': -3.141}, None, None
10.04, [INFO], robot3, {'battery-level': '71.96'}, None, None
20.02, [INFO], robot3, {'battery-level': '71.56'}, None, None
20.02, [INFO], robot3, {'y': 16.249, 'x': -13.875, 'yaw': 3.142}, None, None
30.04, [INFO], robot3, {'battery-level': '71.16'}, None, None
30.04, [INFO], robot3, {'y': 16.125, 'x': -15.993, 'yaw': 3.14}, None, None
40.01, [INFO], robot3, {'battery-level': '70.76'}, None, None
40.01, [INFO], robot3, {'y': 16.178, 'x': -18.091, 'yaw': 3.14}, None, None
50.07, [INFO], robot3, {'battery-level': '70.36'}, None, None
50.07, [INFO], robot3, {'y': 16.297, 'x': -20.214, 'yaw': 3.141}, None, None
60.01, [INFO], robot3, {'y': 16.234, 'x': -22.308, 'yaw': 3.141}, None, None
60.01, [INFO], robot3, {'battery-level': '69.96'}, None, None
70.06, [INFO], robot3, {'battery-level': '69.56'}, None, None
70.06, [INFO], robot3, {'y': 16.158, 'x': -24.437, 'yaw': 3.14}, None, None
80.00, [INFO], robot3, {'y': 16.104, 'x': -26.543, 'yaw': -3.141}, None, None
80.00, [INFO], robot3, {'battery-level': '69.16'}, None, None
90.09, [INFO], robot3, {'y': 16.209, 'x': -28.683, 'yaw': 3.142}, None, None
90.09, [INFO], robot3, {'battery-level': '68.76'}, None, None
100.08, [INFO], robot3, {'y': 16.122, 'x': -30.795, 'yaw': 3.14}, None, None
100.08, [INFO], robot3, {'battery-level': '68.36'}, None, None
110.04, [INFO], robot3, {'battery-level': '67.96'}, None, None
110.04, [INFO], robot3, {'y': 15.847, 'x': -32.892, 'yaw': 3.141}, None, None
120.08, [INFO], robot3, {'battery-level': '67.56'}, None, None
120.08, [INFO], robot3, {'y': 15.387, 'x': -34.973, 'yaw': -3.141}, None, None
130.02, [INFO], robot3, {'battery-level': '67.16'}, None, None
130.02, [INFO], robot3, {'y': 15.979, 'x': -36.947, 'yaw': -3.142}, None, None
140.06, [INFO], robot3, {'y': 18.093, 'x': -36.908, 'yaw': -3.142}, None, None
140.06, [INFO], robot3, {'battery-level': '66.76'}, None, None
150.06, [INFO], robot3, {'battery-level': '66.36'}, None, None
150.06, [INFO], robot3, {'y': 20.208, 'x': -36.929, 'yaw': 3.141}, None, None
160.03, [INFO], robot3, {'y': 21.537, 'x': -37.94, 'yaw': -3.139}, None, None
160.03, [INFO], robot3, {'battery-level': '65.96'}, None, None
170.07, [INFO], robot3, {'y': 21.451, 'x': -38.109, 'yaw': 3.141}, None, None
170.07, [INFO], robot3, {'battery-level': '65.56'}, None, None
172.63, [WARN], robot3, NO-SKILL, authenticate_person, authenticate_nurse
180.07, [INFO], robot3, {'y': 21.449, 'x': -38.106, 'yaw': -3.136}, None, None
180.07, [INFO], robot3, {'battery-level': '65.16'}, None, None
