0.00, [DEBUG], nurse, NURSE_CONFIG={'location': 'IC Room 2', 'position': [-38.0, 21.5, 0.0]}, None, None
0.19, [DEBUG], logger, ROBOTS_CONFIG={'avg_speed': 0.15, 'battery_charge': 0.4863040833267539, 'battery_discharge_rate': 0.00026000000000000003, 'id': 4, 'local_plan': [['navigation', ['IC Room 2', [[-32.88, 33.98, 3.14], [-37.0, 33.98], [-37.0, 21.5], [-38.0, 21.5, 0.0]]], 'navto_room'], ['approach_person', ['nurse'], 'approach_nurse'], ['authenticate_person', ['nurse'], 'authenticate_nurse'], ['operate_drawer', ['open'], 'open_drawer_for_nurse'], ['send_message', ['nurse'], 'notify_nurse_of_open_drawer_for_nurse_completed'], ['wait_message', ['nurse'], 'wait_nurse_to_complete_deposit'], ['operate_drawer', ['close'], 'close_drawer_nurse'], ['navigation', ['Laboratory', [[-38.0, 21.5, 0.0], [-37.0, 21.5], [-37.0, 16.0], [-26.0, 16.0], [-26.0, 13.0, 1.57]]], 'navto_lab'], ['approach_robot', ['lab_arm'], 'approach_arm'], ['operate_drawer', ['open'], 'open_drawer_lab'], ['send_message', ['lab_arm'], 'notify_lab_arm_of_open_drawer_lab_completed'], ['wait_message', ['lab_arm'], 'wait_lab_arm_to_complete_pick_up_sample'], ['operate_drawer', ['close'], 'close_drawer_lab']], 'location': 'IC Room 5', 'name': 'r4', 'position': [-32.88, 33.98, 3.14], 'skills': ['approach_person', 'approach_robot', 'authenticate_person', 'navigation', 'operate_drawer']}, None, None
0.19, [DEBUG], logger, Simulation open, None, None
10.04, [INFO], robot4, {'y': 34.326, 'x': -33.709, 'yaw': 3.142}, None, None
10.04, [INFO], robot4, {'battery-level': '48.40'}, None, None
20.08, [INFO], robot4, {'y': 34.68, 'x': -35.788, 'yaw': -3.141}, None, None
20.08, [INFO], robot4, {'battery-level': '48.14'}, None, None
30.06, [INFO], robot4, {'battery-level': '47.88'}, None, None
30.06, [INFO], robot4, {'y': 33.175, 'x': -36.831, 'yaw': -3.141}, None, None
40.01, [INFO], robot4, {'battery-level': '47.62'}, None, None
40.01, [INFO], robot4, {'y': 31.076, 'x': -36.838, 'yaw': -3.142}, None, None
50.06, [INFO], robot4, {'battery-level': '47.36'}, None, None
50.06, [INFO], robot4, {'y': 28.963, 'x': -36.864, 'yaw': -3.141}, None, None
60.02, [INFO], robot4, {'y': 26.859, 'x': -36.872, 'yaw': 3.141}, None, None
60.02, [INFO], robot4, {'battery-level': '47.10'}, None, None
70.07, [INFO], robot4, {'y': 24.736, 'x': -36.916, 'yaw': 3.141}, None, None
70.07, [INFO], robot4, {'battery-level': '46.84'}, None, None
80.05, [INFO], robot4, {'battery-level': '46.58'}, None, None
80.05, [INFO], robot4, {'y': 22.628, 'x': -36.973, 'yaw': 3.141}, None, None
90.01, [INFO], robot4, {'battery-level': '46.32'}, None, None
90.01, [INFO], robot4, {'y': 21.173, 'x': -37.841, 'yaw': -3.142}, None, None
100.06, [INFO], robot4, {'battery-level': '46.06'}, None, None
100.06, [INFO], robot4, {'y': 21.405, 'x': -38.06, 'yaw': -3.136}, None, None
110.00, [INFO], robot4, {'y': 21.468, 'x': -38.076, 'yaw': 3.142}, None, None
110.00, [INFO], robot4, {'battery-level': '45.80'}, None, None
110.92, [info], nurse, sync, received-request, (status=sending-request)
110.92, [info], nurse, sync, request-sent, (status=waiting)
110.92, [info], nurse, sync, wait-message, (status=message-received)
120.02, [INFO], robot4, {'y': 20.522, 'x': -37.201, 'yaw': 3.141}, None, None
120.02, [INFO], robot4, {'battery-level': '45.54'}, None, None
130.04, [INFO], robot4, {'battery-level': '45.28'}, None, None
130.04, [INFO], robot4, {'y': 18.398, 'x': -37.149, 'yaw': 3.142}, None, None
140.09, [INFO], robot4, {'battery-level': '45.02'}, None, None
140.09, [INFO], robot4, {'y': 16.258, 'x': -37.028, 'yaw': 3.14}, None, None
150.06, [INFO], robot4, {'battery-level': '44.76'}, None, None
150.06, [INFO], robot4, {'y': 15.487, 'x': -35.057, 'yaw': -3.141}, None, None
160.03, [INFO], robot4, {'battery-level': '44.50'}, None, None
160.03, [INFO], robot4, {'y': 15.467, 'x': -32.941, 'yaw': -3.142}, None, None
170.03, [INFO], robot4, {'battery-level': '44.24'}, None, None
170.03, [INFO], robot4, {'y': 15.528, 'x': -30.807, 'yaw': -3.141}, None, None
180.02, [INFO], robot4, {'battery-level': '43.98'}, None, None
180.02, [INFO], robot4, {'y': 15.72, 'x': -28.696, 'yaw': 3.141}, None, None
190.01, [INFO], robot4, {'battery-level': '43.72'}, None, None
190.01, [INFO], robot4, {'y': 15.803, 'x': -26.576, 'yaw': 3.14}, None, None
200.01, [INFO], robot4, {'battery-level': '43.46'}, None, None
200.01, [INFO], robot4, {'y': 14.072, 'x': -25.778, 'yaw': 3.141}, None, None
210.03, [INFO], robot4, {'battery-level': '43.20'}, None, None
210.03, [INFO], robot4, {'y': 12.884, 'x': -25.961, 'yaw': -3.142}, None, None
213.16, [info], lab_arm, sync, wait-message, (status=message-received)
214.06, [WARN], robot4, SUCCESS, None, None
220.01, [INFO], robot4, {'battery-level': '42.94'}, None, None
220.01, [INFO], robot4, {'y': 12.88, 'x': -25.958, 'yaw': -3.142}, None, None
