0.00, [DEBUG], nurse, NURSE_CONFIG={'location': 'PC Room 3', 'position': [-28.5, 18.0, -1.57]}, None, None
0.00, [INFO], robot2, {'battery-level': '57.79'}, None, None
0.19, [DEBUG], logger, ROBOTS_CONFIG={'avg_speed': 0.15, 'battery_charge': 0.5779176354739738, 'battery_discharge_rate': 0.0006000000000000001, 'id': 2, 'local_plan': [['navigation', ['PC Room 3', [[-21.0, 18.0, -1.57], [-21.0, 16.0], [-28.5, 16.0], [-28.5, 18.0, -1.57]]], 'navto_room'], ['approach_person', ['nurse'], 'approach_nurse'], ['authenticate_person', ['nurse'], 'authenticate_nurse'], ['operate_drawer', ['open'], 'open_drawer_for_nurse'], ['send_message', ['nurse'], 'notify_nurse_of_open_drawer_for_nurse_completed'], ['wait_message', ['nurse'], 'wait_nurse_to_complete_deposit'], ['operate_drawer', ['close'], 'close_drawer_nurse'], ['navigation', ['Laboratory', [[-28.5, 18.0, -1.57], [-28.5, 16.0], [-26.0, 16.0], [-26.0, 13.0, 1.57]]], 'navto_lab'], ['approach_robot', ['lab_arm'], 'approach_arm'], ['operate_drawer', ['open'], 'open_drawer_lab'], ['send_message', ['lab_arm'], 'notify_lab_arm_of_open_drawer_lab_completed'], ['wait_message', ['lab_arm'], 'wait_lab_arm_to_complete_pick_up_sample'], ['operate_drawer', ['close'], 'close_drawer_lab']], 'location': 'PC Room 5', 'name': 'r2', 'position': [-21.0, 18.0, -1.57], 'skills': ['approach_person', 'approach_robot', 'authenticate_person', 'navigation', 'operate_drawer']}, None, None
0.19, [DEBUG], logger, Simulation open, None, None
10.08, [INFO], robot2, {'y': 17.508, 'x': -20.966, 'yaw': 3.142}, None, None
10.08, [INFO], robot2, {'battery-level': '57.25'}, None, None
20.05, [INFO], robot2, {'battery-level': '56.65'}, None, None
20.05, [INFO], robot2, {'y': 16.058, 'x': -21.789, 'yaw': 3.141}, None, None
30.07, [INFO], robot2, {'y': 15.989, 'x': -23.907, 'yaw': 3.141}, None, None
30.07, [INFO], robot2, {'battery-level': '56.05'}, None, None
40.03, [INFO], robot2, {'y': 15.953, 'x': -26.014, 'yaw': 3.14}, None, None
40.03, [INFO], robot2, {'battery-level': '55.45'}, None, None
50.01, [INFO], robot2, {'y': 16.027, 'x': -28.124, 'yaw': -3.142}, None, None
50.01, [INFO], robot2, {'battery-level': '54.85'}, None, None
60.09, [INFO], robot2, {'battery-level': '54.25'}, None, None
60.09, [INFO], robot2, {'y': 17.826, 'x': -28.631, 'yaw': -3.142}, None, None
70.00, [INFO], robot2, {'battery-level': '53.65'}, None, None
70.00, [INFO], robot2, {'y': 18.022, 'x': -28.567, 'yaw': -3.141}, None, None
73.44, [info], nurse, sync, received-request, (status=sending-request)
73.44, [info], nurse, sync, request-sent, (status=waiting)
73.44, [info], nurse, sync, wait-message, (status=message-received)
80.08, [INFO], robot2, {'y': 16.88, 'x': -28.681, 'yaw': -3.139}, None, None
80.08, [INFO], robot2, {'battery-level': '53.05'}, None, None
90.02, [INFO], robot2, {'battery-level': '52.45'}, None, None
90.02, [INFO], robot2, {'y': 16.078, 'x': -27.227, 'yaw': -3.142}, None, None
100.08, [INFO], robot2, {'battery-level': '51.85'}, None, None
100.08, [INFO], robot2, {'y': 14.668, 'x': -25.906, 'yaw': 3.142}, None, None
110.02, [INFO], robot2, {'battery-level': '51.25'}, None, None
110.02, [INFO], robot2, {'y': 12.954, 'x': -25.958, 'yaw': 3.141}, None, None
116.74, [info], lab_arm, sync, wait-message, (status=message-received)
117.72, [WARN], robot2, SUCCESS, None, None
