0.00, [DEBUG], nurse, NURSE_CONFIG={'location': 'IC Room 6', 'position': [-33.9, 18.93, 3.14]}, None, None
0.12, [DEBUG], logger, ROBOTS_CONFIG={'avg_speed': 0.15, 'battery_charge': 0.7232396784987936, 'battery_discharge_rate': 0.0004, 'id': 3, 'local_plan': [['navigation', ['IC Room 6', [[-38.0, 21.5, 0.0], [-37.0, 21.5], [-37.0, 18.93], [-33.9, 18.93, 3.14]]], 'navto_room'], ['approach_person', ['nurse'], 'approach_nurse'], ['authenticate_person', ['nurse'], 'authenticate_nurse'], ['operate_drawer', ['open'], 'open_drawer_for_nurse'], ['send_message', ['nurse'], 'notify_nurse_of_open_drawer_for_nurse_completed'], ['wait_message', ['nurse'], 'wait_nurse_to_complete_deposit'], ['operate_drawer', ['close'], 'close_drawer_nurse'], ['navigation', ['Laboratory', [[-33.9, 18.93, 3.14], [-37.0, 18.93], [-37.0, 16.0], [-26.0, 16.0], [-26.0, 13.0, 1.57]]], 'navto_lab'], ['approach_robot', ['lab_arm'], 'approach_arm'], ['operate_drawer', ['open'], 'open_drawer_lab'], ['send_message', ['lab_arm'], 'notify_lab_arm_of_open_drawer_lab_completed'], ['wait_message', ['lab_arm'], 'wait_lab_arm_to_complete_pick_up_sample'], ['operate_drawer', ['close'], 'close_drawer_lab']], 'location': 'IC Room 2', 'name': 'r3', 'position': [-38.0, 21.5, 0.0], 'skills': ['approach_person', 'approach_robot', 'authenticate_person', 'navigation', 'operate_drawer']}, None, None
0.12, [DEBUG], logger, Simulation open, None, None
10.09, [INFO], robot3, {'battery-level': '71.96'}, None, None
10.09, [INFO], robot3, {'y': 21.55, 'x': -37.516, 'yaw': -3.142}, None, None
20.03, [INFO], robot3, {'battery-level': '71.56'}, None, None
20.03, [INFO], robot3, {'y': 19.67, 'x': -37.135, 'yaw': -3.142}, None, None
30.06, [INFO], robot3, {'battery-level': '71.16'}, None, None
30.06, [INFO], robot3, {'y': 17.959, 'x': -35.922, 'yaw': 3.141}, None, None
40.09, [INFO], robot3, {'y': 18.586, 'x': -34.192, 'yaw': 3.142}, None, None
40.09, [INFO], robot3, {'battery-level': '70.76'}, None, None
50.03, [INFO], robot3, {'battery-level': '70.36'}, None, None
50.03, [INFO], robot3, {'y': 18.992, 'x': -33.937, 'yaw': -3.142}, None, None
50.30, [info], nurse, sync, received-request, (status=sending-request)
50.30, [info], nurse, sync, request-sent, (status=waiting)
50.30, [info], nurse, sync, wait-message, (status=message-received)
60.03, [INFO], robot3, {'battery-level': '69.96'}, None, None
60.03, [INFO], robot3, {'y': 17.8, 'x': -35.131, 'yaw': -3.142}, None, None
70.01, [INFO], robot3, {'y': 17.975, 'x': -36.151, 'yaw': -3.136}, None, None
70.01, [INFO], robot3, {'battery-level': '69.56'}, None, None
80.06, [INFO], robot3, {'battery-level': '69.16'}, None, None
80.06, [INFO], robot3, {'y': 17.976, 'x': -36.152, 'yaw': -3.139}, None, None
90.05, [INFO], robot3, {'y': 17.546, 'x': -36.738, 'yaw': -3.142}, None, None
90.05, [INFO], robot3, {'battery-level': '68.76'}, None, None
100.04, [INFO], robot3, {'y': 17.313, 'x': -37.063, 'yaw': 3.141}, None, None
100.04, [INFO], robot3, {'battery-level': '68.36'}, None, None
110.09, [INFO], robot3, {'battery-level': '67.96'}, None, None
110.09, [INFO], robot3, {'y': 17.397, 'x': -36.83, 'yaw': -3.141}, None, None
120.06, [INFO], robot3, {'battery-level': '67.56'}, None, None
120.06, [INFO], robot3, {'y': 17.446, 'x': -36.968, 'yaw': -3.141}, None, None
130.08, [INFO], robot3, {'battery-level': '67.16'}, None, None
130.08, [INFO], robot3, {'y': 17.329, 'x': -37.025, 'yaw': -3.141}, None, None
140.02, [INFO], robot3, {'battery-level': '66.76'}, None, None
140.02, [INFO], robot3, {'y': 17.323, 'x': -37.228, 'yaw': -3.142}, None, None
150.04, [INFO], robot3, {'battery-level': '66.36'}, None, None
150.04, [INFO], robot3, {'y': 17.279, 'x': -36.785, 'yaw': -3.142}, None, None
160.07, [INFO], robot3, {'y': 17.405, 'x': -37.046, 'yaw': -3.141}, None, None
160.07, [INFO], robot3, {'battery-level': '65.96'}, None, None
170.09, [INFO], robot3, {'y': 17.28, 'x': -36.84, 'yaw': -3.142}, None, None
170.09, [INFO], robot3, {'battery-level': '65.56'}, None, None
180.01, [INFO], robot3, {'battery-level': '65.16'}, None, None
180.01, [INFO], robot3, {'y': 17.308, 'x': -36.965, 'yaw': 3.142}, None, None
190.06, [INFO], robot3, {'battery-level': '64.76'}, None, None
190.06, [INFO], robot3, {'y': 17.454, 'x': -36.993, 'yaw': -3.141}, None, None
200.01, [INFO], robot3, {'battery-level': '64.36'}, None, None
200.01, [INFO], robot3, {'y': 17.457, 'x': -37.024, 'yaw': -3.141}, None, None
210.07, [INFO], robot3, {'y': 17.224, 'x': -36.821, 'yaw': -3.141}, None, None
210.07, [INFO], robot3, {'battery-level': '63.96'}, None, None
220.05, [INFO], robot3, {'y': 17.428, 'x': -37.027, 'yaw': 3.142}, None, None
220.05, [INFO], robot3, {'battery-level': '63.56'}, None, None
230.05, [INFO], robot3, {'y': 17.263, 'x': -37.043, 'yaw': -3.142}, None, None
230.05, [INFO], robot3, {'battery-level': '63.16'}, None, None
238.42, [WARN], robot3, SKILL-FAILURE, navigation, navto_lab
240.05, [INFO], robot3, {'y': 17.357, 'x': -36.878, 'yaw': 3.141}, None, None
240.05, [INFO], robot3, {'battery-level': '62.76'}, None, None
