0.00, [INFO], robot3, {'battery-level': '72.32'}, None, None
0.00, [DEBUG], nurse, NURSE_CONFIG={'location': 'IC Room 6', 'position': [-33.9, 18.93, 3.14]}, None, None
0.00, [DEBUG], logger, ROBOTS_CONFIG={'avg_speed': 0.15, 'battery_charge': 0.7232396784987936, 'battery_discharge_rate': 0.0004, 'id': 3, 'local_plan': [['navigation', ['IC Room 6', [[-38.0, 21.5, 0.0], [-37.0, 21.5], [-37.0, 18.93], [-33.9, 18.93, 3.14]]], 'navto_room'], ['approach_person', ['nurse'], 'approach_nurse'], ['authenticate_person', ['nurse'], 'authenticate_nurse'], ['operate_drawer', ['open'], 'open_drawer_for_nurse'], ['send_message', ['nurse'], 'notify_nurse_of_open_drawer_for_nurse_completed'], ['wait_message', ['nurse'], 'wait_nurse_to_complete_deposit'], ['operate_drawer', ['close'], 'close_drawer_nurse'], ['navigation', ['Laboratory', [[-33.9, 18.93, 3.14], [-37.0, 18.93], [-37.0, 16.0], [-26.0, 16.0], [-26.0, 13.0, 1.57]]], 'navto_lab'], ['approach_robot', ['lab_arm'], 'approach_arm'], ['operate_drawer', ['open'], 'open_drawer_lab'], ['send_message', ['lab_arm'], 'notify_lab_arm_of_open_drawer_lab_completed'], ['wait_message', ['lab_arm'], 'wait_lab_arm_to_complete_pick_up_sample'], ['operate_drawer', ['close'], 'close_drawer_lab']], 'location': 'IC Room 2', 'name': 'r3', 'position': [-38.0, 21.5, 0.0], 'skills': ['approach_person', 'approach_robot', 'authenticate_person', 'navigation', 'operate_drawer']}, None, None
0.00, [DEBUG], logger, Simulation open, None, None
10.03, [INFO], robot3, {'battery-level': '71.96'}, None, None
10.03, [INFO], robot3, {'y': 21.527, 'x': -37.342, 'yaw': 3.141}, None, None
20.05, [INFO], robot3, {'battery-level': '71.56'}, None, None
20.05, [INFO], robot3, {'y': 19.485, 'x': -37.074, 'yaw': -3.142}, None, None
30.00, [INFO], robot3, {'y': 17.817, 'x': -35.799, 'yaw': 3.141}, None, None
30.00, [INFO], robot3, {'battery-level': '71.16'}, None, None
40.03, [INFO], robot3, {'battery-level': '70.76'}, None, None
40.03, [INFO], robot3, {'y': 18.689, 'x': -34.112, 'yaw': -3.142}, None, None
48.91, [info], nurse, sync, received-request, (status=sending-request)
48.91, [info], nurse, sync, request-sent, (status=waiting)
49.00, [info], nurse, sync, wait-message, (status=message-received)
50.02, [INFO], robot3, {'y': 18.95, 'x': -33.931, 'yaw': 3.141}, None, None
50.02, [INFO], robot3, {'battery-level': '70.36'}, None, None
60.04, [INFO], robot3, {'y': 17.75, 'x': -35.437, 'yaw': 3.141}, None, None
60.04, [INFO], robot3, {'battery-level': '69.96'}, None, None
70.06, [INFO], robot3, {'battery-level': '69.56'}, None, None
70.06, [INFO], robot3, {'y': 18.043, 'x': -36.158, 'yaw': -3.142}, None, None
80.05, [INFO], robot3, {'battery-level': '69.16'}, None, None
80.05, [INFO], robot3, {'y': 18.011, 'x': -36.966, 'yaw': -3.142}, None, None
90.06, [INFO], robot3, {'y': 17.293, 'x': -36.874, 'yaw': -3.141}, None, None
90.06, [INFO], robot3, {'battery-level': '68.76'}, None, None
100.04, [INFO], robot3, {'battery-level': '68.36'}, None, None
100.04, [INFO], robot3, {'y': 17.271, 'x': -36.785, 'yaw': -3.141}, None, None
110.02, [INFO], robot3, {'battery-level': '67.96'}, None, None
110.02, [INFO], robot3, {'y': 17.34, 'x': -37.028, 'yaw': -3.141}, None, None
120.02, [INFO], robot3, {'y': 17.319, 'x': -36.97, 'yaw': -3.142}, None, None
120.02, [INFO], robot3, {'battery-level': '67.56'}, None, None
130.04, [INFO], robot3, {'battery-level': '67.16'}, None, None
130.04, [INFO], robot3, {'y': 17.383, 'x': -37.079, 'yaw': 3.141}, None, None
140.05, [INFO], robot3, {'y': 17.249, 'x': -37.026, 'yaw': 3.141}, None, None
140.05, [INFO], robot3, {'battery-level': '66.76'}, None, None
150.06, [INFO], robot3, {'y': 17.376, 'x': -36.997, 'yaw': 3.142}, None, None
150.06, [INFO], robot3, {'battery-level': '66.36'}, None, None
160.06, [INFO], robot3, {'battery-level': '65.96'}, None, None
160.06, [INFO], robot3, {'y': 17.296, 'x': -36.817, 'yaw': -3.141}, None, None
170.03, [INFO], robot3, {'battery-level': '65.56'}, None, None
170.03, [INFO], robot3, {'y': 17.243, 'x': -36.94, 'yaw': 3.14}, None, None
180.02, [INFO], robot3, {'battery-level': '65.16'}, None, None
180.02, [INFO], robot3, {'y': 17.258, 'x': -36.841, 'yaw': -3.141}, None, None
190.01, [INFO], robot3, {'y': 17.301, 'x': -36.901, 'yaw': 3.142}, None, None
190.01, [INFO], robot3, {'battery-level': '64.76'}, None, None
200.03, [INFO], robot3, {'battery-level': '64.36'}, None, None
200.03, [INFO], robot3, {'y': 17.334, 'x': -36.973, 'yaw': -3.141}, None, None
210.02, [INFO], robot3, {'battery-level': '63.96'}, None, None
210.02, [INFO], robot3, {'y': 17.158, 'x': -36.999, 'yaw': 3.141}, None, None
220.02, [INFO], robot3, {'y': 17.388, 'x': -37.034, 'yaw': -3.141}, None, None
220.02, [INFO], robot3, {'battery-level': '63.56'}, None, None
230.04, [INFO], robot3, {'battery-level': '63.16'}, None, None
230.04, [INFO], robot3, {'y': 17.24, 'x': -36.817, 'yaw': -3.141}, None, None
237.10, [WARN], robot3, SKILL-FAILURE, navigation, navto_lab
240.06, [INFO], robot3, {'battery-level': '62.76'}, None, None
240.06, [INFO], robot3, {'y': 17.198, 'x': -36.811, 'yaw': -3.142}, None, None
