0.00, [DEBUG], nurse, NURSE_CONFIG={'location': 'IC Room 2', 'position': [-38.0, 21.5, 0.0]}, None, None
0.13, [DEBUG], logger, ROBOTS_CONFIG={'avg_speed': 0.15, 'battery_charge': 0.9109794326728246, 'battery_discharge_rate': 0.0005200000000000001, 'id': 6, 'local_plan': [['navigation', ['IC Room 2', [[-33.9, 18.93, 3.14], [-37.0, 18.93], [-37.0, 21.5], [-38.0, 21.5, 0.0]]], 'navto_room'], ['approach_person', ['nurse'], 'approach_nurse'], ['authenticate_person', ['nurse'], 'authenticate_nurse'], ['operate_drawer', ['open'], 'open_drawer_for_nurse'], ['send_message', ['nurse'], 'notify_nurse_of_open_drawer_for_nurse_completed'], ['wait_message', ['nurse'], 'wait_nurse_to_complete_deposit'], ['operate_drawer', ['close'], 'close_drawer_nurse'], ['navigation', ['Laboratory', [[-38.0, 21.5, 0.0], [-37.0, 21.5], [-37.0, 16.0], [-26.0, 16.0], [-26.0, 13.0, 1.57]]], 'navto_lab'], ['approach_robot', ['lab_arm'], 'approach_arm'], ['operate_drawer', ['open'], 'open_drawer_lab'], ['send_message', ['lab_arm'], 'notify_lab_arm_of_open_drawer_lab_completed'], ['wait_message', ['lab_arm'], 'wait_lab_arm_to_complete_pick_up_sample'], ['operate_drawer', ['close'], 'close_drawer_lab']], 'location': 'IC Room 6', 'name': 'r6', 'position': [-33.9, 18.93, 3.14], 'skills': ['approach_person', 'approach_robot', 'authenticate_person', 'navigation', 'operate_drawer']}, None, None
0.13, [DEBUG], logger, Simulation open, None, None
10.06, [INFO], robot6, {'battery-level': '90.63'}, None, None
10.06, [INFO], robot6, {'y': 18.654, 'x': -34.278, 'yaw': 3.142}, None, None
20.04, [INFO], robot6, {'battery-level': '90.11'}, None, None
20.04, [INFO], robot6, {'y': 17.891, 'x': -35.995, 'yaw': 3.141}, None, None
30.04, [INFO], robot6, {'y': 19.685, 'x': -36.848, 'yaw': -3.139}, None, None
30.04, [INFO], robot6, {'battery-level': '89.59'}, None, None
40.05, [INFO], robot6, {'y': 21.539, 'x': -37.522, 'yaw': 3.141}, None, None
40.05, [INFO], robot6, {'battery-level': '89.07'}, None, None
50.06, [INFO], robot6, {'battery-level': '88.55'}, None, None
50.06, [INFO], robot6, {'y': 21.49, 'x': -38.078, 'yaw': 3.141}, None, None
60.05, [INFO], robot6, {'battery-level': '88.03'}, None, None
60.05, [INFO], robot6, {'y': 21.369, 'x': -38.089, 'yaw': -3.142}, None, None
68.22, [info], nurse, sync, received-request, (status=sending-request)
68.22, [info], nurse, sync, request-sent, (status=waiting)
68.22, [info], nurse, sync, wait-message, (status=message-received)
70.06, [INFO], robot6, {'y': 21.395, 'x': -37.942, 'yaw': -3.14}, None, None
70.06, [INFO], robot6, {'battery-level': '87.51'}, None, None
80.03, [INFO], robot6, {'y': 19.897, 'x': -37.175, 'yaw': 3.141}, None, None
80.03, [INFO], robot6, {'battery-level': '86.99'}, None, None
90.00, [INFO], robot6, {'battery-level': '86.47'}, None, None
90.00, [INFO], robot6, {'y': 17.801, 'x': -37.085, 'yaw': 3.141}, None, None
100.06, [INFO], robot6, {'y': 15.944, 'x': -36.533, 'yaw': -3.142}, None, None
100.06, [INFO], robot6, {'battery-level': '85.95'}, None, None
110.06, [INFO], robot6, {'battery-level': '85.43'}, None, None
110.06, [INFO], robot6, {'y': 15.342, 'x': -34.478, 'yaw': -3.141}, None, None
120.03, [INFO], robot6, {'battery-level': '84.91'}, None, None
120.03, [INFO], robot6, {'y': 15.484, 'x': -32.367, 'yaw': 3.142}, None, None
130.00, [INFO], robot6, {'battery-level': '84.39'}, None, None
130.00, [INFO], robot6, {'y': 15.533, 'x': -30.244, 'yaw': 3.139}, None, None
140.01, [INFO], robot6, {'battery-level': '83.87'}, None, None
140.01, [INFO], robot6, {'y': 15.783, 'x': -28.149, 'yaw': 3.142}, None, None
150.02, [INFO], robot6, {'battery-level': '83.35'}, None, None
150.02, [INFO], robot6, {'y': 15.628, 'x': -26.075, 'yaw': 3.142}, None, None
160.02, [INFO], robot6, {'battery-level': '82.83'}, None, None
160.02, [INFO], robot6, {'y': 13.563, 'x': -25.706, 'yaw': -3.142}, None, None
170.02, [INFO], robot6, {'battery-level': '82.31'}, None, None
170.02, [INFO], robot6, {'y': 12.887, 'x': -25.95, 'yaw': -3.142}, None, None
171.11, [info], lab_arm, sync, wait-message, (status=message-received)
172.04, [WARN], robot6, SUCCESS, None, None
