0.00, [DEBUG], nurse, NURSE_CONFIG={'location': 'IC Room 2', 'position': [-38.0, 21.5, 0.0]}, None, None
0.00, [INFO], robot1, {'battery-level': '30.20'}, None, None
0.11, [DEBUG], logger, ROBOTS_CONFIG={'avg_speed': 0.15, 'battery_charge': 0.3020349930380309, 'battery_discharge_rate': 0.00068, 'id': 1, 'local_plan': [['navigation', ['IC Room 2', [[-27.23, 18.0, -1.57], [-27.23, 16.0], [-37.0, 16.0], [-37.0, 21.5], [-38.0, 21.5, 0.0]]], 'navto_room'], ['approach_person', ['nurse'], 'approach_nurse'], ['authenticate_person', ['nurse'], 'authenticate_nurse'], ['operate_drawer', ['open'], 'open_drawer_for_nurse'], ['send_message', ['nurse'], 'notify_nurse_of_open_drawer_for_nurse_completed'], ['wait_message', ['nurse'], 'wait_nurse_to_complete_deposit'], ['operate_drawer', ['close'], 'close_drawer_nurse'], ['navigation', ['Laboratory', [[-38.0, 21.5, 0.0], [-37.0, 21.5], [-37.0, 16.0], [-26.0, 16.0], [-26.0, 13.0, 1.57]]], 'navto_lab'], ['approach_robot', ['lab_arm'], 'approach_arm'], ['operate_drawer', ['open'], 'open_drawer_lab'], ['send_message', ['lab_arm'], 'notify_lab_arm_of_open_drawer_lab_completed'], ['wait_message', ['lab_arm'], 'wait_lab_arm_to_complete_pick_up_sample'], ['operate_drawer', ['close'], 'close_drawer_lab']], 'location': 'PC Room 4', 'name': 'r1', 'position': [-27.23, 18.0, -1.57], 'skills': ['approach_person', 'approach_robot', 'authenticate_person', 'navigation']}, None, None
0.11, [DEBUG], logger, Simulation open, None, None
10.06, [INFO], robot1, {'battery-level': '29.59'}, None, None
10.06, [INFO], robot1, {'y': 18.01, 'x': -27.183, 'yaw': -3.141}, None, None
20.05, [INFO], robot1, {'battery-level': '28.91'}, None, None
20.05, [INFO], robot1, {'y': 16.211, 'x': -27.414, 'yaw': -3.142}, None, None
30.06, [INFO], robot1, {'y': 16.259, 'x': -29.543, 'yaw': 3.142}, None, None
30.06, [INFO], robot1, {'battery-level': '28.23'}, None, None
40.03, [INFO], robot1, {'battery-level': '27.55'}, None, None
40.03, [INFO], robot1, {'y': 15.97, 'x': -31.651, 'yaw': 3.142}, None, None
50.08, [INFO], robot1, {'y': 15.605, 'x': -33.751, 'yaw': -3.142}, None, None
50.08, [INFO], robot1, {'battery-level': '26.87'}, None, None
60.07, [INFO], robot1, {'y': 15.537, 'x': -35.847, 'yaw': -3.141}, None, None
60.07, [INFO], robot1, {'battery-level': '26.19'}, None, None
70.03, [INFO], robot1, {'battery-level': '25.51'}, None, None
70.03, [INFO], robot1, {'y': 16.941, 'x': -36.891, 'yaw': -3.142}, None, None
80.02, [INFO], robot1, {'battery-level': '24.83'}, None, None
80.02, [INFO], robot1, {'y': 19.051, 'x': -36.907, 'yaw': -3.139}, None, None
90.07, [INFO], robot1, {'battery-level': '24.15'}, None, None
90.07, [INFO], robot1, {'y': 21.173, 'x': -37.043, 'yaw': 3.141}, None, None
100.00, [INFO], robot1, {'y': 21.496, 'x': -38.093, 'yaw': -3.142}, None, None
100.00, [INFO], robot1, {'battery-level': '23.47'}, None, None
107.96, [info], nurse, sync, received-request, (status=sending-request)
107.96, [info], nurse, sync, request-sent, (status=waiting)
107.96, [WARN], robot1, NO-SKILL, operate_drawer, open_drawer_for_nurse
110.06, [INFO], robot1, {'y': 21.441, 'x': -38.09, 'yaw': 3.142}, None, None
110.06, [INFO], robot1, {'battery-level': '22.79'}, None, None
120.05, [INFO], robot1, {'battery-level': '22.11'}, None, None
120.05, [INFO], robot1, {'y': 21.441, 'x': -38.09, 'yaw': 3.142}, None, None
