0.00, [DEBUG], nurse, NURSE_CONFIG={'location': 'PC Room 3', 'position': [-28.5, 18.0, -1.57]}, None, None
0.12, [DEBUG], logger, ROBOTS_CONFIG={'avg_speed': 0.15, 'battery_charge': 0.9109794326728246, 'battery_discharge_rate': 0.0005200000000000001, 'id': 6, 'local_plan': [['navigation', ['PC Room 3', [[-27.23, 18.0, -1.57], [-27.23, 16.0], [-28.5, 16.0], [-28.5, 18.0, -1.57]]], 'navto_room'], ['approach_person', ['nurse'], 'approach_nurse'], ['authenticate_person', ['nurse'], 'authenticate_nurse'], ['operate_drawer', ['open'], 'open_drawer_for_nurse'], ['send_message', ['nurse'], 'notify_nurse_of_open_drawer_for_nurse_completed'], ['wait_message', ['nurse'], 'wait_nurse_to_complete_deposit'], ['operate_drawer', ['close'], 'close_drawer_nurse'], ['navigation', ['Laboratory', [[-28.5, 18.0, -1.57], [-28.5, 16.0], [-26.0, 16.0], [-26.0, 13.0, 1.57]]], 'navto_lab'], ['approach_robot', ['lab_arm'], 'approach_arm'], ['operate_drawer', ['open'], 'open_drawer_lab'], ['send_message', ['lab_arm'], 'notify_lab_arm_of_open_drawer_lab_completed'], ['wait_message', ['lab_arm'], 'wait_lab_arm_to_complete_pick_up_sample'], ['operate_drawer', ['close'], 'close_drawer_lab']], 'location': 'PC Room 4', 'name': 'r6', 'position': [-27.23, 18.0, -1.57], 'skills': ['approach_person', 'approach_robot', 'authenticate_person', 'navigation', 'operate_drawer']}, None, None
0.12, [DEBUG], logger, Simulation open, None, None
10.04, [INFO], robot6, {'y': 17.414, 'x': -27.132, 'yaw': 3.142}, None, None
10.04, [INFO], robot6, {'battery-level': '90.63'}, None, None
19.93, [INFO], robot6, {'battery-level': '90.11'}, None, None
20.02, [INFO], robot6, {'y': 16.305, 'x': -28.039, 'yaw': 3.14}, None, None
30.02, [INFO], robot6, {'y': 17.9, 'x': -28.58, 'yaw': -3.142}, None, None
30.02, [INFO], robot6, {'battery-level': '89.59'}, None, None
36.63, [info], nurse, sync, received-request, (status=sending-request)
36.63, [info], nurse, sync, request-sent, (status=waiting)
36.63, [info], nurse, sync, wait-message, (status=message-received)
40.00, [INFO], robot6, {'battery-level': '89.07'}, None, None
40.00, [INFO], robot6, {'y': 17.53, 'x': -28.671, 'yaw': -3.142}, None, None
50.05, [INFO], robot6, {'battery-level': '88.55'}, None, None
50.05, [INFO], robot6, {'y': 16.044, 'x': -27.949, 'yaw': 3.139}, None, None
60.06, [INFO], robot6, {'y': 15.517, 'x': -26.039, 'yaw': 3.142}, None, None
60.06, [INFO], robot6, {'battery-level': '88.03'}, None, None
70.02, [INFO], robot6, {'y': 13.439, 'x': -25.685, 'yaw': 3.142}, None, None
70.02, [INFO], robot6, {'battery-level': '87.51'}, None, None
80.06, [INFO], robot6, {'battery-level': '86.99'}, None, None
80.06, [INFO], robot6, {'y': 12.938, 'x': -25.936, 'yaw': -3.142}, None, None
90.08, [INFO], robot6, {'battery-level': '86.47'}, None, None
90.08, [INFO], robot6, {'y': 12.87, 'x': -26.003, 'yaw': -3.142}, None, None
97.88, [info], lab_arm, sync, wait-message, (status=message-received)
98.84, [WARN], robot6, SUCCESS, None, None
100.03, [INFO], robot6, {'y': 12.894, 'x': -25.989, 'yaw': 3.141}, None, None
100.03, [INFO], robot6, {'battery-level': '85.95'}, None, None
