0.00, [DEBUG], nurse, NURSE_CONFIG={'location': 'IC Room 6', 'position': [-33.9, 18.93, 3.14]}, None, None
0.13, [DEBUG], logger, ROBOTS_CONFIG={'avg_speed': 0.15, 'battery_charge': 0.7232396784987936, 'battery_discharge_rate': 0.0004, 'id': 3, 'local_plan': [['navigation', ['IC Room 6', [[-38.0, 21.5, 0.0], [-37.0, 21.5], [-37.0, 18.93], [-33.9, 18.93, 3.14]]], 'navto_room'], ['approach_person', ['nurse'], 'approach_nurse'], ['authenticate_person', ['nurse'], 'authenticate_nurse'], ['operate_drawer', ['open'], 'open_drawer_for_nurse'], ['send_message', ['nurse'], 'notify_nurse_of_open_drawer_for_nurse_completed'], ['wait_message', ['nurse'], 'wait_nurse_to_complete_deposit'], ['operate_drawer', ['close'], 'close_drawer_nurse'], ['navigation', ['Laboratory', [[-33.9, 18.93, 3.14], [-37.0, 18.93], [-37.0, 16.0], [-26.0, 16.0], [-26.0, 13.0, 1.57]]], 'navto_lab'], ['approach_robot', ['lab_arm'], 'approach_arm'], ['operate_drawer', ['open'], 'open_drawer_lab'], ['send_message', ['lab_arm'], 'notify_lab_arm_of_open_drawer_lab_completed'], ['wait_message', ['lab_arm'], 'wait_lab_arm_to_complete_pick_up_sample'], ['operate_drawer', ['close'], 'close_drawer_lab']], 'location': 'IC Room 2', 'name': 'r3', 'position': [-38.0, 21.5, 0.0], 'skills': ['approach_person', 'approach_robot', 'authenticate_person', 'navigation', 'operate_drawer']}, None, None
0.13, [DEBUG], logger, Simulation open, None, None
10.09, [INFO], robot3, {'battery-level': '71.96'}, None, None
10.09, [INFO], robot3, {'y': 21.403, 'x': -37.204, 'yaw': -3.142}, None, None
20.00, [INFO], robot3, {'y': 19.306, 'x': -37.098, 'yaw': 3.142}, None, None
20.00, [INFO], robot3, {'battery-level': '71.56'}, None, None
30.02, [INFO], robot3, {'y': 17.796, 'x': -35.617, 'yaw': 3.141}, None, None
30.02, [INFO], robot3, {'battery-level': '71.16'}, None, None
40.03, [INFO], robot3, {'battery-level': '70.76'}, None, None
40.03, [INFO], robot3, {'y': 18.785, 'x': -34.012, 'yaw': -3.142}, None, None
49.01, [info], nurse, sync, received-request, (status=sending-request)
49.01, [info], nurse, sync, request-sent, (status=waiting)
49.01, [info], nurse, sync, wait-message, (status=message-received)
50.01, [INFO], robot3, {'battery-level': '70.36'}, None, None
50.01, [INFO], robot3, {'y': 18.953, 'x': -33.892, 'yaw': 3.141}, None, None
60.04, [INFO], robot3, {'battery-level': '69.96'}, None, None
60.04, [INFO], robot3, {'y': 17.76, 'x': -35.409, 'yaw': 3.14}, None, None
70.08, [INFO], robot3, {'battery-level': '69.56'}, None, None
70.08, [INFO], robot3, {'y': 17.96, 'x': -36.962, 'yaw': 3.142}, None, None
80.01, [INFO], robot3, {'battery-level': '69.16'}, None, None
80.01, [INFO], robot3, {'y': 17.271, 'x': -37.098, 'yaw': 3.141}, None, None
90.02, [INFO], robot3, {'battery-level': '68.76'}, None, None
90.02, [INFO], robot3, {'y': 17.326, 'x': -36.967, 'yaw': 3.141}, None, None
100.04, [INFO], robot3, {'battery-level': '68.36'}, None, None
100.04, [INFO], robot3, {'y': 17.431, 'x': -36.827, 'yaw': 3.141}, None, None
110.07, [INFO], robot3, {'battery-level': '67.96'}, None, None
110.07, [INFO], robot3, {'y': 17.402, 'x': -37.065, 'yaw': -3.141}, None, None
120.02, [INFO], robot3, {'battery-level': '67.56'}, None, None
120.02, [INFO], robot3, {'y': 17.323, 'x': -36.825, 'yaw': -3.142}, None, None
130.05, [INFO], robot3, {'battery-level': '67.16'}, None, None
130.05, [INFO], robot3, {'y': 17.361, 'x': -37.048, 'yaw': -3.141}, None, None
140.08, [INFO], robot3, {'y': 17.291, 'x': -36.847, 'yaw': -3.142}, None, None
140.08, [INFO], robot3, {'battery-level': '66.76'}, None, None
150.01, [INFO], robot3, {'battery-level': '66.36'}, None, None
150.01, [INFO], robot3, {'y': 17.204, 'x': -36.912, 'yaw': 3.141}, None, None
160.01, [INFO], robot3, {'battery-level': '65.96'}, None, None
160.01, [INFO], robot3, {'y': 17.381, 'x': -37.017, 'yaw': -3.141}, None, None
170.06, [INFO], robot3, {'y': 17.231, 'x': -36.846, 'yaw': 3.142}, None, None
170.06, [INFO], robot3, {'battery-level': '65.56'}, None, None
180.03, [INFO], robot3, {'y': 17.289, 'x': -36.884, 'yaw': 3.142}, None, None
180.03, [INFO], robot3, {'battery-level': '65.16'}, None, None
190.03, [INFO], robot3, {'y': 17.364, 'x': -36.797, 'yaw': 3.141}, None, None
190.03, [INFO], robot3, {'battery-level': '64.76'}, None, None
200.00, [INFO], robot3, {'y': 17.267, 'x': -37.085, 'yaw': 3.142}, None, None
200.00, [INFO], robot3, {'battery-level': '64.36'}, None, None
210.03, [INFO], robot3, {'battery-level': '63.96'}, None, None
210.03, [INFO], robot3, {'y': 17.456, 'x': -36.918, 'yaw': 3.142}, None, None
220.00, [INFO], robot3, {'battery-level': '63.56'}, None, None
220.00, [INFO], robot3, {'y': 17.272, 'x': -37.096, 'yaw': 3.141}, None, None
230.08, [INFO], robot3, {'battery-level': '63.16'}, None, None
230.08, [INFO], robot3, {'y': 17.389, 'x': -36.909, 'yaw': -3.142}, None, None
235.22, [WARN], robot3, SKILL-FAILURE, navigation, navto_lab
240.09, [INFO], robot3, {'y': 17.384, 'x': -36.906, 'yaw': 3.142}, None, None
240.09, [INFO], robot3, {'battery-level': '62.76'}, None, None
