0.00, [DEBUG], nurse, NURSE_CONFIG={'location': 'IC Room 6', 'position': [-33.9, 18.93, 3.14]}, None, None
0.13, [DEBUG], logger, ROBOTS_CONFIG={'avg_speed': 0.15, 'battery_charge': 0.7232396784987936, 'battery_discharge_rate': 0.0004, 'id': 3, 'local_plan': [['navigation', ['IC Room 6', [[-38.0, 21.5, 0.0], [-37.0, 21.5], [-37.0, 18.93], [-33.9, 18.93, 3.14]]], 'navto_room'], ['approach_person', ['nurse'], 'approach_nurse'], ['authenticate_person', ['nurse'], 'authenticate_nurse'], ['operate_drawer', ['open'], 'open_drawer_for_nurse'], ['send_message', ['nurse'], 'notify_nurse_of_open_drawer_for_nurse_completed'], ['wait_message', ['nurse'], 'wait_nurse_to_complete_deposit'], ['operate_drawer', ['close'], 'close_drawer_nurse'], ['navigation', ['Laboratory', [[-33.9, 18.93, 3.14], [-37.0, 18.93], [-37.0, 16.0], [-26.0, 16.0], [-26.0, 13.0, 1.57]]], 'navto_lab'], ['approach_robot', ['lab_arm'], 'approach_arm'], ['operate_drawer', ['open'], 'open_drawer_lab'], ['send_message', ['lab_arm'], 'notify_lab_arm_of_open_drawer_lab_completed'], ['wait_message', ['lab_arm'], 'wait_lab_arm_to_complete_pick_up_sample'], ['operate_drawer', ['close'], 'close_drawer_lab']], 'location': 'IC Room 2', 'name': 'r3', 'position': [-38.0, 21.5, 0.0], 'skills': ['approach_person', 'approach_robot', 'authenticate_person', 'navigation', 'operate_drawer']}, None, None
0.13, [DEBUG], logger, Simulation open, None, None
10.08, [INFO], robot3, {'y': 21.42, 'x': -37.199, 'yaw': -3.142}, None, None
10.08, [INFO], robot3, {'battery-level': '71.96'}, None, None
20.05, [INFO], robot3, {'battery-level': '71.56'}, None, None
20.05, [INFO], robot3, {'y': 19.31, 'x': -37.06, 'yaw': 3.138}, None, None
30.06, [INFO], robot3, {'battery-level': '71.16'}, None, None
30.06, [INFO], robot3, {'y': 17.802, 'x': -35.578, 'yaw': 3.141}, None, None
40.08, [INFO], robot3, {'y': 18.801, 'x': -34.006, 'yaw': 3.142}, None, None
40.08, [INFO], robot3, {'battery-level': '70.76'}, None, None
47.98, [info], nurse, sync, received-request, (status=sending-request)
47.98, [info], nurse, sync, request-sent, (status=waiting)
47.98, [info], nurse, sync, wait-message, (status=message-received)
50.09, [INFO], robot3, {'y': 18.919, 'x': -34.107, 'yaw': 3.141}, None, None
50.09, [INFO], robot3, {'battery-level': '70.36'}, None, None
60.07, [INFO], robot3, {'y': 17.787, 'x': -35.688, 'yaw': -3.141}, None, None
60.07, [INFO], robot3, {'battery-level': '69.96'}, None, None
70.01, [INFO], robot3, {'y': 17.328, 'x': -37.012, 'yaw': 3.14}, None, None
70.01, [INFO], robot3, {'battery-level': '69.56'}, None, None
80.06, [INFO], robot3, {'battery-level': '69.16'}, None, None
80.06, [INFO], robot3, {'y': 17.411, 'x': -36.962, 'yaw': 3.141}, None, None
90.05, [INFO], robot3, {'battery-level': '68.76'}, None, None
90.05, [INFO], robot3, {'y': 17.366, 'x': -37.012, 'yaw': 3.141}, None, None
100.01, [INFO], robot3, {'battery-level': '68.36'}, None, None
100.01, [INFO], robot3, {'y': 17.4, 'x': -36.92, 'yaw': 3.142}, None, None
110.06, [INFO], robot3, {'battery-level': '67.96'}, None, None
110.06, [INFO], robot3, {'y': 17.424, 'x': -36.917, 'yaw': 3.142}, None, None
120.07, [INFO], robot3, {'battery-level': '67.56'}, None, None
120.07, [INFO], robot3, {'y': 17.257, 'x': -36.786, 'yaw': -3.141}, None, None
130.08, [INFO], robot3, {'battery-level': '67.16'}, None, None
130.08, [INFO], robot3, {'y': 17.399, 'x': -37.044, 'yaw': 3.141}, None, None
140.02, [INFO], robot3, {'battery-level': '66.76'}, None, None
140.02, [INFO], robot3, {'y': 17.328, 'x': -37.098, 'yaw': -3.142}, None, None
150.04, [INFO], robot3, {'battery-level': '66.36'}, None, None
150.04, [INFO], robot3, {'y': 17.365, 'x': -36.866, 'yaw': -3.141}, None, None
160.07, [INFO], robot3, {'battery-level': '65.96'}, None, None
160.07, [INFO], robot3, {'y': 17.412, 'x': -36.991, 'yaw': 3.141}, None, None
170.06, [INFO], robot3, {'y': 17.422, 'x': -36.924, 'yaw': 3.142}, None, None
170.06, [INFO], robot3, {'battery-level': '65.56'}, None, None
180.03, [INFO], robot3, {'y': 17.28, 'x': -36.787, 'yaw': -3.141}, None, None
180.03, [INFO], robot3, {'battery-level': '65.16'}, None, None
190.06, [INFO], robot3, {'battery-level': '64.76'}, None, None
190.06, [INFO], robot3, {'y': 17.352, 'x': -36.74, 'yaw': 3.141}, None, None
200.01, [INFO], robot3, {'y': 17.456, 'x': -37.027, 'yaw': 3.14}, None, None
200.01, [INFO], robot3, {'battery-level': '64.36'}, None, None
210.02, [INFO], robot3, {'battery-level': '63.96'}, None, None
210.02, [INFO], robot3, {'y': 17.279, 'x': -36.928, 'yaw': 3.142}, None, None
220.09, [INFO], robot3, {'battery-level': '63.56'}, None, None
220.09, [INFO], robot3, {'y': 17.255, 'x': -36.86, 'yaw': -3.141}, None, None
230.03, [INFO], robot3, {'battery-level': '63.16'}, None, None
230.03, [INFO], robot3, {'y': 17.193, 'x': -37.098, 'yaw': 3.14}, None, None
233.96, [WARN], robot3, SKILL-FAILURE, navigation, navto_lab
240.04, [INFO], robot3, {'y': 17.29, 'x': -36.917, 'yaw': -3.142}, None, None
240.04, [INFO], robot3, {'battery-level': '62.76'}, None, None
