0.00, [INFO], robot6, {'battery-level': '54.08'}, None, None
0.13, [DEBUG], logger, ROBOTS_CONFIG={'avg_speed': 0.15, 'battery_charge': 0.5408465660492595, 'battery_discharge_rate': 0.00072, 'id': 6, 'local_plan': [['navigation', ['PC Room 3', [[-27.23, 18.0, -1.57], [-27.23, 16.0], [-28.5, 16.0], [-28.5, 18.0, -1.57]]], 'navto_room'], ['approach_person', ['nurse'], 'approach_nurse'], ['authenticate_person', ['nurse'], 'authenticate_nurse'], ['operate_drawer', ['open'], 'open_drawer_for_nurse'], ['send_message', ['nurse'], 'notify_nurse_of_open_drawer_for_nurse_completed'], ['wait_message', ['nurse'], 'wait_nurse_to_complete_deposit'], ['operate_drawer', ['close'], 'close_drawer_nurse'], ['navigation', ['Laboratory', [[-28.5, 18.0, -1.57], [-28.5, 16.0], [-26.0, 16.0], [-26.0, 13.0, 1.57]]], 'navto_lab'], ['approach_robot', ['lab_arm'], 'approach_arm'], ['operate_drawer', ['open'], 'open_drawer_lab'], ['send_message', ['lab_arm'], 'notify_lab_arm_of_open_drawer_lab_completed'], ['wait_message', ['lab_arm'], 'wait_lab_arm_to_complete_pick_up_sample'], ['operate_drawer', ['close'], 'close_drawer_lab']], 'location': 'PC Room 4', 'name': 'r6', 'position': [-27.23, 18.0, -1.57], 'skills': ['approach_person', 'approach_robot', 'authenticate_person', 'navigation', 'operate_drawer']}, None, None
0.13, [DEBUG], logger, Simulation open, None, None
10.02, [INFO], robot6, {'battery-level': '53.44'}, None, None
10.02, [INFO], robot6, {'y': 17.432, 'x': -27.139, 'yaw': -3.142}, None, None
20.01, [INFO], robot6, {'y': 16.312, 'x': -27.977, 'yaw': -3.137}, None, None
20.01, [INFO], robot6, {'battery-level': '52.72'}, None, None
30.04, [INFO], robot6, {'y': 17.84, 'x': -28.633, 'yaw': 3.141}, None, None
30.04, [INFO], robot6, {'battery-level': '52.00'}, None, None
40.04, [INFO], robot6, {'y': 17.979, 'x': -28.64, 'yaw': -3.141}, None, None
40.04, [INFO], robot6, {'battery-level': '51.28'}, None, None
45.93, [info], nurse, sync, received-request, (status=sending-request)
45.93, [info], nurse, sync, request-sent, (status=waiting)
45.93, [info], nurse, sync, wait-message, (status=message-received)
50.08, [INFO], robot6, {'battery-level': '50.56'}, None, None
50.08, [INFO], robot6, {'y': 17.359, 'x': -28.642, 'yaw': -3.141}, None, None
60.04, [INFO], robot6, {'y': 16.13, 'x': -27.807, 'yaw': -3.14}, None, None
60.04, [INFO], robot6, {'battery-level': '49.84'}, None, None
70.01, [INFO], robot6, {'battery-level': '49.12'}, None, None
70.01, [INFO], robot6, {'y': 15.494, 'x': -26.009, 'yaw': 3.141}, None, None
80.03, [INFO], robot6, {'y': 13.389, 'x': -25.684, 'yaw': -3.142}, None, None
80.03, [INFO], robot6, {'battery-level': '48.40'}, None, None
90.05, [INFO], robot6, {'battery-level': '47.68'}, None, None
90.05, [INFO], robot6, {'y': 12.857, 'x': -25.92, 'yaw': 3.142}, None, None
90.43, [info], lab_arm, sync, wait-message, (status=message-received)
91.30, [WARN], robot6, SUCCESS, None, None
100.10, [INFO], robot6, {'y': 12.855, 'x': -25.919, 'yaw': -3.142}, None, None
100.10, [INFO], robot6, {'battery-level': '46.96'}, None, None
110.08, [INFO], robot6, {'battery-level': '46.24'}, None, None
110.08, [INFO], robot6, {'y': 12.855, 'x': -25.919, 'yaw': 3.142}, None, None
