0.00, [DEBUG], logger, ROBOTS_CONFIG={'avg_speed': 0.15, 'battery_charge': 0.634952869577942, 'battery_discharge_rate': 0.00026000000000000003, 'id': 2, 'local_plan': [['navigation', ['IC Room 2', [[-19.0, 18.0, -1.57], [-19.0, 16.0], [-37.0, 16.0], [-37.0, 21.5], [-38.0, 21.5, 0.0]]], 'navto_room'], ['approach_person', ['nurse'], 'approach_nurse'], ['authenticate_person', ['nurse'], 'authenticate_nurse'], ['operate_drawer', ['open'], 'open_drawer_for_nurse'], ['send_message', ['nurse'], 'notify_nurse_of_open_drawer_for_nurse_completed'], ['wait_message', ['nurse'], 'wait_nurse_to_complete_deposit'], ['operate_drawer', ['close'], 'close_drawer_nurse'], ['navigation', ['Laboratory', [[-38.0, 21.5, 0.0], [-37.0, 21.5], [-37.0, 16.0], [-26.0, 16.0], [-26.0, 13.0, 1.57]]], 'navto_lab'], ['approach_robot', ['lab_arm'], 'approach_arm'], ['operate_drawer', ['open'], 'open_drawer_lab'], ['send_message', ['lab_arm'], 'notify_lab_arm_of_open_drawer_lab_completed'], ['wait_message', ['lab_arm'], 'wait_lab_arm_to_complete_pick_up_sample'], ['operate_drawer', ['close'], 'close_drawer_lab']], 'location': 'PC Room 6', 'name': 'r2', 'position': [-19.0, 18.0, -1.57], 'skills': ['approach_person', 'approach_robot', 'authenticate_person', 'navigation', 'operate_drawer']}, None, None
0.00, [DEBUG], logger, Simulation open, None, None
10.05, [INFO], robot2, {'y': 17.234, 'x': -19.287, 'yaw': 3.14}, None, None
10.05, [INFO], robot2, {'battery-level': '63.26'}, None, None
20.05, [INFO], robot2, {'y': 16.201, 'x': -20.485, 'yaw': -3.142}, None, None
20.05, [INFO], robot2, {'battery-level': '63.00'}, None, None
30.10, [INFO], robot2, {'battery-level': '62.74'}, None, None
30.10, [INFO], robot2, {'y': 16.122, 'x': -22.61, 'yaw': 3.142}, None, None
40.10, [INFO], robot2, {'y': 16.043, 'x': -24.708, 'yaw': 3.141}, None, None
40.10, [INFO], robot2, {'battery-level': '62.48'}, None, None
50.04, [INFO], robot2, {'y': 16.063, 'x': -26.799, 'yaw': 3.142}, None, None
50.04, [INFO], robot2, {'battery-level': '62.22'}, None, None
60.03, [INFO], robot2, {'battery-level': '61.96'}, None, None
60.03, [INFO], robot2, {'y': 16.133, 'x': -28.902, 'yaw': -3.138}, None, None
70.08, [INFO], robot2, {'battery-level': '61.70'}, None, None
70.08, [INFO], robot2, {'y': 16.058, 'x': -31.026, 'yaw': 3.142}, None, None
80.09, [INFO], robot2, {'battery-level': '61.44'}, None, None
80.09, [INFO], robot2, {'y': 15.739, 'x': -33.14, 'yaw': 3.14}, None, None
90.04, [INFO], robot2, {'y': 15.427, 'x': -35.215, 'yaw': -3.141}, None, None
90.04, [INFO], robot2, {'battery-level': '61.18'}, None, None
100.08, [INFO], robot2, {'battery-level': '60.92'}, None, None
100.08, [INFO], robot2, {'y': 16.299, 'x': -36.954, 'yaw': -3.141}, None, None
110.09, [INFO], robot2, {'battery-level': '60.66'}, None, None
110.09, [INFO], robot2, {'y': 18.398, 'x': -36.853, 'yaw': -3.142}, None, None
120.01, [INFO], robot2, {'battery-level': '60.40'}, None, None
120.01, [INFO], robot2, {'y': 20.505, 'x': -36.918, 'yaw': 3.142}, None, None
130.07, [INFO], robot2, {'y': 21.533, 'x': -38.022, 'yaw': 3.142}, None, None
130.07, [INFO], robot2, {'battery-level': '60.14'}, None, None
135.92, [info], nurse, sync, received-request, (status=sending-request)
135.92, [info], nurse, sync, request-sent, (status=waiting)
136.02, [info], nurse, sync, wait-message, (status=message-received)
140.05, [INFO], robot2, {'battery-level': '59.88'}, None, None
140.05, [INFO], robot2, {'y': 21.492, 'x': -37.459, 'yaw': 3.142}, None, None
150.05, [INFO], robot2, {'battery-level': '59.62'}, None, None
150.05, [INFO], robot2, {'y': 19.494, 'x': -37.139, 'yaw': 3.141}, None, None
160.07, [INFO], robot2, {'battery-level': '59.36'}, None, None
160.07, [INFO], robot2, {'y': 17.373, 'x': -37.101, 'yaw': 3.141}, None, None
170.06, [INFO], robot2, {'y': 15.787, 'x': -36.232, 'yaw': 3.141}, None, None
170.06, [INFO], robot2, {'battery-level': '59.10'}, None, None
180.06, [INFO], robot2, {'battery-level': '58.84'}, None, None
180.06, [INFO], robot2, {'y': 15.338, 'x': -34.147, 'yaw': -3.141}, None, None
190.06, [INFO], robot2, {'y': 15.498, 'x': -32.021, 'yaw': -3.141}, None, None
190.06, [INFO], robot2, {'battery-level': '58.58'}, None, None
200.07, [INFO], robot2, {'battery-level': '58.32'}, None, None
200.07, [INFO], robot2, {'y': 15.589, 'x': -29.906, 'yaw': -3.142}, None, None
210.04, [INFO], robot2, {'y': 15.729, 'x': -27.807, 'yaw': -3.139}, None, None
210.04, [INFO], robot2, {'battery-level': '58.06'}, None, None
220.09, [INFO], robot2, {'battery-level': '57.80'}, None, None
220.09, [INFO], robot2, {'y': 15.297, 'x': -25.957, 'yaw': -3.142}, None, None
230.08, [INFO], robot2, {'battery-level': '57.54'}, None, None
230.08, [INFO], robot2, {'y': 13.196, 'x': -25.741, 'yaw': -3.142}, None, None
239.58, [info], lab_arm, sync, wait-message, (status=message-received)
240.07, [INFO], robot2, {'battery-level': '57.28'}, None, None
240.07, [INFO], robot2, {'y': 12.866, 'x': -25.947, 'yaw': 3.14}, None, None
240.55, [WARN], robot2, SUCCESS, None, None
250.02, [INFO], robot2, {'battery-level': '57.02'}, None, None
250.02, [INFO], robot2, {'y': 12.866, 'x': -25.947, 'yaw': -3.142}, None, None
260.02, [INFO], robot2, {'battery-level': '56.76'}, None, None
260.02, [INFO], robot2, {'y': 12.867, 'x': -25.947, 'yaw': -3.142}, None, None
