0.00, [INFO], robot5, {'battery-level': '71.80'}, None, None
0.00, [DEBUG], logger, ROBOTS_CONFIG={'avg_speed': 0.15, 'battery_charge': 0.7179616530181877, 'battery_discharge_rate': 0.00076, 'id': 5, 'local_plan': [['navigation', ['IC Room 6', [[-13.5, 18.0, -1.57], [-13.5, 16.0], [-37.0, 16.0], [-37.0, 18.93], [-33.9, 18.93, 3.14]]], 'navto_room'], ['approach_person', ['nurse'], 'approach_nurse'], ['authenticate_person', ['nurse'], 'authenticate_nurse'], ['operate_drawer', ['open'], 'open_drawer_for_nurse'], ['send_message', ['nurse'], 'notify_nurse_of_open_drawer_for_nurse_completed'], ['wait_message', ['nurse'], 'wait_nurse_to_complete_deposit'], ['operate_drawer', ['close'], 'close_drawer_nurse'], ['navigation', ['Laboratory', [[-33.9, 18.93, 3.14], [-37.0, 18.93], [-37.0, 16.0], [-26.0, 16.0], [-26.0, 13.0, 1.57]]], 'navto_lab'], ['approach_robot', ['lab_arm'], 'approach_arm'], ['operate_drawer', ['open'], 'open_drawer_lab'], ['send_message', ['lab_arm'], 'notify_lab_arm_of_open_drawer_lab_completed'], ['wait_message', ['lab_arm'], 'wait_lab_arm_to_complete_pick_up_sample'], ['operate_drawer', ['close'], 'close_drawer_lab']], 'location': 'PC Room 7', 'name': 'r5', 'position': [-13.5, 18.0, -1.57], 'skills': ['approach_person', 'approach_robot', 'authenticate_person', 'navigation', 'operate_drawer']}, None, None
0.00, [DEBUG], logger, Simulation open, None, None
10.02, [INFO], robot5, {'y': 17.179, 'x': -13.494, 'yaw': -3.14}, None, None
10.02, [INFO], robot5, {'battery-level': '71.11'}, None, None
20.09, [INFO], robot5, {'battery-level': '70.35'}, None, None
20.09, [INFO], robot5, {'y': 15.996, 'x': -14.677, 'yaw': -3.141}, None, None
30.03, [INFO], robot5, {'y': 15.891, 'x': -16.765, 'yaw': 3.141}, None, None
30.03, [INFO], robot5, {'battery-level': '69.59'}, None, None
40.05, [INFO], robot5, {'battery-level': '68.83'}, None, None
40.05, [INFO], robot5, {'y': 16.014, 'x': -18.88, 'yaw': -3.139}, None, None
50.07, [INFO], robot5, {'battery-level': '68.07'}, None, None
50.07, [INFO], robot5, {'y': 16.14, 'x': -20.998, 'yaw': 3.141}, None, None
60.05, [INFO], robot5, {'battery-level': '67.31'}, None, None
60.05, [INFO], robot5, {'y': 16.023, 'x': -23.097, 'yaw': 3.141}, None, None
69.91, [INFO], robot5, {'battery-level': '66.55'}, None, None
70.01, [INFO], robot5, {'y': 16.015, 'x': -25.196, 'yaw': 3.14}, None, None
80.05, [INFO], robot5, {'y': 15.995, 'x': -27.302, 'yaw': -3.142}, None, None
80.05, [INFO], robot5, {'battery-level': '65.79'}, None, None
90.06, [INFO], robot5, {'y': 16.102, 'x': -29.409, 'yaw': 3.142}, None, None
90.06, [INFO], robot5, {'battery-level': '65.03'}, None, None
100.02, [INFO], robot5, {'battery-level': '64.27'}, None, None
100.02, [INFO], robot5, {'y': 16.005, 'x': -31.511, 'yaw': 3.141}, None, None
110.09, [INFO], robot5, {'battery-level': '63.51'}, None, None
110.09, [INFO], robot5, {'y': 15.646, 'x': -33.638, 'yaw': 3.141}, None, None
120.06, [INFO], robot5, {'battery-level': '62.75'}, None, None
120.06, [INFO], robot5, {'y': 15.513, 'x': -35.721, 'yaw': -3.141}, None, None
130.08, [INFO], robot5, {'battery-level': '61.99'}, None, None
130.08, [INFO], robot5, {'y': 16.907, 'x': -36.776, 'yaw': -3.141}, None, None
140.05, [INFO], robot5, {'y': 17.652, 'x': -36.8, 'yaw': 3.141}, None, None
140.05, [INFO], robot5, {'battery-level': '61.23'}, None, None
150.09, [INFO], robot5, {'y': 17.65, 'x': -36.797, 'yaw': -3.142}, None, None
150.09, [INFO], robot5, {'battery-level': '60.47'}, None, None
160.04, [INFO], robot5, {'y': 17.701, 'x': -36.78, 'yaw': 3.142}, None, None
160.04, [INFO], robot5, {'battery-level': '59.71'}, None, None
170.03, [INFO], robot5, {'battery-level': '58.95'}, None, None
170.03, [INFO], robot5, {'y': 17.875, 'x': -35.886, 'yaw': 3.14}, None, None
180.04, [INFO], robot5, {'battery-level': '58.19'}, None, None
180.04, [INFO], robot5, {'y': 18.175, 'x': -35.679, 'yaw': -3.142}, None, None
190.04, [INFO], robot5, {'battery-level': '57.43'}, None, None
190.04, [INFO], robot5, {'y': 18.093, 'x': -35.82, 'yaw': -3.142}, None, None
200.09, [INFO], robot5, {'y': 18.105, 'x': -35.758, 'yaw': 3.141}, None, None
200.09, [INFO], robot5, {'battery-level': '56.67'}, None, None
210.09, [INFO], robot5, {'battery-level': '55.91'}, None, None
210.09, [INFO], robot5, {'y': 18.156, 'x': -35.778, 'yaw': -3.142}, None, None
220.06, [INFO], robot5, {'y': 18.166, 'x': -35.749, 'yaw': -3.142}, None, None
220.06, [INFO], robot5, {'battery-level': '55.15'}, None, None
230.04, [INFO], robot5, {'battery-level': '54.39'}, None, None
230.04, [INFO], robot5, {'y': 18.167, 'x': -35.748, 'yaw': -3.142}, None, None
240.08, [INFO], robot5, {'y': 18.2, 'x': -35.75, 'yaw': -3.141}, None, None
240.08, [INFO], robot5, {'battery-level': '53.63'}, None, None
250.02, [INFO], robot5, {'battery-level': '52.87'}, None, None
250.02, [INFO], robot5, {'y': 18.283, 'x': -35.703, 'yaw': 3.142}, None, None
250.89, [WARN], robot5, SKILL-FAILURE, navigation, navto_room
260.10, [INFO], robot5, {'y': 18.282, 'x': -35.698, 'yaw': 3.142}, None, None
260.10, [INFO], robot5, {'battery-level': '52.11'}, None, None
