0.00, [INFO], robot6, {'battery-level': '54.08'}, None, None
0.00, [DEBUG], logger, ROBOTS_CONFIG={'avg_speed': 0.15, 'battery_charge': 0.5408465660492595, 'battery_discharge_rate': 0.00038, 'id': 6, 'local_plan': [['navigation', ['IC Room 6', [[-32.88, 33.98, 3.14], [-37.0, 33.98], [-37.0, 18.93], [-33.9, 18.93, 3.14]]], 'navto_room'], ['approach_person', ['nurse'], 'approach_nurse'], ['authenticate_person', ['nurse'], 'authenticate_nurse'], ['operate_drawer', ['open'], 'open_drawer_for_nurse'], ['send_message', ['nurse'], 'notify_nurse_of_open_drawer_for_nurse_completed'], ['wait_message', ['nurse'], 'wait_nurse_to_complete_deposit'], ['operate_drawer', ['close'], 'close_drawer_nurse'], ['navigation', ['Laboratory', [[-33.9, 18.93, 3.14], [-37.0, 18.93], [-37.0, 16.0], [-26.0, 16.0], [-26.0, 13.0, 1.57]]], 'navto_lab'], ['approach_robot', ['lab_arm'], 'approach_arm'], ['operate_drawer', ['open'], 'open_drawer_lab'], ['send_message', ['lab_arm'], 'notify_lab_arm_of_open_drawer_lab_completed'], ['wait_message', ['lab_arm'], 'wait_lab_arm_to_complete_pick_up_sample'], ['operate_drawer', ['close'], 'close_drawer_lab']], 'location': 'IC Room 5', 'name': 'r6', 'position': [-32.88, 33.98, 3.14], 'skills': ['approach_person', 'approach_robot', 'authenticate_person', 'navigation', 'operate_drawer']}, None, None
0.00, [DEBUG], logger, Simulation open, None, None
10.10, [INFO], robot6, {'y': 34.241, 'x': -33.508, 'yaw': 3.141}, None, None
10.10, [INFO], robot6, {'battery-level': '53.74'}, None, None
20.04, [INFO], robot6, {'battery-level': '53.36'}, None, None
20.04, [INFO], robot6, {'y': 34.698, 'x': -35.547, 'yaw': 3.141}, None, None
30.07, [INFO], robot6, {'battery-level': '52.98'}, None, None
30.07, [INFO], robot6, {'y': 33.42, 'x': -37.0, 'yaw': -3.142}, None, None
40.03, [INFO], robot6, {'battery-level': '52.60'}, None, None
40.03, [INFO], robot6, {'y': 31.317, 'x': -36.998, 'yaw': -3.142}, None, None
50.06, [INFO], robot6, {'y': 29.201, 'x': -37.01, 'yaw': -3.141}, None, None
50.06, [INFO], robot6, {'battery-level': '52.22'}, None, None
60.08, [INFO], robot6, {'y': 27.085, 'x': -36.991, 'yaw': 3.142}, None, None
60.08, [INFO], robot6, {'battery-level': '51.84'}, None, None
70.05, [INFO], robot6, {'y': 24.98, 'x': -37.034, 'yaw': 3.142}, None, None
70.05, [INFO], robot6, {'battery-level': '51.46'}, None, None
80.08, [INFO], robot6, {'battery-level': '51.08'}, None, None
80.08, [INFO], robot6, {'y': 22.872, 'x': -37.088, 'yaw': 3.141}, None, None
90.01, [INFO], robot6, {'battery-level': '50.70'}, None, None
90.01, [INFO], robot6, {'y': 20.77, 'x': -37.144, 'yaw': 3.142}, None, None
100.07, [INFO], robot6, {'battery-level': '50.32'}, None, None
100.07, [INFO], robot6, {'y': 18.714, 'x': -36.783, 'yaw': 3.142}, None, None
110.06, [INFO], robot6, {'y': 17.679, 'x': -35.026, 'yaw': 3.14}, None, None
110.06, [INFO], robot6, {'battery-level': '49.94'}, None, None
120.04, [INFO], robot6, {'battery-level': '49.56'}, None, None
120.04, [INFO], robot6, {'y': 18.917, 'x': -33.963, 'yaw': 3.142}, None, None
127.69, [info], nurse, sync, received-request, (status=sending-request)
127.69, [info], nurse, sync, request-sent, (status=waiting)
127.69, [info], nurse, sync, wait-message, (status=message-received)
130.07, [INFO], robot6, {'battery-level': '49.18'}, None, None
130.07, [INFO], robot6, {'y': 18.895, 'x': -34.183, 'yaw': -3.142}, None, None
140.07, [INFO], robot6, {'y': 17.767, 'x': -35.72, 'yaw': 3.142}, None, None
140.07, [INFO], robot6, {'battery-level': '48.80'}, None, None
150.05, [INFO], robot6, {'battery-level': '48.42'}, None, None
150.05, [INFO], robot6, {'y': 17.55, 'x': -37.015, 'yaw': 3.142}, None, None
160.03, [INFO], robot6, {'battery-level': '48.04'}, None, None
160.03, [INFO], robot6, {'y': 17.254, 'x': -37.073, 'yaw': -3.142}, None, None
170.00, [INFO], robot6, {'y': 17.45, 'x': -36.955, 'yaw': 3.142}, None, None
170.00, [INFO], robot6, {'battery-level': '47.66'}, None, None
180.05, [INFO], robot6, {'battery-level': '47.28'}, None, None
180.05, [INFO], robot6, {'y': 17.176, 'x': -36.996, 'yaw': 3.141}, None, None
190.03, [INFO], robot6, {'battery-level': '46.90'}, None, None
190.03, [INFO], robot6, {'y': 17.392, 'x': -36.897, 'yaw': 3.142}, None, None
200.06, [INFO], robot6, {'y': 17.197, 'x': -36.999, 'yaw': 3.14}, None, None
200.06, [INFO], robot6, {'battery-level': '46.52'}, None, None
210.04, [INFO], robot6, {'battery-level': '46.14'}, None, None
210.04, [INFO], robot6, {'y': 17.221, 'x': -37.136, 'yaw': -3.141}, None, None
220.04, [INFO], robot6, {'battery-level': '45.76'}, None, None
220.04, [INFO], robot6, {'y': 17.207, 'x': -37.005, 'yaw': -3.142}, None, None
230.01, [INFO], robot6, {'battery-level': '45.38'}, None, None
230.01, [INFO], robot6, {'y': 17.454, 'x': -37.09, 'yaw': 3.14}, None, None
240.06, [INFO], robot6, {'y': 17.244, 'x': -36.804, 'yaw': -3.142}, None, None
240.06, [INFO], robot6, {'battery-level': '45.00'}, None, None
250.06, [INFO], robot6, {'battery-level': '44.62'}, None, None
250.06, [INFO], robot6, {'y': 17.465, 'x': -37.063, 'yaw': -3.141}, None, None
260.03, [INFO], robot6, {'battery-level': '44.24'}, None, None
260.03, [INFO], robot6, {'y': 17.399, 'x': -36.941, 'yaw': -3.141}, None, None
270.04, [INFO], robot6, {'y': 17.263, 'x': -36.955, 'yaw': -3.142}, None, None
270.04, [INFO], robot6, {'battery-level': '43.86'}, None, None
280.07, [INFO], robot6, {'battery-level': '43.48'}, None, None
280.07, [INFO], robot6, {'y': 17.355, 'x': -36.943, 'yaw': 3.142}, None, None
290.02, [INFO], robot6, {'battery-level': '43.10'}, None, None
290.02, [INFO], robot6, {'y': 17.367, 'x': -37.008, 'yaw': -3.141}, None, None
300.02, [INFO], robot6, {'battery-level': '42.72'}, None, None
300.02, [INFO], robot6, {'y': 17.307, 'x': -36.873, 'yaw': 3.14}, None, None
310.08, [INFO], robot6, {'battery-level': '42.34'}, None, None
310.08, [INFO], robot6, {'y': 17.338, 'x': -36.979, 'yaw': 3.141}, None, None
319.65, [WARN], robot6, SKILL-FAILURE, navigation, navto_lab
320.09, [INFO], robot6, {'battery-level': '41.96'}, None, None
320.09, [INFO], robot6, {'y': 17.249, 'x': -36.797, 'yaw': -3.142}, None, None
330.07, [INFO], robot6, {'y': 17.249, 'x': -36.797, 'yaw': 3.142}, None, None
330.07, [INFO], robot6, {'battery-level': '41.58'}, None, None
340.06, [INFO], robot6, {'battery-level': '41.20'}, None, None
340.06, [INFO], robot6, {'y': 17.249, 'x': -36.797, 'yaw': -3.142}, None, None
