0.00, [DEBUG], nurse, NURSE_CONFIG={'location': 'IC Room 6', 'position': [-33.9, 18.93, 3.14]}, None, None
0.00, [INFO], robot1, {'battery-level': '24.00'}, None, None
0.00, [DEBUG], logger, ROBOTS_CONFIG={'avg_speed': 0.15, 'battery_charge': 0.23995139509475963, 'battery_discharge_rate': 0.0006600000000000001, 'id': 1, 'local_plan': [['navigation', ['IC Room 6', [[-11.5, 18.0, -1.57], [-11.5, 16.0], [-37.0, 16.0], [-37.0, 18.93], [-33.9, 18.93, 3.14]]], 'navto_room'], ['approach_person', ['nurse'], 'approach_nurse'], ['authenticate_person', ['nurse'], 'authenticate_nurse'], ['operate_drawer', ['open'], 'open_drawer_for_nurse'], ['send_message', ['nurse'], 'notify_nurse_of_open_drawer_for_nurse_completed'], ['wait_message', ['nurse'], 'wait_nurse_to_complete_deposit'], ['operate_drawer', ['close'], 'close_drawer_nurse'], ['navigation', ['Laboratory', [[-33.9, 18.93, 3.14], [-37.0, 18.93], [-37.0, 16.0], [-26.0, 16.0], [-26.0, 13.0, 1.57]]], 'navto_lab'], ['approach_robot', ['lab_arm'], 'approach_arm'], ['operate_drawer', ['open'], 'open_drawer_lab'], ['send_message', ['lab_arm'], 'notify_lab_arm_of_open_drawer_lab_completed'], ['wait_message', ['lab_arm'], 'wait_lab_arm_to_complete_pick_up_sample'], ['operate_drawer', ['close'], 'close_drawer_lab']], 'location': 'PC Room 8', 'name': 'r1', 'position': [-11.5, 18.0, -1.57], 'skills': ['approach_person', 'approach_robot', 'authenticate_person', 'navigation', 'operate_drawer']}, None, None
0.00, [DEBUG], logger, Simulation open, None, None
10.03, [INFO], robot1, {'battery-level': '23.40'}, None, None
10.03, [INFO], robot1, {'y': 18.0, 'x': -11.5, 'yaw': -3.142}, None, None
20.09, [INFO], robot1, {'battery-level': '22.74'}, None, None
20.09, [INFO], robot1, {'y': 17.084, 'x': -11.726, 'yaw': -3.139}, None, None
30.09, [INFO], robot1, {'y': 16.246, 'x': -13.048, 'yaw': 3.141}, None, None
30.09, [INFO], robot1, {'battery-level': '22.08'}, None, None
40.08, [INFO], robot1, {'y': 16.052, 'x': -12.78, 'yaw': 3.142}, None, None
40.08, [INFO], robot1, {'battery-level': '21.42'}, None, None
50.04, [INFO], robot1, {'battery-level': '20.76'}, None, None
50.04, [INFO], robot1, {'y': 16.119, 'x': -12.802, 'yaw': 3.141}, None, None
60.09, [INFO], robot1, {'battery-level': '20.10'}, None, None
60.09, [INFO], robot1, {'y': 16.301, 'x': -13.104, 'yaw': 3.142}, None, None
70.05, [INFO], robot1, {'battery-level': '19.44'}, None, None
70.05, [INFO], robot1, {'y': 16.143, 'x': -12.99, 'yaw': 3.141}, None, None
80.10, [INFO], robot1, {'battery-level': '18.78'}, None, None
80.10, [INFO], robot1, {'y': 16.178, 'x': -13.039, 'yaw': -3.14}, None, None
90.01, [INFO], robot1, {'y': 16.109, 'x': -12.843, 'yaw': 3.141}, None, None
90.01, [INFO], robot1, {'battery-level': '18.12'}, None, None
100.03, [INFO], robot1, {'y': 15.961, 'x': -13.038, 'yaw': 3.142}, None, None
100.03, [INFO], robot1, {'battery-level': '17.46'}, None, None
110.10, [INFO], robot1, {'battery-level': '16.80'}, None, None
110.10, [INFO], robot1, {'y': 16.006, 'x': -12.917, 'yaw': 3.141}, None, None
120.08, [INFO], robot1, {'battery-level': '16.14'}, None, None
120.08, [INFO], robot1, {'y': 16.359, 'x': -12.919, 'yaw': 3.141}, None, None
130.08, [INFO], robot1, {'y': 16.101, 'x': -12.987, 'yaw': 3.141}, None, None
130.08, [INFO], robot1, {'battery-level': '15.48'}, None, None
140.01, [INFO], robot1, {'battery-level': '14.82'}, None, None
140.01, [INFO], robot1, {'y': 16.166, 'x': -12.878, 'yaw': 3.14}, None, None
150.05, [INFO], robot1, {'y': 16.262, 'x': -13.126, 'yaw': 3.14}, None, None
150.05, [INFO], robot1, {'battery-level': '14.16'}, None, None
160.09, [INFO], robot1, {'battery-level': '13.50'}, None, None
160.09, [INFO], robot1, {'y': 16.094, 'x': -13.105, 'yaw': -3.139}, None, None
170.08, [INFO], robot1, {'y': 16.136, 'x': -12.793, 'yaw': 3.141}, None, None
170.08, [INFO], robot1, {'battery-level': '12.84'}, None, None
176.62, [WARN], robot1, SKILL-FAILURE, navigation, navto_room
