0.13, [DEBUG], logger, ROBOTS_CONFIG={'avg_speed': 0.15, 'battery_charge': 0.5408465660492595, 'battery_discharge_rate': 0.00038, 'id': 6, 'local_plan': [['navigation', ['IC Room 6', [[-32.88, 33.98, 3.14], [-37.0, 33.98], [-37.0, 18.93], [-33.9, 18.93, 3.14]]], 'navto_room'], ['approach_person', ['nurse'], 'approach_nurse'], ['authenticate_person', ['nurse'], 'authenticate_nurse'], ['operate_drawer', ['open'], 'open_drawer_for_nurse'], ['send_message', ['nurse'], 'notify_nurse_of_open_drawer_for_nurse_completed'], ['wait_message', ['nurse'], 'wait_nurse_to_complete_deposit'], ['operate_drawer', ['close'], 'close_drawer_nurse'], ['navigation', ['Laboratory', [[-33.9, 18.93, 3.14], [-37.0, 18.93], [-37.0, 16.0], [-26.0, 16.0], [-26.0, 13.0, 1.57]]], 'navto_lab'], ['approach_robot', ['lab_arm'], 'approach_arm'], ['operate_drawer', ['open'], 'open_drawer_lab'], ['send_message', ['lab_arm'], 'notify_lab_arm_of_open_drawer_lab_completed'], ['wait_message', ['lab_arm'], 'wait_lab_arm_to_complete_pick_up_sample'], ['operate_drawer', ['close'], 'close_drawer_lab']], 'location': 'IC Room 5', 'name': 'r6', 'position': [-32.88, 33.98, 3.14], 'skills': ['approach_person', 'approach_robot', 'authenticate_person', 'navigation', 'operate_drawer']}, None, None
0.13, [DEBUG], logger, Simulation open, None, None
10.06, [INFO], robot6, {'battery-level': '53.74'}, None, None
10.06, [INFO], robot6, {'y': 34.063, 'x': -33.211, 'yaw': 3.141}, None, None
20.03, [INFO], robot6, {'y': 34.732, 'x': -35.2, 'yaw': 3.142}, None, None
20.03, [INFO], robot6, {'battery-level': '53.36'}, None, None
30.04, [INFO], robot6, {'battery-level': '52.98'}, None, None
30.04, [INFO], robot6, {'y': 33.788, 'x': -36.992, 'yaw': 3.141}, None, None
40.09, [INFO], robot6, {'y': 31.672, 'x': -36.986, 'yaw': -3.142}, None, None
40.09, [INFO], robot6, {'battery-level': '52.60'}, None, None
50.07, [INFO], robot6, {'y': 29.566, 'x': -36.906, 'yaw': -3.142}, None, None
50.07, [INFO], robot6, {'battery-level': '52.22'}, None, None
60.09, [INFO], robot6, {'y': 27.443, 'x': -36.888, 'yaw': -3.142}, None, None
60.09, [INFO], robot6, {'battery-level': '51.84'}, None, None
70.09, [INFO], robot6, {'battery-level': '51.46'}, None, None
70.09, [INFO], robot6, {'y': 25.337, 'x': -36.972, 'yaw': 3.142}, None, None
80.09, [INFO], robot6, {'y': 23.236, 'x': -37.015, 'yaw': 3.142}, None, None
80.09, [INFO], robot6, {'battery-level': '51.08'}, None, None
90.03, [INFO], robot6, {'battery-level': '50.70'}, None, None
90.03, [INFO], robot6, {'y': 21.147, 'x': -37.123, 'yaw': 3.142}, None, None
100.08, [INFO], robot6, {'y': 19.025, 'x': -36.984, 'yaw': 3.142}, None, None
100.08, [INFO], robot6, {'battery-level': '50.32'}, None, None
110.03, [INFO], robot6, {'y': 17.66, 'x': -35.382, 'yaw': -3.141}, None, None
110.03, [INFO], robot6, {'battery-level': '49.94'}, None, None
119.97, [INFO], robot6, {'battery-level': '49.56'}, None, None
120.06, [INFO], robot6, {'y': 18.819, 'x': -34.002, 'yaw': -3.142}, None, None
130.01, [INFO], robot6, {'battery-level': '49.18'}, None, None
130.01, [INFO], robot6, {'y': 18.932, 'x': -33.908, 'yaw': 3.141}, None, None
130.59, [info], nurse, sync, received-request, (status=sending-request)
130.59, [info], nurse, sync, request-sent, (status=waiting)
130.59, [info], nurse, sync, wait-message, (status=message-received)
140.03, [INFO], robot6, {'y': 17.825, 'x': -35.116, 'yaw': -3.142}, None, None
140.03, [INFO], robot6, {'battery-level': '48.80'}, None, None
150.00, [INFO], robot6, {'battery-level': '48.42'}, None, None
150.00, [INFO], robot6, {'y': 18.018, 'x': -36.101, 'yaw': -3.142}, None, None
160.09, [INFO], robot6, {'y': 18.064, 'x': -36.762, 'yaw': -3.142}, None, None
160.09, [INFO], robot6, {'battery-level': '48.04'}, None, None
170.04, [INFO], robot6, {'y': 17.379, 'x': -37.063, 'yaw': 3.14}, None, None
170.04, [INFO], robot6, {'battery-level': '47.66'}, None, None
180.10, [INFO], robot6, {'y': 17.349, 'x': -36.856, 'yaw': 3.141}, None, None
180.10, [INFO], robot6, {'battery-level': '47.28'}, None, None
190.05, [INFO], robot6, {'battery-level': '46.90'}, None, None
190.05, [INFO], robot6, {'y': 17.191, 'x': -37.073, 'yaw': 3.141}, None, None
200.01, [INFO], robot6, {'y': 17.491, 'x': -36.859, 'yaw': 3.141}, None, None
200.01, [INFO], robot6, {'battery-level': '46.52'}, None, None
210.00, [INFO], robot6, {'battery-level': '46.14'}, None, None
210.00, [INFO], robot6, {'y': 17.328, 'x': -36.873, 'yaw': -3.141}, None, None
220.05, [INFO], robot6, {'y': 17.469, 'x': -36.943, 'yaw': -3.141}, None, None
220.05, [INFO], robot6, {'battery-level': '45.76'}, None, None
230.08, [INFO], robot6, {'battery-level': '45.38'}, None, None
230.08, [INFO], robot6, {'y': 17.247, 'x': -36.937, 'yaw': 3.141}, None, None
240.08, [INFO], robot6, {'y': 17.381, 'x': -36.677, 'yaw': 3.141}, None, None
240.08, [INFO], robot6, {'battery-level': '45.00'}, None, None
250.02, [INFO], robot6, {'y': 17.352, 'x': -37.067, 'yaw': 3.141}, None, None
250.02, [INFO], robot6, {'battery-level': '44.62'}, None, None
260.02, [INFO], robot6, {'y': 17.24, 'x': -37.057, 'yaw': 3.141}, None, None
260.02, [INFO], robot6, {'battery-level': '44.24'}, None, None
270.04, [INFO], robot6, {'y': 17.301, 'x': -36.922, 'yaw': 3.141}, None, None
270.04, [INFO], robot6, {'battery-level': '43.86'}, None, None
280.01, [INFO], robot6, {'battery-level': '43.48'}, None, None
280.01, [INFO], robot6, {'y': 17.248, 'x': -37.077, 'yaw': 3.141}, None, None
290.04, [INFO], robot6, {'y': 17.389, 'x': -36.869, 'yaw': -3.141}, None, None
290.04, [INFO], robot6, {'battery-level': '43.10'}, None, None
299.92, [INFO], robot6, {'battery-level': '42.72'}, None, None
300.01, [INFO], robot6, {'y': 17.399, 'x': -37.064, 'yaw': 3.141}, None, None
310.03, [INFO], robot6, {'battery-level': '42.34'}, None, None
310.03, [INFO], robot6, {'y': 17.387, 'x': -36.753, 'yaw': 3.142}, None, None
319.89, [WARN], robot6, SKILL-FAILURE, navigation, navto_lab
320.06, [INFO], robot6, {'y': 17.444, 'x': -36.872, 'yaw': 3.142}, None, None
320.06, [INFO], robot6, {'battery-level': '41.96'}, None, None
330.06, [INFO], robot6, {'y': 17.444, 'x': -36.872, 'yaw': -3.142}, None, None
330.06, [INFO], robot6, {'battery-level': '41.58'}, None, None
340.04, [INFO], robot6, {'battery-level': '41.20'}, None, None
340.04, [INFO], robot6, {'y': 17.444, 'x': -36.872, 'yaw': 3.142}, None, None
