0.00, [DEBUG], nurse, NURSE_CONFIG={'location': 'PC Room 3', 'position': [-28.5, 18.0, -1.57]}, None, None
0.00, [INFO], robot6, {'battery-level': '54.08'}, None, None
0.00, [DEBUG], logger, ROBOTS_CONFIG={'avg_speed': 0.15, 'battery_charge': 0.5408465660492595, 'battery_discharge_rate': 0.00038, 'id': 6, 'local_plan': [['navigation', ['PC Room 3', [[-27.23, 18.0, -1.57], [-27.23, 16.0], [-28.5, 16.0], [-28.5, 18.0, -1.57]]], 'navto_room'], ['approach_person', ['nurse'], 'approach_nurse'], ['authenticate_person', ['nurse'], 'authenticate_nurse'], ['operate_drawer', ['open'], 'open_drawer_for_nurse'], ['send_message', ['nurse'], 'notify_nurse_of_open_drawer_for_nurse_completed'], ['wait_message', ['nurse'], 'wait_nurse_to_complete_deposit'], ['operate_drawer', ['close'], 'close_drawer_nurse'], ['navigation', ['Laboratory', [[-28.5, 18.0, -1.57], [-28.5, 16.0], [-26.0, 16.0], [-26.0, 13.0, 1.57]]], 'navto_lab'], ['approach_robot', ['lab_arm'], 'approach_arm'], ['operate_drawer', ['open'], 'open_drawer_lab'], ['send_message', ['lab_arm'], 'notify_lab_arm_of_open_drawer_lab_completed'], ['wait_message', ['lab_arm'], 'wait_lab_arm_to_complete_pick_up_sample'], ['operate_drawer', ['close'], 'close_drawer_lab']], 'location': 'PC Room 4', 'name': 'r6', 'position': [-27.23, 18.0, -1.57], 'skills': ['approach_person', 'approach_robot', 'authenticate_person', 'navigation', 'operate_drawer']}, None, None
0.00, [DEBUG], logger, Simulation open, None, None
10.05, [INFO], robot6, {'battery-level': '53.74'}, None, None
20.04, [INFO], robot6, {'battery-level': '53.36'}, None, None
30.09, [INFO], robot6, {'battery-level': '52.98'}, None, None
40.05, [INFO], robot6, {'battery-level': '52.60'}, None, None
50.08, [INFO], robot6, {'battery-level': '52.22'}, None, None
60.05, [INFO], robot6, {'battery-level': '51.84'}, None, None
70.07, [INFO], robot6, {'battery-level': '51.46'}, None, None
80.07, [INFO], robot6, {'battery-level': '51.08'}, None, None
90.02, [INFO], robot6, {'battery-level': '50.70'}, None, None
100.06, [INFO], robot6, {'battery-level': '50.32'}, None, None
110.07, [INFO], robot6, {'battery-level': '49.94'}, None, None
120.09, [INFO], robot6, {'battery-level': '49.56'}, None, None
130.01, [INFO], robot6, {'battery-level': '49.18'}, None, None
140.03, [INFO], robot6, {'battery-level': '48.80'}, None, None
150.03, [INFO], robot6, {'battery-level': '48.42'}, None, None
160.02, [INFO], robot6, {'battery-level': '48.04'}, None, None
170.07, [INFO], robot6, {'battery-level': '47.66'}, None, None
180.01, [INFO], robot6, {'battery-level': '47.28'}, None, None
190.04, [INFO], robot6, {'battery-level': '46.90'}, None, None
200.08, [INFO], robot6, {'battery-level': '46.52'}, None, None
210.09, [INFO], robot6, {'battery-level': '46.14'}, None, None
220.02, [INFO], robot6, {'battery-level': '45.76'}, None, None
230.04, [INFO], robot6, {'battery-level': '45.38'}, None, None
240.06, [INFO], robot6, {'battery-level': '45.00'}, None, None
250.00, [INFO], robot6, {'battery-level': '44.62'}, None, None
260.09, [INFO], robot6, {'battery-level': '44.24'}, None, None
270.03, [INFO], robot6, {'battery-level': '43.86'}, None, None
280.07, [INFO], robot6, {'battery-level': '43.48'}, None, None
290.08, [INFO], robot6, {'battery-level': '43.10'}, None, None
300.08, [INFO], robot6, {'battery-level': '42.72'}, None, None
310.06, [INFO], robot6, {'battery-level': '42.34'}, None, None
320.01, [INFO], robot6, {'battery-level': '41.96'}, None, None
330.04, [INFO], robot6, {'battery-level': '41.58'}, None, None
340.08, [INFO], robot6, {'battery-level': '41.20'}, None, None
350.01, [INFO], robot6, {'battery-level': '40.82'}, None, None
360.07, [INFO], robot6, {'battery-level': '40.44'}, None, None
370.04, [INFO], robot6, {'battery-level': '40.06'}, None, None
380.00, [INFO], robot6, {'battery-level': '39.68'}, None, None
390.02, [INFO], robot6, {'battery-level': '39.30'}, None, None
400.06, [INFO], robot6, {'battery-level': '38.92'}, None, None
410.09, [INFO], robot6, {'battery-level': '38.54'}, None, None
420.04, [INFO], robot6, {'battery-level': '38.16'}, None, None
430.00, [INFO], robot6, {'battery-level': '37.78'}, None, None
440.05, [INFO], robot6, {'battery-level': '37.40'}, None, None
450.09, [INFO], robot6, {'battery-level': '37.02'}, None, None
460.05, [INFO], robot6, {'battery-level': '36.64'}, None, None
470.07, [INFO], robot6, {'battery-level': '36.26'}, None, None
480.01, [INFO], robot6, {'battery-level': '35.88'}, None, None
490.01, [INFO], robot6, {'battery-level': '35.50'}, None, None
500.04, [INFO], robot6, {'battery-level': '35.12'}, None, None
510.04, [INFO], robot6, {'battery-level': '34.74'}, None, None
520.04, [INFO], robot6, {'battery-level': '34.36'}, None, None
530.05, [INFO], robot6, {'battery-level': '33.98'}, None, None
540.09, [INFO], robot6, {'battery-level': '33.60'}, None, None
550.02, [INFO], robot6, {'battery-level': '33.22'}, None, None
560.05, [INFO], robot6, {'battery-level': '32.84'}, None, None
570.08, [INFO], robot6, {'battery-level': '32.46'}, None, None
580.02, [INFO], robot6, {'battery-level': '32.08'}, None, None
590.06, [INFO], robot6, {'battery-level': '31.70'}, None, None
600.09, [INFO], robot6, {'battery-level': '31.32'}, None, None
610.01, [INFO], robot6, {'battery-level': '30.94'}, None, None
620.05, [INFO], robot6, {'battery-level': '30.56'}, None, None
630.08, [INFO], robot6, {'battery-level': '30.18'}, None, None
640.01, [INFO], robot6, {'battery-level': '29.80'}, None, None
650.01, [INFO], robot6, {'battery-level': '29.42'}, None, None
660.02, [INFO], robot6, {'battery-level': '29.04'}, None, None
670.03, [INFO], robot6, {'battery-level': '28.66'}, None, None
680.04, [INFO], robot6, {'battery-level': '28.28'}, None, None
690.09, [INFO], robot6, {'battery-level': '27.90'}, None, None
700.05, [INFO], robot6, {'battery-level': '27.52'}, None, None
710.07, [INFO], robot6, {'battery-level': '27.14'}, None, None
720.06, [INFO], robot6, {'battery-level': '26.76'}, None, None
730.07, [INFO], robot6, {'battery-level': '26.38'}, None, None
740.01, [INFO], robot6, {'battery-level': '26.00'}, None, None
750.01, [INFO], robot6, {'battery-level': '25.62'}, None, None
760.03, [INFO], robot6, {'battery-level': '25.24'}, None, None
770.00, [INFO], robot6, {'battery-level': '24.86'}, None, None
780.04, [INFO], robot6, {'battery-level': '24.48'}, None, None
790.08, [INFO], robot6, {'battery-level': '24.10'}, None, None
799.94, [INFO], robot6, {'battery-level': '23.72'}, None, None
810.02, [INFO], robot6, {'battery-level': '23.34'}, None, None
820.04, [INFO], robot6, {'battery-level': '22.96'}, None, None
829.97, [INFO], robot6, {'battery-level': '22.58'}, None, None
840.07, [INFO], robot6, {'battery-level': '22.20'}, None, None
850.05, [INFO], robot6, {'battery-level': '21.82'}, None, None
860.08, [INFO], robot6, {'battery-level': '21.44'}, None, None

[WARN], logger, TIMEOUT, None, None
