0.00, [INFO], robot4, {'battery-level': '17.50'}, None, None
0.00, [DEBUG], logger, ROBOTS_CONFIG={'avg_speed': 0.15, 'battery_charge': 0.17496190705907763, 'battery_discharge_rate': 0.00026000000000000003, 'id': 4, 'local_plan': [['navigation', ['IC Room 6', [[-39.44, 33.95, 0.0], [-37.0, 33.95], [-37.0, 18.93], [-33.9, 18.93, 3.14]]], 'navto_room'], ['approach_person', ['nurse'], 'approach_nurse'], ['authenticate_person', ['nurse'], 'authenticate_nurse'], ['operate_drawer', ['open'], 'open_drawer_for_nurse'], ['send_message', ['nurse'], 'notify_nurse_of_open_drawer_for_nurse_completed'], ['wait_message', ['nurse'], 'wait_nurse_to_complete_deposit'], ['operate_drawer', ['close'], 'close_drawer_nurse'], ['navigation', ['Laboratory', [[-33.9, 18.93, 3.14], [-37.0, 18.93], [-37.0, 16.0], [-26.0, 16.0], [-26.0, 13.0, 1.57]]], 'navto_lab'], ['approach_robot', ['lab_arm'], 'approach_arm'], ['operate_drawer', ['open'], 'open_drawer_lab'], ['send_message', ['lab_arm'], 'notify_lab_arm_of_open_drawer_lab_completed'], ['wait_message', ['lab_arm'], 'wait_lab_arm_to_complete_pick_up_sample'], ['operate_drawer', ['close'], 'close_drawer_lab']], 'location': 'IC Room 4', 'name': 'r4', 'position': [-39.44, 33.95, 0.0], 'skills': ['approach_person', 'approach_robot', 'authenticate_person', 'navigation', 'operate_drawer']}, None, None
0.00, [DEBUG], logger, Simulation open, None, None
10.06, [INFO], robot4, {'battery-level': '17.26'}, None, None
10.06, [INFO], robot4, {'y': 34.054, 'x': -39.05, 'yaw': 3.142}, None, None
20.07, [INFO], robot4, {'y': 34.178, 'x': -37.166, 'yaw': -3.142}, None, None
20.07, [INFO], robot4, {'battery-level': '17.00'}, None, None
30.08, [INFO], robot4, {'y': 32.086, 'x': -37.051, 'yaw': 3.141}, None, None
30.08, [INFO], robot4, {'battery-level': '16.74'}, None, None
40.08, [INFO], robot4, {'battery-level': '16.48'}, None, None
40.08, [INFO], robot4, {'y': 29.974, 'x': -37.006, 'yaw': 3.141}, None, None
50.01, [INFO], robot4, {'y': 27.856, 'x': -36.989, 'yaw': 3.141}, None, None
50.01, [INFO], robot4, {'battery-level': '16.22'}, None, None
60.09, [INFO], robot4, {'y': 25.737, 'x': -36.999, 'yaw': 3.142}, None, None
60.09, [INFO], robot4, {'battery-level': '15.96'}, None, None
70.02, [INFO], robot4, {'y': 23.641, 'x': -37.042, 'yaw': 3.14}, None, None
70.02, [INFO], robot4, {'battery-level': '15.70'}, None, None
80.09, [INFO], robot4, {'battery-level': '15.44'}, None, None
80.09, [INFO], robot4, {'y': 21.521, 'x': -37.145, 'yaw': 3.142}, None, None
90.07, [INFO], robot4, {'battery-level': '15.18'}, None, None
90.07, [INFO], robot4, {'y': 19.408, 'x': -37.104, 'yaw': 3.139}, None, None
100.06, [INFO], robot4, {'battery-level': '14.92'}, None, None
100.06, [INFO], robot4, {'y': 17.787, 'x': -35.717, 'yaw': -3.137}, None, None
110.00, [INFO], robot4, {'battery-level': '14.66'}, None, None
110.00, [INFO], robot4, {'y': 18.691, 'x': -34.104, 'yaw': -3.142}, None, None
117.13, [info], nurse, sync, received-request, (status=sending-request)
117.13, [info], nurse, sync, request-sent, (status=waiting)
117.13, [info], nurse, sync, wait-message, (status=message-received)
120.01, [INFO], robot4, {'battery-level': '14.40'}, None, None
120.01, [INFO], robot4, {'y': 18.83, 'x': -34.23, 'yaw': -3.142}, None, None
130.03, [INFO], robot4, {'battery-level': '14.14'}, None, None
130.03, [INFO], robot4, {'y': 17.887, 'x': -35.888, 'yaw': 3.142}, None, None
140.04, [INFO], robot4, {'battery-level': '13.88'}, None, None
140.04, [INFO], robot4, {'y': 18.16, 'x': -36.717, 'yaw': 3.142}, None, None
150.07, [INFO], robot4, {'y': 17.436, 'x': -36.888, 'yaw': -3.141}, None, None
150.07, [INFO], robot4, {'battery-level': '13.62'}, None, None
160.05, [INFO], robot4, {'battery-level': '13.36'}, None, None
160.05, [INFO], robot4, {'y': 17.383, 'x': -37.053, 'yaw': 3.14}, None, None
170.04, [INFO], robot4, {'y': 17.223, 'x': -37.041, 'yaw': 3.142}, None, None
170.04, [INFO], robot4, {'battery-level': '13.10'}, None, None
180.09, [INFO], robot4, {'y': 17.316, 'x': -36.904, 'yaw': 3.141}, None, None
180.09, [INFO], robot4, {'battery-level': '12.84'}, None, None
190.05, [INFO], robot4, {'battery-level': '12.58'}, None, None
190.05, [INFO], robot4, {'y': 17.231, 'x': -36.816, 'yaw': 3.142}, None, None
200.05, [INFO], robot4, {'y': 17.248, 'x': -36.791, 'yaw': 3.142}, None, None
200.05, [INFO], robot4, {'battery-level': '12.32'}, None, None
210.00, [INFO], robot4, {'battery-level': '12.06'}, None, None
210.00, [INFO], robot4, {'y': 17.272, 'x': -36.993, 'yaw': 3.142}, None, None
220.04, [INFO], robot4, {'battery-level': '11.80'}, None, None
220.04, [INFO], robot4, {'y': 17.354, 'x': -37.132, 'yaw': -3.141}, None, None
230.07, [INFO], robot4, {'battery-level': '11.54'}, None, None
230.07, [INFO], robot4, {'y': 17.212, 'x': -36.823, 'yaw': -3.142}, None, None
240.02, [INFO], robot4, {'y': 17.396, 'x': -37.025, 'yaw': 3.142}, None, None
240.02, [INFO], robot4, {'battery-level': '11.28'}, None, None
250.00, [INFO], robot4, {'battery-level': '11.02'}, None, None
250.00, [INFO], robot4, {'y': 17.223, 'x': -36.839, 'yaw': -3.141}, None, None
260.02, [INFO], robot4, {'battery-level': '10.76'}, None, None
260.02, [INFO], robot4, {'y': 17.457, 'x': -36.843, 'yaw': 3.14}, None, None
270.09, [INFO], robot4, {'y': 17.49, 'x': -36.904, 'yaw': -3.141}, None, None
270.09, [INFO], robot4, {'battery-level': '10.50'}, None, None
280.05, [INFO], robot4, {'battery-level': '10.24'}, None, None
280.05, [INFO], robot4, {'y': 17.428, 'x': -36.885, 'yaw': 3.141}, None, None
290.03, [INFO], robot4, {'y': 17.294, 'x': -37.088, 'yaw': 3.141}, None, None
290.03, [INFO], robot4, {'battery-level': '9.98'}, None, None
300.01, [INFO], robot4, {'battery-level': '9.72'}, None, None
300.01, [INFO], robot4, {'y': 17.551, 'x': -36.938, 'yaw': 3.141}, None, None
310.02, [INFO], robot4, {'y': 17.287, 'x': -37.138, 'yaw': 3.142}, None, None
310.02, [INFO], robot4, {'battery-level': '9.46'}, None, None
316.84, [WARN], robot4, SKILL-FAILURE, navigation, navto_lab
320.03, [INFO], robot4, {'battery-level': '9.20'}, None, None
320.03, [INFO], robot4, {'y': 17.197, 'x': -37.079, 'yaw': 3.141}, None, None
