0.10, [DEBUG], logger, ROBOTS_CONFIG={'avg_speed': 0.15, 'battery_charge': 0.17496190705907763, 'battery_discharge_rate': 0.0006000000000000001, 'id': 4, 'local_plan': [['navigation', ['IC Room 6', [[-39.44, 33.95, 0.0], [-37.0, 33.95], [-37.0, 18.93], [-33.9, 18.93, 3.14]]], 'navto_room'], ['approach_person', ['nurse'], 'approach_nurse'], ['authenticate_person', ['nurse'], 'authenticate_nurse'], ['operate_drawer', ['open'], 'open_drawer_for_nurse'], ['send_message', ['nurse'], 'notify_nurse_of_open_drawer_for_nurse_completed'], ['wait_message', ['nurse'], 'wait_nurse_to_complete_deposit'], ['operate_drawer', ['close'], 'close_drawer_nurse'], ['navigation', ['Laboratory', [[-33.9, 18.93, 3.14], [-37.0, 18.93], [-37.0, 16.0], [-26.0, 16.0], [-26.0, 13.0, 1.57]]], 'navto_lab'], ['approach_robot', ['lab_arm'], 'approach_arm'], ['operate_drawer', ['open'], 'open_drawer_lab'], ['send_message', ['lab_arm'], 'notify_lab_arm_of_open_drawer_lab_completed'], ['wait_message', ['lab_arm'], 'wait_lab_arm_to_complete_pick_up_sample'], ['operate_drawer', ['close'], 'close_drawer_lab']], 'location': 'IC Room 4', 'name': 'r4', 'position': [-39.44, 33.95, 0.0], 'skills': ['approach_person', 'approach_robot', 'authenticate_person', 'navigation', 'operate_drawer']}, None, None
0.10, [DEBUG], logger, Simulation open, None, None
10.07, [INFO], robot4, {'y': 34.1, 'x': -38.965, 'yaw': 3.142}, None, None
10.07, [INFO], robot4, {'battery-level': '16.96'}, None, None
19.97, [INFO], robot4, {'y': 34.103, 'x': -37.128, 'yaw': -3.142}, None, None
20.07, [INFO], robot4, {'battery-level': '16.36'}, None, None
30.07, [INFO], robot4, {'battery-level': '15.76'}, None, None
30.07, [INFO], robot4, {'y': 32.008, 'x': -37.079, 'yaw': 3.14}, None, None
40.05, [INFO], robot4, {'battery-level': '15.16'}, None, None
40.05, [INFO], robot4, {'y': 29.894, 'x': -37.037, 'yaw': 3.14}, None, None
50.09, [INFO], robot4, {'battery-level': '14.56'}, None, None
50.09, [INFO], robot4, {'y': 27.779, 'x': -36.992, 'yaw': 3.14}, None, None
60.04, [INFO], robot4, {'battery-level': '13.96'}, None, None
60.04, [INFO], robot4, {'y': 25.677, 'x': -37.041, 'yaw': 3.142}, None, None
70.07, [INFO], robot4, {'battery-level': '13.36'}, None, None
70.07, [INFO], robot4, {'y': 23.558, 'x': -36.985, 'yaw': 3.141}, None, None
80.03, [INFO], robot4, {'y': 21.464, 'x': -37.093, 'yaw': 3.142}, None, None
80.03, [INFO], robot4, {'battery-level': '12.76'}, None, None
90.08, [INFO], robot4, {'y': 19.341, 'x': -37.075, 'yaw': 3.137}, None, None
90.08, [INFO], robot4, {'battery-level': '12.16'}, None, None
100.07, [INFO], robot4, {'y': 17.742, 'x': -35.664, 'yaw': 3.142}, None, None
100.07, [INFO], robot4, {'battery-level': '11.56'}, None, None
110.05, [INFO], robot4, {'battery-level': '10.96'}, None, None
110.05, [INFO], robot4, {'y': 18.739, 'x': -34.051, 'yaw': -3.142}, None, None
117.85, [info], nurse, sync, received-request, (status=sending-request)
117.85, [info], nurse, sync, request-sent, (status=waiting)
117.85, [info], nurse, sync, wait-message, (status=message-received)
120.06, [INFO], robot4, {'y': 18.907, 'x': -34.104, 'yaw': 3.142}, None, None
120.06, [INFO], robot4, {'battery-level': '10.36'}, None, None
130.06, [INFO], robot4, {'battery-level': '9.76'}, None, None
130.06, [INFO], robot4, {'y': 17.77, 'x': -35.678, 'yaw': -3.141}, None, None
140.02, [INFO], robot4, {'battery-level': '9.16'}, None, None
140.02, [INFO], robot4, {'y': 18.115, 'x': -36.337, 'yaw': 3.141}, None, None
150.03, [INFO], robot4, {'battery-level': '8.56'}, None, None
150.03, [INFO], robot4, {'y': 17.469, 'x': -36.839, 'yaw': -3.142}, None, None
160.07, [INFO], robot4, {'y': 17.265, 'x': -37.148, 'yaw': -3.141}, None, None
160.07, [INFO], robot4, {'battery-level': '7.96'}, None, None
170.01, [INFO], robot4, {'y': 17.256, 'x': -36.917, 'yaw': 3.141}, None, None
170.01, [INFO], robot4, {'battery-level': '7.36'}, None, None
180.08, [INFO], robot4, {'battery-level': '6.76'}, None, None
180.08, [INFO], robot4, {'y': 17.378, 'x': -37.05, 'yaw': 3.141}, None, None
190.08, [INFO], robot4, {'battery-level': '6.16'}, None, None
190.08, [INFO], robot4, {'y': 17.312, 'x': -36.871, 'yaw': 3.142}, None, None
200.06, [INFO], robot4, {'battery-level': '5.56'}, None, None
200.06, [INFO], robot4, {'y': 17.431, 'x': -36.928, 'yaw': -3.142}, None, None
210.09, [WARN], robot4, LOWBATT, None, None
210.09, [WARN], None, end!, None, None
210.09, [INFO], robot4, {'y': 17.286, 'x': -36.883, 'yaw': -3.141}, None, None
220.09, [INFO], robot4, {'y': 17.328, 'x': -37.273, 'yaw': -3.142}, None, None
230.08, [INFO], robot4, {'y': 17.243, 'x': -36.929, 'yaw': -3.141}, None, None
