0.00, [DEBUG], logger, ROBOTS_CONFIG={'avg_speed': 0.15, 'battery_charge': 0.17496190705907763, 'battery_discharge_rate': 0.00026000000000000003, 'id': 4, 'local_plan': [['navigation', ['IC Room 2', [[-32.88, 33.98, 3.14], [-37.0, 33.98], [-37.0, 21.5], [-38.0, 21.5, 0.0]]], 'navto_room'], ['approach_person', ['nurse'], 'approach_nurse'], ['authenticate_person', ['nurse'], 'authenticate_nurse'], ['operate_drawer', ['open'], 'open_drawer_for_nurse'], ['send_message', ['nurse'], 'notify_nurse_of_open_drawer_for_nurse_completed'], ['wait_message', ['nurse'], 'wait_nurse_to_complete_deposit'], ['operate_drawer', ['close'], 'close_drawer_nurse'], ['navigation', ['Laboratory', [[-38.0, 21.5, 0.0], [-37.0, 21.5], [-37.0, 16.0], [-26.0, 16.0], [-26.0, 13.0, 1.57]]], 'navto_lab'], ['approach_robot', ['lab_arm'], 'approach_arm'], ['operate_drawer', ['open'], 'open_drawer_lab'], ['send_message', ['lab_arm'], 'notify_lab_arm_of_open_drawer_lab_completed'], ['wait_message', ['lab_arm'], 'wait_lab_arm_to_complete_pick_up_sample'], ['operate_drawer', ['close'], 'close_drawer_lab']], 'location': 'IC Room 5', 'name': 'r4', 'position': [-32.88, 33.98, 3.14], 'skills': ['approach_person', 'approach_robot', 'authenticate_person', 'navigation', 'operate_drawer']}, None, None
0.00, [DEBUG], logger, Simulation open, None, None
9.99, [INFO], robot4, {'battery-level': '17.26'}, None, None
10.08, [INFO], robot4, {'y': 33.984, 'x': -32.88, 'yaw': -3.141}, None, None
20.08, [INFO], robot4, {'battery-level': '17.00'}, None, None
20.08, [INFO], robot4, {'y': 34.43, 'x': -34.388, 'yaw': 3.141}, None, None
30.07, [INFO], robot4, {'battery-level': '16.74'}, None, None
30.07, [INFO], robot4, {'y': 34.307, 'x': -36.434, 'yaw': 3.142}, None, None
40.08, [INFO], robot4, {'battery-level': '16.48'}, None, None
40.08, [INFO], robot4, {'y': 32.379, 'x': -36.829, 'yaw': -3.141}, None, None
50.01, [INFO], robot4, {'battery-level': '16.22'}, None, None
50.01, [INFO], robot4, {'y': 30.291, 'x': -36.853, 'yaw': -3.142}, None, None
60.05, [INFO], robot4, {'battery-level': '15.96'}, None, None
60.05, [INFO], robot4, {'y': 28.185, 'x': -36.831, 'yaw': -3.142}, None, None
70.07, [INFO], robot4, {'battery-level': '15.70'}, None, None
70.07, [INFO], robot4, {'y': 26.058, 'x': -36.843, 'yaw': -3.142}, None, None
80.08, [INFO], robot4, {'battery-level': '15.44'}, None, None
80.08, [INFO], robot4, {'y': 23.941, 'x': -36.893, 'yaw': 3.14}, None, None
90.03, [INFO], robot4, {'y': 21.834, 'x': -37.009, 'yaw': -3.142}, None, None
90.03, [INFO], robot4, {'battery-level': '15.18'}, None, None
100.02, [INFO], robot4, {'y': 21.325, 'x': -38.058, 'yaw': -3.136}, None, None
100.02, [INFO], robot4, {'battery-level': '14.92'}, None, None
110.00, [INFO], robot4, {'y': 21.391, 'x': -38.059, 'yaw': 3.142}, None, None
110.00, [INFO], robot4, {'battery-level': '14.66'}, None, None
110.94, [info], nurse, sync, received-request, (status=sending-request)
110.94, [info], nurse, sync, request-sent, (status=waiting)
110.94, [info], nurse, sync, wait-message, (status=message-received)
120.01, [INFO], robot4, {'y': 20.532, 'x': -37.164, 'yaw': 3.142}, None, None
120.01, [INFO], robot4, {'battery-level': '14.40'}, None, None
130.04, [INFO], robot4, {'y': 18.419, 'x': -37.12, 'yaw': 3.141}, None, None
130.04, [INFO], robot4, {'battery-level': '14.14'}, None, None
140.09, [INFO], robot4, {'battery-level': '13.88'}, None, None
140.09, [INFO], robot4, {'y': 16.294, 'x': -36.996, 'yaw': 3.142}, None, None
150.05, [INFO], robot4, {'y': 15.613, 'x': -35.063, 'yaw': 3.142}, None, None
150.05, [INFO], robot4, {'battery-level': '13.62'}, None, None
160.07, [INFO], robot4, {'battery-level': '13.36'}, None, None
160.07, [INFO], robot4, {'y': 15.489, 'x': -32.948, 'yaw': 3.142}, None, None
170.01, [INFO], robot4, {'battery-level': '13.10'}, None, None
170.01, [INFO], robot4, {'y': 15.628, 'x': -30.838, 'yaw': -3.141}, None, None
180.03, [INFO], robot4, {'y': 15.766, 'x': -28.724, 'yaw': 3.141}, None, None
180.03, [INFO], robot4, {'battery-level': '12.84'}, None, None
190.04, [INFO], robot4, {'battery-level': '12.58'}, None, None
190.04, [INFO], robot4, {'y': 15.822, 'x': -26.607, 'yaw': 3.142}, None, None
200.08, [INFO], robot4, {'battery-level': '12.32'}, None, None
200.08, [INFO], robot4, {'y': 14.142, 'x': -25.708, 'yaw': 3.141}, None, None
209.96, [INFO], robot4, {'y': 12.903, 'x': -25.915, 'yaw': 3.142}, None, None
210.05, [INFO], robot4, {'battery-level': '12.06'}, None, None
219.96, [info], lab_arm, sync, wait-message, (status=message-received)
220.05, [INFO], robot4, {'y': 12.934, 'x': -25.96, 'yaw': 3.142}, None, None
220.05, [INFO], robot4, {'battery-level': '11.80'}, None, None
220.91, [WARN], robot4, SUCCESS, None, None
