0.14, [DEBUG], logger, ROBOTS_CONFIG={'avg_speed': 0.15, 'battery_charge': 0.7179616530181877, 'battery_discharge_rate': 0.00042, 'id': 5, 'local_plan': [['navigation', ['PC Room 3', [[-33.9, 18.93, 3.14], [-37.0, 18.93], [-37.0, 16.0], [-28.5, 16.0], [-28.5, 18.0, -1.57]]], 'navto_room'], ['approach_person', ['nurse'], 'approach_nurse'], ['authenticate_person', ['nurse'], 'authenticate_nurse'], ['operate_drawer', ['open'], 'open_drawer_for_nurse'], ['send_message', ['nurse'], 'notify_nurse_of_open_drawer_for_nurse_completed'], ['wait_message', ['nurse'], 'wait_nurse_to_complete_deposit'], ['operate_drawer', ['close'], 'close_drawer_nurse'], ['navigation', ['Laboratory', [[-28.5, 18.0, -1.57], [-28.5, 16.0], [-26.0, 16.0], [-26.0, 13.0, 1.57]]], 'navto_lab'], ['approach_robot', ['lab_arm'], 'approach_arm'], ['operate_drawer', ['open'], 'open_drawer_lab'], ['send_message', ['lab_arm'], 'notify_lab_arm_of_open_drawer_lab_completed'], ['wait_message', ['lab_arm'], 'wait_lab_arm_to_complete_pick_up_sample'], ['operate_drawer', ['close'], 'close_drawer_lab']], 'location': 'IC Room 6', 'name': 'r5', 'position': [-33.9, 18.93, 3.14], 'skills': ['approach_person', 'authenticate_person', 'navigation', 'operate_drawer']}, None, None
0.14, [DEBUG], logger, Simulation open, None, None
10.00, [INFO], robot5, {'battery-level': '71.42'}, None, None
10.00, [INFO], robot5, {'y': 18.773, 'x': -34.195, 'yaw': 3.142}, None, None
20.08, [INFO], robot5, {'y': 17.872, 'x': -35.871, 'yaw': 3.142}, None, None
20.08, [INFO], robot5, {'battery-level': '71.00'}, None, None
30.09, [INFO], robot5, {'battery-level': '70.58'}, None, None
30.09, [INFO], robot5, {'y': 18.09, 'x': -36.23, 'yaw': -3.136}, None, None
40.09, [INFO], robot5, {'y': 17.328, 'x': -37.002, 'yaw': 3.141}, None, None
40.09, [INFO], robot5, {'battery-level': '70.16'}, None, None
50.09, [INFO], robot5, {'battery-level': '69.74'}, None, None
50.09, [INFO], robot5, {'y': 17.339, 'x': -36.854, 'yaw': -3.142}, None, None
60.08, [INFO], robot5, {'y': 17.347, 'x': -37.109, 'yaw': 3.14}, None, None
60.08, [INFO], robot5, {'battery-level': '69.32'}, None, None
70.09, [INFO], robot5, {'y': 17.253, 'x': -36.929, 'yaw': 3.14}, None, None
70.09, [INFO], robot5, {'battery-level': '68.90'}, None, None
80.07, [INFO], robot5, {'y': 17.211, 'x': -37.01, 'yaw': 3.142}, None, None
80.07, [INFO], robot5, {'battery-level': '68.48'}, None, None
90.05, [INFO], robot5, {'battery-level': '68.06'}, None, None
90.05, [INFO], robot5, {'y': 17.398, 'x': -36.891, 'yaw': 3.142}, None, None
100.03, [INFO], robot5, {'y': 17.386, 'x': -37.075, 'yaw': 3.14}, None, None
100.03, [INFO], robot5, {'battery-level': '67.64'}, None, None
110.09, [INFO], robot5, {'y': 17.358, 'x': -37.217, 'yaw': 3.141}, None, None
110.09, [INFO], robot5, {'battery-level': '67.22'}, None, None
120.06, [INFO], robot5, {'y': 17.38, 'x': -36.836, 'yaw': -3.142}, None, None
120.06, [INFO], robot5, {'battery-level': '66.80'}, None, None
130.10, [INFO], robot5, {'y': 17.302, 'x': -36.937, 'yaw': 3.141}, None, None
130.10, [INFO], robot5, {'battery-level': '66.38'}, None, None
140.02, [INFO], robot5, {'battery-level': '65.96'}, None, None
140.02, [INFO], robot5, {'y': 17.299, 'x': -37.085, 'yaw': 3.14}, None, None
150.09, [INFO], robot5, {'y': 17.217, 'x': -36.977, 'yaw': 3.141}, None, None
150.09, [INFO], robot5, {'battery-level': '65.54'}, None, None
160.05, [INFO], robot5, {'battery-level': '65.12'}, None, None
160.05, [INFO], robot5, {'y': 17.132, 'x': -36.76, 'yaw': -3.141}, None, None
170.05, [INFO], robot5, {'battery-level': '64.70'}, None, None
170.05, [INFO], robot5, {'y': 17.166, 'x': -37.076, 'yaw': 3.142}, None, None
176.65, [WARN], robot5, SKILL-FAILURE, navigation, navto_room
180.04, [INFO], robot5, {'y': 17.262, 'x': -37.095, 'yaw': -3.142}, None, None
180.04, [INFO], robot5, {'battery-level': '64.28'}, None, None
190.05, [INFO], robot5, {'y': 17.262, 'x': -37.095, 'yaw': -3.142}, None, None
190.05, [INFO], robot5, {'battery-level': '63.86'}, None, None
200.04, [INFO], robot5, {'y': 17.262, 'x': -37.095, 'yaw': -3.142}, None, None
200.04, [INFO], robot5, {'battery-level': '63.44'}, None, None
