0.00, [DEBUG], logger, ROBOTS_CONFIG={'avg_speed': 0.15, 'battery_charge': 0.634952869577942, 'battery_discharge_rate': 0.0006000000000000001, 'id': 2, 'local_plan': [['navigation', ['PC Room 3', [[-21.0, 18.0, -1.57], [-21.0, 16.0], [-28.5, 16.0], [-28.5, 18.0, -1.57]]], 'navto_room'], ['approach_person', ['nurse'], 'approach_nurse'], ['authenticate_person', ['nurse'], 'authenticate_nurse'], ['operate_drawer', ['open'], 'open_drawer_for_nurse'], ['send_message', ['nurse'], 'notify_nurse_of_open_drawer_for_nurse_completed'], ['wait_message', ['nurse'], 'wait_nurse_to_complete_deposit'], ['operate_drawer', ['close'], 'close_drawer_nurse'], ['navigation', ['Laboratory', [[-28.5, 18.0, -1.57], [-28.5, 16.0], [-26.0, 16.0], [-26.0, 13.0, 1.57]]], 'navto_lab'], ['approach_robot', ['lab_arm'], 'approach_arm'], ['operate_drawer', ['open'], 'open_drawer_lab'], ['send_message', ['lab_arm'], 'notify_lab_arm_of_open_drawer_lab_completed'], ['wait_message', ['lab_arm'], 'wait_lab_arm_to_complete_pick_up_sample'], ['operate_drawer', ['close'], 'close_drawer_lab']], 'location': 'PC Room 5', 'name': 'r2', 'position': [-21.0, 18.0, -1.57], 'skills': ['approach_person', 'approach_robot', 'authenticate_person', 'navigation', 'operate_drawer']}, None, None
0.00, [DEBUG], logger, Simulation open, None, None
10.00, [INFO], robot2, {'battery-level': '62.96'}, None, None
10.00, [INFO], robot2, {'y': 17.392, 'x': -20.944, 'yaw': -3.141}, None, None
20.07, [INFO], robot2, {'y': 16.118, 'x': -21.911, 'yaw': -3.142}, None, None
20.07, [INFO], robot2, {'battery-level': '62.36'}, None, None
30.02, [INFO], robot2, {'battery-level': '61.76'}, None, None
30.02, [INFO], robot2, {'y': 16.093, 'x': -24.009, 'yaw': 3.141}, None, None
40.02, [INFO], robot2, {'battery-level': '61.16'}, None, None
40.02, [INFO], robot2, {'y': 16.066, 'x': -26.118, 'yaw': 3.141}, None, None
50.03, [INFO], robot2, {'battery-level': '60.56'}, None, None
50.03, [INFO], robot2, {'y': 16.11, 'x': -28.228, 'yaw': -3.142}, None, None
60.07, [INFO], robot2, {'y': 17.862, 'x': -28.562, 'yaw': -3.142}, None, None
60.07, [INFO], robot2, {'battery-level': '59.96'}, None, None
66.64, [info], nurse, sync, received-request, (status=sending-request)
66.64, [info], nurse, sync, request-sent, (status=waiting)
66.74, [info], nurse, sync, wait-message, (status=message-received)
70.04, [INFO], robot2, {'battery-level': '59.36'}, None, None
70.04, [INFO], robot2, {'y': 17.509, 'x': -28.668, 'yaw': -3.142}, None, None
80.03, [INFO], robot2, {'y': 16.064, 'x': -27.955, 'yaw': 3.141}, None, None
80.03, [INFO], robot2, {'battery-level': '58.76'}, None, None
90.01, [INFO], robot2, {'battery-level': '58.16'}, None, None
90.01, [INFO], robot2, {'y': 15.576, 'x': -26.028, 'yaw': 3.141}, None, None
100.06, [INFO], robot2, {'y': 13.471, 'x': -25.69, 'yaw': -3.142}, None, None
100.06, [INFO], robot2, {'battery-level': '57.56'}, None, None
109.82, [info], lab_arm, sync, wait-message, (status=message-received)
110.02, [INFO], robot2, {'battery-level': '56.96'}, None, None
110.02, [INFO], robot2, {'y': 12.884, 'x': -25.92, 'yaw': 3.141}, None, None
110.79, [WARN], robot2, SUCCESS, None, None
