0.00, [DEBUG], nurse, NURSE_CONFIG={'location': 'IC Room 6', 'position': [-33.9, 18.93, 3.14]}, None, None
0.00, [INFO], robot4, {'battery-level': '17.50'}, None, None
0.00, [DEBUG], logger, ROBOTS_CONFIG={'avg_speed': 0.15, 'battery_charge': 0.17496190705907763, 'battery_discharge_rate': 0.00026000000000000003, 'id': 4, 'local_plan': [['navigation', ['IC Room 6', [[-39.44, 33.95, 0.0], [-37.0, 33.95], [-37.0, 18.93], [-33.9, 18.93, 3.14]]], 'navto_room'], ['approach_person', ['nurse'], 'approach_nurse'], ['authenticate_person', ['nurse'], 'authenticate_nurse'], ['operate_drawer', ['open'], 'open_drawer_for_nurse'], ['send_message', ['nurse'], 'notify_nurse_of_open_drawer_for_nurse_completed'], ['wait_message', ['nurse'], 'wait_nurse_to_complete_deposit'], ['operate_drawer', ['close'], 'close_drawer_nurse'], ['navigation', ['Laboratory', [[-33.9, 18.93, 3.14], [-37.0, 18.93], [-37.0, 16.0], [-26.0, 16.0], [-26.0, 13.0, 1.57]]], 'navto_lab'], ['approach_robot', ['lab_arm'], 'approach_arm'], ['operate_drawer', ['open'], 'open_drawer_lab'], ['send_message', ['lab_arm'], 'notify_lab_arm_of_open_drawer_lab_completed'], ['wait_message', ['lab_arm'], 'wait_lab_arm_to_complete_pick_up_sample'], ['operate_drawer', ['close'], 'close_drawer_lab']], 'location': 'IC Room 4', 'name': 'r4', 'position': [-39.44, 33.95, 0.0], 'skills': ['approach_person', 'approach_robot', 'authenticate_person', 'navigation', 'operate_drawer']}, None, None
0.00, [DEBUG], logger, Simulation open, None, None
10.09, [INFO], robot4, {'y': 34.046, 'x': -39.071, 'yaw': 3.142}, None, None
10.09, [INFO], robot4, {'battery-level': '17.26'}, None, None
20.01, [INFO], robot4, {'battery-level': '17.00'}, None, None
20.01, [INFO], robot4, {'y': 34.216, 'x': -37.18, 'yaw': 3.141}, None, None
29.92, [INFO], robot4, {'battery-level': '16.74'}, None, None
30.01, [INFO], robot4, {'y': 32.129, 'x': -37.045, 'yaw': 3.14}, None, None
40.06, [INFO], robot4, {'y': 30.008, 'x': -37.05, 'yaw': 3.141}, None, None
40.06, [INFO], robot4, {'battery-level': '16.48'}, None, None
50.01, [INFO], robot4, {'battery-level': '16.22'}, None, None
50.01, [INFO], robot4, {'y': 27.9, 'x': -36.991, 'yaw': 3.141}, None, None
60.08, [INFO], robot4, {'y': 25.779, 'x': -37.043, 'yaw': 3.141}, None, None
60.08, [INFO], robot4, {'battery-level': '15.96'}, None, None
70.01, [INFO], robot4, {'battery-level': '15.70'}, None, None
70.01, [INFO], robot4, {'y': 23.684, 'x': -37.037, 'yaw': 3.141}, None, None
80.04, [INFO], robot4, {'battery-level': '15.44'}, None, None
80.04, [INFO], robot4, {'y': 21.568, 'x': -37.181, 'yaw': -3.142}, None, None
90.04, [INFO], robot4, {'y': 19.457, 'x': -37.08, 'yaw': 3.136}, None, None
90.04, [INFO], robot4, {'battery-level': '15.18'}, None, None
100.01, [INFO], robot4, {'battery-level': '14.92'}, None, None
100.01, [INFO], robot4, {'y': 17.813, 'x': -35.732, 'yaw': -3.138}, None, None
110.03, [INFO], robot4, {'battery-level': '14.66'}, None, None
110.03, [INFO], robot4, {'y': 18.696, 'x': -34.054, 'yaw': 3.142}, None, None
119.89, [info], nurse, sync, received-request, (status=sending-request)
119.89, [info], nurse, sync, request-sent, (status=waiting)
119.89, [info], nurse, sync, wait-message, (status=message-received)
120.09, [INFO], robot4, {'y': 18.934, 'x': -33.914, 'yaw': -3.141}, None, None
120.09, [INFO], robot4, {'battery-level': '14.40'}, None, None
130.08, [INFO], robot4, {'battery-level': '14.14'}, None, None
130.08, [INFO], robot4, {'y': 17.794, 'x': -35.265, 'yaw': -3.138}, None, None
140.09, [INFO], robot4, {'battery-level': '13.88'}, None, None
140.09, [INFO], robot4, {'y': 18.077, 'x': -36.797, 'yaw': 3.141}, None, None
150.06, [INFO], robot4, {'battery-level': '13.62'}, None, None
150.06, [INFO], robot4, {'y': 17.439, 'x': -37.041, 'yaw': 3.141}, None, None
160.02, [INFO], robot4, {'y': 17.331, 'x': -36.972, 'yaw': 3.141}, None, None
160.02, [INFO], robot4, {'battery-level': '13.36'}, None, None
170.02, [INFO], robot4, {'battery-level': '13.10'}, None, None
170.02, [INFO], robot4, {'y': 17.264, 'x': -36.838, 'yaw': -3.141}, None, None
180.09, [INFO], robot4, {'battery-level': '12.84'}, None, None
180.09, [INFO], robot4, {'y': 17.229, 'x': -37.001, 'yaw': -3.141}, None, None
189.94, [INFO], robot4, {'y': 17.268, 'x': -36.841, 'yaw': 3.142}, None, None
190.04, [INFO], robot4, {'battery-level': '12.58'}, None, None
200.01, [INFO], robot4, {'battery-level': '12.32'}, None, None
200.01, [INFO], robot4, {'y': 17.372, 'x': -37.047, 'yaw': -3.141}, None, None
210.02, [INFO], robot4, {'y': 17.234, 'x': -36.788, 'yaw': -3.142}, None, None
210.02, [INFO], robot4, {'battery-level': '12.06'}, None, None
220.01, [INFO], robot4, {'battery-level': '11.80'}, None, None
220.01, [INFO], robot4, {'y': 17.317, 'x': -36.731, 'yaw': 3.141}, None, None
230.03, [INFO], robot4, {'y': 17.209, 'x': -37.097, 'yaw': -3.141}, None, None
230.03, [INFO], robot4, {'battery-level': '11.54'}, None, None
240.07, [INFO], robot4, {'battery-level': '11.28'}, None, None
240.07, [INFO], robot4, {'y': 17.309, 'x': -37.146, 'yaw': -3.142}, None, None
250.01, [INFO], robot4, {'battery-level': '11.02'}, None, None
250.01, [INFO], robot4, {'y': 17.326, 'x': -37.004, 'yaw': 3.14}, None, None
260.06, [INFO], robot4, {'y': 17.145, 'x': -37.025, 'yaw': 3.141}, None, None
260.06, [INFO], robot4, {'battery-level': '10.76'}, None, None
270.07, [INFO], robot4, {'y': 17.317, 'x': -37.128, 'yaw': -3.141}, None, None
270.07, [INFO], robot4, {'battery-level': '10.50'}, None, None
280.02, [INFO], robot4, {'y': 17.329, 'x': -36.819, 'yaw': -3.141}, None, None
280.02, [INFO], robot4, {'battery-level': '10.24'}, None, None
290.07, [INFO], robot4, {'battery-level': '9.98'}, None, None
290.07, [INFO], robot4, {'y': 17.359, 'x': -36.864, 'yaw': -3.142}, None, None
300.06, [INFO], robot4, {'battery-level': '9.72'}, None, None
300.06, [INFO], robot4, {'y': 17.235, 'x': -36.861, 'yaw': -3.142}, None, None
310.03, [INFO], robot4, {'battery-level': '9.46'}, None, None
310.03, [INFO], robot4, {'y': 17.382, 'x': -37.031, 'yaw': -3.141}, None, None
311.47, [WARN], robot4, SKILL-FAILURE, navigation, navto_lab
