0.00, [DEBUG], logger, ROBOTS_CONFIG={'avg_speed': 0.15, 'battery_charge': 0.17496190705907763, 'battery_discharge_rate': 0.00026000000000000003, 'id': 4, 'local_plan': [['navigation', ['IC Room 6', [[-39.44, 33.95, 0.0], [-37.0, 33.95], [-37.0, 18.93], [-33.9, 18.93, 3.14]]], 'navto_room'], ['approach_person', ['nurse'], 'approach_nurse'], ['authenticate_person', ['nurse'], 'authenticate_nurse'], ['operate_drawer', ['open'], 'open_drawer_for_nurse'], ['send_message', ['nurse'], 'notify_nurse_of_open_drawer_for_nurse_completed'], ['wait_message', ['nurse'], 'wait_nurse_to_complete_deposit'], ['operate_drawer', ['close'], 'close_drawer_nurse'], ['navigation', ['Laboratory', [[-33.9, 18.93, 3.14], [-37.0, 18.93], [-37.0, 16.0], [-26.0, 16.0], [-26.0, 13.0, 1.57]]], 'navto_lab'], ['approach_robot', ['lab_arm'], 'approach_arm'], ['operate_drawer', ['open'], 'open_drawer_lab'], ['send_message', ['lab_arm'], 'notify_lab_arm_of_open_drawer_lab_completed'], ['wait_message', ['lab_arm'], 'wait_lab_arm_to_complete_pick_up_sample'], ['operate_drawer', ['close'], 'close_drawer_lab']], 'location': 'IC Room 4', 'name': 'r4', 'position': [-39.44, 33.95, 0.0], 'skills': ['approach_person', 'approach_robot', 'authenticate_person', 'navigation', 'operate_drawer']}, None, None
0.00, [DEBUG], logger, Simulation open, None, None
10.07, [INFO], robot4, {'battery-level': '17.26'}, None, None
10.07, [INFO], robot4, {'y': 34.073, 'x': -39.012, 'yaw': 3.142}, None, None
20.00, [INFO], robot4, {'battery-level': '17.00'}, None, None
20.00, [INFO], robot4, {'y': 34.191, 'x': -37.153, 'yaw': 3.141}, None, None
30.09, [INFO], robot4, {'y': 32.077, 'x': -36.994, 'yaw': -3.142}, None, None
30.09, [INFO], robot4, {'battery-level': '16.74'}, None, None
40.09, [INFO], robot4, {'y': 29.98, 'x': -36.989, 'yaw': -3.142}, None, None
40.09, [INFO], robot4, {'battery-level': '16.48'}, None, None
50.09, [INFO], robot4, {'y': 27.859, 'x': -36.994, 'yaw': -3.142}, None, None
50.09, [INFO], robot4, {'battery-level': '16.22'}, None, None
60.06, [INFO], robot4, {'y': 25.745, 'x': -37.043, 'yaw': 3.142}, None, None
60.06, [INFO], robot4, {'battery-level': '15.96'}, None, None
70.01, [INFO], robot4, {'battery-level': '15.70'}, None, None
70.01, [INFO], robot4, {'y': 23.639, 'x': -37.004, 'yaw': 3.141}, None, None
80.08, [INFO], robot4, {'battery-level': '15.44'}, None, None
80.08, [INFO], robot4, {'y': 21.514, 'x': -37.136, 'yaw': 3.142}, None, None
90.01, [INFO], robot4, {'y': 19.422, 'x': -37.043, 'yaw': 3.14}, None, None
90.01, [INFO], robot4, {'battery-level': '15.18'}, None, None
100.03, [INFO], robot4, {'y': 17.828, 'x': -35.646, 'yaw': 3.141}, None, None
100.03, [INFO], robot4, {'battery-level': '14.92'}, None, None
110.07, [INFO], robot4, {'y': 18.806, 'x': -34.042, 'yaw': -3.142}, None, None
110.07, [INFO], robot4, {'battery-level': '14.66'}, None, None
118.56, [info], nurse, sync, received-request, (status=sending-request)
118.56, [info], nurse, sync, request-sent, (status=waiting)
118.56, [info], nurse, sync, wait-message, (status=message-received)
120.01, [INFO], robot4, {'battery-level': '14.40'}, None, None
120.01, [INFO], robot4, {'y': 18.972, 'x': -33.99, 'yaw': -3.141}, None, None
130.02, [INFO], robot4, {'battery-level': '14.14'}, None, None
130.02, [INFO], robot4, {'y': 17.747, 'x': -35.503, 'yaw': 3.141}, None, None
140.06, [INFO], robot4, {'battery-level': '13.88'}, None, None
140.06, [INFO], robot4, {'y': 17.972, 'x': -36.195, 'yaw': -3.142}, None, None
150.00, [INFO], robot4, {'y': 17.298, 'x': -37.012, 'yaw': 3.14}, None, None
150.00, [INFO], robot4, {'battery-level': '13.62'}, None, None
160.01, [INFO], robot4, {'battery-level': '13.36'}, None, None
160.01, [INFO], robot4, {'y': 17.333, 'x': -36.963, 'yaw': -3.142}, None, None
170.06, [INFO], robot4, {'y': 17.404, 'x': -36.896, 'yaw': -3.141}, None, None
170.06, [INFO], robot4, {'battery-level': '13.10'}, None, None
180.07, [INFO], robot4, {'y': 17.262, 'x': -36.827, 'yaw': 3.141}, None, None
180.07, [INFO], robot4, {'battery-level': '12.84'}, None, None
190.02, [INFO], robot4, {'battery-level': '12.58'}, None, None
190.02, [INFO], robot4, {'y': 17.345, 'x': -36.816, 'yaw': -3.141}, None, None
200.02, [INFO], robot4, {'y': 17.441, 'x': -36.931, 'yaw': -3.141}, None, None
200.02, [INFO], robot4, {'battery-level': '12.32'}, None, None
210.05, [INFO], robot4, {'y': 17.494, 'x': -37.148, 'yaw': -3.142}, None, None
210.05, [INFO], robot4, {'battery-level': '12.06'}, None, None
220.00, [INFO], robot4, {'battery-level': '11.80'}, None, None
220.00, [INFO], robot4, {'y': 17.318, 'x': -36.86, 'yaw': 3.141}, None, None
230.03, [INFO], robot4, {'battery-level': '11.54'}, None, None
230.03, [INFO], robot4, {'y': 17.393, 'x': -36.961, 'yaw': 3.141}, None, None
240.04, [INFO], robot4, {'battery-level': '11.28'}, None, None
240.04, [INFO], robot4, {'y': 17.295, 'x': -37.046, 'yaw': 3.14}, None, None
250.04, [INFO], robot4, {'battery-level': '11.02'}, None, None
250.04, [INFO], robot4, {'y': 17.48, 'x': -37.135, 'yaw': 3.141}, None, None
260.07, [INFO], robot4, {'y': 17.51, 'x': -36.781, 'yaw': 3.141}, None, None
260.07, [INFO], robot4, {'battery-level': '10.76'}, None, None
270.09, [INFO], robot4, {'battery-level': '10.50'}, None, None
270.09, [INFO], robot4, {'y': 17.377, 'x': -36.755, 'yaw': -3.142}, None, None
280.08, [INFO], robot4, {'battery-level': '10.24'}, None, None
280.08, [INFO], robot4, {'y': 17.249, 'x': -37.091, 'yaw': -3.142}, None, None
290.02, [INFO], robot4, {'battery-level': '9.98'}, None, None
290.02, [INFO], robot4, {'y': 17.266, 'x': -37.045, 'yaw': 3.141}, None, None
300.04, [INFO], robot4, {'battery-level': '9.72'}, None, None
300.04, [INFO], robot4, {'y': 17.343, 'x': -36.841, 'yaw': -3.142}, None, None
301.75, [WARN], robot4, SKILL-FAILURE, navigation, navto_lab
310.01, [INFO], robot4, {'y': 17.221, 'x': -36.867, 'yaw': -3.142}, None, None
310.01, [INFO], robot4, {'battery-level': '9.46'}, None, None
320.08, [INFO], robot4, {'battery-level': '9.20'}, None, None
320.08, [INFO], robot4, {'y': 17.221, 'x': -36.867, 'yaw': -3.142}, None, None
