0.00, [DEBUG], nurse, NURSE_CONFIG={'location': 'IC Room 6', 'position': [-33.9, 18.93, 3.14]}, None, None
0.00, [INFO], robot2, {'battery-level': '63.50'}, None, None
0.19, [DEBUG], logger, ROBOTS_CONFIG={'avg_speed': 0.15, 'battery_charge': 0.634952869577942, 'battery_discharge_rate': 0.0006000000000000001, 'id': 2, 'local_plan': [['navigation', ['IC Room 6', [[-19.0, 18.0, -1.57], [-19.0, 16.0], [-37.0, 16.0], [-37.0, 18.93], [-33.9, 18.93, 3.14]]], 'navto_room'], ['approach_person', ['nurse'], 'approach_nurse'], ['authenticate_person', ['nurse'], 'authenticate_nurse'], ['operate_drawer', ['open'], 'open_drawer_for_nurse'], ['send_message', ['nurse'], 'notify_nurse_of_open_drawer_for_nurse_completed'], ['wait_message', ['nurse'], 'wait_nurse_to_complete_deposit'], ['operate_drawer', ['close'], 'close_drawer_nurse'], ['navigation', ['Laboratory', [[-33.9, 18.93, 3.14], [-37.0, 18.93], [-37.0, 16.0], [-26.0, 16.0], [-26.0, 13.0, 1.57]]], 'navto_lab'], ['approach_robot', ['lab_arm'], 'approach_arm'], ['operate_drawer', ['open'], 'open_drawer_lab'], ['send_message', ['lab_arm'], 'notify_lab_arm_of_open_drawer_lab_completed'], ['wait_message', ['lab_arm'], 'wait_lab_arm_to_complete_pick_up_sample'], ['operate_drawer', ['close'], 'close_drawer_lab']], 'location': 'PC Room 6', 'name': 'r2', 'position': [-19.0, 18.0, -1.57], 'skills': ['approach_person', 'approach_robot', 'authenticate_person', 'navigation', 'operate_drawer']}, None, None
0.19, [DEBUG], logger, Simulation open, None, None
10.00, [INFO], robot2, {'battery-level': '62.96'}, None, None
10.00, [INFO], robot2, {'y': 17.53, 'x': -19.153, 'yaw': -3.142}, None, None
20.02, [INFO], robot2, {'y': 16.195, 'x': -20.219, 'yaw': -3.141}, None, None
20.02, [INFO], robot2, {'battery-level': '62.36'}, None, None
30.08, [INFO], robot2, {'y': 16.188, 'x': -22.335, 'yaw': -3.137}, None, None
30.08, [INFO], robot2, {'battery-level': '61.76'}, None, None
40.03, [INFO], robot2, {'y': 16.118, 'x': -24.435, 'yaw': 3.14}, None, None
40.03, [INFO], robot2, {'battery-level': '61.16'}, None, None
50.08, [INFO], robot2, {'battery-level': '60.56'}, None, None
50.08, [INFO], robot2, {'y': 16.092, 'x': -26.542, 'yaw': -3.141}, None, None
60.06, [INFO], robot2, {'battery-level': '59.96'}, None, None
60.06, [INFO], robot2, {'y': 16.194, 'x': -28.643, 'yaw': -3.142}, None, None
70.04, [INFO], robot2, {'y': 16.152, 'x': -30.751, 'yaw': 3.142}, None, None
70.04, [INFO], robot2, {'battery-level': '59.36'}, None, None
80.02, [INFO], robot2, {'battery-level': '58.76'}, None, None
80.02, [INFO], robot2, {'y': 15.818, 'x': -32.858, 'yaw': -3.142}, None, None
90.03, [INFO], robot2, {'battery-level': '58.16'}, None, None
90.03, [INFO], robot2, {'y': 15.358, 'x': -34.944, 'yaw': -3.141}, None, None
100.01, [INFO], robot2, {'y': 16.157, 'x': -36.666, 'yaw': -3.141}, None, None
100.01, [INFO], robot2, {'battery-level': '57.56'}, None, None
110.01, [INFO], robot2, {'y': 17.652, 'x': -36.725, 'yaw': -3.141}, None, None
110.01, [INFO], robot2, {'battery-level': '56.96'}, None, None
120.06, [INFO], robot2, {'y': 17.837, 'x': -36.645, 'yaw': 3.141}, None, None
120.06, [INFO], robot2, {'battery-level': '56.36'}, None, None
130.08, [INFO], robot2, {'battery-level': '55.76'}, None, None
130.08, [INFO], robot2, {'y': 18.089, 'x': -35.853, 'yaw': 3.141}, None, None
140.05, [INFO], robot2, {'battery-level': '55.16'}, None, None
140.05, [INFO], robot2, {'y': 18.138, 'x': -35.701, 'yaw': 3.14}, None, None
150.05, [INFO], robot2, {'battery-level': '54.56'}, None, None
150.05, [INFO], robot2, {'y': 18.303, 'x': -35.673, 'yaw': 3.136}, None, None
160.08, [INFO], robot2, {'battery-level': '53.96'}, None, None
160.08, [INFO], robot2, {'y': 18.33, 'x': -35.935, 'yaw': 3.142}, None, None
170.05, [INFO], robot2, {'battery-level': '53.36'}, None, None
170.05, [INFO], robot2, {'y': 18.312, 'x': -35.846, 'yaw': -3.142}, None, None
180.00, [INFO], robot2, {'battery-level': '52.76'}, None, None
180.00, [INFO], robot2, {'y': 18.312, 'x': -35.847, 'yaw': -3.142}, None, None
190.09, [INFO], robot2, {'battery-level': '52.16'}, None, None
190.09, [INFO], robot2, {'y': 18.312, 'x': -35.847, 'yaw': 3.142}, None, None
199.90, [INFO], robot2, {'y': 18.312, 'x': -35.847, 'yaw': 3.142}, None, None
200.00, [INFO], robot2, {'battery-level': '51.56'}, None, None
210.08, [INFO], robot2, {'y': 18.303, 'x': -35.841, 'yaw': 3.142}, None, None
210.08, [INFO], robot2, {'battery-level': '50.96'}, None, None
220.04, [INFO], robot2, {'y': 18.306, 'x': -35.8, 'yaw': -3.142}, None, None
220.04, [INFO], robot2, {'battery-level': '50.36'}, None, None
225.24, [WARN], robot2, SKILL-FAILURE, navigation, navto_room
230.02, [INFO], robot2, {'battery-level': '49.76'}, None, None
230.02, [INFO], robot2, {'y': 18.307, 'x': -35.801, 'yaw': -3.142}, None, None
