0.00, [DEBUG], nurse, NURSE_CONFIG={'location': 'IC Room 2', 'position': [-38.0, 21.5, 0.0]}, None, None
0.00, [INFO], robot6, {'battery-level': '54.08'}, None, None
0.12, [DEBUG], logger, ROBOTS_CONFIG={'avg_speed': 0.15, 'battery_charge': 0.5408465660492595, 'battery_discharge_rate': 0.0005200000000000001, 'id': 6, 'local_plan': [['navigation', ['IC Room 2', [[-33.9, 18.93, 3.14], [-37.0, 18.93], [-37.0, 21.5], [-38.0, 21.5, 0.0]]], 'navto_room'], ['approach_person', ['nurse'], 'approach_nurse'], ['authenticate_person', ['nurse'], 'authenticate_nurse'], ['operate_drawer', ['open'], 'open_drawer_for_nurse'], ['send_message', ['nurse'], 'notify_nurse_of_open_drawer_for_nurse_completed'], ['wait_message', ['nurse'], 'wait_nurse_to_complete_deposit'], ['operate_drawer', ['close'], 'close_drawer_nurse'], ['navigation', ['Laboratory', [[-38.0, 21.5, 0.0], [-37.0, 21.5], [-37.0, 16.0], [-26.0, 16.0], [-26.0, 13.0, 1.57]]], 'navto_lab'], ['approach_robot', ['lab_arm'], 'approach_arm'], ['operate_drawer', ['open'], 'open_drawer_lab'], ['send_message', ['lab_arm'], 'notify_lab_arm_of_open_drawer_lab_completed'], ['wait_message', ['lab_arm'], 'wait_lab_arm_to_complete_pick_up_sample'], ['operate_drawer', ['close'], 'close_drawer_lab']], 'location': 'IC Room 6', 'name': 'r6', 'position': [-33.9, 18.93, 3.14], 'skills': ['approach_person', 'approach_robot', 'authenticate_person', 'navigation', 'operate_drawer']}, None, None
0.12, [DEBUG], logger, Simulation open, None, None
9.91, [INFO], robot6, {'battery-level': '53.62'}, None, None
10.00, [INFO], robot6, {'y': 18.183, 'x': -34.506, 'yaw': -3.142}, None, None
20.03, [INFO], robot6, {'battery-level': '53.10'}, None, None
20.03, [INFO], robot6, {'y': 18.225, 'x': -36.412, 'yaw': 3.142}, None, None
30.03, [INFO], robot6, {'battery-level': '52.58'}, None, None
30.03, [INFO], robot6, {'y': 20.222, 'x': -36.873, 'yaw': -3.136}, None, None
40.09, [INFO], robot6, {'battery-level': '52.06'}, None, None
40.09, [INFO], robot6, {'y': 21.466, 'x': -37.954, 'yaw': 3.136}, None, None
47.59, [info], nurse, sync, received-request, (status=sending-request)
47.59, [info], nurse, sync, request-sent, (status=waiting)
47.59, [info], nurse, sync, wait-message, (status=message-received)
50.01, [INFO], robot6, {'y': 21.407, 'x': -37.82, 'yaw': -3.141}, None, None
50.01, [INFO], robot6, {'battery-level': '51.54'}, None, None
60.02, [INFO], robot6, {'battery-level': '51.02'}, None, None
60.02, [INFO], robot6, {'y': 19.694, 'x': -37.192, 'yaw': 3.142}, None, None
70.04, [INFO], robot6, {'battery-level': '50.50'}, None, None
70.04, [INFO], robot6, {'y': 17.578, 'x': -37.123, 'yaw': 3.142}, None, None
80.08, [INFO], robot6, {'y': 15.978, 'x': -36.206, 'yaw': -3.142}, None, None
80.08, [INFO], robot6, {'battery-level': '49.98'}, None, None
90.00, [INFO], robot6, {'battery-level': '49.46'}, None, None
90.00, [INFO], robot6, {'y': 15.338, 'x': -34.197, 'yaw': -3.141}, None, None
100.09, [INFO], robot6, {'y': 15.508, 'x': -32.064, 'yaw': -3.142}, None, None
100.09, [INFO], robot6, {'battery-level': '48.94'}, None, None
110.01, [INFO], robot6, {'battery-level': '48.42'}, None, None
110.01, [INFO], robot6, {'y': 15.681, 'x': -29.962, 'yaw': 3.141}, None, None
120.04, [INFO], robot6, {'y': 15.786, 'x': -27.85, 'yaw': 3.141}, None, None
120.04, [INFO], robot6, {'battery-level': '47.90'}, None, None
130.07, [INFO], robot6, {'battery-level': '47.38'}, None, None
130.07, [INFO], robot6, {'y': 15.277, 'x': -25.977, 'yaw': 3.142}, None, None
140.08, [INFO], robot6, {'y': 13.187, 'x': -25.801, 'yaw': -3.141}, None, None
140.08, [INFO], robot6, {'battery-level': '46.86'}, None, None
150.09, [INFO], robot6, {'y': 12.889, 'x': -25.944, 'yaw': -3.142}, None, None
150.09, [INFO], robot6, {'battery-level': '46.34'}, None, None
151.81, [info], lab_arm, sync, wait-message, (status=message-received)
152.77, [WARN], robot6, SUCCESS, None, None
160.04, [INFO], robot6, {'battery-level': '45.82'}, None, None
160.04, [INFO], robot6, {'y': 12.888, 'x': -25.944, 'yaw': -3.142}, None, None
170.06, [INFO], robot6, {'battery-level': '45.30'}, None, None
170.06, [INFO], robot6, {'y': 12.888, 'x': -25.944, 'yaw': -3.142}, None, None
