0.00, [DEBUG], nurse, NURSE_CONFIG={'location': 'PC Room 3', 'position': [-28.5, 18.0, -1.57]}, None, None
0.00, [INFO], robot6, {'battery-level': '54.08'}, None, None
0.13, [DEBUG], logger, ROBOTS_CONFIG={'avg_speed': 0.15, 'battery_charge': 0.5408465660492595, 'battery_discharge_rate': 0.0005200000000000001, 'id': 6, 'local_plan': [['navigation', ['PC Room 3', [[-27.23, 18.0, -1.57], [-27.23, 16.0], [-28.5, 16.0], [-28.5, 18.0, -1.57]]], 'navto_room'], ['approach_person', ['nurse'], 'approach_nurse'], ['authenticate_person', ['nurse'], 'authenticate_nurse'], ['operate_drawer', ['open'], 'open_drawer_for_nurse'], ['send_message', ['nurse'], 'notify_nurse_of_open_drawer_for_nurse_completed'], ['wait_message', ['nurse'], 'wait_nurse_to_complete_deposit'], ['operate_drawer', ['close'], 'close_drawer_nurse'], ['navigation', ['Laboratory', [[-28.5, 18.0, -1.57], [-28.5, 16.0], [-26.0, 16.0], [-26.0, 13.0, 1.57]]], 'navto_lab'], ['approach_robot', ['lab_arm'], 'approach_arm'], ['operate_drawer', ['open'], 'open_drawer_lab'], ['send_message', ['lab_arm'], 'notify_lab_arm_of_open_drawer_lab_completed'], ['wait_message', ['lab_arm'], 'wait_lab_arm_to_complete_pick_up_sample'], ['operate_drawer', ['close'], 'close_drawer_lab']], 'location': 'PC Room 4', 'name': 'r6', 'position': [-27.23, 18.0, -1.57], 'skills': ['approach_person', 'approach_robot', 'authenticate_person', 'navigation', 'operate_drawer']}, None, None
0.13, [DEBUG], logger, Simulation open, None, None
10.03, [INFO], robot6, {'battery-level': '53.62'}, None, None
10.03, [INFO], robot6, {'y': 17.298, 'x': -27.12, 'yaw': -3.142}, None, None
20.08, [INFO], robot6, {'y': 16.497, 'x': -28.241, 'yaw': -3.141}, None, None
20.08, [INFO], robot6, {'battery-level': '53.10'}, None, None
30.07, [INFO], robot6, {'battery-level': '52.58'}, None, None
30.07, [INFO], robot6, {'y': 17.33, 'x': -28.535, 'yaw': 3.142}, None, None
40.03, [INFO], robot6, {'y': 17.538, 'x': -28.814, 'yaw': 3.141}, None, None
40.03, [INFO], robot6, {'battery-level': '52.06'}, None, None
50.05, [INFO], robot6, {'battery-level': '51.54'}, None, None
50.05, [INFO], robot6, {'y': 17.402, 'x': -28.623, 'yaw': 3.141}, None, None
60.00, [INFO], robot6, {'battery-level': '51.02'}, None, None
60.00, [INFO], robot6, {'y': 17.653, 'x': -28.535, 'yaw': 3.141}, None, None
70.05, [INFO], robot6, {'battery-level': '50.50'}, None, None
70.05, [INFO], robot6, {'y': 17.595, 'x': -28.553, 'yaw': -3.142}, None, None
80.03, [INFO], robot6, {'y': 17.57, 'x': -28.619, 'yaw': 3.141}, None, None
80.03, [INFO], robot6, {'battery-level': '49.98'}, None, None
90.05, [INFO], robot6, {'battery-level': '49.46'}, None, None
90.05, [INFO], robot6, {'y': 17.298, 'x': -28.81, 'yaw': 3.142}, None, None
100.00, [INFO], robot6, {'battery-level': '48.94'}, None, None
100.00, [INFO], robot6, {'y': 17.261, 'x': -28.382, 'yaw': 3.142}, None, None
110.03, [INFO], robot6, {'battery-level': '48.42'}, None, None
110.03, [INFO], robot6, {'y': 17.585, 'x': -28.751, 'yaw': 3.141}, None, None
120.06, [INFO], robot6, {'y': 17.327, 'x': -28.708, 'yaw': 3.141}, None, None
120.06, [INFO], robot6, {'battery-level': '47.90'}, None, None
130.09, [INFO], robot6, {'battery-level': '47.38'}, None, None
130.09, [INFO], robot6, {'y': 17.575, 'x': -28.497, 'yaw': 3.141}, None, None
140.05, [INFO], robot6, {'y': 17.368, 'x': -28.81, 'yaw': 3.141}, None, None
140.05, [INFO], robot6, {'battery-level': '46.86'}, None, None
150.04, [INFO], robot6, {'y': 17.292, 'x': -28.782, 'yaw': 3.141}, None, None
150.04, [INFO], robot6, {'battery-level': '46.34'}, None, None
160.10, [INFO], robot6, {'y': 17.507, 'x': -28.512, 'yaw': 3.141}, None, None
160.10, [INFO], robot6, {'battery-level': '45.82'}, None, None
163.46, [WARN], robot6, SKILL-FAILURE, navigation, navto_room
170.00, [INFO], robot6, {'battery-level': '45.30'}, None, None
170.00, [INFO], robot6, {'y': 17.322, 'x': -28.79, 'yaw': 3.142}, None, None
