0.17, [DEBUG], logger, ROBOTS_CONFIG={'avg_speed': 0.15, 'battery_charge': 0.6520875066754872, 'battery_discharge_rate': 0.0006000000000000001, 'id': 4, 'local_plan': [['navigation', ['IC Room 6', [[-39.44, 33.95, 0.0], [-37.0, 33.95], [-37.0, 18.93], [-33.9, 18.93, 3.14]]], 'navto_room'], ['approach_person', ['nurse'], 'approach_nurse'], ['authenticate_person', ['nurse'], 'authenticate_nurse'], ['operate_drawer', ['open'], 'open_drawer_for_nurse'], ['send_message', ['nurse'], 'notify_nurse_of_open_drawer_for_nurse_completed'], ['wait_message', ['nurse'], 'wait_nurse_to_complete_deposit'], ['operate_drawer', ['close'], 'close_drawer_nurse'], ['navigation', ['Laboratory', [[-33.9, 18.93, 3.14], [-37.0, 18.93], [-37.0, 16.0], [-26.0, 16.0], [-26.0, 13.0, 1.57]]], 'navto_lab'], ['approach_robot', ['lab_arm'], 'approach_arm'], ['operate_drawer', ['open'], 'open_drawer_lab'], ['send_message', ['lab_arm'], 'notify_lab_arm_of_open_drawer_lab_completed'], ['wait_message', ['lab_arm'], 'wait_lab_arm_to_complete_pick_up_sample'], ['operate_drawer', ['close'], 'close_drawer_lab']], 'location': 'IC Room 4', 'name': 'r4', 'position': [-39.44, 33.95, 0.0], 'skills': ['approach_person', 'approach_robot', 'authenticate_person', 'navigation', 'operate_drawer']}, None, None
0.17, [DEBUG], logger, Simulation open, None, None
10.07, [INFO], robot4, {'y': 33.952, 'x': -39.428, 'yaw': 3.141}, None, None
10.07, [INFO], robot4, {'battery-level': '64.67'}, None, None
20.01, [INFO], robot4, {'y': 34.539, 'x': -37.78, 'yaw': -3.142}, None, None
20.01, [INFO], robot4, {'battery-level': '64.07'}, None, None
30.08, [INFO], robot4, {'y': 32.775, 'x': -37.041, 'yaw': 3.141}, None, None
30.08, [INFO], robot4, {'battery-level': '63.47'}, None, None
40.01, [INFO], robot4, {'y': 30.666, 'x': -37.085, 'yaw': 3.141}, None, None
40.01, [INFO], robot4, {'battery-level': '62.87'}, None, None
50.08, [INFO], robot4, {'y': 28.542, 'x': -37.004, 'yaw': 3.14}, None, None
50.08, [INFO], robot4, {'battery-level': '62.27'}, None, None
60.04, [INFO], robot4, {'battery-level': '61.67'}, None, None
60.04, [INFO], robot4, {'y': 26.442, 'x': -37.02, 'yaw': 3.141}, None, None
70.00, [INFO], robot4, {'battery-level': '61.07'}, None, None
70.00, [INFO], robot4, {'y': 24.336, 'x': -36.995, 'yaw': -3.142}, None, None
80.04, [INFO], robot4, {'battery-level': '60.47'}, None, None
80.04, [INFO], robot4, {'y': 22.22, 'x': -37.11, 'yaw': 3.141}, None, None
90.02, [INFO], robot4, {'battery-level': '59.87'}, None, None
90.02, [INFO], robot4, {'y': 20.118, 'x': -37.145, 'yaw': 3.141}, None, None
100.03, [INFO], robot4, {'battery-level': '59.27'}, None, None
100.03, [INFO], robot4, {'y': 18.254, 'x': -36.237, 'yaw': 3.142}, None, None
110.05, [INFO], robot4, {'battery-level': '58.67'}, None, None
110.05, [INFO], robot4, {'y': 18.121, 'x': -34.429, 'yaw': -3.141}, None, None
120.02, [INFO], robot4, {'battery-level': '58.07'}, None, None
120.02, [INFO], robot4, {'y': 18.902, 'x': -33.891, 'yaw': -3.141}, None, None
124.53, [info], nurse, sync, received-request, (status=sending-request)
124.53, [info], nurse, sync, request-sent, (status=waiting)
124.53, [info], nurse, sync, wait-message, (status=message-received)
130.09, [INFO], robot4, {'y': 18.298, 'x': -34.463, 'yaw': 3.141}, None, None
130.09, [INFO], robot4, {'battery-level': '57.47'}, None, None
140.01, [INFO], robot4, {'y': 18.029, 'x': -36.23, 'yaw': 3.141}, None, None
140.01, [INFO], robot4, {'battery-level': '56.87'}, None, None
150.09, [INFO], robot4, {'battery-level': '56.27'}, None, None
150.09, [INFO], robot4, {'y': 17.389, 'x': -36.872, 'yaw': -3.141}, None, None
160.09, [INFO], robot4, {'battery-level': '55.67'}, None, None
160.09, [INFO], robot4, {'y': 17.332, 'x': -37.078, 'yaw': 3.141}, None, None
170.00, [INFO], robot4, {'battery-level': '55.07'}, None, None
170.00, [INFO], robot4, {'y': 17.407, 'x': -36.88, 'yaw': -3.142}, None, None
180.02, [INFO], robot4, {'battery-level': '54.47'}, None, None
180.02, [INFO], robot4, {'y': 17.377, 'x': -37.021, 'yaw': 3.141}, None, None
189.92, [INFO], robot4, {'y': 17.217, 'x': -37.081, 'yaw': 3.142}, None, None
190.02, [INFO], robot4, {'battery-level': '53.87'}, None, None
200.06, [INFO], robot4, {'y': 17.3, 'x': -37.069, 'yaw': -3.142}, None, None
200.06, [INFO], robot4, {'battery-level': '53.27'}, None, None
210.02, [INFO], robot4, {'battery-level': '52.67'}, None, None
210.02, [INFO], robot4, {'y': 17.324, 'x': -36.877, 'yaw': -3.141}, None, None
220.02, [INFO], robot4, {'y': 17.208, 'x': -36.919, 'yaw': 3.141}, None, None
220.02, [INFO], robot4, {'battery-level': '52.07'}, None, None
230.09, [INFO], robot4, {'y': 17.34, 'x': -37.007, 'yaw': 3.142}, None, None
230.09, [INFO], robot4, {'battery-level': '51.47'}, None, None
240.03, [INFO], robot4, {'y': 17.208, 'x': -37.051, 'yaw': 3.141}, None, None
240.03, [INFO], robot4, {'battery-level': '50.87'}, None, None
250.07, [INFO], robot4, {'battery-level': '50.27'}, None, None
250.07, [INFO], robot4, {'y': 17.269, 'x': -36.882, 'yaw': -3.141}, None, None
260.02, [INFO], robot4, {'battery-level': '49.67'}, None, None
260.02, [INFO], robot4, {'y': 17.434, 'x': -36.945, 'yaw': 3.141}, None, None
270.07, [INFO], robot4, {'y': 17.343, 'x': -37.071, 'yaw': -3.141}, None, None
270.07, [INFO], robot4, {'battery-level': '49.07'}, None, None
280.04, [INFO], robot4, {'y': 17.168, 'x': -37.089, 'yaw': -3.142}, None, None
280.04, [INFO], robot4, {'battery-level': '48.47'}, None, None
290.04, [INFO], robot4, {'battery-level': '47.87'}, None, None
290.04, [INFO], robot4, {'y': 17.22, 'x': -37.116, 'yaw': -3.142}, None, None
300.07, [INFO], robot4, {'battery-level': '47.27'}, None, None
300.07, [INFO], robot4, {'y': 17.113, 'x': -36.889, 'yaw': 3.142}, None, None
310.01, [INFO], robot4, {'battery-level': '46.67'}, None, None
310.01, [INFO], robot4, {'y': 17.464, 'x': -37.069, 'yaw': 3.142}, None, None
320.02, [INFO], robot4, {'battery-level': '46.07'}, None, None
320.02, [INFO], robot4, {'y': 17.328, 'x': -36.852, 'yaw': 3.141}, None, None
324.81, [WARN], robot4, SKILL-FAILURE, navigation, navto_lab
330.07, [INFO], robot4, {'y': 17.232, 'x': -37.064, 'yaw': 3.142}, None, None
330.07, [INFO], robot4, {'battery-level': '45.47'}, None, None
340.05, [INFO], robot4, {'battery-level': '44.87'}, None, None
340.05, [INFO], robot4, {'y': 17.232, 'x': -37.063, 'yaw': -3.142}, None, None
