0.00, [DEBUG], nurse, NURSE_CONFIG={'location': 'IC Room 2', 'position': [-38.0, 21.5, 0.0]}, None, None
0.00, [INFO], robot2, {'battery-level': '83.45'}, None, None
0.12, [DEBUG], logger, ROBOTS_CONFIG={'avg_speed': 0.15, 'battery_charge': 0.8344531419634984, 'battery_discharge_rate': 0.00054, 'id': 2, 'local_plan': [['navigation', ['IC Room 2', [[-19.0, 18.0, -1.57], [-19.0, 16.0], [-37.0, 16.0], [-37.0, 21.5], [-38.0, 21.5, 0.0]]], 'navto_room'], ['approach_person', ['nurse'], 'approach_nurse'], ['authenticate_person', ['nurse'], 'authenticate_nurse'], ['operate_drawer', ['open'], 'open_drawer_for_nurse'], ['send_message', ['nurse'], 'notify_nurse_of_open_drawer_for_nurse_completed'], ['wait_message', ['nurse'], 'wait_nurse_to_complete_deposit'], ['operate_drawer', ['close'], 'close_drawer_nurse'], ['navigation', ['Laboratory', [[-38.0, 21.5, 0.0], [-37.0, 21.5], [-37.0, 16.0], [-26.0, 16.0], [-26.0, 13.0, 1.57]]], 'navto_lab'], ['approach_robot', ['lab_arm'], 'approach_arm'], ['operate_drawer', ['open'], 'open_drawer_lab'], ['send_message', ['lab_arm'], 'notify_lab_arm_of_open_drawer_lab_completed'], ['wait_message', ['lab_arm'], 'wait_lab_arm_to_complete_pick_up_sample'], ['operate_drawer', ['close'], 'close_drawer_lab']], 'location': 'PC Room 6', 'name': 'r2', 'position': [-19.0, 18.0, -1.57], 'skills': ['approach_person', 'approach_robot', 'authenticate_person', 'navigation', 'operate_drawer']}, None, None
0.12, [DEBUG], logger, Simulation open, None, None
10.02, [INFO], robot2, {'battery-level': '82.96'}, None, None
10.02, [INFO], robot2, {'y': 17.4, 'x': -19.222, 'yaw': 3.142}, None, None
20.04, [INFO], robot2, {'y': 16.19, 'x': -20.359, 'yaw': 3.142}, None, None
20.04, [INFO], robot2, {'battery-level': '82.42'}, None, None
30.03, [INFO], robot2, {'battery-level': '81.88'}, None, None
30.03, [INFO], robot2, {'y': 16.139, 'x': -22.472, 'yaw': 3.141}, None, None
40.03, [INFO], robot2, {'y': 16.098, 'x': -24.572, 'yaw': 3.141}, None, None
40.03, [INFO], robot2, {'battery-level': '81.34'}, None, None
50.08, [INFO], robot2, {'battery-level': '80.80'}, None, None
50.08, [INFO], robot2, {'y': 16.088, 'x': -26.704, 'yaw': -3.141}, None, None
60.05, [INFO], robot2, {'y': 16.195, 'x': -28.8, 'yaw': 3.139}, None, None
60.05, [INFO], robot2, {'battery-level': '80.26'}, None, None
70.08, [INFO], robot2, {'y': 16.056, 'x': -30.909, 'yaw': 3.141}, None, None
70.08, [INFO], robot2, {'battery-level': '79.72'}, None, None
80.03, [INFO], robot2, {'y': 15.803, 'x': -33.01, 'yaw': 3.141}, None, None
80.03, [INFO], robot2, {'battery-level': '79.18'}, None, None
90.00, [INFO], robot2, {'battery-level': '78.64'}, None, None
90.00, [INFO], robot2, {'y': 15.419, 'x': -35.093, 'yaw': 3.14}, None, None
100.06, [INFO], robot2, {'battery-level': '78.10'}, None, None
100.06, [INFO], robot2, {'y': 16.21, 'x': -36.885, 'yaw': -3.141}, None, None
110.08, [INFO], robot2, {'battery-level': '77.56'}, None, None
110.08, [INFO], robot2, {'y': 18.327, 'x': -36.879, 'yaw': -3.142}, None, None
120.03, [INFO], robot2, {'battery-level': '77.02'}, None, None
120.03, [INFO], robot2, {'y': 20.415, 'x': -36.914, 'yaw': 3.141}, None, None
130.04, [INFO], robot2, {'battery-level': '76.48'}, None, None
130.04, [INFO], robot2, {'y': 21.501, 'x': -37.979, 'yaw': -3.142}, None, None
140.08, [INFO], robot2, {'y': 21.404, 'x': -38.058, 'yaw': 3.138}, None, None
140.08, [INFO], robot2, {'battery-level': '75.94'}, None, None
142.50, [info], nurse, sync, received-request, (status=sending-request)
142.50, [info], nurse, sync, request-sent, (status=waiting)
142.50, [info], nurse, sync, wait-message, (status=message-received)
150.00, [INFO], robot2, {'battery-level': '75.40'}, None, None
150.00, [INFO], robot2, {'y': 20.8, 'x': -37.198, 'yaw': 3.142}, None, None
160.00, [INFO], robot2, {'battery-level': '74.86'}, None, None
160.00, [INFO], robot2, {'y': 18.684, 'x': -37.069, 'yaw': -3.142}, None, None
170.06, [INFO], robot2, {'y': 16.56, 'x': -37.055, 'yaw': 3.141}, None, None
170.06, [INFO], robot2, {'battery-level': '74.32'}, None, None
180.07, [INFO], robot2, {'battery-level': '73.78'}, None, None
180.07, [INFO], robot2, {'y': 15.611, 'x': -35.348, 'yaw': -3.141}, None, None
190.02, [INFO], robot2, {'battery-level': '73.24'}, None, None
190.02, [INFO], robot2, {'y': 15.48, 'x': -33.263, 'yaw': 3.137}, None, None
200.06, [INFO], robot2, {'battery-level': '72.70'}, None, None
200.06, [INFO], robot2, {'y': 15.505, 'x': -31.149, 'yaw': 3.14}, None, None
210.04, [INFO], robot2, {'y': 15.681, 'x': -29.03, 'yaw': 3.141}, None, None
210.04, [INFO], robot2, {'battery-level': '72.16'}, None, None
220.09, [INFO], robot2, {'y': 15.754, 'x': -26.922, 'yaw': 3.141}, None, None
220.09, [INFO], robot2, {'battery-level': '71.62'}, None, None
230.07, [INFO], robot2, {'y': 14.387, 'x': -25.768, 'yaw': -3.141}, None, None
230.07, [INFO], robot2, {'battery-level': '71.08'}, None, None
240.03, [INFO], robot2, {'battery-level': '70.54'}, None, None
240.03, [INFO], robot2, {'y': 12.919, 'x': -25.942, 'yaw': -3.142}, None, None
246.10, [info], lab_arm, sync, wait-message, (status=message-received)
247.07, [WARN], robot2, SUCCESS, None, None
250.09, [INFO], robot2, {'battery-level': '70.00'}, None, None
250.09, [INFO], robot2, {'y': 12.899, 'x': -25.954, 'yaw': -3.142}, None, None
260.08, [INFO], robot2, {'y': 12.899, 'x': -25.954, 'yaw': 3.142}, None, None
260.08, [INFO], robot2, {'battery-level': '69.46'}, None, None
