0.00, [DEBUG], nurse, NURSE_CONFIG={'location': 'IC Room 2', 'position': [-38.0, 21.5, 0.0]}, None, None
0.17, [DEBUG], logger, ROBOTS_CONFIG={'avg_speed': 0.15, 'battery_charge': 0.6520875066754872, 'battery_discharge_rate': 0.0006000000000000001, 'id': 4, 'local_plan': [['navigation', ['IC Room 2', [[-32.88, 33.98, 3.14], [-37.0, 33.98], [-37.0, 21.5], [-38.0, 21.5, 0.0]]], 'navto_room'], ['approach_person', ['nurse'], 'approach_nurse'], ['authenticate_person', ['nurse'], 'authenticate_nurse'], ['operate_drawer', ['open'], 'open_drawer_for_nurse'], ['send_message', ['nurse'], 'notify_nurse_of_open_drawer_for_nurse_completed'], ['wait_message', ['nurse'], 'wait_nurse_to_complete_deposit'], ['operate_drawer', ['close'], 'close_drawer_nurse'], ['navigation', ['Laboratory', [[-38.0, 21.5, 0.0], [-37.0, 21.5], [-37.0, 16.0], [-26.0, 16.0], [-26.0, 13.0, 1.57]]], 'navto_lab'], ['approach_robot', ['lab_arm'], 'approach_arm'], ['operate_drawer', ['open'], 'open_drawer_lab'], ['send_message', ['lab_arm'], 'notify_lab_arm_of_open_drawer_lab_completed'], ['wait_message', ['lab_arm'], 'wait_lab_arm_to_complete_pick_up_sample'], ['operate_drawer', ['close'], 'close_drawer_lab']], 'location': 'IC Room 5', 'name': 'r4', 'position': [-32.88, 33.98, 3.14], 'skills': ['approach_person', 'approach_robot', 'authenticate_person', 'navigation', 'operate_drawer']}, None, None
0.17, [DEBUG], logger, Simulation open, None, None
10.00, [INFO], robot4, {'y': 34.123, 'x': -33.333, 'yaw': -3.142}, None, None
10.09, [INFO], robot4, {'battery-level': '64.67'}, None, None
20.02, [INFO], robot4, {'battery-level': '64.07'}, None, None
20.02, [INFO], robot4, {'y': 34.726, 'x': -35.338, 'yaw': 3.141}, None, None
30.02, [INFO], robot4, {'y': 33.617, 'x': -37.016, 'yaw': 3.14}, None, None
30.02, [INFO], robot4, {'battery-level': '63.47'}, None, None
40.08, [INFO], robot4, {'battery-level': '62.87'}, None, None
40.08, [INFO], robot4, {'y': 31.501, 'x': -37.02, 'yaw': -3.141}, None, None
49.92, [INFO], robot4, {'y': 29.408, 'x': -37.008, 'yaw': -3.142}, None, None
50.02, [INFO], robot4, {'battery-level': '62.27'}, None, None
60.04, [INFO], robot4, {'battery-level': '61.67'}, None, None
60.04, [INFO], robot4, {'y': 27.294, 'x': -37.031, 'yaw': 3.141}, None, None
70.05, [INFO], robot4, {'battery-level': '61.07'}, None, None
70.05, [INFO], robot4, {'y': 25.173, 'x': -36.996, 'yaw': 3.142}, None, None
80.01, [INFO], robot4, {'y': 23.066, 'x': -37.057, 'yaw': 3.14}, None, None
80.01, [INFO], robot4, {'battery-level': '60.47'}, None, None
90.00, [INFO], robot4, {'y': 21.331, 'x': -37.699, 'yaw': 3.141}, None, None
90.00, [INFO], robot4, {'battery-level': '59.87'}, None, None
98.86, [info], nurse, sync, received-request, (status=sending-request)
98.86, [info], nurse, sync, request-sent, (status=waiting)
98.96, [info], nurse, sync, wait-message, (status=message-received)
100.02, [INFO], robot4, {'y': 21.294, 'x': -38.031, 'yaw': 3.141}, None, None
100.02, [INFO], robot4, {'battery-level': '59.27'}, None, None
110.08, [INFO], robot4, {'battery-level': '58.67'}, None, None
110.08, [INFO], robot4, {'y': 19.838, 'x': -37.149, 'yaw': 3.141}, None, None
119.98, [INFO], robot4, {'y': 17.721, 'x': -37.115, 'yaw': 3.141}, None, None
120.07, [INFO], robot4, {'battery-level': '58.07'}, None, None
130.09, [INFO], robot4, {'y': 15.978, 'x': -36.424, 'yaw': 3.142}, None, None
130.09, [INFO], robot4, {'battery-level': '57.47'}, None, None
140.05, [INFO], robot4, {'battery-level': '56.87'}, None, None
140.05, [INFO], robot4, {'y': 15.347, 'x': -34.378, 'yaw': 3.14}, None, None
150.04, [INFO], robot4, {'battery-level': '56.27'}, None, None
150.04, [INFO], robot4, {'y': 15.485, 'x': -32.254, 'yaw': 3.142}, None, None
160.01, [INFO], robot4, {'y': 15.587, 'x': -30.149, 'yaw': 3.14}, None, None
160.01, [INFO], robot4, {'battery-level': '55.67'}, None, None
170.06, [INFO], robot4, {'battery-level': '55.07'}, None, None
170.06, [INFO], robot4, {'y': 15.743, 'x': -28.038, 'yaw': 3.142}, None, None
180.04, [INFO], robot4, {'battery-level': '54.47'}, None, None
180.04, [INFO], robot4, {'y': 15.491, 'x': -26.008, 'yaw': -3.142}, None, None
190.06, [INFO], robot4, {'battery-level': '53.87'}, None, None
190.06, [INFO], robot4, {'y': 13.402, 'x': -25.707, 'yaw': -3.142}, None, None
200.03, [INFO], robot4, {'battery-level': '53.27'}, None, None
200.03, [INFO], robot4, {'y': 12.872, 'x': -25.945, 'yaw': 3.142}, None, None
207.73, [info], lab_arm, sync, wait-message, (status=message-received)
208.70, [WARN], robot4, SUCCESS, None, None
210.07, [INFO], robot4, {'battery-level': '52.67'}, None, None
210.07, [INFO], robot4, {'y': 12.876, 'x': -25.977, 'yaw': -3.142}, None, None
220.05, [INFO], robot4, {'battery-level': '52.07'}, None, None
220.05, [INFO], robot4, {'y': 12.876, 'x': -25.977, 'yaw': -3.142}, None, None
230.04, [INFO], robot4, {'y': 12.876, 'x': -25.977, 'yaw': -3.142}, None, None
230.04, [INFO], robot4, {'battery-level': '51.47'}, None, None
