0.00, [DEBUG], logger, ROBOTS_CONFIG={'avg_speed': 0.15, 'battery_charge': 0.634952869577942, 'battery_discharge_rate': 0.00054, 'id': 2, 'local_plan': [['navigation', ['IC Room 2', [[-19.0, 18.0, -1.57], [-19.0, 16.0], [-37.0, 16.0], [-37.0, 21.5], [-38.0, 21.5, 0.0]]], 'navto_room'], ['approach_person', ['nurse'], 'approach_nurse'], ['authenticate_person', ['nurse'], 'authenticate_nurse'], ['operate_drawer', ['open'], 'open_drawer_for_nurse'], ['send_message', ['nurse'], 'notify_nurse_of_open_drawer_for_nurse_completed'], ['wait_message', ['nurse'], 'wait_nurse_to_complete_deposit'], ['operate_drawer', ['close'], 'close_drawer_nurse'], ['navigation', ['Laboratory', [[-38.0, 21.5, 0.0], [-37.0, 21.5], [-37.0, 16.0], [-26.0, 16.0], [-26.0, 13.0, 1.57]]], 'navto_lab'], ['approach_robot', ['lab_arm'], 'approach_arm'], ['operate_drawer', ['open'], 'open_drawer_lab'], ['send_message', ['lab_arm'], 'notify_lab_arm_of_open_drawer_lab_completed'], ['wait_message', ['lab_arm'], 'wait_lab_arm_to_complete_pick_up_sample'], ['operate_drawer', ['close'], 'close_drawer_lab']], 'location': 'PC Room 6', 'name': 'r2', 'position': [-19.0, 18.0, -1.57], 'skills': ['approach_person', 'approach_robot', 'authenticate_person', 'navigation', 'operate_drawer']}, None, None
0.00, [DEBUG], logger, Simulation open, None, None
10.07, [INFO], robot2, {'y': 17.519, 'x': -19.18, 'yaw': -3.141}, None, None
10.07, [INFO], robot2, {'battery-level': '63.01'}, None, None
20.04, [INFO], robot2, {'y': 16.17, 'x': -20.209, 'yaw': -3.141}, None, None
20.04, [INFO], robot2, {'battery-level': '62.47'}, None, None
30.04, [INFO], robot2, {'battery-level': '61.93'}, None, None
30.04, [INFO], robot2, {'y': 16.146, 'x': -22.32, 'yaw': 3.141}, None, None
40.08, [INFO], robot2, {'battery-level': '61.39'}, None, None
40.08, [INFO], robot2, {'y': 16.149, 'x': -24.436, 'yaw': 3.141}, None, None
50.10, [INFO], robot2, {'y': 16.093, 'x': -26.563, 'yaw': -3.14}, None, None
50.10, [INFO], robot2, {'battery-level': '60.85'}, None, None
60.03, [INFO], robot2, {'battery-level': '60.31'}, None, None
60.03, [INFO], robot2, {'y': 16.193, 'x': -28.657, 'yaw': 3.142}, None, None
70.02, [INFO], robot2, {'battery-level': '59.77'}, None, None
70.02, [INFO], robot2, {'y': 16.196, 'x': -30.766, 'yaw': 3.142}, None, None
80.01, [INFO], robot2, {'battery-level': '59.23'}, None, None
80.01, [INFO], robot2, {'y': 15.806, 'x': -32.869, 'yaw': -3.142}, None, None
90.07, [INFO], robot2, {'battery-level': '58.69'}, None, None
90.07, [INFO], robot2, {'y': 15.403, 'x': -34.962, 'yaw': -3.141}, None, None
100.08, [INFO], robot2, {'y': 16.21, 'x': -36.609, 'yaw': -3.141}, None, None
100.08, [INFO], robot2, {'battery-level': '58.15'}, None, None
110.00, [INFO], robot2, {'battery-level': '57.61'}, None, None
110.00, [INFO], robot2, {'y': 18.308, 'x': -36.682, 'yaw': -3.142}, None, None
120.02, [INFO], robot2, {'battery-level': '57.07'}, None, None
120.02, [INFO], robot2, {'y': 20.418, 'x': -36.868, 'yaw': 3.141}, None, None
130.06, [INFO], robot2, {'battery-level': '56.53'}, None, None
130.06, [INFO], robot2, {'y': 21.518, 'x': -38.009, 'yaw': 3.141}, None, None
140.03, [INFO], robot2, {'y': 21.431, 'x': -38.091, 'yaw': -3.142}, None, None
140.03, [INFO], robot2, {'battery-level': '55.99'}, None, None
141.69, [info], nurse, sync, received-request, (status=sending-request)
141.69, [info], nurse, sync, request-sent, (status=waiting)
141.69, [info], nurse, sync, wait-message, (status=message-received)
150.09, [INFO], robot2, {'battery-level': '55.45'}, None, None
150.09, [INFO], robot2, {'y': 20.574, 'x': -37.218, 'yaw': 3.141}, None, None
160.08, [INFO], robot2, {'y': 18.462, 'x': -37.152, 'yaw': -3.142}, None, None
160.08, [INFO], robot2, {'battery-level': '54.91'}, None, None
170.01, [INFO], robot2, {'y': 16.355, 'x': -37.018, 'yaw': 3.14}, None, None
170.01, [INFO], robot2, {'battery-level': '54.37'}, None, None
180.02, [INFO], robot2, {'y': 15.527, 'x': -35.075, 'yaw': -3.142}, None, None
180.02, [INFO], robot2, {'battery-level': '53.83'}, None, None
190.07, [INFO], robot2, {'y': 15.482, 'x': -32.945, 'yaw': 3.142}, None, None
190.07, [INFO], robot2, {'battery-level': '53.29'}, None, None
200.00, [INFO], robot2, {'battery-level': '52.75'}, None, None
200.00, [INFO], robot2, {'y': 15.542, 'x': -30.84, 'yaw': -3.141}, None, None
209.98, [INFO], robot2, {'battery-level': '52.21'}, None, None
210.08, [INFO], robot2, {'y': 15.789, 'x': -28.716, 'yaw': 3.141}, None, None
220.02, [INFO], robot2, {'y': 15.867, 'x': -26.621, 'yaw': 3.142}, None, None
220.02, [INFO], robot2, {'battery-level': '51.67'}, None, None
230.02, [INFO], robot2, {'battery-level': '51.13'}, None, None
230.02, [INFO], robot2, {'y': 14.197, 'x': -25.729, 'yaw': -3.14}, None, None
240.09, [INFO], robot2, {'battery-level': '50.59'}, None, None
240.09, [INFO], robot2, {'y': 12.911, 'x': -25.966, 'yaw': 3.141}, None, None
246.17, [info], lab_arm, sync, wait-message, (status=message-received)
247.16, [WARN], robot2, SUCCESS, None, None
250.01, [INFO], robot2, {'battery-level': '50.05'}, None, None
250.01, [INFO], robot2, {'y': 12.902, 'x': -25.964, 'yaw': -3.142}, None, None
260.04, [INFO], robot2, {'y': 12.902, 'x': -25.964, 'yaw': -3.142}, None, None
260.04, [INFO], robot2, {'battery-level': '49.51'}, None, None
