0.13, [DEBUG], logger, ROBOTS_CONFIG={'avg_speed': 0.15, 'battery_charge': 0.2817995261312799, 'battery_discharge_rate': 0.0002, 'id': 5, 'local_plan': [['navigation', ['IC Room 6', [[-13.5, 18.0, -1.57], [-13.5, 16.0], [-37.0, 16.0], [-37.0, 18.93], [-33.9, 18.93, 3.14]]], 'navto_room'], ['approach_person', ['nurse'], 'approach_nurse'], ['authenticate_person', ['nurse'], 'authenticate_nurse'], ['operate_drawer', ['open'], 'open_drawer_for_nurse'], ['send_message', ['nurse'], 'notify_nurse_of_open_drawer_for_nurse_completed'], ['wait_message', ['nurse'], 'wait_nurse_to_complete_deposit'], ['operate_drawer', ['close'], 'close_drawer_nurse'], ['navigation', ['Laboratory', [[-33.9, 18.93, 3.14], [-37.0, 18.93], [-37.0, 16.0], [-26.0, 16.0], [-26.0, 13.0, 1.57]]], 'navto_lab'], ['approach_robot', ['lab_arm'], 'approach_arm'], ['operate_drawer', ['open'], 'open_drawer_lab'], ['send_message', ['lab_arm'], 'notify_lab_arm_of_open_drawer_lab_completed'], ['wait_message', ['lab_arm'], 'wait_lab_arm_to_complete_pick_up_sample'], ['operate_drawer', ['close'], 'close_drawer_lab']], 'location': 'PC Room 7', 'name': 'r5', 'position': [-13.5, 18.0, -1.57], 'skills': ['approach_person', 'approach_robot', 'authenticate_person', 'navigation', 'operate_drawer']}, None, None
0.13, [DEBUG], logger, Simulation open, None, None
10.09, [INFO], robot5, {'y': 17.629, 'x': -13.499, 'yaw': -3.142}, None, None
10.09, [INFO], robot5, {'battery-level': '28.00'}, None, None
20.06, [INFO], robot5, {'battery-level': '27.80'}, None, None
20.06, [INFO], robot5, {'y': 15.963, 'x': -14.144, 'yaw': 3.14}, None, None
30.01, [INFO], robot5, {'y': 15.832, 'x': -16.253, 'yaw': 3.141}, None, None
30.01, [INFO], robot5, {'battery-level': '27.60'}, None, None
40.09, [INFO], robot5, {'y': 15.897, 'x': -18.373, 'yaw': -3.14}, None, None
40.09, [INFO], robot5, {'battery-level': '27.40'}, None, None
50.08, [INFO], robot5, {'y': 16.087, 'x': -20.471, 'yaw': 3.136}, None, None
50.08, [INFO], robot5, {'battery-level': '27.20'}, None, None
60.00, [INFO], robot5, {'battery-level': '27.00'}, None, None
60.00, [INFO], robot5, {'y': 16.096, 'x': -22.556, 'yaw': 3.141}, None, None
70.03, [INFO], robot5, {'battery-level': '26.80'}, None, None
70.03, [INFO], robot5, {'y': 16.023, 'x': -24.664, 'yaw': 3.141}, None, None
80.03, [INFO], robot5, {'battery-level': '26.60'}, None, None
80.03, [INFO], robot5, {'y': 16.041, 'x': -26.773, 'yaw': 3.142}, None, None
90.03, [INFO], robot5, {'y': 16.125, 'x': -28.872, 'yaw': 3.141}, None, None
90.03, [INFO], robot5, {'battery-level': '26.40'}, None, None
100.08, [INFO], robot5, {'battery-level': '26.20'}, None, None
100.08, [INFO], robot5, {'y': 16.012, 'x': -30.994, 'yaw': 3.14}, None, None
110.03, [INFO], robot5, {'battery-level': '26.00'}, None, None
110.03, [INFO], robot5, {'y': 15.784, 'x': -33.086, 'yaw': -3.142}, None, None
120.05, [INFO], robot5, {'battery-level': '25.80'}, None, None
120.05, [INFO], robot5, {'y': 15.391, 'x': -35.18, 'yaw': 3.141}, None, None
130.10, [INFO], robot5, {'battery-level': '25.60'}, None, None
130.10, [INFO], robot5, {'y': 16.288, 'x': -36.841, 'yaw': -3.141}, None, None
140.09, [INFO], robot5, {'battery-level': '25.40'}, None, None
140.09, [INFO], robot5, {'y': 17.658, 'x': -36.777, 'yaw': -3.141}, None, None
149.95, [INFO], robot5, {'battery-level': '25.20'}, None, None
149.95, [INFO], robot5, {'y': 17.82, 'x': -36.638, 'yaw': 3.141}, None, None
160.00, [INFO], robot5, {'battery-level': '25.00'}, None, None
160.00, [INFO], robot5, {'y': 18.093, 'x': -35.983, 'yaw': -3.141}, None, None
170.01, [INFO], robot5, {'y': 17.802, 'x': -36.076, 'yaw': -3.142}, None, None
170.01, [INFO], robot5, {'battery-level': '24.80'}, None, None
180.09, [INFO], robot5, {'battery-level': '24.60'}, None, None
180.09, [INFO], robot5, {'y': 18.244, 'x': -35.765, 'yaw': 3.14}, None, None
190.04, [INFO], robot5, {'battery-level': '24.40'}, None, None
190.04, [INFO], robot5, {'y': 18.378, 'x': -35.747, 'yaw': -3.137}, None, None
200.05, [INFO], robot5, {'battery-level': '24.20'}, None, None
200.05, [INFO], robot5, {'y': 18.384, 'x': -35.749, 'yaw': 3.142}, None, None
210.01, [INFO], robot5, {'battery-level': '24.00'}, None, None
210.01, [INFO], robot5, {'y': 18.384, 'x': -35.751, 'yaw': -3.142}, None, None
220.09, [INFO], robot5, {'y': 18.312, 'x': -35.627, 'yaw': 3.136}, None, None
220.09, [INFO], robot5, {'battery-level': '23.80'}, None, None
224.50, [WARN], robot5, SKILL-FAILURE, navigation, navto_room
230.07, [INFO], robot5, {'battery-level': '23.60'}, None, None
230.07, [INFO], robot5, {'y': 18.278, 'x': -35.648, 'yaw': -3.136}, None, None
