0.00, [INFO], robot3, {'battery-level': '46.27'}, None, None
0.00, [DEBUG], nurse, NURSE_CONFIG={'location': 'IC Room 6', 'position': [-33.9, 18.93, 3.14]}, None, None
0.15, [DEBUG], logger, ROBOTS_CONFIG={'avg_speed': 0.15, 'battery_charge': 0.462681764358839, 'battery_discharge_rate': 0.00036, 'id': 3, 'local_plan': [['navigation', ['IC Room 6', [[-38.0, 21.5, 0.0], [-37.0, 21.5], [-37.0, 18.93], [-33.9, 18.93, 3.14]]], 'navto_room'], ['approach_person', ['nurse'], 'approach_nurse'], ['authenticate_person', ['nurse'], 'authenticate_nurse'], ['operate_drawer', ['open'], 'open_drawer_for_nurse'], ['send_message', ['nurse'], 'notify_nurse_of_open_drawer_for_nurse_completed'], ['wait_message', ['nurse'], 'wait_nurse_to_complete_deposit'], ['operate_drawer', ['close'], 'close_drawer_nurse'], ['navigation', ['Laboratory', [[-33.9, 18.93, 3.14], [-37.0, 18.93], [-37.0, 16.0], [-26.0, 16.0], [-26.0, 13.0, 1.57]]], 'navto_lab'], ['approach_robot', ['lab_arm'], 'approach_arm'], ['operate_drawer', ['open'], 'open_drawer_lab'], ['send_message', ['lab_arm'], 'notify_lab_arm_of_open_drawer_lab_completed'], ['wait_message', ['lab_arm'], 'wait_lab_arm_to_complete_pick_up_sample'], ['operate_drawer', ['close'], 'close_drawer_lab']], 'location': 'IC Room 2', 'name': 'r3', 'position': [-38.0, 21.5, 0.0], 'skills': ['approach_person', 'approach_robot', 'authenticate_person', 'navigation', 'operate_drawer']}, None, None
0.15, [DEBUG], logger, Simulation open, None, None
10.03, [INFO], robot3, {'battery-level': '45.94'}, None, None
20.10, [INFO], robot3, {'battery-level': '45.58'}, None, None
30.09, [INFO], robot3, {'battery-level': '45.22'}, None, None
40.08, [INFO], robot3, {'battery-level': '44.86'}, None, None
50.04, [INFO], robot3, {'battery-level': '44.50'}, None, None
60.08, [INFO], robot3, {'battery-level': '44.14'}, None, None
70.06, [INFO], robot3, {'battery-level': '43.78'}, None, None
80.03, [INFO], robot3, {'battery-level': '43.42'}, None, None
90.09, [INFO], robot3, {'battery-level': '43.06'}, None, None
100.07, [INFO], robot3, {'battery-level': '42.70'}, None, None
110.05, [INFO], robot3, {'battery-level': '42.34'}, None, None
120.04, [INFO], robot3, {'battery-level': '41.98'}, None, None
130.03, [INFO], robot3, {'battery-level': '41.62'}, None, None
140.01, [INFO], robot3, {'battery-level': '41.26'}, None, None
150.07, [INFO], robot3, {'battery-level': '40.90'}, None, None
160.05, [INFO], robot3, {'battery-level': '40.54'}, None, None
170.04, [INFO], robot3, {'battery-level': '40.18'}, None, None
180.01, [INFO], robot3, {'battery-level': '39.82'}, None, None
190.07, [INFO], robot3, {'battery-level': '39.46'}, None, None
200.07, [INFO], robot3, {'battery-level': '39.10'}, None, None
210.07, [INFO], robot3, {'battery-level': '38.74'}, None, None
220.07, [INFO], robot3, {'battery-level': '38.38'}, None, None
230.07, [INFO], robot3, {'battery-level': '38.02'}, None, None
240.01, [INFO], robot3, {'battery-level': '37.66'}, None, None
250.09, [INFO], robot3, {'battery-level': '37.30'}, None, None
260.07, [INFO], robot3, {'battery-level': '36.94'}, None, None
270.06, [INFO], robot3, {'battery-level': '36.58'}, None, None
280.07, [INFO], robot3, {'battery-level': '36.22'}, None, None
290.03, [INFO], robot3, {'battery-level': '35.86'}, None, None
300.06, [INFO], robot3, {'battery-level': '35.50'}, None, None
310.05, [INFO], robot3, {'battery-level': '35.14'}, None, None
320.02, [INFO], robot3, {'battery-level': '34.78'}, None, None
330.00, [INFO], robot3, {'battery-level': '34.42'}, None, None
340.00, [INFO], robot3, {'battery-level': '34.06'}, None, None
350.09, [INFO], robot3, {'battery-level': '33.70'}, None, None
360.06, [INFO], robot3, {'battery-level': '33.34'}, None, None
370.06, [INFO], robot3, {'battery-level': '32.98'}, None, None
380.03, [INFO], robot3, {'battery-level': '32.62'}, None, None
390.09, [INFO], robot3, {'battery-level': '32.26'}, None, None
400.07, [INFO], robot3, {'battery-level': '31.90'}, None, None
410.05, [INFO], robot3, {'battery-level': '31.54'}, None, None
420.05, [INFO], robot3, {'battery-level': '31.18'}, None, None
430.03, [INFO], robot3, {'battery-level': '30.82'}, None, None
440.02, [INFO], robot3, {'battery-level': '30.46'}, None, None
450.01, [INFO], robot3, {'battery-level': '30.10'}, None, None
460.01, [INFO], robot3, {'battery-level': '29.74'}, None, None
470.08, [INFO], robot3, {'battery-level': '29.38'}, None, None
480.07, [INFO], robot3, {'battery-level': '29.02'}, None, None
490.02, [INFO], robot3, {'battery-level': '28.66'}, None, None
500.10, [INFO], robot3, {'battery-level': '28.30'}, None, None
510.04, [INFO], robot3, {'battery-level': '27.94'}, None, None
520.05, [INFO], robot3, {'battery-level': '27.58'}, None, None
530.06, [INFO], robot3, {'battery-level': '27.22'}, None, None
540.08, [INFO], robot3, {'battery-level': '26.86'}, None, None
550.07, [INFO], robot3, {'battery-level': '26.50'}, None, None
560.05, [INFO], robot3, {'battery-level': '26.14'}, None, None
570.04, [INFO], robot3, {'battery-level': '25.78'}, None, None
580.03, [INFO], robot3, {'battery-level': '25.42'}, None, None
590.07, [INFO], robot3, {'battery-level': '25.06'}, None, None
600.01, [INFO], robot3, {'battery-level': '24.70'}, None, None
610.07, [INFO], robot3, {'battery-level': '24.34'}, None, None
620.03, [INFO], robot3, {'battery-level': '23.98'}, None, None
630.04, [INFO], robot3, {'battery-level': '23.62'}, None, None
640.07, [INFO], robot3, {'battery-level': '23.26'}, None, None
650.03, [INFO], robot3, {'battery-level': '22.90'}, None, None
660.03, [INFO], robot3, {'battery-level': '22.54'}, None, None
670.07, [INFO], robot3, {'battery-level': '22.18'}, None, None
680.07, [INFO], robot3, {'battery-level': '21.82'}, None, None
690.03, [INFO], robot3, {'battery-level': '21.46'}, None, None
700.02, [INFO], robot3, {'battery-level': '21.10'}, None, None
710.01, [INFO], robot3, {'battery-level': '20.74'}, None, None
720.01, [INFO], robot3, {'battery-level': '20.38'}, None, None
730.01, [INFO], robot3, {'battery-level': '20.02'}, None, None
740.07, [INFO], robot3, {'battery-level': '19.66'}, None, None
750.06, [INFO], robot3, {'battery-level': '19.30'}, None, None
760.05, [INFO], robot3, {'battery-level': '18.94'}, None, None
770.04, [INFO], robot3, {'battery-level': '18.58'}, None, None
780.04, [INFO], robot3, {'battery-level': '18.22'}, None, None
790.03, [INFO], robot3, {'battery-level': '17.86'}, None, None
800.07, [INFO], robot3, {'battery-level': '17.50'}, None, None
809.93, [INFO], robot3, {'battery-level': '17.14'}, None, None
820.02, [INFO], robot3, {'battery-level': '16.78'}, None, None
830.02, [INFO], robot3, {'battery-level': '16.42'}, None, None
840.01, [INFO], robot3, {'battery-level': '16.06'}, None, None
850.09, [INFO], robot3, {'battery-level': '15.70'}, None, None
860.09, [INFO], robot3, {'battery-level': '15.34'}, None, None

[WARN], logger, TIMEOUT, None, None
