0.00, [DEBUG], nurse, NURSE_CONFIG={'location': 'IC Room 6', 'position': [-33.9, 18.93, 3.14]}, None, None
0.00, [INFO], robot2, {'battery-level': '83.45'}, None, None
0.00, [DEBUG], logger, ROBOTS_CONFIG={'avg_speed': 0.15, 'battery_charge': 0.8344531419634984, 'battery_discharge_rate': 0.00054, 'id': 2, 'local_plan': [['navigation', ['IC Room 6', [[-19.0, 18.0, -1.57], [-19.0, 16.0], [-37.0, 16.0], [-37.0, 18.93], [-33.9, 18.93, 3.14]]], 'navto_room'], ['approach_person', ['nurse'], 'approach_nurse'], ['authenticate_person', ['nurse'], 'authenticate_nurse'], ['operate_drawer', ['open'], 'open_drawer_for_nurse'], ['send_message', ['nurse'], 'notify_nurse_of_open_drawer_for_nurse_completed'], ['wait_message', ['nurse'], 'wait_nurse_to_complete_deposit'], ['operate_drawer', ['close'], 'close_drawer_nurse'], ['navigation', ['Laboratory', [[-33.9, 18.93, 3.14], [-37.0, 18.93], [-37.0, 16.0], [-26.0, 16.0], [-26.0, 13.0, 1.57]]], 'navto_lab'], ['approach_robot', ['lab_arm'], 'approach_arm'], ['operate_drawer', ['open'], 'open_drawer_lab'], ['send_message', ['lab_arm'], 'notify_lab_arm_of_open_drawer_lab_completed'], ['wait_message', ['lab_arm'], 'wait_lab_arm_to_complete_pick_up_sample'], ['operate_drawer', ['close'], 'close_drawer_lab']], 'location': 'PC Room 6', 'name': 'r2', 'position': [-19.0, 18.0, -1.57], 'skills': ['approach_person', 'approach_robot', 'authenticate_person', 'navigation', 'operate_drawer']}, None, None
0.00, [DEBUG], logger, Simulation open, None, None
10.03, [INFO], robot2, {'battery-level': '82.96'}, None, None
10.03, [INFO], robot2, {'y': 17.434, 'x': -19.225, 'yaw': -3.141}, None, None
20.09, [INFO], robot2, {'battery-level': '82.42'}, None, None
20.09, [INFO], robot2, {'y': 16.214, 'x': -20.34, 'yaw': -3.142}, None, None
30.01, [INFO], robot2, {'battery-level': '81.88'}, None, None
30.01, [INFO], robot2, {'y': 16.195, 'x': -22.442, 'yaw': 3.141}, None, None
40.05, [INFO], robot2, {'battery-level': '81.34'}, None, None
40.05, [INFO], robot2, {'y': 16.112, 'x': -24.557, 'yaw': 3.14}, None, None
50.00, [INFO], robot2, {'battery-level': '80.80'}, None, None
50.00, [INFO], robot2, {'y': 16.108, 'x': -26.664, 'yaw': 3.141}, None, None
60.03, [INFO], robot2, {'y': 16.219, 'x': -28.781, 'yaw': 3.137}, None, None
60.03, [INFO], robot2, {'battery-level': '80.26'}, None, None
70.04, [INFO], robot2, {'y': 16.136, 'x': -30.888, 'yaw': 3.141}, None, None
70.04, [INFO], robot2, {'battery-level': '79.72'}, None, None
80.09, [INFO], robot2, {'battery-level': '79.18'}, None, None
80.09, [INFO], robot2, {'y': 15.776, 'x': -33.008, 'yaw': 3.142}, None, None
90.00, [INFO], robot2, {'battery-level': '78.64'}, None, None
90.00, [INFO], robot2, {'y': 15.403, 'x': -35.079, 'yaw': -3.141}, None, None
100.00, [INFO], robot2, {'y': 16.178, 'x': -36.946, 'yaw': 3.141}, None, None
100.00, [INFO], robot2, {'battery-level': '78.10'}, None, None
109.95, [INFO], robot2, {'battery-level': '77.56'}, None, None
110.05, [INFO], robot2, {'y': 17.602, 'x': -36.921, 'yaw': -3.142}, None, None
120.09, [INFO], robot2, {'battery-level': '77.02'}, None, None
120.09, [INFO], robot2, {'y': 17.701, 'x': -36.882, 'yaw': 3.141}, None, None
130.07, [INFO], robot2, {'battery-level': '76.48'}, None, None
130.07, [INFO], robot2, {'y': 17.718, 'x': -36.871, 'yaw': -3.141}, None, None
140.07, [INFO], robot2, {'battery-level': '75.94'}, None, None
140.07, [INFO], robot2, {'y': 17.937, 'x': -36.233, 'yaw': 3.142}, None, None
150.07, [INFO], robot2, {'battery-level': '75.40'}, None, None
150.07, [INFO], robot2, {'y': 18.274, 'x': -35.628, 'yaw': -3.141}, None, None
160.06, [INFO], robot2, {'y': 18.042, 'x': -35.73, 'yaw': -3.142}, None, None
160.06, [INFO], robot2, {'battery-level': '74.86'}, None, None
170.02, [INFO], robot2, {'battery-level': '74.32'}, None, None
170.02, [INFO], robot2, {'y': 18.215, 'x': -35.746, 'yaw': 3.141}, None, None
180.04, [INFO], robot2, {'y': 18.216, 'x': -35.749, 'yaw': -3.142}, None, None
180.04, [INFO], robot2, {'battery-level': '73.78'}, None, None
190.10, [INFO], robot2, {'y': 18.216, 'x': -35.749, 'yaw': -3.142}, None, None
190.10, [INFO], robot2, {'battery-level': '73.24'}, None, None
200.05, [INFO], robot2, {'battery-level': '72.70'}, None, None
200.05, [INFO], robot2, {'y': 18.216, 'x': -35.749, 'yaw': 3.142}, None, None
210.09, [INFO], robot2, {'battery-level': '72.16'}, None, None
210.09, [INFO], robot2, {'y': 18.252, 'x': -35.751, 'yaw': 3.142}, None, None
220.06, [INFO], robot2, {'battery-level': '71.62'}, None, None
220.06, [INFO], robot2, {'y': 18.251, 'x': -35.751, 'yaw': 3.142}, None, None
225.53, [WARN], robot2, SKILL-FAILURE, navigation, navto_room
230.00, [INFO], robot2, {'battery-level': '71.08'}, None, None
230.00, [INFO], robot2, {'y': 18.251, 'x': -35.751, 'yaw': -3.142}, None, None
