0.00, [DEBUG], logger, ROBOTS_CONFIG={'avg_speed': 0.15, 'battery_charge': 0.6520875066754872, 'battery_discharge_rate': 0.0006000000000000001, 'id': 4, 'local_plan': [['navigation', ['IC Room 2', [[-32.88, 33.98, 3.14], [-37.0, 33.98], [-37.0, 21.5], [-38.0, 21.5, 0.0]]], 'navto_room'], ['approach_person', ['nurse'], 'approach_nurse'], ['authenticate_person', ['nurse'], 'authenticate_nurse'], ['operate_drawer', ['open'], 'open_drawer_for_nurse'], ['send_message', ['nurse'], 'notify_nurse_of_open_drawer_for_nurse_completed'], ['wait_message', ['nurse'], 'wait_nurse_to_complete_deposit'], ['operate_drawer', ['close'], 'close_drawer_nurse'], ['navigation', ['Laboratory', [[-38.0, 21.5, 0.0], [-37.0, 21.5], [-37.0, 16.0], [-26.0, 16.0], [-26.0, 13.0, 1.57]]], 'navto_lab'], ['approach_robot', ['lab_arm'], 'approach_arm'], ['operate_drawer', ['open'], 'open_drawer_lab'], ['send_message', ['lab_arm'], 'notify_lab_arm_of_open_drawer_lab_completed'], ['wait_message', ['lab_arm'], 'wait_lab_arm_to_complete_pick_up_sample'], ['operate_drawer', ['close'], 'close_drawer_lab']], 'location': 'IC Room 5', 'name': 'r4', 'position': [-32.88, 33.98, 3.14], 'skills': ['approach_person', 'approach_robot', 'authenticate_person', 'navigation', 'operate_drawer']}, None, None
0.00, [DEBUG], logger, Simulation open, None, None
10.03, [INFO], robot4, {'battery-level': '64.67'}, None, None
10.03, [INFO], robot4, {'y': 34.205, 'x': -33.472, 'yaw': 3.142}, None, None
20.09, [INFO], robot4, {'y': 34.703, 'x': -35.523, 'yaw': 3.141}, None, None
20.09, [INFO], robot4, {'battery-level': '64.07'}, None, None
30.04, [INFO], robot4, {'y': 33.468, 'x': -36.953, 'yaw': -3.142}, None, None
30.04, [INFO], robot4, {'battery-level': '63.47'}, None, None
40.01, [INFO], robot4, {'y': 31.35, 'x': -36.94, 'yaw': -3.142}, None, None
40.01, [INFO], robot4, {'battery-level': '62.87'}, None, None
50.02, [INFO], robot4, {'y': 29.239, 'x': -36.928, 'yaw': -3.142}, None, None
50.02, [INFO], robot4, {'battery-level': '62.27'}, None, None
60.05, [INFO], robot4, {'battery-level': '61.67'}, None, None
60.05, [INFO], robot4, {'y': 27.113, 'x': -36.942, 'yaw': 3.142}, None, None
70.00, [INFO], robot4, {'battery-level': '61.07'}, None, None
70.00, [INFO], robot4, {'y': 25.019, 'x': -36.994, 'yaw': 3.142}, None, None
80.03, [INFO], robot4, {'battery-level': '60.47'}, None, None
80.03, [INFO], robot4, {'y': 22.905, 'x': -37.058, 'yaw': 3.14}, None, None
90.04, [INFO], robot4, {'y': 21.42, 'x': -37.91, 'yaw': 3.142}, None, None
90.04, [INFO], robot4, {'battery-level': '59.87'}, None, None
97.61, [info], nurse, sync, received-request, (status=sending-request)
97.61, [info], nurse, sync, request-sent, (status=waiting)
97.61, [info], nurse, sync, wait-message, (status=message-received)
100.01, [INFO], robot4, {'battery-level': '59.27'}, None, None
100.01, [INFO], robot4, {'y': 21.365, 'x': -37.821, 'yaw': -3.142}, None, None
110.09, [INFO], robot4, {'battery-level': '58.67'}, None, None
110.09, [INFO], robot4, {'y': 19.679, 'x': -37.128, 'yaw': -3.142}, None, None
120.07, [INFO], robot4, {'battery-level': '58.07'}, None, None
120.07, [INFO], robot4, {'y': 17.573, 'x': -37.117, 'yaw': 3.141}, None, None
130.03, [INFO], robot4, {'battery-level': '57.47'}, None, None
130.03, [INFO], robot4, {'y': 15.8, 'x': -36.47, 'yaw': 3.141}, None, None
140.09, [INFO], robot4, {'y': 15.318, 'x': -34.375, 'yaw': 3.142}, None, None
140.09, [INFO], robot4, {'battery-level': '56.87'}, None, None
150.09, [INFO], robot4, {'y': 15.552, 'x': -32.261, 'yaw': 3.142}, None, None
150.09, [INFO], robot4, {'battery-level': '56.27'}, None, None
160.05, [INFO], robot4, {'y': 15.63, 'x': -30.163, 'yaw': 3.138}, None, None
160.05, [INFO], robot4, {'battery-level': '55.67'}, None, None
170.07, [INFO], robot4, {'y': 15.805, 'x': -28.058, 'yaw': 3.142}, None, None
170.07, [INFO], robot4, {'battery-level': '55.07'}, None, None
180.06, [INFO], robot4, {'y': 15.425, 'x': -26.132, 'yaw': 3.141}, None, None
180.06, [INFO], robot4, {'battery-level': '54.47'}, None, None
190.06, [INFO], robot4, {'battery-level': '53.87'}, None, None
190.06, [INFO], robot4, {'y': 13.361, 'x': -25.687, 'yaw': -3.142}, None, None
200.07, [INFO], robot4, {'battery-level': '53.27'}, None, None
200.07, [INFO], robot4, {'y': 12.865, 'x': -25.936, 'yaw': 3.142}, None, None
200.16, [info], lab_arm, sync, wait-message, (status=message-received)
201.12, [WARN], robot4, SUCCESS, None, None
