0.13, [DEBUG], logger, ROBOTS_CONFIG={'avg_speed': 0.15, 'battery_charge': 0.5914703710515797, 'battery_discharge_rate': 0.00048000000000000007, 'id': 1, 'local_plan': [['navigation', ['PC Room 3', [[-39.44, 33.95, 0.0], [-37.0, 33.95], [-37.0, 16.0], [-28.5, 16.0], [-28.5, 18.0, -1.57]]], 'navto_room'], ['approach_person', ['nurse'], 'approach_nurse'], ['authenticate_person', ['nurse'], 'authenticate_nurse'], ['operate_drawer', ['open'], 'open_drawer_for_nurse'], ['send_message', ['nurse'], 'notify_nurse_of_open_drawer_for_nurse_completed'], ['wait_message', ['nurse'], 'wait_nurse_to_complete_deposit'], ['operate_drawer', ['close'], 'close_drawer_nurse'], ['navigation', ['Laboratory', [[-28.5, 18.0, -1.57], [-28.5, 16.0], [-26.0, 16.0], [-26.0, 13.0, 1.57]]], 'navto_lab'], ['approach_robot', ['lab_arm'], 'approach_arm'], ['operate_drawer', ['open'], 'open_drawer_lab'], ['send_message', ['lab_arm'], 'notify_lab_arm_of_open_drawer_lab_completed'], ['wait_message', ['lab_arm'], 'wait_lab_arm_to_complete_pick_up_sample'], ['operate_drawer', ['close'], 'close_drawer_lab']], 'location': 'IC Room 4', 'name': 'r1', 'position': [-39.44, 33.95, 0.0], 'skills': ['approach_person', 'approach_robot', 'authenticate_person', 'navigation', 'operate_drawer']}, None, None
0.13, [DEBUG], logger, Simulation open, None, None
10.00, [INFO], robot1, {'y': 33.95, 'x': -39.44, 'yaw': 3.142}, None, None
10.00, [INFO], robot1, {'battery-level': '58.72'}, None, None
20.03, [INFO], robot1, {'y': 34.289, 'x': -38.675, 'yaw': -3.139}, None, None
20.03, [INFO], robot1, {'battery-level': '58.24'}, None, None
30.07, [INFO], robot1, {'y': 33.826, 'x': -37.051, 'yaw': -3.142}, None, None
30.07, [INFO], robot1, {'battery-level': '57.76'}, None, None
40.06, [INFO], robot1, {'battery-level': '57.28'}, None, None
40.06, [INFO], robot1, {'y': 31.72, 'x': -37.046, 'yaw': 3.14}, None, None
50.01, [INFO], robot1, {'battery-level': '56.80'}, None, None
50.01, [INFO], robot1, {'y': 29.621, 'x': -37.026, 'yaw': 3.141}, None, None
60.01, [INFO], robot1, {'battery-level': '56.32'}, None, None
60.01, [INFO], robot1, {'y': 27.51, 'x': -36.957, 'yaw': 3.141}, None, None
70.07, [INFO], robot1, {'y': 25.383, 'x': -37.042, 'yaw': 3.142}, None, None
70.07, [INFO], robot1, {'battery-level': '55.84'}, None, None
80.03, [INFO], robot1, {'battery-level': '55.36'}, None, None
80.03, [INFO], robot1, {'y': 23.279, 'x': -37.053, 'yaw': 3.14}, None, None
90.09, [INFO], robot1, {'y': 21.156, 'x': -37.18, 'yaw': -3.14}, None, None
90.09, [INFO], robot1, {'battery-level': '54.88'}, None, None
100.00, [INFO], robot1, {'battery-level': '54.40'}, None, None
100.00, [INFO], robot1, {'y': 19.056, 'x': -37.105, 'yaw': 3.142}, None, None
110.08, [INFO], robot1, {'y': 16.929, 'x': -37.069, 'yaw': 3.14}, None, None
110.08, [INFO], robot1, {'battery-level': '53.92'}, None, None
120.07, [INFO], robot1, {'battery-level': '53.44'}, None, None
120.07, [INFO], robot1, {'y': 15.827, 'x': -35.742, 'yaw': -3.141}, None, None
130.07, [INFO], robot1, {'battery-level': '52.96'}, None, None
130.07, [INFO], robot1, {'y': 15.363, 'x': -33.668, 'yaw': -3.141}, None, None
140.05, [INFO], robot1, {'y': 15.515, 'x': -31.562, 'yaw': -3.141}, None, None
140.05, [INFO], robot1, {'battery-level': '52.48'}, None, None
150.07, [INFO], robot1, {'battery-level': '52.00'}, None, None
150.07, [INFO], robot1, {'y': 15.723, 'x': -29.446, 'yaw': 3.141}, None, None
160.09, [INFO], robot1, {'y': 17.364, 'x': -28.632, 'yaw': -3.142}, None, None
160.09, [INFO], robot1, {'battery-level': '51.52'}, None, None
170.00, [INFO], robot1, {'y': 18.029, 'x': -28.551, 'yaw': 3.141}, None, None
170.00, [INFO], robot1, {'battery-level': '51.04'}, None, None
174.85, [info], nurse, sync, received-request, (status=sending-request)
174.85, [info], nurse, sync, request-sent, (status=waiting)
174.85, [info], nurse, sync, wait-message, (status=message-received)
180.09, [INFO], robot1, {'y': 17.179, 'x': -28.741, 'yaw': 3.141}, None, None
180.09, [INFO], robot1, {'battery-level': '50.56'}, None, None
190.06, [INFO], robot1, {'y': 16.088, 'x': -27.608, 'yaw': -3.142}, None, None
190.06, [INFO], robot1, {'battery-level': '50.08'}, None, None
200.10, [INFO], robot1, {'battery-level': '49.60'}, None, None
200.10, [INFO], robot1, {'y': 15.218, 'x': -25.965, 'yaw': 3.141}, None, None
210.07, [INFO], robot1, {'battery-level': '49.12'}, None, None
210.07, [INFO], robot1, {'y': 13.132, 'x': -25.759, 'yaw': -3.141}, None, None
220.02, [INFO], robot1, {'y': 12.873, 'x': -25.95, 'yaw': -3.141}, None, None
220.02, [INFO], robot1, {'battery-level': '48.64'}, None, None
222.92, [info], lab_arm, sync, wait-message, (status=message-received)
223.87, [WARN], robot1, SUCCESS, None, None
230.09, [INFO], robot1, {'y': 12.871, 'x': -25.949, 'yaw': -3.142}, None, None
230.09, [INFO], robot1, {'battery-level': '48.16'}, None, None
