0.00, [INFO], robot4, {'battery-level': '65.21'}, None, None
0.12, [DEBUG], logger, ROBOTS_CONFIG={'avg_speed': 0.15, 'battery_charge': 0.6520875066754872, 'battery_discharge_rate': 0.0005600000000000001, 'id': 4, 'local_plan': [['navigation', ['IC Room 6', [[-39.44, 33.95, 0.0], [-37.0, 33.95], [-37.0, 18.93], [-33.9, 18.93, 3.14]]], 'navto_room'], ['approach_person', ['nurse'], 'approach_nurse'], ['authenticate_person', ['nurse'], 'authenticate_nurse'], ['operate_drawer', ['open'], 'open_drawer_for_nurse'], ['send_message', ['nurse'], 'notify_nurse_of_open_drawer_for_nurse_completed'], ['wait_message', ['nurse'], 'wait_nurse_to_complete_deposit'], ['operate_drawer', ['close'], 'close_drawer_nurse'], ['navigation', ['Laboratory', [[-33.9, 18.93, 3.14], [-37.0, 18.93], [-37.0, 16.0], [-26.0, 16.0], [-26.0, 13.0, 1.57]]], 'navto_lab'], ['approach_robot', ['lab_arm'], 'approach_arm'], ['operate_drawer', ['open'], 'open_drawer_lab'], ['send_message', ['lab_arm'], 'notify_lab_arm_of_open_drawer_lab_completed'], ['wait_message', ['lab_arm'], 'wait_lab_arm_to_complete_pick_up_sample'], ['operate_drawer', ['close'], 'close_drawer_lab']], 'location': 'IC Room 4', 'name': 'r4', 'position': [-39.44, 33.95, 0.0], 'skills': ['approach_person', 'approach_robot', 'authenticate_person', 'navigation', 'operate_drawer']}, None, None
0.12, [DEBUG], logger, Simulation open, None, None
10.06, [INFO], robot4, {'battery-level': '64.70'}, None, None
10.06, [INFO], robot4, {'y': 34.017, 'x': -39.131, 'yaw': 3.142}, None, None
20.09, [INFO], robot4, {'battery-level': '64.14'}, None, None
20.09, [INFO], robot4, {'y': 34.267, 'x': -37.21, 'yaw': 3.141}, None, None
30.00, [INFO], robot4, {'y': 32.201, 'x': -37.042, 'yaw': 3.14}, None, None
30.00, [INFO], robot4, {'battery-level': '63.58'}, None, None
40.09, [INFO], robot4, {'battery-level': '63.02'}, None, None
40.09, [INFO], robot4, {'y': 30.084, 'x': -37.038, 'yaw': 3.141}, None, None
50.01, [INFO], robot4, {'battery-level': '62.46'}, None, None
50.01, [INFO], robot4, {'y': 27.98, 'x': -36.988, 'yaw': 3.141}, None, None
60.08, [INFO], robot4, {'battery-level': '61.90'}, None, None
60.08, [INFO], robot4, {'y': 25.858, 'x': -37.041, 'yaw': 3.141}, None, None
70.03, [INFO], robot4, {'y': 23.763, 'x': -37.004, 'yaw': 3.141}, None, None
70.03, [INFO], robot4, {'battery-level': '61.34'}, None, None
80.00, [INFO], robot4, {'battery-level': '60.78'}, None, None
80.00, [INFO], robot4, {'y': 21.666, 'x': -37.136, 'yaw': 3.141}, None, None
90.10, [INFO], robot4, {'battery-level': '60.22'}, None, None
90.10, [INFO], robot4, {'y': 19.53, 'x': -37.096, 'yaw': -3.142}, None, None
100.02, [INFO], robot4, {'battery-level': '59.66'}, None, None
100.02, [INFO], robot4, {'y': 17.858, 'x': -35.865, 'yaw': 3.141}, None, None
110.06, [INFO], robot4, {'battery-level': '59.10'}, None, None
110.06, [INFO], robot4, {'y': 18.658, 'x': -34.13, 'yaw': 3.141}, None, None
120.09, [INFO], robot4, {'y': 18.951, 'x': -33.919, 'yaw': 3.141}, None, None
120.09, [INFO], robot4, {'battery-level': '58.54'}, None, None
125.31, [info], nurse, sync, received-request, (status=sending-request)
125.31, [info], nurse, sync, request-sent, (status=waiting)
125.31, [info], nurse, sync, wait-message, (status=message-received)
130.10, [INFO], robot4, {'y': 18.481, 'x': -34.39, 'yaw': 3.142}, None, None
130.10, [INFO], robot4, {'battery-level': '57.98'}, None, None
140.09, [INFO], robot4, {'battery-level': '57.42'}, None, None
140.09, [INFO], robot4, {'y': 17.915, 'x': -36.002, 'yaw': 3.141}, None, None
150.02, [INFO], robot4, {'battery-level': '56.86'}, None, None
150.02, [INFO], robot4, {'y': 17.978, 'x': -36.101, 'yaw': -3.142}, None, None
160.09, [INFO], robot4, {'battery-level': '56.30'}, None, None
160.09, [INFO], robot4, {'y': 17.975, 'x': -36.103, 'yaw': 3.141}, None, None
170.04, [INFO], robot4, {'y': 17.319, 'x': -36.806, 'yaw': 3.141}, None, None
170.04, [INFO], robot4, {'battery-level': '55.74'}, None, None
180.07, [INFO], robot4, {'battery-level': '55.18'}, None, None
180.07, [INFO], robot4, {'y': 17.432, 'x': -36.881, 'yaw': 3.141}, None, None
190.03, [INFO], robot4, {'y': 17.329, 'x': -36.912, 'yaw': 3.142}, None, None
190.03, [INFO], robot4, {'battery-level': '54.62'}, None, None
200.04, [INFO], robot4, {'y': 17.276, 'x': -36.952, 'yaw': 3.14}, None, None
200.04, [INFO], robot4, {'battery-level': '54.06'}, None, None
210.09, [INFO], robot4, {'battery-level': '53.50'}, None, None
210.09, [INFO], robot4, {'y': 17.144, 'x': -36.993, 'yaw': -3.141}, None, None
220.05, [INFO], robot4, {'y': 17.251, 'x': -37.202, 'yaw': 3.142}, None, None
220.05, [INFO], robot4, {'battery-level': '52.94'}, None, None
230.07, [INFO], robot4, {'battery-level': '52.38'}, None, None
230.07, [INFO], robot4, {'y': 17.32, 'x': -36.878, 'yaw': -3.142}, None, None
240.04, [INFO], robot4, {'battery-level': '51.82'}, None, None
240.04, [INFO], robot4, {'y': 17.295, 'x': -36.935, 'yaw': 3.14}, None, None
250.10, [INFO], robot4, {'y': 17.304, 'x': -36.858, 'yaw': -3.141}, None, None
250.10, [INFO], robot4, {'battery-level': '51.26'}, None, None
260.07, [INFO], robot4, {'battery-level': '50.70'}, None, None
260.07, [INFO], robot4, {'y': 17.27, 'x': -36.873, 'yaw': 3.141}, None, None
270.01, [INFO], robot4, {'y': 17.208, 'x': -37.126, 'yaw': 3.141}, None, None
270.01, [INFO], robot4, {'battery-level': '50.14'}, None, None
280.05, [INFO], robot4, {'y': 17.329, 'x': -36.838, 'yaw': 3.141}, None, None
280.05, [INFO], robot4, {'battery-level': '49.58'}, None, None
290.04, [INFO], robot4, {'battery-level': '49.02'}, None, None
290.04, [INFO], robot4, {'y': 17.235, 'x': -37.115, 'yaw': -3.142}, None, None
300.06, [INFO], robot4, {'y': 17.418, 'x': -36.858, 'yaw': 3.141}, None, None
300.06, [INFO], robot4, {'battery-level': '48.46'}, None, None
308.45, [WARN], robot4, SKILL-FAILURE, navigation, navto_lab
310.08, [INFO], robot4, {'battery-level': '47.90'}, None, None
310.08, [INFO], robot4, {'y': 17.403, 'x': -37.059, 'yaw': -3.142}, None, None
320.04, [INFO], robot4, {'battery-level': '47.34'}, None, None
320.04, [INFO], robot4, {'y': 17.403, 'x': -37.059, 'yaw': 3.142}, None, None
