0.00, [DEBUG], nurse, NURSE_CONFIG={'location': 'IC Room 6', 'position': [-33.9, 18.93, 3.14]}, None, None
0.19, [DEBUG], logger, ROBOTS_CONFIG={'avg_speed': 0.15, 'battery_charge': 0.2817995261312799, 'battery_discharge_rate': 0.00076, 'id': 5, 'local_plan': [['navigation', ['IC Room 6', [[-13.5, 18.0, -1.57], [-13.5, 16.0], [-37.0, 16.0], [-37.0, 18.93], [-33.9, 18.93, 3.14]]], 'navto_room'], ['approach_person', ['nurse'], 'approach_nurse'], ['authenticate_person', ['nurse'], 'authenticate_nurse'], ['operate_drawer', ['open'], 'open_drawer_for_nurse'], ['send_message', ['nurse'], 'notify_nurse_of_open_drawer_for_nurse_completed'], ['wait_message', ['nurse'], 'wait_nurse_to_complete_deposit'], ['operate_drawer', ['close'], 'close_drawer_nurse'], ['navigation', ['Laboratory', [[-33.9, 18.93, 3.14], [-37.0, 18.93], [-37.0, 16.0], [-26.0, 16.0], [-26.0, 13.0, 1.57]]], 'navto_lab'], ['approach_robot', ['lab_arm'], 'approach_arm'], ['operate_drawer', ['open'], 'open_drawer_lab'], ['send_message', ['lab_arm'], 'notify_lab_arm_of_open_drawer_lab_completed'], ['wait_message', ['lab_arm'], 'wait_lab_arm_to_complete_pick_up_sample'], ['operate_drawer', ['close'], 'close_drawer_lab']], 'location': 'PC Room 7', 'name': 'r5', 'position': [-13.5, 18.0, -1.57], 'skills': ['approach_person', 'authenticate_person', 'navigation', 'operate_drawer']}, None, None
0.19, [DEBUG], logger, Simulation open, None, None
10.04, [INFO], robot5, {'battery-level': '27.50'}, None, None
10.04, [INFO], robot5, {'y': 17.586, 'x': -13.498, 'yaw': 3.142}, None, None
20.01, [INFO], robot5, {'battery-level': '26.74'}, None, None
20.01, [INFO], robot5, {'y': 16.012, 'x': -14.206, 'yaw': -3.141}, None, None
30.00, [INFO], robot5, {'battery-level': '25.98'}, None, None
30.00, [INFO], robot5, {'y': 15.892, 'x': -16.322, 'yaw': 3.14}, None, None
40.08, [INFO], robot5, {'battery-level': '25.22'}, None, None
40.08, [INFO], robot5, {'y': 15.928, 'x': -18.449, 'yaw': -3.139}, None, None
50.04, [INFO], robot5, {'y': 16.087, 'x': -20.548, 'yaw': 3.142}, None, None
50.04, [INFO], robot5, {'battery-level': '24.46'}, None, None
60.03, [INFO], robot5, {'y': 16.061, 'x': -22.657, 'yaw': 3.141}, None, None
60.03, [INFO], robot5, {'battery-level': '23.70'}, None, None
70.01, [INFO], robot5, {'y': 16.037, 'x': -24.757, 'yaw': 3.141}, None, None
70.01, [INFO], robot5, {'battery-level': '22.94'}, None, None
80.08, [INFO], robot5, {'y': 16.023, 'x': -26.878, 'yaw': -3.142}, None, None
80.08, [INFO], robot5, {'battery-level': '22.18'}, None, None
90.06, [INFO], robot5, {'battery-level': '21.42'}, None, None
90.06, [INFO], robot5, {'y': 16.118, 'x': -28.979, 'yaw': 3.141}, None, None
100.05, [INFO], robot5, {'y': 16.075, 'x': -31.08, 'yaw': 3.14}, None, None
100.05, [INFO], robot5, {'battery-level': '20.66'}, None, None
110.04, [INFO], robot5, {'battery-level': '19.90'}, None, None
110.04, [INFO], robot5, {'y': 15.739, 'x': -33.183, 'yaw': -3.141}, None, None
120.03, [INFO], robot5, {'y': 15.404, 'x': -35.274, 'yaw': -3.141}, None, None
120.03, [INFO], robot5, {'battery-level': '19.14'}, None, None
130.06, [INFO], robot5, {'y': 16.396, 'x': -36.864, 'yaw': 3.142}, None, None
130.06, [INFO], robot5, {'battery-level': '18.38'}, None, None
140.06, [INFO], robot5, {'battery-level': '17.62'}, None, None
140.06, [INFO], robot5, {'y': 17.594, 'x': -36.842, 'yaw': 3.141}, None, None
150.10, [INFO], robot5, {'battery-level': '16.86'}, None, None
150.10, [INFO], robot5, {'y': 17.603, 'x': -36.838, 'yaw': 3.141}, None, None
160.01, [INFO], robot5, {'y': 17.652, 'x': -36.85, 'yaw': 3.14}, None, None
160.01, [INFO], robot5, {'battery-level': '16.10'}, None, None
170.01, [INFO], robot5, {'battery-level': '15.34'}, None, None
170.01, [INFO], robot5, {'y': 17.778, 'x': -36.758, 'yaw': 3.142}, None, None
180.05, [INFO], robot5, {'battery-level': '14.58'}, None, None
180.05, [INFO], robot5, {'y': 18.233, 'x': -35.857, 'yaw': -3.142}, None, None
190.03, [INFO], robot5, {'y': 18.23, 'x': -35.849, 'yaw': -3.142}, None, None
190.03, [INFO], robot5, {'battery-level': '13.82'}, None, None
200.09, [INFO], robot5, {'y': 18.23, 'x': -35.849, 'yaw': -3.142}, None, None
200.09, [INFO], robot5, {'battery-level': '13.06'}, None, None
210.06, [INFO], robot5, {'battery-level': '12.30'}, None, None
210.06, [INFO], robot5, {'y': 18.23, 'x': -35.849, 'yaw': -3.142}, None, None
220.09, [INFO], robot5, {'y': 18.151, 'x': -35.781, 'yaw': -3.142}, None, None
220.09, [INFO], robot5, {'battery-level': '11.54'}, None, None
230.08, [INFO], robot5, {'y': 18.38, 'x': -35.735, 'yaw': 3.141}, None, None
230.08, [INFO], robot5, {'battery-level': '10.78'}, None, None
239.96, [INFO], robot5, {'y': 18.38, 'x': -35.734, 'yaw': -3.142}, None, None
240.06, [INFO], robot5, {'battery-level': '10.02'}, None, None
250.10, [INFO], robot5, {'y': 18.38, 'x': -35.735, 'yaw': 3.142}, None, None
250.10, [INFO], robot5, {'battery-level': '9.26'}, None, None
259.76, [WARN], robot5, SKILL-FAILURE, navigation, navto_room
260.04, [INFO], robot5, {'battery-level': '8.50'}, None, None
260.04, [INFO], robot5, {'y': 18.386, 'x': -35.711, 'yaw': -3.138}, None, None
