0.10, [DEBUG], logger, ROBOTS_CONFIG={'avg_speed': 0.15, 'battery_charge': 0.6520875066754872, 'battery_discharge_rate': 0.0005600000000000001, 'id': 4, 'local_plan': [['navigation', ['IC Room 2', [[-32.88, 33.98, 3.14], [-37.0, 33.98], [-37.0, 21.5], [-38.0, 21.5, 0.0]]], 'navto_room'], ['approach_person', ['nurse'], 'approach_nurse'], ['authenticate_person', ['nurse'], 'authenticate_nurse'], ['operate_drawer', ['open'], 'open_drawer_for_nurse'], ['send_message', ['nurse'], 'notify_nurse_of_open_drawer_for_nurse_completed'], ['wait_message', ['nurse'], 'wait_nurse_to_complete_deposit'], ['operate_drawer', ['close'], 'close_drawer_nurse'], ['navigation', ['Laboratory', [[-38.0, 21.5, 0.0], [-37.0, 21.5], [-37.0, 16.0], [-26.0, 16.0], [-26.0, 13.0, 1.57]]], 'navto_lab'], ['approach_robot', ['lab_arm'], 'approach_arm'], ['operate_drawer', ['open'], 'open_drawer_lab'], ['send_message', ['lab_arm'], 'notify_lab_arm_of_open_drawer_lab_completed'], ['wait_message', ['lab_arm'], 'wait_lab_arm_to_complete_pick_up_sample'], ['operate_drawer', ['close'], 'close_drawer_lab']], 'location': 'IC Room 5', 'name': 'r4', 'position': [-32.88, 33.98, 3.14], 'skills': ['approach_person', 'approach_robot', 'authenticate_person', 'navigation', 'operate_drawer']}, None, None
0.20, [DEBUG], logger, Simulation open, None, None
10.03, [INFO], robot4, {'y': 34.261, 'x': -33.568, 'yaw': -3.142}, None, None
10.03, [INFO], robot4, {'battery-level': '64.70'}, None, None
20.02, [INFO], robot4, {'battery-level': '64.14'}, None, None
20.02, [INFO], robot4, {'y': 34.705, 'x': -35.619, 'yaw': -3.14}, None, None
30.06, [INFO], robot4, {'y': 33.307, 'x': -36.838, 'yaw': -3.141}, None, None
30.06, [INFO], robot4, {'battery-level': '63.58'}, None, None
40.05, [INFO], robot4, {'y': 31.201, 'x': -36.837, 'yaw': -3.142}, None, None
40.05, [INFO], robot4, {'battery-level': '63.02'}, None, None
50.07, [INFO], robot4, {'battery-level': '62.46'}, None, None
50.07, [INFO], robot4, {'y': 29.093, 'x': -36.831, 'yaw': -3.142}, None, None
60.05, [INFO], robot4, {'y': 26.993, 'x': -36.845, 'yaw': 3.14}, None, None
60.05, [INFO], robot4, {'battery-level': '61.90'}, None, None
70.03, [INFO], robot4, {'y': 24.892, 'x': -36.895, 'yaw': -3.141}, None, None
70.03, [INFO], robot4, {'battery-level': '61.34'}, None, None
80.01, [INFO], robot4, {'battery-level': '60.78'}, None, None
80.01, [INFO], robot4, {'y': 22.786, 'x': -36.986, 'yaw': -3.142}, None, None
90.09, [INFO], robot4, {'battery-level': '60.22'}, None, None
90.09, [INFO], robot4, {'y': 21.249, 'x': -37.852, 'yaw': 3.142}, None, None
100.07, [INFO], robot4, {'battery-level': '59.66'}, None, None
100.07, [INFO], robot4, {'y': 21.368, 'x': -38.034, 'yaw': 3.141}, None, None
110.00, [INFO], robot4, {'battery-level': '59.10'}, None, None
110.00, [INFO], robot4, {'y': 21.427, 'x': -38.107, 'yaw': -3.141}, None, None
114.86, [info], nurse, sync, received-request, (status=sending-request)
114.86, [info], nurse, sync, request-sent, (status=waiting)
114.86, [info], nurse, sync, wait-message, (status=message-received)
120.06, [INFO], robot4, {'y': 21.228, 'x': -37.303, 'yaw': -3.142}, None, None
120.06, [INFO], robot4, {'battery-level': '58.54'}, None, None
130.04, [INFO], robot4, {'battery-level': '57.98'}, None, None
130.04, [INFO], robot4, {'y': 19.126, 'x': -37.179, 'yaw': 3.142}, None, None
140.06, [INFO], robot4, {'battery-level': '57.42'}, None, None
140.06, [INFO], robot4, {'y': 16.998, 'x': -37.079, 'yaw': 3.141}, None, None
150.01, [INFO], robot4, {'battery-level': '56.86'}, None, None
150.01, [INFO], robot4, {'y': 15.683, 'x': -35.808, 'yaw': 3.141}, None, None
160.07, [INFO], robot4, {'battery-level': '56.30'}, None, None
160.07, [INFO], robot4, {'y': 15.383, 'x': -33.7, 'yaw': -3.141}, None, None
170.01, [INFO], robot4, {'battery-level': '55.74'}, None, None
170.01, [INFO], robot4, {'y': 15.525, 'x': -31.599, 'yaw': -3.141}, None, None
180.03, [INFO], robot4, {'battery-level': '55.18'}, None, None
180.03, [INFO], robot4, {'y': 15.636, 'x': -29.467, 'yaw': 3.14}, None, None
190.01, [INFO], robot4, {'y': 15.73, 'x': -27.352, 'yaw': 3.142}, None, None
190.01, [INFO], robot4, {'battery-level': '54.62'}, None, None
200.01, [INFO], robot4, {'battery-level': '54.06'}, None, None
200.01, [INFO], robot4, {'y': 14.77, 'x': -25.853, 'yaw': 3.142}, None, None
210.02, [INFO], robot4, {'battery-level': '53.50'}, None, None
210.02, [INFO], robot4, {'y': 12.935, 'x': -25.903, 'yaw': 3.142}, None, None
218.75, [info], lab_arm, sync, wait-message, (status=message-received)
219.67, [WARN], robot4, SUCCESS, None, None
