0.00, [DEBUG], nurse, NURSE_CONFIG={'location': 'IC Room 6', 'position': [-33.9, 18.93, 3.14]}, None, None
0.00, [INFO], robot5, {'battery-level': '28.18'}, None, None
0.13, [DEBUG], logger, ROBOTS_CONFIG={'avg_speed': 0.15, 'battery_charge': 0.2817995261312799, 'battery_discharge_rate': 0.00076, 'id': 5, 'local_plan': [['navigation', ['IC Room 6', [[-13.5, 18.0, -1.57], [-13.5, 16.0], [-37.0, 16.0], [-37.0, 18.93], [-33.9, 18.93, 3.14]]], 'navto_room'], ['approach_person', ['nurse'], 'approach_nurse'], ['authenticate_person', ['nurse'], 'authenticate_nurse'], ['operate_drawer', ['open'], 'open_drawer_for_nurse'], ['send_message', ['nurse'], 'notify_nurse_of_open_drawer_for_nurse_completed'], ['wait_message', ['nurse'], 'wait_nurse_to_complete_deposit'], ['operate_drawer', ['close'], 'close_drawer_nurse'], ['navigation', ['Laboratory', [[-33.9, 18.93, 3.14], [-37.0, 18.93], [-37.0, 16.0], [-26.0, 16.0], [-26.0, 13.0, 1.57]]], 'navto_lab'], ['approach_robot', ['lab_arm'], 'approach_arm'], ['operate_drawer', ['open'], 'open_drawer_lab'], ['send_message', ['lab_arm'], 'notify_lab_arm_of_open_drawer_lab_completed'], ['wait_message', ['lab_arm'], 'wait_lab_arm_to_complete_pick_up_sample'], ['operate_drawer', ['close'], 'close_drawer_lab']], 'location': 'PC Room 7', 'name': 'r5', 'position': [-13.5, 18.0, -1.57], 'skills': ['approach_person', 'approach_robot', 'authenticate_person', 'navigation', 'operate_drawer']}, None, None
0.13, [DEBUG], logger, Simulation open, None, None
10.02, [INFO], robot5, {'y': 17.242, 'x': -13.503, 'yaw': 3.142}, None, None
10.02, [INFO], robot5, {'battery-level': '27.50'}, None, None
20.09, [INFO], robot5, {'battery-level': '26.74'}, None, None
20.09, [INFO], robot5, {'y': 16.04, 'x': -14.672, 'yaw': 3.142}, None, None
30.07, [INFO], robot5, {'battery-level': '25.98'}, None, None
30.07, [INFO], robot5, {'y': 15.97, 'x': -16.779, 'yaw': 3.141}, None, None
40.02, [INFO], robot5, {'y': 16.025, 'x': -18.879, 'yaw': -3.139}, None, None
40.02, [INFO], robot5, {'battery-level': '25.22'}, None, None
50.06, [INFO], robot5, {'battery-level': '24.46'}, None, None
50.06, [INFO], robot5, {'y': 16.194, 'x': -20.987, 'yaw': 3.141}, None, None
60.05, [INFO], robot5, {'battery-level': '23.70'}, None, None
60.05, [INFO], robot5, {'y': 16.131, 'x': -23.1, 'yaw': -3.142}, None, None
70.07, [INFO], robot5, {'y': 16.087, 'x': -25.206, 'yaw': 3.141}, None, None
70.07, [INFO], robot5, {'battery-level': '22.94'}, None, None
80.04, [INFO], robot5, {'battery-level': '22.18'}, None, None
80.04, [INFO], robot5, {'y': 16.101, 'x': -27.306, 'yaw': 3.142}, None, None
90.01, [INFO], robot5, {'battery-level': '21.42'}, None, None
90.01, [INFO], robot5, {'y': 16.195, 'x': -29.408, 'yaw': 3.142}, None, None
100.08, [INFO], robot5, {'battery-level': '20.66'}, None, None
100.08, [INFO], robot5, {'y': 15.999, 'x': -31.543, 'yaw': -3.142}, None, None
110.07, [INFO], robot5, {'battery-level': '19.90'}, None, None
110.07, [INFO], robot5, {'y': 15.608, 'x': -33.634, 'yaw': 3.141}, None, None
120.02, [INFO], robot5, {'battery-level': '19.14'}, None, None
120.02, [INFO], robot5, {'y': 15.517, 'x': -35.731, 'yaw': -3.141}, None, None
130.09, [INFO], robot5, {'y': 16.902, 'x': -36.748, 'yaw': -3.142}, None, None
130.09, [INFO], robot5, {'battery-level': '18.38'}, None, None
140.02, [INFO], robot5, {'battery-level': '17.62'}, None, None
140.02, [INFO], robot5, {'y': 17.603, 'x': -36.735, 'yaw': 3.141}, None, None
150.09, [INFO], robot5, {'battery-level': '16.86'}, None, None
150.09, [INFO], robot5, {'y': 17.87, 'x': -36.151, 'yaw': 3.138}, None, None
160.06, [INFO], robot5, {'battery-level': '16.10'}, None, None
160.06, [INFO], robot5, {'y': 18.106, 'x': -36.002, 'yaw': 3.14}, None, None
170.03, [INFO], robot5, {'y': 18.246, 'x': -35.825, 'yaw': 3.14}, None, None
170.03, [INFO], robot5, {'battery-level': '15.34'}, None, None
180.08, [INFO], robot5, {'y': 18.255, 'x': -35.798, 'yaw': -3.142}, None, None
180.08, [INFO], robot5, {'battery-level': '14.58'}, None, None
190.02, [INFO], robot5, {'y': 18.255, 'x': -35.799, 'yaw': -3.142}, None, None
190.02, [INFO], robot5, {'battery-level': '13.82'}, None, None
200.00, [INFO], robot5, {'y': 18.255, 'x': -35.799, 'yaw': -3.142}, None, None
200.00, [INFO], robot5, {'battery-level': '13.06'}, None, None
210.09, [INFO], robot5, {'battery-level': '12.30'}, None, None
210.09, [INFO], robot5, {'y': 18.245, 'x': -35.884, 'yaw': -3.142}, None, None
220.07, [INFO], robot5, {'battery-level': '11.54'}, None, None
220.07, [INFO], robot5, {'y': 18.41, 'x': -35.718, 'yaw': -3.142}, None, None
226.61, [WARN], robot5, SKILL-FAILURE, navigation, navto_room
