0.00, [DEBUG], nurse, NURSE_CONFIG={'location': 'IC Room 2', 'position': [-38.0, 21.5, 0.0]}, None, None
0.13, [DEBUG], logger, ROBOTS_CONFIG={'avg_speed': 0.15, 'battery_charge': 0.5080169438370433, 'battery_discharge_rate': 0.00038, 'id': 6, 'local_plan': [['navigation', ['IC Room 2', [[-33.9, 18.93, 3.14], [-37.0, 18.93], [-37.0, 21.5], [-38.0, 21.5, 0.0]]], 'navto_room'], ['approach_person', ['nurse'], 'approach_nurse'], ['authenticate_person', ['nurse'], 'authenticate_nurse'], ['operate_drawer', ['open'], 'open_drawer_for_nurse'], ['send_message', ['nurse'], 'notify_nurse_of_open_drawer_for_nurse_completed'], ['wait_message', ['nurse'], 'wait_nurse_to_complete_deposit'], ['operate_drawer', ['close'], 'close_drawer_nurse'], ['navigation', ['Laboratory', [[-38.0, 21.5, 0.0], [-37.0, 21.5], [-37.0, 16.0], [-26.0, 16.0], [-26.0, 13.0, 1.57]]], 'navto_lab'], ['approach_robot', ['lab_arm'], 'approach_arm'], ['operate_drawer', ['open'], 'open_drawer_lab'], ['send_message', ['lab_arm'], 'notify_lab_arm_of_open_drawer_lab_completed'], ['wait_message', ['lab_arm'], 'wait_lab_arm_to_complete_pick_up_sample'], ['operate_drawer', ['close'], 'close_drawer_lab']], 'location': 'IC Room 6', 'name': 'r6', 'position': [-33.9, 18.93, 3.14], 'skills': ['approach_person', 'approach_robot', 'authenticate_person', 'navigation', 'operate_drawer']}, None, None
0.13, [DEBUG], logger, Simulation open, None, None
10.05, [INFO], robot6, {'y': 18.503, 'x': -34.342, 'yaw': -3.142}, None, None
10.05, [INFO], robot6, {'battery-level': '50.46'}, None, None
20.05, [INFO], robot6, {'battery-level': '50.08'}, None, None
20.05, [INFO], robot6, {'y': 18.013, 'x': -36.1, 'yaw': -3.141}, None, None
30.06, [INFO], robot6, {'y': 19.828, 'x': -36.938, 'yaw': 3.141}, None, None
30.06, [INFO], robot6, {'battery-level': '49.70'}, None, None
40.06, [INFO], robot6, {'battery-level': '49.32'}, None, None
40.06, [INFO], robot6, {'y': 21.541, 'x': -37.674, 'yaw': -3.142}, None, None
50.08, [INFO], robot6, {'y': 21.415, 'x': -38.064, 'yaw': 3.141}, None, None
50.08, [INFO], robot6, {'battery-level': '48.94'}, None, None
57.62, [info], nurse, sync, received-request, (status=sending-request)
57.62, [info], nurse, sync, request-sent, (status=waiting)
57.62, [info], nurse, sync, wait-message, (status=message-received)
60.00, [INFO], robot6, {'y': 21.375, 'x': -37.881, 'yaw': -3.14}, None, None
60.00, [INFO], robot6, {'battery-level': '48.56'}, None, None
70.00, [INFO], robot6, {'battery-level': '48.18'}, None, None
70.00, [INFO], robot6, {'y': 19.709, 'x': -37.207, 'yaw': 3.142}, None, None
80.01, [INFO], robot6, {'y': 17.594, 'x': -37.113, 'yaw': 3.141}, None, None
80.01, [INFO], robot6, {'battery-level': '47.80'}, None, None
90.09, [INFO], robot6, {'y': 15.831, 'x': -36.415, 'yaw': 3.14}, None, None
90.09, [INFO], robot6, {'battery-level': '47.42'}, None, None
100.01, [INFO], robot6, {'battery-level': '47.04'}, None, None
100.01, [INFO], robot6, {'y': 15.388, 'x': -34.342, 'yaw': -3.141}, None, None
110.02, [INFO], robot6, {'battery-level': '46.66'}, None, None
110.02, [INFO], robot6, {'y': 15.469, 'x': -32.223, 'yaw': 3.142}, None, None
120.06, [INFO], robot6, {'battery-level': '46.28'}, None, None
120.06, [INFO], robot6, {'y': 15.586, 'x': -30.086, 'yaw': 3.141}, None, None
130.05, [INFO], robot6, {'battery-level': '45.90'}, None, None
130.05, [INFO], robot6, {'y': 15.77, 'x': -27.987, 'yaw': -3.142}, None, None
140.09, [INFO], robot6, {'battery-level': '45.52'}, None, None
140.09, [INFO], robot6, {'y': 15.392, 'x': -26.035, 'yaw': -3.142}, None, None
150.03, [INFO], robot6, {'battery-level': '45.14'}, None, None
150.03, [INFO], robot6, {'y': 13.32, 'x': -25.719, 'yaw': -3.142}, None, None
159.27, [info], lab_arm, sync, wait-message, (status=message-received)
160.05, [INFO], robot6, {'battery-level': '44.76'}, None, None
160.05, [INFO], robot6, {'y': 12.878, 'x': -25.912, 'yaw': 3.141}, None, None
160.24, [WARN], robot6, SUCCESS, None, None
169.97, [INFO], robot6, {'battery-level': '44.38'}, None, None
170.06, [INFO], robot6, {'y': 12.878, 'x': -25.912, 'yaw': 3.142}, None, None
