0.00, [INFO], robot4, {'battery-level': '65.21'}, None, None
0.13, [DEBUG], logger, ROBOTS_CONFIG={'avg_speed': 0.15, 'battery_charge': 0.6520875066754872, 'battery_discharge_rate': 0.00026000000000000003, 'id': 4, 'local_plan': [['navigation', ['IC Room 6', [[-39.44, 33.95, 0.0], [-37.0, 33.95], [-37.0, 18.93], [-33.9, 18.93, 3.14]]], 'navto_room'], ['approach_person', ['nurse'], 'approach_nurse'], ['authenticate_person', ['nurse'], 'authenticate_nurse'], ['operate_drawer', ['open'], 'open_drawer_for_nurse'], ['send_message', ['nurse'], 'notify_nurse_of_open_drawer_for_nurse_completed'], ['wait_message', ['nurse'], 'wait_nurse_to_complete_deposit'], ['operate_drawer', ['close'], 'close_drawer_nurse'], ['navigation', ['Laboratory', [[-33.9, 18.93, 3.14], [-37.0, 18.93], [-37.0, 16.0], [-26.0, 16.0], [-26.0, 13.0, 1.57]]], 'navto_lab'], ['approach_robot', ['lab_arm'], 'approach_arm'], ['operate_drawer', ['open'], 'open_drawer_lab'], ['send_message', ['lab_arm'], 'notify_lab_arm_of_open_drawer_lab_completed'], ['wait_message', ['lab_arm'], 'wait_lab_arm_to_complete_pick_up_sample'], ['operate_drawer', ['close'], 'close_drawer_lab']], 'location': 'IC Room 4', 'name': 'r4', 'position': [-39.44, 33.95, 0.0], 'skills': ['approach_person', 'approach_robot', 'authenticate_person', 'navigation', 'operate_drawer']}, None, None
0.13, [DEBUG], logger, Simulation open, None, None
10.07, [INFO], robot4, {'battery-level': '64.97'}, None, None
10.07, [INFO], robot4, {'y': 34.192, 'x': -38.807, 'yaw': 3.141}, None, None
20.09, [INFO], robot4, {'battery-level': '64.71'}, None, None
20.09, [INFO], robot4, {'y': 33.92, 'x': -37.065, 'yaw': 3.142}, None, None
30.07, [INFO], robot4, {'battery-level': '64.45'}, None, None
30.07, [INFO], robot4, {'y': 31.828, 'x': -37.047, 'yaw': 3.141}, None, None
40.09, [INFO], robot4, {'battery-level': '64.19'}, None, None
40.09, [INFO], robot4, {'y': 29.72, 'x': -37.044, 'yaw': 3.141}, None, None
50.05, [INFO], robot4, {'y': 27.615, 'x': -36.993, 'yaw': 3.137}, None, None
50.05, [INFO], robot4, {'battery-level': '63.93'}, None, None
60.03, [INFO], robot4, {'y': 25.517, 'x': -37.048, 'yaw': 3.142}, None, None
60.03, [INFO], robot4, {'battery-level': '63.67'}, None, None
70.05, [INFO], robot4, {'battery-level': '63.41'}, None, None
70.05, [INFO], robot4, {'y': 23.395, 'x': -37.046, 'yaw': 3.14}, None, None
80.01, [INFO], robot4, {'battery-level': '63.15'}, None, None
80.01, [INFO], robot4, {'y': 21.3, 'x': -37.142, 'yaw': 3.141}, None, None
90.03, [INFO], robot4, {'battery-level': '62.89'}, None, None
90.03, [INFO], robot4, {'y': 19.187, 'x': -36.977, 'yaw': 3.142}, None, None
100.05, [INFO], robot4, {'battery-level': '62.63'}, None, None
100.05, [INFO], robot4, {'y': 17.704, 'x': -35.454, 'yaw': -3.139}, None, None
110.05, [INFO], robot4, {'y': 18.833, 'x': -34.005, 'yaw': -3.142}, None, None
110.05, [INFO], robot4, {'battery-level': '62.37'}, None, None
117.62, [info], nurse, sync, received-request, (status=sending-request)
117.62, [info], nurse, sync, request-sent, (status=waiting)
117.62, [info], nurse, sync, wait-message, (status=message-received)
120.01, [INFO], robot4, {'y': 18.897, 'x': -34.145, 'yaw': 3.142}, None, None
120.01, [INFO], robot4, {'battery-level': '62.11'}, None, None
130.08, [INFO], robot4, {'battery-level': '61.85'}, None, None
130.08, [INFO], robot4, {'y': 17.771, 'x': -35.707, 'yaw': 3.141}, None, None
140.02, [INFO], robot4, {'battery-level': '61.59'}, None, None
140.02, [INFO], robot4, {'y': 17.329, 'x': -37.022, 'yaw': -3.142}, None, None
150.08, [INFO], robot4, {'battery-level': '61.33'}, None, None
150.08, [INFO], robot4, {'y': 17.278, 'x': -36.895, 'yaw': 3.142}, None, None
160.06, [INFO], robot4, {'y': 17.215, 'x': -36.811, 'yaw': -3.141}, None, None
160.06, [INFO], robot4, {'battery-level': '61.07'}, None, None
170.07, [INFO], robot4, {'battery-level': '60.81'}, None, None
170.07, [INFO], robot4, {'y': 17.214, 'x': -37.08, 'yaw': -3.142}, None, None
180.07, [INFO], robot4, {'battery-level': '60.55'}, None, None
180.07, [INFO], robot4, {'y': 17.324, 'x': -36.736, 'yaw': 3.141}, None, None
190.08, [INFO], robot4, {'y': 17.372, 'x': -37.008, 'yaw': 3.141}, None, None
190.08, [INFO], robot4, {'battery-level': '60.29'}, None, None
200.06, [INFO], robot4, {'y': 17.394, 'x': -36.91, 'yaw': 3.141}, None, None
200.06, [INFO], robot4, {'battery-level': '60.03'}, None, None
210.04, [INFO], robot4, {'y': 17.343, 'x': -36.894, 'yaw': -3.142}, None, None
210.04, [INFO], robot4, {'battery-level': '59.77'}, None, None
220.10, [INFO], robot4, {'battery-level': '59.51'}, None, None
220.10, [INFO], robot4, {'y': 17.229, 'x': -37.041, 'yaw': -3.142}, None, None
230.07, [INFO], robot4, {'y': 17.364, 'x': -36.887, 'yaw': 3.141}, None, None
230.07, [INFO], robot4, {'battery-level': '59.25'}, None, None
240.01, [INFO], robot4, {'y': 17.355, 'x': -36.778, 'yaw': -3.141}, None, None
240.01, [INFO], robot4, {'battery-level': '58.99'}, None, None
250.09, [INFO], robot4, {'battery-level': '58.73'}, None, None
250.09, [INFO], robot4, {'y': 17.306, 'x': -37.009, 'yaw': 3.141}, None, None
260.09, [INFO], robot4, {'battery-level': '58.47'}, None, None
260.09, [INFO], robot4, {'y': 17.241, 'x': -37.096, 'yaw': 3.14}, None, None
270.08, [INFO], robot4, {'battery-level': '58.21'}, None, None
270.08, [INFO], robot4, {'y': 17.25, 'x': -37.04, 'yaw': 3.141}, None, None
280.10, [INFO], robot4, {'y': 17.246, 'x': -37.045, 'yaw': 3.142}, None, None
280.10, [INFO], robot4, {'battery-level': '57.95'}, None, None
290.07, [INFO], robot4, {'battery-level': '57.69'}, None, None
290.07, [INFO], robot4, {'y': 17.338, 'x': -37.066, 'yaw': 3.141}, None, None
300.06, [INFO], robot4, {'battery-level': '57.43'}, None, None
300.06, [INFO], robot4, {'y': 17.229, 'x': -36.972, 'yaw': 3.141}, None, None
304.48, [WARN], robot4, SKILL-FAILURE, navigation, navto_lab
310.08, [INFO], robot4, {'y': 17.194, 'x': -37.115, 'yaw': 3.142}, None, None
310.08, [INFO], robot4, {'battery-level': '57.17'}, None, None
