0.00, [DEBUG], nurse, NURSE_CONFIG={'location': 'IC Room 2', 'position': [-38.0, 21.5, 0.0]}, None, None
0.10, [DEBUG], logger, ROBOTS_CONFIG={'avg_speed': 0.15, 'battery_charge': 0.6520875066754872, 'battery_discharge_rate': 0.00026000000000000003, 'id': 4, 'local_plan': [['navigation', ['IC Room 2', [[-32.88, 33.98, 3.14], [-37.0, 33.98], [-37.0, 21.5], [-38.0, 21.5, 0.0]]], 'navto_room'], ['approach_person', ['nurse'], 'approach_nurse'], ['authenticate_person', ['nurse'], 'authenticate_nurse'], ['operate_drawer', ['open'], 'open_drawer_for_nurse'], ['send_message', ['nurse'], 'notify_nurse_of_open_drawer_for_nurse_completed'], ['wait_message', ['nurse'], 'wait_nurse_to_complete_deposit'], ['operate_drawer', ['close'], 'close_drawer_nurse'], ['navigation', ['Laboratory', [[-38.0, 21.5, 0.0], [-37.0, 21.5], [-37.0, 16.0], [-26.0, 16.0], [-26.0, 13.0, 1.57]]], 'navto_lab'], ['approach_robot', ['lab_arm'], 'approach_arm'], ['operate_drawer', ['open'], 'open_drawer_lab'], ['send_message', ['lab_arm'], 'notify_lab_arm_of_open_drawer_lab_completed'], ['wait_message', ['lab_arm'], 'wait_lab_arm_to_complete_pick_up_sample'], ['operate_drawer', ['close'], 'close_drawer_lab']], 'location': 'IC Room 5', 'name': 'r4', 'position': [-32.88, 33.98, 3.14], 'skills': ['approach_person', 'approach_robot', 'authenticate_person', 'navigation', 'operate_drawer']}, None, None
0.10, [DEBUG], logger, Simulation open, None, None
10.01, [INFO], robot4, {'battery-level': '64.97'}, None, None
10.01, [INFO], robot4, {'y': 34.184, 'x': -33.429, 'yaw': -3.142}, None, None
20.00, [INFO], robot4, {'battery-level': '64.71'}, None, None
20.00, [INFO], robot4, {'y': 34.73, 'x': -35.467, 'yaw': 3.139}, None, None
30.03, [INFO], robot4, {'battery-level': '64.45'}, None, None
30.03, [INFO], robot4, {'y': 33.476, 'x': -36.99, 'yaw': -3.142}, None, None
40.02, [INFO], robot4, {'battery-level': '64.19'}, None, None
40.02, [INFO], robot4, {'y': 31.362, 'x': -36.966, 'yaw': -3.141}, None, None
50.07, [INFO], robot4, {'y': 29.239, 'x': -37.01, 'yaw': -3.141}, None, None
50.07, [INFO], robot4, {'battery-level': '63.93'}, None, None
60.02, [INFO], robot4, {'battery-level': '63.67'}, None, None
60.02, [INFO], robot4, {'y': 27.15, 'x': -36.988, 'yaw': 3.142}, None, None
70.02, [INFO], robot4, {'y': 25.037, 'x': -36.992, 'yaw': 3.142}, None, None
70.02, [INFO], robot4, {'battery-level': '63.41'}, None, None
80.02, [INFO], robot4, {'battery-level': '63.15'}, None, None
80.02, [INFO], robot4, {'y': 22.929, 'x': -37.066, 'yaw': 3.141}, None, None
90.06, [INFO], robot4, {'battery-level': '62.89'}, None, None
90.06, [INFO], robot4, {'y': 21.343, 'x': -37.834, 'yaw': 3.142}, None, None
99.97, [info], nurse, sync, received-request, (status=sending-request)
99.97, [info], nurse, sync, request-sent, (status=waiting)
99.97, [info], nurse, sync, wait-message, (status=message-received)
100.06, [INFO], robot4, {'battery-level': '62.63'}, None, None
100.06, [INFO], robot4, {'y': 21.336, 'x': -38.079, 'yaw': 3.136}, None, None
110.08, [INFO], robot4, {'battery-level': '62.37'}, None, None
110.08, [INFO], robot4, {'y': 20.249, 'x': -37.193, 'yaw': 3.141}, None, None
120.02, [INFO], robot4, {'battery-level': '62.11'}, None, None
120.02, [INFO], robot4, {'y': 18.159, 'x': -37.137, 'yaw': 3.141}, None, None
130.04, [INFO], robot4, {'battery-level': '61.85'}, None, None
130.04, [INFO], robot4, {'y': 16.041, 'x': -36.955, 'yaw': 3.142}, None, None
140.05, [INFO], robot4, {'y': 15.432, 'x': -34.948, 'yaw': -3.142}, None, None
140.05, [INFO], robot4, {'battery-level': '61.59'}, None, None
150.02, [INFO], robot4, {'battery-level': '61.33'}, None, None
150.02, [INFO], robot4, {'y': 15.506, 'x': -32.849, 'yaw': 3.142}, None, None
160.01, [INFO], robot4, {'battery-level': '61.07'}, None, None
160.01, [INFO], robot4, {'y': 15.583, 'x': -30.727, 'yaw': -3.142}, None, None
170.03, [INFO], robot4, {'y': 15.722, 'x': -28.621, 'yaw': 3.138}, None, None
170.03, [INFO], robot4, {'battery-level': '60.81'}, None, None
180.07, [INFO], robot4, {'y': 15.773, 'x': -26.491, 'yaw': -3.142}, None, None
180.07, [INFO], robot4, {'battery-level': '60.55'}, None, None
190.01, [INFO], robot4, {'battery-level': '60.29'}, None, None
190.01, [INFO], robot4, {'y': 13.925, 'x': -25.712, 'yaw': -3.142}, None, None
200.00, [INFO], robot4, {'battery-level': '60.03'}, None, None
200.00, [INFO], robot4, {'y': 12.918, 'x': -25.967, 'yaw': -3.142}, None, None
202.41, [info], lab_arm, sync, wait-message, (status=message-received)
203.37, [WARN], robot4, SUCCESS, None, None
