0.00, [DEBUG], nurse, NURSE_CONFIG={'location': 'IC Room 2', 'position': [-38.0, 21.5, 0.0]}, None, None
0.19, [DEBUG], logger, ROBOTS_CONFIG={'avg_speed': 0.15, 'battery_charge': 0.2817995261312799, 'battery_discharge_rate': 0.00042, 'id': 5, 'local_plan': [['navigation', ['IC Room 2', [[-11.5, 18.0, -1.57], [-11.5, 16.0], [-37.0, 16.0], [-37.0, 21.5], [-38.0, 21.5, 0.0]]], 'navto_room'], ['approach_person', ['nurse'], 'approach_nurse'], ['authenticate_person', ['nurse'], 'authenticate_nurse'], ['operate_drawer', ['open'], 'open_drawer_for_nurse'], ['send_message', ['nurse'], 'notify_nurse_of_open_drawer_for_nurse_completed'], ['wait_message', ['nurse'], 'wait_nurse_to_complete_deposit'], ['operate_drawer', ['close'], 'close_drawer_nurse'], ['navigation', ['Laboratory', [[-38.0, 21.5, 0.0], [-37.0, 21.5], [-37.0, 16.0], [-26.0, 16.0], [-26.0, 13.0, 1.57]]], 'navto_lab'], ['approach_robot', ['lab_arm'], 'approach_arm'], ['operate_drawer', ['open'], 'open_drawer_lab'], ['send_message', ['lab_arm'], 'notify_lab_arm_of_open_drawer_lab_completed'], ['wait_message', ['lab_arm'], 'wait_lab_arm_to_complete_pick_up_sample'], ['operate_drawer', ['close'], 'close_drawer_lab']], 'location': 'PC Room 8', 'name': 'r5', 'position': [-11.5, 18.0, -1.57], 'skills': ['approach_person', 'authenticate_person', 'navigation', 'operate_drawer']}, None, None
0.19, [DEBUG], logger, Simulation open, None, None
10.04, [INFO], robot5, {'battery-level': '27.80'}, None, None
10.04, [INFO], robot5, {'y': 17.59, 'x': -11.582, 'yaw': 3.141}, None, None
20.07, [INFO], robot5, {'battery-level': '27.38'}, None, None
20.07, [INFO], robot5, {'y': 16.291, 'x': -12.822, 'yaw': 3.142}, None, None
30.06, [INFO], robot5, {'battery-level': '26.96'}, None, None
30.06, [INFO], robot5, {'y': 16.208, 'x': -13.076, 'yaw': 3.14}, None, None
40.04, [INFO], robot5, {'battery-level': '26.54'}, None, None
40.04, [INFO], robot5, {'y': 16.144, 'x': -12.875, 'yaw': 3.141}, None, None
50.08, [INFO], robot5, {'battery-level': '26.12'}, None, None
50.08, [INFO], robot5, {'y': 16.319, 'x': -12.916, 'yaw': 3.141}, None, None
60.06, [INFO], robot5, {'battery-level': '25.70'}, None, None
60.06, [INFO], robot5, {'y': 16.212, 'x': -13.04, 'yaw': 3.142}, None, None
70.05, [INFO], robot5, {'battery-level': '25.28'}, None, None
70.05, [INFO], robot5, {'y': 16.322, 'x': -13.022, 'yaw': -3.139}, None, None
80.08, [INFO], robot5, {'y': 16.014, 'x': -12.882, 'yaw': 3.142}, None, None
80.08, [INFO], robot5, {'battery-level': '24.86'}, None, None
90.03, [INFO], robot5, {'y': 16.077, 'x': -12.894, 'yaw': 3.142}, None, None
90.03, [INFO], robot5, {'battery-level': '24.44'}, None, None
100.00, [INFO], robot5, {'battery-level': '24.02'}, None, None
100.00, [INFO], robot5, {'y': 16.158, 'x': -13.151, 'yaw': 3.141}, None, None
110.05, [INFO], robot5, {'y': 16.138, 'x': -12.84, 'yaw': 3.14}, None, None
110.05, [INFO], robot5, {'battery-level': '23.60'}, None, None
120.00, [INFO], robot5, {'y': 16.322, 'x': -13.043, 'yaw': 3.141}, None, None
120.00, [INFO], robot5, {'battery-level': '23.18'}, None, None
130.05, [INFO], robot5, {'battery-level': '22.76'}, None, None
130.05, [INFO], robot5, {'y': 16.107, 'x': -12.908, 'yaw': 3.141}, None, None
140.06, [INFO], robot5, {'y': 16.231, 'x': -13.04, 'yaw': 3.142}, None, None
140.06, [INFO], robot5, {'battery-level': '22.34'}, None, None
150.02, [INFO], robot5, {'battery-level': '21.92'}, None, None
150.02, [INFO], robot5, {'y': 16.177, 'x': -13.021, 'yaw': -3.141}, None, None
158.69, [WARN], robot5, SKILL-FAILURE, navigation, navto_room
160.05, [INFO], robot5, {'y': 16.084, 'x': -12.86, 'yaw': -3.142}, None, None
160.05, [INFO], robot5, {'battery-level': '21.50'}, None, None
170.02, [INFO], robot5, {'battery-level': '21.08'}, None, None
170.02, [INFO], robot5, {'y': 16.084, 'x': -12.861, 'yaw': -3.142}, None, None
