0.00, [INFO], robot3, {'battery-level': '46.27'}, None, None
0.00, [DEBUG], nurse, NURSE_CONFIG={'location': 'IC Room 6', 'position': [-33.9, 18.93, 3.14]}, None, None
0.11, [DEBUG], logger, ROBOTS_CONFIG={'avg_speed': 0.15, 'battery_charge': 0.462681764358839, 'battery_discharge_rate': 0.0004, 'id': 3, 'local_plan': [['navigation', ['IC Room 6', [[-38.0, 21.5, 0.0], [-37.0, 21.5], [-37.0, 18.93], [-33.9, 18.93, 3.14]]], 'navto_room'], ['approach_person', ['nurse'], 'approach_nurse'], ['authenticate_person', ['nurse'], 'authenticate_nurse'], ['operate_drawer', ['open'], 'open_drawer_for_nurse'], ['send_message', ['nurse'], 'notify_nurse_of_open_drawer_for_nurse_completed'], ['wait_message', ['nurse'], 'wait_nurse_to_complete_deposit'], ['operate_drawer', ['close'], 'close_drawer_nurse'], ['navigation', ['Laboratory', [[-33.9, 18.93, 3.14], [-37.0, 18.93], [-37.0, 16.0], [-26.0, 16.0], [-26.0, 13.0, 1.57]]], 'navto_lab'], ['approach_robot', ['lab_arm'], 'approach_arm'], ['operate_drawer', ['open'], 'open_drawer_lab'], ['send_message', ['lab_arm'], 'notify_lab_arm_of_open_drawer_lab_completed'], ['wait_message', ['lab_arm'], 'wait_lab_arm_to_complete_pick_up_sample'], ['operate_drawer', ['close'], 'close_drawer_lab']], 'location': 'IC Room 2', 'name': 'r3', 'position': [-38.0, 21.5, 0.0], 'skills': ['approach_person', 'approach_robot', 'authenticate_person', 'navigation', 'operate_drawer']}, None, None
0.11, [DEBUG], logger, Simulation open, None, None
10.05, [INFO], robot3, {'battery-level': '45.91'}, None, None
10.05, [INFO], robot3, {'y': 21.46, 'x': -37.269, 'yaw': -3.141}, None, None
20.02, [INFO], robot3, {'battery-level': '45.51'}, None, None
20.02, [INFO], robot3, {'y': 19.367, 'x': -37.05, 'yaw': 3.14}, None, None
30.02, [INFO], robot3, {'y': 17.797, 'x': -35.616, 'yaw': 3.141}, None, None
30.02, [INFO], robot3, {'battery-level': '45.11'}, None, None
40.03, [INFO], robot3, {'y': 18.785, 'x': -34.002, 'yaw': -3.142}, None, None
40.03, [INFO], robot3, {'battery-level': '44.71'}, None, None
49.57, [info], nurse, sync, received-request, (status=sending-request)
49.57, [info], nurse, sync, request-sent, (status=waiting)
49.57, [info], nurse, sync, wait-message, (status=message-received)
50.03, [INFO], robot3, {'battery-level': '44.31'}, None, None
50.03, [INFO], robot3, {'y': 18.947, 'x': -33.893, 'yaw': 3.141}, None, None
60.02, [INFO], robot3, {'battery-level': '43.91'}, None, None
60.02, [INFO], robot3, {'y': 17.777, 'x': -35.315, 'yaw': -3.141}, None, None
70.08, [INFO], robot3, {'y': 18.022, 'x': -36.143, 'yaw': -3.142}, None, None
70.08, [INFO], robot3, {'battery-level': '43.51'}, None, None
80.04, [INFO], robot3, {'battery-level': '43.11'}, None, None
80.04, [INFO], robot3, {'y': 18.069, 'x': -36.201, 'yaw': -3.142}, None, None
90.03, [INFO], robot3, {'battery-level': '42.71'}, None, None
90.03, [INFO], robot3, {'y': 17.55, 'x': -36.858, 'yaw': 3.142}, None, None
100.04, [INFO], robot3, {'y': 17.381, 'x': -36.909, 'yaw': -3.141}, None, None
100.04, [INFO], robot3, {'battery-level': '42.31'}, None, None
110.04, [INFO], robot3, {'battery-level': '41.91'}, None, None
110.04, [INFO], robot3, {'y': 17.292, 'x': -36.974, 'yaw': -3.141}, None, None
120.07, [INFO], robot3, {'y': 17.291, 'x': -36.96, 'yaw': 3.141}, None, None
120.07, [INFO], robot3, {'battery-level': '41.51'}, None, None
130.03, [INFO], robot3, {'y': 17.108, 'x': -36.795, 'yaw': 3.142}, None, None
130.03, [INFO], robot3, {'battery-level': '41.11'}, None, None
140.04, [INFO], robot3, {'battery-level': '40.71'}, None, None
140.04, [INFO], robot3, {'y': 17.452, 'x': -36.976, 'yaw': -3.142}, None, None
150.02, [INFO], robot3, {'y': 17.132, 'x': -36.788, 'yaw': -3.142}, None, None
150.02, [INFO], robot3, {'battery-level': '40.31'}, None, None
160.08, [INFO], robot3, {'y': 17.415, 'x': -36.968, 'yaw': 3.141}, None, None
160.08, [INFO], robot3, {'battery-level': '39.91'}, None, None
170.06, [INFO], robot3, {'y': 17.189, 'x': -37.062, 'yaw': -3.142}, None, None
170.06, [INFO], robot3, {'battery-level': '39.51'}, None, None
180.04, [INFO], robot3, {'battery-level': '39.11'}, None, None
180.04, [INFO], robot3, {'y': 17.49, 'x': -36.88, 'yaw': 3.141}, None, None
190.03, [INFO], robot3, {'battery-level': '38.71'}, None, None
190.03, [INFO], robot3, {'y': 17.35, 'x': -36.978, 'yaw': 3.14}, None, None
200.09, [INFO], robot3, {'battery-level': '38.31'}, None, None
200.09, [INFO], robot3, {'y': 17.215, 'x': -37.047, 'yaw': 3.141}, None, None
210.07, [INFO], robot3, {'battery-level': '37.91'}, None, None
210.07, [INFO], robot3, {'y': 17.438, 'x': -36.879, 'yaw': 3.141}, None, None
220.07, [INFO], robot3, {'y': 17.389, 'x': -36.927, 'yaw': 3.141}, None, None
220.07, [INFO], robot3, {'battery-level': '37.51'}, None, None
230.09, [INFO], robot3, {'battery-level': '37.11'}, None, None
230.09, [INFO], robot3, {'y': 17.302, 'x': -36.818, 'yaw': -3.141}, None, None
234.25, [WARN], robot3, SKILL-FAILURE, navigation, navto_lab
240.02, [INFO], robot3, {'battery-level': '36.71'}, None, None
240.02, [INFO], robot3, {'y': 17.431, 'x': -36.985, 'yaw': -3.142}, None, None
