0.13, [DEBUG], logger, ROBOTS_CONFIG={'avg_speed': 0.15, 'battery_charge': 0.7179616530181877, 'battery_discharge_rate': 0.0002, 'id': 5, 'local_plan': [['navigation', ['IC Room 6', [[-13.5, 18.0, -1.57], [-13.5, 16.0], [-37.0, 16.0], [-37.0, 18.93], [-33.9, 18.93, 3.14]]], 'navto_room'], ['approach_person', ['nurse'], 'approach_nurse'], ['authenticate_person', ['nurse'], 'authenticate_nurse'], ['operate_drawer', ['open'], 'open_drawer_for_nurse'], ['send_message', ['nurse'], 'notify_nurse_of_open_drawer_for_nurse_completed'], ['wait_message', ['nurse'], 'wait_nurse_to_complete_deposit'], ['operate_drawer', ['close'], 'close_drawer_nurse'], ['navigation', ['Laboratory', [[-33.9, 18.93, 3.14], [-37.0, 18.93], [-37.0, 16.0], [-26.0, 16.0], [-26.0, 13.0, 1.57]]], 'navto_lab'], ['approach_robot', ['lab_arm'], 'approach_arm'], ['operate_drawer', ['open'], 'open_drawer_lab'], ['send_message', ['lab_arm'], 'notify_lab_arm_of_open_drawer_lab_completed'], ['wait_message', ['lab_arm'], 'wait_lab_arm_to_complete_pick_up_sample'], ['operate_drawer', ['close'], 'close_drawer_lab']], 'location': 'PC Room 7', 'name': 'r5', 'position': [-13.5, 18.0, -1.57], 'skills': ['approach_person', 'approach_robot', 'authenticate_person', 'navigation', 'operate_drawer']}, None, None
0.13, [DEBUG], logger, Simulation open, None, None
10.05, [INFO], robot5, {'y': 17.658, 'x': -13.499, 'yaw': 3.142}, None, None
10.05, [INFO], robot5, {'battery-level': '71.62'}, None, None
20.02, [INFO], robot5, {'y': 15.976, 'x': -14.188, 'yaw': 3.141}, None, None
20.02, [INFO], robot5, {'battery-level': '71.42'}, None, None
30.10, [INFO], robot5, {'y': 15.89, 'x': -16.329, 'yaw': 3.141}, None, None
30.10, [INFO], robot5, {'battery-level': '71.22'}, None, None
40.09, [INFO], robot5, {'battery-level': '71.02'}, None, None
40.09, [INFO], robot5, {'y': 15.933, 'x': -18.442, 'yaw': -3.14}, None, None
50.04, [INFO], robot5, {'y': 16.114, 'x': -20.54, 'yaw': 3.139}, None, None
50.04, [INFO], robot5, {'battery-level': '70.82'}, None, None
60.02, [INFO], robot5, {'battery-level': '70.62'}, None, None
60.02, [INFO], robot5, {'y': 16.055, 'x': -22.643, 'yaw': 3.141}, None, None
70.08, [INFO], robot5, {'battery-level': '70.42'}, None, None
70.08, [INFO], robot5, {'y': 16.044, 'x': -24.778, 'yaw': 3.14}, None, None
80.02, [INFO], robot5, {'y': 16.04, 'x': -26.877, 'yaw': 3.142}, None, None
80.02, [INFO], robot5, {'battery-level': '70.22'}, None, None
90.00, [INFO], robot5, {'y': 16.103, 'x': -28.977, 'yaw': 3.142}, None, None
90.00, [INFO], robot5, {'battery-level': '70.02'}, None, None
100.07, [INFO], robot5, {'y': 15.976, 'x': -31.106, 'yaw': -3.142}, None, None
100.07, [INFO], robot5, {'battery-level': '69.82'}, None, None
110.00, [INFO], robot5, {'battery-level': '69.62'}, None, None
110.00, [INFO], robot5, {'y': 15.702, 'x': -33.197, 'yaw': 3.141}, None, None
120.01, [INFO], robot5, {'y': 15.443, 'x': -35.275, 'yaw': -3.141}, None, None
120.01, [INFO], robot5, {'battery-level': '69.42'}, None, None
130.06, [INFO], robot5, {'battery-level': '69.22'}, None, None
130.06, [INFO], robot5, {'y': 16.566, 'x': -36.548, 'yaw': -3.142}, None, None
140.08, [INFO], robot5, {'battery-level': '69.02'}, None, None
140.08, [INFO], robot5, {'y': 17.687, 'x': -36.668, 'yaw': -3.142}, None, None
150.08, [INFO], robot5, {'y': 17.836, 'x': -35.857, 'yaw': 3.141}, None, None
150.08, [INFO], robot5, {'battery-level': '68.82'}, None, None
160.02, [INFO], robot5, {'battery-level': '68.62'}, None, None
160.02, [INFO], robot5, {'y': 18.008, 'x': -35.766, 'yaw': 3.142}, None, None
170.04, [INFO], robot5, {'battery-level': '68.42'}, None, None
170.04, [INFO], robot5, {'y': 18.282, 'x': -35.811, 'yaw': 3.142}, None, None
180.06, [INFO], robot5, {'battery-level': '68.22'}, None, None
180.06, [INFO], robot5, {'y': 18.307, 'x': -35.755, 'yaw': 3.141}, None, None
190.06, [INFO], robot5, {'battery-level': '68.02'}, None, None
190.06, [INFO], robot5, {'y': 18.306, 'x': -35.763, 'yaw': 3.141}, None, None
200.04, [INFO], robot5, {'battery-level': '67.82'}, None, None
200.04, [INFO], robot5, {'y': 18.304, 'x': -35.76, 'yaw': -3.142}, None, None
210.01, [INFO], robot5, {'battery-level': '67.62'}, None, None
210.01, [INFO], robot5, {'y': 18.172, 'x': -35.753, 'yaw': -3.142}, None, None
220.05, [INFO], robot5, {'battery-level': '67.42'}, None, None
220.05, [INFO], robot5, {'y': 18.33, 'x': -35.706, 'yaw': 3.141}, None, None
230.04, [INFO], robot5, {'y': 18.36, 'x': -35.697, 'yaw': -3.142}, None, None
230.04, [INFO], robot5, {'battery-level': '67.22'}, None, None
240.01, [INFO], robot5, {'battery-level': '67.02'}, None, None
240.01, [INFO], robot5, {'y': 18.385, 'x': -35.686, 'yaw': -3.137}, None, None
240.69, [WARN], robot5, SKILL-FAILURE, navigation, navto_room
250.03, [INFO], robot5, {'y': 18.381, 'x': -35.687, 'yaw': -3.136}, None, None
250.03, [INFO], robot5, {'battery-level': '66.82'}, None, None
260.07, [INFO], robot5, {'battery-level': '66.62'}, None, None
260.07, [INFO], robot5, {'y': 18.379, 'x': -35.685, 'yaw': -3.136}, None, None
