0.00, [DEBUG], nurse, NURSE_CONFIG={'location': 'IC Room 6', 'position': [-33.9, 18.93, 3.14]}, None, None
0.00, [INFO], robot6, {'battery-level': '54.08'}, None, None
0.00, [DEBUG], logger, ROBOTS_CONFIG={'avg_speed': 0.15, 'battery_charge': 0.5408465660492595, 'battery_discharge_rate': 0.00072, 'id': 6, 'local_plan': [['navigation', ['IC Room 6', [[-32.88, 33.98, 3.14], [-37.0, 33.98], [-37.0, 18.93], [-33.9, 18.93, 3.14]]], 'navto_room'], ['approach_person', ['nurse'], 'approach_nurse'], ['authenticate_person', ['nurse'], 'authenticate_nurse'], ['operate_drawer', ['open'], 'open_drawer_for_nurse'], ['send_message', ['nurse'], 'notify_nurse_of_open_drawer_for_nurse_completed'], ['wait_message', ['nurse'], 'wait_nurse_to_complete_deposit'], ['operate_drawer', ['close'], 'close_drawer_nurse'], ['navigation', ['Laboratory', [[-33.9, 18.93, 3.14], [-37.0, 18.93], [-37.0, 16.0], [-26.0, 16.0], [-26.0, 13.0, 1.57]]], 'navto_lab'], ['approach_robot', ['lab_arm'], 'approach_arm'], ['operate_drawer', ['open'], 'open_drawer_lab'], ['send_message', ['lab_arm'], 'notify_lab_arm_of_open_drawer_lab_completed'], ['wait_message', ['lab_arm'], 'wait_lab_arm_to_complete_pick_up_sample'], ['operate_drawer', ['close'], 'close_drawer_lab']], 'location': 'IC Room 5', 'name': 'r6', 'position': [-32.88, 33.98, 3.14], 'skills': ['approach_person', 'approach_robot', 'authenticate_person', 'navigation', 'operate_drawer']}, None, None
0.00, [DEBUG], logger, Simulation open, None, None
10.07, [INFO], robot6, {'battery-level': '53.44'}, None, None
10.07, [INFO], robot6, {'y': 34.111, 'x': -33.306, 'yaw': 3.141}, None, None
20.07, [INFO], robot6, {'battery-level': '52.72'}, None, None
20.07, [INFO], robot6, {'y': 34.689, 'x': -35.315, 'yaw': 3.142}, None, None
30.06, [INFO], robot6, {'battery-level': '52.00'}, None, None
30.06, [INFO], robot6, {'y': 33.628, 'x': -37.025, 'yaw': 3.142}, None, None
40.05, [INFO], robot6, {'y': 31.529, 'x': -37.041, 'yaw': -3.142}, None, None
40.05, [INFO], robot6, {'battery-level': '51.28'}, None, None
50.05, [INFO], robot6, {'y': 29.424, 'x': -37.037, 'yaw': -3.142}, None, None
50.05, [INFO], robot6, {'battery-level': '50.56'}, None, None
60.09, [INFO], robot6, {'y': 27.306, 'x': -36.991, 'yaw': -3.142}, None, None
60.09, [INFO], robot6, {'battery-level': '49.84'}, None, None
70.08, [INFO], robot6, {'battery-level': '49.12'}, None, None
70.08, [INFO], robot6, {'y': 25.202, 'x': -37.042, 'yaw': -3.142}, None, None
80.09, [INFO], robot6, {'y': 23.077, 'x': -37.057, 'yaw': 3.141}, None, None
80.09, [INFO], robot6, {'battery-level': '48.40'}, None, None
90.06, [INFO], robot6, {'battery-level': '47.68'}, None, None
90.06, [INFO], robot6, {'y': 20.98, 'x': -37.15, 'yaw': 3.141}, None, None
100.06, [INFO], robot6, {'battery-level': '46.96'}, None, None
100.06, [INFO], robot6, {'y': 18.888, 'x': -36.935, 'yaw': 3.141}, None, None
110.07, [INFO], robot6, {'y': 17.675, 'x': -35.233, 'yaw': -3.142}, None, None
110.07, [INFO], robot6, {'battery-level': '46.24'}, None, None
120.05, [INFO], robot6, {'y': 18.881, 'x': -33.933, 'yaw': 3.142}, None, None
120.05, [INFO], robot6, {'battery-level': '45.52'}, None, None
126.46, [info], nurse, sync, received-request, (status=sending-request)
126.46, [info], nurse, sync, request-sent, (status=waiting)
126.46, [info], nurse, sync, wait-message, (status=message-received)
130.03, [INFO], robot6, {'y': 18.688, 'x': -34.289, 'yaw': 3.142}, None, None
130.03, [INFO], robot6, {'battery-level': '44.80'}, None, None
140.06, [INFO], robot6, {'battery-level': '44.08'}, None, None
140.06, [INFO], robot6, {'y': 17.838, 'x': -35.944, 'yaw': 3.137}, None, None
150.03, [INFO], robot6, {'y': 17.406, 'x': -37.032, 'yaw': -3.142}, None, None
150.03, [INFO], robot6, {'battery-level': '43.36'}, None, None
160.07, [INFO], robot6, {'battery-level': '42.64'}, None, None
160.07, [INFO], robot6, {'y': 17.406, 'x': -36.946, 'yaw': 3.14}, None, None
170.05, [INFO], robot6, {'battery-level': '41.92'}, None, None
170.05, [INFO], robot6, {'y': 17.567, 'x': -36.956, 'yaw': 3.142}, None, None
180.04, [INFO], robot6, {'y': 17.334, 'x': -36.833, 'yaw': -3.141}, None, None
180.04, [INFO], robot6, {'battery-level': '41.20'}, None, None
190.06, [INFO], robot6, {'battery-level': '40.48'}, None, None
190.06, [INFO], robot6, {'y': 17.3, 'x': -37.011, 'yaw': -3.141}, None, None
200.01, [INFO], robot6, {'y': 17.387, 'x': -36.728, 'yaw': -3.141}, None, None
200.01, [INFO], robot6, {'battery-level': '39.76'}, None, None
210.01, [INFO], robot6, {'battery-level': '39.04'}, None, None
210.01, [INFO], robot6, {'y': 17.436, 'x': -36.873, 'yaw': -3.142}, None, None
219.91, [INFO], robot6, {'battery-level': '38.32'}, None, None
220.01, [INFO], robot6, {'y': 17.357, 'x': -36.819, 'yaw': 3.142}, None, None
230.05, [INFO], robot6, {'y': 17.29, 'x': -37.013, 'yaw': 3.142}, None, None
230.05, [INFO], robot6, {'battery-level': '37.60'}, None, None
240.08, [INFO], robot6, {'battery-level': '36.88'}, None, None
240.08, [INFO], robot6, {'y': 17.183, 'x': -36.796, 'yaw': -3.141}, None, None
250.04, [INFO], robot6, {'battery-level': '36.16'}, None, None
250.04, [INFO], robot6, {'y': 17.165, 'x': -36.816, 'yaw': 3.142}, None, None
260.01, [INFO], robot6, {'battery-level': '35.44'}, None, None
260.01, [INFO], robot6, {'y': 17.419, 'x': -37.046, 'yaw': -3.142}, None, None
270.08, [INFO], robot6, {'y': 17.245, 'x': -37.232, 'yaw': 3.14}, None, None
270.08, [INFO], robot6, {'battery-level': '34.72'}, None, None
280.04, [INFO], robot6, {'battery-level': '34.00'}, None, None
280.04, [INFO], robot6, {'y': 17.206, 'x': -37.133, 'yaw': 3.14}, None, None
290.03, [INFO], robot6, {'battery-level': '33.28'}, None, None
290.03, [INFO], robot6, {'y': 17.346, 'x': -36.636, 'yaw': 3.14}, None, None
300.09, [INFO], robot6, {'battery-level': '32.56'}, None, None
300.09, [INFO], robot6, {'y': 17.274, 'x': -37.002, 'yaw': 3.142}, None, None
310.04, [INFO], robot6, {'y': 17.498, 'x': -36.913, 'yaw': 3.141}, None, None
310.04, [INFO], robot6, {'battery-level': '31.84'}, None, None
313.89, [WARN], robot6, SKILL-FAILURE, navigation, navto_lab
