0.00, [INFO], robot6, {'battery-level': '50.80'}, None, None
0.00, [DEBUG], logger, ROBOTS_CONFIG={'avg_speed': 0.15, 'battery_charge': 0.5080169438370433, 'battery_discharge_rate': 0.0005200000000000001, 'id': 6, 'local_plan': [['navigation', ['IC Room 2', [[-33.9, 18.93, 3.14], [-37.0, 18.93], [-37.0, 21.5], [-38.0, 21.5, 0.0]]], 'navto_room'], ['approach_person', ['nurse'], 'approach_nurse'], ['authenticate_person', ['nurse'], 'authenticate_nurse'], ['operate_drawer', ['open'], 'open_drawer_for_nurse'], ['send_message', ['nurse'], 'notify_nurse_of_open_drawer_for_nurse_completed'], ['wait_message', ['nurse'], 'wait_nurse_to_complete_deposit'], ['operate_drawer', ['close'], 'close_drawer_nurse'], ['navigation', ['Laboratory', [[-38.0, 21.5, 0.0], [-37.0, 21.5], [-37.0, 16.0], [-26.0, 16.0], [-26.0, 13.0, 1.57]]], 'navto_lab'], ['approach_robot', ['lab_arm'], 'approach_arm'], ['operate_drawer', ['open'], 'open_drawer_lab'], ['send_message', ['lab_arm'], 'notify_lab_arm_of_open_drawer_lab_completed'], ['wait_message', ['lab_arm'], 'wait_lab_arm_to_complete_pick_up_sample'], ['operate_drawer', ['close'], 'close_drawer_lab']], 'location': 'IC Room 6', 'name': 'r6', 'position': [-33.9, 18.93, 3.14], 'skills': ['approach_person', 'approach_robot', 'authenticate_person', 'navigation', 'operate_drawer']}, None, None
0.00, [DEBUG], logger, Simulation open, None, None
10.01, [INFO], robot6, {'battery-level': '50.33'}, None, None
10.01, [INFO], robot6, {'y': 18.493, 'x': -34.337, 'yaw': 3.142}, None, None
20.04, [INFO], robot6, {'battery-level': '49.81'}, None, None
20.04, [INFO], robot6, {'y': 17.972, 'x': -36.113, 'yaw': -3.141}, None, None
30.06, [INFO], robot6, {'battery-level': '49.29'}, None, None
30.06, [INFO], robot6, {'y': 19.798, 'x': -36.875, 'yaw': 3.141}, None, None
40.09, [INFO], robot6, {'battery-level': '48.77'}, None, None
40.09, [INFO], robot6, {'y': 21.562, 'x': -37.61, 'yaw': -3.141}, None, None
50.00, [INFO], robot6, {'battery-level': '48.25'}, None, None
50.00, [INFO], robot6, {'y': 21.462, 'x': -38.047, 'yaw': 3.14}, None, None
58.61, [info], nurse, sync, received-request, (status=sending-request)
58.70, [info], nurse, sync, request-sent, (status=waiting)
58.70, [info], nurse, sync, wait-message, (status=message-received)
60.05, [INFO], robot6, {'y': 21.441, 'x': -38.041, 'yaw': 3.141}, None, None
60.05, [INFO], robot6, {'battery-level': '47.73'}, None, None
70.06, [INFO], robot6, {'y': 19.942, 'x': -37.114, 'yaw': 3.139}, None, None
70.06, [INFO], robot6, {'battery-level': '47.21'}, None, None
80.07, [INFO], robot6, {'y': 17.824, 'x': -37.093, 'yaw': 3.14}, None, None
80.07, [INFO], robot6, {'battery-level': '46.69'}, None, None
90.07, [INFO], robot6, {'y': 16.085, 'x': -36.406, 'yaw': 3.141}, None, None
90.07, [INFO], robot6, {'battery-level': '46.17'}, None, None
100.09, [INFO], robot6, {'battery-level': '45.65'}, None, None
100.09, [INFO], robot6, {'y': 15.39, 'x': -34.369, 'yaw': -3.142}, None, None
110.09, [INFO], robot6, {'battery-level': '45.13'}, None, None
110.09, [INFO], robot6, {'y': 15.52, 'x': -32.236, 'yaw': -3.141}, None, None
120.08, [INFO], robot6, {'y': 15.587, 'x': -30.12, 'yaw': 3.142}, None, None
120.08, [INFO], robot6, {'battery-level': '44.61'}, None, None
130.00, [INFO], robot6, {'y': 15.751, 'x': -28.025, 'yaw': 3.142}, None, None
130.00, [INFO], robot6, {'battery-level': '44.09'}, None, None
140.01, [INFO], robot6, {'y': 15.469, 'x': -26.004, 'yaw': 3.142}, None, None
140.01, [INFO], robot6, {'battery-level': '43.57'}, None, None
150.01, [INFO], robot6, {'y': 13.362, 'x': -25.722, 'yaw': 3.142}, None, None
150.01, [INFO], robot6, {'battery-level': '43.05'}, None, None
160.09, [INFO], robot6, {'battery-level': '42.53'}, None, None
160.09, [INFO], robot6, {'y': 12.925, 'x': -25.975, 'yaw': 3.142}, None, None
160.77, [info], lab_arm, sync, wait-message, (status=message-received)
161.74, [WARN], robot6, SUCCESS, None, None
170.08, [INFO], robot6, {'battery-level': '42.01'}, None, None
170.08, [INFO], robot6, {'y': 12.923, 'x': -25.974, 'yaw': -3.142}, None, None
