0.00, [INFO], robot3, {'battery-level': '46.27'}, None, None
0.00, [DEBUG], nurse, NURSE_CONFIG={'location': 'IC Room 2', 'position': [-38.0, 21.5, 0.0]}, None, None
0.12, [DEBUG], logger, ROBOTS_CONFIG={'avg_speed': 0.15, 'battery_charge': 0.462681764358839, 'battery_discharge_rate': 0.0004, 'id': 3, 'local_plan': [['navigation', ['IC Room 2', [[-13.5, 18.0, -1.57], [-13.5, 16.0], [-37.0, 16.0], [-37.0, 21.5], [-38.0, 21.5, 0.0]]], 'navto_room'], ['approach_person', ['nurse'], 'approach_nurse'], ['authenticate_person', ['nurse'], 'authenticate_nurse'], ['operate_drawer', ['open'], 'open_drawer_for_nurse'], ['send_message', ['nurse'], 'notify_nurse_of_open_drawer_for_nurse_completed'], ['wait_message', ['nurse'], 'wait_nurse_to_complete_deposit'], ['operate_drawer', ['close'], 'close_drawer_nurse'], ['navigation', ['Laboratory', [[-38.0, 21.5, 0.0], [-37.0, 21.5], [-37.0, 16.0], [-26.0, 16.0], [-26.0, 13.0, 1.57]]], 'navto_lab'], ['approach_robot', ['lab_arm'], 'approach_arm'], ['operate_drawer', ['open'], 'open_drawer_lab'], ['send_message', ['lab_arm'], 'notify_lab_arm_of_open_drawer_lab_completed'], ['wait_message', ['lab_arm'], 'wait_lab_arm_to_complete_pick_up_sample'], ['operate_drawer', ['close'], 'close_drawer_lab']], 'location': 'PC Room 7', 'name': 'r3', 'position': [-13.5, 18.0, -1.57], 'skills': ['approach_person', 'approach_robot', 'authenticate_person', 'navigation', 'operate_drawer']}, None, None
0.12, [DEBUG], logger, Simulation open, None, None
10.03, [INFO], robot3, {'battery-level': '45.91'}, None, None
10.03, [INFO], robot3, {'y': 17.086, 'x': -13.493, 'yaw': 3.138}, None, None
20.03, [INFO], robot3, {'y': 16.027, 'x': -14.76, 'yaw': -3.141}, None, None
20.03, [INFO], robot3, {'battery-level': '45.51'}, None, None
30.07, [INFO], robot3, {'battery-level': '45.11'}, None, None
30.07, [INFO], robot3, {'y': 15.909, 'x': -16.886, 'yaw': 3.14}, None, None
40.03, [INFO], robot3, {'battery-level': '44.71'}, None, None
40.03, [INFO], robot3, {'y': 15.981, 'x': -18.977, 'yaw': 3.141}, None, None
50.05, [INFO], robot3, {'battery-level': '44.31'}, None, None
50.05, [INFO], robot3, {'y': 16.094, 'x': -21.091, 'yaw': -3.142}, None, None
60.01, [INFO], robot3, {'y': 16.056, 'x': -23.193, 'yaw': 3.142}, None, None
60.01, [INFO], robot3, {'battery-level': '43.91'}, None, None
70.05, [INFO], robot3, {'battery-level': '43.51'}, None, None
70.05, [INFO], robot3, {'y': 16.037, 'x': -25.319, 'yaw': 3.14}, None, None
80.03, [INFO], robot3, {'y': 16.019, 'x': -27.424, 'yaw': -3.142}, None, None
80.03, [INFO], robot3, {'battery-level': '43.11'}, None, None
90.06, [INFO], robot3, {'battery-level': '42.71'}, None, None
90.06, [INFO], robot3, {'y': 16.102, 'x': -29.55, 'yaw': 3.142}, None, None
100.04, [INFO], robot3, {'battery-level': '42.31'}, None, None
100.04, [INFO], robot3, {'y': 15.926, 'x': -31.664, 'yaw': 3.141}, None, None
110.04, [INFO], robot3, {'battery-level': '41.91'}, None, None
110.04, [INFO], robot3, {'y': 15.579, 'x': -33.769, 'yaw': 3.142}, None, None
120.03, [INFO], robot3, {'battery-level': '41.51'}, None, None
120.03, [INFO], robot3, {'y': 15.514, 'x': -35.849, 'yaw': -3.141}, None, None
130.06, [INFO], robot3, {'y': 16.989, 'x': -36.69, 'yaw': -3.141}, None, None
130.06, [INFO], robot3, {'battery-level': '41.11'}, None, None
140.07, [INFO], robot3, {'battery-level': '40.71'}, None, None
140.07, [INFO], robot3, {'y': 19.107, 'x': -36.788, 'yaw': 3.141}, None, None
150.06, [INFO], robot3, {'battery-level': '40.31'}, None, None
150.06, [INFO], robot3, {'y': 21.211, 'x': -37.052, 'yaw': 3.141}, None, None
160.05, [INFO], robot3, {'battery-level': '39.91'}, None, None
160.05, [INFO], robot3, {'y': 21.478, 'x': -38.083, 'yaw': 3.136}, None, None
168.08, [info], nurse, sync, received-request, (status=sending-request)
168.08, [info], nurse, sync, request-sent, (status=waiting)
168.17, [info], nurse, sync, wait-message, (status=message-received)
170.06, [INFO], robot3, {'y': 21.414, 'x': -37.923, 'yaw': 3.138}, None, None
170.06, [INFO], robot3, {'battery-level': '39.51'}, None, None
180.03, [INFO], robot3, {'battery-level': '39.11'}, None, None
180.03, [INFO], robot3, {'y': 19.812, 'x': -37.199, 'yaw': 3.142}, None, None
190.01, [INFO], robot3, {'battery-level': '38.71'}, None, None
190.01, [INFO], robot3, {'y': 17.687, 'x': -37.15, 'yaw': 3.141}, None, None
200.02, [INFO], robot3, {'y': 15.868, 'x': -36.491, 'yaw': 3.142}, None, None
200.02, [INFO], robot3, {'battery-level': '38.31'}, None, None
210.03, [INFO], robot3, {'battery-level': '37.91'}, None, None
210.03, [INFO], robot3, {'y': 15.338, 'x': -34.421, 'yaw': -3.141}, None, None
220.03, [INFO], robot3, {'y': 15.504, 'x': -32.302, 'yaw': -3.141}, None, None
220.03, [INFO], robot3, {'battery-level': '37.51'}, None, None
230.09, [INFO], robot3, {'y': 15.588, 'x': -30.183, 'yaw': 3.137}, None, None
230.09, [INFO], robot3, {'battery-level': '37.11'}, None, None
240.03, [INFO], robot3, {'battery-level': '36.71'}, None, None
240.03, [INFO], robot3, {'y': 15.723, 'x': -28.09, 'yaw': -3.142}, None, None
250.03, [INFO], robot3, {'y': 15.469, 'x': -26.108, 'yaw': 3.142}, None, None
250.03, [INFO], robot3, {'battery-level': '36.31'}, None, None
260.02, [INFO], robot3, {'battery-level': '35.91'}, None, None
260.02, [INFO], robot3, {'y': 13.382, 'x': -25.717, 'yaw': 3.142}, None, None
269.25, [info], lab_arm, sync, wait-message, (status=message-received)
270.07, [INFO], robot3, {'y': 12.911, 'x': -25.956, 'yaw': 3.141}, None, None
270.07, [INFO], robot3, {'battery-level': '35.51'}, None, None
270.16, [WARN], robot3, SUCCESS, None, None
