0.00, [INFO], robot6, {'battery-level': '50.80'}, None, None
0.13, [DEBUG], logger, ROBOTS_CONFIG={'avg_speed': 0.15, 'battery_charge': 0.5080169438370433, 'battery_discharge_rate': 0.0005200000000000001, 'id': 6, 'local_plan': [['navigation', ['PC Room 3', [[-27.23, 18.0, -1.57], [-27.23, 16.0], [-28.5, 16.0], [-28.5, 18.0, -1.57]]], 'navto_room'], ['approach_person', ['nurse'], 'approach_nurse'], ['authenticate_person', ['nurse'], 'authenticate_nurse'], ['operate_drawer', ['open'], 'open_drawer_for_nurse'], ['send_message', ['nurse'], 'notify_nurse_of_open_drawer_for_nurse_completed'], ['wait_message', ['nurse'], 'wait_nurse_to_complete_deposit'], ['operate_drawer', ['close'], 'close_drawer_nurse'], ['navigation', ['Laboratory', [[-28.5, 18.0, -1.57], [-28.5, 16.0], [-26.0, 16.0], [-26.0, 13.0, 1.57]]], 'navto_lab'], ['approach_robot', ['lab_arm'], 'approach_arm'], ['operate_drawer', ['open'], 'open_drawer_lab'], ['send_message', ['lab_arm'], 'notify_lab_arm_of_open_drawer_lab_completed'], ['wait_message', ['lab_arm'], 'wait_lab_arm_to_complete_pick_up_sample'], ['operate_drawer', ['close'], 'close_drawer_lab']], 'location': 'PC Room 4', 'name': 'r6', 'position': [-27.23, 18.0, -1.57], 'skills': ['approach_person', 'approach_robot', 'authenticate_person', 'navigation', 'operate_drawer']}, None, None
0.13, [DEBUG], logger, Simulation open, None, None
10.06, [INFO], robot6, {'y': 17.642, 'x': -27.18, 'yaw': -3.142}, None, None
10.06, [INFO], robot6, {'battery-level': '50.33'}, None, None
20.02, [INFO], robot6, {'battery-level': '49.81'}, None, None
20.02, [INFO], robot6, {'y': 16.447, 'x': -27.826, 'yaw': 3.141}, None, None
30.07, [INFO], robot6, {'battery-level': '49.29'}, None, None
30.07, [INFO], robot6, {'y': 17.403, 'x': -28.49, 'yaw': -3.141}, None, None
40.04, [INFO], robot6, {'y': 17.473, 'x': -28.772, 'yaw': -3.141}, None, None
40.04, [INFO], robot6, {'battery-level': '48.77'}, None, None
49.98, [INFO], robot6, {'y': 17.376, 'x': -28.775, 'yaw': -3.141}, None, None
49.98, [INFO], robot6, {'battery-level': '48.25'}, None, None
60.09, [INFO], robot6, {'y': 17.292, 'x': -28.582, 'yaw': 3.14}, None, None
60.09, [INFO], robot6, {'battery-level': '47.73'}, None, None
70.00, [INFO], robot6, {'battery-level': '47.21'}, None, None
70.00, [INFO], robot6, {'y': 17.562, 'x': -28.569, 'yaw': 3.14}, None, None
80.03, [INFO], robot6, {'battery-level': '46.69'}, None, None
80.03, [INFO], robot6, {'y': 17.512, 'x': -28.505, 'yaw': 3.141}, None, None
90.02, [INFO], robot6, {'battery-level': '46.17'}, None, None
90.02, [INFO], robot6, {'y': 17.509, 'x': -28.743, 'yaw': 3.141}, None, None
100.07, [INFO], robot6, {'battery-level': '45.65'}, None, None
100.07, [INFO], robot6, {'y': 17.309, 'x': -28.446, 'yaw': -3.142}, None, None
110.02, [INFO], robot6, {'battery-level': '45.13'}, None, None
110.02, [INFO], robot6, {'y': 17.52, 'x': -28.493, 'yaw': -3.141}, None, None
120.07, [INFO], robot6, {'battery-level': '44.61'}, None, None
120.07, [INFO], robot6, {'y': 17.502, 'x': -28.737, 'yaw': 3.141}, None, None
130.00, [INFO], robot6, {'y': 17.36, 'x': -28.696, 'yaw': 3.141}, None, None
130.00, [INFO], robot6, {'battery-level': '44.09'}, None, None
140.02, [INFO], robot6, {'battery-level': '43.57'}, None, None
140.02, [INFO], robot6, {'y': 17.619, 'x': -28.557, 'yaw': 3.141}, None, None
150.07, [INFO], robot6, {'battery-level': '43.05'}, None, None
150.07, [INFO], robot6, {'y': 17.375, 'x': -28.832, 'yaw': 3.141}, None, None
160.06, [INFO], robot6, {'battery-level': '42.53'}, None, None
160.06, [INFO], robot6, {'y': 17.361, 'x': -28.547, 'yaw': 3.14}, None, None
164.92, [WARN], robot6, SKILL-FAILURE, navigation, navto_room
170.07, [INFO], robot6, {'y': 17.354, 'x': -28.833, 'yaw': 3.142}, None, None
170.07, [INFO], robot6, {'battery-level': '42.01'}, None, None
