 0.00, [DEBUG], nurse, NURSE_CONFIG={'location': 'IC Room 6', 'position': [-33.9, 18.93, 3.14]}, None, None
0.12, [DEBUG], logger, ROBOTS_CONFIG={'avg_speed': 0.15, 'battery_charge': 0.5080169438370433, 'battery_discharge_rate': 0.0005200000000000001, 'id': 6, 'local_plan': [['navigation', ['IC Room 6', [[-32.88, 33.98, 3.14], [-37.0, 33.98], [-37.0, 18.93], [-33.9, 18.93, 3.14]]], 'navto_room'], ['approach_person', ['nurse'], 'approach_nurse'], ['authenticate_person', ['nurse'], 'authenticate_nurse'], ['operate_drawer', ['open'], 'open_drawer_for_nurse'], ['send_message', ['nurse'], 'notify_nurse_of_open_drawer_for_nurse_completed'], ['wait_message', ['nurse'], 'wait_nurse_to_complete_deposit'], ['operate_drawer', ['close'], 'close_drawer_nurse'], ['navigation', ['Laboratory', [[-33.9, 18.93, 3.14], [-37.0, 18.93], [-37.0, 16.0], [-26.0, 16.0], [-26.0, 13.0, 1.57]]], 'navto_lab'], ['approach_robot', ['lab_arm'], 'approach_arm'], ['operate_drawer', ['open'], 'open_drawer_lab'], ['send_message', ['lab_arm'], 'notify_lab_arm_of_open_drawer_lab_completed'], ['wait_message', ['lab_arm'], 'wait_lab_arm_to_complete_pick_up_sample'], ['operate_drawer', ['close'], 'close_drawer_lab']], 'location': 'IC Room 5', 'name': 'r6', 'position': [-32.88, 33.98, 3.14], 'skills': ['approach_person', 'approach_robot', 'authenticate_person', 'navigation', 'operate_drawer']}, None, None
0.12, [DEBUG], logger, Simulation open, None, None
10.02, [INFO], robot6, {'y': 34.27, 'x': -33.582, 'yaw': 3.142}, None, None
10.02, [INFO], robot6, {'battery-level': '50.33'}, None, None
20.06, [INFO], robot6, {'battery-level': '49.81'}, None, None
20.06, [INFO], robot6, {'y': 34.684, 'x': -35.642, 'yaw': -3.14}, None, None
30.02, [INFO], robot6, {'battery-level': '49.29'}, None, None
30.02, [INFO], robot6, {'y': 33.29, 'x': -36.796, 'yaw': -3.142}, None, None
40.07, [INFO], robot6, {'battery-level': '48.77'}, None, None
40.07, [INFO], robot6, {'y': 31.169, 'x': -36.843, 'yaw': -3.141}, None, None
50.01, [INFO], robot6, {'y': 29.073, 'x': -36.858, 'yaw': -3.141}, None, None
50.01, [INFO], robot6, {'battery-level': '48.25'}, None, None
60.05, [INFO], robot6, {'y': 26.952, 'x': -36.901, 'yaw': 3.141}, None, None
60.05, [INFO], robot6, {'battery-level': '47.73'}, None, None
70.01, [INFO], robot6, {'y': 24.843, 'x': -36.967, 'yaw': 3.14}, None, None
70.01, [INFO], robot6, {'battery-level': '47.21'}, None, None
80.01, [INFO], robot6, {'battery-level': '46.69'}, None, None
80.01, [INFO], robot6, {'y': 22.736, 'x': -37.03, 'yaw': 3.141}, None, None
90.04, [INFO], robot6, {'battery-level': '46.17'}, None, None
90.04, [INFO], robot6, {'y': 20.619, 'x': -37.125, 'yaw': 3.142}, None, None
100.07, [INFO], robot6, {'battery-level': '45.65'}, None, None
100.07, [INFO], robot6, {'y': 18.608, 'x': -36.715, 'yaw': -3.141}, None, None
110.00, [INFO], robot6, {'battery-level': '45.13'}, None, None
110.00, [INFO], robot6, {'y': 17.741, 'x': -34.901, 'yaw': 3.142}, None, None
120.08, [INFO], robot6, {'battery-level': '44.61'}, None, None
120.08, [INFO], robot6, {'y': 18.978, 'x': -33.942, 'yaw': -3.141}, None, None
124.09, [info], nurse, sync, received-request, (status=sending-request)
124.09, [info], nurse, sync, request-sent, (status=waiting)
124.17, [info], nurse, sync, wait-message, (status=message-received)
130.02, [INFO], robot6, {'battery-level': '44.09'}, None, None
130.02, [INFO], robot6, {'y': 18.25, 'x': -34.48, 'yaw': 3.142}, None, None
140.08, [INFO], robot6, {'battery-level': '43.57'}, None, None
140.08, [INFO], robot6, {'y': 18.04, 'x': -36.271, 'yaw': 3.141}, None, None
150.01, [INFO], robot6, {'battery-level': '43.05'}, None, None
150.01, [INFO], robot6, {'y': 17.38, 'x': -36.858, 'yaw': 3.14}, None, None
160.04, [INFO], robot6, {'y': 17.495, 'x': -36.927, 'yaw': -3.142}, None, None
160.04, [INFO], robot6, {'battery-level': '42.53'}, None, None
170.06, [INFO], robot6, {'battery-level': '42.01'}, None, None
170.06, [INFO], robot6, {'y': 17.366, 'x': -36.999, 'yaw': 3.141}, None, None
180.08, [INFO], robot6, {'y': 17.22, 'x': -36.85, 'yaw': -3.141}, None, None
180.08, [INFO], robot6, {'battery-level': '41.49'}, None, None
190.03, [INFO], robot6, {'y': 17.367, 'x': -37.066, 'yaw': -3.142}, None, None
190.03, [INFO], robot6, {'battery-level': '40.97'}, None, None
200.01, [INFO], robot6, {'y': 17.404, 'x': -37.063, 'yaw': -3.142}, None, None
200.01, [INFO], robot6, {'battery-level': '40.45'}, None, None
210.08, [INFO], robot6, {'y': 17.374, 'x': -36.844, 'yaw': -3.142}, None, None
210.08, [INFO], robot6, {'battery-level': '39.93'}, None, None
220.00, [INFO], robot6, {'battery-level': '39.41'}, None, None
220.00, [INFO], robot6, {'y': 17.25, 'x': -37.025, 'yaw': -3.142}, None, None
230.05, [INFO], robot6, {'battery-level': '38.89'}, None, None
230.05, [INFO], robot6, {'y': 17.467, 'x': -37.047, 'yaw': -3.141}, None, None
240.00, [INFO], robot6, {'battery-level': '38.37'}, None, None
240.00, [INFO], robot6, {'y': 17.331, 'x': -36.834, 'yaw': -3.142}, None, None
250.04, [INFO], robot6, {'battery-level': '37.85'}, None, None
250.04, [INFO], robot6, {'y': 17.405, 'x': -37.021, 'yaw': 3.142}, None, None
260.03, [INFO], robot6, {'y': 17.4, 'x': -36.848, 'yaw': -3.141}, None, None
260.03, [INFO], robot6, {'battery-level': '37.33'}, None, None
270.03, [INFO], robot6, {'battery-level': '36.81'}, None, None
270.03, [INFO], robot6, {'y': 17.449, 'x': -37.042, 'yaw': -3.141}, None, None
280.08, [INFO], robot6, {'y': 17.348, 'x': -36.821, 'yaw': 3.141}, None, None
280.08, [INFO], robot6, {'battery-level': '36.29'}, None, None
290.08, [INFO], robot6, {'battery-level': '35.77'}, None, None
290.08, [INFO], robot6, {'y': 17.269, 'x': -36.909, 'yaw': -3.142}, None, None
300.02, [INFO], robot6, {'battery-level': '35.25'}, None, None
300.02, [INFO], robot6, {'y': 17.398, 'x': -36.83, 'yaw': 3.14}, None, None
310.07, [INFO], robot6, {'battery-level': '34.73'}, None, None
310.07, [INFO], robot6, {'y': 17.411, 'x': -36.917, 'yaw': -3.142}, None, None
310.34, [WARN], robot6, SKILL-FAILURE, navigation, navto_lab
