0.19, [DEBUG], logger, ROBOTS_CONFIG={'avg_speed': 0.15, 'battery_charge': 0.462681764358839, 'battery_discharge_rate': 0.0004, 'id': 3, 'local_plan': [['navigation', ['IC Room 6', [[-38.0, 21.5, 0.0], [-37.0, 21.5], [-37.0, 18.93], [-33.9, 18.93, 3.14]]], 'navto_room'], ['approach_person', ['nurse'], 'approach_nurse'], ['authenticate_person', ['nurse'], 'authenticate_nurse'], ['operate_drawer', ['open'], 'open_drawer_for_nurse'], ['send_message', ['nurse'], 'notify_nurse_of_open_drawer_for_nurse_completed'], ['wait_message', ['nurse'], 'wait_nurse_to_complete_deposit'], ['operate_drawer', ['close'], 'close_drawer_nurse'], ['navigation', ['Laboratory', [[-33.9, 18.93, 3.14], [-37.0, 18.93], [-37.0, 16.0], [-26.0, 16.0], [-26.0, 13.0, 1.57]]], 'navto_lab'], ['approach_robot', ['lab_arm'], 'approach_arm'], ['operate_drawer', ['open'], 'open_drawer_lab'], ['send_message', ['lab_arm'], 'notify_lab_arm_of_open_drawer_lab_completed'], ['wait_message', ['lab_arm'], 'wait_lab_arm_to_complete_pick_up_sample'], ['operate_drawer', ['close'], 'close_drawer_lab']], 'location': 'IC Room 2', 'name': 'r3', 'position': [-38.0, 21.5, 0.0], 'skills': ['approach_person', 'approach_robot', 'authenticate_person', 'navigation', 'operate_drawer']}, None, None
0.19, [DEBUG], logger, Simulation open, None, None
10.06, [INFO], robot3, {'battery-level': '45.91'}, None, None
10.06, [INFO], robot3, {'y': 21.5, 'x': -38.0, 'yaw': -3.142}, None, None
20.07, [INFO], robot3, {'battery-level': '45.51'}, None, None
20.07, [INFO], robot3, {'y': 20.349, 'x': -37.097, 'yaw': -3.142}, None, None
30.07, [INFO], robot3, {'battery-level': '45.11'}, None, None
30.07, [INFO], robot3, {'y': 18.449, 'x': -36.353, 'yaw': -3.142}, None, None
40.02, [INFO], robot3, {'y': 18.059, 'x': -34.518, 'yaw': 3.141}, None, None
40.02, [INFO], robot3, {'battery-level': '44.71'}, None, None
50.03, [INFO], robot3, {'battery-level': '44.31'}, None, None
50.03, [INFO], robot3, {'y': 18.949, 'x': -33.895, 'yaw': 3.142}, None, None
53.14, [info], nurse, sync, received-request, (status=sending-request)
53.14, [info], nurse, sync, request-sent, (status=waiting)
53.14, [info], nurse, sync, wait-message, (status=message-received)
60.01, [INFO], robot3, {'battery-level': '43.91'}, None, None
60.01, [INFO], robot3, {'y': 18.039, 'x': -34.557, 'yaw': 3.141}, None, None
70.06, [INFO], robot3, {'y': 18.133, 'x': -36.287, 'yaw': 3.141}, None, None
70.06, [INFO], robot3, {'battery-level': '43.51'}, None, None
80.02, [INFO], robot3, {'battery-level': '43.11'}, None, None
80.02, [INFO], robot3, {'y': 17.316, 'x': -36.891, 'yaw': -3.141}, None, None
90.02, [INFO], robot3, {'battery-level': '42.71'}, None, None
90.02, [INFO], robot3, {'y': 17.266, 'x': -36.797, 'yaw': 3.141}, None, None
100.08, [INFO], robot3, {'y': 17.339, 'x': -36.997, 'yaw': -3.141}, None, None
100.08, [INFO], robot3, {'battery-level': '42.31'}, None, None
110.03, [INFO], robot3, {'y': 17.233, 'x': -37.057, 'yaw': 3.141}, None, None
110.03, [INFO], robot3, {'battery-level': '41.91'}, None, None
120.08, [INFO], robot3, {'battery-level': '41.51'}, None, None
120.08, [INFO], robot3, {'y': 17.344, 'x': -36.866, 'yaw': -3.141}, None, None
130.06, [INFO], robot3, {'y': 17.398, 'x': -37.029, 'yaw': 3.14}, None, None
130.06, [INFO], robot3, {'battery-level': '41.11'}, None, None
140.01, [INFO], robot3, {'battery-level': '40.71'}, None, None
140.01, [INFO], robot3, {'y': 17.233, 'x': -36.807, 'yaw': 3.141}, None, None
150.04, [INFO], robot3, {'battery-level': '40.31'}, None, None
150.04, [INFO], robot3, {'y': 17.354, 'x': -37.039, 'yaw': -3.141}, None, None
160.08, [INFO], robot3, {'y': 17.467, 'x': -37.051, 'yaw': -3.142}, None, None
160.08, [INFO], robot3, {'battery-level': '39.91'}, None, None
170.02, [INFO], robot3, {'battery-level': '39.51'}, None, None
170.02, [INFO], robot3, {'y': 17.314, 'x': -36.866, 'yaw': -3.141}, None, None
180.00, [INFO], robot3, {'y': 17.38, 'x': -37.013, 'yaw': -3.142}, None, None
180.00, [INFO], robot3, {'battery-level': '39.11'}, None, None
190.07, [INFO], robot3, {'y': 17.282, 'x': -36.823, 'yaw': -3.142}, None, None
190.07, [INFO], robot3, {'battery-level': '38.71'}, None, None
200.08, [INFO], robot3, {'battery-level': '38.31'}, None, None
200.08, [INFO], robot3, {'y': 17.154, 'x': -37.021, 'yaw': 3.14}, None, None
210.06, [INFO], robot3, {'battery-level': '37.91'}, None, None
210.06, [INFO], robot3, {'y': 17.447, 'x': -36.987, 'yaw': -3.141}, None, None
220.04, [INFO], robot3, {'y': 17.207, 'x': -36.936, 'yaw': -3.141}, None, None
220.04, [INFO], robot3, {'battery-level': '37.51'}, None, None
230.02, [INFO], robot3, {'y': 17.217, 'x': -36.856, 'yaw': -3.141}, None, None
230.02, [INFO], robot3, {'battery-level': '37.11'}, None, None
240.03, [INFO], robot3, {'y': 17.485, 'x': -37.079, 'yaw': -3.141}, None, None
240.03, [INFO], robot3, {'battery-level': '36.71'}, None, None
245.24, [WARN], robot3, SKILL-FAILURE, navigation, navto_lab
250.04, [INFO], robot3, {'battery-level': '36.31'}, None, None
250.04, [INFO], robot3, {'y': 17.355, 'x': -36.965, 'yaw': 3.142}, None, None
