0.00, [DEBUG], nurse, NURSE_CONFIG={'location': 'PC Room 3', 'position': [-28.5, 18.0, -1.57]}, None, None
0.11, [DEBUG], logger, ROBOTS_CONFIG={'avg_speed': 0.15, 'battery_charge': 0.462681764358839, 'battery_discharge_rate': 0.0004, 'id': 3, 'local_plan': [['navigation', ['PC Room 3', [[-38.0, 21.5, 0.0], [-37.0, 21.5], [-37.0, 16.0], [-28.5, 16.0], [-28.5, 18.0, -1.57]]], 'navto_room'], ['approach_person', ['nurse'], 'approach_nurse'], ['authenticate_person', ['nurse'], 'authenticate_nurse'], ['operate_drawer', ['open'], 'open_drawer_for_nurse'], ['send_message', ['nurse'], 'notify_nurse_of_open_drawer_for_nurse_completed'], ['wait_message', ['nurse'], 'wait_nurse_to_complete_deposit'], ['operate_drawer', ['close'], 'close_drawer_nurse'], ['navigation', ['Laboratory', [[-28.5, 18.0, -1.57], [-28.5, 16.0], [-26.0, 16.0], [-26.0, 13.0, 1.57]]], 'navto_lab'], ['approach_robot', ['lab_arm'], 'approach_arm'], ['operate_drawer', ['open'], 'open_drawer_lab'], ['send_message', ['lab_arm'], 'notify_lab_arm_of_open_drawer_lab_completed'], ['wait_message', ['lab_arm'], 'wait_lab_arm_to_complete_pick_up_sample'], ['operate_drawer', ['close'], 'close_drawer_lab']], 'location': 'IC Room 2', 'name': 'r3', 'position': [-38.0, 21.5, 0.0], 'skills': ['approach_person', 'approach_robot', 'authenticate_person', 'navigation', 'operate_drawer']}, None, None
0.11, [DEBUG], logger, Simulation open, None, None
10.01, [INFO], robot3, {'y': 21.5, 'x': -38.0, 'yaw': -3.142}, None, None
10.01, [INFO], robot3, {'battery-level': '45.91'}, None, None
20.00, [INFO], robot3, {'battery-level': '45.51'}, None, None
20.00, [INFO], robot3, {'y': 21.158, 'x': -37.295, 'yaw': 3.142}, None, None
30.03, [INFO], robot3, {'battery-level': '45.11'}, None, None
30.03, [INFO], robot3, {'y': 19.043, 'x': -37.165, 'yaw': 3.142}, None, None
40.09, [INFO], robot3, {'y': 16.916, 'x': -37.074, 'yaw': 3.141}, None, None
40.09, [INFO], robot3, {'battery-level': '44.71'}, None, None
50.07, [INFO], robot3, {'battery-level': '44.31'}, None, None
50.07, [INFO], robot3, {'y': 15.697, 'x': -35.758, 'yaw': 3.141}, None, None
59.95, [INFO], robot3, {'battery-level': '43.91'}, None, None
60.03, [INFO], robot3, {'y': 15.416, 'x': -33.661, 'yaw': -3.141}, None, None
70.07, [INFO], robot3, {'battery-level': '43.51'}, None, None
70.07, [INFO], robot3, {'y': 15.552, 'x': -31.528, 'yaw': -3.141}, None, None
80.03, [INFO], robot3, {'y': 15.713, 'x': -29.427, 'yaw': 3.14}, None, None
80.03, [INFO], robot3, {'battery-level': '43.11'}, None, None
90.02, [INFO], robot3, {'battery-level': '42.71'}, None, None
90.02, [INFO], robot3, {'y': 17.369, 'x': -28.657, 'yaw': -3.142}, None, None
100.05, [INFO], robot3, {'battery-level': '42.31'}, None, None
100.05, [INFO], robot3, {'y': 17.995, 'x': -28.554, 'yaw': 3.141}, None, None
106.74, [info], nurse, sync, received-request, (status=sending-request)
106.74, [info], nurse, sync, request-sent, (status=waiting)
106.74, [info], nurse, sync, wait-message, (status=message-received)
110.08, [INFO], robot3, {'battery-level': '41.91'}, None, None
110.08, [INFO], robot3, {'y': 17.591, 'x': -28.661, 'yaw': -3.142}, None, None
120.08, [INFO], robot3, {'battery-level': '41.51'}, None, None
120.08, [INFO], robot3, {'y': 16.202, 'x': -27.8, 'yaw': 3.141}, None, None
130.03, [INFO], robot3, {'y': 15.359, 'x': -26.171, 'yaw': 3.142}, None, None
130.03, [INFO], robot3, {'battery-level': '41.11'}, None, None
140.01, [INFO], robot3, {'y': 13.321, 'x': -25.792, 'yaw': -3.141}, None, None
140.01, [INFO], robot3, {'battery-level': '40.71'}, None, None
150.04, [INFO], robot3, {'battery-level': '40.31'}, None, None
150.04, [INFO], robot3, {'y': 12.918, 'x': -25.943, 'yaw': 3.14}, None, None
159.76, [info], lab_arm, sync, wait-message, (status=message-received)
160.04, [INFO], robot3, {'battery-level': '39.91'}, None, None
160.04, [INFO], robot3, {'y': 12.866, 'x': -25.92, 'yaw': 3.141}, None, None
160.67, [WARN], robot3, SUCCESS, None, None
