0.00, [DEBUG], nurse, NURSE_CONFIG={'location': 'IC Room 6', 'position': [-33.9, 18.93, 3.14]}, None, None
0.00, [INFO], robot4, {'battery-level': '48.63'}, None, None
0.09, [DEBUG], logger, ROBOTS_CONFIG={'avg_speed': 0.15, 'battery_charge': 0.4863040833267539, 'battery_discharge_rate': 0.0006000000000000001, 'id': 4, 'local_plan': [['navigation', ['IC Room 6', [[-39.44, 33.95, 0.0], [-37.0, 33.95], [-37.0, 18.93], [-33.9, 18.93, 3.14]]], 'navto_room'], ['approach_person', ['nurse'], 'approach_nurse'], ['authenticate_person', ['nurse'], 'authenticate_nurse'], ['operate_drawer', ['open'], 'open_drawer_for_nurse'], ['send_message', ['nurse'], 'notify_nurse_of_open_drawer_for_nurse_completed'], ['wait_message', ['nurse'], 'wait_nurse_to_complete_deposit'], ['operate_drawer', ['close'], 'close_drawer_nurse'], ['navigation', ['Laboratory', [[-33.9, 18.93, 3.14], [-37.0, 18.93], [-37.0, 16.0], [-26.0, 16.0], [-26.0, 13.0, 1.57]]], 'navto_lab'], ['approach_robot', ['lab_arm'], 'approach_arm'], ['operate_drawer', ['open'], 'open_drawer_lab'], ['send_message', ['lab_arm'], 'notify_lab_arm_of_open_drawer_lab_completed'], ['wait_message', ['lab_arm'], 'wait_lab_arm_to_complete_pick_up_sample'], ['operate_drawer', ['close'], 'close_drawer_lab']], 'location': 'IC Room 4', 'name': 'r4', 'position': [-39.44, 33.95, 0.0], 'skills': ['approach_person', 'approach_robot', 'authenticate_person', 'navigation', 'operate_drawer']}, None, None
0.12, [DEBUG], logger, Simulation open, None, None
10.06, [INFO], robot4, {'battery-level': '48.09'}, None, None
10.06, [INFO], robot4, {'y': 34.07, 'x': -39.023, 'yaw': 3.142}, None, None
20.01, [INFO], robot4, {'y': 34.156, 'x': -37.172, 'yaw': 3.142}, None, None
20.01, [INFO], robot4, {'battery-level': '47.49'}, None, None
30.02, [INFO], robot4, {'battery-level': '46.89'}, None, None
30.02, [INFO], robot4, {'y': 32.064, 'x': -37.044, 'yaw': 3.14}, None, None
40.00, [INFO], robot4, {'y': 29.959, 'x': -37.0, 'yaw': 3.14}, None, None
40.00, [INFO], robot4, {'battery-level': '46.29'}, None, None
50.06, [INFO], robot4, {'battery-level': '45.69'}, None, None
50.06, [INFO], robot4, {'y': 27.837, 'x': -36.994, 'yaw': 3.14}, None, None
60.07, [INFO], robot4, {'battery-level': '45.09'}, None, None
60.07, [INFO], robot4, {'y': 25.729, 'x': -37.047, 'yaw': 3.141}, None, None
70.02, [INFO], robot4, {'y': 23.637, 'x': -37.01, 'yaw': 3.141}, None, None
70.02, [INFO], robot4, {'battery-level': '44.49'}, None, None
80.05, [INFO], robot4, {'y': 21.515, 'x': -37.132, 'yaw': 3.141}, None, None
80.05, [INFO], robot4, {'battery-level': '43.89'}, None, None
90.06, [INFO], robot4, {'y': 19.401, 'x': -37.063, 'yaw': 3.138}, None, None
90.06, [INFO], robot4, {'battery-level': '43.29'}, None, None
100.08, [INFO], robot4, {'battery-level': '42.69'}, None, None
100.08, [INFO], robot4, {'y': 17.753, 'x': -35.804, 'yaw': 3.141}, None, None
110.07, [INFO], robot4, {'battery-level': '42.09'}, None, None
110.07, [INFO], robot4, {'y': 18.579, 'x': -34.152, 'yaw': -3.142}, None, None
120.03, [INFO], robot4, {'battery-level': '41.49'}, None, None
120.03, [INFO], robot4, {'y': 18.927, 'x': -33.942, 'yaw': 3.141}, None, None
126.92, [info], nurse, sync, received-request, (status=sending-request)
126.92, [info], nurse, sync, request-sent, (status=waiting)
126.92, [info], nurse, sync, wait-message, (status=message-received)
130.06, [INFO], robot4, {'battery-level': '40.89'}, None, None
130.06, [INFO], robot4, {'y': 18.778, 'x': -34.263, 'yaw': 3.141}, None, None
140.08, [INFO], robot4, {'y': 17.814, 'x': -35.83, 'yaw': 3.141}, None, None
140.08, [INFO], robot4, {'battery-level': '40.29'}, None, None
150.05, [INFO], robot4, {'y': 18.032, 'x': -36.202, 'yaw': -3.136}, None, None
150.05, [INFO], robot4, {'battery-level': '39.69'}, None, None
160.09, [INFO], robot4, {'y': 18.033, 'x': -36.202, 'yaw': -3.136}, None, None
160.09, [INFO], robot4, {'battery-level': '39.09'}, None, None
170.09, [INFO], robot4, {'battery-level': '38.49'}, None, None
170.09, [INFO], robot4, {'y': 17.307, 'x': -36.899, 'yaw': 3.142}, None, None
180.00, [INFO], robot4, {'battery-level': '37.89'}, None, None
180.00, [INFO], robot4, {'y': 17.498, 'x': -36.848, 'yaw': 3.142}, None, None
190.04, [INFO], robot4, {'y': 17.255, 'x': -37.129, 'yaw': 3.141}, None, None
190.04, [INFO], robot4, {'battery-level': '37.29'}, None, None
200.04, [INFO], robot4, {'y': 17.309, 'x': -36.714, 'yaw': -3.142}, None, None
200.04, [INFO], robot4, {'battery-level': '36.69'}, None, None
210.00, [INFO], robot4, {'battery-level': '36.09'}, None, None
210.00, [INFO], robot4, {'y': 17.411, 'x': -36.857, 'yaw': -3.141}, None, None
220.01, [INFO], robot4, {'battery-level': '35.49'}, None, None
220.01, [INFO], robot4, {'y': 17.418, 'x': -37.115, 'yaw': -3.141}, None, None
230.07, [INFO], robot4, {'battery-level': '34.89'}, None, None
230.07, [INFO], robot4, {'y': 17.373, 'x': -37.12, 'yaw': 3.141}, None, None
240.01, [INFO], robot4, {'y': 17.47, 'x': -36.899, 'yaw': 3.14}, None, None
240.01, [INFO], robot4, {'battery-level': '34.29'}, None, None
250.02, [INFO], robot4, {'battery-level': '33.69'}, None, None
250.02, [INFO], robot4, {'y': 17.354, 'x': -36.8, 'yaw': -3.142}, None, None
260.05, [INFO], robot4, {'battery-level': '33.09'}, None, None
260.05, [INFO], robot4, {'y': 17.421, 'x': -36.904, 'yaw': 3.141}, None, None
270.06, [INFO], robot4, {'battery-level': '32.49'}, None, None
270.06, [INFO], robot4, {'y': 17.281, 'x': -36.776, 'yaw': 3.141}, None, None
280.08, [INFO], robot4, {'y': 17.221, 'x': -37.057, 'yaw': 3.142}, None, None
280.08, [INFO], robot4, {'battery-level': '31.89'}, None, None
290.04, [INFO], robot4, {'battery-level': '31.29'}, None, None
290.04, [INFO], robot4, {'y': 17.39, 'x': -36.854, 'yaw': 3.141}, None, None
300.02, [INFO], robot4, {'battery-level': '30.69'}, None, None
300.02, [INFO], robot4, {'y': 17.29, 'x': -36.933, 'yaw': -3.141}, None, None
310.04, [INFO], robot4, {'battery-level': '30.09'}, None, None
310.04, [INFO], robot4, {'y': 17.135, 'x': -36.899, 'yaw': -3.141}, None, None
317.35, [WARN], robot4, SKILL-FAILURE, navigation, navto_lab
