0.00, [DEBUG], nurse, NURSE_CONFIG={'location': 'IC Room 6', 'position': [-33.9, 18.93, 3.14]}, None, None
0.00, [DEBUG], logger, ROBOTS_CONFIG={'avg_speed': 0.15, 'battery_charge': 0.5779176354739738, 'battery_discharge_rate': 0.00054, 'id': 2, 'local_plan': [['navigation', ['IC Room 6', [[-19.0, 18.0, -1.57], [-19.0, 16.0], [-37.0, 16.0], [-37.0, 18.93], [-33.9, 18.93, 3.14]]], 'navto_room'], ['approach_person', ['nurse'], 'approach_nurse'], ['authenticate_person', ['nurse'], 'authenticate_nurse'], ['operate_drawer', ['open'], 'open_drawer_for_nurse'], ['send_message', ['nurse'], 'notify_nurse_of_open_drawer_for_nurse_completed'], ['wait_message', ['nurse'], 'wait_nurse_to_complete_deposit'], ['operate_drawer', ['close'], 'close_drawer_nurse'], ['navigation', ['Laboratory', [[-33.9, 18.93, 3.14], [-37.0, 18.93], [-37.0, 16.0], [-26.0, 16.0], [-26.0, 13.0, 1.57]]], 'navto_lab'], ['approach_robot', ['lab_arm'], 'approach_arm'], ['operate_drawer', ['open'], 'open_drawer_lab'], ['send_message', ['lab_arm'], 'notify_lab_arm_of_open_drawer_lab_completed'], ['wait_message', ['lab_arm'], 'wait_lab_arm_to_complete_pick_up_sample'], ['operate_drawer', ['close'], 'close_drawer_lab']], 'location': 'PC Room 6', 'name': 'r2', 'position': [-19.0, 18.0, -1.57], 'skills': ['approach_person', 'approach_robot', 'authenticate_person', 'navigation', 'operate_drawer']}, None, None
0.00, [DEBUG], logger, Simulation open, None, None
10.03, [INFO], robot2, {'battery-level': '57.31'}, None, None
10.03, [INFO], robot2, {'y': 17.446, 'x': -19.198, 'yaw': -3.141}, None, None
20.00, [INFO], robot2, {'y': 16.142, 'x': -20.287, 'yaw': 3.142}, None, None
20.00, [INFO], robot2, {'battery-level': '56.77'}, None, None
30.06, [INFO], robot2, {'y': 16.144, 'x': -22.414, 'yaw': -3.138}, None, None
30.06, [INFO], robot2, {'battery-level': '56.23'}, None, None
40.03, [INFO], robot2, {'battery-level': '55.69'}, None, None
40.03, [INFO], robot2, {'y': 16.096, 'x': -24.513, 'yaw': 3.141}, None, None
50.08, [INFO], robot2, {'battery-level': '55.15'}, None, None
50.08, [INFO], robot2, {'y': 16.062, 'x': -26.629, 'yaw': 3.14}, None, None
60.05, [INFO], robot2, {'battery-level': '54.61'}, None, None
60.05, [INFO], robot2, {'y': 16.15, 'x': -28.728, 'yaw': 3.139}, None, None
70.08, [INFO], robot2, {'battery-level': '54.07'}, None, None
70.08, [INFO], robot2, {'y': 16.131, 'x': -30.845, 'yaw': 3.141}, None, None
80.01, [INFO], robot2, {'y': 15.84, 'x': -32.941, 'yaw': 3.142}, None, None
80.01, [INFO], robot2, {'battery-level': '53.53'}, None, None
90.07, [INFO], robot2, {'y': 15.397, 'x': -35.033, 'yaw': 3.142}, None, None
90.07, [INFO], robot2, {'battery-level': '52.99'}, None, None
100.08, [INFO], robot2, {'y': 16.252, 'x': -36.646, 'yaw': -3.141}, None, None
100.08, [INFO], robot2, {'battery-level': '52.45'}, None, None
110.02, [INFO], robot2, {'battery-level': '51.91'}, None, None
110.02, [INFO], robot2, {'y': 17.618, 'x': -36.714, 'yaw': -3.142}, None, None
120.05, [INFO], robot2, {'battery-level': '51.37'}, None, None
120.05, [INFO], robot2, {'y': 17.797, 'x': -35.877, 'yaw': -3.141}, None, None
130.08, [INFO], robot2, {'battery-level': '50.83'}, None, None
130.08, [INFO], robot2, {'y': 18.362, 'x': -35.718, 'yaw': 3.141}, None, None
140.02, [INFO], robot2, {'battery-level': '50.29'}, None, None
140.02, [INFO], robot2, {'y': 18.35, 'x': -35.692, 'yaw': 3.141}, None, None
150.02, [INFO], robot2, {'battery-level': '49.75'}, None, None
150.02, [INFO], robot2, {'y': 18.382, 'x': -35.7, 'yaw': -3.137}, None, None
160.01, [INFO], robot2, {'y': 18.391, 'x': -35.686, 'yaw': -3.137}, None, None
160.01, [INFO], robot2, {'battery-level': '49.21'}, None, None
170.09, [INFO], robot2, {'battery-level': '48.67'}, None, None
170.09, [INFO], robot2, {'y': 18.154, 'x': -35.814, 'yaw': -3.142}, None, None
180.04, [INFO], robot2, {'y': 18.312, 'x': -35.696, 'yaw': -3.136}, None, None
180.04, [INFO], robot2, {'battery-level': '48.13'}, None, None
190.03, [INFO], robot2, {'battery-level': '47.59'}, None, None
190.03, [INFO], robot2, {'y': 18.1, 'x': -35.664, 'yaw': -3.138}, None, None
194.62, [WARN], robot2, SKILL-FAILURE, navigation, navto_room
200.07, [INFO], robot2, {'y': 18.1, 'x': -35.663, 'yaw': -3.136}, None, None
200.07, [INFO], robot2, {'battery-level': '47.05'}, None, None
