0.00, [DEBUG], nurse, NURSE_CONFIG={'location': 'IC Room 2', 'position': [-38.0, 21.5, 0.0]}, None, None
0.00, [INFO], robot4, {'battery-level': '48.63'}, None, None
0.00, [DEBUG], logger, ROBOTS_CONFIG={'avg_speed': 0.15, 'battery_charge': 0.4863040833267539, 'battery_discharge_rate': 0.0006000000000000001, 'id': 4, 'local_plan': [['navigation', ['IC Room 2', [[-32.88, 33.98, 3.14], [-37.0, 33.98], [-37.0, 21.5], [-38.0, 21.5, 0.0]]], 'navto_room'], ['approach_person', ['nurse'], 'approach_nurse'], ['authenticate_person', ['nurse'], 'authenticate_nurse'], ['operate_drawer', ['open'], 'open_drawer_for_nurse'], ['send_message', ['nurse'], 'notify_nurse_of_open_drawer_for_nurse_completed'], ['wait_message', ['nurse'], 'wait_nurse_to_complete_deposit'], ['operate_drawer', ['close'], 'close_drawer_nurse'], ['navigation', ['Laboratory', [[-38.0, 21.5, 0.0], [-37.0, 21.5], [-37.0, 16.0], [-26.0, 16.0], [-26.0, 13.0, 1.57]]], 'navto_lab'], ['approach_robot', ['lab_arm'], 'approach_arm'], ['operate_drawer', ['open'], 'open_drawer_lab'], ['send_message', ['lab_arm'], 'notify_lab_arm_of_open_drawer_lab_completed'], ['wait_message', ['lab_arm'], 'wait_lab_arm_to_complete_pick_up_sample'], ['operate_drawer', ['close'], 'close_drawer_lab']], 'location': 'IC Room 5', 'name': 'r4', 'position': [-32.88, 33.98, 3.14], 'skills': ['approach_person', 'approach_robot', 'authenticate_person', 'navigation', 'operate_drawer']}, None, None
0.00, [DEBUG], logger, Simulation open, None, None
10.07, [INFO], robot4, {'battery-level': '48.09'}, None, None
10.07, [INFO], robot4, {'y': 34.195, 'x': -33.443, 'yaw': 3.141}, None, None
20.00, [INFO], robot4, {'y': 34.73, 'x': -35.462, 'yaw': 3.139}, None, None
20.00, [INFO], robot4, {'battery-level': '47.49'}, None, None
30.04, [INFO], robot4, {'y': 33.466, 'x': -36.921, 'yaw': 3.141}, None, None
30.04, [INFO], robot4, {'battery-level': '46.89'}, None, None
40.03, [INFO], robot4, {'battery-level': '46.29'}, None, None
40.03, [INFO], robot4, {'y': 31.369, 'x': -36.852, 'yaw': -3.141}, None, None
50.07, [INFO], robot4, {'battery-level': '45.69'}, None, None
50.07, [INFO], robot4, {'y': 29.246, 'x': -36.831, 'yaw': -3.141}, None, None
60.02, [INFO], robot4, {'battery-level': '45.09'}, None, None
60.02, [INFO], robot4, {'y': 27.145, 'x': -36.89, 'yaw': 3.14}, None, None
70.02, [INFO], robot4, {'y': 25.037, 'x': -36.949, 'yaw': 3.141}, None, None
70.02, [INFO], robot4, {'battery-level': '44.49'}, None, None
80.06, [INFO], robot4, {'y': 22.914, 'x': -36.947, 'yaw': 3.141}, None, None
80.06, [INFO], robot4, {'battery-level': '43.89'}, None, None
90.07, [INFO], robot4, {'battery-level': '43.29'}, None, None
90.07, [INFO], robot4, {'y': 21.123, 'x': -37.582, 'yaw': -3.141}, None, None
100.09, [INFO], robot4, {'y': 21.374, 'x': -38.042, 'yaw': -3.136}, None, None
100.09, [INFO], robot4, {'battery-level': '42.69'}, None, None
108.04, [info], nurse, sync, received-request, (status=sending-request)
108.04, [info], nurse, sync, request-sent, (status=waiting)
108.14, [info], nurse, sync, wait-message, (status=message-received)
110.04, [INFO], robot4, {'y': 21.465, 'x': -37.916, 'yaw': -3.14}, None, None
110.04, [INFO], robot4, {'battery-level': '42.09'}, None, None
120.09, [INFO], robot4, {'battery-level': '41.49'}, None, None
120.09, [INFO], robot4, {'y': 19.951, 'x': -37.156, 'yaw': -3.14}, None, None
130.00, [INFO], robot4, {'battery-level': '40.89'}, None, None
130.00, [INFO], robot4, {'y': 17.85, 'x': -37.097, 'yaw': 3.141}, None, None
140.02, [INFO], robot4, {'battery-level': '40.29'}, None, None
140.02, [INFO], robot4, {'y': 15.969, 'x': -36.563, 'yaw': 3.141}, None, None
150.06, [INFO], robot4, {'battery-level': '39.69'}, None, None
150.06, [INFO], robot4, {'y': 15.424, 'x': -34.484, 'yaw': 3.142}, None, None
160.09, [INFO], robot4, {'battery-level': '39.09'}, None, None
160.09, [INFO], robot4, {'y': 15.478, 'x': -32.354, 'yaw': -3.142}, None, None
170.03, [INFO], robot4, {'battery-level': '38.49'}, None, None
170.03, [INFO], robot4, {'y': 15.611, 'x': -30.243, 'yaw': 3.142}, None, None
180.06, [INFO], robot4, {'battery-level': '37.89'}, None, None
180.06, [INFO], robot4, {'y': 15.785, 'x': -28.128, 'yaw': -3.142}, None, None
190.01, [INFO], robot4, {'battery-level': '37.29'}, None, None
190.01, [INFO], robot4, {'y': 15.581, 'x': -26.06, 'yaw': 3.141}, None, None
200.01, [INFO], robot4, {'battery-level': '36.69'}, None, None
200.01, [INFO], robot4, {'y': 13.499, 'x': -25.768, 'yaw': 3.142}, None, None
210.08, [INFO], robot4, {'battery-level': '36.09'}, None, None
210.08, [INFO], robot4, {'y': 12.867, 'x': -25.954, 'yaw': 3.14}, None, None
211.11, [info], lab_arm, sync, wait-message, (status=message-received)
212.04, [WARN], robot4, SUCCESS, None, None
