0.18, [DEBUG], logger, ROBOTS_CONFIG={'avg_speed': 0.15, 'battery_charge': 0.4863040833267539, 'battery_discharge_rate': 0.0006000000000000001, 'id': 4, 'local_plan': [['navigation', ['PC Room 3', [[-13.5, 18.0, -1.57], [-13.5, 16.0], [-28.5, 16.0], [-28.5, 18.0, -1.57]]], 'navto_room'], ['approach_person', ['nurse'], 'approach_nurse'], ['authenticate_person', ['nurse'], 'authenticate_nurse'], ['operate_drawer', ['open'], 'open_drawer_for_nurse'], ['send_message', ['nurse'], 'notify_nurse_of_open_drawer_for_nurse_completed'], ['wait_message', ['nurse'], 'wait_nurse_to_complete_deposit'], ['operate_drawer', ['close'], 'close_drawer_nurse'], ['navigation', ['Laboratory', [[-28.5, 18.0, -1.57], [-28.5, 16.0], [-26.0, 16.0], [-26.0, 13.0, 1.57]]], 'navto_lab'], ['approach_robot', ['lab_arm'], 'approach_arm'], ['operate_drawer', ['open'], 'open_drawer_lab'], ['send_message', ['lab_arm'], 'notify_lab_arm_of_open_drawer_lab_completed'], ['wait_message', ['lab_arm'], 'wait_lab_arm_to_complete_pick_up_sample'], ['operate_drawer', ['close'], 'close_drawer_lab']], 'location': 'PC Room 7', 'name': 'r4', 'position': [-13.5, 18.0, -1.57], 'skills': ['approach_person', 'approach_robot', 'authenticate_person', 'navigation', 'operate_drawer']}, None, None
0.18, [DEBUG], logger, Simulation open, None, None
10.03, [INFO], robot4, {'battery-level': '48.09'}, None, None
10.03, [INFO], robot4, {'y': 18.0, 'x': -13.5, 'yaw': 3.142}, None, None
20.03, [INFO], robot4, {'y': 16.162, 'x': -13.868, 'yaw': 3.141}, None, None
20.03, [INFO], robot4, {'battery-level': '47.49'}, None, None
30.06, [INFO], robot4, {'battery-level': '46.89'}, None, None
30.06, [INFO], robot4, {'y': 16.057, 'x': -15.995, 'yaw': 3.141}, None, None
40.02, [INFO], robot4, {'battery-level': '46.29'}, None, None
40.02, [INFO], robot4, {'y': 16.122, 'x': -18.094, 'yaw': 3.141}, None, None
50.00, [INFO], robot4, {'y': 16.22, 'x': -20.204, 'yaw': 3.141}, None, None
50.00, [INFO], robot4, {'battery-level': '45.69'}, None, None
60.07, [INFO], robot4, {'y': 16.25, 'x': -22.337, 'yaw': 3.141}, None, None
60.07, [INFO], robot4, {'battery-level': '45.09'}, None, None
70.05, [INFO], robot4, {'y': 16.111, 'x': -24.442, 'yaw': 3.141}, None, None
70.05, [INFO], robot4, {'battery-level': '44.49'}, None, None
80.02, [INFO], robot4, {'y': 16.096, 'x': -26.543, 'yaw': -3.141}, None, None
80.02, [INFO], robot4, {'battery-level': '43.89'}, None, None
90.02, [INFO], robot4, {'battery-level': '43.29'}, None, None
90.02, [INFO], robot4, {'y': 16.443, 'x': -28.514, 'yaw': -3.142}, None, None
100.05, [INFO], robot4, {'y': 17.976, 'x': -28.612, 'yaw': 3.141}, None, None
100.05, [INFO], robot4, {'battery-level': '42.69'}, None, None
105.79, [info], nurse, sync, received-request, (status=sending-request)
105.79, [info], nurse, sync, request-sent, (status=waiting)
105.87, [info], nurse, sync, wait-message, (status=message-received)
110.01, [INFO], robot4, {'battery-level': '42.09'}, None, None
110.01, [INFO], robot4, {'y': 17.329, 'x': -28.673, 'yaw': -3.141}, None, None
120.04, [INFO], robot4, {'y': 16.128, 'x': -27.648, 'yaw': 3.141}, None, None
120.04, [INFO], robot4, {'battery-level': '41.49'}, None, None
130.02, [INFO], robot4, {'battery-level': '40.89'}, None, None
130.02, [INFO], robot4, {'y': 15.27, 'x': -25.979, 'yaw': -3.142}, None, None
140.08, [INFO], robot4, {'y': 13.178, 'x': -25.82, 'yaw': -3.142}, None, None
140.08, [INFO], robot4, {'battery-level': '40.29'}, None, None
150.08, [INFO], robot4, {'y': 12.894, 'x': -25.971, 'yaw': -3.142}, None, None
150.08, [INFO], robot4, {'battery-level': '39.69'}, None, None
151.84, [info], lab_arm, sync, wait-message, (status=message-received)
152.69, [WARN], robot4, SUCCESS, None, None
