0.00, [DEBUG], nurse, NURSE_CONFIG={'location': 'PC Room 3', 'position': [-28.5, 18.0, -1.57]}, None, None
0.00, [INFO], robot2, {'battery-level': '57.79'}, None, None
0.00, [DEBUG], logger, ROBOTS_CONFIG={'avg_speed': 0.15, 'battery_charge': 0.5779176354739738, 'battery_discharge_rate': 0.00054, 'id': 2, 'local_plan': [['navigation', ['PC Room 3', [[-21.0, 18.0, -1.57], [-21.0, 16.0], [-28.5, 16.0], [-28.5, 18.0, -1.57]]], 'navto_room'], ['approach_person', ['nurse'], 'approach_nurse'], ['authenticate_person', ['nurse'], 'authenticate_nurse'], ['operate_drawer', ['open'], 'open_drawer_for_nurse'], ['send_message', ['nurse'], 'notify_nurse_of_open_drawer_for_nurse_completed'], ['wait_message', ['nurse'], 'wait_nurse_to_complete_deposit'], ['operate_drawer', ['close'], 'close_drawer_nurse'], ['navigation', ['Laboratory', [[-28.5, 18.0, -1.57], [-28.5, 16.0], [-26.0, 16.0], [-26.0, 13.0, 1.57]]], 'navto_lab'], ['approach_robot', ['lab_arm'], 'approach_arm'], ['operate_drawer', ['open'], 'open_drawer_lab'], ['send_message', ['lab_arm'], 'notify_lab_arm_of_open_drawer_lab_completed'], ['wait_message', ['lab_arm'], 'wait_lab_arm_to_complete_pick_up_sample'], ['operate_drawer', ['close'], 'close_drawer_lab']], 'location': 'PC Room 5', 'name': 'r2', 'position': [-21.0, 18.0, -1.57], 'skills': ['approach_person', 'approach_robot', 'authenticate_person', 'navigation', 'operate_drawer']}, None, None
0.00, [DEBUG], logger, Simulation open, None, None
10.06, [INFO], robot2, {'y': 17.41, 'x': -20.953, 'yaw': -3.142}, None, None
10.06, [INFO], robot2, {'battery-level': '57.31'}, None, None
20.03, [INFO], robot2, {'y': 16.04, 'x': -21.845, 'yaw': -3.141}, None, None
20.03, [INFO], robot2, {'battery-level': '56.77'}, None, None
30.09, [INFO], robot2, {'battery-level': '56.23'}, None, None
30.09, [INFO], robot2, {'y': 15.96, 'x': -23.979, 'yaw': 3.14}, None, None
40.02, [INFO], robot2, {'y': 15.927, 'x': -26.083, 'yaw': -3.14}, None, None
40.02, [INFO], robot2, {'battery-level': '55.69'}, None, None
50.04, [INFO], robot2, {'battery-level': '55.15'}, None, None
50.04, [INFO], robot2, {'y': 16.051, 'x': -28.163, 'yaw': 3.142}, None, None
60.05, [INFO], robot2, {'battery-level': '54.61'}, None, None
60.05, [INFO], robot2, {'y': 17.856, 'x': -28.565, 'yaw': 3.142}, None, None
66.88, [info], nurse, sync, received-request, (status=sending-request)
66.88, [info], nurse, sync, request-sent, (status=waiting)
66.88, [info], nurse, sync, wait-message, (status=message-received)
70.01, [INFO], robot2, {'battery-level': '54.07'}, None, None
70.01, [INFO], robot2, {'y': 17.546, 'x': -28.659, 'yaw': -3.141}, None, None
80.06, [INFO], robot2, {'y': 16.041, 'x': -28.0, 'yaw': -3.141}, None, None
80.06, [INFO], robot2, {'battery-level': '53.53'}, None, None
90.07, [INFO], robot2, {'y': 15.616, 'x': -26.047, 'yaw': 3.141}, None, None
90.07, [INFO], robot2, {'battery-level': '52.99'}, None, None
100.05, [INFO], robot2, {'y': 13.537, 'x': -25.7, 'yaw': 3.142}, None, None
100.05, [INFO], robot2, {'battery-level': '52.45'}, None, None
110.00, [INFO], robot2, {'battery-level': '51.91'}, None, None
110.00, [INFO], robot2, {'y': 12.859, 'x': -25.946, 'yaw': 3.14}, None, None
111.56, [info], lab_arm, sync, wait-message, (status=message-received)
112.53, [WARN], robot2, SUCCESS, None, None
120.06, [INFO], robot2, {'y': 12.858, 'x': -25.946, 'yaw': 3.142}, None, None
120.06, [INFO], robot2, {'battery-level': '51.37'}, None, None
