0.00, [INFO], robot3, {'battery-level': '72.32'}, None, None
0.20, [DEBUG], logger, ROBOTS_CONFIG={'avg_speed': 0.15, 'battery_charge': 0.7232396784987936, 'battery_discharge_rate': 0.00036, 'id': 3, 'local_plan': [['navigation', ['IC Room 6', [[-38.0, 21.5, 0.0], [-37.0, 21.5], [-37.0, 18.93], [-33.9, 18.93, 3.14]]], 'navto_room'], ['approach_person', ['nurse'], 'approach_nurse'], ['authenticate_person', ['nurse'], 'authenticate_nurse'], ['operate_drawer', ['open'], 'open_drawer_for_nurse'], ['send_message', ['nurse'], 'notify_nurse_of_open_drawer_for_nurse_completed'], ['wait_message', ['nurse'], 'wait_nurse_to_complete_deposit'], ['operate_drawer', ['close'], 'close_drawer_nurse'], ['navigation', ['Laboratory', [[-33.9, 18.93, 3.14], [-37.0, 18.93], [-37.0, 16.0], [-26.0, 16.0], [-26.0, 13.0, 1.57]]], 'navto_lab'], ['approach_robot', ['lab_arm'], 'approach_arm'], ['operate_drawer', ['open'], 'open_drawer_lab'], ['send_message', ['lab_arm'], 'notify_lab_arm_of_open_drawer_lab_completed'], ['wait_message', ['lab_arm'], 'wait_lab_arm_to_complete_pick_up_sample'], ['operate_drawer', ['close'], 'close_drawer_lab']], 'location': 'IC Room 2', 'name': 'r3', 'position': [-38.0, 21.5, 0.0], 'skills': ['approach_person', 'approach_robot', 'authenticate_person', 'navigation', 'operate_drawer']}, None, None
0.20, [DEBUG], logger, Simulation open, None, None
10.02, [INFO], robot3, {'y': 21.5, 'x': -38.0, 'yaw': 3.142}, None, None
10.02, [INFO], robot3, {'battery-level': '72.00'}, None, None
20.04, [INFO], robot3, {'battery-level': '71.64'}, None, None
20.04, [INFO], robot3, {'y': 20.726, 'x': -37.252, 'yaw': 3.141}, None, None
30.01, [INFO], robot3, {'battery-level': '71.28'}, None, None
30.01, [INFO], robot3, {'y': 18.737, 'x': -36.684, 'yaw': 3.141}, None, None
40.06, [INFO], robot3, {'battery-level': '70.92'}, None, None
40.06, [INFO], robot3, {'y': 17.748, 'x': -34.89, 'yaw': 3.141}, None, None
50.01, [INFO], robot3, {'battery-level': '70.56'}, None, None
50.01, [INFO], robot3, {'y': 18.981, 'x': -33.947, 'yaw': -3.142}, None, None
56.49, [info], nurse, sync, received-request, (status=sending-request)
56.49, [info], nurse, sync, request-sent, (status=waiting)
56.57, [info], nurse, sync, wait-message, (status=message-received)
59.96, [INFO], robot3, {'battery-level': '70.20'}, None, None
60.02, [INFO], robot3, {'y': 18.733, 'x': -34.319, 'yaw': 3.14}, None, None
69.99, [INFO], robot3, {'y': 17.851, 'x': -35.927, 'yaw': 3.139}, None, None
70.05, [INFO], robot3, {'battery-level': '69.84'}, None, None
80.00, [INFO], robot3, {'battery-level': '69.48'}, None, None
80.00, [INFO], robot3, {'y': 17.279, 'x': -37.054, 'yaw': 3.142}, None, None
90.06, [INFO], robot3, {'battery-level': '69.12'}, None, None
90.06, [INFO], robot3, {'y': 17.281, 'x': -36.818, 'yaw': -3.141}, None, None
100.03, [INFO], robot3, {'battery-level': '68.76'}, None, None
100.03, [INFO], robot3, {'y': 17.354, 'x': -37.036, 'yaw': -3.141}, None, None
110.06, [INFO], robot3, {'battery-level': '68.40'}, None, None
110.06, [INFO], robot3, {'y': 17.335, 'x': -36.919, 'yaw': -3.142}, None, None
120.08, [INFO], robot3, {'battery-level': '68.04'}, None, None
120.08, [INFO], robot3, {'y': 17.197, 'x': -36.971, 'yaw': -3.141}, None, None
129.96, [INFO], robot3, {'battery-level': '67.68'}, None, None
130.04, [INFO], robot3, {'y': 17.394, 'x': -37.057, 'yaw': 3.142}, None, None
140.05, [INFO], robot3, {'y': 17.208, 'x': -36.85, 'yaw': -3.141}, None, None
140.05, [INFO], robot3, {'battery-level': '67.32'}, None, None
150.05, [INFO], robot3, {'y': 17.361, 'x': -37.008, 'yaw': 3.142}, None, None
150.05, [INFO], robot3, {'battery-level': '66.96'}, None, None
160.03, [INFO], robot3, {'battery-level': '66.60'}, None, None
160.03, [INFO], robot3, {'y': 17.446, 'x': -36.835, 'yaw': -3.141}, None, None
170.02, [INFO], robot3, {'battery-level': '66.24'}, None, None
170.02, [INFO], robot3, {'y': 17.277, 'x': -36.882, 'yaw': -3.141}, None, None
180.02, [INFO], robot3, {'battery-level': '65.88'}, None, None
180.02, [INFO], robot3, {'y': 17.443, 'x': -37.022, 'yaw': -3.141}, None, None
190.02, [INFO], robot3, {'y': 17.314, 'x': -36.795, 'yaw': -3.141}, None, None
190.02, [INFO], robot3, {'battery-level': '65.52'}, None, None
200.05, [INFO], robot3, {'battery-level': '65.16'}, None, None
200.05, [INFO], robot3, {'y': 17.28, 'x': -36.955, 'yaw': 3.14}, None, None
210.01, [INFO], robot3, {'battery-level': '64.80'}, None, None
210.01, [INFO], robot3, {'y': 17.44, 'x': -36.862, 'yaw': -3.142}, None, None
220.04, [INFO], robot3, {'y': 17.358, 'x': -37.047, 'yaw': 3.14}, None, None
220.04, [INFO], robot3, {'battery-level': '64.44'}, None, None
230.06, [INFO], robot3, {'battery-level': '64.08'}, None, None
230.06, [INFO], robot3, {'y': 17.08, 'x': -37.207, 'yaw': 3.142}, None, None
240.08, [INFO], robot3, {'battery-level': '63.72'}, None, None
240.08, [INFO], robot3, {'y': 17.386, 'x': -36.979, 'yaw': -3.141}, None, None
250.05, [INFO], robot3, {'battery-level': '63.36'}, None, None
250.05, [INFO], robot3, {'y': 17.263, 'x': -37.103, 'yaw': -3.142}, None, None
254.29, [WARN], robot3, SKILL-FAILURE, navigation, navto_lab
260.02, [INFO], robot3, {'y': 17.428, 'x': -37.037, 'yaw': -3.142}, None, None
260.02, [INFO], robot3, {'battery-level': '63.00'}, None, None
