0.13, [DEBUG], logger, ROBOTS_CONFIG={'avg_speed': 0.15, 'battery_charge': 0.9109794326728246, 'battery_discharge_rate': 0.00072, 'id': 6, 'local_plan': [['navigation', ['IC Room 2', [[-33.9, 18.93, 3.14], [-37.0, 18.93], [-37.0, 21.5], [-38.0, 21.5, 0.0]]], 'navto_room'], ['approach_person', ['nurse'], 'approach_nurse'], ['authenticate_person', ['nurse'], 'authenticate_nurse'], ['operate_drawer', ['open'], 'open_drawer_for_nurse'], ['send_message', ['nurse'], 'notify_nurse_of_open_drawer_for_nurse_completed'], ['wait_message', ['nurse'], 'wait_nurse_to_complete_deposit'], ['operate_drawer', ['close'], 'close_drawer_nurse'], ['navigation', ['Laboratory', [[-38.0, 21.5, 0.0], [-37.0, 21.5], [-37.0, 16.0], [-26.0, 16.0], [-26.0, 13.0, 1.57]]], 'navto_lab'], ['approach_robot', ['lab_arm'], 'approach_arm'], ['operate_drawer', ['open'], 'open_drawer_lab'], ['send_message', ['lab_arm'], 'notify_lab_arm_of_open_drawer_lab_completed'], ['wait_message', ['lab_arm'], 'wait_lab_arm_to_complete_pick_up_sample'], ['operate_drawer', ['close'], 'close_drawer_lab']], 'location': 'IC Room 6', 'name': 'r6', 'position': [-33.9, 18.93, 3.14], 'skills': ['approach_person', 'approach_robot', 'authenticate_person', 'navigation', 'operate_drawer']}, None, None
0.13, [DEBUG], logger, Simulation open, None, None
10.01, [INFO], robot6, {'y': 18.335, 'x': -34.402, 'yaw': 3.142}, None, None
10.01, [INFO], robot6, {'battery-level': '90.45'}, None, None
20.02, [INFO], robot6, {'battery-level': '89.73'}, None, None
20.02, [INFO], robot6, {'y': 18.089, 'x': -36.225, 'yaw': -3.139}, None, None
30.05, [INFO], robot6, {'battery-level': '89.01'}, None, None
30.05, [INFO], robot6, {'y': 19.971, 'x': -36.904, 'yaw': -3.142}, None, None
40.07, [INFO], robot6, {'battery-level': '88.29'}, None, None
40.07, [INFO], robot6, {'y': 21.548, 'x': -37.766, 'yaw': 3.141}, None, None
50.01, [INFO], robot6, {'battery-level': '87.57'}, None, None
50.01, [INFO], robot6, {'y': 21.445, 'x': -38.038, 'yaw': -3.141}, None, None
53.67, [info], nurse, sync, received-request, (status=sending-request)
53.67, [info], nurse, sync, request-sent, (status=waiting)
53.67, [info], nurse, sync, wait-message, (status=message-received)
60.03, [INFO], robot6, {'battery-level': '86.85'}, None, None
60.03, [INFO], robot6, {'y': 20.963, 'x': -37.191, 'yaw': 3.141}, None, None
70.03, [INFO], robot6, {'y': 18.836, 'x': -37.167, 'yaw': 3.142}, None, None
70.03, [INFO], robot6, {'battery-level': '86.13'}, None, None
80.06, [INFO], robot6, {'battery-level': '85.41'}, None, None
80.06, [INFO], robot6, {'y': 16.72, 'x': -37.116, 'yaw': 3.142}, None, None
90.01, [INFO], robot6, {'battery-level': '84.69'}, None, None
90.01, [INFO], robot6, {'y': 15.688, 'x': -35.508, 'yaw': 3.142}, None, None
100.05, [INFO], robot6, {'y': 15.459, 'x': -33.411, 'yaw': -3.141}, None, None
100.05, [INFO], robot6, {'battery-level': '83.97'}, None, None
110.05, [INFO], robot6, {'battery-level': '83.25'}, None, None
110.05, [INFO], robot6, {'y': 15.554, 'x': -31.293, 'yaw': -3.141}, None, None
120.02, [INFO], robot6, {'battery-level': '82.53'}, None, None
120.02, [INFO], robot6, {'y': 15.701, 'x': -29.19, 'yaw': 3.14}, None, None
130.05, [INFO], robot6, {'battery-level': '81.81'}, None, None
130.05, [INFO], robot6, {'y': 15.848, 'x': -27.073, 'yaw': 3.141}, None, None
140.06, [INFO], robot6, {'battery-level': '81.09'}, None, None
140.06, [INFO], robot6, {'y': 14.534, 'x': -25.865, 'yaw': -3.142}, None, None
150.04, [INFO], robot6, {'battery-level': '80.37'}, None, None
150.04, [INFO], robot6, {'y': 12.977, 'x': -25.945, 'yaw': 3.142}, None, None
155.34, [info], lab_arm, sync, wait-message, (status=message-received)
156.22, [WARN], robot6, SUCCESS, None, None
160.03, [INFO], robot6, {'y': 12.96, 'x': -25.957, 'yaw': -3.142}, None, None
160.03, [INFO], robot6, {'battery-level': '79.65'}, None, None
