0.00, [DEBUG], nurse, NURSE_CONFIG={'location': 'IC Room 2', 'position': [-38.0, 21.5, 0.0]}, None, None
0.00, [INFO], robot6, {'battery-level': '54.08'}, None, None
0.00, [DEBUG], logger, ROBOTS_CONFIG={'avg_speed': 0.15, 'battery_charge': 0.5408465660492595, 'battery_discharge_rate': 0.00072, 'id': 6, 'local_plan': [['navigation', ['IC Room 2', [[-33.9, 18.93, 3.14], [-37.0, 18.93], [-37.0, 21.5], [-38.0, 21.5, 0.0]]], 'navto_room'], ['approach_person', ['nurse'], 'approach_nurse'], ['authenticate_person', ['nurse'], 'authenticate_nurse'], ['operate_drawer', ['open'], 'open_drawer_for_nurse'], ['send_message', ['nurse'], 'notify_nurse_of_open_drawer_for_nurse_completed'], ['wait_message', ['nurse'], 'wait_nurse_to_complete_deposit'], ['operate_drawer', ['close'], 'close_drawer_nurse'], ['navigation', ['Laboratory', [[-38.0, 21.5, 0.0], [-37.0, 21.5], [-37.0, 16.0], [-26.0, 16.0], [-26.0, 13.0, 1.57]]], 'navto_lab'], ['approach_robot', ['lab_arm'], 'approach_arm'], ['operate_drawer', ['open'], 'open_drawer_lab'], ['send_message', ['lab_arm'], 'notify_lab_arm_of_open_drawer_lab_completed'], ['wait_message', ['lab_arm'], 'wait_lab_arm_to_complete_pick_up_sample'], ['operate_drawer', ['close'], 'close_drawer_lab']], 'location': 'IC Room 6', 'name': 'r6', 'position': [-33.9, 18.93, 3.14], 'skills': ['approach_person', 'approach_robot', 'authenticate_person', 'navigation', 'operate_drawer']}, None, None
0.00, [DEBUG], logger, Simulation open, None, None
10.05, [INFO], robot6, {'battery-level': '53.44'}, None, None
10.05, [INFO], robot6, {'y': 18.541, 'x': -34.322, 'yaw': -3.142}, None, None
20.07, [INFO], robot6, {'y': 17.984, 'x': -36.083, 'yaw': -3.141}, None, None
20.07, [INFO], robot6, {'battery-level': '52.72'}, None, None
30.08, [INFO], robot6, {'y': 19.797, 'x': -36.903, 'yaw': 3.141}, None, None
30.08, [INFO], robot6, {'battery-level': '52.00'}, None, None
40.08, [INFO], robot6, {'battery-level': '51.28'}, None, None
40.08, [INFO], robot6, {'y': 21.631, 'x': -37.56, 'yaw': 3.14}, None, None
50.07, [INFO], robot6, {'battery-level': '50.56'}, None, None
50.07, [INFO], robot6, {'y': 21.589, 'x': -38.079, 'yaw': -3.142}, None, None
60.04, [INFO], robot6, {'battery-level': '49.84'}, None, None
60.04, [INFO], robot6, {'y': 21.401, 'x': -38.089, 'yaw': 3.141}, None, None
70.02, [INFO], robot6, {'battery-level': '49.12'}, None, None
70.02, [INFO], robot6, {'y': 21.428, 'x': -38.12, 'yaw': 3.142}, None, None
70.11, [info], nurse, sync, received-request, (status=sending-request)
70.11, [info], nurse, sync, request-sent, (status=waiting)
70.11, [info], nurse, sync, wait-message, (status=message-received)
80.08, [INFO], robot6, {'y': 20.415, 'x': -37.199, 'yaw': -3.142}, None, None
80.08, [INFO], robot6, {'battery-level': '48.40'}, None, None
90.05, [INFO], robot6, {'battery-level': '47.68'}, None, None
90.05, [INFO], robot6, {'y': 18.314, 'x': -37.097, 'yaw': 3.142}, None, None
100.02, [INFO], robot6, {'battery-level': '46.96'}, None, None
100.02, [INFO], robot6, {'y': 16.21, 'x': -36.979, 'yaw': 3.141}, None, None
110.03, [INFO], robot6, {'y': 15.519, 'x': -35.021, 'yaw': -3.142}, None, None
110.03, [INFO], robot6, {'battery-level': '46.24'}, None, None
120.05, [INFO], robot6, {'battery-level': '45.52'}, None, None
120.05, [INFO], robot6, {'y': 15.508, 'x': -32.92, 'yaw': 3.141}, None, None
130.06, [INFO], robot6, {'y': 15.554, 'x': -30.801, 'yaw': -3.141}, None, None
130.06, [INFO], robot6, {'battery-level': '44.80'}, None, None
140.00, [INFO], robot6, {'y': 15.758, 'x': -28.706, 'yaw': 3.141}, None, None
140.00, [INFO], robot6, {'battery-level': '44.08'}, None, None
150.04, [INFO], robot6, {'battery-level': '43.36'}, None, None
150.04, [INFO], robot6, {'y': 15.803, 'x': -26.57, 'yaw': 3.139}, None, None
160.04, [INFO], robot6, {'y': 14.015, 'x': -25.726, 'yaw': 3.141}, None, None
160.04, [INFO], robot6, {'battery-level': '42.64'}, None, None
170.09, [INFO], robot6, {'y': 12.907, 'x': -25.952, 'yaw': 3.14}, None, None
170.09, [INFO], robot6, {'battery-level': '41.92'}, None, None
176.14, [info], lab_arm, sync, wait-message, (status=message-received)
177.10, [WARN], robot6, SUCCESS, None, None
180.08, [INFO], robot6, {'y': 12.907, 'x': -25.951, 'yaw': 3.142}, None, None
180.08, [INFO], robot6, {'battery-level': '41.20'}, None, None
190.01, [INFO], robot6, {'battery-level': '40.48'}, None, None
190.01, [INFO], robot6, {'y': 12.907, 'x': -25.951, 'yaw': -3.142}, None, None
200.06, [INFO], robot6, {'battery-level': '39.76'}, None, None
200.06, [INFO], robot6, {'y': 12.908, 'x': -25.951, 'yaw': -3.142}, None, None
