0.00, [DEBUG], nurse, NURSE_CONFIG={'location': 'PC Room 3', 'position': [-28.5, 18.0, -1.57]}, None, None
0.00, [INFO], robot6, {'battery-level': '91.10'}, None, None
0.12, [DEBUG], logger, ROBOTS_CONFIG={'avg_speed': 0.15, 'battery_charge': 0.9109794326728246, 'battery_discharge_rate': 0.00072, 'id': 6, 'local_plan': [['navigation', ['PC Room 3', [[-27.23, 18.0, -1.57], [-27.23, 16.0], [-28.5, 16.0], [-28.5, 18.0, -1.57]]], 'navto_room'], ['approach_person', ['nurse'], 'approach_nurse'], ['authenticate_person', ['nurse'], 'authenticate_nurse'], ['operate_drawer', ['open'], 'open_drawer_for_nurse'], ['send_message', ['nurse'], 'notify_nurse_of_open_drawer_for_nurse_completed'], ['wait_message', ['nurse'], 'wait_nurse_to_complete_deposit'], ['operate_drawer', ['close'], 'close_drawer_nurse'], ['navigation', ['Laboratory', [[-28.5, 18.0, -1.57], [-28.5, 16.0], [-26.0, 16.0], [-26.0, 13.0, 1.57]]], 'navto_lab'], ['approach_robot', ['lab_arm'], 'approach_arm'], ['operate_drawer', ['open'], 'open_drawer_lab'], ['send_message', ['lab_arm'], 'notify_lab_arm_of_open_drawer_lab_completed'], ['wait_message', ['lab_arm'], 'wait_lab_arm_to_complete_pick_up_sample'], ['operate_drawer', ['close'], 'close_drawer_lab']], 'location': 'PC Room 4', 'name': 'r6', 'position': [-27.23, 18.0, -1.57], 'skills': ['approach_person', 'approach_robot', 'authenticate_person', 'navigation', 'operate_drawer']}, None, None
0.12, [DEBUG], logger, Simulation open, None, None
10.05, [INFO], robot6, {'battery-level': '90.45'}, None, None
10.05, [INFO], robot6, {'y': 17.989, 'x': -27.134, 'yaw': -3.141}, None, None
20.07, [INFO], robot6, {'y': 16.244, 'x': -27.416, 'yaw': 3.142}, None, None
20.07, [INFO], robot6, {'battery-level': '89.73'}, None, None
30.05, [INFO], robot6, {'battery-level': '89.01'}, None, None
30.05, [INFO], robot6, {'y': 17.358, 'x': -28.626, 'yaw': 3.142}, None, None
40.08, [INFO], robot6, {'battery-level': '88.29'}, None, None
40.08, [INFO], robot6, {'y': 17.92, 'x': -28.61, 'yaw': -3.142}, None, None
42.59, [info], nurse, sync, received-request, (status=sending-request)
42.59, [info], nurse, sync, request-sent, (status=waiting)
42.69, [info], nurse, sync, wait-message, (status=message-received)
50.00, [INFO], robot6, {'battery-level': '87.57'}, None, None
50.00, [INFO], robot6, {'y': 16.629, 'x': -28.782, 'yaw': 3.142}, None, None
60.08, [INFO], robot6, {'y': 16.029, 'x': -27.107, 'yaw': 3.142}, None, None
60.08, [INFO], robot6, {'battery-level': '86.85'}, None, None
70.07, [INFO], robot6, {'battery-level': '86.13'}, None, None
70.07, [INFO], robot6, {'y': 14.731, 'x': -25.82, 'yaw': 3.141}, None, None
80.05, [INFO], robot6, {'battery-level': '85.41'}, None, None
80.05, [INFO], robot6, {'y': 12.961, 'x': -25.894, 'yaw': 3.142}, None, None
88.86, [info], lab_arm, sync, wait-message, (status=message-received)
89.83, [WARN], robot6, SUCCESS, None, None
90.07, [INFO], robot6, {'battery-level': '84.69'}, None, None
90.07, [INFO], robot6, {'y': 12.902, 'x': -25.951, 'yaw': -3.142}, None, None
