0.00, [DEBUG], nurse, NURSE_CONFIG={'location': 'IC Room 6', 'position': [-33.9, 18.93, 3.14]}, None, None
0.12, [DEBUG], logger, ROBOTS_CONFIG={'avg_speed': 0.15, 'battery_charge': 0.7232396784987936, 'battery_discharge_rate': 0.00036, 'id': 3, 'local_plan': [['navigation', ['IC Room 6', [[-38.0, 21.5, 0.0], [-37.0, 21.5], [-37.0, 18.93], [-33.9, 18.93, 3.14]]], 'navto_room'], ['approach_person', ['nurse'], 'approach_nurse'], ['authenticate_person', ['nurse'], 'authenticate_nurse'], ['operate_drawer', ['open'], 'open_drawer_for_nurse'], ['send_message', ['nurse'], 'notify_nurse_of_open_drawer_for_nurse_completed'], ['wait_message', ['nurse'], 'wait_nurse_to_complete_deposit'], ['operate_drawer', ['close'], 'close_drawer_nurse'], ['navigation', ['Laboratory', [[-33.9, 18.93, 3.14], [-37.0, 18.93], [-37.0, 16.0], [-26.0, 16.0], [-26.0, 13.0, 1.57]]], 'navto_lab'], ['approach_robot', ['lab_arm'], 'approach_arm'], ['operate_drawer', ['open'], 'open_drawer_lab'], ['send_message', ['lab_arm'], 'notify_lab_arm_of_open_drawer_lab_completed'], ['wait_message', ['lab_arm'], 'wait_lab_arm_to_complete_pick_up_sample'], ['operate_drawer', ['close'], 'close_drawer_lab']], 'location': 'IC Room 2', 'name': 'r3', 'position': [-38.0, 21.5, 0.0], 'skills': ['approach_person', 'approach_robot', 'authenticate_person', 'navigation', 'operate_drawer']}, None, None
0.12, [DEBUG], logger, Simulation open, None, None
10.09, [INFO], robot3, {'y': 21.506, 'x': -37.985, 'yaw': -3.141}, None, None
10.09, [INFO], robot3, {'battery-level': '72.00'}, None, None
20.08, [INFO], robot3, {'y': 20.277, 'x': -37.231, 'yaw': 3.141}, None, None
20.08, [INFO], robot3, {'battery-level': '71.64'}, None, None
30.06, [INFO], robot3, {'battery-level': '71.28'}, None, None
30.06, [INFO], robot3, {'y': 18.399, 'x': -36.358, 'yaw': 3.142}, None, None
40.05, [INFO], robot3, {'battery-level': '70.92'}, None, None
40.05, [INFO], robot3, {'y': 18.018, 'x': -34.532, 'yaw': 3.138}, None, None
50.05, [INFO], robot3, {'battery-level': '70.56'}, None, None
50.05, [INFO], robot3, {'y': 18.983, 'x': -33.906, 'yaw': -3.142}, None, None
52.49, [info], nurse, sync, received-request, (status=sending-request)
52.49, [info], nurse, sync, request-sent, (status=waiting)
52.49, [info], nurse, sync, wait-message, (status=message-received)
60.08, [INFO], robot3, {'y': 17.964, 'x': -34.688, 'yaw': -3.141}, None, None
60.08, [INFO], robot3, {'battery-level': '70.20'}, None, None
70.05, [INFO], robot3, {'battery-level': '69.84'}, None, None
70.05, [INFO], robot3, {'y': 18.03, 'x': -36.178, 'yaw': 3.142}, None, None
80.08, [INFO], robot3, {'battery-level': '69.48'}, None, None
80.08, [INFO], robot3, {'y': 17.394, 'x': -36.926, 'yaw': -3.141}, None, None
90.08, [INFO], robot3, {'battery-level': '69.12'}, None, None
90.08, [INFO], robot3, {'y': 17.263, 'x': -36.848, 'yaw': -3.141}, None, None
100.00, [INFO], robot3, {'battery-level': '68.76'}, None, None
100.00, [INFO], robot3, {'y': 17.308, 'x': -36.834, 'yaw': 3.141}, None, None
110.06, [INFO], robot3, {'battery-level': '68.40'}, None, None
110.06, [INFO], robot3, {'y': 17.356, 'x': -36.841, 'yaw': 3.14}, None, None
120.04, [INFO], robot3, {'battery-level': '68.04'}, None, None
120.04, [INFO], robot3, {'y': 17.396, 'x': -37.02, 'yaw': 3.14}, None, None
130.03, [INFO], robot3, {'battery-level': '67.68'}, None, None
130.03, [INFO], robot3, {'y': 17.261, 'x': -37.05, 'yaw': -3.141}, None, None
140.06, [INFO], robot3, {'battery-level': '67.32'}, None, None
140.06, [INFO], robot3, {'y': 17.172, 'x': -36.96, 'yaw': -3.141}, None, None
150.04, [INFO], robot3, {'y': 17.303, 'x': -37.071, 'yaw': -3.141}, None, None
150.04, [INFO], robot3, {'battery-level': '66.96'}, None, None
160.03, [INFO], robot3, {'battery-level': '66.60'}, None, None
160.03, [INFO], robot3, {'y': 17.412, 'x': -36.99, 'yaw': -3.141}, None, None
170.06, [INFO], robot3, {'battery-level': '66.24'}, None, None
170.06, [INFO], robot3, {'y': 17.333, 'x': -36.893, 'yaw': 3.142}, None, None
180.02, [INFO], robot3, {'battery-level': '65.88'}, None, None
180.02, [INFO], robot3, {'y': 17.177, 'x': -37.072, 'yaw': 3.142}, None, None
190.06, [INFO], robot3, {'battery-level': '65.52'}, None, None
190.06, [INFO], robot3, {'y': 17.411, 'x': -36.873, 'yaw': 3.141}, None, None
200.09, [INFO], robot3, {'battery-level': '65.16'}, None, None
200.09, [INFO], robot3, {'y': 17.284, 'x': -36.98, 'yaw': 3.141}, None, None
210.06, [INFO], robot3, {'battery-level': '64.80'}, None, None
210.06, [INFO], robot3, {'y': 17.191, 'x': -37.034, 'yaw': 3.14}, None, None
220.07, [INFO], robot3, {'y': 17.066, 'x': -37.162, 'yaw': 3.142}, None, None
220.07, [INFO], robot3, {'battery-level': '64.44'}, None, None
230.02, [INFO], robot3, {'y': 17.335, 'x': -36.815, 'yaw': -3.142}, None, None
230.02, [INFO], robot3, {'battery-level': '64.08'}, None, None
240.04, [INFO], robot3, {'y': 17.226, 'x': -36.93, 'yaw': 3.141}, None, None
240.04, [INFO], robot3, {'battery-level': '63.72'}, None, None
247.35, [WARN], robot3, SKILL-FAILURE, navigation, navto_lab
250.08, [INFO], robot3, {'battery-level': '63.36'}, None, None
250.08, [INFO], robot3, {'y': 17.331, 'x': -36.884, 'yaw': 3.142}, None, None
