0.00, [INFO], robot3, {'battery-level': '72.32'}, None, None
0.00, [DEBUG], nurse, NURSE_CONFIG={'location': 'IC Room 6', 'position': [-33.9, 18.93, 3.14]}, None, None
0.19, [DEBUG], logger, ROBOTS_CONFIG={'avg_speed': 0.15, 'battery_charge': 0.7232396784987936, 'battery_discharge_rate': 0.00036, 'id': 3, 'local_plan': [['navigation', ['IC Room 6', [[-38.0, 21.5, 0.0], [-37.0, 21.5], [-37.0, 18.93], [-33.9, 18.93, 3.14]]], 'navto_room'], ['approach_person', ['nurse'], 'approach_nurse'], ['authenticate_person', ['nurse'], 'authenticate_nurse'], ['operate_drawer', ['open'], 'open_drawer_for_nurse'], ['send_message', ['nurse'], 'notify_nurse_of_open_drawer_for_nurse_completed'], ['wait_message', ['nurse'], 'wait_nurse_to_complete_deposit'], ['operate_drawer', ['close'], 'close_drawer_nurse'], ['navigation', ['Laboratory', [[-33.9, 18.93, 3.14], [-37.0, 18.93], [-37.0, 16.0], [-26.0, 16.0], [-26.0, 13.0, 1.57]]], 'navto_lab'], ['approach_robot', ['lab_arm'], 'approach_arm'], ['operate_drawer', ['open'], 'open_drawer_lab'], ['send_message', ['lab_arm'], 'notify_lab_arm_of_open_drawer_lab_completed'], ['wait_message', ['lab_arm'], 'wait_lab_arm_to_complete_pick_up_sample'], ['operate_drawer', ['close'], 'close_drawer_lab']], 'location': 'IC Room 2', 'name': 'r3', 'position': [-38.0, 21.5, 0.0], 'skills': ['approach_person', 'approach_robot', 'authenticate_person', 'navigation', 'operate_drawer']}, None, None
0.19, [DEBUG], logger, Simulation open, None, None
10.03, [INFO], robot3, {'battery-level': '72.00'}, None, None
10.03, [INFO], robot3, {'y': 21.658, 'x': -37.915, 'yaw': 3.141}, None, None
20.02, [INFO], robot3, {'battery-level': '71.64'}, None, None
20.02, [INFO], robot3, {'y': 20.023, 'x': -37.209, 'yaw': 3.136}, None, None
30.03, [INFO], robot3, {'battery-level': '71.28'}, None, None
30.03, [INFO], robot3, {'y': 18.203, 'x': -36.164, 'yaw': 3.142}, None, None
40.01, [INFO], robot3, {'y': 18.184, 'x': -34.363, 'yaw': 3.141}, None, None
40.01, [INFO], robot3, {'battery-level': '70.92'}, None, None
50.07, [INFO], robot3, {'battery-level': '70.56'}, None, None
50.07, [INFO], robot3, {'y': 18.947, 'x': -33.904, 'yaw': -3.142}, None, None
51.83, [info], nurse, sync, received-request, (status=sending-request)
51.83, [info], nurse, sync, request-sent, (status=waiting)
51.83, [info], nurse, sync, wait-message, (status=message-received)
59.99, [INFO], robot3, {'y': 17.869, 'x': -34.843, 'yaw': 3.142}, None, None
60.06, [INFO], robot3, {'battery-level': '70.20'}, None, None
70.03, [INFO], robot3, {'battery-level': '69.84'}, None, None
70.03, [INFO], robot3, {'y': 17.988, 'x': -36.158, 'yaw': 3.142}, None, None
80.03, [INFO], robot3, {'battery-level': '69.48'}, None, None
80.03, [INFO], robot3, {'y': 17.989, 'x': -36.159, 'yaw': -3.136}, None, None
90.07, [INFO], robot3, {'battery-level': '69.12'}, None, None
90.07, [INFO], robot3, {'y': 17.989, 'x': -36.159, 'yaw': -3.136}, None, None
100.05, [INFO], robot3, {'battery-level': '68.76'}, None, None
100.05, [INFO], robot3, {'y': 17.989, 'x': -36.159, 'yaw': -3.136}, None, None
110.02, [INFO], robot3, {'battery-level': '68.40'}, None, None
110.02, [INFO], robot3, {'y': 18.018, 'x': -36.197, 'yaw': -3.136}, None, None
120.05, [INFO], robot3, {'battery-level': '68.04'}, None, None
120.05, [INFO], robot3, {'y': 17.831, 'x': -36.002, 'yaw': -3.142}, None, None
130.05, [INFO], robot3, {'y': 17.831, 'x': -36.002, 'yaw': -3.142}, None, None
130.05, [INFO], robot3, {'battery-level': '67.68'}, None, None
140.04, [INFO], robot3, {'battery-level': '67.32'}, None, None
140.04, [INFO], robot3, {'y': 17.831, 'x': -36.002, 'yaw': -3.142}, None, None
150.00, [INFO], robot3, {'battery-level': '66.96'}, None, None
150.00, [INFO], robot3, {'y': 17.858, 'x': -36.035, 'yaw': -3.142}, None, None
160.07, [INFO], robot3, {'y': 17.317, 'x': -36.9, 'yaw': 3.141}, None, None
160.07, [INFO], robot3, {'battery-level': '66.60'}, None, None
170.06, [INFO], robot3, {'battery-level': '66.24'}, None, None
170.06, [INFO], robot3, {'y': 17.249, 'x': -37.035, 'yaw': 3.141}, None, None
180.05, [INFO], robot3, {'battery-level': '65.88'}, None, None
180.05, [INFO], robot3, {'y': 17.493, 'x': -37.078, 'yaw': -3.141}, None, None
190.03, [INFO], robot3, {'battery-level': '65.52'}, None, None
190.03, [INFO], robot3, {'y': 17.426, 'x': -36.839, 'yaw': 3.141}, None, None
200.08, [INFO], robot3, {'y': 17.242, 'x': -37.054, 'yaw': 3.141}, None, None
200.08, [INFO], robot3, {'battery-level': '65.16'}, None, None
210.01, [INFO], robot3, {'battery-level': '64.80'}, None, None
210.01, [INFO], robot3, {'y': 17.453, 'x': -36.785, 'yaw': 3.142}, None, None
220.05, [INFO], robot3, {'battery-level': '64.44'}, None, None
220.05, [INFO], robot3, {'y': 17.127, 'x': -37.184, 'yaw': -3.142}, None, None
230.06, [INFO], robot3, {'y': 17.334, 'x': -36.875, 'yaw': -3.142}, None, None
230.06, [INFO], robot3, {'battery-level': '64.08'}, None, None
240.08, [INFO], robot3, {'battery-level': '63.72'}, None, None
240.08, [INFO], robot3, {'y': 17.378, 'x': -36.896, 'yaw': 3.14}, None, None
248.08, [WARN], robot3, SKILL-FAILURE, navigation, navto_lab
