0.00, [DEBUG], nurse, NURSE_CONFIG={'location': 'IC Room 2', 'position': [-38.0, 21.5, 0.0]}, None, None
0.11, [DEBUG], logger, ROBOTS_CONFIG={'avg_speed': 0.15, 'battery_charge': 0.4863040833267539, 'battery_discharge_rate': 0.0006000000000000001, 'id': 4, 'local_plan': [['navigation', ['IC Room 2', [[-32.88, 33.98, 3.14], [-37.0, 33.98], [-37.0, 21.5], [-38.0, 21.5, 0.0]]], 'navto_room'], ['approach_person', ['nurse'], 'approach_nurse'], ['authenticate_person', ['nurse'], 'authenticate_nurse'], ['operate_drawer', ['open'], 'open_drawer_for_nurse'], ['send_message', ['nurse'], 'notify_nurse_of_open_drawer_for_nurse_completed'], ['wait_message', ['nurse'], 'wait_nurse_to_complete_deposit'], ['operate_drawer', ['close'], 'close_drawer_nurse'], ['navigation', ['Laboratory', [[-38.0, 21.5, 0.0], [-37.0, 21.5], [-37.0, 16.0], [-26.0, 16.0], [-26.0, 13.0, 1.57]]], 'navto_lab'], ['approach_robot', ['lab_arm'], 'approach_arm'], ['operate_drawer', ['open'], 'open_drawer_lab'], ['send_message', ['lab_arm'], 'notify_lab_arm_of_open_drawer_lab_completed'], ['wait_message', ['lab_arm'], 'wait_lab_arm_to_complete_pick_up_sample'], ['operate_drawer', ['close'], 'close_drawer_lab']], 'location': 'IC Room 5', 'name': 'r4', 'position': [-32.88, 33.98, 3.14], 'skills': ['approach_person', 'approach_robot', 'authenticate_person', 'navigation', 'operate_drawer']}, None, None
0.11, [DEBUG], logger, Simulation open, None, None
10.01, [INFO], robot4, {'battery-level': '48.09'}, None, None
10.01, [INFO], robot4, {'y': 34.283, 'x': -33.61, 'yaw': -3.142}, None, None
20.00, [INFO], robot4, {'y': 34.678, 'x': -35.679, 'yaw': 3.137}, None, None
20.00, [INFO], robot4, {'battery-level': '47.49'}, None, None
30.02, [INFO], robot4, {'battery-level': '46.89'}, None, None
30.02, [INFO], robot4, {'y': 33.273, 'x': -36.824, 'yaw': -3.142}, None, None
40.09, [INFO], robot4, {'battery-level': '46.29'}, None, None
40.09, [INFO], robot4, {'y': 31.157, 'x': -36.793, 'yaw': -3.141}, None, None
50.06, [INFO], robot4, {'battery-level': '45.69'}, None, None
50.06, [INFO], robot4, {'y': 29.057, 'x': -36.867, 'yaw': -3.141}, None, None
60.06, [INFO], robot4, {'battery-level': '45.09'}, None, None
60.06, [INFO], robot4, {'y': 26.959, 'x': -36.893, 'yaw': 3.14}, None, None
70.08, [INFO], robot4, {'y': 24.844, 'x': -36.947, 'yaw': 3.141}, None, None
70.08, [INFO], robot4, {'battery-level': '44.49'}, None, None
80.02, [INFO], robot4, {'battery-level': '43.89'}, None, None
80.02, [INFO], robot4, {'y': 22.75, 'x': -37.0, 'yaw': 3.141}, None, None
90.03, [INFO], robot4, {'battery-level': '43.29'}, None, None
90.03, [INFO], robot4, {'y': 21.274, 'x': -37.846, 'yaw': 3.142}, None, None
100.03, [INFO], robot4, {'y': 21.42, 'x': -38.054, 'yaw': 3.141}, None, None
100.03, [INFO], robot4, {'battery-level': '42.69'}, None, None
105.95, [info], nurse, sync, received-request, (status=sending-request)
105.95, [info], nurse, sync, request-sent, (status=waiting)
106.05, [info], nurse, sync, wait-message, (status=message-received)
110.08, [INFO], robot4, {'y': 21.395, 'x': -37.445, 'yaw': 3.141}, None, None
110.08, [INFO], robot4, {'battery-level': '42.09'}, None, None
120.08, [INFO], robot4, {'battery-level': '41.49'}, None, None
120.08, [INFO], robot4, {'y': 19.357, 'x': -37.154, 'yaw': 3.142}, None, None
130.01, [INFO], robot4, {'y': 17.251, 'x': -37.136, 'yaw': 3.142}, None, None
130.01, [INFO], robot4, {'battery-level': '40.89'}, None, None
140.06, [INFO], robot4, {'y': 15.767, 'x': -36.115, 'yaw': -3.141}, None, None
140.06, [INFO], robot4, {'battery-level': '40.29'}, None, None
150.01, [INFO], robot4, {'y': 15.331, 'x': -34.048, 'yaw': -3.141}, None, None
150.01, [INFO], robot4, {'battery-level': '39.69'}, None, None
160.06, [INFO], robot4, {'battery-level': '39.09'}, None, None
160.06, [INFO], robot4, {'y': 15.465, 'x': -31.921, 'yaw': -3.142}, None, None
170.01, [INFO], robot4, {'battery-level': '38.49'}, None, None
170.01, [INFO], robot4, {'y': 15.652, 'x': -29.834, 'yaw': 3.142}, None, None
180.03, [INFO], robot4, {'y': 15.777, 'x': -27.726, 'yaw': 3.141}, None, None
180.03, [INFO], robot4, {'battery-level': '37.89'}, None, None
190.06, [INFO], robot4, {'y': 15.196, 'x': -25.95, 'yaw': 3.142}, None, None
190.06, [INFO], robot4, {'battery-level': '37.29'}, None, None
200.07, [INFO], robot4, {'battery-level': '36.69'}, None, None
200.07, [INFO], robot4, {'y': 13.12, 'x': -25.838, 'yaw': -3.142}, None, None
208.92, [info], lab_arm, sync, wait-message, (status=message-received)
209.84, [WARN], robot4, SUCCESS, None, None
210.01, [INFO], robot4, {'battery-level': '36.09'}, None, None
210.01, [INFO], robot4, {'y': 12.919, 'x': -25.982, 'yaw': 3.142}, None, None
