0.00, [DEBUG], nurse, NURSE_CONFIG={'location': 'IC Room 6', 'position': [-33.9, 18.93, 3.14]}, None, None
0.12, [DEBUG], logger, ROBOTS_CONFIG={'avg_speed': 0.15, 'battery_charge': 0.4863040833267539, 'battery_discharge_rate': 0.0005600000000000001, 'id': 4, 'local_plan': [['navigation', ['IC Room 6', [[-39.44, 33.95, 0.0], [-37.0, 33.95], [-37.0, 18.93], [-33.9, 18.93, 3.14]]], 'navto_room'], ['approach_person', ['nurse'], 'approach_nurse'], ['authenticate_person', ['nurse'], 'authenticate_nurse'], ['operate_drawer', ['open'], 'open_drawer_for_nurse'], ['send_message', ['nurse'], 'notify_nurse_of_open_drawer_for_nurse_completed'], ['wait_message', ['nurse'], 'wait_nurse_to_complete_deposit'], ['operate_drawer', ['close'], 'close_drawer_nurse'], ['navigation', ['Laboratory', [[-33.9, 18.93, 3.14], [-37.0, 18.93], [-37.0, 16.0], [-26.0, 16.0], [-26.0, 13.0, 1.57]]], 'navto_lab'], ['approach_robot', ['lab_arm'], 'approach_arm'], ['operate_drawer', ['open'], 'open_drawer_lab'], ['send_message', ['lab_arm'], 'notify_lab_arm_of_open_drawer_lab_completed'], ['wait_message', ['lab_arm'], 'wait_lab_arm_to_complete_pick_up_sample'], ['operate_drawer', ['close'], 'close_drawer_lab']], 'location': 'IC Room 4', 'name': 'r4', 'position': [-39.44, 33.95, 0.0], 'skills': ['approach_person', 'approach_robot', 'authenticate_person', 'navigation', 'operate_drawer']}, None, None
0.12, [DEBUG], logger, Simulation open, None, None
10.04, [INFO], robot4, {'battery-level': '48.13'}, None, None
10.04, [INFO], robot4, {'y': 34.282, 'x': -38.674, 'yaw': -3.14}, None, None
20.07, [INFO], robot4, {'battery-level': '47.57'}, None, None
20.07, [INFO], robot4, {'y': 33.812, 'x': -37.044, 'yaw': 3.142}, None, None
30.07, [INFO], robot4, {'y': 31.701, 'x': -37.046, 'yaw': 3.141}, None, None
30.07, [INFO], robot4, {'battery-level': '47.01'}, None, None
40.03, [INFO], robot4, {'battery-level': '46.45'}, None, None
40.03, [INFO], robot4, {'y': 29.594, 'x': -37.032, 'yaw': 3.14}, None, None
50.08, [INFO], robot4, {'battery-level': '45.89'}, None, None
50.08, [INFO], robot4, {'y': 27.466, 'x': -37.003, 'yaw': 3.139}, None, None
60.06, [INFO], robot4, {'y': 25.356, 'x': -37.03, 'yaw': -3.142}, None, None
60.06, [INFO], robot4, {'battery-level': '45.33'}, None, None
70.09, [INFO], robot4, {'battery-level': '44.77'}, None, None
70.09, [INFO], robot4, {'y': 23.242, 'x': -37.023, 'yaw': 3.14}, None, None
80.02, [INFO], robot4, {'battery-level': '44.21'}, None, None
80.02, [INFO], robot4, {'y': 21.156, 'x': -37.141, 'yaw': 3.142}, None, None
90.08, [INFO], robot4, {'battery-level': '43.65'}, None, None
90.08, [INFO], robot4, {'y': 19.043, 'x': -36.945, 'yaw': 3.142}, None, None
100.00, [INFO], robot4, {'y': 17.711, 'x': -35.327, 'yaw': -3.141}, None, None
100.00, [INFO], robot4, {'battery-level': '43.09'}, None, None
110.08, [INFO], robot4, {'battery-level': '42.53'}, None, None
110.08, [INFO], robot4, {'y': 18.87, 'x': -33.979, 'yaw': 3.142}, None, None
116.79, [info], nurse, sync, received-request, (status=sending-request)
116.89, [info], nurse, sync, request-sent, (status=waiting)
116.89, [info], nurse, sync, wait-message, (status=message-received)
120.08, [INFO], robot4, {'y': 18.756, 'x': -34.286, 'yaw': 3.141}, None, None
120.08, [INFO], robot4, {'battery-level': '41.97'}, None, None
130.06, [INFO], robot4, {'y': 17.884, 'x': -35.938, 'yaw': 3.14}, None, None
130.06, [INFO], robot4, {'battery-level': '41.41'}, None, None
140.06, [INFO], robot4, {'battery-level': '40.85'}, None, None
140.06, [INFO], robot4, {'y': 17.29, 'x': -37.026, 'yaw': 3.14}, None, None
150.01, [INFO], robot4, {'battery-level': '40.29'}, None, None
150.01, [INFO], robot4, {'y': 17.255, 'x': -36.931, 'yaw': 3.141}, None, None
160.06, [INFO], robot4, {'battery-level': '39.73'}, None, None
160.06, [INFO], robot4, {'y': 17.252, 'x': -36.801, 'yaw': 3.141}, None, None
170.03, [INFO], robot4, {'battery-level': '39.17'}, None, None
170.03, [INFO], robot4, {'y': 17.328, 'x': -36.888, 'yaw': 3.14}, None, None
180.08, [INFO], robot4, {'y': 17.351, 'x': -36.905, 'yaw': -3.142}, None, None
180.08, [INFO], robot4, {'battery-level': '38.61'}, None, None
190.05, [INFO], robot4, {'y': 17.345, 'x': -36.913, 'yaw': -3.142}, None, None
190.05, [INFO], robot4, {'battery-level': '38.05'}, None, None
200.05, [INFO], robot4, {'battery-level': '37.49'}, None, None
200.05, [INFO], robot4, {'y': 17.391, 'x': -36.906, 'yaw': 3.142}, None, None
210.02, [INFO], robot4, {'y': 17.507, 'x': -36.827, 'yaw': -3.142}, None, None
210.02, [INFO], robot4, {'battery-level': '36.93'}, None, None
220.08, [INFO], robot4, {'y': 17.382, 'x': -36.806, 'yaw': 3.141}, None, None
220.08, [INFO], robot4, {'battery-level': '36.37'}, None, None
230.09, [INFO], robot4, {'battery-level': '35.81'}, None, None
230.09, [INFO], robot4, {'y': 17.465, 'x': -37.008, 'yaw': 3.141}, None, None
240.05, [INFO], robot4, {'battery-level': '35.25'}, None, None
240.05, [INFO], robot4, {'y': 17.232, 'x': -36.842, 'yaw': 3.141}, None, None
250.05, [INFO], robot4, {'battery-level': '34.69'}, None, None
250.05, [INFO], robot4, {'y': 17.285, 'x': -36.987, 'yaw': -3.141}, None, None
260.03, [INFO], robot4, {'battery-level': '34.13'}, None, None
260.03, [INFO], robot4, {'y': 17.322, 'x': -36.895, 'yaw': 3.141}, None, None
270.03, [INFO], robot4, {'battery-level': '33.57'}, None, None
270.03, [INFO], robot4, {'y': 17.359, 'x': -36.955, 'yaw': -3.141}, None, None
280.01, [INFO], robot4, {'battery-level': '33.01'}, None, None
280.01, [INFO], robot4, {'y': 17.298, 'x': -36.835, 'yaw': 3.141}, None, None
290.09, [INFO], robot4, {'battery-level': '32.45'}, None, None
290.09, [INFO], robot4, {'y': 17.133, 'x': -36.944, 'yaw': -3.142}, None, None
300.08, [INFO], robot4, {'battery-level': '31.89'}, None, None
300.08, [INFO], robot4, {'y': 17.292, 'x': -36.95, 'yaw': 3.14}, None, None
310.05, [INFO], robot4, {'battery-level': '31.33'}, None, None
310.05, [INFO], robot4, {'y': 17.441, 'x': -36.915, 'yaw': -3.142}, None, None
312.77, [WARN], robot4, SKILL-FAILURE, navigation, navto_lab
320.07, [INFO], robot4, {'battery-level': '30.77'}, None, None
320.07, [INFO], robot4, {'y': 17.284, 'x': -37.087, 'yaw': -3.142}, None, None
