0.00, [DEBUG], nurse, NURSE_CONFIG={'location': 'IC Room 6', 'position': [-33.9, 18.93, 3.14]}, None, None
0.00, [INFO], robot1, {'battery-level': '30.20'}, None, None
0.19, [DEBUG], logger, ROBOTS_CONFIG={'avg_speed': 0.15, 'battery_charge': 0.3020349930380309, 'battery_discharge_rate': 0.0006600000000000001, 'id': 1, 'local_plan': [['navigation', ['IC Room 6', [[-11.5, 18.0, -1.57], [-11.5, 16.0], [-37.0, 16.0], [-37.0, 18.93], [-33.9, 18.93, 3.14]]], 'navto_room'], ['approach_person', ['nurse'], 'approach_nurse'], ['authenticate_person', ['nurse'], 'authenticate_nurse'], ['operate_drawer', ['open'], 'open_drawer_for_nurse'], ['send_message', ['nurse'], 'notify_nurse_of_open_drawer_for_nurse_completed'], ['wait_message', ['nurse'], 'wait_nurse_to_complete_deposit'], ['operate_drawer', ['close'], 'close_drawer_nurse'], ['navigation', ['Laboratory', [[-33.9, 18.93, 3.14], [-37.0, 18.93], [-37.0, 16.0], [-26.0, 16.0], [-26.0, 13.0, 1.57]]], 'navto_lab'], ['approach_robot', ['lab_arm'], 'approach_arm'], ['operate_drawer', ['open'], 'open_drawer_lab'], ['send_message', ['lab_arm'], 'notify_lab_arm_of_open_drawer_lab_completed'], ['wait_message', ['lab_arm'], 'wait_lab_arm_to_complete_pick_up_sample'], ['operate_drawer', ['close'], 'close_drawer_lab']], 'location': 'PC Room 8', 'name': 'r1', 'position': [-11.5, 18.0, -1.57], 'skills': ['approach_person', 'approach_robot', 'navigation', 'operate_drawer']}, None, None
0.19, [DEBUG], logger, Simulation open, None, None
10.02, [INFO], robot1, {'battery-level': '29.61'}, None, None
10.02, [INFO], robot1, {'y': 17.23, 'x': -11.685, 'yaw': -3.142}, None, None
20.04, [INFO], robot1, {'y': 16.299, 'x': -13.196, 'yaw': 3.138}, None, None
20.04, [INFO], robot1, {'battery-level': '28.95'}, None, None
30.00, [INFO], robot1, {'y': 16.195, 'x': -15.301, 'yaw': 3.141}, None, None
30.00, [INFO], robot1, {'battery-level': '28.29'}, None, None
40.09, [INFO], robot1, {'y': 16.115, 'x': -17.434, 'yaw': 3.141}, None, None
40.09, [INFO], robot1, {'battery-level': '27.63'}, None, None
50.08, [INFO], robot1, {'y': 16.275, 'x': -19.527, 'yaw': -3.142}, None, None
50.08, [INFO], robot1, {'battery-level': '26.97'}, None, None
60.05, [INFO], robot1, {'battery-level': '26.31'}, None, None
60.05, [INFO], robot1, {'y': 16.299, 'x': -21.631, 'yaw': -3.142}, None, None
70.05, [INFO], robot1, {'battery-level': '25.65'}, None, None
70.05, [INFO], robot1, {'y': 16.19, 'x': -23.739, 'yaw': 3.141}, None, None
80.01, [INFO], robot1, {'battery-level': '24.99'}, None, None
80.01, [INFO], robot1, {'y': 16.137, 'x': -25.841, 'yaw': 3.141}, None, None
90.01, [INFO], robot1, {'battery-level': '24.33'}, None, None
90.01, [INFO], robot1, {'y': 16.22, 'x': -27.945, 'yaw': 3.141}, None, None
100.08, [INFO], robot1, {'battery-level': '23.67'}, None, None
100.08, [INFO], robot1, {'y': 16.207, 'x': -30.074, 'yaw': 3.141}, None, None
110.07, [INFO], robot1, {'y': 15.963, 'x': -32.186, 'yaw': -3.142}, None, None
110.07, [INFO], robot1, {'battery-level': '23.01'}, None, None
120.00, [INFO], robot1, {'battery-level': '22.35'}, None, None
120.00, [INFO], robot1, {'y': 15.447, 'x': -34.241, 'yaw': 3.142}, None, None
130.02, [INFO], robot1, {'battery-level': '21.69'}, None, None
130.02, [INFO], robot1, {'y': 15.632, 'x': -36.353, 'yaw': -3.142}, None, None
140.04, [INFO], robot1, {'battery-level': '21.03'}, None, None
140.04, [INFO], robot1, {'y': 17.506, 'x': -36.724, 'yaw': -3.141}, None, None
150.07, [INFO], robot1, {'y': 17.605, 'x': -36.703, 'yaw': -3.142}, None, None
150.07, [INFO], robot1, {'battery-level': '20.37'}, None, None
160.05, [INFO], robot1, {'battery-level': '19.71'}, None, None
160.05, [INFO], robot1, {'y': 18.036, 'x': -35.901, 'yaw': 3.141}, None, None
170.03, [INFO], robot1, {'y': 18.181, 'x': -35.688, 'yaw': -3.139}, None, None
170.03, [INFO], robot1, {'battery-level': '19.05'}, None, None
180.07, [INFO], robot1, {'y': 18.094, 'x': -35.642, 'yaw': -3.136}, None, None
180.07, [INFO], robot1, {'battery-level': '18.39'}, None, None
190.01, [INFO], robot1, {'y': 18.002, 'x': -35.419, 'yaw': -3.141}, None, None
190.01, [INFO], robot1, {'battery-level': '17.73'}, None, None
200.02, [INFO], robot1, {'battery-level': '17.07'}, None, None
200.02, [INFO], robot1, {'y': 18.031, 'x': -35.452, 'yaw': 3.142}, None, None
209.60, [WARN], robot1, SKILL-FAILURE, navigation, navto_room
210.03, [INFO], robot1, {'battery-level': '16.41'}, None, None
210.03, [INFO], robot1, {'y': 18.18, 'x': -35.61, 'yaw': 3.14}, None, None
