0.00, [DEBUG], nurse, NURSE_CONFIG={'location': 'IC Room 2', 'position': [-38.0, 21.5, 0.0]}, None, None
0.00, [INFO], robot4, {'battery-level': '48.63'}, None, None
0.12, [DEBUG], logger, ROBOTS_CONFIG={'avg_speed': 0.15, 'battery_charge': 0.4863040833267539, 'battery_discharge_rate': 0.0005600000000000001, 'id': 4, 'local_plan': [['navigation', ['IC Room 2', [[-32.88, 33.98, 3.14], [-37.0, 33.98], [-37.0, 21.5], [-38.0, 21.5, 0.0]]], 'navto_room'], ['approach_person', ['nurse'], 'approach_nurse'], ['authenticate_person', ['nurse'], 'authenticate_nurse'], ['operate_drawer', ['open'], 'open_drawer_for_nurse'], ['send_message', ['nurse'], 'notify_nurse_of_open_drawer_for_nurse_completed'], ['wait_message', ['nurse'], 'wait_nurse_to_complete_deposit'], ['operate_drawer', ['close'], 'close_drawer_nurse'], ['navigation', ['Laboratory', [[-38.0, 21.5, 0.0], [-37.0, 21.5], [-37.0, 16.0], [-26.0, 16.0], [-26.0, 13.0, 1.57]]], 'navto_lab'], ['approach_robot', ['lab_arm'], 'approach_arm'], ['operate_drawer', ['open'], 'open_drawer_lab'], ['send_message', ['lab_arm'], 'notify_lab_arm_of_open_drawer_lab_completed'], ['wait_message', ['lab_arm'], 'wait_lab_arm_to_complete_pick_up_sample'], ['operate_drawer', ['close'], 'close_drawer_lab']], 'location': 'IC Room 5', 'name': 'r4', 'position': [-32.88, 33.98, 3.14], 'skills': ['approach_person', 'approach_robot', 'authenticate_person', 'navigation', 'operate_drawer']}, None, None
0.12, [DEBUG], logger, Simulation open, None, None
10.02, [INFO], robot4, {'y': 34.234, 'x': -33.523, 'yaw': 3.142}, None, None
10.02, [INFO], robot4, {'battery-level': '48.13'}, None, None
20.07, [INFO], robot4, {'battery-level': '47.57'}, None, None
20.07, [INFO], robot4, {'y': 34.697, 'x': -35.576, 'yaw': 3.141}, None, None
30.08, [INFO], robot4, {'y': 33.341, 'x': -36.849, 'yaw': -3.141}, None, None
30.08, [INFO], robot4, {'battery-level': '47.01'}, None, None
40.08, [INFO], robot4, {'battery-level': '46.45'}, None, None
40.08, [INFO], robot4, {'y': 31.241, 'x': -36.827, 'yaw': -3.141}, None, None
50.03, [INFO], robot4, {'battery-level': '45.89'}, None, None
50.03, [INFO], robot4, {'y': 29.156, 'x': -36.841, 'yaw': -3.142}, None, None
60.04, [INFO], robot4, {'battery-level': '45.33'}, None, None
60.04, [INFO], robot4, {'y': 27.035, 'x': -36.872, 'yaw': 3.141}, None, None
70.02, [INFO], robot4, {'battery-level': '44.77'}, None, None
70.02, [INFO], robot4, {'y': 24.928, 'x': -36.898, 'yaw': 3.141}, None, None
80.03, [INFO], robot4, {'battery-level': '44.21'}, None, None
80.03, [INFO], robot4, {'y': 22.821, 'x': -36.975, 'yaw': 3.141}, None, None
90.07, [INFO], robot4, {'battery-level': '43.65'}, None, None
90.07, [INFO], robot4, {'y': 21.285, 'x': -37.827, 'yaw': 3.14}, None, None
100.08, [INFO], robot4, {'battery-level': '43.09'}, None, None
100.08, [INFO], robot4, {'y': 21.455, 'x': -38.066, 'yaw': 3.142}, None, None
110.00, [INFO], robot4, {'y': 21.471, 'x': -38.086, 'yaw': -3.142}, None, None
110.00, [INFO], robot4, {'battery-level': '42.53'}, None, None
115.30, [info], nurse, sync, received-request, (status=sending-request)
115.30, [info], nurse, sync, request-sent, (status=waiting)
115.30, [info], nurse, sync, wait-message, (status=message-received)
120.05, [INFO], robot4, {'battery-level': '41.97'}, None, None
120.05, [INFO], robot4, {'y': 21.428, 'x': -37.34, 'yaw': -3.137}, None, None
130.06, [INFO], robot4, {'battery-level': '41.41'}, None, None
130.06, [INFO], robot4, {'y': 19.329, 'x': -37.133, 'yaw': -3.141}, None, None
140.06, [INFO], robot4, {'battery-level': '40.85'}, None, None
140.06, [INFO], robot4, {'y': 17.199, 'x': -37.079, 'yaw': 3.14}, None, None
150.08, [INFO], robot4, {'y': 15.773, 'x': -35.912, 'yaw': 3.141}, None, None
150.08, [INFO], robot4, {'battery-level': '40.29'}, None, None
160.03, [INFO], robot4, {'y': 15.382, 'x': -33.837, 'yaw': -3.141}, None, None
160.03, [INFO], robot4, {'battery-level': '39.73'}, None, None
170.04, [INFO], robot4, {'y': 15.488, 'x': -31.714, 'yaw': -3.141}, None, None
170.04, [INFO], robot4, {'battery-level': '39.17'}, None, None
180.05, [INFO], robot4, {'y': 15.669, 'x': -29.59, 'yaw': 3.142}, None, None
180.05, [INFO], robot4, {'battery-level': '38.61'}, None, None
190.04, [INFO], robot4, {'battery-level': '38.05'}, None, None
190.04, [INFO], robot4, {'y': 15.753, 'x': -27.474, 'yaw': -3.142}, None, None
200.03, [INFO], robot4, {'y': 14.938, 'x': -25.841, 'yaw': -3.142}, None, None
200.03, [INFO], robot4, {'battery-level': '37.49'}, None, None
210.08, [INFO], robot4, {'battery-level': '36.93'}, None, None
210.08, [INFO], robot4, {'y': 13.006, 'x': -25.905, 'yaw': 3.142}, None, None
217.97, [info], lab_arm, sync, wait-message, (status=message-received)
218.80, [WARN], robot4, SUCCESS, None, None
220.06, [INFO], robot4, {'battery-level': '36.37'}, None, None
220.06, [INFO], robot4, {'y': 12.904, 'x': -25.966, 'yaw': 3.142}, None, None
