0.00, [DEBUG], nurse, NURSE_CONFIG={'location': 'PC Room 3', 'position': [-28.5, 18.0, -1.57]}, None, None
0.00, [INFO], robot4, {'battery-level': '48.63'}, None, None
0.00, [DEBUG], logger, ROBOTS_CONFIG={'avg_speed': 0.15, 'battery_charge': 0.4863040833267539, 'battery_discharge_rate': 0.0005600000000000001, 'id': 4, 'local_plan': [['navigation', ['PC Room 3', [[-13.5, 18.0, -1.57], [-13.5, 16.0], [-28.5, 16.0], [-28.5, 18.0, -1.57]]], 'navto_room'], ['approach_person', ['nurse'], 'approach_nurse'], ['authenticate_person', ['nurse'], 'authenticate_nurse'], ['operate_drawer', ['open'], 'open_drawer_for_nurse'], ['send_message', ['nurse'], 'notify_nurse_of_open_drawer_for_nurse_completed'], ['wait_message', ['nurse'], 'wait_nurse_to_complete_deposit'], ['operate_drawer', ['close'], 'close_drawer_nurse'], ['navigation', ['Laboratory', [[-28.5, 18.0, -1.57], [-28.5, 16.0], [-26.0, 16.0], [-26.0, 13.0, 1.57]]], 'navto_lab'], ['approach_robot', ['lab_arm'], 'approach_arm'], ['operate_drawer', ['open'], 'open_drawer_lab'], ['send_message', ['lab_arm'], 'notify_lab_arm_of_open_drawer_lab_completed'], ['wait_message', ['lab_arm'], 'wait_lab_arm_to_complete_pick_up_sample'], ['operate_drawer', ['close'], 'close_drawer_lab']], 'location': 'PC Room 7', 'name': 'r4', 'position': [-13.5, 18.0, -1.57], 'skills': ['approach_person', 'approach_robot', 'authenticate_person', 'navigation', 'operate_drawer']}, None, None
0.00, [DEBUG], logger, Simulation open, None, None
10.05, [INFO], robot4, {'battery-level': '48.13'}, None, None
10.05, [INFO], robot4, {'y': 17.336, 'x': -13.494, 'yaw': -3.142}, None, None
20.06, [INFO], robot4, {'battery-level': '47.57'}, None, None
20.06, [INFO], robot4, {'y': 16.038, 'x': -14.485, 'yaw': 3.142}, None, None
30.01, [INFO], robot4, {'battery-level': '47.01'}, None, None
30.01, [INFO], robot4, {'y': 15.937, 'x': -16.578, 'yaw': 3.14}, None, None
40.05, [INFO], robot4, {'y': 15.957, 'x': -18.685, 'yaw': 3.142}, None, None
40.05, [INFO], robot4, {'battery-level': '46.45'}, None, None
50.07, [INFO], robot4, {'battery-level': '45.89'}, None, None
50.07, [INFO], robot4, {'y': 16.144, 'x': -20.802, 'yaw': 3.142}, None, None
60.01, [INFO], robot4, {'battery-level': '45.33'}, None, None
60.01, [INFO], robot4, {'y': 16.046, 'x': -22.9, 'yaw': 3.14}, None, None
70.05, [INFO], robot4, {'battery-level': '44.77'}, None, None
70.05, [INFO], robot4, {'y': 16.075, 'x': -25.014, 'yaw': 3.141}, None, None
80.09, [INFO], robot4, {'y': 16.037, 'x': -27.135, 'yaw': 3.139}, None, None
80.09, [INFO], robot4, {'battery-level': '44.21'}, None, None
90.04, [INFO], robot4, {'battery-level': '43.65'}, None, None
90.04, [INFO], robot4, {'y': 17.017, 'x': -28.588, 'yaw': -3.141}, None, None
100.08, [INFO], robot4, {'battery-level': '43.09'}, None, None
100.08, [INFO], robot4, {'y': 17.986, 'x': -28.558, 'yaw': 3.14}, None, None
107.46, [info], nurse, sync, received-request, (status=sending-request)
107.46, [info], nurse, sync, request-sent, (status=waiting)
107.46, [info], nurse, sync, wait-message, (status=message-received)
110.08, [INFO], robot4, {'battery-level': '42.53'}, None, None
110.08, [INFO], robot4, {'y': 17.675, 'x': -28.654, 'yaw': 3.142}, None, None
120.09, [INFO], robot4, {'battery-level': '41.97'}, None, None
120.09, [INFO], robot4, {'y': 16.121, 'x': -28.024, 'yaw': -3.142}, None, None
130.00, [INFO], robot4, {'battery-level': '41.41'}, None, None
130.00, [INFO], robot4, {'y': 15.702, 'x': -26.063, 'yaw': 3.139}, None, None
140.03, [INFO], robot4, {'y': 13.599, 'x': -25.748, 'yaw': -3.142}, None, None
140.03, [INFO], robot4, {'battery-level': '40.85'}, None, None
150.06, [INFO], robot4, {'y': 12.854, 'x': -25.973, 'yaw': -3.142}, None, None
150.06, [INFO], robot4, {'battery-level': '40.29'}, None, None
151.85, [info], lab_arm, sync, wait-message, (status=message-received)
152.80, [WARN], robot4, SUCCESS, None, None
