0.00, [INFO], robot3, {'battery-level': '72.32'}, None, None
0.00, [DEBUG], nurse, NURSE_CONFIG={'location': 'IC Room 6', 'position': [-33.9, 18.93, 3.14]}, None, None
0.00, [DEBUG], logger, ROBOTS_CONFIG={'avg_speed': 0.15, 'battery_charge': 0.7232396784987936, 'battery_discharge_rate': 0.00064, 'id': 3, 'local_plan': [['navigation', ['IC Room 6', [[-38.0, 21.5, 0.0], [-37.0, 21.5], [-37.0, 18.93], [-33.9, 18.93, 3.14]]], 'navto_room'], ['approach_person', ['nurse'], 'approach_nurse'], ['authenticate_person', ['nurse'], 'authenticate_nurse'], ['operate_drawer', ['open'], 'open_drawer_for_nurse'], ['send_message', ['nurse'], 'notify_nurse_of_open_drawer_for_nurse_completed'], ['wait_message', ['nurse'], 'wait_nurse_to_complete_deposit'], ['operate_drawer', ['close'], 'close_drawer_nurse'], ['navigation', ['Laboratory', [[-33.9, 18.93, 3.14], [-37.0, 18.93], [-37.0, 16.0], [-26.0, 16.0], [-26.0, 13.0, 1.57]]], 'navto_lab'], ['approach_robot', ['lab_arm'], 'approach_arm'], ['operate_drawer', ['open'], 'open_drawer_lab'], ['send_message', ['lab_arm'], 'notify_lab_arm_of_open_drawer_lab_completed'], ['wait_message', ['lab_arm'], 'wait_lab_arm_to_complete_pick_up_sample'], ['operate_drawer', ['close'], 'close_drawer_lab']], 'location': 'IC Room 2', 'name': 'r3', 'position': [-38.0, 21.5, 0.0], 'skills': ['approach_person', 'approach_robot', 'authenticate_person', 'navigation', 'operate_drawer']}, None, None
0.00, [DEBUG], logger, Simulation open, None, None
10.00, [INFO], robot3, {'battery-level': '71.75'}, None, None
10.00, [INFO], robot3, {'y': 21.465, 'x': -37.271, 'yaw': -3.141}, None, None
20.06, [INFO], robot3, {'battery-level': '71.11'}, None, None
20.06, [INFO], robot3, {'y': 19.376, 'x': -37.08, 'yaw': -3.142}, None, None
30.07, [INFO], robot3, {'y': 17.798, 'x': -35.649, 'yaw': -3.141}, None, None
30.07, [INFO], robot3, {'battery-level': '70.47'}, None, None
40.03, [INFO], robot3, {'battery-level': '69.83'}, None, None
40.03, [INFO], robot3, {'y': 18.757, 'x': -34.05, 'yaw': -3.142}, None, None
50.01, [INFO], robot3, {'y': 18.951, 'x': -33.932, 'yaw': 3.142}, None, None
50.01, [INFO], robot3, {'battery-level': '69.19'}, None, None
50.01, [info], nurse, sync, received-request, (status=sending-request)
50.01, [info], nurse, sync, request-sent, (status=waiting)
50.01, [info], nurse, sync, wait-message, (status=message-received)
60.01, [INFO], robot3, {'battery-level': '68.55'}, None, None
60.01, [INFO], robot3, {'y': 17.796, 'x': -35.215, 'yaw': -3.142}, None, None
70.05, [INFO], robot3, {'battery-level': '67.91'}, None, None
70.05, [INFO], robot3, {'y': 18.131, 'x': -36.788, 'yaw': 3.141}, None, None
80.03, [INFO], robot3, {'battery-level': '67.27'}, None, None
80.03, [INFO], robot3, {'y': 17.645, 'x': -36.98, 'yaw': -3.141}, None, None
90.00, [INFO], robot3, {'y': 17.35, 'x': -36.876, 'yaw': -3.142}, None, None
90.00, [INFO], robot3, {'battery-level': '66.63'}, None, None
100.03, [INFO], robot3, {'battery-level': '65.99'}, None, None
100.03, [INFO], robot3, {'y': 17.346, 'x': -37.141, 'yaw': -3.142}, None, None
110.03, [INFO], robot3, {'y': 17.153, 'x': -37.089, 'yaw': 3.141}, None, None
110.03, [INFO], robot3, {'battery-level': '65.35'}, None, None
120.03, [INFO], robot3, {'y': 17.281, 'x': -36.987, 'yaw': -3.142}, None, None
120.03, [INFO], robot3, {'battery-level': '64.71'}, None, None
130.00, [INFO], robot3, {'battery-level': '64.07'}, None, None
130.00, [INFO], robot3, {'y': 17.349, 'x': -37.01, 'yaw': 3.142}, None, None
140.08, [INFO], robot3, {'battery-level': '63.43'}, None, None
140.08, [INFO], robot3, {'y': 17.216, 'x': -36.836, 'yaw': -3.142}, None, None
150.06, [INFO], robot3, {'y': 17.222, 'x': -36.983, 'yaw': -3.142}, None, None
150.06, [INFO], robot3, {'battery-level': '62.79'}, None, None
160.05, [INFO], robot3, {'y': 17.277, 'x': -36.929, 'yaw': 3.141}, None, None
160.05, [INFO], robot3, {'battery-level': '62.15'}, None, None
170.03, [INFO], robot3, {'battery-level': '61.51'}, None, None
170.03, [INFO], robot3, {'y': 17.352, 'x': -37.074, 'yaw': 3.142}, None, None
180.03, [INFO], robot3, {'y': 17.481, 'x': -37.012, 'yaw': -3.142}, None, None
180.03, [INFO], robot3, {'battery-level': '60.87'}, None, None
190.00, [INFO], robot3, {'battery-level': '60.23'}, None, None
190.00, [INFO], robot3, {'y': 17.289, 'x': -36.827, 'yaw': 3.142}, None, None
200.02, [INFO], robot3, {'battery-level': '59.59'}, None, None
200.02, [INFO], robot3, {'y': 17.314, 'x': -36.844, 'yaw': -3.142}, None, None
210.02, [INFO], robot3, {'y': 17.375, 'x': -36.93, 'yaw': 3.14}, None, None
210.02, [INFO], robot3, {'battery-level': '58.95'}, None, None
220.03, [INFO], robot3, {'y': 17.361, 'x': -36.901, 'yaw': 3.141}, None, None
220.03, [INFO], robot3, {'battery-level': '58.31'}, None, None
229.94, [INFO], robot3, {'y': 17.496, 'x': -36.995, 'yaw': 3.141}, None, None
230.04, [INFO], robot3, {'battery-level': '57.67'}, None, None
238.66, [WARN], robot3, SKILL-FAILURE, navigation, navto_lab
240.02, [INFO], robot3, {'battery-level': '57.03'}, None, None
240.02, [INFO], robot3, {'y': 17.334, 'x': -37.111, 'yaw': -3.141}, None, None
