0.00, [DEBUG], nurse, NURSE_CONFIG={'location': 'IC Room 6', 'position': [-33.9, 18.93, 3.14]}, None, None
0.13, [DEBUG], logger, ROBOTS_CONFIG={'avg_speed': 0.15, 'battery_charge': 0.7258412726774711, 'battery_discharge_rate': 0.00076, 'id': 5, 'local_plan': [['navigation', ['IC Room 6', [[-13.5, 18.0, -1.57], [-13.5, 16.0], [-37.0, 16.0], [-37.0, 18.93], [-33.9, 18.93, 3.14]]], 'navto_room'], ['approach_person', ['nurse'], 'approach_nurse'], ['authenticate_person', ['nurse'], 'authenticate_nurse'], ['operate_drawer', ['open'], 'open_drawer_for_nurse'], ['send_message', ['nurse'], 'notify_nurse_of_open_drawer_for_nurse_completed'], ['wait_message', ['nurse'], 'wait_nurse_to_complete_deposit'], ['operate_drawer', ['close'], 'close_drawer_nurse'], ['navigation', ['Laboratory', [[-33.9, 18.93, 3.14], [-37.0, 18.93], [-37.0, 16.0], [-26.0, 16.0], [-26.0, 13.0, 1.57]]], 'navto_lab'], ['approach_robot', ['lab_arm'], 'approach_arm'], ['operate_drawer', ['open'], 'open_drawer_lab'], ['send_message', ['lab_arm'], 'notify_lab_arm_of_open_drawer_lab_completed'], ['wait_message', ['lab_arm'], 'wait_lab_arm_to_complete_pick_up_sample'], ['operate_drawer', ['close'], 'close_drawer_lab']], 'location': 'PC Room 7', 'name': 'r5', 'position': [-13.5, 18.0, -1.57], 'skills': ['approach_person', 'approach_robot', 'authenticate_person', 'navigation', 'operate_drawer']}, None, None
0.13, [DEBUG], logger, Simulation open, None, None
10.06, [INFO], robot5, {'y': 18.001, 'x': -13.502, 'yaw': -3.141}, None, None
10.06, [INFO], robot5, {'battery-level': '71.90'}, None, None
20.04, [INFO], robot5, {'battery-level': '71.14'}, None, None
20.04, [INFO], robot5, {'y': 16.247, 'x': -13.868, 'yaw': 3.142}, None, None
30.06, [INFO], robot5, {'y': 16.122, 'x': -15.982, 'yaw': 3.142}, None, None
30.06, [INFO], robot5, {'battery-level': '70.38'}, None, None
40.09, [INFO], robot5, {'y': 16.067, 'x': -18.103, 'yaw': 3.141}, None, None
40.09, [INFO], robot5, {'battery-level': '69.62'}, None, None
50.09, [INFO], robot5, {'y': 16.217, 'x': -20.207, 'yaw': 3.141}, None, None
50.09, [INFO], robot5, {'battery-level': '68.86'}, None, None
60.01, [INFO], robot5, {'y': 16.246, 'x': -22.303, 'yaw': 3.141}, None, None
60.01, [INFO], robot5, {'battery-level': '68.10'}, None, None
70.05, [INFO], robot5, {'y': 16.159, 'x': -24.421, 'yaw': 3.141}, None, None
70.05, [INFO], robot5, {'battery-level': '67.34'}, None, None
80.08, [INFO], robot5, {'battery-level': '66.58'}, None, None
80.08, [INFO], robot5, {'y': 16.126, 'x': -26.536, 'yaw': -3.141}, None, None
90.07, [INFO], robot5, {'y': 16.239, 'x': -28.637, 'yaw': -3.142}, None, None
90.07, [INFO], robot5, {'battery-level': '65.82'}, None, None
100.03, [INFO], robot5, {'battery-level': '65.06'}, None, None
100.03, [INFO], robot5, {'y': 16.108, 'x': -30.741, 'yaw': -3.142}, None, None
110.08, [INFO], robot5, {'battery-level': '64.30'}, None, None
110.08, [INFO], robot5, {'y': 15.736, 'x': -32.847, 'yaw': 3.141}, None, None
120.01, [INFO], robot5, {'y': 15.336, 'x': -34.93, 'yaw': -3.141}, None, None
120.01, [INFO], robot5, {'battery-level': '63.54'}, None, None
130.03, [INFO], robot5, {'y': 16.185, 'x': -36.661, 'yaw': -3.142}, None, None
130.03, [INFO], robot5, {'battery-level': '62.78'}, None, None
140.01, [INFO], robot5, {'y': 17.602, 'x': -36.703, 'yaw': -3.142}, None, None
140.01, [INFO], robot5, {'battery-level': '62.02'}, None, None
150.08, [INFO], robot5, {'y': 17.93, 'x': -36.216, 'yaw': 3.141}, None, None
150.08, [INFO], robot5, {'battery-level': '61.26'}, None, None
160.06, [INFO], robot5, {'y': 18.054, 'x': -35.854, 'yaw': -3.142}, None, None
160.06, [INFO], robot5, {'battery-level': '60.50'}, None, None
170.08, [INFO], robot5, {'y': 18.055, 'x': -35.855, 'yaw': -3.142}, None, None
170.08, [INFO], robot5, {'battery-level': '59.74'}, None, None
180.07, [INFO], robot5, {'y': 18.186, 'x': -35.71, 'yaw': 3.141}, None, None
180.07, [INFO], robot5, {'battery-level': '58.98'}, None, None
190.05, [INFO], robot5, {'y': 18.142, 'x': -35.611, 'yaw': -3.137}, None, None
190.05, [INFO], robot5, {'battery-level': '58.22'}, None, None
200.09, [INFO], robot5, {'battery-level': '57.46'}, None, None
200.09, [INFO], robot5, {'y': 17.89, 'x': -35.844, 'yaw': 3.141}, None, None
210.01, [INFO], robot5, {'y': 18.101, 'x': -35.815, 'yaw': 3.142}, None, None
210.01, [INFO], robot5, {'battery-level': '56.70'}, None, None
216.15, [WARN], robot5, SKILL-FAILURE, navigation, navto_room
