0.00, [DEBUG], nurse, NURSE_CONFIG={'location': 'IC Room 2', 'position': [-38.0, 21.5, 0.0]}, None, None
0.19, [DEBUG], logger, ROBOTS_CONFIG={'avg_speed': 0.15, 'battery_charge': 0.7258412726774711, 'battery_discharge_rate': 0.00076, 'id': 5, 'local_plan': [['navigation', ['IC Room 2', [[-11.5, 18.0, -1.57], [-11.5, 16.0], [-37.0, 16.0], [-37.0, 21.5], [-38.0, 21.5, 0.0]]], 'navto_room'], ['approach_person', ['nurse'], 'approach_nurse'], ['authenticate_person', ['nurse'], 'authenticate_nurse'], ['operate_drawer', ['open'], 'open_drawer_for_nurse'], ['send_message', ['nurse'], 'notify_nurse_of_open_drawer_for_nurse_completed'], ['wait_message', ['nurse'], 'wait_nurse_to_complete_deposit'], ['operate_drawer', ['close'], 'close_drawer_nurse'], ['navigation', ['Laboratory', [[-38.0, 21.5, 0.0], [-37.0, 21.5], [-37.0, 16.0], [-26.0, 16.0], [-26.0, 13.0, 1.57]]], 'navto_lab'], ['approach_robot', ['lab_arm'], 'approach_arm'], ['operate_drawer', ['open'], 'open_drawer_lab'], ['send_message', ['lab_arm'], 'notify_lab_arm_of_open_drawer_lab_completed'], ['wait_message', ['lab_arm'], 'wait_lab_arm_to_complete_pick_up_sample'], ['operate_drawer', ['close'], 'close_drawer_lab']], 'location': 'PC Room 8', 'name': 'r5', 'position': [-11.5, 18.0, -1.57], 'skills': ['approach_person', 'approach_robot', 'authenticate_person', 'navigation', 'operate_drawer']}, None, None
0.19, [DEBUG], logger, Simulation open, None, None
10.03, [INFO], robot5, {'battery-level': '71.90'}, None, None
10.03, [INFO], robot5, {'y': 17.685, 'x': -11.554, 'yaw': -3.142}, None, None
20.07, [INFO], robot5, {'y': 16.292, 'x': -12.729, 'yaw': 3.141}, None, None
20.07, [INFO], robot5, {'battery-level': '71.14'}, None, None
30.03, [INFO], robot5, {'battery-level': '70.38'}, None, None
30.03, [INFO], robot5, {'y': 16.331, 'x': -13.189, 'yaw': 3.141}, None, None
40.00, [INFO], robot5, {'battery-level': '69.62'}, None, None
40.00, [INFO], robot5, {'y': 16.06, 'x': -12.875, 'yaw': 3.141}, None, None
50.06, [INFO], robot5, {'battery-level': '68.86'}, None, None
50.06, [INFO], robot5, {'y': 16.133, 'x': -12.935, 'yaw': -3.141}, None, None
60.03, [INFO], robot5, {'battery-level': '68.10'}, None, None
60.03, [INFO], robot5, {'y': 16.091, 'x': -13.095, 'yaw': 3.136}, None, None
70.04, [INFO], robot5, {'y': 16.096, 'x': -13.051, 'yaw': -3.142}, None, None
70.04, [INFO], robot5, {'battery-level': '67.34'}, None, None
80.07, [INFO], robot5, {'battery-level': '66.58'}, None, None
80.07, [INFO], robot5, {'y': 15.945, 'x': -12.81, 'yaw': 3.142}, None, None
90.02, [INFO], robot5, {'y': 16.155, 'x': -12.821, 'yaw': 3.142}, None, None
90.02, [INFO], robot5, {'battery-level': '65.82'}, None, None
100.04, [INFO], robot5, {'y': 16.164, 'x': -12.99, 'yaw': -3.141}, None, None
100.04, [INFO], robot5, {'battery-level': '65.06'}, None, None
110.07, [INFO], robot5, {'battery-level': '64.30'}, None, None
110.07, [INFO], robot5, {'y': 16.137, 'x': -12.87, 'yaw': 3.142}, None, None
120.08, [INFO], robot5, {'battery-level': '63.54'}, None, None
120.08, [INFO], robot5, {'y': 16.307, 'x': -13.214, 'yaw': 3.142}, None, None
130.07, [INFO], robot5, {'battery-level': '62.78'}, None, None
130.07, [INFO], robot5, {'y': 16.134, 'x': -12.904, 'yaw': -3.142}, None, None
140.07, [INFO], robot5, {'battery-level': '62.02'}, None, None
140.07, [INFO], robot5, {'y': 16.409, 'x': -13.019, 'yaw': -3.14}, None, None
150.06, [INFO], robot5, {'y': 16.214, 'x': -13.069, 'yaw': 3.142}, None, None
150.06, [INFO], robot5, {'battery-level': '61.26'}, None, None
159.91, [INFO], robot5, {'y': 16.044, 'x': -12.802, 'yaw': 3.141}, None, None
160.01, [INFO], robot5, {'battery-level': '60.50'}, None, None
168.46, [WARN], robot5, SKILL-FAILURE, navigation, navto_room
170.02, [INFO], robot5, {'battery-level': '59.74'}, None, None
170.02, [INFO], robot5, {'y': 16.246, 'x': -12.895, 'yaw': -3.142}, None, None
