0.00, [INFO], robot3, {'battery-level': '72.32'}, None, None
0.00, [DEBUG], nurse, NURSE_CONFIG={'location': 'IC Room 6', 'position': [-33.9, 18.93, 3.14]}, None, None
0.13, [DEBUG], logger, ROBOTS_CONFIG={'avg_speed': 0.15, 'battery_charge': 0.7232396784987936, 'battery_discharge_rate': 0.00064, 'id': 3, 'local_plan': [['navigation', ['IC Room 6', [[-38.0, 21.5, 0.0], [-37.0, 21.5], [-37.0, 18.93], [-33.9, 18.93, 3.14]]], 'navto_room'], ['approach_person', ['nurse'], 'approach_nurse'], ['authenticate_person', ['nurse'], 'authenticate_nurse'], ['operate_drawer', ['open'], 'open_drawer_for_nurse'], ['send_message', ['nurse'], 'notify_nurse_of_open_drawer_for_nurse_completed'], ['wait_message', ['nurse'], 'wait_nurse_to_complete_deposit'], ['operate_drawer', ['close'], 'close_drawer_nurse'], ['navigation', ['Laboratory', [[-33.9, 18.93, 3.14], [-37.0, 18.93], [-37.0, 16.0], [-26.0, 16.0], [-26.0, 13.0, 1.57]]], 'navto_lab'], ['approach_robot', ['lab_arm'], 'approach_arm'], ['operate_drawer', ['open'], 'open_drawer_lab'], ['send_message', ['lab_arm'], 'notify_lab_arm_of_open_drawer_lab_completed'], ['wait_message', ['lab_arm'], 'wait_lab_arm_to_complete_pick_up_sample'], ['operate_drawer', ['close'], 'close_drawer_lab']], 'location': 'IC Room 2', 'name': 'r3', 'position': [-38.0, 21.5, 0.0], 'skills': ['approach_person', 'approach_robot', 'authenticate_person', 'navigation', 'operate_drawer']}, None, None
0.13, [DEBUG], logger, Simulation open, None, None
10.02, [INFO], robot3, {'y': 21.419, 'x': -37.231, 'yaw': -3.141}, None, None
10.02, [INFO], robot3, {'battery-level': '71.75'}, None, None
20.00, [INFO], robot3, {'battery-level': '71.11'}, None, None
20.00, [INFO], robot3, {'y': 19.317, 'x': -37.075, 'yaw': 3.136}, None, None
30.08, [INFO], robot3, {'battery-level': '70.47'}, None, None
30.08, [INFO], robot3, {'y': 17.835, 'x': -35.518, 'yaw': 3.139}, None, None
40.08, [INFO], robot3, {'y': 18.879, 'x': -34.015, 'yaw': -3.142}, None, None
40.08, [INFO], robot3, {'battery-level': '69.83'}, None, None
49.91, [info], nurse, sync, received-request, (status=sending-request)
49.91, [info], nurse, sync, request-sent, (status=waiting)
49.91, [info], nurse, sync, wait-message, (status=message-received)
50.00, [INFO], robot3, {'battery-level': '69.19'}, None, None
50.00, [INFO], robot3, {'y': 19.008, 'x': -33.933, 'yaw': 3.142}, None, None
60.02, [INFO], robot3, {'battery-level': '68.55'}, None, None
60.02, [INFO], robot3, {'y': 17.794, 'x': -35.193, 'yaw': -3.142}, None, None
70.03, [INFO], robot3, {'y': 17.983, 'x': -36.904, 'yaw': 3.142}, None, None
70.03, [INFO], robot3, {'battery-level': '67.91'}, None, None
80.00, [INFO], robot3, {'battery-level': '67.27'}, None, None
80.00, [INFO], robot3, {'y': 17.423, 'x': -36.65, 'yaw': 3.142}, None, None
90.02, [INFO], robot3, {'y': 17.482, 'x': -37.073, 'yaw': 3.141}, None, None
90.02, [INFO], robot3, {'battery-level': '66.63'}, None, None
100.01, [INFO], robot3, {'y': 17.354, 'x': -36.786, 'yaw': 3.141}, None, None
100.01, [INFO], robot3, {'battery-level': '65.99'}, None, None
110.07, [INFO], robot3, {'battery-level': '65.35'}, None, None
110.07, [INFO], robot3, {'y': 17.375, 'x': -36.83, 'yaw': 3.142}, None, None
120.06, [INFO], robot3, {'battery-level': '64.71'}, None, None
120.06, [INFO], robot3, {'y': 17.139, 'x': -37.081, 'yaw': -3.141}, None, None
130.04, [INFO], robot3, {'y': 17.418, 'x': -36.894, 'yaw': 3.141}, None, None
130.04, [INFO], robot3, {'battery-level': '64.07'}, None, None
140.06, [INFO], robot3, {'battery-level': '63.43'}, None, None
140.06, [INFO], robot3, {'y': 17.412, 'x': -36.91, 'yaw': -3.142}, None, None
150.07, [INFO], robot3, {'battery-level': '62.79'}, None, None
150.07, [INFO], robot3, {'y': 17.419, 'x': -36.957, 'yaw': 3.142}, None, None
160.02, [INFO], robot3, {'battery-level': '62.15'}, None, None
160.02, [INFO], robot3, {'y': 17.373, 'x': -36.863, 'yaw': -3.141}, None, None
170.00, [INFO], robot3, {'y': 17.459, 'x': -36.846, 'yaw': 3.141}, None, None
170.00, [INFO], robot3, {'battery-level': '61.51'}, None, None
180.07, [INFO], robot3, {'battery-level': '60.87'}, None, None
180.07, [INFO], robot3, {'y': 17.299, 'x': -37.137, 'yaw': 3.14}, None, None
190.07, [INFO], robot3, {'battery-level': '60.23'}, None, None
190.07, [INFO], robot3, {'y': 17.271, 'x': -37.104, 'yaw': -3.141}, None, None
200.09, [INFO], robot3, {'battery-level': '59.59'}, None, None
200.09, [INFO], robot3, {'y': 17.369, 'x': -36.846, 'yaw': -3.141}, None, None
210.08, [INFO], robot3, {'battery-level': '58.95'}, None, None
210.08, [INFO], robot3, {'y': 17.406, 'x': -37.027, 'yaw': 3.142}, None, None
220.01, [INFO], robot3, {'battery-level': '58.31'}, None, None
220.01, [INFO], robot3, {'y': 17.315, 'x': -36.864, 'yaw': -3.141}, None, None
230.08, [INFO], robot3, {'y': 17.498, 'x': -37.047, 'yaw': -3.141}, None, None
230.08, [INFO], robot3, {'battery-level': '57.67'}, None, None
235.21, [WARN], robot3, SKILL-FAILURE, navigation, navto_lab
240.08, [INFO], robot3, {'battery-level': '57.03'}, None, None
240.08, [INFO], robot3, {'y': 17.398, 'x': -36.978, 'yaw': 3.142}, None, None
