0.00, [DEBUG], nurse, NURSE_CONFIG={'location': 'IC Room 6', 'position': [-33.9, 18.93, 3.14]}, None, None
0.12, [DEBUG], logger, ROBOTS_CONFIG={'avg_speed': 0.15, 'battery_charge': 0.3020349930380309, 'battery_discharge_rate': 0.0006600000000000001, 'id': 1, 'local_plan': [['navigation', ['IC Room 6', [[-11.5, 18.0, -1.57], [-11.5, 16.0], [-37.0, 16.0], [-37.0, 18.93], [-33.9, 18.93, 3.14]]], 'navto_room'], ['approach_person', ['nurse'], 'approach_nurse'], ['authenticate_person', ['nurse'], 'authenticate_nurse'], ['operate_drawer', ['open'], 'open_drawer_for_nurse'], ['send_message', ['nurse'], 'notify_nurse_of_open_drawer_for_nurse_completed'], ['wait_message', ['nurse'], 'wait_nurse_to_complete_deposit'], ['operate_drawer', ['close'], 'close_drawer_nurse'], ['navigation', ['Laboratory', [[-33.9, 18.93, 3.14], [-37.0, 18.93], [-37.0, 16.0], [-26.0, 16.0], [-26.0, 13.0, 1.57]]], 'navto_lab'], ['approach_robot', ['lab_arm'], 'approach_arm'], ['operate_drawer', ['open'], 'open_drawer_lab'], ['send_message', ['lab_arm'], 'notify_lab_arm_of_open_drawer_lab_completed'], ['wait_message', ['lab_arm'], 'wait_lab_arm_to_complete_pick_up_sample'], ['operate_drawer', ['close'], 'close_drawer_lab']], 'location': 'PC Room 8', 'name': 'r1', 'position': [-11.5, 18.0, -1.57], 'skills': ['approach_person', 'approach_robot', 'authenticate_person', 'navigation', 'operate_drawer']}, None, None
0.12, [DEBUG], logger, Simulation open, None, None
10.09, [INFO], robot1, {'y': 17.334, 'x': -11.661, 'yaw': 3.141}, None, None
10.09, [INFO], robot1, {'battery-level': '29.61'}, None, None
20.02, [INFO], robot1, {'battery-level': '28.95'}, None, None
20.02, [INFO], robot1, {'y': 16.3, 'x': -13.06, 'yaw': -3.14}, None, None
30.03, [INFO], robot1, {'battery-level': '28.29'}, None, None
30.03, [INFO], robot1, {'y': 16.204, 'x': -15.17, 'yaw': 3.137}, None, None
40.06, [INFO], robot1, {'y': 16.193, 'x': -17.293, 'yaw': 3.14}, None, None
40.06, [INFO], robot1, {'battery-level': '27.63'}, None, None
50.05, [INFO], robot1, {'y': 16.28, 'x': -19.401, 'yaw': 3.142}, None, None
50.05, [INFO], robot1, {'battery-level': '26.97'}, None, None
60.07, [INFO], robot1, {'y': 16.333, 'x': -21.514, 'yaw': -3.142}, None, None
60.07, [INFO], robot1, {'battery-level': '26.31'}, None, None
70.07, [INFO], robot1, {'battery-level': '25.65'}, None, None
70.07, [INFO], robot1, {'y': 16.174, 'x': -23.645, 'yaw': 3.142}, None, None
80.08, [INFO], robot1, {'battery-level': '24.99'}, None, None
80.08, [INFO], robot1, {'y': 16.115, 'x': -25.76, 'yaw': 3.141}, None, None
90.08, [INFO], robot1, {'battery-level': '24.33'}, None, None
90.08, [INFO], robot1, {'y': 16.168, 'x': -27.869, 'yaw': 3.141}, None, None
100.08, [INFO], robot1, {'y': 16.19, 'x': -29.977, 'yaw': 3.137}, None, None
100.08, [INFO], robot1, {'battery-level': '23.67'}, None, None
110.09, [INFO], robot1, {'y': 15.982, 'x': -32.093, 'yaw': 3.142}, None, None
110.09, [INFO], robot1, {'battery-level': '23.01'}, None, None
120.04, [INFO], robot1, {'battery-level': '22.35'}, None, None
120.04, [INFO], robot1, {'y': 15.486, 'x': -34.156, 'yaw': -3.142}, None, None
130.03, [INFO], robot1, {'y': 15.607, 'x': -36.26, 'yaw': -3.142}, None, None
130.03, [INFO], robot1, {'battery-level': '21.69'}, None, None
140.05, [INFO], robot1, {'battery-level': '21.03'}, None, None
140.05, [INFO], robot1, {'y': 17.349, 'x': -36.931, 'yaw': -3.141}, None, None
150.04, [INFO], robot1, {'y': 17.652, 'x': -36.898, 'yaw': 3.142}, None, None
150.04, [INFO], robot1, {'battery-level': '20.37'}, None, None
160.03, [INFO], robot1, {'y': 17.701, 'x': -36.881, 'yaw': 3.141}, None, None
160.03, [INFO], robot1, {'battery-level': '19.71'}, None, None
170.09, [INFO], robot1, {'y': 17.695, 'x': -36.86, 'yaw': 3.141}, None, None
170.09, [INFO], robot1, {'battery-level': '19.05'}, None, None
180.03, [INFO], robot1, {'battery-level': '18.39'}, None, None
180.03, [INFO], robot1, {'y': 17.694, 'x': -36.862, 'yaw': -3.142}, None, None
190.03, [INFO], robot1, {'battery-level': '17.73'}, None, None
190.03, [INFO], robot1, {'y': 17.694, 'x': -36.862, 'yaw': -3.142}, None, None
200.02, [INFO], robot1, {'battery-level': '17.07'}, None, None
200.02, [INFO], robot1, {'y': 17.694, 'x': -36.862, 'yaw': -3.142}, None, None
210.08, [INFO], robot1, {'y': 17.694, 'x': -36.862, 'yaw': -3.142}, None, None
210.08, [INFO], robot1, {'battery-level': '16.41'}, None, None
220.00, [INFO], robot1, {'battery-level': '15.75'}, None, None
220.00, [INFO], robot1, {'y': 17.65, 'x': -37.138, 'yaw': -3.142}, None, None
230.08, [INFO], robot1, {'battery-level': '15.09'}, None, None
230.08, [INFO], robot1, {'y': 17.65, 'x': -37.133, 'yaw': 3.142}, None, None
239.95, [INFO], robot1, {'battery-level': '14.43'}, None, None
240.05, [INFO], robot1, {'y': 17.65, 'x': -37.134, 'yaw': 3.142}, None, None
250.03, [INFO], robot1, {'battery-level': '13.77'}, None, None
250.03, [INFO], robot1, {'y': 17.65, 'x': -37.134, 'yaw': 3.142}, None, None
260.01, [INFO], robot1, {'y': 17.653, 'x': -37.099, 'yaw': 3.141}, None, None
260.01, [INFO], robot1, {'battery-level': '13.11'}, None, None
270.06, [INFO], robot1, {'battery-level': '12.45'}, None, None
270.06, [INFO], robot1, {'y': 17.679, 'x': -37.05, 'yaw': -3.142}, None, None
280.04, [INFO], robot1, {'battery-level': '11.79'}, None, None
280.04, [INFO], robot1, {'y': 17.677, 'x': -37.03, 'yaw': -3.142}, None, None
281.32, [WARN], robot1, SKILL-FAILURE, navigation, navto_room
