0.00, [DEBUG], nurse, NURSE_CONFIG={'location': 'IC Room 2', 'position': [-38.0, 21.5, 0.0]}, None, None
0.00, [INFO], robot5, {'battery-level': '72.58'}, None, None
0.13, [DEBUG], logger, ROBOTS_CONFIG={'avg_speed': 0.15, 'battery_charge': 0.7258412726774711, 'battery_discharge_rate': 0.00076, 'id': 5, 'local_plan': [['navigation', ['IC Room 2', [[-11.5, 18.0, -1.57], [-11.5, 16.0], [-37.0, 16.0], [-37.0, 21.5], [-38.0, 21.5, 0.0]]], 'navto_room'], ['approach_person', ['nurse'], 'approach_nurse'], ['authenticate_person', ['nurse'], 'authenticate_nurse'], ['operate_drawer', ['open'], 'open_drawer_for_nurse'], ['send_message', ['nurse'], 'notify_nurse_of_open_drawer_for_nurse_completed'], ['wait_message', ['nurse'], 'wait_nurse_to_complete_deposit'], ['operate_drawer', ['close'], 'close_drawer_nurse'], ['navigation', ['Laboratory', [[-38.0, 21.5, 0.0], [-37.0, 21.5], [-37.0, 16.0], [-26.0, 16.0], [-26.0, 13.0, 1.57]]], 'navto_lab'], ['approach_robot', ['lab_arm'], 'approach_arm'], ['operate_drawer', ['open'], 'open_drawer_lab'], ['send_message', ['lab_arm'], 'notify_lab_arm_of_open_drawer_lab_completed'], ['wait_message', ['lab_arm'], 'wait_lab_arm_to_complete_pick_up_sample'], ['operate_drawer', ['close'], 'close_drawer_lab']], 'location': 'PC Room 8', 'name': 'r5', 'position': [-11.5, 18.0, -1.57], 'skills': ['approach_person', 'approach_robot', 'authenticate_person', 'navigation', 'operate_drawer']}, None, None
0.13, [DEBUG], logger, Simulation open, None, None
10.10, [INFO], robot5, {'y': 17.456, 'x': -11.631, 'yaw': -3.142}, None, None
10.10, [INFO], robot5, {'battery-level': '71.90'}, None, None
20.02, [INFO], robot5, {'battery-level': '71.14'}, None, None
20.02, [INFO], robot5, {'y': 16.209, 'x': -12.906, 'yaw': 3.142}, None, None
30.06, [INFO], robot5, {'battery-level': '70.38'}, None, None
30.06, [INFO], robot5, {'y': 16.178, 'x': -13.089, 'yaw': -3.14}, None, None
40.09, [INFO], robot5, {'battery-level': '69.62'}, None, None
40.09, [INFO], robot5, {'y': 16.157, 'x': -12.859, 'yaw': -3.141}, None, None
50.02, [INFO], robot5, {'battery-level': '68.86'}, None, None
50.02, [INFO], robot5, {'y': 16.216, 'x': -12.919, 'yaw': 3.141}, None, None
60.05, [INFO], robot5, {'y': 16.292, 'x': -13.089, 'yaw': 3.141}, None, None
60.05, [INFO], robot5, {'battery-level': '68.10'}, None, None
70.08, [INFO], robot5, {'y': 16.38, 'x': -13.005, 'yaw': 3.141}, None, None
70.08, [INFO], robot5, {'battery-level': '67.34'}, None, None
80.00, [INFO], robot5, {'y': 16.085, 'x': -12.996, 'yaw': 3.141}, None, None
80.00, [INFO], robot5, {'battery-level': '66.58'}, None, None
90.00, [INFO], robot5, {'battery-level': '65.82'}, None, None
90.00, [INFO], robot5, {'y': 15.976, 'x': -13.005, 'yaw': -3.142}, None, None
100.06, [INFO], robot5, {'battery-level': '65.06'}, None, None
100.06, [INFO], robot5, {'y': 16.358, 'x': -13.099, 'yaw': -3.141}, None, None
110.00, [INFO], robot5, {'y': 16.05, 'x': -12.967, 'yaw': 3.14}, None, None
110.00, [INFO], robot5, {'battery-level': '64.30'}, None, None
120.05, [INFO], robot5, {'battery-level': '63.54'}, None, None
120.05, [INFO], robot5, {'y': 16.195, 'x': -12.791, 'yaw': 3.141}, None, None
130.07, [INFO], robot5, {'y': 16.238, 'x': -13.037, 'yaw': 3.141}, None, None
130.07, [INFO], robot5, {'battery-level': '62.78'}, None, None
140.01, [INFO], robot5, {'battery-level': '62.02'}, None, None
140.01, [INFO], robot5, {'y': 16.235, 'x': -12.917, 'yaw': -3.141}, None, None
150.04, [INFO], robot5, {'y': 16.236, 'x': -12.918, 'yaw': -3.142}, None, None
150.04, [INFO], robot5, {'battery-level': '61.26'}, None, None
159.36, [WARN], robot5, SKILL-FAILURE, navigation, navto_room
160.09, [INFO], robot5, {'y': 16.236, 'x': -12.918, 'yaw': 3.142}, None, None
160.09, [INFO], robot5, {'battery-level': '60.50'}, None, None
