0.00, [DEBUG], nurse, NURSE_CONFIG={'location': 'PC Room 3', 'position': [-28.5, 18.0, -1.57]}, None, None
0.13, [DEBUG], logger, ROBOTS_CONFIG={'avg_speed': 0.15, 'battery_charge': 0.5779176354739738, 'battery_discharge_rate': 0.00026000000000000003, 'id': 2, 'local_plan': [['navigation', ['PC Room 3', [[-21.0, 18.0, -1.57], [-21.0, 16.0], [-28.5, 16.0], [-28.5, 18.0, -1.57]]], 'navto_room'], ['approach_person', ['nurse'], 'approach_nurse'], ['authenticate_person', ['nurse'], 'authenticate_nurse'], ['operate_drawer', ['open'], 'open_drawer_for_nurse'], ['send_message', ['nurse'], 'notify_nurse_of_open_drawer_for_nurse_completed'], ['wait_message', ['nurse'], 'wait_nurse_to_complete_deposit'], ['operate_drawer', ['close'], 'close_drawer_nurse'], ['navigation', ['Laboratory', [[-28.5, 18.0, -1.57], [-28.5, 16.0], [-26.0, 16.0], [-26.0, 13.0, 1.57]]], 'navto_lab'], ['approach_robot', ['lab_arm'], 'approach_arm'], ['operate_drawer', ['open'], 'open_drawer_lab'], ['send_message', ['lab_arm'], 'notify_lab_arm_of_open_drawer_lab_completed'], ['wait_message', ['lab_arm'], 'wait_lab_arm_to_complete_pick_up_sample'], ['operate_drawer', ['close'], 'close_drawer_lab']], 'location': 'PC Room 5', 'name': 'r2', 'position': [-21.0, 18.0, -1.57], 'skills': ['approach_person', 'approach_robot', 'authenticate_person', 'navigation', 'operate_drawer']}, None, None
0.13, [DEBUG], logger, Simulation open, None, None
10.06, [INFO], robot2, {'battery-level': '57.56'}, None, None
10.06, [INFO], robot2, {'y': 17.99, 'x': -21.006, 'yaw': -3.141}, None, None
20.03, [INFO], robot2, {'y': 16.204, 'x': -21.334, 'yaw': -3.142}, None, None
20.03, [INFO], robot2, {'battery-level': '57.30'}, None, None
30.00, [INFO], robot2, {'battery-level': '57.04'}, None, None
30.00, [INFO], robot2, {'y': 16.14, 'x': -23.45, 'yaw': 3.142}, None, None
40.08, [INFO], robot2, {'y': 16.096, 'x': -25.578, 'yaw': 3.141}, None, None
40.08, [INFO], robot2, {'battery-level': '56.78'}, None, None
50.05, [INFO], robot2, {'battery-level': '56.52'}, None, None
50.05, [INFO], robot2, {'y': 16.041, 'x': -27.689, 'yaw': -3.142}, None, None
60.01, [INFO], robot2, {'y': 17.594, 'x': -28.568, 'yaw': -3.142}, None, None
60.01, [INFO], robot2, {'battery-level': '56.26'}, None, None
70.07, [INFO], robot2, {'battery-level': '56.00'}, None, None
70.07, [INFO], robot2, {'y': 17.946, 'x': -28.601, 'yaw': -3.141}, None, None
79.40, [info], nurse, sync, received-request, (status=sending-request)
79.40, [info], nurse, sync, request-sent, (status=waiting)
79.40, [info], nurse, sync, wait-message, (status=message-received)
80.04, [INFO], robot2, {'y': 17.969, 'x': -28.622, 'yaw': 3.14}, None, None
80.04, [INFO], robot2, {'battery-level': '55.74'}, None, None
90.02, [INFO], robot2, {'y': 16.067, 'x': -28.529, 'yaw': 3.141}, None, None
90.02, [INFO], robot2, {'battery-level': '55.48'}, None, None
100.08, [INFO], robot2, {'y': 15.994, 'x': -26.391, 'yaw': -3.141}, None, None
100.08, [INFO], robot2, {'battery-level': '55.22'}, None, None
110.08, [INFO], robot2, {'y': 14.035, 'x': -25.69, 'yaw': 3.141}, None, None
110.08, [INFO], robot2, {'battery-level': '54.96'}, None, None
120.06, [INFO], robot2, {'y': 12.9, 'x': -25.924, 'yaw': 3.141}, None, None
120.06, [INFO], robot2, {'battery-level': '54.70'}, None, None
126.94, [info], lab_arm, sync, wait-message, (status=message-received)
127.86, [WARN], robot2, SUCCESS, None, None
130.06, [INFO], robot2, {'y': 12.909, 'x': -25.943, 'yaw': 3.142}, None, None
130.06, [INFO], robot2, {'battery-level': '54.44'}, None, None
