0.00, [DEBUG], nurse, NURSE_CONFIG={'location': 'IC Room 6', 'position': [-33.9, 18.93, 3.14]}, None, None
0.12, [DEBUG], logger, ROBOTS_CONFIG={'avg_speed': 0.15, 'battery_charge': 0.4863040833267539, 'battery_discharge_rate': 0.00026000000000000003, 'id': 4, 'local_plan': [['navigation', ['IC Room 6', [[-39.44, 33.95, 0.0], [-37.0, 33.95], [-37.0, 18.93], [-33.9, 18.93, 3.14]]], 'navto_room'], ['approach_person', ['nurse'], 'approach_nurse'], ['authenticate_person', ['nurse'], 'authenticate_nurse'], ['operate_drawer', ['open'], 'open_drawer_for_nurse'], ['send_message', ['nurse'], 'notify_nurse_of_open_drawer_for_nurse_completed'], ['wait_message', ['nurse'], 'wait_nurse_to_complete_deposit'], ['operate_drawer', ['close'], 'close_drawer_nurse'], ['navigation', ['Laboratory', [[-33.9, 18.93, 3.14], [-37.0, 18.93], [-37.0, 16.0], [-26.0, 16.0], [-26.0, 13.0, 1.57]]], 'navto_lab'], ['approach_robot', ['lab_arm'], 'approach_arm'], ['operate_drawer', ['open'], 'open_drawer_lab'], ['send_message', ['lab_arm'], 'notify_lab_arm_of_open_drawer_lab_completed'], ['wait_message', ['lab_arm'], 'wait_lab_arm_to_complete_pick_up_sample'], ['operate_drawer', ['close'], 'close_drawer_lab']], 'location': 'IC Room 4', 'name': 'r4', 'position': [-39.44, 33.95, 0.0], 'skills': ['approach_person', 'approach_robot', 'authenticate_person', 'navigation', 'operate_drawer']}, None, None
0.12, [DEBUG], logger, Simulation open, None, None
10.06, [INFO], robot4, {'battery-level': '48.40'}, None, None
10.06, [INFO], robot4, {'y': 34.289, 'x': -38.655, 'yaw': -3.138}, None, None
20.08, [INFO], robot4, {'battery-level': '48.14'}, None, None
20.08, [INFO], robot4, {'y': 33.727, 'x': -37.061, 'yaw': 3.142}, None, None
30.02, [INFO], robot4, {'battery-level': '47.88'}, None, None
30.02, [INFO], robot4, {'y': 31.624, 'x': -37.064, 'yaw': 3.141}, None, None
40.03, [INFO], robot4, {'y': 29.5, 'x': -37.024, 'yaw': 3.141}, None, None
40.03, [INFO], robot4, {'battery-level': '47.62'}, None, None
50.07, [INFO], robot4, {'y': 27.381, 'x': -36.997, 'yaw': 3.141}, None, None
50.07, [INFO], robot4, {'battery-level': '47.36'}, None, None
60.07, [INFO], robot4, {'battery-level': '47.10'}, None, None
60.07, [INFO], robot4, {'y': 25.265, 'x': -37.047, 'yaw': 3.142}, None, None
70.03, [INFO], robot4, {'y': 23.154, 'x': -37.008, 'yaw': 3.141}, None, None
70.03, [INFO], robot4, {'battery-level': '46.84'}, None, None
80.08, [INFO], robot4, {'battery-level': '46.58'}, None, None
80.08, [INFO], robot4, {'y': 21.031, 'x': -37.098, 'yaw': 3.141}, None, None
90.02, [INFO], robot4, {'battery-level': '46.32'}, None, None
90.02, [INFO], robot4, {'y': 18.938, 'x': -36.895, 'yaw': 3.141}, None, None
100.03, [INFO], robot4, {'battery-level': '46.06'}, None, None
100.03, [INFO], robot4, {'y': 17.716, 'x': -35.185, 'yaw': 3.142}, None, None
110.02, [INFO], robot4, {'battery-level': '45.80'}, None, None
110.02, [INFO], robot4, {'y': 18.899, 'x': -33.955, 'yaw': -3.142}, None, None
118.61, [info], nurse, sync, received-request, (status=sending-request)
118.61, [info], nurse, sync, request-sent, (status=waiting)
118.61, [info], nurse, sync, wait-message, (status=message-received)
120.08, [INFO], robot4, {'battery-level': '45.54'}, None, None
120.08, [INFO], robot4, {'y': 18.962, 'x': -33.942, 'yaw': -3.141}, None, None
130.01, [INFO], robot4, {'y': 17.745, 'x': -35.496, 'yaw': -3.141}, None, None
130.01, [INFO], robot4, {'battery-level': '45.28'}, None, None
140.01, [INFO], robot4, {'battery-level': '45.02'}, None, None
140.01, [INFO], robot4, {'y': 17.602, 'x': -37.026, 'yaw': 3.142}, None, None
150.00, [INFO], robot4, {'y': 17.221, 'x': -37.074, 'yaw': 3.141}, None, None
150.00, [INFO], robot4, {'battery-level': '44.76'}, None, None
160.07, [INFO], robot4, {'battery-level': '44.50'}, None, None
160.07, [INFO], robot4, {'y': 17.468, 'x': -36.871, 'yaw': -3.141}, None, None
170.09, [INFO], robot4, {'battery-level': '44.24'}, None, None
170.09, [INFO], robot4, {'y': 17.332, 'x': -36.917, 'yaw': 3.14}, None, None
180.02, [INFO], robot4, {'battery-level': '43.98'}, None, None
180.02, [INFO], robot4, {'y': 17.236, 'x': -37.086, 'yaw': 3.142}, None, None
190.08, [INFO], robot4, {'battery-level': '43.72'}, None, None
190.08, [INFO], robot4, {'y': 17.392, 'x': -36.871, 'yaw': -3.142}, None, None
200.06, [INFO], robot4, {'y': 17.392, 'x': -36.871, 'yaw': -3.142}, None, None
200.06, [INFO], robot4, {'battery-level': '43.46'}, None, None
210.00, [INFO], robot4, {'battery-level': '43.20'}, None, None
210.00, [INFO], robot4, {'y': 17.326, 'x': -36.88, 'yaw': -3.142}, None, None
220.04, [INFO], robot4, {'y': 17.266, 'x': -37.099, 'yaw': 3.141}, None, None
220.04, [INFO], robot4, {'battery-level': '42.94'}, None, None
230.05, [INFO], robot4, {'battery-level': '42.68'}, None, None
230.05, [INFO], robot4, {'y': 17.364, 'x': -36.88, 'yaw': 3.14}, None, None
240.08, [INFO], robot4, {'y': 17.332, 'x': -36.788, 'yaw': -3.142}, None, None
240.08, [INFO], robot4, {'battery-level': '42.42'}, None, None
250.07, [INFO], robot4, {'y': 17.487, 'x': -36.902, 'yaw': 3.141}, None, None
250.07, [INFO], robot4, {'battery-level': '42.16'}, None, None
260.00, [INFO], robot4, {'battery-level': '41.90'}, None, None
260.00, [INFO], robot4, {'y': 17.401, 'x': -36.927, 'yaw': 3.14}, None, None
269.94, [INFO], robot4, {'y': 17.399, 'x': -36.927, 'yaw': -3.142}, None, None
270.03, [INFO], robot4, {'battery-level': '41.64'}, None, None
280.06, [INFO], robot4, {'battery-level': '41.38'}, None, None
280.06, [INFO], robot4, {'y': 17.397, 'x': -36.928, 'yaw': -3.142}, None, None
290.05, [INFO], robot4, {'battery-level': '41.12'}, None, None
290.05, [INFO], robot4, {'y': 17.397, 'x': -36.928, 'yaw': 3.142}, None, None
300.08, [INFO], robot4, {'y': 17.396, 'x': -36.928, 'yaw': 3.142}, None, None
300.08, [INFO], robot4, {'battery-level': '40.86'}, None, None
304.01, [WARN], robot4, SKILL-FAILURE, navigation, navto_lab
