0.00, [DEBUG], nurse, NURSE_CONFIG={'location': 'IC Room 6', 'position': [-33.9, 18.93, 3.14]}, None, None
0.00, [INFO], robot5, {'battery-level': '72.58'}, None, None
0.13, [DEBUG], logger, ROBOTS_CONFIG={'avg_speed': 0.15, 'battery_charge': 0.7258412726774711, 'battery_discharge_rate': 0.00042, 'id': 5, 'local_plan': [['navigation', ['IC Room 6', [[-13.5, 18.0, -1.57], [-13.5, 16.0], [-37.0, 16.0], [-37.0, 18.93], [-33.9, 18.93, 3.14]]], 'navto_room'], ['approach_person', ['nurse'], 'approach_nurse'], ['authenticate_person', ['nurse'], 'authenticate_nurse'], ['operate_drawer', ['open'], 'open_drawer_for_nurse'], ['send_message', ['nurse'], 'notify_nurse_of_open_drawer_for_nurse_completed'], ['wait_message', ['nurse'], 'wait_nurse_to_complete_deposit'], ['operate_drawer', ['close'], 'close_drawer_nurse'], ['navigation', ['Laboratory', [[-33.9, 18.93, 3.14], [-37.0, 18.93], [-37.0, 16.0], [-26.0, 16.0], [-26.0, 13.0, 1.57]]], 'navto_lab'], ['approach_robot', ['lab_arm'], 'approach_arm'], ['operate_drawer', ['open'], 'open_drawer_lab'], ['send_message', ['lab_arm'], 'notify_lab_arm_of_open_drawer_lab_completed'], ['wait_message', ['lab_arm'], 'wait_lab_arm_to_complete_pick_up_sample'], ['operate_drawer', ['close'], 'close_drawer_lab']], 'location': 'PC Room 7', 'name': 'r5', 'position': [-13.5, 18.0, -1.57], 'skills': ['approach_person', 'authenticate_person', 'navigation', 'operate_drawer']}, None, None
0.13, [DEBUG], logger, Simulation open, None, None
10.02, [INFO], robot5, {'y': 17.543, 'x': -13.494, 'yaw': 3.142}, None, None
10.02, [INFO], robot5, {'battery-level': '72.21'}, None, None
20.00, [INFO], robot5, {'battery-level': '71.79'}, None, None
20.00, [INFO], robot5, {'y': 16.06, 'x': -14.353, 'yaw': 3.142}, None, None
30.01, [INFO], robot5, {'y': 15.939, 'x': -16.479, 'yaw': 3.141}, None, None
30.01, [INFO], robot5, {'battery-level': '71.37'}, None, None
40.00, [INFO], robot5, {'battery-level': '70.95'}, None, None
40.00, [INFO], robot5, {'y': 16.029, 'x': -18.586, 'yaw': 3.141}, None, None
50.05, [INFO], robot5, {'battery-level': '70.53'}, None, None
50.05, [INFO], robot5, {'y': 16.192, 'x': -20.71, 'yaw': 3.142}, None, None
60.03, [INFO], robot5, {'battery-level': '70.11'}, None, None
60.03, [INFO], robot5, {'y': 16.14, 'x': -22.831, 'yaw': 3.137}, None, None
70.02, [INFO], robot5, {'y': 16.089, 'x': -24.945, 'yaw': 3.14}, None, None
70.02, [INFO], robot5, {'battery-level': '69.69'}, None, None
80.02, [INFO], robot5, {'y': 16.1, 'x': -27.077, 'yaw': 3.138}, None, None
80.02, [INFO], robot5, {'battery-level': '69.27'}, None, None
90.03, [INFO], robot5, {'battery-level': '68.85'}, None, None
90.03, [INFO], robot5, {'y': 16.156, 'x': -29.204, 'yaw': 3.142}, None, None
100.00, [INFO], robot5, {'battery-level': '68.43'}, None, None
100.00, [INFO], robot5, {'y': 16.003, 'x': -31.326, 'yaw': 3.14}, None, None
110.07, [INFO], robot5, {'y': 15.658, 'x': -33.448, 'yaw': -3.141}, None, None
110.07, [INFO], robot5, {'battery-level': '68.01'}, None, None
120.05, [INFO], robot5, {'battery-level': '67.59'}, None, None
120.05, [INFO], robot5, {'y': 15.522, 'x': -35.542, 'yaw': -3.142}, None, None
130.00, [INFO], robot5, {'battery-level': '67.17'}, None, None
130.00, [INFO], robot5, {'y': 16.748, 'x': -36.718, 'yaw': -3.142}, None, None
140.05, [INFO], robot5, {'y': 17.651, 'x': -36.756, 'yaw': -3.142}, None, None
140.05, [INFO], robot5, {'battery-level': '66.75'}, None, None
150.05, [INFO], robot5, {'battery-level': '66.33'}, None, None
150.05, [INFO], robot5, {'y': 17.703, 'x': -36.746, 'yaw': 3.142}, None, None
160.03, [INFO], robot5, {'battery-level': '65.91'}, None, None
160.03, [INFO], robot5, {'y': 17.826, 'x': -36.541, 'yaw': -3.142}, None, None
170.01, [INFO], robot5, {'battery-level': '65.49'}, None, None
170.01, [INFO], robot5, {'y': 18.104, 'x': -35.977, 'yaw': 3.141}, None, None
180.03, [INFO], robot5, {'y': 18.172, 'x': -35.626, 'yaw': 3.141}, None, None
180.03, [INFO], robot5, {'battery-level': '65.07'}, None, None
190.09, [INFO], robot5, {'battery-level': '64.65'}, None, None
190.09, [INFO], robot5, {'y': 18.453, 'x': -35.744, 'yaw': -3.142}, None, None
200.02, [INFO], robot5, {'y': 18.455, 'x': -35.743, 'yaw': -3.142}, None, None
200.02, [INFO], robot5, {'battery-level': '64.23'}, None, None
210.05, [INFO], robot5, {'battery-level': '63.81'}, None, None
210.05, [INFO], robot5, {'y': 18.454, 'x': -35.743, 'yaw': 3.142}, None, None
220.01, [INFO], robot5, {'battery-level': '63.39'}, None, None
220.01, [INFO], robot5, {'y': 18.453, 'x': -35.743, 'yaw': 3.142}, None, None
230.00, [INFO], robot5, {'battery-level': '62.97'}, None, None
230.00, [INFO], robot5, {'y': 18.479, 'x': -35.749, 'yaw': 3.142}, None, None
240.00, [INFO], robot5, {'y': 18.477, 'x': -35.746, 'yaw': -3.136}, None, None
240.00, [INFO], robot5, {'battery-level': '62.55'}, None, None
250.07, [INFO], robot5, {'battery-level': '62.13'}, None, None
250.07, [INFO], robot5, {'y': 18.477, 'x': -35.746, 'yaw': -3.136}, None, None
252.78, [WARN], robot5, SKILL-FAILURE, navigation, navto_room
