0.00, [DEBUG], nurse, NURSE_CONFIG={'location': 'IC Room 2', 'position': [-38.0, 21.5, 0.0]}, None, None
0.00, [DEBUG], logger, ROBOTS_CONFIG={'avg_speed': 0.15, 'battery_charge': 0.4863040833267539, 'battery_discharge_rate': 0.00026000000000000003, 'id': 4, 'local_plan': [['navigation', ['IC Room 2', [[-32.88, 33.98, 3.14], [-37.0, 33.98], [-37.0, 21.5], [-38.0, 21.5, 0.0]]], 'navto_room'], ['approach_person', ['nurse'], 'approach_nurse'], ['authenticate_person', ['nurse'], 'authenticate_nurse'], ['operate_drawer', ['open'], 'open_drawer_for_nurse'], ['send_message', ['nurse'], 'notify_nurse_of_open_drawer_for_nurse_completed'], ['wait_message', ['nurse'], 'wait_nurse_to_complete_deposit'], ['operate_drawer', ['close'], 'close_drawer_nurse'], ['navigation', ['Laboratory', [[-38.0, 21.5, 0.0], [-37.0, 21.5], [-37.0, 16.0], [-26.0, 16.0], [-26.0, 13.0, 1.57]]], 'navto_lab'], ['approach_robot', ['lab_arm'], 'approach_arm'], ['operate_drawer', ['open'], 'open_drawer_lab'], ['send_message', ['lab_arm'], 'notify_lab_arm_of_open_drawer_lab_completed'], ['wait_message', ['lab_arm'], 'wait_lab_arm_to_complete_pick_up_sample'], ['operate_drawer', ['close'], 'close_drawer_lab']], 'location': 'IC Room 5', 'name': 'r4', 'position': [-32.88, 33.98, 3.14], 'skills': ['approach_person', 'approach_robot', 'authenticate_person', 'navigation', 'operate_drawer']}, None, None
0.00, [DEBUG], logger, Simulation open, None, None
9.94, [INFO], robot4, {'y': 34.07, 'x': -33.232, 'yaw': 3.142}, None, None
10.04, [INFO], robot4, {'battery-level': '48.40'}, None, None
20.04, [INFO], robot4, {'battery-level': '48.14'}, None, None
20.04, [INFO], robot4, {'y': 34.706, 'x': -35.254, 'yaw': -3.142}, None, None
30.09, [INFO], robot4, {'y': 33.647, 'x': -36.971, 'yaw': 3.141}, None, None
30.09, [INFO], robot4, {'battery-level': '47.88'}, None, None
40.07, [INFO], robot4, {'battery-level': '47.62'}, None, None
40.07, [INFO], robot4, {'y': 31.534, 'x': -36.904, 'yaw': -3.141}, None, None
50.00, [INFO], robot4, {'battery-level': '47.36'}, None, None
50.00, [INFO], robot4, {'y': 29.448, 'x': -36.942, 'yaw': -3.142}, None, None
60.04, [INFO], robot4, {'y': 27.322, 'x': -36.984, 'yaw': 3.142}, None, None
60.04, [INFO], robot4, {'battery-level': '47.10'}, None, None
70.08, [INFO], robot4, {'y': 25.201, 'x': -37.046, 'yaw': 3.142}, None, None
70.08, [INFO], robot4, {'battery-level': '46.84'}, None, None
80.01, [INFO], robot4, {'y': 23.117, 'x': -37.062, 'yaw': 3.14}, None, None
80.01, [INFO], robot4, {'battery-level': '46.58'}, None, None
90.04, [INFO], robot4, {'battery-level': '46.32'}, None, None
90.04, [INFO], robot4, {'y': 21.463, 'x': -37.822, 'yaw': 3.142}, None, None
99.43, [info], nurse, sync, received-request, (status=sending-request)
99.43, [info], nurse, sync, request-sent, (status=waiting)
99.43, [info], nurse, sync, wait-message, (status=message-received)
100.09, [INFO], robot4, {'battery-level': '46.06'}, None, None
100.09, [INFO], robot4, {'y': 21.424, 'x': -38.085, 'yaw': 3.14}, None, None
110.02, [INFO], robot4, {'battery-level': '45.80'}, None, None
110.02, [INFO], robot4, {'y': 20.129, 'x': -37.198, 'yaw': -3.138}, None, None
120.03, [INFO], robot4, {'y': 18.023, 'x': -37.171, 'yaw': 3.141}, None, None
120.03, [INFO], robot4, {'battery-level': '45.54'}, None, None
130.03, [INFO], robot4, {'y': 15.968, 'x': -36.781, 'yaw': 3.141}, None, None
130.03, [INFO], robot4, {'battery-level': '45.28'}, None, None
140.01, [INFO], robot4, {'battery-level': '45.02'}, None, None
140.01, [INFO], robot4, {'y': 15.492, 'x': -34.713, 'yaw': -3.142}, None, None
150.08, [INFO], robot4, {'battery-level': '44.76'}, None, None
150.08, [INFO], robot4, {'y': 15.537, 'x': -32.573, 'yaw': -3.142}, None, None
160.08, [INFO], robot4, {'y': 15.635, 'x': -30.461, 'yaw': -3.141}, None, None
160.08, [INFO], robot4, {'battery-level': '44.50'}, None, None
170.06, [INFO], robot4, {'battery-level': '44.24'}, None, None
170.06, [INFO], robot4, {'y': 15.793, 'x': -28.351, 'yaw': -3.142}, None, None
180.08, [INFO], robot4, {'y': 15.784, 'x': -26.232, 'yaw': -3.141}, None, None
180.08, [INFO], robot4, {'battery-level': '43.98'}, None, None
190.08, [INFO], robot4, {'y': 13.784, 'x': -25.767, 'yaw': -3.142}, None, None
190.08, [INFO], robot4, {'battery-level': '43.72'}, None, None
200.08, [INFO], robot4, {'y': 12.878, 'x': -25.966, 'yaw': -3.142}, None, None
200.08, [INFO], robot4, {'battery-level': '43.46'}, None, None
202.06, [info], lab_arm, sync, wait-message, (status=message-received)
203.00, [WARN], robot4, SUCCESS, None, None
210.04, [INFO], robot4, {'y': 12.876, 'x': -25.965, 'yaw': -3.142}, None, None
210.04, [INFO], robot4, {'battery-level': '43.20'}, None, None
