0.00, [DEBUG], nurse, NURSE_CONFIG={'location': 'IC Room 6', 'position': [-33.9, 18.93, 3.14]}, None, None
0.12, [DEBUG], logger, ROBOTS_CONFIG={'avg_speed': 0.15, 'battery_charge': 0.7232396784987936, 'battery_discharge_rate': 0.0004, 'id': 3, 'local_plan': [['navigation', ['IC Room 6', [[-38.0, 21.5, 0.0], [-37.0, 21.5], [-37.0, 18.93], [-33.9, 18.93, 3.14]]], 'navto_room'], ['approach_person', ['nurse'], 'approach_nurse'], ['authenticate_person', ['nurse'], 'authenticate_nurse'], ['operate_drawer', ['open'], 'open_drawer_for_nurse'], ['send_message', ['nurse'], 'notify_nurse_of_open_drawer_for_nurse_completed'], ['wait_message', ['nurse'], 'wait_nurse_to_complete_deposit'], ['operate_drawer', ['close'], 'close_drawer_nurse'], ['navigation', ['Laboratory', [[-33.9, 18.93, 3.14], [-37.0, 18.93], [-37.0, 16.0], [-26.0, 16.0], [-26.0, 13.0, 1.57]]], 'navto_lab'], ['approach_robot', ['lab_arm'], 'approach_arm'], ['operate_drawer', ['open'], 'open_drawer_lab'], ['send_message', ['lab_arm'], 'notify_lab_arm_of_open_drawer_lab_completed'], ['wait_message', ['lab_arm'], 'wait_lab_arm_to_complete_pick_up_sample'], ['operate_drawer', ['close'], 'close_drawer_lab']], 'location': 'IC Room 2', 'name': 'r3', 'position': [-38.0, 21.5, 0.0], 'skills': ['approach_person', 'approach_robot', 'authenticate_person', 'navigation', 'operate_drawer']}, None, None
0.12, [DEBUG], logger, Simulation open, None, None
10.01, [INFO], robot3, {'battery-level': '71.96'}, None, None
10.01, [INFO], robot3, {'y': 21.533, 'x': -38.005, 'yaw': -3.141}, None, None
20.05, [INFO], robot3, {'battery-level': '71.56'}, None, None
20.05, [INFO], robot3, {'y': 20.222, 'x': -37.236, 'yaw': -3.141}, None, None
30.08, [INFO], robot3, {'battery-level': '71.16'}, None, None
30.08, [INFO], robot3, {'y': 18.358, 'x': -36.356, 'yaw': 3.142}, None, None
40.03, [INFO], robot3, {'y': 18.083, 'x': -34.517, 'yaw': 3.141}, None, None
40.03, [INFO], robot3, {'battery-level': '70.76'}, None, None
50.06, [INFO], robot3, {'battery-level': '70.36'}, None, None
50.06, [INFO], robot3, {'y': 18.937, 'x': -33.946, 'yaw': -3.142}, None, None
52.38, [info], nurse, sync, received-request, (status=sending-request)
52.38, [info], nurse, sync, request-sent, (status=waiting)
52.38, [info], nurse, sync, wait-message, (status=message-received)
60.06, [INFO], robot3, {'y': 17.898, 'x': -34.713, 'yaw': 3.141}, None, None
60.06, [INFO], robot3, {'battery-level': '69.96'}, None, None
70.01, [INFO], robot3, {'battery-level': '69.56'}, None, None
70.01, [INFO], robot3, {'y': 18.024, 'x': -36.247, 'yaw': -3.142}, None, None
80.03, [INFO], robot3, {'battery-level': '69.16'}, None, None
80.03, [INFO], robot3, {'y': 17.531, 'x': -36.82, 'yaw': 3.141}, None, None
90.02, [INFO], robot3, {'y': 17.266, 'x': -37.133, 'yaw': 3.14}, None, None
90.02, [INFO], robot3, {'battery-level': '68.76'}, None, None
100.06, [INFO], robot3, {'y': 17.421, 'x': -36.91, 'yaw': 3.141}, None, None
100.06, [INFO], robot3, {'battery-level': '68.36'}, None, None
110.05, [INFO], robot3, {'battery-level': '67.96'}, None, None
110.05, [INFO], robot3, {'y': 17.271, 'x': -36.797, 'yaw': 3.142}, None, None
120.01, [INFO], robot3, {'y': 17.425, 'x': -36.998, 'yaw': -3.141}, None, None
120.01, [INFO], robot3, {'battery-level': '67.56'}, None, None
130.08, [INFO], robot3, {'battery-level': '67.16'}, None, None
130.08, [INFO], robot3, {'y': 17.211, 'x': -36.984, 'yaw': -3.14}, None, None
140.01, [INFO], robot3, {'battery-level': '66.76'}, None, None
140.01, [INFO], robot3, {'y': 17.314, 'x': -36.885, 'yaw': 3.14}, None, None
150.01, [INFO], robot3, {'y': 17.417, 'x': -36.907, 'yaw': 3.141}, None, None
150.01, [INFO], robot3, {'battery-level': '66.36'}, None, None
160.03, [INFO], robot3, {'battery-level': '65.96'}, None, None
160.03, [INFO], robot3, {'y': 17.204, 'x': -37.129, 'yaw': -3.142}, None, None
170.02, [INFO], robot3, {'battery-level': '65.56'}, None, None
170.02, [INFO], robot3, {'y': 17.328, 'x': -36.962, 'yaw': -3.141}, None, None
180.06, [INFO], robot3, {'y': 17.308, 'x': -36.983, 'yaw': -3.142}, None, None
180.06, [INFO], robot3, {'battery-level': '65.16'}, None, None
190.08, [INFO], robot3, {'y': 17.321, 'x': -36.853, 'yaw': -3.142}, None, None
190.08, [INFO], robot3, {'battery-level': '64.76'}, None, None
200.05, [INFO], robot3, {'y': 17.235, 'x': -37.056, 'yaw': -3.142}, None, None
200.05, [INFO], robot3, {'battery-level': '64.36'}, None, None
210.07, [INFO], robot3, {'y': 17.135, 'x': -37.093, 'yaw': 3.142}, None, None
210.07, [INFO], robot3, {'battery-level': '63.96'}, None, None
220.02, [INFO], robot3, {'battery-level': '63.56'}, None, None
220.02, [INFO], robot3, {'y': 17.195, 'x': -37.044, 'yaw': 3.141}, None, None
230.01, [INFO], robot3, {'battery-level': '63.16'}, None, None
230.01, [INFO], robot3, {'y': 17.295, 'x': -36.805, 'yaw': 3.142}, None, None
240.02, [INFO], robot3, {'y': 17.228, 'x': -36.791, 'yaw': -3.142}, None, None
240.02, [INFO], robot3, {'battery-level': '62.76'}, None, None
249.07, [WARN], robot3, SKILL-FAILURE, navigation, navto_lab
250.07, [INFO], robot3, {'battery-level': '62.36'}, None, None
250.07, [INFO], robot3, {'y': 17.27, 'x': -36.982, 'yaw': 3.142}, None, None
