0.15, [DEBUG], logger, ROBOTS_CONFIG={'avg_speed': 0.15, 'battery_charge': 0.7232396784987936, 'battery_discharge_rate': 0.0004, 'id': 3, 'local_plan': [['navigation', ['IC Room 6', [[-38.0, 21.5, 0.0], [-37.0, 21.5], [-37.0, 18.93], [-33.9, 18.93, 3.14]]], 'navto_room'], ['approach_person', ['nurse'], 'approach_nurse'], ['authenticate_person', ['nurse'], 'authenticate_nurse'], ['operate_drawer', ['open'], 'open_drawer_for_nurse'], ['send_message', ['nurse'], 'notify_nurse_of_open_drawer_for_nurse_completed'], ['wait_message', ['nurse'], 'wait_nurse_to_complete_deposit'], ['operate_drawer', ['close'], 'close_drawer_nurse'], ['navigation', ['Laboratory', [[-33.9, 18.93, 3.14], [-37.0, 18.93], [-37.0, 16.0], [-26.0, 16.0], [-26.0, 13.0, 1.57]]], 'navto_lab'], ['approach_robot', ['lab_arm'], 'approach_arm'], ['operate_drawer', ['open'], 'open_drawer_lab'], ['send_message', ['lab_arm'], 'notify_lab_arm_of_open_drawer_lab_completed'], ['wait_message', ['lab_arm'], 'wait_lab_arm_to_complete_pick_up_sample'], ['operate_drawer', ['close'], 'close_drawer_lab']], 'location': 'IC Room 2', 'name': 'r3', 'position': [-38.0, 21.5, 0.0], 'skills': ['approach_person', 'approach_robot', 'authenticate_person', 'navigation', 'operate_drawer']}, None, None
0.15, [DEBUG], logger, Simulation open, None, None
10.06, [INFO], robot3, {'battery-level': '71.96'}, None, None
10.06, [INFO], robot3, {'y': 21.412, 'x': -37.22, 'yaw': -3.142}, None, None
20.07, [INFO], robot3, {'y': 19.304, 'x': -37.067, 'yaw': 3.136}, None, None
20.07, [INFO], robot3, {'battery-level': '71.56'}, None, None
30.06, [INFO], robot3, {'y': 17.767, 'x': -35.605, 'yaw': 3.142}, None, None
30.06, [INFO], robot3, {'battery-level': '71.16'}, None, None
40.02, [INFO], robot3, {'y': 18.798, 'x': -34.034, 'yaw': 3.142}, None, None
40.02, [INFO], robot3, {'battery-level': '70.76'}, None, None
49.65, [info], nurse, sync, received-request, (status=sending-request)
49.65, [info], nurse, sync, request-sent, (status=waiting)
49.65, [info], nurse, sync, wait-message, (status=message-received)
50.00, [INFO], robot3, {'y': 18.947, 'x': -33.908, 'yaw': 3.141}, None, None
50.00, [INFO], robot3, {'battery-level': '70.36'}, None, None
60.04, [INFO], robot3, {'battery-level': '69.96'}, None, None
60.04, [INFO], robot3, {'y': 17.713, 'x': -35.215, 'yaw': 3.142}, None, None
70.07, [INFO], robot3, {'battery-level': '69.56'}, None, None
70.07, [INFO], robot3, {'y': 17.646, 'x': -37.013, 'yaw': -3.142}, None, None
80.05, [INFO], robot3, {'y': 17.27, 'x': -36.851, 'yaw': -3.142}, None, None
80.05, [INFO], robot3, {'battery-level': '69.16'}, None, None
90.00, [INFO], robot3, {'battery-level': '68.76'}, None, None
90.00, [INFO], robot3, {'y': 17.394, 'x': -37.034, 'yaw': -3.142}, None, None
100.00, [INFO], robot3, {'battery-level': '68.36'}, None, None
100.00, [INFO], robot3, {'y': 17.401, 'x': -36.949, 'yaw': -3.141}, None, None
110.07, [INFO], robot3, {'battery-level': '67.96'}, None, None
110.07, [INFO], robot3, {'y': 17.23, 'x': -36.923, 'yaw': -3.141}, None, None
120.05, [INFO], robot3, {'y': 17.253, 'x': -36.833, 'yaw': 3.142}, None, None
120.05, [INFO], robot3, {'battery-level': '67.56'}, None, None
130.05, [INFO], robot3, {'y': 17.385, 'x': -37.032, 'yaw': -3.141}, None, None
130.05, [INFO], robot3, {'battery-level': '67.16'}, None, None
140.01, [INFO], robot3, {'y': 17.108, 'x': -37.123, 'yaw': 3.142}, None, None
140.01, [INFO], robot3, {'battery-level': '66.76'}, None, None
150.02, [INFO], robot3, {'battery-level': '66.36'}, None, None
150.02, [INFO], robot3, {'y': 17.416, 'x': -36.922, 'yaw': -3.141}, None, None
160.04, [INFO], robot3, {'battery-level': '65.96'}, None, None
160.04, [INFO], robot3, {'y': 17.188, 'x': -36.909, 'yaw': -3.141}, None, None
170.06, [INFO], robot3, {'battery-level': '65.56'}, None, None
170.06, [INFO], robot3, {'y': 17.378, 'x': -36.914, 'yaw': 3.142}, None, None
180.08, [INFO], robot3, {'battery-level': '65.16'}, None, None
180.08, [INFO], robot3, {'y': 17.332, 'x': -36.857, 'yaw': 3.141}, None, None
190.05, [INFO], robot3, {'battery-level': '64.76'}, None, None
190.05, [INFO], robot3, {'y': 17.248, 'x': -37.079, 'yaw': 3.141}, None, None
200.07, [INFO], robot3, {'y': 17.181, 'x': -36.939, 'yaw': 3.141}, None, None
200.07, [INFO], robot3, {'battery-level': '64.36'}, None, None
210.06, [INFO], robot3, {'battery-level': '63.96'}, None, None
210.06, [INFO], robot3, {'y': 17.414, 'x': -36.889, 'yaw': 3.142}, None, None
220.07, [INFO], robot3, {'battery-level': '63.56'}, None, None
220.07, [INFO], robot3, {'y': 17.184, 'x': -36.953, 'yaw': -3.141}, None, None
230.06, [INFO], robot3, {'y': 17.207, 'x': -36.842, 'yaw': -3.141}, None, None
230.06, [INFO], robot3, {'battery-level': '63.16'}, None, None
238.19, [WARN], robot3, SKILL-FAILURE, navigation, navto_lab
240.08, [INFO], robot3, {'battery-level': '62.76'}, None, None
240.08, [INFO], robot3, {'y': 17.274, 'x': -36.962, 'yaw': -3.142}, None, None
