0.00, [DEBUG], nurse, NURSE_CONFIG={'location': 'IC Room 2', 'position': [-38.0, 21.5, 0.0]}, None, None
0.19, [DEBUG], logger, ROBOTS_CONFIG={'avg_speed': 0.15, 'battery_charge': 0.3020349930380309, 'battery_discharge_rate': 0.00068, 'id': 1, 'local_plan': [['navigation', ['IC Room 2', [[-27.23, 18.0, -1.57], [-27.23, 16.0], [-37.0, 16.0], [-37.0, 21.5], [-38.0, 21.5, 0.0]]], 'navto_room'], ['approach_person', ['nurse'], 'approach_nurse'], ['authenticate_person', ['nurse'], 'authenticate_nurse'], ['operate_drawer', ['open'], 'open_drawer_for_nurse'], ['send_message', ['nurse'], 'notify_nurse_of_open_drawer_for_nurse_completed'], ['wait_message', ['nurse'], 'wait_nurse_to_complete_deposit'], ['operate_drawer', ['close'], 'close_drawer_nurse'], ['navigation', ['Laboratory', [[-38.0, 21.5, 0.0], [-37.0, 21.5], [-37.0, 16.0], [-26.0, 16.0], [-26.0, 13.0, 1.57]]], 'navto_lab'], ['approach_robot', ['lab_arm'], 'approach_arm'], ['operate_drawer', ['open'], 'open_drawer_lab'], ['send_message', ['lab_arm'], 'notify_lab_arm_of_open_drawer_lab_completed'], ['wait_message', ['lab_arm'], 'wait_lab_arm_to_complete_pick_up_sample'], ['operate_drawer', ['close'], 'close_drawer_lab']], 'location': 'PC Room 4', 'name': 'r1', 'position': [-27.23, 18.0, -1.57], 'skills': ['approach_person', 'approach_robot', 'authenticate_person', 'navigation']}, None, None
0.19, [DEBUG], logger, Simulation open, None, None
10.07, [INFO], robot1, {'battery-level': '29.59'}, None, None
10.07, [INFO], robot1, {'y': 18.0, 'x': -27.23, 'yaw': -3.142}, None, None
20.03, [INFO], robot1, {'y': 17.408, 'x': -26.911, 'yaw': 3.142}, None, None
20.03, [INFO], robot1, {'battery-level': '28.91'}, None, None
30.07, [INFO], robot1, {'y': 16.256, 'x': -28.147, 'yaw': 3.141}, None, None
30.07, [INFO], robot1, {'battery-level': '28.23'}, None, None
40.03, [INFO], robot1, {'battery-level': '27.55'}, None, None
40.03, [INFO], robot1, {'y': 16.212, 'x': -30.263, 'yaw': 3.142}, None, None
50.04, [INFO], robot1, {'battery-level': '26.87'}, None, None
50.04, [INFO], robot1, {'y': 15.93, 'x': -32.379, 'yaw': 3.142}, None, None
60.00, [INFO], robot1, {'battery-level': '26.19'}, None, None
60.00, [INFO], robot1, {'y': 15.374, 'x': -34.446, 'yaw': 3.142}, None, None
70.05, [INFO], robot1, {'y': 15.723, 'x': -36.544, 'yaw': -3.141}, None, None
70.05, [INFO], robot1, {'battery-level': '25.51'}, None, None
80.01, [INFO], robot1, {'y': 17.706, 'x': -36.694, 'yaw': -3.142}, None, None
80.01, [INFO], robot1, {'battery-level': '24.83'}, None, None
90.02, [INFO], robot1, {'y': 19.821, 'x': -36.829, 'yaw': 3.142}, None, None
90.02, [INFO], robot1, {'battery-level': '24.15'}, None, None
100.07, [INFO], robot1, {'battery-level': '23.47'}, None, None
100.07, [INFO], robot1, {'y': 21.578, 'x': -37.638, 'yaw': 3.141}, None, None
110.04, [INFO], robot1, {'y': 21.44, 'x': -38.086, 'yaw': 3.141}, None, None
110.04, [INFO], robot1, {'battery-level': '22.79'}, None, None
120.01, [INFO], robot1, {'battery-level': '22.11'}, None, None
120.01, [INFO], robot1, {'y': 21.431, 'x': -38.165, 'yaw': -3.142}, None, None
121.05, [info], nurse, sync, received-request, (status=sending-request)
121.05, [info], nurse, sync, request-sent, (status=waiting)
121.05, [WARN], robot1, NO-SKILL, operate_drawer, open_drawer_for_nurse
