0.12, [DEBUG], logger, ROBOTS_CONFIG={'avg_speed': 0.15, 'battery_charge': 0.7232396784987936, 'battery_discharge_rate': 0.0004, 'id': 3, 'local_plan': [['navigation', ['IC Room 6', [[-38.0, 21.5, 0.0], [-37.0, 21.5], [-37.0, 18.93], [-33.9, 18.93, 3.14]]], 'navto_room'], ['approach_person', ['nurse'], 'approach_nurse'], ['authenticate_person', ['nurse'], 'authenticate_nurse'], ['operate_drawer', ['open'], 'open_drawer_for_nurse'], ['send_message', ['nurse'], 'notify_nurse_of_open_drawer_for_nurse_completed'], ['wait_message', ['nurse'], 'wait_nurse_to_complete_deposit'], ['operate_drawer', ['close'], 'close_drawer_nurse'], ['navigation', ['Laboratory', [[-33.9, 18.93, 3.14], [-37.0, 18.93], [-37.0, 16.0], [-26.0, 16.0], [-26.0, 13.0, 1.57]]], 'navto_lab'], ['approach_robot', ['lab_arm'], 'approach_arm'], ['operate_drawer', ['open'], 'open_drawer_lab'], ['send_message', ['lab_arm'], 'notify_lab_arm_of_open_drawer_lab_completed'], ['wait_message', ['lab_arm'], 'wait_lab_arm_to_complete_pick_up_sample'], ['operate_drawer', ['close'], 'close_drawer_lab']], 'location': 'IC Room 2', 'name': 'r3', 'position': [-38.0, 21.5, 0.0], 'skills': ['approach_person', 'approach_robot', 'authenticate_person', 'navigation', 'operate_drawer']}, None, None
0.12, [DEBUG], logger, Simulation open, None, None
10.00, [INFO], robot3, {'battery-level': '71.96'}, None, None
10.00, [INFO], robot3, {'y': 21.501, 'x': -37.969, 'yaw': 3.141}, None, None
20.04, [INFO], robot3, {'battery-level': '71.56'}, None, None
20.04, [INFO], robot3, {'y': 20.064, 'x': -37.1, 'yaw': -3.142}, None, None
30.02, [INFO], robot3, {'battery-level': '71.16'}, None, None
30.02, [INFO], robot3, {'y': 18.194, 'x': -36.22, 'yaw': -3.142}, None, None
40.04, [INFO], robot3, {'battery-level': '70.76'}, None, None
40.04, [INFO], robot3, {'y': 18.138, 'x': -34.409, 'yaw': 3.142}, None, None
50.04, [INFO], robot3, {'battery-level': '70.36'}, None, None
50.04, [INFO], robot3, {'y': 18.941, 'x': -33.904, 'yaw': -3.142}, None, None
51.71, [info], nurse, sync, received-request, (status=sending-request)
51.71, [info], nurse, sync, request-sent, (status=waiting)
51.71, [info], nurse, sync, wait-message, (status=message-received)
60.04, [INFO], robot3, {'y': 17.89, 'x': -34.918, 'yaw': -3.142}, None, None
60.04, [INFO], robot3, {'battery-level': '69.96'}, None, None
70.08, [INFO], robot3, {'y': 17.909, 'x': -36.051, 'yaw': -3.142}, None, None
70.08, [INFO], robot3, {'battery-level': '69.56'}, None, None
80.09, [INFO], robot3, {'y': 17.299, 'x': -37.03, 'yaw': -3.142}, None, None
80.09, [INFO], robot3, {'battery-level': '69.16'}, None, None
90.03, [INFO], robot3, {'y': 17.441, 'x': -37.048, 'yaw': -3.141}, None, None
90.03, [INFO], robot3, {'battery-level': '68.76'}, None, None
100.02, [INFO], robot3, {'battery-level': '68.36'}, None, None
100.02, [INFO], robot3, {'y': 17.378, 'x': -36.952, 'yaw': -3.142}, None, None
110.00, [INFO], robot3, {'battery-level': '67.96'}, None, None
110.00, [INFO], robot3, {'y': 17.411, 'x': -37.05, 'yaw': 3.141}, None, None
120.05, [INFO], robot3, {'y': 17.425, 'x': -36.913, 'yaw': 3.141}, None, None
120.05, [INFO], robot3, {'battery-level': '67.56'}, None, None
130.06, [INFO], robot3, {'battery-level': '67.16'}, None, None
130.06, [INFO], robot3, {'y': 17.473, 'x': -36.878, 'yaw': 3.142}, None, None
140.02, [INFO], robot3, {'y': 17.316, 'x': -36.818, 'yaw': 3.142}, None, None
140.02, [INFO], robot3, {'battery-level': '66.76'}, None, None
150.04, [INFO], robot3, {'battery-level': '66.36'}, None, None
150.04, [INFO], robot3, {'y': 17.42, 'x': -36.709, 'yaw': -3.142}, None, None
160.00, [INFO], robot3, {'y': 17.393, 'x': -37.028, 'yaw': -3.142}, None, None
160.00, [INFO], robot3, {'battery-level': '65.96'}, None, None
170.01, [INFO], robot3, {'y': 17.284, 'x': -36.788, 'yaw': 3.142}, None, None
170.01, [INFO], robot3, {'battery-level': '65.56'}, None, None
180.08, [INFO], robot3, {'y': 17.397, 'x': -37.003, 'yaw': 3.141}, None, None
180.08, [INFO], robot3, {'battery-level': '65.16'}, None, None
190.07, [INFO], robot3, {'battery-level': '64.76'}, None, None
190.07, [INFO], robot3, {'y': 17.186, 'x': -36.803, 'yaw': -3.141}, None, None
200.05, [INFO], robot3, {'battery-level': '64.36'}, None, None
200.05, [INFO], robot3, {'y': 17.262, 'x': -36.731, 'yaw': -3.141}, None, None
210.03, [INFO], robot3, {'y': 17.382, 'x': -36.89, 'yaw': 3.141}, None, None
210.03, [INFO], robot3, {'battery-level': '63.96'}, None, None
220.02, [INFO], robot3, {'y': 17.466, 'x': -36.885, 'yaw': 3.142}, None, None
220.02, [INFO], robot3, {'battery-level': '63.56'}, None, None
230.04, [INFO], robot3, {'battery-level': '63.16'}, None, None
230.04, [INFO], robot3, {'y': 17.268, 'x': -36.786, 'yaw': -3.141}, None, None
240.03, [INFO], robot3, {'y': 17.29, 'x': -37.031, 'yaw': -3.142}, None, None
240.03, [INFO], robot3, {'battery-level': '62.76'}, None, None
242.57, [WARN], robot3, SKILL-FAILURE, navigation, navto_lab
