0.00, [DEBUG], nurse, NURSE_CONFIG={'location': 'IC Room 6', 'position': [-33.9, 18.93, 3.14]}, None, None
0.13, [DEBUG], logger, ROBOTS_CONFIG={'avg_speed': 0.15, 'battery_charge': 0.5408465660492595, 'battery_discharge_rate': 0.00072, 'id': 6, 'local_plan': [['navigation', ['IC Room 6', [[-32.88, 33.98, 3.14], [-37.0, 33.98], [-37.0, 18.93], [-33.9, 18.93, 3.14]]], 'navto_room'], ['approach_person', ['nurse'], 'approach_nurse'], ['authenticate_person', ['nurse'], 'authenticate_nurse'], ['operate_drawer', ['open'], 'open_drawer_for_nurse'], ['send_message', ['nurse'], 'notify_nurse_of_open_drawer_for_nurse_completed'], ['wait_message', ['nurse'], 'wait_nurse_to_complete_deposit'], ['operate_drawer', ['close'], 'close_drawer_nurse'], ['navigation', ['Laboratory', [[-33.9, 18.93, 3.14], [-37.0, 18.93], [-37.0, 16.0], [-26.0, 16.0], [-26.0, 13.0, 1.57]]], 'navto_lab'], ['approach_robot', ['lab_arm'], 'approach_arm'], ['operate_drawer', ['open'], 'open_drawer_lab'], ['send_message', ['lab_arm'], 'notify_lab_arm_of_open_drawer_lab_completed'], ['wait_message', ['lab_arm'], 'wait_lab_arm_to_complete_pick_up_sample'], ['operate_drawer', ['close'], 'close_drawer_lab']], 'location': 'IC Room 5', 'name': 'r6', 'position': [-32.88, 33.98, 3.14], 'skills': ['approach_person', 'approach_robot', 'authenticate_person', 'navigation', 'operate_drawer']}, None, None
0.13, [DEBUG], logger, Simulation open, None, None
10.05, [INFO], robot6, {'battery-level': '53.44'}, None, None
10.05, [INFO], robot6, {'y': 34.209, 'x': -33.462, 'yaw': 3.142}, None, None
20.04, [INFO], robot6, {'battery-level': '52.72'}, None, None
20.04, [INFO], robot6, {'y': 34.664, 'x': -35.527, 'yaw': 3.141}, None, None
30.04, [INFO], robot6, {'battery-level': '52.00'}, None, None
30.04, [INFO], robot6, {'y': 33.398, 'x': -36.989, 'yaw': 3.142}, None, None
40.08, [INFO], robot6, {'y': 31.279, 'x': -36.947, 'yaw': 3.14}, None, None
40.08, [INFO], robot6, {'battery-level': '51.28'}, None, None
50.02, [INFO], robot6, {'battery-level': '50.56'}, None, None
50.02, [INFO], robot6, {'y': 29.183, 'x': -36.972, 'yaw': 3.14}, None, None
60.01, [INFO], robot6, {'battery-level': '49.84'}, None, None
60.01, [INFO], robot6, {'y': 27.065, 'x': -36.997, 'yaw': 3.141}, None, None
70.08, [INFO], robot6, {'battery-level': '49.12'}, None, None
70.08, [INFO], robot6, {'y': 24.933, 'x': -37.037, 'yaw': -3.142}, None, None
80.00, [INFO], robot6, {'battery-level': '48.40'}, None, None
80.00, [INFO], robot6, {'y': 22.834, 'x': -37.074, 'yaw': -3.142}, None, None
90.03, [INFO], robot6, {'battery-level': '47.68'}, None, None
90.03, [INFO], robot6, {'y': 20.72, 'x': -37.159, 'yaw': 3.142}, None, None
100.04, [INFO], robot6, {'battery-level': '46.96'}, None, None
100.04, [INFO], robot6, {'y': 18.679, 'x': -36.748, 'yaw': 3.141}, None, None
110.03, [INFO], robot6, {'battery-level': '46.24'}, None, None
110.03, [INFO], robot6, {'y': 17.752, 'x': -34.904, 'yaw': -3.142}, None, None
120.07, [INFO], robot6, {'y': 18.934, 'x': -33.955, 'yaw': 3.142}, None, None
120.07, [INFO], robot6, {'battery-level': '45.52'}, None, None
124.80, [info], nurse, sync, received-request, (status=sending-request)
124.80, [info], nurse, sync, request-sent, (status=waiting)
124.80, [info], nurse, sync, wait-message, (status=message-received)
130.07, [INFO], robot6, {'battery-level': '44.80'}, None, None
130.07, [INFO], robot6, {'y': 18.352, 'x': -34.47, 'yaw': 3.141}, None, None
140.01, [INFO], robot6, {'battery-level': '44.08'}, None, None
140.01, [INFO], robot6, {'y': 17.937, 'x': -36.074, 'yaw': 3.141}, None, None
150.08, [INFO], robot6, {'battery-level': '43.36'}, None, None
150.08, [INFO], robot6, {'y': 17.347, 'x': -37.015, 'yaw': -3.142}, None, None
160.02, [INFO], robot6, {'y': 17.332, 'x': -36.866, 'yaw': -3.141}, None, None
160.02, [INFO], robot6, {'battery-level': '42.64'}, None, None
170.04, [INFO], robot6, {'battery-level': '41.92'}, None, None
170.04, [INFO], robot6, {'y': 17.282, 'x': -36.81, 'yaw': 3.141}, None, None
180.01, [INFO], robot6, {'y': 17.234, 'x': -36.98, 'yaw': -3.141}, None, None
180.01, [INFO], robot6, {'battery-level': '41.20'}, None, None
190.02, [INFO], robot6, {'y': 17.229, 'x': -36.839, 'yaw': -3.142}, None, None
190.02, [INFO], robot6, {'battery-level': '40.48'}, None, None
200.03, [INFO], robot6, {'battery-level': '39.76'}, None, None
200.03, [INFO], robot6, {'y': 17.257, 'x': -36.813, 'yaw': -3.142}, None, None
210.04, [INFO], robot6, {'battery-level': '39.04'}, None, None
210.04, [INFO], robot6, {'y': 17.329, 'x': -36.912, 'yaw': -3.142}, None, None
220.03, [INFO], robot6, {'battery-level': '38.32'}, None, None
220.03, [INFO], robot6, {'y': 17.293, 'x': -36.824, 'yaw': -3.142}, None, None
230.05, [INFO], robot6, {'battery-level': '37.60'}, None, None
230.05, [INFO], robot6, {'y': 17.408, 'x': -36.828, 'yaw': -3.141}, None, None
240.06, [INFO], robot6, {'battery-level': '36.88'}, None, None
240.06, [INFO], robot6, {'y': 17.312, 'x': -36.698, 'yaw': -3.141}, None, None
250.04, [INFO], robot6, {'y': 17.404, 'x': -36.849, 'yaw': -3.142}, None, None
250.04, [INFO], robot6, {'battery-level': '36.16'}, None, None
260.05, [INFO], robot6, {'y': 17.404, 'x': -36.849, 'yaw': 3.142}, None, None
260.05, [INFO], robot6, {'battery-level': '35.44'}, None, None
269.97, [INFO], robot6, {'y': 17.267, 'x': -37.081, 'yaw': -3.141}, None, None
269.97, [INFO], robot6, {'battery-level': '34.72'}, None, None
280.06, [INFO], robot6, {'battery-level': '34.00'}, None, None
280.06, [INFO], robot6, {'y': 17.352, 'x': -36.929, 'yaw': 3.142}, None, None
290.04, [INFO], robot6, {'battery-level': '33.28'}, None, None
290.04, [INFO], robot6, {'y': 17.268, 'x': -36.892, 'yaw': 3.142}, None, None
300.08, [INFO], robot6, {'battery-level': '32.56'}, None, None
300.08, [INFO], robot6, {'y': 17.3, 'x': -37.018, 'yaw': -3.141}, None, None
310.00, [INFO], robot6, {'battery-level': '31.84'}, None, None
310.00, [INFO], robot6, {'y': 17.378, 'x': -36.826, 'yaw': 3.141}, None, None
312.78, [WARN], robot6, SKILL-FAILURE, navigation, navto_lab
