0.00, [INFO], robot3, {'battery-level': '72.32'}, None, None
0.00, [DEBUG], nurse, NURSE_CONFIG={'location': 'IC Room 2', 'position': [-38.0, 21.5, 0.0]}, None, None
0.18, [DEBUG], logger, ROBOTS_CONFIG={'avg_speed': 0.15, 'battery_charge': 0.7232396784987936, 'battery_discharge_rate': 0.0004, 'id': 3, 'local_plan': [['navigation', ['IC Room 2', [[-13.5, 18.0, -1.57], [-13.5, 16.0], [-37.0, 16.0], [-37.0, 21.5], [-38.0, 21.5, 0.0]]], 'navto_room'], ['approach_person', ['nurse'], 'approach_nurse'], ['authenticate_person', ['nurse'], 'authenticate_nurse'], ['operate_drawer', ['open'], 'open_drawer_for_nurse'], ['send_message', ['nurse'], 'notify_nurse_of_open_drawer_for_nurse_completed'], ['wait_message', ['nurse'], 'wait_nurse_to_complete_deposit'], ['operate_drawer', ['close'], 'close_drawer_nurse'], ['navigation', ['Laboratory', [[-38.0, 21.5, 0.0], [-37.0, 21.5], [-37.0, 16.0], [-26.0, 16.0], [-26.0, 13.0, 1.57]]], 'navto_lab'], ['approach_robot', ['lab_arm'], 'approach_arm'], ['operate_drawer', ['open'], 'open_drawer_lab'], ['send_message', ['lab_arm'], 'notify_lab_arm_of_open_drawer_lab_completed'], ['wait_message', ['lab_arm'], 'wait_lab_arm_to_complete_pick_up_sample'], ['operate_drawer', ['close'], 'close_drawer_lab']], 'location': 'PC Room 7', 'name': 'r3', 'position': [-13.5, 18.0, -1.57], 'skills': ['approach_person', 'approach_robot', 'authenticate_person', 'navigation', 'operate_drawer']}, None, None
0.18, [DEBUG], logger, Simulation open, None, None
10.03, [INFO], robot3, {'battery-level': '71.96'}, None, None
10.03, [INFO], robot3, {'y': 17.479, 'x': -13.502, 'yaw': 3.142}, None, None
20.05, [INFO], robot3, {'battery-level': '71.56'}, None, None
20.05, [INFO], robot3, {'y': 16.129, 'x': -14.387, 'yaw': 3.142}, None, None
30.08, [INFO], robot3, {'battery-level': '71.16'}, None, None
30.08, [INFO], robot3, {'y': 16.01, 'x': -16.508, 'yaw': 3.14}, None, None
40.04, [INFO], robot3, {'y': 16.078, 'x': -18.611, 'yaw': 3.141}, None, None
40.04, [INFO], robot3, {'battery-level': '70.76'}, None, None
50.05, [INFO], robot3, {'y': 16.171, 'x': -20.729, 'yaw': 3.141}, None, None
50.05, [INFO], robot3, {'battery-level': '70.36'}, None, None
60.02, [INFO], robot3, {'battery-level': '69.96'}, None, None
60.02, [INFO], robot3, {'y': 16.143, 'x': -22.83, 'yaw': 3.137}, None, None
70.03, [INFO], robot3, {'battery-level': '69.56'}, None, None
70.03, [INFO], robot3, {'y': 16.088, 'x': -24.937, 'yaw': 3.141}, None, None
80.04, [INFO], robot3, {'battery-level': '69.16'}, None, None
80.04, [INFO], robot3, {'y': 16.105, 'x': -27.042, 'yaw': 3.141}, None, None
90.05, [INFO], robot3, {'battery-level': '68.76'}, None, None
90.05, [INFO], robot3, {'y': 16.183, 'x': -29.156, 'yaw': 3.142}, None, None
100.01, [INFO], robot3, {'y': 16.033, 'x': -31.261, 'yaw': 3.141}, None, None
100.01, [INFO], robot3, {'battery-level': '68.36'}, None, None
110.06, [INFO], robot3, {'y': 15.742, 'x': -33.381, 'yaw': 3.141}, None, None
110.06, [INFO], robot3, {'battery-level': '67.96'}, None, None
120.07, [INFO], robot3, {'battery-level': '67.56'}, None, None
120.07, [INFO], robot3, {'y': 15.514, 'x': -35.483, 'yaw': -3.141}, None, None
130.03, [INFO], robot3, {'battery-level': '67.16'}, None, None
130.03, [INFO], robot3, {'y': 16.732, 'x': -36.628, 'yaw': -3.141}, None, None
140.01, [INFO], robot3, {'battery-level': '66.76'}, None, None
140.01, [INFO], robot3, {'y': 18.844, 'x': -36.731, 'yaw': 3.141}, None, None
150.06, [INFO], robot3, {'battery-level': '66.36'}, None, None
150.06, [INFO], robot3, {'y': 20.965, 'x': -36.944, 'yaw': 3.141}, None, None
160.04, [INFO], robot3, {'y': 21.505, 'x': -38.097, 'yaw': -3.142}, None, None
160.04, [INFO], robot3, {'battery-level': '65.96'}, None, None
170.09, [INFO], robot3, {'y': 21.41, 'x': -38.117, 'yaw': 3.142}, None, None
170.09, [INFO], robot3, {'battery-level': '65.56'}, None, None
170.71, [info], nurse, sync, received-request, (status=sending-request)
170.71, [info], nurse, sync, request-sent, (status=waiting)
170.71, [info], nurse, sync, wait-message, (status=message-received)
180.04, [INFO], robot3, {'battery-level': '65.16'}, None, None
180.04, [INFO], robot3, {'y': 20.341, 'x': -37.22, 'yaw': -3.141}, None, None
190.05, [INFO], robot3, {'y': 18.23, 'x': -37.147, 'yaw': 3.141}, None, None
190.05, [INFO], robot3, {'battery-level': '64.76'}, None, None
200.00, [INFO], robot3, {'battery-level': '64.36'}, None, None
200.00, [INFO], robot3, {'y': 16.206, 'x': -36.856, 'yaw': 3.141}, None, None
210.05, [INFO], robot3, {'y': 15.404, 'x': -34.847, 'yaw': -3.141}, None, None
210.05, [INFO], robot3, {'battery-level': '63.96'}, None, None
220.02, [INFO], robot3, {'battery-level': '63.56'}, None, None
220.02, [INFO], robot3, {'y': 15.503, 'x': -32.74, 'yaw': 3.141}, None, None
230.04, [INFO], robot3, {'y': 15.585, 'x': -30.623, 'yaw': 3.14}, None, None
230.04, [INFO], robot3, {'battery-level': '63.16'}, None, None
240.02, [INFO], robot3, {'y': 15.753, 'x': -28.521, 'yaw': -3.14}, None, None
240.02, [INFO], robot3, {'battery-level': '62.76'}, None, None
250.01, [INFO], robot3, {'battery-level': '62.36'}, None, None
250.01, [INFO], robot3, {'y': 15.791, 'x': -26.389, 'yaw': -3.141}, None, None
260.03, [INFO], robot3, {'y': 13.899, 'x': -25.744, 'yaw': 3.142}, None, None
260.03, [INFO], robot3, {'battery-level': '61.96'}, None, None
270.06, [INFO], robot3, {'battery-level': '61.56'}, None, None
270.06, [INFO], robot3, {'y': 12.913, 'x': -25.955, 'yaw': -3.142}, None, None
272.51, [info], lab_arm, sync, wait-message, (status=message-received)
273.40, [WARN], robot3, SUCCESS, None, None
280.02, [INFO], robot3, {'y': 12.909, 'x': -25.953, 'yaw': -3.142}, None, None
280.02, [INFO], robot3, {'battery-level': '61.16'}, None, None
