0.00, [DEBUG], nurse, NURSE_CONFIG={'location': 'IC Room 2', 'position': [-38.0, 21.5, 0.0]}, None, None
0.00, [INFO], robot6, {'battery-level': '91.10'}, None, None
0.00, [DEBUG], logger, ROBOTS_CONFIG={'avg_speed': 0.15, 'battery_charge': 0.9109794326728246, 'battery_discharge_rate': 0.0005200000000000001, 'id': 6, 'local_plan': [['navigation', ['IC Room 2', [[-33.9, 18.93, 3.14], [-37.0, 18.93], [-37.0, 21.5], [-38.0, 21.5, 0.0]]], 'navto_room'], ['approach_person', ['nurse'], 'approach_nurse'], ['authenticate_person', ['nurse'], 'authenticate_nurse'], ['operate_drawer', ['open'], 'open_drawer_for_nurse'], ['send_message', ['nurse'], 'notify_nurse_of_open_drawer_for_nurse_completed'], ['wait_message', ['nurse'], 'wait_nurse_to_complete_deposit'], ['operate_drawer', ['close'], 'close_drawer_nurse'], ['navigation', ['Laboratory', [[-38.0, 21.5, 0.0], [-37.0, 21.5], [-37.0, 16.0], [-26.0, 16.0], [-26.0, 13.0, 1.57]]], 'navto_lab'], ['approach_robot', ['lab_arm'], 'approach_arm'], ['operate_drawer', ['open'], 'open_drawer_lab'], ['send_message', ['lab_arm'], 'notify_lab_arm_of_open_drawer_lab_completed'], ['wait_message', ['lab_arm'], 'wait_lab_arm_to_complete_pick_up_sample'], ['operate_drawer', ['close'], 'close_drawer_lab']], 'location': 'IC Room 6', 'name': 'r6', 'position': [-33.9, 18.93, 3.14], 'skills': ['approach_person', 'approach_robot', 'authenticate_person', 'navigation', 'operate_drawer']}, None, None
0.00, [DEBUG], logger, Simulation open, None, None
10.06, [INFO], robot6, {'battery-level': '90.63'}, None, None
10.06, [INFO], robot6, {'y': 18.653, 'x': -34.265, 'yaw': 3.141}, None, None
20.01, [INFO], robot6, {'battery-level': '90.11'}, None, None
20.01, [INFO], robot6, {'y': 17.893, 'x': -35.96, 'yaw': 3.137}, None, None
30.07, [INFO], robot6, {'battery-level': '89.59'}, None, None
30.07, [INFO], robot6, {'y': 19.642, 'x': -36.885, 'yaw': 3.136}, None, None
40.09, [INFO], robot6, {'y': 21.524, 'x': -37.453, 'yaw': 3.136}, None, None
40.09, [INFO], robot6, {'battery-level': '89.07'}, None, None
50.02, [INFO], robot6, {'battery-level': '88.55'}, None, None
50.02, [INFO], robot6, {'y': 21.46, 'x': -38.094, 'yaw': -3.142}, None, None
52.15, [info], nurse, sync, received-request, (status=sending-request)
52.15, [info], nurse, sync, request-sent, (status=waiting)
52.15, [info], nurse, sync, wait-message, (status=message-received)
60.09, [INFO], robot6, {'y': 20.801, 'x': -37.189, 'yaw': -3.142}, None, None
60.09, [INFO], robot6, {'battery-level': '88.03'}, None, None
70.01, [INFO], robot6, {'y': 18.716, 'x': -37.137, 'yaw': 3.142}, None, None
70.01, [INFO], robot6, {'battery-level': '87.51'}, None, None
80.06, [INFO], robot6, {'battery-level': '86.99'}, None, None
80.06, [INFO], robot6, {'y': 16.583, 'x': -37.027, 'yaw': 3.141}, None, None
90.07, [INFO], robot6, {'battery-level': '86.47'}, None, None
90.07, [INFO], robot6, {'y': 15.621, 'x': -35.456, 'yaw': -3.141}, None, None
100.03, [INFO], robot6, {'battery-level': '85.95'}, None, None
100.03, [INFO], robot6, {'y': 15.464, 'x': -33.36, 'yaw': -3.141}, None, None
110.06, [INFO], robot6, {'y': 15.498, 'x': -31.244, 'yaw': -3.141}, None, None
110.06, [INFO], robot6, {'battery-level': '85.43'}, None, None
120.05, [INFO], robot6, {'y': 15.743, 'x': -29.142, 'yaw': -3.141}, None, None
120.05, [INFO], robot6, {'battery-level': '84.91'}, None, None
130.08, [INFO], robot6, {'y': 15.838, 'x': -27.015, 'yaw': 3.139}, None, None
130.08, [INFO], robot6, {'battery-level': '84.39'}, None, None
140.08, [INFO], robot6, {'battery-level': '83.87'}, None, None
140.08, [INFO], robot6, {'y': 14.472, 'x': -25.728, 'yaw': -3.142}, None, None
150.04, [INFO], robot6, {'y': 12.921, 'x': -25.931, 'yaw': -3.142}, None, None
150.04, [INFO], robot6, {'battery-level': '83.35'}, None, None
155.43, [info], lab_arm, sync, wait-message, (status=message-received)
156.40, [WARN], robot6, SUCCESS, None, None
160.05, [INFO], robot6, {'battery-level': '82.83'}, None, None
160.05, [INFO], robot6, {'y': 12.907, 'x': -25.934, 'yaw': -3.142}, None, None
